all           0      1    2    3    4    5    6    7    8    
1      2010   1914   1    19   32   19   1    11   6    7    
2      2010   1914   1    19   32   19   1    11   6    7    
3      2010   1914   1    19   32   19   1    11   5    8    
4      2010   1914   1    19   32   19   1    10   6    8    
5      2010   1914   1    18   33   19   1    10   6    8    
6      2010   1914   1    18   33   19   1    10   6    8    
7      2010   1913   2    18   33   19   1    10   6    8    
8      2010   1913   2    18   33   19   1    10   6    8    
9      2009   1913   2    18   32   19   2    10   6    7    
10     2009   1913   1    19   32   19   1    11   6    7    
Total  20098  19136  13   185  324  190  11   104  59   76   
train         0      1    2    3    4    5    6    7    8    
1      2010   1914   1    19   32   19   1    11   6    7    
2      2010   1914   1    19   32   19   1    11   6    7    
3      2010   1914   1    19   32   19   1    11   5    8    
4      2010   1914   1    19   32   19   1    10   6    8    
5      2010   1914   1    18   33   19   1    10   6    8    
6      2010   1914   1    18   33   19   1    10   6    8    
7      2010   1913   2    18   33   19   1    10   6    8    
8      2010   1913   2    18   33   19   1    10   6    8    
10     2009   1913   1    19   32   19   1    11   6    7    
Total  18089  17223  11   167  292  171  9    94   53   69   
test          0      1    2    3    4    5    6    7    8    
9      2009   1913   2    18   32   19   2    10   6    7    
Total  2009   1913   2    18   32   19   2    10   6    7    
train_mod     0      1    2    3    4    5    6    7    8    
1      2011   1914   1    19   32   19   2    11   6    7    
2      2010   1914   1    19   32   19   1    11   6    7    
3      2010   1914   1    19   32   19   1    11   5    8    
4      2010   1914   1    19   32   19   1    10   6    8    
5      2010   1914   1    18   33   19   1    10   6    8    
6      2010   1914   1    18   33   19   1    10   6    8    
7      2010   1913   2    18   33   19   1    10   6    8    
8      2010   1913   2    18   33   19   1    10   6    8    
10     2009   1913   1    19   32   19   1    11   6    7    
Total  18090  17223  11   167  292  171  10   94   53   69   
test_mod      0      1    2    3    4    5    6    7    8    
9      2008   1913   2    18   32   19   1    10   6    7    
Total  2008   1913   2    18   32   19   1    10   6    7    
Classes             
0         17223     
1         11        
2         167       
3         292       
4         171       
5         10        
6         94        
7         53        
8         69        
Total     18090     

Shape: 450       

[952, 10, 11, 16, 11, 10, 10, 10, 10]
Sum start => 1040
[[ 913 1000]
 [   8   87]]
acc: 0.498
f1: 0.147
[[1891   22]
 [  84   11]]
acc: 0.947
f1: 0.172
9,1,coarse : 44.78 seconds
9,1,fine : 44.79 seconds
[[ 913 1000]
 [   8   87]]
acc: 0.498
f1: 0.147
[[1891   22]
 [  84   11]]
acc: 0.947
f1: 0.172
9,2,coarse : 48.24 seconds
9,2,fine : 48.24 seconds
[[932 981]
 [  9  86]]
acc: 0.507
f1: 0.148
[[1906    7]
 [  85   10]]
acc: 0.954
f1: 0.179
9,3,coarse : 43.11 seconds
9,3,fine : 43.11 seconds
[[ 913 1000]
 [   9   86]]
acc: 0.498
f1: 0.146
[[1911    2]
 [  85   10]]
acc: 0.957
f1: 0.187
9,4,coarse : 43.48 seconds
9,4,fine : 43.48 seconds
[[937 976]
 [ 10  85]]
acc: 0.509
f1: 0.147
[[1911    2]
 [  86    9]]
acc: 0.956
f1: 0.170
9,5,coarse : 42.87 seconds
9,5,fine : 42.87 seconds
[[956 957]
 [ 10  85]]
acc: 0.518
f1: 0.150
[[1911    2]
 [  84   11]]
acc: 0.957
f1: 0.204
9,6,coarse : 43.08 seconds
9,6,fine : 43.08 seconds
[[988 925]
 [  9  86]]
acc: 0.535
f1: 0.156
[[1912    1]
 [  87    8]]
acc: 0.956
f1: 0.154
9,7,coarse : 43.17 seconds
9,7,fine : 43.17 seconds
[[1008  905]
 [  10   85]]
acc: 0.544
f1: 0.157
[[1913    0]
 [  88    7]]
acc: 0.956
f1: 0.137
9,8,coarse : 43.37 seconds
9,8,fine : 43.38 seconds
[[971 942]
 [ 10  85]]
acc: 0.526
f1: 0.152
[[1912    1]
 [  87    8]]
acc: 0.956
f1: 0.154
9,9,coarse : 42.62 seconds
9,9,fine : 42.62 seconds
[[952 961]
 [  8  87]]
acc: 0.517
f1: 0.152
[[1912    1]
 [  86    9]]
acc: 0.957
f1: 0.171
9,10,coarse : 43.17 seconds
9,10,fine : 43.17 seconds
[[973 940]
 [  9  86]]
acc: 0.527
f1: 0.153
[[1912    1]
 [  86    9]]
acc: 0.957
f1: 0.171
9,11,coarse : 43.19 seconds
9,11,fine : 43.2 seconds
[[1004  909]
 [  10   85]]
acc: 0.542
f1: 0.156
[[1911    2]
 [  86    9]]
acc: 0.956
f1: 0.170
9,12,coarse : 42.8 seconds
9,12,fine : 42.81 seconds
[[1017  896]
 [  10   85]]
acc: 0.549
f1: 0.158
[[1911    2]
 [  86    9]]
acc: 0.956
f1: 0.170
9,13,coarse : 42.32 seconds
9,13,fine : 42.32 seconds
[[1012  901]
 [   8   87]]
acc: 0.547
f1: 0.161
[[1910    3]
 [  87    8]]
acc: 0.955
f1: 0.151
9,14,coarse : 42.87 seconds
9,14,fine : 42.88 seconds
[[1005  908]
 [   8   87]]
acc: 0.544
f1: 0.160
[[1911    2]
 [  87    8]]
acc: 0.956
f1: 0.152
9,15,coarse : 42.63 seconds
9,15,fine : 42.63 seconds
[[1007  906]
 [   8   87]]
acc: 0.545
f1: 0.160
[[1910    3]
 [  86    9]]
acc: 0.956
f1: 0.168
9,16,coarse : 42.18 seconds
9,16,fine : 42.18 seconds
[[1008  905]
 [   9   86]]
acc: 0.545
f1: 0.158
[[1911    2]
 [  85   10]]
acc: 0.957
f1: 0.187
9,17,coarse : 42.34 seconds
9,17,fine : 42.35 seconds
[[1007  906]
 [  10   85]]
acc: 0.544
f1: 0.157
[[1911    2]
 [  85   10]]
acc: 0.957
f1: 0.187
9,18,coarse : 42.69 seconds
9,18,fine : 42.7 seconds
[[1015  898]
 [  10   85]]
acc: 0.548
f1: 0.158
[[1911    2]
 [  85   10]]
acc: 0.957
f1: 0.187
9,19,coarse : 42.87 seconds
9,19,fine : 42.87 seconds
[[1006  907]
 [  10   85]]
acc: 0.543
f1: 0.156
[[1911    2]
 [  84   11]]
acc: 0.957
f1: 0.204
9,20,coarse : 41.98 seconds
9,20,fine : 41.99 seconds
[[1018  895]
 [  10   85]]
acc: 0.549
f1: 0.158
[[1911    2]
 [  85   10]]
acc: 0.957
f1: 0.187
9,21,coarse : 42.51 seconds
9,21,fine : 42.52 seconds
[[1036  877]
 [  10   85]]
acc: 0.558
f1: 0.161
[[1911    2]
 [  85   10]]
acc: 0.957
f1: 0.187
9,22,coarse : 42.49 seconds
9,22,fine : 42.49 seconds
[[1045  868]
 [  10   85]]
acc: 0.563
f1: 0.162
[[1911    2]
 [  85   10]]
acc: 0.957
f1: 0.187
9,23,coarse : 42.69 seconds
9,23,fine : 42.69 seconds
[[1051  862]
 [  10   85]]
acc: 0.566
f1: 0.163
[[1911    2]
 [  85   10]]
acc: 0.957
f1: 0.187
9,24,coarse : 41.92 seconds
9,24,fine : 41.93 seconds
[[1057  856]
 [  10   85]]
acc: 0.569
f1: 0.164
[[1911    2]
 [  84   11]]
acc: 0.957
f1: 0.204
9,25,coarse : 42.29 seconds
9,25,fine : 42.3 seconds
[[1066  847]
 [  10   85]]
acc: 0.573
f1: 0.166
[[1911    2]
 [  84   11]]
acc: 0.957
f1: 0.204
9,26,coarse : 41.95 seconds
9,26,fine : 41.95 seconds
[[1049  864]
 [  10   85]]
acc: 0.565
f1: 0.163
[[1911    2]
 [  84   11]]
acc: 0.957
f1: 0.204
9,27,coarse : 41.62 seconds
9,27,fine : 41.63 seconds
[[1061  852]
 [  10   85]]
acc: 0.571
f1: 0.165
[[1911    2]
 [  84   11]]
acc: 0.957
f1: 0.204
9,28,coarse : 42.17 seconds
9,28,fine : 42.18 seconds
[[1069  844]
 [  10   85]]
acc: 0.575
f1: 0.166
[[1911    2]
 [  84   11]]
acc: 0.957
f1: 0.204
9,29,coarse : 42.12 seconds
9,29,fine : 42.12 seconds
[[1061  852]
 [  10   85]]
acc: 0.571
f1: 0.165
[[1911    2]
 [  83   12]]
acc: 0.958
f1: 0.220
9,30,coarse : 41.67 seconds
9,30,fine : 41.67 seconds
[[1065  848]
 [  11   84]]
acc: 0.572
f1: 0.164
[[1911    2]
 [  83   12]]
acc: 0.958
f1: 0.220
9,31,coarse : 42.8 seconds
9,31,fine : 42.81 seconds
[[1057  856]
 [   9   86]]
acc: 0.569
f1: 0.166
[[1911    2]
 [  83   12]]
acc: 0.958
f1: 0.220
9,32,coarse : 42.22 seconds
9,32,fine : 42.23 seconds
[[1064  849]
 [  10   85]]
acc: 0.572
f1: 0.165
[[1911    2]
 [  83   12]]
acc: 0.958
f1: 0.220
9,33,coarse : 41.76 seconds
9,33,fine : 41.77 seconds
[[1054  859]
 [  11   84]]
acc: 0.567
f1: 0.162
[[1911    2]
 [  82   13]]
acc: 0.958
f1: 0.236
9,34,coarse : 42.23 seconds
9,34,fine : 42.24 seconds
[[1045  868]
 [   9   86]]
acc: 0.563
f1: 0.164
[[1910    3]
 [  83   12]]
acc: 0.957
f1: 0.218
9,35,coarse : 41.57 seconds
9,35,fine : 41.57 seconds
[[1049  864]
 [   9   86]]
acc: 0.565
f1: 0.165
[[1910    3]
 [  81   14]]
acc: 0.958
f1: 0.250
9,36,coarse : 42.16 seconds
9,36,fine : 42.17 seconds
[[1048  865]
 [   9   86]]
acc: 0.565
f1: 0.164
[[1910    3]
 [  81   14]]
acc: 0.958
f1: 0.250
9,37,coarse : 42.28 seconds
9,37,fine : 42.29 seconds
[[1055  858]
 [   9   86]]
acc: 0.568
f1: 0.166
[[1908    5]
 [  80   15]]
acc: 0.958
f1: 0.261
9,38,coarse : 41.68 seconds
9,38,fine : 41.69 seconds
[[1059  854]
 [  10   85]]
acc: 0.570
f1: 0.164
[[1908    5]
 [  79   16]]
acc: 0.958
f1: 0.276
9,39,coarse : 42.42 seconds
9,39,fine : 42.42 seconds
[[1067  846]
 [  10   85]]
acc: 0.574
f1: 0.166
[[1910    3]
 [  79   16]]
acc: 0.959
f1: 0.281
9,40,coarse : 42.46 seconds
9,40,fine : 42.46 seconds
[[1057  856]
 [  10   85]]
acc: 0.569
f1: 0.164
[[1909    4]
 [  78   17]]
acc: 0.959
f1: 0.293
9,41,coarse : 41.91 seconds
9,41,fine : 41.91 seconds
[[1053  860]
 [  10   85]]
acc: 0.567
f1: 0.163
[[1909    4]
 [  78   17]]
acc: 0.959
f1: 0.293
9,42,coarse : 42.39 seconds
9,42,fine : 42.39 seconds
[[1060  853]
 [  10   85]]
acc: 0.570
f1: 0.165
[[1909    4]
 [  78   17]]
acc: 0.959
f1: 0.293
9,43,coarse : 42.49 seconds
9,43,fine : 42.5 seconds
[[1061  852]
 [  10   85]]
acc: 0.571
f1: 0.165
[[1908    5]
 [  78   17]]
acc: 0.959
f1: 0.291
9,44,coarse : 41.9 seconds
9,44,fine : 41.91 seconds
[[1060  853]
 [  10   85]]
acc: 0.570
f1: 0.165
[[1908    5]
 [  76   19]]
acc: 0.960
f1: 0.319
9,45,coarse : 42.26 seconds
9,45,fine : 42.27 seconds
[[1056  857]
 [  10   85]]
acc: 0.568
f1: 0.164
[[1908    5]
 [  76   19]]
acc: 0.960
f1: 0.319
9,46,coarse : 41.86 seconds
9,46,fine : 41.87 seconds
[[1065  848]
 [  10   85]]
acc: 0.573
f1: 0.165
[[1908    5]
 [  75   20]]
acc: 0.960
f1: 0.333
9,47,coarse : 42.71 seconds
9,47,fine : 42.72 seconds
[[1067  846]
 [  10   85]]
acc: 0.574
f1: 0.166
[[1908    5]
 [  75   20]]
acc: 0.960
f1: 0.333
9,48,coarse : 42.55 seconds
9,48,fine : 42.55 seconds
[[1070  843]
 [  10   85]]
acc: 0.575
f1: 0.166
[[1908    5]
 [  74   21]]
acc: 0.961
f1: 0.347
9,49,coarse : 41.93 seconds
9,49,fine : 41.94 seconds
[[1074  839]
 [  11   84]]
acc: 0.577
f1: 0.165
[[1908    5]
 [  75   20]]
acc: 0.960
f1: 0.333
9,50,coarse : 42.61 seconds
9,50,fine : 42.62 seconds
[[1064  849]
 [  11   84]]
acc: 0.572
f1: 0.163
[[1906    7]
 [  75   20]]
acc: 0.959
f1: 0.328
9,51,coarse : 42.6 seconds
9,51,fine : 42.6 seconds
[[1054  859]
 [  10   85]]
acc: 0.567
f1: 0.164
[[1906    7]
 [  74   21]]
acc: 0.960
f1: 0.341
9,52,coarse : 41.7 seconds
9,52,fine : 41.71 seconds
[[1046  867]
 [   9   86]]
acc: 0.564
f1: 0.164
[[1905    8]
 [  73   22]]
acc: 0.960
f1: 0.352
9,53,coarse : 42.32 seconds
9,53,fine : 42.32 seconds
[[1046  867]
 [   9   86]]
acc: 0.564
f1: 0.164
[[1905    8]
 [  73   22]]
acc: 0.960
f1: 0.352
9,54,coarse : 42.38 seconds
9,54,fine : 42.39 seconds
[[1043  870]
 [  11   84]]
acc: 0.561
f1: 0.160
[[1905    8]
 [  72   23]]
acc: 0.960
f1: 0.365
9,55,coarse : 41.5 seconds
9,55,fine : 41.51 seconds
[[1048  865]
 [  11   84]]
acc: 0.564
f1: 0.161
[[1905    8]
 [  71   24]]
acc: 0.961
f1: 0.378
9,56,coarse : 42.57 seconds
9,56,fine : 42.57 seconds
[[1051  862]
 [   9   86]]
acc: 0.566
f1: 0.165
[[1905    8]
 [  71   24]]
acc: 0.961
f1: 0.378
9,57,coarse : 41.86 seconds
9,57,fine : 41.87 seconds
[[1048  865]
 [   9   86]]
acc: 0.565
f1: 0.164
[[1904    9]
 [  70   25]]
acc: 0.961
f1: 0.388
9,58,coarse : 42.3 seconds
9,58,fine : 42.31 seconds
[[1050  863]
 [   9   86]]
acc: 0.566
f1: 0.165
[[1903   10]
 [  69   26]]
acc: 0.961
f1: 0.397
9,59,coarse : 42.33 seconds
9,59,fine : 42.34 seconds
[[1051  862]
 [  10   85]]
acc: 0.566
f1: 0.163
[[1903   10]
 [  70   25]]
acc: 0.960
f1: 0.385
9,60,coarse : 41.72 seconds
9,60,fine : 41.73 seconds
[[1046  867]
 [  10   85]]
acc: 0.563
f1: 0.162
[[1902   11]
 [  70   25]]
acc: 0.960
f1: 0.382
9,61,coarse : 42.56 seconds
9,61,fine : 42.57 seconds
[[1054  859]
 [  10   85]]
acc: 0.567
f1: 0.164
[[1903   10]
 [  71   24]]
acc: 0.960
f1: 0.372
9,62,coarse : 42.4 seconds
9,62,fine : 42.41 seconds
[[1048  865]
 [  10   85]]
acc: 0.564
f1: 0.163
[[1902   11]
 [  70   25]]
acc: 0.960
f1: 0.382
9,63,coarse : 42.24 seconds
9,63,fine : 42.25 seconds
[[1050  863]
 [  10   85]]
acc: 0.565
f1: 0.163
[[1902   11]
 [  69   26]]
acc: 0.960
f1: 0.394
9,64,coarse : 43.11 seconds
9,64,fine : 43.11 seconds
[[1050  863]
 [  10   85]]
acc: 0.565
f1: 0.163
[[1902   11]
 [  69   26]]
acc: 0.960
f1: 0.394
9,65,coarse : 43.03 seconds
9,65,fine : 43.04 seconds
[[1050  863]
 [   8   87]]
acc: 0.566
f1: 0.167
[[1903   10]
 [  69   26]]
acc: 0.961
f1: 0.397
9,66,coarse : 42.33 seconds
9,66,fine : 42.34 seconds
[[1048  865]
 [   8   87]]
acc: 0.565
f1: 0.166
[[1902   11]
 [  69   26]]
acc: 0.960
f1: 0.394
9,67,coarse : 42.4 seconds
9,67,fine : 42.41 seconds
[[1051  862]
 [   8   87]]
acc: 0.567
f1: 0.167
[[1901   12]
 [  69   26]]
acc: 0.960
f1: 0.391
9,68,coarse : 42.59 seconds
9,68,fine : 42.6 seconds
[[1053  860]
 [   9   86]]
acc: 0.567
f1: 0.165
[[1899   14]
 [  68   27]]
acc: 0.959
f1: 0.397
9,69,coarse : 42.61 seconds
9,69,fine : 42.62 seconds
[[1056  857]
 [   8   87]]
acc: 0.569
f1: 0.167
[[1899   14]
 [  67   28]]
acc: 0.960
f1: 0.409
9,70,coarse : 43.39 seconds
9,70,fine : 43.4 seconds
[[1054  859]
 [   8   87]]
acc: 0.568
f1: 0.167
[[1898   15]
 [  67   28]]
acc: 0.959
f1: 0.406
9,71,coarse : 42.72 seconds
9,71,fine : 42.73 seconds
[[1052  861]
 [   8   87]]
acc: 0.567
f1: 0.167
[[1898   15]
 [  67   28]]
acc: 0.959
f1: 0.406
9,72,coarse : 43.14 seconds
9,72,fine : 43.15 seconds
[[1056  857]
 [   8   87]]
acc: 0.569
f1: 0.167
[[1897   16]
 [  67   28]]
acc: 0.959
f1: 0.403
9,73,coarse : 41.84 seconds
9,73,fine : 41.85 seconds
[[1053  860]
 [   8   87]]
acc: 0.568
f1: 0.167
[[1898   15]
 [  66   29]]
acc: 0.960
f1: 0.417
9,74,coarse : 42.6 seconds
9,74,fine : 42.61 seconds
[[1058  855]
 [   8   87]]
acc: 0.570
f1: 0.168
[[1898   15]
 [  66   29]]
acc: 0.960
f1: 0.417
9,75,coarse : 41.94 seconds
9,75,fine : 41.95 seconds
[[1058  855]
 [   9   86]]
acc: 0.570
f1: 0.166
[[1898   15]
 [  65   30]]
acc: 0.960
f1: 0.429
9,76,coarse : 41.36 seconds
9,76,fine : 41.37 seconds
[[1057  856]
 [   9   86]]
acc: 0.569
f1: 0.166
[[1898   15]
 [  65   30]]
acc: 0.960
f1: 0.429
9,77,coarse : 42.48 seconds
9,77,fine : 42.49 seconds
[[1063  850]
 [   9   86]]
acc: 0.572
f1: 0.167
[[1898   15]
 [  65   30]]
acc: 0.960
f1: 0.429
9,78,coarse : 41.69 seconds
9,78,fine : 41.7 seconds
[[1071  842]
 [   8   87]]
acc: 0.577
f1: 0.170
[[1898   15]
 [  65   30]]
acc: 0.960
f1: 0.429
9,79,coarse : 42.23 seconds
9,79,fine : 42.24 seconds
[[1064  849]
 [   7   88]]
acc: 0.574
f1: 0.171
[[1897   16]
 [  65   30]]
acc: 0.960
f1: 0.426
9,80,coarse : 41.16 seconds
9,80,fine : 41.17 seconds
[[1052  861]
 [   7   88]]
acc: 0.568
f1: 0.169
[[1897   16]
 [  65   30]]
acc: 0.960
f1: 0.426
9,81,coarse : 42.12 seconds
9,81,fine : 42.13 seconds
[[1040  873]
 [   6   89]]
acc: 0.562
f1: 0.168
[[1897   16]
 [  64   31]]
acc: 0.960
f1: 0.437
9,82,coarse : 41.36 seconds
9,82,fine : 41.37 seconds
[[1044  869]
 [   5   90]]
acc: 0.565
f1: 0.171
[[1896   17]
 [  64   31]]
acc: 0.960
f1: 0.434
9,83,coarse : 41.96 seconds
9,83,fine : 41.97 seconds
[[1037  876]
 [   5   90]]
acc: 0.561
f1: 0.170
[[1895   18]
 [  64   31]]
acc: 0.959
f1: 0.431
9,84,coarse : 41.28 seconds
9,84,fine : 41.29 seconds
[[1042  871]
 [   5   90]]
acc: 0.564
f1: 0.170
[[1894   19]
 [  65   30]]
acc: 0.958
f1: 0.417
9,85,coarse : 42.15 seconds
9,85,fine : 42.16 seconds
[[1038  875]
 [   5   90]]
acc: 0.562
f1: 0.170
[[1894   19]
 [  65   30]]
acc: 0.958
f1: 0.417
9,86,coarse : 42.21 seconds
9,86,fine : 42.22 seconds
[[1039  874]
 [   5   90]]
acc: 0.562
f1: 0.170
[[1894   19]
 [  65   30]]
acc: 0.958
f1: 0.417
9,87,coarse : 41.89 seconds
9,87,fine : 41.9 seconds
[[1040  873]
 [   5   90]]
acc: 0.563
f1: 0.170
[[1895   18]
 [  64   31]]
acc: 0.959
f1: 0.431
9,88,coarse : 42.69 seconds
9,88,fine : 42.7 seconds
[[1047  866]
 [   5   90]]
acc: 0.566
f1: 0.171
[[1893   20]
 [  64   31]]
acc: 0.958
f1: 0.425
9,89,coarse : 42.46 seconds
9,89,fine : 42.47 seconds
[[1045  868]
 [   5   90]]
acc: 0.565
f1: 0.171
[[1893   20]
 [  64   31]]
acc: 0.958
f1: 0.425
9,90,coarse : 43.06 seconds
9,90,fine : 43.08 seconds
[[1037  876]
 [   5   90]]
acc: 0.561
f1: 0.170
[[1894   19]
 [  64   31]]
acc: 0.959
f1: 0.428
9,91,coarse : 41.96 seconds
9,91,fine : 41.97 seconds
[[1042  871]
 [   5   90]]
acc: 0.564
f1: 0.170
[[1894   19]
 [  64   31]]
acc: 0.959
f1: 0.428
9,92,coarse : 43.27 seconds
9,92,fine : 43.28 seconds
[[1031  882]
 [   5   90]]
acc: 0.558
f1: 0.169
[[1892   21]
 [  63   32]]
acc: 0.958
f1: 0.432
9,93,coarse : 42.22 seconds
9,93,fine : 42.23 seconds
[[1036  877]
 [   5   90]]
acc: 0.561
f1: 0.169
[[1891   22]
 [  64   31]]
acc: 0.957
f1: 0.419
9,94,coarse : 42.43 seconds
9,94,fine : 42.44 seconds
[[1033  880]
 [   5   90]]
acc: 0.559
f1: 0.169
[[1892   21]
 [  63   32]]
acc: 0.958
f1: 0.432
9,95,coarse : 42.09 seconds
9,95,fine : 42.1 seconds
[[1024  889]
 [   6   89]]
acc: 0.554
f1: 0.166
[[1892   21]
 [  63   32]]
acc: 0.958
f1: 0.432
9,96,coarse : 42.25 seconds
9,96,fine : 42.26 seconds
[[1022  891]
 [   6   89]]
acc: 0.553
f1: 0.166
[[1890   23]
 [  62   33]]
acc: 0.958
f1: 0.437
9,97,coarse : 42.83 seconds
9,97,fine : 42.84 seconds
[[1014  899]
 [   7   88]]
acc: 0.549
f1: 0.163
[[1890   23]
 [  62   33]]
acc: 0.958
f1: 0.437
9,98,coarse : 41.76 seconds
9,98,fine : 41.78 seconds
[[1008  905]
 [   7   88]]
acc: 0.546
f1: 0.162
[[1890   23]
 [  62   33]]
acc: 0.958
f1: 0.437
9,99,coarse : 42.41 seconds
9,99,fine : 42.42 seconds
[[1013  900]
 [   7   88]]
acc: 0.548
f1: 0.163
[[1890   23]
 [  62   33]]
acc: 0.958
f1: 0.437
9,100,coarse : 42.71 seconds
9,100,fine : 42.72 seconds
[[1015  898]
 [   7   88]]
acc: 0.549
f1: 0.163
[[1889   24]
 [  63   32]]
acc: 0.957
f1: 0.424
9,101,coarse : 42.77 seconds
9,101,fine : 42.78 seconds
[[1018  895]
 [   7   88]]
acc: 0.551
f1: 0.163
[[1889   24]
 [  62   33]]
acc: 0.957
f1: 0.434
9,102,coarse : 42.62 seconds
9,102,fine : 42.63 seconds
[[1019  894]
 [   7   88]]
acc: 0.551
f1: 0.163
[[1889   24]
 [  60   35]]
acc: 0.958
f1: 0.455
9,103,coarse : 42.81 seconds
9,103,fine : 42.82 seconds
[[1012  901]
 [   7   88]]
acc: 0.548
f1: 0.162
[[1886   27]
 [  59   36]]
acc: 0.957
f1: 0.456
9,104,coarse : 42.81 seconds
9,104,fine : 42.85 seconds
[[1013  900]
 [   7   88]]
acc: 0.548
f1: 0.163
[[1886   27]
 [  59   36]]
acc: 0.957
f1: 0.456
9,105,coarse : 43.1 seconds
9,105,fine : 43.12 seconds
[[1006  907]
 [   7   88]]
acc: 0.545
f1: 0.161
[[1885   28]
 [  60   35]]
acc: 0.956
f1: 0.443
9,106,coarse : 43.01 seconds
9,106,fine : 43.02 seconds
[[1012  901]
 [   7   88]]
acc: 0.548
f1: 0.162
[[1884   29]
 [  60   35]]
acc: 0.956
f1: 0.440
9,107,coarse : 43.52 seconds
9,107,fine : 43.54 seconds
[[1010  903]
 [   7   88]]
acc: 0.547
f1: 0.162
[[1885   28]
 [  59   36]]
acc: 0.957
f1: 0.453
9,108,coarse : 43.23 seconds
9,108,fine : 43.25 seconds
[[1004  909]
 [   7   88]]
acc: 0.544
f1: 0.161
[[1885   28]
 [  59   36]]
acc: 0.957
f1: 0.453
9,109,coarse : 43.63 seconds
9,109,fine : 43.64 seconds
[[1014  899]
 [   7   88]]
acc: 0.549
f1: 0.163
[[1884   29]
 [  59   36]]
acc: 0.956
f1: 0.450
9,110,coarse : 44.43 seconds
9,110,fine : 44.44 seconds
[[1011  902]
 [   7   88]]
acc: 0.547
f1: 0.162
[[1884   29]
 [  59   36]]
acc: 0.956
f1: 0.450
9,111,coarse : 43.19 seconds
9,111,fine : 43.2 seconds
[[1012  901]
 [   7   88]]
acc: 0.548
f1: 0.162
[[1884   29]
 [  59   36]]
acc: 0.956
f1: 0.450
9,112,coarse : 44.78 seconds
9,112,fine : 44.79 seconds
[[1012  901]
 [   7   88]]
acc: 0.548
f1: 0.162
[[1884   29]
 [  59   36]]
acc: 0.956
f1: 0.450
9,113,coarse : 43.5 seconds
9,113,fine : 43.51 seconds
[[1015  898]
 [   7   88]]
acc: 0.549
f1: 0.163
[[1883   30]
 [  59   36]]
acc: 0.956
f1: 0.447
9,114,coarse : 43.73 seconds
9,114,fine : 43.75 seconds
[[1011  902]
 [   7   88]]
acc: 0.547
f1: 0.162
[[1882   31]
 [  59   36]]
acc: 0.955
f1: 0.444
9,115,coarse : 44.14 seconds
9,115,fine : 44.16 seconds
[[1016  897]
 [   7   88]]
acc: 0.550
f1: 0.163
[[1881   32]
 [  59   36]]
acc: 0.955
f1: 0.442
9,116,coarse : 44.59 seconds
9,116,fine : 44.6 seconds
[[1017  896]
 [   7   88]]
acc: 0.550
f1: 0.163
[[1882   31]
 [  59   36]]
acc: 0.955
f1: 0.444
9,117,coarse : 43.55 seconds
9,117,fine : 43.57 seconds
[[1018  895]
 [   7   88]]
acc: 0.551
f1: 0.163
[[1881   32]
 [  58   37]]
acc: 0.955
f1: 0.451
9,118,coarse : 43.74 seconds
9,118,fine : 43.75 seconds
[[1023  890]
 [   7   88]]
acc: 0.553
f1: 0.164
[[1881   32]
 [  58   37]]
acc: 0.955
f1: 0.451
9,119,coarse : 44.69 seconds
9,119,fine : 44.7 seconds
[[1026  887]
 [   6   89]]
acc: 0.555
f1: 0.166
[[1881   32]
 [  58   37]]
acc: 0.955
f1: 0.451
9,120,coarse : 44.88 seconds
9,120,fine : 44.89 seconds
[[1027  886]
 [   7   88]]
acc: 0.555
f1: 0.165
[[1880   33]
 [  58   37]]
acc: 0.955
f1: 0.448
9,121,coarse : 45.44 seconds
9,121,fine : 45.46 seconds
[[1029  884]
 [   7   88]]
acc: 0.556
f1: 0.165
[[1879   34]
 [  58   37]]
acc: 0.954
f1: 0.446
9,122,coarse : 44.56 seconds
9,122,fine : 44.57 seconds
[[1032  881]
 [   7   88]]
acc: 0.558
f1: 0.165
[[1878   35]
 [  58   37]]
acc: 0.954
f1: 0.443
9,123,coarse : 44.23 seconds
9,123,fine : 44.24 seconds
[[1033  880]
 [   7   88]]
acc: 0.558
f1: 0.166
[[1876   37]
 [  58   37]]
acc: 0.953
f1: 0.438
9,124,coarse : 44.71 seconds
9,124,fine : 44.73 seconds
[[1037  876]
 [   7   88]]
acc: 0.560
f1: 0.166
[[1875   38]
 [  58   37]]
acc: 0.952
f1: 0.435
9,125,coarse : 44.18 seconds
9,125,fine : 44.19 seconds
[[1044  869]
 [   7   88]]
acc: 0.564
f1: 0.167
[[1877   36]
 [  57   38]]
acc: 0.954
f1: 0.450
9,126,coarse : 45.39 seconds
9,126,fine : 45.41 seconds
[[1047  866]
 [   7   88]]
acc: 0.565
f1: 0.168
[[1879   34]
 [  58   37]]
acc: 0.954
f1: 0.446
9,127,coarse : 44.87 seconds
9,127,fine : 44.88 seconds
[[1056  857]
 [   7   88]]
acc: 0.570
f1: 0.169
[[1877   36]
 [  58   37]]
acc: 0.953
f1: 0.440
9,128,coarse : 45.05 seconds
9,128,fine : 45.06 seconds
[[1061  852]
 [   7   88]]
acc: 0.572
f1: 0.170
[[1876   37]
 [  58   37]]
acc: 0.953
f1: 0.438
9,129,coarse : 44.18 seconds
9,129,fine : 44.2 seconds
[[1063  850]
 [   7   88]]
acc: 0.573
f1: 0.170
[[1877   36]
 [  58   37]]
acc: 0.953
f1: 0.440
9,130,coarse : 45.41 seconds
9,130,fine : 45.42 seconds
[[1066  847]
 [   8   87]]
acc: 0.574
f1: 0.169
[[1875   38]
 [  57   38]]
acc: 0.953
f1: 0.444
9,131,coarse : 45.05 seconds
9,131,fine : 45.07 seconds
[[1067  846]
 [   8   87]]
acc: 0.575
f1: 0.169
[[1873   40]
 [  56   39]]
acc: 0.952
f1: 0.448
9,132,coarse : 45.36 seconds
9,132,fine : 45.38 seconds
[[1073  840]
 [   7   88]]
acc: 0.578
f1: 0.172
[[1871   42]
 [  56   39]]
acc: 0.951
f1: 0.443
9,133,coarse : 45.81 seconds
9,133,fine : 45.83 seconds
[[1066  847]
 [   7   88]]
acc: 0.575
f1: 0.171
[[1873   40]
 [  55   40]]
acc: 0.953
f1: 0.457
9,134,coarse : 44.42 seconds
9,134,fine : 44.44 seconds
[[1067  846]
 [   6   89]]
acc: 0.576
f1: 0.173
[[1872   41]
 [  55   40]]
acc: 0.952
f1: 0.455
9,135,coarse : 44.83 seconds
9,135,fine : 44.85 seconds
[[1067  846]
 [   7   88]]
acc: 0.575
f1: 0.171
[[1871   42]
 [  55   40]]
acc: 0.952
f1: 0.452
9,136,coarse : 45.22 seconds
9,136,fine : 45.24 seconds
[[1077  836]
 [   7   88]]
acc: 0.580
f1: 0.173
[[1868   45]
 [  55   40]]
acc: 0.950
f1: 0.444
9,137,coarse : 46.01 seconds
9,137,fine : 46.02 seconds
[[1081  832]
 [   7   88]]
acc: 0.582
f1: 0.173
[[1868   45]
 [  55   40]]
acc: 0.950
f1: 0.444
9,138,coarse : 44.76 seconds
9,138,fine : 44.78 seconds
[[1085  828]
 [   7   88]]
acc: 0.584
f1: 0.174
[[1869   44]
 [  55   40]]
acc: 0.951
f1: 0.447
9,139,coarse : 45.57 seconds
9,139,fine : 45.58 seconds
[[1094  819]
 [   7   88]]
acc: 0.589
f1: 0.176
[[1868   45]
 [  55   40]]
acc: 0.950
f1: 0.444
9,140,coarse : 47.05 seconds
9,140,fine : 47.07 seconds
[[1099  814]
 [   7   88]]
acc: 0.591
f1: 0.177
[[1867   46]
 [  55   40]]
acc: 0.950
f1: 0.442
9,141,coarse : 45.57 seconds
9,141,fine : 45.59 seconds
[[1106  807]
 [   7   88]]
acc: 0.595
f1: 0.178
[[1866   47]
 [  54   41]]
acc: 0.950
f1: 0.448
9,142,coarse : 46.4 seconds
9,142,fine : 46.41 seconds
[[1110  803]
 [   7   88]]
acc: 0.597
f1: 0.178
[[1867   46]
 [  54   41]]
acc: 0.950
f1: 0.451
9,143,coarse : 45.68 seconds
9,143,fine : 45.69 seconds
[[1113  800]
 [   7   88]]
acc: 0.598
f1: 0.179
[[1865   48]
 [  54   41]]
acc: 0.949
f1: 0.446
9,144,coarse : 46.8 seconds
9,144,fine : 46.81 seconds
[[1122  791]
 [   7   88]]
acc: 0.603
f1: 0.181
[[1865   48]
 [  54   41]]
acc: 0.949
f1: 0.446
9,145,coarse : 46.29 seconds
9,145,fine : 46.31 seconds
[[1120  793]
 [   7   88]]
acc: 0.602
f1: 0.180
[[1865   48]
 [  53   42]]
acc: 0.950
f1: 0.454
9,146,coarse : 46.11 seconds
9,146,fine : 46.13 seconds
[[1121  792]
 [   7   88]]
acc: 0.602
f1: 0.181
[[1866   47]
 [  54   41]]
acc: 0.950
f1: 0.448
9,147,coarse : 45.97 seconds
9,147,fine : 45.99 seconds
[[1119  794]
 [   7   88]]
acc: 0.601
f1: 0.180
[[1866   47]
 [  53   42]]
acc: 0.950
f1: 0.457
9,148,coarse : 46.61 seconds
9,148,fine : 46.63 seconds
[[1127  786]
 [   7   88]]
acc: 0.605
f1: 0.182
[[1865   48]
 [  53   42]]
acc: 0.950
f1: 0.454
9,149,coarse : 46.85 seconds
9,149,fine : 46.87 seconds
[[1126  787]
 [   8   87]]
acc: 0.604
f1: 0.180
[[1863   50]
 [  53   42]]
acc: 0.949
f1: 0.449
9,150,coarse : 45.59 seconds
9,150,fine : 45.61 seconds
[[1126  787]
 [   8   87]]
acc: 0.604
f1: 0.180
[[1862   51]
 [  53   42]]
acc: 0.948
f1: 0.447
9,151,coarse : 47.09 seconds
9,151,fine : 47.11 seconds
[[1124  789]
 [   8   87]]
acc: 0.603
f1: 0.179
[[1862   51]
 [  53   42]]
acc: 0.948
f1: 0.447
9,152,coarse : 45.69 seconds
9,152,fine : 45.73 seconds
[[1125  788]
 [   8   87]]
acc: 0.604
f1: 0.179
[[1862   51]
 [  53   42]]
acc: 0.948
f1: 0.447
9,153,coarse : 46.41 seconds
9,153,fine : 46.42 seconds
[[1124  789]
 [   8   87]]
acc: 0.603
f1: 0.179
[[1862   51]
 [  53   42]]
acc: 0.948
f1: 0.447
9,154,coarse : 45.83 seconds
9,154,fine : 45.85 seconds
[[1126  787]
 [   8   87]]
acc: 0.604
f1: 0.180
[[1860   53]
 [  52   43]]
acc: 0.948
f1: 0.450
9,155,coarse : 47.21 seconds
9,155,fine : 47.22 seconds
[[1132  781]
 [   8   87]]
acc: 0.607
f1: 0.181
[[1858   55]
 [  51   44]]
acc: 0.947
f1: 0.454
9,156,coarse : 46.81 seconds
9,156,fine : 46.83 seconds
[[1134  779]
 [   8   87]]
acc: 0.608
f1: 0.181
[[1856   57]
 [  51   44]]
acc: 0.946
f1: 0.449
9,157,coarse : 46.99 seconds
9,157,fine : 47.01 seconds
[[1129  784]
 [   9   86]]
acc: 0.605
f1: 0.178
[[1858   55]
 [  51   44]]
acc: 0.947
f1: 0.454
9,158,coarse : 47.55 seconds
9,158,fine : 47.57 seconds
[[1129  784]
 [   9   86]]
acc: 0.605
f1: 0.178
[[1857   56]
 [  51   44]]
acc: 0.947
f1: 0.451
9,159,coarse : 46.41 seconds
9,159,fine : 46.42 seconds
[[1134  779]
 [  10   85]]
acc: 0.607
f1: 0.177
[[1856   57]
 [  51   44]]
acc: 0.946
f1: 0.449
9,160,coarse : 46.31 seconds
9,160,fine : 46.32 seconds
[[1139  774]
 [  10   85]]
acc: 0.610
f1: 0.178
[[1852   61]
 [  51   44]]
acc: 0.944
f1: 0.440
9,161,coarse : 48.08 seconds
9,161,fine : 48.1 seconds
[[1147  766]
 [  10   85]]
acc: 0.614
f1: 0.180
[[1851   62]
 [  50   45]]
acc: 0.944
f1: 0.446
9,162,coarse : 47.27 seconds
9,162,fine : 47.29 seconds
[[1158  755]
 [  10   85]]
acc: 0.619
f1: 0.182
[[1851   62]
 [  50   45]]
acc: 0.944
f1: 0.446
9,163,coarse : 47.64 seconds
9,163,fine : 47.66 seconds
[[1168  745]
 [  10   85]]
acc: 0.624
f1: 0.184
[[1851   62]
 [  50   45]]
acc: 0.944
f1: 0.446
9,164,coarse : 47.04 seconds
9,164,fine : 47.05 seconds
[[1171  742]
 [  10   85]]
acc: 0.625
f1: 0.184
[[1852   61]
 [  50   45]]
acc: 0.945
f1: 0.448
9,165,coarse : 46.2 seconds
9,165,fine : 46.21 seconds
[[1180  733]
 [  10   85]]
acc: 0.630
f1: 0.186
[[1854   59]
 [  49   46]]
acc: 0.946
f1: 0.460
9,166,coarse : 46.51 seconds
9,166,fine : 46.53 seconds
[[1192  721]
 [  11   84]]
acc: 0.635
f1: 0.187
[[1854   59]
 [  49   46]]
acc: 0.946
f1: 0.460
9,167,coarse : 47.61 seconds
9,167,fine : 47.63 seconds
[[1197  716]
 [  12   83]]
acc: 0.637
f1: 0.186
[[1853   60]
 [  49   46]]
acc: 0.946
f1: 0.458
9,168,coarse : 47.46 seconds
9,168,fine : 47.48 seconds
[[1202  711]
 [  12   83]]
acc: 0.640
f1: 0.187
[[1852   61]
 [  49   46]]
acc: 0.945
f1: 0.455
9,169,coarse : 47.76 seconds
9,169,fine : 47.78 seconds
[[1205  708]
 [  12   83]]
acc: 0.641
f1: 0.187
[[1852   61]
 [  49   46]]
acc: 0.945
f1: 0.455
9,170,coarse : 48.11 seconds
9,170,fine : 48.13 seconds
[[1207  706]
 [  12   83]]
acc: 0.642
f1: 0.188
[[1852   61]
 [  49   46]]
acc: 0.945
f1: 0.455
9,171,coarse : 48.21 seconds
9,171,fine : 48.23 seconds
[[1211  702]
 [  11   84]]
acc: 0.645
f1: 0.191
[[1851   62]
 [  49   46]]
acc: 0.945
f1: 0.453
9,172,coarse : 47.46 seconds
9,172,fine : 47.48 seconds
