all           0      1    2    3    4    5    6    7    8    
1      2010   1914   1    19   32   19   1    11   6    7    
2      2010   1914   1    19   32   19   1    11   6    7    
3      2010   1914   1    19   32   19   1    11   5    8    
4      2010   1914   1    19   32   19   1    10   6    8    
5      2010   1914   1    18   33   19   1    10   6    8    
6      2010   1914   1    18   33   19   1    10   6    8    
7      2010   1913   2    18   33   19   1    10   6    8    
8      2010   1913   2    18   33   19   1    10   6    8    
9      2009   1913   2    18   32   19   2    10   6    7    
10     2009   1913   1    19   32   19   1    11   6    7    
Total  20098  19136  13   185  324  190  11   104  59   76   
train         0      1    2    3    4    5    6    7    8    
1      2010   1914   1    19   32   19   1    11   6    7    
2      2010   1914   1    19   32   19   1    11   6    7    
3      2010   1914   1    19   32   19   1    11   5    8    
4      2010   1914   1    19   32   19   1    10   6    8    
5      2010   1914   1    18   33   19   1    10   6    8    
6      2010   1914   1    18   33   19   1    10   6    8    
7      2010   1913   2    18   33   19   1    10   6    8    
9      2009   1913   2    18   32   19   2    10   6    7    
10     2009   1913   1    19   32   19   1    11   6    7    
Total  18088  17223  11   167  291  171  10   94   53   68   
test          0      1    2    3    4    5    6    7    8    
8      2010   1913   2    18   33   19   1    10   6    8    
Total  2010   1913   2    18   33   19   1    10   6    8    
Classes             
0         17223     
1         11        
2         167       
3         291       
4         171       
5         10        
6         94        
7         53        
8         68        
Total     18088     

Shape: 450       

[952, 10, 11, 16, 11, 10, 10, 10, 10]
Sum start => 1040
[[1028  885]
 [   8   89]]
acc: 0.556
f1: 0.166
[[1874   39]
 [  90    7]]
acc: 0.936
f1: 0.098
8,1,coarse : 44.59 seconds
8,1,fine : 44.6 seconds
[[1028  885]
 [   8   89]]
acc: 0.556
f1: 0.166
[[1874   39]
 [  90    7]]
acc: 0.936
f1: 0.098
8,2,coarse : 48.18 seconds
8,2,fine : 48.18 seconds
[[1056  857]
 [   8   89]]
acc: 0.570
f1: 0.171
[[1878   35]
 [  90    7]]
acc: 0.938
f1: 0.101
8,3,coarse : 7.35 seconds
8,3,fine : 7.35 seconds
[[1092  821]
 [   9   88]]
acc: 0.587
f1: 0.175
[[1883   30]
 [  92    5]]
acc: 0.939
f1: 0.076
8,4,coarse : 6.76 seconds
8,4,fine : 6.77 seconds
[[1081  832]
 [  10   87]]
acc: 0.581
f1: 0.171
[[1884   29]
 [  92    5]]
acc: 0.940
f1: 0.076
8,5,coarse : 6.9 seconds
8,5,fine : 6.9 seconds
[[1083  830]
 [   8   89]]
acc: 0.583
f1: 0.175
[[1887   26]
 [  92    5]]
acc: 0.941
f1: 0.078
8,6,coarse : 7.81 seconds
8,6,fine : 7.81 seconds
[[1079  834]
 [   7   90]]
acc: 0.582
f1: 0.176
[[1889   24]
 [  91    6]]
acc: 0.943
f1: 0.094
8,7,coarse : 7.13 seconds
8,7,fine : 7.14 seconds
[[1091  822]
 [   7   90]]
acc: 0.588
f1: 0.178
[[1889   24]
 [  91    6]]
acc: 0.943
f1: 0.094
8,8,coarse : 7.45 seconds
8,8,fine : 7.45 seconds
[[1116  797]
 [  12   85]]
acc: 0.598
f1: 0.174
[[1893   20]
 [  92    5]]
acc: 0.944
f1: 0.082
8,9,coarse : 8.16 seconds
8,9,fine : 8.16 seconds
[[1130  783]
 [  12   85]]
acc: 0.604
f1: 0.176
[[1893   20]
 [  92    5]]
acc: 0.944
f1: 0.082
8,10,coarse : 7.61 seconds
8,10,fine : 7.61 seconds
[[1149  764]
 [  12   85]]
acc: 0.614
f1: 0.180
[[1894   19]
 [  92    5]]
acc: 0.945
f1: 0.083
8,11,coarse : 7.9 seconds
8,11,fine : 7.9 seconds
[[1153  760]
 [  12   85]]
acc: 0.616
f1: 0.180
[[1893   20]
 [  92    5]]
acc: 0.944
f1: 0.082
8,12,coarse : 8.74 seconds
8,12,fine : 8.75 seconds
[[1165  748]
 [  12   85]]
acc: 0.622
f1: 0.183
[[1889   24]
 [  90    7]]
acc: 0.943
f1: 0.109
8,13,coarse : 8.37 seconds
8,13,fine : 8.37 seconds
[[1187  726]
 [  11   86]]
acc: 0.633
f1: 0.189
[[1894   19]
 [  92    5]]
acc: 0.945
f1: 0.083
8,14,coarse : 8.56 seconds
8,14,fine : 8.57 seconds
[[1186  727]
 [  11   86]]
acc: 0.633
f1: 0.189
[[1894   19]
 [  91    6]]
acc: 0.945
f1: 0.098
8,15,coarse : 9.2 seconds
8,15,fine : 9.2 seconds
[[1208  705]
 [  12   85]]
acc: 0.643
f1: 0.192
[[1896   17]
 [  92    5]]
acc: 0.946
f1: 0.084
8,16,coarse : 8.84 seconds
8,16,fine : 8.84 seconds
[[1215  698]
 [  12   85]]
acc: 0.647
f1: 0.193
[[1896   17]
 [  92    5]]
acc: 0.946
f1: 0.084
8,17,coarse : 8.93 seconds
8,17,fine : 8.93 seconds
[[1221  692]
 [  12   85]]
acc: 0.650
f1: 0.195
[[1896   17]
 [  92    5]]
acc: 0.946
f1: 0.084
8,18,coarse : 9.66 seconds
8,18,fine : 9.66 seconds
[[1205  708]
 [  13   84]]
acc: 0.641
f1: 0.189
[[1893   20]
 [  92    5]]
acc: 0.944
f1: 0.082
8,19,coarse : 9.21 seconds
8,19,fine : 9.21 seconds
[[1219  694]
 [  14   83]]
acc: 0.648
f1: 0.190
[[1891   22]
 [  93    4]]
acc: 0.943
f1: 0.065
8,20,coarse : 9.7 seconds
8,20,fine : 9.71 seconds
[[1230  683]
 [  15   82]]
acc: 0.653
f1: 0.190
[[1891   22]
 [  93    4]]
acc: 0.943
f1: 0.065
8,21,coarse : 10.45 seconds
8,21,fine : 10.46 seconds
[[1206  707]
 [  13   84]]
acc: 0.642
f1: 0.189
[[1890   23]
 [  92    5]]
acc: 0.943
f1: 0.080
8,22,coarse : 10.12 seconds
8,22,fine : 10.12 seconds
[[1213  700]
 [  13   84]]
acc: 0.645
f1: 0.191
[[1890   23]
 [  91    6]]
acc: 0.943
f1: 0.095
8,23,coarse : 10.01 seconds
8,23,fine : 10.01 seconds
[[1216  697]
 [  13   84]]
acc: 0.647
f1: 0.191
[[1888   25]
 [  90    7]]
acc: 0.943
f1: 0.109
8,24,coarse : 10.98 seconds
8,24,fine : 10.98 seconds
[[1216  697]
 [  12   85]]
acc: 0.647
f1: 0.193
[[1888   25]
 [  90    7]]
acc: 0.943
f1: 0.109
8,25,coarse : 10.21 seconds
8,25,fine : 10.22 seconds
[[1235  678]
 [  12   85]]
acc: 0.657
f1: 0.198
[[1887   26]
 [  89    8]]
acc: 0.943
f1: 0.122
8,26,coarse : 10.74 seconds
8,26,fine : 10.75 seconds
[[1229  684]
 [  12   85]]
acc: 0.654
f1: 0.196
[[1885   28]
 [  84   13]]
acc: 0.944
f1: 0.188
8,27,coarse : 11.56 seconds
8,27,fine : 11.57 seconds
[[1241  672]
 [  12   85]]
acc: 0.660
f1: 0.199
[[1885   28]
 [  84   13]]
acc: 0.944
f1: 0.188
8,28,coarse : 10.77 seconds
8,28,fine : 10.78 seconds
[[1246  667]
 [  13   84]]
acc: 0.662
f1: 0.198
[[1882   31]
 [  81   16]]
acc: 0.944
f1: 0.222
8,29,coarse : 11.23 seconds
8,29,fine : 11.23 seconds
[[1233  680]
 [  13   84]]
acc: 0.655
f1: 0.195
[[1880   33]
 [  82   15]]
acc: 0.943
f1: 0.207
8,30,coarse : 12.19 seconds
8,30,fine : 12.2 seconds
[[1234  679]
 [  14   83]]
acc: 0.655
f1: 0.193
[[1879   34]
 [  81   16]]
acc: 0.943
f1: 0.218
8,31,coarse : 11.59 seconds
8,31,fine : 11.6 seconds
[[1236  677]
 [  14   83]]
acc: 0.656
f1: 0.194
[[1877   36]
 [  80   17]]
acc: 0.942
f1: 0.227
8,32,coarse : 12.13 seconds
8,32,fine : 12.14 seconds
[[1237  676]
 [  11   86]]
acc: 0.658
f1: 0.200
[[1880   33]
 [  81   16]]
acc: 0.943
f1: 0.219
8,33,coarse : 12.81 seconds
8,33,fine : 12.81 seconds
[[1232  681]
 [  10   87]]
acc: 0.656
f1: 0.201
[[1878   35]
 [  81   16]]
acc: 0.942
f1: 0.216
8,34,coarse : 12.49 seconds
8,34,fine : 12.5 seconds
[[1226  687]
 [   9   88]]
acc: 0.654
f1: 0.202
[[1878   35]
 [  81   16]]
acc: 0.942
f1: 0.216
8,35,coarse : 12.67 seconds
8,35,fine : 12.67 seconds
[[1221  692]
 [  10   87]]
acc: 0.651
f1: 0.199
[[1882   31]
 [  81   16]]
acc: 0.944
f1: 0.222
8,36,coarse : 13.45 seconds
8,36,fine : 13.45 seconds
[[1214  699]
 [   9   88]]
acc: 0.648
f1: 0.199
[[1880   33]
 [  81   16]]
acc: 0.943
f1: 0.219
8,37,coarse : 13.0 seconds
8,37,fine : 13.01 seconds
[[1217  696]
 [  10   87]]
acc: 0.649
f1: 0.198
[[1883   30]
 [  81   16]]
acc: 0.945
f1: 0.224
8,38,coarse : 13.29 seconds
8,38,fine : 13.3 seconds
[[1215  698]
 [   8   89]]
acc: 0.649
f1: 0.201
[[1880   33]
 [  79   18]]
acc: 0.944
f1: 0.243
8,39,coarse : 14.18 seconds
8,39,fine : 14.18 seconds
[[1218  695]
 [   9   88]]
acc: 0.650
f1: 0.200
[[1879   34]
 [  80   17]]
acc: 0.943
f1: 0.230
8,40,coarse : 13.59 seconds
8,40,fine : 13.59 seconds
[[1219  694]
 [   9   88]]
acc: 0.650
f1: 0.200
[[1876   37]
 [  80   17]]
acc: 0.942
f1: 0.225
8,41,coarse : 13.98 seconds
8,41,fine : 13.98 seconds
[[1223  690]
 [   9   88]]
acc: 0.652
f1: 0.201
[[1872   41]
 [  78   19]]
acc: 0.941
f1: 0.242
8,42,coarse : 14.81 seconds
8,42,fine : 14.81 seconds
[[1229  684]
 [   9   88]]
acc: 0.655
f1: 0.203
[[1871   42]
 [  78   19]]
acc: 0.940
f1: 0.241
8,43,coarse : 14.12 seconds
8,43,fine : 14.13 seconds
[[1234  679]
 [   9   88]]
acc: 0.658
f1: 0.204
[[1870   43]
 [  78   19]]
acc: 0.940
f1: 0.239
8,44,coarse : 14.48 seconds
8,44,fine : 14.48 seconds
[[1239  674]
 [   9   88]]
acc: 0.660
f1: 0.205
[[1874   39]
 [  73   24]]
acc: 0.944
f1: 0.300
8,45,coarse : 15.36 seconds
8,45,fine : 15.37 seconds
[[1243  670]
 [   9   88]]
acc: 0.662
f1: 0.206
[[1869   44]
 [  71   26]]
acc: 0.943
f1: 0.311
8,46,coarse : 14.92 seconds
8,46,fine : 14.93 seconds
[[1239  674]
 [   9   88]]
acc: 0.660
f1: 0.205
[[1869   44]
 [  71   26]]
acc: 0.943
f1: 0.311
8,47,coarse : 15.14 seconds
8,47,fine : 15.15 seconds
[[1243  670]
 [   9   88]]
acc: 0.662
f1: 0.206
[[1869   44]
 [  71   26]]
acc: 0.943
f1: 0.311
8,48,coarse : 16.19 seconds
8,48,fine : 16.19 seconds
[[1247  666]
 [   9   88]]
acc: 0.664
f1: 0.207
[[1869   44]
 [  72   25]]
acc: 0.942
f1: 0.301
8,49,coarse : 15.79 seconds
8,49,fine : 15.8 seconds
[[1241  672]
 [   9   88]]
acc: 0.661
f1: 0.205
[[1867   46]
 [  72   25]]
acc: 0.941
f1: 0.298
8,50,coarse : 15.82 seconds
8,50,fine : 15.83 seconds
[[1240  673]
 [  10   87]]
acc: 0.660
f1: 0.203
[[1867   46]
 [  70   27]]
acc: 0.942
f1: 0.318
8,51,coarse : 16.78 seconds
8,51,fine : 16.79 seconds
[[1228  685]
 [   9   88]]
acc: 0.655
f1: 0.202
[[1868   45]
 [  70   27]]
acc: 0.943
f1: 0.320
8,52,coarse : 16.14 seconds
8,52,fine : 16.15 seconds
[[1225  688]
 [   9   88]]
acc: 0.653
f1: 0.202
[[1867   46]
 [  70   27]]
acc: 0.942
f1: 0.318
8,53,coarse : 16.57 seconds
8,53,fine : 16.58 seconds
[[1225  688]
 [  10   87]]
acc: 0.653
f1: 0.200
[[1864   49]
 [  70   27]]
acc: 0.941
f1: 0.312
8,54,coarse : 17.31 seconds
8,54,fine : 17.32 seconds
[[1218  695]
 [   9   88]]
acc: 0.650
f1: 0.200
[[1864   49]
 [  70   27]]
acc: 0.941
f1: 0.312
8,55,coarse : 16.92 seconds
8,55,fine : 16.93 seconds
[[1225  688]
 [   8   89]]
acc: 0.654
f1: 0.204
[[1862   51]
 [  70   27]]
acc: 0.940
f1: 0.309
8,56,coarse : 17.2 seconds
8,56,fine : 17.2 seconds
[[1230  683]
 [   9   88]]
acc: 0.656
f1: 0.203
[[1862   51]
 [  70   27]]
acc: 0.940
f1: 0.309
8,57,coarse : 17.85 seconds
8,57,fine : 17.86 seconds
[[1232  681]
 [   8   89]]
acc: 0.657
f1: 0.205
[[1862   51]
 [  70   27]]
acc: 0.940
f1: 0.309
8,58,coarse : 17.52 seconds
8,58,fine : 17.52 seconds
[[1239  674]
 [  10   87]]
acc: 0.660
f1: 0.203
[[1860   53]
 [  70   27]]
acc: 0.939
f1: 0.305
8,59,coarse : 17.82 seconds
8,59,fine : 17.82 seconds
[[1226  687]
 [   8   89]]
acc: 0.654
f1: 0.204
[[1862   51]
 [  70   27]]
acc: 0.940
f1: 0.309
8,60,coarse : 18.87 seconds
8,60,fine : 18.88 seconds
[[1219  694]
 [   8   89]]
acc: 0.651
f1: 0.202
[[1863   50]
 [  69   28]]
acc: 0.941
f1: 0.320
8,61,coarse : 18.61 seconds
8,61,fine : 18.62 seconds
[[1225  688]
 [   9   88]]
acc: 0.653
f1: 0.202
[[1864   49]
 [  68   29]]
acc: 0.942
f1: 0.331
8,62,coarse : 18.78 seconds
8,62,fine : 18.79 seconds
[[1225  688]
 [   9   88]]
acc: 0.653
f1: 0.202
[[1865   48]
 [  68   29]]
acc: 0.942
f1: 0.333
8,63,coarse : 19.89 seconds
8,63,fine : 19.9 seconds
[[1226  687]
 [   7   90]]
acc: 0.655
f1: 0.206
[[1865   48]
 [  68   29]]
acc: 0.942
f1: 0.333
8,64,coarse : 19.33 seconds
8,64,fine : 19.34 seconds
[[1217  696]
 [   7   90]]
acc: 0.650
f1: 0.204
[[1863   50]
 [  69   28]]
acc: 0.941
f1: 0.320
8,65,coarse : 19.61 seconds
8,65,fine : 19.62 seconds
[[1227  686]
 [   7   90]]
acc: 0.655
f1: 0.206
[[1864   49]
 [  69   28]]
acc: 0.941
f1: 0.322
8,66,coarse : 20.61 seconds
8,66,fine : 20.62 seconds
[[1233  680]
 [   7   90]]
acc: 0.658
f1: 0.208
[[1860   53]
 [  70   27]]
acc: 0.939
f1: 0.305
8,67,coarse : 19.82 seconds
8,67,fine : 19.83 seconds
[[1234  679]
 [   7   90]]
acc: 0.659
f1: 0.208
[[1861   52]
 [  69   28]]
acc: 0.940
f1: 0.316
8,68,coarse : 20.13 seconds
8,68,fine : 20.13 seconds
[[1225  688]
 [   8   89]]
acc: 0.654
f1: 0.204
[[1863   50]
 [  70   27]]
acc: 0.940
f1: 0.310
8,69,coarse : 20.84 seconds
8,69,fine : 20.85 seconds
[[1229  684]
 [   8   89]]
acc: 0.656
f1: 0.205
[[1862   51]
 [  70   27]]
acc: 0.940
f1: 0.309
8,70,coarse : 20.2 seconds
8,70,fine : 20.21 seconds
[[1229  684]
 [   8   89]]
acc: 0.656
f1: 0.205
[[1861   52]
 [  70   27]]
acc: 0.939
f1: 0.307
8,71,coarse : 20.56 seconds
8,71,fine : 20.57 seconds
[[1225  688]
 [   8   89]]
acc: 0.654
f1: 0.204
[[1861   52]
 [  70   27]]
acc: 0.939
f1: 0.307
8,72,coarse : 21.13 seconds
8,72,fine : 21.14 seconds
[[1225  688]
 [   8   89]]
acc: 0.654
f1: 0.204
[[1860   53]
 [  70   27]]
acc: 0.939
f1: 0.305
8,73,coarse : 20.58 seconds
8,73,fine : 20.59 seconds
[[1214  699]
 [   8   89]]
acc: 0.648
f1: 0.201
[[1858   55]
 [  70   27]]
acc: 0.938
f1: 0.302
8,74,coarse : 20.77 seconds
8,74,fine : 20.78 seconds
[[1216  697]
 [   8   89]]
acc: 0.649
f1: 0.202
[[1856   57]
 [  69   28]]
acc: 0.937
f1: 0.308
8,75,coarse : 21.52 seconds
8,75,fine : 21.53 seconds
[[1220  693]
 [   8   89]]
acc: 0.651
f1: 0.203
[[1855   58]
 [  69   28]]
acc: 0.937
f1: 0.306
8,76,coarse : 20.82 seconds
8,76,fine : 20.83 seconds
[[1218  695]
 [   8   89]]
acc: 0.650
f1: 0.202
[[1856   57]
 [  69   28]]
acc: 0.937
f1: 0.308
8,77,coarse : 21.03 seconds
8,77,fine : 21.04 seconds
[[1222  691]
 [   8   89]]
acc: 0.652
f1: 0.203
[[1855   58]
 [  70   27]]
acc: 0.936
f1: 0.297
8,78,coarse : 21.29 seconds
8,78,fine : 21.3 seconds
[[1223  690]
 [   8   89]]
acc: 0.653
f1: 0.203
[[1855   58]
 [  70   27]]
acc: 0.936
f1: 0.297
8,79,coarse : 20.48 seconds
8,79,fine : 20.49 seconds
[[1216  697]
 [   8   89]]
acc: 0.649
f1: 0.202
[[1853   60]
 [  69   28]]
acc: 0.936
f1: 0.303
8,80,coarse : 21.44 seconds
8,80,fine : 21.45 seconds
[[1221  692]
 [   8   89]]
acc: 0.652
f1: 0.203
[[1854   59]
 [  69   28]]
acc: 0.936
f1: 0.304
8,81,coarse : 22.36 seconds
8,81,fine : 22.37 seconds
[[1218  695]
 [   8   89]]
acc: 0.650
f1: 0.202
[[1853   60]
 [  69   28]]
acc: 0.936
f1: 0.303
8,82,coarse : 21.86 seconds
8,82,fine : 21.86 seconds
[[1225  688]
 [   8   89]]
acc: 0.654
f1: 0.204
[[1854   59]
 [  69   28]]
acc: 0.936
f1: 0.304
8,83,coarse : 22.4 seconds
8,83,fine : 22.41 seconds
[[1231  682]
 [   8   89]]
acc: 0.657
f1: 0.205
[[1853   60]
 [  67   30]]
acc: 0.937
f1: 0.321
8,84,coarse : 22.96 seconds
8,84,fine : 22.97 seconds
[[1233  680]
 [   7   90]]
acc: 0.658
f1: 0.208
[[1853   60]
 [  68   29]]
acc: 0.936
f1: 0.312
8,85,coarse : 23.25 seconds
8,85,fine : 23.26 seconds
[[1233  680]
 [   7   90]]
acc: 0.658
f1: 0.208
[[1852   61]
 [  69   28]]
acc: 0.935
f1: 0.301
8,86,coarse : 23.66 seconds
8,86,fine : 23.67 seconds
[[1223  690]
 [   7   90]]
acc: 0.653
f1: 0.205
[[1854   59]
 [  67   30]]
acc: 0.937
f1: 0.323
8,87,coarse : 24.76 seconds
8,87,fine : 24.77 seconds
[[1230  683]
 [   7   90]]
acc: 0.657
f1: 0.207
[[1854   59]
 [  67   30]]
acc: 0.937
f1: 0.323
8,88,coarse : 23.99 seconds
8,88,fine : 24.0 seconds
[[1218  695]
 [   7   90]]
acc: 0.651
f1: 0.204
[[1854   59]
 [  67   30]]
acc: 0.937
f1: 0.323
8,89,coarse : 24.68 seconds
8,89,fine : 24.69 seconds
[[1220  693]
 [   7   90]]
acc: 0.652
f1: 0.205
[[1853   60]
 [  67   30]]
acc: 0.937
f1: 0.321
8,90,coarse : 25.21 seconds
8,90,fine : 25.22 seconds
[[1221  692]
 [   7   90]]
acc: 0.652
f1: 0.205
[[1850   63]
 [  67   30]]
acc: 0.935
f1: 0.316
8,91,coarse : 24.71 seconds
8,91,fine : 24.72 seconds
[[1225  688]
 [   7   90]]
acc: 0.654
f1: 0.206
[[1847   66]
 [  68   29]]
acc: 0.933
f1: 0.302
8,92,coarse : 24.55 seconds
8,92,fine : 24.56 seconds
[[1227  686]
 [   7   90]]
acc: 0.655
f1: 0.206
[[1847   66]
 [  67   30]]
acc: 0.934
f1: 0.311
8,93,coarse : 25.29 seconds
8,93,fine : 25.3 seconds
[[1222  691]
 [   7   90]]
acc: 0.653
f1: 0.205
[[1849   64]
 [  67   30]]
acc: 0.935
f1: 0.314
8,94,coarse : 25.33 seconds
8,94,fine : 25.34 seconds
[[1227  686]
 [   7   90]]
acc: 0.655
f1: 0.206
[[1850   63]
 [  68   29]]
acc: 0.935
f1: 0.307
8,95,coarse : 24.94 seconds
8,95,fine : 24.95 seconds
[[1228  685]
 [   7   90]]
acc: 0.656
f1: 0.206
[[1851   62]
 [  67   30]]
acc: 0.936
f1: 0.317
8,96,coarse : 26.14 seconds
8,96,fine : 26.15 seconds
[[1228  685]
 [   7   90]]
acc: 0.656
f1: 0.206
[[1850   63]
 [  69   28]]
acc: 0.934
f1: 0.298
8,97,coarse : 26.38 seconds
8,97,fine : 26.39 seconds
[[1214  699]
 [   7   90]]
acc: 0.649
f1: 0.203
[[1847   66]
 [  68   29]]
acc: 0.933
f1: 0.302
8,98,coarse : 26.49 seconds
8,98,fine : 26.52 seconds
[[1219  694]
 [   7   90]]
acc: 0.651
f1: 0.204
[[1843   70]
 [  68   29]]
acc: 0.931
f1: 0.296
8,99,coarse : 27.83 seconds
8,99,fine : 27.84 seconds
[[1222  691]
 [   6   91]]
acc: 0.653
f1: 0.207
[[1845   68]
 [  68   29]]
acc: 0.932
f1: 0.299
8,100,coarse : 27.31 seconds
8,100,fine : 27.33 seconds
[[1231  682]
 [   6   91]]
acc: 0.658
f1: 0.209
[[1846   67]
 [  68   29]]
acc: 0.933
f1: 0.301
8,101,coarse : 27.28 seconds
8,101,fine : 27.29 seconds
[[1228  685]
 [   6   91]]
acc: 0.656
f1: 0.208
[[1844   69]
 [  66   31]]
acc: 0.933
f1: 0.315
8,102,coarse : 28.21 seconds
8,102,fine : 28.22 seconds
[[1225  688]
 [   7   90]]
acc: 0.654
f1: 0.206
[[1842   71]
 [  66   31]]
acc: 0.932
f1: 0.312
8,103,coarse : 28.05 seconds
8,103,fine : 28.06 seconds
[[1223  690]
 [   6   91]]
acc: 0.654
f1: 0.207
[[1845   68]
 [  66   31]]
acc: 0.933
f1: 0.316
8,104,coarse : 27.89 seconds
8,104,fine : 27.9 seconds
[[1227  686]
 [   7   90]]
acc: 0.655
f1: 0.206
[[1843   70]
 [  66   31]]
acc: 0.932
f1: 0.313
8,105,coarse : 28.84 seconds
8,105,fine : 28.86 seconds
[[1226  687]
 [   7   90]]
acc: 0.655
f1: 0.206
[[1845   68]
 [  66   31]]
acc: 0.933
f1: 0.316
8,106,coarse : 29.13 seconds
8,106,fine : 29.15 seconds
[[1229  684]
 [   7   90]]
acc: 0.656
f1: 0.207
[[1844   69]
 [  66   31]]
acc: 0.933
f1: 0.315
8,107,coarse : 29.23 seconds
8,107,fine : 29.24 seconds
[[1231  682]
 [   7   90]]
acc: 0.657
f1: 0.207
[[1845   68]
 [  65   32]]
acc: 0.934
f1: 0.325
8,108,coarse : 30.07 seconds
8,108,fine : 30.08 seconds
[[1240  673]
 [   7   90]]
acc: 0.662
f1: 0.209
[[1844   69]
 [  66   31]]
acc: 0.933
f1: 0.315
8,109,coarse : 30.06 seconds
8,109,fine : 30.07 seconds
[[1232  681]
 [   7   90]]
acc: 0.658
f1: 0.207
[[1845   68]
 [  66   31]]
acc: 0.933
f1: 0.316
8,110,coarse : 30.05 seconds
8,110,fine : 30.06 seconds
[[1232  681]
 [   6   91]]
acc: 0.658
f1: 0.209
[[1845   68]
 [  65   32]]
acc: 0.934
f1: 0.325
8,111,coarse : 31.01 seconds
8,111,fine : 31.02 seconds
[[1239  674]
 [   6   91]]
acc: 0.662
f1: 0.211
[[1846   67]
 [  65   32]]
acc: 0.934
f1: 0.327
8,112,coarse : 29.94 seconds
8,112,fine : 29.95 seconds
[[1240  673]
 [   6   91]]
acc: 0.662
f1: 0.211
[[1843   70]
 [  66   31]]
acc: 0.932
f1: 0.313
8,113,coarse : 30.32 seconds
8,113,fine : 30.33 seconds
[[1250  663]
 [   6   91]]
acc: 0.667
f1: 0.214
[[1845   68]
 [  65   32]]
acc: 0.934
f1: 0.325
8,114,coarse : 31.51 seconds
8,114,fine : 31.53 seconds
[[1251  662]
 [   7   90]]
acc: 0.667
f1: 0.212
[[1844   69]
 [  63   34]]
acc: 0.934
f1: 0.340
8,115,coarse : 31.04 seconds
8,115,fine : 31.06 seconds
[[1254  659]
 [   7   90]]
acc: 0.669
f1: 0.213
[[1842   71]
 [  63   34]]
acc: 0.933
f1: 0.337
8,116,coarse : 31.03 seconds
8,116,fine : 31.04 seconds
[[1254  659]
 [   7   90]]
acc: 0.669
f1: 0.213
[[1843   70]
 [  63   34]]
acc: 0.934
f1: 0.338
8,117,coarse : 31.26 seconds
8,117,fine : 31.28 seconds
[[1233  680]
 [   6   91]]
acc: 0.659
f1: 0.210
[[1844   69]
 [  65   32]]
acc: 0.933
f1: 0.323
8,118,coarse : 30.84 seconds
8,118,fine : 30.85 seconds
[[1235  678]
 [   6   91]]
acc: 0.660
f1: 0.210
[[1844   69]
 [  65   32]]
acc: 0.933
f1: 0.323
8,119,coarse : 31.91 seconds
8,119,fine : 31.92 seconds
[[1240  673]
 [   6   91]]
acc: 0.662
f1: 0.211
[[1846   67]
 [  65   32]]
acc: 0.934
f1: 0.327
8,120,coarse : 32.17 seconds
8,120,fine : 32.18 seconds
[[1241  672]
 [   6   91]]
acc: 0.663
f1: 0.212
[[1844   69]
 [  64   33]]
acc: 0.934
f1: 0.332
8,121,coarse : 32.03 seconds
8,121,fine : 32.05 seconds
[[1245  668]
 [   6   91]]
acc: 0.665
f1: 0.213
[[1843   70]
 [  61   36]]
acc: 0.935
f1: 0.355
8,122,coarse : 32.69 seconds
8,122,fine : 32.7 seconds
[[1243  670]
 [   6   91]]
acc: 0.664
f1: 0.212
[[1840   73]
 [  61   36]]
acc: 0.933
f1: 0.350
8,123,coarse : 33.12 seconds
8,123,fine : 33.14 seconds
[[1245  668]
 [   6   91]]
acc: 0.665
f1: 0.213
[[1840   73]
 [  61   36]]
acc: 0.933
f1: 0.350
8,124,coarse : 33.18 seconds
8,124,fine : 33.2 seconds
[[1246  667]
 [   6   91]]
acc: 0.665
f1: 0.213
[[1844   69]
 [  61   36]]
acc: 0.935
f1: 0.356
8,125,coarse : 33.2 seconds
8,125,fine : 33.22 seconds
[[1246  667]
 [   6   91]]
acc: 0.665
f1: 0.213
[[1842   71]
 [  61   36]]
acc: 0.934
f1: 0.353
8,126,coarse : 35.14 seconds
8,126,fine : 35.15 seconds
[[1254  659]
 [   6   91]]
acc: 0.669
f1: 0.215
[[1841   72]
 [  60   37]]
acc: 0.934
f1: 0.359
8,127,coarse : 33.56 seconds
8,127,fine : 33.57 seconds
[[1255  658]
 [   6   91]]
acc: 0.670
f1: 0.215
[[1842   71]
 [  60   37]]
acc: 0.935
f1: 0.361
8,128,coarse : 34.69 seconds
8,128,fine : 34.7 seconds
[[1250  663]
 [   6   91]]
acc: 0.667
f1: 0.214
[[1841   72]
 [  61   36]]
acc: 0.934
f1: 0.351
8,129,coarse : 35.97 seconds
8,129,fine : 35.98 seconds
[[1246  667]
 [   6   91]]
acc: 0.665
f1: 0.213
[[1842   71]
 [  61   36]]
acc: 0.934
f1: 0.353
8,130,coarse : 35.52 seconds
8,130,fine : 35.53 seconds
[[1245  668]
 [   6   91]]
acc: 0.665
f1: 0.213
[[1841   72]
 [  60   37]]
acc: 0.934
f1: 0.359
8,131,coarse : 35.54 seconds
8,131,fine : 35.56 seconds
[[1250  663]
 [   6   91]]
acc: 0.667
f1: 0.214
[[1842   71]
 [  62   35]]
acc: 0.934
f1: 0.345
8,132,coarse : 36.52 seconds
8,132,fine : 36.54 seconds
[[1241  672]
 [   6   91]]
acc: 0.663
f1: 0.212
[[1842   71]
 [  62   35]]
acc: 0.934
f1: 0.345
8,133,coarse : 35.47 seconds
8,133,fine : 35.48 seconds
[[1239  674]
 [   6   91]]
acc: 0.662
f1: 0.211
[[1842   71]
 [  61   36]]
acc: 0.934
f1: 0.353
8,134,coarse : 36.08 seconds
8,134,fine : 36.09 seconds
[[1247  666]
 [   6   91]]
acc: 0.666
f1: 0.213
[[1842   71]
 [  61   36]]
acc: 0.934
f1: 0.353
8,135,coarse : 36.45 seconds
8,135,fine : 36.47 seconds
[[1242  671]
 [   6   91]]
acc: 0.663
f1: 0.212
[[1841   72]
 [  61   36]]
acc: 0.934
f1: 0.351
8,136,coarse : 36.67 seconds
8,136,fine : 36.68 seconds
[[1236  677]
 [   6   91]]
acc: 0.660
f1: 0.210
[[1842   71]
 [  62   35]]
acc: 0.934
f1: 0.345
8,137,coarse : 37.51 seconds
8,137,fine : 37.52 seconds
[[1237  676]
 [   6   91]]
acc: 0.661
f1: 0.211
[[1840   73]
 [  61   36]]
acc: 0.933
f1: 0.350
8,138,coarse : 37.37 seconds
8,138,fine : 37.39 seconds
[[1234  679]
 [   6   91]]
acc: 0.659
f1: 0.210
[[1841   72]
 [  60   37]]
acc: 0.934
f1: 0.359
8,139,coarse : 37.58 seconds
8,139,fine : 37.59 seconds
[[1229  684]
 [   6   91]]
acc: 0.657
f1: 0.209
[[1841   72]
 [  57   40]]
acc: 0.936
f1: 0.383
8,140,coarse : 37.93 seconds
8,140,fine : 37.95 seconds
[[1230  683]
 [   5   92]]
acc: 0.658
f1: 0.211
[[1839   74]
 [  57   40]]
acc: 0.935
f1: 0.379
8,141,coarse : 38.85 seconds
8,141,fine : 38.87 seconds
[[1229  684]
 [   5   92]]
acc: 0.657
f1: 0.211
[[1839   74]
 [  56   41]]
acc: 0.935
f1: 0.387
8,142,coarse : 37.9 seconds
8,142,fine : 37.92 seconds
[[1229  684]
 [   5   92]]
acc: 0.657
f1: 0.211
[[1840   73]
 [  57   40]]
acc: 0.935
f1: 0.381
8,143,coarse : 38.78 seconds
8,143,fine : 38.8 seconds
[[1224  689]
 [   5   92]]
acc: 0.655
f1: 0.210
[[1840   73]
 [  57   40]]
acc: 0.935
f1: 0.381
8,144,coarse : 39.3 seconds
8,144,fine : 39.32 seconds
[[1225  688]
 [   5   92]]
acc: 0.655
f1: 0.210
[[1842   71]
 [  55   42]]
acc: 0.937
f1: 0.400
8,145,coarse : 38.99 seconds
8,145,fine : 39.0 seconds
[[1227  686]
 [   5   92]]
acc: 0.656
f1: 0.210
[[1842   71]
 [  54   43]]
acc: 0.938
f1: 0.408
8,146,coarse : 38.61 seconds
8,146,fine : 38.63 seconds
[[1232  681]
 [   5   92]]
acc: 0.659
f1: 0.211
[[1842   71]
 [  55   42]]
acc: 0.937
f1: 0.400
8,147,coarse : 40.39 seconds
8,147,fine : 40.41 seconds
[[1235  678]
 [   5   92]]
acc: 0.660
f1: 0.212
[[1841   72]
 [  55   42]]
acc: 0.937
f1: 0.398
8,148,coarse : 39.84 seconds
8,148,fine : 39.86 seconds
[[1224  689]
 [   5   92]]
acc: 0.655
f1: 0.210
[[1840   73]
 [  55   42]]
acc: 0.936
f1: 0.396
8,149,coarse : 39.55 seconds
8,149,fine : 39.56 seconds
[[1219  694]
 [   5   92]]
acc: 0.652
f1: 0.208
[[1840   73]
 [  56   41]]
acc: 0.936
f1: 0.389
8,150,coarse : 41.15 seconds
8,150,fine : 41.16 seconds
[[1227  686]
 [   5   92]]
acc: 0.656
f1: 0.210
[[1842   71]
 [  56   41]]
acc: 0.937
f1: 0.392
8,151,coarse : 40.72 seconds
8,151,fine : 40.73 seconds
[[1220  693]
 [   5   92]]
acc: 0.653
f1: 0.209
[[1841   72]
 [  54   43]]
acc: 0.937
f1: 0.406
8,152,coarse : 41.79 seconds
8,152,fine : 41.81 seconds
[[1220  693]
 [   5   92]]
acc: 0.653
f1: 0.209
[[1840   73]
 [  55   42]]
acc: 0.936
f1: 0.396
8,153,coarse : 41.62 seconds
8,153,fine : 41.64 seconds
[[1223  690]
 [   5   92]]
acc: 0.654
f1: 0.209
[[1840   73]
 [  55   42]]
acc: 0.936
f1: 0.396
8,154,coarse : 41.62 seconds
8,154,fine : 41.64 seconds
[[1220  693]
 [   5   92]]
acc: 0.653
f1: 0.209
[[1840   73]
 [  54   43]]
acc: 0.937
f1: 0.404
8,155,coarse : 42.1 seconds
8,155,fine : 42.11 seconds
[[1222  691]
 [   5   92]]
acc: 0.654
f1: 0.209
[[1841   72]
 [  54   43]]
acc: 0.937
f1: 0.406
8,156,coarse : 42.7 seconds
8,156,fine : 42.71 seconds
[[1222  691]
 [   5   92]]
acc: 0.654
f1: 0.209
[[1839   74]
 [  53   44]]
acc: 0.937
f1: 0.409
8,157,coarse : 41.21 seconds
8,157,fine : 41.22 seconds
[[1223  690]
 [   5   92]]
acc: 0.654
f1: 0.209
[[1839   74]
 [  54   43]]
acc: 0.936
f1: 0.402
8,158,coarse : 42.28 seconds
8,158,fine : 42.3 seconds
[[1229  684]
 [   5   92]]
acc: 0.657
f1: 0.211
[[1840   73]
 [  54   43]]
acc: 0.937
f1: 0.404
8,159,coarse : 43.95 seconds
8,159,fine : 43.97 seconds
[[1216  697]
 [   5   92]]
acc: 0.651
f1: 0.208
[[1840   73]
 [  53   44]]
acc: 0.937
f1: 0.411
8,160,coarse : 43.36 seconds
8,160,fine : 43.38 seconds
[[1221  692]
 [   5   92]]
acc: 0.653
f1: 0.209
[[1841   72]
 [  55   42]]
acc: 0.937
f1: 0.398
8,161,coarse : 43.48 seconds
8,161,fine : 43.5 seconds
[[1221  692]
 [   5   92]]
acc: 0.653
f1: 0.209
[[1839   74]
 [  56   41]]
acc: 0.935
f1: 0.387
8,162,coarse : 43.94 seconds
8,162,fine : 43.96 seconds
[[1214  699]
 [   5   92]]
acc: 0.650
f1: 0.207
[[1837   76]
 [  56   41]]
acc: 0.934
f1: 0.383
8,163,coarse : 44.49 seconds
8,163,fine : 44.51 seconds
[[1217  696]
 [   5   92]]
acc: 0.651
f1: 0.208
[[1838   75]
 [  57   40]]
acc: 0.934
f1: 0.377
8,164,coarse : 44.04 seconds
8,164,fine : 44.05 seconds
[[1217  696]
 [   5   92]]
acc: 0.651
f1: 0.208
[[1837   76]
 [  57   40]]
acc: 0.934
f1: 0.376
8,165,coarse : 45.74 seconds
8,165,fine : 45.76 seconds
[[1216  697]
 [   5   92]]
acc: 0.651
f1: 0.208
[[1836   77]
 [  57   40]]
acc: 0.933
f1: 0.374
8,166,coarse : 45.19 seconds
8,166,fine : 45.21 seconds
[[1220  693]
 [   5   92]]
acc: 0.653
f1: 0.209
[[1836   77]
 [  56   41]]
acc: 0.934
f1: 0.381
8,167,coarse : 44.84 seconds
8,167,fine : 44.86 seconds
[[1211  702]
 [   5   92]]
acc: 0.648
f1: 0.207
[[1836   77]
 [  56   41]]
acc: 0.934
f1: 0.381
8,168,coarse : 45.83 seconds
8,168,fine : 45.84 seconds
[[1215  698]
 [   5   92]]
acc: 0.650
f1: 0.207
[[1838   75]
 [  56   41]]
acc: 0.935
f1: 0.385
8,169,coarse : 46.71 seconds
8,169,fine : 46.73 seconds
[[1209  704]
 [   5   92]]
acc: 0.647
f1: 0.206
[[1838   75]
 [  55   42]]
acc: 0.935
f1: 0.393
8,170,coarse : 45.97 seconds
8,170,fine : 45.99 seconds
[[1212  701]
 [   5   92]]
acc: 0.649
f1: 0.207
[[1838   75]
 [  56   41]]
acc: 0.935
f1: 0.385
8,171,coarse : 47.45 seconds
8,171,fine : 47.46 seconds
[[1210  703]
 [   5   92]]
acc: 0.648
f1: 0.206
[[1838   75]
 [  56   41]]
acc: 0.935
f1: 0.385
8,172,coarse : 46.35 seconds
8,172,fine : 46.37 seconds
