all           0      1    2    3    4    5    6    7    8    
1      2010   1914   1    19   32   19   1    11   6    7    
2      2010   1914   1    19   32   19   1    11   6    7    
3      2010   1914   1    19   32   19   1    11   5    8    
4      2010   1914   1    19   32   19   1    10   6    8    
5      2010   1914   1    18   33   19   1    10   6    8    
6      2010   1914   1    18   33   19   1    10   6    8    
7      2010   1913   2    18   33   19   1    10   6    8    
8      2010   1913   2    18   33   19   1    10   6    8    
9      2009   1913   2    18   32   19   2    10   6    7    
10     2009   1913   1    19   32   19   1    11   6    7    
Total  20098  19136  13   185  324  190  11   104  59   76   
train         0      1    2    3    4    5    6    7    8    
1      2010   1914   1    19   32   19   1    11   6    7    
2      2010   1914   1    19   32   19   1    11   6    7    
4      2010   1914   1    19   32   19   1    10   6    8    
5      2010   1914   1    18   33   19   1    10   6    8    
6      2010   1914   1    18   33   19   1    10   6    8    
7      2010   1913   2    18   33   19   1    10   6    8    
8      2010   1913   2    18   33   19   1    10   6    8    
9      2009   1913   2    18   32   19   2    10   6    7    
10     2009   1913   1    19   32   19   1    11   6    7    
Total  18088  17222  12   166  292  171  10   93   54   68   
test          0      1    2    3    4    5    6    7    8    
3      2010   1914   1    19   32   19   1    11   5    8    
Total  2010   1914   1    19   32   19   1    11   5    8    
Classes             
0         17222     
1         12        
2         166       
3         292       
4         171       
5         10        
6         93        
7         54        
8         68        
Total     18088     

Shape: 450       

[952, 10, 11, 16, 11, 10, 10, 10, 10]
Sum start => 1040
[[923 991]
 [  9  87]]
acc: 0.502
f1: 0.148
[[1889   25]
 [  83   13]]
acc: 0.946
f1: 0.194
3,1,coarse : 40.29 seconds
3,1,fine : 40.29 seconds
[[923 991]
 [  9  87]]
acc: 0.502
f1: 0.148
[[1889   25]
 [  83   13]]
acc: 0.946
f1: 0.194
3,2,coarse : 41.86 seconds
3,2,fine : 41.86 seconds
[[950 964]
 [ 10  86]]
acc: 0.515
f1: 0.150
[[1892   22]
 [  84   12]]
acc: 0.947
f1: 0.185
3,3,coarse : 5.19 seconds
3,3,fine : 5.19 seconds
[[984 930]
 [  9  87]]
acc: 0.533
f1: 0.156
[[1893   21]
 [  84   12]]
acc: 0.948
f1: 0.186
3,4,coarse : 4.96 seconds
3,4,fine : 4.96 seconds
[[990 924]
 [  9  87]]
acc: 0.536
f1: 0.157
[[1893   21]
 [  84   12]]
acc: 0.948
f1: 0.186
3,5,coarse : 4.95 seconds
3,5,fine : 4.95 seconds
[[1009  905]
 [   8   88]]
acc: 0.546
f1: 0.162
[[1896   18]
 [  84   12]]
acc: 0.949
f1: 0.190
3,6,coarse : 5.04 seconds
3,6,fine : 5.04 seconds
[[1016  898]
 [  10   86]]
acc: 0.548
f1: 0.159
[[1898   16]
 [  84   12]]
acc: 0.950
f1: 0.194
3,7,coarse : 5.65 seconds
3,7,fine : 5.65 seconds
[[1032  882]
 [  11   85]]
acc: 0.556
f1: 0.160
[[1898   16]
 [  85   11]]
acc: 0.950
f1: 0.179
3,8,coarse : 5.55 seconds
3,8,fine : 5.56 seconds
[[1061  853]
 [  12   84]]
acc: 0.570
f1: 0.163
[[1897   17]
 [  85   11]]
acc: 0.949
f1: 0.177
3,9,coarse : 5.77 seconds
3,9,fine : 5.77 seconds
[[1077  837]
 [  12   84]]
acc: 0.578
f1: 0.165
[[1897   17]
 [  86   10]]
acc: 0.949
f1: 0.163
3,10,coarse : 6.36 seconds
3,10,fine : 6.37 seconds
[[1096  818]
 [  12   84]]
acc: 0.587
f1: 0.168
[[1899   15]
 [  85   11]]
acc: 0.950
f1: 0.180
3,11,coarse : 6.15 seconds
3,11,fine : 6.15 seconds
[[1100  814]
 [  12   84]]
acc: 0.589
f1: 0.169
[[1897   17]
 [  86   10]]
acc: 0.949
f1: 0.163
3,12,coarse : 6.15 seconds
3,12,fine : 6.15 seconds
[[1105  809]
 [  12   84]]
acc: 0.592
f1: 0.170
[[1895   19]
 [  85   11]]
acc: 0.948
f1: 0.175
3,13,coarse : 6.49 seconds
3,13,fine : 6.49 seconds
[[1113  801]
 [  12   84]]
acc: 0.596
f1: 0.171
[[1895   19]
 [  85   11]]
acc: 0.948
f1: 0.175
3,14,coarse : 6.96 seconds
3,14,fine : 6.97 seconds
[[1111  803]
 [  12   84]]
acc: 0.595
f1: 0.171
[[1893   21]
 [  86   10]]
acc: 0.947
f1: 0.157
3,15,coarse : 6.82 seconds
3,15,fine : 6.82 seconds
[[1123  791]
 [  13   83]]
acc: 0.600
f1: 0.171
[[1895   19]
 [  86   10]]
acc: 0.948
f1: 0.160
3,16,coarse : 8.07 seconds
3,16,fine : 8.08 seconds
[[1125  789]
 [  13   83]]
acc: 0.601
f1: 0.171
[[1894   20]
 [  87    9]]
acc: 0.947
f1: 0.144
3,17,coarse : 7.37 seconds
3,17,fine : 7.37 seconds
[[1134  780]
 [  13   83]]
acc: 0.605
f1: 0.173
[[1895   19]
 [  87    9]]
acc: 0.947
f1: 0.145
3,18,coarse : 7.57 seconds
3,18,fine : 7.57 seconds
[[1144  770]
 [  12   84]]
acc: 0.611
f1: 0.177
[[1895   19]
 [  87    9]]
acc: 0.947
f1: 0.145
3,19,coarse : 7.97 seconds
3,19,fine : 7.97 seconds
[[1156  758]
 [  12   84]]
acc: 0.617
f1: 0.179
[[1892   22]
 [  87    9]]
acc: 0.946
f1: 0.142
3,20,coarse : 7.86 seconds
3,20,fine : 7.86 seconds
[[1167  747]
 [  12   84]]
acc: 0.622
f1: 0.181
[[1891   23]
 [  87    9]]
acc: 0.945
f1: 0.141
3,21,coarse : 8.96 seconds
3,21,fine : 8.96 seconds
[[1166  748]
 [  13   83]]
acc: 0.621
f1: 0.179
[[1890   24]
 [  85   11]]
acc: 0.946
f1: 0.168
3,22,coarse : 8.41 seconds
3,22,fine : 8.42 seconds
[[1171  743]
 [  13   83]]
acc: 0.624
f1: 0.180
[[1891   23]
 [  83   13]]
acc: 0.947
f1: 0.197
3,23,coarse : 8.53 seconds
3,23,fine : 8.54 seconds
[[1186  728]
 [  13   83]]
acc: 0.631
f1: 0.183
[[1890   24]
 [  83   13]]
acc: 0.947
f1: 0.195
3,24,coarse : 8.84 seconds
3,24,fine : 8.84 seconds
[[1187  727]
 [  12   84]]
acc: 0.632
f1: 0.185
[[1890   24]
 [  81   15]]
acc: 0.948
f1: 0.222
3,25,coarse : 8.98 seconds
3,25,fine : 8.98 seconds
[[1192  722]
 [  13   83]]
acc: 0.634
f1: 0.184
[[1892   22]
 [  82   14]]
acc: 0.948
f1: 0.212
3,26,coarse : 10.0 seconds
3,26,fine : 10.0 seconds
[[1194  720]
 [  13   83]]
acc: 0.635
f1: 0.185
[[1889   25]
 [  81   15]]
acc: 0.947
f1: 0.221
3,27,coarse : 9.49 seconds
3,27,fine : 9.5 seconds
[[1187  727]
 [  13   83]]
acc: 0.632
f1: 0.183
[[1892   22]
 [  81   15]]
acc: 0.949
f1: 0.226
3,28,coarse : 9.79 seconds
3,28,fine : 9.79 seconds
[[1186  728]
 [  13   83]]
acc: 0.631
f1: 0.183
[[1892   22]
 [  81   15]]
acc: 0.949
f1: 0.226
3,29,coarse : 10.04 seconds
3,29,fine : 10.04 seconds
[[1190  724]
 [  13   83]]
acc: 0.633
f1: 0.184
[[1889   25]
 [  80   16]]
acc: 0.948
f1: 0.234
3,30,coarse : 11.11 seconds
3,30,fine : 11.11 seconds
[[1197  717]
 [  13   83]]
acc: 0.637
f1: 0.185
[[1891   23]
 [  81   15]]
acc: 0.948
f1: 0.224
3,31,coarse : 10.02 seconds
3,31,fine : 10.02 seconds
[[1204  710]
 [  13   83]]
acc: 0.640
f1: 0.187
[[1891   23]
 [  81   15]]
acc: 0.948
f1: 0.224
3,32,coarse : 10.53 seconds
3,32,fine : 10.54 seconds
[[1189  725]
 [  12   84]]
acc: 0.633
f1: 0.186
[[1891   23]
 [  81   15]]
acc: 0.948
f1: 0.224
3,33,coarse : 11.47 seconds
3,33,fine : 11.47 seconds
[[1198  716]
 [  12   84]]
acc: 0.638
f1: 0.188
[[1890   24]
 [  82   14]]
acc: 0.947
f1: 0.209
3,34,coarse : 11.29 seconds
3,34,fine : 11.29 seconds
[[1185  729]
 [  13   83]]
acc: 0.631
f1: 0.183
[[1888   26]
 [  81   15]]
acc: 0.947
f1: 0.219
3,35,coarse : 11.43 seconds
3,35,fine : 11.44 seconds
[[1184  730]
 [  13   83]]
acc: 0.630
f1: 0.183
[[1888   26]
 [  81   15]]
acc: 0.947
f1: 0.219
3,36,coarse : 11.25 seconds
3,36,fine : 11.25 seconds
[[1155  759]
 [  14   82]]
acc: 0.615
f1: 0.175
[[1888   26]
 [  80   16]]
acc: 0.947
f1: 0.232
3,37,coarse : 12.81 seconds
3,37,fine : 12.82 seconds
[[1143  771]
 [  14   82]]
acc: 0.609
f1: 0.173
[[1888   26]
 [  81   15]]
acc: 0.947
f1: 0.219
3,38,coarse : 11.78 seconds
3,38,fine : 11.79 seconds
[[1142  772]
 [  13   83]]
acc: 0.609
f1: 0.175
[[1890   24]
 [  81   15]]
acc: 0.948
f1: 0.222
3,39,coarse : 12.25 seconds
3,39,fine : 12.25 seconds
[[1148  766]
 [  14   82]]
acc: 0.612
f1: 0.174
[[1889   25]
 [  81   15]]
acc: 0.947
f1: 0.221
3,40,coarse : 13.72 seconds
3,40,fine : 13.73 seconds
[[1150  764]
 [  13   83]]
acc: 0.613
f1: 0.176
[[1887   27]
 [  82   14]]
acc: 0.946
f1: 0.204
3,41,coarse : 12.49 seconds
3,41,fine : 12.5 seconds
[[1140  774]
 [  13   83]]
acc: 0.608
f1: 0.174
[[1886   28]
 [  82   14]]
acc: 0.945
f1: 0.203
3,42,coarse : 12.71 seconds
3,42,fine : 12.71 seconds
[[1152  762]
 [  13   83]]
acc: 0.614
f1: 0.176
[[1885   29]
 [  82   14]]
acc: 0.945
f1: 0.201
3,43,coarse : 14.41 seconds
3,43,fine : 14.41 seconds
[[1164  750]
 [  13   83]]
acc: 0.620
f1: 0.179
[[1888   26]
 [  81   15]]
acc: 0.947
f1: 0.219
3,44,coarse : 13.39 seconds
3,44,fine : 13.4 seconds
[[1163  751]
 [  13   83]]
acc: 0.620
f1: 0.178
[[1885   29]
 [  81   15]]
acc: 0.945
f1: 0.214
3,45,coarse : 13.55 seconds
3,45,fine : 13.56 seconds
[[1174  740]
 [  13   83]]
acc: 0.625
f1: 0.181
[[1885   29]
 [  81   15]]
acc: 0.945
f1: 0.214
3,46,coarse : 14.9 seconds
3,46,fine : 14.9 seconds
[[1165  749]
 [  14   82]]
acc: 0.620
f1: 0.177
[[1881   33]
 [  80   16]]
acc: 0.944
f1: 0.221
3,47,coarse : 14.05 seconds
3,47,fine : 14.05 seconds
[[1174  740]
 [  14   82]]
acc: 0.625
f1: 0.179
[[1880   34]
 [  77   19]]
acc: 0.945
f1: 0.255
3,48,coarse : 14.52 seconds
3,48,fine : 14.52 seconds
[[1170  744]
 [  14   82]]
acc: 0.623
f1: 0.178
[[1879   35]
 [  78   18]]
acc: 0.944
f1: 0.242
3,49,coarse : 15.1 seconds
3,49,fine : 15.11 seconds
[[1177  737]
 [  14   82]]
acc: 0.626
f1: 0.179
[[1875   39]
 [  77   19]]
acc: 0.942
f1: 0.247
3,50,coarse : 16.56 seconds
3,50,fine : 16.57 seconds
[[1166  748]
 [  14   82]]
acc: 0.621
f1: 0.177
[[1876   38]
 [  78   18]]
acc: 0.942
f1: 0.237
3,51,coarse : 16.11 seconds
3,51,fine : 16.12 seconds
[[1172  742]
 [  14   82]]
acc: 0.624
f1: 0.178
[[1875   39]
 [  75   21]]
acc: 0.943
f1: 0.269
3,52,coarse : 15.34 seconds
3,52,fine : 15.34 seconds
[[1177  737]
 [  14   82]]
acc: 0.626
f1: 0.179
[[1870   44]
 [  74   22]]
acc: 0.941
f1: 0.272
3,53,coarse : 16.01 seconds
3,53,fine : 16.01 seconds
[[1169  745]
 [  14   82]]
acc: 0.622
f1: 0.178
[[1871   43]
 [  73   23]]
acc: 0.942
f1: 0.284
3,54,coarse : 16.22 seconds
3,54,fine : 16.23 seconds
[[1180  734]
 [  14   82]]
acc: 0.628
f1: 0.180
[[1870   44]
 [  73   23]]
acc: 0.942
f1: 0.282
3,55,coarse : 15.9 seconds
3,55,fine : 15.91 seconds
[[1182  732]
 [  14   82]]
acc: 0.629
f1: 0.180
[[1868   46]
 [  74   22]]
acc: 0.940
f1: 0.268
3,56,coarse : 17.27 seconds
3,56,fine : 17.28 seconds
[[1178  736]
 [  14   82]]
acc: 0.627
f1: 0.179
[[1866   48]
 [  74   22]]
acc: 0.939
f1: 0.265
3,57,coarse : 16.35 seconds
3,57,fine : 16.36 seconds
[[1184  730]
 [  14   82]]
acc: 0.630
f1: 0.181
[[1864   50]
 [  72   24]]
acc: 0.939
f1: 0.282
3,58,coarse : 17.68 seconds
3,58,fine : 17.69 seconds
[[1189  725]
 [  14   82]]
acc: 0.632
f1: 0.182
[[1863   51]
 [  71   25]]
acc: 0.939
f1: 0.291
3,59,coarse : 16.8 seconds
3,59,fine : 16.81 seconds
[[1187  727]
 [  14   82]]
acc: 0.631
f1: 0.181
[[1864   50]
 [  71   25]]
acc: 0.940
f1: 0.292
3,60,coarse : 17.71 seconds
3,60,fine : 17.72 seconds
[[1192  722]
 [  14   82]]
acc: 0.634
f1: 0.182
[[1864   50]
 [  71   25]]
acc: 0.940
f1: 0.292
3,61,coarse : 18.21 seconds
3,61,fine : 18.22 seconds
[[1189  725]
 [  14   82]]
acc: 0.632
f1: 0.182
[[1867   47]
 [  71   25]]
acc: 0.941
f1: 0.298
3,62,coarse : 17.71 seconds
3,62,fine : 17.72 seconds
[[1191  723]
 [  14   82]]
acc: 0.633
f1: 0.182
[[1868   46]
 [  71   25]]
acc: 0.942
f1: 0.299
3,63,coarse : 19.08 seconds
3,63,fine : 19.08 seconds
[[1193  721]
 [  14   82]]
acc: 0.634
f1: 0.182
[[1867   47]
 [  69   27]]
acc: 0.942
f1: 0.318
3,64,coarse : 17.96 seconds
3,64,fine : 17.97 seconds
[[1199  715]
 [  14   82]]
acc: 0.637
f1: 0.184
[[1869   45]
 [  69   27]]
acc: 0.943
f1: 0.321
3,65,coarse : 19.71 seconds
3,65,fine : 19.72 seconds
[[1200  714]
 [  14   82]]
acc: 0.638
f1: 0.184
[[1869   45]
 [  71   25]]
acc: 0.942
f1: 0.301
3,66,coarse : 18.85 seconds
3,66,fine : 18.86 seconds
[[1209  705]
 [  14   82]]
acc: 0.642
f1: 0.186
[[1867   47]
 [  70   26]]
acc: 0.942
f1: 0.308
3,67,coarse : 20.87 seconds
3,67,fine : 20.88 seconds
[[1201  713]
 [  14   82]]
acc: 0.638
f1: 0.184
[[1867   47]
 [  69   27]]
acc: 0.942
f1: 0.318
3,68,coarse : 19.46 seconds
3,68,fine : 19.47 seconds
[[1202  712]
 [  14   82]]
acc: 0.639
f1: 0.184
[[1869   45]
 [  68   28]]
acc: 0.944
f1: 0.331
3,69,coarse : 20.35 seconds
3,69,fine : 20.36 seconds
[[1197  717]
 [  13   83]]
acc: 0.637
f1: 0.185
[[1865   49]
 [  68   28]]
acc: 0.942
f1: 0.324
3,70,coarse : 19.89 seconds
3,70,fine : 19.9 seconds
[[1188  726]
 [  14   82]]
acc: 0.632
f1: 0.181
[[1867   47]
 [  68   28]]
acc: 0.943
f1: 0.327
3,71,coarse : 20.66 seconds
3,71,fine : 20.67 seconds
[[1192  722]
 [  13   83]]
acc: 0.634
f1: 0.184
[[1868   46]
 [  69   27]]
acc: 0.943
f1: 0.320
3,72,coarse : 20.19 seconds
3,72,fine : 20.2 seconds
[[1193  721]
 [  13   83]]
acc: 0.635
f1: 0.184
[[1867   47]
 [  68   28]]
acc: 0.943
f1: 0.327
3,73,coarse : 21.28 seconds
3,73,fine : 21.29 seconds
[[1195  719]
 [  13   83]]
acc: 0.636
f1: 0.185
[[1864   50]
 [  68   28]]
acc: 0.941
f1: 0.322
3,74,coarse : 21.03 seconds
3,74,fine : 21.04 seconds
[[1189  725]
 [  14   82]]
acc: 0.632
f1: 0.182
[[1868   46]
 [  68   28]]
acc: 0.943
f1: 0.329
3,75,coarse : 21.79 seconds
3,75,fine : 21.8 seconds
[[1191  723]
 [  14   82]]
acc: 0.633
f1: 0.182
[[1869   45]
 [  68   28]]
acc: 0.944
f1: 0.331
3,76,coarse : 21.42 seconds
3,76,fine : 21.43 seconds
[[1184  730]
 [  14   82]]
acc: 0.630
f1: 0.181
[[1867   47]
 [  68   28]]
acc: 0.943
f1: 0.327
3,77,coarse : 21.47 seconds
3,77,fine : 21.48 seconds
[[1182  732]
 [  14   82]]
acc: 0.629
f1: 0.180
[[1870   44]
 [  66   30]]
acc: 0.945
f1: 0.353
3,78,coarse : 22.04 seconds
3,78,fine : 22.05 seconds
[[1191  723]
 [  14   82]]
acc: 0.633
f1: 0.182
[[1870   44]
 [  66   30]]
acc: 0.945
f1: 0.353
3,79,coarse : 21.77 seconds
3,79,fine : 21.78 seconds
[[1184  730]
 [  14   82]]
acc: 0.630
f1: 0.181
[[1868   46]
 [  65   31]]
acc: 0.945
f1: 0.358
3,80,coarse : 23.06 seconds
3,80,fine : 23.07 seconds
[[1191  723]
 [  14   82]]
acc: 0.633
f1: 0.182
[[1865   49]
 [  63   33]]
acc: 0.944
f1: 0.371
3,81,coarse : 22.05 seconds
3,81,fine : 22.06 seconds
[[1193  721]
 [  14   82]]
acc: 0.634
f1: 0.182
[[1865   49]
 [  61   35]]
acc: 0.945
f1: 0.389
3,82,coarse : 23.6 seconds
3,82,fine : 23.61 seconds
[[1202  712]
 [  14   82]]
acc: 0.639
f1: 0.184
[[1864   50]
 [  60   36]]
acc: 0.945
f1: 0.396
3,83,coarse : 23.22 seconds
3,83,fine : 23.23 seconds
[[1194  720]
 [  14   82]]
acc: 0.635
f1: 0.183
[[1862   52]
 [  61   35]]
acc: 0.944
f1: 0.383
3,84,coarse : 22.95 seconds
3,84,fine : 22.96 seconds
[[1195  719]
 [  14   82]]
acc: 0.635
f1: 0.183
[[1860   54]
 [  61   35]]
acc: 0.943
f1: 0.378
3,85,coarse : 25.02 seconds
3,85,fine : 25.03 seconds
[[1196  718]
 [  14   82]]
acc: 0.636
f1: 0.183
[[1859   55]
 [  61   35]]
acc: 0.942
f1: 0.376
3,86,coarse : 23.7 seconds
3,86,fine : 23.71 seconds
[[1205  709]
 [  14   82]]
acc: 0.640
f1: 0.185
[[1860   54]
 [  60   36]]
acc: 0.943
f1: 0.387
3,87,coarse : 25.46 seconds
3,87,fine : 25.47 seconds
[[1205  709]
 [  14   82]]
acc: 0.640
f1: 0.185
[[1860   54]
 [  60   36]]
acc: 0.943
f1: 0.387
3,88,coarse : 25.71 seconds
3,88,fine : 25.72 seconds
[[1210  704]
 [  14   82]]
acc: 0.643
f1: 0.186
[[1861   53]
 [  59   37]]
acc: 0.944
f1: 0.398
3,89,coarse : 25.1 seconds
3,89,fine : 25.11 seconds
[[1207  707]
 [  14   82]]
acc: 0.641
f1: 0.185
[[1861   53]
 [  58   38]]
acc: 0.945
f1: 0.406
3,90,coarse : 27.66 seconds
3,90,fine : 27.67 seconds
[[1205  709]
 [  14   82]]
acc: 0.640
f1: 0.185
[[1857   57]
 [  57   39]]
acc: 0.943
f1: 0.406
3,91,coarse : 26.16 seconds
3,91,fine : 26.17 seconds
[[1205  709]
 [  14   82]]
acc: 0.640
f1: 0.185
[[1855   59]
 [  57   39]]
acc: 0.942
f1: 0.402
3,92,coarse : 26.81 seconds
3,92,fine : 26.82 seconds
[[1204  710]
 [  14   82]]
acc: 0.640
f1: 0.185
[[1858   56]
 [  57   39]]
acc: 0.944
f1: 0.408
3,93,coarse : 27.67 seconds
3,93,fine : 27.68 seconds
[[1201  713]
 [  14   82]]
acc: 0.638
f1: 0.184
[[1858   56]
 [  57   39]]
acc: 0.944
f1: 0.408
3,94,coarse : 27.11 seconds
3,94,fine : 27.12 seconds
[[1198  716]
 [  14   82]]
acc: 0.637
f1: 0.183
[[1855   59]
 [  57   39]]
acc: 0.942
f1: 0.402
3,95,coarse : 26.93 seconds
3,95,fine : 26.94 seconds
[[1193  721]
 [  13   83]]
acc: 0.635
f1: 0.184
[[1855   59]
 [  57   39]]
acc: 0.942
f1: 0.402
3,96,coarse : 28.66 seconds
3,96,fine : 28.67 seconds
[[1200  714]
 [  13   83]]
acc: 0.638
f1: 0.186
[[1856   58]
 [  58   38]]
acc: 0.942
f1: 0.396
3,97,coarse : 27.7 seconds
3,97,fine : 27.71 seconds
[[1199  715]
 [  13   83]]
acc: 0.638
f1: 0.186
[[1856   58]
 [  58   38]]
acc: 0.942
f1: 0.396
3,98,coarse : 27.9 seconds
3,98,fine : 27.91 seconds
[[1205  709]
 [  13   83]]
acc: 0.641
f1: 0.187
[[1855   59]
 [  57   39]]
acc: 0.942
f1: 0.402
3,99,coarse : 28.58 seconds
3,99,fine : 28.59 seconds
[[1210  704]
 [  13   83]]
acc: 0.643
f1: 0.188
[[1855   59]
 [  57   39]]
acc: 0.942
f1: 0.402
3,100,coarse : 31.51 seconds
3,100,fine : 31.52 seconds
[[1210  704]
 [  13   83]]
acc: 0.643
f1: 0.188
[[1858   56]
 [  58   38]]
acc: 0.943
f1: 0.400
3,101,coarse : 29.3 seconds
3,101,fine : 29.32 seconds
[[1215  699]
 [  13   83]]
acc: 0.646
f1: 0.189
[[1857   57]
 [  60   36]]
acc: 0.942
f1: 0.381
3,102,coarse : 30.33 seconds
3,102,fine : 30.34 seconds
[[1219  695]
 [  13   83]]
acc: 0.648
f1: 0.190
[[1859   55]
 [  60   36]]
acc: 0.943
f1: 0.385
3,103,coarse : 30.66 seconds
3,103,fine : 30.68 seconds
[[1223  691]
 [  13   83]]
acc: 0.650
f1: 0.191
[[1860   54]
 [  60   36]]
acc: 0.943
f1: 0.387
3,104,coarse : 31.03 seconds
3,104,fine : 31.04 seconds
[[1217  697]
 [  13   83]]
acc: 0.647
f1: 0.189
[[1858   56]
 [  59   37]]
acc: 0.943
f1: 0.392
3,105,coarse : 30.48 seconds
3,105,fine : 30.49 seconds
[[1216  698]
 [  13   83]]
acc: 0.646
f1: 0.189
[[1860   54]
 [  59   37]]
acc: 0.944
f1: 0.396
3,106,coarse : 32.17 seconds
3,106,fine : 32.18 seconds
[[1208  706]
 [  13   83]]
acc: 0.642
f1: 0.188
[[1859   55]
 [  60   36]]
acc: 0.943
f1: 0.385
3,107,coarse : 31.35 seconds
3,107,fine : 31.37 seconds
[[1210  704]
 [  13   83]]
acc: 0.643
f1: 0.188
[[1859   55]
 [  59   37]]
acc: 0.943
f1: 0.394
3,108,coarse : 32.46 seconds
3,108,fine : 32.47 seconds
[[1207  707]
 [  13   83]]
acc: 0.642
f1: 0.187
[[1858   56]
 [  58   38]]
acc: 0.943
f1: 0.400
3,109,coarse : 32.31 seconds
3,109,fine : 32.32 seconds
[[1212  702]
 [  13   83]]
acc: 0.644
f1: 0.188
[[1858   56]
 [  57   39]]
acc: 0.944
f1: 0.408
3,110,coarse : 33.02 seconds
3,110,fine : 33.03 seconds
[[1206  708]
 [  13   83]]
acc: 0.641
f1: 0.187
[[1860   54]
 [  57   39]]
acc: 0.945
f1: 0.413
3,111,coarse : 31.85 seconds
3,111,fine : 31.87 seconds
[[1209  705]
 [  13   83]]
acc: 0.643
f1: 0.188
[[1861   53]
 [  56   40]]
acc: 0.946
f1: 0.423
3,112,coarse : 33.19 seconds
3,112,fine : 33.2 seconds
[[1209  705]
 [  13   83]]
acc: 0.643
f1: 0.188
[[1861   53]
 [  56   40]]
acc: 0.946
f1: 0.423
3,113,coarse : 32.97 seconds
3,113,fine : 32.98 seconds
[[1209  705]
 [  13   83]]
acc: 0.643
f1: 0.188
[[1861   53]
 [  57   39]]
acc: 0.945
f1: 0.415
3,114,coarse : 33.37 seconds
3,114,fine : 33.38 seconds
[[1206  708]
 [  13   83]]
acc: 0.641
f1: 0.187
[[1860   54]
 [  56   40]]
acc: 0.945
f1: 0.421
3,115,coarse : 35.21 seconds
3,115,fine : 35.22 seconds
[[1207  707]
 [  13   83]]
acc: 0.642
f1: 0.187
[[1860   54]
 [  56   40]]
acc: 0.945
f1: 0.421
3,116,coarse : 33.86 seconds
3,116,fine : 33.87 seconds
[[1208  706]
 [  13   83]]
acc: 0.642
f1: 0.188
[[1858   56]
 [  56   40]]
acc: 0.944
f1: 0.417
3,117,coarse : 34.69 seconds
3,117,fine : 34.7 seconds
[[1208  706]
 [  13   83]]
acc: 0.642
f1: 0.188
[[1855   59]
 [  57   39]]
acc: 0.942
f1: 0.402
3,118,coarse : 33.68 seconds
3,118,fine : 33.7 seconds
[[1210  704]
 [  13   83]]
acc: 0.643
f1: 0.188
[[1857   57]
 [  58   38]]
acc: 0.943
f1: 0.398
3,119,coarse : 35.09 seconds
3,119,fine : 35.11 seconds
[[1211  703]
 [  13   83]]
acc: 0.644
f1: 0.188
[[1858   56]
 [  57   39]]
acc: 0.944
f1: 0.408
3,120,coarse : 35.52 seconds
3,120,fine : 35.53 seconds
[[1213  701]
 [  13   83]]
acc: 0.645
f1: 0.189
[[1857   57]
 [  57   39]]
acc: 0.943
f1: 0.406
3,121,coarse : 36.63 seconds
3,121,fine : 36.64 seconds
[[1209  705]
 [  13   83]]
acc: 0.643
f1: 0.188
[[1856   58]
 [  56   40]]
acc: 0.943
f1: 0.412
3,122,coarse : 36.25 seconds
3,122,fine : 36.26 seconds
[[1208  706]
 [  13   83]]
acc: 0.642
f1: 0.188
[[1858   56]
 [  57   39]]
acc: 0.944
f1: 0.408
3,123,coarse : 36.05 seconds
3,123,fine : 36.07 seconds
[[1214  700]
 [  13   83]]
acc: 0.645
f1: 0.189
[[1858   56]
 [  56   40]]
acc: 0.944
f1: 0.417
3,124,coarse : 36.96 seconds
3,124,fine : 36.98 seconds
[[1218  696]
 [  13   83]]
acc: 0.647
f1: 0.190
[[1858   56]
 [  57   39]]
acc: 0.944
f1: 0.408
3,125,coarse : 36.47 seconds
3,125,fine : 36.49 seconds
[[1218  696]
 [  13   83]]
acc: 0.647
f1: 0.190
[[1858   56]
 [  57   39]]
acc: 0.944
f1: 0.408
3,126,coarse : 38.06 seconds
3,126,fine : 38.07 seconds
[[1222  692]
 [  13   83]]
acc: 0.649
f1: 0.191
[[1858   56]
 [  56   40]]
acc: 0.944
f1: 0.417
3,127,coarse : 37.87 seconds
3,127,fine : 37.89 seconds
[[1222  692]
 [  13   83]]
acc: 0.649
f1: 0.191
[[1856   58]
 [  56   40]]
acc: 0.943
f1: 0.412
3,128,coarse : 38.67 seconds
3,128,fine : 38.68 seconds
[[1228  686]
 [  13   83]]
acc: 0.652
f1: 0.192
[[1856   58]
 [  56   40]]
acc: 0.943
f1: 0.412
3,129,coarse : 39.72 seconds
3,129,fine : 39.73 seconds
[[1229  685]
 [  13   83]]
acc: 0.653
f1: 0.192
[[1854   60]
 [  56   40]]
acc: 0.942
f1: 0.408
3,130,coarse : 40.71 seconds
3,130,fine : 40.73 seconds
[[1233  681]
 [  13   83]]
acc: 0.655
f1: 0.193
[[1854   60]
 [  56   40]]
acc: 0.942
f1: 0.408
3,131,coarse : 40.99 seconds
3,131,fine : 41.01 seconds
[[1235  679]
 [  13   83]]
acc: 0.656
f1: 0.193
[[1854   60]
 [  56   40]]
acc: 0.942
f1: 0.408
3,132,coarse : 40.95 seconds
3,132,fine : 40.96 seconds
[[1226  688]
 [  13   83]]
acc: 0.651
f1: 0.191
[[1854   60]
 [  56   40]]
acc: 0.942
f1: 0.408
3,133,coarse : 40.59 seconds
3,133,fine : 40.6 seconds
[[1229  685]
 [  13   83]]
acc: 0.653
f1: 0.192
[[1855   59]
 [  56   40]]
acc: 0.943
f1: 0.410
3,134,coarse : 41.31 seconds
3,134,fine : 41.32 seconds
[[1229  685]
 [  13   83]]
acc: 0.653
f1: 0.192
[[1856   58]
 [  56   40]]
acc: 0.943
f1: 0.412
3,135,coarse : 41.31 seconds
3,135,fine : 41.32 seconds
[[1234  680]
 [  13   83]]
acc: 0.655
f1: 0.193
[[1856   58]
 [  56   40]]
acc: 0.943
f1: 0.412
3,136,coarse : 41.11 seconds
3,136,fine : 41.13 seconds
[[1228  686]
 [  13   83]]
acc: 0.652
f1: 0.192
[[1854   60]
 [  56   40]]
acc: 0.942
f1: 0.408
3,137,coarse : 41.93 seconds
3,137,fine : 41.94 seconds
[[1233  681]
 [  13   83]]
acc: 0.655
f1: 0.193
[[1856   58]
 [  55   41]]
acc: 0.944
f1: 0.421
3,138,coarse : 42.52 seconds
3,138,fine : 42.54 seconds
[[1235  679]
 [  13   83]]
acc: 0.656
f1: 0.193
[[1855   59]
 [  55   41]]
acc: 0.943
f1: 0.418
3,139,coarse : 42.83 seconds
3,139,fine : 42.85 seconds
[[1235  679]
 [  13   83]]
acc: 0.656
f1: 0.193
[[1853   61]
 [  54   42]]
acc: 0.943
f1: 0.422
3,140,coarse : 44.17 seconds
3,140,fine : 44.19 seconds
[[1238  676]
 [  13   83]]
acc: 0.657
f1: 0.194
[[1851   63]
 [  55   41]]
acc: 0.941
f1: 0.410
3,141,coarse : 44.3 seconds
3,141,fine : 44.31 seconds
[[1242  672]
 [  13   83]]
acc: 0.659
f1: 0.195
[[1852   62]
 [  55   41]]
acc: 0.942
f1: 0.412
3,142,coarse : 44.42 seconds
3,142,fine : 44.44 seconds
[[1235  679]
 [  13   83]]
acc: 0.656
f1: 0.193
[[1853   61]
 [  54   42]]
acc: 0.943
f1: 0.422
3,143,coarse : 44.84 seconds
3,143,fine : 44.85 seconds
[[1240  674]
 [  13   83]]
acc: 0.658
f1: 0.195
[[1851   63]
 [  52   44]]
acc: 0.943
f1: 0.433
3,144,coarse : 45.33 seconds
3,144,fine : 45.35 seconds
[[1240  674]
 [  14   82]]
acc: 0.658
f1: 0.192
[[1850   64]
 [  52   44]]
acc: 0.942
f1: 0.431
3,145,coarse : 45.13 seconds
3,145,fine : 45.14 seconds
[[1242  672]
 [  14   82]]
acc: 0.659
f1: 0.193
[[1850   64]
 [  53   43]]
acc: 0.942
f1: 0.424
3,146,coarse : 45.48 seconds
3,146,fine : 45.49 seconds
[[1236  678]
 [  14   82]]
acc: 0.656
f1: 0.192
[[1849   65]
 [  53   43]]
acc: 0.941
f1: 0.422
3,147,coarse : 45.82 seconds
3,147,fine : 45.84 seconds
[[1236  678]
 [  14   82]]
acc: 0.656
f1: 0.192
[[1852   62]
 [  52   44]]
acc: 0.943
f1: 0.436
3,148,coarse : 45.77 seconds
3,148,fine : 45.78 seconds
[[1237  677]
 [  14   82]]
acc: 0.656
f1: 0.192
[[1851   63]
 [  52   44]]
acc: 0.943
f1: 0.433
3,149,coarse : 45.86 seconds
3,149,fine : 45.88 seconds
[[1239  675]
 [  14   82]]
acc: 0.657
f1: 0.192
[[1849   65]
 [  52   44]]
acc: 0.942
f1: 0.429
3,150,coarse : 47.3 seconds
3,150,fine : 47.32 seconds
[[1231  683]
 [  13   83]]
acc: 0.654
f1: 0.193
[[1849   65]
 [  51   45]]
acc: 0.942
f1: 0.437
3,151,coarse : 46.7 seconds
3,151,fine : 46.72 seconds
[[1238  676]
 [  13   83]]
acc: 0.657
f1: 0.194
[[1849   65]
 [  52   44]]
acc: 0.942
f1: 0.429
3,152,coarse : 47.44 seconds
3,152,fine : 47.45 seconds
[[1239  675]
 [  13   83]]
acc: 0.658
f1: 0.194
[[1848   66]
 [  51   45]]
acc: 0.942
f1: 0.435
3,153,coarse : 47.73 seconds
3,153,fine : 47.75 seconds
[[1238  676]
 [  13   83]]
acc: 0.657
f1: 0.194
[[1850   64]
 [  49   47]]
acc: 0.944
f1: 0.454
3,154,coarse : 48.5 seconds
3,154,fine : 48.52 seconds
[[1240  674]
 [  13   83]]
acc: 0.658
f1: 0.195
[[1851   63]
 [  50   46]]
acc: 0.944
f1: 0.449
3,155,coarse : 48.75 seconds
3,155,fine : 48.77 seconds
[[1243  671]
 [  13   83]]
acc: 0.660
f1: 0.195
[[1851   63]
 [  50   46]]
acc: 0.944
f1: 0.449
3,156,coarse : 49.13 seconds
3,156,fine : 49.15 seconds
[[1236  678]
 [  13   83]]
acc: 0.656
f1: 0.194
[[1850   64]
 [  50   46]]
acc: 0.943
f1: 0.447
3,157,coarse : 50.26 seconds
3,157,fine : 50.28 seconds
[[1234  680]
 [  13   83]]
acc: 0.655
f1: 0.193
[[1851   63]
 [  50   46]]
acc: 0.944
f1: 0.449
3,158,coarse : 49.67 seconds
3,158,fine : 49.69 seconds
[[1237  677]
 [  13   83]]
acc: 0.657
f1: 0.194
[[1851   63]
 [  50   46]]
acc: 0.944
f1: 0.449
3,159,coarse : 50.17 seconds
3,159,fine : 50.19 seconds
[[1237  677]
 [  13   83]]
acc: 0.657
f1: 0.194
[[1850   64]
 [  50   46]]
acc: 0.943
f1: 0.447
3,160,coarse : 49.57 seconds
3,160,fine : 49.59 seconds
[[1240  674]
 [  13   83]]
acc: 0.658
f1: 0.195
[[1851   63]
 [  50   46]]
acc: 0.944
f1: 0.449
3,161,coarse : 51.18 seconds
3,161,fine : 51.19 seconds
[[1240  674]
 [  13   83]]
acc: 0.658
f1: 0.195
[[1851   63]
 [  49   47]]
acc: 0.944
f1: 0.456
3,162,coarse : 53.9 seconds
3,162,fine : 53.92 seconds
[[1240  674]
 [  13   83]]
acc: 0.658
f1: 0.195
[[1850   64]
 [  49   47]]
acc: 0.944
f1: 0.454
3,163,coarse : 55.04 seconds
3,163,fine : 55.05 seconds
[[1244  670]
 [  13   83]]
acc: 0.660
f1: 0.196
[[1850   64]
 [  49   47]]
acc: 0.944
f1: 0.454
3,164,coarse : 54.99 seconds
3,164,fine : 55.01 seconds
[[1246  668]
 [  13   83]]
acc: 0.661
f1: 0.196
[[1853   61]
 [  49   47]]
acc: 0.945
f1: 0.461
3,165,coarse : 54.88 seconds
3,165,fine : 54.9 seconds
[[1249  665]
 [  13   83]]
acc: 0.663
f1: 0.197
[[1851   63]
 [  49   47]]
acc: 0.944
f1: 0.456
3,166,coarse : 55.53 seconds
3,166,fine : 55.55 seconds
[[1251  663]
 [  13   83]]
acc: 0.664
f1: 0.197
[[1852   62]
 [  49   47]]
acc: 0.945
f1: 0.459
3,167,coarse : 54.77 seconds
3,167,fine : 54.78 seconds
[[1251  663]
 [  13   83]]
acc: 0.664
f1: 0.197
[[1848   66]
 [  47   49]]
acc: 0.944
f1: 0.464
3,168,coarse : 54.77 seconds
3,168,fine : 54.78 seconds
[[1247  667]
 [  13   83]]
acc: 0.662
f1: 0.196
[[1847   67]
 [  47   49]]
acc: 0.943
f1: 0.462
3,169,coarse : 57.14 seconds
3,169,fine : 57.16 seconds
[[1249  665]
 [  13   83]]
acc: 0.663
f1: 0.197
[[1847   67]
 [  47   49]]
acc: 0.943
f1: 0.462
3,170,coarse : 57.7 seconds
3,170,fine : 57.72 seconds
[[1246  668]
 [  13   83]]
acc: 0.661
f1: 0.196
[[1846   68]
 [  45   51]]
acc: 0.944
f1: 0.474
3,171,coarse : 52.54 seconds
3,171,fine : 52.56 seconds
[[1247  667]
 [  13   83]]
acc: 0.662
f1: 0.196
[[1845   69]
 [  45   51]]
acc: 0.943
f1: 0.472
3,172,coarse : 51.55 seconds
3,172,fine : 51.57 seconds
