all           0      1    2    3    4    5    6    7    8    
1      2010   1914   1    19   32   19   1    11   6    7    
2      2010   1914   1    19   32   19   1    11   6    7    
3      2010   1914   1    19   32   19   1    11   5    8    
4      2010   1914   1    19   32   19   1    10   6    8    
5      2010   1914   1    18   33   19   1    10   6    8    
6      2010   1914   1    18   33   19   1    10   6    8    
7      2010   1913   2    18   33   19   1    10   6    8    
8      2010   1913   2    18   33   19   1    10   6    8    
9      2009   1913   2    18   32   19   2    10   6    7    
10     2009   1913   1    19   32   19   1    11   6    7    
Total  20098  19136  13   185  324  190  11   104  59   76   
train         0      1    2    3    4    5    6    7    8    
1      2010   1914   1    19   32   19   1    11   6    7    
2      2010   1914   1    19   32   19   1    11   6    7    
3      2010   1914   1    19   32   19   1    11   5    8    
4      2010   1914   1    19   32   19   1    10   6    8    
5      2010   1914   1    18   33   19   1    10   6    8    
6      2010   1914   1    18   33   19   1    10   6    8    
7      2010   1913   2    18   33   19   1    10   6    8    
8      2010   1913   2    18   33   19   1    10   6    8    
10     2009   1913   1    19   32   19   1    11   6    7    
Total  18089  17223  11   167  292  171  9    94   53   69   
test          0      1    2    3    4    5    6    7    8    
9      2009   1913   2    18   32   19   2    10   6    7    
Total  2009   1913   2    18   32   19   2    10   6    7    
train_mod     0      1    2    3    4    5    6    7    8    
1      2011   1914   1    19   32   19   2    11   6    7    
2      2010   1914   1    19   32   19   1    11   6    7    
3      2010   1914   1    19   32   19   1    11   5    8    
4      2010   1914   1    19   32   19   1    10   6    8    
5      2010   1914   1    18   33   19   1    10   6    8    
6      2010   1914   1    18   33   19   1    10   6    8    
7      2010   1913   2    18   33   19   1    10   6    8    
8      2010   1913   2    18   33   19   1    10   6    8    
10     2009   1913   1    19   32   19   1    11   6    7    
Total  18090  17223  11   167  292  171  10   94   53   69   
test_mod      0      1    2    3    4    5    6    7    8    
9      2008   1913   2    18   32   19   1    10   6    7    
Total  2008   1913   2    18   32   19   1    10   6    7    
Classes             
0         17223     
1         11        
2         167       
3         292       
4         171       
5         10        
6         94        
7         53        
8         69        
Total     18090     

Shape: 450       

[952, 10, 11, 16, 11, 10, 10, 10, 10]
Sum start => 1040
[[1010  903]
 [  12   83]]
acc: 0.544
f1: 0.154
[[1887   26]
 [  84   11]]
acc: 0.945
f1: 0.167
9,1,coarse : 43.28 seconds
9,1,fine : 43.29 seconds
[[1010  903]
 [  12   83]]
acc: 0.544
f1: 0.154
[[1887   26]
 [  84   11]]
acc: 0.945
f1: 0.167
9,2,coarse : 46.53 seconds
9,2,fine : 46.53 seconds
[[1026  887]
 [  11   84]]
acc: 0.553
f1: 0.158
[[1888   25]
 [  85   10]]
acc: 0.945
f1: 0.154
9,3,coarse : 6.83 seconds
9,3,fine : 6.83 seconds
[[1045  868]
 [  11   84]]
acc: 0.562
f1: 0.160
[[1893   20]
 [  85   10]]
acc: 0.948
f1: 0.160
9,4,coarse : 6.18 seconds
9,4,fine : 6.19 seconds
[[1079  834]
 [  11   84]]
acc: 0.579
f1: 0.166
[[1896   17]
 [  86    9]]
acc: 0.949
f1: 0.149
9,5,coarse : 6.43 seconds
9,5,fine : 6.43 seconds
[[1090  823]
 [  11   84]]
acc: 0.585
f1: 0.168
[[1898   15]
 [  86    9]]
acc: 0.950
f1: 0.151
9,6,coarse : 7.19 seconds
9,6,fine : 7.2 seconds
[[1106  807]
 [  11   84]]
acc: 0.593
f1: 0.170
[[1899   14]
 [  86    9]]
acc: 0.950
f1: 0.153
9,7,coarse : 6.66 seconds
9,7,fine : 6.66 seconds
[[1122  791]
 [  11   84]]
acc: 0.601
f1: 0.173
[[1901   12]
 [  86    9]]
acc: 0.951
f1: 0.155
9,8,coarse : 6.88 seconds
9,8,fine : 6.88 seconds
[[1147  766]
 [  12   83]]
acc: 0.613
f1: 0.176
[[1901   12]
 [  86    9]]
acc: 0.951
f1: 0.155
9,9,coarse : 7.68 seconds
9,9,fine : 7.68 seconds
[[1135  778]
 [  12   83]]
acc: 0.607
f1: 0.174
[[1900   13]
 [  86    9]]
acc: 0.951
f1: 0.154
9,10,coarse : 7.36 seconds
9,10,fine : 7.37 seconds
[[1154  759]
 [  12   83]]
acc: 0.616
f1: 0.177
[[1899   14]
 [  86    9]]
acc: 0.950
f1: 0.153
9,11,coarse : 7.46 seconds
9,11,fine : 7.46 seconds
[[1127  786]
 [  12   83]]
acc: 0.603
f1: 0.172
[[1898   15]
 [  85   10]]
acc: 0.950
f1: 0.167
9,12,coarse : 8.2 seconds
9,12,fine : 8.2 seconds
[[1145  768]
 [  13   82]]
acc: 0.611
f1: 0.174
[[1899   14]
 [  85   10]]
acc: 0.951
f1: 0.168
9,13,coarse : 7.62 seconds
9,13,fine : 7.62 seconds
[[1156  757]
 [  13   82]]
acc: 0.617
f1: 0.176
[[1898   15]
 [  84   11]]
acc: 0.951
f1: 0.182
9,14,coarse : 7.9 seconds
9,14,fine : 7.91 seconds
[[1138  775]
 [  12   83]]
acc: 0.608
f1: 0.174
[[1900   13]
 [  83   12]]
acc: 0.952
f1: 0.200
9,15,coarse : 8.75 seconds
9,15,fine : 8.76 seconds
[[1157  756]
 [  12   83]]
acc: 0.618
f1: 0.178
[[1899   14]
 [  83   12]]
acc: 0.952
f1: 0.198
9,16,coarse : 8.27 seconds
9,16,fine : 8.27 seconds
[[1151  762]
 [  13   82]]
acc: 0.614
f1: 0.175
[[1898   15]
 [  82   13]]
acc: 0.952
f1: 0.211
9,17,coarse : 8.55 seconds
9,17,fine : 8.55 seconds
[[1147  766]
 [  13   82]]
acc: 0.612
f1: 0.174
[[1900   13]
 [  82   13]]
acc: 0.953
f1: 0.215
9,18,coarse : 9.73 seconds
9,18,fine : 9.73 seconds
[[1158  755]
 [  13   82]]
acc: 0.618
f1: 0.176
[[1897   16]
 [  83   12]]
acc: 0.951
f1: 0.195
9,19,coarse : 8.97 seconds
9,19,fine : 8.98 seconds
[[1149  764]
 [  13   82]]
acc: 0.613
f1: 0.174
[[1896   17]
 [  81   14]]
acc: 0.951
f1: 0.222
9,20,coarse : 9.22 seconds
9,20,fine : 9.23 seconds
[[1161  752]
 [  13   82]]
acc: 0.619
f1: 0.177
[[1892   21]
 [  79   16]]
acc: 0.950
f1: 0.242
9,21,coarse : 10.2 seconds
9,21,fine : 10.21 seconds
[[1151  762]
 [  13   82]]
acc: 0.614
f1: 0.175
[[1891   22]
 [  79   16]]
acc: 0.950
f1: 0.241
9,22,coarse : 9.41 seconds
9,22,fine : 9.41 seconds
[[1164  749]
 [  13   82]]
acc: 0.621
f1: 0.177
[[1893   20]
 [  75   20]]
acc: 0.953
f1: 0.296
9,23,coarse : 9.75 seconds
9,23,fine : 9.76 seconds
[[1175  738]
 [  12   83]]
acc: 0.626
f1: 0.181
[[1891   22]
 [  75   20]]
acc: 0.952
f1: 0.292
9,24,coarse : 10.47 seconds
9,24,fine : 10.47 seconds
[[1175  738]
 [  13   82]]
acc: 0.626
f1: 0.179
[[1892   21]
 [  73   22]]
acc: 0.953
f1: 0.319
9,25,coarse : 10.07 seconds
9,25,fine : 10.07 seconds
[[1187  726]
 [  13   82]]
acc: 0.632
f1: 0.182
[[1894   19]
 [  73   22]]
acc: 0.954
f1: 0.324
9,26,coarse : 10.07 seconds
9,26,fine : 10.08 seconds
[[1172  741]
 [  13   82]]
acc: 0.625
f1: 0.179
[[1888   25]
 [  72   23]]
acc: 0.952
f1: 0.322
9,27,coarse : 11.18 seconds
9,27,fine : 11.18 seconds
[[1183  730]
 [  13   82]]
acc: 0.630
f1: 0.181
[[1889   24]
 [  70   25]]
acc: 0.953
f1: 0.347
9,28,coarse : 10.78 seconds
9,28,fine : 10.79 seconds
[[1192  721]
 [  14   81]]
acc: 0.634
f1: 0.181
[[1884   29]
 [  68   27]]
acc: 0.952
f1: 0.358
9,29,coarse : 10.91 seconds
9,29,fine : 10.91 seconds
[[1180  733]
 [  15   80]]
acc: 0.627
f1: 0.176
[[1882   31]
 [  68   27]]
acc: 0.951
f1: 0.353
9,30,coarse : 11.84 seconds
9,30,fine : 11.85 seconds
[[1189  724]
 [  15   80]]
acc: 0.632
f1: 0.178
[[1884   29]
 [  68   27]]
acc: 0.952
f1: 0.358
9,31,coarse : 11.33 seconds
9,31,fine : 11.34 seconds
[[1174  739]
 [  13   82]]
acc: 0.625
f1: 0.179
[[1886   27]
 [  68   27]]
acc: 0.953
f1: 0.362
9,32,coarse : 11.56 seconds
9,32,fine : 11.57 seconds
[[1187  726]
 [  12   83]]
acc: 0.632
f1: 0.184
[[1886   27]
 [  69   26]]
acc: 0.952
f1: 0.351
9,33,coarse : 12.56 seconds
9,33,fine : 12.57 seconds
[[1197  716]
 [  12   83]]
acc: 0.637
f1: 0.186
[[1884   29]
 [  69   26]]
acc: 0.951
f1: 0.347
9,34,coarse : 11.98 seconds
9,34,fine : 11.98 seconds
[[1207  706]
 [  12   83]]
acc: 0.642
f1: 0.188
[[1883   30]
 [  68   27]]
acc: 0.951
f1: 0.355
9,35,coarse : 12.35 seconds
9,35,fine : 12.36 seconds
[[1220  693]
 [  12   83]]
acc: 0.649
f1: 0.191
[[1882   31]
 [  68   27]]
acc: 0.951
f1: 0.353
9,36,coarse : 13.26 seconds
9,36,fine : 13.26 seconds
[[1222  691]
 [  12   83]]
acc: 0.650
f1: 0.191
[[1878   35]
 [  67   28]]
acc: 0.949
f1: 0.354
9,37,coarse : 12.91 seconds
9,37,fine : 12.91 seconds
[[1215  698]
 [  13   82]]
acc: 0.646
f1: 0.187
[[1877   36]
 [  63   32]]
acc: 0.951
f1: 0.393
9,38,coarse : 12.77 seconds
9,38,fine : 12.77 seconds
[[1226  687]
 [  14   81]]
acc: 0.651
f1: 0.188
[[1876   37]
 [  64   31]]
acc: 0.950
f1: 0.380
9,39,coarse : 13.62 seconds
9,39,fine : 13.63 seconds
[[1229  684]
 [  14   81]]
acc: 0.652
f1: 0.188
[[1875   38]
 [  63   32]]
acc: 0.950
f1: 0.388
9,40,coarse : 13.31 seconds
9,40,fine : 13.31 seconds
[[1215  698]
 [  15   80]]
acc: 0.645
f1: 0.183
[[1872   41]
 [  63   32]]
acc: 0.948
f1: 0.381
9,41,coarse : 13.87 seconds
9,41,fine : 13.87 seconds
[[1207  706]
 [  16   79]]
acc: 0.640
f1: 0.180
[[1873   40]
 [  61   34]]
acc: 0.950
f1: 0.402
9,42,coarse : 14.51 seconds
9,42,fine : 14.51 seconds
[[1213  700]
 [  16   79]]
acc: 0.643
f1: 0.181
[[1875   38]
 [  62   33]]
acc: 0.950
f1: 0.398
9,43,coarse : 14.16 seconds
9,43,fine : 14.17 seconds
[[1199  714]
 [  15   80]]
acc: 0.637
f1: 0.180
[[1874   39]
 [  63   32]]
acc: 0.949
f1: 0.386
9,44,coarse : 14.7 seconds
9,44,fine : 14.7 seconds
[[1202  711]
 [  16   79]]
acc: 0.638
f1: 0.179
[[1876   37]
 [  63   32]]
acc: 0.950
f1: 0.390
9,45,coarse : 15.15 seconds
9,45,fine : 15.15 seconds
[[1188  725]
 [  14   81]]
acc: 0.632
f1: 0.180
[[1878   35]
 [  63   32]]
acc: 0.951
f1: 0.395
9,46,coarse : 14.56 seconds
9,46,fine : 14.57 seconds
[[1193  720]
 [  14   81]]
acc: 0.634
f1: 0.181
[[1875   38]
 [  63   32]]
acc: 0.950
f1: 0.388
9,47,coarse : 15.03 seconds
9,47,fine : 15.03 seconds
[[1185  728]
 [  13   82]]
acc: 0.631
f1: 0.181
[[1872   41]
 [  62   33]]
acc: 0.949
f1: 0.391
9,48,coarse : 15.78 seconds
9,48,fine : 15.79 seconds
[[1188  725]
 [  13   82]]
acc: 0.632
f1: 0.182
[[1871   42]
 [  63   32]]
acc: 0.948
f1: 0.379
9,49,coarse : 15.42 seconds
9,49,fine : 15.43 seconds
[[1195  718]
 [  14   81]]
acc: 0.635
f1: 0.181
[[1871   42]
 [  61   34]]
acc: 0.949
f1: 0.398
9,50,coarse : 15.45 seconds
9,50,fine : 15.46 seconds
[[1197  716]
 [  14   81]]
acc: 0.636
f1: 0.182
[[1871   42]
 [  61   34]]
acc: 0.949
f1: 0.398
9,51,coarse : 16.66 seconds
9,51,fine : 16.67 seconds
[[1199  714]
 [  14   81]]
acc: 0.637
f1: 0.182
[[1872   41]
 [  61   34]]
acc: 0.949
f1: 0.400
9,52,coarse : 16.06 seconds
9,52,fine : 16.06 seconds
[[1206  707]
 [  14   81]]
acc: 0.641
f1: 0.183
[[1874   39]
 [  61   34]]
acc: 0.950
f1: 0.405
9,53,coarse : 16.26 seconds
9,53,fine : 16.27 seconds
[[1207  706]
 [  16   79]]
acc: 0.640
f1: 0.180
[[1870   43]
 [  62   33]]
acc: 0.948
f1: 0.386
9,54,coarse : 17.18 seconds
9,54,fine : 17.19 seconds
[[1201  712]
 [  15   80]]
acc: 0.638
f1: 0.180
[[1869   44]
 [  63   32]]
acc: 0.947
f1: 0.374
9,55,coarse : 16.65 seconds
9,55,fine : 16.66 seconds
[[1193  720]
 [  14   81]]
acc: 0.634
f1: 0.181
[[1868   45]
 [  61   34]]
acc: 0.947
f1: 0.391
9,56,coarse : 16.98 seconds
9,56,fine : 16.99 seconds
[[1184  729]
 [  15   80]]
acc: 0.629
f1: 0.177
[[1870   43]
 [  61   34]]
acc: 0.948
f1: 0.395
9,57,coarse : 17.79 seconds
9,57,fine : 17.8 seconds
[[1190  723]
 [  14   81]]
acc: 0.633
f1: 0.180
[[1872   41]
 [  61   34]]
acc: 0.949
f1: 0.400
9,58,coarse : 17.39 seconds
9,58,fine : 17.4 seconds
[[1194  719]
 [  15   80]]
acc: 0.634
f1: 0.179
[[1872   41]
 [  61   34]]
acc: 0.949
f1: 0.400
9,59,coarse : 17.51 seconds
9,59,fine : 17.52 seconds
[[1194  719]
 [  14   81]]
acc: 0.635
f1: 0.181
[[1873   40]
 [  61   34]]
acc: 0.950
f1: 0.402
9,60,coarse : 18.31 seconds
9,60,fine : 18.32 seconds
[[1202  711]
 [  14   81]]
acc: 0.639
f1: 0.183
[[1872   41]
 [  61   34]]
acc: 0.949
f1: 0.400
9,61,coarse : 17.77 seconds
9,61,fine : 17.78 seconds
[[1190  723]
 [  13   82]]
acc: 0.633
f1: 0.182
[[1872   41]
 [  61   34]]
acc: 0.949
f1: 0.400
9,62,coarse : 18.1 seconds
9,62,fine : 18.11 seconds
[[1192  721]
 [  12   83]]
acc: 0.635
f1: 0.185
[[1871   42]
 [  61   34]]
acc: 0.949
f1: 0.398
9,63,coarse : 19.11 seconds
9,63,fine : 19.12 seconds
[[1193  720]
 [  13   82]]
acc: 0.635
f1: 0.183
[[1873   40]
 [  61   34]]
acc: 0.950
f1: 0.402
9,64,coarse : 18.85 seconds
9,64,fine : 18.86 seconds
[[1194  719]
 [  12   83]]
acc: 0.636
f1: 0.185
[[1872   41]
 [  62   33]]
acc: 0.949
f1: 0.391
9,65,coarse : 19.29 seconds
9,65,fine : 19.3 seconds
[[1193  720]
 [  12   83]]
acc: 0.635
f1: 0.185
[[1870   43]
 [  61   34]]
acc: 0.948
f1: 0.395
9,66,coarse : 19.65 seconds
9,66,fine : 19.65 seconds
[[1200  713]
 [  12   83]]
acc: 0.639
f1: 0.186
[[1871   42]
 [  61   34]]
acc: 0.949
f1: 0.398
9,67,coarse : 19.18 seconds
9,67,fine : 19.19 seconds
[[1200  713]
 [  12   83]]
acc: 0.639
f1: 0.186
[[1872   41]
 [  62   33]]
acc: 0.949
f1: 0.391
9,68,coarse : 19.29 seconds
9,68,fine : 19.3 seconds
[[1205  708]
 [  12   83]]
acc: 0.641
f1: 0.187
[[1870   43]
 [  61   34]]
acc: 0.948
f1: 0.395
9,69,coarse : 20.42 seconds
9,69,fine : 20.43 seconds
[[1210  703]
 [  12   83]]
acc: 0.644
f1: 0.188
[[1869   44]
 [  60   35]]
acc: 0.948
f1: 0.402
9,70,coarse : 20.17 seconds
9,70,fine : 20.18 seconds
[[1195  718]
 [  12   83]]
acc: 0.636
f1: 0.185
[[1869   44]
 [  61   34]]
acc: 0.948
f1: 0.393
9,71,coarse : 20.12 seconds
9,71,fine : 20.13 seconds
[[1194  719]
 [  12   83]]
acc: 0.636
f1: 0.185
[[1866   47]
 [  60   35]]
acc: 0.947
f1: 0.395
9,72,coarse : 20.97 seconds
9,72,fine : 20.98 seconds
[[1191  722]
 [  12   83]]
acc: 0.634
f1: 0.184
[[1864   49]
 [  61   34]]
acc: 0.945
f1: 0.382
9,73,coarse : 20.19 seconds
9,73,fine : 20.2 seconds
[[1195  718]
 [  12   83]]
acc: 0.636
f1: 0.185
[[1866   47]
 [  61   34]]
acc: 0.946
f1: 0.386
9,74,coarse : 21.06 seconds
9,74,fine : 21.07 seconds
[[1190  723]
 [  12   83]]
acc: 0.634
f1: 0.184
[[1866   47]
 [  61   34]]
acc: 0.946
f1: 0.386
9,75,coarse : 21.6 seconds
9,75,fine : 21.61 seconds
[[1193  720]
 [  12   83]]
acc: 0.635
f1: 0.185
[[1868   45]
 [  60   35]]
acc: 0.948
f1: 0.400
9,76,coarse : 20.79 seconds
9,76,fine : 20.8 seconds
[[1196  717]
 [  12   83]]
acc: 0.637
f1: 0.185
[[1867   46]
 [  60   35]]
acc: 0.947
f1: 0.398
9,77,coarse : 21.53 seconds
9,77,fine : 21.54 seconds
[[1207  706]
 [  12   83]]
acc: 0.642
f1: 0.188
[[1867   46]
 [  59   36]]
acc: 0.948
f1: 0.407
9,78,coarse : 21.55 seconds
9,78,fine : 21.56 seconds
[[1209  704]
 [  12   83]]
acc: 0.643
f1: 0.188
[[1866   47]
 [  59   36]]
acc: 0.947
f1: 0.404
9,79,coarse : 20.82 seconds
9,79,fine : 20.83 seconds
[[1202  711]
 [  12   83]]
acc: 0.640
f1: 0.187
[[1868   45]
 [  59   36]]
acc: 0.948
f1: 0.409
9,80,coarse : 21.6 seconds
9,80,fine : 21.61 seconds
[[1206  707]
 [  14   81]]
acc: 0.641
f1: 0.183
[[1868   45]
 [  58   37]]
acc: 0.949
f1: 0.418
9,81,coarse : 21.78 seconds
9,81,fine : 21.79 seconds
[[1211  702]
 [  14   81]]
acc: 0.643
f1: 0.185
[[1866   47]
 [  59   36]]
acc: 0.947
f1: 0.404
9,82,coarse : 21.73 seconds
9,82,fine : 21.74 seconds
[[1215  698]
 [  14   81]]
acc: 0.645
f1: 0.185
[[1867   46]
 [  59   36]]
acc: 0.948
f1: 0.407
9,83,coarse : 22.15 seconds
9,83,fine : 22.16 seconds
[[1210  703]
 [  14   81]]
acc: 0.643
f1: 0.184
[[1863   50]
 [  57   38]]
acc: 0.947
f1: 0.415
9,84,coarse : 23.73 seconds
9,84,fine : 23.74 seconds
[[1214  699]
 [  14   81]]
acc: 0.645
f1: 0.185
[[1864   49]
 [  57   38]]
acc: 0.947
f1: 0.418
9,85,coarse : 23.25 seconds
9,85,fine : 23.26 seconds
[[1212  701]
 [  14   81]]
acc: 0.644
f1: 0.185
[[1865   48]
 [  57   38]]
acc: 0.948
f1: 0.420
9,86,coarse : 23.59 seconds
9,86,fine : 23.6 seconds
[[1216  697]
 [  15   80]]
acc: 0.645
f1: 0.183
[[1866   47]
 [  57   38]]
acc: 0.948
f1: 0.422
9,87,coarse : 24.86 seconds
9,87,fine : 24.87 seconds
[[1211  702]
 [  14   81]]
acc: 0.643
f1: 0.185
[[1866   47]
 [  58   37]]
acc: 0.948
f1: 0.413
9,88,coarse : 23.99 seconds
9,88,fine : 24.0 seconds
[[1214  699]
 [  14   81]]
acc: 0.645
f1: 0.185
[[1863   50]
 [  56   39]]
acc: 0.947
f1: 0.424
9,89,coarse : 24.0 seconds
9,89,fine : 24.01 seconds
[[1220  693]
 [  14   81]]
acc: 0.648
f1: 0.186
[[1863   50]
 [  56   39]]
acc: 0.947
f1: 0.424
9,90,coarse : 24.53 seconds
9,90,fine : 24.54 seconds
[[1228  685]
 [  14   81]]
acc: 0.652
f1: 0.188
[[1865   48]
 [  58   37]]
acc: 0.947
f1: 0.411
9,91,coarse : 24.49 seconds
9,91,fine : 24.5 seconds
[[1219  694]
 [  14   81]]
acc: 0.647
f1: 0.186
[[1865   48]
 [  58   37]]
acc: 0.947
f1: 0.411
9,92,coarse : 25.1 seconds
9,92,fine : 25.11 seconds
[[1215  698]
 [  14   81]]
acc: 0.645
f1: 0.185
[[1863   50]
 [  58   37]]
acc: 0.946
f1: 0.407
9,93,coarse : 25.0 seconds
9,93,fine : 25.01 seconds
[[1216  697]
 [  14   81]]
acc: 0.646
f1: 0.186
[[1860   53]
 [  59   36]]
acc: 0.944
f1: 0.391
9,94,coarse : 25.44 seconds
9,94,fine : 25.45 seconds
[[1219  694]
 [  14   81]]
acc: 0.647
f1: 0.186
[[1860   53]
 [  59   36]]
acc: 0.944
f1: 0.391
9,95,coarse : 24.81 seconds
9,95,fine : 24.82 seconds
[[1218  695]
 [  14   81]]
acc: 0.647
f1: 0.186
[[1861   52]
 [  58   37]]
acc: 0.945
f1: 0.402
9,96,coarse : 26.22 seconds
9,96,fine : 26.23 seconds
[[1227  686]
 [  14   81]]
acc: 0.651
f1: 0.188
[[1862   51]
 [  58   37]]
acc: 0.946
f1: 0.404
9,97,coarse : 25.95 seconds
9,97,fine : 25.97 seconds
[[1218  695]
 [  13   82]]
acc: 0.647
f1: 0.188
[[1862   51]
 [  57   38]]
acc: 0.946
f1: 0.413
9,98,coarse : 26.91 seconds
9,98,fine : 26.92 seconds
[[1220  693]
 [  13   82]]
acc: 0.648
f1: 0.189
[[1863   50]
 [  57   38]]
acc: 0.947
f1: 0.415
9,99,coarse : 27.86 seconds
9,99,fine : 27.87 seconds
[[1217  696]
 [  13   82]]
acc: 0.647
f1: 0.188
[[1862   51]
 [  57   38]]
acc: 0.946
f1: 0.413
9,100,coarse : 27.78 seconds
9,100,fine : 27.79 seconds
[[1221  692]
 [  13   82]]
acc: 0.649
f1: 0.189
[[1862   51]
 [  58   37]]
acc: 0.946
f1: 0.404
9,101,coarse : 27.81 seconds
9,101,fine : 27.82 seconds
[[1216  697]
 [  13   82]]
acc: 0.646
f1: 0.188
[[1862   51]
 [  58   37]]
acc: 0.946
f1: 0.404
9,102,coarse : 28.25 seconds
9,102,fine : 28.26 seconds
[[1222  691]
 [  13   82]]
acc: 0.649
f1: 0.189
[[1862   51]
 [  57   38]]
acc: 0.946
f1: 0.413
9,103,coarse : 28.59 seconds
9,103,fine : 28.61 seconds
[[1219  694]
 [  13   82]]
acc: 0.648
f1: 0.188
[[1862   51]
 [  57   38]]
acc: 0.946
f1: 0.413
9,104,coarse : 28.73 seconds
9,104,fine : 28.75 seconds
[[1225  688]
 [  13   82]]
acc: 0.651
f1: 0.190
[[1862   51]
 [  57   38]]
acc: 0.946
f1: 0.413
9,105,coarse : 29.76 seconds
9,105,fine : 29.77 seconds
[[1234  679]
 [  13   82]]
acc: 0.655
f1: 0.192
[[1862   51]
 [  57   38]]
acc: 0.946
f1: 0.413
9,106,coarse : 29.4 seconds
9,106,fine : 29.41 seconds
[[1233  680]
 [  13   82]]
acc: 0.655
f1: 0.191
[[1864   49]
 [  56   39]]
acc: 0.948
f1: 0.426
9,107,coarse : 29.49 seconds
9,107,fine : 29.5 seconds
[[1237  676]
 [  13   82]]
acc: 0.657
f1: 0.192
[[1863   50]
 [  56   39]]
acc: 0.947
f1: 0.424
9,108,coarse : 30.42 seconds
9,108,fine : 30.44 seconds
[[1232  681]
 [  13   82]]
acc: 0.654
f1: 0.191
[[1864   49]
 [  56   39]]
acc: 0.948
f1: 0.426
9,109,coarse : 30.37 seconds
9,109,fine : 30.38 seconds
[[1226  687]
 [  13   82]]
acc: 0.651
f1: 0.190
[[1863   50]
 [  57   38]]
acc: 0.947
f1: 0.415
9,110,coarse : 30.72 seconds
9,110,fine : 30.73 seconds
[[1226  687]
 [  14   81]]
acc: 0.651
f1: 0.188
[[1862   51]
 [  56   39]]
acc: 0.947
f1: 0.422
9,111,coarse : 31.61 seconds
9,111,fine : 31.63 seconds
[[1224  689]
 [  14   81]]
acc: 0.650
f1: 0.187
[[1862   51]
 [  56   39]]
acc: 0.947
f1: 0.422
9,112,coarse : 30.89 seconds
9,112,fine : 30.9 seconds
[[1221  692]
 [  14   81]]
acc: 0.648
f1: 0.187
[[1861   52]
 [  56   39]]
acc: 0.946
f1: 0.419
9,113,coarse : 30.83 seconds
9,113,fine : 30.86 seconds
[[1218  695]
 [  14   81]]
acc: 0.647
f1: 0.186
[[1860   53]
 [  56   39]]
acc: 0.946
f1: 0.417
9,114,coarse : 32.34 seconds
9,114,fine : 32.36 seconds
[[1224  689]
 [  14   81]]
acc: 0.650
f1: 0.187
[[1860   53]
 [  55   40]]
acc: 0.946
f1: 0.426
9,115,coarse : 31.81 seconds
9,115,fine : 31.82 seconds
[[1229  684]
 [  14   81]]
acc: 0.652
f1: 0.188
[[1860   53]
 [  55   40]]
acc: 0.946
f1: 0.426
9,116,coarse : 31.93 seconds
9,116,fine : 31.95 seconds
[[1217  696]
 [  14   81]]
acc: 0.646
f1: 0.186
[[1861   52]
 [  56   39]]
acc: 0.946
f1: 0.419
9,117,coarse : 32.4 seconds
9,117,fine : 32.41 seconds
[[1218  695]
 [  14   81]]
acc: 0.647
f1: 0.186
[[1862   51]
 [  56   39]]
acc: 0.947
f1: 0.422
9,118,coarse : 31.97 seconds
9,118,fine : 31.98 seconds
[[1220  693]
 [  14   81]]
acc: 0.648
f1: 0.186
[[1861   52]
 [  56   39]]
acc: 0.946
f1: 0.419
9,119,coarse : 33.04 seconds
9,119,fine : 33.05 seconds
[[1221  692]
 [  14   81]]
acc: 0.648
f1: 0.187
[[1860   53]
 [  56   39]]
acc: 0.946
f1: 0.417
9,120,coarse : 33.74 seconds
9,120,fine : 33.75 seconds
[[1225  688]
 [  14   81]]
acc: 0.650
f1: 0.188
[[1858   55]
 [  56   39]]
acc: 0.945
f1: 0.413
9,121,coarse : 33.38 seconds
9,121,fine : 33.39 seconds
[[1223  690]
 [  14   81]]
acc: 0.649
f1: 0.187
[[1858   55]
 [  56   39]]
acc: 0.945
f1: 0.413
9,122,coarse : 34.55 seconds
9,122,fine : 34.56 seconds
[[1223  690]
 [  14   81]]
acc: 0.649
f1: 0.187
[[1857   56]
 [  55   40]]
acc: 0.945
f1: 0.419
9,123,coarse : 34.9 seconds
9,123,fine : 34.91 seconds
[[1229  684]
 [  14   81]]
acc: 0.652
f1: 0.188
[[1858   55]
 [  55   40]]
acc: 0.945
f1: 0.421
9,124,coarse : 34.7 seconds
9,124,fine : 34.72 seconds
[[1219  694]
 [  13   82]]
acc: 0.648
f1: 0.188
[[1859   54]
 [  55   40]]
acc: 0.946
f1: 0.423
9,125,coarse : 34.66 seconds
9,125,fine : 34.67 seconds
[[1219  694]
 [  13   82]]
acc: 0.648
f1: 0.188
[[1859   54]
 [  55   40]]
acc: 0.946
f1: 0.423
9,126,coarse : 34.65 seconds
9,126,fine : 34.66 seconds
[[1222  691]
 [  13   82]]
acc: 0.649
f1: 0.189
[[1859   54]
 [  55   40]]
acc: 0.946
f1: 0.423
9,127,coarse : 34.74 seconds
9,127,fine : 34.75 seconds
[[1213  700]
 [  13   82]]
acc: 0.645
f1: 0.187
[[1858   55]
 [  50   45]]
acc: 0.948
f1: 0.462
9,128,coarse : 35.09 seconds
9,128,fine : 35.1 seconds
[[1212  701]
 [  11   84]]
acc: 0.645
f1: 0.191
[[1858   55]
 [  51   44]]
acc: 0.947
f1: 0.454
9,129,coarse : 37.03 seconds
9,129,fine : 37.04 seconds
[[1202  711]
 [  11   84]]
acc: 0.640
f1: 0.189
[[1856   57]
 [  51   44]]
acc: 0.946
f1: 0.449
9,130,coarse : 35.75 seconds
9,130,fine : 35.77 seconds
[[1204  709]
 [  11   84]]
acc: 0.641
f1: 0.189
[[1856   57]
 [  51   44]]
acc: 0.946
f1: 0.449
9,131,coarse : 36.31 seconds
9,131,fine : 36.32 seconds
[[1208  705]
 [  12   83]]
acc: 0.643
f1: 0.188
[[1854   59]
 [  52   43]]
acc: 0.945
f1: 0.437
9,132,coarse : 36.68 seconds
9,132,fine : 36.7 seconds
[[1209  704]
 [  11   84]]
acc: 0.644
f1: 0.190
[[1854   59]
 [  52   43]]
acc: 0.945
f1: 0.437
9,133,coarse : 36.5 seconds
9,133,fine : 36.52 seconds
[[1212  701]
 [  11   84]]
acc: 0.645
f1: 0.191
[[1855   58]
 [  52   43]]
acc: 0.945
f1: 0.439
9,134,coarse : 36.57 seconds
9,134,fine : 36.59 seconds
[[1212  701]
 [  11   84]]
acc: 0.645
f1: 0.191
[[1853   60]
 [  52   43]]
acc: 0.944
f1: 0.434
9,135,coarse : 37.43 seconds
9,135,fine : 37.45 seconds
[[1221  692]
 [  11   84]]
acc: 0.650
f1: 0.193
[[1854   59]
 [  51   44]]
acc: 0.945
f1: 0.444
9,136,coarse : 37.22 seconds
9,136,fine : 37.24 seconds
[[1215  698]
 [  11   84]]
acc: 0.647
f1: 0.192
[[1849   64]
 [  51   44]]
acc: 0.943
f1: 0.433
9,137,coarse : 37.92 seconds
9,137,fine : 37.94 seconds
[[1218  695]
 [  11   84]]
acc: 0.648
f1: 0.192
[[1851   62]
 [  50   45]]
acc: 0.944
f1: 0.446
9,138,coarse : 37.96 seconds
9,138,fine : 37.98 seconds
[[1223  690]
 [  11   84]]
acc: 0.651
f1: 0.193
[[1850   63]
 [  51   44]]
acc: 0.943
f1: 0.436
9,139,coarse : 38.51 seconds
9,139,fine : 38.53 seconds
[[1223  690]
 [  11   84]]
acc: 0.651
f1: 0.193
[[1850   63]
 [  49   46]]
acc: 0.944
f1: 0.451
9,140,coarse : 38.14 seconds
9,140,fine : 38.15 seconds
[[1222  691]
 [  11   84]]
acc: 0.650
f1: 0.193
[[1850   63]
 [  51   44]]
acc: 0.943
f1: 0.436
9,141,coarse : 39.94 seconds
9,141,fine : 39.96 seconds
[[1221  692]
 [  11   84]]
acc: 0.650
f1: 0.193
[[1850   63]
 [  51   44]]
acc: 0.943
f1: 0.436
9,142,coarse : 39.01 seconds
9,142,fine : 39.02 seconds
[[1217  696]
 [  11   84]]
acc: 0.648
f1: 0.192
[[1852   61]
 [  50   45]]
acc: 0.945
f1: 0.448
9,143,coarse : 39.23 seconds
9,143,fine : 39.24 seconds
[[1220  693]
 [  11   84]]
acc: 0.649
f1: 0.193
[[1847   66]
 [  50   45]]
acc: 0.942
f1: 0.437
9,144,coarse : 40.0 seconds
9,144,fine : 40.02 seconds
[[1226  687]
 [  11   84]]
acc: 0.652
f1: 0.194
[[1847   66]
 [  49   46]]
acc: 0.943
f1: 0.444
9,145,coarse : 40.15 seconds
9,145,fine : 40.17 seconds
[[1224  689]
 [  10   85]]
acc: 0.652
f1: 0.196
[[1847   66]
 [  50   45]]
acc: 0.942
f1: 0.437
9,146,coarse : 39.45 seconds
9,146,fine : 39.47 seconds
[[1226  687]
 [  11   84]]
acc: 0.652
f1: 0.194
[[1847   66]
 [  49   46]]
acc: 0.943
f1: 0.444
9,147,coarse : 40.92 seconds
9,147,fine : 40.94 seconds
[[1230  683]
 [  10   85]]
acc: 0.655
f1: 0.197
[[1846   67]
 [  49   46]]
acc: 0.942
f1: 0.442
9,148,coarse : 41.12 seconds
9,148,fine : 41.13 seconds
[[1230  683]
 [  10   85]]
acc: 0.655
f1: 0.197
[[1848   65]
 [  51   44]]
acc: 0.942
f1: 0.431
9,149,coarse : 40.91 seconds
9,149,fine : 40.93 seconds
[[1218  695]
 [   9   86]]
acc: 0.649
f1: 0.196
[[1846   67]
 [  51   44]]
acc: 0.941
f1: 0.427
9,150,coarse : 42.21 seconds
9,150,fine : 42.23 seconds
[[1222  691]
 [   9   86]]
acc: 0.651
f1: 0.197
[[1844   69]
 [  50   45]]
acc: 0.941
f1: 0.431
9,151,coarse : 41.62 seconds
9,151,fine : 41.64 seconds
[[1222  691]
 [   9   86]]
acc: 0.651
f1: 0.197
[[1845   68]
 [  50   45]]
acc: 0.941
f1: 0.433
9,152,coarse : 41.72 seconds
9,152,fine : 41.74 seconds
[[1222  691]
 [  10   85]]
acc: 0.651
f1: 0.195
[[1847   66]
 [  51   44]]
acc: 0.942
f1: 0.429
9,153,coarse : 43.36 seconds
9,153,fine : 43.38 seconds
[[1223  690]
 [  10   85]]
acc: 0.651
f1: 0.195
[[1846   67]
 [  51   44]]
acc: 0.941
f1: 0.427
9,154,coarse : 41.86 seconds
9,154,fine : 41.88 seconds
[[1218  695]
 [  10   85]]
acc: 0.649
f1: 0.194
[[1848   65]
 [  51   44]]
acc: 0.942
f1: 0.431
9,155,coarse : 43.15 seconds
9,155,fine : 43.16 seconds
[[1211  702]
 [  10   85]]
acc: 0.645
f1: 0.193
[[1849   64]
 [  51   44]]
acc: 0.943
f1: 0.433
9,156,coarse : 43.88 seconds
9,156,fine : 43.9 seconds
[[1213  700]
 [  11   84]]
acc: 0.646
f1: 0.191
[[1847   66]
 [  51   44]]
acc: 0.942
f1: 0.429
9,157,coarse : 43.22 seconds
9,157,fine : 43.24 seconds
[[1215  698]
 [  11   84]]
acc: 0.647
f1: 0.192
[[1847   66]
 [  51   44]]
acc: 0.942
f1: 0.429
9,158,coarse : 43.6 seconds
9,158,fine : 43.62 seconds
[[1215  698]
 [  10   85]]
acc: 0.647
f1: 0.194
[[1848   65]
 [  51   44]]
acc: 0.942
f1: 0.431
9,159,coarse : 43.58 seconds
9,159,fine : 43.6 seconds
[[1210  703]
 [  11   84]]
acc: 0.644
f1: 0.190
[[1851   62]
 [  52   43]]
acc: 0.943
f1: 0.430
9,160,coarse : 43.67 seconds
9,160,fine : 43.69 seconds
[[1208  705]
 [  11   84]]
acc: 0.643
f1: 0.190
[[1852   61]
 [  52   43]]
acc: 0.944
f1: 0.432
9,161,coarse : 43.49 seconds
9,161,fine : 43.51 seconds
[[1209  704]
 [  11   84]]
acc: 0.644
f1: 0.190
[[1854   59]
 [  51   44]]
acc: 0.945
f1: 0.444
9,162,coarse : 44.81 seconds
9,162,fine : 44.83 seconds
[[1212  701]
 [  11   84]]
acc: 0.645
f1: 0.191
[[1854   59]
 [  50   45]]
acc: 0.946
f1: 0.452
9,163,coarse : 45.15 seconds
9,163,fine : 45.17 seconds
[[1205  708]
 [  11   84]]
acc: 0.642
f1: 0.189
[[1853   60]
 [  49   46]]
acc: 0.946
f1: 0.458
9,164,coarse : 45.25 seconds
9,164,fine : 45.27 seconds
[[1210  703]
 [  11   84]]
acc: 0.644
f1: 0.190
[[1853   60]
 [  49   46]]
acc: 0.946
f1: 0.458
9,165,coarse : 46.15 seconds
9,165,fine : 46.17 seconds
[[1209  704]
 [  11   84]]
acc: 0.644
f1: 0.190
[[1852   61]
 [  49   46]]
acc: 0.945
f1: 0.455
9,166,coarse : 45.45 seconds
9,166,fine : 45.47 seconds
[[1215  698]
 [  11   84]]
acc: 0.647
f1: 0.192
[[1850   63]
 [  49   46]]
acc: 0.944
f1: 0.451
9,167,coarse : 46.37 seconds
9,167,fine : 46.39 seconds
[[1212  701]
 [  12   83]]
acc: 0.645
f1: 0.189
[[1848   65]
 [  49   46]]
acc: 0.943
f1: 0.447
9,168,coarse : 48.12 seconds
9,168,fine : 48.14 seconds
[[1206  707]
 [  12   83]]
acc: 0.642
f1: 0.188
[[1849   64]
 [  49   46]]
acc: 0.944
f1: 0.449
9,169,coarse : 47.14 seconds
9,169,fine : 47.16 seconds
[[1206  707]
 [  12   83]]
acc: 0.642
f1: 0.188
[[1849   64]
 [  49   46]]
acc: 0.944
f1: 0.449
9,170,coarse : 47.74 seconds
9,170,fine : 47.76 seconds
[[1208  705]
 [  12   83]]
acc: 0.643
f1: 0.188
[[1850   63]
 [  49   46]]
acc: 0.944
f1: 0.451
9,171,coarse : 48.73 seconds
9,171,fine : 48.75 seconds
[[1210  703]
 [  11   84]]
acc: 0.644
f1: 0.190
[[1851   62]
 [  49   46]]
acc: 0.945
f1: 0.453
9,172,coarse : 48.7 seconds
9,172,fine : 48.72 seconds
