all           0      1    2    3    4    5    6    7    8    
1      2010   1914   1    19   32   19   1    11   6    7    
2      2010   1914   1    19   32   19   1    11   6    7    
3      2010   1914   1    19   32   19   1    11   5    8    
4      2010   1914   1    19   32   19   1    10   6    8    
5      2010   1914   1    18   33   19   1    10   6    8    
6      2010   1914   1    18   33   19   1    10   6    8    
7      2010   1913   2    18   33   19   1    10   6    8    
8      2010   1913   2    18   33   19   1    10   6    8    
9      2009   1913   2    18   32   19   2    10   6    7    
10     2009   1913   1    19   32   19   1    11   6    7    
Total  20098  19136  13   185  324  190  11   104  59   76   
train         0      1    2    3    4    5    6    7    8    
1      2010   1914   1    19   32   19   1    11   6    7    
2      2010   1914   1    19   32   19   1    11   6    7    
3      2010   1914   1    19   32   19   1    11   5    8    
4      2010   1914   1    19   32   19   1    10   6    8    
5      2010   1914   1    18   33   19   1    10   6    8    
7      2010   1913   2    18   33   19   1    10   6    8    
8      2010   1913   2    18   33   19   1    10   6    8    
9      2009   1913   2    18   32   19   2    10   6    7    
10     2009   1913   1    19   32   19   1    11   6    7    
Total  18088  17222  12   167  291  171  10   94   53   68   
test          0      1    2    3    4    5    6    7    8    
6      2010   1914   1    18   33   19   1    10   6    8    
Total  2010   1914   1    18   33   19   1    10   6    8    
Classes             
0         17222     
1         12        
2         167       
3         291       
4         171       
5         10        
6         94        
7         53        
8         68        
Total     18088     

Shape: 450       

[952, 10, 11, 16, 11, 10, 10, 10, 10]
Sum start => 1040
[[1270  644]
 [  19   77]]
acc: 0.670
f1: 0.188
[[1866   48]
 [  87    9]]
acc: 0.933
f1: 0.118
6,1,coarse : 27.24 seconds
6,1,fine : 27.25 seconds
[[1270  644]
 [  19   77]]
acc: 0.670
f1: 0.188
[[1866   48]
 [  87    9]]
acc: 0.933
f1: 0.118
6,2,coarse : 28.33 seconds
6,2,fine : 28.34 seconds
[[1294  620]
 [  20   76]]
acc: 0.682
f1: 0.192
[[1899   15]
 [  92    4]]
acc: 0.947
f1: 0.070
6,3,coarse : 27.04 seconds
6,3,fine : 27.04 seconds
[[1318  596]
 [  23   73]]
acc: 0.692
f1: 0.191
[[1905    9]
 [  91    5]]
acc: 0.950
f1: 0.091
6,4,coarse : 27.11 seconds
6,4,fine : 27.11 seconds
[[1336  578]
 [  24   72]]
acc: 0.700
f1: 0.193
[[1906    8]
 [  91    5]]
acc: 0.951
f1: 0.092
6,5,coarse : 27.41 seconds
6,5,fine : 27.41 seconds
[[1343  571]
 [  24   72]]
acc: 0.704
f1: 0.195
[[1911    3]
 [  94    2]]
acc: 0.952
f1: 0.040
6,6,coarse : 26.67 seconds
6,6,fine : 26.68 seconds
[[1356  558]
 [  23   73]]
acc: 0.711
f1: 0.201
[[1912    2]
 [  93    3]]
acc: 0.953
f1: 0.059
6,7,coarse : 26.75 seconds
6,7,fine : 26.75 seconds
[[1358  556]
 [  20   76]]
acc: 0.713
f1: 0.209
[[1911    3]
 [  93    3]]
acc: 0.952
f1: 0.059
6,8,coarse : 27.35 seconds
6,8,fine : 27.35 seconds
[[1383  531]
 [  23   73]]
acc: 0.724
f1: 0.209
[[1908    6]
 [  91    5]]
acc: 0.952
f1: 0.093
6,9,coarse : 28.22 seconds
6,9,fine : 28.23 seconds
[[1391  523]
 [  21   75]]
acc: 0.729
f1: 0.216
[[1908    6]
 [  90    6]]
acc: 0.952
f1: 0.111
6,10,coarse : 27.03 seconds
6,10,fine : 27.03 seconds
[[1406  508]
 [  21   75]]
acc: 0.737
f1: 0.221
[[1907    7]
 [  89    7]]
acc: 0.952
f1: 0.127
6,11,coarse : 27.36 seconds
6,11,fine : 27.36 seconds
[[1425  489]
 [  23   73]]
acc: 0.745
f1: 0.222
[[1909    5]
 [  88    8]]
acc: 0.954
f1: 0.147
6,12,coarse : 26.87 seconds
6,12,fine : 26.87 seconds
[[1408  506]
 [  21   75]]
acc: 0.738
f1: 0.222
[[1910    4]
 [  88    8]]
acc: 0.954
f1: 0.148
6,13,coarse : 26.83 seconds
6,13,fine : 26.83 seconds
[[1423  491]
 [  20   76]]
acc: 0.746
f1: 0.229
[[1911    3]
 [  88    8]]
acc: 0.955
f1: 0.150
6,14,coarse : 27.23 seconds
6,14,fine : 27.24 seconds
[[1425  489]
 [  20   76]]
acc: 0.747
f1: 0.230
[[1911    3]
 [  89    7]]
acc: 0.954
f1: 0.132
6,15,coarse : 26.71 seconds
6,15,fine : 26.72 seconds
[[1436  478]
 [  21   75]]
acc: 0.752
f1: 0.231
[[1909    5]
 [  87    9]]
acc: 0.954
f1: 0.164
6,16,coarse : 26.8 seconds
6,16,fine : 26.8 seconds
[[1428  486]
 [  21   75]]
acc: 0.748
f1: 0.228
[[1908    6]
 [  88    8]]
acc: 0.953
f1: 0.145
6,17,coarse : 27.04 seconds
6,17,fine : 27.05 seconds
[[1428  486]
 [  20   76]]
acc: 0.748
f1: 0.231
[[1909    5]
 [  87    9]]
acc: 0.954
f1: 0.164
6,18,coarse : 26.6 seconds
6,18,fine : 26.6 seconds
[[1424  490]
 [  21   75]]
acc: 0.746
f1: 0.227
[[1907    7]
 [  87    9]]
acc: 0.953
f1: 0.161
6,19,coarse : 26.55 seconds
6,19,fine : 26.55 seconds
[[1411  503]
 [  22   74]]
acc: 0.739
f1: 0.220
[[1907    7]
 [  86   10]]
acc: 0.954
f1: 0.177
6,20,coarse : 27.7 seconds
6,20,fine : 27.7 seconds
[[1430  484]
 [  23   73]]
acc: 0.748
f1: 0.224
[[1906    8]
 [  86   10]]
acc: 0.953
f1: 0.175
6,21,coarse : 26.69 seconds
6,21,fine : 26.7 seconds
[[1430  484]
 [  22   74]]
acc: 0.748
f1: 0.226
[[1906    8]
 [  86   10]]
acc: 0.953
f1: 0.175
6,22,coarse : 26.52 seconds
6,22,fine : 26.52 seconds
[[1436  478]
 [  21   75]]
acc: 0.752
f1: 0.231
[[1906    8]
 [  86   10]]
acc: 0.953
f1: 0.175
6,23,coarse : 26.86 seconds
6,23,fine : 26.87 seconds
[[1432  482]
 [  23   73]]
acc: 0.749
f1: 0.224
[[1906    8]
 [  85   11]]
acc: 0.954
f1: 0.191
6,24,coarse : 26.22 seconds
6,24,fine : 26.23 seconds
[[1422  492]
 [  22   74]]
acc: 0.744
f1: 0.224
[[1907    7]
 [  85   11]]
acc: 0.954
f1: 0.193
6,25,coarse : 26.42 seconds
6,25,fine : 26.43 seconds
[[1428  486]
 [  21   75]]
acc: 0.748
f1: 0.228
[[1907    7]
 [  85   11]]
acc: 0.954
f1: 0.193
6,26,coarse : 26.8 seconds
6,26,fine : 26.8 seconds
[[1423  491]
 [  21   75]]
acc: 0.745
f1: 0.227
[[1907    7]
 [  84   12]]
acc: 0.955
f1: 0.209
6,27,coarse : 26.38 seconds
6,27,fine : 26.39 seconds
[[1420  494]
 [  21   75]]
acc: 0.744
f1: 0.226
[[1907    7]
 [  85   11]]
acc: 0.954
f1: 0.193
6,28,coarse : 26.32 seconds
6,28,fine : 26.33 seconds
[[1422  492]
 [  22   74]]
acc: 0.744
f1: 0.224
[[1907    7]
 [  84   12]]
acc: 0.955
f1: 0.209
6,29,coarse : 26.52 seconds
6,29,fine : 26.52 seconds
[[1430  484]
 [  22   74]]
acc: 0.748
f1: 0.226
[[1907    7]
 [  84   12]]
acc: 0.955
f1: 0.209
6,30,coarse : 26.84 seconds
6,30,fine : 26.84 seconds
[[1438  476]
 [  21   75]]
acc: 0.753
f1: 0.232
[[1906    8]
 [  84   12]]
acc: 0.954
f1: 0.207
6,31,coarse : 26.54 seconds
6,31,fine : 26.54 seconds
[[1431  483]
 [  20   76]]
acc: 0.750
f1: 0.232
[[1906    8]
 [  84   12]]
acc: 0.954
f1: 0.207
6,32,coarse : 26.41 seconds
6,32,fine : 26.42 seconds
[[1446  468]
 [  21   75]]
acc: 0.757
f1: 0.235
[[1906    8]
 [  83   13]]
acc: 0.955
f1: 0.222
6,33,coarse : 26.85 seconds
6,33,fine : 26.85 seconds
[[1439  475]
 [  22   74]]
acc: 0.753
f1: 0.229
[[1906    8]
 [  82   14]]
acc: 0.955
f1: 0.237
6,34,coarse : 26.72 seconds
6,34,fine : 26.72 seconds
[[1444  470]
 [  21   75]]
acc: 0.756
f1: 0.234
[[1906    8]
 [  83   13]]
acc: 0.955
f1: 0.222
6,35,coarse : 26.73 seconds
6,35,fine : 26.74 seconds
[[1448  466]
 [  22   74]]
acc: 0.757
f1: 0.233
[[1906    8]
 [  82   14]]
acc: 0.955
f1: 0.237
6,36,coarse : 27.51 seconds
6,36,fine : 27.52 seconds
[[1455  459]
 [  21   75]]
acc: 0.761
f1: 0.238
[[1905    9]
 [  82   14]]
acc: 0.955
f1: 0.235
6,37,coarse : 26.44 seconds
6,37,fine : 26.44 seconds
[[1445  469]
 [  22   74]]
acc: 0.756
f1: 0.232
[[1906    8]
 [  81   15]]
acc: 0.956
f1: 0.252
6,38,coarse : 26.56 seconds
6,38,fine : 26.56 seconds
[[1450  464]
 [  20   76]]
acc: 0.759
f1: 0.239
[[1906    8]
 [  82   14]]
acc: 0.955
f1: 0.237
6,39,coarse : 26.5 seconds
6,39,fine : 26.51 seconds
[[1452  462]
 [  20   76]]
acc: 0.760
f1: 0.240
[[1906    8]
 [  82   14]]
acc: 0.955
f1: 0.237
6,40,coarse : 26.91 seconds
6,40,fine : 26.92 seconds
[[1451  463]
 [  20   76]]
acc: 0.760
f1: 0.239
[[1904   10]
 [  81   15]]
acc: 0.955
f1: 0.248
6,41,coarse : 26.28 seconds
6,41,fine : 26.29 seconds
[[1448  466]
 [  21   75]]
acc: 0.758
f1: 0.235
[[1905    9]
 [  81   15]]
acc: 0.955
f1: 0.250
6,42,coarse : 26.58 seconds
6,42,fine : 26.59 seconds
[[1445  469]
 [  20   76]]
acc: 0.757
f1: 0.237
[[1905    9]
 [  81   15]]
acc: 0.955
f1: 0.250
6,43,coarse : 26.99 seconds
6,43,fine : 26.99 seconds
[[1448  466]
 [  21   75]]
acc: 0.758
f1: 0.235
[[1905    9]
 [  80   16]]
acc: 0.956
f1: 0.264
6,44,coarse : 26.42 seconds
6,44,fine : 26.42 seconds
[[1449  465]
 [  21   75]]
acc: 0.758
f1: 0.236
[[1904   10]
 [  79   17]]
acc: 0.956
f1: 0.276
6,45,coarse : 26.34 seconds
6,45,fine : 26.35 seconds
[[1456  458]
 [  21   75]]
acc: 0.762
f1: 0.238
[[1904   10]
 [  79   17]]
acc: 0.956
f1: 0.276
6,46,coarse : 26.24 seconds
6,46,fine : 26.24 seconds
[[1455  459]
 [  21   75]]
acc: 0.761
f1: 0.238
[[1904   10]
 [  79   17]]
acc: 0.956
f1: 0.276
6,47,coarse : 26.93 seconds
6,47,fine : 26.94 seconds
[[1458  456]
 [  21   75]]
acc: 0.763
f1: 0.239
[[1903   11]
 [  78   18]]
acc: 0.956
f1: 0.288
6,48,coarse : 26.34 seconds
6,48,fine : 26.35 seconds
[[1459  455]
 [  21   75]]
acc: 0.763
f1: 0.240
[[1903   11]
 [  78   18]]
acc: 0.956
f1: 0.288
6,49,coarse : 26.42 seconds
6,49,fine : 26.43 seconds
[[1455  459]
 [  21   75]]
acc: 0.761
f1: 0.238
[[1902   12]
 [  78   18]]
acc: 0.955
f1: 0.286
6,50,coarse : 28.25 seconds
6,50,fine : 28.27 seconds
[[1458  456]
 [  21   75]]
acc: 0.763
f1: 0.239
[[1903   11]
 [  77   19]]
acc: 0.956
f1: 0.302
6,51,coarse : 26.87 seconds
6,51,fine : 26.88 seconds
[[1463  451]
 [  21   75]]
acc: 0.765
f1: 0.241
[[1902   12]
 [  77   19]]
acc: 0.956
f1: 0.299
6,52,coarse : 26.73 seconds
6,52,fine : 26.74 seconds
[[1457  457]
 [  20   76]]
acc: 0.763
f1: 0.242
[[1902   12]
 [  77   19]]
acc: 0.956
f1: 0.299
6,53,coarse : 27.07 seconds
6,53,fine : 27.08 seconds
[[1460  454]
 [  20   76]]
acc: 0.764
f1: 0.243
[[1902   12]
 [  79   17]]
acc: 0.955
f1: 0.272
6,54,coarse : 26.97 seconds
6,54,fine : 26.98 seconds
[[1462  452]
 [  20   76]]
acc: 0.765
f1: 0.244
[[1901   13]
 [  79   17]]
acc: 0.954
f1: 0.270
6,55,coarse : 27.16 seconds
6,55,fine : 27.17 seconds
[[1440  474]
 [  20   76]]
acc: 0.754
f1: 0.235
[[1902   12]
 [  79   17]]
acc: 0.955
f1: 0.272
6,56,coarse : 26.95 seconds
6,56,fine : 26.96 seconds
[[1439  475]
 [  20   76]]
acc: 0.754
f1: 0.235
[[1901   13]
 [  78   18]]
acc: 0.955
f1: 0.283
6,57,coarse : 27.95 seconds
6,57,fine : 27.96 seconds
[[1439  475]
 [  20   76]]
acc: 0.754
f1: 0.235
[[1901   13]
 [  79   17]]
acc: 0.954
f1: 0.270
6,58,coarse : 27.02 seconds
6,58,fine : 27.03 seconds
[[1442  472]
 [  20   76]]
acc: 0.755
f1: 0.236
[[1901   13]
 [  78   18]]
acc: 0.955
f1: 0.283
6,59,coarse : 27.09 seconds
6,59,fine : 27.1 seconds
[[1446  468]
 [  20   76]]
acc: 0.757
f1: 0.237
[[1899   15]
 [  78   18]]
acc: 0.954
f1: 0.279
6,60,coarse : 26.81 seconds
6,60,fine : 26.82 seconds
[[1444  470]
 [  20   76]]
acc: 0.756
f1: 0.237
[[1897   17]
 [  76   20]]
acc: 0.954
f1: 0.301
6,61,coarse : 26.77 seconds
6,61,fine : 26.78 seconds
[[1440  474]
 [  20   76]]
acc: 0.754
f1: 0.235
[[1897   17]
 [  76   20]]
acc: 0.954
f1: 0.301
6,62,coarse : 27.44 seconds
6,62,fine : 27.45 seconds
[[1441  473]
 [  21   75]]
acc: 0.754
f1: 0.233
[[1897   17]
 [  74   22]]
acc: 0.955
f1: 0.326
6,63,coarse : 27.2 seconds
6,63,fine : 27.21 seconds
[[1436  478]
 [  20   76]]
acc: 0.752
f1: 0.234
[[1897   17]
 [  73   23]]
acc: 0.955
f1: 0.338
6,64,coarse : 27.2 seconds
6,64,fine : 27.21 seconds
[[1451  463]
 [  20   76]]
acc: 0.760
f1: 0.239
[[1897   17]
 [  75   21]]
acc: 0.954
f1: 0.313
6,65,coarse : 27.02 seconds
6,65,fine : 27.03 seconds
[[1437  477]
 [  21   75]]
acc: 0.752
f1: 0.231
[[1897   17]
 [  75   21]]
acc: 0.954
f1: 0.313
6,66,coarse : 27.35 seconds
6,66,fine : 27.36 seconds
[[1438  476]
 [  20   76]]
acc: 0.753
f1: 0.235
[[1896   18]
 [  73   23]]
acc: 0.955
f1: 0.336
6,67,coarse : 26.91 seconds
6,67,fine : 26.92 seconds
[[1442  472]
 [  19   77]]
acc: 0.756
f1: 0.239
[[1896   18]
 [  73   23]]
acc: 0.955
f1: 0.336
6,68,coarse : 27.19 seconds
6,68,fine : 27.2 seconds
[[1439  475]
 [  19   77]]
acc: 0.754
f1: 0.238
[[1895   19]
 [  73   23]]
acc: 0.954
f1: 0.333
6,69,coarse : 27.05 seconds
6,69,fine : 27.06 seconds
[[1440  474]
 [  20   76]]
acc: 0.754
f1: 0.235
[[1895   19]
 [  72   24]]
acc: 0.955
f1: 0.345
6,70,coarse : 27.15 seconds
6,70,fine : 27.16 seconds
[[1440  474]
 [  20   76]]
acc: 0.754
f1: 0.235
[[1895   19]
 [  71   25]]
acc: 0.955
f1: 0.357
6,71,coarse : 27.61 seconds
6,71,fine : 27.62 seconds
[[1436  478]
 [  20   76]]
acc: 0.752
f1: 0.234
[[1894   20]
 [  73   23]]
acc: 0.954
f1: 0.331
6,72,coarse : 27.2 seconds
6,72,fine : 27.21 seconds
[[1439  475]
 [  19   77]]
acc: 0.754
f1: 0.238
[[1894   20]
 [  72   24]]
acc: 0.954
f1: 0.343
6,73,coarse : 26.84 seconds
6,73,fine : 26.85 seconds
[[1433  481]
 [  19   77]]
acc: 0.751
f1: 0.235
[[1894   20]
 [  72   24]]
acc: 0.954
f1: 0.343
6,74,coarse : 27.05 seconds
6,74,fine : 27.06 seconds
[[1437  477]
 [  19   77]]
acc: 0.753
f1: 0.237
[[1895   19]
 [  72   24]]
acc: 0.955
f1: 0.345
6,75,coarse : 27.25 seconds
6,75,fine : 27.27 seconds
[[1438  476]
 [  19   77]]
acc: 0.754
f1: 0.237
[[1894   20]
 [  71   25]]
acc: 0.955
f1: 0.355
6,76,coarse : 27.04 seconds
6,76,fine : 27.05 seconds
[[1434  480]
 [  18   78]]
acc: 0.752
f1: 0.239
[[1893   21]
 [  71   25]]
acc: 0.954
f1: 0.352
6,77,coarse : 27.04 seconds
6,77,fine : 27.06 seconds
[[1432  482]
 [  18   78]]
acc: 0.751
f1: 0.238
[[1894   20]
 [  70   26]]
acc: 0.955
f1: 0.366
6,78,coarse : 26.73 seconds
6,78,fine : 26.75 seconds
[[1429  485]
 [  17   79]]
acc: 0.750
f1: 0.239
[[1893   21]
 [  70   26]]
acc: 0.955
f1: 0.364
6,79,coarse : 26.79 seconds
6,79,fine : 26.81 seconds
[[1427  487]
 [  17   79]]
acc: 0.749
f1: 0.239
[[1892   22]
 [  70   26]]
acc: 0.954
f1: 0.361
6,80,coarse : 27.66 seconds
6,80,fine : 27.67 seconds
[[1434  480]
 [  18   78]]
acc: 0.752
f1: 0.239
[[1890   24]
 [  70   26]]
acc: 0.953
f1: 0.356
6,81,coarse : 26.74 seconds
6,81,fine : 26.75 seconds
[[1431  483]
 [  18   78]]
acc: 0.751
f1: 0.237
[[1889   25]
 [  70   26]]
acc: 0.953
f1: 0.354
6,82,coarse : 26.69 seconds
6,82,fine : 26.7 seconds
[[1440  474]
 [  19   77]]
acc: 0.755
f1: 0.238
[[1889   25]
 [  70   26]]
acc: 0.953
f1: 0.354
6,83,coarse : 26.74 seconds
6,83,fine : 26.75 seconds
[[1426  488]
 [  19   77]]
acc: 0.748
f1: 0.233
[[1888   26]
 [  70   26]]
acc: 0.952
f1: 0.351
6,84,coarse : 26.51 seconds
6,84,fine : 26.52 seconds
[[1427  487]
 [  18   78]]
acc: 0.749
f1: 0.236
[[1888   26]
 [  70   26]]
acc: 0.952
f1: 0.351
6,85,coarse : 27.01 seconds
6,85,fine : 27.02 seconds
[[1430  484]
 [  17   79]]
acc: 0.751
f1: 0.240
[[1888   26]
 [  70   26]]
acc: 0.952
f1: 0.351
6,86,coarse : 27.49 seconds
6,86,fine : 27.51 seconds
[[1433  481]
 [  18   78]]
acc: 0.752
f1: 0.238
[[1888   26]
 [  67   29]]
acc: 0.954
f1: 0.384
6,87,coarse : 27.15 seconds
6,87,fine : 27.16 seconds
[[1436  478]
 [  18   78]]
acc: 0.753
f1: 0.239
[[1888   26]
 [  67   29]]
acc: 0.954
f1: 0.384
6,88,coarse : 27.27 seconds
6,88,fine : 27.29 seconds
[[1438  476]
 [  18   78]]
acc: 0.754
f1: 0.240
[[1888   26]
 [  67   29]]
acc: 0.954
f1: 0.384
6,89,coarse : 27.34 seconds
6,89,fine : 27.36 seconds
[[1437  477]
 [  18   78]]
acc: 0.754
f1: 0.240
[[1888   26]
 [  67   29]]
acc: 0.954
f1: 0.384
6,90,coarse : 27.13 seconds
6,90,fine : 27.15 seconds
[[1429  485]
 [  18   78]]
acc: 0.750
f1: 0.237
[[1888   26]
 [  66   30]]
acc: 0.954
f1: 0.395
6,91,coarse : 27.04 seconds
6,91,fine : 27.05 seconds
[[1428  486]
 [  18   78]]
acc: 0.749
f1: 0.236
[[1889   25]
 [  65   31]]
acc: 0.955
f1: 0.408
6,92,coarse : 27.78 seconds
6,92,fine : 27.79 seconds
[[1428  486]
 [  18   78]]
acc: 0.749
f1: 0.236
[[1888   26]
 [  65   31]]
acc: 0.955
f1: 0.405
6,93,coarse : 27.06 seconds
6,93,fine : 27.07 seconds
[[1431  483]
 [  18   78]]
acc: 0.751
f1: 0.237
[[1888   26]
 [  64   32]]
acc: 0.955
f1: 0.416
6,94,coarse : 26.8 seconds
6,94,fine : 26.81 seconds
[[1431  483]
 [  18   78]]
acc: 0.751
f1: 0.237
[[1888   26]
 [  64   32]]
acc: 0.955
f1: 0.416
6,95,coarse : 26.78 seconds
6,95,fine : 26.79 seconds
[[1430  484]
 [  18   78]]
acc: 0.750
f1: 0.237
[[1886   28]
 [  64   32]]
acc: 0.954
f1: 0.410
6,96,coarse : 26.68 seconds
6,96,fine : 26.7 seconds
[[1428  486]
 [  18   78]]
acc: 0.749
f1: 0.236
[[1885   29]
 [  64   32]]
acc: 0.954
f1: 0.408
6,97,coarse : 27.29 seconds
6,97,fine : 27.31 seconds
[[1429  485]
 [  18   78]]
acc: 0.750
f1: 0.237
[[1884   30]
 [  65   31]]
acc: 0.953
f1: 0.395
6,98,coarse : 27.34 seconds
6,98,fine : 27.36 seconds
[[1432  482]
 [  18   78]]
acc: 0.751
f1: 0.238
[[1884   30]
 [  65   31]]
acc: 0.953
f1: 0.395
6,99,coarse : 27.04 seconds
6,99,fine : 27.06 seconds
[[1430  484]
 [  18   78]]
acc: 0.750
f1: 0.237
[[1883   31]
 [  63   33]]
acc: 0.953
f1: 0.412
6,100,coarse : 29.0 seconds
6,100,fine : 29.01 seconds
[[1434  480]
 [  18   78]]
acc: 0.752
f1: 0.239
[[1883   31]
 [  63   33]]
acc: 0.953
f1: 0.412
6,101,coarse : 27.05 seconds
6,101,fine : 27.06 seconds
[[1432  482]
 [  18   78]]
acc: 0.751
f1: 0.238
[[1883   31]
 [  63   33]]
acc: 0.953
f1: 0.412
6,102,coarse : 27.59 seconds
6,102,fine : 27.61 seconds
[[1439  475]
 [  18   78]]
acc: 0.755
f1: 0.240
[[1882   32]
 [  61   35]]
acc: 0.954
f1: 0.429
6,103,coarse : 26.84 seconds
6,103,fine : 26.85 seconds
[[1439  475]
 [  18   78]]
acc: 0.755
f1: 0.240
[[1881   33]
 [  61   35]]
acc: 0.953
f1: 0.427
6,104,coarse : 27.17 seconds
6,104,fine : 27.18 seconds
[[1443  471]
 [  18   78]]
acc: 0.757
f1: 0.242
[[1881   33]
 [  59   37]]
acc: 0.954
f1: 0.446
6,105,coarse : 27.22 seconds
6,105,fine : 27.23 seconds
[[1438  476]
 [  19   77]]
acc: 0.754
f1: 0.237
[[1881   33]
 [  59   37]]
acc: 0.954
f1: 0.446
6,106,coarse : 27.05 seconds
6,106,fine : 27.07 seconds
[[1435  479]
 [  18   78]]
acc: 0.753
f1: 0.239
[[1881   33]
 [  59   37]]
acc: 0.954
f1: 0.446
6,107,coarse : 27.19 seconds
6,107,fine : 27.21 seconds
[[1442  472]
 [  18   78]]
acc: 0.756
f1: 0.241
[[1880   34]
 [  57   39]]
acc: 0.955
f1: 0.462
6,108,coarse : 27.24 seconds
6,108,fine : 27.25 seconds
[[1440  474]
 [  17   79]]
acc: 0.756
f1: 0.243
[[1880   34]
 [  57   39]]
acc: 0.955
f1: 0.462
6,109,coarse : 27.66 seconds
6,109,fine : 27.68 seconds
[[1440  474]
 [  17   79]]
acc: 0.756
f1: 0.243
[[1878   36]
 [  56   40]]
acc: 0.954
f1: 0.465
6,110,coarse : 27.88 seconds
6,110,fine : 27.89 seconds
[[1441  473]
 [  17   79]]
acc: 0.756
f1: 0.244
[[1878   36]
 [  56   40]]
acc: 0.954
f1: 0.465
6,111,coarse : 27.31 seconds
6,111,fine : 27.32 seconds
[[1446  468]
 [  17   79]]
acc: 0.759
f1: 0.246
[[1877   37]
 [  56   40]]
acc: 0.954
f1: 0.462
6,112,coarse : 27.75 seconds
6,112,fine : 27.76 seconds
[[1448  466]
 [  16   80]]
acc: 0.760
f1: 0.249
[[1877   37]
 [  56   40]]
acc: 0.954
f1: 0.462
6,113,coarse : 27.19 seconds
6,113,fine : 27.2 seconds
[[1443  471]
 [  16   80]]
acc: 0.758
f1: 0.247
[[1881   33]
 [  56   40]]
acc: 0.956
f1: 0.473
6,114,coarse : 27.85 seconds
6,114,fine : 27.86 seconds
[[1443  471]
 [  16   80]]
acc: 0.758
f1: 0.247
[[1880   34]
 [  55   41]]
acc: 0.956
f1: 0.480
6,115,coarse : 28.07 seconds
6,115,fine : 28.08 seconds
[[1442  472]
 [  18   78]]
acc: 0.756
f1: 0.241
[[1880   34]
 [  56   40]]
acc: 0.955
f1: 0.471
6,116,coarse : 27.95 seconds
6,116,fine : 27.97 seconds
[[1444  470]
 [  18   78]]
acc: 0.757
f1: 0.242
[[1880   34]
 [  56   40]]
acc: 0.955
f1: 0.471
6,117,coarse : 28.11 seconds
6,117,fine : 28.13 seconds
[[1451  463]
 [  18   78]]
acc: 0.761
f1: 0.245
[[1877   37]
 [  56   40]]
acc: 0.954
f1: 0.462
6,118,coarse : 28.47 seconds
6,118,fine : 28.49 seconds
[[1449  465]
 [  18   78]]
acc: 0.760
f1: 0.244
[[1877   37]
 [  57   39]]
acc: 0.953
f1: 0.453
6,119,coarse : 28.34 seconds
6,119,fine : 28.35 seconds
[[1451  463]
 [  18   78]]
acc: 0.761
f1: 0.245
[[1877   37]
 [  57   39]]
acc: 0.953
f1: 0.453
6,120,coarse : 30.08 seconds
6,120,fine : 30.1 seconds
[[1451  463]
 [  18   78]]
acc: 0.761
f1: 0.245
[[1875   39]
 [  57   39]]
acc: 0.952
f1: 0.448
6,121,coarse : 28.16 seconds
6,121,fine : 28.18 seconds
[[1456  458]
 [  18   78]]
acc: 0.763
f1: 0.247
[[1875   39]
 [  56   40]]
acc: 0.953
f1: 0.457
6,122,coarse : 28.24 seconds
6,122,fine : 28.26 seconds
[[1457  457]
 [  18   78]]
acc: 0.764
f1: 0.247
[[1875   39]
 [  56   40]]
acc: 0.953
f1: 0.457
6,123,coarse : 28.33 seconds
6,123,fine : 28.35 seconds
[[1457  457]
 [  18   78]]
acc: 0.764
f1: 0.247
[[1875   39]
 [  56   40]]
acc: 0.953
f1: 0.457
6,124,coarse : 28.57 seconds
6,124,fine : 28.59 seconds
[[1457  457]
 [  18   78]]
acc: 0.764
f1: 0.247
[[1874   40]
 [  55   41]]
acc: 0.953
f1: 0.463
6,125,coarse : 28.31 seconds
6,125,fine : 28.33 seconds
[[1459  455]
 [  18   78]]
acc: 0.765
f1: 0.248
[[1874   40]
 [  55   41]]
acc: 0.953
f1: 0.463
6,126,coarse : 28.19 seconds
6,126,fine : 28.21 seconds
[[1454  460]
 [  18   78]]
acc: 0.762
f1: 0.246
[[1870   44]
 [  55   41]]
acc: 0.951
f1: 0.453
6,127,coarse : 28.47 seconds
6,127,fine : 28.49 seconds
[[1445  469]
 [  18   78]]
acc: 0.758
f1: 0.243
[[1869   45]
 [  54   42]]
acc: 0.951
f1: 0.459
6,128,coarse : 28.36 seconds
6,128,fine : 28.38 seconds
[[1446  468]
 [  18   78]]
acc: 0.758
f1: 0.243
[[1868   46]
 [  54   42]]
acc: 0.950
f1: 0.457
6,129,coarse : 29.41 seconds
6,129,fine : 29.43 seconds
[[1443  471]
 [  18   78]]
acc: 0.757
f1: 0.242
[[1868   46]
 [  54   42]]
acc: 0.950
f1: 0.457
6,130,coarse : 29.52 seconds
6,130,fine : 29.54 seconds
[[1442  472]
 [  18   78]]
acc: 0.756
f1: 0.241
[[1869   45]
 [  54   42]]
acc: 0.951
f1: 0.459
6,131,coarse : 28.8 seconds
6,131,fine : 28.82 seconds
[[1437  477]
 [  18   78]]
acc: 0.754
f1: 0.240
[[1868   46]
 [  54   42]]
acc: 0.950
f1: 0.457
6,132,coarse : 28.67 seconds
6,132,fine : 28.69 seconds
[[1438  476]
 [  18   78]]
acc: 0.754
f1: 0.240
[[1867   47]
 [  54   42]]
acc: 0.950
f1: 0.454
6,133,coarse : 29.18 seconds
6,133,fine : 29.2 seconds
[[1443  471]
 [  18   78]]
acc: 0.757
f1: 0.242
[[1867   47]
 [  54   42]]
acc: 0.950
f1: 0.454
6,134,coarse : 28.8 seconds
6,134,fine : 28.82 seconds
[[1443  471]
 [  18   78]]
acc: 0.757
f1: 0.242
[[1870   44]
 [  54   42]]
acc: 0.951
f1: 0.462
6,135,coarse : 29.53 seconds
6,135,fine : 29.55 seconds
[[1448  466]
 [  18   78]]
acc: 0.759
f1: 0.244
[[1868   46]
 [  54   42]]
acc: 0.950
f1: 0.457
6,136,coarse : 28.81 seconds
6,136,fine : 28.83 seconds
[[1446  468]
 [  18   78]]
acc: 0.758
f1: 0.243
[[1868   46]
 [  55   41]]
acc: 0.950
f1: 0.448
6,137,coarse : 29.09 seconds
6,137,fine : 29.11 seconds
[[1447  467]
 [  18   78]]
acc: 0.759
f1: 0.243
[[1867   47]
 [  55   41]]
acc: 0.949
f1: 0.446
6,138,coarse : 28.86 seconds
6,138,fine : 28.88 seconds
[[1441  473]
 [  18   78]]
acc: 0.756
f1: 0.241
[[1866   48]
 [  55   41]]
acc: 0.949
f1: 0.443
6,139,coarse : 28.64 seconds
6,139,fine : 28.66 seconds
[[1435  479]
 [  19   77]]
acc: 0.752
f1: 0.236
[[1866   48]
 [  55   41]]
acc: 0.949
f1: 0.443
6,140,coarse : 29.27 seconds
6,140,fine : 29.29 seconds
[[1432  482]
 [  19   77]]
acc: 0.751
f1: 0.235
[[1863   51]
 [  53   43]]
acc: 0.948
f1: 0.453
6,141,coarse : 29.45 seconds
6,141,fine : 29.47 seconds
[[1432  482]
 [  19   77]]
acc: 0.751
f1: 0.235
[[1862   52]
 [  53   43]]
acc: 0.948
f1: 0.450
6,142,coarse : 28.93 seconds
6,142,fine : 28.95 seconds
[[1431  483]
 [  19   77]]
acc: 0.750
f1: 0.235
[[1862   52]
 [  52   44]]
acc: 0.948
f1: 0.458
6,143,coarse : 29.4 seconds
6,143,fine : 29.42 seconds
[[1434  480]
 [  19   77]]
acc: 0.752
f1: 0.236
[[1862   52]
 [  52   44]]
acc: 0.948
f1: 0.458
6,144,coarse : 29.38 seconds
6,144,fine : 29.4 seconds
[[1426  488]
 [  19   77]]
acc: 0.748
f1: 0.233
[[1861   53]
 [  52   44]]
acc: 0.948
f1: 0.456
6,145,coarse : 29.68 seconds
6,145,fine : 29.7 seconds
[[1424  490]
 [  19   77]]
acc: 0.747
f1: 0.232
[[1860   54]
 [  52   44]]
acc: 0.947
f1: 0.454
6,146,coarse : 30.27 seconds
6,146,fine : 30.29 seconds
[[1431  483]
 [  19   77]]
acc: 0.750
f1: 0.235
[[1859   55]
 [  52   44]]
acc: 0.947
f1: 0.451
6,147,coarse : 30.41 seconds
6,147,fine : 30.43 seconds
[[1432  482]
 [  19   77]]
acc: 0.751
f1: 0.235
[[1859   55]
 [  52   44]]
acc: 0.947
f1: 0.451
6,148,coarse : 30.67 seconds
6,148,fine : 30.69 seconds
[[1432  482]
 [  19   77]]
acc: 0.751
f1: 0.235
[[1859   55]
 [  52   44]]
acc: 0.947
f1: 0.451
6,149,coarse : 30.1 seconds
6,149,fine : 30.12 seconds
[[1434  480]
 [  19   77]]
acc: 0.752
f1: 0.236
[[1859   55]
 [  52   44]]
acc: 0.947
f1: 0.451
6,150,coarse : 33.28 seconds
6,150,fine : 33.3 seconds
[[1435  479]
 [  19   77]]
acc: 0.752
f1: 0.236
[[1858   56]
 [  52   44]]
acc: 0.946
f1: 0.449
6,151,coarse : 30.99 seconds
6,151,fine : 31.01 seconds
[[1433  481]
 [  19   77]]
acc: 0.751
f1: 0.235
[[1858   56]
 [  52   44]]
acc: 0.946
f1: 0.449
6,152,coarse : 31.24 seconds
6,152,fine : 31.26 seconds
[[1431  483]
 [  19   77]]
acc: 0.750
f1: 0.235
[[1858   56]
 [  52   44]]
acc: 0.946
f1: 0.449
6,153,coarse : 30.99 seconds
6,153,fine : 31.01 seconds
[[1433  481]
 [  19   77]]
acc: 0.751
f1: 0.235
[[1858   56]
 [  52   44]]
acc: 0.946
f1: 0.449
6,154,coarse : 30.71 seconds
6,154,fine : 30.73 seconds
[[1434  480]
 [  19   77]]
acc: 0.752
f1: 0.236
[[1855   59]
 [  52   44]]
acc: 0.945
f1: 0.442
6,155,coarse : 30.69 seconds
6,155,fine : 30.71 seconds
[[1433  481]
 [  19   77]]
acc: 0.751
f1: 0.235
[[1854   60]
 [  52   44]]
acc: 0.944
f1: 0.440
6,156,coarse : 31.01 seconds
6,156,fine : 31.03 seconds
[[1437  477]
 [  19   77]]
acc: 0.753
f1: 0.237
[[1853   61]
 [  52   44]]
acc: 0.944
f1: 0.438
6,157,coarse : 31.71 seconds
6,157,fine : 31.73 seconds
[[1438  476]
 [  19   77]]
acc: 0.754
f1: 0.237
[[1854   60]
 [  52   44]]
acc: 0.944
f1: 0.440
6,158,coarse : 31.36 seconds
6,158,fine : 31.38 seconds
[[1438  476]
 [  19   77]]
acc: 0.754
f1: 0.237
[[1854   60]
 [  52   44]]
acc: 0.944
f1: 0.440
6,159,coarse : 32.14 seconds
6,159,fine : 32.16 seconds
[[1441  473]
 [  19   77]]
acc: 0.755
f1: 0.238
[[1857   57]
 [  51   45]]
acc: 0.946
f1: 0.455
6,160,coarse : 31.1 seconds
6,160,fine : 31.12 seconds
[[1444  470]
 [  19   77]]
acc: 0.757
f1: 0.240
[[1855   59]
 [  51   45]]
acc: 0.945
f1: 0.450
6,161,coarse : 31.49 seconds
6,161,fine : 31.51 seconds
[[1438  476]
 [  19   77]]
acc: 0.754
f1: 0.237
[[1855   59]
 [  50   46]]
acc: 0.946
f1: 0.458
6,162,coarse : 31.69 seconds
6,162,fine : 31.72 seconds
[[1438  476]
 [  19   77]]
acc: 0.754
f1: 0.237
[[1853   61]
 [  50   46]]
acc: 0.945
f1: 0.453
6,163,coarse : 32.29 seconds
6,163,fine : 32.31 seconds
[[1439  475]
 [  19   77]]
acc: 0.754
f1: 0.238
[[1852   62]
 [  50   46]]
acc: 0.944
f1: 0.451
6,164,coarse : 30.67 seconds
6,164,fine : 30.69 seconds
[[1437  477]
 [  19   77]]
acc: 0.753
f1: 0.237
[[1852   62]
 [  50   46]]
acc: 0.944
f1: 0.451
6,165,coarse : 30.65 seconds
6,165,fine : 30.67 seconds
[[1436  478]
 [  20   76]]
acc: 0.752
f1: 0.234
[[1852   62]
 [  50   46]]
acc: 0.944
f1: 0.451
6,166,coarse : 31.1 seconds
6,166,fine : 31.12 seconds
[[1436  478]
 [  20   76]]
acc: 0.752
f1: 0.234
[[1852   62]
 [  50   46]]
acc: 0.944
f1: 0.451
6,167,coarse : 29.65 seconds
6,167,fine : 29.67 seconds
[[1437  477]
 [  20   76]]
acc: 0.753
f1: 0.234
[[1852   62]
 [  50   46]]
acc: 0.944
f1: 0.451
6,168,coarse : 30.27 seconds
6,168,fine : 30.29 seconds
[[1439  475]
 [  20   76]]
acc: 0.754
f1: 0.235
[[1852   62]
 [  50   46]]
acc: 0.944
f1: 0.451
6,169,coarse : 30.93 seconds
6,169,fine : 30.95 seconds
[[1439  475]
 [  20   76]]
acc: 0.754
f1: 0.235
[[1852   62]
 [  50   46]]
acc: 0.944
f1: 0.451
6,170,coarse : 30.21 seconds
6,170,fine : 30.23 seconds
[[1438  476]
 [  20   76]]
acc: 0.753
f1: 0.235
[[1852   62]
 [  50   46]]
acc: 0.944
f1: 0.451
6,171,coarse : 30.1 seconds
6,171,fine : 30.12 seconds
[[1437  477]
 [  20   76]]
acc: 0.753
f1: 0.234
[[1852   62]
 [  50   46]]
acc: 0.944
f1: 0.451
6,172,coarse : 28.88 seconds
6,172,fine : 28.9 seconds
