all           0      1    2    3    4    5    6    7    8    
1      2010   1914   1    19   32   19   1    11   6    7    
2      2010   1914   1    19   32   19   1    11   6    7    
3      2010   1914   1    19   32   19   1    11   5    8    
4      2010   1914   1    19   32   19   1    10   6    8    
5      2010   1914   1    18   33   19   1    10   6    8    
6      2010   1914   1    18   33   19   1    10   6    8    
7      2010   1913   2    18   33   19   1    10   6    8    
8      2010   1913   2    18   33   19   1    10   6    8    
9      2009   1913   2    18   32   19   2    10   6    7    
10     2009   1913   1    19   32   19   1    11   6    7    
Total  20098  19136  13   185  324  190  11   104  59   76   
train         0      1    2    3    4    5    6    7    8    
1      2010   1914   1    19   32   19   1    11   6    7    
2      2010   1914   1    19   32   19   1    11   6    7    
3      2010   1914   1    19   32   19   1    11   5    8    
4      2010   1914   1    19   32   19   1    10   6    8    
5      2010   1914   1    18   33   19   1    10   6    8    
7      2010   1913   2    18   33   19   1    10   6    8    
8      2010   1913   2    18   33   19   1    10   6    8    
9      2009   1913   2    18   32   19   2    10   6    7    
10     2009   1913   1    19   32   19   1    11   6    7    
Total  18088  17222  12   167  291  171  10   94   53   68   
test          0      1    2    3    4    5    6    7    8    
6      2010   1914   1    18   33   19   1    10   6    8    
Total  2010   1914   1    18   33   19   1    10   6    8    
Classes             
0         17222     
1         12        
2         167       
3         291       
4         171       
5         10        
6         94        
7         53        
8         68        
Total     18088     

Shape: 450       

[952, 10, 11, 16, 11, 10, 10, 10, 10]
Sum start => 1040
[[1189  725]
 [  18   78]]
acc: 0.630
f1: 0.174
[[1866   48]
 [  87    9]]
acc: 0.933
f1: 0.118
6,1,coarse : 31.16 seconds
6,1,fine : 31.16 seconds
[[1189  725]
 [  18   78]]
acc: 0.630
f1: 0.174
[[1866   48]
 [  87    9]]
acc: 0.933
f1: 0.118
6,2,coarse : 32.42 seconds
6,2,fine : 32.42 seconds
[[1190  724]
 [  18   78]]
acc: 0.631
f1: 0.174
[[1873   41]
 [  87    9]]
acc: 0.936
f1: 0.123
6,3,coarse : 3.72 seconds
6,3,fine : 3.72 seconds
[[1230  684]
 [  18   78]]
acc: 0.651
f1: 0.182
[[1874   40]
 [  89    7]]
acc: 0.936
f1: 0.098
6,4,coarse : 3.79 seconds
6,4,fine : 3.8 seconds
[[1257  657]
 [  19   77]]
acc: 0.664
f1: 0.186
[[1876   38]
 [  88    8]]
acc: 0.937
f1: 0.113
6,5,coarse : 3.72 seconds
6,5,fine : 3.73 seconds
[[1264  650]
 [  17   79]]
acc: 0.668
f1: 0.192
[[1876   38]
 [  88    8]]
acc: 0.937
f1: 0.113
6,6,coarse : 3.79 seconds
6,6,fine : 3.8 seconds
[[1266  648]
 [  18   78]]
acc: 0.669
f1: 0.190
[[1881   33]
 [  90    6]]
acc: 0.939
f1: 0.089
6,7,coarse : 4.01 seconds
6,7,fine : 4.02 seconds
[[1266  648]
 [  17   79]]
acc: 0.669
f1: 0.192
[[1879   35]
 [  88    8]]
acc: 0.939
f1: 0.115
6,8,coarse : 4.1 seconds
6,8,fine : 4.1 seconds
[[1272  642]
 [  18   78]]
acc: 0.672
f1: 0.191
[[1882   32]
 [  88    8]]
acc: 0.940
f1: 0.118
6,9,coarse : 4.36 seconds
6,9,fine : 4.37 seconds
[[1280  634]
 [  18   78]]
acc: 0.676
f1: 0.193
[[1879   35]
 [  87    9]]
acc: 0.939
f1: 0.129
6,10,coarse : 4.54 seconds
6,10,fine : 4.54 seconds
[[1282  632]
 [  17   79]]
acc: 0.677
f1: 0.196
[[1881   33]
 [  87    9]]
acc: 0.940
f1: 0.130
6,11,coarse : 4.51 seconds
6,11,fine : 4.51 seconds
[[1291  623]
 [  17   79]]
acc: 0.682
f1: 0.198
[[1882   32]
 [  87    9]]
acc: 0.941
f1: 0.131
6,12,coarse : 4.55 seconds
6,12,fine : 4.55 seconds
[[1282  632]
 [  17   79]]
acc: 0.677
f1: 0.196
[[1885   29]
 [  86   10]]
acc: 0.943
f1: 0.148
6,13,coarse : 4.58 seconds
6,13,fine : 4.59 seconds
[[1303  611]
 [  16   80]]
acc: 0.688
f1: 0.203
[[1884   30]
 [  86   10]]
acc: 0.942
f1: 0.147
6,14,coarse : 4.81 seconds
6,14,fine : 4.81 seconds
[[1310  604]
 [  16   80]]
acc: 0.692
f1: 0.205
[[1884   30]
 [  85   11]]
acc: 0.943
f1: 0.161
6,15,coarse : 5.07 seconds
6,15,fine : 5.07 seconds
[[1300  614]
 [  17   79]]
acc: 0.686
f1: 0.200
[[1884   30]
 [  85   11]]
acc: 0.943
f1: 0.161
6,16,coarse : 5.13 seconds
6,16,fine : 5.13 seconds
[[1302  612]
 [  17   79]]
acc: 0.687
f1: 0.201
[[1885   29]
 [  85   11]]
acc: 0.943
f1: 0.162
6,17,coarse : 5.19 seconds
6,17,fine : 5.19 seconds
[[1305  609]
 [  17   79]]
acc: 0.689
f1: 0.202
[[1886   28]
 [  86   10]]
acc: 0.943
f1: 0.149
6,18,coarse : 5.27 seconds
6,18,fine : 5.27 seconds
[[1315  599]
 [  17   79]]
acc: 0.694
f1: 0.204
[[1890   24]
 [  86   10]]
acc: 0.945
f1: 0.154
6,19,coarse : 5.3 seconds
6,19,fine : 5.31 seconds
[[1324  590]
 [  18   78]]
acc: 0.698
f1: 0.204
[[1889   25]
 [  86   10]]
acc: 0.945
f1: 0.153
6,20,coarse : 5.53 seconds
6,20,fine : 5.53 seconds
[[1330  584]
 [  18   78]]
acc: 0.700
f1: 0.206
[[1887   27]
 [  86   10]]
acc: 0.944
f1: 0.150
6,21,coarse : 5.81 seconds
6,21,fine : 5.82 seconds
[[1332  582]
 [  18   78]]
acc: 0.701
f1: 0.206
[[1887   27]
 [  82   14]]
acc: 0.946
f1: 0.204
6,22,coarse : 5.89 seconds
6,22,fine : 5.9 seconds
[[1339  575]
 [  18   78]]
acc: 0.705
f1: 0.208
[[1886   28]
 [  82   14]]
acc: 0.945
f1: 0.203
6,23,coarse : 6.04 seconds
6,23,fine : 6.05 seconds
[[1347  567]
 [  18   78]]
acc: 0.709
f1: 0.211
[[1885   29]
 [  81   15]]
acc: 0.945
f1: 0.214
6,24,coarse : 5.9 seconds
6,24,fine : 5.91 seconds
[[1353  561]
 [  18   78]]
acc: 0.712
f1: 0.212
[[1885   29]
 [  81   15]]
acc: 0.945
f1: 0.214
6,25,coarse : 6.18 seconds
6,25,fine : 6.19 seconds
[[1359  555]
 [  18   78]]
acc: 0.715
f1: 0.214
[[1885   29]
 [  80   16]]
acc: 0.946
f1: 0.227
6,26,coarse : 6.62 seconds
6,26,fine : 6.63 seconds
[[1362  552]
 [  19   77]]
acc: 0.716
f1: 0.212
[[1882   32]
 [  81   15]]
acc: 0.944
f1: 0.210
6,27,coarse : 6.67 seconds
6,27,fine : 6.68 seconds
[[1362  552]
 [  19   77]]
acc: 0.716
f1: 0.212
[[1882   32]
 [  80   16]]
acc: 0.944
f1: 0.222
6,28,coarse : 6.63 seconds
6,28,fine : 6.64 seconds
[[1362  552]
 [  19   77]]
acc: 0.716
f1: 0.212
[[1882   32]
 [  78   18]]
acc: 0.945
f1: 0.247
6,29,coarse : 6.77 seconds
6,29,fine : 6.79 seconds
[[1367  547]
 [  19   77]]
acc: 0.718
f1: 0.214
[[1884   30]
 [  78   18]]
acc: 0.946
f1: 0.250
6,30,coarse : 7.13 seconds
6,30,fine : 7.13 seconds
[[1365  549]
 [  19   77]]
acc: 0.717
f1: 0.213
[[1883   31]
 [  76   20]]
acc: 0.947
f1: 0.272
6,31,coarse : 7.27 seconds
6,31,fine : 7.27 seconds
[[1372  542]
 [  19   77]]
acc: 0.721
f1: 0.215
[[1882   32]
 [  77   19]]
acc: 0.946
f1: 0.259
6,32,coarse : 7.16 seconds
6,32,fine : 7.17 seconds
[[1380  534]
 [  19   77]]
acc: 0.725
f1: 0.218
[[1883   31]
 [  76   20]]
acc: 0.947
f1: 0.272
6,33,coarse : 7.3 seconds
6,33,fine : 7.3 seconds
[[1389  525]
 [  19   77]]
acc: 0.729
f1: 0.221
[[1879   35]
 [  75   21]]
acc: 0.945
f1: 0.276
6,34,coarse : 7.66 seconds
6,34,fine : 7.67 seconds
[[1393  521]
 [  19   77]]
acc: 0.731
f1: 0.222
[[1882   32]
 [  74   22]]
acc: 0.947
f1: 0.293
6,35,coarse : 7.6 seconds
6,35,fine : 7.61 seconds
[[1393  521]
 [  19   77]]
acc: 0.731
f1: 0.222
[[1883   31]
 [  75   21]]
acc: 0.947
f1: 0.284
6,36,coarse : 7.74 seconds
6,36,fine : 7.75 seconds
[[1389  525]
 [  19   77]]
acc: 0.729
f1: 0.221
[[1881   33]
 [  74   22]]
acc: 0.947
f1: 0.291
6,37,coarse : 7.64 seconds
6,37,fine : 7.64 seconds
[[1398  516]
 [  19   77]]
acc: 0.734
f1: 0.224
[[1881   33]
 [  74   22]]
acc: 0.947
f1: 0.291
6,38,coarse : 7.84 seconds
6,38,fine : 7.85 seconds
[[1393  521]
 [  20   76]]
acc: 0.731
f1: 0.219
[[1882   32]
 [  73   23]]
acc: 0.948
f1: 0.305
6,39,coarse : 8.18 seconds
6,39,fine : 8.19 seconds
[[1397  517]
 [  20   76]]
acc: 0.733
f1: 0.221
[[1883   31]
 [  73   23]]
acc: 0.948
f1: 0.307
6,40,coarse : 7.88 seconds
6,40,fine : 7.89 seconds
[[1390  524]
 [  20   76]]
acc: 0.729
f1: 0.218
[[1884   30]
 [  72   24]]
acc: 0.949
f1: 0.320
6,41,coarse : 8.06 seconds
6,41,fine : 8.07 seconds
[[1391  523]
 [  20   76]]
acc: 0.730
f1: 0.219
[[1879   35]
 [  71   25]]
acc: 0.947
f1: 0.321
6,42,coarse : 8.18 seconds
6,42,fine : 8.18 seconds
[[1394  520]
 [  21   75]]
acc: 0.731
f1: 0.217
[[1880   34]
 [  71   25]]
acc: 0.948
f1: 0.323
6,43,coarse : 8.19 seconds
6,43,fine : 8.2 seconds
[[1393  521]
 [  21   75]]
acc: 0.730
f1: 0.217
[[1877   37]
 [  67   29]]
acc: 0.948
f1: 0.358
6,44,coarse : 8.23 seconds
6,44,fine : 8.24 seconds
[[1392  522]
 [  19   77]]
acc: 0.731
f1: 0.222
[[1876   38]
 [  69   27]]
acc: 0.947
f1: 0.335
6,45,coarse : 8.57 seconds
6,45,fine : 8.58 seconds
[[1397  517]
 [  20   76]]
acc: 0.733
f1: 0.221
[[1875   39]
 [  69   27]]
acc: 0.946
f1: 0.333
6,46,coarse : 8.73 seconds
6,46,fine : 8.74 seconds
[[1392  522]
 [  20   76]]
acc: 0.730
f1: 0.219
[[1872   42]
 [  69   27]]
acc: 0.945
f1: 0.327
6,47,coarse : 8.73 seconds
6,47,fine : 8.74 seconds
[[1390  524]
 [  19   77]]
acc: 0.730
f1: 0.221
[[1876   38]
 [  69   27]]
acc: 0.947
f1: 0.335
6,48,coarse : 8.94 seconds
6,48,fine : 8.94 seconds
[[1393  521]
 [  20   76]]
acc: 0.731
f1: 0.219
[[1876   38]
 [  71   25]]
acc: 0.946
f1: 0.314
6,49,coarse : 8.88 seconds
6,49,fine : 8.88 seconds
[[1387  527]
 [  20   76]]
acc: 0.728
f1: 0.217
[[1875   39]
 [  69   27]]
acc: 0.946
f1: 0.333
6,50,coarse : 10.8 seconds
6,50,fine : 10.81 seconds
[[1393  521]
 [  19   77]]
acc: 0.731
f1: 0.222
[[1874   40]
 [  67   29]]
acc: 0.947
f1: 0.352
6,51,coarse : 9.3 seconds
6,51,fine : 9.31 seconds
[[1394  520]
 [  19   77]]
acc: 0.732
f1: 0.222
[[1874   40]
 [  65   31]]
acc: 0.948
f1: 0.371
6,52,coarse : 9.49 seconds
6,52,fine : 9.49 seconds
[[1392  522]
 [  19   77]]
acc: 0.731
f1: 0.222
[[1876   38]
 [  66   30]]
acc: 0.948
f1: 0.366
6,53,coarse : 9.57 seconds
6,53,fine : 9.57 seconds
[[1395  519]
 [  19   77]]
acc: 0.732
f1: 0.223
[[1877   37]
 [  68   28]]
acc: 0.948
f1: 0.348
6,54,coarse : 10.06 seconds
6,54,fine : 10.07 seconds
[[1392  522]
 [  20   76]]
acc: 0.730
f1: 0.219
[[1876   38]
 [  68   28]]
acc: 0.947
f1: 0.346
6,55,coarse : 10.08 seconds
6,55,fine : 10.08 seconds
[[1394  520]
 [  19   77]]
acc: 0.732
f1: 0.222
[[1872   42]
 [  66   30]]
acc: 0.946
f1: 0.357
6,56,coarse : 10.01 seconds
6,56,fine : 10.02 seconds
[[1405  509]
 [  18   78]]
acc: 0.738
f1: 0.228
[[1873   41]
 [  66   30]]
acc: 0.947
f1: 0.359
6,57,coarse : 10.15 seconds
6,57,fine : 10.16 seconds
[[1404  510]
 [  18   78]]
acc: 0.737
f1: 0.228
[[1873   41]
 [  65   31]]
acc: 0.947
f1: 0.369
6,58,coarse : 10.35 seconds
6,58,fine : 10.36 seconds
[[1397  517]
 [  20   76]]
acc: 0.733
f1: 0.221
[[1875   39]
 [  65   31]]
acc: 0.948
f1: 0.373
6,59,coarse : 10.68 seconds
6,59,fine : 10.69 seconds
[[1397  517]
 [  19   77]]
acc: 0.733
f1: 0.223
[[1874   40]
 [  66   30]]
acc: 0.947
f1: 0.361
6,60,coarse : 10.82 seconds
6,60,fine : 10.83 seconds
[[1398  516]
 [  19   77]]
acc: 0.734
f1: 0.224
[[1869   45]
 [  64   32]]
acc: 0.946
f1: 0.370
6,61,coarse : 10.85 seconds
6,61,fine : 10.86 seconds
[[1393  521]
 [  19   77]]
acc: 0.731
f1: 0.222
[[1869   45]
 [  64   32]]
acc: 0.946
f1: 0.370
6,62,coarse : 11.28 seconds
6,62,fine : 11.29 seconds
[[1399  515]
 [  20   76]]
acc: 0.734
f1: 0.221
[[1867   47]
 [  62   34]]
acc: 0.946
f1: 0.384
6,63,coarse : 11.19 seconds
6,63,fine : 11.19 seconds
[[1401  513]
 [  20   76]]
acc: 0.735
f1: 0.222
[[1867   47]
 [  62   34]]
acc: 0.946
f1: 0.384
6,64,coarse : 10.9 seconds
6,64,fine : 10.91 seconds
[[1397  517]
 [  20   76]]
acc: 0.733
f1: 0.221
[[1866   48]
 [  61   35]]
acc: 0.946
f1: 0.391
6,65,coarse : 11.52 seconds
6,65,fine : 11.53 seconds
[[1398  516]
 [  20   76]]
acc: 0.733
f1: 0.221
[[1865   49]
 [  62   34]]
acc: 0.945
f1: 0.380
6,66,coarse : 11.03 seconds
6,66,fine : 11.05 seconds
[[1400  514]
 [  20   76]]
acc: 0.734
f1: 0.222
[[1868   46]
 [  62   34]]
acc: 0.946
f1: 0.386
6,67,coarse : 11.73 seconds
6,67,fine : 11.74 seconds
[[1391  523]
 [  18   78]]
acc: 0.731
f1: 0.224
[[1869   45]
 [  61   35]]
acc: 0.947
f1: 0.398
6,68,coarse : 11.77 seconds
6,68,fine : 11.78 seconds
[[1382  532]
 [  17   79]]
acc: 0.727
f1: 0.223
[[1869   45]
 [  61   35]]
acc: 0.947
f1: 0.398
6,69,coarse : 12.19 seconds
6,69,fine : 12.2 seconds
[[1383  531]
 [  18   78]]
acc: 0.727
f1: 0.221
[[1865   49]
 [  60   36]]
acc: 0.946
f1: 0.398
6,70,coarse : 12.53 seconds
6,70,fine : 12.54 seconds
[[1386  528]
 [  18   78]]
acc: 0.728
f1: 0.222
[[1866   48]
 [  61   35]]
acc: 0.946
f1: 0.391
6,71,coarse : 11.79 seconds
6,71,fine : 11.8 seconds
[[1384  530]
 [  18   78]]
acc: 0.727
f1: 0.222
[[1865   49]
 [  62   34]]
acc: 0.945
f1: 0.380
6,72,coarse : 12.24 seconds
6,72,fine : 12.25 seconds
[[1387  527]
 [  18   78]]
acc: 0.729
f1: 0.223
[[1863   51]
 [  60   36]]
acc: 0.945
f1: 0.393
6,73,coarse : 12.1 seconds
6,73,fine : 12.11 seconds
[[1394  520]
 [  18   78]]
acc: 0.732
f1: 0.225
[[1863   51]
 [  59   37]]
acc: 0.945
f1: 0.402
6,74,coarse : 12.48 seconds
6,74,fine : 12.49 seconds
[[1392  522]
 [  18   78]]
acc: 0.731
f1: 0.224
[[1860   54]
 [  59   37]]
acc: 0.944
f1: 0.396
6,75,coarse : 12.51 seconds
6,75,fine : 12.52 seconds
[[1394  520]
 [  18   78]]
acc: 0.732
f1: 0.225
[[1860   54]
 [  60   36]]
acc: 0.943
f1: 0.387
6,76,coarse : 12.55 seconds
6,76,fine : 12.56 seconds
[[1395  519]
 [  18   78]]
acc: 0.733
f1: 0.225
[[1863   51]
 [  60   36]]
acc: 0.945
f1: 0.393
6,77,coarse : 12.62 seconds
6,77,fine : 12.63 seconds
[[1396  518]
 [  18   78]]
acc: 0.733
f1: 0.225
[[1861   53]
 [  59   37]]
acc: 0.944
f1: 0.398
6,78,coarse : 12.28 seconds
6,78,fine : 12.3 seconds
[[1397  517]
 [  18   78]]
acc: 0.734
f1: 0.226
[[1863   51]
 [  59   37]]
acc: 0.945
f1: 0.402
6,79,coarse : 13.06 seconds
6,79,fine : 13.07 seconds
[[1394  520]
 [  18   78]]
acc: 0.732
f1: 0.225
[[1869   45]
 [  59   37]]
acc: 0.948
f1: 0.416
6,80,coarse : 13.06 seconds
6,80,fine : 13.08 seconds
[[1395  519]
 [  18   78]]
acc: 0.733
f1: 0.225
[[1867   47]
 [  59   37]]
acc: 0.947
f1: 0.411
6,81,coarse : 12.83 seconds
6,81,fine : 12.84 seconds
[[1388  526]
 [  18   78]]
acc: 0.729
f1: 0.223
[[1866   48]
 [  57   39]]
acc: 0.948
f1: 0.426
6,82,coarse : 13.31 seconds
6,82,fine : 13.32 seconds
[[1394  520]
 [  18   78]]
acc: 0.732
f1: 0.225
[[1865   49]
 [  57   39]]
acc: 0.947
f1: 0.424
6,83,coarse : 13.26 seconds
6,83,fine : 13.28 seconds
[[1397  517]
 [  18   78]]
acc: 0.734
f1: 0.226
[[1865   49]
 [  57   39]]
acc: 0.947
f1: 0.424
6,84,coarse : 13.45 seconds
6,84,fine : 13.46 seconds
[[1404  510]
 [  18   78]]
acc: 0.737
f1: 0.228
[[1865   49]
 [  58   38]]
acc: 0.947
f1: 0.415
6,85,coarse : 13.92 seconds
6,85,fine : 13.93 seconds
[[1402  512]
 [  18   78]]
acc: 0.736
f1: 0.227
[[1862   52]
 [  57   39]]
acc: 0.946
f1: 0.417
6,86,coarse : 14.22 seconds
6,86,fine : 14.23 seconds
[[1404  510]
 [  18   78]]
acc: 0.737
f1: 0.228
[[1862   52]
 [  57   39]]
acc: 0.946
f1: 0.417
6,87,coarse : 14.48 seconds
6,87,fine : 14.49 seconds
[[1402  512]
 [  18   78]]
acc: 0.736
f1: 0.227
[[1859   55]
 [  57   39]]
acc: 0.944
f1: 0.411
6,88,coarse : 14.72 seconds
6,88,fine : 14.74 seconds
[[1399  515]
 [  18   78]]
acc: 0.735
f1: 0.226
[[1859   55]
 [  57   39]]
acc: 0.944
f1: 0.411
6,89,coarse : 14.99 seconds
6,89,fine : 15.01 seconds
[[1404  510]
 [  18   78]]
acc: 0.737
f1: 0.228
[[1859   55]
 [  57   39]]
acc: 0.944
f1: 0.411
6,90,coarse : 15.16 seconds
6,90,fine : 15.18 seconds
[[1404  510]
 [  18   78]]
acc: 0.737
f1: 0.228
[[1859   55]
 [  57   39]]
acc: 0.944
f1: 0.411
6,91,coarse : 15.2 seconds
6,91,fine : 15.22 seconds
[[1408  506]
 [  18   78]]
acc: 0.739
f1: 0.229
[[1859   55]
 [  57   39]]
acc: 0.944
f1: 0.411
6,92,coarse : 15.26 seconds
6,92,fine : 15.28 seconds
[[1411  503]
 [  18   78]]
acc: 0.741
f1: 0.230
[[1859   55]
 [  57   39]]
acc: 0.944
f1: 0.411
6,93,coarse : 15.35 seconds
6,93,fine : 15.36 seconds
[[1414  500]
 [  18   78]]
acc: 0.742
f1: 0.231
[[1859   55]
 [  57   39]]
acc: 0.944
f1: 0.411
6,94,coarse : 15.57 seconds
6,94,fine : 15.59 seconds
[[1415  499]
 [  18   78]]
acc: 0.743
f1: 0.232
[[1859   55]
 [  57   39]]
acc: 0.944
f1: 0.411
6,95,coarse : 15.91 seconds
6,95,fine : 15.93 seconds
[[1416  498]
 [  18   78]]
acc: 0.743
f1: 0.232
[[1859   55]
 [  57   39]]
acc: 0.944
f1: 0.411
6,96,coarse : 15.94 seconds
6,96,fine : 15.95 seconds
[[1420  494]
 [  18   78]]
acc: 0.745
f1: 0.234
[[1861   53]
 [  58   38]]
acc: 0.945
f1: 0.406
6,97,coarse : 15.92 seconds
6,97,fine : 15.93 seconds
[[1414  500]
 [  19   77]]
acc: 0.742
f1: 0.229
[[1861   53]
 [  57   39]]
acc: 0.945
f1: 0.415
6,98,coarse : 15.79 seconds
6,98,fine : 15.8 seconds
[[1413  501]
 [  18   78]]
acc: 0.742
f1: 0.231
[[1861   53]
 [  58   38]]
acc: 0.945
f1: 0.406
6,99,coarse : 16.12 seconds
6,99,fine : 16.13 seconds
[[1418  496]
 [  18   78]]
acc: 0.744
f1: 0.233
[[1861   53]
 [  57   39]]
acc: 0.945
f1: 0.415
6,100,coarse : 17.99 seconds
6,100,fine : 18.0 seconds
[[1420  494]
 [  17   79]]
acc: 0.746
f1: 0.236
[[1860   54]
 [  57   39]]
acc: 0.945
f1: 0.413
6,101,coarse : 16.24 seconds
6,101,fine : 16.25 seconds
[[1420  494]
 [  17   79]]
acc: 0.746
f1: 0.236
[[1859   55]
 [  59   37]]
acc: 0.943
f1: 0.394
6,102,coarse : 16.5 seconds
6,102,fine : 16.51 seconds
[[1421  493]
 [  17   79]]
acc: 0.746
f1: 0.237
[[1858   56]
 [  58   38]]
acc: 0.943
f1: 0.400
6,103,coarse : 16.72 seconds
6,103,fine : 16.73 seconds
[[1423  491]
 [  17   79]]
acc: 0.747
f1: 0.237
[[1860   54]
 [  59   37]]
acc: 0.944
f1: 0.396
6,104,coarse : 17.27 seconds
6,104,fine : 17.28 seconds
[[1425  489]
 [  17   79]]
acc: 0.748
f1: 0.238
[[1860   54]
 [  59   37]]
acc: 0.944
f1: 0.396
6,105,coarse : 17.19 seconds
6,105,fine : 17.21 seconds
[[1423  491]
 [  17   79]]
acc: 0.747
f1: 0.237
[[1859   55]
 [  58   38]]
acc: 0.944
f1: 0.402
6,106,coarse : 17.2 seconds
6,106,fine : 17.22 seconds
[[1426  488]
 [  17   79]]
acc: 0.749
f1: 0.238
[[1861   53]
 [  57   39]]
acc: 0.945
f1: 0.415
6,107,coarse : 17.2 seconds
6,107,fine : 17.22 seconds
[[1422  492]
 [  17   79]]
acc: 0.747
f1: 0.237
[[1860   54]
 [  58   38]]
acc: 0.944
f1: 0.404
6,108,coarse : 18.13 seconds
6,108,fine : 18.14 seconds
[[1421  493]
 [  17   79]]
acc: 0.746
f1: 0.237
[[1861   53]
 [  56   40]]
acc: 0.946
f1: 0.423
6,109,coarse : 18.0 seconds
6,109,fine : 18.01 seconds
[[1426  488]
 [  18   78]]
acc: 0.748
f1: 0.236
[[1858   56]
 [  57   39]]
acc: 0.944
f1: 0.408
6,110,coarse : 17.51 seconds
6,110,fine : 17.53 seconds
[[1426  488]
 [  18   78]]
acc: 0.748
f1: 0.236
[[1859   55]
 [  56   40]]
acc: 0.945
f1: 0.419
6,111,coarse : 17.4 seconds
6,111,fine : 17.42 seconds
[[1429  485]
 [  18   78]]
acc: 0.750
f1: 0.237
[[1859   55]
 [  58   38]]
acc: 0.944
f1: 0.402
6,112,coarse : 17.77 seconds
6,112,fine : 17.78 seconds
[[1429  485]
 [  18   78]]
acc: 0.750
f1: 0.237
[[1858   56]
 [  57   39]]
acc: 0.944
f1: 0.408
6,113,coarse : 17.72 seconds
6,113,fine : 17.74 seconds
[[1429  485]
 [  18   78]]
acc: 0.750
f1: 0.237
[[1860   54]
 [  58   38]]
acc: 0.944
f1: 0.404
6,114,coarse : 18.18 seconds
6,114,fine : 18.19 seconds
[[1430  484]
 [  19   77]]
acc: 0.750
f1: 0.234
[[1859   55]
 [  57   39]]
acc: 0.944
f1: 0.411
6,115,coarse : 18.31 seconds
6,115,fine : 18.32 seconds
[[1430  484]
 [  18   78]]
acc: 0.750
f1: 0.237
[[1859   55]
 [  57   39]]
acc: 0.944
f1: 0.411
6,116,coarse : 18.12 seconds
6,116,fine : 18.13 seconds
[[1431  483]
 [  18   78]]
acc: 0.751
f1: 0.237
[[1859   55]
 [  57   39]]
acc: 0.944
f1: 0.411
6,117,coarse : 18.35 seconds
6,117,fine : 18.36 seconds
[[1430  484]
 [  18   78]]
acc: 0.750
f1: 0.237
[[1858   56]
 [  57   39]]
acc: 0.944
f1: 0.408
6,118,coarse : 18.99 seconds
6,118,fine : 19.01 seconds
[[1431  483]
 [  17   79]]
acc: 0.751
f1: 0.240
[[1857   57]
 [  57   39]]
acc: 0.943
f1: 0.406
6,119,coarse : 18.93 seconds
6,119,fine : 18.94 seconds
[[1426  488]
 [  19   77]]
acc: 0.748
f1: 0.233
[[1859   55]
 [  57   39]]
acc: 0.944
f1: 0.411
6,120,coarse : 18.46 seconds
6,120,fine : 18.47 seconds
[[1429  485]
 [  20   76]]
acc: 0.749
f1: 0.231
[[1859   55]
 [  57   39]]
acc: 0.944
f1: 0.411
6,121,coarse : 18.82 seconds
6,121,fine : 18.84 seconds
[[1430  484]
 [  19   77]]
acc: 0.750
f1: 0.234
[[1857   57]
 [  56   40]]
acc: 0.944
f1: 0.415
6,122,coarse : 19.46 seconds
6,122,fine : 19.47 seconds
[[1434  480]
 [  18   78]]
acc: 0.752
f1: 0.239
[[1858   56]
 [  56   40]]
acc: 0.944
f1: 0.417
6,123,coarse : 19.7 seconds
6,123,fine : 19.72 seconds
[[1436  478]
 [  18   78]]
acc: 0.753
f1: 0.239
[[1856   58]
 [  56   40]]
acc: 0.943
f1: 0.412
6,124,coarse : 20.37 seconds
6,124,fine : 20.39 seconds
[[1436  478]
 [  18   78]]
acc: 0.753
f1: 0.239
[[1858   56]
 [  55   41]]
acc: 0.945
f1: 0.425
6,125,coarse : 20.04 seconds
6,125,fine : 20.05 seconds
[[1429  485]
 [  20   76]]
acc: 0.749
f1: 0.231
[[1858   56]
 [  53   43]]
acc: 0.946
f1: 0.441
6,126,coarse : 20.2 seconds
6,126,fine : 20.22 seconds
[[1430  484]
 [  20   76]]
acc: 0.749
f1: 0.232
[[1858   56]
 [  53   43]]
acc: 0.946
f1: 0.441
6,127,coarse : 20.86 seconds
6,127,fine : 20.87 seconds
[[1430  484]
 [  20   76]]
acc: 0.749
f1: 0.232
[[1858   56]
 [  53   43]]
acc: 0.946
f1: 0.441
6,128,coarse : 20.52 seconds
6,128,fine : 20.54 seconds
[[1434  480]
 [  20   76]]
acc: 0.751
f1: 0.233
[[1858   56]
 [  52   44]]
acc: 0.946
f1: 0.449
6,129,coarse : 21.24 seconds
6,129,fine : 21.26 seconds
[[1441  473]
 [  20   76]]
acc: 0.755
f1: 0.236
[[1858   56]
 [  52   44]]
acc: 0.946
f1: 0.449
6,130,coarse : 20.86 seconds
6,130,fine : 20.88 seconds
[[1438  476]
 [  20   76]]
acc: 0.753
f1: 0.235
[[1858   56]
 [  54   42]]
acc: 0.945
f1: 0.433
6,131,coarse : 21.34 seconds
6,131,fine : 21.36 seconds
[[1421  493]
 [  20   76]]
acc: 0.745
f1: 0.229
[[1858   56]
 [  54   42]]
acc: 0.945
f1: 0.433
6,132,coarse : 20.85 seconds
6,132,fine : 20.86 seconds
[[1424  490]
 [  20   76]]
acc: 0.746
f1: 0.230
[[1858   56]
 [  54   42]]
acc: 0.945
f1: 0.433
6,133,coarse : 21.12 seconds
6,133,fine : 21.14 seconds
[[1424  490]
 [  20   76]]
acc: 0.746
f1: 0.230
[[1859   55]
 [  54   42]]
acc: 0.946
f1: 0.435
6,134,coarse : 21.73 seconds
6,134,fine : 21.75 seconds
[[1428  486]
 [  19   77]]
acc: 0.749
f1: 0.234
[[1860   54]
 [  54   42]]
acc: 0.946
f1: 0.438
6,135,coarse : 21.87 seconds
6,135,fine : 21.89 seconds
[[1426  488]
 [  19   77]]
acc: 0.748
f1: 0.233
[[1859   55]
 [  54   42]]
acc: 0.946
f1: 0.435
6,136,coarse : 21.56 seconds
6,136,fine : 21.57 seconds
[[1425  489]
 [  19   77]]
acc: 0.747
f1: 0.233
[[1858   56]
 [  55   41]]
acc: 0.945
f1: 0.425
6,137,coarse : 21.91 seconds
6,137,fine : 21.93 seconds
[[1429  485]
 [  19   77]]
acc: 0.749
f1: 0.234
[[1858   56]
 [  54   42]]
acc: 0.945
f1: 0.433
6,138,coarse : 21.84 seconds
6,138,fine : 21.85 seconds
[[1430  484]
 [  19   77]]
acc: 0.750
f1: 0.234
[[1857   57]
 [  53   43]]
acc: 0.945
f1: 0.439
6,139,coarse : 21.83 seconds
6,139,fine : 21.85 seconds
[[1426  488]
 [  19   77]]
acc: 0.748
f1: 0.233
[[1855   59]
 [  52   44]]
acc: 0.945
f1: 0.442
6,140,coarse : 22.37 seconds
6,140,fine : 22.39 seconds
[[1427  487]
 [  19   77]]
acc: 0.748
f1: 0.233
[[1856   58]
 [  51   45]]
acc: 0.946
f1: 0.452
6,141,coarse : 22.39 seconds
6,141,fine : 22.4 seconds
[[1427  487]
 [  19   77]]
acc: 0.748
f1: 0.233
[[1856   58]
 [  51   45]]
acc: 0.946
f1: 0.452
6,142,coarse : 21.91 seconds
6,142,fine : 21.93 seconds
[[1428  486]
 [  19   77]]
acc: 0.749
f1: 0.234
[[1856   58]
 [  51   45]]
acc: 0.946
f1: 0.452
6,143,coarse : 22.3 seconds
6,143,fine : 22.32 seconds
[[1429  485]
 [  19   77]]
acc: 0.749
f1: 0.234
[[1857   57]
 [  51   45]]
acc: 0.946
f1: 0.455
6,144,coarse : 22.71 seconds
6,144,fine : 22.73 seconds
[[1427  487]
 [  19   77]]
acc: 0.748
f1: 0.233
[[1855   59]
 [  51   45]]
acc: 0.945
f1: 0.450
6,145,coarse : 23.18 seconds
6,145,fine : 23.19 seconds
[[1430  484]
 [  19   77]]
acc: 0.750
f1: 0.234
[[1855   59]
 [  53   43]]
acc: 0.944
f1: 0.434
6,146,coarse : 23.05 seconds
6,146,fine : 23.07 seconds
[[1432  482]
 [  19   77]]
acc: 0.751
f1: 0.235
[[1855   59]
 [  53   43]]
acc: 0.944
f1: 0.434
6,147,coarse : 23.16 seconds
6,147,fine : 23.18 seconds
[[1419  495]
 [  19   77]]
acc: 0.744
f1: 0.231
[[1855   59]
 [  53   43]]
acc: 0.944
f1: 0.434
6,148,coarse : 23.53 seconds
6,148,fine : 23.54 seconds
[[1419  495]
 [  18   78]]
acc: 0.745
f1: 0.233
[[1855   59]
 [  53   43]]
acc: 0.944
f1: 0.434
6,149,coarse : 23.74 seconds
6,149,fine : 23.75 seconds
[[1418  496]
 [  18   78]]
acc: 0.744
f1: 0.233
[[1855   59]
 [  53   43]]
acc: 0.944
f1: 0.434
6,150,coarse : 25.75 seconds
6,150,fine : 25.76 seconds
[[1419  495]
 [  18   78]]
acc: 0.745
f1: 0.233
[[1856   58]
 [  52   44]]
acc: 0.945
f1: 0.444
6,151,coarse : 24.2 seconds
6,151,fine : 24.22 seconds
[[1422  492]
 [  19   77]]
acc: 0.746
f1: 0.232
[[1856   58]
 [  52   44]]
acc: 0.945
f1: 0.444
6,152,coarse : 24.44 seconds
6,152,fine : 24.45 seconds
[[1422  492]
 [  19   77]]
acc: 0.746
f1: 0.232
[[1855   59]
 [  52   44]]
acc: 0.945
f1: 0.442
6,153,coarse : 24.49 seconds
6,153,fine : 24.51 seconds
[[1421  493]
 [  19   77]]
acc: 0.745
f1: 0.231
[[1855   59]
 [  53   43]]
acc: 0.944
f1: 0.434
6,154,coarse : 24.57 seconds
6,154,fine : 24.59 seconds
[[1423  491]
 [  19   77]]
acc: 0.746
f1: 0.232
[[1856   58]
 [  52   44]]
acc: 0.945
f1: 0.444
6,155,coarse : 24.3 seconds
6,155,fine : 24.32 seconds
[[1418  496]
 [  18   78]]
acc: 0.744
f1: 0.233
[[1856   58]
 [  52   44]]
acc: 0.945
f1: 0.444
6,156,coarse : 24.27 seconds
6,156,fine : 24.29 seconds
[[1419  495]
 [  19   77]]
acc: 0.744
f1: 0.231
[[1856   58]
 [  52   44]]
acc: 0.945
f1: 0.444
6,157,coarse : 24.97 seconds
6,157,fine : 24.99 seconds
[[1424  490]
 [  19   77]]
acc: 0.747
f1: 0.232
[[1856   58]
 [  52   44]]
acc: 0.945
f1: 0.444
6,158,coarse : 24.76 seconds
6,158,fine : 24.78 seconds
[[1421  493]
 [  19   77]]
acc: 0.745
f1: 0.231
[[1855   59]
 [  52   44]]
acc: 0.945
f1: 0.442
6,159,coarse : 25.25 seconds
6,159,fine : 25.27 seconds
[[1426  488]
 [  19   77]]
acc: 0.748
f1: 0.233
[[1855   59]
 [  52   44]]
acc: 0.945
f1: 0.442
6,160,coarse : 24.73 seconds
6,160,fine : 24.75 seconds
[[1426  488]
 [  19   77]]
acc: 0.748
f1: 0.233
[[1856   58]
 [  52   44]]
acc: 0.945
f1: 0.444
6,161,coarse : 25.71 seconds
6,161,fine : 25.73 seconds
[[1423  491]
 [  19   77]]
acc: 0.746
f1: 0.232
[[1854   60]
 [  52   44]]
acc: 0.944
f1: 0.440
6,162,coarse : 26.53 seconds
6,162,fine : 26.55 seconds
[[1426  488]
 [  19   77]]
acc: 0.748
f1: 0.233
[[1852   62]
 [  51   45]]
acc: 0.944
f1: 0.443
6,163,coarse : 25.99 seconds
6,163,fine : 26.01 seconds
[[1422  492]
 [  20   76]]
acc: 0.745
f1: 0.229
[[1854   60]
 [  51   45]]
acc: 0.945
f1: 0.448
6,164,coarse : 26.0 seconds
6,164,fine : 26.02 seconds
[[1425  489]
 [  20   76]]
acc: 0.747
f1: 0.230
[[1853   61]
 [  51   45]]
acc: 0.944
f1: 0.446
6,165,coarse : 26.22 seconds
6,165,fine : 26.24 seconds
[[1429  485]
 [  20   76]]
acc: 0.749
f1: 0.231
[[1853   61]
 [  51   45]]
acc: 0.944
f1: 0.446
6,166,coarse : 27.18 seconds
6,166,fine : 27.2 seconds
[[1430  484]
 [  19   77]]
acc: 0.750
f1: 0.234
[[1853   61]
 [  51   45]]
acc: 0.944
f1: 0.446
6,167,coarse : 26.11 seconds
6,167,fine : 26.13 seconds
[[1430  484]
 [  19   77]]
acc: 0.750
f1: 0.234
[[1852   62]
 [  51   45]]
acc: 0.944
f1: 0.443
6,168,coarse : 27.15 seconds
6,168,fine : 27.17 seconds
[[1430  484]
 [  19   77]]
acc: 0.750
f1: 0.234
[[1852   62]
 [  51   45]]
acc: 0.944
f1: 0.443
6,169,coarse : 27.44 seconds
6,169,fine : 27.46 seconds
[[1431  483]
 [  19   77]]
acc: 0.750
f1: 0.235
[[1852   62]
 [  51   45]]
acc: 0.944
f1: 0.443
6,170,coarse : 27.19 seconds
6,170,fine : 27.21 seconds
[[1433  481]
 [  19   77]]
acc: 0.751
f1: 0.235
[[1852   62]
 [  50   46]]
acc: 0.944
f1: 0.451
6,171,coarse : 27.89 seconds
6,171,fine : 27.92 seconds
[[1435  479]
 [  20   76]]
acc: 0.752
f1: 0.233
[[1852   62]
 [  50   46]]
acc: 0.944
f1: 0.451
6,172,coarse : 28.2 seconds
6,172,fine : 28.22 seconds
