all           0      1    2    3    4    5    6    7    8    
1      2010   1914   1    19   32   19   1    11   6    7    
2      2010   1914   1    19   32   19   1    11   6    7    
3      2010   1914   1    19   32   19   1    11   5    8    
4      2010   1914   1    19   32   19   1    10   6    8    
5      2010   1914   1    18   33   19   1    10   6    8    
6      2010   1914   1    18   33   19   1    10   6    8    
7      2010   1913   2    18   33   19   1    10   6    8    
8      2010   1913   2    18   33   19   1    10   6    8    
9      2009   1913   2    18   32   19   2    10   6    7    
10     2009   1913   1    19   32   19   1    11   6    7    
Total  20098  19136  13   185  324  190  11   104  59   76   
train         0      1    2    3    4    5    6    7    8    
1      2010   1914   1    19   32   19   1    11   6    7    
2      2010   1914   1    19   32   19   1    11   6    7    
3      2010   1914   1    19   32   19   1    11   5    8    
4      2010   1914   1    19   32   19   1    10   6    8    
5      2010   1914   1    18   33   19   1    10   6    8    
6      2010   1914   1    18   33   19   1    10   6    8    
7      2010   1913   2    18   33   19   1    10   6    8    
8      2010   1913   2    18   33   19   1    10   6    8    
9      2009   1913   2    18   32   19   2    10   6    7    
Total  18089  17223  12   166  292  171  10   93   53   69   
test          0      1    2    3    4    5    6    7    8    
10     2009   1913   1    19   32   19   1    11   6    7    
Total  2009   1913   1    19   32   19   1    11   6    7    
Classes             
0         17223     
1         12        
2         166       
3         292       
4         171       
5         10        
6         93        
7         53        
8         69        
Total     18089     

Shape: 450       

[952, 10, 11, 16, 11, 10, 10, 10, 10]
Sum start => 1040
[[1254  659]
 [  17   79]]
acc: 0.664
f1: 0.189
[[1886   27]
 [  82   14]]
acc: 0.946
f1: 0.204
10,1,coarse : 30.72 seconds
10,1,fine : 30.72 seconds
[[1254  659]
 [  17   79]]
acc: 0.664
f1: 0.189
[[1886   27]
 [  82   14]]
acc: 0.946
f1: 0.204
10,2,coarse : 31.88 seconds
10,2,fine : 31.88 seconds
[[1271  642]
 [  17   79]]
acc: 0.672
f1: 0.193
[[1908    5]
 [  93    3]]
acc: 0.951
f1: 0.058
10,3,coarse : 28.37 seconds
10,3,fine : 28.37 seconds
[[1272  641]
 [  18   78]]
acc: 0.672
f1: 0.191
[[1908    5]
 [  90    6]]
acc: 0.953
f1: 0.112
10,4,coarse : 28.61 seconds
10,4,fine : 28.61 seconds
[[1271  642]
 [  16   80]]
acc: 0.672
f1: 0.196
[[1909    4]
 [  88    8]]
acc: 0.954
f1: 0.148
10,5,coarse : 29.38 seconds
10,5,fine : 29.38 seconds
[[1277  636]
 [  17   79]]
acc: 0.675
f1: 0.195
[[1909    4]
 [  87    9]]
acc: 0.955
f1: 0.165
10,6,coarse : 28.53 seconds
10,6,fine : 28.54 seconds
[[1286  627]
 [  17   79]]
acc: 0.679
f1: 0.197
[[1910    3]
 [  86   10]]
acc: 0.956
f1: 0.183
10,7,coarse : 28.43 seconds
10,7,fine : 28.44 seconds
[[1309  604]
 [  17   79]]
acc: 0.691
f1: 0.203
[[1910    3]
 [  87    9]]
acc: 0.955
f1: 0.167
10,8,coarse : 29.05 seconds
10,8,fine : 29.06 seconds
[[1301  612]
 [  18   78]]
acc: 0.686
f1: 0.198
[[1909    4]
 [  87    9]]
acc: 0.955
f1: 0.165
10,9,coarse : 28.61 seconds
10,9,fine : 28.62 seconds
[[1317  596]
 [  18   78]]
acc: 0.694
f1: 0.203
[[1910    3]
 [  87    9]]
acc: 0.955
f1: 0.167
10,10,coarse : 28.68 seconds
10,10,fine : 28.69 seconds
[[1335  578]
 [  18   78]]
acc: 0.703
f1: 0.207
[[1910    3]
 [  86   10]]
acc: 0.956
f1: 0.183
10,11,coarse : 28.91 seconds
10,11,fine : 28.91 seconds
[[1334  579]
 [  16   80]]
acc: 0.704
f1: 0.212
[[1911    2]
 [  86   10]]
acc: 0.956
f1: 0.185
10,12,coarse : 28.56 seconds
10,12,fine : 28.56 seconds
[[1331  582]
 [  15   81]]
acc: 0.703
f1: 0.213
[[1910    3]
 [  84   12]]
acc: 0.957
f1: 0.216
10,13,coarse : 28.59 seconds
10,13,fine : 28.59 seconds
[[1342  571]
 [  15   81]]
acc: 0.708
f1: 0.217
[[1911    2]
 [  85   11]]
acc: 0.957
f1: 0.202
10,14,coarse : 28.95 seconds
10,14,fine : 28.96 seconds
[[1341  572]
 [  15   81]]
acc: 0.708
f1: 0.216
[[1911    2]
 [  87    9]]
acc: 0.956
f1: 0.168
10,15,coarse : 28.54 seconds
10,15,fine : 28.54 seconds
[[1339  574]
 [  15   81]]
acc: 0.707
f1: 0.216
[[1911    2]
 [  83   13]]
acc: 0.958
f1: 0.234
10,16,coarse : 28.35 seconds
10,16,fine : 28.36 seconds
[[1338  575]
 [  15   81]]
acc: 0.706
f1: 0.215
[[1911    2]
 [  84   12]]
acc: 0.957
f1: 0.218
10,17,coarse : 28.91 seconds
10,17,fine : 28.91 seconds
[[1343  570]
 [  15   81]]
acc: 0.709
f1: 0.217
[[1910    3]
 [  84   12]]
acc: 0.957
f1: 0.216
10,18,coarse : 28.36 seconds
10,18,fine : 28.36 seconds
[[1351  562]
 [  15   81]]
acc: 0.713
f1: 0.219
[[1910    3]
 [  83   13]]
acc: 0.957
f1: 0.232
10,19,coarse : 28.42 seconds
10,19,fine : 28.43 seconds
[[1359  554]
 [  14   82]]
acc: 0.717
f1: 0.224
[[1912    1]
 [  83   13]]
acc: 0.958
f1: 0.236
10,20,coarse : 28.74 seconds
10,20,fine : 28.75 seconds
[[1368  545]
 [  15   81]]
acc: 0.721
f1: 0.224
[[1910    3]
 [  82   14]]
acc: 0.958
f1: 0.248
10,21,coarse : 28.26 seconds
10,21,fine : 28.26 seconds
[[1361  552]
 [  15   81]]
acc: 0.718
f1: 0.222
[[1910    3]
 [  82   14]]
acc: 0.958
f1: 0.248
10,22,coarse : 28.42 seconds
10,22,fine : 28.43 seconds
[[1366  547]
 [  15   81]]
acc: 0.720
f1: 0.224
[[1910    3]
 [  81   15]]
acc: 0.958
f1: 0.263
10,23,coarse : 28.76 seconds
10,23,fine : 28.77 seconds
[[1372  541]
 [  15   81]]
acc: 0.723
f1: 0.226
[[1910    3]
 [  81   15]]
acc: 0.958
f1: 0.263
10,24,coarse : 28.57 seconds
10,24,fine : 28.58 seconds
[[1387  526]
 [  15   81]]
acc: 0.731
f1: 0.230
[[1909    4]
 [  81   15]]
acc: 0.958
f1: 0.261
10,25,coarse : 28.47 seconds
10,25,fine : 28.48 seconds
[[1395  518]
 [  15   81]]
acc: 0.735
f1: 0.233
[[1909    4]
 [  81   15]]
acc: 0.958
f1: 0.261
10,26,coarse : 28.76 seconds
10,26,fine : 28.76 seconds
[[1400  513]
 [  16   80]]
acc: 0.737
f1: 0.232
[[1908    5]
 [  80   16]]
acc: 0.958
f1: 0.274
10,27,coarse : 28.32 seconds
10,27,fine : 28.33 seconds
[[1398  515]
 [  16   80]]
acc: 0.736
f1: 0.232
[[1908    5]
 [  81   15]]
acc: 0.957
f1: 0.259
10,28,coarse : 28.42 seconds
10,28,fine : 28.43 seconds
[[1398  515]
 [  16   80]]
acc: 0.736
f1: 0.232
[[1907    6]
 [  80   16]]
acc: 0.957
f1: 0.271
10,29,coarse : 28.93 seconds
10,29,fine : 28.94 seconds
[[1389  524]
 [  16   80]]
acc: 0.731
f1: 0.229
[[1907    6]
 [  79   17]]
acc: 0.958
f1: 0.286
10,30,coarse : 28.65 seconds
10,30,fine : 28.65 seconds
[[1398  515]
 [  15   81]]
acc: 0.736
f1: 0.234
[[1907    6]
 [  77   19]]
acc: 0.959
f1: 0.314
10,31,coarse : 28.45 seconds
10,31,fine : 28.45 seconds
[[1396  517]
 [  14   82]]
acc: 0.736
f1: 0.236
[[1906    7]
 [  78   18]]
acc: 0.958
f1: 0.298
10,32,coarse : 28.53 seconds
10,32,fine : 28.54 seconds
[[1395  518]
 [  15   81]]
acc: 0.735
f1: 0.233
[[1906    7]
 [  80   16]]
acc: 0.957
f1: 0.269
10,33,coarse : 29.02 seconds
10,33,fine : 29.03 seconds
[[1395  518]
 [  14   82]]
acc: 0.735
f1: 0.236
[[1905    8]
 [  77   19]]
acc: 0.958
f1: 0.309
10,34,coarse : 28.49 seconds
10,34,fine : 28.5 seconds
[[1399  514]
 [  15   81]]
acc: 0.737
f1: 0.234
[[1906    7]
 [  76   20]]
acc: 0.959
f1: 0.325
10,35,coarse : 28.4 seconds
10,35,fine : 28.41 seconds
[[1404  509]
 [  14   82]]
acc: 0.740
f1: 0.239
[[1905    8]
 [  76   20]]
acc: 0.958
f1: 0.323
10,36,coarse : 28.86 seconds
10,36,fine : 28.87 seconds
[[1403  510]
 [  14   82]]
acc: 0.739
f1: 0.238
[[1905    8]
 [  75   21]]
acc: 0.959
f1: 0.336
10,37,coarse : 28.51 seconds
10,37,fine : 28.51 seconds
[[1405  508]
 [  15   81]]
acc: 0.740
f1: 0.236
[[1905    8]
 [  76   20]]
acc: 0.958
f1: 0.323
10,38,coarse : 28.51 seconds
10,38,fine : 28.52 seconds
[[1392  521]
 [  14   82]]
acc: 0.734
f1: 0.235
[[1905    8]
 [  75   21]]
acc: 0.959
f1: 0.336
10,39,coarse : 28.56 seconds
10,39,fine : 28.57 seconds
[[1400  513]
 [  15   81]]
acc: 0.737
f1: 0.235
[[1905    8]
 [  75   21]]
acc: 0.959
f1: 0.336
10,40,coarse : 29.0 seconds
10,40,fine : 29.01 seconds
[[1397  516]
 [  14   82]]
acc: 0.736
f1: 0.236
[[1905    8]
 [  75   21]]
acc: 0.959
f1: 0.336
10,41,coarse : 28.6 seconds
10,41,fine : 28.61 seconds
[[1400  513]
 [  14   82]]
acc: 0.738
f1: 0.237
[[1905    8]
 [  75   21]]
acc: 0.959
f1: 0.336
10,42,coarse : 28.4 seconds
10,42,fine : 28.41 seconds
[[1400  513]
 [  14   82]]
acc: 0.738
f1: 0.237
[[1905    8]
 [  76   20]]
acc: 0.958
f1: 0.323
10,43,coarse : 28.84 seconds
10,43,fine : 28.85 seconds
[[1400  513]
 [  14   82]]
acc: 0.738
f1: 0.237
[[1905    8]
 [  75   21]]
acc: 0.959
f1: 0.336
10,44,coarse : 28.52 seconds
10,44,fine : 28.53 seconds
[[1406  507]
 [  15   81]]
acc: 0.740
f1: 0.237
[[1904    9]
 [  74   22]]
acc: 0.959
f1: 0.346
10,45,coarse : 28.84 seconds
10,45,fine : 28.85 seconds
[[1411  502]
 [  15   81]]
acc: 0.743
f1: 0.239
[[1903   10]
 [  73   23]]
acc: 0.959
f1: 0.357
10,46,coarse : 28.39 seconds
10,46,fine : 28.4 seconds
[[1408  505]
 [  14   82]]
acc: 0.742
f1: 0.240
[[1903   10]
 [  73   23]]
acc: 0.959
f1: 0.357
10,47,coarse : 29.03 seconds
10,47,fine : 29.03 seconds
[[1411  502]
 [  15   81]]
acc: 0.743
f1: 0.239
[[1903   10]
 [  73   23]]
acc: 0.959
f1: 0.357
10,48,coarse : 28.53 seconds
10,48,fine : 28.54 seconds
[[1410  503]
 [  14   82]]
acc: 0.743
f1: 0.241
[[1902   11]
 [  74   22]]
acc: 0.958
f1: 0.341
10,49,coarse : 28.5 seconds
10,49,fine : 28.51 seconds
[[1414  499]
 [  15   81]]
acc: 0.744
f1: 0.240
[[1902   11]
 [  74   22]]
acc: 0.958
f1: 0.341
10,50,coarse : 31.01 seconds
10,50,fine : 31.02 seconds
[[1415  498]
 [  15   81]]
acc: 0.745
f1: 0.240
[[1902   11]
 [  74   22]]
acc: 0.958
f1: 0.341
10,51,coarse : 28.53 seconds
10,51,fine : 28.54 seconds
[[1415  498]
 [  15   81]]
acc: 0.745
f1: 0.240
[[1898   15]
 [  74   22]]
acc: 0.956
f1: 0.331
10,52,coarse : 28.73 seconds
10,52,fine : 28.74 seconds
[[1418  495]
 [  15   81]]
acc: 0.746
f1: 0.241
[[1895   18]
 [  73   23]]
acc: 0.955
f1: 0.336
10,53,coarse : 29.26 seconds
10,53,fine : 29.27 seconds
[[1407  506]
 [  15   81]]
acc: 0.741
f1: 0.237
[[1897   16]
 [  73   23]]
acc: 0.956
f1: 0.341
10,54,coarse : 28.63 seconds
10,54,fine : 28.65 seconds
[[1417  496]
 [  15   81]]
acc: 0.746
f1: 0.241
[[1896   17]
 [  72   24]]
acc: 0.956
f1: 0.350
10,55,coarse : 28.72 seconds
10,55,fine : 28.73 seconds
[[1415  498]
 [  15   81]]
acc: 0.745
f1: 0.240
[[1894   19]
 [  72   24]]
acc: 0.955
f1: 0.345
10,56,coarse : 28.78 seconds
10,56,fine : 28.79 seconds
[[1420  493]
 [  14   82]]
acc: 0.748
f1: 0.244
[[1895   18]
 [  72   24]]
acc: 0.955
f1: 0.348
10,57,coarse : 29.1 seconds
10,57,fine : 29.11 seconds
[[1424  489]
 [  14   82]]
acc: 0.750
f1: 0.246
[[1894   19]
 [  71   25]]
acc: 0.955
f1: 0.357
10,58,coarse : 28.69 seconds
10,58,fine : 28.7 seconds
[[1426  487]
 [  14   82]]
acc: 0.751
f1: 0.247
[[1895   18]
 [  71   25]]
acc: 0.956
f1: 0.360
10,59,coarse : 28.64 seconds
10,59,fine : 28.66 seconds
[[1416  497]
 [  14   82]]
acc: 0.746
f1: 0.243
[[1895   18]
 [  71   25]]
acc: 0.956
f1: 0.360
10,60,coarse : 28.82 seconds
10,60,fine : 28.83 seconds
[[1421  492]
 [  14   82]]
acc: 0.748
f1: 0.245
[[1894   19]
 [  71   25]]
acc: 0.955
f1: 0.357
10,61,coarse : 28.8 seconds
10,61,fine : 28.81 seconds
[[1423  490]
 [  14   82]]
acc: 0.749
f1: 0.246
[[1894   19]
 [  71   25]]
acc: 0.955
f1: 0.357
10,62,coarse : 29.29 seconds
10,62,fine : 29.3 seconds
[[1424  489]
 [  14   82]]
acc: 0.750
f1: 0.246
[[1894   19]
 [  71   25]]
acc: 0.955
f1: 0.357
10,63,coarse : 28.99 seconds
10,63,fine : 29.0 seconds
[[1417  496]
 [  14   82]]
acc: 0.746
f1: 0.243
[[1895   18]
 [  70   26]]
acc: 0.956
f1: 0.371
10,64,coarse : 29.11 seconds
10,64,fine : 29.13 seconds
[[1421  492]
 [  14   82]]
acc: 0.748
f1: 0.245
[[1894   19]
 [  70   26]]
acc: 0.956
f1: 0.369
10,65,coarse : 29.05 seconds
10,65,fine : 29.06 seconds
[[1413  500]
 [  14   82]]
acc: 0.744
f1: 0.242
[[1894   19]
 [  70   26]]
acc: 0.956
f1: 0.369
10,66,coarse : 29.46 seconds
10,66,fine : 29.47 seconds
[[1421  492]
 [  14   82]]
acc: 0.748
f1: 0.245
[[1893   20]
 [  70   26]]
acc: 0.955
f1: 0.366
10,67,coarse : 28.91 seconds
10,67,fine : 28.92 seconds
[[1419  494]
 [  14   82]]
acc: 0.747
f1: 0.244
[[1893   20]
 [  70   26]]
acc: 0.955
f1: 0.366
10,68,coarse : 29.33 seconds
10,68,fine : 29.34 seconds
[[1425  488]
 [  14   82]]
acc: 0.750
f1: 0.246
[[1893   20]
 [  69   27]]
acc: 0.956
f1: 0.378
10,69,coarse : 29.33 seconds
10,69,fine : 29.34 seconds
[[1422  491]
 [  14   82]]
acc: 0.749
f1: 0.245
[[1893   20]
 [  69   27]]
acc: 0.956
f1: 0.378
10,70,coarse : 29.26 seconds
10,70,fine : 29.27 seconds
[[1420  493]
 [  14   82]]
acc: 0.748
f1: 0.244
[[1893   20]
 [  69   27]]
acc: 0.956
f1: 0.378
10,71,coarse : 29.5 seconds
10,71,fine : 29.51 seconds
[[1421  492]
 [  14   82]]
acc: 0.748
f1: 0.245
[[1893   20]
 [  68   28]]
acc: 0.956
f1: 0.389
10,72,coarse : 29.18 seconds
10,72,fine : 29.19 seconds
[[1422  491]
 [  14   82]]
acc: 0.749
f1: 0.245
[[1893   20]
 [  68   28]]
acc: 0.956
f1: 0.389
10,73,coarse : 28.93 seconds
10,73,fine : 28.94 seconds
[[1421  492]
 [  14   82]]
acc: 0.748
f1: 0.245
[[1893   20]
 [  67   29]]
acc: 0.957
f1: 0.400
10,74,coarse : 29.04 seconds
10,74,fine : 29.05 seconds
[[1425  488]
 [  14   82]]
acc: 0.750
f1: 0.246
[[1893   20]
 [  67   29]]
acc: 0.957
f1: 0.400
10,75,coarse : 29.26 seconds
10,75,fine : 29.27 seconds
[[1428  485]
 [  14   82]]
acc: 0.752
f1: 0.247
[[1893   20]
 [  67   29]]
acc: 0.957
f1: 0.400
10,76,coarse : 28.67 seconds
10,76,fine : 28.68 seconds
[[1429  484]
 [  14   82]]
acc: 0.752
f1: 0.248
[[1892   21]
 [  65   31]]
acc: 0.957
f1: 0.419
10,77,coarse : 27.94 seconds
10,77,fine : 27.95 seconds
[[1428  485]
 [  14   82]]
acc: 0.752
f1: 0.247
[[1892   21]
 [  65   31]]
acc: 0.957
f1: 0.419
10,78,coarse : 27.93 seconds
10,78,fine : 27.94 seconds
[[1430  483]
 [  14   82]]
acc: 0.753
f1: 0.248
[[1890   23]
 [  64   32]]
acc: 0.957
f1: 0.424
10,79,coarse : 28.07 seconds
10,79,fine : 28.08 seconds
[[1436  477]
 [  14   82]]
acc: 0.756
f1: 0.250
[[1889   24]
 [  64   32]]
acc: 0.956
f1: 0.421
10,80,coarse : 27.96 seconds
10,80,fine : 27.97 seconds
[[1428  485]
 [  13   83]]
acc: 0.752
f1: 0.250
[[1891   22]
 [  64   32]]
acc: 0.957
f1: 0.427
10,81,coarse : 27.12 seconds
10,81,fine : 27.14 seconds
[[1429  484]
 [  14   82]]
acc: 0.752
f1: 0.248
[[1891   22]
 [  63   33]]
acc: 0.958
f1: 0.437
10,82,coarse : 27.38 seconds
10,82,fine : 27.39 seconds
[[1436  477]
 [  14   82]]
acc: 0.756
f1: 0.250
[[1890   23]
 [  63   33]]
acc: 0.957
f1: 0.434
10,83,coarse : 27.55 seconds
10,83,fine : 27.56 seconds
[[1428  485]
 [  13   83]]
acc: 0.752
f1: 0.250
[[1890   23]
 [  63   33]]
acc: 0.957
f1: 0.434
10,84,coarse : 26.88 seconds
10,84,fine : 26.9 seconds
[[1434  479]
 [  13   83]]
acc: 0.755
f1: 0.252
[[1890   23]
 [  63   33]]
acc: 0.957
f1: 0.434
10,85,coarse : 27.05 seconds
10,85,fine : 27.06 seconds
[[1432  481]
 [  13   83]]
acc: 0.754
f1: 0.252
[[1890   23]
 [  63   33]]
acc: 0.957
f1: 0.434
10,86,coarse : 27.46 seconds
10,86,fine : 27.47 seconds
[[1431  482]
 [  14   82]]
acc: 0.753
f1: 0.248
[[1888   25]
 [  62   34]]
acc: 0.957
f1: 0.439
10,87,coarse : 27.61 seconds
10,87,fine : 27.62 seconds
[[1432  481]
 [  14   82]]
acc: 0.754
f1: 0.249
[[1888   25]
 [  62   34]]
acc: 0.957
f1: 0.439
10,88,coarse : 26.92 seconds
10,88,fine : 26.93 seconds
[[1429  484]
 [  14   82]]
acc: 0.752
f1: 0.248
[[1887   26]
 [  62   34]]
acc: 0.956
f1: 0.436
10,89,coarse : 27.38 seconds
10,89,fine : 27.39 seconds
[[1424  489]
 [  14   82]]
acc: 0.750
f1: 0.246
[[1887   26]
 [  62   34]]
acc: 0.956
f1: 0.436
10,90,coarse : 27.04 seconds
10,90,fine : 27.06 seconds
[[1426  487]
 [  14   82]]
acc: 0.751
f1: 0.247
[[1887   26]
 [  62   34]]
acc: 0.956
f1: 0.436
10,91,coarse : 27.33 seconds
10,91,fine : 27.35 seconds
[[1424  489]
 [  14   82]]
acc: 0.750
f1: 0.246
[[1887   26]
 [  62   34]]
acc: 0.956
f1: 0.436
10,92,coarse : 27.45 seconds
10,92,fine : 27.46 seconds
[[1421  492]
 [  14   82]]
acc: 0.748
f1: 0.245
[[1886   27]
 [  62   34]]
acc: 0.956
f1: 0.433
10,93,coarse : 26.66 seconds
10,93,fine : 26.68 seconds
[[1419  494]
 [  13   83]]
acc: 0.748
f1: 0.247
[[1886   27]
 [  62   34]]
acc: 0.956
f1: 0.433
10,94,coarse : 27.15 seconds
10,94,fine : 27.16 seconds
[[1415  498]
 [  12   84]]
acc: 0.746
f1: 0.248
[[1886   27]
 [  62   34]]
acc: 0.956
f1: 0.433
10,95,coarse : 27.32 seconds
10,95,fine : 27.34 seconds
[[1414  499]
 [  12   84]]
acc: 0.746
f1: 0.247
[[1884   29]
 [  62   34]]
acc: 0.955
f1: 0.428
10,96,coarse : 26.76 seconds
10,96,fine : 26.78 seconds
[[1416  497]
 [  12   84]]
acc: 0.747
f1: 0.248
[[1883   30]
 [  62   34]]
acc: 0.954
f1: 0.425
10,97,coarse : 26.58 seconds
10,97,fine : 26.59 seconds
[[1417  496]
 [  12   84]]
acc: 0.747
f1: 0.249
[[1883   30]
 [  62   34]]
acc: 0.954
f1: 0.425
10,98,coarse : 26.5 seconds
10,98,fine : 26.51 seconds
[[1412  501]
 [  12   84]]
acc: 0.745
f1: 0.247
[[1883   30]
 [  61   35]]
acc: 0.955
f1: 0.435
10,99,coarse : 25.93 seconds
10,99,fine : 25.94 seconds
[[1418  495]
 [  12   84]]
acc: 0.748
f1: 0.249
[[1883   30]
 [  61   35]]
acc: 0.955
f1: 0.435
10,100,coarse : 27.76 seconds
10,100,fine : 27.77 seconds
[[1421  492]
 [  13   83]]
acc: 0.749
f1: 0.247
[[1883   30]
 [  61   35]]
acc: 0.955
f1: 0.435
10,101,coarse : 26.18 seconds
10,101,fine : 26.19 seconds
[[1423  490]
 [  14   82]]
acc: 0.749
f1: 0.246
[[1883   30]
 [  61   35]]
acc: 0.955
f1: 0.435
10,102,coarse : 26.31 seconds
10,102,fine : 26.32 seconds
[[1419  494]
 [  14   82]]
acc: 0.747
f1: 0.244
[[1884   29]
 [  61   35]]
acc: 0.955
f1: 0.438
10,103,coarse : 25.8 seconds
10,103,fine : 25.81 seconds
[[1413  500]
 [  13   83]]
acc: 0.745
f1: 0.244
[[1883   30]
 [  61   35]]
acc: 0.955
f1: 0.435
10,104,coarse : 25.88 seconds
10,104,fine : 25.89 seconds
[[1417  496]
 [  13   83]]
acc: 0.747
f1: 0.246
[[1881   32]
 [  61   35]]
acc: 0.954
f1: 0.429
10,105,coarse : 26.15 seconds
10,105,fine : 26.16 seconds
[[1417  496]
 [  13   83]]
acc: 0.747
f1: 0.246
[[1879   34]
 [  61   35]]
acc: 0.953
f1: 0.424
10,106,coarse : 26.12 seconds
10,106,fine : 26.13 seconds
[[1415  498]
 [  13   83]]
acc: 0.746
f1: 0.245
[[1880   33]
 [  61   35]]
acc: 0.953
f1: 0.427
10,107,coarse : 26.03 seconds
10,107,fine : 26.05 seconds
[[1418  495]
 [  13   83]]
acc: 0.747
f1: 0.246
[[1879   34]
 [  61   35]]
acc: 0.953
f1: 0.424
10,108,coarse : 26.2 seconds
10,108,fine : 26.21 seconds
[[1418  495]
 [  13   83]]
acc: 0.747
f1: 0.246
[[1878   35]
 [  61   35]]
acc: 0.952
f1: 0.422
10,109,coarse : 26.5 seconds
10,109,fine : 26.51 seconds
[[1420  493]
 [  13   83]]
acc: 0.748
f1: 0.247
[[1878   35]
 [  61   35]]
acc: 0.952
f1: 0.422
10,110,coarse : 26.71 seconds
10,110,fine : 26.72 seconds
[[1419  494]
 [  14   82]]
acc: 0.747
f1: 0.244
[[1877   36]
 [  61   35]]
acc: 0.952
f1: 0.419
10,111,coarse : 26.25 seconds
10,111,fine : 26.26 seconds
[[1421  492]
 [  14   82]]
acc: 0.748
f1: 0.245
[[1877   36]
 [  61   35]]
acc: 0.952
f1: 0.419
10,112,coarse : 26.07 seconds
10,112,fine : 26.08 seconds
[[1424  489]
 [  14   82]]
acc: 0.750
f1: 0.246
[[1879   34]
 [  61   35]]
acc: 0.953
f1: 0.424
10,113,coarse : 26.36 seconds
10,113,fine : 26.37 seconds
[[1423  490]
 [  14   82]]
acc: 0.749
f1: 0.246
[[1879   34]
 [  61   35]]
acc: 0.953
f1: 0.424
10,114,coarse : 26.44 seconds
10,114,fine : 26.45 seconds
[[1423  490]
 [  13   83]]
acc: 0.750
f1: 0.248
[[1879   34]
 [  61   35]]
acc: 0.953
f1: 0.424
10,115,coarse : 26.95 seconds
10,115,fine : 26.97 seconds
[[1429  484]
 [  13   83]]
acc: 0.753
f1: 0.250
[[1879   34]
 [  60   36]]
acc: 0.953
f1: 0.434
10,116,coarse : 26.82 seconds
10,116,fine : 26.84 seconds
[[1424  489]
 [  13   83]]
acc: 0.750
f1: 0.249
[[1879   34]
 [  60   36]]
acc: 0.953
f1: 0.434
10,117,coarse : 26.69 seconds
10,117,fine : 26.7 seconds
[[1427  486]
 [  13   83]]
acc: 0.752
f1: 0.250
[[1879   34]
 [  59   37]]
acc: 0.954
f1: 0.443
10,118,coarse : 27.3 seconds
10,118,fine : 27.32 seconds
[[1430  483]
 [  13   83]]
acc: 0.753
f1: 0.251
[[1878   35]
 [  59   37]]
acc: 0.953
f1: 0.440
10,119,coarse : 26.88 seconds
10,119,fine : 26.9 seconds
[[1431  482]
 [  13   83]]
acc: 0.754
f1: 0.251
[[1877   36]
 [  58   38]]
acc: 0.953
f1: 0.447
10,120,coarse : 26.53 seconds
10,120,fine : 26.54 seconds
[[1430  483]
 [  13   83]]
acc: 0.753
f1: 0.251
[[1876   37]
 [  58   38]]
acc: 0.953
f1: 0.444
10,121,coarse : 26.59 seconds
10,121,fine : 26.6 seconds
[[1431  482]
 [  13   83]]
acc: 0.754
f1: 0.251
[[1875   38]
 [  58   38]]
acc: 0.952
f1: 0.442
10,122,coarse : 26.71 seconds
10,122,fine : 26.72 seconds
[[1432  481]
 [  13   83]]
acc: 0.754
f1: 0.252
[[1875   38]
 [  58   38]]
acc: 0.952
f1: 0.442
10,123,coarse : 26.8 seconds
10,123,fine : 26.82 seconds
[[1431  482]
 [  13   83]]
acc: 0.754
f1: 0.251
[[1874   39]
 [  59   37]]
acc: 0.951
f1: 0.430
10,124,coarse : 26.36 seconds
10,124,fine : 26.37 seconds
[[1435  478]
 [  13   83]]
acc: 0.756
f1: 0.253
[[1873   40]
 [  59   37]]
acc: 0.951
f1: 0.428
10,125,coarse : 26.98 seconds
10,125,fine : 26.99 seconds
[[1436  477]
 [  13   83]]
acc: 0.756
f1: 0.253
[[1873   40]
 [  59   37]]
acc: 0.951
f1: 0.428
10,126,coarse : 26.45 seconds
10,126,fine : 26.47 seconds
[[1440  473]
 [  14   82]]
acc: 0.758
f1: 0.252
[[1873   40]
 [  59   37]]
acc: 0.951
f1: 0.428
10,127,coarse : 27.3 seconds
10,127,fine : 27.32 seconds
[[1437  476]
 [  14   82]]
acc: 0.756
f1: 0.251
[[1873   40]
 [  59   37]]
acc: 0.951
f1: 0.428
10,128,coarse : 27.26 seconds
10,128,fine : 27.27 seconds
[[1430  483]
 [  14   82]]
acc: 0.753
f1: 0.248
[[1873   40]
 [  59   37]]
acc: 0.951
f1: 0.428
10,129,coarse : 27.67 seconds
10,129,fine : 27.68 seconds
[[1422  491]
 [  14   82]]
acc: 0.749
f1: 0.245
[[1873   40]
 [  58   38]]
acc: 0.951
f1: 0.437
10,130,coarse : 27.37 seconds
10,130,fine : 27.39 seconds
[[1422  491]
 [  14   82]]
acc: 0.749
f1: 0.245
[[1874   39]
 [  58   38]]
acc: 0.952
f1: 0.439
10,131,coarse : 27.3 seconds
10,131,fine : 27.32 seconds
[[1425  488]
 [  14   82]]
acc: 0.750
f1: 0.246
[[1873   40]
 [  58   38]]
acc: 0.951
f1: 0.437
10,132,coarse : 27.57 seconds
10,132,fine : 27.58 seconds
[[1424  489]
 [  14   82]]
acc: 0.750
f1: 0.246
[[1873   40]
 [  58   38]]
acc: 0.951
f1: 0.437
10,133,coarse : 27.42 seconds
10,133,fine : 27.44 seconds
[[1425  488]
 [  14   82]]
acc: 0.750
f1: 0.246
[[1873   40]
 [  57   39]]
acc: 0.952
f1: 0.446
10,134,coarse : 27.55 seconds
10,134,fine : 27.57 seconds
[[1430  483]
 [  14   82]]
acc: 0.753
f1: 0.248
[[1873   40]
 [  56   40]]
acc: 0.952
f1: 0.455
10,135,coarse : 27.26 seconds
10,135,fine : 27.28 seconds
[[1430  483]
 [  14   82]]
acc: 0.753
f1: 0.248
[[1872   41]
 [  56   40]]
acc: 0.952
f1: 0.452
10,136,coarse : 27.72 seconds
10,136,fine : 27.74 seconds
[[1427  486]
 [  14   82]]
acc: 0.751
f1: 0.247
[[1873   40]
 [  56   40]]
acc: 0.952
f1: 0.455
10,137,coarse : 28.0 seconds
10,137,fine : 28.02 seconds
[[1422  491]
 [  14   82]]
acc: 0.749
f1: 0.245
[[1872   41]
 [  56   40]]
acc: 0.952
f1: 0.452
10,138,coarse : 27.59 seconds
10,138,fine : 27.61 seconds
[[1423  490]
 [  13   83]]
acc: 0.750
f1: 0.248
[[1872   41]
 [  56   40]]
acc: 0.952
f1: 0.452
10,139,coarse : 27.67 seconds
10,139,fine : 27.69 seconds
[[1411  502]
 [  13   83]]
acc: 0.744
f1: 0.244
[[1872   41]
 [  54   42]]
acc: 0.953
f1: 0.469
10,140,coarse : 27.38 seconds
10,140,fine : 27.4 seconds
[[1413  500]
 [  13   83]]
acc: 0.745
f1: 0.244
[[1871   42]
 [  54   42]]
acc: 0.952
f1: 0.467
10,141,coarse : 27.29 seconds
10,141,fine : 27.3 seconds
[[1415  498]
 [  13   83]]
acc: 0.746
f1: 0.245
[[1871   42]
 [  54   42]]
acc: 0.952
f1: 0.467
10,142,coarse : 27.65 seconds
10,142,fine : 27.66 seconds
[[1416  497]
 [  13   83]]
acc: 0.746
f1: 0.246
[[1870   43]
 [  54   42]]
acc: 0.952
f1: 0.464
10,143,coarse : 27.58 seconds
10,143,fine : 27.6 seconds
[[1416  497]
 [  13   83]]
acc: 0.746
f1: 0.246
[[1867   46]
 [  55   41]]
acc: 0.950
f1: 0.448
10,144,coarse : 28.01 seconds
10,144,fine : 28.03 seconds
[[1416  497]
 [  13   83]]
acc: 0.746
f1: 0.246
[[1866   47]
 [  55   41]]
acc: 0.949
f1: 0.446
10,145,coarse : 27.94 seconds
10,145,fine : 27.96 seconds
[[1414  499]
 [  13   83]]
acc: 0.745
f1: 0.245
[[1865   48]
 [  53   43]]
acc: 0.950
f1: 0.460
10,146,coarse : 28.49 seconds
10,146,fine : 28.51 seconds
[[1414  499]
 [  13   83]]
acc: 0.745
f1: 0.245
[[1865   48]
 [  53   43]]
acc: 0.950
f1: 0.460
10,147,coarse : 27.85 seconds
10,147,fine : 27.87 seconds
[[1411  502]
 [  14   82]]
acc: 0.743
f1: 0.241
[[1865   48]
 [  53   43]]
acc: 0.950
f1: 0.460
10,148,coarse : 28.11 seconds
10,148,fine : 28.13 seconds
[[1411  502]
 [  14   82]]
acc: 0.743
f1: 0.241
[[1865   48]
 [  53   43]]
acc: 0.950
f1: 0.460
10,149,coarse : 28.47 seconds
10,149,fine : 28.49 seconds
[[1408  505]
 [  14   82]]
acc: 0.742
f1: 0.240
[[1864   49]
 [  53   43]]
acc: 0.949
f1: 0.457
10,150,coarse : 30.65 seconds
10,150,fine : 30.67 seconds
[[1406  507]
 [  14   82]]
acc: 0.741
f1: 0.239
[[1864   49]
 [  53   43]]
acc: 0.949
f1: 0.457
10,151,coarse : 28.68 seconds
10,151,fine : 28.69 seconds
[[1413  500]
 [  13   83]]
acc: 0.745
f1: 0.244
[[1864   49]
 [  52   44]]
acc: 0.950
f1: 0.466
10,152,coarse : 28.53 seconds
10,152,fine : 28.55 seconds
[[1411  502]
 [  13   83]]
acc: 0.744
f1: 0.244
[[1864   49]
 [  52   44]]
acc: 0.950
f1: 0.466
10,153,coarse : 28.46 seconds
10,153,fine : 28.48 seconds
[[1404  509]
 [  14   82]]
acc: 0.740
f1: 0.239
[[1864   49]
 [  52   44]]
acc: 0.950
f1: 0.466
10,154,coarse : 28.18 seconds
10,154,fine : 28.2 seconds
[[1404  509]
 [  14   82]]
acc: 0.740
f1: 0.239
[[1863   50]
 [  51   45]]
acc: 0.950
f1: 0.471
10,155,coarse : 28.39 seconds
10,155,fine : 28.41 seconds
[[1405  508]
 [  14   82]]
acc: 0.740
f1: 0.239
[[1863   50]
 [  51   45]]
acc: 0.950
f1: 0.471
10,156,coarse : 28.26 seconds
10,156,fine : 28.28 seconds
[[1405  508]
 [  14   82]]
acc: 0.740
f1: 0.239
[[1862   51]
 [  51   45]]
acc: 0.949
f1: 0.469
10,157,coarse : 28.25 seconds
10,157,fine : 28.27 seconds
[[1405  508]
 [  14   82]]
acc: 0.740
f1: 0.239
[[1862   51]
 [  51   45]]
acc: 0.949
f1: 0.469
10,158,coarse : 28.22 seconds
10,158,fine : 28.24 seconds
[[1408  505]
 [  14   82]]
acc: 0.742
f1: 0.240
[[1862   51]
 [  50   46]]
acc: 0.950
f1: 0.477
10,159,coarse : 28.36 seconds
10,159,fine : 28.38 seconds
[[1409  504]
 [  14   82]]
acc: 0.742
f1: 0.240
[[1862   51]
 [  50   46]]
acc: 0.950
f1: 0.477
10,160,coarse : 28.98 seconds
10,160,fine : 29.0 seconds
[[1406  507]
 [  14   82]]
acc: 0.741
f1: 0.239
[[1861   52]
 [  51   45]]
acc: 0.949
f1: 0.466
10,161,coarse : 28.64 seconds
10,161,fine : 28.66 seconds
[[1408  505]
 [  14   82]]
acc: 0.742
f1: 0.240
[[1860   53]
 [  50   46]]
acc: 0.949
f1: 0.472
10,162,coarse : 28.94 seconds
10,162,fine : 28.96 seconds
[[1410  503]
 [  14   82]]
acc: 0.743
f1: 0.241
[[1861   52]
 [  50   46]]
acc: 0.949
f1: 0.474
10,163,coarse : 27.94 seconds
10,163,fine : 27.96 seconds
[[1410  503]
 [  14   82]]
acc: 0.743
f1: 0.241
[[1861   52]
 [  49   47]]
acc: 0.950
f1: 0.482
10,164,coarse : 28.07 seconds
10,164,fine : 28.09 seconds
[[1412  501]
 [  14   82]]
acc: 0.744
f1: 0.242
[[1858   55]
 [  49   47]]
acc: 0.948
f1: 0.475
10,165,coarse : 28.94 seconds
10,165,fine : 28.96 seconds
[[1412  501]
 [  14   82]]
acc: 0.744
f1: 0.242
[[1858   55]
 [  49   47]]
acc: 0.948
f1: 0.475
10,166,coarse : 29.84 seconds
10,166,fine : 29.87 seconds
[[1412  501]
 [  14   82]]
acc: 0.744
f1: 0.242
[[1858   55]
 [  49   47]]
acc: 0.948
f1: 0.475
10,167,coarse : 28.93 seconds
10,167,fine : 28.95 seconds
[[1410  503]
 [  14   82]]
acc: 0.743
f1: 0.241
[[1858   55]
 [  47   49]]
acc: 0.949
f1: 0.490
10,168,coarse : 28.81 seconds
10,168,fine : 28.83 seconds
[[1410  503]
 [  14   82]]
acc: 0.743
f1: 0.241
[[1858   55]
 [  47   49]]
acc: 0.949
f1: 0.490
10,169,coarse : 28.9 seconds
10,169,fine : 28.92 seconds
[[1413  500]
 [  14   82]]
acc: 0.744
f1: 0.242
[[1857   56]
 [  47   49]]
acc: 0.949
f1: 0.488
10,170,coarse : 29.39 seconds
10,170,fine : 29.41 seconds
[[1412  501]
 [  14   82]]
acc: 0.744
f1: 0.242
[[1857   56]
 [  47   49]]
acc: 0.949
f1: 0.488
10,171,coarse : 29.31 seconds
10,171,fine : 29.33 seconds
[[1416  497]
 [  13   83]]
acc: 0.746
f1: 0.246
[[1856   57]
 [  47   49]]
acc: 0.948
f1: 0.485
10,172,coarse : 28.81 seconds
10,172,fine : 28.83 seconds
