all           0      1    2    3    4    5    6    7    8    
1      2010   1914   1    19   32   19   1    11   6    7    
2      2010   1914   1    19   32   19   1    11   6    7    
3      2010   1914   1    19   32   19   1    11   5    8    
4      2010   1914   1    19   32   19   1    10   6    8    
5      2010   1914   1    18   33   19   1    10   6    8    
6      2010   1914   1    18   33   19   1    10   6    8    
7      2010   1913   2    18   33   19   1    10   6    8    
8      2010   1913   2    18   33   19   1    10   6    8    
9      2009   1913   2    18   32   19   2    10   6    7    
10     2009   1913   1    19   32   19   1    11   6    7    
Total  20098  19136  13   185  324  190  11   104  59   76   
train         0      1    2    3    4    5    6    7    8    
1      2010   1914   1    19   32   19   1    11   6    7    
2      2010   1914   1    19   32   19   1    11   6    7    
3      2010   1914   1    19   32   19   1    11   5    8    
4      2010   1914   1    19   32   19   1    10   6    8    
5      2010   1914   1    18   33   19   1    10   6    8    
6      2010   1914   1    18   33   19   1    10   6    8    
7      2010   1913   2    18   33   19   1    10   6    8    
9      2009   1913   2    18   32   19   2    10   6    7    
10     2009   1913   1    19   32   19   1    11   6    7    
Total  18088  17223  11   167  291  171  10   94   53   68   
test          0      1    2    3    4    5    6    7    8    
8      2010   1913   2    18   33   19   1    10   6    8    
Total  2010   1913   2    18   33   19   1    10   6    8    
Classes             
0         17223     
1         11        
2         167       
3         291       
4         171       
5         10        
6         94        
7         53        
8         68        
Total     18088     

Shape: 450       

[952, 10, 11, 16, 11, 10, 10, 10, 10]
Sum start => 1040
[[1152  761]
 [  15   82]]
acc: 0.614
f1: 0.174
[[1871   42]
 [  88    9]]
acc: 0.935
f1: 0.122
8,1,coarse : 29.11 seconds
8,1,fine : 29.11 seconds
[[1152  761]
 [  15   82]]
acc: 0.614
f1: 0.174
[[1871   42]
 [  88    9]]
acc: 0.935
f1: 0.122
8,2,coarse : 30.52 seconds
8,2,fine : 30.53 seconds
[[1175  738]
 [  17   80]]
acc: 0.624
f1: 0.175
[[1873   40]
 [  89    8]]
acc: 0.936
f1: 0.110
8,3,coarse : 3.69 seconds
8,3,fine : 3.69 seconds
[[1169  744]
 [  18   79]]
acc: 0.621
f1: 0.172
[[1879   34]
 [  91    6]]
acc: 0.938
f1: 0.088
8,4,coarse : 3.67 seconds
8,4,fine : 3.68 seconds
[[1170  743]
 [  17   80]]
acc: 0.622
f1: 0.174
[[1879   34]
 [  91    6]]
acc: 0.938
f1: 0.088
8,5,coarse : 3.97 seconds
8,5,fine : 3.98 seconds
[[1189  724]
 [  18   79]]
acc: 0.631
f1: 0.176
[[1884   29]
 [  91    6]]
acc: 0.940
f1: 0.091
8,6,coarse : 4.06 seconds
8,6,fine : 4.07 seconds
[[1189  724]
 [  17   80]]
acc: 0.631
f1: 0.178
[[1883   30]
 [  91    6]]
acc: 0.940
f1: 0.090
8,7,coarse : 3.96 seconds
8,7,fine : 3.97 seconds
[[1200  713]
 [  18   79]]
acc: 0.636
f1: 0.178
[[1886   27]
 [  91    6]]
acc: 0.941
f1: 0.092
8,8,coarse : 4.39 seconds
8,8,fine : 4.4 seconds
[[1223  690]
 [  16   81]]
acc: 0.649
f1: 0.187
[[1889   24]
 [  91    6]]
acc: 0.943
f1: 0.094
8,9,coarse : 4.55 seconds
8,9,fine : 4.56 seconds
[[1237  676]
 [  15   82]]
acc: 0.656
f1: 0.192
[[1892   21]
 [  91    6]]
acc: 0.944
f1: 0.097
8,10,coarse : 4.62 seconds
8,10,fine : 4.63 seconds
[[1248  665]
 [  14   83]]
acc: 0.662
f1: 0.196
[[1889   24]
 [  89    8]]
acc: 0.944
f1: 0.124
8,11,coarse : 4.78 seconds
8,11,fine : 4.79 seconds
[[1264  649]
 [  16   81]]
acc: 0.669
f1: 0.196
[[1893   20]
 [  89    8]]
acc: 0.946
f1: 0.128
8,12,coarse : 4.75 seconds
8,12,fine : 4.76 seconds
[[1277  636]
 [  15   82]]
acc: 0.676
f1: 0.201
[[1890   23]
 [  88    9]]
acc: 0.945
f1: 0.140
8,13,coarse : 5.07 seconds
8,13,fine : 5.07 seconds
[[1275  638]
 [  15   82]]
acc: 0.675
f1: 0.201
[[1888   25]
 [  86   11]]
acc: 0.945
f1: 0.165
8,14,coarse : 5.42 seconds
8,14,fine : 5.43 seconds
[[1293  620]
 [  17   80]]
acc: 0.683
f1: 0.201
[[1888   25]
 [  87   10]]
acc: 0.944
f1: 0.152
8,15,coarse : 5.43 seconds
8,15,fine : 5.43 seconds
[[1311  602]
 [  18   79]]
acc: 0.692
f1: 0.203
[[1887   26]
 [  87   10]]
acc: 0.944
f1: 0.150
8,16,coarse : 5.9 seconds
8,16,fine : 5.91 seconds
[[1321  592]
 [  17   80]]
acc: 0.697
f1: 0.208
[[1888   25]
 [  86   11]]
acc: 0.945
f1: 0.165
8,17,coarse : 6.16 seconds
8,17,fine : 6.16 seconds
[[1310  603]
 [  18   79]]
acc: 0.691
f1: 0.203
[[1887   26]
 [  85   12]]
acc: 0.945
f1: 0.178
8,18,coarse : 6.22 seconds
8,18,fine : 6.22 seconds
[[1311  602]
 [  18   79]]
acc: 0.692
f1: 0.203
[[1890   23]
 [  85   12]]
acc: 0.946
f1: 0.182
8,19,coarse : 6.39 seconds
8,19,fine : 6.4 seconds
[[1321  592]
 [  17   80]]
acc: 0.697
f1: 0.208
[[1888   25]
 [  85   12]]
acc: 0.945
f1: 0.179
8,20,coarse : 6.91 seconds
8,20,fine : 6.91 seconds
[[1326  587]
 [  17   80]]
acc: 0.700
f1: 0.209
[[1886   27]
 [  82   15]]
acc: 0.946
f1: 0.216
8,21,coarse : 6.92 seconds
8,21,fine : 6.92 seconds
[[1332  581]
 [  17   80]]
acc: 0.702
f1: 0.211
[[1881   32]
 [  82   15]]
acc: 0.943
f1: 0.208
8,22,coarse : 7.19 seconds
8,22,fine : 7.2 seconds
[[1334  579]
 [  17   80]]
acc: 0.703
f1: 0.212
[[1880   33]
 [  81   16]]
acc: 0.943
f1: 0.219
8,23,coarse : 7.2 seconds
8,23,fine : 7.2 seconds
[[1340  573]
 [  16   81]]
acc: 0.707
f1: 0.216
[[1880   33]
 [  81   16]]
acc: 0.943
f1: 0.219
8,24,coarse : 7.5 seconds
8,24,fine : 7.51 seconds
[[1346  567]
 [  16   81]]
acc: 0.710
f1: 0.217
[[1878   35]
 [  81   16]]
acc: 0.942
f1: 0.216
8,25,coarse : 7.53 seconds
8,25,fine : 7.53 seconds
[[1355  558]
 [  16   81]]
acc: 0.714
f1: 0.220
[[1878   35]
 [  79   18]]
acc: 0.943
f1: 0.240
8,26,coarse : 7.78 seconds
8,26,fine : 7.79 seconds
[[1343  570]
 [  17   80]]
acc: 0.708
f1: 0.214
[[1876   37]
 [  78   19]]
acc: 0.943
f1: 0.248
8,27,coarse : 7.85 seconds
8,27,fine : 7.86 seconds
[[1353  560]
 [  17   80]]
acc: 0.713
f1: 0.217
[[1876   37]
 [  78   19]]
acc: 0.943
f1: 0.248
8,28,coarse : 8.13 seconds
8,28,fine : 8.13 seconds
[[1355  558]
 [  17   80]]
acc: 0.714
f1: 0.218
[[1875   38]
 [  78   19]]
acc: 0.942
f1: 0.247
8,29,coarse : 8.36 seconds
8,29,fine : 8.36 seconds
[[1347  566]
 [  17   80]]
acc: 0.710
f1: 0.215
[[1870   43]
 [  77   20]]
acc: 0.940
f1: 0.250
8,30,coarse : 8.59 seconds
8,30,fine : 8.59 seconds
[[1348  565]
 [  16   81]]
acc: 0.711
f1: 0.218
[[1870   43]
 [  77   20]]
acc: 0.940
f1: 0.250
8,31,coarse : 8.44 seconds
8,31,fine : 8.45 seconds
[[1342  571]
 [  17   80]]
acc: 0.707
f1: 0.214
[[1873   40]
 [  76   21]]
acc: 0.942
f1: 0.266
8,32,coarse : 8.65 seconds
8,32,fine : 8.66 seconds
[[1339  574]
 [  15   82]]
acc: 0.707
f1: 0.218
[[1870   43]
 [  76   21]]
acc: 0.941
f1: 0.261
8,33,coarse : 8.76 seconds
8,33,fine : 8.77 seconds
[[1344  569]
 [  15   82]]
acc: 0.709
f1: 0.219
[[1870   43]
 [  76   21]]
acc: 0.941
f1: 0.261
8,34,coarse : 8.85 seconds
8,34,fine : 8.86 seconds
[[1346  567]
 [  15   82]]
acc: 0.710
f1: 0.220
[[1870   43]
 [  75   22]]
acc: 0.941
f1: 0.272
8,35,coarse : 9.24 seconds
8,35,fine : 9.24 seconds
[[1355  558]
 [  17   80]]
acc: 0.714
f1: 0.218
[[1870   43]
 [  75   22]]
acc: 0.941
f1: 0.272
8,36,coarse : 9.37 seconds
8,36,fine : 9.38 seconds
[[1355  558]
 [  16   81]]
acc: 0.714
f1: 0.220
[[1865   48]
 [  73   24]]
acc: 0.940
f1: 0.284
8,37,coarse : 9.55 seconds
8,37,fine : 9.56 seconds
[[1348  565]
 [  18   79]]
acc: 0.710
f1: 0.213
[[1865   48]
 [  73   24]]
acc: 0.940
f1: 0.284
8,38,coarse : 9.8 seconds
8,38,fine : 9.82 seconds
[[1366  547]
 [  15   82]]
acc: 0.720
f1: 0.226
[[1866   47]
 [  73   24]]
acc: 0.940
f1: 0.286
8,39,coarse : 10.02 seconds
8,39,fine : 10.03 seconds
[[1368  545]
 [  15   82]]
acc: 0.721
f1: 0.227
[[1860   53]
 [  75   22]]
acc: 0.936
f1: 0.256
8,40,coarse : 10.39 seconds
8,40,fine : 10.39 seconds
[[1361  552]
 [  14   83]]
acc: 0.718
f1: 0.227
[[1861   52]
 [  75   22]]
acc: 0.937
f1: 0.257
8,41,coarse : 10.51 seconds
8,41,fine : 10.52 seconds
[[1353  560]
 [  16   81]]
acc: 0.713
f1: 0.220
[[1861   52]
 [  75   22]]
acc: 0.937
f1: 0.257
8,42,coarse : 10.55 seconds
8,42,fine : 10.56 seconds
[[1356  557]
 [  16   81]]
acc: 0.715
f1: 0.220
[[1858   55]
 [  74   23]]
acc: 0.936
f1: 0.263
8,43,coarse : 10.84 seconds
8,43,fine : 10.85 seconds
[[1353  560]
 [  14   83]]
acc: 0.714
f1: 0.224
[[1857   56]
 [  74   23]]
acc: 0.935
f1: 0.261
8,44,coarse : 11.03 seconds
8,44,fine : 11.04 seconds
[[1357  556]
 [  14   83]]
acc: 0.716
f1: 0.226
[[1856   57]
 [  72   25]]
acc: 0.936
f1: 0.279
8,45,coarse : 10.98 seconds
8,45,fine : 10.99 seconds
[[1354  559]
 [  14   83]]
acc: 0.715
f1: 0.225
[[1859   54]
 [  76   21]]
acc: 0.935
f1: 0.244
8,46,coarse : 10.96 seconds
8,46,fine : 10.97 seconds
[[1353  560]
 [  15   82]]
acc: 0.714
f1: 0.222
[[1857   56]
 [  75   22]]
acc: 0.935
f1: 0.251
8,47,coarse : 11.47 seconds
8,47,fine : 11.48 seconds
[[1356  557]
 [  15   82]]
acc: 0.715
f1: 0.223
[[1862   51]
 [  77   20]]
acc: 0.936
f1: 0.238
8,48,coarse : 11.46 seconds
8,48,fine : 11.47 seconds
[[1339  574]
 [  13   84]]
acc: 0.708
f1: 0.223
[[1855   58]
 [  73   24]]
acc: 0.935
f1: 0.268
8,49,coarse : 11.88 seconds
8,49,fine : 11.89 seconds
[[1338  575]
 [  13   84]]
acc: 0.707
f1: 0.222
[[1854   59]
 [  73   24]]
acc: 0.934
f1: 0.267
8,50,coarse : 14.36 seconds
8,50,fine : 14.37 seconds
[[1354  559]
 [  16   81]]
acc: 0.714
f1: 0.220
[[1860   53]
 [  73   24]]
acc: 0.937
f1: 0.276
8,51,coarse : 12.48 seconds
8,51,fine : 12.49 seconds
[[1356  557]
 [  16   81]]
acc: 0.715
f1: 0.220
[[1858   55]
 [  72   25]]
acc: 0.937
f1: 0.282
8,52,coarse : 12.7 seconds
8,52,fine : 12.71 seconds
[[1367  546]
 [  16   81]]
acc: 0.720
f1: 0.224
[[1857   56]
 [  72   25]]
acc: 0.936
f1: 0.281
8,53,coarse : 12.84 seconds
8,53,fine : 12.85 seconds
[[1370  543]
 [  14   83]]
acc: 0.723
f1: 0.230
[[1852   61]
 [  73   24]]
acc: 0.933
f1: 0.264
8,54,coarse : 13.02 seconds
8,54,fine : 13.03 seconds
[[1374  539]
 [  15   82]]
acc: 0.724
f1: 0.228
[[1850   63]
 [  73   24]]
acc: 0.932
f1: 0.261
8,55,coarse : 13.07 seconds
8,55,fine : 13.08 seconds
[[1371  542]
 [  15   82]]
acc: 0.723
f1: 0.227
[[1852   61]
 [  72   25]]
acc: 0.934
f1: 0.273
8,56,coarse : 13.35 seconds
8,56,fine : 13.36 seconds
[[1375  538]
 [  15   82]]
acc: 0.725
f1: 0.229
[[1850   63]
 [  73   24]]
acc: 0.932
f1: 0.261
8,57,coarse : 13.35 seconds
8,57,fine : 13.36 seconds
[[1373  540]
 [  13   84]]
acc: 0.725
f1: 0.233
[[1849   64]
 [  70   27]]
acc: 0.933
f1: 0.287
8,58,coarse : 13.81 seconds
8,58,fine : 13.82 seconds
[[1376  537]
 [  14   83]]
acc: 0.726
f1: 0.232
[[1847   66]
 [  70   27]]
acc: 0.932
f1: 0.284
8,59,coarse : 13.89 seconds
8,59,fine : 13.9 seconds
[[1364  549]
 [  15   82]]
acc: 0.719
f1: 0.225
[[1851   62]
 [  71   26]]
acc: 0.934
f1: 0.281
8,60,coarse : 14.48 seconds
8,60,fine : 14.49 seconds
[[1352  561]
 [  15   82]]
acc: 0.713
f1: 0.222
[[1851   62]
 [  70   27]]
acc: 0.934
f1: 0.290
8,61,coarse : 14.39 seconds
8,61,fine : 14.4 seconds
[[1360  553]
 [  15   82]]
acc: 0.717
f1: 0.224
[[1850   63]
 [  70   27]]
acc: 0.934
f1: 0.289
8,62,coarse : 14.82 seconds
8,62,fine : 14.83 seconds
[[1366  547]
 [  14   83]]
acc: 0.721
f1: 0.228
[[1848   65]
 [  71   26]]
acc: 0.932
f1: 0.277
8,63,coarse : 14.65 seconds
8,63,fine : 14.66 seconds
[[1359  554]
 [  14   83]]
acc: 0.717
f1: 0.226
[[1847   66]
 [  70   27]]
acc: 0.932
f1: 0.284
8,64,coarse : 14.65 seconds
8,64,fine : 14.66 seconds
[[1364  549]
 [  14   83]]
acc: 0.720
f1: 0.228
[[1847   66]
 [  70   27]]
acc: 0.932
f1: 0.284
8,65,coarse : 15.22 seconds
8,65,fine : 15.23 seconds
[[1373  540]
 [  15   82]]
acc: 0.724
f1: 0.228
[[1843   70]
 [  70   27]]
acc: 0.930
f1: 0.278
8,66,coarse : 15.47 seconds
8,66,fine : 15.48 seconds
[[1376  537]
 [  15   82]]
acc: 0.725
f1: 0.229
[[1846   67]
 [  69   28]]
acc: 0.932
f1: 0.292
8,67,coarse : 15.91 seconds
8,67,fine : 15.92 seconds
[[1367  546]
 [  14   83]]
acc: 0.721
f1: 0.229
[[1844   69]
 [  68   29]]
acc: 0.932
f1: 0.297
8,68,coarse : 16.15 seconds
8,68,fine : 16.16 seconds
[[1363  550]
 [  14   83]]
acc: 0.719
f1: 0.227
[[1846   67]
 [  68   29]]
acc: 0.933
f1: 0.301
8,69,coarse : 16.29 seconds
8,69,fine : 16.3 seconds
[[1355  558]
 [  14   83]]
acc: 0.715
f1: 0.225
[[1847   66]
 [  68   29]]
acc: 0.933
f1: 0.302
8,70,coarse : 16.63 seconds
8,70,fine : 16.64 seconds
[[1358  555]
 [  12   85]]
acc: 0.718
f1: 0.231
[[1847   66]
 [  69   28]]
acc: 0.933
f1: 0.293
8,71,coarse : 16.6 seconds
8,71,fine : 16.61 seconds
[[1351  562]
 [  12   85]]
acc: 0.714
f1: 0.228
[[1851   62]
 [  70   27]]
acc: 0.934
f1: 0.290
8,72,coarse : 17.07 seconds
8,72,fine : 17.08 seconds
[[1350  563]
 [  12   85]]
acc: 0.714
f1: 0.228
[[1849   64]
 [  69   28]]
acc: 0.934
f1: 0.296
8,73,coarse : 17.06 seconds
8,73,fine : 17.07 seconds
[[1353  560]
 [  12   85]]
acc: 0.715
f1: 0.229
[[1848   65]
 [  68   29]]
acc: 0.934
f1: 0.304
8,74,coarse : 17.3 seconds
8,74,fine : 17.32 seconds
[[1352  561]
 [  13   84]]
acc: 0.714
f1: 0.226
[[1847   66]
 [  70   27]]
acc: 0.932
f1: 0.284
8,75,coarse : 17.41 seconds
8,75,fine : 17.42 seconds
[[1354  559]
 [  13   84]]
acc: 0.715
f1: 0.227
[[1848   65]
 [  69   28]]
acc: 0.933
f1: 0.295
8,76,coarse : 17.17 seconds
8,76,fine : 17.19 seconds
[[1359  554]
 [  14   83]]
acc: 0.717
f1: 0.226
[[1848   65]
 [  68   29]]
acc: 0.934
f1: 0.304
8,77,coarse : 18.03 seconds
8,77,fine : 18.04 seconds
[[1364  549]
 [  13   84]]
acc: 0.720
f1: 0.230
[[1848   65]
 [  68   29]]
acc: 0.934
f1: 0.304
8,78,coarse : 18.43 seconds
8,78,fine : 18.45 seconds
[[1363  550]
 [  13   84]]
acc: 0.720
f1: 0.230
[[1849   64]
 [  68   29]]
acc: 0.934
f1: 0.305
8,79,coarse : 18.15 seconds
8,79,fine : 18.16 seconds
[[1367  546]
 [  13   84]]
acc: 0.722
f1: 0.231
[[1849   64]
 [  67   30]]
acc: 0.935
f1: 0.314
8,80,coarse : 18.65 seconds
8,80,fine : 18.66 seconds
[[1366  547]
 [  13   84]]
acc: 0.721
f1: 0.231
[[1848   65]
 [  67   30]]
acc: 0.934
f1: 0.312
8,81,coarse : 18.79 seconds
8,81,fine : 18.8 seconds
[[1365  548]
 [  13   84]]
acc: 0.721
f1: 0.230
[[1848   65]
 [  70   27]]
acc: 0.933
f1: 0.286
8,82,coarse : 18.63 seconds
8,82,fine : 18.64 seconds
[[1368  545]
 [  13   84]]
acc: 0.722
f1: 0.231
[[1846   67]
 [  67   30]]
acc: 0.933
f1: 0.309
8,83,coarse : 19.17 seconds
8,83,fine : 19.19 seconds
[[1365  548]
 [  12   85]]
acc: 0.721
f1: 0.233
[[1847   66]
 [  68   29]]
acc: 0.933
f1: 0.302
8,84,coarse : 18.97 seconds
8,84,fine : 18.98 seconds
[[1371  542]
 [  13   84]]
acc: 0.724
f1: 0.232
[[1847   66]
 [  69   28]]
acc: 0.933
f1: 0.293
8,85,coarse : 19.4 seconds
8,85,fine : 19.42 seconds
[[1374  539]
 [  13   84]]
acc: 0.725
f1: 0.233
[[1845   68]
 [  68   29]]
acc: 0.932
f1: 0.299
8,86,coarse : 20.1 seconds
8,86,fine : 20.11 seconds
[[1373  540]
 [  14   83]]
acc: 0.724
f1: 0.231
[[1844   69]
 [  68   29]]
acc: 0.932
f1: 0.297
8,87,coarse : 20.37 seconds
8,87,fine : 20.38 seconds
[[1373  540]
 [  13   84]]
acc: 0.725
f1: 0.233
[[1844   69]
 [  68   29]]
acc: 0.932
f1: 0.297
8,88,coarse : 19.89 seconds
8,88,fine : 19.91 seconds
[[1373  540]
 [  13   84]]
acc: 0.725
f1: 0.233
[[1842   71]
 [  67   30]]
acc: 0.931
f1: 0.303
8,89,coarse : 20.09 seconds
8,89,fine : 20.11 seconds
[[1382  531]
 [  13   84]]
acc: 0.729
f1: 0.236
[[1845   68]
 [  67   30]]
acc: 0.933
f1: 0.308
8,90,coarse : 21.19 seconds
8,90,fine : 21.21 seconds
[[1382  531]
 [  13   84]]
acc: 0.729
f1: 0.236
[[1847   66]
 [  66   31]]
acc: 0.934
f1: 0.320
8,91,coarse : 20.6 seconds
8,91,fine : 20.61 seconds
[[1384  529]
 [  13   84]]
acc: 0.730
f1: 0.237
[[1846   67]
 [  66   31]]
acc: 0.934
f1: 0.318
8,92,coarse : 21.42 seconds
8,92,fine : 21.43 seconds
[[1395  518]
 [  13   84]]
acc: 0.736
f1: 0.240
[[1847   66]
 [  65   32]]
acc: 0.935
f1: 0.328
8,93,coarse : 21.36 seconds
8,93,fine : 21.38 seconds
[[1391  522]
 [  14   83]]
acc: 0.733
f1: 0.236
[[1848   65]
 [  65   32]]
acc: 0.935
f1: 0.330
8,94,coarse : 21.82 seconds
8,94,fine : 21.84 seconds
[[1392  521]
 [  14   83]]
acc: 0.734
f1: 0.237
[[1849   64]
 [  65   32]]
acc: 0.936
f1: 0.332
8,95,coarse : 21.99 seconds
8,95,fine : 22.01 seconds
[[1389  524]
 [  14   83]]
acc: 0.732
f1: 0.236
[[1850   63]
 [  65   32]]
acc: 0.936
f1: 0.333
8,96,coarse : 22.48 seconds
8,96,fine : 22.49 seconds
[[1392  521]
 [  14   83]]
acc: 0.734
f1: 0.237
[[1846   67]
 [  65   32]]
acc: 0.934
f1: 0.327
8,97,coarse : 21.75 seconds
8,97,fine : 21.76 seconds
[[1392  521]
 [  14   83]]
acc: 0.734
f1: 0.237
[[1844   69]
 [  65   32]]
acc: 0.933
f1: 0.323
8,98,coarse : 23.07 seconds
8,98,fine : 23.09 seconds
[[1396  517]
 [  14   83]]
acc: 0.736
f1: 0.238
[[1844   69]
 [  65   32]]
acc: 0.933
f1: 0.323
8,99,coarse : 22.88 seconds
8,99,fine : 22.89 seconds
[[1406  507]
 [  14   83]]
acc: 0.741
f1: 0.242
[[1840   73]
 [  65   32]]
acc: 0.931
f1: 0.317
8,100,coarse : 25.21 seconds
8,100,fine : 25.22 seconds
[[1407  506]
 [  14   83]]
acc: 0.741
f1: 0.242
[[1841   72]
 [  65   32]]
acc: 0.932
f1: 0.318
8,101,coarse : 22.97 seconds
8,101,fine : 22.99 seconds
[[1407  506]
 [  14   83]]
acc: 0.741
f1: 0.242
[[1844   69]
 [  65   32]]
acc: 0.933
f1: 0.323
8,102,coarse : 23.38 seconds
8,102,fine : 23.4 seconds
[[1402  511]
 [  14   83]]
acc: 0.739
f1: 0.240
[[1847   66]
 [  65   32]]
acc: 0.935
f1: 0.328
8,103,coarse : 23.37 seconds
8,103,fine : 23.39 seconds
[[1399  514]
 [  15   82]]
acc: 0.737
f1: 0.237
[[1844   69]
 [  65   32]]
acc: 0.933
f1: 0.323
8,104,coarse : 23.62 seconds
8,104,fine : 23.63 seconds
[[1397  516]
 [  14   83]]
acc: 0.736
f1: 0.239
[[1842   71]
 [  65   32]]
acc: 0.932
f1: 0.320
8,105,coarse : 24.23 seconds
8,105,fine : 24.25 seconds
[[1401  512]
 [  14   83]]
acc: 0.738
f1: 0.240
[[1844   69]
 [  65   32]]
acc: 0.933
f1: 0.323
8,106,coarse : 25.03 seconds
8,106,fine : 25.05 seconds
[[1398  515]
 [  14   83]]
acc: 0.737
f1: 0.239
[[1843   70]
 [  65   32]]
acc: 0.933
f1: 0.322
8,107,coarse : 24.73 seconds
8,107,fine : 24.75 seconds
[[1400  513]
 [  14   83]]
acc: 0.738
f1: 0.240
[[1842   71]
 [  65   32]]
acc: 0.932
f1: 0.320
8,108,coarse : 24.91 seconds
8,108,fine : 24.93 seconds
[[1407  506]
 [  15   82]]
acc: 0.741
f1: 0.239
[[1841   72]
 [  65   32]]
acc: 0.932
f1: 0.318
8,109,coarse : 24.89 seconds
8,109,fine : 24.9 seconds
[[1410  503]
 [  14   83]]
acc: 0.743
f1: 0.243
[[1843   70]
 [  65   32]]
acc: 0.933
f1: 0.322
8,110,coarse : 25.57 seconds
8,110,fine : 25.59 seconds
[[1414  499]
 [  14   83]]
acc: 0.745
f1: 0.244
[[1843   70]
 [  65   32]]
acc: 0.933
f1: 0.322
8,111,coarse : 25.37 seconds
8,111,fine : 25.38 seconds
[[1410  503]
 [  14   83]]
acc: 0.743
f1: 0.243
[[1841   72]
 [  64   33]]
acc: 0.932
f1: 0.327
8,112,coarse : 25.14 seconds
8,112,fine : 25.16 seconds
[[1416  497]
 [  14   83]]
acc: 0.746
f1: 0.245
[[1843   70]
 [  65   32]]
acc: 0.933
f1: 0.322
8,113,coarse : 24.64 seconds
8,113,fine : 24.65 seconds
[[1411  502]
 [  14   83]]
acc: 0.743
f1: 0.243
[[1843   70]
 [  65   32]]
acc: 0.933
f1: 0.322
8,114,coarse : 25.97 seconds
8,114,fine : 25.99 seconds
[[1411  502]
 [  14   83]]
acc: 0.743
f1: 0.243
[[1844   69]
 [  65   32]]
acc: 0.933
f1: 0.323
8,115,coarse : 26.4 seconds
8,115,fine : 26.42 seconds
[[1416  497]
 [  16   81]]
acc: 0.745
f1: 0.240
[[1842   71]
 [  63   34]]
acc: 0.933
f1: 0.337
8,116,coarse : 26.6 seconds
8,116,fine : 26.61 seconds
[[1408  505]
 [  16   81]]
acc: 0.741
f1: 0.237
[[1842   71]
 [  63   34]]
acc: 0.933
f1: 0.337
8,117,coarse : 26.98 seconds
8,117,fine : 27.0 seconds
[[1413  500]
 [  16   81]]
acc: 0.743
f1: 0.239
[[1844   69]
 [  62   35]]
acc: 0.935
f1: 0.348
8,118,coarse : 26.81 seconds
8,118,fine : 26.83 seconds
[[1416  497]
 [  15   82]]
acc: 0.745
f1: 0.243
[[1844   69]
 [  62   35]]
acc: 0.935
f1: 0.348
8,119,coarse : 27.87 seconds
8,119,fine : 27.89 seconds
[[1411  502]
 [  15   82]]
acc: 0.743
f1: 0.241
[[1845   68]
 [  62   35]]
acc: 0.935
f1: 0.350
8,120,coarse : 28.27 seconds
8,120,fine : 28.28 seconds
[[1412  501]
 [  15   82]]
acc: 0.743
f1: 0.241
[[1847   66]
 [  62   35]]
acc: 0.936
f1: 0.354
8,121,coarse : 28.16 seconds
8,121,fine : 28.17 seconds
[[1415  498]
 [  16   81]]
acc: 0.744
f1: 0.240
[[1844   69]
 [  62   35]]
acc: 0.935
f1: 0.348
8,122,coarse : 28.09 seconds
8,122,fine : 28.1 seconds
[[1424  489]
 [  15   82]]
acc: 0.749
f1: 0.246
[[1844   69]
 [  62   35]]
acc: 0.935
f1: 0.348
8,123,coarse : 28.89 seconds
8,123,fine : 28.91 seconds
[[1439  474]
 [  15   82]]
acc: 0.757
f1: 0.251
[[1843   70]
 [  62   35]]
acc: 0.934
f1: 0.347
8,124,coarse : 28.92 seconds
8,124,fine : 28.93 seconds
[[1441  472]
 [  15   82]]
acc: 0.758
f1: 0.252
[[1843   70]
 [  62   35]]
acc: 0.934
f1: 0.347
8,125,coarse : 28.72 seconds
8,125,fine : 28.74 seconds
[[1443  470]
 [  15   82]]
acc: 0.759
f1: 0.253
[[1840   73]
 [  62   35]]
acc: 0.933
f1: 0.341
8,126,coarse : 29.01 seconds
8,126,fine : 29.03 seconds
[[1444  469]
 [  15   82]]
acc: 0.759
f1: 0.253
[[1840   73]
 [  62   35]]
acc: 0.933
f1: 0.341
8,127,coarse : 29.99 seconds
8,127,fine : 30.01 seconds
[[1449  464]
 [  15   82]]
acc: 0.762
f1: 0.255
[[1840   73]
 [  62   35]]
acc: 0.933
f1: 0.341
8,128,coarse : 29.82 seconds
8,128,fine : 29.84 seconds
[[1440  473]
 [  15   82]]
acc: 0.757
f1: 0.252
[[1838   75]
 [  61   36]]
acc: 0.932
f1: 0.346
8,129,coarse : 29.96 seconds
8,129,fine : 29.98 seconds
[[1439  474]
 [  15   82]]
acc: 0.757
f1: 0.251
[[1841   72]
 [  61   36]]
acc: 0.934
f1: 0.351
8,130,coarse : 30.28 seconds
8,130,fine : 30.3 seconds
[[1443  470]
 [  14   83]]
acc: 0.759
f1: 0.255
[[1841   72]
 [  60   37]]
acc: 0.934
f1: 0.359
8,131,coarse : 30.71 seconds
8,131,fine : 30.72 seconds
[[1443  470]
 [  13   84]]
acc: 0.760
f1: 0.258
[[1840   73]
 [  60   37]]
acc: 0.934
f1: 0.357
8,132,coarse : 30.96 seconds
8,132,fine : 30.98 seconds
[[1437  476]
 [  13   84]]
acc: 0.757
f1: 0.256
[[1840   73]
 [  60   37]]
acc: 0.934
f1: 0.357
8,133,coarse : 31.0 seconds
8,133,fine : 31.02 seconds
[[1441  472]
 [  14   83]]
acc: 0.758
f1: 0.255
[[1839   74]
 [  61   36]]
acc: 0.933
f1: 0.348
8,134,coarse : 31.35 seconds
8,134,fine : 31.37 seconds
[[1438  475]
 [  14   83]]
acc: 0.757
f1: 0.253
[[1836   77]
 [  61   36]]
acc: 0.931
f1: 0.343
8,135,coarse : 31.4 seconds
8,135,fine : 31.42 seconds
[[1442  471]
 [  14   83]]
acc: 0.759
f1: 0.255
[[1837   76]
 [  61   36]]
acc: 0.932
f1: 0.344
8,136,coarse : 32.4 seconds
8,136,fine : 32.42 seconds
[[1438  475]
 [  13   84]]
acc: 0.757
f1: 0.256
[[1838   75]
 [  62   35]]
acc: 0.932
f1: 0.338
8,137,coarse : 31.88 seconds
8,137,fine : 31.9 seconds
[[1435  478]
 [  13   84]]
acc: 0.756
f1: 0.255
[[1838   75]
 [  61   36]]
acc: 0.932
f1: 0.346
8,138,coarse : 32.57 seconds
8,138,fine : 32.59 seconds
[[1432  481]
 [  13   84]]
acc: 0.754
f1: 0.254
[[1835   78]
 [  61   36]]
acc: 0.931
f1: 0.341
8,139,coarse : 32.12 seconds
8,139,fine : 32.14 seconds
[[1434  479]
 [  14   83]]
acc: 0.755
f1: 0.252
[[1839   74]
 [  61   36]]
acc: 0.933
f1: 0.348
8,140,coarse : 31.68 seconds
8,140,fine : 31.7 seconds
[[1437  476]
 [  13   84]]
acc: 0.757
f1: 0.256
[[1838   75]
 [  61   36]]
acc: 0.932
f1: 0.346
8,141,coarse : 32.92 seconds
8,141,fine : 32.94 seconds
[[1435  478]
 [  13   84]]
acc: 0.756
f1: 0.255
[[1842   71]
 [  60   37]]
acc: 0.935
f1: 0.361
8,142,coarse : 32.27 seconds
8,142,fine : 32.29 seconds
[[1436  477]
 [  13   84]]
acc: 0.756
f1: 0.255
[[1839   74]
 [  60   37]]
acc: 0.933
f1: 0.356
8,143,coarse : 33.56 seconds
8,143,fine : 33.58 seconds
[[1437  476]
 [  13   84]]
acc: 0.757
f1: 0.256
[[1838   75]
 [  59   38]]
acc: 0.933
f1: 0.362
8,144,coarse : 31.99 seconds
8,144,fine : 32.01 seconds
[[1442  471]
 [  13   84]]
acc: 0.759
f1: 0.258
[[1837   76]
 [  59   38]]
acc: 0.933
f1: 0.360
8,145,coarse : 34.48 seconds
8,145,fine : 34.5 seconds
[[1444  469]
 [  13   84]]
acc: 0.760
f1: 0.258
[[1838   75]
 [  60   37]]
acc: 0.933
f1: 0.354
8,146,coarse : 34.22 seconds
8,146,fine : 34.24 seconds
[[1442  471]
 [  13   84]]
acc: 0.759
f1: 0.258
[[1838   75]
 [  60   37]]
acc: 0.933
f1: 0.354
8,147,coarse : 34.42 seconds
8,147,fine : 34.44 seconds
[[1446  467]
 [  13   84]]
acc: 0.761
f1: 0.259
[[1837   76]
 [  60   37]]
acc: 0.932
f1: 0.352
8,148,coarse : 33.39 seconds
8,148,fine : 33.41 seconds
[[1445  468]
 [  13   84]]
acc: 0.761
f1: 0.259
[[1837   76]
 [  60   37]]
acc: 0.932
f1: 0.352
8,149,coarse : 34.97 seconds
8,149,fine : 34.99 seconds
[[1446  467]
 [  13   84]]
acc: 0.761
f1: 0.259
[[1836   77]
 [  60   37]]
acc: 0.932
f1: 0.351
8,150,coarse : 37.32 seconds
8,150,fine : 37.34 seconds
[[1445  468]
 [  13   84]]
acc: 0.761
f1: 0.259
[[1840   73]
 [  60   37]]
acc: 0.934
f1: 0.357
8,151,coarse : 34.96 seconds
8,151,fine : 34.98 seconds
[[1447  466]
 [  13   84]]
acc: 0.762
f1: 0.260
[[1841   72]
 [  60   37]]
acc: 0.934
f1: 0.359
8,152,coarse : 35.89 seconds
8,152,fine : 35.91 seconds
[[1443  470]
 [  14   83]]
acc: 0.759
f1: 0.255
[[1838   75]
 [  60   37]]
acc: 0.933
f1: 0.354
8,153,coarse : 35.99 seconds
8,153,fine : 36.02 seconds
[[1444  469]
 [  14   83]]
acc: 0.760
f1: 0.256
[[1836   77]
 [  60   37]]
acc: 0.932
f1: 0.351
8,154,coarse : 35.17 seconds
8,154,fine : 35.19 seconds
[[1447  466]
 [  14   83]]
acc: 0.761
f1: 0.257
[[1836   77]
 [  60   37]]
acc: 0.932
f1: 0.351
8,155,coarse : 36.78 seconds
8,155,fine : 36.8 seconds
[[1447  466]
 [  14   83]]
acc: 0.761
f1: 0.257
[[1837   76]
 [  60   37]]
acc: 0.932
f1: 0.352
8,156,coarse : 37.17 seconds
8,156,fine : 37.19 seconds
[[1443  470]
 [  14   83]]
acc: 0.759
f1: 0.255
[[1837   76]
 [  60   37]]
acc: 0.932
f1: 0.352
8,157,coarse : 37.14 seconds
8,157,fine : 37.16 seconds
[[1444  469]
 [  14   83]]
acc: 0.760
f1: 0.256
[[1837   76]
 [  59   38]]
acc: 0.933
f1: 0.360
8,158,coarse : 37.07 seconds
8,158,fine : 37.09 seconds
[[1443  470]
 [  14   83]]
acc: 0.759
f1: 0.255
[[1834   79]
 [  58   39]]
acc: 0.932
f1: 0.363
8,159,coarse : 37.82 seconds
8,159,fine : 37.85 seconds
[[1446  467]
 [  14   83]]
acc: 0.761
f1: 0.257
[[1835   78]
 [  58   39]]
acc: 0.932
f1: 0.364
8,160,coarse : 36.97 seconds
8,160,fine : 36.99 seconds
[[1443  470]
 [  14   83]]
acc: 0.759
f1: 0.255
[[1837   76]
 [  59   38]]
acc: 0.933
f1: 0.360
8,161,coarse : 38.53 seconds
8,161,fine : 38.56 seconds
[[1446  467]
 [  13   84]]
acc: 0.761
f1: 0.259
[[1837   76]
 [  59   38]]
acc: 0.933
f1: 0.360
8,162,coarse : 37.98 seconds
8,162,fine : 38.01 seconds
[[1445  468]
 [  13   84]]
acc: 0.761
f1: 0.259
[[1838   75]
 [  59   38]]
acc: 0.933
f1: 0.362
8,163,coarse : 38.39 seconds
8,163,fine : 38.41 seconds
[[1450  463]
 [  13   84]]
acc: 0.763
f1: 0.261
[[1837   76]
 [  59   38]]
acc: 0.933
f1: 0.360
8,164,coarse : 38.96 seconds
8,164,fine : 38.99 seconds
[[1443  470]
 [  14   83]]
acc: 0.759
f1: 0.255
[[1838   75]
 [  59   38]]
acc: 0.933
f1: 0.362
8,165,coarse : 38.53 seconds
8,165,fine : 38.55 seconds
[[1440  473]
 [  14   83]]
acc: 0.758
f1: 0.254
[[1838   75]
 [  59   38]]
acc: 0.933
f1: 0.362
8,166,coarse : 39.27 seconds
8,166,fine : 39.29 seconds
[[1440  473]
 [  14   83]]
acc: 0.758
f1: 0.254
[[1835   78]
 [  59   38]]
acc: 0.932
f1: 0.357
8,167,coarse : 39.17 seconds
8,167,fine : 39.2 seconds
[[1443  470]
 [  14   83]]
acc: 0.759
f1: 0.255
[[1835   78]
 [  58   39]]
acc: 0.932
f1: 0.364
8,168,coarse : 39.09 seconds
8,168,fine : 39.11 seconds
[[1445  468]
 [  14   83]]
acc: 0.760
f1: 0.256
[[1836   77]
 [  58   39]]
acc: 0.933
f1: 0.366
8,169,coarse : 39.9 seconds
8,169,fine : 39.92 seconds
[[1444  469]
 [  14   83]]
acc: 0.760
f1: 0.256
[[1839   74]
 [  57   40]]
acc: 0.935
f1: 0.379
8,170,coarse : 36.07 seconds
8,170,fine : 36.09 seconds
[[1443  470]
 [  15   82]]
acc: 0.759
f1: 0.253
[[1838   75]
 [  57   40]]
acc: 0.934
f1: 0.377
8,171,coarse : 33.82 seconds
8,171,fine : 33.84 seconds
[[1448  465]
 [  15   82]]
acc: 0.761
f1: 0.255
[[1839   74]
 [  57   40]]
acc: 0.935
f1: 0.379
8,172,coarse : 31.5 seconds
8,172,fine : 31.52 seconds
