all           0      1    2    3    4    5    6    7    8    
1      2010   1914   1    19   32   19   1    11   6    7    
2      2010   1914   1    19   32   19   1    11   6    7    
3      2010   1914   1    19   32   19   1    11   5    8    
4      2010   1914   1    19   32   19   1    10   6    8    
5      2010   1914   1    18   33   19   1    10   6    8    
6      2010   1914   1    18   33   19   1    10   6    8    
7      2010   1913   2    18   33   19   1    10   6    8    
8      2010   1913   2    18   33   19   1    10   6    8    
9      2009   1913   2    18   32   19   2    10   6    7    
10     2009   1913   1    19   32   19   1    11   6    7    
Total  20098  19136  13   185  324  190  11   104  59   76   
train         0      1    2    3    4    5    6    7    8    
1      2010   1914   1    19   32   19   1    11   6    7    
2      2010   1914   1    19   32   19   1    11   6    7    
3      2010   1914   1    19   32   19   1    11   5    8    
4      2010   1914   1    19   32   19   1    10   6    8    
5      2010   1914   1    18   33   19   1    10   6    8    
6      2010   1914   1    18   33   19   1    10   6    8    
7      2010   1913   2    18   33   19   1    10   6    8    
9      2009   1913   2    18   32   19   2    10   6    7    
10     2009   1913   1    19   32   19   1    11   6    7    
Total  18088  17223  11   167  291  171  10   94   53   68   
test          0      1    2    3    4    5    6    7    8    
8      2010   1913   2    18   33   19   1    10   6    8    
Total  2010   1913   2    18   33   19   1    10   6    8    
Classes             
0         17223     
1         11        
2         167       
3         291       
4         171       
5         10        
6         94        
7         53        
8         68        
Total     18088     

Shape: 450       

[952, 10, 11, 16, 11, 10, 10, 10, 10]
Sum start => 1040
[[1134  779]
 [  12   85]]
acc: 0.606
f1: 0.177
[[1874   39]
 [  88    9]]
acc: 0.937
f1: 0.124
8,1,coarse : 28.68 seconds
8,1,fine : 28.69 seconds
[[1134  779]
 [  12   85]]
acc: 0.606
f1: 0.177
[[1874   39]
 [  88    9]]
acc: 0.937
f1: 0.124
8,2,coarse : 29.84 seconds
8,2,fine : 29.85 seconds
[[1169  744]
 [  11   86]]
acc: 0.624
f1: 0.186
[[1895   18]
 [  93    4]]
acc: 0.945
f1: 0.067
8,3,coarse : 26.9 seconds
8,3,fine : 26.91 seconds
[[1185  728]
 [  13   84]]
acc: 0.631
f1: 0.185
[[1905    8]
 [  94    3]]
acc: 0.949
f1: 0.056
8,4,coarse : 26.99 seconds
8,4,fine : 26.99 seconds
[[1208  705]
 [  13   84]]
acc: 0.643
f1: 0.190
[[1907    6]
 [  95    2]]
acc: 0.950
f1: 0.038
8,5,coarse : 27.22 seconds
8,5,fine : 27.23 seconds
[[1224  689]
 [  14   83]]
acc: 0.650
f1: 0.191
[[1909    4]
 [  93    4]]
acc: 0.952
f1: 0.076
8,6,coarse : 26.81 seconds
8,6,fine : 26.82 seconds
[[1236  677]
 [  15   82]]
acc: 0.656
f1: 0.192
[[1907    6]
 [  91    6]]
acc: 0.952
f1: 0.110
8,7,coarse : 26.86 seconds
8,7,fine : 26.86 seconds
[[1238  675]
 [  15   82]]
acc: 0.657
f1: 0.192
[[1907    6]
 [  89    8]]
acc: 0.953
f1: 0.144
8,8,coarse : 27.24 seconds
8,8,fine : 27.25 seconds
[[1252  661]
 [  17   80]]
acc: 0.663
f1: 0.191
[[1907    6]
 [  89    8]]
acc: 0.953
f1: 0.144
8,9,coarse : 26.54 seconds
8,9,fine : 26.55 seconds
[[1262  651]
 [  16   81]]
acc: 0.668
f1: 0.195
[[1904    9]
 [  88    9]]
acc: 0.952
f1: 0.157
8,10,coarse : 26.74 seconds
8,10,fine : 26.74 seconds
[[1294  619]
 [  15   82]]
acc: 0.685
f1: 0.206
[[1905    8]
 [  88    9]]
acc: 0.952
f1: 0.158
8,11,coarse : 26.99 seconds
8,11,fine : 26.99 seconds
[[1296  617]
 [  18   79]]
acc: 0.684
f1: 0.199
[[1903   10]
 [  88    9]]
acc: 0.951
f1: 0.155
8,12,coarse : 26.66 seconds
8,12,fine : 26.66 seconds
[[1300  613]
 [  15   82]]
acc: 0.688
f1: 0.207
[[1903   10]
 [  88    9]]
acc: 0.951
f1: 0.155
8,13,coarse : 26.55 seconds
8,13,fine : 26.56 seconds
[[1315  598]
 [  16   81]]
acc: 0.695
f1: 0.209
[[1904    9]
 [  88    9]]
acc: 0.952
f1: 0.157
8,14,coarse : 27.0 seconds
8,14,fine : 27.01 seconds
[[1320  593]
 [  15   82]]
acc: 0.698
f1: 0.212
[[1903   10]
 [  89    8]]
acc: 0.951
f1: 0.139
8,15,coarse : 26.53 seconds
8,15,fine : 26.53 seconds
[[1340  573]
 [  15   82]]
acc: 0.707
f1: 0.218
[[1904    9]
 [  89    8]]
acc: 0.951
f1: 0.140
8,16,coarse : 26.85 seconds
8,16,fine : 26.86 seconds
[[1352  561]
 [  16   81]]
acc: 0.713
f1: 0.219
[[1904    9]
 [  88    9]]
acc: 0.952
f1: 0.157
8,17,coarse : 27.01 seconds
8,17,fine : 27.02 seconds
[[1348  565]
 [  15   82]]
acc: 0.711
f1: 0.220
[[1905    8]
 [  88    9]]
acc: 0.952
f1: 0.158
8,18,coarse : 26.44 seconds
8,18,fine : 26.45 seconds
[[1352  561]
 [  13   84]]
acc: 0.714
f1: 0.226
[[1905    8]
 [  88    9]]
acc: 0.952
f1: 0.158
8,19,coarse : 26.66 seconds
8,19,fine : 26.67 seconds
[[1366  547]
 [  14   83]]
acc: 0.721
f1: 0.228
[[1905    8]
 [  88    9]]
acc: 0.952
f1: 0.158
8,20,coarse : 27.08 seconds
8,20,fine : 27.09 seconds
[[1375  538]
 [  15   82]]
acc: 0.725
f1: 0.229
[[1906    7]
 [  88    9]]
acc: 0.953
f1: 0.159
8,21,coarse : 26.55 seconds
8,21,fine : 26.56 seconds
[[1380  533]
 [  15   82]]
acc: 0.727
f1: 0.230
[[1905    8]
 [  88    9]]
acc: 0.952
f1: 0.158
8,22,coarse : 26.68 seconds
8,22,fine : 26.69 seconds
[[1380  533]
 [  14   83]]
acc: 0.728
f1: 0.233
[[1905    8]
 [  88    9]]
acc: 0.952
f1: 0.158
8,23,coarse : 26.99 seconds
8,23,fine : 27.0 seconds
[[1389  524]
 [  14   83]]
acc: 0.732
f1: 0.236
[[1905    8]
 [  88    9]]
acc: 0.952
f1: 0.158
8,24,coarse : 26.5 seconds
8,24,fine : 26.51 seconds
[[1395  518]
 [  15   82]]
acc: 0.735
f1: 0.235
[[1907    6]
 [  88    9]]
acc: 0.953
f1: 0.161
8,25,coarse : 26.46 seconds
8,25,fine : 26.48 seconds
[[1393  520]
 [  14   83]]
acc: 0.734
f1: 0.237
[[1907    6]
 [  88    9]]
acc: 0.953
f1: 0.161
8,26,coarse : 26.8 seconds
8,26,fine : 26.8 seconds
[[1411  502]
 [  14   83]]
acc: 0.743
f1: 0.243
[[1907    6]
 [  88    9]]
acc: 0.953
f1: 0.161
8,27,coarse : 26.54 seconds
8,27,fine : 26.54 seconds
[[1408  505]
 [  14   83]]
acc: 0.742
f1: 0.242
[[1906    7]
 [  88    9]]
acc: 0.953
f1: 0.159
8,28,coarse : 26.53 seconds
8,28,fine : 26.53 seconds
[[1414  499]
 [  14   83]]
acc: 0.745
f1: 0.244
[[1906    7]
 [  88    9]]
acc: 0.953
f1: 0.159
8,29,coarse : 26.85 seconds
8,29,fine : 26.86 seconds
[[1415  498]
 [  14   83]]
acc: 0.745
f1: 0.245
[[1906    7]
 [  88    9]]
acc: 0.953
f1: 0.159
8,30,coarse : 26.47 seconds
8,30,fine : 26.48 seconds
[[1420  493]
 [  13   84]]
acc: 0.748
f1: 0.249
[[1906    7]
 [  87   10]]
acc: 0.953
f1: 0.175
8,31,coarse : 26.45 seconds
8,31,fine : 26.46 seconds
[[1407  506]
 [  13   84]]
acc: 0.742
f1: 0.245
[[1906    7]
 [  87   10]]
acc: 0.953
f1: 0.175
8,32,coarse : 26.42 seconds
8,32,fine : 26.43 seconds
[[1411  502]
 [  14   83]]
acc: 0.743
f1: 0.243
[[1905    8]
 [  86   11]]
acc: 0.953
f1: 0.190
8,33,coarse : 26.87 seconds
8,33,fine : 26.88 seconds
[[1409  504]
 [  13   84]]
acc: 0.743
f1: 0.245
[[1906    7]
 [  87   10]]
acc: 0.953
f1: 0.175
8,34,coarse : 26.49 seconds
8,34,fine : 26.49 seconds
[[1403  510]
 [  11   86]]
acc: 0.741
f1: 0.248
[[1905    8]
 [  86   11]]
acc: 0.953
f1: 0.190
8,35,coarse : 26.51 seconds
8,35,fine : 26.52 seconds
[[1406  507]
 [  11   86]]
acc: 0.742
f1: 0.249
[[1905    8]
 [  86   11]]
acc: 0.953
f1: 0.190
8,36,coarse : 26.82 seconds
8,36,fine : 26.82 seconds
[[1407  506]
 [  10   87]]
acc: 0.743
f1: 0.252
[[1904    9]
 [  85   12]]
acc: 0.953
f1: 0.203
8,37,coarse : 26.45 seconds
8,37,fine : 26.46 seconds
[[1409  504]
 [  10   87]]
acc: 0.744
f1: 0.253
[[1905    8]
 [  85   12]]
acc: 0.954
f1: 0.205
8,38,coarse : 26.53 seconds
8,38,fine : 26.54 seconds
[[1398  515]
 [  12   85]]
acc: 0.738
f1: 0.244
[[1905    8]
 [  85   12]]
acc: 0.954
f1: 0.205
8,39,coarse : 26.44 seconds
8,39,fine : 26.44 seconds
[[1409  504]
 [  14   83]]
acc: 0.742
f1: 0.243
[[1904    9]
 [  84   13]]
acc: 0.954
f1: 0.218
8,40,coarse : 26.61 seconds
8,40,fine : 26.62 seconds
[[1412  501]
 [  14   83]]
acc: 0.744
f1: 0.244
[[1904    9]
 [  84   13]]
acc: 0.954
f1: 0.218
8,41,coarse : 26.33 seconds
8,41,fine : 26.34 seconds
[[1406  507]
 [  12   85]]
acc: 0.742
f1: 0.247
[[1903   10]
 [  84   13]]
acc: 0.953
f1: 0.217
8,42,coarse : 26.39 seconds
8,42,fine : 26.4 seconds
[[1411  502]
 [  12   85]]
acc: 0.744
f1: 0.249
[[1903   10]
 [  83   14]]
acc: 0.954
f1: 0.231
8,43,coarse : 26.64 seconds
8,43,fine : 26.65 seconds
[[1414  499]
 [  13   84]]
acc: 0.745
f1: 0.247
[[1902   11]
 [  83   14]]
acc: 0.953
f1: 0.230
8,44,coarse : 26.55 seconds
8,44,fine : 26.56 seconds
[[1415  498]
 [  13   84]]
acc: 0.746
f1: 0.247
[[1903   10]
 [  83   14]]
acc: 0.954
f1: 0.231
8,45,coarse : 26.53 seconds
8,45,fine : 26.53 seconds
[[1407  506]
 [  14   83]]
acc: 0.741
f1: 0.242
[[1903   10]
 [  83   14]]
acc: 0.954
f1: 0.231
8,46,coarse : 26.5 seconds
8,46,fine : 26.51 seconds
[[1405  508]
 [  14   83]]
acc: 0.740
f1: 0.241
[[1902   11]
 [  83   14]]
acc: 0.953
f1: 0.230
8,47,coarse : 26.77 seconds
8,47,fine : 26.77 seconds
[[1399  514]
 [  14   83]]
acc: 0.737
f1: 0.239
[[1902   11]
 [  83   14]]
acc: 0.953
f1: 0.230
8,48,coarse : 26.52 seconds
8,48,fine : 26.53 seconds
[[1403  510]
 [  14   83]]
acc: 0.739
f1: 0.241
[[1901   12]
 [  83   14]]
acc: 0.953
f1: 0.228
8,49,coarse : 26.58 seconds
8,49,fine : 26.59 seconds
[[1396  517]
 [  12   85]]
acc: 0.737
f1: 0.243
[[1901   12]
 [  83   14]]
acc: 0.953
f1: 0.228
8,50,coarse : 28.48 seconds
8,50,fine : 28.49 seconds
[[1396  517]
 [  12   85]]
acc: 0.737
f1: 0.243
[[1900   13]
 [  83   14]]
acc: 0.952
f1: 0.226
8,51,coarse : 26.79 seconds
8,51,fine : 26.8 seconds
[[1404  509]
 [  12   85]]
acc: 0.741
f1: 0.246
[[1899   14]
 [  82   15]]
acc: 0.952
f1: 0.238
8,52,coarse : 26.93 seconds
8,52,fine : 26.94 seconds
[[1389  524]
 [  12   85]]
acc: 0.733
f1: 0.241
[[1899   14]
 [  82   15]]
acc: 0.952
f1: 0.238
8,53,coarse : 27.18 seconds
8,53,fine : 27.19 seconds
[[1386  527]
 [  11   86]]
acc: 0.732
f1: 0.242
[[1899   14]
 [  82   15]]
acc: 0.952
f1: 0.238
8,54,coarse : 26.71 seconds
8,54,fine : 26.72 seconds
[[1389  524]
 [  12   85]]
acc: 0.733
f1: 0.241
[[1898   15]
 [  81   16]]
acc: 0.952
f1: 0.250
8,55,coarse : 26.69 seconds
8,55,fine : 26.7 seconds
[[1389  524]
 [  12   85]]
acc: 0.733
f1: 0.241
[[1898   15]
 [  82   15]]
acc: 0.952
f1: 0.236
8,56,coarse : 27.0 seconds
8,56,fine : 27.01 seconds
[[1379  534]
 [  12   85]]
acc: 0.728
f1: 0.237
[[1897   16]
 [  81   16]]
acc: 0.952
f1: 0.248
8,57,coarse : 27.19 seconds
8,57,fine : 27.2 seconds
[[1387  526]
 [  12   85]]
acc: 0.732
f1: 0.240
[[1897   16]
 [  81   16]]
acc: 0.952
f1: 0.248
8,58,coarse : 26.86 seconds
8,58,fine : 26.87 seconds
[[1392  521]
 [  11   86]]
acc: 0.735
f1: 0.244
[[1896   17]
 [  81   16]]
acc: 0.951
f1: 0.246
8,59,coarse : 26.76 seconds
8,59,fine : 26.77 seconds
[[1392  521]
 [  12   85]]
acc: 0.735
f1: 0.242
[[1896   17]
 [  81   16]]
acc: 0.951
f1: 0.246
8,60,coarse : 27.07 seconds
8,60,fine : 27.08 seconds
[[1394  519]
 [  12   85]]
acc: 0.736
f1: 0.243
[[1896   17]
 [  81   16]]
acc: 0.951
f1: 0.246
8,61,coarse : 26.79 seconds
8,61,fine : 26.8 seconds
[[1396  517]
 [  12   85]]
acc: 0.737
f1: 0.243
[[1898   15]
 [  80   17]]
acc: 0.953
f1: 0.264
8,62,coarse : 27.37 seconds
8,62,fine : 27.38 seconds
[[1401  512]
 [  12   85]]
acc: 0.739
f1: 0.245
[[1898   15]
 [  80   17]]
acc: 0.953
f1: 0.264
8,63,coarse : 26.81 seconds
8,63,fine : 26.82 seconds
[[1407  506]
 [  12   85]]
acc: 0.742
f1: 0.247
[[1897   16]
 [  81   16]]
acc: 0.952
f1: 0.248
8,64,coarse : 26.81 seconds
8,64,fine : 26.82 seconds
[[1407  506]
 [  12   85]]
acc: 0.742
f1: 0.247
[[1896   17]
 [  80   17]]
acc: 0.952
f1: 0.260
8,65,coarse : 26.87 seconds
8,65,fine : 26.88 seconds
[[1393  520]
 [  12   85]]
acc: 0.735
f1: 0.242
[[1896   17]
 [  80   17]]
acc: 0.952
f1: 0.260
8,66,coarse : 27.53 seconds
8,66,fine : 27.54 seconds
[[1399  514]
 [  12   85]]
acc: 0.738
f1: 0.244
[[1894   19]
 [  79   18]]
acc: 0.951
f1: 0.269
8,67,coarse : 26.78 seconds
8,67,fine : 26.79 seconds
[[1401  512]
 [  12   85]]
acc: 0.739
f1: 0.245
[[1894   19]
 [  79   18]]
acc: 0.951
f1: 0.269
8,68,coarse : 27.24 seconds
8,68,fine : 27.25 seconds
[[1405  508]
 [  12   85]]
acc: 0.741
f1: 0.246
[[1894   19]
 [  79   18]]
acc: 0.951
f1: 0.269
8,69,coarse : 27.37 seconds
8,69,fine : 27.38 seconds
[[1406  507]
 [  12   85]]
acc: 0.742
f1: 0.247
[[1895   18]
 [  78   19]]
acc: 0.952
f1: 0.284
8,70,coarse : 27.15 seconds
8,70,fine : 27.16 seconds
[[1401  512]
 [  12   85]]
acc: 0.739
f1: 0.245
[[1895   18]
 [  80   17]]
acc: 0.951
f1: 0.258
8,71,coarse : 27.23 seconds
8,71,fine : 27.24 seconds
[[1402  511]
 [  12   85]]
acc: 0.740
f1: 0.245
[[1894   19]
 [  78   19]]
acc: 0.952
f1: 0.281
8,72,coarse : 27.08 seconds
8,72,fine : 27.09 seconds
[[1400  513]
 [  12   85]]
acc: 0.739
f1: 0.245
[[1893   20]
 [  78   19]]
acc: 0.951
f1: 0.279
8,73,coarse : 27.08 seconds
8,73,fine : 27.09 seconds
[[1400  513]
 [  11   86]]
acc: 0.739
f1: 0.247
[[1893   20]
 [  78   19]]
acc: 0.951
f1: 0.279
8,74,coarse : 27.04 seconds
8,74,fine : 27.05 seconds
[[1402  511]
 [  11   86]]
acc: 0.740
f1: 0.248
[[1893   20]
 [  78   19]]
acc: 0.951
f1: 0.279
8,75,coarse : 27.15 seconds
8,75,fine : 27.16 seconds
[[1402  511]
 [  11   86]]
acc: 0.740
f1: 0.248
[[1893   20]
 [  77   20]]
acc: 0.952
f1: 0.292
8,76,coarse : 26.9 seconds
8,76,fine : 26.91 seconds
[[1398  515]
 [  11   86]]
acc: 0.738
f1: 0.246
[[1893   20]
 [  76   21]]
acc: 0.952
f1: 0.304
8,77,coarse : 26.84 seconds
8,77,fine : 26.85 seconds
[[1400  513]
 [  11   86]]
acc: 0.739
f1: 0.247
[[1892   21]
 [  78   19]]
acc: 0.951
f1: 0.277
8,78,coarse : 26.65 seconds
8,78,fine : 26.66 seconds
[[1399  514]
 [  11   86]]
acc: 0.739
f1: 0.247
[[1892   21]
 [  78   19]]
acc: 0.951
f1: 0.277
8,79,coarse : 26.84 seconds
8,79,fine : 26.85 seconds
[[1404  509]
 [  11   86]]
acc: 0.741
f1: 0.249
[[1892   21]
 [  77   20]]
acc: 0.951
f1: 0.290
8,80,coarse : 27.27 seconds
8,80,fine : 27.28 seconds
[[1409  504]
 [  12   85]]
acc: 0.743
f1: 0.248
[[1892   21]
 [  77   20]]
acc: 0.951
f1: 0.290
8,81,coarse : 27.01 seconds
8,81,fine : 27.02 seconds
[[1400  513]
 [  11   86]]
acc: 0.739
f1: 0.247
[[1892   21]
 [  76   21]]
acc: 0.952
f1: 0.302
8,82,coarse : 27.16 seconds
8,82,fine : 27.18 seconds
[[1401  512]
 [  12   85]]
acc: 0.739
f1: 0.245
[[1891   22]
 [  76   21]]
acc: 0.951
f1: 0.300
8,83,coarse : 26.92 seconds
8,83,fine : 26.93 seconds
[[1408  505]
 [  11   86]]
acc: 0.743
f1: 0.250
[[1891   22]
 [  76   21]]
acc: 0.951
f1: 0.300
8,84,coarse : 27.04 seconds
8,84,fine : 27.05 seconds
[[1408  505]
 [  11   86]]
acc: 0.743
f1: 0.250
[[1890   23]
 [  76   21]]
acc: 0.951
f1: 0.298
8,85,coarse : 27.26 seconds
8,85,fine : 27.27 seconds
[[1412  501]
 [  13   84]]
acc: 0.744
f1: 0.246
[[1889   24]
 [  76   21]]
acc: 0.950
f1: 0.296
8,86,coarse : 27.59 seconds
8,86,fine : 27.6 seconds
[[1414  499]
 [  12   85]]
acc: 0.746
f1: 0.250
[[1889   24]
 [  76   21]]
acc: 0.950
f1: 0.296
8,87,coarse : 27.31 seconds
8,87,fine : 27.37 seconds
[[1414  499]
 [  12   85]]
acc: 0.746
f1: 0.250
[[1888   25]
 [  76   21]]
acc: 0.950
f1: 0.294
8,88,coarse : 27.38 seconds
8,88,fine : 27.4 seconds
[[1417  496]
 [  12   85]]
acc: 0.747
f1: 0.251
[[1888   25]
 [  75   22]]
acc: 0.950
f1: 0.306
8,89,coarse : 27.63 seconds
8,89,fine : 27.64 seconds
[[1417  496]
 [  12   85]]
acc: 0.747
f1: 0.251
[[1888   25]
 [  75   22]]
acc: 0.950
f1: 0.306
8,90,coarse : 27.52 seconds
8,90,fine : 27.54 seconds
[[1422  491]
 [  12   85]]
acc: 0.750
f1: 0.253
[[1887   26]
 [  75   22]]
acc: 0.950
f1: 0.303
8,91,coarse : 27.6 seconds
8,91,fine : 27.61 seconds
[[1429  484]
 [  13   84]]
acc: 0.753
f1: 0.253
[[1885   28]
 [  74   23]]
acc: 0.949
f1: 0.311
8,92,coarse : 27.76 seconds
8,92,fine : 27.77 seconds
[[1425  488]
 [  13   84]]
acc: 0.751
f1: 0.251
[[1882   31]
 [  73   24]]
acc: 0.948
f1: 0.316
8,93,coarse : 27.29 seconds
8,93,fine : 27.31 seconds
[[1427  486]
 [  13   84]]
acc: 0.752
f1: 0.252
[[1883   30]
 [  72   25]]
acc: 0.949
f1: 0.329
8,94,coarse : 26.96 seconds
8,94,fine : 26.97 seconds
[[1433  480]
 [  13   84]]
acc: 0.755
f1: 0.254
[[1881   32]
 [  72   25]]
acc: 0.948
f1: 0.325
8,95,coarse : 27.6 seconds
8,95,fine : 27.61 seconds
[[1435  478]
 [  13   84]]
acc: 0.756
f1: 0.255
[[1881   32]
 [  72   25]]
acc: 0.948
f1: 0.325
8,96,coarse : 27.47 seconds
8,96,fine : 27.48 seconds
[[1433  480]
 [  13   84]]
acc: 0.755
f1: 0.254
[[1881   32]
 [  72   25]]
acc: 0.948
f1: 0.325
8,97,coarse : 27.72 seconds
8,97,fine : 27.74 seconds
[[1434  479]
 [  12   85]]
acc: 0.756
f1: 0.257
[[1879   34]
 [  71   26]]
acc: 0.948
f1: 0.331
8,98,coarse : 27.67 seconds
8,98,fine : 27.68 seconds
[[1428  485]
 [  12   85]]
acc: 0.753
f1: 0.255
[[1881   32]
 [  71   26]]
acc: 0.949
f1: 0.335
8,99,coarse : 27.5 seconds
8,99,fine : 27.52 seconds
[[1431  482]
 [  12   85]]
acc: 0.754
f1: 0.256
[[1880   33]
 [  72   25]]
acc: 0.948
f1: 0.323
8,100,coarse : 29.48 seconds
8,100,fine : 29.49 seconds
[[1428  485]
 [  12   85]]
acc: 0.753
f1: 0.255
[[1879   34]
 [  72   25]]
acc: 0.947
f1: 0.321
8,101,coarse : 27.47 seconds
8,101,fine : 27.49 seconds
[[1425  488]
 [  12   85]]
acc: 0.751
f1: 0.254
[[1878   35]
 [  72   25]]
acc: 0.947
f1: 0.318
8,102,coarse : 28.15 seconds
8,102,fine : 28.17 seconds
[[1423  490]
 [  12   85]]
acc: 0.750
f1: 0.253
[[1876   37]
 [  71   26]]
acc: 0.946
f1: 0.325
8,103,coarse : 28.08 seconds
8,103,fine : 28.1 seconds
[[1417  496]
 [  12   85]]
acc: 0.747
f1: 0.251
[[1876   37]
 [  71   26]]
acc: 0.946
f1: 0.325
8,104,coarse : 27.76 seconds
8,104,fine : 27.77 seconds
[[1421  492]
 [  12   85]]
acc: 0.749
f1: 0.252
[[1872   41]
 [  72   25]]
acc: 0.944
f1: 0.307
8,105,coarse : 28.0 seconds
8,105,fine : 28.01 seconds
[[1423  490]
 [  13   84]]
acc: 0.750
f1: 0.250
[[1872   41]
 [  71   26]]
acc: 0.944
f1: 0.317
8,106,coarse : 28.08 seconds
8,106,fine : 28.09 seconds
[[1419  494]
 [  13   84]]
acc: 0.748
f1: 0.249
[[1872   41]
 [  71   26]]
acc: 0.944
f1: 0.317
8,107,coarse : 28.08 seconds
8,107,fine : 28.09 seconds
[[1425  488]
 [  12   85]]
acc: 0.751
f1: 0.254
[[1873   40]
 [  71   26]]
acc: 0.945
f1: 0.319
8,108,coarse : 28.37 seconds
8,108,fine : 28.39 seconds
[[1422  491]
 [  12   85]]
acc: 0.750
f1: 0.253
[[1872   41]
 [  70   27]]
acc: 0.945
f1: 0.327
8,109,coarse : 28.05 seconds
8,109,fine : 28.07 seconds
[[1427  486]
 [  12   85]]
acc: 0.752
f1: 0.254
[[1871   42]
 [  69   28]]
acc: 0.945
f1: 0.335
8,110,coarse : 28.79 seconds
8,110,fine : 28.82 seconds
[[1430  483]
 [  12   85]]
acc: 0.754
f1: 0.256
[[1870   43]
 [  69   28]]
acc: 0.944
f1: 0.333
8,111,coarse : 28.34 seconds
8,111,fine : 28.36 seconds
[[1430  483]
 [  12   85]]
acc: 0.754
f1: 0.256
[[1870   43]
 [  69   28]]
acc: 0.944
f1: 0.333
8,112,coarse : 28.36 seconds
8,112,fine : 28.38 seconds
[[1429  484]
 [  13   84]]
acc: 0.753
f1: 0.253
[[1870   43]
 [  69   28]]
acc: 0.944
f1: 0.333
8,113,coarse : 28.77 seconds
8,113,fine : 28.79 seconds
[[1427  486]
 [  13   84]]
acc: 0.752
f1: 0.252
[[1870   43]
 [  68   29]]
acc: 0.945
f1: 0.343
8,114,coarse : 28.56 seconds
8,114,fine : 28.58 seconds
[[1430  483]
 [  12   85]]
acc: 0.754
f1: 0.256
[[1870   43]
 [  68   29]]
acc: 0.945
f1: 0.343
8,115,coarse : 28.77 seconds
8,115,fine : 28.78 seconds
[[1431  482]
 [  12   85]]
acc: 0.754
f1: 0.256
[[1870   43]
 [  67   30]]
acc: 0.945
f1: 0.353
8,116,coarse : 28.6 seconds
8,116,fine : 28.62 seconds
[[1434  479]
 [  12   85]]
acc: 0.756
f1: 0.257
[[1870   43]
 [  65   32]]
acc: 0.946
f1: 0.372
8,117,coarse : 28.61 seconds
8,117,fine : 28.63 seconds
[[1431  482]
 [  12   85]]
acc: 0.754
f1: 0.256
[[1870   43]
 [  65   32]]
acc: 0.946
f1: 0.372
8,118,coarse : 29.04 seconds
8,118,fine : 29.05 seconds
[[1431  482]
 [  13   84]]
acc: 0.754
f1: 0.253
[[1869   44]
 [  64   33]]
acc: 0.946
f1: 0.379
8,119,coarse : 28.75 seconds
8,119,fine : 28.76 seconds
[[1432  481]
 [  13   84]]
acc: 0.754
f1: 0.254
[[1867   46]
 [  64   33]]
acc: 0.945
f1: 0.375
8,120,coarse : 28.98 seconds
8,120,fine : 28.99 seconds
[[1435  478]
 [  12   85]]
acc: 0.756
f1: 0.258
[[1867   46]
 [  64   33]]
acc: 0.945
f1: 0.375
8,121,coarse : 28.77 seconds
8,121,fine : 28.79 seconds
[[1436  477]
 [  12   85]]
acc: 0.757
f1: 0.258
[[1867   46]
 [  64   33]]
acc: 0.945
f1: 0.375
8,122,coarse : 28.85 seconds
8,122,fine : 28.87 seconds
[[1436  477]
 [  11   86]]
acc: 0.757
f1: 0.261
[[1866   47]
 [  64   33]]
acc: 0.945
f1: 0.373
8,123,coarse : 28.93 seconds
8,123,fine : 28.95 seconds
[[1442  471]
 [  12   85]]
acc: 0.760
f1: 0.260
[[1866   47]
 [  63   34]]
acc: 0.945
f1: 0.382
8,124,coarse : 29.17 seconds
8,124,fine : 29.19 seconds
[[1443  470]
 [  12   85]]
acc: 0.760
f1: 0.261
[[1866   47]
 [  63   34]]
acc: 0.945
f1: 0.382
8,125,coarse : 29.11 seconds
8,125,fine : 29.13 seconds
[[1438  475]
 [  11   86]]
acc: 0.758
f1: 0.261
[[1865   48]
 [  63   34]]
acc: 0.945
f1: 0.380
8,126,coarse : 29.38 seconds
8,126,fine : 29.4 seconds
[[1439  474]
 [  11   86]]
acc: 0.759
f1: 0.262
[[1864   49]
 [  63   34]]
acc: 0.944
f1: 0.378
8,127,coarse : 29.16 seconds
8,127,fine : 29.18 seconds
[[1440  473]
 [  11   86]]
acc: 0.759
f1: 0.262
[[1864   49]
 [  63   34]]
acc: 0.944
f1: 0.378
8,128,coarse : 29.3 seconds
8,128,fine : 29.31 seconds
[[1441  472]
 [  13   84]]
acc: 0.759
f1: 0.257
[[1866   47]
 [  64   33]]
acc: 0.945
f1: 0.373
8,129,coarse : 29.74 seconds
8,129,fine : 29.75 seconds
[[1437  476]
 [  13   84]]
acc: 0.757
f1: 0.256
[[1865   48]
 [  64   33]]
acc: 0.944
f1: 0.371
8,130,coarse : 29.56 seconds
8,130,fine : 29.58 seconds
[[1439  474]
 [  12   85]]
acc: 0.758
f1: 0.259
[[1863   50]
 [  64   33]]
acc: 0.943
f1: 0.367
8,131,coarse : 29.34 seconds
8,131,fine : 29.36 seconds
[[1438  475]
 [  14   83]]
acc: 0.757
f1: 0.253
[[1862   51]
 [  64   33]]
acc: 0.943
f1: 0.365
8,132,coarse : 29.92 seconds
8,132,fine : 29.94 seconds
[[1441  472]
 [  14   83]]
acc: 0.758
f1: 0.255
[[1862   51]
 [  64   33]]
acc: 0.943
f1: 0.365
8,133,coarse : 29.23 seconds
8,133,fine : 29.25 seconds
[[1442  471]
 [  13   84]]
acc: 0.759
f1: 0.258
[[1862   51]
 [  64   33]]
acc: 0.943
f1: 0.365
8,134,coarse : 28.23 seconds
8,134,fine : 28.25 seconds
[[1444  469]
 [  13   84]]
acc: 0.760
f1: 0.258
[[1861   52]
 [  63   34]]
acc: 0.943
f1: 0.372
8,135,coarse : 28.73 seconds
8,135,fine : 28.74 seconds
[[1435  478]
 [  12   85]]
acc: 0.756
f1: 0.258
[[1859   54]
 [  62   35]]
acc: 0.942
f1: 0.376
8,136,coarse : 28.79 seconds
8,136,fine : 28.81 seconds
[[1437  476]
 [  12   85]]
acc: 0.757
f1: 0.258
[[1862   51]
 [  63   34]]
acc: 0.943
f1: 0.374
8,137,coarse : 28.73 seconds
8,137,fine : 28.75 seconds
[[1437  476]
 [  12   85]]
acc: 0.757
f1: 0.258
[[1860   53]
 [  62   35]]
acc: 0.943
f1: 0.378
8,138,coarse : 28.34 seconds
8,138,fine : 28.36 seconds
[[1432  481]
 [  12   85]]
acc: 0.755
f1: 0.256
[[1860   53]
 [  62   35]]
acc: 0.943
f1: 0.378
8,139,coarse : 28.67 seconds
8,139,fine : 28.69 seconds
[[1432  481]
 [  13   84]]
acc: 0.754
f1: 0.254
[[1858   55]
 [  62   35]]
acc: 0.942
f1: 0.374
8,140,coarse : 28.8 seconds
8,140,fine : 28.81 seconds
[[1431  482]
 [  12   85]]
acc: 0.754
f1: 0.256
[[1858   55]
 [  62   35]]
acc: 0.942
f1: 0.374
8,141,coarse : 28.13 seconds
8,141,fine : 28.14 seconds
[[1432  481]
 [  12   85]]
acc: 0.755
f1: 0.256
[[1856   57]
 [  62   35]]
acc: 0.941
f1: 0.370
8,142,coarse : 28.22 seconds
8,142,fine : 28.24 seconds
[[1426  487]
 [  10   87]]
acc: 0.753
f1: 0.259
[[1855   58]
 [  62   35]]
acc: 0.940
f1: 0.368
8,143,coarse : 27.92 seconds
8,143,fine : 27.94 seconds
[[1426  487]
 [  10   87]]
acc: 0.753
f1: 0.259
[[1854   59]
 [  62   35]]
acc: 0.940
f1: 0.366
8,144,coarse : 27.57 seconds
8,144,fine : 27.59 seconds
[[1425  488]
 [  10   87]]
acc: 0.752
f1: 0.259
[[1853   60]
 [  61   36]]
acc: 0.940
f1: 0.373
8,145,coarse : 27.99 seconds
8,145,fine : 28.01 seconds
[[1428  485]
 [  10   87]]
acc: 0.754
f1: 0.260
[[1851   62]
 [  61   36]]
acc: 0.939
f1: 0.369
8,146,coarse : 27.97 seconds
8,146,fine : 27.98 seconds
[[1427  486]
 [  10   87]]
acc: 0.753
f1: 0.260
[[1849   64]
 [  62   35]]
acc: 0.937
f1: 0.357
8,147,coarse : 27.89 seconds
8,147,fine : 27.91 seconds
[[1431  482]
 [  10   87]]
acc: 0.755
f1: 0.261
[[1848   65]
 [  62   35]]
acc: 0.937
f1: 0.355
8,148,coarse : 28.07 seconds
8,148,fine : 28.08 seconds
[[1428  485]
 [  10   87]]
acc: 0.754
f1: 0.260
[[1848   65]
 [  61   36]]
acc: 0.937
f1: 0.364
8,149,coarse : 28.87 seconds
8,149,fine : 28.89 seconds
[[1426  487]
 [  11   86]]
acc: 0.752
f1: 0.257
[[1847   66]
 [  61   36]]
acc: 0.937
f1: 0.362
8,150,coarse : 30.89 seconds
8,150,fine : 30.9 seconds
[[1417  496]
 [  11   86]]
acc: 0.748
f1: 0.253
[[1846   67]
 [  61   36]]
acc: 0.936
f1: 0.360
8,151,coarse : 28.91 seconds
8,151,fine : 28.93 seconds
[[1419  494]
 [  11   86]]
acc: 0.749
f1: 0.254
[[1846   67]
 [  61   36]]
acc: 0.936
f1: 0.360
8,152,coarse : 29.31 seconds
8,152,fine : 29.33 seconds
[[1424  489]
 [  11   86]]
acc: 0.751
f1: 0.256
[[1843   70]
 [  61   36]]
acc: 0.935
f1: 0.355
8,153,coarse : 28.93 seconds
8,153,fine : 28.95 seconds
[[1423  490]
 [  11   86]]
acc: 0.751
f1: 0.256
[[1843   70]
 [  61   36]]
acc: 0.935
f1: 0.355
8,154,coarse : 27.83 seconds
8,154,fine : 27.85 seconds
[[1425  488]
 [  12   85]]
acc: 0.751
f1: 0.254
[[1842   71]
 [  61   36]]
acc: 0.934
f1: 0.353
8,155,coarse : 28.97 seconds
8,155,fine : 28.99 seconds
[[1427  486]
 [  12   85]]
acc: 0.752
f1: 0.254
[[1842   71]
 [  61   36]]
acc: 0.934
f1: 0.353
8,156,coarse : 28.28 seconds
8,156,fine : 28.3 seconds
[[1431  482]
 [  12   85]]
acc: 0.754
f1: 0.256
[[1842   71]
 [  61   36]]
acc: 0.934
f1: 0.353
8,157,coarse : 28.73 seconds
8,157,fine : 28.75 seconds
[[1436  477]
 [  12   85]]
acc: 0.757
f1: 0.258
[[1842   71]
 [  61   36]]
acc: 0.934
f1: 0.353
8,158,coarse : 29.17 seconds
8,158,fine : 29.19 seconds
[[1437  476]
 [  12   85]]
acc: 0.757
f1: 0.258
[[1841   72]
 [  61   36]]
acc: 0.934
f1: 0.351
8,159,coarse : 29.09 seconds
8,159,fine : 29.11 seconds
[[1435  478]
 [  12   85]]
acc: 0.756
f1: 0.258
[[1841   72]
 [  60   37]]
acc: 0.934
f1: 0.359
8,160,coarse : 29.5 seconds
8,160,fine : 29.52 seconds
[[1437  476]
 [  13   84]]
acc: 0.757
f1: 0.256
[[1840   73]
 [  59   38]]
acc: 0.934
f1: 0.365
8,161,coarse : 29.08 seconds
8,161,fine : 29.1 seconds
[[1442  471]
 [  12   85]]
acc: 0.760
f1: 0.260
[[1840   73]
 [  59   38]]
acc: 0.934
f1: 0.365
8,162,coarse : 28.46 seconds
8,162,fine : 28.48 seconds
[[1442  471]
 [  12   85]]
acc: 0.760
f1: 0.260
[[1841   72]
 [  59   38]]
acc: 0.935
f1: 0.367
8,163,coarse : 29.16 seconds
8,163,fine : 29.18 seconds
[[1440  473]
 [  12   85]]
acc: 0.759
f1: 0.260
[[1840   73]
 [  59   38]]
acc: 0.934
f1: 0.365
8,164,coarse : 29.6 seconds
8,164,fine : 29.62 seconds
[[1442  471]
 [  13   84]]
acc: 0.759
f1: 0.258
[[1840   73]
 [  59   38]]
acc: 0.934
f1: 0.365
8,165,coarse : 29.73 seconds
8,165,fine : 29.74 seconds
[[1444  469]
 [  14   83]]
acc: 0.760
f1: 0.256
[[1839   74]
 [  59   38]]
acc: 0.934
f1: 0.364
8,166,coarse : 28.82 seconds
8,166,fine : 28.84 seconds
[[1444  469]
 [  14   83]]
acc: 0.760
f1: 0.256
[[1839   74]
 [  57   40]]
acc: 0.935
f1: 0.379
8,167,coarse : 29.06 seconds
8,167,fine : 29.08 seconds
[[1448  465]
 [  15   82]]
acc: 0.761
f1: 0.255
[[1839   74]
 [  57   40]]
acc: 0.935
f1: 0.379
8,168,coarse : 28.58 seconds
8,168,fine : 28.6 seconds
[[1446  467]
 [  14   83]]
acc: 0.761
f1: 0.257
[[1838   75]
 [  57   40]]
acc: 0.934
f1: 0.377
8,169,coarse : 29.12 seconds
8,169,fine : 29.14 seconds
[[1449  464]
 [  14   83]]
acc: 0.762
f1: 0.258
[[1838   75]
 [  57   40]]
acc: 0.934
f1: 0.377
8,170,coarse : 29.26 seconds
8,170,fine : 29.28 seconds
[[1450  463]
 [  14   83]]
acc: 0.763
f1: 0.258
[[1838   75]
 [  57   40]]
acc: 0.934
f1: 0.377
8,171,coarse : 29.72 seconds
8,171,fine : 29.74 seconds
[[1449  464]
 [  14   83]]
acc: 0.762
f1: 0.258
[[1839   74]
 [  57   40]]
acc: 0.935
f1: 0.379
8,172,coarse : 29.73 seconds
8,172,fine : 29.75 seconds
