all           0      1    2    3    4    5    6    7    8    
1      2010   1914   1    19   32   19   1    11   6    7    
2      2010   1914   1    19   32   19   1    11   6    7    
3      2010   1914   1    19   32   19   1    11   5    8    
4      2010   1914   1    19   32   19   1    10   6    8    
5      2010   1914   1    18   33   19   1    10   6    8    
6      2010   1914   1    18   33   19   1    10   6    8    
7      2010   1913   2    18   33   19   1    10   6    8    
8      2010   1913   2    18   33   19   1    10   6    8    
9      2009   1913   2    18   32   19   2    10   6    7    
10     2009   1913   1    19   32   19   1    11   6    7    
Total  20098  19136  13   185  324  190  11   104  59   76   
train         0      1    2    3    4    5    6    7    8    
1      2010   1914   1    19   32   19   1    11   6    7    
2      2010   1914   1    19   32   19   1    11   6    7    
4      2010   1914   1    19   32   19   1    10   6    8    
5      2010   1914   1    18   33   19   1    10   6    8    
6      2010   1914   1    18   33   19   1    10   6    8    
7      2010   1913   2    18   33   19   1    10   6    8    
8      2010   1913   2    18   33   19   1    10   6    8    
9      2009   1913   2    18   32   19   2    10   6    7    
10     2009   1913   1    19   32   19   1    11   6    7    
Total  18088  17222  12   166  292  171  10   93   54   68   
test          0      1    2    3    4    5    6    7    8    
3      2010   1914   1    19   32   19   1    11   5    8    
Total  2010   1914   1    19   32   19   1    11   5    8    
Classes             
0         17222     
1         12        
2         166       
3         292       
4         171       
5         10        
6         93        
7         54        
8         68        
Total     18088     

Shape: 450       

[952, 10, 11, 16, 11, 10, 10, 10, 10]
Sum start => 1040
[[1172  742]
 [  14   82]]
acc: 0.624
f1: 0.178
[[1893   21]
 [  85   11]]
acc: 0.947
f1: 0.172
3,1,coarse : 27.25 seconds
3,1,fine : 27.25 seconds
[[1172  742]
 [  14   82]]
acc: 0.624
f1: 0.178
[[1893   21]
 [  85   11]]
acc: 0.947
f1: 0.172
3,2,coarse : 28.47 seconds
3,2,fine : 28.48 seconds
[[1209  705]
 [  12   84]]
acc: 0.643
f1: 0.190
[[1907    7]
 [  93    3]]
acc: 0.950
f1: 0.057
3,3,coarse : 27.47 seconds
3,3,fine : 27.47 seconds
[[1210  704]
 [  12   84]]
acc: 0.644
f1: 0.190
[[1913    1]
 [  93    3]]
acc: 0.953
f1: 0.060
3,4,coarse : 27.53 seconds
3,4,fine : 27.53 seconds
[[1211  703]
 [  13   83]]
acc: 0.644
f1: 0.188
[[1911    3]
 [  93    3]]
acc: 0.952
f1: 0.059
3,5,coarse : 28.25 seconds
3,5,fine : 28.25 seconds
[[1234  680]
 [  12   84]]
acc: 0.656
f1: 0.195
[[1910    4]
 [  92    4]]
acc: 0.952
f1: 0.077
3,6,coarse : 27.79 seconds
3,6,fine : 27.8 seconds
[[1255  659]
 [  12   84]]
acc: 0.666
f1: 0.200
[[1909    5]
 [  88    8]]
acc: 0.954
f1: 0.147
3,7,coarse : 27.84 seconds
3,7,fine : 27.85 seconds
[[1283  631]
 [  12   84]]
acc: 0.680
f1: 0.207
[[1909    5]
 [  91    5]]
acc: 0.952
f1: 0.094
3,8,coarse : 28.12 seconds
3,8,fine : 28.12 seconds
[[1286  628]
 [  12   84]]
acc: 0.682
f1: 0.208
[[1910    4]
 [  92    4]]
acc: 0.952
f1: 0.077
3,9,coarse : 27.24 seconds
3,9,fine : 27.25 seconds
[[1297  617]
 [  13   83]]
acc: 0.687
f1: 0.209
[[1908    6]
 [  88    8]]
acc: 0.953
f1: 0.145
3,10,coarse : 27.18 seconds
3,10,fine : 27.19 seconds
[[1310  604]
 [  13   83]]
acc: 0.693
f1: 0.212
[[1908    6]
 [  88    8]]
acc: 0.953
f1: 0.145
3,11,coarse : 27.7 seconds
3,11,fine : 27.7 seconds
[[1330  584]
 [  13   83]]
acc: 0.703
f1: 0.218
[[1908    6]
 [  87    9]]
acc: 0.954
f1: 0.162
3,12,coarse : 27.1 seconds
3,12,fine : 27.11 seconds
[[1337  577]
 [  13   83]]
acc: 0.706
f1: 0.220
[[1908    6]
 [  87    9]]
acc: 0.954
f1: 0.162
3,13,coarse : 27.09 seconds
3,13,fine : 27.09 seconds
[[1346  568]
 [  14   82]]
acc: 0.710
f1: 0.220
[[1909    5]
 [  85   11]]
acc: 0.955
f1: 0.196
3,14,coarse : 27.55 seconds
3,14,fine : 27.55 seconds
[[1363  551]
 [  14   82]]
acc: 0.719
f1: 0.225
[[1908    6]
 [  84   12]]
acc: 0.955
f1: 0.211
3,15,coarse : 27.06 seconds
3,15,fine : 27.06 seconds
[[1354  560]
 [  14   82]]
acc: 0.714
f1: 0.222
[[1908    6]
 [  86   10]]
acc: 0.954
f1: 0.179
3,16,coarse : 27.1 seconds
3,16,fine : 27.11 seconds
[[1362  552]
 [  15   81]]
acc: 0.718
f1: 0.222
[[1908    6]
 [  86   10]]
acc: 0.954
f1: 0.179
3,17,coarse : 27.58 seconds
3,17,fine : 27.59 seconds
[[1391  523]
 [  15   81]]
acc: 0.732
f1: 0.231
[[1908    6]
 [  86   10]]
acc: 0.954
f1: 0.179
3,18,coarse : 27.15 seconds
3,18,fine : 27.15 seconds
[[1404  510]
 [  15   81]]
acc: 0.739
f1: 0.236
[[1907    7]
 [  86   10]]
acc: 0.954
f1: 0.177
3,19,coarse : 27.2 seconds
3,19,fine : 27.21 seconds
[[1405  509]
 [  14   82]]
acc: 0.740
f1: 0.239
[[1907    7]
 [  86   10]]
acc: 0.954
f1: 0.177
3,20,coarse : 27.39 seconds
3,20,fine : 27.4 seconds
[[1402  512]
 [  15   81]]
acc: 0.738
f1: 0.235
[[1907    7]
 [  86   10]]
acc: 0.954
f1: 0.177
3,21,coarse : 26.99 seconds
3,21,fine : 27.0 seconds
[[1402  512]
 [  13   83]]
acc: 0.739
f1: 0.240
[[1908    6]
 [  87    9]]
acc: 0.954
f1: 0.162
3,22,coarse : 27.04 seconds
3,22,fine : 27.05 seconds
[[1404  510]
 [  13   83]]
acc: 0.740
f1: 0.241
[[1908    6]
 [  87    9]]
acc: 0.954
f1: 0.162
3,23,coarse : 27.34 seconds
3,23,fine : 27.35 seconds
[[1399  515]
 [  13   83]]
acc: 0.737
f1: 0.239
[[1907    7]
 [  87    9]]
acc: 0.953
f1: 0.161
3,24,coarse : 27.07 seconds
3,24,fine : 27.08 seconds
[[1399  515]
 [  13   83]]
acc: 0.737
f1: 0.239
[[1906    8]
 [  87    9]]
acc: 0.953
f1: 0.159
3,25,coarse : 27.11 seconds
3,25,fine : 27.12 seconds
[[1411  503]
 [  14   82]]
acc: 0.743
f1: 0.241
[[1906    8]
 [  87    9]]
acc: 0.953
f1: 0.159
3,26,coarse : 27.56 seconds
3,26,fine : 27.56 seconds
[[1398  516]
 [  14   82]]
acc: 0.736
f1: 0.236
[[1907    7]
 [  86   10]]
acc: 0.954
f1: 0.177
3,27,coarse : 27.25 seconds
3,27,fine : 27.26 seconds
[[1392  522]
 [  13   83]]
acc: 0.734
f1: 0.237
[[1905    9]
 [  86   10]]
acc: 0.953
f1: 0.174
3,28,coarse : 27.2 seconds
3,28,fine : 27.21 seconds
[[1398  516]
 [  13   83]]
acc: 0.737
f1: 0.239
[[1905    9]
 [  83   13]]
acc: 0.954
f1: 0.220
3,29,coarse : 27.5 seconds
3,29,fine : 27.51 seconds
[[1395  519]
 [  14   82]]
acc: 0.735
f1: 0.235
[[1904   10]
 [  83   13]]
acc: 0.954
f1: 0.218
3,30,coarse : 27.17 seconds
3,30,fine : 27.17 seconds
[[1401  513]
 [  15   81]]
acc: 0.737
f1: 0.235
[[1906    8]
 [  83   13]]
acc: 0.955
f1: 0.222
3,31,coarse : 26.92 seconds
3,31,fine : 26.92 seconds
[[1409  505]
 [  16   80]]
acc: 0.741
f1: 0.235
[[1906    8]
 [  83   13]]
acc: 0.955
f1: 0.222
3,32,coarse : 26.91 seconds
3,32,fine : 26.92 seconds
[[1419  495]
 [  15   81]]
acc: 0.746
f1: 0.241
[[1907    7]
 [  83   13]]
acc: 0.955
f1: 0.224
3,33,coarse : 27.69 seconds
3,33,fine : 27.7 seconds
[[1410  504]
 [  15   81]]
acc: 0.742
f1: 0.238
[[1907    7]
 [  83   13]]
acc: 0.955
f1: 0.224
3,34,coarse : 27.19 seconds
3,34,fine : 27.2 seconds
[[1412  502]
 [  16   80]]
acc: 0.742
f1: 0.236
[[1906    8]
 [  83   13]]
acc: 0.955
f1: 0.222
3,35,coarse : 27.06 seconds
3,35,fine : 27.07 seconds
[[1406  508]
 [  16   80]]
acc: 0.739
f1: 0.234
[[1906    8]
 [  83   13]]
acc: 0.955
f1: 0.222
3,36,coarse : 27.45 seconds
3,36,fine : 27.45 seconds
[[1395  519]
 [  16   80]]
acc: 0.734
f1: 0.230
[[1904   10]
 [  83   13]]
acc: 0.954
f1: 0.218
3,37,coarse : 26.94 seconds
3,37,fine : 26.95 seconds
[[1411  503]
 [  16   80]]
acc: 0.742
f1: 0.236
[[1904   10]
 [  83   13]]
acc: 0.954
f1: 0.218
3,38,coarse : 27.06 seconds
3,38,fine : 27.07 seconds
[[1413  501]
 [  17   79]]
acc: 0.742
f1: 0.234
[[1905    9]
 [  82   14]]
acc: 0.955
f1: 0.235
3,39,coarse : 27.18 seconds
3,39,fine : 27.19 seconds
[[1418  496]
 [  17   79]]
acc: 0.745
f1: 0.235
[[1904   10]
 [  81   15]]
acc: 0.955
f1: 0.248
3,40,coarse : 27.33 seconds
3,40,fine : 27.34 seconds
[[1418  496]
 [  15   81]]
acc: 0.746
f1: 0.241
[[1903   11]
 [  81   15]]
acc: 0.954
f1: 0.246
3,41,coarse : 27.16 seconds
3,41,fine : 27.16 seconds
[[1419  495]
 [  16   80]]
acc: 0.746
f1: 0.238
[[1904   10]
 [  80   16]]
acc: 0.955
f1: 0.262
3,42,coarse : 27.52 seconds
3,42,fine : 27.52 seconds
[[1416  498]
 [  16   80]]
acc: 0.744
f1: 0.237
[[1904   10]
 [  80   16]]
acc: 0.955
f1: 0.262
3,43,coarse : 27.25 seconds
3,43,fine : 27.26 seconds
[[1414  500]
 [  15   81]]
acc: 0.744
f1: 0.239
[[1904   10]
 [  79   17]]
acc: 0.956
f1: 0.276
3,44,coarse : 27.1 seconds
3,44,fine : 27.1 seconds
[[1408  506]
 [  15   81]]
acc: 0.741
f1: 0.237
[[1904   10]
 [  77   19]]
acc: 0.957
f1: 0.304
3,45,coarse : 27.12 seconds
3,45,fine : 27.13 seconds
[[1408  506]
 [  15   81]]
acc: 0.741
f1: 0.237
[[1904   10]
 [  77   19]]
acc: 0.957
f1: 0.304
3,46,coarse : 27.1 seconds
3,46,fine : 27.11 seconds
[[1403  511]
 [  16   80]]
acc: 0.738
f1: 0.233
[[1903   11]
 [  77   19]]
acc: 0.956
f1: 0.302
3,47,coarse : 27.64 seconds
3,47,fine : 27.64 seconds
[[1404  510]
 [  16   80]]
acc: 0.738
f1: 0.233
[[1903   11]
 [  76   20]]
acc: 0.957
f1: 0.315
3,48,coarse : 27.0 seconds
3,48,fine : 27.01 seconds
[[1407  507]
 [  16   80]]
acc: 0.740
f1: 0.234
[[1903   11]
 [  76   20]]
acc: 0.957
f1: 0.315
3,49,coarse : 27.1 seconds
3,49,fine : 27.11 seconds
[[1409  505]
 [  16   80]]
acc: 0.741
f1: 0.235
[[1903   11]
 [  76   20]]
acc: 0.957
f1: 0.315
3,50,coarse : 29.32 seconds
3,50,fine : 29.33 seconds
[[1409  505]
 [  17   79]]
acc: 0.740
f1: 0.232
[[1899   15]
 [  76   20]]
acc: 0.955
f1: 0.305
3,51,coarse : 27.04 seconds
3,51,fine : 27.05 seconds
[[1410  504]
 [  17   79]]
acc: 0.741
f1: 0.233
[[1898   16]
 [  77   19]]
acc: 0.954
f1: 0.290
3,52,coarse : 27.17 seconds
3,52,fine : 27.18 seconds
[[1412  502]
 [  18   78]]
acc: 0.741
f1: 0.231
[[1898   16]
 [  75   21]]
acc: 0.955
f1: 0.316
3,53,coarse : 27.57 seconds
3,53,fine : 27.58 seconds
[[1422  492]
 [  16   80]]
acc: 0.747
f1: 0.240
[[1898   16]
 [  74   22]]
acc: 0.955
f1: 0.328
3,54,coarse : 27.02 seconds
3,54,fine : 27.03 seconds
[[1426  488]
 [  16   80]]
acc: 0.749
f1: 0.241
[[1898   16]
 [  74   22]]
acc: 0.955
f1: 0.328
3,55,coarse : 27.18 seconds
3,55,fine : 27.19 seconds
[[1421  493]
 [  16   80]]
acc: 0.747
f1: 0.239
[[1897   17]
 [  73   23]]
acc: 0.955
f1: 0.338
3,56,coarse : 27.03 seconds
3,56,fine : 27.04 seconds
[[1423  491]
 [  16   80]]
acc: 0.748
f1: 0.240
[[1897   17]
 [  72   24]]
acc: 0.956
f1: 0.350
3,57,coarse : 27.94 seconds
3,57,fine : 27.95 seconds
[[1426  488]
 [  17   79]]
acc: 0.749
f1: 0.238
[[1896   18]
 [  74   22]]
acc: 0.954
f1: 0.324
3,58,coarse : 27.11 seconds
3,58,fine : 27.12 seconds
[[1425  489]
 [  16   80]]
acc: 0.749
f1: 0.241
[[1896   18]
 [  73   23]]
acc: 0.955
f1: 0.336
3,59,coarse : 26.99 seconds
3,59,fine : 27.0 seconds
[[1423  491]
 [  16   80]]
acc: 0.748
f1: 0.240
[[1896   18]
 [  76   20]]
acc: 0.953
f1: 0.299
3,60,coarse : 27.05 seconds
3,60,fine : 27.06 seconds
[[1424  490]
 [  16   80]]
acc: 0.748
f1: 0.240
[[1895   19]
 [  76   20]]
acc: 0.953
f1: 0.296
3,61,coarse : 27.1 seconds
3,61,fine : 27.11 seconds
[[1414  500]
 [  16   80]]
acc: 0.743
f1: 0.237
[[1894   20]
 [  74   22]]
acc: 0.953
f1: 0.319
3,62,coarse : 30.86 seconds
3,62,fine : 30.87 seconds
[[1411  503]
 [  16   80]]
acc: 0.742
f1: 0.236
[[1894   20]
 [  73   23]]
acc: 0.954
f1: 0.331
3,63,coarse : 27.52 seconds
3,63,fine : 27.53 seconds
[[1414  500]
 [  16   80]]
acc: 0.743
f1: 0.237
[[1894   20]
 [  73   23]]
acc: 0.954
f1: 0.331
3,64,coarse : 27.6 seconds
3,64,fine : 27.61 seconds
[[1417  497]
 [  16   80]]
acc: 0.745
f1: 0.238
[[1893   21]
 [  74   22]]
acc: 0.953
f1: 0.317
3,65,coarse : 27.48 seconds
3,65,fine : 27.49 seconds
[[1413  501]
 [  16   80]]
acc: 0.743
f1: 0.236
[[1893   21]
 [  74   22]]
acc: 0.953
f1: 0.317
3,66,coarse : 27.69 seconds
3,66,fine : 27.7 seconds
[[1418  496]
 [  15   81]]
acc: 0.746
f1: 0.241
[[1892   22]
 [  72   24]]
acc: 0.953
f1: 0.338
3,67,coarse : 27.3 seconds
3,67,fine : 27.31 seconds
[[1420  494]
 [  15   81]]
acc: 0.747
f1: 0.241
[[1891   23]
 [  72   24]]
acc: 0.953
f1: 0.336
3,68,coarse : 27.4 seconds
3,68,fine : 27.41 seconds
[[1423  491]
 [  16   80]]
acc: 0.748
f1: 0.240
[[1891   23]
 [  72   24]]
acc: 0.953
f1: 0.336
3,69,coarse : 27.7 seconds
3,69,fine : 27.71 seconds
[[1420  494]
 [  16   80]]
acc: 0.746
f1: 0.239
[[1890   24]
 [  72   24]]
acc: 0.952
f1: 0.333
3,70,coarse : 27.62 seconds
3,70,fine : 27.64 seconds
[[1423  491]
 [  15   81]]
acc: 0.748
f1: 0.243
[[1891   23]
 [  70   26]]
acc: 0.954
f1: 0.359
3,71,coarse : 28.24 seconds
3,71,fine : 28.25 seconds
[[1417  497]
 [  15   81]]
acc: 0.745
f1: 0.240
[[1891   23]
 [  73   23]]
acc: 0.952
f1: 0.324
3,72,coarse : 27.91 seconds
3,72,fine : 27.93 seconds
[[1422  492]
 [  16   80]]
acc: 0.747
f1: 0.240
[[1891   23]
 [  72   24]]
acc: 0.953
f1: 0.336
3,73,coarse : 28.04 seconds
3,73,fine : 28.05 seconds
[[1417  497]
 [  16   80]]
acc: 0.745
f1: 0.238
[[1889   25]
 [  71   25]]
acc: 0.952
f1: 0.342
3,74,coarse : 27.73 seconds
3,74,fine : 27.75 seconds
[[1419  495]
 [  16   80]]
acc: 0.746
f1: 0.238
[[1889   25]
 [  70   26]]
acc: 0.953
f1: 0.354
3,75,coarse : 27.6 seconds
3,75,fine : 27.61 seconds
[[1423  491]
 [  16   80]]
acc: 0.748
f1: 0.240
[[1888   26]
 [  70   26]]
acc: 0.952
f1: 0.351
3,76,coarse : 27.28 seconds
3,76,fine : 27.3 seconds
[[1419  495]
 [  15   81]]
acc: 0.746
f1: 0.241
[[1888   26]
 [  70   26]]
acc: 0.952
f1: 0.351
3,77,coarse : 27.33 seconds
3,77,fine : 27.34 seconds
[[1423  491]
 [  15   81]]
acc: 0.748
f1: 0.243
[[1887   27]
 [  68   28]]
acc: 0.953
f1: 0.371
3,78,coarse : 27.43 seconds
3,78,fine : 27.45 seconds
[[1420  494]
 [  15   81]]
acc: 0.747
f1: 0.241
[[1887   27]
 [  68   28]]
acc: 0.953
f1: 0.371
3,79,coarse : 27.32 seconds
3,79,fine : 27.33 seconds
[[1419  495]
 [  15   81]]
acc: 0.746
f1: 0.241
[[1888   26]
 [  69   27]]
acc: 0.953
f1: 0.362
3,80,coarse : 27.84 seconds
3,80,fine : 27.86 seconds
[[1419  495]
 [  15   81]]
acc: 0.746
f1: 0.241
[[1886   28]
 [  69   27]]
acc: 0.952
f1: 0.358
3,81,coarse : 27.34 seconds
3,81,fine : 27.35 seconds
[[1421  493]
 [  15   81]]
acc: 0.747
f1: 0.242
[[1888   26]
 [  69   27]]
acc: 0.953
f1: 0.362
3,82,coarse : 27.68 seconds
3,82,fine : 27.69 seconds
[[1416  498]
 [  15   81]]
acc: 0.745
f1: 0.240
[[1888   26]
 [  69   27]]
acc: 0.953
f1: 0.362
3,83,coarse : 27.18 seconds
3,83,fine : 27.2 seconds
[[1409  505]
 [  14   82]]
acc: 0.742
f1: 0.240
[[1887   27]
 [  68   28]]
acc: 0.953
f1: 0.371
3,84,coarse : 27.39 seconds
3,84,fine : 27.4 seconds
[[1413  501]
 [  15   81]]
acc: 0.743
f1: 0.239
[[1884   30]
 [  68   28]]
acc: 0.951
f1: 0.364
3,85,coarse : 27.46 seconds
3,85,fine : 27.47 seconds
[[1424  490]
 [  15   81]]
acc: 0.749
f1: 0.243
[[1884   30]
 [  67   29]]
acc: 0.952
f1: 0.374
3,86,coarse : 28.32 seconds
3,86,fine : 28.33 seconds
[[1426  488]
 [  15   81]]
acc: 0.750
f1: 0.244
[[1885   29]
 [  67   29]]
acc: 0.952
f1: 0.377
3,87,coarse : 28.03 seconds
3,87,fine : 28.04 seconds
[[1429  485]
 [  15   81]]
acc: 0.751
f1: 0.245
[[1884   30]
 [  68   28]]
acc: 0.951
f1: 0.364
3,88,coarse : 28.03 seconds
3,88,fine : 28.04 seconds
[[1423  491]
 [  14   82]]
acc: 0.749
f1: 0.245
[[1884   30]
 [  69   27]]
acc: 0.951
f1: 0.353
3,89,coarse : 28.05 seconds
3,89,fine : 28.06 seconds
[[1427  487]
 [  14   82]]
acc: 0.751
f1: 0.247
[[1883   31]
 [  69   27]]
acc: 0.950
f1: 0.351
3,90,coarse : 27.96 seconds
3,90,fine : 27.97 seconds
[[1428  486]
 [  15   81]]
acc: 0.751
f1: 0.244
[[1883   31]
 [  68   28]]
acc: 0.951
f1: 0.361
3,91,coarse : 27.99 seconds
3,91,fine : 28.0 seconds
[[1431  483]
 [  14   82]]
acc: 0.753
f1: 0.248
[[1881   33]
 [  67   29]]
acc: 0.950
f1: 0.367
3,92,coarse : 28.46 seconds
3,92,fine : 28.47 seconds
[[1429  485]
 [  15   81]]
acc: 0.751
f1: 0.245
[[1881   33]
 [  66   30]]
acc: 0.951
f1: 0.377
3,93,coarse : 27.71 seconds
3,93,fine : 27.73 seconds
[[1432  482]
 [  15   81]]
acc: 0.753
f1: 0.246
[[1880   34]
 [  66   30]]
acc: 0.950
f1: 0.375
3,94,coarse : 27.48 seconds
3,94,fine : 27.49 seconds
[[1434  480]
 [  15   81]]
acc: 0.754
f1: 0.247
[[1880   34]
 [  65   31]]
acc: 0.951
f1: 0.385
3,95,coarse : 27.87 seconds
3,95,fine : 27.89 seconds
[[1435  479]
 [  15   81]]
acc: 0.754
f1: 0.247
[[1880   34]
 [  66   30]]
acc: 0.950
f1: 0.375
3,96,coarse : 27.93 seconds
3,96,fine : 27.94 seconds
[[1435  479]
 [  15   81]]
acc: 0.754
f1: 0.247
[[1880   34]
 [  64   32]]
acc: 0.951
f1: 0.395
3,97,coarse : 27.58 seconds
3,97,fine : 27.59 seconds
[[1432  482]
 [  15   81]]
acc: 0.753
f1: 0.246
[[1880   34]
 [  64   32]]
acc: 0.951
f1: 0.395
3,98,coarse : 28.1 seconds
3,98,fine : 28.11 seconds
[[1426  488]
 [  15   81]]
acc: 0.750
f1: 0.244
[[1879   35]
 [  63   33]]
acc: 0.951
f1: 0.402
3,99,coarse : 26.69 seconds
3,99,fine : 26.71 seconds
[[1425  489]
 [  15   81]]
acc: 0.749
f1: 0.243
[[1879   35]
 [  64   32]]
acc: 0.951
f1: 0.393
3,100,coarse : 28.38 seconds
3,100,fine : 28.39 seconds
[[1424  490]
 [  15   81]]
acc: 0.749
f1: 0.243
[[1877   37]
 [  63   33]]
acc: 0.950
f1: 0.398
3,101,coarse : 27.27 seconds
3,101,fine : 27.29 seconds
[[1416  498]
 [  15   81]]
acc: 0.745
f1: 0.240
[[1877   37]
 [  62   34]]
acc: 0.951
f1: 0.407
3,102,coarse : 28.04 seconds
3,102,fine : 28.06 seconds
[[1428  486]
 [  14   82]]
acc: 0.751
f1: 0.247
[[1877   37]
 [  64   32]]
acc: 0.950
f1: 0.388
3,103,coarse : 27.67 seconds
3,103,fine : 27.69 seconds
[[1429  485]
 [  14   82]]
acc: 0.752
f1: 0.247
[[1876   38]
 [  63   33]]
acc: 0.950
f1: 0.395
3,104,coarse : 27.44 seconds
3,104,fine : 27.45 seconds
[[1428  486]
 [  15   81]]
acc: 0.751
f1: 0.244
[[1876   38]
 [  63   33]]
acc: 0.950
f1: 0.395
3,105,coarse : 27.36 seconds
3,105,fine : 27.38 seconds
[[1422  492]
 [  14   82]]
acc: 0.748
f1: 0.245
[[1875   39]
 [  63   33]]
acc: 0.949
f1: 0.393
3,106,coarse : 27.55 seconds
3,106,fine : 27.57 seconds
[[1424  490]
 [  14   82]]
acc: 0.749
f1: 0.246
[[1874   40]
 [  63   33]]
acc: 0.949
f1: 0.391
3,107,coarse : 27.52 seconds
3,107,fine : 27.54 seconds
[[1417  497]
 [  14   82]]
acc: 0.746
f1: 0.243
[[1874   40]
 [  63   33]]
acc: 0.949
f1: 0.391
3,108,coarse : 27.64 seconds
3,108,fine : 27.65 seconds
[[1416  498]
 [  14   82]]
acc: 0.745
f1: 0.243
[[1873   41]
 [  63   33]]
acc: 0.948
f1: 0.388
3,109,coarse : 27.78 seconds
3,109,fine : 27.79 seconds
[[1419  495]
 [  14   82]]
acc: 0.747
f1: 0.244
[[1873   41]
 [  62   34]]
acc: 0.949
f1: 0.398
3,110,coarse : 28.32 seconds
3,110,fine : 28.34 seconds
[[1420  494]
 [  14   82]]
acc: 0.747
f1: 0.244
[[1872   42]
 [  61   35]]
acc: 0.949
f1: 0.405
3,111,coarse : 27.98 seconds
3,111,fine : 27.99 seconds
[[1420  494]
 [  14   82]]
acc: 0.747
f1: 0.244
[[1870   44]
 [  60   36]]
acc: 0.948
f1: 0.409
3,112,coarse : 27.75 seconds
3,112,fine : 27.77 seconds
[[1420  494]
 [  14   82]]
acc: 0.747
f1: 0.244
[[1870   44]
 [  60   36]]
acc: 0.948
f1: 0.409
3,113,coarse : 28.24 seconds
3,113,fine : 28.26 seconds
[[1422  492]
 [  14   82]]
acc: 0.748
f1: 0.245
[[1869   45]
 [  61   35]]
acc: 0.947
f1: 0.398
3,114,coarse : 28.4 seconds
3,114,fine : 28.42 seconds
[[1420  494]
 [  14   82]]
acc: 0.747
f1: 0.244
[[1868   46]
 [  61   35]]
acc: 0.947
f1: 0.395
3,115,coarse : 28.66 seconds
3,115,fine : 28.68 seconds
[[1420  494]
 [  14   82]]
acc: 0.747
f1: 0.244
[[1866   48]
 [  59   37]]
acc: 0.947
f1: 0.409
3,116,coarse : 28.41 seconds
3,116,fine : 28.43 seconds
[[1427  487]
 [  13   83]]
acc: 0.751
f1: 0.249
[[1867   47]
 [  58   38]]
acc: 0.948
f1: 0.420
3,117,coarse : 28.52 seconds
3,117,fine : 28.54 seconds
[[1430  484]
 [  13   83]]
acc: 0.753
f1: 0.250
[[1867   47]
 [  58   38]]
acc: 0.948
f1: 0.420
3,118,coarse : 28.7 seconds
3,118,fine : 28.71 seconds
[[1431  483]
 [  13   83]]
acc: 0.753
f1: 0.251
[[1867   47]
 [  58   38]]
acc: 0.948
f1: 0.420
3,119,coarse : 28.89 seconds
3,119,fine : 28.91 seconds
[[1429  485]
 [  13   83]]
acc: 0.752
f1: 0.250
[[1867   47]
 [  58   38]]
acc: 0.948
f1: 0.420
3,120,coarse : 28.66 seconds
3,120,fine : 28.67 seconds
[[1430  484]
 [  13   83]]
acc: 0.753
f1: 0.250
[[1867   47]
 [  58   38]]
acc: 0.948
f1: 0.420
3,121,coarse : 28.86 seconds
3,121,fine : 28.87 seconds
[[1431  483]
 [  13   83]]
acc: 0.753
f1: 0.251
[[1867   47]
 [  58   38]]
acc: 0.948
f1: 0.420
3,122,coarse : 29.4 seconds
3,122,fine : 29.41 seconds
[[1430  484]
 [  13   83]]
acc: 0.753
f1: 0.250
[[1866   48]
 [  58   38]]
acc: 0.947
f1: 0.418
3,123,coarse : 28.78 seconds
3,123,fine : 28.8 seconds
[[1430  484]
 [  13   83]]
acc: 0.753
f1: 0.250
[[1866   48]
 [  57   39]]
acc: 0.948
f1: 0.426
3,124,coarse : 29.14 seconds
3,124,fine : 29.16 seconds
[[1431  483]
 [  13   83]]
acc: 0.753
f1: 0.251
[[1865   49]
 [  57   39]]
acc: 0.947
f1: 0.424
3,125,coarse : 28.96 seconds
3,125,fine : 28.98 seconds
[[1432  482]
 [  13   83]]
acc: 0.754
f1: 0.251
[[1864   50]
 [  57   39]]
acc: 0.947
f1: 0.422
3,126,coarse : 28.7 seconds
3,126,fine : 28.72 seconds
[[1433  481]
 [  13   83]]
acc: 0.754
f1: 0.252
[[1863   51]
 [  57   39]]
acc: 0.946
f1: 0.419
3,127,coarse : 29.06 seconds
3,127,fine : 29.08 seconds
[[1432  482]
 [  13   83]]
acc: 0.754
f1: 0.251
[[1863   51]
 [  57   39]]
acc: 0.946
f1: 0.419
3,128,coarse : 29.05 seconds
3,128,fine : 29.07 seconds
[[1433  481]
 [  13   83]]
acc: 0.754
f1: 0.252
[[1863   51]
 [  57   39]]
acc: 0.946
f1: 0.419
3,129,coarse : 29.05 seconds
3,129,fine : 29.07 seconds
[[1434  480]
 [  13   83]]
acc: 0.755
f1: 0.252
[[1863   51]
 [  57   39]]
acc: 0.946
f1: 0.419
3,130,coarse : 28.76 seconds
3,130,fine : 28.77 seconds
[[1430  484]
 [  13   83]]
acc: 0.753
f1: 0.250
[[1861   53]
 [  56   40]]
acc: 0.946
f1: 0.423
3,131,coarse : 28.93 seconds
3,131,fine : 28.95 seconds
[[1432  482]
 [  14   82]]
acc: 0.753
f1: 0.248
[[1861   53]
 [  56   40]]
acc: 0.946
f1: 0.423
3,132,coarse : 28.53 seconds
3,132,fine : 28.55 seconds
[[1430  484]
 [  14   82]]
acc: 0.752
f1: 0.248
[[1860   54]
 [  56   40]]
acc: 0.945
f1: 0.421
3,133,coarse : 28.71 seconds
3,133,fine : 28.73 seconds
[[1429  485]
 [  14   82]]
acc: 0.752
f1: 0.247
[[1860   54]
 [  56   40]]
acc: 0.945
f1: 0.421
3,134,coarse : 28.61 seconds
3,134,fine : 28.63 seconds
[[1427  487]
 [  14   82]]
acc: 0.751
f1: 0.247
[[1860   54]
 [  56   40]]
acc: 0.945
f1: 0.421
3,135,coarse : 28.41 seconds
3,135,fine : 28.43 seconds
[[1431  483]
 [  14   82]]
acc: 0.753
f1: 0.248
[[1859   55]
 [  56   40]]
acc: 0.945
f1: 0.419
3,136,coarse : 28.59 seconds
3,136,fine : 28.61 seconds
[[1421  493]
 [  13   83]]
acc: 0.748
f1: 0.247
[[1859   55]
 [  56   40]]
acc: 0.945
f1: 0.419
3,137,coarse : 28.56 seconds
3,137,fine : 28.58 seconds
[[1414  500]
 [  13   83]]
acc: 0.745
f1: 0.244
[[1858   56]
 [  56   40]]
acc: 0.944
f1: 0.417
3,138,coarse : 29.09 seconds
3,138,fine : 29.1 seconds
[[1410  504]
 [  13   83]]
acc: 0.743
f1: 0.243
[[1860   54]
 [  56   40]]
acc: 0.945
f1: 0.421
3,139,coarse : 28.57 seconds
3,139,fine : 28.59 seconds
[[1412  502]
 [  13   83]]
acc: 0.744
f1: 0.244
[[1858   56]
 [  56   40]]
acc: 0.944
f1: 0.417
3,140,coarse : 28.48 seconds
3,140,fine : 28.5 seconds
[[1411  503]
 [  13   83]]
acc: 0.743
f1: 0.243
[[1858   56]
 [  56   40]]
acc: 0.944
f1: 0.417
3,141,coarse : 28.98 seconds
3,141,fine : 29.0 seconds
[[1411  503]
 [  13   83]]
acc: 0.743
f1: 0.243
[[1857   57]
 [  56   40]]
acc: 0.944
f1: 0.415
3,142,coarse : 28.95 seconds
3,142,fine : 28.97 seconds
[[1412  502]
 [  13   83]]
acc: 0.744
f1: 0.244
[[1857   57]
 [  56   40]]
acc: 0.944
f1: 0.415
3,143,coarse : 29.77 seconds
3,143,fine : 29.79 seconds
[[1415  499]
 [  13   83]]
acc: 0.745
f1: 0.245
[[1857   57]
 [  56   40]]
acc: 0.944
f1: 0.415
3,144,coarse : 30.1 seconds
3,144,fine : 30.12 seconds
[[1418  496]
 [  14   82]]
acc: 0.746
f1: 0.243
[[1855   59]
 [  55   41]]
acc: 0.943
f1: 0.418
3,145,coarse : 30.17 seconds
3,145,fine : 30.19 seconds
[[1415  499]
 [  13   83]]
acc: 0.745
f1: 0.245
[[1855   59]
 [  54   42]]
acc: 0.944
f1: 0.426
3,146,coarse : 30.08 seconds
3,146,fine : 30.1 seconds
[[1419  495]
 [  14   82]]
acc: 0.747
f1: 0.244
[[1855   59]
 [  54   42]]
acc: 0.944
f1: 0.426
3,147,coarse : 29.95 seconds
3,147,fine : 29.97 seconds
[[1414  500]
 [  15   81]]
acc: 0.744
f1: 0.239
[[1855   59]
 [  54   42]]
acc: 0.944
f1: 0.426
3,148,coarse : 30.82 seconds
3,148,fine : 30.84 seconds
[[1416  498]
 [  15   81]]
acc: 0.745
f1: 0.240
[[1854   60]
 [  54   42]]
acc: 0.943
f1: 0.424
3,149,coarse : 30.83 seconds
3,149,fine : 30.86 seconds
[[1409  505]
 [  15   81]]
acc: 0.741
f1: 0.238
[[1854   60]
 [  54   42]]
acc: 0.943
f1: 0.424
3,150,coarse : 32.6 seconds
3,150,fine : 32.61 seconds
[[1409  505]
 [  15   81]]
acc: 0.741
f1: 0.238
[[1853   61]
 [  54   42]]
acc: 0.943
f1: 0.422
3,151,coarse : 30.51 seconds
3,151,fine : 30.53 seconds
[[1410  504]
 [  15   81]]
acc: 0.742
f1: 0.238
[[1852   62]
 [  54   42]]
acc: 0.942
f1: 0.420
3,152,coarse : 30.49 seconds
3,152,fine : 30.51 seconds
[[1413  501]
 [  15   81]]
acc: 0.743
f1: 0.239
[[1851   63]
 [  53   43]]
acc: 0.942
f1: 0.426
3,153,coarse : 31.09 seconds
3,153,fine : 31.12 seconds
[[1413  501]
 [  15   81]]
acc: 0.743
f1: 0.239
[[1852   62]
 [  54   42]]
acc: 0.942
f1: 0.420
3,154,coarse : 30.79 seconds
3,154,fine : 30.81 seconds
[[1414  500]
 [  15   81]]
acc: 0.744
f1: 0.239
[[1851   63]
 [  53   43]]
acc: 0.942
f1: 0.426
3,155,coarse : 31.01 seconds
3,155,fine : 31.03 seconds
[[1414  500]
 [  14   82]]
acc: 0.744
f1: 0.242
[[1851   63]
 [  53   43]]
acc: 0.942
f1: 0.426
3,156,coarse : 30.08 seconds
3,156,fine : 30.1 seconds
[[1411  503]
 [  15   81]]
acc: 0.742
f1: 0.238
[[1851   63]
 [  53   43]]
acc: 0.942
f1: 0.426
3,157,coarse : 30.67 seconds
3,157,fine : 30.69 seconds
[[1414  500]
 [  15   81]]
acc: 0.744
f1: 0.239
[[1851   63]
 [  53   43]]
acc: 0.942
f1: 0.426
3,158,coarse : 30.71 seconds
3,158,fine : 30.73 seconds
[[1417  497]
 [  15   81]]
acc: 0.745
f1: 0.240
[[1852   62]
 [  52   44]]
acc: 0.943
f1: 0.436
3,159,coarse : 30.68 seconds
3,159,fine : 30.7 seconds
[[1420  494]
 [  15   81]]
acc: 0.747
f1: 0.241
[[1851   63]
 [  52   44]]
acc: 0.943
f1: 0.433
3,160,coarse : 30.25 seconds
3,160,fine : 30.27 seconds
[[1422  492]
 [  15   81]]
acc: 0.748
f1: 0.242
[[1851   63]
 [  52   44]]
acc: 0.943
f1: 0.433
3,161,coarse : 30.66 seconds
3,161,fine : 30.68 seconds
[[1422  492]
 [  15   81]]
acc: 0.748
f1: 0.242
[[1851   63]
 [  52   44]]
acc: 0.943
f1: 0.433
3,162,coarse : 30.8 seconds
3,162,fine : 30.82 seconds
[[1425  489]
 [  15   81]]
acc: 0.749
f1: 0.243
[[1851   63]
 [  52   44]]
acc: 0.943
f1: 0.433
3,163,coarse : 31.41 seconds
3,163,fine : 31.43 seconds
[[1421  493]
 [  15   81]]
acc: 0.747
f1: 0.242
[[1851   63]
 [  52   44]]
acc: 0.943
f1: 0.433
3,164,coarse : 31.31 seconds
3,164,fine : 31.34 seconds
[[1421  493]
 [  15   81]]
acc: 0.747
f1: 0.242
[[1851   63]
 [  52   44]]
acc: 0.943
f1: 0.433
3,165,coarse : 30.87 seconds
3,165,fine : 30.9 seconds
[[1425  489]
 [  15   81]]
acc: 0.749
f1: 0.243
[[1851   63]
 [  50   46]]
acc: 0.944
f1: 0.449
3,166,coarse : 31.03 seconds
3,166,fine : 31.05 seconds
[[1426  488]
 [  15   81]]
acc: 0.750
f1: 0.244
[[1850   64]
 [  49   47]]
acc: 0.944
f1: 0.454
3,167,coarse : 30.85 seconds
3,167,fine : 30.87 seconds
[[1428  486]
 [  15   81]]
acc: 0.751
f1: 0.244
[[1849   65]
 [  49   47]]
acc: 0.943
f1: 0.452
3,168,coarse : 30.62 seconds
3,168,fine : 30.65 seconds
[[1428  486]
 [  15   81]]
acc: 0.751
f1: 0.244
[[1849   65]
 [  48   48]]
acc: 0.944
f1: 0.459
3,169,coarse : 30.55 seconds
3,169,fine : 30.57 seconds
[[1428  486]
 [  16   80]]
acc: 0.750
f1: 0.242
[[1848   66]
 [  47   49]]
acc: 0.944
f1: 0.464
3,170,coarse : 30.55 seconds
3,170,fine : 30.57 seconds
[[1427  487]
 [  15   81]]
acc: 0.750
f1: 0.244
[[1846   68]
 [  47   49]]
acc: 0.943
f1: 0.460
3,171,coarse : 31.27 seconds
3,171,fine : 31.3 seconds
[[1425  489]
 [  15   81]]
acc: 0.749
f1: 0.243
[[1845   69]
 [  45   51]]
acc: 0.943
f1: 0.472
3,172,coarse : 31.69 seconds
3,172,fine : 31.71 seconds
