all           0      1    2    3    4    5    6    7    8    
1      2010   1914   1    19   32   19   1    11   6    7    
2      2010   1914   1    19   32   19   1    11   6    7    
3      2010   1914   1    19   32   19   1    11   5    8    
4      2010   1914   1    19   32   19   1    10   6    8    
5      2010   1914   1    18   33   19   1    10   6    8    
6      2010   1914   1    18   33   19   1    10   6    8    
7      2010   1913   2    18   33   19   1    10   6    8    
8      2010   1913   2    18   33   19   1    10   6    8    
9      2009   1913   2    18   32   19   2    10   6    7    
10     2009   1913   1    19   32   19   1    11   6    7    
Total  20098  19136  13   185  324  190  11   104  59   76   
train         0      1    2    3    4    5    6    7    8    
1      2010   1914   1    19   32   19   1    11   6    7    
2      2010   1914   1    19   32   19   1    11   6    7    
3      2010   1914   1    19   32   19   1    11   5    8    
4      2010   1914   1    19   32   19   1    10   6    8    
5      2010   1914   1    18   33   19   1    10   6    8    
6      2010   1914   1    18   33   19   1    10   6    8    
8      2010   1913   2    18   33   19   1    10   6    8    
9      2009   1913   2    18   32   19   2    10   6    7    
10     2009   1913   1    19   32   19   1    11   6    7    
Total  18088  17223  11   167  291  171  10   94   53   68   
test          0      1    2    3    4    5    6    7    8    
7      2010   1913   2    18   33   19   1    10   6    8    
Total  2010   1913   2    18   33   19   1    10   6    8    
Classes             
0         17223     
1         11        
2         167       
3         291       
4         171       
5         10        
6         94        
7         53        
8         68        
Total     18088     

Shape: 450       

[952, 10, 11, 16, 11, 10, 10, 10, 10]
Sum start => 1040
[[1244  669]
 [  16   81]]
acc: 0.659
f1: 0.191
[[1888   25]
 [  90    7]]
acc: 0.943
f1: 0.109
7,1,coarse : 27.08 seconds
7,1,fine : 27.08 seconds
[[1244  669]
 [  16   81]]
acc: 0.659
f1: 0.191
[[1888   25]
 [  90    7]]
acc: 0.943
f1: 0.109
7,2,coarse : 28.17 seconds
7,2,fine : 28.17 seconds
[[1262  651]
 [  16   81]]
acc: 0.668
f1: 0.195
[[1904    9]
 [  95    2]]
acc: 0.948
f1: 0.037
7,3,coarse : 26.68 seconds
7,3,fine : 26.68 seconds
[[1304  609]
 [  17   80]]
acc: 0.689
f1: 0.204
[[1910    3]
 [  95    2]]
acc: 0.951
f1: 0.039
7,4,coarse : 26.59 seconds
7,4,fine : 26.59 seconds
[[1323  590]
 [  17   80]]
acc: 0.698
f1: 0.209
[[1912    1]
 [  95    2]]
acc: 0.952
f1: 0.040
7,5,coarse : 26.85 seconds
7,5,fine : 26.86 seconds
[[1337  576]
 [  17   80]]
acc: 0.705
f1: 0.212
[[1911    2]
 [  94    3]]
acc: 0.952
f1: 0.059
7,6,coarse : 26.54 seconds
7,6,fine : 26.54 seconds
[[1365  548]
 [  19   78]]
acc: 0.718
f1: 0.216
[[1911    2]
 [  95    2]]
acc: 0.952
f1: 0.040
7,7,coarse : 26.36 seconds
7,7,fine : 26.37 seconds
[[1379  534]
 [  19   78]]
acc: 0.725
f1: 0.220
[[1910    3]
 [  94    3]]
acc: 0.952
f1: 0.058
7,8,coarse : 26.93 seconds
7,8,fine : 26.94 seconds
[[1381  532]
 [  20   77]]
acc: 0.725
f1: 0.218
[[1908    5]
 [  94    3]]
acc: 0.951
f1: 0.057
7,9,coarse : 26.56 seconds
7,9,fine : 26.56 seconds
[[1387  526]
 [  21   76]]
acc: 0.728
f1: 0.217
[[1905    8]
 [  92    5]]
acc: 0.950
f1: 0.091
7,10,coarse : 26.31 seconds
7,10,fine : 26.31 seconds
[[1369  544]
 [  17   80]]
acc: 0.721
f1: 0.222
[[1904    9]
 [  90    7]]
acc: 0.951
f1: 0.124
7,11,coarse : 26.79 seconds
7,11,fine : 26.79 seconds
[[1379  534]
 [  18   79]]
acc: 0.725
f1: 0.223
[[1905    8]
 [  91    6]]
acc: 0.951
f1: 0.108
7,12,coarse : 26.32 seconds
7,12,fine : 26.32 seconds
[[1386  527]
 [  20   77]]
acc: 0.728
f1: 0.220
[[1905    8]
 [  91    6]]
acc: 0.951
f1: 0.108
7,13,coarse : 26.33 seconds
7,13,fine : 26.33 seconds
[[1390  523]
 [  17   80]]
acc: 0.731
f1: 0.229
[[1906    7]
 [  93    4]]
acc: 0.950
f1: 0.074
7,14,coarse : 26.68 seconds
7,14,fine : 26.69 seconds
[[1405  508]
 [  17   80]]
acc: 0.739
f1: 0.234
[[1907    6]
 [  90    7]]
acc: 0.952
f1: 0.127
7,15,coarse : 26.29 seconds
7,15,fine : 26.3 seconds
[[1413  500]
 [  17   80]]
acc: 0.743
f1: 0.236
[[1907    6]
 [  90    7]]
acc: 0.952
f1: 0.127
7,16,coarse : 26.31 seconds
7,16,fine : 26.32 seconds
[[1424  489]
 [  17   80]]
acc: 0.748
f1: 0.240
[[1907    6]
 [  86   11]]
acc: 0.954
f1: 0.193
7,17,coarse : 26.77 seconds
7,17,fine : 26.78 seconds
[[1429  484]
 [  18   79]]
acc: 0.750
f1: 0.239
[[1907    6]
 [  85   12]]
acc: 0.955
f1: 0.209
7,18,coarse : 26.52 seconds
7,18,fine : 26.53 seconds
[[1430  483]
 [  18   79]]
acc: 0.751
f1: 0.240
[[1907    6]
 [  84   13]]
acc: 0.955
f1: 0.224
7,19,coarse : 26.4 seconds
7,19,fine : 26.41 seconds
[[1437  476]
 [  18   79]]
acc: 0.754
f1: 0.242
[[1906    7]
 [  83   14]]
acc: 0.955
f1: 0.237
7,20,coarse : 27.1 seconds
7,20,fine : 27.1 seconds
[[1439  474]
 [  18   79]]
acc: 0.755
f1: 0.243
[[1907    6]
 [  86   11]]
acc: 0.954
f1: 0.193
7,21,coarse : 26.65 seconds
7,21,fine : 26.66 seconds
[[1435  478]
 [  19   78]]
acc: 0.753
f1: 0.239
[[1906    7]
 [  85   12]]
acc: 0.954
f1: 0.207
7,22,coarse : 26.44 seconds
7,22,fine : 26.44 seconds
[[1440  473]
 [  19   78]]
acc: 0.755
f1: 0.241
[[1904    9]
 [  85   12]]
acc: 0.953
f1: 0.203
7,23,coarse : 26.89 seconds
7,23,fine : 26.89 seconds
[[1433  480]
 [  18   79]]
acc: 0.752
f1: 0.241
[[1906    7]
 [  84   13]]
acc: 0.955
f1: 0.222
7,24,coarse : 26.47 seconds
7,24,fine : 26.48 seconds
[[1432  481]
 [  18   79]]
acc: 0.752
f1: 0.240
[[1905    8]
 [  85   12]]
acc: 0.954
f1: 0.205
7,25,coarse : 26.45 seconds
7,25,fine : 26.46 seconds
[[1439  474]
 [  18   79]]
acc: 0.755
f1: 0.243
[[1904    9]
 [  84   13]]
acc: 0.954
f1: 0.218
7,26,coarse : 26.74 seconds
7,26,fine : 26.75 seconds
[[1420  493]
 [  18   79]]
acc: 0.746
f1: 0.236
[[1904    9]
 [  84   13]]
acc: 0.954
f1: 0.218
7,27,coarse : 26.39 seconds
7,27,fine : 26.4 seconds
[[1419  494]
 [  18   79]]
acc: 0.745
f1: 0.236
[[1903   10]
 [  84   13]]
acc: 0.953
f1: 0.217
7,28,coarse : 26.32 seconds
7,28,fine : 26.32 seconds
[[1424  489]
 [  17   80]]
acc: 0.748
f1: 0.240
[[1904    9]
 [  84   13]]
acc: 0.954
f1: 0.218
7,29,coarse : 26.65 seconds
7,29,fine : 26.66 seconds
[[1434  479]
 [  17   80]]
acc: 0.753
f1: 0.244
[[1904    9]
 [  83   14]]
acc: 0.954
f1: 0.233
7,30,coarse : 26.29 seconds
7,30,fine : 26.3 seconds
[[1425  488]
 [  18   79]]
acc: 0.748
f1: 0.238
[[1904    9]
 [  83   14]]
acc: 0.954
f1: 0.233
7,31,coarse : 26.36 seconds
7,31,fine : 26.37 seconds
[[1440  473]
 [  17   80]]
acc: 0.756
f1: 0.246
[[1904    9]
 [  83   14]]
acc: 0.954
f1: 0.233
7,32,coarse : 26.47 seconds
7,32,fine : 26.47 seconds
[[1443  470]
 [  17   80]]
acc: 0.758
f1: 0.247
[[1903   10]
 [  82   15]]
acc: 0.954
f1: 0.246
7,33,coarse : 26.68 seconds
7,33,fine : 26.69 seconds
[[1440  473]
 [  17   80]]
acc: 0.756
f1: 0.246
[[1904    9]
 [  82   15]]
acc: 0.955
f1: 0.248
7,34,coarse : 26.27 seconds
7,34,fine : 26.28 seconds
[[1452  461]
 [  16   81]]
acc: 0.763
f1: 0.254
[[1904    9]
 [  82   15]]
acc: 0.955
f1: 0.248
7,35,coarse : 26.27 seconds
7,35,fine : 26.28 seconds
[[1455  458]
 [  17   80]]
acc: 0.764
f1: 0.252
[[1904    9]
 [  82   15]]
acc: 0.955
f1: 0.248
7,36,coarse : 26.78 seconds
7,36,fine : 26.78 seconds
[[1456  457]
 [  16   81]]
acc: 0.765
f1: 0.255
[[1904    9]
 [  82   15]]
acc: 0.955
f1: 0.248
7,37,coarse : 26.4 seconds
7,37,fine : 26.4 seconds
[[1445  468]
 [  15   82]]
acc: 0.760
f1: 0.253
[[1904    9]
 [  81   16]]
acc: 0.955
f1: 0.262
7,38,coarse : 26.24 seconds
7,38,fine : 26.25 seconds
[[1440  473]
 [  17   80]]
acc: 0.756
f1: 0.246
[[1904    9]
 [  81   16]]
acc: 0.955
f1: 0.262
7,39,coarse : 26.35 seconds
7,39,fine : 26.35 seconds
[[1450  463]
 [  17   80]]
acc: 0.761
f1: 0.250
[[1904    9]
 [  80   17]]
acc: 0.956
f1: 0.276
7,40,coarse : 26.81 seconds
7,40,fine : 26.82 seconds
[[1446  467]
 [  17   80]]
acc: 0.759
f1: 0.248
[[1904    9]
 [  79   18]]
acc: 0.956
f1: 0.290
7,41,coarse : 26.37 seconds
7,41,fine : 26.37 seconds
[[1453  460]
 [  17   80]]
acc: 0.763
f1: 0.251
[[1904    9]
 [  79   18]]
acc: 0.956
f1: 0.290
7,42,coarse : 26.43 seconds
7,42,fine : 26.44 seconds
[[1442  471]
 [  19   78]]
acc: 0.756
f1: 0.241
[[1903   10]
 [  79   18]]
acc: 0.956
f1: 0.288
7,43,coarse : 28.76 seconds
7,43,fine : 28.77 seconds
[[1436  477]
 [  19   78]]
acc: 0.753
f1: 0.239
[[1903   10]
 [  79   18]]
acc: 0.956
f1: 0.288
7,44,coarse : 26.26 seconds
7,44,fine : 26.27 seconds
[[1438  475]
 [  18   79]]
acc: 0.755
f1: 0.243
[[1903   10]
 [  78   19]]
acc: 0.956
f1: 0.302
7,45,coarse : 26.13 seconds
7,45,fine : 26.13 seconds
[[1442  471]
 [  19   78]]
acc: 0.756
f1: 0.241
[[1903   10]
 [  78   19]]
acc: 0.956
f1: 0.302
7,46,coarse : 26.11 seconds
7,46,fine : 26.12 seconds
[[1454  459]
 [  18   79]]
acc: 0.763
f1: 0.249
[[1903   10]
 [  78   19]]
acc: 0.956
f1: 0.302
7,47,coarse : 26.49 seconds
7,47,fine : 26.5 seconds
[[1455  458]
 [  18   79]]
acc: 0.763
f1: 0.249
[[1902   11]
 [  77   20]]
acc: 0.956
f1: 0.312
7,48,coarse : 26.26 seconds
7,48,fine : 26.27 seconds
[[1456  457]
 [  19   78]]
acc: 0.763
f1: 0.247
[[1903   10]
 [  76   21]]
acc: 0.957
f1: 0.328
7,49,coarse : 26.22 seconds
7,49,fine : 26.22 seconds
[[1451  462]
 [  19   78]]
acc: 0.761
f1: 0.245
[[1902   11]
 [  76   21]]
acc: 0.957
f1: 0.326
7,50,coarse : 28.28 seconds
7,50,fine : 28.28 seconds
[[1450  463]
 [  19   78]]
acc: 0.760
f1: 0.245
[[1902   11]
 [  75   22]]
acc: 0.957
f1: 0.338
7,51,coarse : 26.2 seconds
7,51,fine : 26.21 seconds
[[1450  463]
 [  19   78]]
acc: 0.760
f1: 0.245
[[1902   11]
 [  75   22]]
acc: 0.957
f1: 0.338
7,52,coarse : 26.39 seconds
7,52,fine : 26.4 seconds
[[1452  461]
 [  19   78]]
acc: 0.761
f1: 0.245
[[1902   11]
 [  75   22]]
acc: 0.957
f1: 0.338
7,53,coarse : 26.52 seconds
7,53,fine : 26.52 seconds
[[1456  457]
 [  19   78]]
acc: 0.763
f1: 0.247
[[1902   11]
 [  75   22]]
acc: 0.957
f1: 0.338
7,54,coarse : 26.5 seconds
7,54,fine : 26.51 seconds
[[1448  465]
 [  19   78]]
acc: 0.759
f1: 0.244
[[1902   11]
 [  75   22]]
acc: 0.957
f1: 0.338
7,55,coarse : 26.46 seconds
7,55,fine : 26.47 seconds
[[1437  476]
 [  17   80]]
acc: 0.755
f1: 0.245
[[1901   12]
 [  75   22]]
acc: 0.957
f1: 0.336
7,56,coarse : 26.32 seconds
7,56,fine : 26.33 seconds
[[1439  474]
 [  17   80]]
acc: 0.756
f1: 0.246
[[1901   12]
 [  75   22]]
acc: 0.957
f1: 0.336
7,57,coarse : 26.94 seconds
7,57,fine : 26.95 seconds
[[1437  476]
 [  17   80]]
acc: 0.755
f1: 0.245
[[1901   12]
 [  74   23]]
acc: 0.957
f1: 0.348
7,58,coarse : 26.4 seconds
7,58,fine : 26.41 seconds
[[1443  470]
 [  16   81]]
acc: 0.758
f1: 0.250
[[1901   12]
 [  74   23]]
acc: 0.957
f1: 0.348
7,59,coarse : 26.49 seconds
7,59,fine : 26.5 seconds
[[1451  462]
 [  17   80]]
acc: 0.762
f1: 0.250
[[1900   13]
 [  73   24]]
acc: 0.957
f1: 0.358
7,60,coarse : 26.46 seconds
7,60,fine : 26.47 seconds
[[1451  462]
 [  16   81]]
acc: 0.762
f1: 0.253
[[1900   13]
 [  73   24]]
acc: 0.957
f1: 0.358
7,61,coarse : 26.56 seconds
7,61,fine : 26.57 seconds
[[1460  453]
 [  16   81]]
acc: 0.767
f1: 0.257
[[1900   13]
 [  73   24]]
acc: 0.957
f1: 0.358
7,62,coarse : 26.63 seconds
7,62,fine : 26.64 seconds
[[1455  458]
 [  16   81]]
acc: 0.764
f1: 0.255
[[1900   13]
 [  73   24]]
acc: 0.957
f1: 0.358
7,63,coarse : 26.5 seconds
7,63,fine : 26.51 seconds
[[1453  460]
 [  16   81]]
acc: 0.763
f1: 0.254
[[1900   13]
 [  73   24]]
acc: 0.957
f1: 0.358
7,64,coarse : 26.48 seconds
7,64,fine : 26.49 seconds
[[1452  461]
 [  17   80]]
acc: 0.762
f1: 0.251
[[1898   15]
 [  73   24]]
acc: 0.956
f1: 0.353
7,65,coarse : 26.4 seconds
7,65,fine : 26.41 seconds
[[1454  459]
 [  16   81]]
acc: 0.764
f1: 0.254
[[1898   15]
 [  72   25]]
acc: 0.957
f1: 0.365
7,66,coarse : 27.0 seconds
7,66,fine : 27.01 seconds
[[1458  455]
 [  17   80]]
acc: 0.765
f1: 0.253
[[1898   15]
 [  71   26]]
acc: 0.957
f1: 0.377
7,67,coarse : 26.5 seconds
7,67,fine : 26.51 seconds
[[1463  450]
 [  16   81]]
acc: 0.768
f1: 0.258
[[1897   16]
 [  72   25]]
acc: 0.956
f1: 0.362
7,68,coarse : 26.7 seconds
7,68,fine : 26.71 seconds
[[1449  464]
 [  17   80]]
acc: 0.761
f1: 0.250
[[1896   17]
 [  72   25]]
acc: 0.956
f1: 0.360
7,69,coarse : 26.62 seconds
7,69,fine : 26.63 seconds
[[1450  463]
 [  17   80]]
acc: 0.761
f1: 0.250
[[1894   19]
 [  72   25]]
acc: 0.955
f1: 0.355
7,70,coarse : 27.4 seconds
7,70,fine : 27.41 seconds
[[1447  466]
 [  17   80]]
acc: 0.760
f1: 0.249
[[1894   19]
 [  72   25]]
acc: 0.955
f1: 0.355
7,71,coarse : 26.85 seconds
7,71,fine : 26.86 seconds
[[1451  462]
 [  17   80]]
acc: 0.762
f1: 0.250
[[1894   19]
 [  72   25]]
acc: 0.955
f1: 0.355
7,72,coarse : 26.72 seconds
7,72,fine : 26.74 seconds
[[1447  466]
 [  18   79]]
acc: 0.759
f1: 0.246
[[1893   20]
 [  72   25]]
acc: 0.954
f1: 0.352
7,73,coarse : 26.54 seconds
7,73,fine : 26.55 seconds
[[1447  466]
 [  18   79]]
acc: 0.759
f1: 0.246
[[1892   21]
 [  72   25]]
acc: 0.954
f1: 0.350
7,74,coarse : 26.78 seconds
7,74,fine : 26.79 seconds
[[1455  458]
 [  18   79]]
acc: 0.763
f1: 0.249
[[1891   22]
 [  72   25]]
acc: 0.953
f1: 0.347
7,75,coarse : 26.79 seconds
7,75,fine : 26.81 seconds
[[1447  466]
 [  17   80]]
acc: 0.760
f1: 0.249
[[1891   22]
 [  72   25]]
acc: 0.953
f1: 0.347
7,76,coarse : 26.45 seconds
7,76,fine : 26.46 seconds
[[1451  462]
 [  16   81]]
acc: 0.762
f1: 0.253
[[1892   21]
 [  72   25]]
acc: 0.954
f1: 0.350
7,77,coarse : 26.39 seconds
7,77,fine : 26.4 seconds
[[1450  463]
 [  16   81]]
acc: 0.762
f1: 0.253
[[1891   22]
 [  71   26]]
acc: 0.954
f1: 0.359
7,78,coarse : 26.13 seconds
7,78,fine : 26.14 seconds
[[1444  469]
 [  16   81]]
acc: 0.759
f1: 0.250
[[1891   22]
 [  71   26]]
acc: 0.954
f1: 0.359
7,79,coarse : 26.49 seconds
7,79,fine : 26.5 seconds
[[1454  459]
 [  16   81]]
acc: 0.764
f1: 0.254
[[1890   23]
 [  71   26]]
acc: 0.953
f1: 0.356
7,80,coarse : 26.73 seconds
7,80,fine : 26.74 seconds
[[1457  456]
 [  17   80]]
acc: 0.765
f1: 0.253
[[1890   23]
 [  71   26]]
acc: 0.953
f1: 0.356
7,81,coarse : 26.26 seconds
7,81,fine : 26.27 seconds
[[1455  458]
 [  17   80]]
acc: 0.764
f1: 0.252
[[1890   23]
 [  70   27]]
acc: 0.954
f1: 0.367
7,82,coarse : 26.55 seconds
7,82,fine : 26.56 seconds
[[1456  457]
 [  16   81]]
acc: 0.765
f1: 0.255
[[1890   23]
 [  70   27]]
acc: 0.954
f1: 0.367
7,83,coarse : 26.4 seconds
7,83,fine : 26.41 seconds
[[1456  457]
 [  17   80]]
acc: 0.764
f1: 0.252
[[1890   23]
 [  69   28]]
acc: 0.954
f1: 0.378
7,84,coarse : 26.23 seconds
7,84,fine : 26.24 seconds
[[1459  454]
 [  17   80]]
acc: 0.766
f1: 0.254
[[1890   23]
 [  69   28]]
acc: 0.954
f1: 0.378
7,85,coarse : 27.02 seconds
7,85,fine : 27.03 seconds
[[1464  449]
 [  17   80]]
acc: 0.768
f1: 0.256
[[1890   23]
 [  68   29]]
acc: 0.955
f1: 0.389
7,86,coarse : 26.73 seconds
7,86,fine : 26.74 seconds
[[1457  456]
 [  17   80]]
acc: 0.765
f1: 0.253
[[1890   23]
 [  69   28]]
acc: 0.954
f1: 0.378
7,87,coarse : 27.06 seconds
7,87,fine : 27.07 seconds
[[1457  456]
 [  15   82]]
acc: 0.766
f1: 0.258
[[1890   23]
 [  69   28]]
acc: 0.954
f1: 0.378
7,88,coarse : 26.8 seconds
7,88,fine : 26.81 seconds
[[1458  455]
 [  16   81]]
acc: 0.766
f1: 0.256
[[1890   23]
 [  69   28]]
acc: 0.954
f1: 0.378
7,89,coarse : 26.81 seconds
7,89,fine : 26.83 seconds
[[1459  454]
 [  15   82]]
acc: 0.767
f1: 0.259
[[1890   23]
 [  68   29]]
acc: 0.955
f1: 0.389
7,90,coarse : 26.7 seconds
7,90,fine : 26.71 seconds
[[1460  453]
 [  15   82]]
acc: 0.767
f1: 0.259
[[1890   23]
 [  68   29]]
acc: 0.955
f1: 0.389
7,91,coarse : 27.63 seconds
7,91,fine : 27.64 seconds
[[1461  452]
 [  16   81]]
acc: 0.767
f1: 0.257
[[1890   23]
 [  68   29]]
acc: 0.955
f1: 0.389
7,92,coarse : 26.51 seconds
7,92,fine : 26.52 seconds
[[1455  458]
 [  17   80]]
acc: 0.764
f1: 0.252
[[1890   23]
 [  67   30]]
acc: 0.955
f1: 0.400
7,93,coarse : 26.94 seconds
7,93,fine : 26.95 seconds
[[1452  461]
 [  16   81]]
acc: 0.763
f1: 0.254
[[1890   23]
 [  68   29]]
acc: 0.955
f1: 0.389
7,94,coarse : 26.53 seconds
7,94,fine : 26.54 seconds
[[1452  461]
 [  16   81]]
acc: 0.763
f1: 0.254
[[1889   24]
 [  68   29]]
acc: 0.954
f1: 0.387
7,95,coarse : 26.33 seconds
7,95,fine : 26.34 seconds
[[1455  458]
 [  16   81]]
acc: 0.764
f1: 0.255
[[1889   24]
 [  68   29]]
acc: 0.954
f1: 0.387
7,96,coarse : 26.42 seconds
7,96,fine : 26.43 seconds
[[1455  458]
 [  16   81]]
acc: 0.764
f1: 0.255
[[1889   24]
 [  68   29]]
acc: 0.954
f1: 0.387
7,97,coarse : 26.71 seconds
7,97,fine : 26.73 seconds
[[1458  455]
 [  16   81]]
acc: 0.766
f1: 0.256
[[1889   24]
 [  67   30]]
acc: 0.955
f1: 0.397
7,98,coarse : 26.51 seconds
7,98,fine : 26.52 seconds
[[1459  454]
 [  16   81]]
acc: 0.766
f1: 0.256
[[1889   24]
 [  67   30]]
acc: 0.955
f1: 0.397
7,99,coarse : 26.81 seconds
7,99,fine : 26.82 seconds
[[1464  449]
 [  17   80]]
acc: 0.768
f1: 0.256
[[1889   24]
 [  67   30]]
acc: 0.955
f1: 0.397
7,100,coarse : 28.43 seconds
7,100,fine : 28.44 seconds
[[1462  451]
 [  16   81]]
acc: 0.768
f1: 0.258
[[1888   25]
 [  66   31]]
acc: 0.955
f1: 0.405
7,101,coarse : 27.1 seconds
7,101,fine : 27.11 seconds
[[1463  450]
 [  17   80]]
acc: 0.768
f1: 0.255
[[1887   26]
 [  66   31]]
acc: 0.954
f1: 0.403
7,102,coarse : 27.29 seconds
7,102,fine : 27.3 seconds
[[1458  455]
 [  17   80]]
acc: 0.765
f1: 0.253
[[1887   26]
 [  66   31]]
acc: 0.954
f1: 0.403
7,103,coarse : 26.99 seconds
7,103,fine : 27.0 seconds
[[1458  455]
 [  16   81]]
acc: 0.766
f1: 0.256
[[1887   26]
 [  66   31]]
acc: 0.954
f1: 0.403
7,104,coarse : 26.5 seconds
7,104,fine : 26.52 seconds
[[1458  455]
 [  17   80]]
acc: 0.765
f1: 0.253
[[1887   26]
 [  66   31]]
acc: 0.954
f1: 0.403
7,105,coarse : 26.81 seconds
7,105,fine : 26.82 seconds
[[1460  453]
 [  18   79]]
acc: 0.766
f1: 0.251
[[1887   26]
 [  65   32]]
acc: 0.955
f1: 0.413
7,106,coarse : 27.04 seconds
7,106,fine : 27.05 seconds
[[1451  462]
 [  18   79]]
acc: 0.761
f1: 0.248
[[1887   26]
 [  65   32]]
acc: 0.955
f1: 0.413
7,107,coarse : 26.88 seconds
7,107,fine : 26.9 seconds
[[1454  459]
 [  17   80]]
acc: 0.763
f1: 0.252
[[1887   26]
 [  65   32]]
acc: 0.955
f1: 0.413
7,108,coarse : 27.28 seconds
7,108,fine : 27.29 seconds
[[1461  452]
 [  18   79]]
acc: 0.766
f1: 0.252
[[1887   26]
 [  65   32]]
acc: 0.955
f1: 0.413
7,109,coarse : 27.61 seconds
7,109,fine : 27.62 seconds
[[1453  460]
 [  18   79]]
acc: 0.762
f1: 0.248
[[1886   27]
 [  64   33]]
acc: 0.955
f1: 0.420
7,110,coarse : 27.64 seconds
7,110,fine : 27.66 seconds
[[1459  454]
 [  18   79]]
acc: 0.765
f1: 0.251
[[1886   27]
 [  64   33]]
acc: 0.955
f1: 0.420
7,111,coarse : 27.38 seconds
7,111,fine : 27.4 seconds
[[1459  454]
 [  18   79]]
acc: 0.765
f1: 0.251
[[1886   27]
 [  64   33]]
acc: 0.955
f1: 0.420
7,112,coarse : 27.65 seconds
7,112,fine : 27.67 seconds
[[1457  456]
 [  18   79]]
acc: 0.764
f1: 0.250
[[1886   27]
 [  65   32]]
acc: 0.954
f1: 0.410
7,113,coarse : 27.46 seconds
7,113,fine : 27.47 seconds
[[1455  458]
 [  18   79]]
acc: 0.763
f1: 0.249
[[1885   28]
 [  63   34]]
acc: 0.955
f1: 0.428
7,114,coarse : 28.16 seconds
7,114,fine : 28.18 seconds
[[1457  456]
 [  18   79]]
acc: 0.764
f1: 0.250
[[1886   27]
 [  65   32]]
acc: 0.954
f1: 0.410
7,115,coarse : 28.16 seconds
7,115,fine : 28.18 seconds
[[1453  460]
 [  19   78]]
acc: 0.762
f1: 0.246
[[1885   28]
 [  64   33]]
acc: 0.954
f1: 0.418
7,116,coarse : 27.88 seconds
7,116,fine : 27.89 seconds
[[1457  456]
 [  19   78]]
acc: 0.764
f1: 0.247
[[1885   28]
 [  64   33]]
acc: 0.954
f1: 0.418
7,117,coarse : 28.61 seconds
7,117,fine : 28.63 seconds
[[1456  457]
 [  19   78]]
acc: 0.763
f1: 0.247
[[1884   29]
 [  64   33]]
acc: 0.954
f1: 0.415
7,118,coarse : 27.71 seconds
7,118,fine : 27.72 seconds
[[1455  458]
 [  19   78]]
acc: 0.763
f1: 0.246
[[1884   29]
 [  64   33]]
acc: 0.954
f1: 0.415
7,119,coarse : 27.89 seconds
7,119,fine : 27.9 seconds
[[1457  456]
 [  19   78]]
acc: 0.764
f1: 0.247
[[1883   30]
 [  63   34]]
acc: 0.954
f1: 0.422
7,120,coarse : 27.94 seconds
7,120,fine : 27.96 seconds
[[1457  456]
 [  19   78]]
acc: 0.764
f1: 0.247
[[1883   30]
 [  63   34]]
acc: 0.954
f1: 0.422
7,121,coarse : 28.06 seconds
7,121,fine : 28.07 seconds
[[1463  450]
 [  19   78]]
acc: 0.767
f1: 0.250
[[1883   30]
 [  64   33]]
acc: 0.953
f1: 0.412
7,122,coarse : 27.84 seconds
7,122,fine : 27.85 seconds
[[1467  446]
 [  19   78]]
acc: 0.769
f1: 0.251
[[1883   30]
 [  64   33]]
acc: 0.953
f1: 0.412
7,123,coarse : 28.15 seconds
7,123,fine : 28.17 seconds
[[1468  445]
 [  19   78]]
acc: 0.769
f1: 0.252
[[1883   30]
 [  63   34]]
acc: 0.954
f1: 0.422
7,124,coarse : 28.41 seconds
7,124,fine : 28.43 seconds
[[1472  441]
 [  19   78]]
acc: 0.771
f1: 0.253
[[1883   30]
 [  65   32]]
acc: 0.953
f1: 0.403
7,125,coarse : 28.72 seconds
7,125,fine : 28.73 seconds
[[1474  439]
 [  19   78]]
acc: 0.772
f1: 0.254
[[1882   31]
 [  65   32]]
acc: 0.952
f1: 0.400
7,126,coarse : 28.2 seconds
7,126,fine : 28.22 seconds
[[1473  440]
 [  19   78]]
acc: 0.772
f1: 0.254
[[1882   31]
 [  64   33]]
acc: 0.953
f1: 0.410
7,127,coarse : 28.55 seconds
7,127,fine : 28.56 seconds
[[1473  440]
 [  19   78]]
acc: 0.772
f1: 0.254
[[1882   31]
 [  64   33]]
acc: 0.953
f1: 0.410
7,128,coarse : 28.32 seconds
7,128,fine : 28.34 seconds
[[1472  441]
 [  19   78]]
acc: 0.771
f1: 0.253
[[1882   31]
 [  65   32]]
acc: 0.952
f1: 0.400
7,129,coarse : 28.51 seconds
7,129,fine : 28.53 seconds
[[1474  439]
 [  19   78]]
acc: 0.772
f1: 0.254
[[1882   31]
 [  65   32]]
acc: 0.952
f1: 0.400
7,130,coarse : 28.67 seconds
7,130,fine : 28.69 seconds
[[1474  439]
 [  19   78]]
acc: 0.772
f1: 0.254
[[1880   33]
 [  63   34]]
acc: 0.952
f1: 0.415
7,131,coarse : 29.4 seconds
7,131,fine : 29.43 seconds
[[1467  446]
 [  19   78]]
acc: 0.769
f1: 0.251
[[1880   33]
 [  63   34]]
acc: 0.952
f1: 0.415
7,132,coarse : 29.73 seconds
7,132,fine : 29.75 seconds
[[1467  446]
 [  19   78]]
acc: 0.769
f1: 0.251
[[1880   33]
 [  63   34]]
acc: 0.952
f1: 0.415
7,133,coarse : 28.91 seconds
7,133,fine : 28.93 seconds
[[1465  448]
 [  19   78]]
acc: 0.768
f1: 0.250
[[1880   33]
 [  63   34]]
acc: 0.952
f1: 0.415
7,134,coarse : 29.15 seconds
7,134,fine : 29.17 seconds
[[1466  447]
 [  19   78]]
acc: 0.768
f1: 0.251
[[1880   33]
 [  63   34]]
acc: 0.952
f1: 0.415
7,135,coarse : 29.08 seconds
7,135,fine : 29.09 seconds
[[1464  449]
 [  19   78]]
acc: 0.767
f1: 0.250
[[1880   33]
 [  63   34]]
acc: 0.952
f1: 0.415
7,136,coarse : 28.88 seconds
7,136,fine : 28.9 seconds
[[1463  450]
 [  19   78]]
acc: 0.767
f1: 0.250
[[1880   33]
 [  63   34]]
acc: 0.952
f1: 0.415
7,137,coarse : 29.38 seconds
7,137,fine : 29.4 seconds
[[1458  455]
 [  19   78]]
acc: 0.764
f1: 0.248
[[1880   33]
 [  63   34]]
acc: 0.952
f1: 0.415
7,138,coarse : 29.05 seconds
7,138,fine : 29.07 seconds
[[1465  448]
 [  19   78]]
acc: 0.768
f1: 0.250
[[1879   34]
 [  63   34]]
acc: 0.952
f1: 0.412
7,139,coarse : 30.13 seconds
7,139,fine : 30.15 seconds
[[1459  454]
 [  17   80]]
acc: 0.766
f1: 0.254
[[1878   35]
 [  63   34]]
acc: 0.951
f1: 0.410
7,140,coarse : 30.19 seconds
7,140,fine : 30.21 seconds
[[1463  450]
 [  18   79]]
acc: 0.767
f1: 0.252
[[1876   37]
 [  63   34]]
acc: 0.950
f1: 0.405
7,141,coarse : 30.43 seconds
7,141,fine : 30.45 seconds
[[1462  451]
 [  18   79]]
acc: 0.767
f1: 0.252
[[1877   36]
 [  63   34]]
acc: 0.951
f1: 0.407
7,142,coarse : 30.99 seconds
7,142,fine : 31.01 seconds
[[1461  452]
 [  18   79]]
acc: 0.766
f1: 0.252
[[1877   36]
 [  63   34]]
acc: 0.951
f1: 0.407
7,143,coarse : 30.72 seconds
7,143,fine : 30.73 seconds
[[1462  451]
 [  17   80]]
acc: 0.767
f1: 0.255
[[1877   36]
 [  63   34]]
acc: 0.951
f1: 0.407
7,144,coarse : 30.18 seconds
7,144,fine : 30.2 seconds
[[1461  452]
 [  17   80]]
acc: 0.767
f1: 0.254
[[1875   38]
 [  63   34]]
acc: 0.950
f1: 0.402
7,145,coarse : 30.43 seconds
7,145,fine : 30.45 seconds
[[1464  449]
 [  17   80]]
acc: 0.768
f1: 0.256
[[1875   38]
 [  63   34]]
acc: 0.950
f1: 0.402
7,146,coarse : 30.42 seconds
7,146,fine : 30.44 seconds
[[1463  450]
 [  18   79]]
acc: 0.767
f1: 0.252
[[1875   38]
 [  62   35]]
acc: 0.950
f1: 0.412
7,147,coarse : 30.78 seconds
7,147,fine : 30.8 seconds
[[1462  451]
 [  17   80]]
acc: 0.767
f1: 0.255
[[1875   38]
 [  60   37]]
acc: 0.951
f1: 0.430
7,148,coarse : 30.17 seconds
7,148,fine : 30.19 seconds
[[1459  454]
 [  17   80]]
acc: 0.766
f1: 0.254
[[1873   40]
 [  62   35]]
acc: 0.949
f1: 0.407
7,149,coarse : 30.88 seconds
7,149,fine : 30.9 seconds
[[1456  457]
 [  17   80]]
acc: 0.764
f1: 0.252
[[1873   40]
 [  61   36]]
acc: 0.950
f1: 0.416
7,150,coarse : 33.14 seconds
7,150,fine : 33.15 seconds
[[1456  457]
 [  17   80]]
acc: 0.764
f1: 0.252
[[1872   41]
 [  61   36]]
acc: 0.949
f1: 0.414
7,151,coarse : 32.85 seconds
7,151,fine : 32.87 seconds
[[1453  460]
 [  17   80]]
acc: 0.763
f1: 0.251
[[1872   41]
 [  60   37]]
acc: 0.950
f1: 0.423
7,152,coarse : 30.81 seconds
7,152,fine : 30.83 seconds
[[1456  457]
 [  17   80]]
acc: 0.764
f1: 0.252
[[1871   42]
 [  60   37]]
acc: 0.949
f1: 0.420
7,153,coarse : 30.71 seconds
7,153,fine : 30.73 seconds
[[1456  457]
 [  17   80]]
acc: 0.764
f1: 0.252
[[1871   42]
 [  59   38]]
acc: 0.950
f1: 0.429
7,154,coarse : 31.71 seconds
7,154,fine : 31.72 seconds
[[1456  457]
 [  17   80]]
acc: 0.764
f1: 0.252
[[1872   41]
 [  59   38]]
acc: 0.950
f1: 0.432
7,155,coarse : 31.15 seconds
7,155,fine : 31.17 seconds
[[1460  453]
 [  17   80]]
acc: 0.766
f1: 0.254
[[1871   42]
 [  59   38]]
acc: 0.950
f1: 0.429
7,156,coarse : 30.69 seconds
7,156,fine : 30.71 seconds
[[1463  450]
 [  17   80]]
acc: 0.768
f1: 0.255
[[1871   42]
 [  59   38]]
acc: 0.950
f1: 0.429
7,157,coarse : 31.42 seconds
7,157,fine : 31.44 seconds
[[1462  451]
 [  17   80]]
acc: 0.767
f1: 0.255
[[1871   42]
 [  59   38]]
acc: 0.950
f1: 0.429
7,158,coarse : 31.85 seconds
7,158,fine : 31.87 seconds
[[1459  454]
 [  17   80]]
acc: 0.766
f1: 0.254
[[1871   42]
 [  59   38]]
acc: 0.950
f1: 0.429
7,159,coarse : 31.84 seconds
7,159,fine : 31.86 seconds
[[1461  452]
 [  17   80]]
acc: 0.767
f1: 0.254
[[1869   44]
 [  58   39]]
acc: 0.949
f1: 0.433
7,160,coarse : 31.5 seconds
7,160,fine : 31.53 seconds
[[1466  447]
 [  17   80]]
acc: 0.769
f1: 0.256
[[1867   46]
 [  58   39]]
acc: 0.948
f1: 0.429
7,161,coarse : 31.61 seconds
7,161,fine : 31.63 seconds
[[1468  445]
 [  17   80]]
acc: 0.770
f1: 0.257
[[1867   46]
 [  57   40]]
acc: 0.949
f1: 0.437
7,162,coarse : 31.83 seconds
7,162,fine : 31.85 seconds
[[1458  455]
 [  17   80]]
acc: 0.765
f1: 0.253
[[1867   46]
 [  57   40]]
acc: 0.949
f1: 0.437
7,163,coarse : 31.78 seconds
7,163,fine : 31.81 seconds
[[1465  448]
 [  17   80]]
acc: 0.769
f1: 0.256
[[1866   47]
 [  56   41]]
acc: 0.949
f1: 0.443
7,164,coarse : 31.79 seconds
7,164,fine : 31.82 seconds
[[1468  445]
 [  17   80]]
acc: 0.770
f1: 0.257
[[1866   47]
 [  57   40]]
acc: 0.948
f1: 0.435
7,165,coarse : 30.57 seconds
7,165,fine : 30.59 seconds
[[1468  445]
 [  17   80]]
acc: 0.770
f1: 0.257
[[1866   47]
 [  57   40]]
acc: 0.948
f1: 0.435
7,166,coarse : 29.72 seconds
7,166,fine : 29.74 seconds
[[1467  446]
 [  17   80]]
acc: 0.770
f1: 0.257
[[1866   47]
 [  57   40]]
acc: 0.948
f1: 0.435
7,167,coarse : 29.75 seconds
7,167,fine : 29.77 seconds
[[1467  446]
 [  17   80]]
acc: 0.770
f1: 0.257
[[1866   47]
 [  57   40]]
acc: 0.948
f1: 0.435
7,168,coarse : 29.89 seconds
7,168,fine : 29.91 seconds
[[1468  445]
 [  17   80]]
acc: 0.770
f1: 0.257
[[1866   47]
 [  56   41]]
acc: 0.949
f1: 0.443
7,169,coarse : 29.84 seconds
7,169,fine : 29.87 seconds
[[1469  444]
 [  17   80]]
acc: 0.771
f1: 0.258
[[1864   49]
 [  55   42]]
acc: 0.948
f1: 0.447
7,170,coarse : 30.08 seconds
7,170,fine : 30.1 seconds
[[1468  445]
 [  17   80]]
acc: 0.770
f1: 0.257
[[1863   50]
 [  55   42]]
acc: 0.948
f1: 0.444
7,171,coarse : 30.99 seconds
7,171,fine : 31.01 seconds
[[1469  444]
 [  18   79]]
acc: 0.770
f1: 0.255
[[1862   51]
 [  55   42]]
acc: 0.947
f1: 0.442
7,172,coarse : 30.79 seconds
7,172,fine : 30.81 seconds
