all           0      1    2    3    4    5    6    7    8    
1      2010   1914   1    19   32   19   1    11   6    7    
2      2010   1914   1    19   32   19   1    11   6    7    
3      2010   1914   1    19   32   19   1    11   5    8    
4      2010   1914   1    19   32   19   1    10   6    8    
5      2010   1914   1    18   33   19   1    10   6    8    
6      2010   1914   1    18   33   19   1    10   6    8    
7      2010   1913   2    18   33   19   1    10   6    8    
8      2010   1913   2    18   33   19   1    10   6    8    
9      2009   1913   2    18   32   19   2    10   6    7    
10     2009   1913   1    19   32   19   1    11   6    7    
Total  20098  19136  13   185  324  190  11   104  59   76   
train         0      1    2    3    4    5    6    7    8    
1      2010   1914   1    19   32   19   1    11   6    7    
2      2010   1914   1    19   32   19   1    11   6    7    
3      2010   1914   1    19   32   19   1    11   5    8    
4      2010   1914   1    19   32   19   1    10   6    8    
6      2010   1914   1    18   33   19   1    10   6    8    
7      2010   1913   2    18   33   19   1    10   6    8    
8      2010   1913   2    18   33   19   1    10   6    8    
9      2009   1913   2    18   32   19   2    10   6    7    
10     2009   1913   1    19   32   19   1    11   6    7    
Total  18088  17222  12   167  291  171  10   94   53   68   
test          0      1    2    3    4    5    6    7    8    
5      2010   1914   1    18   33   19   1    10   6    8    
Total  2010   1914   1    18   33   19   1    10   6    8    
Classes             
0         17222     
1         12        
2         167       
3         291       
4         171       
5         10        
6         94        
7         53        
8         68        
Total     18088     

Shape: 450       

[952, 10, 11, 16, 11, 10, 10, 10, 10]
Sum start => 1040
[[1210  704]
 [  17   79]]
acc: 0.641
f1: 0.180
[[1882   32]
 [  78   18]]
acc: 0.945
f1: 0.247
5,1,coarse : 30.03 seconds
5,1,fine : 30.03 seconds
[[1210  704]
 [  17   79]]
acc: 0.641
f1: 0.180
[[1882   32]
 [  78   18]]
acc: 0.945
f1: 0.247
5,2,coarse : 31.27 seconds
5,2,fine : 31.27 seconds
[[1270  644]
 [  17   79]]
acc: 0.671
f1: 0.193
[[1901   13]
 [  90    6]]
acc: 0.949
f1: 0.104
5,3,coarse : 27.13 seconds
5,3,fine : 27.14 seconds
[[1291  623]
 [  18   78]]
acc: 0.681
f1: 0.196
[[1906    8]
 [  92    4]]
acc: 0.950
f1: 0.074
5,4,coarse : 27.03 seconds
5,4,fine : 27.04 seconds
[[1315  599]
 [  17   79]]
acc: 0.694
f1: 0.204
[[1906    8]
 [  89    7]]
acc: 0.952
f1: 0.126
5,5,coarse : 27.37 seconds
5,5,fine : 27.37 seconds
[[1329  585]
 [  17   79]]
acc: 0.700
f1: 0.208
[[1905    9]
 [  89    7]]
acc: 0.951
f1: 0.125
5,6,coarse : 26.84 seconds
5,6,fine : 26.84 seconds
[[1336  578]
 [  16   80]]
acc: 0.704
f1: 0.212
[[1908    6]
 [  89    7]]
acc: 0.953
f1: 0.128
5,7,coarse : 26.96 seconds
5,7,fine : 26.96 seconds
[[1327  587]
 [  16   80]]
acc: 0.700
f1: 0.210
[[1910    4]
 [  87    9]]
acc: 0.955
f1: 0.165
5,8,coarse : 27.24 seconds
5,8,fine : 27.25 seconds
[[1346  568]
 [  16   80]]
acc: 0.709
f1: 0.215
[[1912    2]
 [  86   10]]
acc: 0.956
f1: 0.185
5,9,coarse : 26.76 seconds
5,9,fine : 26.76 seconds
[[1355  559]
 [  16   80]]
acc: 0.714
f1: 0.218
[[1912    2]
 [  85   11]]
acc: 0.957
f1: 0.202
5,10,coarse : 26.87 seconds
5,10,fine : 26.88 seconds
[[1355  559]
 [  14   82]]
acc: 0.715
f1: 0.223
[[1912    2]
 [  87    9]]
acc: 0.956
f1: 0.168
5,11,coarse : 27.23 seconds
5,11,fine : 27.23 seconds
[[1361  553]
 [  13   83]]
acc: 0.718
f1: 0.227
[[1911    3]
 [  89    7]]
acc: 0.954
f1: 0.132
5,12,coarse : 26.94 seconds
5,12,fine : 26.95 seconds
[[1370  544]
 [  13   83]]
acc: 0.723
f1: 0.230
[[1912    2]
 [  90    6]]
acc: 0.954
f1: 0.115
5,13,coarse : 26.8 seconds
5,13,fine : 26.8 seconds
[[1372  542]
 [  13   83]]
acc: 0.724
f1: 0.230
[[1911    3]
 [  89    7]]
acc: 0.954
f1: 0.132
5,14,coarse : 27.03 seconds
5,14,fine : 27.03 seconds
[[1388  526]
 [  13   83]]
acc: 0.732
f1: 0.235
[[1911    3]
 [  88    8]]
acc: 0.955
f1: 0.150
5,15,coarse : 26.7 seconds
5,15,fine : 26.71 seconds
[[1390  524]
 [  13   83]]
acc: 0.733
f1: 0.236
[[1912    2]
 [  87    9]]
acc: 0.956
f1: 0.168
5,16,coarse : 26.69 seconds
5,16,fine : 26.69 seconds
[[1406  508]
 [  13   83]]
acc: 0.741
f1: 0.242
[[1913    1]
 [  87    9]]
acc: 0.956
f1: 0.170
5,17,coarse : 27.09 seconds
5,17,fine : 27.1 seconds
[[1400  514]
 [  13   83]]
acc: 0.738
f1: 0.240
[[1912    2]
 [  86   10]]
acc: 0.956
f1: 0.185
5,18,coarse : 26.69 seconds
5,18,fine : 26.7 seconds
[[1404  510]
 [  13   83]]
acc: 0.740
f1: 0.241
[[1912    2]
 [  86   10]]
acc: 0.956
f1: 0.185
5,19,coarse : 26.67 seconds
5,19,fine : 26.67 seconds
[[1415  499]
 [  13   83]]
acc: 0.745
f1: 0.245
[[1911    3]
 [  87    9]]
acc: 0.955
f1: 0.167
5,20,coarse : 27.02 seconds
5,20,fine : 27.02 seconds
[[1411  503]
 [  12   84]]
acc: 0.744
f1: 0.246
[[1911    3]
 [  85   11]]
acc: 0.956
f1: 0.200
5,21,coarse : 26.84 seconds
5,21,fine : 26.84 seconds
[[1403  511]
 [  12   84]]
acc: 0.740
f1: 0.243
[[1911    3]
 [  88    8]]
acc: 0.955
f1: 0.150
5,22,coarse : 26.73 seconds
5,22,fine : 26.74 seconds
[[1415  499]
 [  12   84]]
acc: 0.746
f1: 0.247
[[1910    4]
 [  85   11]]
acc: 0.956
f1: 0.198
5,23,coarse : 27.0 seconds
5,23,fine : 27.0 seconds
[[1411  503]
 [  12   84]]
acc: 0.744
f1: 0.246
[[1911    3]
 [  86   10]]
acc: 0.956
f1: 0.183
5,24,coarse : 26.65 seconds
5,24,fine : 26.66 seconds
[[1404  510]
 [  12   84]]
acc: 0.740
f1: 0.243
[[1910    4]
 [  86   10]]
acc: 0.955
f1: 0.182
5,25,coarse : 26.57 seconds
5,25,fine : 26.58 seconds
[[1429  485]
 [  12   84]]
acc: 0.753
f1: 0.253
[[1911    3]
 [  86   10]]
acc: 0.956
f1: 0.183
5,26,coarse : 27.04 seconds
5,26,fine : 27.05 seconds
[[1427  487]
 [  12   84]]
acc: 0.752
f1: 0.252
[[1910    4]
 [  86   10]]
acc: 0.955
f1: 0.182
5,27,coarse : 26.58 seconds
5,27,fine : 26.58 seconds
[[1421  493]
 [  13   83]]
acc: 0.748
f1: 0.247
[[1910    4]
 [  86   10]]
acc: 0.955
f1: 0.182
5,28,coarse : 26.67 seconds
5,28,fine : 26.68 seconds
[[1434  480]
 [  13   83]]
acc: 0.755
f1: 0.252
[[1910    4]
 [  86   10]]
acc: 0.955
f1: 0.182
5,29,coarse : 26.9 seconds
5,29,fine : 26.9 seconds
[[1429  485]
 [  12   84]]
acc: 0.753
f1: 0.253
[[1909    5]
 [  86   10]]
acc: 0.955
f1: 0.180
5,30,coarse : 26.86 seconds
5,30,fine : 26.86 seconds
[[1427  487]
 [  12   84]]
acc: 0.752
f1: 0.252
[[1909    5]
 [  85   11]]
acc: 0.955
f1: 0.196
5,31,coarse : 26.74 seconds
5,31,fine : 26.75 seconds
[[1426  488]
 [  14   82]]
acc: 0.750
f1: 0.246
[[1909    5]
 [  86   10]]
acc: 0.955
f1: 0.180
5,32,coarse : 26.68 seconds
5,32,fine : 26.68 seconds
[[1419  495]
 [  13   83]]
acc: 0.747
f1: 0.246
[[1909    5]
 [  86   10]]
acc: 0.955
f1: 0.180
5,33,coarse : 27.02 seconds
5,33,fine : 27.03 seconds
[[1422  492]
 [  14   82]]
acc: 0.748
f1: 0.245
[[1909    5]
 [  85   11]]
acc: 0.955
f1: 0.196
5,34,coarse : 26.54 seconds
5,34,fine : 26.55 seconds
[[1429  485]
 [  14   82]]
acc: 0.752
f1: 0.247
[[1909    5]
 [  83   13]]
acc: 0.956
f1: 0.228
5,35,coarse : 26.62 seconds
5,35,fine : 26.63 seconds
[[1419  495]
 [  15   81]]
acc: 0.746
f1: 0.241
[[1909    5]
 [  84   12]]
acc: 0.956
f1: 0.212
5,36,coarse : 27.32 seconds
5,36,fine : 27.32 seconds
[[1428  486]
 [  14   82]]
acc: 0.751
f1: 0.247
[[1908    6]
 [  83   13]]
acc: 0.956
f1: 0.226
5,37,coarse : 26.86 seconds
5,37,fine : 26.87 seconds
[[1427  487]
 [  15   81]]
acc: 0.750
f1: 0.244
[[1908    6]
 [  82   14]]
acc: 0.956
f1: 0.241
5,38,coarse : 26.66 seconds
5,38,fine : 26.67 seconds
[[1436  478]
 [  15   81]]
acc: 0.755
f1: 0.247
[[1908    6]
 [  82   14]]
acc: 0.956
f1: 0.241
5,39,coarse : 26.77 seconds
5,39,fine : 26.78 seconds
[[1439  475]
 [  15   81]]
acc: 0.756
f1: 0.248
[[1908    6]
 [  81   15]]
acc: 0.957
f1: 0.256
5,40,coarse : 27.12 seconds
5,40,fine : 27.13 seconds
[[1435  479]
 [  17   79]]
acc: 0.753
f1: 0.242
[[1908    6]
 [  81   15]]
acc: 0.957
f1: 0.256
5,41,coarse : 26.84 seconds
5,41,fine : 26.85 seconds
[[1427  487]
 [  17   79]]
acc: 0.749
f1: 0.239
[[1908    6]
 [  81   15]]
acc: 0.957
f1: 0.256
5,42,coarse : 26.83 seconds
5,42,fine : 26.83 seconds
[[1434  480]
 [  16   80]]
acc: 0.753
f1: 0.244
[[1909    5]
 [  80   16]]
acc: 0.958
f1: 0.274
5,43,coarse : 27.18 seconds
5,43,fine : 27.19 seconds
[[1423  491]
 [  16   80]]
acc: 0.748
f1: 0.240
[[1909    5]
 [  80   16]]
acc: 0.958
f1: 0.274
5,44,coarse : 26.77 seconds
5,44,fine : 26.78 seconds
[[1432  482]
 [  17   79]]
acc: 0.752
f1: 0.240
[[1908    6]
 [  80   16]]
acc: 0.957
f1: 0.271
5,45,coarse : 26.89 seconds
5,45,fine : 26.9 seconds
[[1425  489]
 [  17   79]]
acc: 0.748
f1: 0.238
[[1907    7]
 [  79   17]]
acc: 0.957
f1: 0.283
5,46,coarse : 26.79 seconds
5,46,fine : 26.8 seconds
[[1429  485]
 [  15   81]]
acc: 0.751
f1: 0.245
[[1906    8]
 [  78   18]]
acc: 0.957
f1: 0.295
5,47,coarse : 27.23 seconds
5,47,fine : 27.24 seconds
[[1428  486]
 [  17   79]]
acc: 0.750
f1: 0.239
[[1906    8]
 [  78   18]]
acc: 0.957
f1: 0.295
5,48,coarse : 26.95 seconds
5,48,fine : 26.95 seconds
[[1423  491]
 [  17   79]]
acc: 0.747
f1: 0.237
[[1905    9]
 [  78   18]]
acc: 0.957
f1: 0.293
5,49,coarse : 26.9 seconds
5,49,fine : 26.91 seconds
[[1422  492]
 [  17   79]]
acc: 0.747
f1: 0.237
[[1906    8]
 [  79   17]]
acc: 0.957
f1: 0.281
5,50,coarse : 29.19 seconds
5,50,fine : 29.2 seconds
[[1422  492]
 [  17   79]]
acc: 0.747
f1: 0.237
[[1905    9]
 [  79   17]]
acc: 0.956
f1: 0.279
5,51,coarse : 26.86 seconds
5,51,fine : 26.86 seconds
[[1427  487]
 [  18   78]]
acc: 0.749
f1: 0.236
[[1904   10]
 [  79   17]]
acc: 0.956
f1: 0.276
5,52,coarse : 27.06 seconds
5,52,fine : 27.07 seconds
[[1434  480]
 [  18   78]]
acc: 0.752
f1: 0.239
[[1903   11]
 [  78   18]]
acc: 0.956
f1: 0.288
5,53,coarse : 27.22 seconds
5,53,fine : 27.22 seconds
[[1429  485]
 [  16   80]]
acc: 0.751
f1: 0.242
[[1903   11]
 [  78   18]]
acc: 0.956
f1: 0.288
5,54,coarse : 26.73 seconds
5,54,fine : 26.73 seconds
[[1430  484]
 [  16   80]]
acc: 0.751
f1: 0.242
[[1903   11]
 [  77   19]]
acc: 0.956
f1: 0.302
5,55,coarse : 26.93 seconds
5,55,fine : 26.94 seconds
[[1428  486]
 [  16   80]]
acc: 0.750
f1: 0.242
[[1903   11]
 [  77   19]]
acc: 0.956
f1: 0.302
5,56,coarse : 26.7 seconds
5,56,fine : 26.71 seconds
[[1428  486]
 [  16   80]]
acc: 0.750
f1: 0.242
[[1903   11]
 [  75   21]]
acc: 0.957
f1: 0.328
5,57,coarse : 27.47 seconds
5,57,fine : 27.48 seconds
[[1426  488]
 [  16   80]]
acc: 0.749
f1: 0.241
[[1902   12]
 [  75   21]]
acc: 0.957
f1: 0.326
5,58,coarse : 27.3 seconds
5,58,fine : 27.31 seconds
[[1432  482]
 [  16   80]]
acc: 0.752
f1: 0.243
[[1899   15]
 [  75   21]]
acc: 0.955
f1: 0.318
5,59,coarse : 27.08 seconds
5,59,fine : 27.09 seconds
[[1436  478]
 [  16   80]]
acc: 0.754
f1: 0.245
[[1899   15]
 [  75   21]]
acc: 0.955
f1: 0.318
5,60,coarse : 27.3 seconds
5,60,fine : 27.31 seconds
[[1426  488]
 [  16   80]]
acc: 0.749
f1: 0.241
[[1899   15]
 [  74   22]]
acc: 0.956
f1: 0.331
5,61,coarse : 27.68 seconds
5,61,fine : 27.69 seconds
[[1426  488]
 [  15   81]]
acc: 0.750
f1: 0.244
[[1898   16]
 [  74   22]]
acc: 0.955
f1: 0.328
5,62,coarse : 27.17 seconds
5,62,fine : 27.19 seconds
[[1427  487]
 [  15   81]]
acc: 0.750
f1: 0.244
[[1898   16]
 [  74   22]]
acc: 0.955
f1: 0.328
5,63,coarse : 27.28 seconds
5,63,fine : 27.29 seconds
[[1426  488]
 [  15   81]]
acc: 0.750
f1: 0.244
[[1898   16]
 [  74   22]]
acc: 0.955
f1: 0.328
5,64,coarse : 27.34 seconds
5,64,fine : 27.35 seconds
[[1422  492]
 [  15   81]]
acc: 0.748
f1: 0.242
[[1898   16]
 [  72   24]]
acc: 0.956
f1: 0.353
5,65,coarse : 27.04 seconds
5,65,fine : 27.05 seconds
[[1420  494]
 [  13   83]]
acc: 0.748
f1: 0.247
[[1897   17]
 [  72   24]]
acc: 0.956
f1: 0.350
5,66,coarse : 27.46 seconds
5,66,fine : 27.47 seconds
[[1417  497]
 [  15   81]]
acc: 0.745
f1: 0.240
[[1897   17]
 [  72   24]]
acc: 0.956
f1: 0.350
5,67,coarse : 27.42 seconds
5,67,fine : 27.44 seconds
[[1417  497]
 [  14   82]]
acc: 0.746
f1: 0.243
[[1897   17]
 [  72   24]]
acc: 0.956
f1: 0.350
5,68,coarse : 27.08 seconds
5,68,fine : 27.09 seconds
[[1419  495]
 [  14   82]]
acc: 0.747
f1: 0.244
[[1897   17]
 [  72   24]]
acc: 0.956
f1: 0.350
5,69,coarse : 27.12 seconds
5,69,fine : 27.13 seconds
[[1419  495]
 [  14   82]]
acc: 0.747
f1: 0.244
[[1898   16]
 [  71   25]]
acc: 0.957
f1: 0.365
5,70,coarse : 27.83 seconds
5,70,fine : 27.84 seconds
[[1411  503]
 [  15   81]]
acc: 0.742
f1: 0.238
[[1897   17]
 [  71   25]]
acc: 0.956
f1: 0.362
5,71,coarse : 27.44 seconds
5,71,fine : 27.45 seconds
[[1407  507]
 [  13   83]]
acc: 0.741
f1: 0.242
[[1897   17]
 [  71   25]]
acc: 0.956
f1: 0.362
5,72,coarse : 27.68 seconds
5,72,fine : 27.69 seconds
[[1409  505]
 [  14   82]]
acc: 0.742
f1: 0.240
[[1897   17]
 [  70   26]]
acc: 0.957
f1: 0.374
5,73,coarse : 27.66 seconds
5,73,fine : 27.68 seconds
[[1410  504]
 [  13   83]]
acc: 0.743
f1: 0.243
[[1895   19]
 [  69   27]]
acc: 0.956
f1: 0.380
5,74,coarse : 27.64 seconds
5,74,fine : 27.65 seconds
[[1413  501]
 [  14   82]]
acc: 0.744
f1: 0.242
[[1896   18]
 [  69   27]]
acc: 0.957
f1: 0.383
5,75,coarse : 27.91 seconds
5,75,fine : 27.92 seconds
[[1413  501]
 [  14   82]]
acc: 0.744
f1: 0.242
[[1896   18]
 [  69   27]]
acc: 0.957
f1: 0.383
5,76,coarse : 27.28 seconds
5,76,fine : 27.29 seconds
[[1413  501]
 [  14   82]]
acc: 0.744
f1: 0.242
[[1896   18]
 [  69   27]]
acc: 0.957
f1: 0.383
5,77,coarse : 27.06 seconds
5,77,fine : 27.07 seconds
[[1416  498]
 [  14   82]]
acc: 0.745
f1: 0.243
[[1895   19]
 [  69   27]]
acc: 0.956
f1: 0.380
5,78,coarse : 27.19 seconds
5,78,fine : 27.2 seconds
[[1410  504]
 [  12   84]]
acc: 0.743
f1: 0.246
[[1894   20]
 [  69   27]]
acc: 0.956
f1: 0.378
5,79,coarse : 27.17 seconds
5,79,fine : 27.18 seconds
[[1413  501]
 [  12   84]]
acc: 0.745
f1: 0.247
[[1894   20]
 [  69   27]]
acc: 0.956
f1: 0.378
5,80,coarse : 27.63 seconds
5,80,fine : 27.64 seconds
[[1412  502]
 [  12   84]]
acc: 0.744
f1: 0.246
[[1894   20]
 [  68   28]]
acc: 0.956
f1: 0.389
5,81,coarse : 27.16 seconds
5,81,fine : 27.17 seconds
[[1410  504]
 [  12   84]]
acc: 0.743
f1: 0.246
[[1894   20]
 [  68   28]]
acc: 0.956
f1: 0.389
5,82,coarse : 27.0 seconds
5,82,fine : 27.01 seconds
[[1406  508]
 [  13   83]]
acc: 0.741
f1: 0.242
[[1894   20]
 [  68   28]]
acc: 0.956
f1: 0.389
5,83,coarse : 27.3 seconds
5,83,fine : 27.31 seconds
[[1412  502]
 [  13   83]]
acc: 0.744
f1: 0.244
[[1893   21]
 [  68   28]]
acc: 0.956
f1: 0.386
5,84,coarse : 27.24 seconds
5,84,fine : 27.26 seconds
[[1415  499]
 [  13   83]]
acc: 0.745
f1: 0.245
[[1893   21]
 [  67   29]]
acc: 0.956
f1: 0.397
5,85,coarse : 28.11 seconds
5,85,fine : 28.13 seconds
[[1415  499]
 [  13   83]]
acc: 0.745
f1: 0.245
[[1893   21]
 [  66   30]]
acc: 0.957
f1: 0.408
5,86,coarse : 27.49 seconds
5,86,fine : 27.5 seconds
[[1413  501]
 [  13   83]]
acc: 0.744
f1: 0.244
[[1892   22]
 [  66   30]]
acc: 0.956
f1: 0.405
5,87,coarse : 27.65 seconds
5,87,fine : 27.66 seconds
[[1408  506]
 [  13   83]]
acc: 0.742
f1: 0.242
[[1892   22]
 [  66   30]]
acc: 0.956
f1: 0.405
5,88,coarse : 27.89 seconds
5,88,fine : 27.9 seconds
[[1418  496]
 [  13   83]]
acc: 0.747
f1: 0.246
[[1891   23]
 [  66   30]]
acc: 0.956
f1: 0.403
5,89,coarse : 27.84 seconds
5,89,fine : 27.85 seconds
[[1417  497]
 [  13   83]]
acc: 0.746
f1: 0.246
[[1891   23]
 [  65   31]]
acc: 0.956
f1: 0.413
5,90,coarse : 27.78 seconds
5,90,fine : 27.79 seconds
[[1417  497]
 [  13   83]]
acc: 0.746
f1: 0.246
[[1891   23]
 [  64   32]]
acc: 0.957
f1: 0.424
5,91,coarse : 28.33 seconds
5,91,fine : 28.34 seconds
[[1419  495]
 [  13   83]]
acc: 0.747
f1: 0.246
[[1891   23]
 [  64   32]]
acc: 0.957
f1: 0.424
5,92,coarse : 27.84 seconds
5,92,fine : 27.85 seconds
[[1423  491]
 [  13   83]]
acc: 0.749
f1: 0.248
[[1891   23]
 [  64   32]]
acc: 0.957
f1: 0.424
5,93,coarse : 27.44 seconds
5,93,fine : 27.45 seconds
[[1420  494]
 [  13   83]]
acc: 0.748
f1: 0.247
[[1891   23]
 [  64   32]]
acc: 0.957
f1: 0.424
5,94,coarse : 27.29 seconds
5,94,fine : 27.3 seconds
[[1422  492]
 [  13   83]]
acc: 0.749
f1: 0.247
[[1891   23]
 [  63   33]]
acc: 0.957
f1: 0.434
5,95,coarse : 26.38 seconds
5,95,fine : 26.39 seconds
[[1425  489]
 [  13   83]]
acc: 0.750
f1: 0.249
[[1891   23]
 [  64   32]]
acc: 0.957
f1: 0.424
5,96,coarse : 26.26 seconds
5,96,fine : 26.28 seconds
[[1424  490]
 [  13   83]]
acc: 0.750
f1: 0.248
[[1891   23]
 [  64   32]]
acc: 0.957
f1: 0.424
5,97,coarse : 26.82 seconds
5,97,fine : 26.84 seconds
[[1433  481]
 [  13   83]]
acc: 0.754
f1: 0.252
[[1890   24]
 [  63   33]]
acc: 0.957
f1: 0.431
5,98,coarse : 26.87 seconds
5,98,fine : 26.88 seconds
[[1424  490]
 [  13   83]]
acc: 0.750
f1: 0.248
[[1889   25]
 [  63   33]]
acc: 0.956
f1: 0.429
5,99,coarse : 26.91 seconds
5,99,fine : 26.92 seconds
[[1424  490]
 [  12   84]]
acc: 0.750
f1: 0.251
[[1889   25]
 [  63   33]]
acc: 0.956
f1: 0.429
5,100,coarse : 29.25 seconds
5,100,fine : 29.26 seconds
[[1424  490]
 [  13   83]]
acc: 0.750
f1: 0.248
[[1888   26]
 [  63   33]]
acc: 0.956
f1: 0.426
5,101,coarse : 27.3 seconds
5,101,fine : 27.31 seconds
[[1427  487]
 [  13   83]]
acc: 0.751
f1: 0.249
[[1888   26]
 [  63   33]]
acc: 0.956
f1: 0.426
5,102,coarse : 27.25 seconds
5,102,fine : 27.26 seconds
[[1426  488]
 [  12   84]]
acc: 0.751
f1: 0.251
[[1887   27]
 [  63   33]]
acc: 0.955
f1: 0.423
5,103,coarse : 27.43 seconds
5,103,fine : 27.44 seconds
[[1429  485]
 [  13   83]]
acc: 0.752
f1: 0.250
[[1886   28]
 [  63   33]]
acc: 0.955
f1: 0.420
5,104,coarse : 27.2 seconds
5,104,fine : 27.21 seconds
[[1427  487]
 [  13   83]]
acc: 0.751
f1: 0.249
[[1886   28]
 [  63   33]]
acc: 0.955
f1: 0.420
5,105,coarse : 27.45 seconds
5,105,fine : 27.47 seconds
[[1430  484]
 [  13   83]]
acc: 0.753
f1: 0.250
[[1887   27]
 [  63   33]]
acc: 0.955
f1: 0.423
5,106,coarse : 27.54 seconds
5,106,fine : 27.55 seconds
[[1430  484]
 [  13   83]]
acc: 0.753
f1: 0.250
[[1886   28]
 [  63   33]]
acc: 0.955
f1: 0.420
5,107,coarse : 27.46 seconds
5,107,fine : 27.47 seconds
[[1437  477]
 [  13   83]]
acc: 0.756
f1: 0.253
[[1883   31]
 [  63   33]]
acc: 0.953
f1: 0.412
5,108,coarse : 27.35 seconds
5,108,fine : 27.36 seconds
[[1438  476]
 [  13   83]]
acc: 0.757
f1: 0.253
[[1884   30]
 [  63   33]]
acc: 0.954
f1: 0.415
5,109,coarse : 27.75 seconds
5,109,fine : 27.76 seconds
[[1436  478]
 [  13   83]]
acc: 0.756
f1: 0.253
[[1884   30]
 [  63   33]]
acc: 0.954
f1: 0.415
5,110,coarse : 27.9 seconds
5,110,fine : 27.92 seconds
[[1436  478]
 [  13   83]]
acc: 0.756
f1: 0.253
[[1884   30]
 [  63   33]]
acc: 0.954
f1: 0.415
5,111,coarse : 27.73 seconds
5,111,fine : 27.75 seconds
[[1434  480]
 [  13   83]]
acc: 0.755
f1: 0.252
[[1883   31]
 [  63   33]]
acc: 0.953
f1: 0.412
5,112,coarse : 27.52 seconds
5,112,fine : 27.53 seconds
[[1434  480]
 [  14   82]]
acc: 0.754
f1: 0.249
[[1883   31]
 [  62   34]]
acc: 0.954
f1: 0.422
5,113,coarse : 27.73 seconds
5,113,fine : 27.74 seconds
[[1435  479]
 [  14   82]]
acc: 0.755
f1: 0.250
[[1883   31]
 [  61   35]]
acc: 0.954
f1: 0.432
5,114,coarse : 27.8 seconds
5,114,fine : 27.82 seconds
[[1436  478]
 [  14   82]]
acc: 0.755
f1: 0.250
[[1882   32]
 [  61   35]]
acc: 0.954
f1: 0.429
5,115,coarse : 27.45 seconds
5,115,fine : 27.46 seconds
[[1435  479]
 [  14   82]]
acc: 0.755
f1: 0.250
[[1880   34]
 [  61   35]]
acc: 0.953
f1: 0.424
5,116,coarse : 27.6 seconds
5,116,fine : 27.61 seconds
[[1435  479]
 [  14   82]]
acc: 0.755
f1: 0.250
[[1878   36]
 [  61   35]]
acc: 0.952
f1: 0.419
5,117,coarse : 28.15 seconds
5,117,fine : 28.17 seconds
[[1438  476]
 [  13   83]]
acc: 0.757
f1: 0.253
[[1878   36]
 [  61   35]]
acc: 0.952
f1: 0.419
5,118,coarse : 27.78 seconds
5,118,fine : 27.8 seconds
[[1439  475]
 [  13   83]]
acc: 0.757
f1: 0.254
[[1878   36]
 [  61   35]]
acc: 0.952
f1: 0.419
5,119,coarse : 27.79 seconds
5,119,fine : 27.81 seconds
[[1439  475]
 [  13   83]]
acc: 0.757
f1: 0.254
[[1878   36]
 [  61   35]]
acc: 0.952
f1: 0.419
5,120,coarse : 28.06 seconds
5,120,fine : 28.08 seconds
[[1438  476]
 [  13   83]]
acc: 0.757
f1: 0.253
[[1877   37]
 [  61   35]]
acc: 0.951
f1: 0.417
5,121,coarse : 27.9 seconds
5,121,fine : 27.92 seconds
[[1440  474]
 [  13   83]]
acc: 0.758
f1: 0.254
[[1876   38]
 [  61   35]]
acc: 0.951
f1: 0.414
5,122,coarse : 28.12 seconds
5,122,fine : 28.14 seconds
[[1440  474]
 [  13   83]]
acc: 0.758
f1: 0.254
[[1874   40]
 [  61   35]]
acc: 0.950
f1: 0.409
5,123,coarse : 28.46 seconds
5,123,fine : 28.48 seconds
[[1440  474]
 [  13   83]]
acc: 0.758
f1: 0.254
[[1874   40]
 [  60   36]]
acc: 0.950
f1: 0.419
5,124,coarse : 28.21 seconds
5,124,fine : 28.23 seconds
[[1440  474]
 [  13   83]]
acc: 0.758
f1: 0.254
[[1874   40]
 [  59   37]]
acc: 0.951
f1: 0.428
5,125,coarse : 28.36 seconds
5,125,fine : 28.38 seconds
[[1442  472]
 [  13   83]]
acc: 0.759
f1: 0.255
[[1874   40]
 [  59   37]]
acc: 0.951
f1: 0.428
5,126,coarse : 29.18 seconds
5,126,fine : 29.19 seconds
[[1447  467]
 [  13   83]]
acc: 0.761
f1: 0.257
[[1874   40]
 [  59   37]]
acc: 0.951
f1: 0.428
5,127,coarse : 29.49 seconds
5,127,fine : 29.51 seconds
[[1447  467]
 [  13   83]]
acc: 0.761
f1: 0.257
[[1874   40]
 [  59   37]]
acc: 0.951
f1: 0.428
5,128,coarse : 29.32 seconds
5,128,fine : 29.34 seconds
[[1448  466]
 [  13   83]]
acc: 0.762
f1: 0.257
[[1873   41]
 [  59   37]]
acc: 0.950
f1: 0.425
5,129,coarse : 28.54 seconds
5,129,fine : 28.56 seconds
[[1444  470]
 [  13   83]]
acc: 0.760
f1: 0.256
[[1872   42]
 [  59   37]]
acc: 0.950
f1: 0.423
5,130,coarse : 29.0 seconds
5,130,fine : 29.01 seconds
[[1444  470]
 [  13   83]]
acc: 0.760
f1: 0.256
[[1872   42]
 [  59   37]]
acc: 0.950
f1: 0.423
5,131,coarse : 28.67 seconds
5,131,fine : 28.69 seconds
[[1446  468]
 [  13   83]]
acc: 0.761
f1: 0.257
[[1872   42]
 [  59   37]]
acc: 0.950
f1: 0.423
5,132,coarse : 29.17 seconds
5,132,fine : 29.19 seconds
[[1448  466]
 [  13   83]]
acc: 0.762
f1: 0.257
[[1873   41]
 [  59   37]]
acc: 0.950
f1: 0.425
5,133,coarse : 28.82 seconds
5,133,fine : 28.84 seconds
[[1440  474]
 [  13   83]]
acc: 0.758
f1: 0.254
[[1872   42]
 [  59   37]]
acc: 0.950
f1: 0.423
5,134,coarse : 28.79 seconds
5,134,fine : 28.81 seconds
[[1439  475]
 [  13   83]]
acc: 0.757
f1: 0.254
[[1872   42]
 [  59   37]]
acc: 0.950
f1: 0.423
5,135,coarse : 29.2 seconds
5,135,fine : 29.22 seconds
[[1440  474]
 [  13   83]]
acc: 0.758
f1: 0.254
[[1871   43]
 [  58   38]]
acc: 0.950
f1: 0.429
5,136,coarse : 29.3 seconds
5,136,fine : 29.32 seconds
[[1440  474]
 [  13   83]]
acc: 0.758
f1: 0.254
[[1871   43]
 [  59   37]]
acc: 0.949
f1: 0.420
5,137,coarse : 29.45 seconds
5,137,fine : 29.47 seconds
[[1436  478]
 [  13   83]]
acc: 0.756
f1: 0.253
[[1871   43]
 [  59   37]]
acc: 0.949
f1: 0.420
5,138,coarse : 29.6 seconds
5,138,fine : 29.62 seconds
[[1441  473]
 [  13   83]]
acc: 0.758
f1: 0.255
[[1871   43]
 [  58   38]]
acc: 0.950
f1: 0.429
5,139,coarse : 29.35 seconds
5,139,fine : 29.37 seconds
[[1440  474]
 [  13   83]]
acc: 0.758
f1: 0.254
[[1870   44]
 [  58   38]]
acc: 0.949
f1: 0.427
5,140,coarse : 29.62 seconds
5,140,fine : 29.64 seconds
[[1440  474]
 [  13   83]]
acc: 0.758
f1: 0.254
[[1869   45]
 [  58   38]]
acc: 0.949
f1: 0.425
5,141,coarse : 28.95 seconds
5,141,fine : 28.97 seconds
[[1443  471]
 [  13   83]]
acc: 0.759
f1: 0.255
[[1869   45]
 [  58   38]]
acc: 0.949
f1: 0.425
5,142,coarse : 29.41 seconds
5,142,fine : 29.43 seconds
[[1443  471]
 [  13   83]]
acc: 0.759
f1: 0.255
[[1869   45]
 [  58   38]]
acc: 0.949
f1: 0.425
5,143,coarse : 29.13 seconds
5,143,fine : 29.15 seconds
[[1448  466]
 [  13   83]]
acc: 0.762
f1: 0.257
[[1869   45]
 [  58   38]]
acc: 0.949
f1: 0.425
5,144,coarse : 29.92 seconds
5,144,fine : 29.94 seconds
[[1446  468]
 [  13   83]]
acc: 0.761
f1: 0.257
[[1868   46]
 [  58   38]]
acc: 0.948
f1: 0.422
5,145,coarse : 29.78 seconds
5,145,fine : 29.8 seconds
[[1446  468]
 [  13   83]]
acc: 0.761
f1: 0.257
[[1867   47]
 [  58   38]]
acc: 0.948
f1: 0.420
5,146,coarse : 29.77 seconds
5,146,fine : 29.79 seconds
[[1448  466]
 [  13   83]]
acc: 0.762
f1: 0.257
[[1867   47]
 [  58   38]]
acc: 0.948
f1: 0.420
5,147,coarse : 30.0 seconds
5,147,fine : 30.02 seconds
[[1448  466]
 [  13   83]]
acc: 0.762
f1: 0.257
[[1867   47]
 [  58   38]]
acc: 0.948
f1: 0.420
5,148,coarse : 29.88 seconds
5,148,fine : 29.9 seconds
[[1450  464]
 [  13   83]]
acc: 0.763
f1: 0.258
[[1866   48]
 [  58   38]]
acc: 0.947
f1: 0.418
5,149,coarse : 30.51 seconds
5,149,fine : 30.53 seconds
[[1449  465]
 [  14   82]]
acc: 0.762
f1: 0.255
[[1866   48]
 [  58   38]]
acc: 0.947
f1: 0.418
5,150,coarse : 32.4 seconds
5,150,fine : 32.42 seconds
[[1450  464]
 [  13   83]]
acc: 0.763
f1: 0.258
[[1865   49]
 [  58   38]]
acc: 0.947
f1: 0.415
5,151,coarse : 30.87 seconds
5,151,fine : 30.89 seconds
[[1447  467]
 [  13   83]]
acc: 0.761
f1: 0.257
[[1863   51]
 [  58   38]]
acc: 0.946
f1: 0.411
5,152,coarse : 31.48 seconds
5,152,fine : 31.51 seconds
[[1444  470]
 [  13   83]]
acc: 0.760
f1: 0.256
[[1863   51]
 [  57   39]]
acc: 0.946
f1: 0.419
5,153,coarse : 30.92 seconds
5,153,fine : 30.95 seconds
[[1449  465]
 [  13   83]]
acc: 0.762
f1: 0.258
[[1863   51]
 [  57   39]]
acc: 0.946
f1: 0.419
5,154,coarse : 31.2 seconds
5,154,fine : 31.23 seconds
[[1456  458]
 [  13   83]]
acc: 0.766
f1: 0.261
[[1863   51]
 [  57   39]]
acc: 0.946
f1: 0.419
5,155,coarse : 31.17 seconds
5,155,fine : 31.2 seconds
[[1452  462]
 [  13   83]]
acc: 0.764
f1: 0.259
[[1863   51]
 [  57   39]]
acc: 0.946
f1: 0.419
5,156,coarse : 31.15 seconds
5,156,fine : 31.18 seconds
[[1451  463]
 [  13   83]]
acc: 0.763
f1: 0.259
[[1863   51]
 [  57   39]]
acc: 0.946
f1: 0.419
5,157,coarse : 31.05 seconds
5,157,fine : 31.07 seconds
[[1453  461]
 [  13   83]]
acc: 0.764
f1: 0.259
[[1862   52]
 [  57   39]]
acc: 0.946
f1: 0.417
5,158,coarse : 31.02 seconds
5,158,fine : 31.05 seconds
[[1450  464]
 [  13   83]]
acc: 0.763
f1: 0.258
[[1861   53]
 [  57   39]]
acc: 0.945
f1: 0.415
5,159,coarse : 30.64 seconds
5,159,fine : 30.66 seconds
[[1452  462]
 [  13   83]]
acc: 0.764
f1: 0.259
[[1859   55]
 [  57   39]]
acc: 0.944
f1: 0.411
5,160,coarse : 31.38 seconds
5,160,fine : 31.41 seconds
[[1454  460]
 [  13   83]]
acc: 0.765
f1: 0.260
[[1858   56]
 [  57   39]]
acc: 0.944
f1: 0.408
5,161,coarse : 30.52 seconds
5,161,fine : 30.54 seconds
[[1453  461]
 [  13   83]]
acc: 0.764
f1: 0.259
[[1857   57]
 [  57   39]]
acc: 0.943
f1: 0.406
5,162,coarse : 31.11 seconds
5,162,fine : 31.13 seconds
[[1449  465]
 [  13   83]]
acc: 0.762
f1: 0.258
[[1860   54]
 [  59   37]]
acc: 0.944
f1: 0.396
5,163,coarse : 31.25 seconds
5,163,fine : 31.28 seconds
[[1451  463]
 [  13   83]]
acc: 0.763
f1: 0.259
[[1860   54]
 [  59   37]]
acc: 0.944
f1: 0.396
5,164,coarse : 30.45 seconds
5,164,fine : 30.48 seconds
[[1459  455]
 [  13   83]]
acc: 0.767
f1: 0.262
[[1860   54]
 [  58   38]]
acc: 0.944
f1: 0.404
5,165,coarse : 31.54 seconds
5,165,fine : 31.57 seconds
[[1459  455]
 [  13   83]]
acc: 0.767
f1: 0.262
[[1859   55]
 [  58   38]]
acc: 0.944
f1: 0.402
5,166,coarse : 30.75 seconds
5,166,fine : 30.77 seconds
[[1457  457]
 [  13   83]]
acc: 0.766
f1: 0.261
[[1858   56]
 [  58   38]]
acc: 0.943
f1: 0.400
5,167,coarse : 30.32 seconds
5,167,fine : 30.35 seconds
[[1456  458]
 [  13   83]]
acc: 0.766
f1: 0.261
[[1858   56]
 [  58   38]]
acc: 0.943
f1: 0.400
5,168,coarse : 31.09 seconds
5,168,fine : 31.12 seconds
[[1457  457]
 [  13   83]]
acc: 0.766
f1: 0.261
[[1858   56]
 [  58   38]]
acc: 0.943
f1: 0.400
5,169,coarse : 29.95 seconds
5,169,fine : 29.97 seconds
[[1458  456]
 [  13   83]]
acc: 0.767
f1: 0.261
[[1857   57]
 [  57   39]]
acc: 0.943
f1: 0.406
5,170,coarse : 29.65 seconds
5,170,fine : 29.67 seconds
[[1458  456]
 [  13   83]]
acc: 0.767
f1: 0.261
[[1856   58]
 [  57   39]]
acc: 0.943
f1: 0.404
5,171,coarse : 29.69 seconds
5,171,fine : 29.72 seconds
[[1447  467]
 [  13   83]]
acc: 0.761
f1: 0.257
[[1856   58]
 [  57   39]]
acc: 0.943
f1: 0.404
5,172,coarse : 29.63 seconds
5,172,fine : 29.65 seconds
