all           0      1    2    3    4    5    6    7    8    
1      2010   1914   1    19   32   19   1    11   6    7    
2      2010   1914   1    19   32   19   1    11   6    7    
3      2010   1914   1    19   32   19   1    11   5    8    
4      2010   1914   1    19   32   19   1    10   6    8    
5      2010   1914   1    18   33   19   1    10   6    8    
6      2010   1914   1    18   33   19   1    10   6    8    
7      2010   1913   2    18   33   19   1    10   6    8    
8      2010   1913   2    18   33   19   1    10   6    8    
9      2009   1913   2    18   32   19   2    10   6    7    
10     2009   1913   1    19   32   19   1    11   6    7    
Total  20098  19136  13   185  324  190  11   104  59   76   
train         0      1    2    3    4    5    6    7    8    
1      2010   1914   1    19   32   19   1    11   6    7    
3      2010   1914   1    19   32   19   1    11   5    8    
4      2010   1914   1    19   32   19   1    10   6    8    
5      2010   1914   1    18   33   19   1    10   6    8    
6      2010   1914   1    18   33   19   1    10   6    8    
7      2010   1913   2    18   33   19   1    10   6    8    
8      2010   1913   2    18   33   19   1    10   6    8    
9      2009   1913   2    18   32   19   2    10   6    7    
10     2009   1913   1    19   32   19   1    11   6    7    
Total  18088  17222  12   166  292  171  10   93   53   69   
test          0      1    2    3    4    5    6    7    8    
2      2010   1914   1    19   32   19   1    11   6    7    
Total  2010   1914   1    19   32   19   1    11   6    7    
Classes             
0         17222     
1         12        
2         166       
3         292       
4         171       
5         10        
6         93        
7         53        
8         69        
Total     18088     

Shape: 450       

[952, 10, 11, 16, 11, 10, 10, 10, 10]
Sum start => 1040
[[1211  703]
 [  18   78]]
acc: 0.641
f1: 0.178
[[1876   38]
 [  85   11]]
acc: 0.939
f1: 0.152
2,1,coarse : 27.43 seconds
2,1,fine : 27.44 seconds
[[1211  703]
 [  18   78]]
acc: 0.641
f1: 0.178
[[1876   38]
 [  85   11]]
acc: 0.939
f1: 0.152
2,2,coarse : 28.56 seconds
2,2,fine : 28.57 seconds
[[1234  680]
 [  18   78]]
acc: 0.653
f1: 0.183
[[1904   10]
 [  89    7]]
acc: 0.951
f1: 0.124
2,3,coarse : 26.74 seconds
2,3,fine : 26.74 seconds
[[1261  653]
 [  19   77]]
acc: 0.666
f1: 0.186
[[1906    8]
 [  91    5]]
acc: 0.951
f1: 0.092
2,4,coarse : 26.75 seconds
2,4,fine : 26.75 seconds
[[1286  628]
 [  21   75]]
acc: 0.677
f1: 0.188
[[1905    9]
 [  91    5]]
acc: 0.950
f1: 0.091
2,5,coarse : 26.78 seconds
2,5,fine : 26.78 seconds
[[1310  604]
 [  20   76]]
acc: 0.690
f1: 0.196
[[1904   10]
 [  91    5]]
acc: 0.950
f1: 0.090
2,6,coarse : 26.58 seconds
2,6,fine : 26.58 seconds
[[1309  605]
 [  19   77]]
acc: 0.690
f1: 0.198
[[1905    9]
 [  88    8]]
acc: 0.952
f1: 0.142
2,7,coarse : 26.74 seconds
2,7,fine : 26.75 seconds
[[1330  584]
 [  20   76]]
acc: 0.700
f1: 0.201
[[1904   10]
 [  88    8]]
acc: 0.951
f1: 0.140
2,8,coarse : 26.97 seconds
2,8,fine : 26.97 seconds
[[1344  570]
 [  19   77]]
acc: 0.707
f1: 0.207
[[1904   10]
 [  88    8]]
acc: 0.951
f1: 0.140
2,9,coarse : 26.47 seconds
2,9,fine : 26.47 seconds
[[1353  561]
 [  19   77]]
acc: 0.711
f1: 0.210
[[1905    9]
 [  90    6]]
acc: 0.951
f1: 0.108
2,10,coarse : 26.35 seconds
2,10,fine : 26.35 seconds
[[1350  564]
 [  20   76]]
acc: 0.709
f1: 0.207
[[1905    9]
 [  89    7]]
acc: 0.951
f1: 0.125
2,11,coarse : 26.62 seconds
2,11,fine : 26.63 seconds
[[1357  557]
 [  20   76]]
acc: 0.713
f1: 0.209
[[1905    9]
 [  90    6]]
acc: 0.951
f1: 0.108
2,12,coarse : 26.22 seconds
2,12,fine : 26.22 seconds
[[1377  537]
 [  20   76]]
acc: 0.723
f1: 0.214
[[1905    9]
 [  90    6]]
acc: 0.951
f1: 0.108
2,13,coarse : 26.25 seconds
2,13,fine : 26.26 seconds
[[1382  532]
 [  20   76]]
acc: 0.725
f1: 0.216
[[1907    7]
 [  90    6]]
acc: 0.952
f1: 0.110
2,14,coarse : 26.42 seconds
2,14,fine : 26.42 seconds
[[1384  530]
 [  19   77]]
acc: 0.727
f1: 0.219
[[1906    8]
 [  91    5]]
acc: 0.951
f1: 0.092
2,15,coarse : 26.22 seconds
2,15,fine : 26.23 seconds
[[1402  512]
 [  20   76]]
acc: 0.735
f1: 0.222
[[1906    8]
 [  90    6]]
acc: 0.951
f1: 0.109
2,16,coarse : 26.4 seconds
2,16,fine : 26.41 seconds
[[1389  525]
 [  21   75]]
acc: 0.728
f1: 0.216
[[1907    7]
 [  90    6]]
acc: 0.952
f1: 0.110
2,17,coarse : 26.62 seconds
2,17,fine : 26.63 seconds
[[1383  531]
 [  22   74]]
acc: 0.725
f1: 0.211
[[1908    6]
 [  90    6]]
acc: 0.952
f1: 0.111
2,18,coarse : 26.29 seconds
2,18,fine : 26.29 seconds
[[1386  528]
 [  22   74]]
acc: 0.726
f1: 0.212
[[1906    8]
 [  90    6]]
acc: 0.951
f1: 0.109
2,19,coarse : 26.18 seconds
2,19,fine : 26.19 seconds
[[1391  523]
 [  23   73]]
acc: 0.728
f1: 0.211
[[1906    8]
 [  90    6]]
acc: 0.951
f1: 0.109
2,20,coarse : 26.49 seconds
2,20,fine : 26.49 seconds
[[1398  516]
 [  23   73]]
acc: 0.732
f1: 0.213
[[1907    7]
 [  90    6]]
acc: 0.952
f1: 0.110
2,21,coarse : 26.04 seconds
2,21,fine : 26.04 seconds
[[1401  513]
 [  22   74]]
acc: 0.734
f1: 0.217
[[1907    7]
 [  90    6]]
acc: 0.952
f1: 0.110
2,22,coarse : 26.05 seconds
2,22,fine : 26.06 seconds
[[1399  515]
 [  23   73]]
acc: 0.732
f1: 0.213
[[1907    7]
 [  90    6]]
acc: 0.952
f1: 0.110
2,23,coarse : 26.52 seconds
2,23,fine : 26.52 seconds
[[1411  503]
 [  22   74]]
acc: 0.739
f1: 0.220
[[1907    7]
 [  90    6]]
acc: 0.952
f1: 0.110
2,24,coarse : 26.02 seconds
2,24,fine : 26.03 seconds
[[1412  502]
 [  23   73]]
acc: 0.739
f1: 0.218
[[1907    7]
 [  90    6]]
acc: 0.952
f1: 0.110
2,25,coarse : 26.02 seconds
2,25,fine : 26.03 seconds
[[1408  506]
 [  23   73]]
acc: 0.737
f1: 0.216
[[1906    8]
 [  89    7]]
acc: 0.952
f1: 0.126
2,26,coarse : 26.42 seconds
2,26,fine : 26.43 seconds
[[1429  485]
 [  22   74]]
acc: 0.748
f1: 0.226
[[1907    7]
 [  90    6]]
acc: 0.952
f1: 0.110
2,27,coarse : 26.08 seconds
2,27,fine : 26.09 seconds
[[1438  476]
 [  22   74]]
acc: 0.752
f1: 0.229
[[1907    7]
 [  88    8]]
acc: 0.953
f1: 0.144
2,28,coarse : 26.04 seconds
2,28,fine : 26.05 seconds
[[1432  482]
 [  22   74]]
acc: 0.749
f1: 0.227
[[1907    7]
 [  87    9]]
acc: 0.953
f1: 0.161
2,29,coarse : 26.4 seconds
2,29,fine : 26.41 seconds
[[1426  488]
 [  21   75]]
acc: 0.747
f1: 0.228
[[1908    6]
 [  85   11]]
acc: 0.955
f1: 0.195
2,30,coarse : 26.13 seconds
2,30,fine : 26.13 seconds
[[1422  492]
 [  22   74]]
acc: 0.744
f1: 0.224
[[1906    8]
 [  85   11]]
acc: 0.954
f1: 0.191
2,31,coarse : 25.95 seconds
2,31,fine : 25.96 seconds
[[1427  487]
 [  22   74]]
acc: 0.747
f1: 0.225
[[1906    8]
 [  85   11]]
acc: 0.954
f1: 0.191
2,32,coarse : 26.07 seconds
2,32,fine : 26.07 seconds
[[1424  490]
 [  21   75]]
acc: 0.746
f1: 0.227
[[1906    8]
 [  85   11]]
acc: 0.954
f1: 0.191
2,33,coarse : 26.46 seconds
2,33,fine : 26.47 seconds
[[1428  486]
 [  23   73]]
acc: 0.747
f1: 0.223
[[1905    9]
 [  86   10]]
acc: 0.953
f1: 0.174
2,34,coarse : 26.18 seconds
2,34,fine : 26.18 seconds
[[1426  488]
 [  22   74]]
acc: 0.746
f1: 0.225
[[1904   10]
 [  86   10]]
acc: 0.952
f1: 0.172
2,35,coarse : 26.06 seconds
2,35,fine : 26.06 seconds
[[1437  477]
 [  22   74]]
acc: 0.752
f1: 0.229
[[1905    9]
 [  85   11]]
acc: 0.953
f1: 0.190
2,36,coarse : 26.45 seconds
2,36,fine : 26.45 seconds
[[1438  476]
 [  22   74]]
acc: 0.752
f1: 0.229
[[1905    9]
 [  85   11]]
acc: 0.953
f1: 0.190
2,37,coarse : 25.96 seconds
2,37,fine : 25.96 seconds
[[1439  475]
 [  22   74]]
acc: 0.753
f1: 0.229
[[1905    9]
 [  85   11]]
acc: 0.953
f1: 0.190
2,38,coarse : 25.9 seconds
2,38,fine : 25.91 seconds
[[1438  476]
 [  20   76]]
acc: 0.753
f1: 0.235
[[1904   10]
 [  85   11]]
acc: 0.953
f1: 0.188
2,39,coarse : 26.18 seconds
2,39,fine : 26.19 seconds
[[1449  465]
 [  18   78]]
acc: 0.760
f1: 0.244
[[1903   11]
 [  86   10]]
acc: 0.952
f1: 0.171
2,40,coarse : 26.39 seconds
2,40,fine : 26.4 seconds
[[1442  472]
 [  21   75]]
acc: 0.755
f1: 0.233
[[1903   11]
 [  85   11]]
acc: 0.952
f1: 0.186
2,41,coarse : 26.11 seconds
2,41,fine : 26.12 seconds
[[1453  461]
 [  21   75]]
acc: 0.760
f1: 0.237
[[1902   12]
 [  86   10]]
acc: 0.951
f1: 0.169
2,42,coarse : 25.94 seconds
2,42,fine : 25.95 seconds
[[1452  462]
 [  21   75]]
acc: 0.760
f1: 0.237
[[1901   13]
 [  85   11]]
acc: 0.951
f1: 0.183
2,43,coarse : 26.57 seconds
2,43,fine : 26.57 seconds
[[1449  465]
 [  21   75]]
acc: 0.758
f1: 0.236
[[1900   14]
 [  85   11]]
acc: 0.951
f1: 0.182
2,44,coarse : 26.19 seconds
2,44,fine : 26.2 seconds
[[1445  469]
 [  20   76]]
acc: 0.757
f1: 0.237
[[1898   16]
 [  84   12]]
acc: 0.950
f1: 0.194
2,45,coarse : 26.06 seconds
2,45,fine : 26.07 seconds
[[1448  466]
 [  20   76]]
acc: 0.758
f1: 0.238
[[1898   16]
 [  82   14]]
acc: 0.951
f1: 0.222
2,46,coarse : 26.07 seconds
2,46,fine : 26.08 seconds
[[1447  467]
 [  21   75]]
acc: 0.757
f1: 0.235
[[1897   17]
 [  82   14]]
acc: 0.951
f1: 0.220
2,47,coarse : 26.58 seconds
2,47,fine : 26.59 seconds
[[1450  464]
 [  22   74]]
acc: 0.758
f1: 0.233
[[1896   18]
 [  82   14]]
acc: 0.950
f1: 0.219
2,48,coarse : 26.17 seconds
2,48,fine : 26.18 seconds
[[1443  471]
 [  21   75]]
acc: 0.755
f1: 0.234
[[1896   18]
 [  82   14]]
acc: 0.950
f1: 0.219
2,49,coarse : 26.02 seconds
2,49,fine : 26.03 seconds
[[1450  464]
 [  21   75]]
acc: 0.759
f1: 0.236
[[1897   17]
 [  82   14]]
acc: 0.951
f1: 0.220
2,50,coarse : 27.95 seconds
2,50,fine : 27.96 seconds
[[1447  467]
 [  21   75]]
acc: 0.757
f1: 0.235
[[1897   17]
 [  81   15]]
acc: 0.951
f1: 0.234
2,51,coarse : 26.28 seconds
2,51,fine : 26.29 seconds
[[1453  461]
 [  21   75]]
acc: 0.760
f1: 0.237
[[1897   17]
 [  81   15]]
acc: 0.951
f1: 0.234
2,52,coarse : 26.25 seconds
2,52,fine : 26.26 seconds
[[1457  457]
 [  21   75]]
acc: 0.762
f1: 0.239
[[1897   17]
 [  81   15]]
acc: 0.951
f1: 0.234
2,53,coarse : 26.62 seconds
2,53,fine : 26.63 seconds
[[1448  466]
 [  20   76]]
acc: 0.758
f1: 0.238
[[1896   18]
 [  82   14]]
acc: 0.950
f1: 0.219
2,54,coarse : 26.0 seconds
2,54,fine : 26.01 seconds
[[1452  462]
 [  20   76]]
acc: 0.760
f1: 0.240
[[1896   18]
 [  82   14]]
acc: 0.950
f1: 0.219
2,55,coarse : 26.16 seconds
2,55,fine : 26.17 seconds
[[1455  459]
 [  20   76]]
acc: 0.762
f1: 0.241
[[1895   19]
 [  81   15]]
acc: 0.950
f1: 0.231
2,56,coarse : 25.95 seconds
2,56,fine : 25.96 seconds
[[1439  475]
 [  20   76]]
acc: 0.754
f1: 0.235
[[1897   17]
 [  81   15]]
acc: 0.951
f1: 0.234
2,57,coarse : 26.72 seconds
2,57,fine : 26.73 seconds
[[1444  470]
 [  21   75]]
acc: 0.756
f1: 0.234
[[1897   17]
 [  79   17]]
acc: 0.952
f1: 0.262
2,58,coarse : 26.32 seconds
2,58,fine : 26.33 seconds
[[1438  476]
 [  20   76]]
acc: 0.753
f1: 0.235
[[1897   17]
 [  79   17]]
acc: 0.952
f1: 0.262
2,59,coarse : 26.19 seconds
2,59,fine : 26.2 seconds
[[1437  477]
 [  21   75]]
acc: 0.752
f1: 0.231
[[1896   18]
 [  79   17]]
acc: 0.952
f1: 0.260
2,60,coarse : 26.38 seconds
2,60,fine : 26.39 seconds
[[1433  481]
 [  20   76]]
acc: 0.751
f1: 0.233
[[1893   21]
 [  79   17]]
acc: 0.950
f1: 0.254
2,61,coarse : 26.52 seconds
2,61,fine : 26.53 seconds
[[1431  483]
 [  21   75]]
acc: 0.749
f1: 0.229
[[1892   22]
 [  79   17]]
acc: 0.950
f1: 0.252
2,62,coarse : 26.67 seconds
2,62,fine : 26.68 seconds
[[1426  488]
 [  19   77]]
acc: 0.748
f1: 0.233
[[1892   22]
 [  79   17]]
acc: 0.950
f1: 0.252
2,63,coarse : 26.41 seconds
2,63,fine : 26.42 seconds
[[1430  484]
 [  21   75]]
acc: 0.749
f1: 0.229
[[1892   22]
 [  79   17]]
acc: 0.950
f1: 0.252
2,64,coarse : 26.5 seconds
2,64,fine : 26.51 seconds
[[1437  477]
 [  20   76]]
acc: 0.753
f1: 0.234
[[1891   23]
 [  79   17]]
acc: 0.949
f1: 0.250
2,65,coarse : 26.54 seconds
2,65,fine : 26.55 seconds
[[1441  473]
 [  20   76]]
acc: 0.755
f1: 0.236
[[1891   23]
 [  79   17]]
acc: 0.949
f1: 0.250
2,66,coarse : 26.79 seconds
2,66,fine : 26.8 seconds
[[1433  481]
 [  19   77]]
acc: 0.751
f1: 0.235
[[1890   24]
 [  79   17]]
acc: 0.949
f1: 0.248
2,67,coarse : 26.28 seconds
2,67,fine : 26.3 seconds
[[1433  481]
 [  19   77]]
acc: 0.751
f1: 0.235
[[1889   25]
 [  79   17]]
acc: 0.948
f1: 0.246
2,68,coarse : 26.72 seconds
2,68,fine : 26.73 seconds
[[1435  479]
 [  21   75]]
acc: 0.751
f1: 0.231
[[1890   24]
 [  78   18]]
acc: 0.949
f1: 0.261
2,69,coarse : 26.57 seconds
2,69,fine : 26.58 seconds
[[1442  472]
 [  21   75]]
acc: 0.755
f1: 0.233
[[1888   26]
 [  78   18]]
acc: 0.948
f1: 0.257
2,70,coarse : 26.69 seconds
2,70,fine : 26.7 seconds
[[1436  478]
 [  20   76]]
acc: 0.752
f1: 0.234
[[1888   26]
 [  77   19]]
acc: 0.949
f1: 0.270
2,71,coarse : 27.03 seconds
2,71,fine : 27.04 seconds
[[1437  477]
 [  22   74]]
acc: 0.752
f1: 0.229
[[1890   24]
 [  77   19]]
acc: 0.950
f1: 0.273
2,72,coarse : 26.73 seconds
2,72,fine : 26.75 seconds
[[1432  482]
 [  22   74]]
acc: 0.749
f1: 0.227
[[1890   24]
 [  77   19]]
acc: 0.950
f1: 0.273
2,73,coarse : 26.81 seconds
2,73,fine : 26.82 seconds
[[1429  485]
 [  20   76]]
acc: 0.749
f1: 0.231
[[1890   24]
 [  77   19]]
acc: 0.950
f1: 0.273
2,74,coarse : 26.9 seconds
2,74,fine : 26.91 seconds
[[1436  478]
 [  21   75]]
acc: 0.752
f1: 0.231
[[1890   24]
 [  77   19]]
acc: 0.950
f1: 0.273
2,75,coarse : 26.77 seconds
2,75,fine : 26.78 seconds
[[1441  473]
 [  21   75]]
acc: 0.754
f1: 0.233
[[1890   24]
 [  77   19]]
acc: 0.950
f1: 0.273
2,76,coarse : 26.45 seconds
2,76,fine : 26.46 seconds
[[1434  480]
 [  20   76]]
acc: 0.751
f1: 0.233
[[1889   25]
 [  77   19]]
acc: 0.949
f1: 0.271
2,77,coarse : 26.24 seconds
2,77,fine : 26.25 seconds
[[1430  484]
 [  21   75]]
acc: 0.749
f1: 0.229
[[1888   26]
 [  77   19]]
acc: 0.949
f1: 0.270
2,78,coarse : 26.27 seconds
2,78,fine : 26.28 seconds
[[1427  487]
 [  21   75]]
acc: 0.747
f1: 0.228
[[1888   26]
 [  77   19]]
acc: 0.949
f1: 0.270
2,79,coarse : 26.16 seconds
2,79,fine : 26.17 seconds
[[1429  485]
 [  20   76]]
acc: 0.749
f1: 0.231
[[1888   26]
 [  76   20]]
acc: 0.949
f1: 0.282
2,80,coarse : 26.74 seconds
2,80,fine : 26.75 seconds
[[1433  481]
 [  19   77]]
acc: 0.751
f1: 0.235
[[1886   28]
 [  76   20]]
acc: 0.948
f1: 0.278
2,81,coarse : 26.24 seconds
2,81,fine : 26.25 seconds
[[1423  491]
 [  18   78]]
acc: 0.747
f1: 0.235
[[1886   28]
 [  76   20]]
acc: 0.948
f1: 0.278
2,82,coarse : 25.98 seconds
2,82,fine : 25.99 seconds
[[1425  489]
 [  19   77]]
acc: 0.747
f1: 0.233
[[1886   28]
 [  75   21]]
acc: 0.949
f1: 0.290
2,83,coarse : 26.11 seconds
2,83,fine : 26.12 seconds
[[1425  489]
 [  19   77]]
acc: 0.747
f1: 0.233
[[1886   28]
 [  75   21]]
acc: 0.949
f1: 0.290
2,84,coarse : 26.04 seconds
2,84,fine : 26.05 seconds
[[1424  490]
 [  19   77]]
acc: 0.747
f1: 0.232
[[1887   27]
 [  75   21]]
acc: 0.949
f1: 0.292
2,85,coarse : 26.04 seconds
2,85,fine : 26.05 seconds
[[1431  483]
 [  19   77]]
acc: 0.750
f1: 0.235
[[1887   27]
 [  75   21]]
acc: 0.949
f1: 0.292
2,86,coarse : 26.44 seconds
2,86,fine : 26.46 seconds
[[1433  481]
 [  19   77]]
acc: 0.751
f1: 0.235
[[1886   28]
 [  74   22]]
acc: 0.949
f1: 0.301
2,87,coarse : 26.27 seconds
2,87,fine : 26.29 seconds
[[1436  478]
 [  19   77]]
acc: 0.753
f1: 0.237
[[1880   34]
 [  75   21]]
acc: 0.946
f1: 0.278
2,88,coarse : 26.51 seconds
2,88,fine : 26.53 seconds
[[1440  474]
 [  18   78]]
acc: 0.755
f1: 0.241
[[1880   34]
 [  75   21]]
acc: 0.946
f1: 0.278
2,89,coarse : 26.16 seconds
2,89,fine : 26.17 seconds
[[1439  475]
 [  19   77]]
acc: 0.754
f1: 0.238
[[1880   34]
 [  73   23]]
acc: 0.947
f1: 0.301
2,90,coarse : 26.59 seconds
2,90,fine : 26.6 seconds
[[1438  476]
 [  20   76]]
acc: 0.753
f1: 0.235
[[1880   34]
 [  73   23]]
acc: 0.947
f1: 0.301
2,91,coarse : 26.31 seconds
2,91,fine : 26.32 seconds
[[1431  483]
 [  18   78]]
acc: 0.751
f1: 0.237
[[1880   34]
 [  73   23]]
acc: 0.947
f1: 0.301
2,92,coarse : 26.91 seconds
2,92,fine : 26.92 seconds
[[1433  481]
 [  18   78]]
acc: 0.752
f1: 0.238
[[1879   35]
 [  74   22]]
acc: 0.946
f1: 0.288
2,93,coarse : 26.25 seconds
2,93,fine : 26.26 seconds
[[1431  483]
 [  19   77]]
acc: 0.750
f1: 0.235
[[1879   35]
 [  73   23]]
acc: 0.946
f1: 0.299
2,94,coarse : 26.01 seconds
2,94,fine : 26.02 seconds
[[1435  479]
 [  18   78]]
acc: 0.753
f1: 0.239
[[1877   37]
 [  73   23]]
acc: 0.945
f1: 0.295
2,95,coarse : 26.26 seconds
2,95,fine : 26.27 seconds
[[1432  482]
 [  18   78]]
acc: 0.751
f1: 0.238
[[1875   39]
 [  73   23]]
acc: 0.944
f1: 0.291
2,96,coarse : 26.01 seconds
2,96,fine : 26.02 seconds
[[1429  485]
 [  18   78]]
acc: 0.750
f1: 0.237
[[1874   40]
 [  73   23]]
acc: 0.944
f1: 0.289
2,97,coarse : 26.42 seconds
2,97,fine : 26.44 seconds
[[1435  479]
 [  19   77]]
acc: 0.752
f1: 0.236
[[1872   42]
 [  73   23]]
acc: 0.943
f1: 0.286
2,98,coarse : 26.81 seconds
2,98,fine : 26.82 seconds
[[1435  479]
 [  19   77]]
acc: 0.752
f1: 0.236
[[1874   40]
 [  74   22]]
acc: 0.943
f1: 0.278
2,99,coarse : 26.66 seconds
2,99,fine : 26.67 seconds
[[1434  480]
 [  19   77]]
acc: 0.752
f1: 0.236
[[1874   40]
 [  73   23]]
acc: 0.944
f1: 0.289
2,100,coarse : 28.31 seconds
2,100,fine : 28.32 seconds
[[1433  481]
 [  20   76]]
acc: 0.751
f1: 0.233
[[1874   40]
 [  72   24]]
acc: 0.944
f1: 0.300
2,101,coarse : 26.53 seconds
2,101,fine : 26.54 seconds
[[1439  475]
 [  19   77]]
acc: 0.754
f1: 0.238
[[1873   41]
 [  72   24]]
acc: 0.944
f1: 0.298
2,102,coarse : 26.76 seconds
2,102,fine : 26.78 seconds
[[1440  474]
 [  19   77]]
acc: 0.755
f1: 0.238
[[1871   43]
 [  72   24]]
acc: 0.943
f1: 0.294
2,103,coarse : 26.93 seconds
2,103,fine : 26.95 seconds
[[1444  470]
 [  19   77]]
acc: 0.757
f1: 0.240
[[1870   44]
 [  72   24]]
acc: 0.942
f1: 0.293
2,104,coarse : 27.3 seconds
2,104,fine : 27.31 seconds
[[1451  463]
 [  20   76]]
acc: 0.760
f1: 0.239
[[1870   44]
 [  70   26]]
acc: 0.943
f1: 0.313
2,105,coarse : 27.62 seconds
2,105,fine : 27.63 seconds
[[1448  466]
 [  20   76]]
acc: 0.758
f1: 0.238
[[1870   44]
 [  69   27]]
acc: 0.944
f1: 0.323
2,106,coarse : 26.77 seconds
2,106,fine : 26.78 seconds
[[1453  461]
 [  20   76]]
acc: 0.761
f1: 0.240
[[1870   44]
 [  69   27]]
acc: 0.944
f1: 0.323
2,107,coarse : 26.84 seconds
2,107,fine : 26.85 seconds
[[1464  450]
 [  20   76]]
acc: 0.766
f1: 0.244
[[1869   45]
 [  70   26]]
acc: 0.943
f1: 0.311
2,108,coarse : 27.37 seconds
2,108,fine : 27.39 seconds
[[1463  451]
 [  20   76]]
acc: 0.766
f1: 0.244
[[1869   45]
 [  69   27]]
acc: 0.943
f1: 0.321
2,109,coarse : 27.28 seconds
2,109,fine : 27.3 seconds
[[1463  451]
 [  20   76]]
acc: 0.766
f1: 0.244
[[1869   45]
 [  68   28]]
acc: 0.944
f1: 0.331
2,110,coarse : 27.51 seconds
2,110,fine : 27.53 seconds
[[1466  448]
 [  20   76]]
acc: 0.767
f1: 0.245
[[1868   46]
 [  67   29]]
acc: 0.944
f1: 0.339
2,111,coarse : 27.27 seconds
2,111,fine : 27.28 seconds
[[1468  446]
 [  20   76]]
acc: 0.768
f1: 0.246
[[1868   46]
 [  66   30]]
acc: 0.944
f1: 0.349
2,112,coarse : 27.17 seconds
2,112,fine : 27.19 seconds
[[1466  448]
 [  20   76]]
acc: 0.767
f1: 0.245
[[1869   45]
 [  66   30]]
acc: 0.945
f1: 0.351
2,113,coarse : 27.34 seconds
2,113,fine : 27.35 seconds
[[1467  447]
 [  20   76]]
acc: 0.768
f1: 0.246
[[1868   46]
 [  66   30]]
acc: 0.944
f1: 0.349
2,114,coarse : 27.52 seconds
2,114,fine : 27.53 seconds
[[1470  444]
 [  20   76]]
acc: 0.769
f1: 0.247
[[1868   46]
 [  66   30]]
acc: 0.944
f1: 0.349
2,115,coarse : 28.02 seconds
2,115,fine : 28.03 seconds
[[1467  447]
 [  21   75]]
acc: 0.767
f1: 0.243
[[1866   48]
 [  64   32]]
acc: 0.944
f1: 0.364
2,116,coarse : 27.34 seconds
2,116,fine : 27.35 seconds
[[1471  443]
 [  21   75]]
acc: 0.769
f1: 0.244
[[1866   48]
 [  63   33]]
acc: 0.945
f1: 0.373
2,117,coarse : 27.61 seconds
2,117,fine : 27.63 seconds
[[1465  449]
 [  21   75]]
acc: 0.766
f1: 0.242
[[1865   49]
 [  62   34]]
acc: 0.945
f1: 0.380
2,118,coarse : 27.88 seconds
2,118,fine : 27.9 seconds
[[1460  454]
 [  21   75]]
acc: 0.764
f1: 0.240
[[1865   49]
 [  62   34]]
acc: 0.945
f1: 0.380
2,119,coarse : 27.76 seconds
2,119,fine : 27.78 seconds
[[1456  458]
 [  20   76]]
acc: 0.762
f1: 0.241
[[1865   49]
 [  63   33]]
acc: 0.944
f1: 0.371
2,120,coarse : 27.17 seconds
2,120,fine : 27.18 seconds
[[1455  459]
 [  20   76]]
acc: 0.762
f1: 0.241
[[1867   47]
 [  66   30]]
acc: 0.944
f1: 0.347
2,121,coarse : 27.73 seconds
2,121,fine : 27.75 seconds
[[1459  455]
 [  20   76]]
acc: 0.764
f1: 0.242
[[1867   47]
 [  66   30]]
acc: 0.944
f1: 0.347
2,122,coarse : 27.39 seconds
2,122,fine : 27.4 seconds
[[1457  457]
 [  20   76]]
acc: 0.763
f1: 0.242
[[1866   48]
 [  66   30]]
acc: 0.943
f1: 0.345
2,123,coarse : 27.37 seconds
2,123,fine : 27.38 seconds
[[1461  453]
 [  20   76]]
acc: 0.765
f1: 0.243
[[1864   50]
 [  66   30]]
acc: 0.942
f1: 0.341
2,124,coarse : 28.03 seconds
2,124,fine : 28.05 seconds
[[1461  453]
 [  19   77]]
acc: 0.765
f1: 0.246
[[1864   50]
 [  66   30]]
acc: 0.942
f1: 0.341
2,125,coarse : 28.32 seconds
2,125,fine : 28.34 seconds
[[1460  454]
 [  20   76]]
acc: 0.764
f1: 0.243
[[1862   52]
 [  65   31]]
acc: 0.942
f1: 0.346
2,126,coarse : 28.63 seconds
2,126,fine : 28.64 seconds
[[1458  456]
 [  20   76]]
acc: 0.763
f1: 0.242
[[1860   54]
 [  65   31]]
acc: 0.941
f1: 0.343
2,127,coarse : 28.29 seconds
2,127,fine : 28.31 seconds
[[1456  458]
 [  20   76]]
acc: 0.762
f1: 0.241
[[1859   55]
 [  63   33]]
acc: 0.941
f1: 0.359
2,128,coarse : 28.16 seconds
2,128,fine : 28.17 seconds
[[1455  459]
 [  20   76]]
acc: 0.762
f1: 0.241
[[1859   55]
 [  63   33]]
acc: 0.941
f1: 0.359
2,129,coarse : 28.83 seconds
2,129,fine : 28.84 seconds
[[1452  462]
 [  20   76]]
acc: 0.760
f1: 0.240
[[1859   55]
 [  62   34]]
acc: 0.942
f1: 0.368
2,130,coarse : 28.43 seconds
2,130,fine : 28.45 seconds
[[1453  461]
 [  20   76]]
acc: 0.761
f1: 0.240
[[1858   56]
 [  61   35]]
acc: 0.942
f1: 0.374
2,131,coarse : 28.52 seconds
2,131,fine : 28.54 seconds
[[1453  461]
 [  20   76]]
acc: 0.761
f1: 0.240
[[1858   56]
 [  61   35]]
acc: 0.942
f1: 0.374
2,132,coarse : 28.35 seconds
2,132,fine : 28.37 seconds
[[1452  462]
 [  20   76]]
acc: 0.760
f1: 0.240
[[1858   56]
 [  61   35]]
acc: 0.942
f1: 0.374
2,133,coarse : 28.42 seconds
2,133,fine : 28.43 seconds
[[1454  460]
 [  20   76]]
acc: 0.761
f1: 0.241
[[1859   55]
 [  61   35]]
acc: 0.942
f1: 0.376
2,134,coarse : 29.01 seconds
2,134,fine : 29.03 seconds
[[1452  462]
 [  20   76]]
acc: 0.760
f1: 0.240
[[1857   57]
 [  61   35]]
acc: 0.941
f1: 0.372
2,135,coarse : 28.98 seconds
2,135,fine : 29.0 seconds
[[1457  457]
 [  20   76]]
acc: 0.763
f1: 0.242
[[1857   57]
 [  62   34]]
acc: 0.941
f1: 0.364
2,136,coarse : 28.66 seconds
2,136,fine : 28.68 seconds
[[1445  469]
 [  19   77]]
acc: 0.757
f1: 0.240
[[1857   57]
 [  62   34]]
acc: 0.941
f1: 0.364
2,137,coarse : 29.01 seconds
2,137,fine : 29.02 seconds
[[1444  470]
 [  19   77]]
acc: 0.757
f1: 0.240
[[1857   57]
 [  62   34]]
acc: 0.941
f1: 0.364
2,138,coarse : 28.48 seconds
2,138,fine : 28.5 seconds
[[1443  471]
 [  19   77]]
acc: 0.756
f1: 0.239
[[1857   57]
 [  62   34]]
acc: 0.941
f1: 0.364
2,139,coarse : 28.87 seconds
2,139,fine : 28.89 seconds
[[1446  468]
 [  20   76]]
acc: 0.757
f1: 0.237
[[1854   60]
 [  62   34]]
acc: 0.939
f1: 0.358
2,140,coarse : 28.64 seconds
2,140,fine : 28.66 seconds
[[1439  475]
 [  20   76]]
acc: 0.754
f1: 0.235
[[1853   61]
 [  62   34]]
acc: 0.939
f1: 0.356
2,141,coarse : 29.41 seconds
2,141,fine : 29.44 seconds
[[1442  472]
 [  18   78]]
acc: 0.756
f1: 0.241
[[1852   62]
 [  61   35]]
acc: 0.939
f1: 0.363
2,142,coarse : 29.94 seconds
2,142,fine : 29.96 seconds
[[1433  481]
 [  18   78]]
acc: 0.752
f1: 0.238
[[1850   64]
 [  61   35]]
acc: 0.938
f1: 0.359
2,143,coarse : 29.38 seconds
2,143,fine : 29.4 seconds
[[1441  473]
 [  18   78]]
acc: 0.756
f1: 0.241
[[1852   62]
 [  60   36]]
acc: 0.939
f1: 0.371
2,144,coarse : 30.03 seconds
2,144,fine : 30.05 seconds
[[1439  475]
 [  18   78]]
acc: 0.755
f1: 0.240
[[1850   64]
 [  60   36]]
acc: 0.938
f1: 0.367
2,145,coarse : 30.02 seconds
2,145,fine : 30.04 seconds
[[1438  476]
 [  18   78]]
acc: 0.754
f1: 0.240
[[1850   64]
 [  59   37]]
acc: 0.939
f1: 0.376
2,146,coarse : 29.94 seconds
2,146,fine : 29.97 seconds
[[1440  474]
 [  18   78]]
acc: 0.755
f1: 0.241
[[1850   64]
 [  58   38]]
acc: 0.939
f1: 0.384
2,147,coarse : 29.69 seconds
2,147,fine : 29.71 seconds
[[1443  471]
 [  18   78]]
acc: 0.757
f1: 0.242
[[1848   66]
 [  59   37]]
acc: 0.938
f1: 0.372
2,148,coarse : 29.54 seconds
2,148,fine : 29.56 seconds
[[1440  474]
 [  18   78]]
acc: 0.755
f1: 0.241
[[1848   66]
 [  59   37]]
acc: 0.938
f1: 0.372
2,149,coarse : 29.65 seconds
2,149,fine : 29.67 seconds
[[1440  474]
 [  18   78]]
acc: 0.755
f1: 0.241
[[1848   66]
 [  59   37]]
acc: 0.938
f1: 0.372
2,150,coarse : 32.06 seconds
2,150,fine : 32.08 seconds
[[1441  473]
 [  18   78]]
acc: 0.756
f1: 0.241
[[1848   66]
 [  58   38]]
acc: 0.938
f1: 0.380
2,151,coarse : 30.7 seconds
2,151,fine : 30.72 seconds
[[1436  478]
 [  19   77]]
acc: 0.753
f1: 0.237
[[1847   67]
 [  57   39]]
acc: 0.938
f1: 0.386
2,152,coarse : 30.58 seconds
2,152,fine : 30.6 seconds
[[1435  479]
 [  19   77]]
acc: 0.752
f1: 0.236
[[1847   67]
 [  57   39]]
acc: 0.938
f1: 0.386
2,153,coarse : 30.53 seconds
2,153,fine : 30.55 seconds
[[1428  486]
 [  18   78]]
acc: 0.749
f1: 0.236
[[1848   66]
 [  56   40]]
acc: 0.939
f1: 0.396
2,154,coarse : 30.55 seconds
2,154,fine : 30.57 seconds
[[1431  483]
 [  18   78]]
acc: 0.751
f1: 0.237
[[1847   67]
 [  56   40]]
acc: 0.939
f1: 0.394
2,155,coarse : 30.63 seconds
2,155,fine : 30.65 seconds
[[1432  482]
 [  18   78]]
acc: 0.751
f1: 0.238
[[1847   67]
 [  56   40]]
acc: 0.939
f1: 0.394
2,156,coarse : 30.15 seconds
2,156,fine : 30.17 seconds
[[1430  484]
 [  18   78]]
acc: 0.750
f1: 0.237
[[1847   67]
 [  56   40]]
acc: 0.939
f1: 0.394
2,157,coarse : 30.18 seconds
2,157,fine : 30.2 seconds
[[1428  486]
 [  18   78]]
acc: 0.749
f1: 0.236
[[1847   67]
 [  56   40]]
acc: 0.939
f1: 0.394
2,158,coarse : 30.28 seconds
2,158,fine : 30.3 seconds
[[1427  487]
 [  18   78]]
acc: 0.749
f1: 0.236
[[1847   67]
 [  57   39]]
acc: 0.938
f1: 0.386
2,159,coarse : 31.04 seconds
2,159,fine : 31.06 seconds
[[1426  488]
 [  18   78]]
acc: 0.748
f1: 0.236
[[1848   66]
 [  57   39]]
acc: 0.939
f1: 0.388
2,160,coarse : 30.97 seconds
2,160,fine : 30.99 seconds
[[1433  481]
 [  18   78]]
acc: 0.752
f1: 0.238
[[1848   66]
 [  57   39]]
acc: 0.939
f1: 0.388
2,161,coarse : 30.7 seconds
2,161,fine : 30.72 seconds
[[1432  482]
 [  18   78]]
acc: 0.751
f1: 0.238
[[1848   66]
 [  57   39]]
acc: 0.939
f1: 0.388
2,162,coarse : 30.76 seconds
2,162,fine : 30.79 seconds
[[1434  480]
 [  18   78]]
acc: 0.752
f1: 0.239
[[1848   66]
 [  57   39]]
acc: 0.939
f1: 0.388
2,163,coarse : 30.17 seconds
2,163,fine : 30.19 seconds
[[1434  480]
 [  18   78]]
acc: 0.752
f1: 0.239
[[1847   67]
 [  57   39]]
acc: 0.938
f1: 0.386
2,164,coarse : 31.22 seconds
2,164,fine : 31.25 seconds
[[1435  479]
 [  18   78]]
acc: 0.753
f1: 0.239
[[1847   67]
 [  56   40]]
acc: 0.939
f1: 0.394
2,165,coarse : 31.09 seconds
2,165,fine : 31.11 seconds
[[1435  479]
 [  18   78]]
acc: 0.753
f1: 0.239
[[1847   67]
 [  56   40]]
acc: 0.939
f1: 0.394
2,166,coarse : 30.34 seconds
2,166,fine : 30.36 seconds
[[1437  477]
 [  18   78]]
acc: 0.754
f1: 0.240
[[1844   70]
 [  56   40]]
acc: 0.937
f1: 0.388
2,167,coarse : 30.5 seconds
2,167,fine : 30.52 seconds
[[1436  478]
 [  18   78]]
acc: 0.753
f1: 0.239
[[1843   71]
 [  56   40]]
acc: 0.937
f1: 0.386
2,168,coarse : 31.54 seconds
2,168,fine : 31.56 seconds
[[1437  477]
 [  18   78]]
acc: 0.754
f1: 0.240
[[1842   72]
 [  56   40]]
acc: 0.936
f1: 0.385
2,169,coarse : 30.18 seconds
2,169,fine : 30.21 seconds
[[1438  476]
 [  18   78]]
acc: 0.754
f1: 0.240
[[1842   72]
 [  56   40]]
acc: 0.936
f1: 0.385
2,170,coarse : 30.87 seconds
2,170,fine : 30.9 seconds
[[1437  477]
 [  18   78]]
acc: 0.754
f1: 0.240
[[1841   73]
 [  56   40]]
acc: 0.936
f1: 0.383
2,171,coarse : 30.42 seconds
2,171,fine : 30.44 seconds
[[1436  478]
 [  18   78]]
acc: 0.753
f1: 0.239
[[1840   74]
 [  55   41]]
acc: 0.936
f1: 0.389
2,172,coarse : 30.27 seconds
2,172,fine : 30.29 seconds
