all           0      1    2    3    4    5    6    7    8    
1      2010   1914   1    19   32   19   1    11   6    7    
2      2010   1914   1    19   32   19   1    11   6    7    
3      2010   1914   1    19   32   19   1    11   5    8    
4      2010   1914   1    19   32   19   1    10   6    8    
5      2010   1914   1    18   33   19   1    10   6    8    
6      2010   1914   1    18   33   19   1    10   6    8    
7      2010   1913   2    18   33   19   1    10   6    8    
8      2010   1913   2    18   33   19   1    10   6    8    
9      2009   1913   2    18   32   19   2    10   6    7    
10     2009   1913   1    19   32   19   1    11   6    7    
Total  20098  19136  13   185  324  190  11   104  59   76   
train         0      1    2    3    4    5    6    7    8    
1      2010   1914   1    19   32   19   1    11   6    7    
2      2010   1914   1    19   32   19   1    11   6    7    
3      2010   1914   1    19   32   19   1    11   5    8    
4      2010   1914   1    19   32   19   1    10   6    8    
5      2010   1914   1    18   33   19   1    10   6    8    
6      2010   1914   1    18   33   19   1    10   6    8    
7      2010   1913   2    18   33   19   1    10   6    8    
8      2010   1913   2    18   33   19   1    10   6    8    
9      2009   1913   2    18   32   19   2    10   6    7    
Total  18089  17223  12   166  292  171  10   93   53   69   
test          0      1    2    3    4    5    6    7    8    
10     2009   1913   1    19   32   19   1    11   6    7    
Total  2009   1913   1    19   32   19   1    11   6    7    
Classes             
0         17223     
1         12        
2         166       
3         292       
4         171       
5         10        
6         93        
7         53        
8         69        
Total     18089     

Shape: 450       

[952, 10, 11, 16, 11, 10, 10, 10, 10]
Sum start => 1040
[[954 959]
 [ 10  86]]
acc: 0.518
f1: 0.151
[[1882   31]
 [  83   13]]
acc: 0.943
f1: 0.186
10,1,coarse : 25.66 seconds
10,1,fine : 25.67 seconds
[[954 959]
 [ 10  86]]
acc: 0.518
f1: 0.151
[[1882   31]
 [  83   13]]
acc: 0.943
f1: 0.186
10,2,coarse : 27.74 seconds
10,2,fine : 27.74 seconds
[[957 956]
 [  9  87]]
acc: 0.520
f1: 0.153
[[1887   26]
 [  83   13]]
acc: 0.946
f1: 0.193
10,3,coarse : 3.93 seconds
10,3,fine : 3.93 seconds
[[983 930]
 [  9  87]]
acc: 0.533
f1: 0.156
[[1888   25]
 [  84   12]]
acc: 0.946
f1: 0.180
10,4,coarse : 3.88 seconds
10,4,fine : 3.89 seconds
[[990 923]
 [  9  87]]
acc: 0.536
f1: 0.157
[[1900   13]
 [  86   10]]
acc: 0.951
f1: 0.168
10,5,coarse : 4.16 seconds
10,5,fine : 4.17 seconds
[[980 933]
 [  9  87]]
acc: 0.531
f1: 0.156
[[1898   15]
 [  85   11]]
acc: 0.950
f1: 0.180
10,6,coarse : 4.42 seconds
10,6,fine : 4.43 seconds
[[1028  885]
 [  10   86]]
acc: 0.555
f1: 0.161
[[1900   13]
 [  86   10]]
acc: 0.951
f1: 0.168
10,7,coarse : 3.88 seconds
10,7,fine : 3.88 seconds
[[1024  889]
 [  10   86]]
acc: 0.553
f1: 0.161
[[1899   14]
 [  86   10]]
acc: 0.950
f1: 0.167
10,8,coarse : 4.04 seconds
10,8,fine : 4.04 seconds
[[1018  895]
 [  10   86]]
acc: 0.550
f1: 0.160
[[1898   15]
 [  86   10]]
acc: 0.950
f1: 0.165
10,9,coarse : 4.4 seconds
10,9,fine : 4.4 seconds
[[1035  878]
 [   9   87]]
acc: 0.558
f1: 0.164
[[1897   16]
 [  86   10]]
acc: 0.949
f1: 0.164
10,10,coarse : 4.46 seconds
10,10,fine : 4.46 seconds
[[1052  861]
 [  10   86]]
acc: 0.566
f1: 0.165
[[1898   15]
 [  85   11]]
acc: 0.950
f1: 0.180
10,11,coarse : 4.85 seconds
10,11,fine : 4.85 seconds
[[1065  848]
 [  11   85]]
acc: 0.572
f1: 0.165
[[1899   14]
 [  85   11]]
acc: 0.951
f1: 0.182
10,12,coarse : 4.58 seconds
10,12,fine : 4.58 seconds
[[1084  829]
 [  10   86]]
acc: 0.582
f1: 0.170
[[1898   15]
 [  85   11]]
acc: 0.950
f1: 0.180
10,13,coarse : 4.43 seconds
10,13,fine : 4.43 seconds
[[1094  819]
 [  11   85]]
acc: 0.587
f1: 0.170
[[1898   15]
 [  84   12]]
acc: 0.951
f1: 0.195
10,14,coarse : 4.77 seconds
10,14,fine : 4.77 seconds
[[1108  805]
 [  11   85]]
acc: 0.594
f1: 0.172
[[1895   18]
 [  84   12]]
acc: 0.949
f1: 0.190
10,15,coarse : 4.86 seconds
10,15,fine : 4.86 seconds
[[1122  791]
 [  12   84]]
acc: 0.600
f1: 0.173
[[1895   18]
 [  84   12]]
acc: 0.949
f1: 0.190
10,16,coarse : 5.24 seconds
10,16,fine : 5.25 seconds
[[1116  797]
 [  10   86]]
acc: 0.598
f1: 0.176
[[1895   18]
 [  82   14]]
acc: 0.950
f1: 0.219
10,17,coarse : 5.25 seconds
10,17,fine : 5.25 seconds
[[1118  795]
 [  10   86]]
acc: 0.599
f1: 0.176
[[1893   20]
 [  83   13]]
acc: 0.949
f1: 0.202
10,18,coarse : 5.26 seconds
10,18,fine : 5.27 seconds
[[1123  790]
 [  11   85]]
acc: 0.601
f1: 0.175
[[1893   20]
 [  83   13]]
acc: 0.949
f1: 0.202
10,19,coarse : 5.21 seconds
10,19,fine : 5.21 seconds
[[1132  781]
 [  10   86]]
acc: 0.606
f1: 0.179
[[1893   20]
 [  82   14]]
acc: 0.949
f1: 0.215
10,20,coarse : 5.51 seconds
10,20,fine : 5.52 seconds
[[1136  777]
 [  10   86]]
acc: 0.608
f1: 0.179
[[1892   21]
 [  82   14]]
acc: 0.949
f1: 0.214
10,21,coarse : 6.49 seconds
10,21,fine : 6.5 seconds
[[1117  796]
 [  10   86]]
acc: 0.599
f1: 0.176
[[1891   22]
 [  82   14]]
acc: 0.948
f1: 0.212
10,22,coarse : 5.62 seconds
10,22,fine : 5.62 seconds
[[1116  797]
 [  11   85]]
acc: 0.598
f1: 0.174
[[1894   19]
 [  83   13]]
acc: 0.949
f1: 0.203
10,23,coarse : 5.83 seconds
10,23,fine : 5.84 seconds
[[1116  797]
 [  10   86]]
acc: 0.598
f1: 0.176
[[1891   22]
 [  81   15]]
acc: 0.949
f1: 0.226
10,24,coarse : 6.32 seconds
10,24,fine : 6.32 seconds
[[1116  797]
 [   9   87]]
acc: 0.599
f1: 0.178
[[1891   22]
 [  81   15]]
acc: 0.949
f1: 0.226
10,25,coarse : 6.55 seconds
10,25,fine : 6.56 seconds
[[1096  817]
 [  10   86]]
acc: 0.588
f1: 0.172
[[1891   22]
 [  81   15]]
acc: 0.949
f1: 0.226
10,26,coarse : 6.37 seconds
10,26,fine : 6.37 seconds
[[1096  817]
 [  10   86]]
acc: 0.588
f1: 0.172
[[1889   24]
 [  80   16]]
acc: 0.948
f1: 0.235
10,27,coarse : 6.75 seconds
10,27,fine : 6.76 seconds
[[1106  807]
 [   9   87]]
acc: 0.594
f1: 0.176
[[1889   24]
 [  80   16]]
acc: 0.948
f1: 0.235
10,28,coarse : 6.42 seconds
10,28,fine : 6.42 seconds
[[1115  798]
 [  10   86]]
acc: 0.598
f1: 0.176
[[1890   23]
 [  79   17]]
acc: 0.949
f1: 0.250
10,29,coarse : 7.14 seconds
10,29,fine : 7.15 seconds
[[1120  793]
 [  10   86]]
acc: 0.600
f1: 0.176
[[1886   27]
 [  77   19]]
acc: 0.948
f1: 0.268
10,30,coarse : 7.02 seconds
10,30,fine : 7.03 seconds
[[1136  777]
 [  11   85]]
acc: 0.608
f1: 0.177
[[1890   23]
 [  78   18]]
acc: 0.950
f1: 0.263
10,31,coarse : 6.88 seconds
10,31,fine : 6.89 seconds
[[1150  763]
 [  11   85]]
acc: 0.615
f1: 0.180
[[1892   21]
 [  74   22]]
acc: 0.953
f1: 0.317
10,32,coarse : 7.48 seconds
10,32,fine : 7.49 seconds
[[1110  803]
 [  11   85]]
acc: 0.595
f1: 0.173
[[1894   19]
 [  75   21]]
acc: 0.953
f1: 0.309
10,33,coarse : 7.51 seconds
10,33,fine : 7.51 seconds
[[1118  795]
 [  10   86]]
acc: 0.599
f1: 0.176
[[1886   27]
 [  71   25]]
acc: 0.951
f1: 0.338
10,34,coarse : 7.4 seconds
10,34,fine : 7.41 seconds
[[1114  799]
 [  10   86]]
acc: 0.597
f1: 0.175
[[1883   30]
 [  69   27]]
acc: 0.951
f1: 0.353
10,35,coarse : 7.57 seconds
10,35,fine : 7.58 seconds
[[1119  794]
 [  11   85]]
acc: 0.599
f1: 0.174
[[1884   29]
 [  69   27]]
acc: 0.951
f1: 0.355
10,36,coarse : 8.26 seconds
10,36,fine : 8.26 seconds
[[1126  787]
 [  11   85]]
acc: 0.603
f1: 0.176
[[1884   29]
 [  67   29]]
acc: 0.952
f1: 0.377
10,37,coarse : 7.65 seconds
10,37,fine : 7.66 seconds
[[1137  776]
 [  11   85]]
acc: 0.608
f1: 0.178
[[1882   31]
 [  65   31]]
acc: 0.952
f1: 0.392
10,38,coarse : 8.05 seconds
10,38,fine : 8.05 seconds
[[1143  770]
 [  11   85]]
acc: 0.611
f1: 0.179
[[1885   28]
 [  64   32]]
acc: 0.954
f1: 0.410
10,39,coarse : 8.55 seconds
10,39,fine : 8.56 seconds
[[1152  761]
 [  11   85]]
acc: 0.616
f1: 0.180
[[1880   33]
 [  65   31]]
acc: 0.951
f1: 0.388
10,40,coarse : 8.02 seconds
10,40,fine : 8.02 seconds
[[1153  760]
 [  11   85]]
acc: 0.616
f1: 0.181
[[1878   35]
 [  64   32]]
acc: 0.951
f1: 0.393
10,41,coarse : 8.35 seconds
10,41,fine : 8.35 seconds
[[1156  757]
 [  11   85]]
acc: 0.618
f1: 0.181
[[1877   36]
 [  64   32]]
acc: 0.950
f1: 0.390
10,42,coarse : 8.84 seconds
10,42,fine : 8.84 seconds
[[1161  752]
 [  11   85]]
acc: 0.620
f1: 0.182
[[1876   37]
 [  64   32]]
acc: 0.950
f1: 0.388
10,43,coarse : 8.45 seconds
10,43,fine : 8.45 seconds
[[1168  745]
 [  11   85]]
acc: 0.624
f1: 0.184
[[1879   34]
 [  65   31]]
acc: 0.951
f1: 0.385
10,44,coarse : 8.99 seconds
10,44,fine : 8.99 seconds
[[1170  743]
 [  11   85]]
acc: 0.625
f1: 0.184
[[1880   33]
 [  64   32]]
acc: 0.952
f1: 0.398
10,45,coarse : 9.02 seconds
10,45,fine : 9.03 seconds
[[1165  748]
 [  12   84]]
acc: 0.622
f1: 0.181
[[1876   37]
 [  62   34]]
acc: 0.951
f1: 0.407
10,46,coarse : 8.8 seconds
10,46,fine : 8.81 seconds
[[1157  756]
 [  11   85]]
acc: 0.618
f1: 0.181
[[1878   35]
 [  62   34]]
acc: 0.952
f1: 0.412
10,47,coarse : 9.33 seconds
10,47,fine : 9.34 seconds
[[1160  753]
 [  11   85]]
acc: 0.620
f1: 0.182
[[1877   36]
 [  62   34]]
acc: 0.951
f1: 0.410
10,48,coarse : 9.39 seconds
10,48,fine : 9.4 seconds
[[1158  755]
 [  12   84]]
acc: 0.618
f1: 0.180
[[1877   36]
 [  62   34]]
acc: 0.951
f1: 0.410
10,49,coarse : 9.25 seconds
10,49,fine : 9.26 seconds
[[1164  749]
 [  12   84]]
acc: 0.621
f1: 0.181
[[1878   35]
 [  62   34]]
acc: 0.952
f1: 0.412
10,50,coarse : 9.96 seconds
10,50,fine : 9.96 seconds
[[1160  753]
 [  10   86]]
acc: 0.620
f1: 0.184
[[1876   37]
 [  61   35]]
acc: 0.951
f1: 0.417
10,51,coarse : 9.87 seconds
10,51,fine : 9.88 seconds
[[1166  747]
 [  10   86]]
acc: 0.623
f1: 0.185
[[1877   36]
 [  60   36]]
acc: 0.952
f1: 0.429
10,52,coarse : 10.28 seconds
10,52,fine : 10.28 seconds
[[1172  741]
 [  10   86]]
acc: 0.626
f1: 0.186
[[1872   41]
 [  59   37]]
acc: 0.950
f1: 0.425
10,53,coarse : 10.04 seconds
10,53,fine : 10.05 seconds
[[1176  737]
 [  10   86]]
acc: 0.628
f1: 0.187
[[1871   42]
 [  60   36]]
acc: 0.949
f1: 0.414
10,54,coarse : 10.44 seconds
10,54,fine : 10.44 seconds
[[1180  733]
 [   9   87]]
acc: 0.631
f1: 0.190
[[1872   41]
 [  58   38]]
acc: 0.951
f1: 0.434
10,55,coarse : 10.32 seconds
10,55,fine : 10.33 seconds
[[1169  744]
 [  10   86]]
acc: 0.625
f1: 0.186
[[1870   43]
 [  59   37]]
acc: 0.949
f1: 0.420
10,56,coarse : 10.41 seconds
10,56,fine : 10.42 seconds
[[1170  743]
 [  10   86]]
acc: 0.625
f1: 0.186
[[1868   45]
 [  59   37]]
acc: 0.948
f1: 0.416
10,57,coarse : 11.27 seconds
10,57,fine : 11.27 seconds
[[1174  739]
 [  10   86]]
acc: 0.627
f1: 0.187
[[1868   45]
 [  57   39]]
acc: 0.949
f1: 0.433
10,58,coarse : 10.57 seconds
10,58,fine : 10.57 seconds
[[1176  737]
 [  10   86]]
acc: 0.628
f1: 0.187
[[1867   46]
 [  57   39]]
acc: 0.949
f1: 0.431
10,59,coarse : 11.07 seconds
10,59,fine : 11.08 seconds
[[1181  732]
 [  10   86]]
acc: 0.631
f1: 0.188
[[1866   47]
 [  58   38]]
acc: 0.948
f1: 0.420
10,60,coarse : 11.22 seconds
10,60,fine : 11.23 seconds
[[1166  747]
 [   9   87]]
acc: 0.624
f1: 0.187
[[1866   47]
 [  58   38]]
acc: 0.948
f1: 0.420
10,61,coarse : 11.03 seconds
10,61,fine : 11.03 seconds
[[1166  747]
 [   9   87]]
acc: 0.624
f1: 0.187
[[1867   46]
 [  57   39]]
acc: 0.949
f1: 0.431
10,62,coarse : 11.32 seconds
10,62,fine : 11.33 seconds
[[1169  744]
 [   9   87]]
acc: 0.625
f1: 0.188
[[1870   43]
 [  58   38]]
acc: 0.950
f1: 0.429
10,63,coarse : 11.45 seconds
10,63,fine : 11.45 seconds
[[1170  743]
 [   9   87]]
acc: 0.626
f1: 0.188
[[1867   46]
 [  57   39]]
acc: 0.949
f1: 0.431
10,64,coarse : 11.5 seconds
10,64,fine : 11.51 seconds
[[1167  746]
 [   9   87]]
acc: 0.624
f1: 0.187
[[1867   46]
 [  57   39]]
acc: 0.949
f1: 0.431
10,65,coarse : 11.32 seconds
10,65,fine : 11.33 seconds
[[1169  744]
 [   9   87]]
acc: 0.625
f1: 0.188
[[1867   46]
 [  58   38]]
acc: 0.948
f1: 0.422
10,66,coarse : 12.27 seconds
10,66,fine : 12.27 seconds
[[1176  737]
 [  10   86]]
acc: 0.628
f1: 0.187
[[1866   47]
 [  59   37]]
acc: 0.947
f1: 0.411
10,67,coarse : 11.87 seconds
10,67,fine : 11.88 seconds
[[1184  729]
 [  10   86]]
acc: 0.632
f1: 0.189
[[1868   45]
 [  57   39]]
acc: 0.949
f1: 0.433
10,68,coarse : 12.17 seconds
10,68,fine : 12.18 seconds
[[1179  734]
 [   9   87]]
acc: 0.630
f1: 0.190
[[1869   44]
 [  58   38]]
acc: 0.949
f1: 0.427
10,69,coarse : 12.15 seconds
10,69,fine : 12.15 seconds
[[1175  738]
 [  10   86]]
acc: 0.628
f1: 0.187
[[1867   46]
 [  59   37]]
acc: 0.948
f1: 0.413
10,70,coarse : 12.38 seconds
10,70,fine : 12.39 seconds
[[1179  734]
 [   9   87]]
acc: 0.630
f1: 0.190
[[1867   46]
 [  60   36]]
acc: 0.947
f1: 0.404
10,71,coarse : 12.14 seconds
10,71,fine : 12.15 seconds
[[1183  730]
 [   9   87]]
acc: 0.632
f1: 0.191
[[1866   47]
 [  60   36]]
acc: 0.947
f1: 0.402
10,72,coarse : 12.85 seconds
10,72,fine : 12.86 seconds
[[1176  737]
 [   8   88]]
acc: 0.629
f1: 0.191
[[1865   48]
 [  59   37]]
acc: 0.947
f1: 0.409
10,73,coarse : 12.83 seconds
10,73,fine : 12.84 seconds
[[1179  734]
 [   9   87]]
acc: 0.630
f1: 0.190
[[1864   49]
 [  59   37]]
acc: 0.946
f1: 0.407
10,74,coarse : 12.71 seconds
10,74,fine : 12.71 seconds
[[1179  734]
 [  10   86]]
acc: 0.630
f1: 0.188
[[1864   49]
 [  58   38]]
acc: 0.947
f1: 0.415
10,75,coarse : 13.12 seconds
10,75,fine : 13.13 seconds
[[1182  731]
 [   9   87]]
acc: 0.632
f1: 0.190
[[1863   50]
 [  59   37]]
acc: 0.946
f1: 0.404
10,76,coarse : 12.83 seconds
10,76,fine : 12.83 seconds
[[1177  736]
 [   9   87]]
acc: 0.629
f1: 0.189
[[1863   50]
 [  59   37]]
acc: 0.946
f1: 0.404
10,77,coarse : 12.42 seconds
10,77,fine : 12.43 seconds
[[1176  737]
 [   8   88]]
acc: 0.629
f1: 0.191
[[1864   49]
 [  59   37]]
acc: 0.946
f1: 0.407
10,78,coarse : 13.67 seconds
10,78,fine : 13.68 seconds
[[1184  729]
 [   8   88]]
acc: 0.633
f1: 0.193
[[1865   48]
 [  59   37]]
acc: 0.947
f1: 0.409
10,79,coarse : 12.78 seconds
10,79,fine : 12.79 seconds
[[1186  727]
 [   8   88]]
acc: 0.634
f1: 0.193
[[1865   48]
 [  56   40]]
acc: 0.948
f1: 0.435
10,80,coarse : 13.89 seconds
10,80,fine : 13.9 seconds
[[1192  721]
 [   8   88]]
acc: 0.637
f1: 0.194
[[1868   45]
 [  57   39]]
acc: 0.949
f1: 0.433
10,81,coarse : 13.93 seconds
10,81,fine : 13.94 seconds
[[1191  722]
 [   8   88]]
acc: 0.637
f1: 0.194
[[1866   47]
 [  56   40]]
acc: 0.949
f1: 0.437
10,82,coarse : 13.57 seconds
10,82,fine : 13.57 seconds
[[1198  715]
 [   8   88]]
acc: 0.640
f1: 0.196
[[1867   46]
 [  56   40]]
acc: 0.949
f1: 0.440
10,83,coarse : 14.0 seconds
10,83,fine : 14.01 seconds
[[1198  715]
 [   8   88]]
acc: 0.640
f1: 0.196
[[1867   46]
 [  56   40]]
acc: 0.949
f1: 0.440
10,84,coarse : 14.28 seconds
10,84,fine : 14.28 seconds
[[1201  712]
 [   8   88]]
acc: 0.642
f1: 0.196
[[1866   47]
 [  55   41]]
acc: 0.949
f1: 0.446
10,85,coarse : 14.47 seconds
10,85,fine : 14.48 seconds
[[1197  716]
 [   8   88]]
acc: 0.640
f1: 0.196
[[1866   47]
 [  56   40]]
acc: 0.949
f1: 0.437
10,86,coarse : 14.62 seconds
10,86,fine : 14.62 seconds
[[1198  715]
 [   8   88]]
acc: 0.640
f1: 0.196
[[1866   47]
 [  56   40]]
acc: 0.949
f1: 0.437
10,87,coarse : 15.0 seconds
10,87,fine : 15.01 seconds
[[1207  706]
 [   8   88]]
acc: 0.645
f1: 0.198
[[1866   47]
 [  56   40]]
acc: 0.949
f1: 0.437
10,88,coarse : 15.04 seconds
10,88,fine : 15.05 seconds
[[1207  706]
 [   8   88]]
acc: 0.645
f1: 0.198
[[1864   49]
 [  56   40]]
acc: 0.948
f1: 0.432
10,89,coarse : 14.87 seconds
10,89,fine : 14.87 seconds
[[1214  699]
 [   9   87]]
acc: 0.648
f1: 0.197
[[1862   51]
 [  56   40]]
acc: 0.947
f1: 0.428
10,90,coarse : 15.6 seconds
10,90,fine : 15.61 seconds
[[1192  721]
 [   8   88]]
acc: 0.637
f1: 0.194
[[1864   49]
 [  56   40]]
acc: 0.948
f1: 0.432
10,91,coarse : 15.96 seconds
10,91,fine : 15.97 seconds
[[1195  718]
 [   8   88]]
acc: 0.639
f1: 0.195
[[1862   51]
 [  56   40]]
acc: 0.947
f1: 0.428
10,92,coarse : 15.32 seconds
10,92,fine : 15.33 seconds
[[1190  723]
 [   8   88]]
acc: 0.636
f1: 0.194
[[1865   48]
 [  55   41]]
acc: 0.949
f1: 0.443
10,93,coarse : 15.94 seconds
10,93,fine : 15.95 seconds
[[1196  717]
 [   8   88]]
acc: 0.639
f1: 0.195
[[1865   48]
 [  55   41]]
acc: 0.949
f1: 0.443
10,94,coarse : 15.91 seconds
10,94,fine : 15.92 seconds
[[1199  714]
 [   9   87]]
acc: 0.640
f1: 0.194
[[1865   48]
 [  56   40]]
acc: 0.948
f1: 0.435
10,95,coarse : 15.67 seconds
10,95,fine : 15.68 seconds
[[1196  717]
 [   9   87]]
acc: 0.639
f1: 0.193
[[1867   46]
 [  56   40]]
acc: 0.949
f1: 0.440
10,96,coarse : 16.53 seconds
10,96,fine : 16.53 seconds
[[1195  718]
 [   9   87]]
acc: 0.638
f1: 0.193
[[1863   50]
 [  53   43]]
acc: 0.949
f1: 0.455
10,97,coarse : 16.19 seconds
10,97,fine : 16.2 seconds
[[1192  721]
 [   9   87]]
acc: 0.637
f1: 0.192
[[1862   51]
 [  54   42]]
acc: 0.948
f1: 0.444
10,98,coarse : 16.26 seconds
10,98,fine : 16.27 seconds
[[1194  719]
 [   9   87]]
acc: 0.638
f1: 0.193
[[1862   51]
 [  53   43]]
acc: 0.948
f1: 0.453
10,99,coarse : 17.3 seconds
10,99,fine : 17.31 seconds
[[1186  727]
 [   9   87]]
acc: 0.634
f1: 0.191
[[1862   51]
 [  54   42]]
acc: 0.948
f1: 0.444
10,100,coarse : 17.12 seconds
10,100,fine : 17.12 seconds
[[1185  728]
 [   9   87]]
acc: 0.633
f1: 0.191
[[1861   52]
 [  51   45]]
acc: 0.949
f1: 0.466
10,101,coarse : 16.77 seconds
10,101,fine : 16.78 seconds
[[1185  728]
 [   9   87]]
acc: 0.633
f1: 0.191
[[1861   52]
 [  51   45]]
acc: 0.949
f1: 0.466
10,102,coarse : 17.61 seconds
10,102,fine : 17.62 seconds
[[1189  724]
 [   9   87]]
acc: 0.635
f1: 0.192
[[1862   51]
 [  52   44]]
acc: 0.949
f1: 0.461
10,103,coarse : 17.88 seconds
10,103,fine : 17.89 seconds
[[1195  718]
 [   9   87]]
acc: 0.638
f1: 0.193
[[1862   51]
 [  52   44]]
acc: 0.949
f1: 0.461
10,104,coarse : 17.3 seconds
10,104,fine : 17.31 seconds
[[1197  716]
 [   9   87]]
acc: 0.639
f1: 0.194
[[1863   50]
 [  52   44]]
acc: 0.949
f1: 0.463
10,105,coarse : 18.42 seconds
10,105,fine : 18.43 seconds
[[1189  724]
 [   9   87]]
acc: 0.635
f1: 0.192
[[1864   49]
 [  53   43]]
acc: 0.949
f1: 0.457
10,106,coarse : 18.17 seconds
10,106,fine : 18.18 seconds
[[1190  723]
 [   9   87]]
acc: 0.636
f1: 0.192
[[1864   49]
 [  52   44]]
acc: 0.950
f1: 0.466
10,107,coarse : 18.32 seconds
10,107,fine : 18.33 seconds
[[1181  732]
 [   9   87]]
acc: 0.631
f1: 0.190
[[1863   50]
 [  52   44]]
acc: 0.949
f1: 0.463
10,108,coarse : 18.61 seconds
10,108,fine : 18.62 seconds
[[1182  731]
 [   9   87]]
acc: 0.632
f1: 0.190
[[1864   49]
 [  52   44]]
acc: 0.950
f1: 0.466
10,109,coarse : 18.35 seconds
10,109,fine : 18.36 seconds
[[1184  729]
 [   9   87]]
acc: 0.633
f1: 0.191
[[1864   49]
 [  53   43]]
acc: 0.949
f1: 0.457
10,110,coarse : 18.84 seconds
10,110,fine : 18.85 seconds
[[1182  731]
 [   9   87]]
acc: 0.632
f1: 0.190
[[1866   47]
 [  52   44]]
acc: 0.951
f1: 0.471
10,111,coarse : 19.26 seconds
10,111,fine : 19.27 seconds
[[1187  726]
 [   8   88]]
acc: 0.635
f1: 0.193
[[1863   50]
 [  52   44]]
acc: 0.949
f1: 0.463
10,112,coarse : 18.35 seconds
10,112,fine : 18.36 seconds
[[1182  731]
 [   8   88]]
acc: 0.632
f1: 0.192
[[1860   53]
 [  51   45]]
acc: 0.948
f1: 0.464
10,113,coarse : 18.81 seconds
10,113,fine : 18.82 seconds
[[1174  739]
 [   9   87]]
acc: 0.628
f1: 0.189
[[1860   53]
 [  51   45]]
acc: 0.948
f1: 0.464
10,114,coarse : 19.24 seconds
10,114,fine : 19.25 seconds
[[1177  736]
 [   9   87]]
acc: 0.629
f1: 0.189
[[1866   47]
 [  54   42]]
acc: 0.950
f1: 0.454
10,115,coarse : 19.26 seconds
10,115,fine : 19.27 seconds
[[1188  725]
 [   9   87]]
acc: 0.635
f1: 0.192
[[1866   47]
 [  54   42]]
acc: 0.950
f1: 0.454
10,116,coarse : 19.49 seconds
10,116,fine : 19.5 seconds
[[1186  727]
 [   9   87]]
acc: 0.634
f1: 0.191
[[1860   53]
 [  53   43]]
acc: 0.947
f1: 0.448
10,117,coarse : 19.24 seconds
10,117,fine : 19.25 seconds
[[1186  727]
 [   9   87]]
acc: 0.634
f1: 0.191
[[1864   49]
 [  53   43]]
acc: 0.949
f1: 0.457
10,118,coarse : 19.87 seconds
10,118,fine : 19.88 seconds
[[1195  718]
 [   9   87]]
acc: 0.638
f1: 0.193
[[1864   49]
 [  52   44]]
acc: 0.950
f1: 0.466
10,119,coarse : 20.21 seconds
10,119,fine : 20.22 seconds
[[1197  716]
 [   9   87]]
acc: 0.639
f1: 0.194
[[1866   47]
 [  52   44]]
acc: 0.951
f1: 0.471
10,120,coarse : 20.23 seconds
10,120,fine : 20.24 seconds
[[1194  719]
 [   9   87]]
acc: 0.638
f1: 0.193
[[1867   46]
 [  51   45]]
acc: 0.952
f1: 0.481
10,121,coarse : 20.19 seconds
10,121,fine : 20.2 seconds
[[1193  720]
 [   9   87]]
acc: 0.637
f1: 0.193
[[1866   47]
 [  52   44]]
acc: 0.951
f1: 0.471
10,122,coarse : 20.01 seconds
10,122,fine : 20.02 seconds
[[1193  720]
 [   9   87]]
acc: 0.637
f1: 0.193
[[1862   51]
 [  52   44]]
acc: 0.949
f1: 0.461
10,123,coarse : 21.01 seconds
10,123,fine : 21.02 seconds
[[1194  719]
 [   9   87]]
acc: 0.638
f1: 0.193
[[1863   50]
 [  51   45]]
acc: 0.950
f1: 0.471
10,124,coarse : 20.86 seconds
10,124,fine : 20.87 seconds
[[1193  720]
 [   8   88]]
acc: 0.638
f1: 0.195
[[1857   56]
 [  51   45]]
acc: 0.947
f1: 0.457
10,125,coarse : 20.98 seconds
10,125,fine : 20.99 seconds
[[1196  717]
 [   8   88]]
acc: 0.639
f1: 0.195
[[1858   55]
 [  52   44]]
acc: 0.947
f1: 0.451
10,126,coarse : 21.66 seconds
10,126,fine : 21.67 seconds
[[1196  717]
 [   8   88]]
acc: 0.639
f1: 0.195
[[1862   51]
 [  52   44]]
acc: 0.949
f1: 0.461
10,127,coarse : 21.12 seconds
10,127,fine : 21.13 seconds
[[1188  725]
 [   8   88]]
acc: 0.635
f1: 0.194
[[1858   55]
 [  52   44]]
acc: 0.947
f1: 0.451
10,128,coarse : 21.25 seconds
10,128,fine : 21.26 seconds
[[1191  722]
 [   8   88]]
acc: 0.637
f1: 0.194
[[1860   53]
 [  52   44]]
acc: 0.948
f1: 0.456
10,129,coarse : 21.38 seconds
10,129,fine : 21.39 seconds
[[1197  716]
 [   8   88]]
acc: 0.640
f1: 0.196
[[1855   58]
 [  51   45]]
acc: 0.946
f1: 0.452
10,130,coarse : 21.22 seconds
10,130,fine : 21.23 seconds
[[1195  718]
 [   8   88]]
acc: 0.639
f1: 0.195
[[1855   58]
 [  51   45]]
acc: 0.946
f1: 0.452
10,131,coarse : 21.74 seconds
10,131,fine : 21.75 seconds
[[1201  712]
 [   8   88]]
acc: 0.642
f1: 0.196
[[1856   57]
 [  51   45]]
acc: 0.946
f1: 0.455
10,132,coarse : 22.36 seconds
10,132,fine : 22.37 seconds
[[1202  711]
 [   8   88]]
acc: 0.642
f1: 0.197
[[1858   55]
 [  51   45]]
acc: 0.947
f1: 0.459
10,133,coarse : 21.78 seconds
10,133,fine : 21.79 seconds
[[1202  711]
 [   8   88]]
acc: 0.642
f1: 0.197
[[1856   57]
 [  51   45]]
acc: 0.946
f1: 0.455
10,134,coarse : 22.18 seconds
10,134,fine : 22.19 seconds
[[1202  711]
 [   8   88]]
acc: 0.642
f1: 0.197
[[1856   57]
 [  50   46]]
acc: 0.947
f1: 0.462
10,135,coarse : 22.23 seconds
10,135,fine : 22.24 seconds
[[1202  711]
 [   8   88]]
acc: 0.642
f1: 0.197
[[1858   55]
 [  50   46]]
acc: 0.948
f1: 0.467
10,136,coarse : 22.34 seconds
10,136,fine : 22.35 seconds
[[1204  709]
 [   8   88]]
acc: 0.643
f1: 0.197
[[1855   58]
 [  50   46]]
acc: 0.946
f1: 0.460
10,137,coarse : 22.66 seconds
10,137,fine : 22.67 seconds
[[1204  709]
 [   8   88]]
acc: 0.643
f1: 0.197
[[1856   57]
 [  51   45]]
acc: 0.946
f1: 0.455
10,138,coarse : 23.17 seconds
10,138,fine : 23.18 seconds
[[1197  716]
 [   8   88]]
acc: 0.640
f1: 0.196
[[1854   59]
 [  50   46]]
acc: 0.946
f1: 0.458
10,139,coarse : 22.99 seconds
10,139,fine : 23.01 seconds
[[1197  716]
 [   8   88]]
acc: 0.640
f1: 0.196
[[1853   60]
 [  50   46]]
acc: 0.945
f1: 0.455
10,140,coarse : 22.99 seconds
10,140,fine : 23.01 seconds
[[1196  717]
 [   8   88]]
acc: 0.639
f1: 0.195
[[1856   57]
 [  51   45]]
acc: 0.946
f1: 0.455
10,141,coarse : 23.6 seconds
10,141,fine : 23.61 seconds
[[1205  708]
 [   8   88]]
acc: 0.644
f1: 0.197
[[1853   60]
 [  52   44]]
acc: 0.944
f1: 0.440
10,142,coarse : 23.79 seconds
10,142,fine : 23.8 seconds
[[1203  710]
 [   8   88]]
acc: 0.643
f1: 0.197
[[1854   59]
 [  51   45]]
acc: 0.945
f1: 0.450
10,143,coarse : 23.6 seconds
10,143,fine : 23.62 seconds
[[1191  722]
 [   8   88]]
acc: 0.637
f1: 0.194
[[1855   58]
 [  51   45]]
acc: 0.946
f1: 0.452
10,144,coarse : 24.14 seconds
10,144,fine : 24.15 seconds
[[1192  721]
 [   8   88]]
acc: 0.637
f1: 0.194
[[1855   58]
 [  51   45]]
acc: 0.946
f1: 0.452
10,145,coarse : 23.93 seconds
10,145,fine : 23.94 seconds
[[1193  720]
 [   8   88]]
acc: 0.638
f1: 0.195
[[1857   56]
 [  50   46]]
acc: 0.947
f1: 0.465
10,146,coarse : 23.83 seconds
10,146,fine : 23.84 seconds
[[1193  720]
 [   8   88]]
acc: 0.638
f1: 0.195
[[1855   58]
 [  50   46]]
acc: 0.946
f1: 0.460
10,147,coarse : 24.41 seconds
10,147,fine : 24.42 seconds
[[1195  718]
 [   8   88]]
acc: 0.639
f1: 0.195
[[1855   58]
 [  51   45]]
acc: 0.946
f1: 0.452
10,148,coarse : 24.29 seconds
10,148,fine : 24.31 seconds
[[1198  715]
 [   8   88]]
acc: 0.640
f1: 0.196
[[1854   59]
 [  50   46]]
acc: 0.946
f1: 0.458
10,149,coarse : 24.59 seconds
10,149,fine : 24.6 seconds
[[1201  712]
 [   8   88]]
acc: 0.642
f1: 0.196
[[1853   60]
 [  49   47]]
acc: 0.946
f1: 0.463
10,150,coarse : 24.51 seconds
10,150,fine : 24.52 seconds
[[1193  720]
 [   8   88]]
acc: 0.638
f1: 0.195
[[1851   62]
 [  48   48]]
acc: 0.945
f1: 0.466
10,151,coarse : 24.84 seconds
10,151,fine : 24.85 seconds
[[1194  719]
 [   8   88]]
acc: 0.638
f1: 0.195
[[1854   59]
 [  48   48]]
acc: 0.947
f1: 0.473
10,152,coarse : 24.96 seconds
10,152,fine : 24.97 seconds
[[1196  717]
 [   8   88]]
acc: 0.639
f1: 0.195
[[1854   59]
 [  48   48]]
acc: 0.947
f1: 0.473
10,153,coarse : 25.66 seconds
10,153,fine : 25.67 seconds
[[1202  711]
 [   9   87]]
acc: 0.642
f1: 0.195
[[1854   59]
 [  48   48]]
acc: 0.947
f1: 0.473
10,154,coarse : 25.19 seconds
10,154,fine : 25.2 seconds
[[1206  707]
 [   9   87]]
acc: 0.644
f1: 0.196
[[1852   61]
 [  49   47]]
acc: 0.945
f1: 0.461
10,155,coarse : 25.12 seconds
10,155,fine : 25.13 seconds
[[1210  703]
 [   9   87]]
acc: 0.646
f1: 0.196
[[1851   62]
 [  49   47]]
acc: 0.945
f1: 0.459
10,156,coarse : 25.52 seconds
10,156,fine : 25.53 seconds
[[1197  716]
 [   8   88]]
acc: 0.640
f1: 0.196
[[1855   58]
 [  48   48]]
acc: 0.947
f1: 0.475
10,157,coarse : 25.55 seconds
10,157,fine : 25.56 seconds
[[1200  713]
 [   9   87]]
acc: 0.641
f1: 0.194
[[1854   59]
 [  49   47]]
acc: 0.946
f1: 0.465
10,158,coarse : 25.56 seconds
10,158,fine : 25.58 seconds
[[1199  714]
 [   9   87]]
acc: 0.640
f1: 0.194
[[1852   61]
 [  48   48]]
acc: 0.946
f1: 0.468
10,159,coarse : 26.28 seconds
10,159,fine : 26.29 seconds
[[1198  715]
 [   8   88]]
acc: 0.640
f1: 0.196
[[1853   60]
 [  48   48]]
acc: 0.946
f1: 0.471
10,160,coarse : 25.64 seconds
10,160,fine : 25.65 seconds
[[1197  716]
 [  10   86]]
acc: 0.639
f1: 0.192
[[1854   59]
 [  49   47]]
acc: 0.946
f1: 0.465
10,161,coarse : 26.28 seconds
10,161,fine : 26.29 seconds
[[1198  715]
 [  10   86]]
acc: 0.639
f1: 0.192
[[1854   59]
 [  51   45]]
acc: 0.945
f1: 0.450
10,162,coarse : 26.35 seconds
10,162,fine : 26.36 seconds
[[1202  711]
 [  10   86]]
acc: 0.641
f1: 0.193
[[1852   61]
 [  51   45]]
acc: 0.944
f1: 0.446
10,163,coarse : 26.23 seconds
10,163,fine : 26.25 seconds
[[1203  710]
 [  10   86]]
acc: 0.642
f1: 0.193
[[1851   62]
 [  51   45]]
acc: 0.944
f1: 0.443
10,164,coarse : 26.51 seconds
10,164,fine : 26.52 seconds
[[1205  708]
 [  10   86]]
acc: 0.643
f1: 0.193
[[1853   60]
 [  50   46]]
acc: 0.945
f1: 0.455
10,165,coarse : 26.91 seconds
10,165,fine : 26.92 seconds
[[1207  706]
 [  10   86]]
acc: 0.644
f1: 0.194
[[1855   58]
 [  51   45]]
acc: 0.946
f1: 0.452
10,166,coarse : 27.54 seconds
10,166,fine : 27.55 seconds
[[1209  704]
 [  10   86]]
acc: 0.645
f1: 0.194
[[1857   56]
 [  49   47]]
acc: 0.948
f1: 0.472
10,167,coarse : 27.88 seconds
10,167,fine : 27.89 seconds
[[1201  712]
 [   9   87]]
acc: 0.641
f1: 0.194
[[1858   55]
 [  49   47]]
acc: 0.948
f1: 0.475
10,168,coarse : 27.82 seconds
10,168,fine : 27.83 seconds
[[1208  705]
 [   9   87]]
acc: 0.645
f1: 0.196
[[1857   56]
 [  46   50]]
acc: 0.949
f1: 0.495
10,169,coarse : 27.97 seconds
10,169,fine : 27.98 seconds
[[1207  706]
 [   9   87]]
acc: 0.644
f1: 0.196
[[1857   56]
 [  46   50]]
acc: 0.949
f1: 0.495
10,170,coarse : 28.06 seconds
10,170,fine : 28.08 seconds
[[1213  700]
 [   9   87]]
acc: 0.647
f1: 0.197
[[1856   57]
 [  46   50]]
acc: 0.949
f1: 0.493
10,171,coarse : 29.22 seconds
10,171,fine : 29.24 seconds
[[1209  704]
 [   9   87]]
acc: 0.645
f1: 0.196
[[1854   59]
 [  46   50]]
acc: 0.948
f1: 0.488
10,172,coarse : 29.1 seconds
10,172,fine : 29.11 seconds
