all           0      1    2    3    4    5    6    7    8    
1      2010   1914   1    19   32   19   1    11   6    7    
2      2010   1914   1    19   32   19   1    11   6    7    
3      2010   1914   1    19   32   19   1    11   5    8    
4      2010   1914   1    19   32   19   1    10   6    8    
5      2010   1914   1    18   33   19   1    10   6    8    
6      2010   1914   1    18   33   19   1    10   6    8    
7      2010   1913   2    18   33   19   1    10   6    8    
8      2010   1913   2    18   33   19   1    10   6    8    
9      2009   1913   2    18   32   19   2    10   6    7    
10     2009   1913   1    19   32   19   1    11   6    7    
Total  20098  19136  13   185  324  190  11   104  59   76   
train         0      1    2    3    4    5    6    7    8    
1      2010   1914   1    19   32   19   1    11   6    7    
2      2010   1914   1    19   32   19   1    11   6    7    
4      2010   1914   1    19   32   19   1    10   6    8    
5      2010   1914   1    18   33   19   1    10   6    8    
6      2010   1914   1    18   33   19   1    10   6    8    
7      2010   1913   2    18   33   19   1    10   6    8    
8      2010   1913   2    18   33   19   1    10   6    8    
9      2009   1913   2    18   32   19   2    10   6    7    
10     2009   1913   1    19   32   19   1    11   6    7    
Total  18088  17222  12   166  292  171  10   93   54   68   
test          0      1    2    3    4    5    6    7    8    
3      2010   1914   1    19   32   19   1    11   5    8    
Total  2010   1914   1    19   32   19   1    11   5    8    
Classes             
0         17222     
1         12        
2         166       
3         292       
4         171       
5         10        
6         93        
7         54        
8         68        
Total     18088     

Shape: 450       

[952, 10, 11, 16, 11, 10, 10, 10, 10]
Sum start => 1040
[[1348  566]
 [  17   79]]
acc: 0.710
f1: 0.213
[[1877   37]
 [  87    9]]
acc: 0.938
f1: 0.127
3,1,coarse : 30.27 seconds
3,1,fine : 30.28 seconds
[[1348  566]
 [  17   79]]
acc: 0.710
f1: 0.213
[[1877   37]
 [  87    9]]
acc: 0.938
f1: 0.127
3,2,coarse : 31.53 seconds
3,2,fine : 31.53 seconds
[[1343  571]
 [  16   80]]
acc: 0.708
f1: 0.214
[[1873   41]
 [  85   11]]
acc: 0.937
f1: 0.149
3,3,coarse : 27.56 seconds
3,3,fine : 27.56 seconds
[[1345  569]
 [  16   80]]
acc: 0.709
f1: 0.215
[[1869   45]
 [  84   12]]
acc: 0.936
f1: 0.157
3,4,coarse : 27.66 seconds
3,4,fine : 27.67 seconds
[[1345  569]
 [  17   79]]
acc: 0.708
f1: 0.212
[[1865   49]
 [  84   12]]
acc: 0.934
f1: 0.153
3,5,coarse : 28.55 seconds
3,5,fine : 28.56 seconds
[[1343  571]
 [  17   79]]
acc: 0.707
f1: 0.212
[[1863   51]
 [  83   13]]
acc: 0.933
f1: 0.163
3,6,coarse : 27.74 seconds
3,6,fine : 27.74 seconds
[[1330  584]
 [  17   79]]
acc: 0.701
f1: 0.208
[[1860   54]
 [  83   13]]
acc: 0.932
f1: 0.160
3,7,coarse : 27.96 seconds
3,7,fine : 27.96 seconds
[[1328  586]
 [  17   79]]
acc: 0.700
f1: 0.208
[[1857   57]
 [  82   14]]
acc: 0.931
f1: 0.168
3,8,coarse : 28.5 seconds
3,8,fine : 28.51 seconds
[[1320  594]
 [  16   80]]
acc: 0.697
f1: 0.208
[[1857   57]
 [  82   14]]
acc: 0.931
f1: 0.168
3,9,coarse : 27.97 seconds
3,9,fine : 27.98 seconds
[[1317  597]
 [  15   81]]
acc: 0.696
f1: 0.209
[[1850   64]
 [  81   15]]
acc: 0.928
f1: 0.171
3,10,coarse : 27.79 seconds
3,10,fine : 27.79 seconds
[[1320  594]
 [  14   82]]
acc: 0.698
f1: 0.212
[[1841   73]
 [  78   18]]
acc: 0.925
f1: 0.193
3,11,coarse : 28.38 seconds
3,11,fine : 28.39 seconds
[[1311  603]
 [  16   80]]
acc: 0.692
f1: 0.205
[[1840   74]
 [  74   22]]
acc: 0.926
f1: 0.229
3,12,coarse : 27.73 seconds
3,12,fine : 27.74 seconds
[[1305  609]
 [  13   83]]
acc: 0.691
f1: 0.211
[[1840   74]
 [  74   22]]
acc: 0.926
f1: 0.229
3,13,coarse : 27.74 seconds
3,13,fine : 27.75 seconds
[[1307  607]
 [  13   83]]
acc: 0.692
f1: 0.211
[[1833   81]
 [  74   22]]
acc: 0.923
f1: 0.221
3,14,coarse : 28.34 seconds
3,14,fine : 28.34 seconds
[[1311  603]
 [  15   81]]
acc: 0.693
f1: 0.208
[[1830   84]
 [  73   23]]
acc: 0.922
f1: 0.227
3,15,coarse : 27.88 seconds
3,15,fine : 27.88 seconds
[[1304  610]
 [  14   82]]
acc: 0.690
f1: 0.208
[[1822   92]
 [  73   23]]
acc: 0.918
f1: 0.218
3,16,coarse : 27.86 seconds
3,16,fine : 27.87 seconds
[[1290  624]
 [  14   82]]
acc: 0.683
f1: 0.204
[[1818   96]
 [  73   23]]
acc: 0.916
f1: 0.214
3,17,coarse : 28.37 seconds
3,17,fine : 28.38 seconds
[[1292  622]
 [  14   82]]
acc: 0.684
f1: 0.205
[[1808  106]
 [  72   24]]
acc: 0.911
f1: 0.212
3,18,coarse : 27.69 seconds
3,18,fine : 27.69 seconds
[[1282  632]
 [  13   83]]
acc: 0.679
f1: 0.205
[[1805  109]
 [  71   25]]
acc: 0.910
f1: 0.217
3,19,coarse : 27.91 seconds
3,19,fine : 27.92 seconds
[[1273  641]
 [  13   83]]
acc: 0.675
f1: 0.202
[[1803  111]
 [  71   25]]
acc: 0.909
f1: 0.216
3,20,coarse : 28.47 seconds
3,20,fine : 28.48 seconds
[[1265  649]
 [  13   83]]
acc: 0.671
f1: 0.200
[[1795  119]
 [  68   28]]
acc: 0.907
f1: 0.230
3,21,coarse : 27.71 seconds
3,21,fine : 27.72 seconds
[[1261  653]
 [  12   84]]
acc: 0.669
f1: 0.202
[[1791  123]
 [  67   29]]
acc: 0.905
f1: 0.234
3,22,coarse : 27.95 seconds
3,22,fine : 27.96 seconds
[[1262  652]
 [  12   84]]
acc: 0.670
f1: 0.202
[[1792  122]
 [  66   30]]
acc: 0.906
f1: 0.242
3,23,coarse : 28.32 seconds
3,23,fine : 28.33 seconds
[[1258  656]
 [  11   85]]
acc: 0.668
f1: 0.203
[[1788  126]
 [  64   32]]
acc: 0.905
f1: 0.252
3,24,coarse : 27.68 seconds
3,24,fine : 27.69 seconds
[[1255  659]
 [  11   85]]
acc: 0.667
f1: 0.202
[[1784  130]
 [  63   33]]
acc: 0.904
f1: 0.255
3,25,coarse : 28.0 seconds
3,25,fine : 28.01 seconds
[[1252  662]
 [  12   84]]
acc: 0.665
f1: 0.200
[[1783  131]
 [  65   31]]
acc: 0.902
f1: 0.240
3,26,coarse : 28.36 seconds
3,26,fine : 28.37 seconds
[[1250  664]
 [  11   85]]
acc: 0.664
f1: 0.201
[[1782  132]
 [  65   31]]
acc: 0.902
f1: 0.239
3,27,coarse : 27.99 seconds
3,27,fine : 28.0 seconds
[[1240  674]
 [  11   85]]
acc: 0.659
f1: 0.199
[[1780  134]
 [  64   32]]
acc: 0.901
f1: 0.244
3,28,coarse : 28.03 seconds
3,28,fine : 28.03 seconds
[[1242  672]
 [  11   85]]
acc: 0.660
f1: 0.199
[[1778  136]
 [  66   30]]
acc: 0.900
f1: 0.229
3,29,coarse : 28.61 seconds
3,29,fine : 28.61 seconds
[[1243  671]
 [  12   84]]
acc: 0.660
f1: 0.197
[[1772  142]
 [  65   31]]
acc: 0.897
f1: 0.230
3,30,coarse : 27.94 seconds
3,30,fine : 27.95 seconds
[[1230  684]
 [  11   85]]
acc: 0.654
f1: 0.197
[[1772  142]
 [  66   30]]
acc: 0.897
f1: 0.224
3,31,coarse : 28.0 seconds
3,31,fine : 28.01 seconds
[[1228  686]
 [  11   85]]
acc: 0.653
f1: 0.196
[[1777  137]
 [  69   27]]
acc: 0.898
f1: 0.208
3,32,coarse : 28.09 seconds
3,32,fine : 28.09 seconds
[[1226  688]
 [  11   85]]
acc: 0.652
f1: 0.196
[[1783  131]
 [  69   27]]
acc: 0.900
f1: 0.213
3,33,coarse : 28.86 seconds
3,33,fine : 28.87 seconds
[[1218  696]
 [  11   85]]
acc: 0.648
f1: 0.194
[[1781  133]
 [  70   26]]
acc: 0.899
f1: 0.204
3,34,coarse : 28.32 seconds
3,34,fine : 28.33 seconds
[[1215  699]
 [  11   85]]
acc: 0.647
f1: 0.193
[[1780  134]
 [  69   27]]
acc: 0.899
f1: 0.210
3,35,coarse : 28.26 seconds
3,35,fine : 28.27 seconds
[[1212  702]
 [  11   85]]
acc: 0.645
f1: 0.193
[[1779  135]
 [  69   27]]
acc: 0.899
f1: 0.209
3,36,coarse : 28.98 seconds
3,36,fine : 28.99 seconds
[[1207  707]
 [  11   85]]
acc: 0.643
f1: 0.191
[[1776  138]
 [  69   27]]
acc: 0.897
f1: 0.207
3,37,coarse : 28.16 seconds
3,37,fine : 28.16 seconds
[[1202  712]
 [  11   85]]
acc: 0.640
f1: 0.190
[[1776  138]
 [  68   28]]
acc: 0.898
f1: 0.214
3,38,coarse : 28.17 seconds
3,38,fine : 28.18 seconds
[[1195  719]
 [  11   85]]
acc: 0.637
f1: 0.189
[[1775  139]
 [  68   28]]
acc: 0.897
f1: 0.213
3,39,coarse : 28.51 seconds
3,39,fine : 28.52 seconds
[[1196  718]
 [  11   85]]
acc: 0.637
f1: 0.189
[[1772  142]
 [  67   29]]
acc: 0.896
f1: 0.217
3,40,coarse : 28.92 seconds
3,40,fine : 28.92 seconds
[[1193  721]
 [  11   85]]
acc: 0.636
f1: 0.188
[[1770  144]
 [  66   30]]
acc: 0.896
f1: 0.222
3,41,coarse : 28.39 seconds
3,41,fine : 28.4 seconds
[[1192  722]
 [  11   85]]
acc: 0.635
f1: 0.188
[[1767  147]
 [  65   31]]
acc: 0.895
f1: 0.226
3,42,coarse : 28.33 seconds
3,42,fine : 28.34 seconds
[[1192  722]
 [  11   85]]
acc: 0.635
f1: 0.188
[[1761  153]
 [  66   30]]
acc: 0.891
f1: 0.215
3,43,coarse : 28.68 seconds
3,43,fine : 28.69 seconds
[[1186  728]
 [  12   84]]
acc: 0.632
f1: 0.185
[[1757  157]
 [  64   32]]
acc: 0.890
f1: 0.225
3,44,coarse : 28.38 seconds
3,44,fine : 28.39 seconds
[[1182  732]
 [  10   86]]
acc: 0.631
f1: 0.188
[[1752  162]
 [  63   33]]
acc: 0.888
f1: 0.227
3,45,coarse : 28.2 seconds
3,45,fine : 28.21 seconds
[[1183  731]
 [  10   86]]
acc: 0.631
f1: 0.188
[[1741  173]
 [  62   34]]
acc: 0.883
f1: 0.224
3,46,coarse : 28.15 seconds
3,46,fine : 28.16 seconds
[[1186  728]
 [  10   86]]
acc: 0.633
f1: 0.189
[[1739  175]
 [  61   35]]
acc: 0.883
f1: 0.229
3,47,coarse : 28.85 seconds
3,47,fine : 28.86 seconds
[[1186  728]
 [  10   86]]
acc: 0.633
f1: 0.189
[[1725  189]
 [  60   36]]
acc: 0.876
f1: 0.224
3,48,coarse : 28.21 seconds
3,48,fine : 28.22 seconds
[[1183  731]
 [  10   86]]
acc: 0.631
f1: 0.188
[[1724  190]
 [  57   39]]
acc: 0.877
f1: 0.240
3,49,coarse : 28.32 seconds
3,49,fine : 28.33 seconds
[[1181  733]
 [  10   86]]
acc: 0.630
f1: 0.188
[[1724  190]
 [  57   39]]
acc: 0.877
f1: 0.240
3,50,coarse : 31.25 seconds
3,50,fine : 31.26 seconds
[[1181  733]
 [  11   85]]
acc: 0.630
f1: 0.186
[[1722  192]
 [  58   38]]
acc: 0.876
f1: 0.233
3,51,coarse : 28.75 seconds
3,51,fine : 28.76 seconds
[[1179  735]
 [  10   86]]
acc: 0.629
f1: 0.188
[[1720  194]
 [  58   38]]
acc: 0.875
f1: 0.232
3,52,coarse : 28.73 seconds
3,52,fine : 28.74 seconds
[[1181  733]
 [  10   86]]
acc: 0.630
f1: 0.188
[[1723  191]
 [  58   38]]
acc: 0.876
f1: 0.234
3,53,coarse : 29.25 seconds
3,53,fine : 29.26 seconds
[[1179  735]
 [  11   85]]
acc: 0.629
f1: 0.186
[[1722  192]
 [  56   40]]
acc: 0.877
f1: 0.244
3,54,coarse : 28.46 seconds
3,54,fine : 28.48 seconds
[[1177  737]
 [  11   85]]
acc: 0.628
f1: 0.185
[[1719  195]
 [  54   42]]
acc: 0.876
f1: 0.252
3,55,coarse : 28.42 seconds
3,55,fine : 28.43 seconds
[[1179  735]
 [  10   86]]
acc: 0.629
f1: 0.188
[[1715  199]
 [  54   42]]
acc: 0.874
f1: 0.249
3,56,coarse : 28.46 seconds
3,56,fine : 28.47 seconds
[[1179  735]
 [  10   86]]
acc: 0.629
f1: 0.188
[[1719  195]
 [  52   44]]
acc: 0.877
f1: 0.263
3,57,coarse : 29.2 seconds
3,57,fine : 29.21 seconds
[[1180  734]
 [  10   86]]
acc: 0.630
f1: 0.188
[[1721  193]
 [  52   44]]
acc: 0.878
f1: 0.264
3,58,coarse : 28.54 seconds
3,58,fine : 28.55 seconds
[[1181  733]
 [  10   86]]
acc: 0.630
f1: 0.188
[[1720  194]
 [  51   45]]
acc: 0.878
f1: 0.269
3,59,coarse : 28.67 seconds
3,59,fine : 28.68 seconds
[[1185  729]
 [  10   86]]
acc: 0.632
f1: 0.189
[[1715  199]
 [  51   45]]
acc: 0.876
f1: 0.265
3,60,coarse : 28.92 seconds
3,60,fine : 28.93 seconds
[[1185  729]
 [  10   86]]
acc: 0.632
f1: 0.189
[[1705  209]
 [  48   48]]
acc: 0.872
f1: 0.272
3,61,coarse : 28.81 seconds
3,61,fine : 28.82 seconds
[[1187  727]
 [  11   85]]
acc: 0.633
f1: 0.187
[[1713  201]
 [  49   47]]
acc: 0.876
f1: 0.273
3,62,coarse : 29.35 seconds
3,62,fine : 29.36 seconds
[[1182  732]
 [  11   85]]
acc: 0.630
f1: 0.186
[[1706  208]
 [  48   48]]
acc: 0.873
f1: 0.273
3,63,coarse : 28.88 seconds
3,63,fine : 28.89 seconds
[[1176  738]
 [  10   86]]
acc: 0.628
f1: 0.187
[[1688  226]
 [  47   49]]
acc: 0.864
f1: 0.264
3,64,coarse : 29.0 seconds
3,64,fine : 29.0 seconds
[[1176  738]
 [  10   86]]
acc: 0.628
f1: 0.187
[[1687  227]
 [  46   50]]
acc: 0.864
f1: 0.268
3,65,coarse : 28.9 seconds
3,65,fine : 28.92 seconds
[[1185  729]
 [  10   86]]
acc: 0.632
f1: 0.189
[[1686  228]
 [  46   50]]
acc: 0.864
f1: 0.267
3,66,coarse : 29.41 seconds
3,66,fine : 29.42 seconds
[[1189  725]
 [  10   86]]
acc: 0.634
f1: 0.190
[[1680  234]
 [  46   50]]
acc: 0.861
f1: 0.263
3,67,coarse : 29.08 seconds
3,67,fine : 29.09 seconds
[[1193  721]
 [  11   85]]
acc: 0.636
f1: 0.188
[[1680  234]
 [  46   50]]
acc: 0.861
f1: 0.263
3,68,coarse : 28.93 seconds
3,68,fine : 28.94 seconds
[[1194  720]
 [  11   85]]
acc: 0.636
f1: 0.189
[[1662  252]
 [  44   52]]
acc: 0.853
f1: 0.260
3,69,coarse : 28.51 seconds
3,69,fine : 28.51 seconds
[[1197  717]
 [  11   85]]
acc: 0.638
f1: 0.189
[[1654  260]
 [  43   53]]
acc: 0.849
f1: 0.259
3,70,coarse : 28.78 seconds
3,70,fine : 28.78 seconds
[[1203  711]
 [  11   85]]
acc: 0.641
f1: 0.191
[[1655  259]
 [  42   54]]
acc: 0.850
f1: 0.264
3,71,coarse : 29.48 seconds
3,71,fine : 29.49 seconds
[[1208  706]
 [  11   85]]
acc: 0.643
f1: 0.192
[[1659  255]
 [  44   52]]
acc: 0.851
f1: 0.258
3,72,coarse : 29.12 seconds
3,72,fine : 29.13 seconds
[[1213  701]
 [  11   85]]
acc: 0.646
f1: 0.193
[[1659  255]
 [  43   53]]
acc: 0.852
f1: 0.262
3,73,coarse : 28.79 seconds
3,73,fine : 28.8 seconds
[[1217  697]
 [  11   85]]
acc: 0.648
f1: 0.194
[[1660  254]
 [  46   50]]
acc: 0.851
f1: 0.250
3,74,coarse : 29.05 seconds
3,74,fine : 29.06 seconds
[[1219  695]
 [  11   85]]
acc: 0.649
f1: 0.194
[[1656  258]
 [  47   49]]
acc: 0.848
f1: 0.243
3,75,coarse : 29.4 seconds
3,75,fine : 29.41 seconds
[[1222  692]
 [  11   85]]
acc: 0.650
f1: 0.195
[[1648  266]
 [  47   49]]
acc: 0.844
f1: 0.238
3,76,coarse : 28.81 seconds
3,76,fine : 28.81 seconds
[[1226  688]
 [  11   85]]
acc: 0.652
f1: 0.196
[[1655  259]
 [  47   49]]
acc: 0.848
f1: 0.243
3,77,coarse : 28.69 seconds
3,77,fine : 28.7 seconds
[[1228  686]
 [  11   85]]
acc: 0.653
f1: 0.196
[[1656  258]
 [  47   49]]
acc: 0.848
f1: 0.243
3,78,coarse : 28.89 seconds
3,78,fine : 28.9 seconds
[[1231  683]
 [  11   85]]
acc: 0.655
f1: 0.197
[[1655  259]
 [  48   48]]
acc: 0.847
f1: 0.238
3,79,coarse : 28.87 seconds
3,79,fine : 28.88 seconds
[[1233  681]
 [  11   85]]
acc: 0.656
f1: 0.197
[[1656  258]
 [  48   48]]
acc: 0.848
f1: 0.239
3,80,coarse : 29.29 seconds
3,80,fine : 29.3 seconds
[[1227  687]
 [  11   85]]
acc: 0.653
f1: 0.196
[[1654  260]
 [  47   49]]
acc: 0.847
f1: 0.242
3,81,coarse : 29.23 seconds
3,81,fine : 29.24 seconds
[[1234  680]
 [  11   85]]
acc: 0.656
f1: 0.197
[[1659  255]
 [  49   47]]
acc: 0.849
f1: 0.236
3,82,coarse : 29.36 seconds
3,82,fine : 29.36 seconds
[[1223  691]
 [   9   87]]
acc: 0.652
f1: 0.199
[[1650  264]
 [  49   47]]
acc: 0.844
f1: 0.231
3,83,coarse : 29.23 seconds
3,83,fine : 29.25 seconds
[[1211  703]
 [   9   87]]
acc: 0.646
f1: 0.196
[[1652  262]
 [  47   49]]
acc: 0.846
f1: 0.241
3,84,coarse : 28.95 seconds
3,84,fine : 28.95 seconds
[[1215  699]
 [   9   87]]
acc: 0.648
f1: 0.197
[[1642  272]
 [  41   55]]
acc: 0.844
f1: 0.260
3,85,coarse : 29.07 seconds
3,85,fine : 29.08 seconds
[[1218  696]
 [   9   87]]
acc: 0.649
f1: 0.198
[[1642  272]
 [  40   56]]
acc: 0.845
f1: 0.264
3,86,coarse : 30.09 seconds
3,86,fine : 30.1 seconds
[[1222  692]
 [   9   87]]
acc: 0.651
f1: 0.199
[[1645  269]
 [  39   57]]
acc: 0.847
f1: 0.270
3,87,coarse : 29.28 seconds
3,87,fine : 29.29 seconds
[[1223  691]
 [   9   87]]
acc: 0.652
f1: 0.199
[[1648  266]
 [  38   58]]
acc: 0.849
f1: 0.276
3,88,coarse : 29.43 seconds
3,88,fine : 29.44 seconds
[[1227  687]
 [   9   87]]
acc: 0.654
f1: 0.200
[[1653  261]
 [  37   59]]
acc: 0.852
f1: 0.284
3,89,coarse : 29.71 seconds
3,89,fine : 29.72 seconds
[[1228  686]
 [  10   86]]
acc: 0.654
f1: 0.198
[[1646  268]
 [  38   58]]
acc: 0.848
f1: 0.275
3,90,coarse : 29.83 seconds
3,90,fine : 29.84 seconds
[[1237  677]
 [  10   86]]
acc: 0.658
f1: 0.200
[[1624  290]
 [  37   59]]
acc: 0.837
f1: 0.265
3,91,coarse : 29.64 seconds
3,91,fine : 29.65 seconds
[[1243  671]
 [  10   86]]
acc: 0.661
f1: 0.202
[[1622  292]
 [  35   61]]
acc: 0.837
f1: 0.272
3,92,coarse : 30.52 seconds
3,92,fine : 30.53 seconds
[[1248  666]
 [  10   86]]
acc: 0.664
f1: 0.203
[[1625  289]
 [  35   61]]
acc: 0.839
f1: 0.274
3,93,coarse : 29.27 seconds
3,93,fine : 29.28 seconds
[[1249  665]
 [  10   86]]
acc: 0.664
f1: 0.203
[[1625  289]
 [  35   61]]
acc: 0.839
f1: 0.274
3,94,coarse : 29.63 seconds
3,94,fine : 29.64 seconds
[[1250  664]
 [  10   86]]
acc: 0.665
f1: 0.203
[[1621  293]
 [  33   63]]
acc: 0.838
f1: 0.279
3,95,coarse : 29.3 seconds
3,95,fine : 29.31 seconds
[[1255  659]
 [  10   86]]
acc: 0.667
f1: 0.205
[[1616  298]
 [  33   63]]
acc: 0.835
f1: 0.276
3,96,coarse : 29.81 seconds
3,96,fine : 29.82 seconds
[[1258  656]
 [  10   86]]
acc: 0.669
f1: 0.205
[[1612  302]
 [  31   65]]
acc: 0.834
f1: 0.281
3,97,coarse : 29.6 seconds
3,97,fine : 29.61 seconds
[[1261  653]
 [  10   86]]
acc: 0.670
f1: 0.206
[[1616  298]
 [  31   65]]
acc: 0.836
f1: 0.283
3,98,coarse : 30.35 seconds
3,98,fine : 30.36 seconds
[[1267  647]
 [  10   86]]
acc: 0.673
f1: 0.207
[[1618  296]
 [  30   66]]
acc: 0.838
f1: 0.288
3,99,coarse : 30.12 seconds
3,99,fine : 30.13 seconds
[[1268  646]
 [  10   86]]
acc: 0.674
f1: 0.208
[[1615  299]
 [  30   66]]
acc: 0.836
f1: 0.286
3,100,coarse : 31.3 seconds
3,100,fine : 31.31 seconds
[[1276  638]
 [  10   86]]
acc: 0.678
f1: 0.210
[[1613  301]
 [  30   66]]
acc: 0.835
f1: 0.285
3,101,coarse : 29.98 seconds
3,101,fine : 29.99 seconds
[[1285  629]
 [  10   86]]
acc: 0.682
f1: 0.212
[[1609  305]
 [  29   67]]
acc: 0.834
f1: 0.286
3,102,coarse : 30.75 seconds
3,102,fine : 30.76 seconds
[[1293  621]
 [  10   86]]
acc: 0.686
f1: 0.214
[[1575  339]
 [  27   69]]
acc: 0.818
f1: 0.274
3,103,coarse : 30.3 seconds
3,103,fine : 30.32 seconds
[[1296  618]
 [  10   86]]
acc: 0.688
f1: 0.215
[[1568  346]
 [  25   71]]
acc: 0.815
f1: 0.277
3,104,coarse : 29.67 seconds
3,104,fine : 30.02 seconds
[[1304  610]
 [  11   85]]
acc: 0.691
f1: 0.215
[[1537  377]
 [  21   75]]
acc: 0.802
f1: 0.274
3,105,coarse : 30.0 seconds
3,105,fine : 30.01 seconds
[[1312  602]
 [  11   85]]
acc: 0.695
f1: 0.217
[[1538  376]
 [  19   77]]
acc: 0.803
f1: 0.281
3,106,coarse : 29.98 seconds
3,106,fine : 30.0 seconds
[[1315  599]
 [  11   85]]
acc: 0.697
f1: 0.218
[[1536  378]
 [  19   77]]
acc: 0.802
f1: 0.279
3,107,coarse : 30.36 seconds
3,107,fine : 30.37 seconds
[[1319  595]
 [  11   85]]
acc: 0.699
f1: 0.219
[[1534  380]
 [  18   78]]
acc: 0.802
f1: 0.282
3,108,coarse : 30.6 seconds
3,108,fine : 30.62 seconds
[[1323  591]
 [  11   85]]
acc: 0.700
f1: 0.220
[[1542  372]
 [  20   76]]
acc: 0.805
f1: 0.279
3,109,coarse : 30.41 seconds
3,109,fine : 30.42 seconds
[[1329  585]
 [  11   85]]
acc: 0.703
f1: 0.222
[[1547  367]
 [  20   76]]
acc: 0.807
f1: 0.282
3,110,coarse : 31.18 seconds
3,110,fine : 31.19 seconds
[[1327  587]
 [  10   86]]
acc: 0.703
f1: 0.224
[[1555  359]
 [  20   76]]
acc: 0.811
f1: 0.286
3,111,coarse : 30.36 seconds
3,111,fine : 30.37 seconds
[[1332  582]
 [  10   86]]
acc: 0.705
f1: 0.225
[[1559  355]
 [  21   75]]
acc: 0.813
f1: 0.285
3,112,coarse : 30.68 seconds
3,112,fine : 30.69 seconds
[[1335  579]
 [  10   86]]
acc: 0.707
f1: 0.226
[[1560  354]
 [  22   74]]
acc: 0.813
f1: 0.282
3,113,coarse : 30.61 seconds
3,113,fine : 30.62 seconds
[[1346  568]
 [  10   86]]
acc: 0.712
f1: 0.229
[[1566  348]
 [  23   73]]
acc: 0.815
f1: 0.282
3,114,coarse : 30.57 seconds
3,114,fine : 30.58 seconds
[[1351  563]
 [  11   85]]
acc: 0.714
f1: 0.228
[[1569  345]
 [  24   72]]
acc: 0.816
f1: 0.281
3,115,coarse : 30.45 seconds
3,115,fine : 30.46 seconds
[[1353  561]
 [  11   85]]
acc: 0.715
f1: 0.229
[[1579  335]
 [  23   73]]
acc: 0.822
f1: 0.290
3,116,coarse : 30.9 seconds
3,116,fine : 30.91 seconds
[[1365  549]
 [  11   85]]
acc: 0.721
f1: 0.233
[[1582  332]
 [  23   73]]
acc: 0.823
f1: 0.291
3,117,coarse : 31.07 seconds
3,117,fine : 31.08 seconds
[[1374  540]
 [  11   85]]
acc: 0.726
f1: 0.236
[[1584  330]
 [  23   73]]
acc: 0.824
f1: 0.293
3,118,coarse : 30.45 seconds
3,118,fine : 30.46 seconds
[[1383  531]
 [  11   85]]
acc: 0.730
f1: 0.239
[[1587  327]
 [  23   73]]
acc: 0.826
f1: 0.294
3,119,coarse : 30.69 seconds
3,119,fine : 30.7 seconds
[[1389  525]
 [  11   85]]
acc: 0.733
f1: 0.241
[[1594  320]
 [  23   73]]
acc: 0.829
f1: 0.299
3,120,coarse : 30.58 seconds
3,120,fine : 30.6 seconds
[[1395  519]
 [  10   86]]
acc: 0.737
f1: 0.245
[[1601  313]
 [  23   73]]
acc: 0.833
f1: 0.303
3,121,coarse : 31.03 seconds
3,121,fine : 31.04 seconds
[[1401  513]
 [  11   85]]
acc: 0.739
f1: 0.245
[[1606  308]
 [  23   73]]
acc: 0.835
f1: 0.306
3,122,coarse : 31.28 seconds
3,122,fine : 31.29 seconds
[[1403  511]
 [  11   85]]
acc: 0.740
f1: 0.246
[[1614  300]
 [  23   73]]
acc: 0.839
f1: 0.311
3,123,coarse : 31.17 seconds
3,123,fine : 31.18 seconds
[[1406  508]
 [  11   85]]
acc: 0.742
f1: 0.247
[[1619  295]
 [  23   73]]
acc: 0.842
f1: 0.315
3,124,coarse : 31.43 seconds
3,124,fine : 31.45 seconds
[[1401  513]
 [  10   86]]
acc: 0.740
f1: 0.247
[[1621  293]
 [  24   72]]
acc: 0.842
f1: 0.312
3,125,coarse : 31.34 seconds
3,125,fine : 31.35 seconds
[[1398  516]
 [   8   88]]
acc: 0.739
f1: 0.251
[[1628  286]
 [  24   72]]
acc: 0.846
f1: 0.317
3,126,coarse : 31.24 seconds
3,126,fine : 31.25 seconds
[[1389  525]
 [   8   88]]
acc: 0.735
f1: 0.248
[[1631  283]
 [  24   72]]
acc: 0.847
f1: 0.319
3,127,coarse : 31.35 seconds
3,127,fine : 31.36 seconds
[[1384  530]
 [   7   89]]
acc: 0.733
f1: 0.249
[[1641  273]
 [  26   70]]
acc: 0.851
f1: 0.319
3,128,coarse : 31.7 seconds
3,128,fine : 31.72 seconds
[[1387  527]
 [   7   89]]
acc: 0.734
f1: 0.250
[[1644  270]
 [  26   70]]
acc: 0.853
f1: 0.321
3,129,coarse : 32.29 seconds
3,129,fine : 32.31 seconds
[[1382  532]
 [   7   89]]
acc: 0.732
f1: 0.248
[[1646  268]
 [  26   70]]
acc: 0.854
f1: 0.323
3,130,coarse : 31.57 seconds
3,130,fine : 31.58 seconds
[[1375  539]
 [   8   88]]
acc: 0.728
f1: 0.243
[[1651  263]
 [  26   70]]
acc: 0.856
f1: 0.326
3,131,coarse : 31.52 seconds
3,131,fine : 31.54 seconds
[[1376  538]
 [   8   88]]
acc: 0.728
f1: 0.244
[[1659  255]
 [  26   70]]
acc: 0.860
f1: 0.333
3,132,coarse : 31.83 seconds
3,132,fine : 31.86 seconds
[[1388  526]
 [   8   88]]
acc: 0.734
f1: 0.248
[[1661  253]
 [  26   70]]
acc: 0.861
f1: 0.334
3,133,coarse : 31.5 seconds
3,133,fine : 31.51 seconds
[[1395  519]
 [   8   88]]
acc: 0.738
f1: 0.250
[[1667  247]
 [  25   71]]
acc: 0.865
f1: 0.343
3,134,coarse : 31.76 seconds
3,134,fine : 31.77 seconds
[[1401  513]
 [   8   88]]
acc: 0.741
f1: 0.253
[[1671  243]
 [  26   70]]
acc: 0.866
f1: 0.342
3,135,coarse : 31.4 seconds
3,135,fine : 31.41 seconds
[[1410  504]
 [   8   88]]
acc: 0.745
f1: 0.256
[[1679  235]
 [  26   70]]
acc: 0.870
f1: 0.349
3,136,coarse : 31.9 seconds
3,136,fine : 31.92 seconds
[[1411  503]
 [   8   88]]
acc: 0.746
f1: 0.256
[[1688  226]
 [  27   69]]
acc: 0.874
f1: 0.353
3,137,coarse : 31.0 seconds
3,137,fine : 31.01 seconds
[[1417  497]
 [   8   88]]
acc: 0.749
f1: 0.258
[[1697  217]
 [  27   69]]
acc: 0.879
f1: 0.361
3,138,coarse : 31.42 seconds
3,138,fine : 31.43 seconds
[[1420  494]
 [   8   88]]
acc: 0.750
f1: 0.260
[[1702  212]
 [  27   69]]
acc: 0.881
f1: 0.366
3,139,coarse : 31.48 seconds
3,139,fine : 31.49 seconds
[[1424  490]
 [   8   88]]
acc: 0.752
f1: 0.261
[[1708  206]
 [  27   69]]
acc: 0.884
f1: 0.372
3,140,coarse : 31.72 seconds
3,140,fine : 31.74 seconds
[[1431  483]
 [   8   88]]
acc: 0.756
f1: 0.264
[[1710  204]
 [  27   69]]
acc: 0.885
f1: 0.374
3,141,coarse : 32.71 seconds
3,141,fine : 32.72 seconds
[[1439  475]
 [   8   88]]
acc: 0.760
f1: 0.267
[[1714  200]
 [  30   66]]
acc: 0.886
f1: 0.365
3,142,coarse : 32.11 seconds
3,142,fine : 32.12 seconds
[[1441  473]
 [   9   87]]
acc: 0.760
f1: 0.265
[[1723  191]
 [  31   65]]
acc: 0.890
f1: 0.369
3,143,coarse : 32.45 seconds
3,143,fine : 32.46 seconds
[[1442  472]
 [   9   87]]
acc: 0.761
f1: 0.266
[[1730  184]
 [  31   65]]
acc: 0.893
f1: 0.377
3,144,coarse : 32.27 seconds
3,144,fine : 32.29 seconds
[[1453  461]
 [   9   87]]
acc: 0.766
f1: 0.270
[[1736  178]
 [  31   65]]
acc: 0.896
f1: 0.383
3,145,coarse : 32.53 seconds
3,145,fine : 32.55 seconds
[[1458  456]
 [   9   87]]
acc: 0.769
f1: 0.272
[[1738  176]
 [  31   65]]
acc: 0.897
f1: 0.386
3,146,coarse : 32.98 seconds
3,146,fine : 33.0 seconds
[[1469  445]
 [   9   87]]
acc: 0.774
f1: 0.277
[[1746  168]
 [  31   65]]
acc: 0.901
f1: 0.395
3,147,coarse : 32.39 seconds
3,147,fine : 32.4 seconds
[[1476  438]
 [   9   87]]
acc: 0.778
f1: 0.280
[[1746  168]
 [  31   65]]
acc: 0.901
f1: 0.395
3,148,coarse : 33.31 seconds
3,148,fine : 33.32 seconds
[[1485  429]
 [   9   87]]
acc: 0.782
f1: 0.284
[[1750  164]
 [  31   65]]
acc: 0.903
f1: 0.400
3,149,coarse : 33.09 seconds
3,149,fine : 33.1 seconds
[[1490  424]
 [  10   86]]
acc: 0.784
f1: 0.284
[[1755  159]
 [  33   63]]
acc: 0.904
f1: 0.396
3,150,coarse : 36.28 seconds
3,150,fine : 36.29 seconds
[[1494  420]
 [  10   86]]
acc: 0.786
f1: 0.286
[[1762  152]
 [  34   62]]
acc: 0.907
f1: 0.400
3,151,coarse : 34.19 seconds
3,151,fine : 34.21 seconds
[[1503  411]
 [  11   85]]
acc: 0.790
f1: 0.287
[[1767  147]
 [  34   62]]
acc: 0.910
f1: 0.407
3,152,coarse : 33.69 seconds
3,152,fine : 33.7 seconds
[[1508  406]
 [   9   87]]
acc: 0.794
f1: 0.295
[[1774  140]
 [  34   62]]
acc: 0.913
f1: 0.416
3,153,coarse : 33.57 seconds
3,153,fine : 33.58 seconds
[[1514  400]
 [  10   86]]
acc: 0.796
f1: 0.296
[[1776  138]
 [  34   62]]
acc: 0.914
f1: 0.419
3,154,coarse : 33.38 seconds
3,154,fine : 33.4 seconds
[[1514  400]
 [  11   85]]
acc: 0.796
f1: 0.293
[[1781  133]
 [  34   62]]
acc: 0.917
f1: 0.426
3,155,coarse : 33.46 seconds
3,155,fine : 33.47 seconds
[[1512  402]
 [  11   85]]
acc: 0.795
f1: 0.292
[[1784  130]
 [  35   61]]
acc: 0.918
f1: 0.425
3,156,coarse : 34.05 seconds
3,156,fine : 34.07 seconds
[[1517  397]
 [  12   84]]
acc: 0.797
f1: 0.291
[[1789  125]
 [  36   60]]
acc: 0.920
f1: 0.427
3,157,coarse : 33.83 seconds
3,157,fine : 33.84 seconds
[[1519  395]
 [  14   82]]
acc: 0.797
f1: 0.286
[[1793  121]
 [  37   59]]
acc: 0.921
f1: 0.428
3,158,coarse : 34.2 seconds
3,158,fine : 34.21 seconds
[[1521  393]
 [  14   82]]
acc: 0.798
f1: 0.287
[[1797  117]
 [  38   58]]
acc: 0.923
f1: 0.428
3,159,coarse : 34.63 seconds
3,159,fine : 34.65 seconds
[[1520  394]
 [  14   82]]
acc: 0.797
f1: 0.287
[[1803  111]
 [  39   57]]
acc: 0.925
f1: 0.432
3,160,coarse : 35.1 seconds
3,160,fine : 35.11 seconds
[[1521  393]
 [  14   82]]
acc: 0.798
f1: 0.287
[[1808  106]
 [  39   57]]
acc: 0.928
f1: 0.440
3,161,coarse : 34.78 seconds
3,161,fine : 34.79 seconds
[[1523  391]
 [  13   83]]
acc: 0.799
f1: 0.291
[[1810  104]
 [  39   57]]
acc: 0.929
f1: 0.444
3,162,coarse : 35.24 seconds
3,162,fine : 35.25 seconds
[[1521  393]
 [  13   83]]
acc: 0.798
f1: 0.290
[[1812  102]
 [  39   57]]
acc: 0.930
f1: 0.447
3,163,coarse : 36.22 seconds
3,163,fine : 36.23 seconds
[[1525  389]
 [  15   81]]
acc: 0.799
f1: 0.286
[[1818   96]
 [  43   53]]
acc: 0.931
f1: 0.433
3,164,coarse : 36.33 seconds
3,164,fine : 36.34 seconds
[[1532  382]
 [  15   81]]
acc: 0.802
f1: 0.290
[[1832   82]
 [  48   48]]
acc: 0.935
f1: 0.425
3,165,coarse : 35.45 seconds
3,165,fine : 35.47 seconds
[[1541  373]
 [  15   81]]
acc: 0.807
f1: 0.295
[[1839   75]
 [  49   47]]
acc: 0.938
f1: 0.431
3,166,coarse : 36.48 seconds
3,166,fine : 36.5 seconds
[[1547  367]
 [  15   81]]
acc: 0.810
f1: 0.298
[[1841   73]
 [  49   47]]
acc: 0.939
f1: 0.435
3,167,coarse : 36.2 seconds
3,167,fine : 36.22 seconds
[[1548  366]
 [  15   81]]
acc: 0.810
f1: 0.298
[[1844   70]
 [  48   48]]
acc: 0.941
f1: 0.449
3,168,coarse : 35.67 seconds
3,168,fine : 35.69 seconds
[[1554  360]
 [  15   81]]
acc: 0.813
f1: 0.302
[[1846   68]
 [  49   47]]
acc: 0.942
f1: 0.445
3,169,coarse : 34.99 seconds
3,169,fine : 35.0 seconds
[[1540  374]
 [  14   82]]
acc: 0.807
f1: 0.297
[[1849   65]
 [  50   46]]
acc: 0.943
f1: 0.444
3,170,coarse : 35.1 seconds
3,170,fine : 35.12 seconds
[[1523  391]
 [  14   82]]
acc: 0.799
f1: 0.288
[[1849   65]
 [  51   45]]
acc: 0.942
f1: 0.437
3,171,coarse : 35.71 seconds
3,171,fine : 35.73 seconds
[[1493  421]
 [  11   85]]
acc: 0.785
f1: 0.282
[[1852   62]
 [  50   46]]
acc: 0.944
f1: 0.451
3,172,coarse : 35.6 seconds
3,172,fine : 35.61 seconds
