all           0      1    2    3    4    5    6    7    8    
1      2010   1914   1    19   32   19   1    11   6    7    
2      2010   1914   1    19   32   19   1    11   6    7    
3      2010   1914   1    19   32   19   1    11   5    8    
4      2010   1914   1    19   32   19   1    10   6    8    
5      2010   1914   1    18   33   19   1    10   6    8    
6      2010   1914   1    18   33   19   1    10   6    8    
7      2010   1913   2    18   33   19   1    10   6    8    
8      2010   1913   2    18   33   19   1    10   6    8    
9      2009   1913   2    18   32   19   2    10   6    7    
10     2009   1913   1    19   32   19   1    11   6    7    
Total  20098  19136  13   185  324  190  11   104  59   76   
train         0      1    2    3    4    5    6    7    8    
2      2010   1914   1    19   32   19   1    11   6    7    
3      2010   1914   1    19   32   19   1    11   5    8    
4      2010   1914   1    19   32   19   1    10   6    8    
5      2010   1914   1    18   33   19   1    10   6    8    
6      2010   1914   1    18   33   19   1    10   6    8    
7      2010   1913   2    18   33   19   1    10   6    8    
8      2010   1913   2    18   33   19   1    10   6    8    
9      2009   1913   2    18   32   19   2    10   6    7    
10     2009   1913   1    19   32   19   1    11   6    7    
Total  18088  17222  12   166  292  171  10   93   53   69   
test          0      1    2    3    4    5    6    7    8    
1      2010   1914   1    19   32   19   1    11   6    7    
Total  2010   1914   1    19   32   19   1    11   6    7    
Classes             
0         17222     
1         12        
2         166       
3         292       
4         171       
5         10        
6         93        
7         53        
8         69        
Total     18088     

Shape: 450       

[952, 10, 11, 16, 11, 10, 10, 10, 10]
Sum start => 1040
[[1404  510]
 [  16   80]]
acc: 0.738
f1: 0.233
[[1888   26]
 [  85   11]]
acc: 0.945
f1: 0.165
1,1,coarse : 38.04 seconds
1,1,fine : 38.04 seconds
[[1404  510]
 [  16   80]]
acc: 0.738
f1: 0.233
[[1888   26]
 [  85   11]]
acc: 0.945
f1: 0.165
1,2,coarse : 40.37 seconds
1,2,fine : 40.37 seconds
[[1386  528]
 [  17   79]]
acc: 0.729
f1: 0.225
[[1888   26]
 [  85   11]]
acc: 0.945
f1: 0.165
1,3,coarse : 5.43 seconds
1,3,fine : 5.43 seconds
[[1393  521]
 [  15   81]]
acc: 0.733
f1: 0.232
[[1889   25]
 [  85   11]]
acc: 0.945
f1: 0.167
1,4,coarse : 5.66 seconds
1,4,fine : 5.67 seconds
[[1401  513]
 [  17   79]]
acc: 0.736
f1: 0.230
[[1891   23]
 [  84   12]]
acc: 0.947
f1: 0.183
1,5,coarse : 5.9 seconds
1,5,fine : 5.9 seconds
[[1400  514]
 [  16   80]]
acc: 0.736
f1: 0.232
[[1895   19]
 [  84   12]]
acc: 0.949
f1: 0.189
1,6,coarse : 6.07 seconds
1,6,fine : 6.07 seconds
[[1425  489]
 [  17   79]]
acc: 0.748
f1: 0.238
[[1891   23]
 [  84   12]]
acc: 0.947
f1: 0.183
1,7,coarse : 6.47 seconds
1,7,fine : 6.47 seconds
[[1412  502]
 [  17   79]]
acc: 0.742
f1: 0.233
[[1892   22]
 [  85   11]]
acc: 0.947
f1: 0.171
1,8,coarse : 6.66 seconds
1,8,fine : 6.67 seconds
[[1404  510]
 [  15   81]]
acc: 0.739
f1: 0.236
[[1891   23]
 [  84   12]]
acc: 0.947
f1: 0.183
1,9,coarse : 6.93 seconds
1,9,fine : 6.94 seconds
[[1417  497]
 [  15   81]]
acc: 0.745
f1: 0.240
[[1889   25]
 [  83   13]]
acc: 0.946
f1: 0.194
1,10,coarse : 7.23 seconds
1,10,fine : 7.24 seconds
[[1415  499]
 [  17   79]]
acc: 0.743
f1: 0.234
[[1885   29]
 [  83   13]]
acc: 0.944
f1: 0.188
1,11,coarse : 7.35 seconds
1,11,fine : 7.36 seconds
[[1421  493]
 [  16   80]]
acc: 0.747
f1: 0.239
[[1887   27]
 [  83   13]]
acc: 0.945
f1: 0.191
1,12,coarse : 7.53 seconds
1,12,fine : 7.54 seconds
[[1421  493]
 [  18   78]]
acc: 0.746
f1: 0.234
[[1886   28]
 [  82   14]]
acc: 0.945
f1: 0.203
1,13,coarse : 7.84 seconds
1,13,fine : 7.84 seconds
[[1418  496]
 [  18   78]]
acc: 0.744
f1: 0.233
[[1886   28]
 [  81   15]]
acc: 0.946
f1: 0.216
1,14,coarse : 8.16 seconds
1,14,fine : 8.17 seconds
[[1414  500]
 [  18   78]]
acc: 0.742
f1: 0.231
[[1885   29]
 [  81   15]]
acc: 0.945
f1: 0.214
1,15,coarse : 8.5 seconds
1,15,fine : 8.51 seconds
[[1415  499]
 [  17   79]]
acc: 0.743
f1: 0.234
[[1885   29]
 [  80   16]]
acc: 0.946
f1: 0.227
1,16,coarse : 8.58 seconds
1,16,fine : 8.6 seconds
[[1413  501]
 [  16   80]]
acc: 0.743
f1: 0.236
[[1885   29]
 [  78   18]]
acc: 0.947
f1: 0.252
1,17,coarse : 8.68 seconds
1,17,fine : 8.69 seconds
[[1416  498]
 [  16   80]]
acc: 0.744
f1: 0.237
[[1881   33]
 [  74   22]]
acc: 0.947
f1: 0.291
1,18,coarse : 9.3 seconds
1,18,fine : 9.3 seconds
[[1424  490]
 [  16   80]]
acc: 0.748
f1: 0.240
[[1884   30]
 [  73   23]]
acc: 0.949
f1: 0.309
1,19,coarse : 9.48 seconds
1,19,fine : 9.49 seconds
[[1428  486]
 [  18   78]]
acc: 0.749
f1: 0.236
[[1882   32]
 [  72   24]]
acc: 0.948
f1: 0.316
1,20,coarse : 9.74 seconds
1,20,fine : 9.74 seconds
[[1426  488]
 [  17   79]]
acc: 0.749
f1: 0.238
[[1882   32]
 [  68   28]]
acc: 0.950
f1: 0.359
1,21,coarse : 9.92 seconds
1,21,fine : 9.93 seconds
[[1431  483]
 [  18   78]]
acc: 0.751
f1: 0.237
[[1877   37]
 [  68   28]]
acc: 0.948
f1: 0.348
1,22,coarse : 9.88 seconds
1,22,fine : 9.89 seconds
[[1443  471]
 [  18   78]]
acc: 0.757
f1: 0.242
[[1874   40]
 [  65   31]]
acc: 0.948
f1: 0.371
1,23,coarse : 10.36 seconds
1,23,fine : 10.36 seconds
[[1443  471]
 [  18   78]]
acc: 0.757
f1: 0.242
[[1874   40]
 [  65   31]]
acc: 0.948
f1: 0.371
1,24,coarse : 10.56 seconds
1,24,fine : 10.57 seconds
[[1451  463]
 [  18   78]]
acc: 0.761
f1: 0.245
[[1876   38]
 [  64   32]]
acc: 0.949
f1: 0.386
1,25,coarse : 10.89 seconds
1,25,fine : 10.9 seconds
[[1443  471]
 [  17   79]]
acc: 0.757
f1: 0.245
[[1876   38]
 [  62   34]]
acc: 0.950
f1: 0.405
1,26,coarse : 11.26 seconds
1,26,fine : 11.26 seconds
[[1445  469]
 [  17   79]]
acc: 0.758
f1: 0.245
[[1877   37]
 [  62   34]]
acc: 0.951
f1: 0.407
1,27,coarse : 11.99 seconds
1,27,fine : 12.0 seconds
[[1437  477]
 [  16   80]]
acc: 0.755
f1: 0.245
[[1875   39]
 [  61   35]]
acc: 0.950
f1: 0.412
1,28,coarse : 12.02 seconds
1,28,fine : 12.03 seconds
[[1442  472]
 [  16   80]]
acc: 0.757
f1: 0.247
[[1873   41]
 [  60   36]]
acc: 0.950
f1: 0.416
1,29,coarse : 12.04 seconds
1,29,fine : 12.05 seconds
[[1445  469]
 [  16   80]]
acc: 0.759
f1: 0.248
[[1872   42]
 [  61   35]]
acc: 0.949
f1: 0.405
1,30,coarse : 12.72 seconds
1,30,fine : 12.72 seconds
[[1446  468]
 [  16   80]]
acc: 0.759
f1: 0.248
[[1875   39]
 [  59   37]]
acc: 0.951
f1: 0.430
1,31,coarse : 12.7 seconds
1,31,fine : 12.71 seconds
[[1440  474]
 [  16   80]]
acc: 0.756
f1: 0.246
[[1872   42]
 [  59   37]]
acc: 0.950
f1: 0.423
1,32,coarse : 13.25 seconds
1,32,fine : 13.25 seconds
[[1441  473]
 [  16   80]]
acc: 0.757
f1: 0.247
[[1873   41]
 [  59   37]]
acc: 0.950
f1: 0.425
1,33,coarse : 13.4 seconds
1,33,fine : 13.41 seconds
[[1445  469]
 [  17   79]]
acc: 0.758
f1: 0.245
[[1872   42]
 [  58   38]]
acc: 0.950
f1: 0.432
1,34,coarse : 13.57 seconds
1,34,fine : 13.58 seconds
[[1448  466]
 [  16   80]]
acc: 0.760
f1: 0.249
[[1870   44]
 [  56   40]]
acc: 0.950
f1: 0.444
1,35,coarse : 13.73 seconds
1,35,fine : 13.74 seconds
[[1449  465]
 [  16   80]]
acc: 0.761
f1: 0.250
[[1872   42]
 [  57   39]]
acc: 0.951
f1: 0.441
1,36,coarse : 14.15 seconds
1,36,fine : 14.16 seconds
[[1442  472]
 [  16   80]]
acc: 0.757
f1: 0.247
[[1869   45]
 [  54   42]]
acc: 0.951
f1: 0.459
1,37,coarse : 14.24 seconds
1,37,fine : 14.25 seconds
[[1450  464]
 [  17   79]]
acc: 0.761
f1: 0.247
[[1868   46]
 [  56   40]]
acc: 0.949
f1: 0.440
1,38,coarse : 14.54 seconds
1,38,fine : 14.55 seconds
[[1447  467]
 [  17   79]]
acc: 0.759
f1: 0.246
[[1866   48]
 [  55   41]]
acc: 0.949
f1: 0.443
1,39,coarse : 15.06 seconds
1,39,fine : 15.07 seconds
[[1454  460]
 [  18   78]]
acc: 0.762
f1: 0.246
[[1866   48]
 [  56   40]]
acc: 0.948
f1: 0.435
1,40,coarse : 15.13 seconds
1,40,fine : 15.14 seconds
[[1446  468]
 [  17   79]]
acc: 0.759
f1: 0.246
[[1865   49]
 [  57   39]]
acc: 0.947
f1: 0.424
1,41,coarse : 14.9 seconds
1,41,fine : 14.91 seconds
[[1447  467]
 [  18   78]]
acc: 0.759
f1: 0.243
[[1864   50]
 [  59   37]]
acc: 0.946
f1: 0.404
1,42,coarse : 15.97 seconds
1,42,fine : 15.98 seconds
[[1447  467]
 [  17   79]]
acc: 0.759
f1: 0.246
[[1860   54]
 [  56   40]]
acc: 0.945
f1: 0.421
1,43,coarse : 15.88 seconds
1,43,fine : 15.89 seconds
[[1448  466]
 [  17   79]]
acc: 0.760
f1: 0.246
[[1863   51]
 [  54   42]]
acc: 0.948
f1: 0.444
1,44,coarse : 16.96 seconds
1,44,fine : 16.97 seconds
[[1459  455]
 [  17   79]]
acc: 0.765
f1: 0.251
[[1863   51]
 [  55   41]]
acc: 0.947
f1: 0.436
1,45,coarse : 17.19 seconds
1,45,fine : 17.2 seconds
[[1456  458]
 [  17   79]]
acc: 0.764
f1: 0.250
[[1859   55]
 [  55   41]]
acc: 0.945
f1: 0.427
1,46,coarse : 17.18 seconds
1,46,fine : 17.19 seconds
[[1445  469]
 [  17   79]]
acc: 0.758
f1: 0.245
[[1858   56]
 [  55   41]]
acc: 0.945
f1: 0.425
1,47,coarse : 17.52 seconds
1,47,fine : 17.53 seconds
[[1440  474]
 [  17   79]]
acc: 0.756
f1: 0.243
[[1859   55]
 [  55   41]]
acc: 0.945
f1: 0.427
1,48,coarse : 17.48 seconds
1,48,fine : 17.49 seconds
[[1447  467]
 [  18   78]]
acc: 0.759
f1: 0.243
[[1859   55]
 [  55   41]]
acc: 0.945
f1: 0.427
1,49,coarse : 17.68 seconds
1,49,fine : 17.69 seconds
[[1447  467]
 [  17   79]]
acc: 0.759
f1: 0.246
[[1856   58]
 [  56   40]]
acc: 0.943
f1: 0.412
1,50,coarse : 20.0 seconds
1,50,fine : 20.01 seconds
[[1454  460]
 [  17   79]]
acc: 0.763
f1: 0.249
[[1860   54]
 [  56   40]]
acc: 0.945
f1: 0.421
1,51,coarse : 18.43 seconds
1,51,fine : 18.44 seconds
[[1461  453]
 [  18   78]]
acc: 0.766
f1: 0.249
[[1858   56]
 [  55   41]]
acc: 0.945
f1: 0.425
1,52,coarse : 18.5 seconds
1,52,fine : 18.51 seconds
[[1461  453]
 [  18   78]]
acc: 0.766
f1: 0.249
[[1859   55]
 [  53   43]]
acc: 0.946
f1: 0.443
1,53,coarse : 18.73 seconds
1,53,fine : 18.74 seconds
[[1458  456]
 [  17   79]]
acc: 0.765
f1: 0.250
[[1859   55]
 [  54   42]]
acc: 0.946
f1: 0.435
1,54,coarse : 19.88 seconds
1,54,fine : 19.89 seconds
[[1458  456]
 [  17   79]]
acc: 0.765
f1: 0.250
[[1861   53]
 [  54   42]]
acc: 0.947
f1: 0.440
1,55,coarse : 19.24 seconds
1,55,fine : 19.25 seconds
[[1462  452]
 [  17   79]]
acc: 0.767
f1: 0.252
[[1856   58]
 [  54   42]]
acc: 0.944
f1: 0.429
1,56,coarse : 19.93 seconds
1,56,fine : 19.95 seconds
[[1465  449]
 [  17   79]]
acc: 0.768
f1: 0.253
[[1856   58]
 [  54   42]]
acc: 0.944
f1: 0.429
1,57,coarse : 20.42 seconds
1,57,fine : 20.44 seconds
[[1456  458]
 [  16   80]]
acc: 0.764
f1: 0.252
[[1857   57]
 [  52   44]]
acc: 0.946
f1: 0.447
1,58,coarse : 19.8 seconds
1,58,fine : 19.81 seconds
[[1463  451]
 [  16   80]]
acc: 0.768
f1: 0.255
[[1856   58]
 [  52   44]]
acc: 0.945
f1: 0.444
1,59,coarse : 21.43 seconds
1,59,fine : 21.44 seconds
[[1454  460]
 [  17   79]]
acc: 0.763
f1: 0.249
[[1853   61]
 [  52   44]]
acc: 0.944
f1: 0.438
1,60,coarse : 21.72 seconds
1,60,fine : 21.73 seconds
[[1456  458]
 [  16   80]]
acc: 0.764
f1: 0.252
[[1853   61]
 [  51   45]]
acc: 0.944
f1: 0.446
1,61,coarse : 21.35 seconds
1,61,fine : 21.36 seconds
[[1462  452]
 [  16   80]]
acc: 0.767
f1: 0.255
[[1853   61]
 [  50   46]]
acc: 0.945
f1: 0.453
1,62,coarse : 21.53 seconds
1,62,fine : 21.54 seconds
[[1451  463]
 [  16   80]]
acc: 0.762
f1: 0.250
[[1853   61]
 [  51   45]]
acc: 0.944
f1: 0.446
1,63,coarse : 22.57 seconds
1,63,fine : 22.58 seconds
[[1457  457]
 [  16   80]]
acc: 0.765
f1: 0.253
[[1861   53]
 [  49   47]]
acc: 0.949
f1: 0.480
1,64,coarse : 22.4 seconds
1,64,fine : 22.41 seconds
[[1464  450]
 [  16   80]]
acc: 0.768
f1: 0.256
[[1864   50]
 [  48   48]]
acc: 0.951
f1: 0.495
1,65,coarse : 23.01 seconds
1,65,fine : 23.02 seconds
[[1467  447]
 [  16   80]]
acc: 0.770
f1: 0.257
[[1861   53]
 [  51   45]]
acc: 0.948
f1: 0.464
1,66,coarse : 23.86 seconds
1,66,fine : 23.87 seconds
[[1471  443]
 [  16   80]]
acc: 0.772
f1: 0.258
[[1861   53]
 [  51   45]]
acc: 0.948
f1: 0.464
1,67,coarse : 23.4 seconds
1,67,fine : 23.4 seconds
[[1471  443]
 [  16   80]]
acc: 0.772
f1: 0.258
[[1864   50]
 [  52   44]]
acc: 0.949
f1: 0.463
1,68,coarse : 23.02 seconds
1,68,fine : 23.03 seconds
[[1464  450]
 [  16   80]]
acc: 0.768
f1: 0.256
[[1864   50]
 [  52   44]]
acc: 0.949
f1: 0.463
1,69,coarse : 24.36 seconds
1,69,fine : 24.37 seconds
[[1474  440]
 [  16   80]]
acc: 0.773
f1: 0.260
[[1864   50]
 [  53   43]]
acc: 0.949
f1: 0.455
1,70,coarse : 23.46 seconds
1,70,fine : 23.47 seconds
[[1477  437]
 [  17   79]]
acc: 0.774
f1: 0.258
[[1866   48]
 [  53   43]]
acc: 0.950
f1: 0.460
1,71,coarse : 24.4 seconds
1,71,fine : 24.41 seconds
[[1477  437]
 [  16   80]]
acc: 0.775
f1: 0.261
[[1865   49]
 [  54   42]]
acc: 0.949
f1: 0.449
1,72,coarse : 25.3 seconds
1,72,fine : 25.31 seconds
[[1476  438]
 [  17   79]]
acc: 0.774
f1: 0.258
[[1864   50]
 [  53   43]]
acc: 0.949
f1: 0.455
1,73,coarse : 24.82 seconds
1,73,fine : 24.84 seconds
[[1475  439]
 [  16   80]]
acc: 0.774
f1: 0.260
[[1864   50]
 [  52   44]]
acc: 0.949
f1: 0.463
1,74,coarse : 25.19 seconds
1,74,fine : 25.2 seconds
[[1478  436]
 [  17   79]]
acc: 0.775
f1: 0.259
[[1864   50]
 [  51   45]]
acc: 0.950
f1: 0.471
1,75,coarse : 25.8 seconds
1,75,fine : 25.81 seconds
[[1479  435]
 [  17   79]]
acc: 0.775
f1: 0.259
[[1864   50]
 [  49   47]]
acc: 0.951
f1: 0.487
1,76,coarse : 25.79 seconds
1,76,fine : 25.8 seconds
[[1477  437]
 [  17   79]]
acc: 0.774
f1: 0.258
[[1862   52]
 [  50   46]]
acc: 0.949
f1: 0.474
1,77,coarse : 25.82 seconds
1,77,fine : 25.83 seconds
[[1470  444]
 [  18   78]]
acc: 0.770
f1: 0.252
[[1860   54]
 [  50   46]]
acc: 0.948
f1: 0.469
1,78,coarse : 26.57 seconds
1,78,fine : 26.58 seconds
[[1463  451]
 [  17   79]]
acc: 0.767
f1: 0.252
[[1857   57]
 [  50   46]]
acc: 0.947
f1: 0.462
1,79,coarse : 26.49 seconds
1,79,fine : 26.5 seconds
[[1458  456]
 [  17   79]]
acc: 0.765
f1: 0.250
[[1858   56]
 [  50   46]]
acc: 0.947
f1: 0.465
1,80,coarse : 26.99 seconds
1,80,fine : 27.0 seconds
[[1463  451]
 [  17   79]]
acc: 0.767
f1: 0.252
[[1857   57]
 [  49   47]]
acc: 0.947
f1: 0.470
1,81,coarse : 27.54 seconds
1,81,fine : 27.55 seconds
[[1457  457]
 [  18   78]]
acc: 0.764
f1: 0.247
[[1857   57]
 [  48   48]]
acc: 0.948
f1: 0.478
1,82,coarse : 28.31 seconds
1,82,fine : 28.32 seconds
[[1460  454]
 [  18   78]]
acc: 0.765
f1: 0.248
[[1858   56]
 [  48   48]]
acc: 0.948
f1: 0.480
1,83,coarse : 27.65 seconds
1,83,fine : 27.67 seconds
[[1465  449]
 [  18   78]]
acc: 0.768
f1: 0.250
[[1859   55]
 [  49   47]]
acc: 0.948
f1: 0.475
1,84,coarse : 28.5 seconds
1,84,fine : 28.52 seconds
[[1466  448]
 [  18   78]]
acc: 0.768
f1: 0.251
[[1858   56]
 [  48   48]]
acc: 0.948
f1: 0.480
1,85,coarse : 28.67 seconds
1,85,fine : 28.68 seconds
[[1469  445]
 [  18   78]]
acc: 0.770
f1: 0.252
[[1858   56]
 [  48   48]]
acc: 0.948
f1: 0.480
1,86,coarse : 29.36 seconds
1,86,fine : 29.38 seconds
[[1472  442]
 [  18   78]]
acc: 0.771
f1: 0.253
[[1859   55]
 [  48   48]]
acc: 0.949
f1: 0.482
1,87,coarse : 29.18 seconds
1,87,fine : 29.2 seconds
[[1471  443]
 [  18   78]]
acc: 0.771
f1: 0.253
[[1861   53]
 [  48   48]]
acc: 0.950
f1: 0.487
1,88,coarse : 30.13 seconds
1,88,fine : 30.15 seconds
[[1479  435]
 [  18   78]]
acc: 0.775
f1: 0.256
[[1853   61]
 [  48   48]]
acc: 0.946
f1: 0.468
1,89,coarse : 29.87 seconds
1,89,fine : 29.88 seconds
[[1477  437]
 [  18   78]]
acc: 0.774
f1: 0.255
[[1854   60]
 [  47   49]]
acc: 0.947
f1: 0.478
1,90,coarse : 30.39 seconds
1,90,fine : 30.4 seconds
[[1469  445]
 [  17   79]]
acc: 0.770
f1: 0.255
[[1857   57]
 [  48   48]]
acc: 0.948
f1: 0.478
1,91,coarse : 31.83 seconds
1,91,fine : 31.84 seconds
[[1471  443]
 [  17   79]]
acc: 0.771
f1: 0.256
[[1859   55]
 [  50   46]]
acc: 0.948
f1: 0.467
1,92,coarse : 31.62 seconds
1,92,fine : 31.63 seconds
[[1476  438]
 [  17   79]]
acc: 0.774
f1: 0.258
[[1854   60]
 [  49   47]]
acc: 0.946
f1: 0.463
1,93,coarse : 31.49 seconds
1,93,fine : 31.5 seconds
[[1470  444]
 [  16   80]]
acc: 0.771
f1: 0.258
[[1854   60]
 [  49   47]]
acc: 0.946
f1: 0.463
1,94,coarse : 32.24 seconds
1,94,fine : 32.25 seconds
[[1472  442]
 [  16   80]]
acc: 0.772
f1: 0.259
[[1858   56]
 [  48   48]]
acc: 0.948
f1: 0.480
1,95,coarse : 32.28 seconds
1,95,fine : 32.29 seconds
[[1474  440]
 [  17   79]]
acc: 0.773
f1: 0.257
[[1853   61]
 [  48   48]]
acc: 0.946
f1: 0.468
1,96,coarse : 32.6 seconds
1,96,fine : 32.61 seconds
[[1477  437]
 [  17   79]]
acc: 0.774
f1: 0.258
[[1854   60]
 [  49   47]]
acc: 0.946
f1: 0.463
1,97,coarse : 33.36 seconds
1,97,fine : 33.37 seconds
[[1479  435]
 [  17   79]]
acc: 0.775
f1: 0.259
[[1855   59]
 [  49   47]]
acc: 0.946
f1: 0.465
1,98,coarse : 35.19 seconds
1,98,fine : 35.2 seconds
[[1483  431]
 [  17   79]]
acc: 0.777
f1: 0.261
[[1853   61]
 [  49   47]]
acc: 0.945
f1: 0.461
1,99,coarse : 33.66 seconds
1,99,fine : 33.68 seconds
[[1480  434]
 [  17   79]]
acc: 0.776
f1: 0.259
[[1851   63]
 [  49   47]]
acc: 0.944
f1: 0.456
1,100,coarse : 36.4 seconds
1,100,fine : 36.41 seconds
[[1486  428]
 [  16   80]]
acc: 0.779
f1: 0.265
[[1851   63]
 [  49   47]]
acc: 0.944
f1: 0.456
1,101,coarse : 35.12 seconds
1,101,fine : 35.14 seconds
[[1487  427]
 [  17   79]]
acc: 0.779
f1: 0.262
[[1851   63]
 [  49   47]]
acc: 0.944
f1: 0.456
1,102,coarse : 35.41 seconds
1,102,fine : 35.42 seconds
[[1483  431]
 [  16   80]]
acc: 0.778
f1: 0.264
[[1851   63]
 [  49   47]]
acc: 0.944
f1: 0.456
1,103,coarse : 36.02 seconds
1,103,fine : 36.04 seconds
[[1484  430]
 [  17   79]]
acc: 0.778
f1: 0.261
[[1851   63]
 [  49   47]]
acc: 0.944
f1: 0.456
1,104,coarse : 36.31 seconds
1,104,fine : 36.32 seconds
[[1488  426]
 [  18   78]]
acc: 0.779
f1: 0.260
[[1848   66]
 [  49   47]]
acc: 0.943
f1: 0.450
1,105,coarse : 36.71 seconds
1,105,fine : 36.73 seconds
[[1490  424]
 [  17   79]]
acc: 0.781
f1: 0.264
[[1850   64]
 [  49   47]]
acc: 0.944
f1: 0.454
1,106,coarse : 36.03 seconds
1,106,fine : 36.04 seconds
[[1495  419]
 [  16   80]]
acc: 0.784
f1: 0.269
[[1849   65]
 [  49   47]]
acc: 0.943
f1: 0.452
1,107,coarse : 36.98 seconds
1,107,fine : 37.0 seconds
[[1493  421]
 [  17   79]]
acc: 0.782
f1: 0.265
[[1849   65]
 [  49   47]]
acc: 0.943
f1: 0.452
1,108,coarse : 37.16 seconds
1,108,fine : 37.17 seconds
[[1495  419]
 [  17   79]]
acc: 0.783
f1: 0.266
[[1852   62]
 [  48   48]]
acc: 0.945
f1: 0.466
1,109,coarse : 38.37 seconds
1,109,fine : 38.38 seconds
[[1491  423]
 [  17   79]]
acc: 0.781
f1: 0.264
[[1855   59]
 [  49   47]]
acc: 0.946
f1: 0.465
1,110,coarse : 38.52 seconds
1,110,fine : 38.53 seconds
[[1492  422]
 [  17   79]]
acc: 0.782
f1: 0.265
[[1850   64]
 [  49   47]]
acc: 0.944
f1: 0.454
1,111,coarse : 37.6 seconds
1,111,fine : 37.61 seconds
[[1489  425]
 [  17   79]]
acc: 0.780
f1: 0.263
[[1850   64]
 [  49   47]]
acc: 0.944
f1: 0.454
1,112,coarse : 38.65 seconds
1,112,fine : 38.66 seconds
[[1490  424]
 [  17   79]]
acc: 0.781
f1: 0.264
[[1850   64]
 [  48   48]]
acc: 0.944
f1: 0.462
1,113,coarse : 39.55 seconds
1,113,fine : 39.56 seconds
[[1492  422]
 [  17   79]]
acc: 0.782
f1: 0.265
[[1849   65]
 [  50   46]]
acc: 0.943
f1: 0.444
1,114,coarse : 39.51 seconds
1,114,fine : 39.53 seconds
[[1492  422]
 [  17   79]]
acc: 0.782
f1: 0.265
[[1845   69]
 [  49   47]]
acc: 0.941
f1: 0.443
1,115,coarse : 39.64 seconds
1,115,fine : 39.65 seconds
[[1496  418]
 [  17   79]]
acc: 0.784
f1: 0.266
[[1845   69]
 [  49   47]]
acc: 0.941
f1: 0.443
1,116,coarse : 40.42 seconds
1,116,fine : 40.44 seconds
[[1497  417]
 [  17   79]]
acc: 0.784
f1: 0.267
[[1846   68]
 [  49   47]]
acc: 0.942
f1: 0.445
1,117,coarse : 40.6 seconds
1,117,fine : 40.61 seconds
[[1501  413]
 [  17   79]]
acc: 0.786
f1: 0.269
[[1844   70]
 [  49   47]]
acc: 0.941
f1: 0.441
1,118,coarse : 40.71 seconds
1,118,fine : 40.72 seconds
[[1498  416]
 [  17   79]]
acc: 0.785
f1: 0.267
[[1843   71]
 [  49   47]]
acc: 0.940
f1: 0.439
1,119,coarse : 42.05 seconds
1,119,fine : 42.06 seconds
[[1494  420]
 [  16   80]]
acc: 0.783
f1: 0.268
[[1844   70]
 [  52   44]]
acc: 0.939
f1: 0.419
1,120,coarse : 41.9 seconds
1,120,fine : 41.92 seconds
[[1495  419]
 [  17   79]]
acc: 0.783
f1: 0.266
[[1841   73]
 [  49   47]]
acc: 0.939
f1: 0.435
1,121,coarse : 42.13 seconds
1,121,fine : 42.14 seconds
[[1497  417]
 [  16   80]]
acc: 0.785
f1: 0.270
[[1837   77]
 [  50   46]]
acc: 0.937
f1: 0.420
1,122,coarse : 43.5 seconds
1,122,fine : 43.52 seconds
[[1497  417]
 [  16   80]]
acc: 0.785
f1: 0.270
[[1837   77]
 [  50   46]]
acc: 0.937
f1: 0.420
1,123,coarse : 43.19 seconds
1,123,fine : 43.2 seconds
[[1496  418]
 [  16   80]]
acc: 0.784
f1: 0.269
[[1837   77]
 [  48   48]]
acc: 0.938
f1: 0.434
1,124,coarse : 42.79 seconds
1,124,fine : 42.81 seconds
[[1499  415]
 [  17   79]]
acc: 0.785
f1: 0.268
[[1838   76]
 [  48   48]]
acc: 0.938
f1: 0.436
1,125,coarse : 43.4 seconds
1,125,fine : 43.41 seconds
[[1493  421]
 [  17   79]]
acc: 0.782
f1: 0.265
[[1838   76]
 [  48   48]]
acc: 0.938
f1: 0.436
1,126,coarse : 43.5 seconds
1,126,fine : 43.51 seconds
[[1493  421]
 [  17   79]]
acc: 0.782
f1: 0.265
[[1836   78]
 [  48   48]]
acc: 0.937
f1: 0.432
1,127,coarse : 44.91 seconds
1,127,fine : 44.93 seconds
[[1494  420]
 [  17   79]]
acc: 0.783
f1: 0.266
[[1836   78]
 [  48   48]]
acc: 0.937
f1: 0.432
1,128,coarse : 45.6 seconds
1,128,fine : 45.62 seconds
[[1497  417]
 [  18   78]]
acc: 0.784
f1: 0.264
[[1837   77]
 [  48   48]]
acc: 0.938
f1: 0.434
1,129,coarse : 45.75 seconds
1,129,fine : 45.77 seconds
[[1498  416]
 [  17   79]]
acc: 0.785
f1: 0.267
[[1838   76]
 [  48   48]]
acc: 0.938
f1: 0.436
1,130,coarse : 44.47 seconds
1,130,fine : 44.49 seconds
[[1498  416]
 [  16   80]]
acc: 0.785
f1: 0.270
[[1834   80]
 [  47   49]]
acc: 0.937
f1: 0.436
1,131,coarse : 45.82 seconds
1,131,fine : 45.85 seconds
[[1497  417]
 [  16   80]]
acc: 0.785
f1: 0.270
[[1832   82]
 [  46   50]]
acc: 0.936
f1: 0.439
1,132,coarse : 46.79 seconds
1,132,fine : 46.81 seconds
[[1501  413]
 [  17   79]]
acc: 0.786
f1: 0.269
[[1834   80]
 [  46   50]]
acc: 0.937
f1: 0.442
1,133,coarse : 46.85 seconds
1,133,fine : 46.87 seconds
[[1497  417]
 [  16   80]]
acc: 0.785
f1: 0.270
[[1832   82]
 [  47   49]]
acc: 0.936
f1: 0.432
1,134,coarse : 46.41 seconds
1,134,fine : 46.43 seconds
[[1500  414]
 [  17   79]]
acc: 0.786
f1: 0.268
[[1832   82]
 [  47   49]]
acc: 0.936
f1: 0.432
1,135,coarse : 47.59 seconds
1,135,fine : 47.6 seconds
[[1503  411]
 [  17   79]]
acc: 0.787
f1: 0.270
[[1832   82]
 [  47   49]]
acc: 0.936
f1: 0.432
1,136,coarse : 48.07 seconds
1,136,fine : 48.09 seconds
[[1501  413]
 [  16   80]]
acc: 0.787
f1: 0.272
[[1832   82]
 [  46   50]]
acc: 0.936
f1: 0.439
1,137,coarse : 48.22 seconds
1,137,fine : 48.24 seconds
[[1502  412]
 [  16   80]]
acc: 0.787
f1: 0.272
[[1830   84]
 [  46   50]]
acc: 0.935
f1: 0.435
1,138,coarse : 48.9 seconds
1,138,fine : 48.92 seconds
[[1497  417]
 [  17   79]]
acc: 0.784
f1: 0.267
[[1830   84]
 [  46   50]]
acc: 0.935
f1: 0.435
1,139,coarse : 49.88 seconds
1,139,fine : 49.9 seconds
[[1498  416]
 [  17   79]]
acc: 0.785
f1: 0.267
[[1832   82]
 [  47   49]]
acc: 0.936
f1: 0.432
1,140,coarse : 50.03 seconds
1,140,fine : 50.05 seconds
[[1501  413]
 [  17   79]]
acc: 0.786
f1: 0.269
[[1831   83]
 [  47   49]]
acc: 0.935
f1: 0.430
1,141,coarse : 51.34 seconds
1,141,fine : 51.36 seconds
[[1484  430]
 [  17   79]]
acc: 0.778
f1: 0.261
[[1834   80]
 [  47   49]]
acc: 0.937
f1: 0.436
1,142,coarse : 50.38 seconds
1,142,fine : 50.4 seconds
[[1483  431]
 [  17   79]]
acc: 0.777
f1: 0.261
[[1833   81]
 [  47   49]]
acc: 0.936
f1: 0.434
1,143,coarse : 50.1 seconds
1,143,fine : 50.11 seconds
[[1486  428]
 [  17   79]]
acc: 0.779
f1: 0.262
[[1832   82]
 [  48   48]]
acc: 0.935
f1: 0.425
1,144,coarse : 50.48 seconds
1,144,fine : 50.5 seconds
[[1484  430]
 [  17   79]]
acc: 0.778
f1: 0.261
[[1835   79]
 [  48   48]]
acc: 0.937
f1: 0.430
1,145,coarse : 51.73 seconds
1,145,fine : 51.74 seconds
[[1487  427]
 [  17   79]]
acc: 0.779
f1: 0.262
[[1834   80]
 [  47   49]]
acc: 0.937
f1: 0.436
1,146,coarse : 52.28 seconds
1,146,fine : 52.3 seconds
[[1481  433]
 [  17   79]]
acc: 0.776
f1: 0.260
[[1834   80]
 [  47   49]]
acc: 0.937
f1: 0.436
1,147,coarse : 51.58 seconds
1,147,fine : 51.6 seconds
[[1483  431]
 [  17   79]]
acc: 0.777
f1: 0.261
[[1833   81]
 [  46   50]]
acc: 0.937
f1: 0.441
1,148,coarse : 53.51 seconds
1,148,fine : 53.52 seconds
[[1472  442]
 [  17   79]]
acc: 0.772
f1: 0.256
[[1835   79]
 [  46   50]]
acc: 0.938
f1: 0.444
1,149,coarse : 52.62 seconds
1,149,fine : 52.64 seconds
[[1473  441]
 [  17   79]]
acc: 0.772
f1: 0.256
[[1833   81]
 [  46   50]]
acc: 0.937
f1: 0.441
1,150,coarse : 55.6 seconds
1,150,fine : 55.63 seconds
[[1468  446]
 [  17   79]]
acc: 0.770
f1: 0.254
[[1833   81]
 [  45   51]]
acc: 0.937
f1: 0.447
1,151,coarse : 53.58 seconds
1,151,fine : 53.6 seconds
[[1475  439]
 [  17   79]]
acc: 0.773
f1: 0.257
[[1836   78]
 [  44   52]]
acc: 0.939
f1: 0.460
1,152,coarse : 54.98 seconds
1,152,fine : 55.0 seconds
[[1474  440]
 [  17   79]]
acc: 0.773
f1: 0.257
[[1837   77]
 [  45   51]]
acc: 0.939
f1: 0.455
1,153,coarse : 54.93 seconds
1,153,fine : 54.94 seconds
[[1472  442]
 [  17   79]]
acc: 0.772
f1: 0.256
[[1837   77]
 [  45   51]]
acc: 0.939
f1: 0.455
1,154,coarse : 55.49 seconds
1,154,fine : 55.51 seconds
[[1475  439]
 [  17   79]]
acc: 0.773
f1: 0.257
[[1838   76]
 [  46   50]]
acc: 0.939
f1: 0.450
1,155,coarse : 54.98 seconds
1,155,fine : 55.0 seconds
[[1478  436]
 [  17   79]]
acc: 0.775
f1: 0.259
[[1838   76]
 [  47   49]]
acc: 0.939
f1: 0.443
1,156,coarse : 53.66 seconds
1,156,fine : 53.67 seconds
[[1475  439]
 [  17   79]]
acc: 0.773
f1: 0.257
[[1836   78]
 [  45   51]]
acc: 0.939
f1: 0.453
1,157,coarse : 53.9 seconds
1,157,fine : 53.92 seconds
[[1476  438]
 [  17   79]]
acc: 0.774
f1: 0.258
[[1835   79]
 [  45   51]]
acc: 0.938
f1: 0.451
1,158,coarse : 54.78 seconds
1,158,fine : 54.8 seconds
[[1472  442]
 [  16   80]]
acc: 0.772
f1: 0.259
[[1835   79]
 [  46   50]]
acc: 0.938
f1: 0.444
1,159,coarse : 55.52 seconds
1,159,fine : 55.54 seconds
[[1488  426]
 [  17   79]]
acc: 0.780
f1: 0.263
[[1836   78]
 [  47   49]]
acc: 0.938
f1: 0.439
1,160,coarse : 57.46 seconds
1,160,fine : 57.48 seconds
[[1483  431]
 [  17   79]]
acc: 0.777
f1: 0.261
[[1836   78]
 [  47   49]]
acc: 0.938
f1: 0.439
1,161,coarse : 56.3 seconds
1,161,fine : 56.32 seconds
[[1481  433]
 [  16   80]]
acc: 0.777
f1: 0.263
[[1835   79]
 [  46   50]]
acc: 0.938
f1: 0.444
1,162,coarse : 55.9 seconds
1,162,fine : 55.92 seconds
[[1478  436]
 [  17   79]]
acc: 0.775
f1: 0.259
[[1835   79]
 [  46   50]]
acc: 0.938
f1: 0.444
1,163,coarse : 59.25 seconds
1,163,fine : 59.27 seconds
[[1481  433]
 [  17   79]]
acc: 0.776
f1: 0.260
[[1836   78]
 [  47   49]]
acc: 0.938
f1: 0.439
1,164,coarse : 58.73 seconds
1,164,fine : 58.75 seconds
[[1483  431]
 [  17   79]]
acc: 0.777
f1: 0.261
[[1835   79]
 [  46   50]]
acc: 0.938
f1: 0.444
1,165,coarse : 58.09 seconds
1,165,fine : 58.11 seconds
[[1486  428]
 [  17   79]]
acc: 0.779
f1: 0.262
[[1836   78]
 [  47   49]]
acc: 0.938
f1: 0.439
1,166,coarse : 59.47 seconds
1,166,fine : 59.49 seconds
[[1485  429]
 [  17   79]]
acc: 0.778
f1: 0.262
[[1835   79]
 [  46   50]]
acc: 0.938
f1: 0.444
1,167,coarse : 61.69 seconds
1,167,fine : 61.71 seconds
[[1487  427]
 [  17   79]]
acc: 0.779
f1: 0.262
[[1835   79]
 [  46   50]]
acc: 0.938
f1: 0.444
1,168,coarse : 60.97 seconds
1,168,fine : 60.99 seconds
[[1487  427]
 [  17   79]]
acc: 0.779
f1: 0.262
[[1841   73]
 [  49   47]]
acc: 0.939
f1: 0.435
1,169,coarse : 60.95 seconds
1,169,fine : 60.97 seconds
[[1478  436]
 [  17   79]]
acc: 0.775
f1: 0.259
[[1841   73]
 [  49   47]]
acc: 0.939
f1: 0.435
1,170,coarse : 60.54 seconds
1,170,fine : 60.56 seconds
[[1486  428]
 [  17   79]]
acc: 0.779
f1: 0.262
[[1841   73]
 [  49   47]]
acc: 0.939
f1: 0.435
1,171,coarse : 61.58 seconds
1,171,fine : 61.6 seconds
[[1486  428]
 [  16   80]]
acc: 0.779
f1: 0.265
[[1841   73]
 [  48   48]]
acc: 0.940
f1: 0.442
1,172,coarse : 61.0 seconds
1,172,fine : 61.02 seconds
