all           0      1    2    3    4    5    6    7    8    
1      2010   1914   1    19   32   19   1    11   6    7    
2      2010   1914   1    19   32   19   1    11   6    7    
3      2010   1914   1    19   32   19   1    11   5    8    
4      2010   1914   1    19   32   19   1    10   6    8    
5      2010   1914   1    18   33   19   1    10   6    8    
6      2010   1914   1    18   33   19   1    10   6    8    
7      2010   1913   2    18   33   19   1    10   6    8    
8      2010   1913   2    18   33   19   1    10   6    8    
9      2009   1913   2    18   32   19   2    10   6    7    
10     2009   1913   1    19   32   19   1    11   6    7    
Total  20098  19136  13   185  324  190  11   104  59   76   
train         0      1    2    3    4    5    6    7    8    
1      2010   1914   1    19   32   19   1    11   6    7    
2      2010   1914   1    19   32   19   1    11   6    7    
3      2010   1914   1    19   32   19   1    11   5    8    
4      2010   1914   1    19   32   19   1    10   6    8    
6      2010   1914   1    18   33   19   1    10   6    8    
7      2010   1913   2    18   33   19   1    10   6    8    
8      2010   1913   2    18   33   19   1    10   6    8    
9      2009   1913   2    18   32   19   2    10   6    7    
10     2009   1913   1    19   32   19   1    11   6    7    
Total  18088  17222  12   167  291  171  10   94   53   68   
test          0      1    2    3    4    5    6    7    8    
5      2010   1914   1    18   33   19   1    10   6    8    
Total  2010   1914   1    18   33   19   1    10   6    8    
Classes             
0         17222     
1         12        
2         167       
3         291       
4         171       
5         10        
6         94        
7         53        
8         68        
Total     18088     

Shape: 450       

[952, 10, 11, 16, 11, 10, 10, 10, 10]
Sum start => 1040
[[1334  580]
 [  26   70]]
acc: 0.699
f1: 0.188
[[1879   35]
 [  88    8]]
acc: 0.939
f1: 0.115
5,1,coarse : 38.21 seconds
5,1,fine : 38.21 seconds
[[1334  580]
 [  26   70]]
acc: 0.699
f1: 0.188
[[1879   35]
 [  88    8]]
acc: 0.939
f1: 0.115
5,2,coarse : 40.37 seconds
5,2,fine : 40.37 seconds
[[1362  552]
 [  28   68]]
acc: 0.711
f1: 0.190
[[1883   31]
 [  86   10]]
acc: 0.942
f1: 0.146
5,3,coarse : 5.13 seconds
5,3,fine : 5.13 seconds
[[1362  552]
 [  29   67]]
acc: 0.711
f1: 0.187
[[1883   31]
 [  86   10]]
acc: 0.942
f1: 0.146
5,4,coarse : 5.24 seconds
5,4,fine : 5.24 seconds
[[1384  530]
 [  28   68]]
acc: 0.722
f1: 0.196
[[1886   28]
 [  86   10]]
acc: 0.943
f1: 0.149
5,5,coarse : 5.57 seconds
5,5,fine : 5.57 seconds
[[1393  521]
 [  28   68]]
acc: 0.727
f1: 0.199
[[1885   29]
 [  88    8]]
acc: 0.942
f1: 0.120
5,6,coarse : 5.8 seconds
5,6,fine : 5.8 seconds
[[1406  508]
 [  28   68]]
acc: 0.733
f1: 0.202
[[1888   26]
 [  89    7]]
acc: 0.943
f1: 0.109
5,7,coarse : 6.12 seconds
5,7,fine : 6.13 seconds
[[1406  508]
 [  28   68]]
acc: 0.733
f1: 0.202
[[1890   24]
 [  89    7]]
acc: 0.944
f1: 0.110
5,8,coarse : 6.15 seconds
5,8,fine : 6.16 seconds
[[1396  518]
 [  28   68]]
acc: 0.728
f1: 0.199
[[1889   25]
 [  88    8]]
acc: 0.944
f1: 0.124
5,9,coarse : 6.37 seconds
5,9,fine : 6.37 seconds
[[1395  519]
 [  29   67]]
acc: 0.727
f1: 0.196
[[1890   24]
 [  86   10]]
acc: 0.945
f1: 0.154
5,10,coarse : 6.73 seconds
5,10,fine : 6.73 seconds
[[1409  505]
 [  26   70]]
acc: 0.736
f1: 0.209
[[1889   25]
 [  87    9]]
acc: 0.944
f1: 0.138
5,11,coarse : 6.97 seconds
5,11,fine : 6.98 seconds
[[1408  506]
 [  27   69]]
acc: 0.735
f1: 0.206
[[1889   25]
 [  87    9]]
acc: 0.944
f1: 0.138
5,12,coarse : 7.18 seconds
5,12,fine : 7.18 seconds
[[1420  494]
 [  27   69]]
acc: 0.741
f1: 0.209
[[1886   28]
 [  86   10]]
acc: 0.943
f1: 0.149
5,13,coarse : 8.03 seconds
5,13,fine : 8.03 seconds
[[1414  500]
 [  27   69]]
acc: 0.738
f1: 0.208
[[1883   31]
 [  86   10]]
acc: 0.942
f1: 0.146
5,14,coarse : 8.26 seconds
5,14,fine : 8.26 seconds
[[1418  496]
 [  27   69]]
acc: 0.740
f1: 0.209
[[1886   28]
 [  85   11]]
acc: 0.944
f1: 0.163
5,15,coarse : 8.52 seconds
5,15,fine : 8.53 seconds
[[1427  487]
 [  27   69]]
acc: 0.744
f1: 0.212
[[1886   28]
 [  86   10]]
acc: 0.943
f1: 0.149
5,16,coarse : 8.79 seconds
5,16,fine : 8.79 seconds
[[1439  475]
 [  27   69]]
acc: 0.750
f1: 0.216
[[1889   25]
 [  83   13]]
acc: 0.946
f1: 0.194
5,17,coarse : 9.08 seconds
5,17,fine : 9.09 seconds
[[1454  460]
 [  28   68]]
acc: 0.757
f1: 0.218
[[1888   26]
 [  82   14]]
acc: 0.946
f1: 0.206
5,18,coarse : 9.12 seconds
5,18,fine : 9.13 seconds
[[1448  466]
 [  24   72]]
acc: 0.756
f1: 0.227
[[1887   27]
 [  82   14]]
acc: 0.946
f1: 0.204
5,19,coarse : 9.65 seconds
5,19,fine : 9.65 seconds
[[1442  472]
 [  25   71]]
acc: 0.753
f1: 0.222
[[1885   29]
 [  80   16]]
acc: 0.946
f1: 0.227
5,20,coarse : 9.8 seconds
5,20,fine : 9.81 seconds
[[1431  483]
 [  26   70]]
acc: 0.747
f1: 0.216
[[1884   30]
 [  79   17]]
acc: 0.946
f1: 0.238
5,21,coarse : 10.18 seconds
5,21,fine : 10.18 seconds
[[1440  474]
 [  26   70]]
acc: 0.751
f1: 0.219
[[1883   31]
 [  80   16]]
acc: 0.945
f1: 0.224
5,22,coarse : 10.03 seconds
5,22,fine : 10.03 seconds
[[1445  469]
 [  25   71]]
acc: 0.754
f1: 0.223
[[1880   34]
 [  79   17]]
acc: 0.944
f1: 0.231
5,23,coarse : 10.5 seconds
5,23,fine : 10.51 seconds
[[1453  461]
 [  25   71]]
acc: 0.758
f1: 0.226
[[1881   33]
 [  78   18]]
acc: 0.945
f1: 0.245
5,24,coarse : 10.81 seconds
5,24,fine : 10.82 seconds
[[1448  466]
 [  26   70]]
acc: 0.755
f1: 0.222
[[1880   34]
 [  78   18]]
acc: 0.944
f1: 0.243
5,25,coarse : 11.01 seconds
5,25,fine : 11.03 seconds
[[1443  471]
 [  23   73]]
acc: 0.754
f1: 0.228
[[1869   45]
 [  76   20]]
acc: 0.940
f1: 0.248
5,26,coarse : 11.45 seconds
5,26,fine : 11.46 seconds
[[1451  463]
 [  23   73]]
acc: 0.758
f1: 0.231
[[1864   50]
 [  73   23]]
acc: 0.939
f1: 0.272
5,27,coarse : 11.51 seconds
5,27,fine : 11.51 seconds
[[1447  467]
 [  23   73]]
acc: 0.756
f1: 0.230
[[1861   53]
 [  72   24]]
acc: 0.938
f1: 0.277
5,28,coarse : 11.74 seconds
5,28,fine : 11.75 seconds
[[1451  463]
 [  23   73]]
acc: 0.758
f1: 0.231
[[1863   51]
 [  72   24]]
acc: 0.939
f1: 0.281
5,29,coarse : 11.96 seconds
5,29,fine : 11.97 seconds
[[1442  472]
 [  25   71]]
acc: 0.753
f1: 0.222
[[1862   52]
 [  73   23]]
acc: 0.938
f1: 0.269
5,30,coarse : 12.09 seconds
5,30,fine : 12.1 seconds
[[1437  477]
 [  24   72]]
acc: 0.751
f1: 0.223
[[1860   54]
 [  70   26]]
acc: 0.938
f1: 0.295
5,31,coarse : 12.77 seconds
5,31,fine : 12.78 seconds
[[1447  467]
 [  24   72]]
acc: 0.756
f1: 0.227
[[1856   58]
 [  69   27]]
acc: 0.937
f1: 0.298
5,32,coarse : 12.89 seconds
5,32,fine : 12.9 seconds
[[1444  470]
 [  21   75]]
acc: 0.756
f1: 0.234
[[1855   59]
 [  70   26]]
acc: 0.936
f1: 0.287
5,33,coarse : 13.22 seconds
5,33,fine : 13.23 seconds
[[1447  467]
 [  20   76]]
acc: 0.758
f1: 0.238
[[1870   44]
 [  71   25]]
acc: 0.943
f1: 0.303
5,34,coarse : 13.5 seconds
5,34,fine : 13.51 seconds
[[1454  460]
 [  20   76]]
acc: 0.761
f1: 0.241
[[1870   44]
 [  72   24]]
acc: 0.942
f1: 0.293
5,35,coarse : 13.75 seconds
5,35,fine : 13.76 seconds
[[1455  459]
 [  21   75]]
acc: 0.761
f1: 0.238
[[1871   43]
 [  70   26]]
acc: 0.944
f1: 0.315
5,36,coarse : 14.05 seconds
5,36,fine : 14.05 seconds
[[1450  464]
 [  22   74]]
acc: 0.758
f1: 0.233
[[1868   46]
 [  68   28]]
acc: 0.943
f1: 0.329
5,37,coarse : 14.14 seconds
5,37,fine : 14.14 seconds
[[1445  469]
 [  23   73]]
acc: 0.755
f1: 0.229
[[1870   44]
 [  68   28]]
acc: 0.944
f1: 0.333
5,38,coarse : 14.4 seconds
5,38,fine : 14.4 seconds
[[1447  467]
 [  22   74]]
acc: 0.757
f1: 0.232
[[1870   44]
 [  68   28]]
acc: 0.944
f1: 0.333
5,39,coarse : 14.27 seconds
5,39,fine : 14.28 seconds
[[1453  461]
 [  20   76]]
acc: 0.761
f1: 0.240
[[1871   43]
 [  68   28]]
acc: 0.945
f1: 0.335
5,40,coarse : 15.14 seconds
5,40,fine : 15.16 seconds
[[1452  462]
 [  23   73]]
acc: 0.759
f1: 0.231
[[1866   48]
 [  66   30]]
acc: 0.943
f1: 0.345
5,41,coarse : 15.01 seconds
5,41,fine : 15.02 seconds
[[1456  458]
 [  23   73]]
acc: 0.761
f1: 0.233
[[1870   44]
 [  66   30]]
acc: 0.945
f1: 0.353
5,42,coarse : 15.5 seconds
5,42,fine : 15.51 seconds
[[1461  453]
 [  23   73]]
acc: 0.763
f1: 0.235
[[1867   47]
 [  67   29]]
acc: 0.943
f1: 0.337
5,43,coarse : 16.34 seconds
5,43,fine : 16.34 seconds
[[1462  452]
 [  21   75]]
acc: 0.765
f1: 0.241
[[1867   47]
 [  68   28]]
acc: 0.943
f1: 0.327
5,44,coarse : 16.36 seconds
5,44,fine : 16.36 seconds
[[1469  445]
 [  21   75]]
acc: 0.768
f1: 0.244
[[1869   45]
 [  67   29]]
acc: 0.944
f1: 0.341
5,45,coarse : 16.75 seconds
5,45,fine : 16.76 seconds
[[1465  449]
 [  21   75]]
acc: 0.766
f1: 0.242
[[1871   43]
 [  68   28]]
acc: 0.945
f1: 0.335
5,46,coarse : 16.61 seconds
5,46,fine : 16.62 seconds
[[1467  447]
 [  21   75]]
acc: 0.767
f1: 0.243
[[1870   44]
 [  68   28]]
acc: 0.944
f1: 0.333
5,47,coarse : 16.95 seconds
5,47,fine : 16.97 seconds
[[1470  444]
 [  23   73]]
acc: 0.768
f1: 0.238
[[1869   45]
 [  68   28]]
acc: 0.944
f1: 0.331
5,48,coarse : 16.82 seconds
5,48,fine : 16.83 seconds
[[1471  443]
 [  23   73]]
acc: 0.768
f1: 0.239
[[1868   46]
 [  69   27]]
acc: 0.943
f1: 0.320
5,49,coarse : 17.61 seconds
5,49,fine : 17.61 seconds
[[1461  453]
 [  23   73]]
acc: 0.763
f1: 0.235
[[1868   46]
 [  69   27]]
acc: 0.943
f1: 0.320
5,50,coarse : 20.19 seconds
5,50,fine : 20.2 seconds
[[1464  450]
 [  22   74]]
acc: 0.765
f1: 0.239
[[1862   52]
 [  69   27]]
acc: 0.940
f1: 0.309
5,51,coarse : 18.35 seconds
5,51,fine : 18.36 seconds
[[1461  453]
 [  22   74]]
acc: 0.764
f1: 0.238
[[1863   51]
 [  69   27]]
acc: 0.940
f1: 0.310
5,52,coarse : 18.63 seconds
5,52,fine : 18.64 seconds
[[1461  453]
 [  22   74]]
acc: 0.764
f1: 0.238
[[1864   50]
 [  69   27]]
acc: 0.941
f1: 0.312
5,53,coarse : 18.69 seconds
5,53,fine : 18.7 seconds
[[1459  455]
 [  22   74]]
acc: 0.763
f1: 0.237
[[1860   54]
 [  67   29]]
acc: 0.940
f1: 0.324
5,54,coarse : 18.64 seconds
5,54,fine : 18.65 seconds
[[1464  450]
 [  22   74]]
acc: 0.765
f1: 0.239
[[1858   56]
 [  68   28]]
acc: 0.938
f1: 0.311
5,55,coarse : 18.91 seconds
5,55,fine : 18.92 seconds
[[1467  447]
 [  22   74]]
acc: 0.767
f1: 0.240
[[1855   59]
 [  64   32]]
acc: 0.939
f1: 0.342
5,56,coarse : 19.42 seconds
5,56,fine : 19.43 seconds
[[1448  466]
 [  22   74]]
acc: 0.757
f1: 0.233
[[1856   58]
 [  67   29]]
acc: 0.938
f1: 0.317
5,57,coarse : 20.2 seconds
5,57,fine : 20.2 seconds
[[1454  460]
 [  22   74]]
acc: 0.760
f1: 0.235
[[1853   61]
 [  69   27]]
acc: 0.935
f1: 0.293
5,58,coarse : 20.03 seconds
5,58,fine : 20.04 seconds
[[1452  462]
 [  22   74]]
acc: 0.759
f1: 0.234
[[1850   64]
 [  69   27]]
acc: 0.934
f1: 0.289
5,59,coarse : 20.33 seconds
5,59,fine : 20.34 seconds
[[1452  462]
 [  22   74]]
acc: 0.759
f1: 0.234
[[1849   65]
 [  68   28]]
acc: 0.934
f1: 0.296
5,60,coarse : 20.98 seconds
5,60,fine : 21.0 seconds
[[1453  461]
 [  22   74]]
acc: 0.760
f1: 0.235
[[1853   61]
 [  69   27]]
acc: 0.935
f1: 0.293
5,61,coarse : 21.33 seconds
5,61,fine : 21.34 seconds
[[1451  463]
 [  23   73]]
acc: 0.758
f1: 0.231
[[1854   60]
 [  69   27]]
acc: 0.936
f1: 0.295
5,62,coarse : 21.07 seconds
5,62,fine : 21.08 seconds
[[1448  466]
 [  23   73]]
acc: 0.757
f1: 0.230
[[1855   59]
 [  68   28]]
acc: 0.937
f1: 0.306
5,63,coarse : 21.98 seconds
5,63,fine : 21.99 seconds
[[1448  466]
 [  23   73]]
acc: 0.757
f1: 0.230
[[1856   58]
 [  69   27]]
acc: 0.937
f1: 0.298
5,64,coarse : 21.29 seconds
5,64,fine : 21.3 seconds
[[1450  464]
 [  22   74]]
acc: 0.758
f1: 0.233
[[1854   60]
 [  66   30]]
acc: 0.937
f1: 0.323
5,65,coarse : 22.18 seconds
5,65,fine : 22.19 seconds
[[1452  462]
 [  23   73]]
acc: 0.759
f1: 0.231
[[1854   60]
 [  66   30]]
acc: 0.937
f1: 0.323
5,66,coarse : 23.16 seconds
5,66,fine : 23.17 seconds
[[1446  468]
 [  22   74]]
acc: 0.756
f1: 0.232
[[1853   61]
 [  67   29]]
acc: 0.936
f1: 0.312
5,67,coarse : 23.06 seconds
5,67,fine : 23.07 seconds
[[1450  464]
 [  22   74]]
acc: 0.758
f1: 0.233
[[1852   62]
 [  67   29]]
acc: 0.936
f1: 0.310
5,68,coarse : 23.13 seconds
5,68,fine : 23.14 seconds
[[1447  467]
 [  20   76]]
acc: 0.758
f1: 0.238
[[1848   66]
 [  64   32]]
acc: 0.935
f1: 0.330
5,69,coarse : 23.7 seconds
5,69,fine : 23.71 seconds
[[1449  465]
 [  21   75]]
acc: 0.758
f1: 0.236
[[1847   67]
 [  64   32]]
acc: 0.935
f1: 0.328
5,70,coarse : 23.47 seconds
5,70,fine : 23.48 seconds
[[1449  465]
 [  20   76]]
acc: 0.759
f1: 0.239
[[1845   69]
 [  64   32]]
acc: 0.934
f1: 0.325
5,71,coarse : 24.3 seconds
5,71,fine : 24.31 seconds
[[1448  466]
 [  20   76]]
acc: 0.758
f1: 0.238
[[1847   67]
 [  64   32]]
acc: 0.935
f1: 0.328
5,72,coarse : 24.25 seconds
5,72,fine : 24.26 seconds
[[1450  464]
 [  20   76]]
acc: 0.759
f1: 0.239
[[1850   64]
 [  64   32]]
acc: 0.936
f1: 0.333
5,73,coarse : 24.1 seconds
5,73,fine : 24.11 seconds
[[1450  464]
 [  21   75]]
acc: 0.759
f1: 0.236
[[1850   64]
 [  64   32]]
acc: 0.936
f1: 0.333
5,74,coarse : 24.64 seconds
5,74,fine : 24.65 seconds
[[1448  466]
 [  20   76]]
acc: 0.758
f1: 0.238
[[1849   65]
 [  64   32]]
acc: 0.936
f1: 0.332
5,75,coarse : 24.82 seconds
5,75,fine : 24.83 seconds
[[1450  464]
 [  20   76]]
acc: 0.759
f1: 0.239
[[1850   64]
 [  64   32]]
acc: 0.936
f1: 0.333
5,76,coarse : 25.23 seconds
5,76,fine : 25.24 seconds
[[1450  464]
 [  20   76]]
acc: 0.759
f1: 0.239
[[1848   66]
 [  65   31]]
acc: 0.935
f1: 0.321
5,77,coarse : 25.26 seconds
5,77,fine : 25.27 seconds
[[1449  465]
 [  18   78]]
acc: 0.760
f1: 0.244
[[1848   66]
 [  64   32]]
acc: 0.935
f1: 0.330
5,78,coarse : 24.83 seconds
5,78,fine : 24.84 seconds
[[1448  466]
 [  18   78]]
acc: 0.759
f1: 0.244
[[1848   66]
 [  65   31]]
acc: 0.935
f1: 0.321
5,79,coarse : 25.69 seconds
5,79,fine : 25.7 seconds
[[1448  466]
 [  18   78]]
acc: 0.759
f1: 0.244
[[1843   71]
 [  63   33]]
acc: 0.933
f1: 0.330
5,80,coarse : 25.53 seconds
5,80,fine : 25.55 seconds
[[1452  462]
 [  18   78]]
acc: 0.761
f1: 0.245
[[1842   72]
 [  64   32]]
acc: 0.932
f1: 0.320
5,81,coarse : 27.06 seconds
5,81,fine : 27.07 seconds
[[1452  462]
 [  18   78]]
acc: 0.761
f1: 0.245
[[1841   73]
 [  65   31]]
acc: 0.931
f1: 0.310
5,82,coarse : 27.53 seconds
5,82,fine : 27.54 seconds
[[1456  458]
 [  18   78]]
acc: 0.763
f1: 0.247
[[1841   73]
 [  65   31]]
acc: 0.931
f1: 0.310
5,83,coarse : 27.38 seconds
5,83,fine : 27.4 seconds
[[1452  462]
 [  18   78]]
acc: 0.761
f1: 0.245
[[1841   73]
 [  64   32]]
acc: 0.932
f1: 0.318
5,84,coarse : 27.82 seconds
5,84,fine : 27.83 seconds
[[1453  461]
 [  18   78]]
acc: 0.762
f1: 0.246
[[1841   73]
 [  64   32]]
acc: 0.932
f1: 0.318
5,85,coarse : 27.99 seconds
5,85,fine : 28.0 seconds
[[1456  458]
 [  19   77]]
acc: 0.763
f1: 0.244
[[1841   73]
 [  64   32]]
acc: 0.932
f1: 0.318
5,86,coarse : 28.61 seconds
5,86,fine : 28.62 seconds
[[1450  464]
 [  19   77]]
acc: 0.760
f1: 0.242
[[1844   70]
 [  64   32]]
acc: 0.933
f1: 0.323
5,87,coarse : 29.09 seconds
5,87,fine : 29.1 seconds
[[1454  460]
 [  20   76]]
acc: 0.761
f1: 0.241
[[1845   69]
 [  63   33]]
acc: 0.934
f1: 0.333
5,88,coarse : 29.78 seconds
5,88,fine : 29.8 seconds
[[1453  461]
 [  20   76]]
acc: 0.761
f1: 0.240
[[1845   69]
 [  64   32]]
acc: 0.934
f1: 0.325
5,89,coarse : 29.88 seconds
5,89,fine : 29.89 seconds
[[1455  459]
 [  20   76]]
acc: 0.762
f1: 0.241
[[1846   68]
 [  64   32]]
acc: 0.934
f1: 0.327
5,90,coarse : 30.11 seconds
5,90,fine : 30.12 seconds
[[1450  464]
 [  18   78]]
acc: 0.760
f1: 0.245
[[1843   71]
 [  66   30]]
acc: 0.932
f1: 0.305
5,91,coarse : 29.79 seconds
5,91,fine : 29.8 seconds
[[1454  460]
 [  20   76]]
acc: 0.761
f1: 0.241
[[1842   72]
 [  65   31]]
acc: 0.932
f1: 0.312
5,92,coarse : 30.65 seconds
5,92,fine : 30.66 seconds
[[1456  458]
 [  19   77]]
acc: 0.763
f1: 0.244
[[1844   70]
 [  66   30]]
acc: 0.932
f1: 0.306
5,93,coarse : 30.51 seconds
5,93,fine : 30.53 seconds
[[1458  456]
 [  19   77]]
acc: 0.764
f1: 0.245
[[1843   71]
 [  66   30]]
acc: 0.932
f1: 0.305
5,94,coarse : 30.18 seconds
5,94,fine : 30.19 seconds
[[1453  461]
 [  20   76]]
acc: 0.761
f1: 0.240
[[1843   71]
 [  65   31]]
acc: 0.932
f1: 0.313
5,95,coarse : 31.2 seconds
5,95,fine : 31.22 seconds
[[1455  459]
 [  19   77]]
acc: 0.762
f1: 0.244
[[1844   70]
 [  66   30]]
acc: 0.932
f1: 0.306
5,96,coarse : 32.24 seconds
5,96,fine : 32.26 seconds
[[1453  461]
 [  19   77]]
acc: 0.761
f1: 0.243
[[1844   70]
 [  66   30]]
acc: 0.932
f1: 0.306
5,97,coarse : 32.44 seconds
5,97,fine : 32.46 seconds
[[1455  459]
 [  19   77]]
acc: 0.762
f1: 0.244
[[1847   67]
 [  66   30]]
acc: 0.934
f1: 0.311
5,98,coarse : 32.14 seconds
5,98,fine : 32.15 seconds
[[1454  460]
 [  19   77]]
acc: 0.762
f1: 0.243
[[1848   66]
 [  67   29]]
acc: 0.934
f1: 0.304
5,99,coarse : 32.63 seconds
5,99,fine : 32.65 seconds
[[1450  464]
 [  20   76]]
acc: 0.759
f1: 0.239
[[1847   67]
 [  64   32]]
acc: 0.935
f1: 0.328
5,100,coarse : 34.77 seconds
5,100,fine : 34.78 seconds
[[1448  466]
 [  20   76]]
acc: 0.758
f1: 0.238
[[1847   67]
 [  64   32]]
acc: 0.935
f1: 0.328
5,101,coarse : 34.21 seconds
5,101,fine : 34.22 seconds
[[1454  460]
 [  20   76]]
acc: 0.761
f1: 0.241
[[1847   67]
 [  64   32]]
acc: 0.935
f1: 0.328
5,102,coarse : 34.48 seconds
5,102,fine : 34.49 seconds
[[1454  460]
 [  20   76]]
acc: 0.761
f1: 0.241
[[1848   66]
 [  64   32]]
acc: 0.935
f1: 0.330
5,103,coarse : 34.17 seconds
5,103,fine : 34.18 seconds
[[1461  453]
 [  21   75]]
acc: 0.764
f1: 0.240
[[1848   66]
 [  64   32]]
acc: 0.935
f1: 0.330
5,104,coarse : 35.67 seconds
5,104,fine : 35.69 seconds
[[1461  453]
 [  21   75]]
acc: 0.764
f1: 0.240
[[1847   67]
 [  65   31]]
acc: 0.934
f1: 0.320
5,105,coarse : 36.18 seconds
5,105,fine : 36.2 seconds
[[1452  462]
 [  19   77]]
acc: 0.761
f1: 0.243
[[1847   67]
 [  65   31]]
acc: 0.934
f1: 0.320
5,106,coarse : 35.38 seconds
5,106,fine : 35.4 seconds
[[1456  458]
 [  18   78]]
acc: 0.763
f1: 0.247
[[1847   67]
 [  65   31]]
acc: 0.934
f1: 0.320
5,107,coarse : 36.84 seconds
5,107,fine : 36.85 seconds
[[1461  453]
 [  20   76]]
acc: 0.765
f1: 0.243
[[1845   69]
 [  65   31]]
acc: 0.933
f1: 0.316
5,108,coarse : 36.52 seconds
5,108,fine : 36.54 seconds
[[1462  452]
 [  21   75]]
acc: 0.765
f1: 0.241
[[1844   70]
 [  62   34]]
acc: 0.934
f1: 0.340
5,109,coarse : 37.01 seconds
5,109,fine : 37.02 seconds
[[1461  453]
 [  18   78]]
acc: 0.766
f1: 0.249
[[1848   66]
 [  60   36]]
acc: 0.937
f1: 0.364
5,110,coarse : 37.99 seconds
5,110,fine : 38.01 seconds
[[1460  454]
 [  18   78]]
acc: 0.765
f1: 0.248
[[1849   65]
 [  60   36]]
acc: 0.938
f1: 0.365
5,111,coarse : 38.34 seconds
5,111,fine : 38.35 seconds
[[1453  461]
 [  19   77]]
acc: 0.761
f1: 0.243
[[1849   65]
 [  60   36]]
acc: 0.938
f1: 0.365
5,112,coarse : 38.36 seconds
5,112,fine : 38.38 seconds
[[1453  461]
 [  18   78]]
acc: 0.762
f1: 0.246
[[1849   65]
 [  60   36]]
acc: 0.938
f1: 0.365
5,113,coarse : 38.05 seconds
5,113,fine : 38.06 seconds
[[1458  456]
 [  19   77]]
acc: 0.764
f1: 0.245
[[1847   67]
 [  61   35]]
acc: 0.936
f1: 0.354
5,114,coarse : 39.57 seconds
5,114,fine : 39.58 seconds
[[1457  457]
 [  18   78]]
acc: 0.764
f1: 0.247
[[1847   67]
 [  61   35]]
acc: 0.936
f1: 0.354
5,115,coarse : 39.57 seconds
5,115,fine : 39.59 seconds
[[1458  456]
 [  18   78]]
acc: 0.764
f1: 0.248
[[1846   68]
 [  60   36]]
acc: 0.936
f1: 0.360
5,116,coarse : 40.24 seconds
5,116,fine : 40.26 seconds
[[1454  460]
 [  19   77]]
acc: 0.762
f1: 0.243
[[1850   64]
 [  60   36]]
acc: 0.938
f1: 0.367
5,117,coarse : 40.53 seconds
5,117,fine : 40.54 seconds
[[1454  460]
 [  19   77]]
acc: 0.762
f1: 0.243
[[1845   69]
 [  58   38]]
acc: 0.937
f1: 0.374
5,118,coarse : 40.28 seconds
5,118,fine : 40.29 seconds
[[1456  458]
 [  19   77]]
acc: 0.763
f1: 0.244
[[1842   72]
 [  60   36]]
acc: 0.934
f1: 0.353
5,119,coarse : 41.61 seconds
5,119,fine : 41.62 seconds
[[1460  454]
 [  19   77]]
acc: 0.765
f1: 0.246
[[1841   73]
 [  60   36]]
acc: 0.934
f1: 0.351
5,120,coarse : 41.09 seconds
5,120,fine : 41.11 seconds
[[1462  452]
 [  19   77]]
acc: 0.766
f1: 0.246
[[1843   71]
 [  60   36]]
acc: 0.935
f1: 0.355
5,121,coarse : 42.14 seconds
5,121,fine : 42.16 seconds
[[1463  451]
 [  19   77]]
acc: 0.766
f1: 0.247
[[1844   70]
 [  62   34]]
acc: 0.934
f1: 0.340
5,122,coarse : 42.35 seconds
5,122,fine : 42.37 seconds
[[1465  449]
 [  19   77]]
acc: 0.767
f1: 0.248
[[1843   71]
 [  60   36]]
acc: 0.935
f1: 0.355
5,123,coarse : 42.57 seconds
5,123,fine : 42.58 seconds
[[1463  451]
 [  19   77]]
acc: 0.766
f1: 0.247
[[1842   72]
 [  61   35]]
acc: 0.934
f1: 0.345
5,124,coarse : 42.65 seconds
5,124,fine : 42.67 seconds
[[1467  447]
 [  19   77]]
acc: 0.768
f1: 0.248
[[1842   72]
 [  59   37]]
acc: 0.935
f1: 0.361
5,125,coarse : 43.94 seconds
5,125,fine : 43.96 seconds
[[1465  449]
 [  19   77]]
acc: 0.767
f1: 0.248
[[1839   75]
 [  61   35]]
acc: 0.932
f1: 0.340
5,126,coarse : 43.38 seconds
5,126,fine : 43.39 seconds
[[1469  445]
 [  20   76]]
acc: 0.769
f1: 0.246
[[1839   75]
 [  59   37]]
acc: 0.933
f1: 0.356
5,127,coarse : 44.45 seconds
5,127,fine : 44.47 seconds
[[1465  449]
 [  20   76]]
acc: 0.767
f1: 0.245
[[1839   75]
 [  61   35]]
acc: 0.932
f1: 0.340
5,128,coarse : 43.76 seconds
5,128,fine : 43.78 seconds
[[1464  450]
 [  20   76]]
acc: 0.766
f1: 0.244
[[1841   73]
 [  60   36]]
acc: 0.934
f1: 0.351
5,129,coarse : 45.2 seconds
5,129,fine : 45.22 seconds
[[1455  459]
 [  20   76]]
acc: 0.762
f1: 0.241
[[1841   73]
 [  59   37]]
acc: 0.934
f1: 0.359
5,130,coarse : 44.5 seconds
5,130,fine : 44.52 seconds
[[1460  454]
 [  20   76]]
acc: 0.764
f1: 0.243
[[1845   69]
 [  59   37]]
acc: 0.936
f1: 0.366
5,131,coarse : 46.19 seconds
5,131,fine : 46.21 seconds
[[1461  453]
 [  20   76]]
acc: 0.765
f1: 0.243
[[1846   68]
 [  59   37]]
acc: 0.937
f1: 0.368
5,132,coarse : 46.03 seconds
5,132,fine : 46.04 seconds
[[1457  457]
 [  20   76]]
acc: 0.763
f1: 0.242
[[1844   70]
 [  60   36]]
acc: 0.935
f1: 0.356
5,133,coarse : 46.9 seconds
5,133,fine : 46.92 seconds
[[1461  453]
 [  20   76]]
acc: 0.765
f1: 0.243
[[1844   70]
 [  59   37]]
acc: 0.936
f1: 0.365
5,134,coarse : 47.38 seconds
5,134,fine : 47.39 seconds
[[1458  456]
 [  20   76]]
acc: 0.763
f1: 0.242
[[1840   74]
 [  58   38]]
acc: 0.934
f1: 0.365
5,135,coarse : 47.45 seconds
5,135,fine : 47.47 seconds
[[1457  457]
 [  20   76]]
acc: 0.763
f1: 0.242
[[1841   73]
 [  58   38]]
acc: 0.935
f1: 0.367
5,136,coarse : 47.5 seconds
5,136,fine : 47.51 seconds
[[1459  455]
 [  20   76]]
acc: 0.764
f1: 0.242
[[1841   73]
 [  58   38]]
acc: 0.935
f1: 0.367
5,137,coarse : 47.22 seconds
5,137,fine : 47.23 seconds
[[1461  453]
 [  20   76]]
acc: 0.765
f1: 0.243
[[1842   72]
 [  58   38]]
acc: 0.935
f1: 0.369
5,138,coarse : 47.32 seconds
5,138,fine : 47.33 seconds
[[1470  444]
 [  19   77]]
acc: 0.770
f1: 0.250
[[1844   70]
 [  58   38]]
acc: 0.936
f1: 0.373
5,139,coarse : 48.69 seconds
5,139,fine : 48.7 seconds
[[1466  448]
 [  18   78]]
acc: 0.768
f1: 0.251
[[1845   69]
 [  58   38]]
acc: 0.937
f1: 0.374
5,140,coarse : 49.97 seconds
5,140,fine : 49.99 seconds
[[1461  453]
 [  18   78]]
acc: 0.766
f1: 0.249
[[1845   69]
 [  59   37]]
acc: 0.936
f1: 0.366
5,141,coarse : 49.43 seconds
5,141,fine : 49.44 seconds
[[1466  448]
 [  18   78]]
acc: 0.768
f1: 0.251
[[1844   70]
 [  57   39]]
acc: 0.937
f1: 0.380
5,142,coarse : 50.08 seconds
5,142,fine : 50.1 seconds
[[1469  445]
 [  18   78]]
acc: 0.770
f1: 0.252
[[1842   72]
 [  57   39]]
acc: 0.936
f1: 0.377
5,143,coarse : 50.34 seconds
5,143,fine : 50.35 seconds
[[1468  446]
 [  18   78]]
acc: 0.769
f1: 0.252
[[1841   73]
 [  57   39]]
acc: 0.935
f1: 0.375
5,144,coarse : 49.22 seconds
5,144,fine : 49.23 seconds
[[1471  443]
 [  18   78]]
acc: 0.771
f1: 0.253
[[1837   77]
 [  57   39]]
acc: 0.933
f1: 0.368
5,145,coarse : 48.47 seconds
5,145,fine : 48.49 seconds
[[1468  446]
 [  18   78]]
acc: 0.769
f1: 0.252
[[1834   80]
 [  58   38]]
acc: 0.931
f1: 0.355
5,146,coarse : 49.04 seconds
5,146,fine : 49.06 seconds
[[1469  445]
 [  19   77]]
acc: 0.769
f1: 0.249
[[1837   77]
 [  56   40]]
acc: 0.934
f1: 0.376
5,147,coarse : 50.65 seconds
5,147,fine : 50.66 seconds
[[1472  442]
 [  19   77]]
acc: 0.771
f1: 0.250
[[1837   77]
 [  56   40]]
acc: 0.934
f1: 0.376
5,148,coarse : 51.23 seconds
5,148,fine : 51.24 seconds
[[1473  441]
 [  19   77]]
acc: 0.771
f1: 0.251
[[1838   76]
 [  55   41]]
acc: 0.935
f1: 0.385
5,149,coarse : 51.53 seconds
5,149,fine : 51.55 seconds
[[1474  440]
 [  19   77]]
acc: 0.772
f1: 0.251
[[1834   80]
 [  55   41]]
acc: 0.933
f1: 0.378
5,150,coarse : 53.69 seconds
5,150,fine : 53.71 seconds
[[1474  440]
 [  19   77]]
acc: 0.772
f1: 0.251
[[1834   80]
 [  56   40]]
acc: 0.932
f1: 0.370
5,151,coarse : 50.47 seconds
5,151,fine : 50.49 seconds
[[1477  437]
 [  20   76]]
acc: 0.773
f1: 0.250
[[1837   77]
 [  56   40]]
acc: 0.934
f1: 0.376
5,152,coarse : 51.9 seconds
5,152,fine : 51.92 seconds
[[1472  442]
 [  20   76]]
acc: 0.770
f1: 0.248
[[1834   80]
 [  56   40]]
acc: 0.932
f1: 0.370
5,153,coarse : 53.15 seconds
5,153,fine : 53.17 seconds
[[1478  436]
 [  20   76]]
acc: 0.773
f1: 0.250
[[1835   79]
 [  58   38]]
acc: 0.932
f1: 0.357
5,154,coarse : 52.02 seconds
5,154,fine : 52.04 seconds
[[1475  439]
 [  20   76]]
acc: 0.772
f1: 0.249
[[1834   80]
 [  58   38]]
acc: 0.931
f1: 0.355
5,155,coarse : 52.78 seconds
5,155,fine : 52.8 seconds
[[1478  436]
 [  20   76]]
acc: 0.773
f1: 0.250
[[1834   80]
 [  58   38]]
acc: 0.931
f1: 0.355
5,156,coarse : 54.72 seconds
5,156,fine : 54.74 seconds
[[1480  434]
 [  20   76]]
acc: 0.774
f1: 0.251
[[1835   79]
 [  57   39]]
acc: 0.932
f1: 0.364
5,157,coarse : 54.84 seconds
5,157,fine : 54.86 seconds
[[1477  437]
 [  20   76]]
acc: 0.773
f1: 0.250
[[1836   78]
 [  57   39]]
acc: 0.933
f1: 0.366
5,158,coarse : 54.98 seconds
5,158,fine : 55.0 seconds
[[1478  436]
 [  20   76]]
acc: 0.773
f1: 0.250
[[1832   82]
 [  57   39]]
acc: 0.931
f1: 0.359
5,159,coarse : 55.63 seconds
5,159,fine : 55.65 seconds
[[1477  437]
 [  20   76]]
acc: 0.773
f1: 0.250
[[1833   81]
 [  57   39]]
acc: 0.931
f1: 0.361
5,160,coarse : 55.88 seconds
5,160,fine : 55.9 seconds
[[1477  437]
 [  20   76]]
acc: 0.773
f1: 0.250
[[1837   77]
 [  58   38]]
acc: 0.933
f1: 0.360
5,161,coarse : 55.76 seconds
5,161,fine : 55.79 seconds
[[1477  437]
 [  20   76]]
acc: 0.773
f1: 0.250
[[1836   78]
 [  57   39]]
acc: 0.933
f1: 0.366
5,162,coarse : 56.74 seconds
5,162,fine : 56.76 seconds
[[1481  433]
 [  20   76]]
acc: 0.775
f1: 0.251
[[1834   80]
 [  58   38]]
acc: 0.931
f1: 0.355
5,163,coarse : 58.66 seconds
5,163,fine : 58.68 seconds
[[1479  435]
 [  20   76]]
acc: 0.774
f1: 0.250
[[1832   82]
 [  55   41]]
acc: 0.932
f1: 0.374
5,164,coarse : 58.17 seconds
5,164,fine : 58.19 seconds
[[1473  441]
 [  20   76]]
acc: 0.771
f1: 0.248
[[1833   81]
 [  55   41]]
acc: 0.932
f1: 0.376
5,165,coarse : 58.22 seconds
5,165,fine : 58.24 seconds
[[1472  442]
 [  20   76]]
acc: 0.770
f1: 0.248
[[1835   79]
 [  55   41]]
acc: 0.933
f1: 0.380
5,166,coarse : 57.61 seconds
5,166,fine : 57.62 seconds
[[1473  441]
 [  20   76]]
acc: 0.771
f1: 0.248
[[1835   79]
 [  55   41]]
acc: 0.933
f1: 0.380
5,167,coarse : 57.24 seconds
5,167,fine : 57.26 seconds
[[1474  440]
 [  20   76]]
acc: 0.771
f1: 0.248
[[1836   78]
 [  54   42]]
acc: 0.934
f1: 0.389
5,168,coarse : 58.91 seconds
5,168,fine : 58.93 seconds
[[1476  438]
 [  20   76]]
acc: 0.772
f1: 0.249
[[1833   81]
 [  54   42]]
acc: 0.933
f1: 0.384
5,169,coarse : 58.84 seconds
5,169,fine : 58.86 seconds
[[1475  439]
 [  20   76]]
acc: 0.772
f1: 0.249
[[1833   81]
 [  55   41]]
acc: 0.932
f1: 0.376
5,170,coarse : 60.24 seconds
5,170,fine : 60.27 seconds
[[1474  440]
 [  19   77]]
acc: 0.772
f1: 0.251
[[1835   79]
 [  55   41]]
acc: 0.933
f1: 0.380
5,171,coarse : 60.76 seconds
5,171,fine : 60.78 seconds
[[1474  440]
 [  19   77]]
acc: 0.772
f1: 0.251
[[1835   79]
 [  55   41]]
acc: 0.933
f1: 0.380
5,172,coarse : 61.5 seconds
5,172,fine : 61.52 seconds
