all           0      1    2    3    4    5    6    7    8    
1      2010   1914   1    19   32   19   1    11   6    7    
2      2010   1914   1    19   32   19   1    11   6    7    
3      2010   1914   1    19   32   19   1    11   5    8    
4      2010   1914   1    19   32   19   1    10   6    8    
5      2010   1914   1    18   33   19   1    10   6    8    
6      2010   1914   1    18   33   19   1    10   6    8    
7      2010   1913   2    18   33   19   1    10   6    8    
8      2010   1913   2    18   33   19   1    10   6    8    
9      2009   1913   2    18   32   19   2    10   6    7    
10     2009   1913   1    19   32   19   1    11   6    7    
Total  20098  19136  13   185  324  190  11   104  59   76   
train         0      1    2    3    4    5    6    7    8    
1      2010   1914   1    19   32   19   1    11   6    7    
2      2010   1914   1    19   32   19   1    11   6    7    
3      2010   1914   1    19   32   19   1    11   5    8    
4      2010   1914   1    19   32   19   1    10   6    8    
5      2010   1914   1    18   33   19   1    10   6    8    
6      2010   1914   1    18   33   19   1    10   6    8    
7      2010   1913   2    18   33   19   1    10   6    8    
9      2009   1913   2    18   32   19   2    10   6    7    
10     2009   1913   1    19   32   19   1    11   6    7    
Total  18088  17223  11   167  291  171  10   94   53   68   
test          0      1    2    3    4    5    6    7    8    
8      2010   1913   2    18   33   19   1    10   6    8    
Total  2010   1913   2    18   33   19   1    10   6    8    
Classes             
0         17223     
1         11        
2         167       
3         291       
4         171       
5         10        
6         94        
7         53        
8         68        
Total     18088     

Shape: 450       

[952, 10, 11, 16, 11, 10, 10, 10, 10]
Sum start => 1040
[[1448  465]
 [  22   75]]
acc: 0.758
f1: 0.235
[[1893   20]
 [  93    4]]
acc: 0.944
f1: 0.066
8,1,coarse : 38.98 seconds
8,1,fine : 38.98 seconds
[[1448  465]
 [  22   75]]
acc: 0.758
f1: 0.235
[[1893   20]
 [  93    4]]
acc: 0.944
f1: 0.066
8,2,coarse : 41.39 seconds
8,2,fine : 41.4 seconds
[[1432  481]
 [  24   73]]
acc: 0.749
f1: 0.224
[[1895   18]
 [  92    5]]
acc: 0.945
f1: 0.083
8,3,coarse : 5.71 seconds
8,3,fine : 5.71 seconds
[[1442  471]
 [  25   72]]
acc: 0.753
f1: 0.225
[[1898   15]
 [  92    5]]
acc: 0.947
f1: 0.085
8,4,coarse : 5.81 seconds
8,4,fine : 5.81 seconds
[[1441  472]
 [  26   71]]
acc: 0.752
f1: 0.222
[[1899   14]
 [  92    5]]
acc: 0.947
f1: 0.086
8,5,coarse : 6.09 seconds
8,5,fine : 6.1 seconds
[[1408  505]
 [  22   75]]
acc: 0.738
f1: 0.222
[[1899   14]
 [  94    3]]
acc: 0.946
f1: 0.053
8,6,coarse : 6.44 seconds
8,6,fine : 6.44 seconds
[[1399  514]
 [  19   78]]
acc: 0.735
f1: 0.226
[[1899   14]
 [  95    2]]
acc: 0.946
f1: 0.035
8,7,coarse : 6.46 seconds
8,7,fine : 6.46 seconds
[[1412  501]
 [  19   78]]
acc: 0.741
f1: 0.231
[[1900   13]
 [  93    4]]
acc: 0.947
f1: 0.070
8,8,coarse : 6.64 seconds
8,8,fine : 6.64 seconds
[[1431  482]
 [  19   78]]
acc: 0.751
f1: 0.237
[[1900   13]
 [  93    4]]
acc: 0.947
f1: 0.070
8,9,coarse : 6.99 seconds
8,9,fine : 6.99 seconds
[[1434  479]
 [  20   77]]
acc: 0.752
f1: 0.236
[[1900   13]
 [  93    4]]
acc: 0.947
f1: 0.070
8,10,coarse : 7.24 seconds
8,10,fine : 7.25 seconds
[[1438  475]
 [  19   78]]
acc: 0.754
f1: 0.240
[[1897   16]
 [  92    5]]
acc: 0.946
f1: 0.085
8,11,coarse : 7.5 seconds
8,11,fine : 7.5 seconds
[[1445  468]
 [  19   78]]
acc: 0.758
f1: 0.243
[[1893   20]
 [  92    5]]
acc: 0.944
f1: 0.082
8,12,coarse : 7.74 seconds
8,12,fine : 7.74 seconds
[[1441  472]
 [  19   78]]
acc: 0.756
f1: 0.241
[[1890   23]
 [  88    9]]
acc: 0.945
f1: 0.140
8,13,coarse : 7.93 seconds
8,13,fine : 7.94 seconds
[[1421  492]
 [  20   77]]
acc: 0.745
f1: 0.231
[[1889   24]
 [  89    8]]
acc: 0.944
f1: 0.124
8,14,coarse : 8.33 seconds
8,14,fine : 8.33 seconds
[[1425  488]
 [  19   78]]
acc: 0.748
f1: 0.235
[[1891   22]
 [  89    8]]
acc: 0.945
f1: 0.126
8,15,coarse : 8.6 seconds
8,15,fine : 8.6 seconds
[[1428  485]
 [  19   78]]
acc: 0.749
f1: 0.236
[[1887   26]
 [  86   11]]
acc: 0.944
f1: 0.164
8,16,coarse : 8.85 seconds
8,16,fine : 8.86 seconds
[[1447  466]
 [  19   78]]
acc: 0.759
f1: 0.243
[[1886   27]
 [  85   12]]
acc: 0.944
f1: 0.176
8,17,coarse : 9.0 seconds
8,17,fine : 9.01 seconds
[[1456  457]
 [  19   78]]
acc: 0.763
f1: 0.247
[[1888   25]
 [  84   13]]
acc: 0.946
f1: 0.193
8,18,coarse : 9.04 seconds
8,18,fine : 9.04 seconds
[[1448  465]
 [  19   78]]
acc: 0.759
f1: 0.244
[[1886   27]
 [  82   15]]
acc: 0.946
f1: 0.216
8,19,coarse : 9.56 seconds
8,19,fine : 9.57 seconds
[[1454  459]
 [  20   77]]
acc: 0.762
f1: 0.243
[[1887   26]
 [  83   14]]
acc: 0.946
f1: 0.204
8,20,coarse : 9.83 seconds
8,20,fine : 9.84 seconds
[[1443  470]
 [  21   76]]
acc: 0.756
f1: 0.236
[[1886   27]
 [  81   16]]
acc: 0.946
f1: 0.229
8,21,coarse : 9.91 seconds
8,21,fine : 9.92 seconds
[[1445  468]
 [  20   77]]
acc: 0.757
f1: 0.240
[[1885   28]
 [  81   16]]
acc: 0.946
f1: 0.227
8,22,coarse : 10.16 seconds
8,22,fine : 10.16 seconds
[[1436  477]
 [  21   76]]
acc: 0.752
f1: 0.234
[[1885   28]
 [  79   18]]
acc: 0.947
f1: 0.252
8,23,coarse : 10.45 seconds
8,23,fine : 10.46 seconds
[[1430  483]
 [  21   76]]
acc: 0.749
f1: 0.232
[[1885   28]
 [  79   18]]
acc: 0.947
f1: 0.252
8,24,coarse : 10.66 seconds
8,24,fine : 10.66 seconds
[[1446  467]
 [  18   79]]
acc: 0.759
f1: 0.246
[[1883   30]
 [  79   18]]
acc: 0.946
f1: 0.248
8,25,coarse : 10.99 seconds
8,25,fine : 11.0 seconds
[[1437  476]
 [  17   80]]
acc: 0.755
f1: 0.245
[[1881   32]
 [  79   18]]
acc: 0.945
f1: 0.245
8,26,coarse : 11.58 seconds
8,26,fine : 11.58 seconds
[[1445  468]
 [  19   78]]
acc: 0.758
f1: 0.243
[[1881   32]
 [  78   19]]
acc: 0.945
f1: 0.257
8,27,coarse : 11.66 seconds
8,27,fine : 11.67 seconds
[[1426  487]
 [  17   80]]
acc: 0.749
f1: 0.241
[[1879   34]
 [  77   20]]
acc: 0.945
f1: 0.265
8,28,coarse : 11.96 seconds
8,28,fine : 11.97 seconds
[[1434  479]
 [  20   77]]
acc: 0.752
f1: 0.236
[[1877   36]
 [  76   21]]
acc: 0.944
f1: 0.273
8,29,coarse : 11.98 seconds
8,29,fine : 11.98 seconds
[[1429  484]
 [  19   78]]
acc: 0.750
f1: 0.237
[[1879   34]
 [  77   20]]
acc: 0.945
f1: 0.265
8,30,coarse : 12.39 seconds
8,30,fine : 12.4 seconds
[[1422  491]
 [  20   77]]
acc: 0.746
f1: 0.232
[[1881   32]
 [  79   18]]
acc: 0.945
f1: 0.245
8,31,coarse : 12.74 seconds
8,31,fine : 12.75 seconds
[[1418  495]
 [  19   78]]
acc: 0.744
f1: 0.233
[[1878   35]
 [  76   21]]
acc: 0.945
f1: 0.275
8,32,coarse : 12.87 seconds
8,32,fine : 12.88 seconds
[[1421  492]
 [  18   79]]
acc: 0.746
f1: 0.237
[[1876   37]
 [  76   21]]
acc: 0.944
f1: 0.271
8,33,coarse : 13.03 seconds
8,33,fine : 13.03 seconds
[[1421  492]
 [  19   78]]
acc: 0.746
f1: 0.234
[[1867   46]
 [  74   23]]
acc: 0.940
f1: 0.277
8,34,coarse : 13.01 seconds
8,34,fine : 13.01 seconds
[[1432  481]
 [  19   78]]
acc: 0.751
f1: 0.238
[[1868   45]
 [  73   24]]
acc: 0.941
f1: 0.289
8,35,coarse : 13.6 seconds
8,35,fine : 13.61 seconds
[[1410  503]
 [  19   78]]
acc: 0.740
f1: 0.230
[[1870   43]
 [  72   25]]
acc: 0.943
f1: 0.303
8,36,coarse : 14.16 seconds
8,36,fine : 14.16 seconds
[[1414  499]
 [  19   78]]
acc: 0.742
f1: 0.231
[[1868   45]
 [  71   26]]
acc: 0.942
f1: 0.310
8,37,coarse : 14.52 seconds
8,37,fine : 14.53 seconds
[[1413  500]
 [  19   78]]
acc: 0.742
f1: 0.231
[[1872   41]
 [  73   24]]
acc: 0.943
f1: 0.296
8,38,coarse : 14.76 seconds
8,38,fine : 14.76 seconds
[[1418  495]
 [  19   78]]
acc: 0.744
f1: 0.233
[[1877   36]
 [  75   22]]
acc: 0.945
f1: 0.284
8,39,coarse : 14.99 seconds
8,39,fine : 15.0 seconds
[[1424  489]
 [  20   77]]
acc: 0.747
f1: 0.232
[[1876   37]
 [  74   23]]
acc: 0.945
f1: 0.293
8,40,coarse : 15.19 seconds
8,40,fine : 15.2 seconds
[[1435  478]
 [  17   80]]
acc: 0.754
f1: 0.244
[[1876   37]
 [  73   24]]
acc: 0.945
f1: 0.304
8,41,coarse : 15.52 seconds
8,41,fine : 15.52 seconds
[[1423  490]
 [  17   80]]
acc: 0.748
f1: 0.240
[[1873   40]
 [  74   23]]
acc: 0.943
f1: 0.288
8,42,coarse : 15.49 seconds
8,42,fine : 15.5 seconds
[[1434  479]
 [  18   79]]
acc: 0.753
f1: 0.241
[[1875   38]
 [  74   23]]
acc: 0.944
f1: 0.291
8,43,coarse : 15.9 seconds
8,43,fine : 15.91 seconds
[[1432  481]
 [  18   79]]
acc: 0.752
f1: 0.240
[[1875   38]
 [  72   25]]
acc: 0.945
f1: 0.312
8,44,coarse : 16.1 seconds
8,44,fine : 16.1 seconds
[[1435  478]
 [  19   78]]
acc: 0.753
f1: 0.239
[[1875   38]
 [  72   25]]
acc: 0.945
f1: 0.312
8,45,coarse : 16.47 seconds
8,45,fine : 16.48 seconds
[[1437  476]
 [  17   80]]
acc: 0.755
f1: 0.245
[[1876   37]
 [  72   25]]
acc: 0.946
f1: 0.314
8,46,coarse : 16.23 seconds
8,46,fine : 16.23 seconds
[[1441  472]
 [  18   79]]
acc: 0.756
f1: 0.244
[[1875   38]
 [  72   25]]
acc: 0.945
f1: 0.312
8,47,coarse : 16.58 seconds
8,47,fine : 16.58 seconds
[[1446  467]
 [  19   78]]
acc: 0.758
f1: 0.243
[[1875   38]
 [  69   28]]
acc: 0.947
f1: 0.344
8,48,coarse : 17.2 seconds
8,48,fine : 17.21 seconds
[[1447  466]
 [  20   77]]
acc: 0.758
f1: 0.241
[[1870   43]
 [  71   26]]
acc: 0.943
f1: 0.313
8,49,coarse : 17.29 seconds
8,49,fine : 17.3 seconds
[[1442  471]
 [  19   78]]
acc: 0.756
f1: 0.241
[[1873   40]
 [  70   27]]
acc: 0.945
f1: 0.329
8,50,coarse : 19.6 seconds
8,50,fine : 19.61 seconds
[[1449  464]
 [  19   78]]
acc: 0.760
f1: 0.244
[[1866   47]
 [  68   29]]
acc: 0.943
f1: 0.335
8,51,coarse : 17.48 seconds
8,51,fine : 17.49 seconds
[[1447  466]
 [  19   78]]
acc: 0.759
f1: 0.243
[[1868   45]
 [  68   29]]
acc: 0.944
f1: 0.339
8,52,coarse : 17.86 seconds
8,52,fine : 17.87 seconds
[[1449  464]
 [  19   78]]
acc: 0.760
f1: 0.244
[[1872   41]
 [  68   29]]
acc: 0.946
f1: 0.347
8,53,coarse : 18.55 seconds
8,53,fine : 18.56 seconds
[[1452  461]
 [  19   78]]
acc: 0.761
f1: 0.245
[[1869   44]
 [  67   30]]
acc: 0.945
f1: 0.351
8,54,coarse : 18.94 seconds
8,54,fine : 18.94 seconds
[[1453  460]
 [  19   78]]
acc: 0.762
f1: 0.246
[[1867   46]
 [  65   32]]
acc: 0.945
f1: 0.366
8,55,coarse : 19.11 seconds
8,55,fine : 19.12 seconds
[[1453  460]
 [  19   78]]
acc: 0.762
f1: 0.246
[[1867   46]
 [  68   29]]
acc: 0.943
f1: 0.337
8,56,coarse : 19.68 seconds
8,56,fine : 19.69 seconds
[[1455  458]
 [  19   78]]
acc: 0.763
f1: 0.246
[[1873   40]
 [  67   30]]
acc: 0.947
f1: 0.359
8,57,coarse : 19.66 seconds
8,57,fine : 19.67 seconds
[[1456  457]
 [  19   78]]
acc: 0.763
f1: 0.247
[[1869   44]
 [  65   32]]
acc: 0.946
f1: 0.370
8,58,coarse : 20.02 seconds
8,58,fine : 20.03 seconds
[[1459  454]
 [  19   78]]
acc: 0.765
f1: 0.248
[[1868   45]
 [  66   31]]
acc: 0.945
f1: 0.358
8,59,coarse : 20.11 seconds
8,59,fine : 20.12 seconds
[[1454  459]
 [  19   78]]
acc: 0.762
f1: 0.246
[[1868   45]
 [  65   32]]
acc: 0.945
f1: 0.368
8,60,coarse : 20.24 seconds
8,60,fine : 20.25 seconds
[[1450  463]
 [  19   78]]
acc: 0.760
f1: 0.245
[[1869   44]
 [  64   33]]
acc: 0.946
f1: 0.379
8,61,coarse : 20.68 seconds
8,61,fine : 20.69 seconds
[[1456  457]
 [  19   78]]
acc: 0.763
f1: 0.247
[[1868   45]
 [  64   33]]
acc: 0.946
f1: 0.377
8,62,coarse : 21.33 seconds
8,62,fine : 21.34 seconds
[[1450  463]
 [  19   78]]
acc: 0.760
f1: 0.245
[[1866   47]
 [  64   33]]
acc: 0.945
f1: 0.373
8,63,coarse : 21.19 seconds
8,63,fine : 21.2 seconds
[[1451  462]
 [  18   79]]
acc: 0.761
f1: 0.248
[[1865   48]
 [  64   33]]
acc: 0.944
f1: 0.371
8,64,coarse : 22.42 seconds
8,64,fine : 22.43 seconds
[[1452  461]
 [  19   78]]
acc: 0.761
f1: 0.245
[[1866   47]
 [  64   33]]
acc: 0.945
f1: 0.373
8,65,coarse : 22.84 seconds
8,65,fine : 22.85 seconds
[[1451  462]
 [  19   78]]
acc: 0.761
f1: 0.245
[[1867   46]
 [  63   34]]
acc: 0.946
f1: 0.384
8,66,coarse : 22.46 seconds
8,66,fine : 22.47 seconds
[[1448  465]
 [  18   79]]
acc: 0.760
f1: 0.246
[[1867   46]
 [  62   35]]
acc: 0.946
f1: 0.393
8,67,coarse : 23.14 seconds
8,67,fine : 23.15 seconds
[[1451  462]
 [  18   79]]
acc: 0.761
f1: 0.248
[[1867   46]
 [  62   35]]
acc: 0.946
f1: 0.393
8,68,coarse : 22.5 seconds
8,68,fine : 22.51 seconds
[[1453  460]
 [  18   79]]
acc: 0.762
f1: 0.248
[[1868   45]
 [  62   35]]
acc: 0.947
f1: 0.395
8,69,coarse : 22.84 seconds
8,69,fine : 22.86 seconds
[[1456  457]
 [  18   79]]
acc: 0.764
f1: 0.250
[[1864   49]
 [  63   34]]
acc: 0.944
f1: 0.378
8,70,coarse : 23.4 seconds
8,70,fine : 23.41 seconds
[[1463  450]
 [  16   81]]
acc: 0.768
f1: 0.258
[[1863   50]
 [  62   35]]
acc: 0.944
f1: 0.385
8,71,coarse : 24.08 seconds
8,71,fine : 24.09 seconds
[[1458  455]
 [  16   81]]
acc: 0.766
f1: 0.256
[[1864   49]
 [  62   35]]
acc: 0.945
f1: 0.387
8,72,coarse : 24.55 seconds
8,72,fine : 24.56 seconds
[[1452  461]
 [  16   81]]
acc: 0.763
f1: 0.254
[[1866   47]
 [  62   35]]
acc: 0.946
f1: 0.391
8,73,coarse : 24.92 seconds
8,73,fine : 24.93 seconds
[[1461  452]
 [  16   81]]
acc: 0.767
f1: 0.257
[[1867   46]
 [  62   35]]
acc: 0.946
f1: 0.393
8,74,coarse : 25.35 seconds
8,74,fine : 25.36 seconds
[[1462  451]
 [  16   81]]
acc: 0.768
f1: 0.258
[[1862   51]
 [  62   35]]
acc: 0.944
f1: 0.383
8,75,coarse : 25.21 seconds
8,75,fine : 25.22 seconds
[[1455  458]
 [  15   82]]
acc: 0.765
f1: 0.257
[[1864   49]
 [  62   35]]
acc: 0.945
f1: 0.387
8,76,coarse : 25.44 seconds
8,76,fine : 25.45 seconds
[[1461  452]
 [  17   80]]
acc: 0.767
f1: 0.254
[[1862   51]
 [  61   36]]
acc: 0.944
f1: 0.391
8,77,coarse : 25.13 seconds
8,77,fine : 25.14 seconds
[[1460  453]
 [  16   81]]
acc: 0.767
f1: 0.257
[[1863   50]
 [  61   36]]
acc: 0.945
f1: 0.393
8,78,coarse : 26.07 seconds
8,78,fine : 26.08 seconds
[[1454  459]
 [  16   81]]
acc: 0.764
f1: 0.254
[[1868   45]
 [  64   33]]
acc: 0.946
f1: 0.377
8,79,coarse : 26.8 seconds
8,79,fine : 26.81 seconds
[[1447  466]
 [  16   81]]
acc: 0.760
f1: 0.252
[[1868   45]
 [  64   33]]
acc: 0.946
f1: 0.377
8,80,coarse : 26.65 seconds
8,80,fine : 26.66 seconds
[[1444  469]
 [  16   81]]
acc: 0.759
f1: 0.250
[[1865   48]
 [  64   33]]
acc: 0.944
f1: 0.371
8,81,coarse : 27.41 seconds
8,81,fine : 27.42 seconds
[[1443  470]
 [  16   81]]
acc: 0.758
f1: 0.250
[[1865   48]
 [  64   33]]
acc: 0.944
f1: 0.371
8,82,coarse : 27.63 seconds
8,82,fine : 27.64 seconds
[[1444  469]
 [  16   81]]
acc: 0.759
f1: 0.250
[[1865   48]
 [  64   33]]
acc: 0.944
f1: 0.371
8,83,coarse : 27.63 seconds
8,83,fine : 27.64 seconds
[[1445  468]
 [  16   81]]
acc: 0.759
f1: 0.251
[[1864   49]
 [  63   34]]
acc: 0.944
f1: 0.378
8,84,coarse : 27.97 seconds
8,84,fine : 27.98 seconds
[[1447  466]
 [  16   81]]
acc: 0.760
f1: 0.252
[[1864   49]
 [  62   35]]
acc: 0.945
f1: 0.387
8,85,coarse : 28.75 seconds
8,85,fine : 28.76 seconds
[[1447  466]
 [  16   81]]
acc: 0.760
f1: 0.252
[[1860   53]
 [  62   35]]
acc: 0.943
f1: 0.378
8,86,coarse : 29.46 seconds
8,86,fine : 29.47 seconds
[[1446  467]
 [  16   81]]
acc: 0.760
f1: 0.251
[[1861   52]
 [  62   35]]
acc: 0.943
f1: 0.380
8,87,coarse : 29.75 seconds
8,87,fine : 29.76 seconds
[[1439  474]
 [  16   81]]
acc: 0.756
f1: 0.248
[[1862   51]
 [  63   34]]
acc: 0.943
f1: 0.374
8,88,coarse : 29.89 seconds
8,88,fine : 29.9 seconds
[[1440  473]
 [  17   80]]
acc: 0.756
f1: 0.246
[[1862   51]
 [  63   34]]
acc: 0.943
f1: 0.374
8,89,coarse : 30.46 seconds
8,89,fine : 30.47 seconds
[[1440  473]
 [  17   80]]
acc: 0.756
f1: 0.246
[[1862   51]
 [  63   34]]
acc: 0.943
f1: 0.374
8,90,coarse : 30.42 seconds
8,90,fine : 30.44 seconds
[[1435  478]
 [  18   79]]
acc: 0.753
f1: 0.242
[[1863   50]
 [  62   35]]
acc: 0.944
f1: 0.385
8,91,coarse : 31.39 seconds
8,91,fine : 31.4 seconds
[[1441  472]
 [  18   79]]
acc: 0.756
f1: 0.244
[[1864   49]
 [  62   35]]
acc: 0.945
f1: 0.387
8,92,coarse : 31.93 seconds
8,92,fine : 31.94 seconds
[[1439  474]
 [  18   79]]
acc: 0.755
f1: 0.243
[[1862   51]
 [  62   35]]
acc: 0.944
f1: 0.383
8,93,coarse : 31.73 seconds
8,93,fine : 31.74 seconds
[[1436  477]
 [  17   80]]
acc: 0.754
f1: 0.245
[[1864   49]
 [  62   35]]
acc: 0.945
f1: 0.387
8,94,coarse : 32.65 seconds
8,94,fine : 32.66 seconds
[[1440  473]
 [  17   80]]
acc: 0.756
f1: 0.246
[[1863   50]
 [  62   35]]
acc: 0.944
f1: 0.385
8,95,coarse : 32.9 seconds
8,95,fine : 32.91 seconds
[[1437  476]
 [  17   80]]
acc: 0.755
f1: 0.245
[[1864   49]
 [  62   35]]
acc: 0.945
f1: 0.387
8,96,coarse : 32.9 seconds
8,96,fine : 32.92 seconds
[[1439  474]
 [  17   80]]
acc: 0.756
f1: 0.246
[[1865   48]
 [  62   35]]
acc: 0.945
f1: 0.389
8,97,coarse : 32.17 seconds
8,97,fine : 32.19 seconds
[[1439  474]
 [  18   79]]
acc: 0.755
f1: 0.243
[[1863   50]
 [  63   34]]
acc: 0.944
f1: 0.376
8,98,coarse : 33.51 seconds
8,98,fine : 33.53 seconds
[[1440  473]
 [  18   79]]
acc: 0.756
f1: 0.243
[[1863   50]
 [  63   34]]
acc: 0.944
f1: 0.376
8,99,coarse : 34.42 seconds
8,99,fine : 34.44 seconds
[[1443  470]
 [  18   79]]
acc: 0.757
f1: 0.245
[[1862   51]
 [  64   33]]
acc: 0.943
f1: 0.365
8,100,coarse : 36.63 seconds
8,100,fine : 36.64 seconds
[[1444  469]
 [  18   79]]
acc: 0.758
f1: 0.245
[[1860   53]
 [  62   35]]
acc: 0.943
f1: 0.378
8,101,coarse : 35.49 seconds
8,101,fine : 35.5 seconds
[[1446  467]
 [  18   79]]
acc: 0.759
f1: 0.246
[[1862   51]
 [  63   34]]
acc: 0.943
f1: 0.374
8,102,coarse : 35.12 seconds
8,102,fine : 35.13 seconds
[[1452  461]
 [  18   79]]
acc: 0.762
f1: 0.248
[[1861   52]
 [  59   38]]
acc: 0.945
f1: 0.406
8,103,coarse : 35.56 seconds
8,103,fine : 35.57 seconds
[[1448  465]
 [  17   80]]
acc: 0.760
f1: 0.249
[[1860   53]
 [  61   36]]
acc: 0.943
f1: 0.387
8,104,coarse : 35.31 seconds
8,104,fine : 35.32 seconds
[[1450  463]
 [  17   80]]
acc: 0.761
f1: 0.250
[[1863   50]
 [  60   37]]
acc: 0.945
f1: 0.402
8,105,coarse : 35.96 seconds
8,105,fine : 35.97 seconds
[[1455  458]
 [  18   79]]
acc: 0.763
f1: 0.249
[[1861   52]
 [  60   37]]
acc: 0.944
f1: 0.398
8,106,coarse : 37.51 seconds
8,106,fine : 37.52 seconds
[[1456  457]
 [  18   79]]
acc: 0.764
f1: 0.250
[[1860   53]
 [  60   37]]
acc: 0.944
f1: 0.396
8,107,coarse : 37.68 seconds
8,107,fine : 37.69 seconds
[[1454  459]
 [  18   79]]
acc: 0.763
f1: 0.249
[[1858   55]
 [  59   38]]
acc: 0.943
f1: 0.400
8,108,coarse : 37.04 seconds
8,108,fine : 37.05 seconds
[[1450  463]
 [  18   79]]
acc: 0.761
f1: 0.247
[[1854   59]
 [  58   39]]
acc: 0.942
f1: 0.400
8,109,coarse : 37.66 seconds
8,109,fine : 37.67 seconds
[[1454  459]
 [  18   79]]
acc: 0.763
f1: 0.249
[[1858   55]
 [  58   39]]
acc: 0.944
f1: 0.408
8,110,coarse : 38.02 seconds
8,110,fine : 38.03 seconds
[[1460  453]
 [  16   81]]
acc: 0.767
f1: 0.257
[[1857   56]
 [  57   40]]
acc: 0.944
f1: 0.415
8,111,coarse : 37.9 seconds
8,111,fine : 37.91 seconds
[[1452  461]
 [  16   81]]
acc: 0.763
f1: 0.254
[[1858   55]
 [  58   39]]
acc: 0.944
f1: 0.408
8,112,coarse : 38.84 seconds
8,112,fine : 38.86 seconds
[[1454  459]
 [  15   82]]
acc: 0.764
f1: 0.257
[[1860   53]
 [  58   39]]
acc: 0.945
f1: 0.413
8,113,coarse : 39.47 seconds
8,113,fine : 39.48 seconds
[[1459  454]
 [  15   82]]
acc: 0.767
f1: 0.259
[[1858   55]
 [  59   38]]
acc: 0.943
f1: 0.400
8,114,coarse : 39.53 seconds
8,114,fine : 39.54 seconds
[[1458  455]
 [  15   82]]
acc: 0.766
f1: 0.259
[[1859   54]
 [  56   41]]
acc: 0.945
f1: 0.427
8,115,coarse : 39.36 seconds
8,115,fine : 39.38 seconds
[[1459  454]
 [  15   82]]
acc: 0.767
f1: 0.259
[[1856   57]
 [  55   42]]
acc: 0.944
f1: 0.429
8,116,coarse : 39.81 seconds
8,116,fine : 39.82 seconds
[[1457  456]
 [  15   82]]
acc: 0.766
f1: 0.258
[[1857   56]
 [  54   43]]
acc: 0.945
f1: 0.439
8,117,coarse : 40.04 seconds
8,117,fine : 40.05 seconds
[[1459  454]
 [  15   82]]
acc: 0.767
f1: 0.259
[[1857   56]
 [  53   44]]
acc: 0.946
f1: 0.447
8,118,coarse : 39.54 seconds
8,118,fine : 39.56 seconds
[[1459  454]
 [  15   82]]
acc: 0.767
f1: 0.259
[[1856   57]
 [  54   43]]
acc: 0.945
f1: 0.437
8,119,coarse : 40.21 seconds
8,119,fine : 40.22 seconds
[[1458  455]
 [  15   82]]
acc: 0.766
f1: 0.259
[[1858   55]
 [  52   45]]
acc: 0.947
f1: 0.457
8,120,coarse : 40.34 seconds
8,120,fine : 40.35 seconds
[[1459  454]
 [  16   81]]
acc: 0.766
f1: 0.256
[[1855   58]
 [  52   45]]
acc: 0.945
f1: 0.450
8,121,coarse : 40.42 seconds
8,121,fine : 40.43 seconds
[[1458  455]
 [  17   80]]
acc: 0.765
f1: 0.253
[[1856   57]
 [  53   44]]
acc: 0.945
f1: 0.444
8,122,coarse : 42.37 seconds
8,122,fine : 42.39 seconds
[[1461  452]
 [  17   80]]
acc: 0.767
f1: 0.254
[[1854   59]
 [  54   43]]
acc: 0.944
f1: 0.432
8,123,coarse : 42.85 seconds
8,123,fine : 42.86 seconds
[[1462  451]
 [  17   80]]
acc: 0.767
f1: 0.255
[[1854   59]
 [  54   43]]
acc: 0.944
f1: 0.432
8,124,coarse : 42.21 seconds
8,124,fine : 42.23 seconds
[[1463  450]
 [  16   81]]
acc: 0.768
f1: 0.258
[[1852   61]
 [  54   43]]
acc: 0.943
f1: 0.428
8,125,coarse : 43.0 seconds
8,125,fine : 43.01 seconds
[[1465  448]
 [  16   81]]
acc: 0.769
f1: 0.259
[[1854   59]
 [  53   44]]
acc: 0.944
f1: 0.440
8,126,coarse : 42.55 seconds
8,126,fine : 42.56 seconds
[[1469  444]
 [  16   81]]
acc: 0.771
f1: 0.260
[[1852   61]
 [  54   43]]
acc: 0.943
f1: 0.428
8,127,coarse : 42.56 seconds
8,127,fine : 42.57 seconds
[[1472  441]
 [  16   81]]
acc: 0.773
f1: 0.262
[[1851   62]
 [  54   43]]
acc: 0.942
f1: 0.426
8,128,coarse : 43.84 seconds
8,128,fine : 43.86 seconds
[[1468  445]
 [  16   81]]
acc: 0.771
f1: 0.260
[[1851   62]
 [  54   43]]
acc: 0.942
f1: 0.426
8,129,coarse : 43.68 seconds
8,129,fine : 43.69 seconds
[[1471  442]
 [  16   81]]
acc: 0.772
f1: 0.261
[[1852   61]
 [  54   43]]
acc: 0.943
f1: 0.428
8,130,coarse : 44.8 seconds
8,130,fine : 44.82 seconds
[[1470  443]
 [  16   81]]
acc: 0.772
f1: 0.261
[[1852   61]
 [  54   43]]
acc: 0.943
f1: 0.428
8,131,coarse : 45.2 seconds
8,131,fine : 45.22 seconds
[[1466  447]
 [  16   81]]
acc: 0.770
f1: 0.259
[[1855   58]
 [  55   42]]
acc: 0.944
f1: 0.426
8,132,coarse : 46.61 seconds
8,132,fine : 46.63 seconds
[[1465  448]
 [  16   81]]
acc: 0.769
f1: 0.259
[[1856   57]
 [  55   42]]
acc: 0.944
f1: 0.429
8,133,coarse : 45.82 seconds
8,133,fine : 45.83 seconds
[[1466  447]
 [  16   81]]
acc: 0.770
f1: 0.259
[[1855   58]
 [  55   42]]
acc: 0.944
f1: 0.426
8,134,coarse : 45.41 seconds
8,134,fine : 45.43 seconds
[[1470  443]
 [  16   81]]
acc: 0.772
f1: 0.261
[[1856   57]
 [  54   43]]
acc: 0.945
f1: 0.437
8,135,coarse : 45.75 seconds
8,135,fine : 45.77 seconds
[[1465  448]
 [  16   81]]
acc: 0.769
f1: 0.259
[[1854   59]
 [  53   44]]
acc: 0.944
f1: 0.440
8,136,coarse : 46.59 seconds
8,136,fine : 46.61 seconds
[[1464  449]
 [  15   82]]
acc: 0.769
f1: 0.261
[[1856   57]
 [  53   44]]
acc: 0.945
f1: 0.444
8,137,coarse : 47.18 seconds
8,137,fine : 47.2 seconds
[[1460  453]
 [  15   82]]
acc: 0.767
f1: 0.259
[[1856   57]
 [  55   42]]
acc: 0.944
f1: 0.429
8,138,coarse : 48.0 seconds
8,138,fine : 48.02 seconds
[[1463  450]
 [  15   82]]
acc: 0.769
f1: 0.261
[[1857   56]
 [  55   42]]
acc: 0.945
f1: 0.431
8,139,coarse : 48.05 seconds
8,139,fine : 48.07 seconds
[[1461  452]
 [  15   82]]
acc: 0.768
f1: 0.260
[[1857   56]
 [  53   44]]
acc: 0.946
f1: 0.447
8,140,coarse : 48.07 seconds
8,140,fine : 48.08 seconds
[[1465  448]
 [  16   81]]
acc: 0.769
f1: 0.259
[[1857   56]
 [  53   44]]
acc: 0.946
f1: 0.447
8,141,coarse : 50.0 seconds
8,141,fine : 50.02 seconds
[[1467  446]
 [  16   81]]
acc: 0.770
f1: 0.260
[[1858   55]
 [  53   44]]
acc: 0.946
f1: 0.449
8,142,coarse : 49.2 seconds
8,142,fine : 49.22 seconds
[[1472  441]
 [  16   81]]
acc: 0.773
f1: 0.262
[[1858   55]
 [  52   45]]
acc: 0.947
f1: 0.457
8,143,coarse : 49.23 seconds
8,143,fine : 49.25 seconds
[[1466  447]
 [  15   82]]
acc: 0.770
f1: 0.262
[[1854   59]
 [  53   44]]
acc: 0.944
f1: 0.440
8,144,coarse : 49.28 seconds
8,144,fine : 49.29 seconds
[[1469  444]
 [  15   82]]
acc: 0.772
f1: 0.263
[[1856   57]
 [  53   44]]
acc: 0.945
f1: 0.444
8,145,coarse : 49.78 seconds
8,145,fine : 49.8 seconds
[[1471  442]
 [  15   82]]
acc: 0.773
f1: 0.264
[[1855   58]
 [  53   44]]
acc: 0.945
f1: 0.442
8,146,coarse : 50.7 seconds
8,146,fine : 50.72 seconds
[[1469  444]
 [  15   82]]
acc: 0.772
f1: 0.263
[[1855   58]
 [  54   43]]
acc: 0.944
f1: 0.434
8,147,coarse : 50.48 seconds
8,147,fine : 50.49 seconds
[[1466  447]
 [  15   82]]
acc: 0.770
f1: 0.262
[[1852   61]
 [  54   43]]
acc: 0.943
f1: 0.428
8,148,coarse : 52.3 seconds
8,148,fine : 52.32 seconds
[[1466  447]
 [  15   82]]
acc: 0.770
f1: 0.262
[[1853   60]
 [  54   43]]
acc: 0.943
f1: 0.430
8,149,coarse : 52.03 seconds
8,149,fine : 52.05 seconds
[[1467  446]
 [  15   82]]
acc: 0.771
f1: 0.262
[[1854   59]
 [  54   43]]
acc: 0.944
f1: 0.432
8,150,coarse : 53.83 seconds
8,150,fine : 53.84 seconds
[[1457  456]
 [  16   81]]
acc: 0.765
f1: 0.256
[[1854   59]
 [  54   43]]
acc: 0.944
f1: 0.432
8,151,coarse : 52.68 seconds
8,151,fine : 52.7 seconds
[[1463  450]
 [  16   81]]
acc: 0.768
f1: 0.258
[[1856   57]
 [  53   44]]
acc: 0.945
f1: 0.444
8,152,coarse : 52.33 seconds
8,152,fine : 52.35 seconds
[[1464  449]
 [  16   81]]
acc: 0.769
f1: 0.258
[[1853   60]
 [  54   43]]
acc: 0.943
f1: 0.430
8,153,coarse : 53.52 seconds
8,153,fine : 53.54 seconds
[[1465  448]
 [  16   81]]
acc: 0.769
f1: 0.259
[[1852   61]
 [  54   43]]
acc: 0.943
f1: 0.428
8,154,coarse : 54.3 seconds
8,154,fine : 54.32 seconds
[[1461  452]
 [  16   81]]
acc: 0.767
f1: 0.257
[[1853   60]
 [  54   43]]
acc: 0.943
f1: 0.430
8,155,coarse : 54.01 seconds
8,155,fine : 54.03 seconds
[[1464  449]
 [  15   82]]
acc: 0.769
f1: 0.261
[[1853   60]
 [  57   40]]
acc: 0.942
f1: 0.406
8,156,coarse : 54.94 seconds
8,156,fine : 54.96 seconds
[[1466  447]
 [  15   82]]
acc: 0.770
f1: 0.262
[[1854   59]
 [  56   41]]
acc: 0.943
f1: 0.416
8,157,coarse : 56.09 seconds
8,157,fine : 56.11 seconds
[[1468  445]
 [  15   82]]
acc: 0.771
f1: 0.263
[[1855   58]
 [  56   41]]
acc: 0.943
f1: 0.418
8,158,coarse : 55.59 seconds
8,158,fine : 55.61 seconds
[[1464  449]
 [  15   82]]
acc: 0.769
f1: 0.261
[[1853   60]
 [  53   44]]
acc: 0.944
f1: 0.438
8,159,coarse : 54.85 seconds
8,159,fine : 54.86 seconds
[[1466  447]
 [  15   82]]
acc: 0.770
f1: 0.262
[[1854   59]
 [  55   42]]
acc: 0.943
f1: 0.424
8,160,coarse : 55.86 seconds
8,160,fine : 55.88 seconds
[[1465  448]
 [  15   82]]
acc: 0.770
f1: 0.262
[[1853   60]
 [  54   43]]
acc: 0.943
f1: 0.430
8,161,coarse : 56.41 seconds
8,161,fine : 56.43 seconds
[[1464  449]
 [  15   82]]
acc: 0.769
f1: 0.261
[[1854   59]
 [  55   42]]
acc: 0.943
f1: 0.424
8,162,coarse : 55.35 seconds
8,162,fine : 55.37 seconds
[[1464  449]
 [  15   82]]
acc: 0.769
f1: 0.261
[[1853   60]
 [  55   42]]
acc: 0.943
f1: 0.422
8,163,coarse : 55.26 seconds
8,163,fine : 55.28 seconds
[[1466  447]
 [  15   82]]
acc: 0.770
f1: 0.262
[[1851   62]
 [  54   43]]
acc: 0.942
f1: 0.426
8,164,coarse : 56.65 seconds
8,164,fine : 56.67 seconds
[[1462  451]
 [  14   83]]
acc: 0.769
f1: 0.263
[[1852   61]
 [  54   43]]
acc: 0.943
f1: 0.428
8,165,coarse : 57.58 seconds
8,165,fine : 57.6 seconds
[[1459  454]
 [  14   83]]
acc: 0.767
f1: 0.262
[[1853   60]
 [  54   43]]
acc: 0.943
f1: 0.430
8,166,coarse : 59.14 seconds
8,166,fine : 59.16 seconds
[[1461  452]
 [  15   82]]
acc: 0.768
f1: 0.260
[[1852   61]
 [  54   43]]
acc: 0.943
f1: 0.428
8,167,coarse : 58.08 seconds
8,167,fine : 58.1 seconds
[[1462  451]
 [  15   82]]
acc: 0.768
f1: 0.260
[[1852   61]
 [  55   42]]
acc: 0.942
f1: 0.420
8,168,coarse : 58.64 seconds
8,168,fine : 58.66 seconds
[[1464  449]
 [  15   82]]
acc: 0.769
f1: 0.261
[[1853   60]
 [  55   42]]
acc: 0.943
f1: 0.422
8,169,coarse : 58.5 seconds
8,169,fine : 58.53 seconds
[[1465  448]
 [  15   82]]
acc: 0.770
f1: 0.262
[[1852   61]
 [  54   43]]
acc: 0.943
f1: 0.428
8,170,coarse : 58.71 seconds
8,170,fine : 58.73 seconds
[[1467  446]
 [  15   82]]
acc: 0.771
f1: 0.262
[[1853   60]
 [  54   43]]
acc: 0.943
f1: 0.430
8,171,coarse : 57.87 seconds
8,171,fine : 57.89 seconds
[[1468  445]
 [  15   82]]
acc: 0.771
f1: 0.263
[[1854   59]
 [  53   44]]
acc: 0.944
f1: 0.440
8,172,coarse : 56.74 seconds
8,172,fine : 56.76 seconds
