all           0      1    2    3    4    5    6    7    8    
1      2010   1914   1    19   32   19   1    11   6    7    
2      2010   1914   1    19   32   19   1    11   6    7    
3      2010   1914   1    19   32   19   1    11   5    8    
4      2010   1914   1    19   32   19   1    10   6    8    
5      2010   1914   1    18   33   19   1    10   6    8    
6      2010   1914   1    18   33   19   1    10   6    8    
7      2010   1913   2    18   33   19   1    10   6    8    
8      2010   1913   2    18   33   19   1    10   6    8    
9      2009   1913   2    18   32   19   2    10   6    7    
10     2009   1913   1    19   32   19   1    11   6    7    
Total  20098  19136  13   185  324  190  11   104  59   76   
train         0      1    2    3    4    5    6    7    8    
1      2010   1914   1    19   32   19   1    11   6    7    
2      2010   1914   1    19   32   19   1    11   6    7    
3      2010   1914   1    19   32   19   1    11   5    8    
4      2010   1914   1    19   32   19   1    10   6    8    
5      2010   1914   1    18   33   19   1    10   6    8    
6      2010   1914   1    18   33   19   1    10   6    8    
7      2010   1913   2    18   33   19   1    10   6    8    
8      2010   1913   2    18   33   19   1    10   6    8    
9      2009   1913   2    18   32   19   2    10   6    7    
Total  18089  17223  12   166  292  171  10   93   53   69   
test          0      1    2    3    4    5    6    7    8    
10     2009   1913   1    19   32   19   1    11   6    7    
Total  2009   1913   1    19   32   19   1    11   6    7    
Classes             
0         17223     
1         12        
2         166       
3         292       
4         171       
5         10        
6         93        
7         53        
8         69        
Total     18089     

Shape: 450       

[952, 10, 11, 16, 11, 10, 10, 10, 10]
Sum start => 1040
[[1415  498]
 [  19   77]]
acc: 0.743
f1: 0.230
[[1885   28]
 [  86   10]]
acc: 0.943
f1: 0.149
10,1,coarse : 40.27 seconds
10,1,fine : 40.28 seconds
[[1415  498]
 [  19   77]]
acc: 0.743
f1: 0.230
[[1885   28]
 [  86   10]]
acc: 0.943
f1: 0.149
10,2,coarse : 42.68 seconds
10,2,fine : 42.69 seconds
[[1418  495]
 [  19   77]]
acc: 0.744
f1: 0.231
[[1883   30]
 [  87    9]]
acc: 0.942
f1: 0.133
10,3,coarse : 5.42 seconds
10,3,fine : 5.42 seconds
[[1432  481]
 [  17   79]]
acc: 0.752
f1: 0.241
[[1881   32]
 [  86   10]]
acc: 0.941
f1: 0.145
10,4,coarse : 6.13 seconds
10,4,fine : 6.14 seconds
[[1440  473]
 [  21   75]]
acc: 0.754
f1: 0.233
[[1885   28]
 [  84   12]]
acc: 0.944
f1: 0.176
10,5,coarse : 6.21 seconds
10,5,fine : 6.21 seconds
[[1425  488]
 [  19   77]]
acc: 0.748
f1: 0.233
[[1886   27]
 [  83   13]]
acc: 0.945
f1: 0.191
10,6,coarse : 6.45 seconds
10,6,fine : 6.45 seconds
[[1435  478]
 [  19   77]]
acc: 0.753
f1: 0.237
[[1887   26]
 [  82   14]]
acc: 0.946
f1: 0.206
10,7,coarse : 6.68 seconds
10,7,fine : 6.68 seconds
[[1426  487]
 [  17   79]]
acc: 0.749
f1: 0.239
[[1884   29]
 [  76   20]]
acc: 0.948
f1: 0.276
10,8,coarse : 6.64 seconds
10,8,fine : 6.64 seconds
[[1445  468]
 [  18   78]]
acc: 0.758
f1: 0.243
[[1885   28]
 [  79   17]]
acc: 0.947
f1: 0.241
10,9,coarse : 7.26 seconds
10,9,fine : 7.26 seconds
[[1461  452]
 [  19   77]]
acc: 0.766
f1: 0.246
[[1882   31]
 [  78   18]]
acc: 0.946
f1: 0.248
10,10,coarse : 7.35 seconds
10,10,fine : 7.35 seconds
[[1471  442]
 [  19   77]]
acc: 0.771
f1: 0.250
[[1885   28]
 [  76   20]]
acc: 0.948
f1: 0.278
10,11,coarse : 7.89 seconds
10,11,fine : 7.9 seconds
[[1486  427]
 [  19   77]]
acc: 0.778
f1: 0.257
[[1885   28]
 [  77   19]]
acc: 0.948
f1: 0.266
10,12,coarse : 7.79 seconds
10,12,fine : 7.79 seconds
[[1483  430]
 [  19   77]]
acc: 0.777
f1: 0.255
[[1883   30]
 [  73   23]]
acc: 0.949
f1: 0.309
10,13,coarse : 8.24 seconds
10,13,fine : 8.24 seconds
[[1484  429]
 [  19   77]]
acc: 0.777
f1: 0.256
[[1881   32]
 [  67   29]]
acc: 0.951
f1: 0.369
10,14,coarse : 8.38 seconds
10,14,fine : 8.38 seconds
[[1481  432]
 [  19   77]]
acc: 0.776
f1: 0.255
[[1880   33]
 [  68   28]]
acc: 0.950
f1: 0.357
10,15,coarse : 8.57 seconds
10,15,fine : 8.58 seconds
[[1496  417]
 [  20   76]]
acc: 0.782
f1: 0.258
[[1884   29]
 [  69   27]]
acc: 0.951
f1: 0.355
10,16,coarse : 8.99 seconds
10,16,fine : 9.0 seconds
[[1493  420]
 [  20   76]]
acc: 0.781
f1: 0.257
[[1884   29]
 [  69   27]]
acc: 0.951
f1: 0.355
10,17,coarse : 9.33 seconds
10,17,fine : 9.33 seconds
[[1475  438]
 [  19   77]]
acc: 0.773
f1: 0.252
[[1875   38]
 [  69   27]]
acc: 0.947
f1: 0.335
10,18,coarse : 9.6 seconds
10,18,fine : 9.61 seconds
[[1485  428]
 [  21   75]]
acc: 0.777
f1: 0.250
[[1873   40]
 [  68   28]]
acc: 0.946
f1: 0.341
10,19,coarse : 9.95 seconds
10,19,fine : 9.96 seconds
[[1488  425]
 [  21   75]]
acc: 0.778
f1: 0.252
[[1872   41]
 [  68   28]]
acc: 0.946
f1: 0.339
10,20,coarse : 10.22 seconds
10,20,fine : 10.23 seconds
[[1502  411]
 [  21   75]]
acc: 0.785
f1: 0.258
[[1869   44]
 [  68   28]]
acc: 0.944
f1: 0.333
10,21,coarse : 10.06 seconds
10,21,fine : 10.06 seconds
[[1484  429]
 [  21   75]]
acc: 0.776
f1: 0.250
[[1870   43]
 [  68   28]]
acc: 0.945
f1: 0.335
10,22,coarse : 10.63 seconds
10,22,fine : 10.63 seconds
[[1483  430]
 [  21   75]]
acc: 0.776
f1: 0.250
[[1872   41]
 [  69   27]]
acc: 0.945
f1: 0.329
10,23,coarse : 11.0 seconds
10,23,fine : 11.01 seconds
[[1475  438]
 [  21   75]]
acc: 0.772
f1: 0.246
[[1871   42]
 [  68   28]]
acc: 0.945
f1: 0.337
10,24,coarse : 10.65 seconds
10,24,fine : 10.65 seconds
[[1483  430]
 [  21   75]]
acc: 0.776
f1: 0.250
[[1866   47]
 [  67   29]]
acc: 0.943
f1: 0.337
10,25,coarse : 11.33 seconds
10,25,fine : 11.33 seconds
[[1490  423]
 [  21   75]]
acc: 0.779
f1: 0.253
[[1866   47]
 [  65   31]]
acc: 0.944
f1: 0.356
10,26,coarse : 12.16 seconds
10,26,fine : 12.17 seconds
[[1472  441]
 [  21   75]]
acc: 0.770
f1: 0.245
[[1860   53]
 [  65   31]]
acc: 0.941
f1: 0.344
10,27,coarse : 11.92 seconds
10,27,fine : 11.92 seconds
[[1473  440]
 [  22   74]]
acc: 0.770
f1: 0.243
[[1864   49]
 [  65   31]]
acc: 0.943
f1: 0.352
10,28,coarse : 12.42 seconds
10,28,fine : 12.43 seconds
[[1474  439]
 [  22   74]]
acc: 0.771
f1: 0.243
[[1861   52]
 [  65   31]]
acc: 0.942
f1: 0.346
10,29,coarse : 12.74 seconds
10,29,fine : 12.74 seconds
[[1477  436]
 [  22   74]]
acc: 0.772
f1: 0.244
[[1864   49]
 [  65   31]]
acc: 0.943
f1: 0.352
10,30,coarse : 12.73 seconds
10,30,fine : 12.74 seconds
[[1481  432]
 [  20   76]]
acc: 0.775
f1: 0.252
[[1865   48]
 [  63   33]]
acc: 0.945
f1: 0.373
10,31,coarse : 12.91 seconds
10,31,fine : 12.92 seconds
[[1478  435]
 [  18   78]]
acc: 0.775
f1: 0.256
[[1865   48]
 [  62   34]]
acc: 0.945
f1: 0.382
10,32,coarse : 13.75 seconds
10,32,fine : 13.75 seconds
[[1474  439]
 [  20   76]]
acc: 0.772
f1: 0.249
[[1859   54]
 [  61   35]]
acc: 0.943
f1: 0.378
10,33,coarse : 13.39 seconds
10,33,fine : 13.39 seconds
[[1474  439]
 [  19   77]]
acc: 0.772
f1: 0.252
[[1862   51]
 [  62   34]]
acc: 0.944
f1: 0.376
10,34,coarse : 14.43 seconds
10,34,fine : 14.44 seconds
[[1477  436]
 [  19   77]]
acc: 0.774
f1: 0.253
[[1863   50]
 [  62   34]]
acc: 0.944
f1: 0.378
10,35,coarse : 14.47 seconds
10,35,fine : 14.48 seconds
[[1486  427]
 [  17   79]]
acc: 0.779
f1: 0.262
[[1864   49]
 [  62   34]]
acc: 0.945
f1: 0.380
10,36,coarse : 14.37 seconds
10,36,fine : 14.38 seconds
[[1490  423]
 [  17   79]]
acc: 0.781
f1: 0.264
[[1864   49]
 [  62   34]]
acc: 0.945
f1: 0.380
10,37,coarse : 15.12 seconds
10,37,fine : 15.14 seconds
[[1493  420]
 [  17   79]]
acc: 0.782
f1: 0.266
[[1860   53]
 [  62   34]]
acc: 0.943
f1: 0.372
10,38,coarse : 15.39 seconds
10,38,fine : 15.4 seconds
[[1487  426]
 [  17   79]]
acc: 0.779
f1: 0.263
[[1857   56]
 [  61   35]]
acc: 0.942
f1: 0.374
10,39,coarse : 15.57 seconds
10,39,fine : 15.58 seconds
[[1483  430]
 [  17   79]]
acc: 0.778
f1: 0.261
[[1856   57]
 [  60   36]]
acc: 0.942
f1: 0.381
10,40,coarse : 16.11 seconds
10,40,fine : 16.12 seconds
[[1477  436]
 [  18   78]]
acc: 0.774
f1: 0.256
[[1859   54]
 [  61   35]]
acc: 0.943
f1: 0.378
10,41,coarse : 15.47 seconds
10,41,fine : 15.48 seconds
[[1480  433]
 [  17   79]]
acc: 0.776
f1: 0.260
[[1856   57]
 [  61   35]]
acc: 0.941
f1: 0.372
10,42,coarse : 16.51 seconds
10,42,fine : 16.51 seconds
[[1484  429]
 [  17   79]]
acc: 0.778
f1: 0.262
[[1855   58]
 [  61   35]]
acc: 0.941
f1: 0.370
10,43,coarse : 16.8 seconds
10,43,fine : 16.81 seconds
[[1483  430]
 [  17   79]]
acc: 0.778
f1: 0.261
[[1853   60]
 [  59   37]]
acc: 0.941
f1: 0.383
10,44,coarse : 17.54 seconds
10,44,fine : 17.55 seconds
[[1478  435]
 [  16   80]]
acc: 0.776
f1: 0.262
[[1857   56]
 [  60   36]]
acc: 0.942
f1: 0.383
10,45,coarse : 17.3 seconds
10,45,fine : 17.3 seconds
[[1471  442]
 [  17   79]]
acc: 0.772
f1: 0.256
[[1857   56]
 [  60   36]]
acc: 0.942
f1: 0.383
10,46,coarse : 16.63 seconds
10,46,fine : 16.64 seconds
[[1474  439]
 [  17   79]]
acc: 0.773
f1: 0.257
[[1856   57]
 [  62   34]]
acc: 0.941
f1: 0.364
10,47,coarse : 17.49 seconds
10,47,fine : 17.5 seconds
[[1471  442]
 [  17   79]]
acc: 0.772
f1: 0.256
[[1856   57]
 [  58   38]]
acc: 0.943
f1: 0.398
10,48,coarse : 18.34 seconds
10,48,fine : 18.34 seconds
[[1472  441]
 [  17   79]]
acc: 0.772
f1: 0.256
[[1854   59]
 [  58   38]]
acc: 0.942
f1: 0.394
10,49,coarse : 19.1 seconds
10,49,fine : 19.11 seconds
[[1474  439]
 [  18   78]]
acc: 0.773
f1: 0.254
[[1852   61]
 [  58   38]]
acc: 0.941
f1: 0.390
10,50,coarse : 21.18 seconds
10,50,fine : 21.19 seconds
[[1473  440]
 [  18   78]]
acc: 0.772
f1: 0.254
[[1852   61]
 [  57   39]]
acc: 0.941
f1: 0.398
10,51,coarse : 19.42 seconds
10,51,fine : 19.43 seconds
[[1473  440]
 [  17   79]]
acc: 0.773
f1: 0.257
[[1853   60]
 [  59   37]]
acc: 0.941
f1: 0.383
10,52,coarse : 19.77 seconds
10,52,fine : 19.78 seconds
[[1475  438]
 [  17   79]]
acc: 0.774
f1: 0.258
[[1851   62]
 [  56   40]]
acc: 0.941
f1: 0.404
10,53,coarse : 19.84 seconds
10,53,fine : 19.85 seconds
[[1475  438]
 [  18   78]]
acc: 0.773
f1: 0.255
[[1854   59]
 [  56   40]]
acc: 0.943
f1: 0.410
10,54,coarse : 20.49 seconds
10,54,fine : 20.5 seconds
[[1479  434]
 [  18   78]]
acc: 0.775
f1: 0.257
[[1853   60]
 [  57   39]]
acc: 0.942
f1: 0.400
10,55,coarse : 20.04 seconds
10,55,fine : 20.04 seconds
[[1485  428]
 [  16   80]]
acc: 0.779
f1: 0.265
[[1853   60]
 [  57   39]]
acc: 0.942
f1: 0.400
10,56,coarse : 20.7 seconds
10,56,fine : 20.71 seconds
[[1483  430]
 [  17   79]]
acc: 0.778
f1: 0.261
[[1853   60]
 [  56   40]]
acc: 0.942
f1: 0.408
10,57,coarse : 20.97 seconds
10,57,fine : 20.98 seconds
[[1481  432]
 [  16   80]]
acc: 0.777
f1: 0.263
[[1856   57]
 [  57   39]]
acc: 0.943
f1: 0.406
10,58,coarse : 20.98 seconds
10,58,fine : 20.99 seconds
[[1484  429]
 [  16   80]]
acc: 0.778
f1: 0.264
[[1858   55]
 [  57   39]]
acc: 0.944
f1: 0.411
10,59,coarse : 21.88 seconds
10,59,fine : 21.89 seconds
[[1486  427]
 [  16   80]]
acc: 0.779
f1: 0.265
[[1857   56]
 [  57   39]]
acc: 0.944
f1: 0.408
10,60,coarse : 21.91 seconds
10,60,fine : 21.92 seconds
[[1486  427]
 [  16   80]]
acc: 0.779
f1: 0.265
[[1852   61]
 [  58   38]]
acc: 0.941
f1: 0.390
10,61,coarse : 22.74 seconds
10,61,fine : 22.75 seconds
[[1484  429]
 [  17   79]]
acc: 0.778
f1: 0.262
[[1852   61]
 [  58   38]]
acc: 0.941
f1: 0.390
10,62,coarse : 22.69 seconds
10,62,fine : 22.7 seconds
[[1483  430]
 [  16   80]]
acc: 0.778
f1: 0.264
[[1852   61]
 [  58   38]]
acc: 0.941
f1: 0.390
10,63,coarse : 23.76 seconds
10,63,fine : 23.77 seconds
[[1481  432]
 [  16   80]]
acc: 0.777
f1: 0.263
[[1853   60]
 [  58   38]]
acc: 0.941
f1: 0.392
10,64,coarse : 22.9 seconds
10,64,fine : 22.91 seconds
[[1492  421]
 [  16   80]]
acc: 0.782
f1: 0.268
[[1854   59]
 [  58   38]]
acc: 0.942
f1: 0.394
10,65,coarse : 23.8 seconds
10,65,fine : 23.81 seconds
[[1490  423]
 [  15   81]]
acc: 0.782
f1: 0.270
[[1852   61]
 [  58   38]]
acc: 0.941
f1: 0.390
10,66,coarse : 24.38 seconds
10,66,fine : 24.39 seconds
[[1495  418]
 [  15   81]]
acc: 0.784
f1: 0.272
[[1851   62]
 [  58   38]]
acc: 0.940
f1: 0.388
10,67,coarse : 24.89 seconds
10,67,fine : 24.9 seconds
[[1493  420]
 [  16   80]]
acc: 0.783
f1: 0.268
[[1850   63]
 [  58   38]]
acc: 0.940
f1: 0.386
10,68,coarse : 24.71 seconds
10,68,fine : 24.72 seconds
[[1491  422]
 [  15   81]]
acc: 0.782
f1: 0.270
[[1848   65]
 [  58   38]]
acc: 0.939
f1: 0.382
10,69,coarse : 26.07 seconds
10,69,fine : 26.08 seconds
[[1491  422]
 [  15   81]]
acc: 0.782
f1: 0.270
[[1849   64]
 [  58   38]]
acc: 0.939
f1: 0.384
10,70,coarse : 25.54 seconds
10,70,fine : 25.55 seconds
[[1485  428]
 [  18   78]]
acc: 0.778
f1: 0.259
[[1848   65]
 [  58   38]]
acc: 0.939
f1: 0.382
10,71,coarse : 25.99 seconds
10,71,fine : 26.0 seconds
[[1487  426]
 [  16   80]]
acc: 0.780
f1: 0.266
[[1850   63]
 [  58   38]]
acc: 0.940
f1: 0.386
10,72,coarse : 25.32 seconds
10,72,fine : 25.33 seconds
[[1487  426]
 [  16   80]]
acc: 0.780
f1: 0.266
[[1850   63]
 [  58   38]]
acc: 0.940
f1: 0.386
10,73,coarse : 25.53 seconds
10,73,fine : 25.54 seconds
[[1489  424]
 [  16   80]]
acc: 0.781
f1: 0.267
[[1851   62]
 [  58   38]]
acc: 0.940
f1: 0.388
10,74,coarse : 27.0 seconds
10,74,fine : 27.01 seconds
[[1496  417]
 [  16   80]]
acc: 0.784
f1: 0.270
[[1850   63]
 [  57   39]]
acc: 0.940
f1: 0.394
10,75,coarse : 28.2 seconds
10,75,fine : 28.21 seconds
[[1490  423]
 [  15   81]]
acc: 0.782
f1: 0.270
[[1853   60]
 [  57   39]]
acc: 0.942
f1: 0.400
10,76,coarse : 27.37 seconds
10,76,fine : 27.38 seconds
[[1492  421]
 [  15   81]]
acc: 0.783
f1: 0.271
[[1853   60]
 [  57   39]]
acc: 0.942
f1: 0.400
10,77,coarse : 27.72 seconds
10,77,fine : 27.73 seconds
[[1496  417]
 [  15   81]]
acc: 0.785
f1: 0.273
[[1851   62]
 [  57   39]]
acc: 0.941
f1: 0.396
10,78,coarse : 27.28 seconds
10,78,fine : 27.29 seconds
[[1492  421]
 [  15   81]]
acc: 0.783
f1: 0.271
[[1849   64]
 [  57   39]]
acc: 0.940
f1: 0.392
10,79,coarse : 28.23 seconds
10,79,fine : 28.24 seconds
[[1490  423]
 [  15   81]]
acc: 0.782
f1: 0.270
[[1847   66]
 [  58   38]]
acc: 0.938
f1: 0.380
10,80,coarse : 28.25 seconds
10,80,fine : 28.27 seconds
[[1492  421]
 [  14   82]]
acc: 0.783
f1: 0.274
[[1847   66]
 [  54   42]]
acc: 0.940
f1: 0.412
10,81,coarse : 28.43 seconds
10,81,fine : 28.45 seconds
[[1482  431]
 [  15   81]]
acc: 0.778
f1: 0.266
[[1853   60]
 [  55   41]]
acc: 0.943
f1: 0.416
10,82,coarse : 28.63 seconds
10,82,fine : 28.65 seconds
[[1474  439]
 [  14   82]]
acc: 0.775
f1: 0.266
[[1848   65]
 [  55   41]]
acc: 0.940
f1: 0.406
10,83,coarse : 29.46 seconds
10,83,fine : 29.47 seconds
[[1480  433]
 [  15   81]]
acc: 0.777
f1: 0.266
[[1846   67]
 [  56   40]]
acc: 0.939
f1: 0.394
10,84,coarse : 30.26 seconds
10,84,fine : 30.28 seconds
[[1471  442]
 [  15   81]]
acc: 0.773
f1: 0.262
[[1848   65]
 [  56   40]]
acc: 0.940
f1: 0.398
10,85,coarse : 30.47 seconds
10,85,fine : 30.49 seconds
[[1482  431]
 [  15   81]]
acc: 0.778
f1: 0.266
[[1843   70]
 [  56   40]]
acc: 0.937
f1: 0.388
10,86,coarse : 30.55 seconds
10,86,fine : 30.56 seconds
[[1480  433]
 [  15   81]]
acc: 0.777
f1: 0.266
[[1848   65]
 [  56   40]]
acc: 0.940
f1: 0.398
10,87,coarse : 32.23 seconds
10,87,fine : 32.24 seconds
[[1480  433]
 [  16   80]]
acc: 0.777
f1: 0.263
[[1850   63]
 [  56   40]]
acc: 0.941
f1: 0.402
10,88,coarse : 32.59 seconds
10,88,fine : 32.6 seconds
[[1476  437]
 [  16   80]]
acc: 0.775
f1: 0.261
[[1851   62]
 [  56   40]]
acc: 0.941
f1: 0.404
10,89,coarse : 31.18 seconds
10,89,fine : 31.19 seconds
[[1483  430]
 [  15   81]]
acc: 0.778
f1: 0.267
[[1846   67]
 [  57   39]]
acc: 0.938
f1: 0.386
10,90,coarse : 32.18 seconds
10,90,fine : 32.19 seconds
[[1484  429]
 [  15   81]]
acc: 0.779
f1: 0.267
[[1848   65]
 [  57   39]]
acc: 0.939
f1: 0.390
10,91,coarse : 32.0 seconds
10,91,fine : 32.02 seconds
[[1480  433]
 [  15   81]]
acc: 0.777
f1: 0.266
[[1849   64]
 [  57   39]]
acc: 0.940
f1: 0.392
10,92,coarse : 31.51 seconds
10,92,fine : 31.53 seconds
[[1476  437]
 [  16   80]]
acc: 0.775
f1: 0.261
[[1849   64]
 [  56   40]]
acc: 0.940
f1: 0.400
10,93,coarse : 32.6 seconds
10,93,fine : 32.62 seconds
[[1471  442]
 [  16   80]]
acc: 0.772
f1: 0.259
[[1845   68]
 [  56   40]]
acc: 0.938
f1: 0.392
10,94,coarse : 33.84 seconds
10,94,fine : 33.86 seconds
[[1467  446]
 [  16   80]]
acc: 0.770
f1: 0.257
[[1847   66]
 [  56   40]]
acc: 0.939
f1: 0.396
10,95,coarse : 34.36 seconds
10,95,fine : 34.37 seconds
[[1466  447]
 [  16   80]]
acc: 0.770
f1: 0.257
[[1847   66]
 [  56   40]]
acc: 0.939
f1: 0.396
10,96,coarse : 34.84 seconds
10,96,fine : 34.85 seconds
[[1467  446]
 [  16   80]]
acc: 0.770
f1: 0.257
[[1846   67]
 [  55   41]]
acc: 0.939
f1: 0.402
10,97,coarse : 34.33 seconds
10,97,fine : 34.34 seconds
[[1467  446]
 [  17   79]]
acc: 0.770
f1: 0.254
[[1846   67]
 [  55   41]]
acc: 0.939
f1: 0.402
10,98,coarse : 35.01 seconds
10,98,fine : 35.02 seconds
[[1469  444]
 [  17   79]]
acc: 0.771
f1: 0.255
[[1849   64]
 [  55   41]]
acc: 0.941
f1: 0.408
10,99,coarse : 36.13 seconds
10,99,fine : 36.14 seconds
[[1471  442]
 [  17   79]]
acc: 0.772
f1: 0.256
[[1850   63]
 [  56   40]]
acc: 0.941
f1: 0.402
10,100,coarse : 38.03 seconds
10,100,fine : 38.05 seconds
[[1469  444]
 [  17   79]]
acc: 0.771
f1: 0.255
[[1851   62]
 [  55   41]]
acc: 0.942
f1: 0.412
10,101,coarse : 36.37 seconds
10,101,fine : 36.39 seconds
[[1463  450]
 [  17   79]]
acc: 0.768
f1: 0.253
[[1849   64]
 [  56   40]]
acc: 0.940
f1: 0.400
10,102,coarse : 36.74 seconds
10,102,fine : 36.76 seconds
[[1467  446]
 [  16   80]]
acc: 0.770
f1: 0.257
[[1850   63]
 [  56   40]]
acc: 0.941
f1: 0.402
10,103,coarse : 36.6 seconds
10,103,fine : 36.61 seconds
[[1468  445]
 [  17   79]]
acc: 0.770
f1: 0.255
[[1849   64]
 [  56   40]]
acc: 0.940
f1: 0.400
10,104,coarse : 37.16 seconds
10,104,fine : 37.17 seconds
[[1476  437]
 [  16   80]]
acc: 0.775
f1: 0.261
[[1849   64]
 [  56   40]]
acc: 0.940
f1: 0.400
10,105,coarse : 38.37 seconds
10,105,fine : 38.38 seconds
[[1475  438]
 [  16   80]]
acc: 0.774
f1: 0.261
[[1847   66]
 [  56   40]]
acc: 0.939
f1: 0.396
10,106,coarse : 39.64 seconds
10,106,fine : 39.66 seconds
[[1478  435]
 [  16   80]]
acc: 0.776
f1: 0.262
[[1846   67]
 [  56   40]]
acc: 0.939
f1: 0.394
10,107,coarse : 38.83 seconds
10,107,fine : 38.85 seconds
[[1480  433]
 [  16   80]]
acc: 0.777
f1: 0.263
[[1848   65]
 [  55   41]]
acc: 0.940
f1: 0.406
10,108,coarse : 38.37 seconds
10,108,fine : 38.38 seconds
[[1482  431]
 [  17   79]]
acc: 0.777
f1: 0.261
[[1849   64]
 [  55   41]]
acc: 0.941
f1: 0.408
10,109,coarse : 38.88 seconds
10,109,fine : 38.89 seconds
[[1485  428]
 [  16   80]]
acc: 0.779
f1: 0.265
[[1849   64]
 [  55   41]]
acc: 0.941
f1: 0.408
10,110,coarse : 40.29 seconds
10,110,fine : 40.3 seconds
[[1479  434]
 [  16   80]]
acc: 0.776
f1: 0.262
[[1851   62]
 [  54   42]]
acc: 0.942
f1: 0.420
10,111,coarse : 40.4 seconds
10,111,fine : 40.41 seconds
[[1475  438]
 [  16   80]]
acc: 0.774
f1: 0.261
[[1851   62]
 [  54   42]]
acc: 0.942
f1: 0.420
10,112,coarse : 40.32 seconds
10,112,fine : 40.33 seconds
[[1478  435]
 [  16   80]]
acc: 0.776
f1: 0.262
[[1850   63]
 [  54   42]]
acc: 0.942
f1: 0.418
10,113,coarse : 41.39 seconds
10,113,fine : 41.4 seconds
[[1480  433]
 [  16   80]]
acc: 0.777
f1: 0.263
[[1850   63]
 [  55   41]]
acc: 0.941
f1: 0.410
10,114,coarse : 41.8 seconds
10,114,fine : 41.82 seconds
[[1482  431]
 [  16   80]]
acc: 0.778
f1: 0.264
[[1854   59]
 [  54   42]]
acc: 0.944
f1: 0.426
10,115,coarse : 42.63 seconds
10,115,fine : 42.64 seconds
[[1480  433]
 [  16   80]]
acc: 0.777
f1: 0.263
[[1849   64]
 [  54   42]]
acc: 0.941
f1: 0.416
10,116,coarse : 42.69 seconds
10,116,fine : 42.7 seconds
[[1477  436]
 [  16   80]]
acc: 0.775
f1: 0.261
[[1851   62]
 [  53   43]]
acc: 0.943
f1: 0.428
10,117,coarse : 43.48 seconds
10,117,fine : 43.5 seconds
[[1472  441]
 [  16   80]]
acc: 0.773
f1: 0.259
[[1851   62]
 [  53   43]]
acc: 0.943
f1: 0.428
10,118,coarse : 43.95 seconds
10,118,fine : 43.96 seconds
[[1470  443]
 [  16   80]]
acc: 0.772
f1: 0.258
[[1851   62]
 [  54   42]]
acc: 0.942
f1: 0.420
10,119,coarse : 43.74 seconds
10,119,fine : 43.76 seconds
[[1474  439]
 [  17   79]]
acc: 0.773
f1: 0.257
[[1847   66]
 [  54   42]]
acc: 0.940
f1: 0.412
10,120,coarse : 43.62 seconds
10,120,fine : 43.63 seconds
[[1474  439]
 [  15   81]]
acc: 0.774
f1: 0.263
[[1847   66]
 [  54   42]]
acc: 0.940
f1: 0.412
10,121,coarse : 44.32 seconds
10,121,fine : 44.34 seconds
[[1476  437]
 [  15   81]]
acc: 0.775
f1: 0.264
[[1849   64]
 [  54   42]]
acc: 0.941
f1: 0.416
10,122,coarse : 41.37 seconds
10,122,fine : 41.39 seconds
[[1475  438]
 [  15   81]]
acc: 0.775
f1: 0.263
[[1845   68]
 [  54   42]]
acc: 0.939
f1: 0.408
10,123,coarse : 44.7 seconds
10,123,fine : 44.71 seconds
[[1477  436]
 [  15   81]]
acc: 0.776
f1: 0.264
[[1847   66]
 [  54   42]]
acc: 0.940
f1: 0.412
10,124,coarse : 44.9 seconds
10,124,fine : 44.91 seconds
[[1472  441]
 [  16   80]]
acc: 0.773
f1: 0.259
[[1842   71]
 [  54   42]]
acc: 0.938
f1: 0.402
10,125,coarse : 46.35 seconds
10,125,fine : 46.36 seconds
[[1468  445]
 [  16   80]]
acc: 0.771
f1: 0.258
[[1838   75]
 [  54   42]]
acc: 0.936
f1: 0.394
10,126,coarse : 44.77 seconds
10,126,fine : 44.79 seconds
[[1474  439]
 [  16   80]]
acc: 0.774
f1: 0.260
[[1842   71]
 [  54   42]]
acc: 0.938
f1: 0.402
10,127,coarse : 47.38 seconds
10,127,fine : 47.4 seconds
[[1470  443]
 [  15   81]]
acc: 0.772
f1: 0.261
[[1843   70]
 [  54   42]]
acc: 0.938
f1: 0.404
10,128,coarse : 47.73 seconds
10,128,fine : 47.75 seconds
[[1477  436]
 [  14   82]]
acc: 0.776
f1: 0.267
[[1844   69]
 [  54   42]]
acc: 0.939
f1: 0.406
10,129,coarse : 46.87 seconds
10,129,fine : 46.89 seconds
[[1475  438]
 [  14   82]]
acc: 0.775
f1: 0.266
[[1843   70]
 [  54   42]]
acc: 0.938
f1: 0.404
10,130,coarse : 47.73 seconds
10,130,fine : 47.75 seconds
[[1473  440]
 [  14   82]]
acc: 0.774
f1: 0.265
[[1845   68]
 [  54   42]]
acc: 0.939
f1: 0.408
10,131,coarse : 47.87 seconds
10,131,fine : 47.89 seconds
[[1473  440]
 [  14   82]]
acc: 0.774
f1: 0.265
[[1845   68]
 [  54   42]]
acc: 0.939
f1: 0.408
10,132,coarse : 49.15 seconds
10,132,fine : 49.17 seconds
[[1471  442]
 [  14   82]]
acc: 0.773
f1: 0.265
[[1844   69]
 [  52   44]]
acc: 0.940
f1: 0.421
10,133,coarse : 49.39 seconds
10,133,fine : 49.41 seconds
[[1473  440]
 [  14   82]]
acc: 0.774
f1: 0.265
[[1841   72]
 [  52   44]]
acc: 0.938
f1: 0.415
10,134,coarse : 47.76 seconds
10,134,fine : 47.78 seconds
[[1473  440]
 [  14   82]]
acc: 0.774
f1: 0.265
[[1846   67]
 [  52   44]]
acc: 0.941
f1: 0.425
10,135,coarse : 48.7 seconds
10,135,fine : 48.72 seconds
[[1472  441]
 [  14   82]]
acc: 0.774
f1: 0.265
[[1846   67]
 [  52   44]]
acc: 0.941
f1: 0.425
10,136,coarse : 49.94 seconds
10,136,fine : 49.96 seconds
[[1471  442]
 [  15   81]]
acc: 0.773
f1: 0.262
[[1846   67]
 [  52   44]]
acc: 0.941
f1: 0.425
10,137,coarse : 50.2 seconds
10,137,fine : 50.21 seconds
[[1473  440]
 [  15   81]]
acc: 0.774
f1: 0.263
[[1846   67]
 [  52   44]]
acc: 0.941
f1: 0.425
10,138,coarse : 50.06 seconds
10,138,fine : 50.08 seconds
[[1473  440]
 [  16   80]]
acc: 0.773
f1: 0.260
[[1846   67]
 [  52   44]]
acc: 0.941
f1: 0.425
10,139,coarse : 51.89 seconds
10,139,fine : 51.9 seconds
[[1476  437]
 [  17   79]]
acc: 0.774
f1: 0.258
[[1847   66]
 [  52   44]]
acc: 0.941
f1: 0.427
10,140,coarse : 52.16 seconds
10,140,fine : 52.18 seconds
[[1479  434]
 [  17   79]]
acc: 0.776
f1: 0.259
[[1847   66]
 [  52   44]]
acc: 0.941
f1: 0.427
10,141,coarse : 50.78 seconds
10,141,fine : 50.8 seconds
[[1478  435]
 [  17   79]]
acc: 0.775
f1: 0.259
[[1847   66]
 [  53   43]]
acc: 0.941
f1: 0.420
10,142,coarse : 50.81 seconds
10,142,fine : 50.83 seconds
[[1467  446]
 [  17   79]]
acc: 0.770
f1: 0.254
[[1848   65]
 [  52   44]]
acc: 0.942
f1: 0.429
10,143,coarse : 52.88 seconds
10,143,fine : 52.9 seconds
[[1474  439]
 [  17   79]]
acc: 0.773
f1: 0.257
[[1848   65]
 [  52   44]]
acc: 0.942
f1: 0.429
10,144,coarse : 53.82 seconds
10,144,fine : 53.84 seconds
[[1477  436]
 [  17   79]]
acc: 0.775
f1: 0.259
[[1846   67]
 [  53   43]]
acc: 0.940
f1: 0.417
10,145,coarse : 52.29 seconds
10,145,fine : 52.3 seconds
[[1477  436]
 [  17   79]]
acc: 0.775
f1: 0.259
[[1845   68]
 [  53   43]]
acc: 0.940
f1: 0.415
10,146,coarse : 51.64 seconds
10,146,fine : 51.65 seconds
[[1476  437]
 [  17   79]]
acc: 0.774
f1: 0.258
[[1846   67]
 [  53   43]]
acc: 0.940
f1: 0.417
10,147,coarse : 54.22 seconds
10,147,fine : 54.24 seconds
[[1477  436]
 [  16   80]]
acc: 0.775
f1: 0.261
[[1848   65]
 [  53   43]]
acc: 0.941
f1: 0.422
10,148,coarse : 54.92 seconds
10,148,fine : 54.94 seconds
[[1476  437]
 [  17   79]]
acc: 0.774
f1: 0.258
[[1848   65]
 [  53   43]]
acc: 0.941
f1: 0.422
10,149,coarse : 56.41 seconds
10,149,fine : 56.43 seconds
[[1476  437]
 [  16   80]]
acc: 0.775
f1: 0.261
[[1846   67]
 [  53   43]]
acc: 0.940
f1: 0.417
10,150,coarse : 58.01 seconds
10,150,fine : 58.03 seconds
[[1472  441]
 [  16   80]]
acc: 0.773
f1: 0.259
[[1846   67]
 [  53   43]]
acc: 0.940
f1: 0.417
10,151,coarse : 57.01 seconds
10,151,fine : 57.03 seconds
[[1476  437]
 [  17   79]]
acc: 0.774
f1: 0.258
[[1848   65]
 [  53   43]]
acc: 0.941
f1: 0.422
10,152,coarse : 55.36 seconds
10,152,fine : 55.38 seconds
[[1471  442]
 [  16   80]]
acc: 0.772
f1: 0.259
[[1846   67]
 [  55   41]]
acc: 0.939
f1: 0.402
10,153,coarse : 56.2 seconds
10,153,fine : 56.22 seconds
[[1474  439]
 [  17   79]]
acc: 0.773
f1: 0.257
[[1845   68]
 [  55   41]]
acc: 0.939
f1: 0.400
10,154,coarse : 56.02 seconds
10,154,fine : 56.04 seconds
[[1472  441]
 [  17   79]]
acc: 0.772
f1: 0.256
[[1845   68]
 [  55   41]]
acc: 0.939
f1: 0.400
10,155,coarse : 57.0 seconds
10,155,fine : 57.02 seconds
[[1472  441]
 [  17   79]]
acc: 0.772
f1: 0.256
[[1847   66]
 [  55   41]]
acc: 0.940
f1: 0.404
10,156,coarse : 54.11 seconds
10,156,fine : 54.13 seconds
[[1472  441]
 [  16   80]]
acc: 0.773
f1: 0.259
[[1849   64]
 [  54   42]]
acc: 0.941
f1: 0.416
10,157,coarse : 56.32 seconds
10,157,fine : 56.33 seconds
[[1476  437]
 [  15   81]]
acc: 0.775
f1: 0.264
[[1848   65]
 [  55   41]]
acc: 0.940
f1: 0.406
10,158,coarse : 58.45 seconds
10,158,fine : 58.46 seconds
[[1480  433]
 [  16   80]]
acc: 0.777
f1: 0.263
[[1847   66]
 [  54   42]]
acc: 0.940
f1: 0.412
10,159,coarse : 57.69 seconds
10,159,fine : 57.71 seconds
[[1483  430]
 [  16   80]]
acc: 0.778
f1: 0.264
[[1847   66]
 [  54   42]]
acc: 0.940
f1: 0.412
10,160,coarse : 57.47 seconds
10,160,fine : 57.48 seconds
[[1484  429]
 [  17   79]]
acc: 0.778
f1: 0.262
[[1847   66]
 [  54   42]]
acc: 0.940
f1: 0.412
10,161,coarse : 58.06 seconds
10,161,fine : 58.07 seconds
[[1484  429]
 [  16   80]]
acc: 0.778
f1: 0.264
[[1847   66]
 [  54   42]]
acc: 0.940
f1: 0.412
10,162,coarse : 58.47 seconds
10,162,fine : 58.49 seconds
[[1484  429]
 [  17   79]]
acc: 0.778
f1: 0.262
[[1847   66]
 [  54   42]]
acc: 0.940
f1: 0.412
10,163,coarse : 58.44 seconds
10,163,fine : 58.46 seconds
[[1488  425]
 [  17   79]]
acc: 0.780
f1: 0.263
[[1847   66]
 [  54   42]]
acc: 0.940
f1: 0.412
10,164,coarse : 59.98 seconds
10,164,fine : 59.99 seconds
[[1477  436]
 [  16   80]]
acc: 0.775
f1: 0.261
[[1846   67]
 [  54   42]]
acc: 0.940
f1: 0.410
10,165,coarse : 60.27 seconds
10,165,fine : 60.29 seconds
[[1478  435]
 [  16   80]]
acc: 0.776
f1: 0.262
[[1848   65]
 [  54   42]]
acc: 0.941
f1: 0.414
10,166,coarse : 57.47 seconds
10,166,fine : 57.49 seconds
[[1478  435]
 [  16   80]]
acc: 0.776
f1: 0.262
[[1846   67]
 [  54   42]]
acc: 0.940
f1: 0.410
10,167,coarse : 61.78 seconds
10,167,fine : 61.79 seconds
[[1476  437]
 [  15   81]]
acc: 0.775
f1: 0.264
[[1848   65]
 [  53   43]]
acc: 0.941
f1: 0.422
10,168,coarse : 61.14 seconds
10,168,fine : 61.16 seconds
[[1478  435]
 [  16   80]]
acc: 0.776
f1: 0.262
[[1846   67]
 [  53   43]]
acc: 0.940
f1: 0.417
10,169,coarse : 62.6 seconds
10,169,fine : 62.62 seconds
[[1473  440]
 [  15   81]]
acc: 0.774
f1: 0.263
[[1846   67]
 [  53   43]]
acc: 0.940
f1: 0.417
10,170,coarse : 63.99 seconds
10,170,fine : 64.01 seconds
[[1473  440]
 [  15   81]]
acc: 0.774
f1: 0.263
[[1847   66]
 [  54   42]]
acc: 0.940
f1: 0.412
10,171,coarse : 63.95 seconds
10,171,fine : 63.97 seconds
[[1474  439]
 [  15   81]]
acc: 0.774
f1: 0.263
[[1846   67]
 [  53   43]]
acc: 0.940
f1: 0.417
10,172,coarse : 63.08 seconds
10,172,fine : 63.1 seconds
