all           0      1    2    3    4    5    6    7    8    
1      2010   1914   1    19   32   19   1    11   6    7    
2      2010   1914   1    19   32   19   1    11   6    7    
3      2010   1914   1    19   32   19   1    11   5    8    
4      2010   1914   1    19   32   19   1    10   6    8    
5      2010   1914   1    18   33   19   1    10   6    8    
6      2010   1914   1    18   33   19   1    10   6    8    
7      2010   1913   2    18   33   19   1    10   6    8    
8      2010   1913   2    18   33   19   1    10   6    8    
9      2009   1913   2    18   32   19   2    10   6    7    
10     2009   1913   1    19   32   19   1    11   6    7    
Total  20098  19136  13   185  324  190  11   104  59   76   
train         0      1    2    3    4    5    6    7    8    
1      2010   1914   1    19   32   19   1    11   6    7    
2      2010   1914   1    19   32   19   1    11   6    7    
3      2010   1914   1    19   32   19   1    11   5    8    
5      2010   1914   1    18   33   19   1    10   6    8    
6      2010   1914   1    18   33   19   1    10   6    8    
7      2010   1913   2    18   33   19   1    10   6    8    
8      2010   1913   2    18   33   19   1    10   6    8    
9      2009   1913   2    18   32   19   2    10   6    7    
10     2009   1913   1    19   32   19   1    11   6    7    
Total  18088  17222  12   166  292  171  10   94   53   68   
test          0      1    2    3    4    5    6    7    8    
4      2010   1914   1    19   32   19   1    10   6    8    
Total  2010   1914   1    19   32   19   1    10   6    8    
Classes             
0         17222     
1         12        
2         166       
3         292       
4         171       
5         10        
6         94        
7         53        
8         68        
Total     18088     

Shape: 450       

[952, 10, 11, 16, 11, 10, 10, 10, 10]
Sum start => 1040
[[1364  550]
 [  19   77]]
acc: 0.717
f1: 0.213
[[1889   25]
 [  88    8]]
acc: 0.944
f1: 0.124
4,1,coarse : 37.34 seconds
4,1,fine : 37.35 seconds
[[1364  550]
 [  19   77]]
acc: 0.717
f1: 0.213
[[1889   25]
 [  88    8]]
acc: 0.944
f1: 0.124
4,2,coarse : 39.43 seconds
4,2,fine : 39.44 seconds
[[1353  561]
 [  20   76]]
acc: 0.711
f1: 0.207
[[1893   21]
 [  89    7]]
acc: 0.945
f1: 0.113
4,3,coarse : 4.95 seconds
4,3,fine : 4.95 seconds
[[1382  532]
 [  21   75]]
acc: 0.725
f1: 0.213
[[1893   21]
 [  90    6]]
acc: 0.945
f1: 0.098
4,4,coarse : 5.71 seconds
4,4,fine : 5.72 seconds
[[1391  523]
 [  22   74]]
acc: 0.729
f1: 0.214
[[1893   21]
 [  90    6]]
acc: 0.945
f1: 0.098
4,5,coarse : 5.61 seconds
4,5,fine : 5.61 seconds
[[1395  519]
 [  22   74]]
acc: 0.731
f1: 0.215
[[1896   18]
 [  89    7]]
acc: 0.947
f1: 0.116
4,6,coarse : 5.7 seconds
4,6,fine : 5.7 seconds
[[1407  507]
 [  22   74]]
acc: 0.737
f1: 0.219
[[1896   18]
 [  91    5]]
acc: 0.946
f1: 0.084
4,7,coarse : 6.12 seconds
4,7,fine : 6.13 seconds
[[1413  501]
 [  22   74]]
acc: 0.740
f1: 0.221
[[1895   19]
 [  90    6]]
acc: 0.946
f1: 0.099
4,8,coarse : 6.16 seconds
4,8,fine : 6.16 seconds
[[1407  507]
 [  21   75]]
acc: 0.737
f1: 0.221
[[1897   17]
 [  90    6]]
acc: 0.947
f1: 0.101
4,9,coarse : 6.43 seconds
4,9,fine : 6.5 seconds
[[1413  501]
 [  21   75]]
acc: 0.740
f1: 0.223
[[1894   20]
 [  89    7]]
acc: 0.946
f1: 0.114
4,10,coarse : 7.07 seconds
4,10,fine : 7.07 seconds
[[1413  501]
 [  22   74]]
acc: 0.740
f1: 0.221
[[1893   21]
 [  87    9]]
acc: 0.946
f1: 0.143
4,11,coarse : 6.87 seconds
4,11,fine : 6.88 seconds
[[1405  509]
 [  22   74]]
acc: 0.736
f1: 0.218
[[1894   20]
 [  88    8]]
acc: 0.946
f1: 0.129
4,12,coarse : 7.11 seconds
4,12,fine : 7.12 seconds
[[1387  527]
 [  20   76]]
acc: 0.728
f1: 0.217
[[1894   20]
 [  87    9]]
acc: 0.947
f1: 0.144
4,13,coarse : 7.29 seconds
4,13,fine : 7.29 seconds
[[1378  536]
 [  19   77]]
acc: 0.724
f1: 0.217
[[1890   24]
 [  83   13]]
acc: 0.947
f1: 0.195
4,14,coarse : 7.66 seconds
4,14,fine : 7.66 seconds
[[1371  543]
 [  18   78]]
acc: 0.721
f1: 0.218
[[1892   22]
 [  82   14]]
acc: 0.948
f1: 0.212
4,15,coarse : 7.99 seconds
4,15,fine : 7.99 seconds
[[1385  529]
 [  20   76]]
acc: 0.727
f1: 0.217
[[1894   20]
 [  85   11]]
acc: 0.948
f1: 0.173
4,16,coarse : 7.96 seconds
4,16,fine : 7.96 seconds
[[1398  516]
 [  19   77]]
acc: 0.734
f1: 0.224
[[1890   24]
 [  83   13]]
acc: 0.947
f1: 0.195
4,17,coarse : 8.3 seconds
4,17,fine : 8.3 seconds
[[1415  499]
 [  22   74]]
acc: 0.741
f1: 0.221
[[1897   17]
 [  85   11]]
acc: 0.949
f1: 0.177
4,18,coarse : 8.53 seconds
4,18,fine : 8.54 seconds
[[1408  506]
 [  22   74]]
acc: 0.737
f1: 0.219
[[1894   20]
 [  85   11]]
acc: 0.948
f1: 0.173
4,19,coarse : 9.16 seconds
4,19,fine : 9.16 seconds
[[1407  507]
 [  22   74]]
acc: 0.737
f1: 0.219
[[1894   20]
 [  81   15]]
acc: 0.950
f1: 0.229
4,20,coarse : 8.84 seconds
4,20,fine : 8.84 seconds
[[1403  511]
 [  23   73]]
acc: 0.734
f1: 0.215
[[1894   20]
 [  82   14]]
acc: 0.949
f1: 0.215
4,21,coarse : 9.02 seconds
4,21,fine : 9.03 seconds
[[1405  509]
 [  24   72]]
acc: 0.735
f1: 0.213
[[1894   20]
 [  84   12]]
acc: 0.948
f1: 0.188
4,22,coarse : 9.53 seconds
4,22,fine : 9.54 seconds
[[1396  518]
 [  23   73]]
acc: 0.731
f1: 0.213
[[1894   20]
 [  83   13]]
acc: 0.949
f1: 0.202
4,23,coarse : 9.82 seconds
4,23,fine : 9.83 seconds
[[1394  520]
 [  22   74]]
acc: 0.730
f1: 0.214
[[1895   19]
 [  81   15]]
acc: 0.950
f1: 0.231
4,24,coarse : 9.8 seconds
4,24,fine : 9.81 seconds
[[1402  512]
 [  23   73]]
acc: 0.734
f1: 0.214
[[1894   20]
 [  81   15]]
acc: 0.950
f1: 0.229
4,25,coarse : 10.09 seconds
4,25,fine : 10.09 seconds
[[1407  507]
 [  23   73]]
acc: 0.736
f1: 0.216
[[1893   21]
 [  78   18]]
acc: 0.951
f1: 0.267
4,26,coarse : 10.78 seconds
4,26,fine : 10.79 seconds
[[1422  492]
 [  23   73]]
acc: 0.744
f1: 0.221
[[1887   27]
 [  78   18]]
acc: 0.948
f1: 0.255
4,27,coarse : 10.99 seconds
4,27,fine : 10.99 seconds
[[1415  499]
 [  23   73]]
acc: 0.740
f1: 0.219
[[1887   27]
 [  77   19]]
acc: 0.948
f1: 0.268
4,28,coarse : 11.02 seconds
4,28,fine : 11.02 seconds
[[1412  502]
 [  23   73]]
acc: 0.739
f1: 0.218
[[1887   27]
 [  77   19]]
acc: 0.948
f1: 0.268
4,29,coarse : 11.64 seconds
4,29,fine : 11.65 seconds
[[1408  506]
 [  23   73]]
acc: 0.737
f1: 0.216
[[1886   28]
 [  76   20]]
acc: 0.948
f1: 0.278
4,30,coarse : 11.33 seconds
4,30,fine : 11.34 seconds
[[1399  515]
 [  22   74]]
acc: 0.733
f1: 0.216
[[1881   33]
 [  77   19]]
acc: 0.945
f1: 0.257
4,31,coarse : 11.79 seconds
4,31,fine : 11.8 seconds
[[1399  515]
 [  23   73]]
acc: 0.732
f1: 0.213
[[1881   33]
 [  77   19]]
acc: 0.945
f1: 0.257
4,32,coarse : 12.27 seconds
4,32,fine : 12.28 seconds
[[1407  507]
 [  25   71]]
acc: 0.735
f1: 0.211
[[1882   32]
 [  78   18]]
acc: 0.945
f1: 0.247
4,33,coarse : 12.09 seconds
4,33,fine : 12.09 seconds
[[1415  499]
 [  26   70]]
acc: 0.739
f1: 0.211
[[1878   36]
 [  76   20]]
acc: 0.944
f1: 0.263
4,34,coarse : 12.51 seconds
4,34,fine : 12.51 seconds
[[1424  490]
 [  26   70]]
acc: 0.743
f1: 0.213
[[1875   39]
 [  75   21]]
acc: 0.943
f1: 0.269
4,35,coarse : 13.56 seconds
4,35,fine : 13.57 seconds
[[1416  498]
 [  27   69]]
acc: 0.739
f1: 0.208
[[1874   40]
 [  74   22]]
acc: 0.943
f1: 0.278
4,36,coarse : 13.34 seconds
4,36,fine : 13.34 seconds
[[1417  497]
 [  26   70]]
acc: 0.740
f1: 0.211
[[1872   42]
 [  74   22]]
acc: 0.942
f1: 0.275
4,37,coarse : 13.88 seconds
4,37,fine : 13.88 seconds
[[1422  492]
 [  25   71]]
acc: 0.743
f1: 0.215
[[1868   46]
 [  72   24]]
acc: 0.941
f1: 0.289
4,38,coarse : 14.0 seconds
4,38,fine : 14.01 seconds
[[1417  497]
 [  25   71]]
acc: 0.740
f1: 0.214
[[1872   42]
 [  72   24]]
acc: 0.943
f1: 0.296
4,39,coarse : 14.19 seconds
4,39,fine : 14.19 seconds
[[1418  496]
 [  25   71]]
acc: 0.741
f1: 0.214
[[1861   53]
 [  73   23]]
acc: 0.937
f1: 0.267
4,40,coarse : 14.8 seconds
4,40,fine : 14.8 seconds
[[1424  490]
 [  23   73]]
acc: 0.745
f1: 0.222
[[1862   52]
 [  72   24]]
acc: 0.938
f1: 0.279
4,41,coarse : 14.89 seconds
4,41,fine : 14.89 seconds
[[1424  490]
 [  22   74]]
acc: 0.745
f1: 0.224
[[1867   47]
 [  71   25]]
acc: 0.941
f1: 0.298
4,42,coarse : 15.34 seconds
4,42,fine : 15.34 seconds
[[1429  485]
 [  22   74]]
acc: 0.748
f1: 0.226
[[1867   47]
 [  71   25]]
acc: 0.941
f1: 0.298
4,43,coarse : 14.78 seconds
4,43,fine : 14.79 seconds
[[1420  494]
 [  21   75]]
acc: 0.744
f1: 0.226
[[1867   47]
 [  72   24]]
acc: 0.941
f1: 0.287
4,44,coarse : 15.37 seconds
4,44,fine : 15.38 seconds
[[1421  493]
 [  21   75]]
acc: 0.744
f1: 0.226
[[1866   48]
 [  72   24]]
acc: 0.940
f1: 0.286
4,45,coarse : 15.74 seconds
4,45,fine : 15.75 seconds
[[1424  490]
 [  21   75]]
acc: 0.746
f1: 0.227
[[1867   47]
 [  72   24]]
acc: 0.941
f1: 0.287
4,46,coarse : 15.92 seconds
4,46,fine : 15.93 seconds
[[1417  497]
 [  21   75]]
acc: 0.742
f1: 0.225
[[1866   48]
 [  72   24]]
acc: 0.940
f1: 0.286
4,47,coarse : 16.57 seconds
4,47,fine : 16.58 seconds
[[1414  500]
 [  22   74]]
acc: 0.740
f1: 0.221
[[1863   51]
 [  71   25]]
acc: 0.939
f1: 0.291
4,48,coarse : 15.94 seconds
4,48,fine : 15.94 seconds
[[1418  496]
 [  22   74]]
acc: 0.742
f1: 0.222
[[1865   49]
 [  71   25]]
acc: 0.940
f1: 0.294
4,49,coarse : 17.0 seconds
4,49,fine : 17.01 seconds
[[1429  485]
 [  23   73]]
acc: 0.747
f1: 0.223
[[1865   49]
 [  70   26]]
acc: 0.941
f1: 0.304
4,50,coarse : 18.94 seconds
4,50,fine : 18.95 seconds
[[1434  480]
 [  23   73]]
acc: 0.750
f1: 0.225
[[1863   51]
 [  70   26]]
acc: 0.940
f1: 0.301
4,51,coarse : 17.81 seconds
4,51,fine : 17.82 seconds
[[1439  475]
 [  24   72]]
acc: 0.752
f1: 0.224
[[1865   49]
 [  71   25]]
acc: 0.940
f1: 0.294
4,52,coarse : 17.47 seconds
4,52,fine : 17.48 seconds
[[1426  488]
 [  25   71]]
acc: 0.745
f1: 0.217
[[1864   50]
 [  71   25]]
acc: 0.940
f1: 0.292
4,53,coarse : 18.76 seconds
4,53,fine : 18.77 seconds
[[1430  484]
 [  25   71]]
acc: 0.747
f1: 0.218
[[1865   49]
 [  71   25]]
acc: 0.940
f1: 0.294
4,54,coarse : 18.06 seconds
4,54,fine : 18.07 seconds
[[1442  472]
 [  25   71]]
acc: 0.753
f1: 0.222
[[1863   51]
 [  70   26]]
acc: 0.940
f1: 0.301
4,55,coarse : 18.06 seconds
4,55,fine : 18.07 seconds
[[1448  466]
 [  24   72]]
acc: 0.756
f1: 0.227
[[1860   54]
 [  71   25]]
acc: 0.938
f1: 0.286
4,56,coarse : 18.78 seconds
4,56,fine : 18.79 seconds
[[1449  465]
 [  25   71]]
acc: 0.756
f1: 0.225
[[1858   56]
 [  71   25]]
acc: 0.937
f1: 0.282
4,57,coarse : 19.61 seconds
4,57,fine : 19.62 seconds
[[1445  469]
 [  24   72]]
acc: 0.755
f1: 0.226
[[1858   56]
 [  71   25]]
acc: 0.937
f1: 0.282
4,58,coarse : 19.96 seconds
4,58,fine : 19.97 seconds
[[1444  470]
 [  23   73]]
acc: 0.755
f1: 0.228
[[1859   55]
 [  70   26]]
acc: 0.938
f1: 0.294
4,59,coarse : 19.93 seconds
4,59,fine : 19.94 seconds
[[1450  464]
 [  24   72]]
acc: 0.757
f1: 0.228
[[1860   54]
 [  68   28]]
acc: 0.939
f1: 0.315
4,60,coarse : 20.33 seconds
4,60,fine : 20.34 seconds
[[1449  465]
 [  24   72]]
acc: 0.757
f1: 0.227
[[1859   55]
 [  67   29]]
acc: 0.939
f1: 0.322
4,61,coarse : 19.84 seconds
4,61,fine : 19.85 seconds
[[1457  457]
 [  24   72]]
acc: 0.761
f1: 0.230
[[1862   52]
 [  69   27]]
acc: 0.940
f1: 0.309
4,62,coarse : 21.14 seconds
4,62,fine : 21.14 seconds
[[1454  460]
 [  23   73]]
acc: 0.760
f1: 0.232
[[1862   52]
 [  68   28]]
acc: 0.940
f1: 0.318
4,63,coarse : 21.04 seconds
4,63,fine : 21.05 seconds
[[1460  454]
 [  24   72]]
acc: 0.762
f1: 0.232
[[1858   56]
 [  70   26]]
acc: 0.937
f1: 0.292
4,64,coarse : 22.0 seconds
4,64,fine : 22.01 seconds
[[1467  447]
 [  24   72]]
acc: 0.766
f1: 0.234
[[1861   53]
 [  69   27]]
acc: 0.939
f1: 0.307
4,65,coarse : 21.44 seconds
4,65,fine : 21.45 seconds
[[1469  445]
 [  24   72]]
acc: 0.767
f1: 0.235
[[1858   56]
 [  69   27]]
acc: 0.938
f1: 0.302
4,66,coarse : 21.79 seconds
4,66,fine : 21.8 seconds
[[1470  444]
 [  24   72]]
acc: 0.767
f1: 0.235
[[1860   54]
 [  69   27]]
acc: 0.939
f1: 0.305
4,67,coarse : 22.67 seconds
4,67,fine : 22.68 seconds
[[1470  444]
 [  24   72]]
acc: 0.767
f1: 0.235
[[1859   55]
 [  68   28]]
acc: 0.939
f1: 0.313
4,68,coarse : 21.62 seconds
4,68,fine : 21.63 seconds
[[1472  442]
 [  24   72]]
acc: 0.768
f1: 0.236
[[1859   55]
 [  68   28]]
acc: 0.939
f1: 0.313
4,69,coarse : 22.81 seconds
4,69,fine : 22.82 seconds
[[1464  450]
 [  24   72]]
acc: 0.764
f1: 0.233
[[1862   52]
 [  69   27]]
acc: 0.940
f1: 0.309
4,70,coarse : 23.15 seconds
4,70,fine : 23.16 seconds
[[1469  445]
 [  22   74]]
acc: 0.768
f1: 0.241
[[1862   52]
 [  68   28]]
acc: 0.940
f1: 0.318
4,71,coarse : 22.42 seconds
4,71,fine : 22.43 seconds
[[1466  448]
 [  23   73]]
acc: 0.766
f1: 0.237
[[1861   53]
 [  68   28]]
acc: 0.940
f1: 0.316
4,72,coarse : 24.17 seconds
4,72,fine : 24.18 seconds
[[1468  446]
 [  23   73]]
acc: 0.767
f1: 0.237
[[1861   53]
 [  67   29]]
acc: 0.940
f1: 0.326
4,73,coarse : 23.63 seconds
4,73,fine : 23.65 seconds
[[1469  445]
 [  22   74]]
acc: 0.768
f1: 0.241
[[1858   56]
 [  67   29]]
acc: 0.939
f1: 0.320
4,74,coarse : 23.56 seconds
4,74,fine : 23.57 seconds
[[1467  447]
 [  22   74]]
acc: 0.767
f1: 0.240
[[1857   57]
 [  67   29]]
acc: 0.938
f1: 0.319
4,75,coarse : 24.31 seconds
4,75,fine : 24.32 seconds
[[1472  442]
 [  22   74]]
acc: 0.769
f1: 0.242
[[1861   53]
 [  67   29]]
acc: 0.940
f1: 0.326
4,76,coarse : 25.08 seconds
4,76,fine : 25.09 seconds
[[1472  442]
 [  19   77]]
acc: 0.771
f1: 0.250
[[1864   50]
 [  63   33]]
acc: 0.944
f1: 0.369
4,77,coarse : 25.27 seconds
4,77,fine : 25.28 seconds
[[1470  444]
 [  19   77]]
acc: 0.770
f1: 0.250
[[1861   53]
 [  64   32]]
acc: 0.942
f1: 0.354
4,78,coarse : 25.93 seconds
4,78,fine : 25.94 seconds
[[1464  450]
 [  20   76]]
acc: 0.766
f1: 0.244
[[1861   53]
 [  65   31]]
acc: 0.941
f1: 0.344
4,79,coarse : 25.75 seconds
4,79,fine : 25.77 seconds
[[1461  453]
 [  19   77]]
acc: 0.765
f1: 0.246
[[1860   54]
 [  63   33]]
acc: 0.942
f1: 0.361
4,80,coarse : 25.69 seconds
4,80,fine : 25.7 seconds
[[1453  461]
 [  21   75]]
acc: 0.760
f1: 0.237
[[1866   48]
 [  66   30]]
acc: 0.943
f1: 0.345
4,81,coarse : 25.78 seconds
4,81,fine : 25.79 seconds
[[1454  460]
 [  19   77]]
acc: 0.762
f1: 0.243
[[1869   45]
 [  65   31]]
acc: 0.945
f1: 0.360
4,82,coarse : 27.15 seconds
4,82,fine : 27.17 seconds
[[1467  447]
 [  19   77]]
acc: 0.768
f1: 0.248
[[1870   44]
 [  65   31]]
acc: 0.946
f1: 0.363
4,83,coarse : 26.47 seconds
4,83,fine : 26.48 seconds
[[1457  457]
 [  19   77]]
acc: 0.763
f1: 0.244
[[1868   46]
 [  65   31]]
acc: 0.945
f1: 0.358
4,84,coarse : 27.35 seconds
4,84,fine : 27.36 seconds
[[1460  454]
 [  19   77]]
acc: 0.765
f1: 0.246
[[1865   49]
 [  65   31]]
acc: 0.943
f1: 0.352
4,85,coarse : 27.01 seconds
4,85,fine : 27.02 seconds
[[1453  461]
 [  18   78]]
acc: 0.762
f1: 0.246
[[1864   50]
 [  66   30]]
acc: 0.942
f1: 0.341
4,86,coarse : 28.89 seconds
4,86,fine : 28.9 seconds
[[1451  463]
 [  19   77]]
acc: 0.760
f1: 0.242
[[1861   53]
 [  68   28]]
acc: 0.940
f1: 0.316
4,87,coarse : 28.67 seconds
4,87,fine : 28.68 seconds
[[1452  462]
 [  18   78]]
acc: 0.761
f1: 0.245
[[1860   54]
 [  68   28]]
acc: 0.939
f1: 0.315
4,88,coarse : 29.42 seconds
4,88,fine : 29.43 seconds
[[1455  459]
 [  19   77]]
acc: 0.762
f1: 0.244
[[1859   55]
 [  67   29]]
acc: 0.939
f1: 0.322
4,89,coarse : 30.01 seconds
4,89,fine : 30.02 seconds
[[1447  467]
 [  18   78]]
acc: 0.759
f1: 0.243
[[1861   53]
 [  67   29]]
acc: 0.940
f1: 0.326
4,90,coarse : 29.68 seconds
4,90,fine : 29.69 seconds
[[1452  462]
 [  18   78]]
acc: 0.761
f1: 0.245
[[1858   56]
 [  67   29]]
acc: 0.939
f1: 0.320
4,91,coarse : 29.54 seconds
4,91,fine : 29.56 seconds
[[1454  460]
 [  20   76]]
acc: 0.761
f1: 0.241
[[1859   55]
 [  67   29]]
acc: 0.939
f1: 0.322
4,92,coarse : 30.13 seconds
4,92,fine : 30.14 seconds
[[1460  454]
 [  19   77]]
acc: 0.765
f1: 0.246
[[1857   57]
 [  64   32]]
acc: 0.940
f1: 0.346
4,93,coarse : 31.24 seconds
4,93,fine : 31.25 seconds
[[1459  455]
 [  20   76]]
acc: 0.764
f1: 0.242
[[1858   56]
 [  64   32]]
acc: 0.940
f1: 0.348
4,94,coarse : 30.92 seconds
4,94,fine : 30.94 seconds
[[1462  452]
 [  21   75]]
acc: 0.765
f1: 0.241
[[1857   57]
 [  64   32]]
acc: 0.940
f1: 0.346
4,95,coarse : 31.35 seconds
4,95,fine : 31.36 seconds
[[1459  455]
 [  20   76]]
acc: 0.764
f1: 0.242
[[1858   56]
 [  62   34]]
acc: 0.941
f1: 0.366
4,96,coarse : 30.85 seconds
4,96,fine : 30.86 seconds
[[1460  454]
 [  20   76]]
acc: 0.764
f1: 0.243
[[1858   56]
 [  61   35]]
acc: 0.942
f1: 0.374
4,97,coarse : 31.55 seconds
4,97,fine : 31.56 seconds
[[1455  459]
 [  20   76]]
acc: 0.762
f1: 0.241
[[1858   56]
 [  61   35]]
acc: 0.942
f1: 0.374
4,98,coarse : 31.8 seconds
4,98,fine : 31.81 seconds
[[1450  464]
 [  19   77]]
acc: 0.760
f1: 0.242
[[1857   57]
 [  59   37]]
acc: 0.942
f1: 0.389
4,99,coarse : 32.65 seconds
4,99,fine : 32.66 seconds
[[1447  467]
 [  20   76]]
acc: 0.758
f1: 0.238
[[1859   55]
 [  59   37]]
acc: 0.943
f1: 0.394
4,100,coarse : 34.82 seconds
4,100,fine : 34.83 seconds
[[1448  466]
 [  21   75]]
acc: 0.758
f1: 0.235
[[1859   55]
 [  61   35]]
acc: 0.942
f1: 0.376
4,101,coarse : 33.46 seconds
4,101,fine : 33.47 seconds
[[1449  465]
 [  21   75]]
acc: 0.758
f1: 0.236
[[1858   56]
 [  60   36]]
acc: 0.942
f1: 0.383
4,102,coarse : 33.43 seconds
4,102,fine : 33.45 seconds
[[1455  459]
 [  21   75]]
acc: 0.761
f1: 0.238
[[1860   54]
 [  60   36]]
acc: 0.943
f1: 0.387
4,103,coarse : 33.49 seconds
4,103,fine : 33.51 seconds
[[1464  450]
 [  20   76]]
acc: 0.766
f1: 0.244
[[1857   57]
 [  59   37]]
acc: 0.942
f1: 0.389
4,104,coarse : 35.0 seconds
4,104,fine : 35.01 seconds
[[1451  463]
 [  19   77]]
acc: 0.760
f1: 0.242
[[1857   57]
 [  59   37]]
acc: 0.942
f1: 0.389
4,105,coarse : 34.21 seconds
4,105,fine : 34.22 seconds
[[1458  456]
 [  21   75]]
acc: 0.763
f1: 0.239
[[1856   58]
 [  59   37]]
acc: 0.942
f1: 0.387
4,106,coarse : 35.12 seconds
4,106,fine : 35.14 seconds
[[1456  458]
 [  21   75]]
acc: 0.762
f1: 0.238
[[1854   60]
 [  60   36]]
acc: 0.940
f1: 0.375
4,107,coarse : 36.27 seconds
4,107,fine : 36.29 seconds
[[1456  458]
 [  21   75]]
acc: 0.762
f1: 0.238
[[1854   60]
 [  62   34]]
acc: 0.939
f1: 0.358
4,108,coarse : 35.55 seconds
4,108,fine : 35.56 seconds
[[1459  455]
 [  20   76]]
acc: 0.764
f1: 0.242
[[1853   61]
 [  61   35]]
acc: 0.939
f1: 0.365
4,109,coarse : 35.55 seconds
4,109,fine : 35.57 seconds
[[1457  457]
 [  20   76]]
acc: 0.763
f1: 0.242
[[1852   62]
 [  61   35]]
acc: 0.939
f1: 0.363
4,110,coarse : 36.68 seconds
4,110,fine : 36.69 seconds
[[1462  452]
 [  22   74]]
acc: 0.764
f1: 0.238
[[1848   66]
 [  62   34]]
acc: 0.936
f1: 0.347
4,111,coarse : 37.64 seconds
4,111,fine : 37.65 seconds
[[1465  449]
 [  22   74]]
acc: 0.766
f1: 0.239
[[1850   64]
 [  60   36]]
acc: 0.938
f1: 0.367
4,112,coarse : 36.64 seconds
4,112,fine : 36.65 seconds
[[1454  460]
 [  20   76]]
acc: 0.761
f1: 0.241
[[1852   62]
 [  60   36]]
acc: 0.939
f1: 0.371
4,113,coarse : 37.1 seconds
4,113,fine : 37.11 seconds
[[1456  458]
 [  20   76]]
acc: 0.762
f1: 0.241
[[1850   64]
 [  58   38]]
acc: 0.939
f1: 0.384
4,114,coarse : 38.21 seconds
4,114,fine : 38.22 seconds
[[1457  457]
 [  21   75]]
acc: 0.762
f1: 0.239
[[1851   63]
 [  59   37]]
acc: 0.939
f1: 0.378
4,115,coarse : 38.49 seconds
4,115,fine : 38.5 seconds
[[1457  457]
 [  19   77]]
acc: 0.763
f1: 0.244
[[1852   62]
 [  58   38]]
acc: 0.940
f1: 0.388
4,116,coarse : 38.45 seconds
4,116,fine : 38.46 seconds
[[1458  456]
 [  21   75]]
acc: 0.763
f1: 0.239
[[1851   63]
 [  59   37]]
acc: 0.939
f1: 0.378
4,117,coarse : 38.54 seconds
4,117,fine : 38.56 seconds
[[1456  458]
 [  20   76]]
acc: 0.762
f1: 0.241
[[1852   62]
 [  59   37]]
acc: 0.940
f1: 0.379
4,118,coarse : 39.05 seconds
4,118,fine : 39.06 seconds
[[1456  458]
 [  19   77]]
acc: 0.763
f1: 0.244
[[1852   62]
 [  59   37]]
acc: 0.940
f1: 0.379
4,119,coarse : 40.04 seconds
4,119,fine : 40.05 seconds
[[1459  455]
 [  19   77]]
acc: 0.764
f1: 0.245
[[1852   62]
 [  60   36]]
acc: 0.939
f1: 0.371
4,120,coarse : 39.93 seconds
4,120,fine : 39.94 seconds
[[1455  459]
 [  18   78]]
acc: 0.763
f1: 0.246
[[1852   62]
 [  59   37]]
acc: 0.940
f1: 0.379
4,121,coarse : 39.28 seconds
4,121,fine : 39.29 seconds
[[1453  461]
 [  19   77]]
acc: 0.761
f1: 0.243
[[1853   61]
 [  58   38]]
acc: 0.941
f1: 0.390
4,122,coarse : 40.61 seconds
4,122,fine : 40.62 seconds
[[1453  461]
 [  19   77]]
acc: 0.761
f1: 0.243
[[1852   62]
 [  59   37]]
acc: 0.940
f1: 0.379
4,123,coarse : 39.24 seconds
4,123,fine : 39.26 seconds
[[1455  459]
 [  19   77]]
acc: 0.762
f1: 0.244
[[1853   61]
 [  60   36]]
acc: 0.940
f1: 0.373
4,124,coarse : 41.51 seconds
4,124,fine : 41.52 seconds
[[1459  455]
 [  19   77]]
acc: 0.764
f1: 0.245
[[1853   61]
 [  60   36]]
acc: 0.940
f1: 0.373
4,125,coarse : 41.24 seconds
4,125,fine : 41.26 seconds
[[1460  454]
 [  19   77]]
acc: 0.765
f1: 0.246
[[1852   62]
 [  59   37]]
acc: 0.940
f1: 0.379
4,126,coarse : 41.22 seconds
4,126,fine : 41.24 seconds
[[1463  451]
 [  20   76]]
acc: 0.766
f1: 0.244
[[1853   61]
 [  61   35]]
acc: 0.939
f1: 0.365
4,127,coarse : 41.93 seconds
4,127,fine : 41.95 seconds
[[1461  453]
 [  20   76]]
acc: 0.765
f1: 0.243
[[1854   60]
 [  58   38]]
acc: 0.941
f1: 0.392
4,128,coarse : 41.85 seconds
4,128,fine : 41.86 seconds
[[1463  451]
 [  20   76]]
acc: 0.766
f1: 0.244
[[1855   59]
 [  55   41]]
acc: 0.943
f1: 0.418
4,129,coarse : 42.84 seconds
4,129,fine : 42.86 seconds
[[1463  451]
 [  20   76]]
acc: 0.766
f1: 0.244
[[1852   62]
 [  55   41]]
acc: 0.942
f1: 0.412
4,130,coarse : 42.91 seconds
4,130,fine : 42.93 seconds
[[1462  452]
 [  20   76]]
acc: 0.765
f1: 0.244
[[1852   62]
 [  57   39]]
acc: 0.941
f1: 0.396
4,131,coarse : 43.56 seconds
4,131,fine : 43.57 seconds
[[1463  451]
 [  20   76]]
acc: 0.766
f1: 0.244
[[1853   61]
 [  57   39]]
acc: 0.941
f1: 0.398
4,132,coarse : 44.25 seconds
4,132,fine : 44.27 seconds
[[1463  451]
 [  20   76]]
acc: 0.766
f1: 0.244
[[1852   62]
 [  57   39]]
acc: 0.941
f1: 0.396
4,133,coarse : 44.64 seconds
4,133,fine : 44.66 seconds
[[1467  447]
 [  20   76]]
acc: 0.768
f1: 0.246
[[1856   58]
 [  54   42]]
acc: 0.944
f1: 0.429
4,134,coarse : 44.64 seconds
4,134,fine : 44.65 seconds
[[1468  446]
 [  20   76]]
acc: 0.768
f1: 0.246
[[1855   59]
 [  54   42]]
acc: 0.944
f1: 0.426
4,135,coarse : 44.37 seconds
4,135,fine : 44.38 seconds
[[1471  443]
 [  20   76]]
acc: 0.770
f1: 0.247
[[1857   57]
 [  54   42]]
acc: 0.945
f1: 0.431
4,136,coarse : 45.96 seconds
4,136,fine : 45.98 seconds
[[1469  445]
 [  20   76]]
acc: 0.769
f1: 0.246
[[1854   60]
 [  54   42]]
acc: 0.943
f1: 0.424
4,137,coarse : 46.9 seconds
4,137,fine : 46.92 seconds
[[1474  440]
 [  20   76]]
acc: 0.771
f1: 0.248
[[1852   62]
 [  55   41]]
acc: 0.942
f1: 0.412
4,138,coarse : 46.76 seconds
4,138,fine : 46.78 seconds
[[1477  437]
 [  20   76]]
acc: 0.773
f1: 0.250
[[1852   62]
 [  54   42]]
acc: 0.942
f1: 0.420
4,139,coarse : 47.56 seconds
4,139,fine : 47.57 seconds
[[1476  438]
 [  20   76]]
acc: 0.772
f1: 0.249
[[1853   61]
 [  54   42]]
acc: 0.943
f1: 0.422
4,140,coarse : 47.18 seconds
4,140,fine : 47.19 seconds
[[1481  433]
 [  20   76]]
acc: 0.775
f1: 0.251
[[1854   60]
 [  55   41]]
acc: 0.943
f1: 0.416
4,141,coarse : 48.27 seconds
4,141,fine : 48.28 seconds
[[1479  435]
 [  20   76]]
acc: 0.774
f1: 0.250
[[1850   64]
 [  54   42]]
acc: 0.941
f1: 0.416
4,142,coarse : 47.4 seconds
4,142,fine : 47.42 seconds
[[1479  435]
 [  20   76]]
acc: 0.774
f1: 0.250
[[1849   65]
 [  54   42]]
acc: 0.941
f1: 0.414
4,143,coarse : 47.66 seconds
4,143,fine : 47.68 seconds
[[1478  436]
 [  20   76]]
acc: 0.773
f1: 0.250
[[1851   63]
 [  55   41]]
acc: 0.941
f1: 0.410
4,144,coarse : 48.28 seconds
4,144,fine : 48.3 seconds
[[1480  434]
 [  20   76]]
acc: 0.774
f1: 0.251
[[1848   66]
 [  54   42]]
acc: 0.940
f1: 0.412
4,145,coarse : 50.17 seconds
4,145,fine : 50.19 seconds
[[1478  436]
 [  20   76]]
acc: 0.773
f1: 0.250
[[1845   69]
 [  53   43]]
acc: 0.939
f1: 0.413
4,146,coarse : 49.42 seconds
4,146,fine : 49.44 seconds
[[1472  442]
 [  19   77]]
acc: 0.771
f1: 0.250
[[1846   68]
 [  53   43]]
acc: 0.940
f1: 0.415
4,147,coarse : 51.94 seconds
4,147,fine : 51.96 seconds
[[1473  441]
 [  19   77]]
acc: 0.771
f1: 0.251
[[1848   66]
 [  52   44]]
acc: 0.941
f1: 0.427
4,148,coarse : 49.35 seconds
4,148,fine : 49.37 seconds
[[1474  440]
 [  19   77]]
acc: 0.772
f1: 0.251
[[1848   66]
 [  52   44]]
acc: 0.941
f1: 0.427
4,149,coarse : 50.88 seconds
4,149,fine : 50.89 seconds
[[1475  439]
 [  19   77]]
acc: 0.772
f1: 0.252
[[1851   63]
 [  52   44]]
acc: 0.943
f1: 0.433
4,150,coarse : 52.28 seconds
4,150,fine : 52.3 seconds
[[1473  441]
 [  19   77]]
acc: 0.771
f1: 0.251
[[1849   65]
 [  52   44]]
acc: 0.942
f1: 0.429
4,151,coarse : 51.52 seconds
4,151,fine : 51.54 seconds
[[1479  435]
 [  19   77]]
acc: 0.774
f1: 0.253
[[1849   65]
 [  52   44]]
acc: 0.942
f1: 0.429
4,152,coarse : 51.46 seconds
4,152,fine : 51.48 seconds
[[1480  434]
 [  19   77]]
acc: 0.775
f1: 0.254
[[1850   64]
 [  52   44]]
acc: 0.942
f1: 0.431
4,153,coarse : 52.11 seconds
4,153,fine : 52.13 seconds
[[1484  430]
 [  19   77]]
acc: 0.777
f1: 0.255
[[1852   62]
 [  51   45]]
acc: 0.944
f1: 0.443
4,154,coarse : 51.17 seconds
4,154,fine : 51.18 seconds
[[1480  434]
 [  19   77]]
acc: 0.775
f1: 0.254
[[1852   62]
 [  53   43]]
acc: 0.943
f1: 0.428
4,155,coarse : 51.24 seconds
4,155,fine : 51.26 seconds
[[1478  436]
 [  19   77]]
acc: 0.774
f1: 0.253
[[1852   62]
 [  53   43]]
acc: 0.943
f1: 0.428
4,156,coarse : 53.13 seconds
4,156,fine : 53.15 seconds
[[1481  433]
 [  19   77]]
acc: 0.775
f1: 0.254
[[1851   63]
 [  53   43]]
acc: 0.942
f1: 0.426
4,157,coarse : 53.6 seconds
4,157,fine : 53.62 seconds
[[1482  432]
 [  19   77]]
acc: 0.776
f1: 0.255
[[1849   65]
 [  52   44]]
acc: 0.942
f1: 0.429
4,158,coarse : 54.16 seconds
4,158,fine : 54.18 seconds
[[1482  432]
 [  19   77]]
acc: 0.776
f1: 0.255
[[1848   66]
 [  53   43]]
acc: 0.941
f1: 0.420
4,159,coarse : 53.69 seconds
4,159,fine : 53.7 seconds
[[1478  436]
 [  20   76]]
acc: 0.773
f1: 0.250
[[1849   65]
 [  53   43]]
acc: 0.941
f1: 0.422
4,160,coarse : 53.93 seconds
4,160,fine : 53.95 seconds
[[1478  436]
 [  19   77]]
acc: 0.774
f1: 0.253
[[1849   65]
 [  52   44]]
acc: 0.942
f1: 0.429
4,161,coarse : 55.6 seconds
4,161,fine : 55.62 seconds
[[1479  435]
 [  19   77]]
acc: 0.774
f1: 0.253
[[1851   63]
 [  53   43]]
acc: 0.942
f1: 0.426
4,162,coarse : 56.31 seconds
4,162,fine : 56.33 seconds
[[1475  439]
 [  19   77]]
acc: 0.772
f1: 0.252
[[1850   64]
 [  53   43]]
acc: 0.942
f1: 0.424
4,163,coarse : 55.87 seconds
4,163,fine : 55.88 seconds
[[1472  442]
 [  19   77]]
acc: 0.771
f1: 0.250
[[1850   64]
 [  52   44]]
acc: 0.942
f1: 0.431
4,164,coarse : 54.75 seconds
4,164,fine : 54.77 seconds
[[1472  442]
 [  20   76]]
acc: 0.770
f1: 0.248
[[1850   64]
 [  53   43]]
acc: 0.942
f1: 0.424
4,165,coarse : 57.78 seconds
4,165,fine : 57.8 seconds
[[1474  440]
 [  20   76]]
acc: 0.771
f1: 0.248
[[1850   64]
 [  52   44]]
acc: 0.942
f1: 0.431
4,166,coarse : 57.92 seconds
4,166,fine : 57.94 seconds
[[1475  439]
 [  20   76]]
acc: 0.772
f1: 0.249
[[1849   65]
 [  52   44]]
acc: 0.942
f1: 0.429
4,167,coarse : 59.7 seconds
4,167,fine : 59.72 seconds
[[1477  437]
 [  20   76]]
acc: 0.773
f1: 0.250
[[1850   64]
 [  50   46]]
acc: 0.943
f1: 0.447
4,168,coarse : 59.84 seconds
4,168,fine : 59.86 seconds
[[1478  436]
 [  20   76]]
acc: 0.773
f1: 0.250
[[1850   64]
 [  50   46]]
acc: 0.943
f1: 0.447
4,169,coarse : 58.7 seconds
4,169,fine : 58.72 seconds
[[1476  438]
 [  20   76]]
acc: 0.772
f1: 0.249
[[1849   65]
 [  52   44]]
acc: 0.942
f1: 0.429
4,170,coarse : 59.94 seconds
4,170,fine : 59.96 seconds
[[1475  439]
 [  20   76]]
acc: 0.772
f1: 0.249
[[1848   66]
 [  54   42]]
acc: 0.940
f1: 0.412
4,171,coarse : 59.57 seconds
4,171,fine : 59.59 seconds
[[1476  438]
 [  20   76]]
acc: 0.772
f1: 0.249
[[1848   66]
 [  53   43]]
acc: 0.941
f1: 0.420
4,172,coarse : 61.21 seconds
4,172,fine : 61.22 seconds
