all           0      1    2    3    4    5    6    7    8    
1      2010   1914   1    19   32   19   1    11   6    7    
2      2010   1914   1    19   32   19   1    11   6    7    
3      2010   1914   1    19   32   19   1    11   5    8    
4      2010   1914   1    19   32   19   1    10   6    8    
5      2010   1914   1    18   33   19   1    10   6    8    
6      2010   1914   1    18   33   19   1    10   6    8    
7      2010   1913   2    18   33   19   1    10   6    8    
8      2010   1913   2    18   33   19   1    10   6    8    
9      2009   1913   2    18   32   19   2    10   6    7    
10     2009   1913   1    19   32   19   1    11   6    7    
Total  20098  19136  13   185  324  190  11   104  59   76   
train         0      1    2    3    4    5    6    7    8    
1      2010   1914   1    19   32   19   1    11   6    7    
2      2010   1914   1    19   32   19   1    11   6    7    
3      2010   1914   1    19   32   19   1    11   5    8    
4      2010   1914   1    19   32   19   1    10   6    8    
5      2010   1914   1    18   33   19   1    10   6    8    
7      2010   1913   2    18   33   19   1    10   6    8    
8      2010   1913   2    18   33   19   1    10   6    8    
9      2009   1913   2    18   32   19   2    10   6    7    
10     2009   1913   1    19   32   19   1    11   6    7    
Total  18088  17222  12   167  291  171  10   94   53   68   
test          0      1    2    3    4    5    6    7    8    
6      2010   1914   1    18   33   19   1    10   6    8    
Total  2010   1914   1    18   33   19   1    10   6    8    
Classes             
0         17222     
1         12        
2         167       
3         291       
4         171       
5         10        
6         94        
7         53        
8         68        
Total     18088     

Shape: 450       

[952, 10, 11, 16, 11, 10, 10, 10, 10]
Sum start => 1040
[[1420  494]
 [  19   77]]
acc: 0.745
f1: 0.231
[[1875   39]
 [  82   14]]
acc: 0.940
f1: 0.188
6,1,coarse : 30.28 seconds
6,1,fine : 30.29 seconds
[[1420  494]
 [  19   77]]
acc: 0.745
f1: 0.231
[[1875   39]
 [  82   14]]
acc: 0.940
f1: 0.188
6,2,coarse : 31.53 seconds
6,2,fine : 31.54 seconds
[[1409  505]
 [  19   77]]
acc: 0.739
f1: 0.227
[[1870   44]
 [  81   15]]
acc: 0.938
f1: 0.194
6,3,coarse : 27.87 seconds
6,3,fine : 28.29 seconds
[[1400  514]
 [  18   78]]
acc: 0.735
f1: 0.227
[[1865   49]
 [  81   15]]
acc: 0.935
f1: 0.188
6,4,coarse : 27.87 seconds
6,4,fine : 27.87 seconds
[[1388  526]
 [  18   78]]
acc: 0.729
f1: 0.223
[[1863   51]
 [  81   15]]
acc: 0.934
f1: 0.185
6,5,coarse : 28.39 seconds
6,5,fine : 28.39 seconds
[[1374  540]
 [  18   78]]
acc: 0.722
f1: 0.218
[[1864   50]
 [  79   17]]
acc: 0.936
f1: 0.209
6,6,coarse : 27.87 seconds
6,6,fine : 27.87 seconds
[[1357  557]
 [  18   78]]
acc: 0.714
f1: 0.213
[[1863   51]
 [  79   17]]
acc: 0.935
f1: 0.207
6,7,coarse : 27.82 seconds
6,7,fine : 27.82 seconds
[[1341  573]
 [  18   78]]
acc: 0.706
f1: 0.209
[[1857   57]
 [  78   18]]
acc: 0.933
f1: 0.211
6,8,coarse : 28.6 seconds
6,8,fine : 28.61 seconds
[[1339  575]
 [  19   77]]
acc: 0.704
f1: 0.206
[[1848   66]
 [  77   19]]
acc: 0.929
f1: 0.210
6,9,coarse : 27.92 seconds
6,9,fine : 27.93 seconds
[[1317  597]
 [  17   79]]
acc: 0.695
f1: 0.205
[[1844   70]
 [  77   19]]
acc: 0.927
f1: 0.205
6,10,coarse : 27.91 seconds
6,10,fine : 27.91 seconds
[[1308  606]
 [  17   79]]
acc: 0.690
f1: 0.202
[[1841   73]
 [  77   19]]
acc: 0.925
f1: 0.202
6,11,coarse : 28.65 seconds
6,11,fine : 28.65 seconds
[[1298  616]
 [  17   79]]
acc: 0.685
f1: 0.200
[[1834   80]
 [  75   21]]
acc: 0.923
f1: 0.213
6,12,coarse : 28.0 seconds
6,12,fine : 28.0 seconds
[[1284  630]
 [  16   80]]
acc: 0.679
f1: 0.199
[[1832   82]
 [  74   22]]
acc: 0.922
f1: 0.220
6,13,coarse : 28.14 seconds
6,13,fine : 28.14 seconds
[[1272  642]
 [  17   79]]
acc: 0.672
f1: 0.193
[[1827   87]
 [  74   22]]
acc: 0.920
f1: 0.215
6,14,coarse : 28.66 seconds
6,14,fine : 28.67 seconds
[[1260  654]
 [  15   81]]
acc: 0.667
f1: 0.195
[[1826   88]
 [  74   22]]
acc: 0.919
f1: 0.214
6,15,coarse : 27.93 seconds
6,15,fine : 27.93 seconds
[[1258  656]
 [  15   81]]
acc: 0.666
f1: 0.194
[[1823   91]
 [  72   24]]
acc: 0.919
f1: 0.227
6,16,coarse : 28.06 seconds
6,16,fine : 28.06 seconds
[[1249  665]
 [  15   81]]
acc: 0.662
f1: 0.192
[[1818   96]
 [  71   25]]
acc: 0.917
f1: 0.230
6,17,coarse : 28.82 seconds
6,17,fine : 28.83 seconds
[[1239  675]
 [  15   81]]
acc: 0.657
f1: 0.190
[[1810  104]
 [  69   27]]
acc: 0.914
f1: 0.238
6,18,coarse : 28.08 seconds
6,18,fine : 28.08 seconds
[[1229  685]
 [  15   81]]
acc: 0.652
f1: 0.188
[[1806  108]
 [  67   29]]
acc: 0.913
f1: 0.249
6,19,coarse : 28.01 seconds
6,19,fine : 28.01 seconds
[[1225  689]
 [  14   82]]
acc: 0.650
f1: 0.189
[[1801  113]
 [  67   29]]
acc: 0.910
f1: 0.244
6,20,coarse : 28.84 seconds
6,20,fine : 28.85 seconds
[[1221  693]
 [  14   82]]
acc: 0.648
f1: 0.188
[[1786  128]
 [  64   32]]
acc: 0.904
f1: 0.250
6,21,coarse : 28.21 seconds
6,21,fine : 28.22 seconds
[[1216  698]
 [  14   82]]
acc: 0.646
f1: 0.187
[[1755  159]
 [  62   34]]
acc: 0.890
f1: 0.235
6,22,coarse : 28.29 seconds
6,22,fine : 28.29 seconds
[[1211  703]
 [  14   82]]
acc: 0.643
f1: 0.186
[[1749  165]
 [  61   35]]
acc: 0.888
f1: 0.236
6,23,coarse : 28.9 seconds
6,23,fine : 28.9 seconds
[[1211  703]
 [  14   82]]
acc: 0.643
f1: 0.186
[[1733  181]
 [  60   36]]
acc: 0.880
f1: 0.230
6,24,coarse : 28.18 seconds
6,24,fine : 28.19 seconds
[[1203  711]
 [  14   82]]
acc: 0.639
f1: 0.184
[[1725  189]
 [  59   37]]
acc: 0.877
f1: 0.230
6,25,coarse : 28.22 seconds
6,25,fine : 28.22 seconds
[[1201  713]
 [  14   82]]
acc: 0.638
f1: 0.184
[[1722  192]
 [  59   37]]
acc: 0.875
f1: 0.228
6,26,coarse : 28.82 seconds
6,26,fine : 28.82 seconds
[[1202  712]
 [  14   82]]
acc: 0.639
f1: 0.184
[[1720  194]
 [  59   37]]
acc: 0.874
f1: 0.226
6,27,coarse : 28.38 seconds
6,27,fine : 28.38 seconds
[[1199  715]
 [  14   82]]
acc: 0.637
f1: 0.184
[[1705  209]
 [  56   40]]
acc: 0.868
f1: 0.232
6,28,coarse : 28.23 seconds
6,28,fine : 28.24 seconds
[[1195  719]
 [  14   82]]
acc: 0.635
f1: 0.183
[[1687  227]
 [  44   52]]
acc: 0.865
f1: 0.277
6,29,coarse : 28.87 seconds
6,29,fine : 28.88 seconds
[[1200  714]
 [  14   82]]
acc: 0.638
f1: 0.184
[[1694  220]
 [  44   52]]
acc: 0.869
f1: 0.283
6,30,coarse : 28.1 seconds
6,30,fine : 28.1 seconds
[[1199  715]
 [  15   81]]
acc: 0.637
f1: 0.182
[[1679  235]
 [  38   58]]
acc: 0.864
f1: 0.298
6,31,coarse : 28.18 seconds
6,31,fine : 28.19 seconds
[[1202  712]
 [  15   81]]
acc: 0.638
f1: 0.182
[[1693  221]
 [  39   57]]
acc: 0.871
f1: 0.305
6,32,coarse : 28.41 seconds
6,32,fine : 28.41 seconds
[[1202  712]
 [  14   82]]
acc: 0.639
f1: 0.184
[[1681  233]
 [  42   54]]
acc: 0.863
f1: 0.282
6,33,coarse : 28.96 seconds
6,33,fine : 28.97 seconds
[[1207  707]
 [  16   80]]
acc: 0.640
f1: 0.181
[[1669  245]
 [  39   57]]
acc: 0.859
f1: 0.286
6,34,coarse : 28.43 seconds
6,34,fine : 28.43 seconds
[[1209  705]
 [  17   79]]
acc: 0.641
f1: 0.180
[[1640  274]
 [  35   61]]
acc: 0.846
f1: 0.283
6,35,coarse : 28.22 seconds
6,35,fine : 28.22 seconds
[[1216  698]
 [  17   79]]
acc: 0.644
f1: 0.181
[[1616  298]
 [  33   63]]
acc: 0.835
f1: 0.276
6,36,coarse : 28.9 seconds
6,36,fine : 28.91 seconds
[[1220  694]
 [  17   79]]
acc: 0.646
f1: 0.182
[[1591  323]
 [  29   67]]
acc: 0.825
f1: 0.276
6,37,coarse : 28.4 seconds
6,37,fine : 28.4 seconds
[[1220  694]
 [  17   79]]
acc: 0.646
f1: 0.182
[[1552  362]
 [  27   69]]
acc: 0.806
f1: 0.262
6,38,coarse : 28.5 seconds
6,38,fine : 28.51 seconds
[[1223  691]
 [  17   79]]
acc: 0.648
f1: 0.182
[[1547  367]
 [  26   70]]
acc: 0.804
f1: 0.263
6,39,coarse : 28.38 seconds
6,39,fine : 28.39 seconds
[[1221  693]
 [  17   79]]
acc: 0.647
f1: 0.182
[[1539  375]
 [  26   70]]
acc: 0.800
f1: 0.259
6,40,coarse : 29.05 seconds
6,40,fine : 29.05 seconds
[[1225  689]
 [  17   79]]
acc: 0.649
f1: 0.183
[[1538  376]
 [  27   69]]
acc: 0.800
f1: 0.255
6,41,coarse : 28.91 seconds
6,41,fine : 28.92 seconds
[[1228  686]
 [  17   79]]
acc: 0.650
f1: 0.184
[[1529  385]
 [  24   72]]
acc: 0.797
f1: 0.260
6,42,coarse : 28.76 seconds
6,42,fine : 28.77 seconds
[[1229  685]
 [  18   78]]
acc: 0.650
f1: 0.182
[[1515  399]
 [  25   71]]
acc: 0.789
f1: 0.251
6,43,coarse : 29.04 seconds
6,43,fine : 29.04 seconds
[[1237  677]
 [  17   79]]
acc: 0.655
f1: 0.185
[[1519  395]
 [  25   71]]
acc: 0.791
f1: 0.253
6,44,coarse : 28.4 seconds
6,44,fine : 28.41 seconds
[[1239  675]
 [  17   79]]
acc: 0.656
f1: 0.186
[[1518  396]
 [  24   72]]
acc: 0.791
f1: 0.255
6,45,coarse : 28.66 seconds
6,45,fine : 28.66 seconds
[[1237  677]
 [  17   79]]
acc: 0.655
f1: 0.185
[[1503  411]
 [  24   72]]
acc: 0.784
f1: 0.249
6,46,coarse : 28.56 seconds
6,46,fine : 28.57 seconds
[[1232  682]
 [  18   78]]
acc: 0.652
f1: 0.182
[[1498  416]
 [  25   71]]
acc: 0.781
f1: 0.244
6,47,coarse : 29.23 seconds
6,47,fine : 29.23 seconds
[[1234  680]
 [  18   78]]
acc: 0.653
f1: 0.183
[[1482  432]
 [  23   73]]
acc: 0.774
f1: 0.243
6,48,coarse : 28.31 seconds
6,48,fine : 28.32 seconds
[[1228  686]
 [  18   78]]
acc: 0.650
f1: 0.181
[[1476  438]
 [  23   73]]
acc: 0.771
f1: 0.241
6,49,coarse : 28.51 seconds
6,49,fine : 28.52 seconds
[[1228  686]
 [  18   78]]
acc: 0.650
f1: 0.181
[[1475  439]
 [  23   73]]
acc: 0.770
f1: 0.240
6,50,coarse : 31.25 seconds
6,50,fine : 31.26 seconds
[[1227  687]
 [  18   78]]
acc: 0.649
f1: 0.181
[[1472  442]
 [  23   73]]
acc: 0.769
f1: 0.239
6,51,coarse : 28.27 seconds
6,51,fine : 28.28 seconds
[[1221  693]
 [  18   78]]
acc: 0.646
f1: 0.180
[[1468  446]
 [  23   73]]
acc: 0.767
f1: 0.237
6,52,coarse : 28.45 seconds
6,52,fine : 28.46 seconds
[[1219  695]
 [  18   78]]
acc: 0.645
f1: 0.180
[[1463  451]
 [  23   73]]
acc: 0.764
f1: 0.235
6,53,coarse : 29.14 seconds
6,53,fine : 29.15 seconds
[[1218  696]
 [  16   80]]
acc: 0.646
f1: 0.183
[[1469  445]
 [  23   73]]
acc: 0.767
f1: 0.238
6,54,coarse : 28.56 seconds
6,54,fine : 28.57 seconds
[[1202  712]
 [  14   82]]
acc: 0.639
f1: 0.184
[[1467  447]
 [  22   74]]
acc: 0.767
f1: 0.240
6,55,coarse : 28.98 seconds
6,55,fine : 28.98 seconds
[[1195  719]
 [  13   83]]
acc: 0.636
f1: 0.185
[[1461  453]
 [  22   74]]
acc: 0.764
f1: 0.238
6,56,coarse : 28.53 seconds
6,56,fine : 28.53 seconds
[[1180  734]
 [  13   83]]
acc: 0.628
f1: 0.182
[[1460  454]
 [  22   74]]
acc: 0.763
f1: 0.237
6,57,coarse : 29.5 seconds
6,57,fine : 29.5 seconds
[[1170  744]
 [  12   84]]
acc: 0.624
f1: 0.182
[[1461  453]
 [  22   74]]
acc: 0.764
f1: 0.238
6,58,coarse : 28.81 seconds
6,58,fine : 28.82 seconds
[[1165  749]
 [  12   84]]
acc: 0.621
f1: 0.181
[[1465  449]
 [  22   74]]
acc: 0.766
f1: 0.239
6,59,coarse : 28.89 seconds
6,59,fine : 28.9 seconds
[[1158  756]
 [  12   84]]
acc: 0.618
f1: 0.179
[[1461  453]
 [  22   74]]
acc: 0.764
f1: 0.238
6,60,coarse : 28.4 seconds
6,60,fine : 28.41 seconds
[[1155  759]
 [  12   84]]
acc: 0.616
f1: 0.179
[[1464  450]
 [  22   74]]
acc: 0.765
f1: 0.239
6,61,coarse : 28.91 seconds
6,61,fine : 28.93 seconds
[[1149  765]
 [  12   84]]
acc: 0.613
f1: 0.178
[[1466  448]
 [  21   75]]
acc: 0.767
f1: 0.242
6,62,coarse : 29.63 seconds
6,62,fine : 29.64 seconds
[[1145  769]
 [  12   84]]
acc: 0.611
f1: 0.177
[[1469  445]
 [  21   75]]
acc: 0.768
f1: 0.244
6,63,coarse : 28.83 seconds
6,63,fine : 28.84 seconds
[[1127  787]
 [  11   85]]
acc: 0.603
f1: 0.176
[[1470  444]
 [  22   74]]
acc: 0.768
f1: 0.241
6,64,coarse : 28.82 seconds
6,64,fine : 28.82 seconds
[[1128  786]
 [  12   84]]
acc: 0.603
f1: 0.174
[[1470  444]
 [  22   74]]
acc: 0.768
f1: 0.241
6,65,coarse : 29.09 seconds
6,65,fine : 29.1 seconds
[[1124  790]
 [  11   85]]
acc: 0.601
f1: 0.175
[[1470  444]
 [  22   74]]
acc: 0.768
f1: 0.241
6,66,coarse : 29.35 seconds
6,66,fine : 29.36 seconds
[[1100  814]
 [  11   85]]
acc: 0.590
f1: 0.171
[[1469  445]
 [  22   74]]
acc: 0.768
f1: 0.241
6,67,coarse : 29.18 seconds
6,67,fine : 29.19 seconds
[[1101  813]
 [  11   85]]
acc: 0.590
f1: 0.171
[[1467  447]
 [  22   74]]
acc: 0.767
f1: 0.240
6,68,coarse : 29.29 seconds
6,68,fine : 29.29 seconds
[[1087  827]
 [  11   85]]
acc: 0.583
f1: 0.169
[[1472  442]
 [  22   74]]
acc: 0.769
f1: 0.242
6,69,coarse : 29.38 seconds
6,69,fine : 29.38 seconds
[[1055  859]
 [  10   86]]
acc: 0.568
f1: 0.165
[[1472  442]
 [  22   74]]
acc: 0.769
f1: 0.242
6,70,coarse : 29.9 seconds
6,70,fine : 29.91 seconds
[[1053  861]
 [  10   86]]
acc: 0.567
f1: 0.165
[[1474  440]
 [  22   74]]
acc: 0.770
f1: 0.243
6,71,coarse : 30.26 seconds
6,71,fine : 30.27 seconds
[[1057  857]
 [  10   86]]
acc: 0.569
f1: 0.166
[[1468  446]
 [  21   75]]
acc: 0.768
f1: 0.243
6,72,coarse : 29.92 seconds
6,72,fine : 29.94 seconds
[[1058  856]
 [  10   86]]
acc: 0.569
f1: 0.166
[[1470  444]
 [  21   75]]
acc: 0.769
f1: 0.244
6,73,coarse : 29.54 seconds
6,73,fine : 29.55 seconds
[[1064  850]
 [  10   86]]
acc: 0.572
f1: 0.167
[[1461  453]
 [  21   75]]
acc: 0.764
f1: 0.240
6,74,coarse : 29.83 seconds
6,74,fine : 29.84 seconds
[[1069  845]
 [  10   86]]
acc: 0.575
f1: 0.167
[[1466  448]
 [  22   74]]
acc: 0.766
f1: 0.239
6,75,coarse : 29.96 seconds
6,75,fine : 29.97 seconds
[[1073  841]
 [  11   85]]
acc: 0.576
f1: 0.166
[[1464  450]
 [  21   75]]
acc: 0.766
f1: 0.242
6,76,coarse : 29.47 seconds
6,76,fine : 29.48 seconds
[[1077  837]
 [  11   85]]
acc: 0.578
f1: 0.167
[[1464  450]
 [  22   74]]
acc: 0.765
f1: 0.239
6,77,coarse : 29.45 seconds
6,77,fine : 29.46 seconds
[[1081  833]
 [  11   85]]
acc: 0.580
f1: 0.168
[[1466  448]
 [  22   74]]
acc: 0.766
f1: 0.239
6,78,coarse : 29.3 seconds
6,78,fine : 29.32 seconds
[[1089  825]
 [  11   85]]
acc: 0.584
f1: 0.169
[[1479  435]
 [  22   74]]
acc: 0.773
f1: 0.245
6,79,coarse : 29.67 seconds
6,79,fine : 29.68 seconds
[[1096  818]
 [  11   85]]
acc: 0.588
f1: 0.170
[[1479  435]
 [  22   74]]
acc: 0.773
f1: 0.245
6,80,coarse : 30.01 seconds
6,80,fine : 30.02 seconds
[[1102  812]
 [  11   85]]
acc: 0.591
f1: 0.171
[[1483  431]
 [  22   74]]
acc: 0.775
f1: 0.246
6,81,coarse : 29.62 seconds
6,81,fine : 29.63 seconds
[[1106  808]
 [  11   85]]
acc: 0.593
f1: 0.172
[[1488  426]
 [  22   74]]
acc: 0.777
f1: 0.248
6,82,coarse : 29.69 seconds
6,82,fine : 29.7 seconds
[[1112  802]
 [  11   85]]
acc: 0.596
f1: 0.173
[[1493  421]
 [  22   74]]
acc: 0.780
f1: 0.250
6,83,coarse : 29.67 seconds
6,83,fine : 29.68 seconds
[[1119  795]
 [  12   84]]
acc: 0.599
f1: 0.172
[[1499  415]
 [  22   74]]
acc: 0.783
f1: 0.253
6,84,coarse : 29.62 seconds
6,84,fine : 29.63 seconds
[[1119  795]
 [  12   84]]
acc: 0.599
f1: 0.172
[[1509  405]
 [  24   72]]
acc: 0.787
f1: 0.251
6,85,coarse : 29.62 seconds
6,85,fine : 29.63 seconds
[[1123  791]
 [  12   84]]
acc: 0.600
f1: 0.173
[[1499  415]
 [  24   72]]
acc: 0.782
f1: 0.247
6,86,coarse : 30.4 seconds
6,86,fine : 30.41 seconds
[[1133  781]
 [  12   84]]
acc: 0.605
f1: 0.175
[[1491  423]
 [  24   72]]
acc: 0.778
f1: 0.244
6,87,coarse : 30.09 seconds
6,87,fine : 30.1 seconds
[[1138  776]
 [  12   84]]
acc: 0.608
f1: 0.176
[[1499  415]
 [  24   72]]
acc: 0.782
f1: 0.247
6,88,coarse : 30.11 seconds
6,88,fine : 30.12 seconds
[[1144  770]
 [  12   84]]
acc: 0.611
f1: 0.177
[[1502  412]
 [  24   72]]
acc: 0.783
f1: 0.248
6,89,coarse : 30.35 seconds
6,89,fine : 30.36 seconds
[[1154  760]
 [  12   84]]
acc: 0.616
f1: 0.179
[[1505  409]
 [  24   72]]
acc: 0.785
f1: 0.250
6,90,coarse : 29.92 seconds
6,90,fine : 29.93 seconds
[[1157  757]
 [  12   84]]
acc: 0.617
f1: 0.179
[[1506  408]
 [  24   72]]
acc: 0.785
f1: 0.250
6,91,coarse : 30.23 seconds
6,91,fine : 30.24 seconds
[[1170  744]
 [  12   84]]
acc: 0.624
f1: 0.182
[[1504  410]
 [  23   73]]
acc: 0.785
f1: 0.252
6,92,coarse : 31.0 seconds
6,92,fine : 31.01 seconds
[[1175  739]
 [  12   84]]
acc: 0.626
f1: 0.183
[[1501  413]
 [  23   73]]
acc: 0.783
f1: 0.251
6,93,coarse : 30.56 seconds
6,93,fine : 30.57 seconds
[[1180  734]
 [  12   84]]
acc: 0.629
f1: 0.184
[[1505  409]
 [  23   73]]
acc: 0.785
f1: 0.253
6,94,coarse : 30.7 seconds
6,94,fine : 30.71 seconds
[[1186  728]
 [  12   84]]
acc: 0.632
f1: 0.185
[[1508  406]
 [  23   73]]
acc: 0.787
f1: 0.254
6,95,coarse : 30.64 seconds
6,95,fine : 30.65 seconds
[[1192  722]
 [  12   84]]
acc: 0.635
f1: 0.186
[[1510  404]
 [  23   73]]
acc: 0.788
f1: 0.255
6,96,coarse : 30.87 seconds
6,96,fine : 30.88 seconds
[[1198  716]
 [  12   84]]
acc: 0.638
f1: 0.188
[[1515  399]
 [  23   73]]
acc: 0.790
f1: 0.257
6,97,coarse : 31.09 seconds
6,97,fine : 31.1 seconds
[[1205  709]
 [  12   84]]
acc: 0.641
f1: 0.189
[[1518  396]
 [  23   73]]
acc: 0.792
f1: 0.258
6,98,coarse : 31.58 seconds
6,98,fine : 31.59 seconds
[[1214  700]
 [  12   84]]
acc: 0.646
f1: 0.191
[[1522  392]
 [  23   73]]
acc: 0.794
f1: 0.260
6,99,coarse : 31.23 seconds
6,99,fine : 31.24 seconds
[[1219  695]
 [  12   84]]
acc: 0.648
f1: 0.192
[[1527  387]
 [  23   73]]
acc: 0.796
f1: 0.263
6,100,coarse : 32.9 seconds
6,100,fine : 32.91 seconds
[[1224  690]
 [  12   84]]
acc: 0.651
f1: 0.193
[[1536  378]
 [  23   73]]
acc: 0.800
f1: 0.267
6,101,coarse : 31.3 seconds
6,101,fine : 31.31 seconds
[[1232  682]
 [  13   83]]
acc: 0.654
f1: 0.193
[[1541  373]
 [  23   73]]
acc: 0.803
f1: 0.269
6,102,coarse : 32.12 seconds
6,102,fine : 32.13 seconds
[[1236  678]
 [  13   83]]
acc: 0.656
f1: 0.194
[[1543  371]
 [  23   73]]
acc: 0.804
f1: 0.270
6,103,coarse : 31.31 seconds
6,103,fine : 31.32 seconds
[[1243  671]
 [  13   83]]
acc: 0.660
f1: 0.195
[[1549  365]
 [  23   73]]
acc: 0.807
f1: 0.273
6,104,coarse : 31.48 seconds
6,104,fine : 31.49 seconds
[[1249  665]
 [  13   83]]
acc: 0.663
f1: 0.197
[[1557  357]
 [  23   73]]
acc: 0.811
f1: 0.278
6,105,coarse : 31.39 seconds
6,105,fine : 31.4 seconds
[[1256  658]
 [  13   83]]
acc: 0.666
f1: 0.198
[[1563  351]
 [  23   73]]
acc: 0.814
f1: 0.281
6,106,coarse : 31.47 seconds
6,106,fine : 31.49 seconds
[[1261  653]
 [  13   83]]
acc: 0.669
f1: 0.200
[[1571  343]
 [  24   72]]
acc: 0.817
f1: 0.282
6,107,coarse : 31.33 seconds
6,107,fine : 31.35 seconds
[[1271  643]
 [  13   83]]
acc: 0.674
f1: 0.202
[[1579  335]
 [  24   72]]
acc: 0.821
f1: 0.286
6,108,coarse : 31.73 seconds
6,108,fine : 31.74 seconds
[[1279  635]
 [  13   83]]
acc: 0.678
f1: 0.204
[[1583  331]
 [  23   73]]
acc: 0.824
f1: 0.292
6,109,coarse : 32.44 seconds
6,109,fine : 32.45 seconds
[[1284  630]
 [  12   84]]
acc: 0.681
f1: 0.207
[[1590  324]
 [  23   73]]
acc: 0.827
f1: 0.296
6,110,coarse : 32.09 seconds
6,110,fine : 32.1 seconds
[[1287  627]
 [  12   84]]
acc: 0.682
f1: 0.208
[[1595  319]
 [  23   73]]
acc: 0.830
f1: 0.299
6,111,coarse : 31.73 seconds
6,111,fine : 31.74 seconds
[[1292  622]
 [  12   84]]
acc: 0.685
f1: 0.209
[[1602  312]
 [  23   73]]
acc: 0.833
f1: 0.304
6,112,coarse : 31.93 seconds
6,112,fine : 31.94 seconds
[[1294  620]
 [  12   84]]
acc: 0.686
f1: 0.210
[[1605  309]
 [  23   73]]
acc: 0.835
f1: 0.305
6,113,coarse : 31.79 seconds
6,113,fine : 31.8 seconds
[[1294  620]
 [  12   84]]
acc: 0.686
f1: 0.210
[[1608  306]
 [  23   73]]
acc: 0.836
f1: 0.307
6,114,coarse : 31.74 seconds
6,114,fine : 31.75 seconds
[[1295  619]
 [  11   85]]
acc: 0.687
f1: 0.212
[[1616  298]
 [  24   72]]
acc: 0.840
f1: 0.309
6,115,coarse : 32.11 seconds
6,115,fine : 32.33 seconds
[[1303  611]
 [  12   84]]
acc: 0.690
f1: 0.212
[[1622  292]
 [  25   71]]
acc: 0.842
f1: 0.309
6,116,coarse : 32.31 seconds
6,116,fine : 32.32 seconds
[[1304  610]
 [  11   85]]
acc: 0.691
f1: 0.215
[[1624  290]
 [  26   70]]
acc: 0.843
f1: 0.307
6,117,coarse : 31.81 seconds
6,117,fine : 31.82 seconds
[[1303  611]
 [  12   84]]
acc: 0.690
f1: 0.212
[[1628  286]
 [  27   69]]
acc: 0.844
f1: 0.306
6,118,coarse : 32.9 seconds
6,118,fine : 32.91 seconds
[[1305  609]
 [  12   84]]
acc: 0.691
f1: 0.213
[[1631  283]
 [  26   70]]
acc: 0.846
f1: 0.312
6,119,coarse : 32.03 seconds
6,119,fine : 32.05 seconds
[[1306  608]
 [  13   83]]
acc: 0.691
f1: 0.211
[[1637  277]
 [  26   70]]
acc: 0.849
f1: 0.316
6,120,coarse : 32.1 seconds
6,120,fine : 32.11 seconds
[[1303  611]
 [  13   83]]
acc: 0.690
f1: 0.210
[[1646  268]
 [  26   70]]
acc: 0.854
f1: 0.323
6,121,coarse : 32.38 seconds
6,121,fine : 32.39 seconds
[[1310  604]
 [  13   83]]
acc: 0.693
f1: 0.212
[[1651  263]
 [  26   70]]
acc: 0.856
f1: 0.326
6,122,coarse : 32.71 seconds
6,122,fine : 32.72 seconds
[[1310  604]
 [  13   83]]
acc: 0.693
f1: 0.212
[[1654  260]
 [  26   70]]
acc: 0.858
f1: 0.329
6,123,coarse : 32.45 seconds
6,123,fine : 32.46 seconds
[[1313  601]
 [  13   83]]
acc: 0.695
f1: 0.213
[[1660  254]
 [  27   69]]
acc: 0.860
f1: 0.329
6,124,coarse : 32.72 seconds
6,124,fine : 32.73 seconds
[[1310  604]
 [  13   83]]
acc: 0.693
f1: 0.212
[[1664  250]
 [  27   69]]
acc: 0.862
f1: 0.333
6,125,coarse : 32.86 seconds
6,125,fine : 32.87 seconds
[[1314  600]
 [  13   83]]
acc: 0.695
f1: 0.213
[[1668  246]
 [  28   68]]
acc: 0.864
f1: 0.332
6,126,coarse : 33.04 seconds
6,126,fine : 33.05 seconds
[[1323  591]
 [  13   83]]
acc: 0.700
f1: 0.216
[[1674  240]
 [  27   69]]
acc: 0.867
f1: 0.341
6,127,coarse : 32.94 seconds
6,127,fine : 32.95 seconds
[[1328  586]
 [  13   83]]
acc: 0.702
f1: 0.217
[[1678  236]
 [  29   67]]
acc: 0.868
f1: 0.336
6,128,coarse : 33.02 seconds
6,128,fine : 33.04 seconds
[[1333  581]
 [  13   83]]
acc: 0.704
f1: 0.218
[[1686  228]
 [  29   67]]
acc: 0.872
f1: 0.343
6,129,coarse : 33.26 seconds
6,129,fine : 33.27 seconds
[[1338  576]
 [  13   83]]
acc: 0.707
f1: 0.220
[[1692  222]
 [  30   66]]
acc: 0.875
f1: 0.344
6,130,coarse : 33.08 seconds
6,130,fine : 33.09 seconds
[[1346  568]
 [  13   83]]
acc: 0.711
f1: 0.222
[[1695  219]
 [  30   66]]
acc: 0.876
f1: 0.346
6,131,coarse : 33.26 seconds
6,131,fine : 33.27 seconds
[[1352  562]
 [  14   82]]
acc: 0.713
f1: 0.222
[[1700  214]
 [  30   66]]
acc: 0.879
f1: 0.351
6,132,coarse : 32.74 seconds
6,132,fine : 32.75 seconds
[[1361  553]
 [  14   82]]
acc: 0.718
f1: 0.224
[[1706  208]
 [  31   65]]
acc: 0.881
f1: 0.352
6,133,coarse : 33.41 seconds
6,133,fine : 33.42 seconds
[[1371  543]
 [  14   82]]
acc: 0.723
f1: 0.227
[[1707  207]
 [  32   64]]
acc: 0.881
f1: 0.349
6,134,coarse : 33.42 seconds
6,134,fine : 33.43 seconds
[[1374  540]
 [  14   82]]
acc: 0.724
f1: 0.228
[[1707  207]
 [  32   64]]
acc: 0.881
f1: 0.349
6,135,coarse : 33.65 seconds
6,135,fine : 33.66 seconds
[[1380  534]
 [  14   82]]
acc: 0.727
f1: 0.230
[[1711  203]
 [  32   64]]
acc: 0.883
f1: 0.353
6,136,coarse : 33.55 seconds
6,136,fine : 33.56 seconds
[[1387  527]
 [  15   81]]
acc: 0.730
f1: 0.230
[[1713  201]
 [  32   64]]
acc: 0.884
f1: 0.355
6,137,coarse : 33.69 seconds
6,137,fine : 33.71 seconds
[[1395  519]
 [  15   81]]
acc: 0.734
f1: 0.233
[[1714  200]
 [  32   64]]
acc: 0.885
f1: 0.356
6,138,coarse : 33.85 seconds
6,138,fine : 33.86 seconds
[[1400  514]
 [  15   81]]
acc: 0.737
f1: 0.234
[[1721  193]
 [  32   64]]
acc: 0.888
f1: 0.363
6,139,coarse : 34.05 seconds
6,139,fine : 34.06 seconds
[[1401  513]
 [  15   81]]
acc: 0.737
f1: 0.235
[[1727  187]
 [  32   64]]
acc: 0.891
f1: 0.369
6,140,coarse : 33.94 seconds
6,140,fine : 33.96 seconds
[[1406  508]
 [  15   81]]
acc: 0.740
f1: 0.236
[[1730  184]
 [  32   64]]
acc: 0.893
f1: 0.372
6,141,coarse : 33.6 seconds
6,141,fine : 33.61 seconds
[[1407  507]
 [  15   81]]
acc: 0.740
f1: 0.237
[[1738  176]
 [  32   64]]
acc: 0.897
f1: 0.381
6,142,coarse : 34.57 seconds
6,142,fine : 34.58 seconds
[[1410  504]
 [  15   81]]
acc: 0.742
f1: 0.238
[[1744  170]
 [  32   64]]
acc: 0.900
f1: 0.388
6,143,coarse : 34.98 seconds
6,143,fine : 35.0 seconds
[[1416  498]
 [  15   81]]
acc: 0.745
f1: 0.240
[[1748  166]
 [  33   63]]
acc: 0.901
f1: 0.388
6,144,coarse : 34.3 seconds
6,144,fine : 34.32 seconds
[[1420  494]
 [  15   81]]
acc: 0.747
f1: 0.241
[[1756  158]
 [  33   63]]
acc: 0.905
f1: 0.397
6,145,coarse : 35.21 seconds
6,145,fine : 35.22 seconds
[[1429  485]
 [  15   81]]
acc: 0.751
f1: 0.245
[[1761  153]
 [  36   60]]
acc: 0.906
f1: 0.388
6,146,coarse : 34.92 seconds
6,146,fine : 34.93 seconds
[[1435  479]
 [  15   81]]
acc: 0.754
f1: 0.247
[[1769  145]
 [  35   61]]
acc: 0.910
f1: 0.404
6,147,coarse : 34.75 seconds
6,147,fine : 34.76 seconds
[[1442  472]
 [  15   81]]
acc: 0.758
f1: 0.250
[[1770  144]
 [  35   61]]
acc: 0.911
f1: 0.405
6,148,coarse : 35.27 seconds
6,148,fine : 35.28 seconds
[[1447  467]
 [  15   81]]
acc: 0.760
f1: 0.252
[[1771  143]
 [  35   61]]
acc: 0.911
f1: 0.407
6,149,coarse : 36.04 seconds
6,149,fine : 36.05 seconds
[[1454  460]
 [  15   81]]
acc: 0.764
f1: 0.254
[[1774  140]
 [  36   60]]
acc: 0.912
f1: 0.405
6,150,coarse : 38.05 seconds
6,150,fine : 38.07 seconds
[[1462  452]
 [  15   81]]
acc: 0.768
f1: 0.258
[[1779  135]
 [  35   61]]
acc: 0.915
f1: 0.418
6,151,coarse : 35.65 seconds
6,151,fine : 35.66 seconds
[[1466  448]
 [  16   80]]
acc: 0.769
f1: 0.256
[[1780  134]
 [  35   61]]
acc: 0.916
f1: 0.419
6,152,coarse : 36.21 seconds
6,152,fine : 36.23 seconds
[[1469  445]
 [  18   78]]
acc: 0.770
f1: 0.252
[[1783  131]
 [  36   60]]
acc: 0.917
f1: 0.418
6,153,coarse : 36.46 seconds
6,153,fine : 36.48 seconds
[[1475  439]
 [  18   78]]
acc: 0.773
f1: 0.254
[[1783  131]
 [  36   60]]
acc: 0.917
f1: 0.418
6,154,coarse : 36.7 seconds
6,154,fine : 36.72 seconds
[[1483  431]
 [  17   79]]
acc: 0.777
f1: 0.261
[[1787  127]
 [  37   59]]
acc: 0.918
f1: 0.418
6,155,coarse : 36.7 seconds
6,155,fine : 36.72 seconds
[[1490  424]
 [  17   79]]
acc: 0.781
f1: 0.264
[[1793  121]
 [  37   59]]
acc: 0.921
f1: 0.428
6,156,coarse : 36.78 seconds
6,156,fine : 36.79 seconds
[[1492  422]
 [  17   79]]
acc: 0.782
f1: 0.265
[[1795  119]
 [  38   58]]
acc: 0.922
f1: 0.425
6,157,coarse : 36.77 seconds
6,157,fine : 36.97 seconds
[[1493  421]
 [  17   79]]
acc: 0.782
f1: 0.265
[[1799  115]
 [  38   58]]
acc: 0.924
f1: 0.431
6,158,coarse : 37.06 seconds
6,158,fine : 37.07 seconds
[[1495  419]
 [  17   79]]
acc: 0.783
f1: 0.266
[[1801  113]
 [  38   58]]
acc: 0.925
f1: 0.434
6,159,coarse : 36.94 seconds
6,159,fine : 36.95 seconds
[[1492  422]
 [  17   79]]
acc: 0.782
f1: 0.265
[[1804  110]
 [  38   58]]
acc: 0.926
f1: 0.439
6,160,coarse : 37.01 seconds
6,160,fine : 37.03 seconds
[[1500  414]
 [  17   79]]
acc: 0.786
f1: 0.268
[[1805  109]
 [  39   57]]
acc: 0.926
f1: 0.435
6,161,coarse : 37.93 seconds
6,161,fine : 37.94 seconds
[[1509  405]
 [  18   78]]
acc: 0.790
f1: 0.269
[[1808  106]
 [  39   57]]
acc: 0.928
f1: 0.440
6,162,coarse : 37.29 seconds
6,162,fine : 37.31 seconds
[[1503  411]
 [  17   79]]
acc: 0.787
f1: 0.270
[[1813  101]
 [  40   56]]
acc: 0.930
f1: 0.443
6,163,coarse : 37.87 seconds
6,163,fine : 37.88 seconds
[[1510  404]
 [  17   79]]
acc: 0.791
f1: 0.273
[[1814  100]
 [  42   54]]
acc: 0.929
f1: 0.432
6,164,coarse : 38.22 seconds
6,164,fine : 38.23 seconds
[[1517  397]
 [  18   78]]
acc: 0.794
f1: 0.273
[[1820   94]
 [  42   54]]
acc: 0.932
f1: 0.443
6,165,coarse : 38.38 seconds
6,165,fine : 38.39 seconds
[[1523  391]
 [  18   78]]
acc: 0.797
f1: 0.276
[[1823   91]
 [  43   53]]
acc: 0.933
f1: 0.442
6,166,coarse : 38.61 seconds
6,166,fine : 38.62 seconds
[[1532  382]
 [  18   78]]
acc: 0.801
f1: 0.281
[[1823   91]
 [  43   53]]
acc: 0.933
f1: 0.442
6,167,coarse : 38.85 seconds
6,167,fine : 38.87 seconds
[[1531  383]
 [  18   78]]
acc: 0.800
f1: 0.280
[[1826   88]
 [  43   53]]
acc: 0.935
f1: 0.447
6,168,coarse : 38.23 seconds
6,168,fine : 38.24 seconds
[[1530  384]
 [  17   79]]
acc: 0.800
f1: 0.283
[[1829   85]
 [  43   53]]
acc: 0.936
f1: 0.453
6,169,coarse : 38.74 seconds
6,169,fine : 38.76 seconds
[[1535  379]
 [  17   79]]
acc: 0.803
f1: 0.285
[[1834   80]
 [  43   53]]
acc: 0.939
f1: 0.463
6,170,coarse : 39.42 seconds
6,170,fine : 39.44 seconds
[[1539  375]
 [  17   79]]
acc: 0.805
f1: 0.287
[[1838   76]
 [  43   53]]
acc: 0.941
f1: 0.471
6,171,coarse : 40.19 seconds
6,171,fine : 40.21 seconds
[[1537  377]
 [  17   79]]
acc: 0.804
f1: 0.286
[[1842   72]
 [  43   53]]
acc: 0.943
f1: 0.480
6,172,coarse : 40.05 seconds
6,172,fine : 40.07 seconds
