all           0      1    2    3    4    5    6    7    8    
1      2010   1914   1    19   32   19   1    11   6    7    
2      2010   1914   1    19   32   19   1    11   6    7    
3      2010   1914   1    19   32   19   1    11   5    8    
4      2010   1914   1    19   32   19   1    10   6    8    
5      2010   1914   1    18   33   19   1    10   6    8    
6      2010   1914   1    18   33   19   1    10   6    8    
7      2010   1913   2    18   33   19   1    10   6    8    
8      2010   1913   2    18   33   19   1    10   6    8    
9      2009   1913   2    18   32   19   2    10   6    7    
10     2009   1913   1    19   32   19   1    11   6    7    
Total  20098  19136  13   185  324  190  11   104  59   76   
train         0      1    2    3    4    5    6    7    8    
2      2010   1914   1    19   32   19   1    11   6    7    
3      2010   1914   1    19   32   19   1    11   5    8    
4      2010   1914   1    19   32   19   1    10   6    8    
5      2010   1914   1    18   33   19   1    10   6    8    
6      2010   1914   1    18   33   19   1    10   6    8    
7      2010   1913   2    18   33   19   1    10   6    8    
8      2010   1913   2    18   33   19   1    10   6    8    
9      2009   1913   2    18   32   19   2    10   6    7    
10     2009   1913   1    19   32   19   1    11   6    7    
Total  18088  17222  12   166  292  171  10   93   53   69   
test          0      1    2    3    4    5    6    7    8    
1      2010   1914   1    19   32   19   1    11   6    7    
Total  2010   1914   1    19   32   19   1    11   6    7    
Classes             
0         17222     
1         12        
2         166       
3         292       
4         171       
5         10        
6         93        
7         53        
8         69        
Total     18088     

Shape: 450       

[952, 10, 11, 16, 11, 10, 10, 10, 10]
Sum start => 1040
[[955 959]
 [ 10  86]]
acc: 0.518
f1: 0.151
[[1889   25]
 [  85   11]]
acc: 0.945
f1: 0.167
1,1,coarse : 27.77 seconds
1,1,fine : 27.78 seconds
[[955 959]
 [ 10  86]]
acc: 0.518
f1: 0.151
[[1889   25]
 [  85   11]]
acc: 0.945
f1: 0.167
1,2,coarse : 28.76 seconds
1,2,fine : 28.76 seconds
[[998 916]
 [ 11  85]]
acc: 0.539
f1: 0.155
[[1892   22]
 [  86   10]]
acc: 0.946
f1: 0.156
1,3,coarse : 3.14 seconds
1,3,fine : 3.14 seconds
[[1053  861]
 [  11   85]]
acc: 0.566
f1: 0.163
[[1901   13]
 [  87    9]]
acc: 0.950
f1: 0.153
1,4,coarse : 2.85 seconds
1,4,fine : 2.85 seconds
[[1037  877]
 [  12   84]]
acc: 0.558
f1: 0.159
[[1900   14]
 [  87    9]]
acc: 0.950
f1: 0.151
1,5,coarse : 2.93 seconds
1,5,fine : 2.94 seconds
[[1036  878]
 [   9   87]]
acc: 0.559
f1: 0.164
[[1899   15]
 [  88    8]]
acc: 0.949
f1: 0.134
1,6,coarse : 3.04 seconds
1,6,fine : 3.04 seconds
[[1063  851]
 [   9   87]]
acc: 0.572
f1: 0.168
[[1899   15]
 [  87    9]]
acc: 0.949
f1: 0.150
1,7,coarse : 3.63 seconds
1,7,fine : 3.63 seconds
[[1089  825]
 [  10   86]]
acc: 0.585
f1: 0.171
[[1898   16]
 [  85   11]]
acc: 0.950
f1: 0.179
1,8,coarse : 3.38 seconds
1,8,fine : 3.38 seconds
[[1095  819]
 [  10   86]]
acc: 0.588
f1: 0.172
[[1897   17]
 [  85   11]]
acc: 0.949
f1: 0.177
1,9,coarse : 3.4 seconds
1,9,fine : 3.4 seconds
[[1116  798]
 [  10   86]]
acc: 0.598
f1: 0.176
[[1899   15]
 [  84   12]]
acc: 0.951
f1: 0.195
1,10,coarse : 3.44 seconds
1,10,fine : 3.45 seconds
[[1105  809]
 [  12   84]]
acc: 0.592
f1: 0.170
[[1899   15]
 [  84   12]]
acc: 0.951
f1: 0.195
1,11,coarse : 3.93 seconds
1,11,fine : 3.93 seconds
[[1101  813]
 [  12   84]]
acc: 0.590
f1: 0.169
[[1900   14]
 [  83   13]]
acc: 0.952
f1: 0.211
1,12,coarse : 3.8 seconds
1,12,fine : 3.8 seconds
[[1089  825]
 [  12   84]]
acc: 0.584
f1: 0.167
[[1903   11]
 [  78   18]]
acc: 0.956
f1: 0.288
1,13,coarse : 3.89 seconds
1,13,fine : 3.9 seconds
[[1103  811]
 [  12   84]]
acc: 0.591
f1: 0.170
[[1902   12]
 [  78   18]]
acc: 0.955
f1: 0.286
1,14,coarse : 4.24 seconds
1,14,fine : 4.24 seconds
[[1122  792]
 [  13   83]]
acc: 0.600
f1: 0.171
[[1903   11]
 [  80   16]]
acc: 0.955
f1: 0.260
1,15,coarse : 4.36 seconds
1,15,fine : 4.36 seconds
[[1130  784]
 [  12   84]]
acc: 0.604
f1: 0.174
[[1901   13]
 [  79   17]]
acc: 0.954
f1: 0.270
1,16,coarse : 4.39 seconds
1,16,fine : 4.39 seconds
[[1134  780]
 [  13   83]]
acc: 0.605
f1: 0.173
[[1899   15]
 [  77   19]]
acc: 0.954
f1: 0.292
1,17,coarse : 4.49 seconds
1,17,fine : 4.49 seconds
[[1145  769]
 [  13   83]]
acc: 0.611
f1: 0.175
[[1896   18]
 [  78   18]]
acc: 0.952
f1: 0.273
1,18,coarse : 4.62 seconds
1,18,fine : 4.63 seconds
[[1162  752]
 [  13   83]]
acc: 0.619
f1: 0.178
[[1894   20]
 [  77   19]]
acc: 0.952
f1: 0.281
1,19,coarse : 4.65 seconds
1,19,fine : 4.66 seconds
[[1163  751]
 [  13   83]]
acc: 0.620
f1: 0.178
[[1892   22]
 [  75   21]]
acc: 0.952
f1: 0.302
1,20,coarse : 4.99 seconds
1,20,fine : 4.99 seconds
[[1171  743]
 [  12   84]]
acc: 0.624
f1: 0.182
[[1896   18]
 [  77   19]]
acc: 0.953
f1: 0.286
1,21,coarse : 5.04 seconds
1,21,fine : 5.05 seconds
[[1186  728]
 [  12   84]]
acc: 0.632
f1: 0.185
[[1899   15]
 [  82   14]]
acc: 0.952
f1: 0.224
1,22,coarse : 5.15 seconds
1,22,fine : 5.16 seconds
[[1198  716]
 [  12   84]]
acc: 0.638
f1: 0.188
[[1900   14]
 [  79   17]]
acc: 0.954
f1: 0.268
1,23,coarse : 5.32 seconds
1,23,fine : 5.32 seconds
[[1169  745]
 [  12   84]]
acc: 0.623
f1: 0.182
[[1896   18]
 [  79   17]]
acc: 0.952
f1: 0.260
1,24,coarse : 5.34 seconds
1,24,fine : 5.35 seconds
[[1168  746]
 [  12   84]]
acc: 0.623
f1: 0.181
[[1895   19]
 [  77   19]]
acc: 0.952
f1: 0.284
1,25,coarse : 5.56 seconds
1,25,fine : 5.57 seconds
[[1177  737]
 [  12   84]]
acc: 0.627
f1: 0.183
[[1895   19]
 [  76   20]]
acc: 0.953
f1: 0.296
1,26,coarse : 5.88 seconds
1,26,fine : 5.89 seconds
[[1193  721]
 [  12   84]]
acc: 0.635
f1: 0.186
[[1892   22]
 [  75   21]]
acc: 0.952
f1: 0.302
1,27,coarse : 5.74 seconds
1,27,fine : 5.74 seconds
[[1196  718]
 [  12   84]]
acc: 0.637
f1: 0.187
[[1889   25]
 [  76   20]]
acc: 0.950
f1: 0.284
1,28,coarse : 6.15 seconds
1,28,fine : 6.16 seconds
[[1186  728]
 [  13   83]]
acc: 0.631
f1: 0.183
[[1889   25]
 [  76   20]]
acc: 0.950
f1: 0.284
1,29,coarse : 6.1 seconds
1,29,fine : 6.1 seconds
[[1194  720]
 [  13   83]]
acc: 0.635
f1: 0.185
[[1891   23]
 [  75   21]]
acc: 0.951
f1: 0.300
1,30,coarse : 6.35 seconds
1,30,fine : 6.36 seconds
[[1190  724]
 [  12   84]]
acc: 0.634
f1: 0.186
[[1891   23]
 [  74   22]]
acc: 0.952
f1: 0.312
1,31,coarse : 6.41 seconds
1,31,fine : 6.41 seconds
[[1187  727]
 [  12   84]]
acc: 0.632
f1: 0.185
[[1892   22]
 [  77   19]]
acc: 0.951
f1: 0.277
1,32,coarse : 6.57 seconds
1,32,fine : 6.57 seconds
[[1187  727]
 [  12   84]]
acc: 0.632
f1: 0.185
[[1894   20]
 [  77   19]]
acc: 0.952
f1: 0.281
1,33,coarse : 6.58 seconds
1,33,fine : 6.58 seconds
[[1191  723]
 [  12   84]]
acc: 0.634
f1: 0.186
[[1893   21]
 [  77   19]]
acc: 0.951
f1: 0.279
1,34,coarse : 6.74 seconds
1,34,fine : 6.75 seconds
[[1198  716]
 [  12   84]]
acc: 0.638
f1: 0.188
[[1890   24]
 [  76   20]]
acc: 0.950
f1: 0.286
1,35,coarse : 6.77 seconds
1,35,fine : 6.78 seconds
[[1205  709]
 [  12   84]]
acc: 0.641
f1: 0.189
[[1889   25]
 [  76   20]]
acc: 0.950
f1: 0.284
1,36,coarse : 7.0 seconds
1,36,fine : 7.01 seconds
[[1210  704]
 [  12   84]]
acc: 0.644
f1: 0.190
[[1890   24]
 [  75   21]]
acc: 0.951
f1: 0.298
1,37,coarse : 7.12 seconds
1,37,fine : 7.13 seconds
[[1197  717]
 [  12   84]]
acc: 0.637
f1: 0.187
[[1891   23]
 [  74   22]]
acc: 0.952
f1: 0.312
1,38,coarse : 7.3 seconds
1,38,fine : 7.31 seconds
[[1199  715]
 [  13   83]]
acc: 0.638
f1: 0.186
[[1890   24]
 [  74   22]]
acc: 0.951
f1: 0.310
1,39,coarse : 7.34 seconds
1,39,fine : 7.34 seconds
[[1188  726]
 [  11   85]]
acc: 0.633
f1: 0.187
[[1891   23]
 [  74   22]]
acc: 0.952
f1: 0.312
1,40,coarse : 7.59 seconds
1,40,fine : 7.6 seconds
[[1180  734]
 [  11   85]]
acc: 0.629
f1: 0.186
[[1889   25]
 [  73   23]]
acc: 0.951
f1: 0.319
1,41,coarse : 7.7 seconds
1,41,fine : 7.7 seconds
[[1177  737]
 [  11   85]]
acc: 0.628
f1: 0.185
[[1888   26]
 [  73   23]]
acc: 0.951
f1: 0.317
1,42,coarse : 7.99 seconds
1,42,fine : 8.0 seconds
[[1186  728]
 [  11   85]]
acc: 0.632
f1: 0.187
[[1888   26]
 [  71   25]]
acc: 0.952
f1: 0.340
1,43,coarse : 8.05 seconds
1,43,fine : 8.06 seconds
[[1162  752]
 [  10   86]]
acc: 0.621
f1: 0.184
[[1888   26]
 [  73   23]]
acc: 0.951
f1: 0.317
1,44,coarse : 8.01 seconds
1,44,fine : 8.02 seconds
[[1163  751]
 [   9   87]]
acc: 0.622
f1: 0.186
[[1886   28]
 [  68   28]]
acc: 0.952
f1: 0.368
1,45,coarse : 8.63 seconds
1,45,fine : 8.64 seconds
[[1171  743]
 [   9   87]]
acc: 0.626
f1: 0.188
[[1883   31]
 [  67   29]]
acc: 0.951
f1: 0.372
1,46,coarse : 8.35 seconds
1,46,fine : 8.37 seconds
[[1172  742]
 [   9   87]]
acc: 0.626
f1: 0.188
[[1879   35]
 [  67   29]]
acc: 0.949
f1: 0.362
1,47,coarse : 8.69 seconds
1,47,fine : 8.7 seconds
[[1181  733]
 [   9   87]]
acc: 0.631
f1: 0.190
[[1879   35]
 [  67   29]]
acc: 0.949
f1: 0.362
1,48,coarse : 8.87 seconds
1,48,fine : 8.87 seconds
[[1181  733]
 [  10   86]]
acc: 0.630
f1: 0.188
[[1879   35]
 [  65   31]]
acc: 0.950
f1: 0.383
1,49,coarse : 9.01 seconds
1,49,fine : 9.02 seconds
[[1184  730]
 [   8   88]]
acc: 0.633
f1: 0.193
[[1879   35]
 [  65   31]]
acc: 0.950
f1: 0.383
1,50,coarse : 10.76 seconds
1,50,fine : 10.76 seconds
[[1169  745]
 [  10   86]]
acc: 0.624
f1: 0.186
[[1873   41]
 [  65   31]]
acc: 0.947
f1: 0.369
1,51,coarse : 9.44 seconds
1,51,fine : 9.45 seconds
[[1171  743]
 [  10   86]]
acc: 0.625
f1: 0.186
[[1873   41]
 [  64   32]]
acc: 0.948
f1: 0.379
1,52,coarse : 9.31 seconds
1,52,fine : 9.32 seconds
[[1179  735]
 [  10   86]]
acc: 0.629
f1: 0.188
[[1873   41]
 [  64   32]]
acc: 0.948
f1: 0.379
1,53,coarse : 9.54 seconds
1,53,fine : 9.55 seconds
[[1177  737]
 [   8   88]]
acc: 0.629
f1: 0.191
[[1868   46]
 [  61   35]]
acc: 0.947
f1: 0.395
1,54,coarse : 10.01 seconds
1,54,fine : 10.02 seconds
[[1178  736]
 [   8   88]]
acc: 0.630
f1: 0.191
[[1868   46]
 [  61   35]]
acc: 0.947
f1: 0.395
1,55,coarse : 9.65 seconds
1,55,fine : 9.66 seconds
[[1181  733]
 [   7   89]]
acc: 0.632
f1: 0.194
[[1867   47]
 [  61   35]]
acc: 0.946
f1: 0.393
1,56,coarse : 10.15 seconds
1,56,fine : 10.16 seconds
[[1180  734]
 [   9   87]]
acc: 0.630
f1: 0.190
[[1865   49]
 [  62   34]]
acc: 0.945
f1: 0.380
1,57,coarse : 9.88 seconds
1,57,fine : 9.89 seconds
[[1162  752]
 [   8   88]]
acc: 0.622
f1: 0.188
[[1865   49]
 [  63   33]]
acc: 0.944
f1: 0.371
1,58,coarse : 10.29 seconds
1,58,fine : 10.29 seconds
[[1170  744]
 [   8   88]]
acc: 0.626
f1: 0.190
[[1862   52]
 [  62   34]]
acc: 0.943
f1: 0.374
1,59,coarse : 10.54 seconds
1,59,fine : 10.54 seconds
[[1181  733]
 [   8   88]]
acc: 0.631
f1: 0.192
[[1863   51]
 [  61   35]]
acc: 0.944
f1: 0.385
1,60,coarse : 10.45 seconds
1,60,fine : 10.45 seconds
[[1184  730]
 [   8   88]]
acc: 0.633
f1: 0.193
[[1864   50]
 [  60   36]]
acc: 0.945
f1: 0.396
1,61,coarse : 10.83 seconds
1,61,fine : 10.84 seconds
[[1184  730]
 [   9   87]]
acc: 0.632
f1: 0.191
[[1863   51]
 [  60   36]]
acc: 0.945
f1: 0.393
1,62,coarse : 11.3 seconds
1,62,fine : 11.31 seconds
[[1189  725]
 [   9   87]]
acc: 0.635
f1: 0.192
[[1862   52]
 [  59   37]]
acc: 0.945
f1: 0.400
1,63,coarse : 11.01 seconds
1,63,fine : 11.02 seconds
[[1189  725]
 [   9   87]]
acc: 0.635
f1: 0.192
[[1862   52]
 [  56   40]]
acc: 0.946
f1: 0.426
1,64,coarse : 11.14 seconds
1,64,fine : 11.15 seconds
[[1185  729]
 [  10   86]]
acc: 0.632
f1: 0.189
[[1859   55]
 [  57   39]]
acc: 0.944
f1: 0.411
1,65,coarse : 11.27 seconds
1,65,fine : 11.28 seconds
[[1190  724]
 [  10   86]]
acc: 0.635
f1: 0.190
[[1859   55]
 [  58   38]]
acc: 0.944
f1: 0.402
1,66,coarse : 11.59 seconds
1,66,fine : 11.6 seconds
[[1178  736]
 [   9   87]]
acc: 0.629
f1: 0.189
[[1855   59]
 [  58   38]]
acc: 0.942
f1: 0.394
1,67,coarse : 11.28 seconds
1,67,fine : 11.29 seconds
[[1178  736]
 [   9   87]]
acc: 0.629
f1: 0.189
[[1854   60]
 [  57   39]]
acc: 0.942
f1: 0.400
1,68,coarse : 11.88 seconds
1,68,fine : 11.89 seconds
[[1172  742]
 [   9   87]]
acc: 0.626
f1: 0.188
[[1855   59]
 [  56   40]]
acc: 0.943
f1: 0.410
1,69,coarse : 11.93 seconds
1,69,fine : 11.94 seconds
[[1179  735]
 [   9   87]]
acc: 0.630
f1: 0.190
[[1855   59]
 [  55   41]]
acc: 0.943
f1: 0.418
1,70,coarse : 11.64 seconds
1,70,fine : 11.66 seconds
[[1183  731]
 [   8   88]]
acc: 0.632
f1: 0.192
[[1856   58]
 [  57   39]]
acc: 0.943
f1: 0.404
1,71,coarse : 12.26 seconds
1,71,fine : 12.27 seconds
[[1180  734]
 [   8   88]]
acc: 0.631
f1: 0.192
[[1855   59]
 [  57   39]]
acc: 0.942
f1: 0.402
1,72,coarse : 12.25 seconds
1,72,fine : 12.26 seconds
[[1182  732]
 [   8   88]]
acc: 0.632
f1: 0.192
[[1857   57]
 [  56   40]]
acc: 0.944
f1: 0.415
1,73,coarse : 12.54 seconds
1,73,fine : 12.55 seconds
[[1176  738]
 [   9   87]]
acc: 0.628
f1: 0.189
[[1855   59]
 [  55   41]]
acc: 0.943
f1: 0.418
1,74,coarse : 12.49 seconds
1,74,fine : 12.5 seconds
[[1181  733]
 [   9   87]]
acc: 0.631
f1: 0.190
[[1855   59]
 [  55   41]]
acc: 0.943
f1: 0.418
1,75,coarse : 12.65 seconds
1,75,fine : 12.66 seconds
[[1177  737]
 [   9   87]]
acc: 0.629
f1: 0.189
[[1855   59]
 [  56   40]]
acc: 0.943
f1: 0.410
1,76,coarse : 12.68 seconds
1,76,fine : 12.69 seconds
[[1180  734]
 [   9   87]]
acc: 0.630
f1: 0.190
[[1852   62]
 [  53   43]]
acc: 0.943
f1: 0.428
1,77,coarse : 12.12 seconds
1,77,fine : 12.13 seconds
[[1173  741]
 [   8   88]]
acc: 0.627
f1: 0.190
[[1848   66]
 [  52   44]]
acc: 0.941
f1: 0.427
1,78,coarse : 11.94 seconds
1,78,fine : 11.95 seconds
[[1177  737]
 [   8   88]]
acc: 0.629
f1: 0.191
[[1847   67]
 [  52   44]]
acc: 0.941
f1: 0.425
1,79,coarse : 12.67 seconds
1,79,fine : 12.68 seconds
[[1169  745]
 [   8   88]]
acc: 0.625
f1: 0.189
[[1848   66]
 [  52   44]]
acc: 0.941
f1: 0.427
1,80,coarse : 12.79 seconds
1,80,fine : 12.8 seconds
[[1173  741]
 [   6   90]]
acc: 0.628
f1: 0.194
[[1847   67]
 [  53   43]]
acc: 0.940
f1: 0.417
1,81,coarse : 12.88 seconds
1,81,fine : 12.89 seconds
[[1158  756]
 [   8   88]]
acc: 0.620
f1: 0.187
[[1846   68]
 [  53   43]]
acc: 0.940
f1: 0.415
1,82,coarse : 13.51 seconds
1,82,fine : 13.52 seconds
[[1162  752]
 [   7   89]]
acc: 0.622
f1: 0.190
[[1848   66]
 [  53   43]]
acc: 0.941
f1: 0.420
1,83,coarse : 13.52 seconds
1,83,fine : 13.56 seconds
[[1166  748]
 [   8   88]]
acc: 0.624
f1: 0.189
[[1846   68]
 [  52   44]]
acc: 0.940
f1: 0.423
1,84,coarse : 13.4 seconds
1,84,fine : 13.42 seconds
[[1167  747]
 [   8   88]]
acc: 0.624
f1: 0.189
[[1842   72]
 [  52   44]]
acc: 0.938
f1: 0.415
1,85,coarse : 13.61 seconds
1,85,fine : 13.62 seconds
[[1172  742]
 [   8   88]]
acc: 0.627
f1: 0.190
[[1843   71]
 [  52   44]]
acc: 0.939
f1: 0.417
1,86,coarse : 14.16 seconds
1,86,fine : 14.18 seconds
[[1175  739]
 [   8   88]]
acc: 0.628
f1: 0.191
[[1845   69]
 [  51   45]]
acc: 0.940
f1: 0.429
1,87,coarse : 13.79 seconds
1,87,fine : 13.8 seconds
[[1177  737]
 [   8   88]]
acc: 0.629
f1: 0.191
[[1846   68]
 [  51   45]]
acc: 0.941
f1: 0.431
1,88,coarse : 14.35 seconds
1,88,fine : 14.36 seconds
[[1175  739]
 [   7   89]]
acc: 0.629
f1: 0.193
[[1847   67]
 [  50   46]]
acc: 0.942
f1: 0.440
1,89,coarse : 14.97 seconds
1,89,fine : 14.98 seconds
[[1174  740]
 [   7   89]]
acc: 0.628
f1: 0.192
[[1848   66]
 [  51   45]]
acc: 0.942
f1: 0.435
1,90,coarse : 14.82 seconds
1,90,fine : 14.83 seconds
[[1173  741]
 [   7   89]]
acc: 0.628
f1: 0.192
[[1848   66]
 [  52   44]]
acc: 0.941
f1: 0.427
1,91,coarse : 15.05 seconds
1,91,fine : 15.06 seconds
[[1167  747]
 [   8   88]]
acc: 0.624
f1: 0.189
[[1850   64]
 [  53   43]]
acc: 0.942
f1: 0.424
1,92,coarse : 15.01 seconds
1,92,fine : 15.02 seconds
[[1171  743]
 [   8   88]]
acc: 0.626
f1: 0.190
[[1850   64]
 [  53   43]]
acc: 0.942
f1: 0.424
1,93,coarse : 15.49 seconds
1,93,fine : 15.5 seconds
[[1172  742]
 [   8   88]]
acc: 0.627
f1: 0.190
[[1845   69]
 [  52   44]]
acc: 0.940
f1: 0.421
1,94,coarse : 15.96 seconds
1,94,fine : 15.98 seconds
[[1173  741]
 [   8   88]]
acc: 0.627
f1: 0.190
[[1848   66]
 [  51   45]]
acc: 0.942
f1: 0.435
1,95,coarse : 16.09 seconds
1,95,fine : 16.1 seconds
[[1174  740]
 [   8   88]]
acc: 0.628
f1: 0.190
[[1847   67]
 [  51   45]]
acc: 0.941
f1: 0.433
1,96,coarse : 15.81 seconds
1,96,fine : 15.83 seconds
[[1171  743]
 [   7   89]]
acc: 0.627
f1: 0.192
[[1847   67]
 [  51   45]]
acc: 0.941
f1: 0.433
1,97,coarse : 15.79 seconds
1,97,fine : 15.8 seconds
[[1174  740]
 [   7   89]]
acc: 0.628
f1: 0.192
[[1846   68]
 [  51   45]]
acc: 0.941
f1: 0.431
1,98,coarse : 16.72 seconds
1,98,fine : 16.73 seconds
[[1178  736]
 [   7   89]]
acc: 0.630
f1: 0.193
[[1848   66]
 [  51   45]]
acc: 0.942
f1: 0.435
1,99,coarse : 17.08 seconds
1,99,fine : 17.09 seconds
[[1186  728]
 [   7   89]]
acc: 0.634
f1: 0.195
[[1848   66]
 [  51   45]]
acc: 0.942
f1: 0.435
1,100,coarse : 18.23 seconds
1,100,fine : 18.24 seconds
[[1178  736]
 [   7   89]]
acc: 0.630
f1: 0.193
[[1847   67]
 [  50   46]]
acc: 0.942
f1: 0.440
1,101,coarse : 17.65 seconds
1,101,fine : 17.67 seconds
[[1180  734]
 [   8   88]]
acc: 0.631
f1: 0.192
[[1847   67]
 [  50   46]]
acc: 0.942
f1: 0.440
1,102,coarse : 17.51 seconds
1,102,fine : 17.52 seconds
[[1178  736]
 [   8   88]]
acc: 0.630
f1: 0.191
[[1846   68]
 [  50   46]]
acc: 0.941
f1: 0.438
1,103,coarse : 17.3 seconds
1,103,fine : 17.31 seconds
[[1187  727]
 [   8   88]]
acc: 0.634
f1: 0.193
[[1847   67]
 [  50   46]]
acc: 0.942
f1: 0.440
1,104,coarse : 17.8 seconds
1,104,fine : 17.82 seconds
[[1191  723]
 [   8   88]]
acc: 0.636
f1: 0.194
[[1847   67]
 [  50   46]]
acc: 0.942
f1: 0.440
1,105,coarse : 17.77 seconds
1,105,fine : 17.78 seconds
[[1191  723]
 [   8   88]]
acc: 0.636
f1: 0.194
[[1847   67]
 [  50   46]]
acc: 0.942
f1: 0.440
1,106,coarse : 18.01 seconds
1,106,fine : 18.02 seconds
[[1193  721]
 [   8   88]]
acc: 0.637
f1: 0.194
[[1847   67]
 [  50   46]]
acc: 0.942
f1: 0.440
1,107,coarse : 18.26 seconds
1,107,fine : 18.27 seconds
[[1198  716]
 [   8   88]]
acc: 0.640
f1: 0.196
[[1849   65]
 [  49   47]]
acc: 0.943
f1: 0.452
1,108,coarse : 17.74 seconds
1,108,fine : 17.75 seconds
[[1199  715]
 [   8   88]]
acc: 0.640
f1: 0.196
[[1849   65]
 [  50   46]]
acc: 0.943
f1: 0.444
1,109,coarse : 17.77 seconds
1,109,fine : 17.78 seconds
[[1203  711]
 [   8   88]]
acc: 0.642
f1: 0.197
[[1849   65]
 [  50   46]]
acc: 0.943
f1: 0.444
1,110,coarse : 19.17 seconds
1,110,fine : 19.19 seconds
[[1212  702]
 [   8   88]]
acc: 0.647
f1: 0.199
[[1849   65]
 [  50   46]]
acc: 0.943
f1: 0.444
1,111,coarse : 17.99 seconds
1,111,fine : 18.0 seconds
[[1213  701]
 [   8   88]]
acc: 0.647
f1: 0.199
[[1850   64]
 [  50   46]]
acc: 0.943
f1: 0.447
1,112,coarse : 18.26 seconds
1,112,fine : 18.28 seconds
[[1215  699]
 [   8   88]]
acc: 0.648
f1: 0.199
[[1848   66]
 [  50   46]]
acc: 0.942
f1: 0.442
1,113,coarse : 19.01 seconds
1,113,fine : 19.03 seconds
[[1214  700]
 [   8   88]]
acc: 0.648
f1: 0.199
[[1849   65]
 [  50   46]]
acc: 0.943
f1: 0.444
1,114,coarse : 18.64 seconds
1,114,fine : 18.66 seconds
[[1217  697]
 [   7   89]]
acc: 0.650
f1: 0.202
[[1846   68]
 [  49   47]]
acc: 0.942
f1: 0.445
1,115,coarse : 19.3 seconds
1,115,fine : 19.32 seconds
[[1215  699]
 [   8   88]]
acc: 0.648
f1: 0.199
[[1845   69]
 [  48   48]]
acc: 0.942
f1: 0.451
1,116,coarse : 18.79 seconds
1,116,fine : 18.8 seconds
[[1219  695]
 [   8   88]]
acc: 0.650
f1: 0.200
[[1846   68]
 [  49   47]]
acc: 0.942
f1: 0.445
1,117,coarse : 19.05 seconds
1,117,fine : 19.06 seconds
[[1206  708]
 [   7   89]]
acc: 0.644
f1: 0.199
[[1843   71]
 [  50   46]]
acc: 0.940
f1: 0.432
1,118,coarse : 19.81 seconds
1,118,fine : 19.83 seconds
[[1208  706]
 [   7   89]]
acc: 0.645
f1: 0.200
[[1845   69]
 [  49   47]]
acc: 0.941
f1: 0.443
1,119,coarse : 20.32 seconds
1,119,fine : 20.33 seconds
[[1205  709]
 [   7   89]]
acc: 0.644
f1: 0.199
[[1847   67]
 [  49   47]]
acc: 0.942
f1: 0.448
1,120,coarse : 20.09 seconds
1,120,fine : 20.1 seconds
[[1210  704]
 [   7   89]]
acc: 0.646
f1: 0.200
[[1845   69]
 [  49   47]]
acc: 0.941
f1: 0.443
1,121,coarse : 20.1 seconds
1,121,fine : 20.11 seconds
[[1212  702]
 [   8   88]]
acc: 0.647
f1: 0.199
[[1845   69]
 [  48   48]]
acc: 0.942
f1: 0.451
1,122,coarse : 20.23 seconds
1,122,fine : 20.24 seconds
[[1205  709]
 [   6   90]]
acc: 0.644
f1: 0.201
[[1843   71]
 [  48   48]]
acc: 0.941
f1: 0.447
1,123,coarse : 20.66 seconds
1,123,fine : 20.67 seconds
[[1203  711]
 [   6   90]]
acc: 0.643
f1: 0.201
[[1843   71]
 [  48   48]]
acc: 0.941
f1: 0.447
1,124,coarse : 20.72 seconds
1,124,fine : 20.74 seconds
[[1201  713]
 [   6   90]]
acc: 0.642
f1: 0.200
[[1840   74]
 [  48   48]]
acc: 0.939
f1: 0.440
1,125,coarse : 20.99 seconds
1,125,fine : 21.0 seconds
[[1194  720]
 [   5   91]]
acc: 0.639
f1: 0.201
[[1840   74]
 [  49   47]]
acc: 0.939
f1: 0.433
1,126,coarse : 20.92 seconds
1,126,fine : 20.93 seconds
[[1191  723]
 [   5   91]]
acc: 0.638
f1: 0.200
[[1841   73]
 [  49   47]]
acc: 0.939
f1: 0.435
1,127,coarse : 21.16 seconds
1,127,fine : 21.18 seconds
[[1192  722]
 [   5   91]]
acc: 0.638
f1: 0.200
[[1841   73]
 [  49   47]]
acc: 0.939
f1: 0.435
1,128,coarse : 21.61 seconds
1,128,fine : 21.64 seconds
[[1193  721]
 [   4   92]]
acc: 0.639
f1: 0.202
[[1841   73]
 [  48   48]]
acc: 0.940
f1: 0.442
1,129,coarse : 22.11 seconds
1,129,fine : 22.13 seconds
[[1193  721]
 [   4   92]]
acc: 0.639
f1: 0.202
[[1840   74]
 [  47   49]]
acc: 0.940
f1: 0.447
1,130,coarse : 21.85 seconds
1,130,fine : 21.86 seconds
[[1191  723]
 [   4   92]]
acc: 0.638
f1: 0.202
[[1844   70]
 [  47   49]]
acc: 0.942
f1: 0.456
1,131,coarse : 22.2 seconds
1,131,fine : 22.22 seconds
[[1195  719]
 [   5   91]]
acc: 0.640
f1: 0.201
[[1842   72]
 [  46   50]]
acc: 0.941
f1: 0.459
1,132,coarse : 22.2 seconds
1,132,fine : 22.22 seconds
[[1197  717]
 [   4   92]]
acc: 0.641
f1: 0.203
[[1842   72]
 [  48   48]]
acc: 0.940
f1: 0.444
1,133,coarse : 22.56 seconds
1,133,fine : 22.57 seconds
[[1198  716]
 [   4   92]]
acc: 0.642
f1: 0.204
[[1845   69]
 [  46   50]]
acc: 0.943
f1: 0.465
1,134,coarse : 22.15 seconds
1,134,fine : 22.17 seconds
[[1202  712]
 [   4   92]]
acc: 0.644
f1: 0.204
[[1845   69]
 [  46   50]]
acc: 0.943
f1: 0.465
1,135,coarse : 22.79 seconds
1,135,fine : 22.81 seconds
[[1199  715]
 [   5   91]]
acc: 0.642
f1: 0.202
[[1841   73]
 [  46   50]]
acc: 0.941
f1: 0.457
1,136,coarse : 22.7 seconds
1,136,fine : 22.72 seconds
[[1205  709]
 [   5   91]]
acc: 0.645
f1: 0.203
[[1840   74]
 [  44   52]]
acc: 0.941
f1: 0.468
1,137,coarse : 23.57 seconds
1,137,fine : 23.59 seconds
[[1204  710]
 [   5   91]]
acc: 0.644
f1: 0.203
[[1841   73]
 [  44   52]]
acc: 0.942
f1: 0.471
1,138,coarse : 23.39 seconds
1,138,fine : 23.41 seconds
[[1205  709]
 [   5   91]]
acc: 0.645
f1: 0.203
[[1842   72]
 [  44   52]]
acc: 0.942
f1: 0.473
1,139,coarse : 23.68 seconds
1,139,fine : 23.7 seconds
[[1204  710]
 [   4   92]]
acc: 0.645
f1: 0.205
[[1841   73]
 [  44   52]]
acc: 0.942
f1: 0.471
1,140,coarse : 23.75 seconds
1,140,fine : 23.77 seconds
[[1203  711]
 [   5   91]]
acc: 0.644
f1: 0.203
[[1839   75]
 [  44   52]]
acc: 0.941
f1: 0.466
1,141,coarse : 23.68 seconds
1,141,fine : 23.7 seconds
[[1209  705]
 [   5   91]]
acc: 0.647
f1: 0.204
[[1839   75]
 [  44   52]]
acc: 0.941
f1: 0.466
1,142,coarse : 23.88 seconds
1,142,fine : 23.9 seconds
[[1209  705]
 [   5   91]]
acc: 0.647
f1: 0.204
[[1840   74]
 [  43   53]]
acc: 0.942
f1: 0.475
1,143,coarse : 23.97 seconds
1,143,fine : 23.99 seconds
[[1211  703]
 [   4   92]]
acc: 0.648
f1: 0.207
[[1837   77]
 [  43   53]]
acc: 0.940
f1: 0.469
1,144,coarse : 24.32 seconds
1,144,fine : 24.34 seconds
[[1208  706]
 [   4   92]]
acc: 0.647
f1: 0.206
[[1838   76]
 [  43   53]]
acc: 0.941
f1: 0.471
1,145,coarse : 24.58 seconds
1,145,fine : 24.59 seconds
[[1208  706]
 [   4   92]]
acc: 0.647
f1: 0.206
[[1838   76]
 [  43   53]]
acc: 0.941
f1: 0.471
1,146,coarse : 24.89 seconds
1,146,fine : 24.91 seconds
[[1210  704]
 [   4   92]]
acc: 0.648
f1: 0.206
[[1837   77]
 [  43   53]]
acc: 0.940
f1: 0.469
1,147,coarse : 25.07 seconds
1,147,fine : 25.09 seconds
[[1211  703]
 [   4   92]]
acc: 0.648
f1: 0.207
[[1840   74]
 [  44   52]]
acc: 0.941
f1: 0.468
1,148,coarse : 24.98 seconds
1,148,fine : 25.01 seconds
[[1210  704]
 [   5   91]]
acc: 0.647
f1: 0.204
[[1842   72]
 [  43   53]]
acc: 0.943
f1: 0.480
1,149,coarse : 25.57 seconds
1,149,fine : 25.59 seconds
[[1212  702]
 [   5   91]]
acc: 0.648
f1: 0.205
[[1841   73]
 [  42   54]]
acc: 0.943
f1: 0.484
1,150,coarse : 26.65 seconds
1,150,fine : 26.66 seconds
[[1211  703]
 [   4   92]]
acc: 0.648
f1: 0.207
[[1840   74]
 [  42   54]]
acc: 0.942
f1: 0.482
1,151,coarse : 24.93 seconds
1,151,fine : 24.95 seconds
[[1213  701]
 [   4   92]]
acc: 0.649
f1: 0.207
[[1843   71]
 [  42   54]]
acc: 0.944
f1: 0.489
1,152,coarse : 25.07 seconds
1,152,fine : 25.09 seconds
[[1213  701]
 [   4   92]]
acc: 0.649
f1: 0.207
[[1842   72]
 [  42   54]]
acc: 0.943
f1: 0.486
1,153,coarse : 25.48 seconds
1,153,fine : 25.5 seconds
[[1210  704]
 [   5   91]]
acc: 0.647
f1: 0.204
[[1841   73]
 [  42   54]]
acc: 0.943
f1: 0.484
1,154,coarse : 26.27 seconds
1,154,fine : 26.29 seconds
[[1216  698]
 [   4   92]]
acc: 0.651
f1: 0.208
[[1842   72]
 [  42   54]]
acc: 0.943
f1: 0.486
1,155,coarse : 26.35 seconds
1,155,fine : 26.37 seconds
[[1213  701]
 [   4   92]]
acc: 0.649
f1: 0.207
[[1841   73]
 [  42   54]]
acc: 0.943
f1: 0.484
1,156,coarse : 26.59 seconds
1,156,fine : 26.61 seconds
[[1208  706]
 [   5   91]]
acc: 0.646
f1: 0.204
[[1841   73]
 [  42   54]]
acc: 0.943
f1: 0.484
1,157,coarse : 27.31 seconds
1,157,fine : 27.33 seconds
[[1211  703]
 [   5   91]]
acc: 0.648
f1: 0.204
[[1842   72]
 [  42   54]]
acc: 0.943
f1: 0.486
1,158,coarse : 27.38 seconds
1,158,fine : 27.4 seconds
[[1207  707]
 [   5   91]]
acc: 0.646
f1: 0.204
[[1843   71]
 [  42   54]]
acc: 0.944
f1: 0.489
1,159,coarse : 26.88 seconds
1,159,fine : 26.9 seconds
[[1205  709]
 [   4   92]]
acc: 0.645
f1: 0.205
[[1845   69]
 [  42   54]]
acc: 0.945
f1: 0.493
1,160,coarse : 27.03 seconds
1,160,fine : 27.05 seconds
[[1206  708]
 [   4   92]]
acc: 0.646
f1: 0.205
[[1841   73]
 [  42   54]]
acc: 0.943
f1: 0.484
1,161,coarse : 27.05 seconds
1,161,fine : 27.07 seconds
[[1205  709]
 [   4   92]]
acc: 0.645
f1: 0.205
[[1842   72]
 [  42   54]]
acc: 0.943
f1: 0.486
1,162,coarse : 28.03 seconds
1,162,fine : 28.05 seconds
[[1203  711]
 [   4   92]]
acc: 0.644
f1: 0.205
[[1842   72]
 [  42   54]]
acc: 0.943
f1: 0.486
1,163,coarse : 28.2 seconds
1,163,fine : 28.22 seconds
[[1197  717]
 [   5   91]]
acc: 0.641
f1: 0.201
[[1844   70]
 [  42   54]]
acc: 0.944
f1: 0.491
1,164,coarse : 28.38 seconds
1,164,fine : 28.4 seconds
[[1204  710]
 [   4   92]]
acc: 0.645
f1: 0.205
[[1842   72]
 [  42   54]]
acc: 0.943
f1: 0.486
1,165,coarse : 28.75 seconds
1,165,fine : 28.77 seconds
[[1210  704]
 [   4   92]]
acc: 0.648
f1: 0.206
[[1844   70]
 [  42   54]]
acc: 0.944
f1: 0.491
1,166,coarse : 28.37 seconds
1,166,fine : 28.39 seconds
[[1209  705]
 [   4   92]]
acc: 0.647
f1: 0.206
[[1843   71]
 [  42   54]]
acc: 0.944
f1: 0.489
1,167,coarse : 29.18 seconds
1,167,fine : 29.2 seconds
[[1205  709]
 [   4   92]]
acc: 0.645
f1: 0.205
[[1843   71]
 [  42   54]]
acc: 0.944
f1: 0.489
1,168,coarse : 28.13 seconds
1,168,fine : 28.15 seconds
[[1209  705]
 [   4   92]]
acc: 0.647
f1: 0.206
[[1839   75]
 [  42   54]]
acc: 0.942
f1: 0.480
1,169,coarse : 28.2 seconds
1,169,fine : 28.22 seconds
[[1202  712]
 [   4   92]]
acc: 0.644
f1: 0.204
[[1839   75]
 [  42   54]]
acc: 0.942
f1: 0.480
1,170,coarse : 29.26 seconds
1,170,fine : 29.28 seconds
[[1204  710]
 [   4   92]]
acc: 0.645
f1: 0.205
[[1837   77]
 [  42   54]]
acc: 0.941
f1: 0.476
1,171,coarse : 29.36 seconds
1,171,fine : 29.38 seconds
[[1207  707]
 [   4   92]]
acc: 0.646
f1: 0.206
[[1836   78]
 [  42   54]]
acc: 0.940
f1: 0.474
1,172,coarse : 28.93 seconds
1,172,fine : 28.95 seconds
