all           0      1    2    3    4    5    6    7    8    
1      2010   1914   1    19   32   19   1    11   6    7    
2      2010   1914   1    19   32   19   1    11   6    7    
3      2010   1914   1    19   32   19   1    11   5    8    
4      2010   1914   1    19   32   19   1    10   6    8    
5      2010   1914   1    18   33   19   1    10   6    8    
6      2010   1914   1    18   33   19   1    10   6    8    
7      2010   1913   2    18   33   19   1    10   6    8    
8      2010   1913   2    18   33   19   1    10   6    8    
9      2009   1913   2    18   32   19   2    10   6    7    
10     2009   1913   1    19   32   19   1    11   6    7    
Total  20098  19136  13   185  324  190  11   104  59   76   
train         0      1    2    3    4    5    6    7    8    
2      2010   1914   1    19   32   19   1    11   6    7    
3      2010   1914   1    19   32   19   1    11   5    8    
4      2010   1914   1    19   32   19   1    10   6    8    
5      2010   1914   1    18   33   19   1    10   6    8    
6      2010   1914   1    18   33   19   1    10   6    8    
7      2010   1913   2    18   33   19   1    10   6    8    
8      2010   1913   2    18   33   19   1    10   6    8    
9      2009   1913   2    18   32   19   2    10   6    7    
10     2009   1913   1    19   32   19   1    11   6    7    
Total  18088  17222  12   166  292  171  10   93   53   69   
test          0      1    2    3    4    5    6    7    8    
1      2010   1914   1    19   32   19   1    11   6    7    
Total  2010   1914   1    19   32   19   1    11   6    7    
Classes             
0         17222     
1         12        
2         166       
3         292       
4         171       
5         10        
6         93        
7         53        
8         69        
Total     18088     

Shape: 450       

[952, 10, 11, 16, 11, 10, 10, 10, 10]
Sum start => 1040
[[935 979]
 [ 11  85]]
acc: 0.507
f1: 0.147
[[1892   22]
 [  83   13]]
acc: 0.948
f1: 0.198
1,1,coarse : 27.38 seconds
1,1,fine : 27.39 seconds
[[935 979]
 [ 11  85]]
acc: 0.507
f1: 0.147
[[1892   22]
 [  83   13]]
acc: 0.948
f1: 0.198
1,2,coarse : 28.5 seconds
1,2,fine : 28.5 seconds
[[1001  913]
 [  13   83]]
acc: 0.539
f1: 0.152
[[1909    5]
 [  92    4]]
acc: 0.952
f1: 0.076
1,3,coarse : 26.54 seconds
1,3,fine : 26.54 seconds
[[1028  886]
 [  13   83]]
acc: 0.553
f1: 0.156
[[1909    5]
 [  92    4]]
acc: 0.952
f1: 0.076
1,4,coarse : 26.73 seconds
1,4,fine : 26.73 seconds
[[1030  884]
 [  12   84]]
acc: 0.554
f1: 0.158
[[1910    4]
 [  91    5]]
acc: 0.953
f1: 0.095
1,5,coarse : 27.13 seconds
1,5,fine : 27.13 seconds
[[1057  857]
 [  12   84]]
acc: 0.568
f1: 0.162
[[1911    3]
 [  92    4]]
acc: 0.953
f1: 0.078
1,6,coarse : 26.81 seconds
1,6,fine : 26.81 seconds
[[1035  879]
 [  12   84]]
acc: 0.557
f1: 0.159
[[1910    4]
 [  92    4]]
acc: 0.952
f1: 0.077
1,7,coarse : 26.96 seconds
1,7,fine : 26.97 seconds
[[1069  845]
 [  13   83]]
acc: 0.573
f1: 0.162
[[1909    5]
 [  93    3]]
acc: 0.951
f1: 0.058
1,8,coarse : 27.13 seconds
1,8,fine : 27.13 seconds
[[1065  849]
 [  14   82]]
acc: 0.571
f1: 0.160
[[1912    2]
 [  92    4]]
acc: 0.953
f1: 0.078
1,9,coarse : 26.91 seconds
1,9,fine : 26.91 seconds
[[1079  835]
 [  15   81]]
acc: 0.577
f1: 0.160
[[1912    2]
 [  89    7]]
acc: 0.955
f1: 0.133
1,10,coarse : 26.86 seconds
1,10,fine : 26.87 seconds
[[1088  826]
 [  14   82]]
acc: 0.582
f1: 0.163
[[1911    3]
 [  89    7]]
acc: 0.954
f1: 0.132
1,11,coarse : 27.31 seconds
1,11,fine : 27.32 seconds
[[1091  823]
 [  11   85]]
acc: 0.585
f1: 0.169
[[1911    3]
 [  87    9]]
acc: 0.955
f1: 0.167
1,12,coarse : 26.83 seconds
1,12,fine : 26.83 seconds
[[1092  822]
 [  12   84]]
acc: 0.585
f1: 0.168
[[1910    4]
 [  86   10]]
acc: 0.955
f1: 0.182
1,13,coarse : 26.63 seconds
1,13,fine : 26.63 seconds
[[1061  853]
 [  14   82]]
acc: 0.569
f1: 0.159
[[1909    5]
 [  87    9]]
acc: 0.954
f1: 0.164
1,14,coarse : 27.22 seconds
1,14,fine : 27.23 seconds
[[1059  855]
 [  12   84]]
acc: 0.569
f1: 0.162
[[1910    4]
 [  87    9]]
acc: 0.955
f1: 0.165
1,15,coarse : 26.78 seconds
1,15,fine : 26.79 seconds
[[1069  845]
 [  12   84]]
acc: 0.574
f1: 0.164
[[1911    3]
 [  84   12]]
acc: 0.957
f1: 0.216
1,16,coarse : 26.85 seconds
1,16,fine : 26.85 seconds
[[1068  846]
 [  12   84]]
acc: 0.573
f1: 0.164
[[1911    3]
 [  84   12]]
acc: 0.957
f1: 0.216
1,17,coarse : 27.09 seconds
1,17,fine : 27.1 seconds
[[1080  834]
 [  11   85]]
acc: 0.580
f1: 0.167
[[1910    4]
 [  84   12]]
acc: 0.956
f1: 0.214
1,18,coarse : 26.85 seconds
1,18,fine : 26.86 seconds
[[1074  840]
 [  10   86]]
acc: 0.577
f1: 0.168
[[1909    5]
 [  85   11]]
acc: 0.955
f1: 0.196
1,19,coarse : 26.77 seconds
1,19,fine : 26.78 seconds
[[1078  836]
 [   9   87]]
acc: 0.580
f1: 0.171
[[1909    5]
 [  83   13]]
acc: 0.956
f1: 0.228
1,20,coarse : 26.93 seconds
1,20,fine : 26.94 seconds
[[1054  860]
 [   8   88]]
acc: 0.568
f1: 0.169
[[1909    5]
 [  83   13]]
acc: 0.956
f1: 0.228
1,21,coarse : 26.65 seconds
1,21,fine : 26.66 seconds
[[1070  844]
 [   9   87]]
acc: 0.576
f1: 0.169
[[1909    5]
 [  84   12]]
acc: 0.956
f1: 0.212
1,22,coarse : 26.59 seconds
1,22,fine : 26.6 seconds
[[1070  844]
 [   6   90]]
acc: 0.577
f1: 0.175
[[1909    5]
 [  83   13]]
acc: 0.956
f1: 0.228
1,23,coarse : 26.99 seconds
1,23,fine : 27.0 seconds
[[1084  830]
 [   7   89]]
acc: 0.584
f1: 0.175
[[1909    5]
 [  84   12]]
acc: 0.956
f1: 0.212
1,24,coarse : 26.57 seconds
1,24,fine : 26.58 seconds
[[1086  828]
 [   7   89]]
acc: 0.585
f1: 0.176
[[1909    5]
 [  83   13]]
acc: 0.956
f1: 0.228
1,25,coarse : 26.69 seconds
1,25,fine : 26.7 seconds
[[1093  821]
 [   8   88]]
acc: 0.588
f1: 0.175
[[1908    6]
 [  83   13]]
acc: 0.956
f1: 0.226
1,26,coarse : 26.95 seconds
1,26,fine : 26.96 seconds
[[1095  819]
 [   6   90]]
acc: 0.590
f1: 0.179
[[1908    6]
 [  83   13]]
acc: 0.956
f1: 0.226
1,27,coarse : 26.52 seconds
1,27,fine : 26.52 seconds
[[1100  814]
 [   6   90]]
acc: 0.592
f1: 0.180
[[1908    6]
 [  83   13]]
acc: 0.956
f1: 0.226
1,28,coarse : 26.37 seconds
1,28,fine : 26.38 seconds
[[1104  810]
 [   5   91]]
acc: 0.595
f1: 0.183
[[1908    6]
 [  83   13]]
acc: 0.956
f1: 0.226
1,29,coarse : 26.82 seconds
1,29,fine : 26.83 seconds
[[1110  804]
 [   6   90]]
acc: 0.597
f1: 0.182
[[1907    7]
 [  83   13]]
acc: 0.955
f1: 0.224
1,30,coarse : 26.51 seconds
1,30,fine : 26.52 seconds
[[1101  813]
 [   6   90]]
acc: 0.593
f1: 0.180
[[1907    7]
 [  81   15]]
acc: 0.956
f1: 0.254
1,31,coarse : 26.4 seconds
1,31,fine : 26.41 seconds
[[1112  802]
 [   7   89]]
acc: 0.598
f1: 0.180
[[1906    8]
 [  80   16]]
acc: 0.956
f1: 0.267
1,32,coarse : 26.35 seconds
1,32,fine : 26.35 seconds
[[1116  798]
 [   6   90]]
acc: 0.600
f1: 0.183
[[1906    8]
 [  79   17]]
acc: 0.957
f1: 0.281
1,33,coarse : 26.65 seconds
1,33,fine : 26.66 seconds
[[1114  800]
 [   6   90]]
acc: 0.599
f1: 0.183
[[1906    8]
 [  79   17]]
acc: 0.957
f1: 0.281
1,34,coarse : 26.46 seconds
1,34,fine : 26.46 seconds
[[1118  796]
 [   7   89]]
acc: 0.600
f1: 0.181
[[1906    8]
 [  79   17]]
acc: 0.957
f1: 0.281
1,35,coarse : 26.46 seconds
1,35,fine : 26.46 seconds
[[1112  802]
 [   7   89]]
acc: 0.598
f1: 0.180
[[1906    8]
 [  78   18]]
acc: 0.957
f1: 0.295
1,36,coarse : 27.05 seconds
1,36,fine : 27.06 seconds
[[1110  804]
 [   6   90]]
acc: 0.597
f1: 0.182
[[1904   10]
 [  77   19]]
acc: 0.957
f1: 0.304
1,37,coarse : 26.65 seconds
1,37,fine : 26.66 seconds
[[1111  803]
 [   6   90]]
acc: 0.598
f1: 0.182
[[1902   12]
 [  79   17]]
acc: 0.955
f1: 0.272
1,38,coarse : 26.76 seconds
1,38,fine : 26.77 seconds
[[1103  811]
 [   6   90]]
acc: 0.594
f1: 0.181
[[1903   11]
 [  79   17]]
acc: 0.955
f1: 0.274
1,39,coarse : 26.76 seconds
1,39,fine : 26.77 seconds
[[1114  800]
 [   7   89]]
acc: 0.599
f1: 0.181
[[1902   12]
 [  79   17]]
acc: 0.955
f1: 0.272
1,40,coarse : 27.04 seconds
1,40,fine : 27.05 seconds
[[1119  795]
 [   7   89]]
acc: 0.601
f1: 0.182
[[1901   13]
 [  78   18]]
acc: 0.955
f1: 0.283
1,41,coarse : 26.54 seconds
1,41,fine : 26.55 seconds
[[1120  794]
 [   7   89]]
acc: 0.601
f1: 0.182
[[1901   13]
 [  78   18]]
acc: 0.955
f1: 0.283
1,42,coarse : 26.62 seconds
1,42,fine : 26.63 seconds
[[1109  805]
 [   7   89]]
acc: 0.596
f1: 0.180
[[1901   13]
 [  76   20]]
acc: 0.956
f1: 0.310
1,43,coarse : 27.14 seconds
1,43,fine : 27.15 seconds
[[1114  800]
 [   8   88]]
acc: 0.598
f1: 0.179
[[1901   13]
 [  75   21]]
acc: 0.956
f1: 0.323
1,44,coarse : 26.68 seconds
1,44,fine : 26.69 seconds
[[1101  813]
 [   8   88]]
acc: 0.592
f1: 0.177
[[1900   14]
 [  74   22]]
acc: 0.956
f1: 0.333
1,45,coarse : 26.41 seconds
1,45,fine : 26.41 seconds
[[1111  803]
 [   8   88]]
acc: 0.597
f1: 0.178
[[1899   15]
 [  75   21]]
acc: 0.955
f1: 0.318
1,46,coarse : 26.79 seconds
1,46,fine : 26.8 seconds
[[1113  801]
 [   8   88]]
acc: 0.598
f1: 0.179
[[1900   14]
 [  74   22]]
acc: 0.956
f1: 0.333
1,47,coarse : 26.86 seconds
1,47,fine : 26.89 seconds
[[1115  799]
 [   7   89]]
acc: 0.599
f1: 0.181
[[1899   15]
 [  74   22]]
acc: 0.956
f1: 0.331
1,48,coarse : 26.62 seconds
1,48,fine : 26.63 seconds
[[1120  794]
 [   7   89]]
acc: 0.601
f1: 0.182
[[1898   16]
 [  73   23]]
acc: 0.956
f1: 0.341
1,49,coarse : 26.74 seconds
1,49,fine : 26.75 seconds
[[1111  803]
 [   8   88]]
acc: 0.597
f1: 0.178
[[1898   16]
 [  72   24]]
acc: 0.956
f1: 0.353
1,50,coarse : 28.65 seconds
1,50,fine : 28.66 seconds
[[1115  799]
 [   6   90]]
acc: 0.600
f1: 0.183
[[1898   16]
 [  71   25]]
acc: 0.957
f1: 0.365
1,51,coarse : 26.68 seconds
1,51,fine : 26.69 seconds
[[1124  790]
 [   6   90]]
acc: 0.604
f1: 0.184
[[1897   17]
 [  71   25]]
acc: 0.956
f1: 0.362
1,52,coarse : 27.0 seconds
1,52,fine : 27.01 seconds
[[1117  797]
 [   6   90]]
acc: 0.600
f1: 0.183
[[1898   16]
 [  70   26]]
acc: 0.957
f1: 0.377
1,53,coarse : 27.37 seconds
1,53,fine : 27.38 seconds
[[1113  801]
 [   7   89]]
acc: 0.598
f1: 0.181
[[1897   17]
 [  69   27]]
acc: 0.957
f1: 0.386
1,54,coarse : 26.75 seconds
1,54,fine : 26.76 seconds
[[1111  803]
 [   7   89]]
acc: 0.597
f1: 0.180
[[1896   18]
 [  69   27]]
acc: 0.957
f1: 0.383
1,55,coarse : 26.78 seconds
1,55,fine : 26.79 seconds
[[1114  800]
 [   7   89]]
acc: 0.599
f1: 0.181
[[1897   17]
 [  69   27]]
acc: 0.957
f1: 0.386
1,56,coarse : 26.81 seconds
1,56,fine : 26.82 seconds
[[1116  798]
 [   7   89]]
acc: 0.600
f1: 0.181
[[1896   18]
 [  69   27]]
acc: 0.957
f1: 0.383
1,57,coarse : 27.25 seconds
1,57,fine : 27.26 seconds
[[1112  802]
 [   7   89]]
acc: 0.598
f1: 0.180
[[1896   18]
 [  68   28]]
acc: 0.957
f1: 0.394
1,58,coarse : 26.95 seconds
1,58,fine : 26.96 seconds
[[1108  806]
 [   7   89]]
acc: 0.596
f1: 0.180
[[1896   18]
 [  68   28]]
acc: 0.957
f1: 0.394
1,59,coarse : 26.79 seconds
1,59,fine : 26.8 seconds
[[1109  805]
 [   7   89]]
acc: 0.596
f1: 0.180
[[1896   18]
 [  68   28]]
acc: 0.957
f1: 0.394
1,60,coarse : 26.52 seconds
1,60,fine : 26.53 seconds
[[1109  805]
 [   7   89]]
acc: 0.596
f1: 0.180
[[1896   18]
 [  67   29]]
acc: 0.958
f1: 0.406
1,61,coarse : 26.63 seconds
1,61,fine : 26.64 seconds
[[1110  804]
 [   7   89]]
acc: 0.597
f1: 0.180
[[1895   19]
 [  67   29]]
acc: 0.957
f1: 0.403
1,62,coarse : 26.85 seconds
1,62,fine : 26.86 seconds
[[1110  804]
 [   7   89]]
acc: 0.597
f1: 0.180
[[1895   19]
 [  66   30]]
acc: 0.958
f1: 0.414
1,63,coarse : 26.83 seconds
1,63,fine : 26.84 seconds
[[1117  797]
 [   7   89]]
acc: 0.600
f1: 0.181
[[1893   21]
 [  67   29]]
acc: 0.956
f1: 0.397
1,64,coarse : 26.84 seconds
1,64,fine : 26.85 seconds
[[1113  801]
 [   7   89]]
acc: 0.598
f1: 0.181
[[1893   21]
 [  67   29]]
acc: 0.956
f1: 0.397
1,65,coarse : 26.47 seconds
1,65,fine : 26.48 seconds
[[1116  798]
 [   7   89]]
acc: 0.600
f1: 0.181
[[1892   22]
 [  67   29]]
acc: 0.956
f1: 0.395
1,66,coarse : 27.52 seconds
1,66,fine : 27.53 seconds
[[1119  795]
 [   7   89]]
acc: 0.601
f1: 0.182
[[1892   22]
 [  67   29]]
acc: 0.956
f1: 0.395
1,67,coarse : 27.53 seconds
1,67,fine : 27.55 seconds
[[1118  796]
 [   7   89]]
acc: 0.600
f1: 0.181
[[1891   23]
 [  64   32]]
acc: 0.957
f1: 0.424
1,68,coarse : 27.13 seconds
1,68,fine : 27.14 seconds
[[1118  796]
 [   7   89]]
acc: 0.600
f1: 0.181
[[1891   23]
 [  63   33]]
acc: 0.957
f1: 0.434
1,69,coarse : 27.14 seconds
1,69,fine : 27.15 seconds
[[1107  807]
 [   7   89]]
acc: 0.595
f1: 0.179
[[1892   22]
 [  63   33]]
acc: 0.958
f1: 0.437
1,70,coarse : 27.47 seconds
1,70,fine : 27.48 seconds
[[1111  803]
 [   7   89]]
acc: 0.597
f1: 0.180
[[1891   23]
 [  63   33]]
acc: 0.957
f1: 0.434
1,71,coarse : 27.6 seconds
1,71,fine : 27.61 seconds
[[1112  802]
 [   7   89]]
acc: 0.598
f1: 0.180
[[1891   23]
 [  63   33]]
acc: 0.957
f1: 0.434
1,72,coarse : 27.36 seconds
1,72,fine : 27.37 seconds
[[1113  801]
 [   7   89]]
acc: 0.598
f1: 0.181
[[1891   23]
 [  62   34]]
acc: 0.958
f1: 0.444
1,73,coarse : 27.48 seconds
1,73,fine : 27.49 seconds
[[1116  798]
 [   7   89]]
acc: 0.600
f1: 0.181
[[1890   24]
 [  62   34]]
acc: 0.957
f1: 0.442
1,74,coarse : 27.27 seconds
1,74,fine : 27.28 seconds
[[1118  796]
 [   7   89]]
acc: 0.600
f1: 0.181
[[1889   25]
 [  62   34]]
acc: 0.957
f1: 0.439
1,75,coarse : 27.42 seconds
1,75,fine : 27.43 seconds
[[1114  800]
 [   6   90]]
acc: 0.599
f1: 0.183
[[1889   25]
 [  62   34]]
acc: 0.957
f1: 0.439
1,76,coarse : 26.91 seconds
1,76,fine : 26.92 seconds
[[1121  793]
 [   6   90]]
acc: 0.602
f1: 0.184
[[1886   28]
 [  62   34]]
acc: 0.955
f1: 0.430
1,77,coarse : 26.54 seconds
1,77,fine : 26.55 seconds
[[1120  794]
 [   6   90]]
acc: 0.602
f1: 0.184
[[1886   28]
 [  62   34]]
acc: 0.955
f1: 0.430
1,78,coarse : 26.88 seconds
1,78,fine : 26.89 seconds
[[1121  793]
 [   7   89]]
acc: 0.602
f1: 0.182
[[1886   28]
 [  61   35]]
acc: 0.956
f1: 0.440
1,79,coarse : 26.75 seconds
1,79,fine : 26.76 seconds
[[1124  790]
 [   7   89]]
acc: 0.603
f1: 0.183
[[1883   31]
 [  61   35]]
acc: 0.954
f1: 0.432
1,80,coarse : 27.13 seconds
1,80,fine : 27.14 seconds
[[1125  789]
 [   7   89]]
acc: 0.604
f1: 0.183
[[1881   33]
 [  61   35]]
acc: 0.953
f1: 0.427
1,81,coarse : 26.69 seconds
1,81,fine : 26.7 seconds
[[1124  790]
 [   6   90]]
acc: 0.604
f1: 0.184
[[1877   37]
 [  60   36]]
acc: 0.952
f1: 0.426
1,82,coarse : 26.88 seconds
1,82,fine : 26.89 seconds
[[1125  789]
 [   6   90]]
acc: 0.604
f1: 0.185
[[1876   38]
 [  60   36]]
acc: 0.951
f1: 0.424
1,83,coarse : 26.82 seconds
1,83,fine : 26.83 seconds
[[1120  794]
 [   7   89]]
acc: 0.601
f1: 0.182
[[1877   37]
 [  59   37]]
acc: 0.952
f1: 0.435
1,84,coarse : 26.62 seconds
1,84,fine : 26.63 seconds
[[1119  795]
 [   8   88]]
acc: 0.600
f1: 0.180
[[1877   37]
 [  59   37]]
acc: 0.952
f1: 0.435
1,85,coarse : 27.45 seconds
1,85,fine : 27.47 seconds
[[1126  788]
 [   6   90]]
acc: 0.605
f1: 0.185
[[1876   38]
 [  59   37]]
acc: 0.952
f1: 0.433
1,86,coarse : 27.45 seconds
1,86,fine : 27.46 seconds
[[1125  789]
 [   6   90]]
acc: 0.604
f1: 0.185
[[1874   40]
 [  59   37]]
acc: 0.951
f1: 0.428
1,87,coarse : 27.21 seconds
1,87,fine : 27.23 seconds
[[1112  802]
 [   6   90]]
acc: 0.598
f1: 0.182
[[1873   41]
 [  59   37]]
acc: 0.950
f1: 0.425
1,88,coarse : 27.14 seconds
1,88,fine : 27.15 seconds
[[1114  800]
 [   6   90]]
acc: 0.599
f1: 0.183
[[1873   41]
 [  59   37]]
acc: 0.950
f1: 0.425
1,89,coarse : 27.14 seconds
1,89,fine : 27.15 seconds
[[1120  794]
 [   6   90]]
acc: 0.602
f1: 0.184
[[1872   42]
 [  59   37]]
acc: 0.950
f1: 0.423
1,90,coarse : 26.97 seconds
1,90,fine : 26.98 seconds
[[1121  793]
 [   6   90]]
acc: 0.602
f1: 0.184
[[1871   43]
 [  58   38]]
acc: 0.950
f1: 0.429
1,91,coarse : 26.95 seconds
1,91,fine : 26.96 seconds
[[1123  791]
 [   7   89]]
acc: 0.603
f1: 0.182
[[1871   43]
 [  57   39]]
acc: 0.950
f1: 0.438
1,92,coarse : 27.47 seconds
1,92,fine : 27.49 seconds
[[1123  791]
 [   7   89]]
acc: 0.603
f1: 0.182
[[1869   45]
 [  58   38]]
acc: 0.949
f1: 0.425
1,93,coarse : 26.66 seconds
1,93,fine : 26.67 seconds
[[1124  790]
 [   6   90]]
acc: 0.604
f1: 0.184
[[1867   47]
 [  58   38]]
acc: 0.948
f1: 0.420
1,94,coarse : 26.97 seconds
1,94,fine : 26.98 seconds
[[1130  784]
 [   6   90]]
acc: 0.607
f1: 0.186
[[1867   47]
 [  57   39]]
acc: 0.948
f1: 0.429
1,95,coarse : 26.9 seconds
1,95,fine : 26.91 seconds
[[1120  794]
 [   6   90]]
acc: 0.602
f1: 0.184
[[1867   47]
 [  57   39]]
acc: 0.948
f1: 0.429
1,96,coarse : 27.0 seconds
1,96,fine : 27.01 seconds
[[1124  790]
 [   5   91]]
acc: 0.604
f1: 0.186
[[1865   49]
 [  56   40]]
acc: 0.948
f1: 0.432
1,97,coarse : 26.6 seconds
1,97,fine : 26.61 seconds
[[1118  796]
 [   6   90]]
acc: 0.601
f1: 0.183
[[1866   48]
 [  55   41]]
acc: 0.949
f1: 0.443
1,98,coarse : 27.51 seconds
1,98,fine : 27.52 seconds
[[1110  804]
 [   6   90]]
acc: 0.597
f1: 0.182
[[1865   49]
 [  54   42]]
acc: 0.949
f1: 0.449
1,99,coarse : 27.36 seconds
1,99,fine : 27.38 seconds
[[1114  800]
 [   5   91]]
acc: 0.600
f1: 0.184
[[1865   49]
 [  54   42]]
acc: 0.949
f1: 0.449
1,100,coarse : 29.21 seconds
1,100,fine : 29.22 seconds
[[1102  812]
 [   6   90]]
acc: 0.593
f1: 0.180
[[1865   49]
 [  54   42]]
acc: 0.949
f1: 0.449
1,101,coarse : 27.18 seconds
1,101,fine : 27.19 seconds
[[1108  806]
 [   6   90]]
acc: 0.596
f1: 0.181
[[1865   49]
 [  53   43]]
acc: 0.949
f1: 0.457
1,102,coarse : 27.46 seconds
1,102,fine : 27.47 seconds
[[1100  814]
 [   5   91]]
acc: 0.593
f1: 0.182
[[1865   49]
 [  52   44]]
acc: 0.950
f1: 0.466
1,103,coarse : 26.6 seconds
1,103,fine : 26.62 seconds
[[1095  819]
 [   4   92]]
acc: 0.591
f1: 0.183
[[1865   49]
 [  52   44]]
acc: 0.950
f1: 0.466
1,104,coarse : 27.43 seconds
1,104,fine : 27.45 seconds
[[1091  823]
 [   4   92]]
acc: 0.589
f1: 0.182
[[1864   50]
 [  51   45]]
acc: 0.950
f1: 0.471
1,105,coarse : 27.21 seconds
1,105,fine : 27.22 seconds
[[1094  820]
 [   4   92]]
acc: 0.590
f1: 0.183
[[1864   50]
 [  50   46]]
acc: 0.950
f1: 0.479
1,106,coarse : 27.14 seconds
1,106,fine : 27.15 seconds
[[1102  812]
 [   4   92]]
acc: 0.594
f1: 0.184
[[1863   51]
 [  49   47]]
acc: 0.950
f1: 0.485
1,107,coarse : 27.32 seconds
1,107,fine : 27.33 seconds
[[1095  819]
 [   4   92]]
acc: 0.591
f1: 0.183
[[1863   51]
 [  49   47]]
acc: 0.950
f1: 0.485
1,108,coarse : 27.06 seconds
1,108,fine : 27.07 seconds
[[1099  815]
 [   4   92]]
acc: 0.593
f1: 0.183
[[1863   51]
 [  49   47]]
acc: 0.950
f1: 0.485
1,109,coarse : 26.86 seconds
1,109,fine : 26.87 seconds
[[1109  805]
 [   4   92]]
acc: 0.598
f1: 0.185
[[1863   51]
 [  49   47]]
acc: 0.950
f1: 0.485
1,110,coarse : 27.47 seconds
1,110,fine : 27.49 seconds
[[1092  822]
 [   4   92]]
acc: 0.589
f1: 0.182
[[1863   51]
 [  49   47]]
acc: 0.950
f1: 0.485
1,111,coarse : 27.05 seconds
1,111,fine : 27.06 seconds
[[1082  832]
 [   4   92]]
acc: 0.584
f1: 0.180
[[1863   51]
 [  49   47]]
acc: 0.950
f1: 0.485
1,112,coarse : 27.35 seconds
1,112,fine : 27.37 seconds
[[1079  835]
 [   4   92]]
acc: 0.583
f1: 0.180
[[1863   51]
 [  49   47]]
acc: 0.950
f1: 0.485
1,113,coarse : 27.31 seconds
1,113,fine : 27.32 seconds
[[1079  835]
 [   4   92]]
acc: 0.583
f1: 0.180
[[1862   52]
 [  49   47]]
acc: 0.950
f1: 0.482
1,114,coarse : 26.81 seconds
1,114,fine : 26.83 seconds
[[1088  826]
 [   4   92]]
acc: 0.587
f1: 0.181
[[1862   52]
 [  49   47]]
acc: 0.950
f1: 0.482
1,115,coarse : 26.94 seconds
1,115,fine : 26.95 seconds
[[1086  828]
 [   4   92]]
acc: 0.586
f1: 0.181
[[1862   52]
 [  49   47]]
acc: 0.950
f1: 0.482
1,116,coarse : 27.69 seconds
1,116,fine : 27.7 seconds
[[1089  825]
 [   4   92]]
acc: 0.588
f1: 0.182
[[1863   51]
 [  49   47]]
acc: 0.950
f1: 0.485
1,117,coarse : 27.61 seconds
1,117,fine : 27.63 seconds
[[1088  826]
 [   4   92]]
acc: 0.587
f1: 0.181
[[1862   52]
 [  49   47]]
acc: 0.950
f1: 0.482
1,118,coarse : 27.41 seconds
1,118,fine : 27.43 seconds
[[1083  831]
 [   4   92]]
acc: 0.585
f1: 0.181
[[1862   52]
 [  49   47]]
acc: 0.950
f1: 0.482
1,119,coarse : 27.51 seconds
1,119,fine : 27.52 seconds
[[1088  826]
 [   4   92]]
acc: 0.587
f1: 0.181
[[1862   52]
 [  49   47]]
acc: 0.950
f1: 0.482
1,120,coarse : 27.3 seconds
1,120,fine : 27.32 seconds
[[1078  836]
 [   4   92]]
acc: 0.582
f1: 0.180
[[1859   55]
 [  48   48]]
acc: 0.949
f1: 0.482
1,121,coarse : 27.6 seconds
1,121,fine : 27.61 seconds
[[1066  848]
 [   4   92]]
acc: 0.576
f1: 0.178
[[1859   55]
 [  46   50]]
acc: 0.950
f1: 0.498
1,122,coarse : 27.71 seconds
1,122,fine : 27.72 seconds
[[1074  840]
 [   4   92]]
acc: 0.580
f1: 0.179
[[1857   57]
 [  46   50]]
acc: 0.949
f1: 0.493
1,123,coarse : 28.11 seconds
1,123,fine : 28.13 seconds
[[1075  839]
 [   4   92]]
acc: 0.581
f1: 0.179
[[1857   57]
 [  46   50]]
acc: 0.949
f1: 0.493
1,124,coarse : 27.89 seconds
1,124,fine : 27.91 seconds
[[1077  837]
 [   4   92]]
acc: 0.582
f1: 0.180
[[1859   55]
 [  45   51]]
acc: 0.950
f1: 0.505
1,125,coarse : 27.97 seconds
1,125,fine : 27.98 seconds
[[1085  829]
 [   4   92]]
acc: 0.586
f1: 0.181
[[1857   57]
 [  45   51]]
acc: 0.949
f1: 0.500
1,126,coarse : 27.98 seconds
1,126,fine : 27.99 seconds
[[1094  820]
 [   4   92]]
acc: 0.590
f1: 0.183
[[1857   57]
 [  44   52]]
acc: 0.950
f1: 0.507
1,127,coarse : 27.77 seconds
1,127,fine : 27.79 seconds
[[1095  819]
 [   4   92]]
acc: 0.591
f1: 0.183
[[1856   58]
 [  43   53]]
acc: 0.950
f1: 0.512
1,128,coarse : 27.8 seconds
1,128,fine : 27.81 seconds
[[1097  817]
 [   4   92]]
acc: 0.592
f1: 0.183
[[1856   58]
 [  43   53]]
acc: 0.950
f1: 0.512
1,129,coarse : 28.4 seconds
1,129,fine : 28.41 seconds
[[1098  816]
 [   4   92]]
acc: 0.592
f1: 0.183
[[1856   58]
 [  43   53]]
acc: 0.950
f1: 0.512
1,130,coarse : 27.7 seconds
1,130,fine : 27.72 seconds
[[1107  807]
 [   4   92]]
acc: 0.597
f1: 0.185
[[1855   59]
 [  43   53]]
acc: 0.949
f1: 0.510
1,131,coarse : 27.98 seconds
1,131,fine : 28.0 seconds
[[1113  801]
 [   4   92]]
acc: 0.600
f1: 0.186
[[1855   59]
 [  44   52]]
acc: 0.949
f1: 0.502
1,132,coarse : 28.4 seconds
1,132,fine : 28.42 seconds
[[1105  809]
 [   4   92]]
acc: 0.596
f1: 0.185
[[1856   58]
 [  43   53]]
acc: 0.950
f1: 0.512
1,133,coarse : 27.95 seconds
1,133,fine : 27.97 seconds
[[1113  801]
 [   4   92]]
acc: 0.600
f1: 0.186
[[1856   58]
 [  43   53]]
acc: 0.950
f1: 0.512
1,134,coarse : 28.32 seconds
1,134,fine : 28.34 seconds
[[1114  800]
 [   4   92]]
acc: 0.600
f1: 0.186
[[1856   58]
 [  43   53]]
acc: 0.950
f1: 0.512
1,135,coarse : 27.74 seconds
1,135,fine : 27.76 seconds
[[1119  795]
 [   4   92]]
acc: 0.602
f1: 0.187
[[1857   57]
 [  43   53]]
acc: 0.950
f1: 0.515
1,136,coarse : 28.33 seconds
1,136,fine : 28.35 seconds
[[1121  793]
 [   4   92]]
acc: 0.603
f1: 0.188
[[1855   59]
 [  43   53]]
acc: 0.949
f1: 0.510
1,137,coarse : 28.15 seconds
1,137,fine : 28.17 seconds
[[1132  782]
 [   4   92]]
acc: 0.609
f1: 0.190
[[1854   60]
 [  43   53]]
acc: 0.949
f1: 0.507
1,138,coarse : 28.25 seconds
1,138,fine : 28.27 seconds
[[1136  778]
 [   4   92]]
acc: 0.611
f1: 0.190
[[1854   60]
 [  43   53]]
acc: 0.949
f1: 0.507
1,139,coarse : 28.44 seconds
1,139,fine : 28.45 seconds
[[1133  781]
 [   4   92]]
acc: 0.609
f1: 0.190
[[1853   61]
 [  43   53]]
acc: 0.948
f1: 0.505
1,140,coarse : 28.41 seconds
1,140,fine : 28.43 seconds
[[1132  782]
 [   4   92]]
acc: 0.609
f1: 0.190
[[1853   61]
 [  43   53]]
acc: 0.948
f1: 0.505
1,141,coarse : 28.09 seconds
1,141,fine : 28.11 seconds
[[1134  780]
 [   4   92]]
acc: 0.610
f1: 0.190
[[1852   62]
 [  43   53]]
acc: 0.948
f1: 0.502
1,142,coarse : 27.82 seconds
1,142,fine : 27.84 seconds
[[1138  776]
 [   4   92]]
acc: 0.612
f1: 0.191
[[1851   63]
 [  43   53]]
acc: 0.947
f1: 0.500
1,143,coarse : 27.92 seconds
1,143,fine : 27.94 seconds
[[1144  770]
 [   4   92]]
acc: 0.615
f1: 0.192
[[1850   64]
 [  43   53]]
acc: 0.947
f1: 0.498
1,144,coarse : 28.93 seconds
1,144,fine : 28.95 seconds
[[1147  767]
 [   4   92]]
acc: 0.616
f1: 0.193
[[1850   64]
 [  43   53]]
acc: 0.947
f1: 0.498
1,145,coarse : 28.66 seconds
1,145,fine : 28.67 seconds
[[1153  761]
 [   4   92]]
acc: 0.619
f1: 0.194
[[1850   64]
 [  43   53]]
acc: 0.947
f1: 0.498
1,146,coarse : 28.9 seconds
1,146,fine : 28.92 seconds
[[1155  759]
 [   4   92]]
acc: 0.620
f1: 0.194
[[1849   65]
 [  43   53]]
acc: 0.946
f1: 0.495
1,147,coarse : 28.79 seconds
1,147,fine : 28.81 seconds
[[1143  771]
 [   4   92]]
acc: 0.614
f1: 0.192
[[1849   65]
 [  43   53]]
acc: 0.946
f1: 0.495
1,148,coarse : 28.11 seconds
1,148,fine : 28.12 seconds
[[1136  778]
 [   4   92]]
acc: 0.611
f1: 0.190
[[1849   65]
 [  43   53]]
acc: 0.946
f1: 0.495
1,149,coarse : 29.04 seconds
1,149,fine : 29.06 seconds
[[1138  776]
 [   4   92]]
acc: 0.612
f1: 0.191
[[1848   66]
 [  43   53]]
acc: 0.946
f1: 0.493
1,150,coarse : 31.11 seconds
1,150,fine : 31.12 seconds
[[1133  781]
 [   4   92]]
acc: 0.609
f1: 0.190
[[1848   66]
 [  42   54]]
acc: 0.946
f1: 0.500
1,151,coarse : 29.88 seconds
1,151,fine : 29.89 seconds
[[1132  782]
 [   4   92]]
acc: 0.609
f1: 0.190
[[1848   66]
 [  42   54]]
acc: 0.946
f1: 0.500
1,152,coarse : 28.98 seconds
1,152,fine : 29.0 seconds
[[1134  780]
 [   4   92]]
acc: 0.610
f1: 0.190
[[1848   66]
 [  42   54]]
acc: 0.946
f1: 0.500
1,153,coarse : 29.78 seconds
1,153,fine : 29.8 seconds
[[1138  776]
 [   4   92]]
acc: 0.612
f1: 0.191
[[1848   66]
 [  42   54]]
acc: 0.946
f1: 0.500
1,154,coarse : 30.1 seconds
1,154,fine : 30.12 seconds
[[1139  775]
 [   4   92]]
acc: 0.612
f1: 0.191
[[1847   67]
 [  42   54]]
acc: 0.946
f1: 0.498
1,155,coarse : 30.12 seconds
1,155,fine : 30.14 seconds
[[1139  775]
 [   4   92]]
acc: 0.612
f1: 0.191
[[1847   67]
 [  42   54]]
acc: 0.946
f1: 0.498
1,156,coarse : 29.84 seconds
1,156,fine : 29.86 seconds
[[1142  772]
 [   4   92]]
acc: 0.614
f1: 0.192
[[1846   68]
 [  41   55]]
acc: 0.946
f1: 0.502
1,157,coarse : 29.55 seconds
1,157,fine : 29.57 seconds
[[1142  772]
 [   4   92]]
acc: 0.614
f1: 0.192
[[1843   71]
 [  41   55]]
acc: 0.944
f1: 0.495
1,158,coarse : 29.02 seconds
1,158,fine : 29.04 seconds
[[1145  769]
 [   4   92]]
acc: 0.615
f1: 0.192
[[1841   73]
 [  41   55]]
acc: 0.943
f1: 0.491
1,159,coarse : 29.32 seconds
1,159,fine : 29.34 seconds
[[1146  768]
 [   4   92]]
acc: 0.616
f1: 0.192
[[1841   73]
 [  41   55]]
acc: 0.943
f1: 0.491
1,160,coarse : 29.3 seconds
1,160,fine : 29.32 seconds
[[1151  763]
 [   4   92]]
acc: 0.618
f1: 0.193
[[1838   76]
 [  41   55]]
acc: 0.942
f1: 0.485
1,161,coarse : 29.41 seconds
1,161,fine : 29.43 seconds
[[1162  752]
 [   4   92]]
acc: 0.624
f1: 0.196
[[1840   74]
 [  41   55]]
acc: 0.943
f1: 0.489
1,162,coarse : 30.01 seconds
1,162,fine : 30.03 seconds
[[1167  747]
 [   4   92]]
acc: 0.626
f1: 0.197
[[1840   74]
 [  41   55]]
acc: 0.943
f1: 0.489
1,163,coarse : 29.5 seconds
1,163,fine : 29.52 seconds
[[1173  741]
 [   4   92]]
acc: 0.629
f1: 0.198
[[1839   75]
 [  42   54]]
acc: 0.942
f1: 0.480
1,164,coarse : 30.0 seconds
1,164,fine : 30.02 seconds
[[1182  732]
 [   4   92]]
acc: 0.634
f1: 0.200
[[1839   75]
 [  42   54]]
acc: 0.942
f1: 0.480
1,165,coarse : 29.24 seconds
1,165,fine : 29.26 seconds
[[1184  730]
 [   4   92]]
acc: 0.635
f1: 0.200
[[1839   75]
 [  42   54]]
acc: 0.942
f1: 0.480
1,166,coarse : 30.08 seconds
1,166,fine : 30.1 seconds
[[1190  724]
 [   4   92]]
acc: 0.638
f1: 0.202
[[1839   75]
 [  42   54]]
acc: 0.942
f1: 0.480
1,167,coarse : 30.03 seconds
1,167,fine : 30.05 seconds
[[1196  718]
 [   4   92]]
acc: 0.641
f1: 0.203
[[1838   76]
 [  42   54]]
acc: 0.941
f1: 0.478
1,168,coarse : 29.84 seconds
1,168,fine : 29.86 seconds
[[1199  715]
 [   4   92]]
acc: 0.642
f1: 0.204
[[1838   76]
 [  42   54]]
acc: 0.941
f1: 0.478
1,169,coarse : 29.67 seconds
1,169,fine : 29.69 seconds
[[1202  712]
 [   4   92]]
acc: 0.644
f1: 0.204
[[1838   76]
 [  42   54]]
acc: 0.941
f1: 0.478
1,170,coarse : 29.94 seconds
1,170,fine : 29.96 seconds
[[1205  709]
 [   4   92]]
acc: 0.645
f1: 0.205
[[1837   77]
 [  42   54]]
acc: 0.941
f1: 0.476
1,171,coarse : 29.45 seconds
1,171,fine : 29.47 seconds
[[1206  708]
 [   4   92]]
acc: 0.646
f1: 0.205
[[1835   79]
 [  42   54]]
acc: 0.940
f1: 0.472
1,172,coarse : 29.38 seconds
1,172,fine : 29.4 seconds
