all           0      1    2    3    4    5    6    7    8    
1      2010   1914   1    19   32   19   1    11   6    7    
2      2010   1914   1    19   32   19   1    11   6    7    
3      2010   1914   1    19   32   19   1    11   5    8    
4      2010   1914   1    19   32   19   1    10   6    8    
5      2010   1914   1    18   33   19   1    10   6    8    
6      2010   1914   1    18   33   19   1    10   6    8    
7      2010   1913   2    18   33   19   1    10   6    8    
8      2010   1913   2    18   33   19   1    10   6    8    
9      2009   1913   2    18   32   19   2    10   6    7    
10     2009   1913   1    19   32   19   1    11   6    7    
Total  20098  19136  13   185  324  190  11   104  59   76   
train         0      1    2    3    4    5    6    7    8    
1      2010   1914   1    19   32   19   1    11   6    7    
3      2010   1914   1    19   32   19   1    11   5    8    
4      2010   1914   1    19   32   19   1    10   6    8    
5      2010   1914   1    18   33   19   1    10   6    8    
6      2010   1914   1    18   33   19   1    10   6    8    
7      2010   1913   2    18   33   19   1    10   6    8    
8      2010   1913   2    18   33   19   1    10   6    8    
9      2009   1913   2    18   32   19   2    10   6    7    
10     2009   1913   1    19   32   19   1    11   6    7    
Total  18088  17222  12   166  292  171  10   93   53   69   
test          0      1    2    3    4    5    6    7    8    
2      2010   1914   1    19   32   19   1    11   6    7    
Total  2010   1914   1    19   32   19   1    11   6    7    
Classes             
0         17222     
1         12        
2         166       
3         292       
4         171       
5         10        
6         93        
7         53        
8         69        
Total     18088     

Shape: 450       

[952, 10, 11, 16, 11, 10, 10, 10, 10]
Sum start => 1040
[[1101  813]
 [  15   81]]
acc: 0.588
f1: 0.164
[[1874   40]
 [  85   11]]
acc: 0.938
f1: 0.150
2,1,coarse : 28.04 seconds
2,1,fine : 28.04 seconds
[[1101  813]
 [  15   81]]
acc: 0.588
f1: 0.164
[[1874   40]
 [  85   11]]
acc: 0.938
f1: 0.150
2,2,coarse : 29.08 seconds
2,2,fine : 29.08 seconds
[[1127  787]
 [  15   81]]
acc: 0.601
f1: 0.168
[[1901   13]
 [  92    4]]
acc: 0.948
f1: 0.071
2,3,coarse : 26.8 seconds
2,3,fine : 26.8 seconds
[[1141  773]
 [  16   80]]
acc: 0.607
f1: 0.169
[[1903   11]
 [  94    2]]
acc: 0.948
f1: 0.037
2,4,coarse : 26.89 seconds
2,4,fine : 26.89 seconds
[[1161  753]
 [  18   78]]
acc: 0.616
f1: 0.168
[[1904   10]
 [  92    4]]
acc: 0.949
f1: 0.073
2,5,coarse : 27.33 seconds
2,5,fine : 27.33 seconds
[[1194  720]
 [  18   78]]
acc: 0.633
f1: 0.174
[[1905    9]
 [  93    3]]
acc: 0.949
f1: 0.056
2,6,coarse : 26.85 seconds
2,6,fine : 26.86 seconds
[[1171  743]
 [  18   78]]
acc: 0.621
f1: 0.170
[[1906    8]
 [  93    3]]
acc: 0.950
f1: 0.056
2,7,coarse : 26.93 seconds
2,7,fine : 26.93 seconds
[[1199  715]
 [  18   78]]
acc: 0.635
f1: 0.175
[[1906    8]
 [  93    3]]
acc: 0.950
f1: 0.056
2,8,coarse : 27.19 seconds
2,8,fine : 27.2 seconds
[[1195  719]
 [  17   79]]
acc: 0.634
f1: 0.177
[[1905    9]
 [  92    4]]
acc: 0.950
f1: 0.073
2,9,coarse : 26.84 seconds
2,9,fine : 26.84 seconds
[[1184  730]
 [  16   80]]
acc: 0.629
f1: 0.177
[[1904   10]
 [  93    3]]
acc: 0.949
f1: 0.055
2,10,coarse : 26.88 seconds
2,10,fine : 26.89 seconds
[[1199  715]
 [  16   80]]
acc: 0.636
f1: 0.180
[[1905    9]
 [  91    5]]
acc: 0.950
f1: 0.091
2,11,coarse : 27.04 seconds
2,11,fine : 27.04 seconds
[[1188  726]
 [  16   80]]
acc: 0.631
f1: 0.177
[[1908    6]
 [  92    4]]
acc: 0.951
f1: 0.075
2,12,coarse : 26.92 seconds
2,12,fine : 26.92 seconds
[[1202  712]
 [  15   81]]
acc: 0.638
f1: 0.182
[[1909    5]
 [  93    3]]
acc: 0.951
f1: 0.058
2,13,coarse : 27.14 seconds
2,13,fine : 27.14 seconds
[[1216  698]
 [  16   80]]
acc: 0.645
f1: 0.183
[[1908    6]
 [  93    3]]
acc: 0.951
f1: 0.057
2,14,coarse : 27.26 seconds
2,14,fine : 27.26 seconds
[[1218  696]
 [  16   80]]
acc: 0.646
f1: 0.183
[[1908    6]
 [  91    5]]
acc: 0.952
f1: 0.093
2,15,coarse : 26.85 seconds
2,15,fine : 26.86 seconds
[[1218  696]
 [  15   81]]
acc: 0.646
f1: 0.186
[[1909    5]
 [  92    4]]
acc: 0.952
f1: 0.076
2,16,coarse : 26.77 seconds
2,16,fine : 26.77 seconds
[[1224  690]
 [  16   80]]
acc: 0.649
f1: 0.185
[[1907    7]
 [  91    5]]
acc: 0.951
f1: 0.093
2,17,coarse : 27.08 seconds
2,17,fine : 27.09 seconds
[[1220  694]
 [  15   81]]
acc: 0.647
f1: 0.186
[[1908    6]
 [  91    5]]
acc: 0.952
f1: 0.093
2,18,coarse : 26.67 seconds
2,18,fine : 26.68 seconds
[[1218  696]
 [  15   81]]
acc: 0.646
f1: 0.186
[[1906    8]
 [  90    6]]
acc: 0.951
f1: 0.109
2,19,coarse : 26.91 seconds
2,19,fine : 26.91 seconds
[[1226  688]
 [  15   81]]
acc: 0.650
f1: 0.187
[[1906    8]
 [  89    7]]
acc: 0.952
f1: 0.126
2,20,coarse : 27.05 seconds
2,20,fine : 27.06 seconds
[[1235  679]
 [  14   82]]
acc: 0.655
f1: 0.191
[[1906    8]
 [  89    7]]
acc: 0.952
f1: 0.126
2,21,coarse : 26.75 seconds
2,21,fine : 26.76 seconds
[[1241  673]
 [  14   82]]
acc: 0.658
f1: 0.193
[[1906    8]
 [  90    6]]
acc: 0.951
f1: 0.109
2,22,coarse : 26.7 seconds
2,22,fine : 26.71 seconds
[[1234  680]
 [  14   82]]
acc: 0.655
f1: 0.191
[[1907    7]
 [  91    5]]
acc: 0.951
f1: 0.093
2,23,coarse : 26.98 seconds
2,23,fine : 26.99 seconds
[[1237  677]
 [  14   82]]
acc: 0.656
f1: 0.192
[[1907    7]
 [  89    7]]
acc: 0.952
f1: 0.127
2,24,coarse : 26.67 seconds
2,24,fine : 26.68 seconds
[[1239  675]
 [  15   81]]
acc: 0.657
f1: 0.190
[[1907    7]
 [  90    6]]
acc: 0.952
f1: 0.110
2,25,coarse : 26.9 seconds
2,25,fine : 26.91 seconds
[[1227  687]
 [  15   81]]
acc: 0.651
f1: 0.188
[[1906    8]
 [  88    8]]
acc: 0.952
f1: 0.143
2,26,coarse : 27.02 seconds
2,26,fine : 27.03 seconds
[[1232  682]
 [  14   82]]
acc: 0.654
f1: 0.191
[[1907    7]
 [  88    8]]
acc: 0.953
f1: 0.144
2,27,coarse : 26.6 seconds
2,27,fine : 26.6 seconds
[[1229  685]
 [  14   82]]
acc: 0.652
f1: 0.190
[[1906    8]
 [  88    8]]
acc: 0.952
f1: 0.143
2,28,coarse : 26.51 seconds
2,28,fine : 26.52 seconds
[[1231  683]
 [  14   82]]
acc: 0.653
f1: 0.190
[[1906    8]
 [  89    7]]
acc: 0.952
f1: 0.126
2,29,coarse : 26.91 seconds
2,29,fine : 26.92 seconds
[[1225  689]
 [  15   81]]
acc: 0.650
f1: 0.187
[[1906    8]
 [  88    8]]
acc: 0.952
f1: 0.143
2,30,coarse : 26.5 seconds
2,30,fine : 26.51 seconds
[[1223  691]
 [  14   82]]
acc: 0.649
f1: 0.189
[[1906    8]
 [  86   10]]
acc: 0.953
f1: 0.175
2,31,coarse : 26.42 seconds
2,31,fine : 26.43 seconds
[[1229  685]
 [  14   82]]
acc: 0.652
f1: 0.190
[[1906    8]
 [  86   10]]
acc: 0.953
f1: 0.175
2,32,coarse : 26.46 seconds
2,32,fine : 26.47 seconds
[[1234  680]
 [  16   80]]
acc: 0.654
f1: 0.187
[[1906    8]
 [  87    9]]
acc: 0.953
f1: 0.159
2,33,coarse : 26.78 seconds
2,33,fine : 26.79 seconds
[[1232  682]
 [  16   80]]
acc: 0.653
f1: 0.186
[[1906    8]
 [  85   11]]
acc: 0.954
f1: 0.191
2,34,coarse : 26.74 seconds
2,34,fine : 26.74 seconds
[[1233  681]
 [  16   80]]
acc: 0.653
f1: 0.187
[[1906    8]
 [  84   12]]
acc: 0.954
f1: 0.207
2,35,coarse : 26.59 seconds
2,35,fine : 26.6 seconds
[[1220  694]
 [  16   80]]
acc: 0.647
f1: 0.184
[[1905    9]
 [  83   13]]
acc: 0.954
f1: 0.220
2,36,coarse : 27.07 seconds
2,36,fine : 27.08 seconds
[[1226  688]
 [  16   80]]
acc: 0.650
f1: 0.185
[[1905    9]
 [  83   13]]
acc: 0.954
f1: 0.220
2,37,coarse : 26.63 seconds
2,37,fine : 26.64 seconds
[[1218  696]
 [  15   81]]
acc: 0.646
f1: 0.186
[[1906    8]
 [  83   13]]
acc: 0.955
f1: 0.222
2,38,coarse : 26.61 seconds
2,38,fine : 26.62 seconds
[[1221  693]
 [  15   81]]
acc: 0.648
f1: 0.186
[[1903   11]
 [  82   14]]
acc: 0.954
f1: 0.231
2,39,coarse : 26.63 seconds
2,39,fine : 26.64 seconds
[[1217  697]
 [  15   81]]
acc: 0.646
f1: 0.185
[[1902   12]
 [  82   14]]
acc: 0.953
f1: 0.230
2,40,coarse : 26.99 seconds
2,40,fine : 27.0 seconds
[[1210  704]
 [  16   80]]
acc: 0.642
f1: 0.182
[[1903   11]
 [  82   14]]
acc: 0.954
f1: 0.231
2,41,coarse : 26.6 seconds
2,41,fine : 26.6 seconds
[[1213  701]
 [  16   80]]
acc: 0.643
f1: 0.182
[[1903   11]
 [  82   14]]
acc: 0.954
f1: 0.231
2,42,coarse : 26.59 seconds
2,42,fine : 26.6 seconds
[[1204  710]
 [  16   80]]
acc: 0.639
f1: 0.181
[[1902   12]
 [  82   14]]
acc: 0.953
f1: 0.230
2,43,coarse : 26.99 seconds
2,43,fine : 26.99 seconds
[[1210  704]
 [  15   81]]
acc: 0.642
f1: 0.184
[[1902   12]
 [  82   14]]
acc: 0.953
f1: 0.230
2,44,coarse : 26.68 seconds
2,44,fine : 26.68 seconds
[[1217  697]
 [  15   81]]
acc: 0.646
f1: 0.185
[[1902   12]
 [  82   14]]
acc: 0.953
f1: 0.230
2,45,coarse : 26.81 seconds
2,45,fine : 26.82 seconds
[[1218  696]
 [  16   80]]
acc: 0.646
f1: 0.183
[[1900   14]
 [  82   14]]
acc: 0.952
f1: 0.226
2,46,coarse : 26.48 seconds
2,46,fine : 26.49 seconds
[[1219  695]
 [  15   81]]
acc: 0.647
f1: 0.186
[[1900   14]
 [  82   14]]
acc: 0.952
f1: 0.226
2,47,coarse : 27.05 seconds
2,47,fine : 27.06 seconds
[[1224  690]
 [  15   81]]
acc: 0.649
f1: 0.187
[[1899   15]
 [  82   14]]
acc: 0.952
f1: 0.224
2,48,coarse : 26.44 seconds
2,48,fine : 26.44 seconds
[[1222  692]
 [  16   80]]
acc: 0.648
f1: 0.184
[[1897   17]
 [  81   15]]
acc: 0.951
f1: 0.234
2,49,coarse : 26.71 seconds
2,49,fine : 26.72 seconds
[[1214  700]
 [  16   80]]
acc: 0.644
f1: 0.183
[[1896   18]
 [  81   15]]
acc: 0.951
f1: 0.233
2,50,coarse : 28.47 seconds
2,50,fine : 28.48 seconds
[[1224  690]
 [  16   80]]
acc: 0.649
f1: 0.185
[[1896   18]
 [  80   16]]
acc: 0.951
f1: 0.246
2,51,coarse : 26.76 seconds
2,51,fine : 26.77 seconds
[[1219  695]
 [  15   81]]
acc: 0.647
f1: 0.186
[[1898   16]
 [  80   16]]
acc: 0.952
f1: 0.250
2,52,coarse : 26.83 seconds
2,52,fine : 26.83 seconds
[[1219  695]
 [  15   81]]
acc: 0.647
f1: 0.186
[[1897   17]
 [  80   16]]
acc: 0.952
f1: 0.248
2,53,coarse : 26.98 seconds
2,53,fine : 26.99 seconds
[[1222  692]
 [  13   83]]
acc: 0.649
f1: 0.191
[[1898   16]
 [  80   16]]
acc: 0.952
f1: 0.250
2,54,coarse : 26.5 seconds
2,54,fine : 26.51 seconds
[[1220  694]
 [  14   82]]
acc: 0.648
f1: 0.188
[[1898   16]
 [  80   16]]
acc: 0.952
f1: 0.250
2,55,coarse : 26.78 seconds
2,55,fine : 26.79 seconds
[[1223  691]
 [  14   82]]
acc: 0.649
f1: 0.189
[[1897   17]
 [  79   17]]
acc: 0.952
f1: 0.262
2,56,coarse : 26.64 seconds
2,56,fine : 26.65 seconds
[[1228  686]
 [  14   82]]
acc: 0.652
f1: 0.190
[[1896   18]
 [  79   17]]
acc: 0.952
f1: 0.260
2,57,coarse : 27.0 seconds
2,57,fine : 27.01 seconds
[[1222  692]
 [  14   82]]
acc: 0.649
f1: 0.189
[[1896   18]
 [  79   17]]
acc: 0.952
f1: 0.260
2,58,coarse : 26.73 seconds
2,58,fine : 26.74 seconds
[[1222  692]
 [  13   83]]
acc: 0.649
f1: 0.191
[[1895   19]
 [  79   17]]
acc: 0.951
f1: 0.258
2,59,coarse : 26.77 seconds
2,59,fine : 26.78 seconds
[[1207  707]
 [  13   83]]
acc: 0.642
f1: 0.187
[[1894   20]
 [  79   17]]
acc: 0.951
f1: 0.256
2,60,coarse : 26.66 seconds
2,60,fine : 26.67 seconds
[[1209  705]
 [  13   83]]
acc: 0.643
f1: 0.188
[[1893   21]
 [  79   17]]
acc: 0.950
f1: 0.254
2,61,coarse : 26.91 seconds
2,61,fine : 26.92 seconds
[[1208  706]
 [  13   83]]
acc: 0.642
f1: 0.188
[[1891   23]
 [  79   17]]
acc: 0.949
f1: 0.250
2,62,coarse : 27.22 seconds
2,62,fine : 27.23 seconds
[[1189  725]
 [  13   83]]
acc: 0.633
f1: 0.184
[[1892   22]
 [  79   17]]
acc: 0.950
f1: 0.252
2,63,coarse : 26.98 seconds
2,63,fine : 26.99 seconds
[[1191  723]
 [  13   83]]
acc: 0.634
f1: 0.184
[[1892   22]
 [  79   17]]
acc: 0.950
f1: 0.252
2,64,coarse : 26.74 seconds
2,64,fine : 26.75 seconds
[[1199  715]
 [  13   83]]
acc: 0.638
f1: 0.186
[[1890   24]
 [  79   17]]
acc: 0.949
f1: 0.248
2,65,coarse : 26.74 seconds
2,65,fine : 26.75 seconds
[[1200  714]
 [  13   83]]
acc: 0.638
f1: 0.186
[[1890   24]
 [  79   17]]
acc: 0.949
f1: 0.248
2,66,coarse : 27.56 seconds
2,66,fine : 27.57 seconds
[[1200  714]
 [  13   83]]
acc: 0.638
f1: 0.186
[[1889   25]
 [  79   17]]
acc: 0.948
f1: 0.246
2,67,coarse : 27.11 seconds
2,67,fine : 27.13 seconds
[[1200  714]
 [  13   83]]
acc: 0.638
f1: 0.186
[[1888   26]
 [  79   17]]
acc: 0.948
f1: 0.245
2,68,coarse : 27.18 seconds
2,68,fine : 27.2 seconds
[[1204  710]
 [  13   83]]
acc: 0.640
f1: 0.187
[[1888   26]
 [  79   17]]
acc: 0.948
f1: 0.245
2,69,coarse : 27.1 seconds
2,69,fine : 27.11 seconds
[[1205  709]
 [  13   83]]
acc: 0.641
f1: 0.187
[[1889   25]
 [  78   18]]
acc: 0.949
f1: 0.259
2,70,coarse : 27.17 seconds
2,70,fine : 27.18 seconds
[[1206  708]
 [  13   83]]
acc: 0.641
f1: 0.187
[[1889   25]
 [  77   19]]
acc: 0.949
f1: 0.271
2,71,coarse : 27.47 seconds
2,71,fine : 27.48 seconds
[[1208  706]
 [  13   83]]
acc: 0.642
f1: 0.188
[[1887   27]
 [  77   19]]
acc: 0.948
f1: 0.268
2,72,coarse : 27.24 seconds
2,72,fine : 27.25 seconds
[[1218  696]
 [  13   83]]
acc: 0.647
f1: 0.190
[[1889   25]
 [  77   19]]
acc: 0.949
f1: 0.271
2,73,coarse : 27.25 seconds
2,73,fine : 27.26 seconds
[[1208  706]
 [  14   82]]
acc: 0.642
f1: 0.186
[[1888   26]
 [  77   19]]
acc: 0.949
f1: 0.270
2,74,coarse : 26.77 seconds
2,74,fine : 26.79 seconds
[[1210  704]
 [  13   83]]
acc: 0.643
f1: 0.188
[[1889   25]
 [  77   19]]
acc: 0.949
f1: 0.271
2,75,coarse : 27.01 seconds
2,75,fine : 27.03 seconds
[[1206  708]
 [  13   83]]
acc: 0.641
f1: 0.187
[[1889   25]
 [  77   19]]
acc: 0.949
f1: 0.271
2,76,coarse : 26.5 seconds
2,76,fine : 26.51 seconds
[[1212  702]
 [  13   83]]
acc: 0.644
f1: 0.188
[[1889   25]
 [  77   19]]
acc: 0.949
f1: 0.271
2,77,coarse : 26.54 seconds
2,77,fine : 26.56 seconds
[[1209  705]
 [  13   83]]
acc: 0.643
f1: 0.188
[[1889   25]
 [  76   20]]
acc: 0.950
f1: 0.284
2,78,coarse : 26.84 seconds
2,78,fine : 26.87 seconds
[[1214  700]
 [  13   83]]
acc: 0.645
f1: 0.189
[[1887   27]
 [  76   20]]
acc: 0.949
f1: 0.280
2,79,coarse : 26.74 seconds
2,79,fine : 26.75 seconds
[[1214  700]
 [  13   83]]
acc: 0.645
f1: 0.189
[[1888   26]
 [  76   20]]
acc: 0.949
f1: 0.282
2,80,coarse : 27.31 seconds
2,80,fine : 27.32 seconds
[[1212  702]
 [  13   83]]
acc: 0.644
f1: 0.188
[[1886   28]
 [  76   20]]
acc: 0.948
f1: 0.278
2,81,coarse : 27.11 seconds
2,81,fine : 27.13 seconds
[[1215  699]
 [  13   83]]
acc: 0.646
f1: 0.189
[[1884   30]
 [  76   20]]
acc: 0.947
f1: 0.274
2,82,coarse : 26.85 seconds
2,82,fine : 26.86 seconds
[[1205  709]
 [  13   83]]
acc: 0.641
f1: 0.187
[[1885   29]
 [  75   21]]
acc: 0.948
f1: 0.288
2,83,coarse : 26.41 seconds
2,83,fine : 26.42 seconds
[[1207  707]
 [  13   83]]
acc: 0.642
f1: 0.187
[[1885   29]
 [  75   21]]
acc: 0.948
f1: 0.288
2,84,coarse : 26.78 seconds
2,84,fine : 26.79 seconds
[[1209  705]
 [  13   83]]
acc: 0.643
f1: 0.188
[[1881   33]
 [  75   21]]
acc: 0.946
f1: 0.280
2,85,coarse : 27.03 seconds
2,85,fine : 27.04 seconds
[[1206  708]
 [  13   83]]
acc: 0.641
f1: 0.187
[[1880   34]
 [  75   21]]
acc: 0.946
f1: 0.278
2,86,coarse : 27.19 seconds
2,86,fine : 27.2 seconds
[[1204  710]
 [  13   83]]
acc: 0.640
f1: 0.187
[[1880   34]
 [  75   21]]
acc: 0.946
f1: 0.278
2,87,coarse : 27.01 seconds
2,87,fine : 27.02 seconds
[[1207  707]
 [  13   83]]
acc: 0.642
f1: 0.187
[[1880   34]
 [  75   21]]
acc: 0.946
f1: 0.278
2,88,coarse : 27.08 seconds
2,88,fine : 27.09 seconds
[[1200  714]
 [  14   82]]
acc: 0.638
f1: 0.184
[[1878   36]
 [  75   21]]
acc: 0.945
f1: 0.275
2,89,coarse : 27.01 seconds
2,89,fine : 27.02 seconds
[[1201  713]
 [  14   82]]
acc: 0.638
f1: 0.184
[[1880   34]
 [  75   21]]
acc: 0.946
f1: 0.278
2,90,coarse : 26.94 seconds
2,90,fine : 26.95 seconds
[[1199  715]
 [  13   83]]
acc: 0.638
f1: 0.186
[[1879   35]
 [  73   23]]
acc: 0.946
f1: 0.299
2,91,coarse : 26.94 seconds
2,91,fine : 26.95 seconds
[[1199  715]
 [  13   83]]
acc: 0.638
f1: 0.186
[[1879   35]
 [  73   23]]
acc: 0.946
f1: 0.299
2,92,coarse : 27.24 seconds
2,92,fine : 27.25 seconds
[[1201  713]
 [  13   83]]
acc: 0.639
f1: 0.186
[[1879   35]
 [  73   23]]
acc: 0.946
f1: 0.299
2,93,coarse : 26.66 seconds
2,93,fine : 26.68 seconds
[[1188  726]
 [  12   84]]
acc: 0.633
f1: 0.185
[[1878   36]
 [  73   23]]
acc: 0.946
f1: 0.297
2,94,coarse : 27.04 seconds
2,94,fine : 27.06 seconds
[[1182  732]
 [  12   84]]
acc: 0.630
f1: 0.184
[[1877   37]
 [  74   22]]
acc: 0.945
f1: 0.284
2,95,coarse : 26.61 seconds
2,95,fine : 26.62 seconds
[[1186  728]
 [  12   84]]
acc: 0.632
f1: 0.185
[[1875   39]
 [  74   22]]
acc: 0.944
f1: 0.280
2,96,coarse : 27.13 seconds
2,96,fine : 27.14 seconds
[[1186  728]
 [  12   84]]
acc: 0.632
f1: 0.185
[[1874   40]
 [  74   22]]
acc: 0.943
f1: 0.278
2,97,coarse : 26.99 seconds
2,97,fine : 27.0 seconds
[[1182  732]
 [  12   84]]
acc: 0.630
f1: 0.184
[[1874   40]
 [  74   22]]
acc: 0.943
f1: 0.278
2,98,coarse : 27.27 seconds
2,98,fine : 27.28 seconds
[[1187  727]
 [  12   84]]
acc: 0.632
f1: 0.185
[[1876   38]
 [  74   22]]
acc: 0.944
f1: 0.282
2,99,coarse : 27.13 seconds
2,99,fine : 27.15 seconds
[[1191  723]
 [  12   84]]
acc: 0.634
f1: 0.186
[[1875   39]
 [  74   22]]
acc: 0.944
f1: 0.280
2,100,coarse : 29.03 seconds
2,100,fine : 29.04 seconds
[[1190  724]
 [  12   84]]
acc: 0.634
f1: 0.186
[[1874   40]
 [  73   23]]
acc: 0.944
f1: 0.289
2,101,coarse : 26.85 seconds
2,101,fine : 26.87 seconds
[[1189  725]
 [  12   84]]
acc: 0.633
f1: 0.186
[[1873   41]
 [  71   25]]
acc: 0.944
f1: 0.309
2,102,coarse : 27.4 seconds
2,102,fine : 27.41 seconds
[[1190  724]
 [  12   84]]
acc: 0.634
f1: 0.186
[[1873   41]
 [  71   25]]
acc: 0.944
f1: 0.309
2,103,coarse : 27.21 seconds
2,103,fine : 27.22 seconds
[[1190  724]
 [  12   84]]
acc: 0.634
f1: 0.186
[[1872   42]
 [  71   25]]
acc: 0.944
f1: 0.307
2,104,coarse : 27.05 seconds
2,104,fine : 27.07 seconds
[[1196  718]
 [  12   84]]
acc: 0.637
f1: 0.187
[[1872   42]
 [  69   27]]
acc: 0.945
f1: 0.327
2,105,coarse : 27.13 seconds
2,105,fine : 27.14 seconds
[[1207  707]
 [  12   84]]
acc: 0.642
f1: 0.189
[[1872   42]
 [  71   25]]
acc: 0.944
f1: 0.307
2,106,coarse : 26.68 seconds
2,106,fine : 26.69 seconds
[[1195  719]
 [  12   84]]
acc: 0.636
f1: 0.187
[[1872   42]
 [  71   25]]
acc: 0.944
f1: 0.307
2,107,coarse : 27.02 seconds
2,107,fine : 27.03 seconds
[[1198  716]
 [  12   84]]
acc: 0.638
f1: 0.188
[[1872   42]
 [  69   27]]
acc: 0.945
f1: 0.327
2,108,coarse : 26.69 seconds
2,108,fine : 26.7 seconds
[[1200  714]
 [  12   84]]
acc: 0.639
f1: 0.188
[[1871   43]
 [  69   27]]
acc: 0.944
f1: 0.325
2,109,coarse : 27.11 seconds
2,109,fine : 27.13 seconds
[[1192  722]
 [  13   83]]
acc: 0.634
f1: 0.184
[[1872   42]
 [  69   27]]
acc: 0.945
f1: 0.327
2,110,coarse : 27.42 seconds
2,110,fine : 27.43 seconds
[[1188  726]
 [  13   83]]
acc: 0.632
f1: 0.183
[[1870   44]
 [  67   29]]
acc: 0.945
f1: 0.343
2,111,coarse : 27.08 seconds
2,111,fine : 27.09 seconds
[[1187  727]
 [  13   83]]
acc: 0.632
f1: 0.183
[[1870   44]
 [  67   29]]
acc: 0.945
f1: 0.343
2,112,coarse : 26.73 seconds
2,112,fine : 26.75 seconds
[[1185  729]
 [  13   83]]
acc: 0.631
f1: 0.183
[[1870   44]
 [  66   30]]
acc: 0.945
f1: 0.353
2,113,coarse : 27.07 seconds
2,113,fine : 27.08 seconds
[[1184  730]
 [  13   83]]
acc: 0.630
f1: 0.183
[[1868   46]
 [  66   30]]
acc: 0.944
f1: 0.349
2,114,coarse : 27.07 seconds
2,114,fine : 27.09 seconds
[[1177  737]
 [  13   83]]
acc: 0.627
f1: 0.181
[[1868   46]
 [  65   31]]
acc: 0.945
f1: 0.358
2,115,coarse : 27.23 seconds
2,115,fine : 27.25 seconds
[[1181  733]
 [  13   83]]
acc: 0.629
f1: 0.182
[[1866   48]
 [  65   31]]
acc: 0.944
f1: 0.354
2,116,coarse : 27.3 seconds
2,116,fine : 27.32 seconds
[[1169  745]
 [  13   83]]
acc: 0.623
f1: 0.180
[[1865   49]
 [  64   32]]
acc: 0.944
f1: 0.362
2,117,coarse : 27.22 seconds
2,117,fine : 27.23 seconds
[[1168  746]
 [  13   83]]
acc: 0.622
f1: 0.179
[[1864   50]
 [  63   33]]
acc: 0.944
f1: 0.369
2,118,coarse : 27.81 seconds
2,118,fine : 27.83 seconds
[[1168  746]
 [  13   83]]
acc: 0.622
f1: 0.179
[[1863   51]
 [  63   33]]
acc: 0.943
f1: 0.367
2,119,coarse : 26.62 seconds
2,119,fine : 26.64 seconds
[[1170  744]
 [  13   83]]
acc: 0.623
f1: 0.180
[[1864   50]
 [  64   32]]
acc: 0.943
f1: 0.360
2,120,coarse : 27.13 seconds
2,120,fine : 27.14 seconds
[[1178  736]
 [  13   83]]
acc: 0.627
f1: 0.181
[[1866   48]
 [  65   31]]
acc: 0.944
f1: 0.354
2,121,coarse : 27.14 seconds
2,121,fine : 27.16 seconds
[[1177  737]
 [  13   83]]
acc: 0.627
f1: 0.181
[[1865   49]
 [  65   31]]
acc: 0.943
f1: 0.352
2,122,coarse : 27.21 seconds
2,122,fine : 27.22 seconds
[[1185  729]
 [  13   83]]
acc: 0.631
f1: 0.183
[[1863   51]
 [  65   31]]
acc: 0.942
f1: 0.348
2,123,coarse : 27.53 seconds
2,123,fine : 27.55 seconds
[[1189  725]
 [  13   83]]
acc: 0.633
f1: 0.184
[[1862   52]
 [  64   32]]
acc: 0.942
f1: 0.356
2,124,coarse : 27.5 seconds
2,124,fine : 27.51 seconds
[[1189  725]
 [  13   83]]
acc: 0.633
f1: 0.184
[[1862   52]
 [  64   32]]
acc: 0.942
f1: 0.356
2,125,coarse : 28.18 seconds
2,125,fine : 28.2 seconds
[[1189  725]
 [  13   83]]
acc: 0.633
f1: 0.184
[[1860   54]
 [  64   32]]
acc: 0.941
f1: 0.352
2,126,coarse : 27.91 seconds
2,126,fine : 27.93 seconds
[[1174  740]
 [  13   83]]
acc: 0.625
f1: 0.181
[[1859   55]
 [  64   32]]
acc: 0.941
f1: 0.350
2,127,coarse : 28.24 seconds
2,127,fine : 28.26 seconds
[[1179  735]
 [  13   83]]
acc: 0.628
f1: 0.182
[[1859   55]
 [  64   32]]
acc: 0.941
f1: 0.350
2,128,coarse : 28.13 seconds
2,128,fine : 28.15 seconds
[[1184  730]
 [  14   82]]
acc: 0.630
f1: 0.181
[[1858   56]
 [  63   33]]
acc: 0.941
f1: 0.357
2,129,coarse : 28.52 seconds
2,129,fine : 28.54 seconds
[[1176  738]
 [  14   82]]
acc: 0.626
f1: 0.179
[[1858   56]
 [  61   35]]
acc: 0.942
f1: 0.374
2,130,coarse : 28.08 seconds
2,130,fine : 28.1 seconds
[[1181  733]
 [  13   83]]
acc: 0.629
f1: 0.182
[[1858   56]
 [  61   35]]
acc: 0.942
f1: 0.374
2,131,coarse : 27.99 seconds
2,131,fine : 28.01 seconds
[[1177  737]
 [  13   83]]
acc: 0.627
f1: 0.181
[[1858   56]
 [  61   35]]
acc: 0.942
f1: 0.374
2,132,coarse : 28.3 seconds
2,132,fine : 28.32 seconds
[[1169  745]
 [  12   84]]
acc: 0.623
f1: 0.182
[[1857   57]
 [  61   35]]
acc: 0.941
f1: 0.372
2,133,coarse : 27.71 seconds
2,133,fine : 27.73 seconds
[[1173  741]
 [  13   83]]
acc: 0.625
f1: 0.180
[[1857   57]
 [  62   34]]
acc: 0.941
f1: 0.364
2,134,coarse : 28.31 seconds
2,134,fine : 28.32 seconds
[[1174  740]
 [  13   83]]
acc: 0.625
f1: 0.181
[[1857   57]
 [  62   34]]
acc: 0.941
f1: 0.364
2,135,coarse : 28.23 seconds
2,135,fine : 28.25 seconds
[[1179  735]
 [  13   83]]
acc: 0.628
f1: 0.182
[[1857   57]
 [  62   34]]
acc: 0.941
f1: 0.364
2,136,coarse : 28.06 seconds
2,136,fine : 28.08 seconds
[[1179  735]
 [  13   83]]
acc: 0.628
f1: 0.182
[[1857   57]
 [  62   34]]
acc: 0.941
f1: 0.364
2,137,coarse : 28.04 seconds
2,137,fine : 28.05 seconds
[[1187  727]
 [  14   82]]
acc: 0.631
f1: 0.181
[[1857   57]
 [  62   34]]
acc: 0.941
f1: 0.364
2,138,coarse : 27.82 seconds
2,138,fine : 27.84 seconds
[[1188  726]
 [  14   82]]
acc: 0.632
f1: 0.181
[[1857   57]
 [  62   34]]
acc: 0.941
f1: 0.364
2,139,coarse : 27.99 seconds
2,139,fine : 28.01 seconds
[[1190  724]
 [  14   82]]
acc: 0.633
f1: 0.182
[[1854   60]
 [  62   34]]
acc: 0.939
f1: 0.358
2,140,coarse : 28.07 seconds
2,140,fine : 28.09 seconds
[[1196  718]
 [  14   82]]
acc: 0.636
f1: 0.183
[[1853   61]
 [  62   34]]
acc: 0.939
f1: 0.356
2,141,coarse : 28.47 seconds
2,141,fine : 28.49 seconds
[[1199  715]
 [  14   82]]
acc: 0.637
f1: 0.184
[[1852   62]
 [  61   35]]
acc: 0.939
f1: 0.363
2,142,coarse : 28.59 seconds
2,142,fine : 28.61 seconds
[[1204  710]
 [  14   82]]
acc: 0.640
f1: 0.185
[[1850   64]
 [  61   35]]
acc: 0.938
f1: 0.359
2,143,coarse : 29.05 seconds
2,143,fine : 29.08 seconds
[[1206  708]
 [  14   82]]
acc: 0.641
f1: 0.185
[[1851   63]
 [  62   34]]
acc: 0.938
f1: 0.352
2,144,coarse : 28.95 seconds
2,144,fine : 28.97 seconds
[[1188  726]
 [  14   82]]
acc: 0.632
f1: 0.181
[[1850   64]
 [  60   36]]
acc: 0.938
f1: 0.367
2,145,coarse : 28.57 seconds
2,145,fine : 28.59 seconds
[[1181  733]
 [  14   82]]
acc: 0.628
f1: 0.180
[[1850   64]
 [  59   37]]
acc: 0.939
f1: 0.376
2,146,coarse : 28.72 seconds
2,146,fine : 28.74 seconds
[[1182  732]
 [  14   82]]
acc: 0.629
f1: 0.180
[[1848   66]
 [  59   37]]
acc: 0.938
f1: 0.372
2,147,coarse : 29.11 seconds
2,147,fine : 29.14 seconds
[[1179  735]
 [  14   82]]
acc: 0.627
f1: 0.180
[[1848   66]
 [  59   37]]
acc: 0.938
f1: 0.372
2,148,coarse : 28.69 seconds
2,148,fine : 28.72 seconds
[[1179  735]
 [  14   82]]
acc: 0.627
f1: 0.180
[[1848   66]
 [  59   37]]
acc: 0.938
f1: 0.372
2,149,coarse : 29.04 seconds
2,149,fine : 29.06 seconds
[[1173  741]
 [  14   82]]
acc: 0.624
f1: 0.178
[[1848   66]
 [  59   37]]
acc: 0.938
f1: 0.372
2,150,coarse : 30.97 seconds
2,150,fine : 30.99 seconds
[[1171  743]
 [  14   82]]
acc: 0.623
f1: 0.178
[[1848   66]
 [  58   38]]
acc: 0.938
f1: 0.380
2,151,coarse : 28.47 seconds
2,151,fine : 28.49 seconds
[[1169  745]
 [  14   82]]
acc: 0.622
f1: 0.178
[[1847   67]
 [  57   39]]
acc: 0.938
f1: 0.386
2,152,coarse : 28.63 seconds
2,152,fine : 28.65 seconds
[[1171  743]
 [  14   82]]
acc: 0.623
f1: 0.178
[[1847   67]
 [  57   39]]
acc: 0.938
f1: 0.386
2,153,coarse : 29.57 seconds
2,153,fine : 29.59 seconds
[[1180  734]
 [  14   82]]
acc: 0.628
f1: 0.180
[[1848   66]
 [  56   40]]
acc: 0.939
f1: 0.396
2,154,coarse : 29.68 seconds
2,154,fine : 29.7 seconds
[[1182  732]
 [  14   82]]
acc: 0.629
f1: 0.180
[[1847   67]
 [  56   40]]
acc: 0.939
f1: 0.394
2,155,coarse : 29.4 seconds
2,155,fine : 29.42 seconds
[[1182  732]
 [  14   82]]
acc: 0.629
f1: 0.180
[[1847   67]
 [  56   40]]
acc: 0.939
f1: 0.394
2,156,coarse : 29.03 seconds
2,156,fine : 29.05 seconds
[[1180  734]
 [  14   82]]
acc: 0.628
f1: 0.180
[[1847   67]
 [  56   40]]
acc: 0.939
f1: 0.394
2,157,coarse : 29.25 seconds
2,157,fine : 29.27 seconds
[[1183  731]
 [  14   82]]
acc: 0.629
f1: 0.180
[[1847   67]
 [  56   40]]
acc: 0.939
f1: 0.394
2,158,coarse : 29.33 seconds
2,158,fine : 29.35 seconds
[[1193  721]
 [  14   82]]
acc: 0.634
f1: 0.182
[[1847   67]
 [  57   39]]
acc: 0.938
f1: 0.386
2,159,coarse : 29.3 seconds
2,159,fine : 29.33 seconds
[[1196  718]
 [  14   82]]
acc: 0.636
f1: 0.183
[[1848   66]
 [  57   39]]
acc: 0.939
f1: 0.388
2,160,coarse : 29.13 seconds
2,160,fine : 29.15 seconds
[[1197  717]
 [  14   82]]
acc: 0.636
f1: 0.183
[[1848   66]
 [  57   39]]
acc: 0.939
f1: 0.388
2,161,coarse : 30.04 seconds
2,161,fine : 30.06 seconds
[[1199  715]
 [  14   82]]
acc: 0.637
f1: 0.184
[[1848   66]
 [  57   39]]
acc: 0.939
f1: 0.388
2,162,coarse : 30.27 seconds
2,162,fine : 30.29 seconds
[[1207  707]
 [  14   82]]
acc: 0.641
f1: 0.185
[[1848   66]
 [  57   39]]
acc: 0.939
f1: 0.388
2,163,coarse : 29.59 seconds
2,163,fine : 29.61 seconds
[[1217  697]
 [  14   82]]
acc: 0.646
f1: 0.187
[[1847   67]
 [  57   39]]
acc: 0.938
f1: 0.386
2,164,coarse : 30.37 seconds
2,164,fine : 30.39 seconds
[[1224  690]
 [  14   82]]
acc: 0.650
f1: 0.189
[[1847   67]
 [  56   40]]
acc: 0.939
f1: 0.394
2,165,coarse : 29.73 seconds
2,165,fine : 29.75 seconds
[[1227  687]
 [  14   82]]
acc: 0.651
f1: 0.190
[[1845   69]
 [  56   40]]
acc: 0.938
f1: 0.390
2,166,coarse : 29.91 seconds
2,166,fine : 29.93 seconds
[[1238  676]
 [  14   82]]
acc: 0.657
f1: 0.192
[[1844   70]
 [  56   40]]
acc: 0.937
f1: 0.388
2,167,coarse : 29.88 seconds
2,167,fine : 29.9 seconds
[[1244  670]
 [  14   82]]
acc: 0.660
f1: 0.193
[[1843   71]
 [  56   40]]
acc: 0.937
f1: 0.386
2,168,coarse : 30.32 seconds
2,168,fine : 30.34 seconds
[[1248  666]
 [  14   82]]
acc: 0.662
f1: 0.194
[[1842   72]
 [  56   40]]
acc: 0.936
f1: 0.385
2,169,coarse : 29.3 seconds
2,169,fine : 29.32 seconds
[[1254  660]
 [  14   82]]
acc: 0.665
f1: 0.196
[[1842   72]
 [  56   40]]
acc: 0.936
f1: 0.385
2,170,coarse : 30.27 seconds
2,170,fine : 30.3 seconds
[[1261  653]
 [  14   82]]
acc: 0.668
f1: 0.197
[[1841   73]
 [  56   40]]
acc: 0.936
f1: 0.383
2,171,coarse : 29.66 seconds
2,171,fine : 29.69 seconds
[[1257  657]
 [  14   82]]
acc: 0.666
f1: 0.196
[[1840   74]
 [  55   41]]
acc: 0.936
f1: 0.389
2,172,coarse : 29.4 seconds
2,172,fine : 29.42 seconds
