all           0      1    2    3    4    5    6    7    8    
1      2010   1914   1    19   32   19   1    11   6    7    
2      2010   1914   1    19   32   19   1    11   6    7    
3      2010   1914   1    19   32   19   1    11   5    8    
4      2010   1914   1    19   32   19   1    10   6    8    
5      2010   1914   1    18   33   19   1    10   6    8    
6      2010   1914   1    18   33   19   1    10   6    8    
7      2010   1913   2    18   33   19   1    10   6    8    
8      2010   1913   2    18   33   19   1    10   6    8    
9      2009   1913   2    18   32   19   2    10   6    7    
10     2009   1913   1    19   32   19   1    11   6    7    
Total  20098  19136  13   185  324  190  11   104  59   76   
train         0      1    2    3    4    5    6    7    8    
1      2010   1914   1    19   32   19   1    11   6    7    
3      2010   1914   1    19   32   19   1    11   5    8    
4      2010   1914   1    19   32   19   1    10   6    8    
5      2010   1914   1    18   33   19   1    10   6    8    
6      2010   1914   1    18   33   19   1    10   6    8    
7      2010   1913   2    18   33   19   1    10   6    8    
8      2010   1913   2    18   33   19   1    10   6    8    
9      2009   1913   2    18   32   19   2    10   6    7    
10     2009   1913   1    19   32   19   1    11   6    7    
Total  18088  17222  12   166  292  171  10   93   53   69   
test          0      1    2    3    4    5    6    7    8    
2      2010   1914   1    19   32   19   1    11   6    7    
Total  2010   1914   1    19   32   19   1    11   6    7    
Classes             
0         17222     
1         12        
2         166       
3         292       
4         171       
5         10        
6         93        
7         53        
8         69        
Total     18088     

Shape: 450       

[952, 10, 11, 16, 11, 10, 10, 10, 10]
Sum start => 1040
[[1314  600]
 [  18   78]]
acc: 0.693
f1: 0.202
[[1873   41]
 [  88    8]]
acc: 0.936
f1: 0.110
2,1,coarse : 27.31 seconds
2,1,fine : 27.32 seconds
[[1314  600]
 [  18   78]]
acc: 0.693
f1: 0.202
[[1873   41]
 [  88    8]]
acc: 0.936
f1: 0.110
2,2,coarse : 28.9 seconds
2,2,fine : 28.9 seconds
[[1351  563]
 [  21   75]]
acc: 0.709
f1: 0.204
[[1876   38]
 [  88    8]]
acc: 0.937
f1: 0.113
2,3,coarse : 3.09 seconds
2,3,fine : 3.1 seconds
[[1341  573]
 [  20   76]]
acc: 0.705
f1: 0.204
[[1880   34]
 [  89    7]]
acc: 0.939
f1: 0.102
2,4,coarse : 3.19 seconds
2,4,fine : 3.19 seconds
[[1340  574]
 [  19   77]]
acc: 0.705
f1: 0.206
[[1883   31]
 [  89    7]]
acc: 0.940
f1: 0.104
2,5,coarse : 3.3 seconds
2,5,fine : 3.31 seconds
[[1341  573]
 [  21   75]]
acc: 0.704
f1: 0.202
[[1885   29]
 [  89    7]]
acc: 0.941
f1: 0.106
2,6,coarse : 3.47 seconds
2,6,fine : 3.47 seconds
[[1349  565]
 [  18   78]]
acc: 0.710
f1: 0.211
[[1886   28]
 [  88    8]]
acc: 0.942
f1: 0.121
2,7,coarse : 3.75 seconds
2,7,fine : 3.76 seconds
[[1359  555]
 [  19   77]]
acc: 0.714
f1: 0.212
[[1886   28]
 [  84   12]]
acc: 0.944
f1: 0.176
2,8,coarse : 3.71 seconds
2,8,fine : 3.71 seconds
[[1372  542]
 [  19   77]]
acc: 0.721
f1: 0.215
[[1886   28]
 [  84   12]]
acc: 0.944
f1: 0.176
2,9,coarse : 3.81 seconds
2,9,fine : 3.82 seconds
[[1371  543]
 [  17   79]]
acc: 0.721
f1: 0.220
[[1887   27]
 [  84   12]]
acc: 0.945
f1: 0.178
2,10,coarse : 4.29 seconds
2,10,fine : 4.3 seconds
[[1358  556]
 [  17   79]]
acc: 0.715
f1: 0.216
[[1888   26]
 [  84   12]]
acc: 0.945
f1: 0.179
2,11,coarse : 4.23 seconds
2,11,fine : 4.23 seconds
[[1380  534]
 [  18   78]]
acc: 0.725
f1: 0.220
[[1887   27]
 [  84   12]]
acc: 0.945
f1: 0.178
2,12,coarse : 4.26 seconds
2,12,fine : 4.26 seconds
[[1386  528]
 [  17   79]]
acc: 0.729
f1: 0.225
[[1888   26]
 [  84   12]]
acc: 0.945
f1: 0.179
2,13,coarse : 4.45 seconds
2,13,fine : 4.46 seconds
[[1385  529]
 [  18   78]]
acc: 0.728
f1: 0.222
[[1892   22]
 [  84   12]]
acc: 0.947
f1: 0.185
2,14,coarse : 4.68 seconds
2,14,fine : 4.68 seconds
[[1383  531]
 [  18   78]]
acc: 0.727
f1: 0.221
[[1892   22]
 [  85   11]]
acc: 0.947
f1: 0.171
2,15,coarse : 4.58 seconds
2,15,fine : 4.59 seconds
[[1390  524]
 [  18   78]]
acc: 0.730
f1: 0.223
[[1891   23]
 [  84   12]]
acc: 0.947
f1: 0.183
2,16,coarse : 4.99 seconds
2,16,fine : 5.0 seconds
[[1399  515]
 [  19   77]]
acc: 0.734
f1: 0.224
[[1890   24]
 [  83   13]]
acc: 0.947
f1: 0.195
2,17,coarse : 5.13 seconds
2,17,fine : 5.13 seconds
[[1411  503]
 [  19   77]]
acc: 0.740
f1: 0.228
[[1887   27]
 [  83   13]]
acc: 0.945
f1: 0.191
2,18,coarse : 4.94 seconds
2,18,fine : 4.94 seconds
[[1411  503]
 [  20   76]]
acc: 0.740
f1: 0.225
[[1889   25]
 [  83   13]]
acc: 0.946
f1: 0.194
2,19,coarse : 5.13 seconds
2,19,fine : 5.14 seconds
[[1421  493]
 [  19   77]]
acc: 0.745
f1: 0.231
[[1890   24]
 [  83   13]]
acc: 0.947
f1: 0.195
2,20,coarse : 5.25 seconds
2,20,fine : 5.26 seconds
[[1425  489]
 [  20   76]]
acc: 0.747
f1: 0.230
[[1891   23]
 [  84   12]]
acc: 0.947
f1: 0.183
2,21,coarse : 5.3 seconds
2,21,fine : 5.31 seconds
[[1421  493]
 [  19   77]]
acc: 0.745
f1: 0.231
[[1890   24]
 [  83   13]]
acc: 0.947
f1: 0.195
2,22,coarse : 6.16 seconds
2,22,fine : 6.16 seconds
[[1424  490]
 [  20   76]]
acc: 0.746
f1: 0.230
[[1890   24]
 [  83   13]]
acc: 0.947
f1: 0.195
2,23,coarse : 5.62 seconds
2,23,fine : 5.63 seconds
[[1431  483]
 [  19   77]]
acc: 0.750
f1: 0.235
[[1890   24]
 [  81   15]]
acc: 0.948
f1: 0.222
2,24,coarse : 5.98 seconds
2,24,fine : 5.98 seconds
[[1440  474]
 [  19   77]]
acc: 0.755
f1: 0.238
[[1885   29]
 [  78   18]]
acc: 0.947
f1: 0.252
2,25,coarse : 5.92 seconds
2,25,fine : 5.93 seconds
[[1442  472]
 [  19   77]]
acc: 0.756
f1: 0.239
[[1886   28]
 [  78   18]]
acc: 0.947
f1: 0.254
2,26,coarse : 6.13 seconds
2,26,fine : 6.13 seconds
[[1436  478]
 [  19   77]]
acc: 0.753
f1: 0.237
[[1887   27]
 [  77   19]]
acc: 0.948
f1: 0.268
2,27,coarse : 6.59 seconds
2,27,fine : 6.59 seconds
[[1437  477]
 [  19   77]]
acc: 0.753
f1: 0.237
[[1887   27]
 [  78   18]]
acc: 0.948
f1: 0.255
2,28,coarse : 6.25 seconds
2,28,fine : 6.26 seconds
[[1445  469]
 [  19   77]]
acc: 0.757
f1: 0.240
[[1886   28]
 [  78   18]]
acc: 0.947
f1: 0.254
2,29,coarse : 6.56 seconds
2,29,fine : 6.56 seconds
[[1451  463]
 [  20   76]]
acc: 0.760
f1: 0.239
[[1882   32]
 [  76   20]]
acc: 0.946
f1: 0.270
2,30,coarse : 6.64 seconds
2,30,fine : 6.65 seconds
[[1447  467]
 [  19   77]]
acc: 0.758
f1: 0.241
[[1882   32]
 [  75   21]]
acc: 0.947
f1: 0.282
2,31,coarse : 7.52 seconds
2,31,fine : 7.53 seconds
[[1456  458]
 [  20   76]]
acc: 0.762
f1: 0.241
[[1878   36]
 [  75   21]]
acc: 0.945
f1: 0.275
2,32,coarse : 7.01 seconds
2,32,fine : 7.01 seconds
[[1463  451]
 [  19   77]]
acc: 0.766
f1: 0.247
[[1878   36]
 [  74   22]]
acc: 0.945
f1: 0.286
2,33,coarse : 7.36 seconds
2,33,fine : 7.37 seconds
[[1463  451]
 [  20   76]]
acc: 0.766
f1: 0.244
[[1877   37]
 [  73   23]]
acc: 0.945
f1: 0.295
2,34,coarse : 7.21 seconds
2,34,fine : 7.21 seconds
[[1465  449]
 [  21   75]]
acc: 0.766
f1: 0.242
[[1878   36]
 [  75   21]]
acc: 0.945
f1: 0.275
2,35,coarse : 7.86 seconds
2,35,fine : 7.87 seconds
[[1468  446]
 [  22   74]]
acc: 0.767
f1: 0.240
[[1880   34]
 [  74   22]]
acc: 0.946
f1: 0.289
2,36,coarse : 7.49 seconds
2,36,fine : 7.5 seconds
[[1471  443]
 [  22   74]]
acc: 0.769
f1: 0.241
[[1874   40]
 [  72   24]]
acc: 0.944
f1: 0.300
2,37,coarse : 7.86 seconds
2,37,fine : 7.87 seconds
[[1468  446]
 [  21   75]]
acc: 0.768
f1: 0.243
[[1874   40]
 [  73   23]]
acc: 0.944
f1: 0.289
2,38,coarse : 8.13 seconds
2,38,fine : 8.14 seconds
[[1470  444]
 [  21   75]]
acc: 0.769
f1: 0.244
[[1874   40]
 [  74   22]]
acc: 0.943
f1: 0.278
2,39,coarse : 8.32 seconds
2,39,fine : 8.33 seconds
[[1475  439]
 [  22   74]]
acc: 0.771
f1: 0.243
[[1874   40]
 [  71   25]]
acc: 0.945
f1: 0.311
2,40,coarse : 8.43 seconds
2,40,fine : 8.43 seconds
[[1473  441]
 [  22   74]]
acc: 0.770
f1: 0.242
[[1874   40]
 [  72   24]]
acc: 0.944
f1: 0.300
2,41,coarse : 8.35 seconds
2,41,fine : 8.36 seconds
[[1475  439]
 [  22   74]]
acc: 0.771
f1: 0.243
[[1876   38]
 [  75   21]]
acc: 0.944
f1: 0.271
2,42,coarse : 9.27 seconds
2,42,fine : 9.28 seconds
[[1472  442]
 [  22   74]]
acc: 0.769
f1: 0.242
[[1874   40]
 [  71   25]]
acc: 0.945
f1: 0.311
2,43,coarse : 8.55 seconds
2,43,fine : 8.55 seconds
[[1471  443]
 [  22   74]]
acc: 0.769
f1: 0.241
[[1873   41]
 [  70   26]]
acc: 0.945
f1: 0.319
2,44,coarse : 8.91 seconds
2,44,fine : 8.92 seconds
[[1469  445]
 [  21   75]]
acc: 0.768
f1: 0.244
[[1869   45]
 [  69   27]]
acc: 0.943
f1: 0.321
2,45,coarse : 9.54 seconds
2,45,fine : 9.55 seconds
[[1475  439]
 [  21   75]]
acc: 0.771
f1: 0.246
[[1871   43]
 [  70   26]]
acc: 0.944
f1: 0.315
2,46,coarse : 9.17 seconds
2,46,fine : 9.18 seconds
[[1476  438]
 [  21   75]]
acc: 0.772
f1: 0.246
[[1873   41]
 [  71   25]]
acc: 0.944
f1: 0.309
2,47,coarse : 9.25 seconds
2,47,fine : 9.26 seconds
[[1482  432]
 [  22   74]]
acc: 0.774
f1: 0.246
[[1870   44]
 [  71   25]]
acc: 0.943
f1: 0.303
2,48,coarse : 9.89 seconds
2,48,fine : 9.9 seconds
[[1472  442]
 [  20   76]]
acc: 0.770
f1: 0.248
[[1872   42]
 [  72   24]]
acc: 0.943
f1: 0.296
2,49,coarse : 9.35 seconds
2,49,fine : 9.36 seconds
[[1480  434]
 [  19   77]]
acc: 0.775
f1: 0.254
[[1871   43]
 [  73   23]]
acc: 0.942
f1: 0.284
2,50,coarse : 11.67 seconds
2,50,fine : 11.68 seconds
[[1473  441]
 [  18   78]]
acc: 0.772
f1: 0.254
[[1876   38]
 [  73   23]]
acc: 0.945
f1: 0.293
2,51,coarse : 10.48 seconds
2,51,fine : 10.49 seconds
[[1478  436]
 [  18   78]]
acc: 0.774
f1: 0.256
[[1878   36]
 [  73   23]]
acc: 0.946
f1: 0.297
2,52,coarse : 10.02 seconds
2,52,fine : 10.03 seconds
[[1482  432]
 [  20   76]]
acc: 0.775
f1: 0.252
[[1878   36]
 [  73   23]]
acc: 0.946
f1: 0.297
2,53,coarse : 10.45 seconds
2,53,fine : 10.46 seconds
[[1486  428]
 [  19   77]]
acc: 0.778
f1: 0.256
[[1873   41]
 [  74   22]]
acc: 0.943
f1: 0.277
2,54,coarse : 10.67 seconds
2,54,fine : 10.68 seconds
[[1478  436]
 [  20   76]]
acc: 0.773
f1: 0.250
[[1873   41]
 [  73   23]]
acc: 0.943
f1: 0.287
2,55,coarse : 10.43 seconds
2,55,fine : 10.44 seconds
[[1483  431]
 [  20   76]]
acc: 0.776
f1: 0.252
[[1873   41]
 [  72   24]]
acc: 0.944
f1: 0.298
2,56,coarse : 10.95 seconds
2,56,fine : 10.96 seconds
[[1477  437]
 [  19   77]]
acc: 0.773
f1: 0.252
[[1874   40]
 [  72   24]]
acc: 0.944
f1: 0.300
2,57,coarse : 11.37 seconds
2,57,fine : 11.38 seconds
[[1476  438]
 [  19   77]]
acc: 0.773
f1: 0.252
[[1873   41]
 [  71   25]]
acc: 0.944
f1: 0.309
2,58,coarse : 11.28 seconds
2,58,fine : 11.29 seconds
[[1464  450]
 [  18   78]]
acc: 0.767
f1: 0.250
[[1872   42]
 [  71   25]]
acc: 0.944
f1: 0.307
2,59,coarse : 11.73 seconds
2,59,fine : 11.74 seconds
[[1469  445]
 [  18   78]]
acc: 0.770
f1: 0.252
[[1873   41]
 [  72   24]]
acc: 0.944
f1: 0.298
2,60,coarse : 11.55 seconds
2,60,fine : 11.56 seconds
[[1477  437]
 [  19   77]]
acc: 0.773
f1: 0.252
[[1873   41]
 [  71   25]]
acc: 0.944
f1: 0.309
2,61,coarse : 11.95 seconds
2,61,fine : 11.96 seconds
[[1480  434]
 [  20   76]]
acc: 0.774
f1: 0.251
[[1872   42]
 [  70   26]]
acc: 0.944
f1: 0.317
2,62,coarse : 11.95 seconds
2,62,fine : 11.96 seconds
[[1484  430]
 [  20   76]]
acc: 0.776
f1: 0.252
[[1867   47]
 [  70   26]]
acc: 0.942
f1: 0.308
2,63,coarse : 12.16 seconds
2,63,fine : 12.17 seconds
[[1485  429]
 [  20   76]]
acc: 0.777
f1: 0.253
[[1867   47]
 [  69   27]]
acc: 0.942
f1: 0.318
2,64,coarse : 12.38 seconds
2,64,fine : 12.39 seconds
[[1484  430]
 [  19   77]]
acc: 0.777
f1: 0.255
[[1868   46]
 [  68   28]]
acc: 0.943
f1: 0.329
2,65,coarse : 12.21 seconds
2,65,fine : 12.22 seconds
[[1484  430]
 [  20   76]]
acc: 0.776
f1: 0.252
[[1870   44]
 [  67   29]]
acc: 0.945
f1: 0.343
2,66,coarse : 13.33 seconds
2,66,fine : 13.35 seconds
[[1497  417]
 [  22   74]]
acc: 0.782
f1: 0.252
[[1865   49]
 [  66   30]]
acc: 0.943
f1: 0.343
2,67,coarse : 12.61 seconds
2,67,fine : 12.62 seconds
[[1489  425]
 [  20   76]]
acc: 0.779
f1: 0.255
[[1865   49]
 [  66   30]]
acc: 0.943
f1: 0.343
2,68,coarse : 13.44 seconds
2,68,fine : 13.45 seconds
[[1492  422]
 [  20   76]]
acc: 0.780
f1: 0.256
[[1864   50]
 [  66   30]]
acc: 0.942
f1: 0.341
2,69,coarse : 12.92 seconds
2,69,fine : 12.93 seconds
[[1494  420]
 [  20   76]]
acc: 0.781
f1: 0.257
[[1861   53]
 [  64   32]]
acc: 0.942
f1: 0.354
2,70,coarse : 13.45 seconds
2,70,fine : 13.46 seconds
[[1486  428]
 [  21   75]]
acc: 0.777
f1: 0.250
[[1860   54]
 [  65   31]]
acc: 0.941
f1: 0.343
2,71,coarse : 13.16 seconds
2,71,fine : 13.17 seconds
[[1493  421]
 [  21   75]]
acc: 0.780
f1: 0.253
[[1860   54]
 [  64   32]]
acc: 0.941
f1: 0.352
2,72,coarse : 13.51 seconds
2,72,fine : 13.52 seconds
[[1493  421]
 [  22   74]]
acc: 0.780
f1: 0.250
[[1858   56]
 [  64   32]]
acc: 0.940
f1: 0.348
2,73,coarse : 13.95 seconds
2,73,fine : 13.96 seconds
[[1487  427]
 [  21   75]]
acc: 0.777
f1: 0.251
[[1859   55]
 [  63   33]]
acc: 0.941
f1: 0.359
2,74,coarse : 14.02 seconds
2,74,fine : 14.03 seconds
[[1489  425]
 [  23   73]]
acc: 0.777
f1: 0.246
[[1855   59]
 [  65   31]]
acc: 0.938
f1: 0.333
2,75,coarse : 14.41 seconds
2,75,fine : 14.42 seconds
[[1487  427]
 [  23   73]]
acc: 0.776
f1: 0.245
[[1857   57]
 [  64   32]]
acc: 0.940
f1: 0.346
2,76,coarse : 14.12 seconds
2,76,fine : 14.13 seconds
[[1490  424]
 [  23   73]]
acc: 0.778
f1: 0.246
[[1853   61]
 [  64   32]]
acc: 0.938
f1: 0.339
2,77,coarse : 14.39 seconds
2,77,fine : 14.4 seconds
[[1495  419]
 [  22   74]]
acc: 0.781
f1: 0.251
[[1851   63]
 [  63   33]]
acc: 0.937
f1: 0.344
2,78,coarse : 14.21 seconds
2,78,fine : 14.23 seconds
[[1498  416]
 [  22   74]]
acc: 0.782
f1: 0.253
[[1851   63]
 [  62   34]]
acc: 0.938
f1: 0.352
2,79,coarse : 14.84 seconds
2,79,fine : 14.85 seconds
[[1495  419]
 [  22   74]]
acc: 0.781
f1: 0.251
[[1847   67]
 [  63   33]]
acc: 0.935
f1: 0.337
2,80,coarse : 14.59 seconds
2,80,fine : 14.6 seconds
[[1499  415]
 [  22   74]]
acc: 0.783
f1: 0.253
[[1850   64]
 [  62   34]]
acc: 0.937
f1: 0.351
2,81,coarse : 15.05 seconds
2,81,fine : 15.07 seconds
[[1495  419]
 [  22   74]]
acc: 0.781
f1: 0.251
[[1851   63]
 [  60   36]]
acc: 0.939
f1: 0.369
2,82,coarse : 15.5 seconds
2,82,fine : 15.52 seconds
[[1491  423]
 [  22   74]]
acc: 0.779
f1: 0.250
[[1851   63]
 [  62   34]]
acc: 0.938
f1: 0.352
2,83,coarse : 15.29 seconds
2,83,fine : 15.3 seconds
[[1492  422]
 [  21   75]]
acc: 0.780
f1: 0.253
[[1849   65]
 [  62   34]]
acc: 0.937
f1: 0.349
2,84,coarse : 16.14 seconds
2,84,fine : 16.15 seconds
[[1494  420]
 [  20   76]]
acc: 0.781
f1: 0.257
[[1848   66]
 [  60   36]]
acc: 0.937
f1: 0.364
2,85,coarse : 15.54 seconds
2,85,fine : 15.55 seconds
[[1494  420]
 [  20   76]]
acc: 0.781
f1: 0.257
[[1849   65]
 [  62   34]]
acc: 0.937
f1: 0.349
2,86,coarse : 16.73 seconds
2,86,fine : 16.75 seconds
[[1495  419]
 [  20   76]]
acc: 0.782
f1: 0.257
[[1851   63]
 [  64   32]]
acc: 0.937
f1: 0.335
2,87,coarse : 15.96 seconds
2,87,fine : 15.97 seconds
[[1488  426]
 [  19   77]]
acc: 0.779
f1: 0.257
[[1847   67]
 [  62   34]]
acc: 0.936
f1: 0.345
2,88,coarse : 17.05 seconds
2,88,fine : 17.07 seconds
[[1490  424]
 [  19   77]]
acc: 0.780
f1: 0.258
[[1847   67]
 [  62   34]]
acc: 0.936
f1: 0.345
2,89,coarse : 16.8 seconds
2,89,fine : 16.82 seconds
[[1496  418]
 [  21   75]]
acc: 0.782
f1: 0.255
[[1844   70]
 [  60   36]]
acc: 0.935
f1: 0.356
2,90,coarse : 16.95 seconds
2,90,fine : 16.97 seconds
[[1500  414]
 [  20   76]]
acc: 0.784
f1: 0.259
[[1844   70]
 [  59   37]]
acc: 0.936
f1: 0.365
2,91,coarse : 17.88 seconds
2,91,fine : 17.89 seconds
[[1496  418]
 [  20   76]]
acc: 0.782
f1: 0.258
[[1847   67]
 [  57   39]]
acc: 0.938
f1: 0.386
2,92,coarse : 16.73 seconds
2,92,fine : 16.75 seconds
[[1496  418]
 [  20   76]]
acc: 0.782
f1: 0.258
[[1848   66]
 [  57   39]]
acc: 0.939
f1: 0.388
2,93,coarse : 17.84 seconds
2,93,fine : 17.86 seconds
[[1495  419]
 [  20   76]]
acc: 0.782
f1: 0.257
[[1849   65]
 [  58   38]]
acc: 0.939
f1: 0.382
2,94,coarse : 17.99 seconds
2,94,fine : 18.0 seconds
[[1493  421]
 [  20   76]]
acc: 0.781
f1: 0.256
[[1848   66]
 [  57   39]]
acc: 0.939
f1: 0.388
2,95,coarse : 17.98 seconds
2,95,fine : 17.99 seconds
[[1492  422]
 [  21   75]]
acc: 0.780
f1: 0.253
[[1849   65]
 [  57   39]]
acc: 0.939
f1: 0.390
2,96,coarse : 19.01 seconds
2,96,fine : 19.02 seconds
[[1488  426]
 [  21   75]]
acc: 0.778
f1: 0.251
[[1850   64]
 [  57   39]]
acc: 0.940
f1: 0.392
2,97,coarse : 18.55 seconds
2,97,fine : 18.57 seconds
[[1488  426]
 [  21   75]]
acc: 0.778
f1: 0.251
[[1848   66]
 [  57   39]]
acc: 0.939
f1: 0.388
2,98,coarse : 18.83 seconds
2,98,fine : 18.85 seconds
[[1491  423]
 [  21   75]]
acc: 0.779
f1: 0.253
[[1848   66]
 [  57   39]]
acc: 0.939
f1: 0.388
2,99,coarse : 19.82 seconds
2,99,fine : 19.83 seconds
[[1484  430]
 [  22   74]]
acc: 0.775
f1: 0.247
[[1848   66]
 [  57   39]]
acc: 0.939
f1: 0.388
2,100,coarse : 21.07 seconds
2,100,fine : 21.08 seconds
[[1486  428]
 [  22   74]]
acc: 0.776
f1: 0.247
[[1850   64]
 [  59   37]]
acc: 0.939
f1: 0.376
2,101,coarse : 18.9 seconds
2,101,fine : 18.91 seconds
[[1488  426]
 [  22   74]]
acc: 0.777
f1: 0.248
[[1849   65]
 [  60   36]]
acc: 0.938
f1: 0.365
2,102,coarse : 20.15 seconds
2,102,fine : 20.17 seconds
[[1483  431]
 [  22   74]]
acc: 0.775
f1: 0.246
[[1850   64]
 [  59   37]]
acc: 0.939
f1: 0.376
2,103,coarse : 19.39 seconds
2,103,fine : 19.4 seconds
[[1489  425]
 [  21   75]]
acc: 0.778
f1: 0.252
[[1846   68]
 [  56   40]]
acc: 0.938
f1: 0.392
2,104,coarse : 19.46 seconds
2,104,fine : 19.48 seconds
[[1488  426]
 [  22   74]]
acc: 0.777
f1: 0.248
[[1851   63]
 [  58   38]]
acc: 0.940
f1: 0.386
2,105,coarse : 20.55 seconds
2,105,fine : 20.57 seconds
[[1483  431]
 [  21   75]]
acc: 0.775
f1: 0.249
[[1852   62]
 [  58   38]]
acc: 0.940
f1: 0.388
2,106,coarse : 20.52 seconds
2,106,fine : 20.54 seconds
[[1485  429]
 [  21   75]]
acc: 0.776
f1: 0.250
[[1852   62]
 [  59   37]]
acc: 0.940
f1: 0.379
2,107,coarse : 20.48 seconds
2,107,fine : 20.5 seconds
[[1486  428]
 [  22   74]]
acc: 0.776
f1: 0.247
[[1851   63]
 [  60   36]]
acc: 0.939
f1: 0.369
2,108,coarse : 21.22 seconds
2,108,fine : 21.24 seconds
[[1487  427]
 [  22   74]]
acc: 0.777
f1: 0.248
[[1852   62]
 [  59   37]]
acc: 0.940
f1: 0.379
2,109,coarse : 21.87 seconds
2,109,fine : 21.89 seconds
[[1487  427]
 [  21   75]]
acc: 0.777
f1: 0.251
[[1850   64]
 [  58   38]]
acc: 0.939
f1: 0.384
2,110,coarse : 21.4 seconds
2,110,fine : 21.42 seconds
[[1494  420]
 [  21   75]]
acc: 0.781
f1: 0.254
[[1849   65]
 [  57   39]]
acc: 0.939
f1: 0.390
2,111,coarse : 21.89 seconds
2,111,fine : 21.9 seconds
[[1479  435]
 [  22   74]]
acc: 0.773
f1: 0.245
[[1849   65]
 [  57   39]]
acc: 0.939
f1: 0.390
2,112,coarse : 22.07 seconds
2,112,fine : 22.09 seconds
[[1488  426]
 [  21   75]]
acc: 0.778
f1: 0.251
[[1850   64]
 [  57   39]]
acc: 0.940
f1: 0.392
2,113,coarse : 22.28 seconds
2,113,fine : 22.29 seconds
[[1490  424]
 [  21   75]]
acc: 0.779
f1: 0.252
[[1848   66]
 [  57   39]]
acc: 0.939
f1: 0.388
2,114,coarse : 21.84 seconds
2,114,fine : 21.86 seconds
[[1489  425]
 [  21   75]]
acc: 0.778
f1: 0.252
[[1849   65]
 [  55   41]]
acc: 0.940
f1: 0.406
2,115,coarse : 22.3 seconds
2,115,fine : 22.31 seconds
[[1493  421]
 [  22   74]]
acc: 0.780
f1: 0.250
[[1845   69]
 [  55   41]]
acc: 0.938
f1: 0.398
2,116,coarse : 22.92 seconds
2,116,fine : 22.94 seconds
[[1493  421]
 [  22   74]]
acc: 0.780
f1: 0.250
[[1846   68]
 [  55   41]]
acc: 0.939
f1: 0.400
2,117,coarse : 23.76 seconds
2,117,fine : 23.78 seconds
[[1493  421]
 [  22   74]]
acc: 0.780
f1: 0.250
[[1844   70]
 [  58   38]]
acc: 0.936
f1: 0.373
2,118,coarse : 22.92 seconds
2,118,fine : 22.94 seconds
[[1489  425]
 [  22   74]]
acc: 0.778
f1: 0.249
[[1842   72]
 [  57   39]]
acc: 0.936
f1: 0.377
2,119,coarse : 22.99 seconds
2,119,fine : 23.01 seconds
[[1491  423]
 [  20   76]]
acc: 0.780
f1: 0.255
[[1840   74]
 [  57   39]]
acc: 0.935
f1: 0.373
2,120,coarse : 23.09 seconds
2,120,fine : 23.1 seconds
[[1495  419]
 [  21   75]]
acc: 0.781
f1: 0.254
[[1843   71]
 [  56   40]]
acc: 0.937
f1: 0.386
2,121,coarse : 23.73 seconds
2,121,fine : 23.74 seconds
[[1495  419]
 [  21   75]]
acc: 0.781
f1: 0.254
[[1843   71]
 [  55   41]]
acc: 0.937
f1: 0.394
2,122,coarse : 24.14 seconds
2,122,fine : 24.16 seconds
[[1492  422]
 [  21   75]]
acc: 0.780
f1: 0.253
[[1842   72]
 [  56   40]]
acc: 0.936
f1: 0.385
2,123,coarse : 23.83 seconds
2,123,fine : 23.84 seconds
[[1489  425]
 [  21   75]]
acc: 0.778
f1: 0.252
[[1844   70]
 [  57   39]]
acc: 0.937
f1: 0.380
2,124,coarse : 25.03 seconds
2,124,fine : 25.04 seconds
[[1490  424]
 [  21   75]]
acc: 0.779
f1: 0.252
[[1845   69]
 [  56   40]]
acc: 0.938
f1: 0.390
2,125,coarse : 24.9 seconds
2,125,fine : 24.92 seconds
[[1490  424]
 [  21   75]]
acc: 0.779
f1: 0.252
[[1844   70]
 [  55   41]]
acc: 0.938
f1: 0.396
2,126,coarse : 24.86 seconds
2,126,fine : 24.88 seconds
[[1492  422]
 [  22   74]]
acc: 0.779
f1: 0.250
[[1845   69]
 [  57   39]]
acc: 0.937
f1: 0.382
2,127,coarse : 25.7 seconds
2,127,fine : 25.71 seconds
[[1494  420]
 [  22   74]]
acc: 0.780
f1: 0.251
[[1848   66]
 [  57   39]]
acc: 0.939
f1: 0.388
2,128,coarse : 25.62 seconds
2,128,fine : 25.64 seconds
[[1497  417]
 [  22   74]]
acc: 0.782
f1: 0.252
[[1843   71]
 [  57   39]]
acc: 0.936
f1: 0.379
2,129,coarse : 25.03 seconds
2,129,fine : 25.05 seconds
[[1495  419]
 [  21   75]]
acc: 0.781
f1: 0.254
[[1841   73]
 [  57   39]]
acc: 0.935
f1: 0.375
2,130,coarse : 26.28 seconds
2,130,fine : 26.3 seconds
[[1500  414]
 [  21   75]]
acc: 0.784
f1: 0.256
[[1844   70]
 [  56   40]]
acc: 0.937
f1: 0.388
2,131,coarse : 25.6 seconds
2,131,fine : 25.62 seconds
[[1497  417]
 [  21   75]]
acc: 0.782
f1: 0.255
[[1841   73]
 [  56   40]]
acc: 0.936
f1: 0.383
2,132,coarse : 25.97 seconds
2,132,fine : 25.99 seconds
[[1500  414]
 [  21   75]]
acc: 0.784
f1: 0.256
[[1841   73]
 [  56   40]]
acc: 0.936
f1: 0.383
2,133,coarse : 26.63 seconds
2,133,fine : 26.65 seconds
[[1502  412]
 [  21   75]]
acc: 0.785
f1: 0.257
[[1841   73]
 [  57   39]]
acc: 0.935
f1: 0.375
2,134,coarse : 26.27 seconds
2,134,fine : 26.29 seconds
[[1502  412]
 [  20   76]]
acc: 0.785
f1: 0.260
[[1842   72]
 [  56   40]]
acc: 0.936
f1: 0.385
2,135,coarse : 27.39 seconds
2,135,fine : 27.41 seconds
[[1506  408]
 [  20   76]]
acc: 0.787
f1: 0.262
[[1841   73]
 [  56   40]]
acc: 0.936
f1: 0.383
2,136,coarse : 27.31 seconds
2,136,fine : 27.33 seconds
[[1504  410]
 [  20   76]]
acc: 0.786
f1: 0.261
[[1841   73]
 [  56   40]]
acc: 0.936
f1: 0.383
2,137,coarse : 26.98 seconds
2,137,fine : 27.0 seconds
[[1496  418]
 [  19   77]]
acc: 0.783
f1: 0.261
[[1839   75]
 [  56   40]]
acc: 0.935
f1: 0.379
2,138,coarse : 26.63 seconds
2,138,fine : 26.65 seconds
[[1497  417]
 [  19   77]]
acc: 0.783
f1: 0.261
[[1838   76]
 [  55   41]]
acc: 0.935
f1: 0.385
2,139,coarse : 28.02 seconds
2,139,fine : 28.04 seconds
[[1499  415]
 [  19   77]]
acc: 0.784
f1: 0.262
[[1839   75]
 [  54   42]]
acc: 0.936
f1: 0.394
2,140,coarse : 28.08 seconds
2,140,fine : 28.1 seconds
[[1505  409]
 [  21   75]]
acc: 0.786
f1: 0.259
[[1839   75]
 [  54   42]]
acc: 0.936
f1: 0.394
2,141,coarse : 29.25 seconds
2,141,fine : 29.26 seconds
[[1501  413]
 [  21   75]]
acc: 0.784
f1: 0.257
[[1841   73]
 [  57   39]]
acc: 0.935
f1: 0.375
2,142,coarse : 29.33 seconds
2,142,fine : 29.35 seconds
[[1505  409]
 [  21   75]]
acc: 0.786
f1: 0.259
[[1838   76]
 [  56   40]]
acc: 0.934
f1: 0.377
2,143,coarse : 28.9 seconds
2,143,fine : 28.92 seconds
[[1500  414]
 [  21   75]]
acc: 0.784
f1: 0.256
[[1840   74]
 [  57   39]]
acc: 0.935
f1: 0.373
2,144,coarse : 29.92 seconds
2,144,fine : 29.94 seconds
[[1499  415]
 [  21   75]]
acc: 0.783
f1: 0.256
[[1841   73]
 [  58   38]]
acc: 0.935
f1: 0.367
2,145,coarse : 30.06 seconds
2,145,fine : 30.08 seconds
[[1500  414]
 [  21   75]]
acc: 0.784
f1: 0.256
[[1841   73]
 [  58   38]]
acc: 0.935
f1: 0.367
2,146,coarse : 29.93 seconds
2,146,fine : 29.95 seconds
[[1498  416]
 [  20   76]]
acc: 0.783
f1: 0.259
[[1844   70]
 [  57   39]]
acc: 0.937
f1: 0.380
2,147,coarse : 30.74 seconds
2,147,fine : 30.76 seconds
[[1501  413]
 [  21   75]]
acc: 0.784
f1: 0.257
[[1845   69]
 [  57   39]]
acc: 0.937
f1: 0.382
2,148,coarse : 30.29 seconds
2,148,fine : 30.31 seconds
[[1496  418]
 [  21   75]]
acc: 0.782
f1: 0.255
[[1843   71]
 [  57   39]]
acc: 0.936
f1: 0.379
2,149,coarse : 30.78 seconds
2,149,fine : 30.8 seconds
[[1497  417]
 [  23   73]]
acc: 0.781
f1: 0.249
[[1842   72]
 [  58   38]]
acc: 0.935
f1: 0.369
2,150,coarse : 32.25 seconds
2,150,fine : 32.27 seconds
[[1498  416]
 [  21   75]]
acc: 0.783
f1: 0.256
[[1842   72]
 [  57   39]]
acc: 0.936
f1: 0.377
2,151,coarse : 31.28 seconds
2,151,fine : 31.3 seconds
[[1501  413]
 [  22   74]]
acc: 0.784
f1: 0.254
[[1843   71]
 [  55   41]]
acc: 0.937
f1: 0.394
2,152,coarse : 31.4 seconds
2,152,fine : 31.42 seconds
[[1502  412]
 [  22   74]]
acc: 0.784
f1: 0.254
[[1846   68]
 [  54   42]]
acc: 0.939
f1: 0.408
2,153,coarse : 32.51 seconds
2,153,fine : 32.54 seconds
[[1503  411]
 [  22   74]]
acc: 0.785
f1: 0.255
[[1845   69]
 [  56   40]]
acc: 0.938
f1: 0.390
2,154,coarse : 32.0 seconds
2,154,fine : 32.02 seconds
[[1501  413]
 [  22   74]]
acc: 0.784
f1: 0.254
[[1845   69]
 [  56   40]]
acc: 0.938
f1: 0.390
2,155,coarse : 31.96 seconds
2,155,fine : 31.98 seconds
[[1500  414]
 [  22   74]]
acc: 0.783
f1: 0.253
[[1843   71]
 [  55   41]]
acc: 0.937
f1: 0.394
2,156,coarse : 32.96 seconds
2,156,fine : 32.98 seconds
[[1499  415]
 [  22   74]]
acc: 0.783
f1: 0.253
[[1849   65]
 [  54   42]]
acc: 0.941
f1: 0.414
2,157,coarse : 32.85 seconds
2,157,fine : 32.88 seconds
[[1501  413]
 [  22   74]]
acc: 0.784
f1: 0.254
[[1846   68]
 [  54   42]]
acc: 0.939
f1: 0.408
2,158,coarse : 33.06 seconds
2,158,fine : 33.09 seconds
[[1505  409]
 [  21   75]]
acc: 0.786
f1: 0.259
[[1847   67]
 [  54   42]]
acc: 0.940
f1: 0.410
2,159,coarse : 33.39 seconds
2,159,fine : 33.41 seconds
[[1506  408]
 [  21   75]]
acc: 0.787
f1: 0.259
[[1845   69]
 [  54   42]]
acc: 0.939
f1: 0.406
2,160,coarse : 33.58 seconds
2,160,fine : 33.61 seconds
[[1506  408]
 [  21   75]]
acc: 0.787
f1: 0.259
[[1846   68]
 [  54   42]]
acc: 0.939
f1: 0.408
2,161,coarse : 33.39 seconds
2,161,fine : 33.41 seconds
[[1512  402]
 [  22   74]]
acc: 0.789
f1: 0.259
[[1846   68]
 [  54   42]]
acc: 0.939
f1: 0.408
2,162,coarse : 34.19 seconds
2,162,fine : 34.22 seconds
[[1514  400]
 [  21   75]]
acc: 0.791
f1: 0.263
[[1844   70]
 [  53   43]]
acc: 0.939
f1: 0.411
2,163,coarse : 33.81 seconds
2,163,fine : 33.83 seconds
[[1504  410]
 [  21   75]]
acc: 0.786
f1: 0.258
[[1841   73]
 [  55   41]]
acc: 0.936
f1: 0.390
2,164,coarse : 35.32 seconds
2,164,fine : 35.34 seconds
[[1507  407]
 [  20   76]]
acc: 0.788
f1: 0.263
[[1840   74]
 [  56   40]]
acc: 0.935
f1: 0.381
2,165,coarse : 34.74 seconds
2,165,fine : 34.76 seconds
[[1500  414]
 [  20   76]]
acc: 0.784
f1: 0.259
[[1841   73]
 [  56   40]]
acc: 0.936
f1: 0.383
2,166,coarse : 35.49 seconds
2,166,fine : 35.51 seconds
[[1500  414]
 [  20   76]]
acc: 0.784
f1: 0.259
[[1842   72]
 [  55   41]]
acc: 0.937
f1: 0.392
2,167,coarse : 35.58 seconds
2,167,fine : 35.61 seconds
[[1502  412]
 [  20   76]]
acc: 0.785
f1: 0.260
[[1841   73]
 [  54   42]]
acc: 0.937
f1: 0.398
2,168,coarse : 36.25 seconds
2,168,fine : 36.27 seconds
[[1501  413]
 [  20   76]]
acc: 0.785
f1: 0.260
[[1842   72]
 [  55   41]]
acc: 0.937
f1: 0.392
2,169,coarse : 35.75 seconds
2,169,fine : 35.78 seconds
[[1498  416]
 [  20   76]]
acc: 0.783
f1: 0.259
[[1842   72]
 [  55   41]]
acc: 0.937
f1: 0.392
2,170,coarse : 35.82 seconds
2,170,fine : 35.84 seconds
[[1499  415]
 [  20   76]]
acc: 0.784
f1: 0.259
[[1842   72]
 [  54   42]]
acc: 0.937
f1: 0.400
2,171,coarse : 36.46 seconds
2,171,fine : 36.49 seconds
[[1503  411]
 [  21   75]]
acc: 0.785
f1: 0.258
[[1841   73]
 [  55   41]]
acc: 0.936
f1: 0.390
2,172,coarse : 37.94 seconds
2,172,fine : 37.97 seconds
