all           0      1    2    3    4    5    6    7    8    
1      2010   1914   1    19   32   19   1    11   6    7    
2      2010   1914   1    19   32   19   1    11   6    7    
3      2010   1914   1    19   32   19   1    11   5    8    
4      2010   1914   1    19   32   19   1    10   6    8    
5      2010   1914   1    18   33   19   1    10   6    8    
6      2010   1914   1    18   33   19   1    10   6    8    
7      2010   1913   2    18   33   19   1    10   6    8    
8      2010   1913   2    18   33   19   1    10   6    8    
9      2009   1913   2    18   32   19   2    10   6    7    
10     2009   1913   1    19   32   19   1    11   6    7    
Total  20098  19136  13   185  324  190  11   104  59   76   
train         0      1    2    3    4    5    6    7    8    
2      2010   1914   1    19   32   19   1    11   6    7    
3      2010   1914   1    19   32   19   1    11   5    8    
4      2010   1914   1    19   32   19   1    10   6    8    
5      2010   1914   1    18   33   19   1    10   6    8    
6      2010   1914   1    18   33   19   1    10   6    8    
7      2010   1913   2    18   33   19   1    10   6    8    
8      2010   1913   2    18   33   19   1    10   6    8    
9      2009   1913   2    18   32   19   2    10   6    7    
10     2009   1913   1    19   32   19   1    11   6    7    
Total  18088  17222  12   166  292  171  10   93   53   69   
test          0      1    2    3    4    5    6    7    8    
1      2010   1914   1    19   32   19   1    11   6    7    
Total  2010   1914   1    19   32   19   1    11   6    7    
Classes             
0         17222     
1         12        
2         166       
3         292       
4         171       
5         10        
6         93        
7         53        
8         69        
Total     18088     

Shape: 450       

[952, 10, 11, 16, 11, 10, 10, 10, 10]
Sum start => 1040
[[1363  551]
 [  17   79]]
acc: 0.717
f1: 0.218
[[1887   27]
 [  85   11]]
acc: 0.944
f1: 0.164
1,1,coarse : 27.85 seconds
1,1,fine : 27.86 seconds
[[1363  551]
 [  17   79]]
acc: 0.717
f1: 0.218
[[1887   27]
 [  85   11]]
acc: 0.944
f1: 0.164
1,2,coarse : 29.41 seconds
1,2,fine : 29.41 seconds
[[1410  504]
 [  18   78]]
acc: 0.740
f1: 0.230
[[1907    7]
 [  93    3]]
acc: 0.950
f1: 0.057
1,3,coarse : 28.34 seconds
1,3,fine : 28.34 seconds
[[1456  458]
 [  19   77]]
acc: 0.763
f1: 0.244
[[1905    9]
 [  91    5]]
acc: 0.950
f1: 0.091
1,4,coarse : 27.93 seconds
1,4,fine : 27.94 seconds
[[1454  460]
 [  18   78]]
acc: 0.762
f1: 0.246
[[1909    5]
 [  91    5]]
acc: 0.952
f1: 0.094
1,5,coarse : 28.1 seconds
1,5,fine : 28.1 seconds
[[1491  423]
 [  21   75]]
acc: 0.779
f1: 0.253
[[1910    4]
 [  91    5]]
acc: 0.953
f1: 0.095
1,6,coarse : 27.77 seconds
1,6,fine : 27.77 seconds
[[1492  422]
 [  19   77]]
acc: 0.781
f1: 0.259
[[1909    5]
 [  91    5]]
acc: 0.952
f1: 0.094
1,7,coarse : 27.66 seconds
1,7,fine : 27.67 seconds
[[1489  425]
 [  16   80]]
acc: 0.781
f1: 0.266
[[1910    4]
 [  91    5]]
acc: 0.953
f1: 0.095
1,8,coarse : 28.03 seconds
1,8,fine : 28.04 seconds
[[1507  407]
 [  19   77]]
acc: 0.788
f1: 0.266
[[1907    7]
 [  91    5]]
acc: 0.951
f1: 0.093
1,9,coarse : 27.55 seconds
1,9,fine : 27.56 seconds
[[1518  396]
 [  19   77]]
acc: 0.794
f1: 0.271
[[1907    7]
 [  90    6]]
acc: 0.952
f1: 0.110
1,10,coarse : 27.39 seconds
1,10,fine : 27.39 seconds
[[1532  382]
 [  20   76]]
acc: 0.800
f1: 0.274
[[1909    5]
 [  88    8]]
acc: 0.954
f1: 0.147
1,11,coarse : 27.66 seconds
1,11,fine : 27.67 seconds
[[1532  382]
 [  21   75]]
acc: 0.800
f1: 0.271
[[1909    5]
 [  88    8]]
acc: 0.954
f1: 0.147
1,12,coarse : 27.93 seconds
1,12,fine : 27.93 seconds
[[1530  384]
 [  18   78]]
acc: 0.800
f1: 0.280
[[1907    7]
 [  85   11]]
acc: 0.954
f1: 0.193
1,13,coarse : 27.37 seconds
1,13,fine : 27.37 seconds
[[1539  375]
 [  20   76]]
acc: 0.803
f1: 0.278
[[1908    6]
 [  84   12]]
acc: 0.955
f1: 0.211
1,14,coarse : 27.83 seconds
1,14,fine : 27.84 seconds
[[1536  378]
 [  20   76]]
acc: 0.802
f1: 0.276
[[1907    7]
 [  83   13]]
acc: 0.955
f1: 0.224
1,15,coarse : 27.39 seconds
1,15,fine : 27.4 seconds
[[1545  369]
 [  21   75]]
acc: 0.806
f1: 0.278
[[1909    5]
 [  83   13]]
acc: 0.956
f1: 0.228
1,16,coarse : 27.28 seconds
1,16,fine : 27.29 seconds
[[1547  367]
 [  21   75]]
acc: 0.807
f1: 0.279
[[1907    7]
 [  83   13]]
acc: 0.955
f1: 0.224
1,17,coarse : 27.54 seconds
1,17,fine : 27.54 seconds
[[1545  369]
 [  19   77]]
acc: 0.807
f1: 0.284
[[1908    6]
 [  83   13]]
acc: 0.956
f1: 0.226
1,18,coarse : 27.12 seconds
1,18,fine : 27.13 seconds
[[1545  369]
 [  22   74]]
acc: 0.805
f1: 0.275
[[1908    6]
 [  82   14]]
acc: 0.956
f1: 0.241
1,19,coarse : 27.2 seconds
1,19,fine : 27.21 seconds
[[1533  381]
 [  18   78]]
acc: 0.801
f1: 0.281
[[1908    6]
 [  82   14]]
acc: 0.956
f1: 0.241
1,20,coarse : 27.62 seconds
1,20,fine : 27.62 seconds
[[1537  377]
 [  20   76]]
acc: 0.802
f1: 0.277
[[1908    6]
 [  82   14]]
acc: 0.956
f1: 0.241
1,21,coarse : 27.24 seconds
1,21,fine : 27.24 seconds
[[1552  362]
 [  19   77]]
acc: 0.810
f1: 0.288
[[1907    7]
 [  83   13]]
acc: 0.955
f1: 0.224
1,22,coarse : 27.09 seconds
1,22,fine : 27.1 seconds
[[1556  358]
 [  18   78]]
acc: 0.813
f1: 0.293
[[1907    7]
 [  83   13]]
acc: 0.955
f1: 0.224
1,23,coarse : 27.61 seconds
1,23,fine : 27.62 seconds
[[1555  359]
 [  18   78]]
acc: 0.812
f1: 0.293
[[1908    6]
 [  82   14]]
acc: 0.956
f1: 0.241
1,24,coarse : 27.16 seconds
1,24,fine : 27.17 seconds
[[1555  359]
 [  19   77]]
acc: 0.812
f1: 0.289
[[1906    8]
 [  81   15]]
acc: 0.956
f1: 0.252
1,25,coarse : 27.12 seconds
1,25,fine : 27.13 seconds
[[1548  366]
 [  17   79]]
acc: 0.809
f1: 0.292
[[1907    7]
 [  81   15]]
acc: 0.956
f1: 0.254
1,26,coarse : 27.91 seconds
1,26,fine : 27.91 seconds
[[1549  365]
 [  16   80]]
acc: 0.810
f1: 0.296
[[1905    9]
 [  81   15]]
acc: 0.955
f1: 0.250
1,27,coarse : 27.64 seconds
1,27,fine : 27.64 seconds
[[1539  375]
 [  16   80]]
acc: 0.805
f1: 0.290
[[1905    9]
 [  81   15]]
acc: 0.955
f1: 0.250
1,28,coarse : 27.41 seconds
1,28,fine : 27.41 seconds
[[1542  372]
 [  16   80]]
acc: 0.807
f1: 0.292
[[1905    9]
 [  81   15]]
acc: 0.955
f1: 0.250
1,29,coarse : 27.59 seconds
1,29,fine : 27.6 seconds
[[1545  369]
 [  17   79]]
acc: 0.808
f1: 0.290
[[1905    9]
 [  81   15]]
acc: 0.955
f1: 0.250
1,30,coarse : 27.88 seconds
1,30,fine : 27.89 seconds
[[1553  361]
 [  16   80]]
acc: 0.812
f1: 0.298
[[1905    9]
 [  79   17]]
acc: 0.956
f1: 0.279
1,31,coarse : 27.4 seconds
1,31,fine : 27.4 seconds
[[1546  368]
 [  16   80]]
acc: 0.809
f1: 0.294
[[1905    9]
 [  79   17]]
acc: 0.956
f1: 0.279
1,32,coarse : 27.28 seconds
1,32,fine : 27.29 seconds
[[1545  369]
 [  15   81]]
acc: 0.809
f1: 0.297
[[1904   10]
 [  78   18]]
acc: 0.956
f1: 0.290
1,33,coarse : 27.45 seconds
1,33,fine : 27.46 seconds
[[1541  373]
 [  14   82]]
acc: 0.807
f1: 0.298
[[1905    9]
 [  78   18]]
acc: 0.957
f1: 0.293
1,34,coarse : 26.83 seconds
1,34,fine : 26.84 seconds
[[1544  370]
 [  16   80]]
acc: 0.808
f1: 0.293
[[1905    9]
 [  79   17]]
acc: 0.956
f1: 0.279
1,35,coarse : 26.96 seconds
1,35,fine : 26.97 seconds
[[1535  379]
 [  15   81]]
acc: 0.804
f1: 0.291
[[1904   10]
 [  79   17]]
acc: 0.956
f1: 0.276
1,36,coarse : 27.41 seconds
1,36,fine : 27.42 seconds
[[1529  385]
 [  15   81]]
acc: 0.801
f1: 0.288
[[1904   10]
 [  79   17]]
acc: 0.956
f1: 0.276
1,37,coarse : 26.66 seconds
1,37,fine : 26.67 seconds
[[1531  383]
 [  15   81]]
acc: 0.802
f1: 0.289
[[1904   10]
 [  79   17]]
acc: 0.956
f1: 0.276
1,38,coarse : 26.81 seconds
1,38,fine : 26.82 seconds
[[1536  378]
 [  15   81]]
acc: 0.804
f1: 0.292
[[1903   11]
 [  78   18]]
acc: 0.956
f1: 0.288
1,39,coarse : 26.91 seconds
1,39,fine : 26.91 seconds
[[1541  373]
 [  15   81]]
acc: 0.807
f1: 0.295
[[1903   11]
 [  77   19]]
acc: 0.956
f1: 0.302
1,40,coarse : 27.16 seconds
1,40,fine : 27.17 seconds
[[1553  361]
 [  15   81]]
acc: 0.813
f1: 0.301
[[1902   12]
 [  77   19]]
acc: 0.956
f1: 0.299
1,41,coarse : 26.89 seconds
1,41,fine : 26.9 seconds
[[1556  358]
 [  15   81]]
acc: 0.814
f1: 0.303
[[1901   13]
 [  76   20]]
acc: 0.956
f1: 0.310
1,42,coarse : 26.85 seconds
1,42,fine : 26.86 seconds
[[1556  358]
 [  15   81]]
acc: 0.814
f1: 0.303
[[1901   13]
 [  75   21]]
acc: 0.956
f1: 0.323
1,43,coarse : 27.13 seconds
1,43,fine : 27.14 seconds
[[1556  358]
 [  15   81]]
acc: 0.814
f1: 0.303
[[1900   14]
 [  75   21]]
acc: 0.956
f1: 0.321
1,44,coarse : 26.77 seconds
1,44,fine : 26.78 seconds
[[1551  363]
 [  15   81]]
acc: 0.812
f1: 0.300
[[1899   15]
 [  75   21]]
acc: 0.955
f1: 0.318
1,45,coarse : 26.86 seconds
1,45,fine : 26.86 seconds
[[1553  361]
 [  16   80]]
acc: 0.812
f1: 0.298
[[1899   15]
 [  73   23]]
acc: 0.956
f1: 0.343
1,46,coarse : 26.98 seconds
1,46,fine : 26.99 seconds
[[1553  361]
 [  16   80]]
acc: 0.812
f1: 0.298
[[1899   15]
 [  73   23]]
acc: 0.956
f1: 0.343
1,47,coarse : 27.02 seconds
1,47,fine : 27.03 seconds
[[1553  361]
 [  15   81]]
acc: 0.813
f1: 0.301
[[1899   15]
 [  71   25]]
acc: 0.957
f1: 0.368
1,48,coarse : 26.62 seconds
1,48,fine : 26.63 seconds
[[1551  363]
 [  14   82]]
acc: 0.812
f1: 0.303
[[1899   15]
 [  72   24]]
acc: 0.957
f1: 0.356
1,49,coarse : 27.14 seconds
1,49,fine : 27.15 seconds
[[1554  360]
 [  14   82]]
acc: 0.814
f1: 0.305
[[1899   15]
 [  71   25]]
acc: 0.957
f1: 0.368
1,50,coarse : 29.26 seconds
1,50,fine : 29.27 seconds
[[1552  362]
 [  15   81]]
acc: 0.812
f1: 0.301
[[1897   17]
 [  71   25]]
acc: 0.956
f1: 0.362
1,51,coarse : 27.15 seconds
1,51,fine : 27.16 seconds
[[1546  368]
 [  16   80]]
acc: 0.809
f1: 0.294
[[1897   17]
 [  70   26]]
acc: 0.957
f1: 0.374
1,52,coarse : 27.31 seconds
1,52,fine : 27.32 seconds
[[1550  364]
 [  16   80]]
acc: 0.811
f1: 0.296
[[1896   18]
 [  71   25]]
acc: 0.956
f1: 0.360
1,53,coarse : 27.98 seconds
1,53,fine : 27.99 seconds
[[1552  362]
 [  16   80]]
acc: 0.812
f1: 0.297
[[1895   19]
 [  70   26]]
acc: 0.956
f1: 0.369
1,54,coarse : 27.51 seconds
1,54,fine : 27.52 seconds
[[1553  361]
 [  15   81]]
acc: 0.813
f1: 0.301
[[1895   19]
 [  69   27]]
acc: 0.956
f1: 0.380
1,55,coarse : 27.42 seconds
1,55,fine : 27.43 seconds
[[1554  360]
 [  15   81]]
acc: 0.813
f1: 0.302
[[1895   19]
 [  68   28]]
acc: 0.957
f1: 0.392
1,56,coarse : 27.65 seconds
1,56,fine : 27.66 seconds
[[1556  358]
 [  15   81]]
acc: 0.814
f1: 0.303
[[1895   19]
 [  67   29]]
acc: 0.957
f1: 0.403
1,57,coarse : 28.23 seconds
1,57,fine : 28.24 seconds
[[1559  355]
 [  16   80]]
acc: 0.815
f1: 0.301
[[1896   18]
 [  67   29]]
acc: 0.958
f1: 0.406
1,58,coarse : 27.74 seconds
1,58,fine : 27.76 seconds
[[1548  366]
 [  17   79]]
acc: 0.809
f1: 0.292
[[1894   20]
 [  67   29]]
acc: 0.957
f1: 0.400
1,59,coarse : 27.85 seconds
1,59,fine : 27.86 seconds
[[1547  367]
 [  16   80]]
acc: 0.809
f1: 0.295
[[1894   20]
 [  68   28]]
acc: 0.956
f1: 0.389
1,60,coarse : 27.89 seconds
1,60,fine : 27.9 seconds
[[1544  370]
 [  16   80]]
acc: 0.808
f1: 0.293
[[1894   20]
 [  68   28]]
acc: 0.956
f1: 0.389
1,61,coarse : 27.35 seconds
1,61,fine : 27.36 seconds
[[1552  362]
 [  15   81]]
acc: 0.812
f1: 0.301
[[1894   20]
 [  68   28]]
acc: 0.956
f1: 0.389
1,62,coarse : 28.16 seconds
1,62,fine : 28.17 seconds
[[1550  364]
 [  15   81]]
acc: 0.811
f1: 0.299
[[1894   20]
 [  68   28]]
acc: 0.956
f1: 0.389
1,63,coarse : 27.86 seconds
1,63,fine : 27.87 seconds
[[1547  367]
 [  16   80]]
acc: 0.809
f1: 0.295
[[1894   20]
 [  68   28]]
acc: 0.956
f1: 0.389
1,64,coarse : 28.0 seconds
1,64,fine : 28.01 seconds
[[1547  367]
 [  15   81]]
acc: 0.810
f1: 0.298
[[1893   21]
 [  68   28]]
acc: 0.956
f1: 0.386
1,65,coarse : 27.78 seconds
1,65,fine : 27.79 seconds
[[1539  375]
 [  15   81]]
acc: 0.806
f1: 0.293
[[1892   22]
 [  67   29]]
acc: 0.956
f1: 0.395
1,66,coarse : 28.2 seconds
1,66,fine : 28.21 seconds
[[1540  374]
 [  15   81]]
acc: 0.806
f1: 0.294
[[1891   23]
 [  67   29]]
acc: 0.955
f1: 0.392
1,67,coarse : 27.83 seconds
1,67,fine : 27.84 seconds
[[1543  371]
 [  15   81]]
acc: 0.808
f1: 0.296
[[1891   23]
 [  67   29]]
acc: 0.955
f1: 0.392
1,68,coarse : 27.93 seconds
1,68,fine : 27.94 seconds
[[1542  372]
 [  15   81]]
acc: 0.807
f1: 0.295
[[1890   24]
 [  65   31]]
acc: 0.956
f1: 0.411
1,69,coarse : 27.93 seconds
1,69,fine : 27.94 seconds
[[1535  379]
 [  15   81]]
acc: 0.804
f1: 0.291
[[1889   25]
 [  64   32]]
acc: 0.956
f1: 0.418
1,70,coarse : 28.29 seconds
1,70,fine : 28.3 seconds
[[1536  378]
 [  15   81]]
acc: 0.804
f1: 0.292
[[1888   26]
 [  62   34]]
acc: 0.956
f1: 0.436
1,71,coarse : 28.47 seconds
1,71,fine : 28.48 seconds
[[1539  375]
 [  13   83]]
acc: 0.807
f1: 0.300
[[1886   28]
 [  62   34]]
acc: 0.955
f1: 0.430
1,72,coarse : 28.37 seconds
1,72,fine : 28.38 seconds
[[1539  375]
 [  14   82]]
acc: 0.806
f1: 0.297
[[1886   28]
 [  62   34]]
acc: 0.955
f1: 0.430
1,73,coarse : 28.71 seconds
1,73,fine : 28.73 seconds
[[1536  378]
 [  16   80]]
acc: 0.804
f1: 0.289
[[1886   28]
 [  62   34]]
acc: 0.955
f1: 0.430
1,74,coarse : 28.16 seconds
1,74,fine : 28.17 seconds
[[1540  374]
 [  17   79]]
acc: 0.805
f1: 0.288
[[1884   30]
 [  62   34]]
acc: 0.954
f1: 0.425
1,75,coarse : 29.26 seconds
1,75,fine : 29.27 seconds
[[1537  377]
 [  15   81]]
acc: 0.805
f1: 0.292
[[1883   31]
 [  62   34]]
acc: 0.954
f1: 0.422
1,76,coarse : 28.91 seconds
1,76,fine : 28.92 seconds
[[1543  371]
 [  16   80]]
acc: 0.807
f1: 0.293
[[1883   31]
 [  62   34]]
acc: 0.954
f1: 0.422
1,77,coarse : 28.98 seconds
1,77,fine : 28.99 seconds
[[1543  371]
 [  16   80]]
acc: 0.807
f1: 0.293
[[1882   32]
 [  62   34]]
acc: 0.953
f1: 0.420
1,78,coarse : 29.11 seconds
1,78,fine : 29.13 seconds
[[1543  371]
 [  14   82]]
acc: 0.808
f1: 0.299
[[1881   33]
 [  62   34]]
acc: 0.953
f1: 0.417
1,79,coarse : 29.34 seconds
1,79,fine : 29.36 seconds
[[1537  377]
 [  14   82]]
acc: 0.805
f1: 0.295
[[1881   33]
 [  61   35]]
acc: 0.953
f1: 0.427
1,80,coarse : 29.66 seconds
1,80,fine : 29.68 seconds
[[1538  376]
 [  15   81]]
acc: 0.805
f1: 0.293
[[1880   34]
 [  61   35]]
acc: 0.953
f1: 0.424
1,81,coarse : 29.12 seconds
1,81,fine : 29.13 seconds
[[1541  373]
 [  15   81]]
acc: 0.807
f1: 0.295
[[1878   36]
 [  60   36]]
acc: 0.952
f1: 0.429
1,82,coarse : 28.73 seconds
1,82,fine : 28.75 seconds
[[1542  372]
 [  15   81]]
acc: 0.807
f1: 0.295
[[1877   37]
 [  60   36]]
acc: 0.952
f1: 0.426
1,83,coarse : 28.48 seconds
1,83,fine : 28.49 seconds
[[1541  373]
 [  13   83]]
acc: 0.808
f1: 0.301
[[1876   38]
 [  60   36]]
acc: 0.951
f1: 0.424
1,84,coarse : 28.49 seconds
1,84,fine : 28.51 seconds
[[1545  369]
 [  15   81]]
acc: 0.809
f1: 0.297
[[1877   37]
 [  59   37]]
acc: 0.952
f1: 0.435
1,85,coarse : 28.25 seconds
1,85,fine : 28.27 seconds
[[1539  375]
 [  14   82]]
acc: 0.806
f1: 0.297
[[1877   37]
 [  59   37]]
acc: 0.952
f1: 0.435
1,86,coarse : 28.72 seconds
1,86,fine : 28.73 seconds
[[1537  377]
 [  14   82]]
acc: 0.805
f1: 0.295
[[1875   39]
 [  59   37]]
acc: 0.951
f1: 0.430
1,87,coarse : 28.17 seconds
1,87,fine : 28.18 seconds
[[1542  372]
 [  14   82]]
acc: 0.808
f1: 0.298
[[1875   39]
 [  59   37]]
acc: 0.951
f1: 0.430
1,88,coarse : 28.38 seconds
1,88,fine : 28.4 seconds
[[1533  381]
 [  15   81]]
acc: 0.803
f1: 0.290
[[1874   40]
 [  59   37]]
acc: 0.951
f1: 0.428
1,89,coarse : 28.27 seconds
1,89,fine : 28.28 seconds
[[1534  380]
 [  15   81]]
acc: 0.803
f1: 0.291
[[1873   41]
 [  59   37]]
acc: 0.950
f1: 0.425
1,90,coarse : 28.58 seconds
1,90,fine : 28.59 seconds
[[1539  375]
 [  13   83]]
acc: 0.807
f1: 0.300
[[1871   43]
 [  58   38]]
acc: 0.950
f1: 0.429
1,91,coarse : 28.76 seconds
1,91,fine : 28.77 seconds
[[1538  376]
 [  14   82]]
acc: 0.806
f1: 0.296
[[1869   45]
 [  58   38]]
acc: 0.949
f1: 0.425
1,92,coarse : 29.59 seconds
1,92,fine : 29.61 seconds
[[1538  376]
 [  14   82]]
acc: 0.806
f1: 0.296
[[1868   46]
 [  57   39]]
acc: 0.949
f1: 0.431
1,93,coarse : 29.65 seconds
1,93,fine : 29.66 seconds
[[1540  374]
 [  15   81]]
acc: 0.806
f1: 0.294
[[1867   47]
 [  56   40]]
acc: 0.949
f1: 0.437
1,94,coarse : 29.87 seconds
1,94,fine : 29.88 seconds
[[1541  373]
 [  15   81]]
acc: 0.807
f1: 0.295
[[1866   48]
 [  56   40]]
acc: 0.948
f1: 0.435
1,95,coarse : 29.67 seconds
1,95,fine : 29.68 seconds
[[1540  374]
 [  14   82]]
acc: 0.807
f1: 0.297
[[1866   48]
 [  55   41]]
acc: 0.949
f1: 0.443
1,96,coarse : 30.04 seconds
1,96,fine : 30.05 seconds
[[1542  372]
 [  14   82]]
acc: 0.808
f1: 0.298
[[1866   48]
 [  55   41]]
acc: 0.949
f1: 0.443
1,97,coarse : 29.9 seconds
1,97,fine : 29.92 seconds
[[1542  372]
 [  14   82]]
acc: 0.808
f1: 0.298
[[1865   49]
 [  55   41]]
acc: 0.948
f1: 0.441
1,98,coarse : 30.43 seconds
1,98,fine : 30.45 seconds
[[1543  371]
 [  14   82]]
acc: 0.808
f1: 0.299
[[1865   49]
 [  54   42]]
acc: 0.949
f1: 0.449
1,99,coarse : 30.44 seconds
1,99,fine : 30.46 seconds
[[1542  372]
 [  14   82]]
acc: 0.808
f1: 0.298
[[1865   49]
 [  54   42]]
acc: 0.949
f1: 0.449
1,100,coarse : 32.59 seconds
1,100,fine : 32.6 seconds
[[1541  373]
 [  14   82]]
acc: 0.807
f1: 0.298
[[1865   49]
 [  54   42]]
acc: 0.949
f1: 0.449
1,101,coarse : 30.95 seconds
1,101,fine : 30.97 seconds
[[1543  371]
 [  14   82]]
acc: 0.808
f1: 0.299
[[1865   49]
 [  54   42]]
acc: 0.949
f1: 0.449
1,102,coarse : 31.8 seconds
1,102,fine : 31.82 seconds
[[1540  374]
 [  14   82]]
acc: 0.807
f1: 0.297
[[1864   50]
 [  51   45]]
acc: 0.950
f1: 0.471
1,103,coarse : 31.43 seconds
1,103,fine : 31.44 seconds
[[1541  373]
 [  14   82]]
acc: 0.807
f1: 0.298
[[1864   50]
 [  50   46]]
acc: 0.950
f1: 0.479
1,104,coarse : 31.54 seconds
1,104,fine : 31.55 seconds
[[1540  374]
 [  14   82]]
acc: 0.807
f1: 0.297
[[1863   51]
 [  50   46]]
acc: 0.950
f1: 0.477
1,105,coarse : 31.22 seconds
1,105,fine : 31.23 seconds
[[1543  371]
 [  14   82]]
acc: 0.808
f1: 0.299
[[1863   51]
 [  50   46]]
acc: 0.950
f1: 0.477
1,106,coarse : 30.8 seconds
1,106,fine : 30.81 seconds
[[1545  369]
 [  14   82]]
acc: 0.809
f1: 0.300
[[1863   51]
 [  50   46]]
acc: 0.950
f1: 0.477
1,107,coarse : 30.84 seconds
1,107,fine : 30.86 seconds
[[1537  377]
 [  13   83]]
acc: 0.806
f1: 0.299
[[1863   51]
 [  50   46]]
acc: 0.950
f1: 0.477
1,108,coarse : 30.74 seconds
1,108,fine : 30.75 seconds
[[1539  375]
 [  13   83]]
acc: 0.807
f1: 0.300
[[1863   51]
 [  50   46]]
acc: 0.950
f1: 0.477
1,109,coarse : 30.91 seconds
1,109,fine : 30.93 seconds
[[1528  386]
 [  13   83]]
acc: 0.801
f1: 0.294
[[1862   52]
 [  50   46]]
acc: 0.949
f1: 0.474
1,110,coarse : 31.56 seconds
1,110,fine : 31.58 seconds
[[1526  388]
 [  13   83]]
acc: 0.800
f1: 0.293
[[1862   52]
 [  50   46]]
acc: 0.949
f1: 0.474
1,111,coarse : 30.84 seconds
1,111,fine : 30.86 seconds
[[1530  384]
 [  13   83]]
acc: 0.802
f1: 0.295
[[1862   52]
 [  50   46]]
acc: 0.949
f1: 0.474
1,112,coarse : 30.51 seconds
1,112,fine : 30.52 seconds
[[1524  390]
 [  14   82]]
acc: 0.799
f1: 0.289
[[1862   52]
 [  50   46]]
acc: 0.949
f1: 0.474
1,113,coarse : 31.25 seconds
1,113,fine : 31.27 seconds
[[1522  392]
 [  14   82]]
acc: 0.798
f1: 0.288
[[1862   52]
 [  50   46]]
acc: 0.949
f1: 0.474
1,114,coarse : 31.23 seconds
1,114,fine : 31.24 seconds
[[1520  394]
 [  14   82]]
acc: 0.797
f1: 0.287
[[1862   52]
 [  50   46]]
acc: 0.949
f1: 0.474
1,115,coarse : 30.8 seconds
1,115,fine : 30.81 seconds
[[1516  398]
 [  13   83]]
acc: 0.796
f1: 0.288
[[1862   52]
 [  49   47]]
acc: 0.950
f1: 0.482
1,116,coarse : 31.09 seconds
1,116,fine : 31.1 seconds
[[1515  399]
 [  13   83]]
acc: 0.795
f1: 0.287
[[1862   52]
 [  49   47]]
acc: 0.950
f1: 0.482
1,117,coarse : 31.03 seconds
1,117,fine : 31.05 seconds
[[1516  398]
 [  14   82]]
acc: 0.795
f1: 0.285
[[1860   54]
 [  50   46]]
acc: 0.948
f1: 0.469
1,118,coarse : 32.21 seconds
1,118,fine : 32.23 seconds
[[1514  400]
 [  14   82]]
acc: 0.794
f1: 0.284
[[1860   54]
 [  50   46]]
acc: 0.948
f1: 0.469
1,119,coarse : 32.04 seconds
1,119,fine : 32.06 seconds
[[1515  399]
 [  14   82]]
acc: 0.795
f1: 0.284
[[1860   54]
 [  48   48]]
acc: 0.949
f1: 0.485
1,120,coarse : 32.44 seconds
1,120,fine : 32.46 seconds
[[1516  398]
 [  14   82]]
acc: 0.795
f1: 0.285
[[1860   54]
 [  47   49]]
acc: 0.950
f1: 0.492
1,121,coarse : 32.98 seconds
1,121,fine : 33.0 seconds
[[1518  396]
 [  14   82]]
acc: 0.796
f1: 0.286
[[1860   54]
 [  46   50]]
acc: 0.950
f1: 0.500
1,122,coarse : 32.67 seconds
1,122,fine : 32.69 seconds
[[1520  394]
 [  13   83]]
acc: 0.798
f1: 0.290
[[1858   56]
 [  46   50]]
acc: 0.949
f1: 0.495
1,123,coarse : 33.37 seconds
1,123,fine : 33.38 seconds
[[1514  400]
 [  13   83]]
acc: 0.795
f1: 0.287
[[1857   57]
 [  45   51]]
acc: 0.949
f1: 0.500
1,124,coarse : 33.09 seconds
1,124,fine : 33.11 seconds
[[1514  400]
 [  13   83]]
acc: 0.795
f1: 0.287
[[1857   57]
 [  45   51]]
acc: 0.949
f1: 0.500
1,125,coarse : 33.09 seconds
1,125,fine : 33.1 seconds
[[1512  402]
 [  13   83]]
acc: 0.794
f1: 0.286
[[1857   57]
 [  45   51]]
acc: 0.949
f1: 0.500
1,126,coarse : 32.72 seconds
1,126,fine : 32.74 seconds
[[1511  403]
 [  13   83]]
acc: 0.793
f1: 0.285
[[1860   54]
 [  44   52]]
acc: 0.951
f1: 0.515
1,127,coarse : 33.45 seconds
1,127,fine : 33.47 seconds
[[1507  407]
 [  14   82]]
acc: 0.791
f1: 0.280
[[1858   56]
 [  44   52]]
acc: 0.950
f1: 0.510
1,128,coarse : 33.35 seconds
1,128,fine : 33.37 seconds
[[1514  400]
 [  14   82]]
acc: 0.794
f1: 0.284
[[1858   56]
 [  43   53]]
acc: 0.951
f1: 0.517
1,129,coarse : 33.5 seconds
1,129,fine : 33.52 seconds
[[1511  403]
 [  14   82]]
acc: 0.793
f1: 0.282
[[1857   57]
 [  43   53]]
acc: 0.950
f1: 0.515
1,130,coarse : 33.58 seconds
1,130,fine : 33.6 seconds
[[1510  404]
 [  14   82]]
acc: 0.792
f1: 0.282
[[1857   57]
 [  44   52]]
acc: 0.950
f1: 0.507
1,131,coarse : 33.51 seconds
1,131,fine : 33.53 seconds
[[1510  404]
 [  14   82]]
acc: 0.792
f1: 0.282
[[1857   57]
 [  44   52]]
acc: 0.950
f1: 0.507
1,132,coarse : 33.95 seconds
1,132,fine : 33.97 seconds
[[1508  406]
 [  15   81]]
acc: 0.791
f1: 0.278
[[1857   57]
 [  43   53]]
acc: 0.950
f1: 0.515
1,133,coarse : 34.39 seconds
1,133,fine : 34.41 seconds
[[1501  413]
 [  15   81]]
acc: 0.787
f1: 0.275
[[1856   58]
 [  43   53]]
acc: 0.950
f1: 0.512
1,134,coarse : 34.78 seconds
1,134,fine : 34.79 seconds
[[1497  417]
 [  15   81]]
acc: 0.785
f1: 0.273
[[1856   58]
 [  43   53]]
acc: 0.950
f1: 0.512
1,135,coarse : 34.9 seconds
1,135,fine : 34.92 seconds
[[1497  417]
 [  15   81]]
acc: 0.785
f1: 0.273
[[1856   58]
 [  43   53]]
acc: 0.950
f1: 0.512
1,136,coarse : 34.22 seconds
1,136,fine : 34.25 seconds
[[1498  416]
 [  15   81]]
acc: 0.786
f1: 0.273
[[1855   59]
 [  43   53]]
acc: 0.949
f1: 0.510
1,137,coarse : 34.63 seconds
1,137,fine : 34.65 seconds
[[1497  417]
 [  15   81]]
acc: 0.785
f1: 0.273
[[1855   59]
 [  43   53]]
acc: 0.949
f1: 0.510
1,138,coarse : 35.75 seconds
1,138,fine : 35.77 seconds
[[1497  417]
 [  15   81]]
acc: 0.785
f1: 0.273
[[1854   60]
 [  43   53]]
acc: 0.949
f1: 0.507
1,139,coarse : 35.43 seconds
1,139,fine : 35.44 seconds
[[1497  417]
 [  15   81]]
acc: 0.785
f1: 0.273
[[1853   61]
 [  43   53]]
acc: 0.948
f1: 0.505
1,140,coarse : 35.32 seconds
1,140,fine : 35.34 seconds
[[1498  416]
 [  15   81]]
acc: 0.786
f1: 0.273
[[1853   61]
 [  43   53]]
acc: 0.948
f1: 0.505
1,141,coarse : 35.71 seconds
1,141,fine : 35.73 seconds
[[1505  409]
 [  14   82]]
acc: 0.790
f1: 0.279
[[1851   63]
 [  43   53]]
acc: 0.947
f1: 0.500
1,142,coarse : 36.29 seconds
1,142,fine : 36.31 seconds
[[1503  411]
 [  14   82]]
acc: 0.789
f1: 0.278
[[1851   63]
 [  43   53]]
acc: 0.947
f1: 0.500
1,143,coarse : 35.87 seconds
1,143,fine : 35.89 seconds
[[1501  413]
 [  15   81]]
acc: 0.787
f1: 0.275
[[1850   64]
 [  43   53]]
acc: 0.947
f1: 0.498
1,144,coarse : 36.55 seconds
1,144,fine : 36.57 seconds
[[1500  414]
 [  16   80]]
acc: 0.786
f1: 0.271
[[1850   64]
 [  43   53]]
acc: 0.947
f1: 0.498
1,145,coarse : 36.73 seconds
1,145,fine : 36.75 seconds
[[1497  417]
 [  15   81]]
acc: 0.785
f1: 0.273
[[1850   64]
 [  43   53]]
acc: 0.947
f1: 0.498
1,146,coarse : 37.15 seconds
1,146,fine : 37.17 seconds
[[1495  419]
 [  15   81]]
acc: 0.784
f1: 0.272
[[1849   65]
 [  43   53]]
acc: 0.946
f1: 0.495
1,147,coarse : 38.02 seconds
1,147,fine : 38.04 seconds
[[1487  427]
 [  15   81]]
acc: 0.780
f1: 0.268
[[1849   65]
 [  43   53]]
acc: 0.946
f1: 0.495
1,148,coarse : 36.8 seconds
1,148,fine : 36.82 seconds
[[1489  425]
 [  13   83]]
acc: 0.782
f1: 0.275
[[1849   65]
 [  43   53]]
acc: 0.946
f1: 0.495
1,149,coarse : 37.19 seconds
1,149,fine : 37.21 seconds
[[1489  425]
 [  13   83]]
acc: 0.782
f1: 0.275
[[1848   66]
 [  42   54]]
acc: 0.946
f1: 0.500
1,150,coarse : 39.99 seconds
1,150,fine : 40.0 seconds
[[1485  429]
 [  13   83]]
acc: 0.780
f1: 0.273
[[1848   66]
 [  42   54]]
acc: 0.946
f1: 0.500
1,151,coarse : 38.35 seconds
1,151,fine : 38.37 seconds
[[1484  430]
 [  13   83]]
acc: 0.780
f1: 0.273
[[1848   66]
 [  42   54]]
acc: 0.946
f1: 0.500
1,152,coarse : 38.63 seconds
1,152,fine : 38.65 seconds
[[1486  428]
 [  13   83]]
acc: 0.781
f1: 0.273
[[1848   66]
 [  42   54]]
acc: 0.946
f1: 0.500
1,153,coarse : 37.92 seconds
1,153,fine : 37.94 seconds
[[1484  430]
 [  13   83]]
acc: 0.780
f1: 0.273
[[1848   66]
 [  42   54]]
acc: 0.946
f1: 0.500
1,154,coarse : 38.62 seconds
1,154,fine : 38.64 seconds
[[1482  432]
 [  13   83]]
acc: 0.779
f1: 0.272
[[1847   67]
 [  42   54]]
acc: 0.946
f1: 0.498
1,155,coarse : 38.34 seconds
1,155,fine : 38.36 seconds
[[1482  432]
 [  13   83]]
acc: 0.779
f1: 0.272
[[1847   67]
 [  42   54]]
acc: 0.946
f1: 0.498
1,156,coarse : 38.07 seconds
1,156,fine : 38.1 seconds
[[1484  430]
 [  13   83]]
acc: 0.780
f1: 0.273
[[1846   68]
 [  41   55]]
acc: 0.946
f1: 0.502
1,157,coarse : 38.77 seconds
1,157,fine : 38.8 seconds
[[1481  433]
 [  13   83]]
acc: 0.778
f1: 0.271
[[1843   71]
 [  41   55]]
acc: 0.944
f1: 0.495
1,158,coarse : 39.0 seconds
1,158,fine : 39.02 seconds
[[1480  434]
 [  13   83]]
acc: 0.778
f1: 0.271
[[1842   72]
 [  41   55]]
acc: 0.944
f1: 0.493
1,159,coarse : 39.1 seconds
1,159,fine : 39.13 seconds
[[1476  438]
 [  13   83]]
acc: 0.776
f1: 0.269
[[1842   72]
 [  41   55]]
acc: 0.944
f1: 0.493
1,160,coarse : 39.64 seconds
1,160,fine : 39.66 seconds
[[1478  436]
 [  13   83]]
acc: 0.777
f1: 0.270
[[1838   76]
 [  41   55]]
acc: 0.942
f1: 0.485
1,161,coarse : 39.56 seconds
1,161,fine : 39.58 seconds
[[1475  439]
 [  13   83]]
acc: 0.775
f1: 0.269
[[1841   73]
 [  41   55]]
acc: 0.943
f1: 0.491
1,162,coarse : 39.44 seconds
1,162,fine : 39.47 seconds
[[1474  440]
 [  13   83]]
acc: 0.775
f1: 0.268
[[1840   74]
 [  41   55]]
acc: 0.943
f1: 0.489
1,163,coarse : 39.4 seconds
1,163,fine : 39.42 seconds
[[1474  440]
 [  13   83]]
acc: 0.775
f1: 0.268
[[1839   75]
 [  42   54]]
acc: 0.942
f1: 0.480
1,164,coarse : 40.07 seconds
1,164,fine : 40.09 seconds
[[1474  440]
 [  13   83]]
acc: 0.775
f1: 0.268
[[1839   75]
 [  42   54]]
acc: 0.942
f1: 0.480
1,165,coarse : 40.44 seconds
1,165,fine : 40.46 seconds
[[1472  442]
 [  13   83]]
acc: 0.774
f1: 0.267
[[1839   75]
 [  42   54]]
acc: 0.942
f1: 0.480
1,166,coarse : 40.27 seconds
1,166,fine : 40.29 seconds
[[1472  442]
 [  13   83]]
acc: 0.774
f1: 0.267
[[1839   75]
 [  42   54]]
acc: 0.942
f1: 0.480
1,167,coarse : 40.45 seconds
1,167,fine : 40.47 seconds
[[1472  442]
 [  13   83]]
acc: 0.774
f1: 0.267
[[1838   76]
 [  42   54]]
acc: 0.941
f1: 0.478
1,168,coarse : 40.88 seconds
1,168,fine : 40.9 seconds
[[1471  443]
 [  13   83]]
acc: 0.773
f1: 0.267
[[1838   76]
 [  42   54]]
acc: 0.941
f1: 0.478
1,169,coarse : 40.78 seconds
1,169,fine : 40.8 seconds
[[1468  446]
 [  13   83]]
acc: 0.772
f1: 0.266
[[1838   76]
 [  42   54]]
acc: 0.941
f1: 0.478
1,170,coarse : 41.13 seconds
1,170,fine : 41.15 seconds
[[1469  445]
 [  13   83]]
acc: 0.772
f1: 0.266
[[1837   77]
 [  42   54]]
acc: 0.941
f1: 0.476
1,171,coarse : 34.01 seconds
1,171,fine : 34.03 seconds
[[1467  447]
 [  13   83]]
acc: 0.771
f1: 0.265
[[1835   79]
 [  42   54]]
acc: 0.940
f1: 0.472
1,172,coarse : 29.7 seconds
1,172,fine : 29.72 seconds
