all           0      1    2    3    4    5    6    7    8    
1      2010   1914   1    19   32   19   1    11   6    7    
2      2010   1914   1    19   32   19   1    11   6    7    
3      2010   1914   1    19   32   19   1    11   5    8    
4      2010   1914   1    19   32   19   1    10   6    8    
5      2010   1914   1    18   33   19   1    10   6    8    
6      2010   1914   1    18   33   19   1    10   6    8    
7      2010   1913   2    18   33   19   1    10   6    8    
8      2010   1913   2    18   33   19   1    10   6    8    
9      2009   1913   2    18   32   19   2    10   6    7    
10     2009   1913   1    19   32   19   1    11   6    7    
Total  20098  19136  13   185  324  190  11   104  59   76   
train         0      1    2    3    4    5    6    7    8    
1      2010   1914   1    19   32   19   1    11   6    7    
3      2010   1914   1    19   32   19   1    11   5    8    
4      2010   1914   1    19   32   19   1    10   6    8    
5      2010   1914   1    18   33   19   1    10   6    8    
6      2010   1914   1    18   33   19   1    10   6    8    
7      2010   1913   2    18   33   19   1    10   6    8    
8      2010   1913   2    18   33   19   1    10   6    8    
9      2009   1913   2    18   32   19   2    10   6    7    
10     2009   1913   1    19   32   19   1    11   6    7    
Total  18088  17222  12   166  292  171  10   93   53   69   
test          0      1    2    3    4    5    6    7    8    
2      2010   1914   1    19   32   19   1    11   6    7    
Total  2010   1914   1    19   32   19   1    11   6    7    
Classes             
0         17222     
1         12        
2         166       
3         292       
4         171       
5         10        
6         93        
7         53        
8         69        
Total     18088     

Shape: 450       

[952, 10, 11, 16, 11, 10, 10, 10, 10]
Sum start => 1040
[[1324  590]
 [  18   78]]
acc: 0.698
f1: 0.204
[[1870   44]
 [  85   11]]
acc: 0.936
f1: 0.146
2,1,coarse : 28.24 seconds
2,1,fine : 28.24 seconds
[[1324  590]
 [  18   78]]
acc: 0.698
f1: 0.204
[[1870   44]
 [  85   11]]
acc: 0.936
f1: 0.146
2,2,coarse : 29.75 seconds
2,2,fine : 29.75 seconds
[[1378  536]
 [  21   75]]
acc: 0.723
f1: 0.212
[[1902   12]
 [  90    6]]
acc: 0.949
f1: 0.105
2,3,coarse : 28.1 seconds
2,3,fine : 28.1 seconds
[[1399  515]
 [  19   77]]
acc: 0.734
f1: 0.224
[[1907    7]
 [  94    2]]
acc: 0.950
f1: 0.038
2,4,coarse : 27.78 seconds
2,4,fine : 27.79 seconds
[[1428  486]
 [  19   77]]
acc: 0.749
f1: 0.234
[[1908    6]
 [  94    2]]
acc: 0.950
f1: 0.038
2,5,coarse : 28.17 seconds
2,5,fine : 28.17 seconds
[[1426  488]
 [  21   75]]
acc: 0.747
f1: 0.228
[[1908    6]
 [  93    3]]
acc: 0.951
f1: 0.057
2,6,coarse : 27.4 seconds
2,6,fine : 27.41 seconds
[[1439  475]
 [  20   76]]
acc: 0.754
f1: 0.235
[[1907    7]
 [  92    4]]
acc: 0.951
f1: 0.075
2,7,coarse : 27.33 seconds
2,7,fine : 27.34 seconds
[[1450  464]
 [  21   75]]
acc: 0.759
f1: 0.236
[[1906    8]
 [  91    5]]
acc: 0.951
f1: 0.092
2,8,coarse : 28.01 seconds
2,8,fine : 28.01 seconds
[[1465  449]
 [  22   74]]
acc: 0.766
f1: 0.239
[[1906    8]
 [  94    2]]
acc: 0.949
f1: 0.038
2,9,coarse : 27.03 seconds
2,9,fine : 27.03 seconds
[[1470  444]
 [  23   73]]
acc: 0.768
f1: 0.238
[[1906    8]
 [  93    3]]
acc: 0.950
f1: 0.056
2,10,coarse : 27.2 seconds
2,10,fine : 27.2 seconds
[[1468  446]
 [  24   72]]
acc: 0.766
f1: 0.235
[[1908    6]
 [  92    4]]
acc: 0.951
f1: 0.075
2,11,coarse : 27.73 seconds
2,11,fine : 27.74 seconds
[[1490  424]
 [  22   74]]
acc: 0.778
f1: 0.249
[[1909    5]
 [  93    3]]
acc: 0.951
f1: 0.058
2,12,coarse : 27.72 seconds
2,12,fine : 27.73 seconds
[[1487  427]
 [  23   73]]
acc: 0.776
f1: 0.245
[[1908    6]
 [  93    3]]
acc: 0.951
f1: 0.057
2,13,coarse : 27.22 seconds
2,13,fine : 27.22 seconds
[[1502  412]
 [  22   74]]
acc: 0.784
f1: 0.254
[[1908    6]
 [  93    3]]
acc: 0.951
f1: 0.057
2,14,coarse : 27.74 seconds
2,14,fine : 27.74 seconds
[[1502  412]
 [  22   74]]
acc: 0.784
f1: 0.254
[[1909    5]
 [  92    4]]
acc: 0.952
f1: 0.076
2,15,coarse : 27.04 seconds
2,15,fine : 27.04 seconds
[[1505  409]
 [  22   74]]
acc: 0.786
f1: 0.256
[[1909    5]
 [  92    4]]
acc: 0.952
f1: 0.076
2,16,coarse : 27.18 seconds
2,16,fine : 27.19 seconds
[[1507  407]
 [  22   74]]
acc: 0.787
f1: 0.256
[[1910    4]
 [  91    5]]
acc: 0.953
f1: 0.095
2,17,coarse : 27.84 seconds
2,17,fine : 27.84 seconds
[[1512  402]
 [  22   74]]
acc: 0.789
f1: 0.259
[[1909    5]
 [  91    5]]
acc: 0.952
f1: 0.094
2,18,coarse : 27.4 seconds
2,18,fine : 27.4 seconds
[[1521  393]
 [  22   74]]
acc: 0.794
f1: 0.263
[[1909    5]
 [  91    5]]
acc: 0.952
f1: 0.094
2,19,coarse : 27.12 seconds
2,19,fine : 27.12 seconds
[[1538  376]
 [  23   73]]
acc: 0.801
f1: 0.268
[[1909    5]
 [  91    5]]
acc: 0.952
f1: 0.094
2,20,coarse : 27.51 seconds
2,20,fine : 27.52 seconds
[[1545  369]
 [  22   74]]
acc: 0.805
f1: 0.275
[[1909    5]
 [  92    4]]
acc: 0.952
f1: 0.076
2,21,coarse : 27.19 seconds
2,21,fine : 27.2 seconds
[[1547  367]
 [  22   74]]
acc: 0.806
f1: 0.276
[[1907    7]
 [  91    5]]
acc: 0.951
f1: 0.093
2,22,coarse : 26.99 seconds
2,22,fine : 27.0 seconds
[[1549  365]
 [  23   73]]
acc: 0.807
f1: 0.273
[[1908    6]
 [  92    4]]
acc: 0.951
f1: 0.075
2,23,coarse : 27.36 seconds
2,23,fine : 27.37 seconds
[[1549  365]
 [  24   72]]
acc: 0.806
f1: 0.270
[[1908    6]
 [  92    4]]
acc: 0.951
f1: 0.075
2,24,coarse : 26.79 seconds
2,24,fine : 26.79 seconds
[[1544  370]
 [  25   71]]
acc: 0.803
f1: 0.264
[[1907    7]
 [  91    5]]
acc: 0.951
f1: 0.093
2,25,coarse : 26.83 seconds
2,25,fine : 26.84 seconds
[[1553  361]
 [  25   71]]
acc: 0.808
f1: 0.269
[[1908    6]
 [  90    6]]
acc: 0.952
f1: 0.111
2,26,coarse : 27.3 seconds
2,26,fine : 27.31 seconds
[[1553  361]
 [  27   69]]
acc: 0.807
f1: 0.262
[[1908    6]
 [  90    6]]
acc: 0.952
f1: 0.111
2,27,coarse : 26.73 seconds
2,27,fine : 26.74 seconds
[[1553  361]
 [  26   70]]
acc: 0.807
f1: 0.266
[[1908    6]
 [  90    6]]
acc: 0.952
f1: 0.111
2,28,coarse : 26.58 seconds
2,28,fine : 26.58 seconds
[[1558  356]
 [  27   69]]
acc: 0.809
f1: 0.265
[[1908    6]
 [  89    7]]
acc: 0.953
f1: 0.128
2,29,coarse : 27.14 seconds
2,29,fine : 27.15 seconds
[[1551  363]
 [  26   70]]
acc: 0.806
f1: 0.265
[[1908    6]
 [  88    8]]
acc: 0.953
f1: 0.145
2,30,coarse : 27.21 seconds
2,30,fine : 27.22 seconds
[[1559  355]
 [  27   69]]
acc: 0.810
f1: 0.265
[[1906    8]
 [  87    9]]
acc: 0.953
f1: 0.159
2,31,coarse : 26.54 seconds
2,31,fine : 26.55 seconds
[[1564  350]
 [  27   69]]
acc: 0.812
f1: 0.268
[[1906    8]
 [  87    9]]
acc: 0.953
f1: 0.159
2,32,coarse : 26.66 seconds
2,32,fine : 26.67 seconds
[[1568  346]
 [  26   70]]
acc: 0.815
f1: 0.273
[[1907    7]
 [  86   10]]
acc: 0.954
f1: 0.177
2,33,coarse : 27.21 seconds
2,33,fine : 27.22 seconds
[[1571  343]
 [  26   70]]
acc: 0.816
f1: 0.275
[[1905    9]
 [  86   10]]
acc: 0.953
f1: 0.174
2,34,coarse : 26.71 seconds
2,34,fine : 26.72 seconds
[[1568  346]
 [  26   70]]
acc: 0.815
f1: 0.273
[[1907    7]
 [  86   10]]
acc: 0.954
f1: 0.177
2,35,coarse : 26.66 seconds
2,35,fine : 26.67 seconds
[[1573  341]
 [  25   71]]
acc: 0.818
f1: 0.280
[[1907    7]
 [  85   11]]
acc: 0.954
f1: 0.193
2,36,coarse : 27.48 seconds
2,36,fine : 27.49 seconds
[[1569  345]
 [  24   72]]
acc: 0.816
f1: 0.281
[[1905    9]
 [  85   11]]
acc: 0.953
f1: 0.190
2,37,coarse : 26.63 seconds
2,37,fine : 26.64 seconds
[[1570  344]
 [  25   71]]
acc: 0.816
f1: 0.278
[[1905    9]
 [  85   11]]
acc: 0.953
f1: 0.190
2,38,coarse : 26.6 seconds
2,38,fine : 26.6 seconds
[[1566  348]
 [  25   71]]
acc: 0.814
f1: 0.276
[[1904   10]
 [  83   13]]
acc: 0.954
f1: 0.218
2,39,coarse : 26.6 seconds
2,39,fine : 26.61 seconds
[[1571  343]
 [  25   71]]
acc: 0.817
f1: 0.278
[[1904   10]
 [  84   12]]
acc: 0.953
f1: 0.203
2,40,coarse : 27.03 seconds
2,40,fine : 27.04 seconds
[[1578  336]
 [  26   70]]
acc: 0.820
f1: 0.279
[[1903   11]
 [  84   12]]
acc: 0.953
f1: 0.202
2,41,coarse : 26.83 seconds
2,41,fine : 26.84 seconds
[[1581  333]
 [  26   70]]
acc: 0.821
f1: 0.281
[[1902   12]
 [  83   13]]
acc: 0.953
f1: 0.215
2,42,coarse : 26.74 seconds
2,42,fine : 26.75 seconds
[[1578  336]
 [  26   70]]
acc: 0.820
f1: 0.279
[[1901   13]
 [  83   13]]
acc: 0.952
f1: 0.213
2,43,coarse : 27.51 seconds
2,43,fine : 27.52 seconds
[[1583  331]
 [  26   70]]
acc: 0.822
f1: 0.282
[[1901   13]
 [  84   12]]
acc: 0.952
f1: 0.198
2,44,coarse : 26.87 seconds
2,44,fine : 26.88 seconds
[[1584  330]
 [  25   71]]
acc: 0.823
f1: 0.286
[[1900   14]
 [  84   12]]
acc: 0.951
f1: 0.197
2,45,coarse : 27.02 seconds
2,45,fine : 27.03 seconds
[[1592  322]
 [  25   71]]
acc: 0.827
f1: 0.290
[[1899   15]
 [  84   12]]
acc: 0.951
f1: 0.195
2,46,coarse : 27.14 seconds
2,46,fine : 27.15 seconds
[[1585  329]
 [  26   70]]
acc: 0.823
f1: 0.283
[[1897   17]
 [  83   13]]
acc: 0.950
f1: 0.206
2,47,coarse : 27.74 seconds
2,47,fine : 27.74 seconds
[[1587  327]
 [  25   71]]
acc: 0.825
f1: 0.287
[[1899   15]
 [  83   13]]
acc: 0.951
f1: 0.210
2,48,coarse : 27.29 seconds
2,48,fine : 27.3 seconds
[[1588  326]
 [  25   71]]
acc: 0.825
f1: 0.288
[[1898   16]
 [  83   13]]
acc: 0.951
f1: 0.208
2,49,coarse : 26.89 seconds
2,49,fine : 26.9 seconds
[[1586  328]
 [  24   72]]
acc: 0.825
f1: 0.290
[[1898   16]
 [  81   15]]
acc: 0.952
f1: 0.236
2,50,coarse : 29.44 seconds
2,50,fine : 29.45 seconds
[[1585  329]
 [  23   73]]
acc: 0.825
f1: 0.293
[[1897   17]
 [  81   15]]
acc: 0.951
f1: 0.234
2,51,coarse : 27.15 seconds
2,51,fine : 27.16 seconds
[[1587  327]
 [  23   73]]
acc: 0.826
f1: 0.294
[[1898   16]
 [  80   16]]
acc: 0.952
f1: 0.250
2,52,coarse : 27.18 seconds
2,52,fine : 27.19 seconds
[[1585  329]
 [  23   73]]
acc: 0.825
f1: 0.293
[[1896   18]
 [  80   16]]
acc: 0.951
f1: 0.246
2,53,coarse : 27.28 seconds
2,53,fine : 27.29 seconds
[[1591  323]
 [  23   73]]
acc: 0.828
f1: 0.297
[[1897   17]
 [  79   17]]
acc: 0.952
f1: 0.262
2,54,coarse : 27.13 seconds
2,54,fine : 27.14 seconds
[[1594  320]
 [  23   73]]
acc: 0.829
f1: 0.299
[[1897   17]
 [  80   16]]
acc: 0.952
f1: 0.248
2,55,coarse : 27.19 seconds
2,55,fine : 27.2 seconds
[[1592  322]
 [  23   73]]
acc: 0.828
f1: 0.297
[[1895   19]
 [  80   16]]
acc: 0.951
f1: 0.244
2,56,coarse : 27.01 seconds
2,56,fine : 27.02 seconds
[[1588  326]
 [  24   72]]
acc: 0.826
f1: 0.291
[[1895   19]
 [  79   17]]
acc: 0.951
f1: 0.258
2,57,coarse : 27.63 seconds
2,57,fine : 27.64 seconds
[[1589  325]
 [  23   73]]
acc: 0.827
f1: 0.296
[[1895   19]
 [  79   17]]
acc: 0.951
f1: 0.258
2,58,coarse : 27.55 seconds
2,58,fine : 27.57 seconds
[[1583  331]
 [  24   72]]
acc: 0.823
f1: 0.289
[[1895   19]
 [  80   16]]
acc: 0.951
f1: 0.244
2,59,coarse : 27.33 seconds
2,59,fine : 27.34 seconds
[[1576  338]
 [  23   73]]
acc: 0.820
f1: 0.288
[[1895   19]
 [  80   16]]
acc: 0.951
f1: 0.244
2,60,coarse : 27.43 seconds
2,60,fine : 27.44 seconds
[[1573  341]
 [  23   73]]
acc: 0.819
f1: 0.286
[[1891   23]
 [  79   17]]
acc: 0.949
f1: 0.250
2,61,coarse : 27.66 seconds
2,61,fine : 27.67 seconds
[[1576  338]
 [  24   72]]
acc: 0.820
f1: 0.285
[[1892   22]
 [  79   17]]
acc: 0.950
f1: 0.252
2,62,coarse : 28.09 seconds
2,62,fine : 28.1 seconds
[[1562  352]
 [  24   72]]
acc: 0.813
f1: 0.277
[[1892   22]
 [  79   17]]
acc: 0.950
f1: 0.252
2,63,coarse : 27.71 seconds
2,63,fine : 27.72 seconds
[[1565  349]
 [  24   72]]
acc: 0.814
f1: 0.279
[[1891   23]
 [  79   17]]
acc: 0.949
f1: 0.250
2,64,coarse : 27.69 seconds
2,64,fine : 27.7 seconds
[[1571  343]
 [  23   73]]
acc: 0.818
f1: 0.285
[[1891   23]
 [  79   17]]
acc: 0.949
f1: 0.250
2,65,coarse : 27.68 seconds
2,65,fine : 27.69 seconds
[[1569  345]
 [  23   73]]
acc: 0.817
f1: 0.284
[[1890   24]
 [  79   17]]
acc: 0.949
f1: 0.248
2,66,coarse : 28.53 seconds
2,66,fine : 28.54 seconds
[[1568  346]
 [  23   73]]
acc: 0.816
f1: 0.283
[[1890   24]
 [  79   17]]
acc: 0.949
f1: 0.248
2,67,coarse : 27.88 seconds
2,67,fine : 27.89 seconds
[[1570  344]
 [  23   73]]
acc: 0.817
f1: 0.285
[[1890   24]
 [  78   18]]
acc: 0.949
f1: 0.261
2,68,coarse : 27.89 seconds
2,68,fine : 27.9 seconds
[[1574  340]
 [  23   73]]
acc: 0.819
f1: 0.287
[[1888   26]
 [  77   19]]
acc: 0.949
f1: 0.270
2,69,coarse : 28.22 seconds
2,69,fine : 28.23 seconds
[[1573  341]
 [  23   73]]
acc: 0.819
f1: 0.286
[[1890   24]
 [  77   19]]
acc: 0.950
f1: 0.273
2,70,coarse : 28.19 seconds
2,70,fine : 28.2 seconds
[[1575  339]
 [  23   73]]
acc: 0.820
f1: 0.287
[[1890   24]
 [  76   20]]
acc: 0.950
f1: 0.286
2,71,coarse : 28.26 seconds
2,71,fine : 28.27 seconds
[[1572  342]
 [  23   73]]
acc: 0.818
f1: 0.286
[[1890   24]
 [  76   20]]
acc: 0.950
f1: 0.286
2,72,coarse : 27.99 seconds
2,72,fine : 28.01 seconds
[[1575  339]
 [  23   73]]
acc: 0.820
f1: 0.287
[[1890   24]
 [  75   21]]
acc: 0.951
f1: 0.298
2,73,coarse : 27.53 seconds
2,73,fine : 27.54 seconds
[[1577  337]
 [  23   73]]
acc: 0.821
f1: 0.289
[[1890   24]
 [  75   21]]
acc: 0.951
f1: 0.298
2,74,coarse : 27.86 seconds
2,74,fine : 27.88 seconds
[[1566  348]
 [  23   73]]
acc: 0.815
f1: 0.282
[[1889   25]
 [  76   20]]
acc: 0.950
f1: 0.284
2,75,coarse : 28.31 seconds
2,75,fine : 28.32 seconds
[[1566  348]
 [  23   73]]
acc: 0.815
f1: 0.282
[[1889   25]
 [  76   20]]
acc: 0.950
f1: 0.284
2,76,coarse : 27.19 seconds
2,76,fine : 27.21 seconds
[[1565  349]
 [  23   73]]
acc: 0.815
f1: 0.282
[[1888   26]
 [  75   21]]
acc: 0.950
f1: 0.294
2,77,coarse : 27.75 seconds
2,77,fine : 27.76 seconds
[[1565  349]
 [  23   73]]
acc: 0.815
f1: 0.282
[[1888   26]
 [  75   21]]
acc: 0.950
f1: 0.294
2,78,coarse : 27.84 seconds
2,78,fine : 27.85 seconds
[[1565  349]
 [  23   73]]
acc: 0.815
f1: 0.282
[[1888   26]
 [  75   21]]
acc: 0.950
f1: 0.294
2,79,coarse : 28.42 seconds
2,79,fine : 28.43 seconds
[[1572  342]
 [  23   73]]
acc: 0.818
f1: 0.286
[[1888   26]
 [  75   21]]
acc: 0.950
f1: 0.294
2,80,coarse : 29.41 seconds
2,80,fine : 29.42 seconds
[[1576  338]
 [  23   73]]
acc: 0.820
f1: 0.288
[[1888   26]
 [  75   21]]
acc: 0.950
f1: 0.294
2,81,coarse : 28.23 seconds
2,81,fine : 28.24 seconds
[[1576  338]
 [  23   73]]
acc: 0.820
f1: 0.288
[[1888   26]
 [  75   21]]
acc: 0.950
f1: 0.294
2,82,coarse : 28.94 seconds
2,82,fine : 28.95 seconds
[[1577  337]
 [  23   73]]
acc: 0.821
f1: 0.289
[[1888   26]
 [  75   21]]
acc: 0.950
f1: 0.294
2,83,coarse : 28.98 seconds
2,83,fine : 29.0 seconds
[[1578  336]
 [  23   73]]
acc: 0.821
f1: 0.289
[[1887   27]
 [  75   21]]
acc: 0.949
f1: 0.292
2,84,coarse : 29.39 seconds
2,84,fine : 29.4 seconds
[[1581  333]
 [  23   73]]
acc: 0.823
f1: 0.291
[[1885   29]
 [  75   21]]
acc: 0.948
f1: 0.288
2,85,coarse : 29.32 seconds
2,85,fine : 29.34 seconds
[[1582  332]
 [  23   73]]
acc: 0.823
f1: 0.291
[[1884   30]
 [  75   21]]
acc: 0.948
f1: 0.286
2,86,coarse : 29.78 seconds
2,86,fine : 29.8 seconds
[[1584  330]
 [  23   73]]
acc: 0.824
f1: 0.293
[[1883   31]
 [  75   21]]
acc: 0.947
f1: 0.284
2,87,coarse : 29.54 seconds
2,87,fine : 29.55 seconds
[[1585  329]
 [  23   73]]
acc: 0.825
f1: 0.293
[[1881   33]
 [  74   22]]
acc: 0.947
f1: 0.291
2,88,coarse : 29.31 seconds
2,88,fine : 29.32 seconds
[[1586  328]
 [  23   73]]
acc: 0.825
f1: 0.294
[[1881   33]
 [  74   22]]
acc: 0.947
f1: 0.291
2,89,coarse : 29.66 seconds
2,89,fine : 29.68 seconds
[[1584  330]
 [  23   73]]
acc: 0.824
f1: 0.293
[[1880   34]
 [  74   22]]
acc: 0.946
f1: 0.289
2,90,coarse : 29.99 seconds
2,90,fine : 30.0 seconds
[[1580  334]
 [  23   73]]
acc: 0.822
f1: 0.290
[[1880   34]
 [  74   22]]
acc: 0.946
f1: 0.289
2,91,coarse : 29.64 seconds
2,91,fine : 29.65 seconds
[[1582  332]
 [  23   73]]
acc: 0.823
f1: 0.291
[[1879   35]
 [  73   23]]
acc: 0.946
f1: 0.299
2,92,coarse : 30.71 seconds
2,92,fine : 30.72 seconds
[[1581  333]
 [  23   73]]
acc: 0.823
f1: 0.291
[[1877   37]
 [  73   23]]
acc: 0.945
f1: 0.295
2,93,coarse : 29.8 seconds
2,93,fine : 29.81 seconds
[[1580  334]
 [  23   73]]
acc: 0.822
f1: 0.290
[[1876   38]
 [  73   23]]
acc: 0.945
f1: 0.293
2,94,coarse : 29.95 seconds
2,94,fine : 29.97 seconds
[[1582  332]
 [  23   73]]
acc: 0.823
f1: 0.291
[[1877   37]
 [  74   22]]
acc: 0.945
f1: 0.284
2,95,coarse : 30.21 seconds
2,95,fine : 30.22 seconds
[[1582  332]
 [  23   73]]
acc: 0.823
f1: 0.291
[[1875   39]
 [  74   22]]
acc: 0.944
f1: 0.280
2,96,coarse : 29.7 seconds
2,96,fine : 29.71 seconds
[[1585  329]
 [  24   72]]
acc: 0.824
f1: 0.290
[[1873   41]
 [  74   22]]
acc: 0.943
f1: 0.277
2,97,coarse : 29.42 seconds
2,97,fine : 29.44 seconds
[[1584  330]
 [  24   72]]
acc: 0.824
f1: 0.289
[[1873   41]
 [  73   23]]
acc: 0.943
f1: 0.287
2,98,coarse : 29.88 seconds
2,98,fine : 29.9 seconds
[[1581  333]
 [  23   73]]
acc: 0.823
f1: 0.291
[[1871   43]
 [  73   23]]
acc: 0.942
f1: 0.284
2,99,coarse : 29.7 seconds
2,99,fine : 29.71 seconds
[[1580  334]
 [  23   73]]
acc: 0.822
f1: 0.290
[[1871   43]
 [  73   23]]
acc: 0.942
f1: 0.284
2,100,coarse : 31.42 seconds
2,100,fine : 31.43 seconds
[[1575  339]
 [  24   72]]
acc: 0.819
f1: 0.284
[[1873   41]
 [  74   22]]
acc: 0.943
f1: 0.277
2,101,coarse : 29.47 seconds
2,101,fine : 29.49 seconds
[[1575  339]
 [  24   72]]
acc: 0.819
f1: 0.284
[[1872   42]
 [  72   24]]
acc: 0.943
f1: 0.296
2,102,coarse : 30.39 seconds
2,102,fine : 30.4 seconds
[[1574  340]
 [  24   72]]
acc: 0.819
f1: 0.283
[[1872   42]
 [  72   24]]
acc: 0.943
f1: 0.296
2,103,coarse : 29.63 seconds
2,103,fine : 29.65 seconds
[[1573  341]
 [  24   72]]
acc: 0.818
f1: 0.283
[[1872   42]
 [  72   24]]
acc: 0.943
f1: 0.296
2,104,coarse : 29.38 seconds
2,104,fine : 29.4 seconds
[[1575  339]
 [  23   73]]
acc: 0.820
f1: 0.287
[[1872   42]
 [  71   25]]
acc: 0.944
f1: 0.307
2,105,coarse : 30.38 seconds
2,105,fine : 30.4 seconds
[[1572  342]
 [  23   73]]
acc: 0.818
f1: 0.286
[[1872   42]
 [  71   25]]
acc: 0.944
f1: 0.307
2,106,coarse : 30.4 seconds
2,106,fine : 30.42 seconds
[[1568  346]
 [  23   73]]
acc: 0.816
f1: 0.283
[[1872   42]
 [  70   26]]
acc: 0.944
f1: 0.317
2,107,coarse : 30.42 seconds
2,107,fine : 30.44 seconds
[[1567  347]
 [  23   73]]
acc: 0.816
f1: 0.283
[[1872   42]
 [  70   26]]
acc: 0.944
f1: 0.317
2,108,coarse : 30.6 seconds
2,108,fine : 30.62 seconds
[[1569  345]
 [  24   72]]
acc: 0.816
f1: 0.281
[[1871   43]
 [  70   26]]
acc: 0.944
f1: 0.315
2,109,coarse : 30.86 seconds
2,109,fine : 30.88 seconds
[[1570  344]
 [  24   72]]
acc: 0.817
f1: 0.281
[[1871   43]
 [  67   29]]
acc: 0.945
f1: 0.345
2,110,coarse : 31.39 seconds
2,110,fine : 31.41 seconds
[[1570  344]
 [  24   72]]
acc: 0.817
f1: 0.281
[[1870   44]
 [  66   30]]
acc: 0.945
f1: 0.353
2,111,coarse : 31.88 seconds
2,111,fine : 31.89 seconds
[[1562  352]
 [  23   73]]
acc: 0.813
f1: 0.280
[[1871   43]
 [  66   30]]
acc: 0.946
f1: 0.355
2,112,coarse : 31.61 seconds
2,112,fine : 31.62 seconds
[[1562  352]
 [  23   73]]
acc: 0.813
f1: 0.280
[[1868   46]
 [  68   28]]
acc: 0.943
f1: 0.329
2,113,coarse : 31.85 seconds
2,113,fine : 31.87 seconds
[[1562  352]
 [  23   73]]
acc: 0.813
f1: 0.280
[[1868   46]
 [  67   29]]
acc: 0.944
f1: 0.339
2,114,coarse : 32.2 seconds
2,114,fine : 32.22 seconds
[[1562  352]
 [  23   73]]
acc: 0.813
f1: 0.280
[[1867   47]
 [  66   30]]
acc: 0.944
f1: 0.347
2,115,coarse : 32.4 seconds
2,115,fine : 32.42 seconds
[[1560  354]
 [  23   73]]
acc: 0.812
f1: 0.279
[[1866   48]
 [  65   31]]
acc: 0.944
f1: 0.354
2,116,coarse : 32.53 seconds
2,116,fine : 32.55 seconds
[[1558  356]
 [  24   72]]
acc: 0.811
f1: 0.275
[[1865   49]
 [  64   32]]
acc: 0.944
f1: 0.362
2,117,coarse : 32.39 seconds
2,117,fine : 32.4 seconds
[[1557  357]
 [  24   72]]
acc: 0.810
f1: 0.274
[[1865   49]
 [  62   34]]
acc: 0.945
f1: 0.380
2,118,coarse : 33.2 seconds
2,118,fine : 33.22 seconds
[[1559  355]
 [  23   73]]
acc: 0.812
f1: 0.279
[[1865   49]
 [  65   31]]
acc: 0.943
f1: 0.352
2,119,coarse : 32.29 seconds
2,119,fine : 32.31 seconds
[[1555  359]
 [  23   73]]
acc: 0.810
f1: 0.277
[[1866   48]
 [  65   31]]
acc: 0.944
f1: 0.354
2,120,coarse : 32.41 seconds
2,120,fine : 32.43 seconds
[[1557  357]
 [  22   74]]
acc: 0.811
f1: 0.281
[[1866   48]
 [  65   31]]
acc: 0.944
f1: 0.354
2,121,coarse : 32.67 seconds
2,121,fine : 32.69 seconds
[[1556  358]
 [  22   74]]
acc: 0.811
f1: 0.280
[[1864   50]
 [  64   32]]
acc: 0.943
f1: 0.360
2,122,coarse : 32.38 seconds
2,122,fine : 32.4 seconds
[[1557  357]
 [  23   73]]
acc: 0.811
f1: 0.278
[[1865   49]
 [  64   32]]
acc: 0.944
f1: 0.362
2,123,coarse : 32.82 seconds
2,123,fine : 32.83 seconds
[[1553  361]
 [  23   73]]
acc: 0.809
f1: 0.275
[[1864   50]
 [  64   32]]
acc: 0.943
f1: 0.360
2,124,coarse : 32.81 seconds
2,124,fine : 32.83 seconds
[[1554  360]
 [  23   73]]
acc: 0.809
f1: 0.276
[[1860   54]
 [  63   33]]
acc: 0.942
f1: 0.361
2,125,coarse : 33.23 seconds
2,125,fine : 33.24 seconds
[[1555  359]
 [  23   73]]
acc: 0.810
f1: 0.277
[[1863   51]
 [  63   33]]
acc: 0.943
f1: 0.367
2,126,coarse : 33.27 seconds
2,126,fine : 33.29 seconds
[[1557  357]
 [  23   73]]
acc: 0.811
f1: 0.278
[[1860   54]
 [  63   33]]
acc: 0.942
f1: 0.361
2,127,coarse : 33.49 seconds
2,127,fine : 33.51 seconds
[[1544  370]
 [  22   74]]
acc: 0.805
f1: 0.274
[[1860   54]
 [  63   33]]
acc: 0.942
f1: 0.361
2,128,coarse : 33.39 seconds
2,128,fine : 33.41 seconds
[[1544  370]
 [  22   74]]
acc: 0.805
f1: 0.274
[[1859   55]
 [  63   33]]
acc: 0.941
f1: 0.359
2,129,coarse : 34.14 seconds
2,129,fine : 34.16 seconds
[[1545  369]
 [  22   74]]
acc: 0.805
f1: 0.275
[[1857   57]
 [  62   34]]
acc: 0.941
f1: 0.364
2,130,coarse : 34.16 seconds
2,130,fine : 34.17 seconds
[[1545  369]
 [  21   75]]
acc: 0.806
f1: 0.278
[[1857   57]
 [  62   34]]
acc: 0.941
f1: 0.364
2,131,coarse : 33.81 seconds
2,131,fine : 33.83 seconds
[[1544  370]
 [  21   75]]
acc: 0.805
f1: 0.277
[[1856   58]
 [  61   35]]
acc: 0.941
f1: 0.370
2,132,coarse : 34.52 seconds
2,132,fine : 34.54 seconds
[[1545  369]
 [  22   74]]
acc: 0.805
f1: 0.275
[[1856   58]
 [  61   35]]
acc: 0.941
f1: 0.370
2,133,coarse : 34.27 seconds
2,133,fine : 34.29 seconds
[[1541  373]
 [  22   74]]
acc: 0.803
f1: 0.273
[[1855   59]
 [  61   35]]
acc: 0.940
f1: 0.368
2,134,coarse : 35.32 seconds
2,134,fine : 35.34 seconds
[[1545  369]
 [  22   74]]
acc: 0.805
f1: 0.275
[[1854   60]
 [  61   35]]
acc: 0.940
f1: 0.366
2,135,coarse : 35.37 seconds
2,135,fine : 35.39 seconds
[[1541  373]
 [  21   75]]
acc: 0.804
f1: 0.276
[[1857   57]
 [  61   35]]
acc: 0.941
f1: 0.372
2,136,coarse : 35.4 seconds
2,136,fine : 35.42 seconds
[[1541  373]
 [  25   71]]
acc: 0.802
f1: 0.263
[[1857   57]
 [  62   34]]
acc: 0.941
f1: 0.364
2,137,coarse : 35.41 seconds
2,137,fine : 35.43 seconds
[[1541  373]
 [  23   73]]
acc: 0.803
f1: 0.269
[[1857   57]
 [  62   34]]
acc: 0.941
f1: 0.364
2,138,coarse : 35.12 seconds
2,138,fine : 35.14 seconds
[[1549  365]
 [  25   71]]
acc: 0.806
f1: 0.267
[[1856   58]
 [  62   34]]
acc: 0.940
f1: 0.362
2,139,coarse : 35.48 seconds
2,139,fine : 35.5 seconds
[[1548  366]
 [  25   71]]
acc: 0.805
f1: 0.266
[[1854   60]
 [  62   34]]
acc: 0.939
f1: 0.358
2,140,coarse : 36.18 seconds
2,140,fine : 36.2 seconds
[[1546  368]
 [  23   73]]
acc: 0.805
f1: 0.272
[[1853   61]
 [  62   34]]
acc: 0.939
f1: 0.356
2,141,coarse : 36.55 seconds
2,141,fine : 36.57 seconds
[[1535  379]
 [  23   73]]
acc: 0.800
f1: 0.266
[[1852   62]
 [  61   35]]
acc: 0.939
f1: 0.363
2,142,coarse : 36.51 seconds
2,142,fine : 36.53 seconds
[[1534  380]
 [  23   73]]
acc: 0.800
f1: 0.266
[[1850   64]
 [  61   35]]
acc: 0.938
f1: 0.359
2,143,coarse : 36.46 seconds
2,143,fine : 36.48 seconds
[[1534  380]
 [  24   72]]
acc: 0.799
f1: 0.263
[[1851   63]
 [  62   34]]
acc: 0.938
f1: 0.352
2,144,coarse : 36.3 seconds
2,144,fine : 36.32 seconds
[[1531  383]
 [  23   73]]
acc: 0.798
f1: 0.264
[[1850   64]
 [  60   36]]
acc: 0.938
f1: 0.367
2,145,coarse : 36.34 seconds
2,145,fine : 36.37 seconds
[[1536  378]
 [  23   73]]
acc: 0.800
f1: 0.267
[[1850   64]
 [  59   37]]
acc: 0.939
f1: 0.376
2,146,coarse : 36.22 seconds
2,146,fine : 36.24 seconds
[[1531  383]
 [  22   74]]
acc: 0.799
f1: 0.268
[[1848   66]
 [  59   37]]
acc: 0.938
f1: 0.372
2,147,coarse : 36.24 seconds
2,147,fine : 36.26 seconds
[[1526  388]
 [  23   73]]
acc: 0.796
f1: 0.262
[[1848   66]
 [  59   37]]
acc: 0.938
f1: 0.372
2,148,coarse : 37.16 seconds
2,148,fine : 37.18 seconds
[[1522  392]
 [  23   73]]
acc: 0.794
f1: 0.260
[[1848   66]
 [  59   37]]
acc: 0.938
f1: 0.372
2,149,coarse : 37.0 seconds
2,149,fine : 37.02 seconds
[[1521  393]
 [  23   73]]
acc: 0.793
f1: 0.260
[[1848   66]
 [  59   37]]
acc: 0.938
f1: 0.372
2,150,coarse : 39.72 seconds
2,150,fine : 39.73 seconds
[[1520  394]
 [  23   73]]
acc: 0.793
f1: 0.259
[[1848   66]
 [  58   38]]
acc: 0.938
f1: 0.380
2,151,coarse : 37.35 seconds
2,151,fine : 37.37 seconds
[[1516  398]
 [  23   73]]
acc: 0.791
f1: 0.257
[[1847   67]
 [  57   39]]
acc: 0.938
f1: 0.386
2,152,coarse : 37.08 seconds
2,152,fine : 37.1 seconds
[[1515  399]
 [  23   73]]
acc: 0.790
f1: 0.257
[[1847   67]
 [  57   39]]
acc: 0.938
f1: 0.386
2,153,coarse : 38.1 seconds
2,153,fine : 38.12 seconds
[[1510  404]
 [  23   73]]
acc: 0.788
f1: 0.255
[[1848   66]
 [  56   40]]
acc: 0.939
f1: 0.396
2,154,coarse : 38.4 seconds
2,154,fine : 38.42 seconds
[[1507  407]
 [  22   74]]
acc: 0.787
f1: 0.256
[[1847   67]
 [  56   40]]
acc: 0.939
f1: 0.394
2,155,coarse : 37.95 seconds
2,155,fine : 37.97 seconds
[[1509  405]
 [  22   74]]
acc: 0.788
f1: 0.257
[[1847   67]
 [  56   40]]
acc: 0.939
f1: 0.394
2,156,coarse : 38.06 seconds
2,156,fine : 38.08 seconds
[[1508  406]
 [  23   73]]
acc: 0.787
f1: 0.254
[[1847   67]
 [  56   40]]
acc: 0.939
f1: 0.394
2,157,coarse : 37.9 seconds
2,157,fine : 37.92 seconds
[[1509  405]
 [  23   73]]
acc: 0.787
f1: 0.254
[[1847   67]
 [  56   40]]
acc: 0.939
f1: 0.394
2,158,coarse : 39.07 seconds
2,158,fine : 39.09 seconds
[[1509  405]
 [  23   73]]
acc: 0.787
f1: 0.254
[[1847   67]
 [  57   39]]
acc: 0.938
f1: 0.386
2,159,coarse : 39.5 seconds
2,159,fine : 39.52 seconds
[[1507  407]
 [  23   73]]
acc: 0.786
f1: 0.253
[[1848   66]
 [  57   39]]
acc: 0.939
f1: 0.388
2,160,coarse : 39.64 seconds
2,160,fine : 39.66 seconds
[[1507  407]
 [  23   73]]
acc: 0.786
f1: 0.253
[[1848   66]
 [  57   39]]
acc: 0.939
f1: 0.388
2,161,coarse : 39.02 seconds
2,161,fine : 39.05 seconds
[[1506  408]
 [  23   73]]
acc: 0.786
f1: 0.253
[[1848   66]
 [  57   39]]
acc: 0.939
f1: 0.388
2,162,coarse : 39.91 seconds
2,162,fine : 39.93 seconds
[[1506  408]
 [  23   73]]
acc: 0.786
f1: 0.253
[[1848   66]
 [  57   39]]
acc: 0.939
f1: 0.388
2,163,coarse : 39.62 seconds
2,163,fine : 39.65 seconds
[[1507  407]
 [  23   73]]
acc: 0.786
f1: 0.253
[[1847   67]
 [  57   39]]
acc: 0.938
f1: 0.386
2,164,coarse : 39.51 seconds
2,164,fine : 39.53 seconds
[[1506  408]
 [  23   73]]
acc: 0.786
f1: 0.253
[[1847   67]
 [  56   40]]
acc: 0.939
f1: 0.394
2,165,coarse : 39.86 seconds
2,165,fine : 39.88 seconds
[[1508  406]
 [  24   72]]
acc: 0.786
f1: 0.251
[[1845   69]
 [  56   40]]
acc: 0.938
f1: 0.390
2,166,coarse : 39.47 seconds
2,166,fine : 39.49 seconds
[[1507  407]
 [  24   72]]
acc: 0.786
f1: 0.250
[[1844   70]
 [  56   40]]
acc: 0.937
f1: 0.388
2,167,coarse : 40.53 seconds
2,167,fine : 40.55 seconds
[[1503  411]
 [  21   75]]
acc: 0.785
f1: 0.258
[[1843   71]
 [  56   40]]
acc: 0.937
f1: 0.386
2,168,coarse : 40.09 seconds
2,168,fine : 40.11 seconds
[[1506  408]
 [  21   75]]
acc: 0.787
f1: 0.259
[[1842   72]
 [  56   40]]
acc: 0.936
f1: 0.385
2,169,coarse : 40.11 seconds
2,169,fine : 40.13 seconds
[[1505  409]
 [  21   75]]
acc: 0.786
f1: 0.259
[[1842   72]
 [  56   40]]
acc: 0.936
f1: 0.385
2,170,coarse : 41.06 seconds
2,170,fine : 41.09 seconds
[[1504  410]
 [  21   75]]
acc: 0.786
f1: 0.258
[[1841   73]
 [  56   40]]
acc: 0.936
f1: 0.383
2,171,coarse : 36.9 seconds
2,171,fine : 36.92 seconds
[[1502  412]
 [  21   75]]
acc: 0.785
f1: 0.257
[[1840   74]
 [  55   41]]
acc: 0.936
f1: 0.389
2,172,coarse : 30.99 seconds
2,172,fine : 31.01 seconds
