all           0      1    2    3    4    5    6    7    8    
1      2010   1914   1    19   32   19   1    11   6    7    
2      2010   1914   1    19   32   19   1    11   6    7    
3      2010   1914   1    19   32   19   1    11   5    8    
4      2010   1914   1    19   32   19   1    10   6    8    
5      2010   1914   1    18   33   19   1    10   6    8    
6      2010   1914   1    18   33   19   1    10   6    8    
7      2010   1913   2    18   33   19   1    10   6    8    
8      2010   1913   2    18   33   19   1    10   6    8    
9      2009   1913   2    18   32   19   2    10   6    7    
10     2009   1913   1    19   32   19   1    11   6    7    
Total  20098  19136  13   185  324  190  11   104  59   76   
train         0      1    2    3    4    5    6    7    8    
1      2010   1914   1    19   32   19   1    11   6    7    
2      2010   1914   1    19   32   19   1    11   6    7    
4      2010   1914   1    19   32   19   1    10   6    8    
5      2010   1914   1    18   33   19   1    10   6    8    
6      2010   1914   1    18   33   19   1    10   6    8    
7      2010   1913   2    18   33   19   1    10   6    8    
8      2010   1913   2    18   33   19   1    10   6    8    
9      2009   1913   2    18   32   19   2    10   6    7    
10     2009   1913   1    19   32   19   1    11   6    7    
Total  18088  17222  12   166  292  171  10   93   54   68   
test          0      1    2    3    4    5    6    7    8    
3      2010   1914   1    19   32   19   1    11   5    8    
Total  2010   1914   1    19   32   19   1    11   5    8    
Classes             
0         17222     
1         12        
2         166       
3         292       
4         171       
5         10        
6         93        
7         54        
8         68        
Total     18088     

Shape: 450       

[952, 10, 11, 16, 11, 10, 10, 10, 10]
Sum start => 1040
[[1243  671]
 [  18   78]]
acc: 0.657
f1: 0.185
[[1891   23]
 [  83   13]]
acc: 0.947
f1: 0.197
3,1,coarse : 27.64 seconds
3,1,fine : 27.65 seconds
[[1243  671]
 [  18   78]]
acc: 0.657
f1: 0.185
[[1891   23]
 [  83   13]]
acc: 0.947
f1: 0.197
3,2,coarse : 29.19 seconds
3,2,fine : 29.19 seconds
[[1288  626]
 [  18   78]]
acc: 0.680
f1: 0.195
[[1907    7]
 [  92    4]]
acc: 0.951
f1: 0.075
3,3,coarse : 27.85 seconds
3,3,fine : 27.86 seconds
[[1342  572]
 [  16   80]]
acc: 0.707
f1: 0.214
[[1911    3]
 [  94    2]]
acc: 0.952
f1: 0.040
3,4,coarse : 27.55 seconds
3,4,fine : 27.55 seconds
[[1364  550]
 [  18   78]]
acc: 0.717
f1: 0.215
[[1909    5]
 [  92    4]]
acc: 0.952
f1: 0.076
3,5,coarse : 27.4 seconds
3,5,fine : 27.4 seconds
[[1404  510]
 [  19   77]]
acc: 0.737
f1: 0.225
[[1908    6]
 [  93    3]]
acc: 0.951
f1: 0.057
3,6,coarse : 27.08 seconds
3,6,fine : 27.08 seconds
[[1434  480]
 [  20   76]]
acc: 0.751
f1: 0.233
[[1904   10]
 [  91    5]]
acc: 0.950
f1: 0.090
3,7,coarse : 27.29 seconds
3,7,fine : 27.29 seconds
[[1447  467]
 [  18   78]]
acc: 0.759
f1: 0.243
[[1907    7]
 [  93    3]]
acc: 0.950
f1: 0.057
3,8,coarse : 27.5 seconds
3,8,fine : 27.5 seconds
[[1467  447]
 [  17   79]]
acc: 0.769
f1: 0.254
[[1909    5]
 [  92    4]]
acc: 0.952
f1: 0.076
3,9,coarse : 26.98 seconds
3,9,fine : 26.99 seconds
[[1482  432]
 [  18   78]]
acc: 0.776
f1: 0.257
[[1909    5]
 [  92    4]]
acc: 0.952
f1: 0.076
3,10,coarse : 27.17 seconds
3,10,fine : 27.18 seconds
[[1506  408]
 [  19   77]]
acc: 0.788
f1: 0.265
[[1908    6]
 [  90    6]]
acc: 0.952
f1: 0.111
3,11,coarse : 27.34 seconds
3,11,fine : 27.35 seconds
[[1524  390]
 [  18   78]]
acc: 0.797
f1: 0.277
[[1909    5]
 [  90    6]]
acc: 0.953
f1: 0.112
3,12,coarse : 26.95 seconds
3,12,fine : 26.96 seconds
[[1519  395]
 [  19   77]]
acc: 0.794
f1: 0.271
[[1910    4]
 [  88    8]]
acc: 0.954
f1: 0.148
3,13,coarse : 27.04 seconds
3,13,fine : 27.04 seconds
[[1537  377]
 [  19   77]]
acc: 0.803
f1: 0.280
[[1908    6]
 [  85   11]]
acc: 0.955
f1: 0.195
3,14,coarse : 27.56 seconds
3,14,fine : 27.56 seconds
[[1543  371]
 [  20   76]]
acc: 0.805
f1: 0.280
[[1908    6]
 [  85   11]]
acc: 0.955
f1: 0.195
3,15,coarse : 26.75 seconds
3,15,fine : 26.75 seconds
[[1549  365]
 [  21   75]]
acc: 0.808
f1: 0.280
[[1908    6]
 [  84   12]]
acc: 0.955
f1: 0.211
3,16,coarse : 26.81 seconds
3,16,fine : 26.81 seconds
[[1546  368]
 [  23   73]]
acc: 0.805
f1: 0.272
[[1908    6]
 [  86   10]]
acc: 0.954
f1: 0.179
3,17,coarse : 27.23 seconds
3,17,fine : 27.23 seconds
[[1556  358]
 [  24   72]]
acc: 0.810
f1: 0.274
[[1908    6]
 [  86   10]]
acc: 0.954
f1: 0.179
3,18,coarse : 26.92 seconds
3,18,fine : 26.93 seconds
[[1550  364]
 [  22   74]]
acc: 0.808
f1: 0.277
[[1906    8]
 [  86   10]]
acc: 0.953
f1: 0.175
3,19,coarse : 26.66 seconds
3,19,fine : 26.67 seconds
[[1547  367]
 [  20   76]]
acc: 0.807
f1: 0.282
[[1908    6]
 [  86   10]]
acc: 0.954
f1: 0.179
3,20,coarse : 27.18 seconds
3,20,fine : 27.18 seconds
[[1548  366]
 [  21   75]]
acc: 0.807
f1: 0.279
[[1908    6]
 [  85   11]]
acc: 0.955
f1: 0.195
3,21,coarse : 26.62 seconds
3,21,fine : 26.62 seconds
[[1544  370]
 [  22   74]]
acc: 0.805
f1: 0.274
[[1909    5]
 [  86   10]]
acc: 0.955
f1: 0.180
3,22,coarse : 26.57 seconds
3,22,fine : 26.57 seconds
[[1539  375]
 [  23   73]]
acc: 0.802
f1: 0.268
[[1907    7]
 [  84   12]]
acc: 0.955
f1: 0.209
3,23,coarse : 27.11 seconds
3,23,fine : 27.12 seconds
[[1540  374]
 [  19   77]]
acc: 0.804
f1: 0.282
[[1908    6]
 [  85   11]]
acc: 0.955
f1: 0.195
3,24,coarse : 26.8 seconds
3,24,fine : 26.81 seconds
[[1537  377]
 [  18   78]]
acc: 0.803
f1: 0.283
[[1909    5]
 [  83   13]]
acc: 0.956
f1: 0.228
3,25,coarse : 26.69 seconds
3,25,fine : 26.7 seconds
[[1554  360]
 [  18   78]]
acc: 0.812
f1: 0.292
[[1910    4]
 [  82   14]]
acc: 0.957
f1: 0.246
3,26,coarse : 26.98 seconds
3,26,fine : 26.99 seconds
[[1557  357]
 [  17   79]]
acc: 0.814
f1: 0.297
[[1909    5]
 [  82   14]]
acc: 0.957
f1: 0.243
3,27,coarse : 26.76 seconds
3,27,fine : 26.77 seconds
[[1554  360]
 [  18   78]]
acc: 0.812
f1: 0.292
[[1908    6]
 [  82   14]]
acc: 0.956
f1: 0.241
3,28,coarse : 26.89 seconds
3,28,fine : 26.9 seconds
[[1557  357]
 [  20   76]]
acc: 0.812
f1: 0.287
[[1908    6]
 [  82   14]]
acc: 0.956
f1: 0.241
3,29,coarse : 27.12 seconds
3,29,fine : 27.12 seconds
[[1547  367]
 [  19   77]]
acc: 0.808
f1: 0.285
[[1907    7]
 [  82   14]]
acc: 0.956
f1: 0.239
3,30,coarse : 26.87 seconds
3,30,fine : 26.88 seconds
[[1548  366]
 [  19   77]]
acc: 0.808
f1: 0.286
[[1907    7]
 [  82   14]]
acc: 0.956
f1: 0.239
3,31,coarse : 26.97 seconds
3,31,fine : 26.97 seconds
[[1549  365]
 [  18   78]]
acc: 0.809
f1: 0.289
[[1906    8]
 [  82   14]]
acc: 0.955
f1: 0.237
3,32,coarse : 26.77 seconds
3,32,fine : 26.78 seconds
[[1551  363]
 [  17   79]]
acc: 0.811
f1: 0.294
[[1906    8]
 [  82   14]]
acc: 0.955
f1: 0.237
3,33,coarse : 27.14 seconds
3,33,fine : 27.14 seconds
[[1549  365]
 [  19   77]]
acc: 0.809
f1: 0.286
[[1906    8]
 [  82   14]]
acc: 0.955
f1: 0.237
3,34,coarse : 26.66 seconds
3,34,fine : 26.67 seconds
[[1547  367]
 [  18   78]]
acc: 0.808
f1: 0.288
[[1905    9]
 [  82   14]]
acc: 0.955
f1: 0.235
3,35,coarse : 26.73 seconds
3,35,fine : 26.74 seconds
[[1540  374]
 [  18   78]]
acc: 0.805
f1: 0.285
[[1905    9]
 [  82   14]]
acc: 0.955
f1: 0.235
3,36,coarse : 27.15 seconds
3,36,fine : 27.16 seconds
[[1553  361]
 [  18   78]]
acc: 0.811
f1: 0.292
[[1906    8]
 [  82   14]]
acc: 0.955
f1: 0.237
3,37,coarse : 26.48 seconds
3,37,fine : 26.49 seconds
[[1546  368]
 [  21   75]]
acc: 0.806
f1: 0.278
[[1906    8]
 [  81   15]]
acc: 0.956
f1: 0.252
3,38,coarse : 26.66 seconds
3,38,fine : 26.67 seconds
[[1544  370]
 [  18   78]]
acc: 0.807
f1: 0.287
[[1906    8]
 [  81   15]]
acc: 0.956
f1: 0.252
3,39,coarse : 26.87 seconds
3,39,fine : 26.88 seconds
[[1544  370]
 [  21   75]]
acc: 0.805
f1: 0.277
[[1906    8]
 [  81   15]]
acc: 0.956
f1: 0.252
3,40,coarse : 27.17 seconds
3,40,fine : 27.18 seconds
[[1544  370]
 [  20   76]]
acc: 0.806
f1: 0.280
[[1906    8]
 [  81   15]]
acc: 0.956
f1: 0.252
3,41,coarse : 26.67 seconds
3,41,fine : 26.67 seconds
[[1550  364]
 [  20   76]]
acc: 0.809
f1: 0.284
[[1905    9]
 [  80   16]]
acc: 0.956
f1: 0.264
3,42,coarse : 26.53 seconds
3,42,fine : 26.53 seconds
[[1552  362]
 [  20   76]]
acc: 0.810
f1: 0.285
[[1904   10]
 [  79   17]]
acc: 0.956
f1: 0.276
3,43,coarse : 27.19 seconds
3,43,fine : 27.2 seconds
[[1552  362]
 [  18   78]]
acc: 0.811
f1: 0.291
[[1904   10]
 [  78   18]]
acc: 0.956
f1: 0.290
3,44,coarse : 26.55 seconds
3,44,fine : 26.56 seconds
[[1545  369]
 [  18   78]]
acc: 0.807
f1: 0.287
[[1903   11]
 [  77   19]]
acc: 0.956
f1: 0.302
3,45,coarse : 26.68 seconds
3,45,fine : 26.68 seconds
[[1542  372]
 [  17   79]]
acc: 0.806
f1: 0.289
[[1903   11]
 [  77   19]]
acc: 0.956
f1: 0.302
3,46,coarse : 26.67 seconds
3,46,fine : 26.68 seconds
[[1545  369]
 [  17   79]]
acc: 0.808
f1: 0.290
[[1903   11]
 [  77   19]]
acc: 0.956
f1: 0.302
3,47,coarse : 27.0 seconds
3,47,fine : 27.01 seconds
[[1542  372]
 [  17   79]]
acc: 0.806
f1: 0.289
[[1902   12]
 [  77   19]]
acc: 0.956
f1: 0.299
3,48,coarse : 26.58 seconds
3,48,fine : 26.59 seconds
[[1540  374]
 [  17   79]]
acc: 0.805
f1: 0.288
[[1901   13]
 [  76   20]]
acc: 0.956
f1: 0.310
3,49,coarse : 26.53 seconds
3,49,fine : 26.54 seconds
[[1538  376]
 [  17   79]]
acc: 0.804
f1: 0.287
[[1900   14]
 [  76   20]]
acc: 0.955
f1: 0.308
3,50,coarse : 28.63 seconds
3,50,fine : 28.64 seconds
[[1540  374]
 [  17   79]]
acc: 0.805
f1: 0.288
[[1899   15]
 [  75   21]]
acc: 0.955
f1: 0.318
3,51,coarse : 26.57 seconds
3,51,fine : 26.57 seconds
[[1545  369]
 [  18   78]]
acc: 0.807
f1: 0.287
[[1898   16]
 [  73   23]]
acc: 0.956
f1: 0.341
3,52,coarse : 26.93 seconds
3,52,fine : 26.94 seconds
[[1549  365]
 [  19   77]]
acc: 0.809
f1: 0.286
[[1898   16]
 [  73   23]]
acc: 0.956
f1: 0.341
3,53,coarse : 27.18 seconds
3,53,fine : 27.19 seconds
[[1551  363]
 [  18   78]]
acc: 0.810
f1: 0.291
[[1896   18]
 [  73   23]]
acc: 0.955
f1: 0.336
3,54,coarse : 26.88 seconds
3,54,fine : 26.89 seconds
[[1552  362]
 [  17   79]]
acc: 0.811
f1: 0.294
[[1896   18]
 [  73   23]]
acc: 0.955
f1: 0.336
3,55,coarse : 26.89 seconds
3,55,fine : 26.9 seconds
[[1556  358]
 [  19   77]]
acc: 0.812
f1: 0.290
[[1895   19]
 [  74   22]]
acc: 0.954
f1: 0.321
3,56,coarse : 27.1 seconds
3,56,fine : 27.11 seconds
[[1552  362]
 [  19   77]]
acc: 0.810
f1: 0.288
[[1895   19]
 [  72   24]]
acc: 0.955
f1: 0.345
3,57,coarse : 27.78 seconds
3,57,fine : 27.79 seconds
[[1557  357]
 [  19   77]]
acc: 0.813
f1: 0.291
[[1895   19]
 [  74   22]]
acc: 0.954
f1: 0.321
3,58,coarse : 27.38 seconds
3,58,fine : 27.39 seconds
[[1555  359]
 [  19   77]]
acc: 0.812
f1: 0.289
[[1894   20]
 [  74   22]]
acc: 0.953
f1: 0.319
3,59,coarse : 27.45 seconds
3,59,fine : 27.46 seconds
[[1551  363]
 [  20   76]]
acc: 0.809
f1: 0.284
[[1894   20]
 [  74   22]]
acc: 0.953
f1: 0.319
3,60,coarse : 27.49 seconds
3,60,fine : 27.5 seconds
[[1552  362]
 [  19   77]]
acc: 0.810
f1: 0.288
[[1894   20]
 [  74   22]]
acc: 0.953
f1: 0.319
3,61,coarse : 27.5 seconds
3,61,fine : 27.51 seconds
[[1560  354]
 [  19   77]]
acc: 0.814
f1: 0.292
[[1894   20]
 [  74   22]]
acc: 0.953
f1: 0.319
3,62,coarse : 27.96 seconds
3,62,fine : 27.97 seconds
[[1551  363]
 [  19   77]]
acc: 0.810
f1: 0.287
[[1894   20]
 [  74   22]]
acc: 0.953
f1: 0.319
3,63,coarse : 27.58 seconds
3,63,fine : 27.59 seconds
[[1551  363]
 [  19   77]]
acc: 0.810
f1: 0.287
[[1892   22]
 [  74   22]]
acc: 0.952
f1: 0.314
3,64,coarse : 27.54 seconds
3,64,fine : 27.55 seconds
[[1552  362]
 [  19   77]]
acc: 0.810
f1: 0.288
[[1892   22]
 [  72   24]]
acc: 0.953
f1: 0.338
3,65,coarse : 27.8 seconds
3,65,fine : 27.8 seconds
[[1556  358]
 [  19   77]]
acc: 0.812
f1: 0.290
[[1891   23]
 [  71   25]]
acc: 0.953
f1: 0.347
3,66,coarse : 28.18 seconds
3,66,fine : 28.19 seconds
[[1551  363]
 [  18   78]]
acc: 0.810
f1: 0.291
[[1891   23]
 [  71   25]]
acc: 0.953
f1: 0.347
3,67,coarse : 27.53 seconds
3,67,fine : 27.54 seconds
[[1543  371]
 [  19   77]]
acc: 0.806
f1: 0.283
[[1890   24]
 [  72   24]]
acc: 0.952
f1: 0.333
3,68,coarse : 27.94 seconds
3,68,fine : 27.95 seconds
[[1545  369]
 [  19   77]]
acc: 0.807
f1: 0.284
[[1889   25]
 [  71   25]]
acc: 0.952
f1: 0.342
3,69,coarse : 27.9 seconds
3,69,fine : 27.91 seconds
[[1545  369]
 [  19   77]]
acc: 0.807
f1: 0.284
[[1890   24]
 [  71   25]]
acc: 0.953
f1: 0.345
3,70,coarse : 27.88 seconds
3,70,fine : 27.89 seconds
[[1538  376]
 [  20   76]]
acc: 0.803
f1: 0.277
[[1889   25]
 [  71   25]]
acc: 0.952
f1: 0.342
3,71,coarse : 28.29 seconds
3,71,fine : 28.3 seconds
[[1539  375]
 [  19   77]]
acc: 0.804
f1: 0.281
[[1889   25]
 [  71   25]]
acc: 0.952
f1: 0.342
3,72,coarse : 28.24 seconds
3,72,fine : 28.25 seconds
[[1543  371]
 [  19   77]]
acc: 0.806
f1: 0.283
[[1890   24]
 [  70   26]]
acc: 0.953
f1: 0.356
3,73,coarse : 27.81 seconds
3,73,fine : 27.82 seconds
[[1539  375]
 [  19   77]]
acc: 0.804
f1: 0.281
[[1889   25]
 [  70   26]]
acc: 0.953
f1: 0.354
3,74,coarse : 28.17 seconds
3,74,fine : 28.18 seconds
[[1540  374]
 [  19   77]]
acc: 0.804
f1: 0.282
[[1888   26]
 [  70   26]]
acc: 0.952
f1: 0.351
3,75,coarse : 28.8 seconds
3,75,fine : 28.81 seconds
[[1540  374]
 [  19   77]]
acc: 0.804
f1: 0.282
[[1887   27]
 [  70   26]]
acc: 0.952
f1: 0.349
3,76,coarse : 28.34 seconds
3,76,fine : 28.35 seconds
[[1540  374]
 [  19   77]]
acc: 0.804
f1: 0.282
[[1887   27]
 [  70   26]]
acc: 0.952
f1: 0.349
3,77,coarse : 28.0 seconds
3,77,fine : 28.01 seconds
[[1536  378]
 [  19   77]]
acc: 0.802
f1: 0.279
[[1887   27]
 [  70   26]]
acc: 0.952
f1: 0.349
3,78,coarse : 28.04 seconds
3,78,fine : 28.05 seconds
[[1539  375]
 [  19   77]]
acc: 0.804
f1: 0.281
[[1887   27]
 [  70   26]]
acc: 0.952
f1: 0.349
3,79,coarse : 28.53 seconds
3,79,fine : 28.54 seconds
[[1537  377]
 [  19   77]]
acc: 0.803
f1: 0.280
[[1886   28]
 [  69   27]]
acc: 0.952
f1: 0.358
3,80,coarse : 28.74 seconds
3,80,fine : 28.75 seconds
[[1536  378]
 [  19   77]]
acc: 0.802
f1: 0.279
[[1886   28]
 [  69   27]]
acc: 0.952
f1: 0.358
3,81,coarse : 27.29 seconds
3,81,fine : 27.3 seconds
[[1538  376]
 [  19   77]]
acc: 0.803
f1: 0.281
[[1887   27]
 [  69   27]]
acc: 0.952
f1: 0.360
3,82,coarse : 27.35 seconds
3,82,fine : 27.36 seconds
[[1542  372]
 [  18   78]]
acc: 0.806
f1: 0.286
[[1886   28]
 [  69   27]]
acc: 0.952
f1: 0.358
3,83,coarse : 27.39 seconds
3,83,fine : 27.41 seconds
[[1538  376]
 [  18   78]]
acc: 0.804
f1: 0.284
[[1887   27]
 [  69   27]]
acc: 0.952
f1: 0.360
3,84,coarse : 26.99 seconds
3,84,fine : 27.0 seconds
[[1537  377]
 [  19   77]]
acc: 0.803
f1: 0.280
[[1886   28]
 [  69   27]]
acc: 0.952
f1: 0.358
3,85,coarse : 28.24 seconds
3,85,fine : 28.26 seconds
[[1539  375]
 [  18   78]]
acc: 0.804
f1: 0.284
[[1885   29]
 [  69   27]]
acc: 0.951
f1: 0.355
3,86,coarse : 28.77 seconds
3,86,fine : 28.79 seconds
[[1540  374]
 [  18   78]]
acc: 0.805
f1: 0.285
[[1885   29]
 [  68   28]]
acc: 0.952
f1: 0.366
3,87,coarse : 28.58 seconds
3,87,fine : 28.59 seconds
[[1544  370]
 [  18   78]]
acc: 0.807
f1: 0.287
[[1883   31]
 [  68   28]]
acc: 0.951
f1: 0.361
3,88,coarse : 29.13 seconds
3,88,fine : 29.14 seconds
[[1545  369]
 [  17   79]]
acc: 0.808
f1: 0.290
[[1882   32]
 [  67   29]]
acc: 0.951
f1: 0.369
3,89,coarse : 29.41 seconds
3,89,fine : 29.42 seconds
[[1542  372]
 [  17   79]]
acc: 0.806
f1: 0.289
[[1882   32]
 [  66   30]]
acc: 0.951
f1: 0.380
3,90,coarse : 29.34 seconds
3,90,fine : 29.36 seconds
[[1544  370]
 [  16   80]]
acc: 0.808
f1: 0.293
[[1885   29]
 [  69   27]]
acc: 0.951
f1: 0.355
3,91,coarse : 29.87 seconds
3,91,fine : 29.89 seconds
[[1551  363]
 [  17   79]]
acc: 0.811
f1: 0.294
[[1884   30]
 [  69   27]]
acc: 0.951
f1: 0.353
3,92,coarse : 30.39 seconds
3,92,fine : 30.41 seconds
[[1549  365]
 [  16   80]]
acc: 0.810
f1: 0.296
[[1883   31]
 [  69   27]]
acc: 0.950
f1: 0.351
3,93,coarse : 29.32 seconds
3,93,fine : 29.33 seconds
[[1554  360]
 [  17   79]]
acc: 0.812
f1: 0.295
[[1883   31]
 [  67   29]]
acc: 0.951
f1: 0.372
3,94,coarse : 29.9 seconds
3,94,fine : 29.91 seconds
[[1552  362]
 [  17   79]]
acc: 0.811
f1: 0.294
[[1881   33]
 [  67   29]]
acc: 0.950
f1: 0.367
3,95,coarse : 30.05 seconds
3,95,fine : 30.06 seconds
[[1552  362]
 [  18   78]]
acc: 0.811
f1: 0.291
[[1881   33]
 [  67   29]]
acc: 0.950
f1: 0.367
3,96,coarse : 29.93 seconds
3,96,fine : 29.95 seconds
[[1554  360]
 [  18   78]]
acc: 0.812
f1: 0.292
[[1881   33]
 [  65   31]]
acc: 0.951
f1: 0.388
3,97,coarse : 30.39 seconds
3,97,fine : 30.41 seconds
[[1554  360]
 [  18   78]]
acc: 0.812
f1: 0.292
[[1881   33]
 [  65   31]]
acc: 0.951
f1: 0.388
3,98,coarse : 30.06 seconds
3,98,fine : 30.07 seconds
[[1548  366]
 [  17   79]]
acc: 0.809
f1: 0.292
[[1880   34]
 [  66   30]]
acc: 0.950
f1: 0.375
3,99,coarse : 29.62 seconds
3,99,fine : 29.63 seconds
[[1549  365]
 [  17   79]]
acc: 0.810
f1: 0.293
[[1880   34]
 [  66   30]]
acc: 0.950
f1: 0.375
3,100,coarse : 31.71 seconds
3,100,fine : 31.72 seconds
[[1548  366]
 [  17   79]]
acc: 0.809
f1: 0.292
[[1879   35]
 [  66   30]]
acc: 0.950
f1: 0.373
3,101,coarse : 29.99 seconds
3,101,fine : 30.01 seconds
[[1549  365]
 [  17   79]]
acc: 0.810
f1: 0.293
[[1878   36]
 [  65   31]]
acc: 0.950
f1: 0.380
3,102,coarse : 30.93 seconds
3,102,fine : 30.95 seconds
[[1548  366]
 [  18   78]]
acc: 0.809
f1: 0.289
[[1879   35]
 [  65   31]]
acc: 0.950
f1: 0.383
3,103,coarse : 30.49 seconds
3,103,fine : 30.51 seconds
[[1547  367]
 [  17   79]]
acc: 0.809
f1: 0.292
[[1879   35]
 [  64   32]]
acc: 0.951
f1: 0.393
3,104,coarse : 30.3 seconds
3,104,fine : 30.31 seconds
[[1546  368]
 [  18   78]]
acc: 0.808
f1: 0.288
[[1875   39]
 [  64   32]]
acc: 0.949
f1: 0.383
3,105,coarse : 30.08 seconds
3,105,fine : 30.1 seconds
[[1543  371]
 [  18   78]]
acc: 0.806
f1: 0.286
[[1874   40]
 [  64   32]]
acc: 0.948
f1: 0.381
3,106,coarse : 29.7 seconds
3,106,fine : 29.72 seconds
[[1543  371]
 [  18   78]]
acc: 0.806
f1: 0.286
[[1874   40]
 [  63   33]]
acc: 0.949
f1: 0.391
3,107,coarse : 29.81 seconds
3,107,fine : 29.83 seconds
[[1547  367]
 [  18   78]]
acc: 0.808
f1: 0.288
[[1874   40]
 [  63   33]]
acc: 0.949
f1: 0.391
3,108,coarse : 29.64 seconds
3,108,fine : 29.65 seconds
[[1546  368]
 [  18   78]]
acc: 0.808
f1: 0.288
[[1874   40]
 [  63   33]]
acc: 0.949
f1: 0.391
3,109,coarse : 29.83 seconds
3,109,fine : 29.84 seconds
[[1542  372]
 [  18   78]]
acc: 0.806
f1: 0.286
[[1873   41]
 [  63   33]]
acc: 0.948
f1: 0.388
3,110,coarse : 31.24 seconds
3,110,fine : 31.26 seconds
[[1540  374]
 [  17   79]]
acc: 0.805
f1: 0.288
[[1872   42]
 [  59   37]]
acc: 0.950
f1: 0.423
3,111,coarse : 30.88 seconds
3,111,fine : 30.9 seconds
[[1539  375]
 [  17   79]]
acc: 0.805
f1: 0.287
[[1871   43]
 [  59   37]]
acc: 0.949
f1: 0.420
3,112,coarse : 31.47 seconds
3,112,fine : 31.49 seconds
[[1537  377]
 [  17   79]]
acc: 0.804
f1: 0.286
[[1870   44]
 [  59   37]]
acc: 0.949
f1: 0.418
3,113,coarse : 31.26 seconds
3,113,fine : 31.28 seconds
[[1537  377]
 [  17   79]]
acc: 0.804
f1: 0.286
[[1869   45]
 [  59   37]]
acc: 0.948
f1: 0.416
3,114,coarse : 31.24 seconds
3,114,fine : 31.26 seconds
[[1534  380]
 [  17   79]]
acc: 0.802
f1: 0.285
[[1869   45]
 [  59   37]]
acc: 0.948
f1: 0.416
3,115,coarse : 31.36 seconds
3,115,fine : 31.38 seconds
[[1535  379]
 [  17   79]]
acc: 0.803
f1: 0.285
[[1868   46]
 [  58   38]]
acc: 0.948
f1: 0.422
3,116,coarse : 32.19 seconds
3,116,fine : 32.21 seconds
[[1536  378]
 [  16   80]]
acc: 0.804
f1: 0.289
[[1867   47]
 [  58   38]]
acc: 0.948
f1: 0.420
3,117,coarse : 32.24 seconds
3,117,fine : 32.25 seconds
[[1531  383]
 [  16   80]]
acc: 0.801
f1: 0.286
[[1867   47]
 [  58   38]]
acc: 0.948
f1: 0.420
3,118,coarse : 32.7 seconds
3,118,fine : 32.72 seconds
[[1527  387]
 [  16   80]]
acc: 0.800
f1: 0.284
[[1869   45]
 [  57   39]]
acc: 0.949
f1: 0.433
3,119,coarse : 32.47 seconds
3,119,fine : 32.49 seconds
[[1526  388]
 [  16   80]]
acc: 0.799
f1: 0.284
[[1871   43]
 [  58   38]]
acc: 0.950
f1: 0.429
3,120,coarse : 32.96 seconds
3,120,fine : 32.98 seconds
[[1527  387]
 [  16   80]]
acc: 0.800
f1: 0.284
[[1871   43]
 [  58   38]]
acc: 0.950
f1: 0.429
3,121,coarse : 32.67 seconds
3,121,fine : 32.68 seconds
[[1526  388]
 [  16   80]]
acc: 0.799
f1: 0.284
[[1871   43]
 [  58   38]]
acc: 0.950
f1: 0.429
3,122,coarse : 32.93 seconds
3,122,fine : 32.95 seconds
[[1526  388]
 [  16   80]]
acc: 0.799
f1: 0.284
[[1871   43]
 [  57   39]]
acc: 0.950
f1: 0.438
3,123,coarse : 32.87 seconds
3,123,fine : 32.89 seconds
[[1529  385]
 [  16   80]]
acc: 0.800
f1: 0.285
[[1868   46]
 [  57   39]]
acc: 0.949
f1: 0.431
3,124,coarse : 32.95 seconds
3,124,fine : 32.97 seconds
[[1527  387]
 [  16   80]]
acc: 0.800
f1: 0.284
[[1867   47]
 [  57   39]]
acc: 0.948
f1: 0.429
3,125,coarse : 32.51 seconds
3,125,fine : 32.53 seconds
[[1528  386]
 [  16   80]]
acc: 0.800
f1: 0.285
[[1865   49]
 [  57   39]]
acc: 0.947
f1: 0.424
3,126,coarse : 33.38 seconds
3,126,fine : 33.4 seconds
[[1528  386]
 [  16   80]]
acc: 0.800
f1: 0.285
[[1865   49]
 [  57   39]]
acc: 0.947
f1: 0.424
3,127,coarse : 33.68 seconds
3,127,fine : 33.7 seconds
[[1523  391]
 [  16   80]]
acc: 0.798
f1: 0.282
[[1864   50]
 [  56   40]]
acc: 0.947
f1: 0.430
3,128,coarse : 33.68 seconds
3,128,fine : 33.7 seconds
[[1523  391]
 [  16   80]]
acc: 0.798
f1: 0.282
[[1863   51]
 [  56   40]]
acc: 0.947
f1: 0.428
3,129,coarse : 33.62 seconds
3,129,fine : 33.64 seconds
[[1523  391]
 [  16   80]]
acc: 0.798
f1: 0.282
[[1863   51]
 [  56   40]]
acc: 0.947
f1: 0.428
3,130,coarse : 33.26 seconds
3,130,fine : 33.28 seconds
[[1524  390]
 [  16   80]]
acc: 0.798
f1: 0.283
[[1861   53]
 [  56   40]]
acc: 0.946
f1: 0.423
3,131,coarse : 33.71 seconds
3,131,fine : 33.73 seconds
[[1522  392]
 [  17   79]]
acc: 0.797
f1: 0.279
[[1860   54]
 [  56   40]]
acc: 0.945
f1: 0.421
3,132,coarse : 33.71 seconds
3,132,fine : 33.73 seconds
[[1521  393]
 [  17   79]]
acc: 0.796
f1: 0.278
[[1860   54]
 [  56   40]]
acc: 0.945
f1: 0.421
3,133,coarse : 33.51 seconds
3,133,fine : 33.53 seconds
[[1518  396]
 [  17   79]]
acc: 0.795
f1: 0.277
[[1859   55]
 [  56   40]]
acc: 0.945
f1: 0.419
3,134,coarse : 34.02 seconds
3,134,fine : 34.04 seconds
[[1518  396]
 [  17   79]]
acc: 0.795
f1: 0.277
[[1858   56]
 [  56   40]]
acc: 0.944
f1: 0.417
3,135,coarse : 34.09 seconds
3,135,fine : 34.11 seconds
[[1517  397]
 [  16   80]]
acc: 0.795
f1: 0.279
[[1860   54]
 [  57   39]]
acc: 0.945
f1: 0.413
3,136,coarse : 33.87 seconds
3,136,fine : 33.89 seconds
[[1515  399]
 [  16   80]]
acc: 0.794
f1: 0.278
[[1859   55]
 [  56   40]]
acc: 0.945
f1: 0.419
3,137,coarse : 34.52 seconds
3,137,fine : 34.54 seconds
[[1515  399]
 [  16   80]]
acc: 0.794
f1: 0.278
[[1859   55]
 [  56   40]]
acc: 0.945
f1: 0.419
3,138,coarse : 34.63 seconds
3,138,fine : 34.65 seconds
[[1515  399]
 [  15   81]]
acc: 0.794
f1: 0.281
[[1857   57]
 [  56   40]]
acc: 0.944
f1: 0.415
3,139,coarse : 34.7 seconds
3,139,fine : 34.72 seconds
[[1510  404]
 [  16   80]]
acc: 0.791
f1: 0.276
[[1855   59]
 [  56   40]]
acc: 0.943
f1: 0.410
3,140,coarse : 33.93 seconds
3,140,fine : 33.95 seconds
[[1510  404]
 [  16   80]]
acc: 0.791
f1: 0.276
[[1855   59]
 [  56   40]]
acc: 0.943
f1: 0.410
3,141,coarse : 35.02 seconds
3,141,fine : 35.04 seconds
[[1500  414]
 [  16   80]]
acc: 0.786
f1: 0.271
[[1854   60]
 [  56   40]]
acc: 0.942
f1: 0.408
3,142,coarse : 35.08 seconds
3,142,fine : 35.09 seconds
[[1503  411]
 [  16   80]]
acc: 0.788
f1: 0.273
[[1854   60]
 [  56   40]]
acc: 0.942
f1: 0.408
3,143,coarse : 35.64 seconds
3,143,fine : 35.66 seconds
[[1505  409]
 [  16   80]]
acc: 0.789
f1: 0.274
[[1855   59]
 [  56   40]]
acc: 0.943
f1: 0.410
3,144,coarse : 36.15 seconds
3,144,fine : 36.17 seconds
[[1503  411]
 [  16   80]]
acc: 0.788
f1: 0.273
[[1853   61]
 [  56   40]]
acc: 0.942
f1: 0.406
3,145,coarse : 36.13 seconds
3,145,fine : 36.15 seconds
[[1502  412]
 [  16   80]]
acc: 0.787
f1: 0.272
[[1853   61]
 [  55   41]]
acc: 0.942
f1: 0.414
3,146,coarse : 36.24 seconds
3,146,fine : 36.26 seconds
[[1506  408]
 [  16   80]]
acc: 0.789
f1: 0.274
[[1853   61]
 [  54   42]]
acc: 0.943
f1: 0.422
3,147,coarse : 36.72 seconds
3,147,fine : 36.74 seconds
[[1503  411]
 [  16   80]]
acc: 0.788
f1: 0.273
[[1853   61]
 [  54   42]]
acc: 0.943
f1: 0.422
3,148,coarse : 37.3 seconds
3,148,fine : 37.32 seconds
[[1504  410]
 [  16   80]]
acc: 0.788
f1: 0.273
[[1852   62]
 [  53   43]]
acc: 0.943
f1: 0.428
3,149,coarse : 37.24 seconds
3,149,fine : 37.26 seconds
[[1502  412]
 [  16   80]]
acc: 0.787
f1: 0.272
[[1852   62]
 [  53   43]]
acc: 0.943
f1: 0.428
3,150,coarse : 39.93 seconds
3,150,fine : 39.95 seconds
[[1502  412]
 [  16   80]]
acc: 0.787
f1: 0.272
[[1851   63]
 [  53   43]]
acc: 0.942
f1: 0.426
3,151,coarse : 37.28 seconds
3,151,fine : 37.3 seconds
[[1497  417]
 [  16   80]]
acc: 0.785
f1: 0.270
[[1851   63]
 [  53   43]]
acc: 0.942
f1: 0.426
3,152,coarse : 37.59 seconds
3,152,fine : 37.61 seconds
[[1496  418]
 [  16   80]]
acc: 0.784
f1: 0.269
[[1850   64]
 [  53   43]]
acc: 0.942
f1: 0.424
3,153,coarse : 38.0 seconds
3,153,fine : 38.02 seconds
[[1499  415]
 [  16   80]]
acc: 0.786
f1: 0.271
[[1850   64]
 [  53   43]]
acc: 0.942
f1: 0.424
3,154,coarse : 37.85 seconds
3,154,fine : 37.87 seconds
[[1498  416]
 [  16   80]]
acc: 0.785
f1: 0.270
[[1852   62]
 [  53   43]]
acc: 0.943
f1: 0.428
3,155,coarse : 37.19 seconds
3,155,fine : 37.21 seconds
[[1496  418]
 [  16   80]]
acc: 0.784
f1: 0.269
[[1851   63]
 [  53   43]]
acc: 0.942
f1: 0.426
3,156,coarse : 37.79 seconds
3,156,fine : 37.81 seconds
[[1492  422]
 [  16   80]]
acc: 0.782
f1: 0.268
[[1851   63]
 [  53   43]]
acc: 0.942
f1: 0.426
3,157,coarse : 37.92 seconds
3,157,fine : 37.94 seconds
[[1492  422]
 [  16   80]]
acc: 0.782
f1: 0.268
[[1851   63]
 [  53   43]]
acc: 0.942
f1: 0.426
3,158,coarse : 38.54 seconds
3,158,fine : 38.56 seconds
[[1492  422]
 [  16   80]]
acc: 0.782
f1: 0.268
[[1852   62]
 [  52   44]]
acc: 0.943
f1: 0.436
3,159,coarse : 38.93 seconds
3,159,fine : 38.95 seconds
[[1493  421]
 [  16   80]]
acc: 0.783
f1: 0.268
[[1851   63]
 [  52   44]]
acc: 0.943
f1: 0.433
3,160,coarse : 38.37 seconds
3,160,fine : 38.4 seconds
[[1494  420]
 [  16   80]]
acc: 0.783
f1: 0.268
[[1851   63]
 [  52   44]]
acc: 0.943
f1: 0.433
3,161,coarse : 38.41 seconds
3,161,fine : 38.43 seconds
[[1493  421]
 [  16   80]]
acc: 0.783
f1: 0.268
[[1851   63]
 [  52   44]]
acc: 0.943
f1: 0.433
3,162,coarse : 38.82 seconds
3,162,fine : 38.84 seconds
[[1493  421]
 [  16   80]]
acc: 0.783
f1: 0.268
[[1851   63]
 [  52   44]]
acc: 0.943
f1: 0.433
3,163,coarse : 39.23 seconds
3,163,fine : 39.26 seconds
[[1494  420]
 [  16   80]]
acc: 0.783
f1: 0.268
[[1851   63]
 [  52   44]]
acc: 0.943
f1: 0.433
3,164,coarse : 39.47 seconds
3,164,fine : 39.5 seconds
[[1495  419]
 [  16   80]]
acc: 0.784
f1: 0.269
[[1851   63]
 [  52   44]]
acc: 0.943
f1: 0.433
3,165,coarse : 39.58 seconds
3,165,fine : 39.6 seconds
[[1494  420]
 [  16   80]]
acc: 0.783
f1: 0.268
[[1851   63]
 [  50   46]]
acc: 0.944
f1: 0.449
3,166,coarse : 39.49 seconds
3,166,fine : 39.51 seconds
[[1492  422]
 [  16   80]]
acc: 0.782
f1: 0.268
[[1850   64]
 [  49   47]]
acc: 0.944
f1: 0.454
3,167,coarse : 39.45 seconds
3,167,fine : 39.47 seconds
[[1489  425]
 [  16   80]]
acc: 0.781
f1: 0.266
[[1849   65]
 [  49   47]]
acc: 0.943
f1: 0.452
3,168,coarse : 39.91 seconds
3,168,fine : 39.93 seconds
[[1489  425]
 [  16   80]]
acc: 0.781
f1: 0.266
[[1849   65]
 [  48   48]]
acc: 0.944
f1: 0.459
3,169,coarse : 39.81 seconds
3,169,fine : 39.83 seconds
[[1491  423]
 [  16   80]]
acc: 0.782
f1: 0.267
[[1848   66]
 [  47   49]]
acc: 0.944
f1: 0.464
3,170,coarse : 39.57 seconds
3,170,fine : 39.59 seconds
[[1484  430]
 [  16   80]]
acc: 0.778
f1: 0.264
[[1847   67]
 [  47   49]]
acc: 0.943
f1: 0.462
3,171,coarse : 41.32 seconds
3,171,fine : 41.34 seconds
[[1484  430]
 [  16   80]]
acc: 0.778
f1: 0.264
[[1845   69]
 [  45   51]]
acc: 0.943
f1: 0.472
3,172,coarse : 40.54 seconds
3,172,fine : 40.57 seconds
