all           0      1    2    3    4    5    6    7    8    
1      2010   1914   1    19   32   19   1    11   6    7    
2      2010   1914   1    19   32   19   1    11   6    7    
3      2010   1914   1    19   32   19   1    11   5    8    
4      2010   1914   1    19   32   19   1    10   6    8    
5      2010   1914   1    18   33   19   1    10   6    8    
6      2010   1914   1    18   33   19   1    10   6    8    
7      2010   1913   2    18   33   19   1    10   6    8    
8      2010   1913   2    18   33   19   1    10   6    8    
9      2009   1913   2    18   32   19   2    10   6    7    
10     2009   1913   1    19   32   19   1    11   6    7    
Total  20098  19136  13   185  324  190  11   104  59   76   
train         0      1    2    3    4    5    6    7    8    
1      2010   1914   1    19   32   19   1    11   6    7    
2      2010   1914   1    19   32   19   1    11   6    7    
3      2010   1914   1    19   32   19   1    11   5    8    
4      2010   1914   1    19   32   19   1    10   6    8    
5      2010   1914   1    18   33   19   1    10   6    8    
7      2010   1913   2    18   33   19   1    10   6    8    
8      2010   1913   2    18   33   19   1    10   6    8    
9      2009   1913   2    18   32   19   2    10   6    7    
10     2009   1913   1    19   32   19   1    11   6    7    
Total  18088  17222  12   167  291  171  10   94   53   68   
test          0      1    2    3    4    5    6    7    8    
6      2010   1914   1    18   33   19   1    10   6    8    
Total  2010   1914   1    18   33   19   1    10   6    8    
Classes             
0         17222     
1         12        
2         167       
3         291       
4         171       
5         10        
6         94        
7         53        
8         68        
Total     18088     

Shape: 450       

[952, 10, 11, 16, 11, 10, 10, 10, 10]
Sum start => 1040
[[1290  624]
 [  19   77]]
acc: 0.680
f1: 0.193
[[1870   44]
 [  87    9]]
acc: 0.935
f1: 0.121
6,1,coarse : 27.36 seconds
6,1,fine : 27.36 seconds
[[1290  624]
 [  19   77]]
acc: 0.680
f1: 0.193
[[1870   44]
 [  87    9]]
acc: 0.935
f1: 0.121
6,2,coarse : 28.85 seconds
6,2,fine : 28.85 seconds
[[1302  612]
 [  20   76]]
acc: 0.686
f1: 0.194
[[1873   41]
 [  87    9]]
acc: 0.936
f1: 0.123
6,3,coarse : 3.81 seconds
6,3,fine : 3.81 seconds
[[1310  604]
 [  20   76]]
acc: 0.690
f1: 0.196
[[1877   37]
 [  87    9]]
acc: 0.938
f1: 0.127
6,4,coarse : 4.01 seconds
6,4,fine : 4.01 seconds
[[1348  566]
 [  21   75]]
acc: 0.708
f1: 0.204
[[1876   38]
 [  87    9]]
acc: 0.938
f1: 0.126
6,5,coarse : 4.16 seconds
6,5,fine : 4.16 seconds
[[1382  532]
 [  22   74]]
acc: 0.724
f1: 0.211
[[1883   31]
 [  89    7]]
acc: 0.940
f1: 0.104
6,6,coarse : 4.33 seconds
6,6,fine : 4.34 seconds
[[1387  527]
 [  22   74]]
acc: 0.727
f1: 0.212
[[1878   36]
 [  88    8]]
acc: 0.938
f1: 0.114
6,7,coarse : 4.53 seconds
6,7,fine : 4.54 seconds
[[1419  495]
 [  22   74]]
acc: 0.743
f1: 0.223
[[1879   35]
 [  88    8]]
acc: 0.939
f1: 0.115
6,8,coarse : 4.65 seconds
6,8,fine : 4.65 seconds
[[1431  483]
 [  22   74]]
acc: 0.749
f1: 0.227
[[1878   36]
 [  87    9]]
acc: 0.939
f1: 0.128
6,9,coarse : 4.88 seconds
6,9,fine : 4.89 seconds
[[1435  479]
 [  22   74]]
acc: 0.751
f1: 0.228
[[1879   35]
 [  88    8]]
acc: 0.939
f1: 0.115
6,10,coarse : 5.05 seconds
6,10,fine : 5.06 seconds
[[1427  487]
 [  21   75]]
acc: 0.747
f1: 0.228
[[1882   32]
 [  87    9]]
acc: 0.941
f1: 0.131
6,11,coarse : 5.15 seconds
6,11,fine : 5.15 seconds
[[1443  471]
 [  22   74]]
acc: 0.755
f1: 0.231
[[1882   32]
 [  89    7]]
acc: 0.940
f1: 0.104
6,12,coarse : 5.46 seconds
6,12,fine : 5.46 seconds
[[1460  454]
 [  22   74]]
acc: 0.763
f1: 0.237
[[1888   26]
 [  87    9]]
acc: 0.944
f1: 0.137
6,13,coarse : 5.52 seconds
6,13,fine : 5.52 seconds
[[1453  461]
 [  23   73]]
acc: 0.759
f1: 0.232
[[1885   29]
 [  88    8]]
acc: 0.942
f1: 0.120
6,14,coarse : 5.63 seconds
6,14,fine : 5.63 seconds
[[1471  443]
 [  22   74]]
acc: 0.769
f1: 0.241
[[1887   27]
 [  88    8]]
acc: 0.943
f1: 0.122
6,15,coarse : 5.75 seconds
6,15,fine : 5.76 seconds
[[1474  440]
 [  22   74]]
acc: 0.770
f1: 0.243
[[1886   28]
 [  86   10]]
acc: 0.943
f1: 0.149
6,16,coarse : 5.98 seconds
6,16,fine : 5.99 seconds
[[1463  451]
 [  23   73]]
acc: 0.764
f1: 0.235
[[1886   28]
 [  86   10]]
acc: 0.943
f1: 0.149
6,17,coarse : 6.07 seconds
6,17,fine : 6.08 seconds
[[1458  456]
 [  25   71]]
acc: 0.761
f1: 0.228
[[1884   30]
 [  85   11]]
acc: 0.943
f1: 0.161
6,18,coarse : 6.3 seconds
6,18,fine : 6.3 seconds
[[1450  464]
 [  24   72]]
acc: 0.757
f1: 0.228
[[1887   27]
 [  85   11]]
acc: 0.944
f1: 0.164
6,19,coarse : 6.42 seconds
6,19,fine : 6.43 seconds
[[1459  455]
 [  24   72]]
acc: 0.762
f1: 0.231
[[1885   29]
 [  81   15]]
acc: 0.945
f1: 0.214
6,20,coarse : 6.68 seconds
6,20,fine : 6.69 seconds
[[1452  462]
 [  23   73]]
acc: 0.759
f1: 0.231
[[1884   30]
 [  81   15]]
acc: 0.945
f1: 0.213
6,21,coarse : 6.87 seconds
6,21,fine : 6.87 seconds
[[1454  460]
 [  21   75]]
acc: 0.761
f1: 0.238
[[1886   28]
 [  81   15]]
acc: 0.946
f1: 0.216
6,22,coarse : 6.89 seconds
6,22,fine : 6.9 seconds
[[1457  457]
 [  21   75]]
acc: 0.762
f1: 0.239
[[1886   28]
 [  78   18]]
acc: 0.947
f1: 0.254
6,23,coarse : 7.15 seconds
6,23,fine : 7.15 seconds
[[1455  459]
 [  21   75]]
acc: 0.761
f1: 0.238
[[1886   28]
 [  79   17]]
acc: 0.947
f1: 0.241
6,24,coarse : 7.55 seconds
6,24,fine : 7.55 seconds
[[1460  454]
 [  21   75]]
acc: 0.764
f1: 0.240
[[1886   28]
 [  78   18]]
acc: 0.947
f1: 0.254
6,25,coarse : 7.48 seconds
6,25,fine : 7.48 seconds
[[1457  457]
 [  21   75]]
acc: 0.762
f1: 0.239
[[1886   28]
 [  78   18]]
acc: 0.947
f1: 0.254
6,26,coarse : 7.64 seconds
6,26,fine : 7.64 seconds
[[1444  470]
 [  20   76]]
acc: 0.756
f1: 0.237
[[1878   36]
 [  75   21]]
acc: 0.945
f1: 0.275
6,27,coarse : 7.76 seconds
6,27,fine : 7.76 seconds
[[1442  472]
 [  20   76]]
acc: 0.755
f1: 0.236
[[1874   40]
 [  75   21]]
acc: 0.943
f1: 0.268
6,28,coarse : 7.98 seconds
6,28,fine : 7.99 seconds
[[1446  468]
 [  18   78]]
acc: 0.758
f1: 0.243
[[1878   36]
 [  75   21]]
acc: 0.945
f1: 0.275
6,29,coarse : 8.11 seconds
6,29,fine : 8.11 seconds
[[1451  463]
 [  19   77]]
acc: 0.760
f1: 0.242
[[1873   41]
 [  74   22]]
acc: 0.943
f1: 0.277
6,30,coarse : 8.47 seconds
6,30,fine : 8.48 seconds
[[1447  467]
 [  18   78]]
acc: 0.759
f1: 0.243
[[1872   42]
 [  74   22]]
acc: 0.942
f1: 0.275
6,31,coarse : 8.59 seconds
6,31,fine : 8.59 seconds
[[1453  461]
 [  18   78]]
acc: 0.762
f1: 0.246
[[1873   41]
 [  74   22]]
acc: 0.943
f1: 0.277
6,32,coarse : 8.77 seconds
6,32,fine : 8.78 seconds
[[1455  459]
 [  18   78]]
acc: 0.763
f1: 0.246
[[1871   43]
 [  74   22]]
acc: 0.942
f1: 0.273
6,33,coarse : 8.98 seconds
6,33,fine : 8.99 seconds
[[1458  456]
 [  18   78]]
acc: 0.764
f1: 0.248
[[1870   44]
 [  73   23]]
acc: 0.942
f1: 0.282
6,34,coarse : 9.22 seconds
6,34,fine : 9.23 seconds
[[1458  456]
 [  17   79]]
acc: 0.765
f1: 0.250
[[1871   43]
 [  74   22]]
acc: 0.942
f1: 0.273
6,35,coarse : 9.34 seconds
6,35,fine : 9.34 seconds
[[1452  462]
 [  17   79]]
acc: 0.762
f1: 0.248
[[1873   41]
 [  73   23]]
acc: 0.943
f1: 0.287
6,36,coarse : 9.65 seconds
6,36,fine : 9.65 seconds
[[1458  456]
 [  17   79]]
acc: 0.765
f1: 0.250
[[1870   44]
 [  73   23]]
acc: 0.942
f1: 0.282
6,37,coarse : 9.7 seconds
6,37,fine : 9.71 seconds
[[1452  462]
 [  19   77]]
acc: 0.761
f1: 0.243
[[1872   42]
 [  73   23]]
acc: 0.943
f1: 0.286
6,38,coarse : 10.04 seconds
6,38,fine : 10.05 seconds
[[1459  455]
 [  19   77]]
acc: 0.764
f1: 0.245
[[1870   44]
 [  71   25]]
acc: 0.943
f1: 0.303
6,39,coarse : 10.01 seconds
6,39,fine : 10.02 seconds
[[1455  459]
 [  19   77]]
acc: 0.762
f1: 0.244
[[1870   44]
 [  73   23]]
acc: 0.942
f1: 0.282
6,40,coarse : 10.34 seconds
6,40,fine : 10.35 seconds
[[1456  458]
 [  19   77]]
acc: 0.763
f1: 0.244
[[1870   44]
 [  72   24]]
acc: 0.942
f1: 0.293
6,41,coarse : 10.71 seconds
6,41,fine : 10.72 seconds
[[1456  458]
 [  19   77]]
acc: 0.763
f1: 0.244
[[1869   45]
 [  72   24]]
acc: 0.942
f1: 0.291
6,42,coarse : 10.66 seconds
6,42,fine : 10.67 seconds
[[1455  459]
 [  18   78]]
acc: 0.763
f1: 0.246
[[1868   46]
 [  72   24]]
acc: 0.941
f1: 0.289
6,43,coarse : 10.88 seconds
6,43,fine : 10.88 seconds
[[1455  459]
 [  18   78]]
acc: 0.763
f1: 0.246
[[1865   49]
 [  68   28]]
acc: 0.942
f1: 0.324
6,44,coarse : 11.08 seconds
6,44,fine : 11.09 seconds
[[1456  458]
 [  18   78]]
acc: 0.763
f1: 0.247
[[1863   51]
 [  69   27]]
acc: 0.940
f1: 0.310
6,45,coarse : 11.16 seconds
6,45,fine : 11.17 seconds
[[1459  455]
 [  18   78]]
acc: 0.765
f1: 0.248
[[1864   50]
 [  68   28]]
acc: 0.941
f1: 0.322
6,46,coarse : 11.42 seconds
6,46,fine : 11.43 seconds
[[1454  460]
 [  18   78]]
acc: 0.762
f1: 0.246
[[1864   50]
 [  67   29]]
acc: 0.942
f1: 0.331
6,47,coarse : 11.73 seconds
6,47,fine : 11.74 seconds
[[1452  462]
 [  19   77]]
acc: 0.761
f1: 0.243
[[1864   50]
 [  65   31]]
acc: 0.943
f1: 0.350
6,48,coarse : 11.8 seconds
6,48,fine : 11.81 seconds
[[1455  459]
 [  19   77]]
acc: 0.762
f1: 0.244
[[1863   51]
 [  64   32]]
acc: 0.943
f1: 0.358
6,49,coarse : 11.8 seconds
6,49,fine : 11.81 seconds
[[1459  455]
 [  19   77]]
acc: 0.764
f1: 0.245
[[1862   52]
 [  65   31]]
acc: 0.942
f1: 0.346
6,50,coarse : 13.76 seconds
6,50,fine : 13.77 seconds
[[1458  456]
 [  18   78]]
acc: 0.764
f1: 0.248
[[1865   49]
 [  65   31]]
acc: 0.943
f1: 0.352
6,51,coarse : 12.25 seconds
6,51,fine : 12.26 seconds
[[1449  465]
 [  18   78]]
acc: 0.760
f1: 0.244
[[1862   52]
 [  64   32]]
acc: 0.942
f1: 0.356
6,52,coarse : 12.85 seconds
6,52,fine : 12.86 seconds
[[1453  461]
 [  18   78]]
acc: 0.762
f1: 0.246
[[1864   50]
 [  64   32]]
acc: 0.943
f1: 0.360
6,53,coarse : 12.8 seconds
6,53,fine : 12.81 seconds
[[1455  459]
 [  18   78]]
acc: 0.763
f1: 0.246
[[1864   50]
 [  64   32]]
acc: 0.943
f1: 0.360
6,54,coarse : 12.91 seconds
6,54,fine : 12.92 seconds
[[1455  459]
 [  18   78]]
acc: 0.763
f1: 0.246
[[1862   52]
 [  64   32]]
acc: 0.942
f1: 0.356
6,55,coarse : 13.04 seconds
6,55,fine : 13.05 seconds
[[1455  459]
 [  19   77]]
acc: 0.762
f1: 0.244
[[1864   50]
 [  64   32]]
acc: 0.943
f1: 0.360
6,56,coarse : 13.7 seconds
6,56,fine : 13.71 seconds
[[1451  463]
 [  18   78]]
acc: 0.761
f1: 0.245
[[1862   52]
 [  63   33]]
acc: 0.943
f1: 0.365
6,57,coarse : 13.57 seconds
6,57,fine : 13.58 seconds
[[1446  468]
 [  18   78]]
acc: 0.758
f1: 0.243
[[1861   53]
 [  64   32]]
acc: 0.942
f1: 0.354
6,58,coarse : 13.66 seconds
6,58,fine : 13.67 seconds
[[1457  457]
 [  18   78]]
acc: 0.764
f1: 0.247
[[1863   51]
 [  63   33]]
acc: 0.943
f1: 0.367
6,59,coarse : 14.17 seconds
6,59,fine : 14.18 seconds
[[1462  452]
 [  18   78]]
acc: 0.766
f1: 0.249
[[1861   53]
 [  62   34]]
acc: 0.943
f1: 0.372
6,60,coarse : 14.36 seconds
6,60,fine : 14.37 seconds
[[1463  451]
 [  18   78]]
acc: 0.767
f1: 0.250
[[1862   52]
 [  63   33]]
acc: 0.943
f1: 0.365
6,61,coarse : 14.3 seconds
6,61,fine : 14.31 seconds
[[1458  456]
 [  18   78]]
acc: 0.764
f1: 0.248
[[1862   52]
 [  61   35]]
acc: 0.944
f1: 0.383
6,62,coarse : 14.72 seconds
6,62,fine : 14.73 seconds
[[1458  456]
 [  17   79]]
acc: 0.765
f1: 0.250
[[1862   52]
 [  62   34]]
acc: 0.943
f1: 0.374
6,63,coarse : 14.99 seconds
6,63,fine : 15.0 seconds
[[1460  454]
 [  17   79]]
acc: 0.766
f1: 0.251
[[1861   53]
 [  60   36]]
acc: 0.944
f1: 0.389
6,64,coarse : 15.12 seconds
6,64,fine : 15.13 seconds
[[1457  457]
 [  18   78]]
acc: 0.764
f1: 0.247
[[1858   56]
 [  61   35]]
acc: 0.942
f1: 0.374
6,65,coarse : 15.12 seconds
6,65,fine : 15.13 seconds
[[1458  456]
 [  18   78]]
acc: 0.764
f1: 0.248
[[1858   56]
 [  61   35]]
acc: 0.942
f1: 0.374
6,66,coarse : 15.5 seconds
6,66,fine : 15.51 seconds
[[1458  456]
 [  17   79]]
acc: 0.765
f1: 0.250
[[1855   59]
 [  56   40]]
acc: 0.943
f1: 0.410
6,67,coarse : 15.66 seconds
6,67,fine : 15.67 seconds
[[1458  456]
 [  18   78]]
acc: 0.764
f1: 0.248
[[1857   57]
 [  56   40]]
acc: 0.944
f1: 0.415
6,68,coarse : 15.83 seconds
6,68,fine : 15.84 seconds
[[1462  452]
 [  18   78]]
acc: 0.766
f1: 0.249
[[1852   62]
 [  57   39]]
acc: 0.941
f1: 0.396
6,69,coarse : 15.68 seconds
6,69,fine : 15.69 seconds
[[1463  451]
 [  19   77]]
acc: 0.766
f1: 0.247
[[1853   61]
 [  56   40]]
acc: 0.942
f1: 0.406
6,70,coarse : 16.27 seconds
6,70,fine : 16.28 seconds
[[1464  450]
 [  18   78]]
acc: 0.767
f1: 0.250
[[1852   62]
 [  56   40]]
acc: 0.941
f1: 0.404
6,71,coarse : 16.4 seconds
6,71,fine : 16.41 seconds
[[1468  446]
 [  19   77]]
acc: 0.769
f1: 0.249
[[1852   62]
 [  56   40]]
acc: 0.941
f1: 0.404
6,72,coarse : 16.78 seconds
6,72,fine : 16.79 seconds
[[1462  452]
 [  18   78]]
acc: 0.766
f1: 0.249
[[1850   64]
 [  56   40]]
acc: 0.940
f1: 0.400
6,73,coarse : 17.18 seconds
6,73,fine : 17.19 seconds
[[1458  456]
 [  18   78]]
acc: 0.764
f1: 0.248
[[1852   62]
 [  55   41]]
acc: 0.942
f1: 0.412
6,74,coarse : 17.11 seconds
6,74,fine : 17.12 seconds
[[1459  455]
 [  18   78]]
acc: 0.765
f1: 0.248
[[1853   61]
 [  57   39]]
acc: 0.941
f1: 0.398
6,75,coarse : 17.3 seconds
6,75,fine : 17.32 seconds
[[1448  466]
 [  20   76]]
acc: 0.758
f1: 0.238
[[1855   59]
 [  58   38]]
acc: 0.942
f1: 0.394
6,76,coarse : 17.47 seconds
6,76,fine : 17.49 seconds
[[1449  465]
 [  20   76]]
acc: 0.759
f1: 0.239
[[1856   58]
 [  56   40]]
acc: 0.943
f1: 0.412
6,77,coarse : 17.73 seconds
6,77,fine : 17.74 seconds
[[1454  460]
 [  20   76]]
acc: 0.761
f1: 0.241
[[1857   57]
 [  56   40]]
acc: 0.944
f1: 0.415
6,78,coarse : 17.72 seconds
6,78,fine : 17.73 seconds
[[1456  458]
 [  20   76]]
acc: 0.762
f1: 0.241
[[1855   59]
 [  58   38]]
acc: 0.942
f1: 0.394
6,79,coarse : 18.0 seconds
6,79,fine : 18.01 seconds
[[1452  462]
 [  20   76]]
acc: 0.760
f1: 0.240
[[1856   58]
 [  59   37]]
acc: 0.942
f1: 0.387
6,80,coarse : 18.26 seconds
6,80,fine : 18.28 seconds
[[1460  454]
 [  19   77]]
acc: 0.765
f1: 0.246
[[1858   56]
 [  59   37]]
acc: 0.943
f1: 0.392
6,81,coarse : 18.49 seconds
6,81,fine : 18.51 seconds
[[1454  460]
 [  20   76]]
acc: 0.761
f1: 0.241
[[1860   54]
 [  60   36]]
acc: 0.943
f1: 0.387
6,82,coarse : 18.37 seconds
6,82,fine : 18.38 seconds
[[1457  457]
 [  19   77]]
acc: 0.763
f1: 0.244
[[1857   57]
 [  61   35]]
acc: 0.941
f1: 0.372
6,83,coarse : 18.74 seconds
6,83,fine : 18.76 seconds
[[1461  453]
 [  20   76]]
acc: 0.765
f1: 0.243
[[1856   58]
 [  60   36]]
acc: 0.941
f1: 0.379
6,84,coarse : 19.16 seconds
6,84,fine : 19.17 seconds
[[1462  452]
 [  19   77]]
acc: 0.766
f1: 0.246
[[1856   58]
 [  60   36]]
acc: 0.941
f1: 0.379
6,85,coarse : 19.12 seconds
6,85,fine : 19.13 seconds
[[1460  454]
 [  19   77]]
acc: 0.765
f1: 0.246
[[1857   57]
 [  61   35]]
acc: 0.941
f1: 0.372
6,86,coarse : 19.96 seconds
6,86,fine : 19.97 seconds
[[1460  454]
 [  19   77]]
acc: 0.765
f1: 0.246
[[1857   57]
 [  61   35]]
acc: 0.941
f1: 0.372
6,87,coarse : 19.72 seconds
6,87,fine : 19.73 seconds
[[1464  450]
 [  18   78]]
acc: 0.767
f1: 0.250
[[1858   56]
 [  60   36]]
acc: 0.942
f1: 0.383
6,88,coarse : 20.09 seconds
6,88,fine : 20.11 seconds
[[1466  448]
 [  18   78]]
acc: 0.768
f1: 0.251
[[1859   55]
 [  60   36]]
acc: 0.943
f1: 0.385
6,89,coarse : 20.58 seconds
6,89,fine : 20.59 seconds
[[1469  445]
 [  18   78]]
acc: 0.770
f1: 0.252
[[1861   53]
 [  59   37]]
acc: 0.944
f1: 0.398
6,90,coarse : 20.91 seconds
6,90,fine : 20.92 seconds
[[1472  442]
 [  18   78]]
acc: 0.771
f1: 0.253
[[1861   53]
 [  59   37]]
acc: 0.944
f1: 0.398
6,91,coarse : 20.49 seconds
6,91,fine : 20.5 seconds
[[1472  442]
 [  18   78]]
acc: 0.771
f1: 0.253
[[1860   54]
 [  58   38]]
acc: 0.944
f1: 0.404
6,92,coarse : 20.92 seconds
6,92,fine : 20.94 seconds
[[1470  444]
 [  18   78]]
acc: 0.770
f1: 0.252
[[1859   55]
 [  59   37]]
acc: 0.943
f1: 0.394
6,93,coarse : 21.14 seconds
6,93,fine : 21.16 seconds
[[1474  440]
 [  19   77]]
acc: 0.772
f1: 0.251
[[1860   54]
 [  60   36]]
acc: 0.943
f1: 0.387
6,94,coarse : 21.14 seconds
6,94,fine : 21.15 seconds
[[1477  437]
 [  19   77]]
acc: 0.773
f1: 0.252
[[1861   53]
 [  59   37]]
acc: 0.944
f1: 0.398
6,95,coarse : 22.02 seconds
6,95,fine : 22.03 seconds
[[1473  441]
 [  19   77]]
acc: 0.771
f1: 0.251
[[1860   54]
 [  59   37]]
acc: 0.944
f1: 0.396
6,96,coarse : 21.99 seconds
6,96,fine : 22.0 seconds
[[1477  437]
 [  18   78]]
acc: 0.774
f1: 0.255
[[1859   55]
 [  59   37]]
acc: 0.943
f1: 0.394
6,97,coarse : 22.0 seconds
6,97,fine : 22.01 seconds
[[1476  438]
 [  19   77]]
acc: 0.773
f1: 0.252
[[1861   53]
 [  60   36]]
acc: 0.944
f1: 0.389
6,98,coarse : 22.75 seconds
6,98,fine : 22.77 seconds
[[1468  446]
 [  18   78]]
acc: 0.769
f1: 0.252
[[1861   53]
 [  60   36]]
acc: 0.944
f1: 0.389
6,99,coarse : 22.45 seconds
6,99,fine : 22.46 seconds
[[1467  447]
 [  18   78]]
acc: 0.769
f1: 0.251
[[1863   51]
 [  59   37]]
acc: 0.945
f1: 0.402
6,100,coarse : 24.09 seconds
6,100,fine : 24.1 seconds
[[1468  446]
 [  19   77]]
acc: 0.769
f1: 0.249
[[1863   51]
 [  59   37]]
acc: 0.945
f1: 0.402
6,101,coarse : 22.76 seconds
6,101,fine : 22.78 seconds
[[1475  439]
 [  19   77]]
acc: 0.772
f1: 0.252
[[1862   52]
 [  59   37]]
acc: 0.945
f1: 0.400
6,102,coarse : 23.48 seconds
6,102,fine : 23.5 seconds
[[1476  438]
 [  19   77]]
acc: 0.773
f1: 0.252
[[1864   50]
 [  59   37]]
acc: 0.946
f1: 0.404
6,103,coarse : 23.31 seconds
6,103,fine : 23.32 seconds
[[1470  444]
 [  18   78]]
acc: 0.770
f1: 0.252
[[1861   53]
 [  59   37]]
acc: 0.944
f1: 0.398
6,104,coarse : 23.66 seconds
6,104,fine : 23.67 seconds
[[1469  445]
 [  18   78]]
acc: 0.770
f1: 0.252
[[1860   54]
 [  58   38]]
acc: 0.944
f1: 0.404
6,105,coarse : 23.25 seconds
6,105,fine : 23.27 seconds
[[1471  443]
 [  19   77]]
acc: 0.770
f1: 0.250
[[1863   51]
 [  57   39]]
acc: 0.946
f1: 0.419
6,106,coarse : 24.77 seconds
6,106,fine : 24.78 seconds
[[1473  441]
 [  19   77]]
acc: 0.771
f1: 0.251
[[1859   55]
 [  57   39]]
acc: 0.944
f1: 0.411
6,107,coarse : 24.92 seconds
6,107,fine : 24.93 seconds
[[1475  439]
 [  20   76]]
acc: 0.772
f1: 0.249
[[1859   55]
 [  57   39]]
acc: 0.944
f1: 0.411
6,108,coarse : 25.05 seconds
6,108,fine : 25.07 seconds
[[1478  436]
 [  20   76]]
acc: 0.773
f1: 0.250
[[1859   55]
 [  56   40]]
acc: 0.945
f1: 0.419
6,109,coarse : 25.09 seconds
6,109,fine : 25.1 seconds
[[1485  429]
 [  20   76]]
acc: 0.777
f1: 0.253
[[1859   55]
 [  56   40]]
acc: 0.945
f1: 0.419
6,110,coarse : 25.53 seconds
6,110,fine : 25.54 seconds
[[1487  427]
 [  20   76]]
acc: 0.778
f1: 0.254
[[1859   55]
 [  56   40]]
acc: 0.945
f1: 0.419
6,111,coarse : 26.03 seconds
6,111,fine : 26.04 seconds
[[1482  432]
 [  20   76]]
acc: 0.775
f1: 0.252
[[1859   55]
 [  56   40]]
acc: 0.945
f1: 0.419
6,112,coarse : 25.17 seconds
6,112,fine : 25.19 seconds
[[1480  434]
 [  20   76]]
acc: 0.774
f1: 0.251
[[1861   53]
 [  58   38]]
acc: 0.945
f1: 0.406
6,113,coarse : 25.19 seconds
6,113,fine : 25.21 seconds
[[1479  435]
 [  20   76]]
acc: 0.774
f1: 0.250
[[1861   53]
 [  58   38]]
acc: 0.945
f1: 0.406
6,114,coarse : 26.22 seconds
6,114,fine : 26.24 seconds
[[1479  435]
 [  20   76]]
acc: 0.774
f1: 0.250
[[1859   55]
 [  60   36]]
acc: 0.943
f1: 0.385
6,115,coarse : 27.11 seconds
6,115,fine : 27.13 seconds
[[1485  429]
 [  20   76]]
acc: 0.777
f1: 0.253
[[1858   56]
 [  59   37]]
acc: 0.943
f1: 0.392
6,116,coarse : 26.85 seconds
6,116,fine : 26.86 seconds
[[1483  431]
 [  20   76]]
acc: 0.776
f1: 0.252
[[1858   56]
 [  58   38]]
acc: 0.943
f1: 0.400
6,117,coarse : 26.43 seconds
6,117,fine : 26.44 seconds
[[1483  431]
 [  21   75]]
acc: 0.775
f1: 0.249
[[1858   56]
 [  57   39]]
acc: 0.944
f1: 0.408
6,118,coarse : 27.9 seconds
6,118,fine : 27.91 seconds
[[1482  432]
 [  20   76]]
acc: 0.775
f1: 0.252
[[1858   56]
 [  56   40]]
acc: 0.944
f1: 0.417
6,119,coarse : 27.91 seconds
6,119,fine : 27.93 seconds
[[1485  429]
 [  20   76]]
acc: 0.777
f1: 0.253
[[1858   56]
 [  56   40]]
acc: 0.944
f1: 0.417
6,120,coarse : 27.99 seconds
6,120,fine : 28.01 seconds
[[1480  434]
 [  21   75]]
acc: 0.774
f1: 0.248
[[1858   56]
 [  56   40]]
acc: 0.944
f1: 0.417
6,121,coarse : 27.95 seconds
6,121,fine : 27.97 seconds
[[1481  433]
 [  21   75]]
acc: 0.774
f1: 0.248
[[1858   56]
 [  56   40]]
acc: 0.944
f1: 0.417
6,122,coarse : 28.35 seconds
6,122,fine : 28.37 seconds
[[1479  435]
 [  21   75]]
acc: 0.773
f1: 0.248
[[1858   56]
 [  56   40]]
acc: 0.944
f1: 0.417
6,123,coarse : 28.77 seconds
6,123,fine : 28.79 seconds
[[1480  434]
 [  21   75]]
acc: 0.774
f1: 0.248
[[1857   57]
 [  54   42]]
acc: 0.945
f1: 0.431
6,124,coarse : 28.77 seconds
6,124,fine : 28.79 seconds
[[1483  431]
 [  21   75]]
acc: 0.775
f1: 0.249
[[1853   61]
 [  53   43]]
acc: 0.943
f1: 0.430
6,125,coarse : 29.12 seconds
6,125,fine : 29.14 seconds
[[1484  430]
 [  21   75]]
acc: 0.776
f1: 0.250
[[1854   60]
 [  53   43]]
acc: 0.944
f1: 0.432
6,126,coarse : 29.42 seconds
6,126,fine : 29.44 seconds
[[1486  428]
 [  21   75]]
acc: 0.777
f1: 0.250
[[1854   60]
 [  53   43]]
acc: 0.944
f1: 0.432
6,127,coarse : 28.93 seconds
6,127,fine : 28.95 seconds
[[1492  422]
 [  21   75]]
acc: 0.780
f1: 0.253
[[1856   58]
 [  53   43]]
acc: 0.945
f1: 0.437
6,128,coarse : 30.41 seconds
6,128,fine : 30.42 seconds
[[1494  420]
 [  22   74]]
acc: 0.780
f1: 0.251
[[1857   57]
 [  53   43]]
acc: 0.945
f1: 0.439
6,129,coarse : 30.72 seconds
6,129,fine : 30.74 seconds
[[1497  417]
 [  22   74]]
acc: 0.782
f1: 0.252
[[1856   58]
 [  54   42]]
acc: 0.944
f1: 0.429
6,130,coarse : 30.95 seconds
6,130,fine : 30.97 seconds
[[1496  418]
 [  22   74]]
acc: 0.781
f1: 0.252
[[1856   58]
 [  53   43]]
acc: 0.945
f1: 0.437
6,131,coarse : 30.75 seconds
6,131,fine : 30.77 seconds
[[1495  419]
 [  22   74]]
acc: 0.781
f1: 0.251
[[1855   59]
 [  54   42]]
acc: 0.944
f1: 0.426
6,132,coarse : 30.58 seconds
6,132,fine : 30.6 seconds
[[1490  424]
 [  22   74]]
acc: 0.778
f1: 0.249
[[1854   60]
 [  53   43]]
acc: 0.944
f1: 0.432
6,133,coarse : 31.51 seconds
6,133,fine : 31.52 seconds
[[1492  422]
 [  22   74]]
acc: 0.779
f1: 0.250
[[1854   60]
 [  53   43]]
acc: 0.944
f1: 0.432
6,134,coarse : 31.88 seconds
6,134,fine : 31.9 seconds
[[1490  424]
 [  22   74]]
acc: 0.778
f1: 0.249
[[1853   61]
 [  54   42]]
acc: 0.943
f1: 0.422
6,135,coarse : 32.75 seconds
6,135,fine : 32.77 seconds
[[1489  425]
 [  22   74]]
acc: 0.778
f1: 0.249
[[1853   61]
 [  53   43]]
acc: 0.943
f1: 0.430
6,136,coarse : 31.5 seconds
6,136,fine : 31.52 seconds
[[1489  425]
 [  22   74]]
acc: 0.778
f1: 0.249
[[1854   60]
 [  53   43]]
acc: 0.944
f1: 0.432
6,137,coarse : 32.42 seconds
6,137,fine : 32.44 seconds
[[1492  422]
 [  22   74]]
acc: 0.779
f1: 0.250
[[1853   61]
 [  53   43]]
acc: 0.943
f1: 0.430
6,138,coarse : 32.59 seconds
6,138,fine : 32.61 seconds
[[1496  418]
 [  22   74]]
acc: 0.781
f1: 0.252
[[1854   60]
 [  53   43]]
acc: 0.944
f1: 0.432
6,139,coarse : 32.84 seconds
6,139,fine : 32.86 seconds
[[1495  419]
 [  22   74]]
acc: 0.781
f1: 0.251
[[1853   61]
 [  53   43]]
acc: 0.943
f1: 0.430
6,140,coarse : 32.01 seconds
6,140,fine : 32.03 seconds
[[1495  419]
 [  22   74]]
acc: 0.781
f1: 0.251
[[1853   61]
 [  53   43]]
acc: 0.943
f1: 0.430
6,141,coarse : 32.52 seconds
6,141,fine : 32.54 seconds
[[1495  419]
 [  22   74]]
acc: 0.781
f1: 0.251
[[1852   62]
 [  52   44]]
acc: 0.943
f1: 0.436
6,142,coarse : 32.58 seconds
6,142,fine : 32.6 seconds
[[1501  413]
 [  22   74]]
acc: 0.784
f1: 0.254
[[1854   60]
 [  52   44]]
acc: 0.944
f1: 0.440
6,143,coarse : 33.25 seconds
6,143,fine : 33.27 seconds
[[1501  413]
 [  22   74]]
acc: 0.784
f1: 0.254
[[1854   60]
 [  52   44]]
acc: 0.944
f1: 0.440
6,144,coarse : 33.33 seconds
6,144,fine : 33.35 seconds
[[1498  416]
 [  22   74]]
acc: 0.782
f1: 0.253
[[1851   63]
 [  51   45]]
acc: 0.943
f1: 0.441
6,145,coarse : 33.69 seconds
6,145,fine : 33.71 seconds
[[1498  416]
 [  22   74]]
acc: 0.782
f1: 0.253
[[1851   63]
 [  52   44]]
acc: 0.943
f1: 0.433
6,146,coarse : 34.41 seconds
6,146,fine : 34.43 seconds
[[1497  417]
 [  22   74]]
acc: 0.782
f1: 0.252
[[1852   62]
 [  51   45]]
acc: 0.944
f1: 0.443
6,147,coarse : 34.49 seconds
6,147,fine : 34.51 seconds
[[1499  415]
 [  22   74]]
acc: 0.783
f1: 0.253
[[1852   62]
 [  51   45]]
acc: 0.944
f1: 0.443
6,148,coarse : 34.99 seconds
6,148,fine : 35.01 seconds
[[1499  415]
 [  22   74]]
acc: 0.783
f1: 0.253
[[1853   61]
 [  52   44]]
acc: 0.944
f1: 0.438
6,149,coarse : 35.06 seconds
6,149,fine : 35.08 seconds
[[1498  416]
 [  22   74]]
acc: 0.782
f1: 0.253
[[1853   61]
 [  52   44]]
acc: 0.944
f1: 0.438
6,150,coarse : 37.27 seconds
6,150,fine : 37.28 seconds
[[1498  416]
 [  22   74]]
acc: 0.782
f1: 0.253
[[1853   61]
 [  51   45]]
acc: 0.944
f1: 0.446
6,151,coarse : 34.97 seconds
6,151,fine : 34.99 seconds
[[1499  415]
 [  22   74]]
acc: 0.783
f1: 0.253
[[1855   59]
 [  50   46]]
acc: 0.946
f1: 0.458
6,152,coarse : 35.73 seconds
6,152,fine : 35.76 seconds
[[1500  414]
 [  22   74]]
acc: 0.783
f1: 0.253
[[1855   59]
 [  50   46]]
acc: 0.946
f1: 0.458
6,153,coarse : 36.47 seconds
6,153,fine : 36.49 seconds
[[1502  412]
 [  22   74]]
acc: 0.784
f1: 0.254
[[1855   59]
 [  50   46]]
acc: 0.946
f1: 0.458
6,154,coarse : 36.49 seconds
6,154,fine : 36.51 seconds
[[1504  410]
 [  22   74]]
acc: 0.785
f1: 0.255
[[1856   58]
 [  51   45]]
acc: 0.946
f1: 0.452
6,155,coarse : 36.57 seconds
6,155,fine : 36.59 seconds
[[1504  410]
 [  22   74]]
acc: 0.785
f1: 0.255
[[1856   58]
 [  50   46]]
acc: 0.946
f1: 0.460
6,156,coarse : 36.9 seconds
6,156,fine : 36.92 seconds
[[1501  413]
 [  22   74]]
acc: 0.784
f1: 0.254
[[1856   58]
 [  50   46]]
acc: 0.946
f1: 0.460
6,157,coarse : 36.87 seconds
6,157,fine : 36.89 seconds
[[1504  410]
 [  21   75]]
acc: 0.786
f1: 0.258
[[1855   59]
 [  50   46]]
acc: 0.946
f1: 0.458
6,158,coarse : 35.76 seconds
6,158,fine : 35.78 seconds
[[1503  411]
 [  22   74]]
acc: 0.785
f1: 0.255
[[1855   59]
 [  50   46]]
acc: 0.946
f1: 0.458
6,159,coarse : 36.19 seconds
6,159,fine : 36.21 seconds
[[1503  411]
 [  21   75]]
acc: 0.785
f1: 0.258
[[1855   59]
 [  51   45]]
acc: 0.945
f1: 0.450
6,160,coarse : 36.65 seconds
6,160,fine : 36.68 seconds
[[1504  410]
 [  21   75]]
acc: 0.786
f1: 0.258
[[1854   60]
 [  51   45]]
acc: 0.945
f1: 0.448
6,161,coarse : 36.69 seconds
6,161,fine : 36.71 seconds
[[1504  410]
 [  21   75]]
acc: 0.786
f1: 0.258
[[1853   61]
 [  51   45]]
acc: 0.944
f1: 0.446
6,162,coarse : 36.77 seconds
6,162,fine : 36.79 seconds
[[1506  408]
 [  21   75]]
acc: 0.787
f1: 0.259
[[1853   61]
 [  51   45]]
acc: 0.944
f1: 0.446
6,163,coarse : 36.68 seconds
6,163,fine : 36.7 seconds
[[1504  410]
 [  21   75]]
acc: 0.786
f1: 0.258
[[1851   63]
 [  52   44]]
acc: 0.943
f1: 0.433
6,164,coarse : 37.84 seconds
6,164,fine : 37.86 seconds
[[1501  413]
 [  21   75]]
acc: 0.784
f1: 0.257
[[1852   62]
 [  53   43]]
acc: 0.943
f1: 0.428
6,165,coarse : 37.76 seconds
6,165,fine : 37.78 seconds
[[1501  413]
 [  21   75]]
acc: 0.784
f1: 0.257
[[1852   62]
 [  53   43]]
acc: 0.943
f1: 0.428
6,166,coarse : 39.53 seconds
6,166,fine : 39.55 seconds
[[1503  411]
 [  21   75]]
acc: 0.785
f1: 0.258
[[1851   63]
 [  51   45]]
acc: 0.943
f1: 0.441
6,167,coarse : 39.81 seconds
6,167,fine : 39.83 seconds
[[1505  409]
 [  20   76]]
acc: 0.787
f1: 0.262
[[1851   63]
 [  50   46]]
acc: 0.944
f1: 0.449
6,168,coarse : 39.39 seconds
6,168,fine : 39.42 seconds
[[1501  413]
 [  20   76]]
acc: 0.785
f1: 0.260
[[1851   63]
 [  50   46]]
acc: 0.944
f1: 0.449
6,169,coarse : 41.17 seconds
6,169,fine : 41.19 seconds
[[1502  412]
 [  20   76]]
acc: 0.785
f1: 0.260
[[1851   63]
 [  50   46]]
acc: 0.944
f1: 0.449
6,170,coarse : 40.57 seconds
6,170,fine : 40.59 seconds
[[1503  411]
 [  20   76]]
acc: 0.786
f1: 0.261
[[1850   64]
 [  50   46]]
acc: 0.943
f1: 0.447
6,171,coarse : 40.13 seconds
6,171,fine : 40.15 seconds
[[1509  405]
 [  20   76]]
acc: 0.789
f1: 0.263
[[1852   62]
 [  50   46]]
acc: 0.944
f1: 0.451
6,172,coarse : 36.14 seconds
6,172,fine : 36.16 seconds
