all           0      1    2    3    4    5    6    7    8    
1      2010   1914   1    19   32   19   1    11   6    7    
2      2010   1914   1    19   32   19   1    11   6    7    
3      2010   1914   1    19   32   19   1    11   5    8    
4      2010   1914   1    19   32   19   1    10   6    8    
5      2010   1914   1    18   33   19   1    10   6    8    
6      2010   1914   1    18   33   19   1    10   6    8    
7      2010   1913   2    18   33   19   1    10   6    8    
8      2010   1913   2    18   33   19   1    10   6    8    
9      2009   1913   2    18   32   19   2    10   6    7    
10     2009   1913   1    19   32   19   1    11   6    7    
Total  20098  19136  13   185  324  190  11   104  59   76   
train         0      1    2    3    4    5    6    7    8    
1      2010   1914   1    19   32   19   1    11   6    7    
2      2010   1914   1    19   32   19   1    11   6    7    
3      2010   1914   1    19   32   19   1    11   5    8    
5      2010   1914   1    18   33   19   1    10   6    8    
6      2010   1914   1    18   33   19   1    10   6    8    
7      2010   1913   2    18   33   19   1    10   6    8    
8      2010   1913   2    18   33   19   1    10   6    8    
9      2009   1913   2    18   32   19   2    10   6    7    
10     2009   1913   1    19   32   19   1    11   6    7    
Total  18088  17222  12   166  292  171  10   94   53   68   
test          0      1    2    3    4    5    6    7    8    
4      2010   1914   1    19   32   19   1    10   6    8    
Total  2010   1914   1    19   32   19   1    10   6    8    
Classes             
0         17222     
1         12        
2         166       
3         292       
4         171       
5         10        
6         94        
7         53        
8         68        
Total     18088     

Shape: 450       

[952, 10, 11, 16, 11, 10, 10, 10, 10]
Sum start => 1040
[[1366  548]
 [  21   75]]
acc: 0.717
f1: 0.209
[[1884   30]
 [  86   10]]
acc: 0.942
f1: 0.147
4,1,coarse : 26.92 seconds
4,1,fine : 26.92 seconds
[[1366  548]
 [  21   75]]
acc: 0.717
f1: 0.209
[[1884   30]
 [  86   10]]
acc: 0.942
f1: 0.147
4,2,coarse : 28.34 seconds
4,2,fine : 28.34 seconds
[[1372  542]
 [  19   77]]
acc: 0.721
f1: 0.215
[[1886   28]
 [  86   10]]
acc: 0.943
f1: 0.149
4,3,coarse : 3.74 seconds
4,3,fine : 3.74 seconds
[[1391  523]
 [  21   75]]
acc: 0.729
f1: 0.216
[[1889   25]
 [  87    9]]
acc: 0.944
f1: 0.138
4,4,coarse : 4.03 seconds
4,4,fine : 4.03 seconds
[[1409  505]
 [  22   74]]
acc: 0.738
f1: 0.219
[[1895   19]
 [  88    8]]
acc: 0.947
f1: 0.130
4,5,coarse : 4.14 seconds
4,5,fine : 4.14 seconds
[[1428  486]
 [  20   76]]
acc: 0.748
f1: 0.231
[[1897   17]
 [  88    8]]
acc: 0.948
f1: 0.132
4,6,coarse : 4.35 seconds
4,6,fine : 4.35 seconds
[[1439  475]
 [  21   75]]
acc: 0.753
f1: 0.232
[[1899   15]
 [  90    6]]
acc: 0.948
f1: 0.103
4,7,coarse : 4.41 seconds
4,7,fine : 4.41 seconds
[[1441  473]
 [  21   75]]
acc: 0.754
f1: 0.233
[[1899   15]
 [  89    7]]
acc: 0.948
f1: 0.119
4,8,coarse : 4.51 seconds
4,8,fine : 4.51 seconds
[[1461  453]
 [  20   76]]
acc: 0.765
f1: 0.243
[[1897   17]
 [  86   10]]
acc: 0.949
f1: 0.163
4,9,coarse : 4.7 seconds
4,9,fine : 4.71 seconds
[[1446  468]
 [  18   78]]
acc: 0.758
f1: 0.243
[[1895   19]
 [  87    9]]
acc: 0.947
f1: 0.145
4,10,coarse : 4.94 seconds
4,10,fine : 4.94 seconds
[[1453  461]
 [  18   78]]
acc: 0.762
f1: 0.246
[[1898   16]
 [  85   11]]
acc: 0.950
f1: 0.179
4,11,coarse : 5.0 seconds
4,11,fine : 5.01 seconds
[[1458  456]
 [  18   78]]
acc: 0.764
f1: 0.248
[[1898   16]
 [  85   11]]
acc: 0.950
f1: 0.179
4,12,coarse : 5.31 seconds
4,12,fine : 5.31 seconds
[[1452  462]
 [  18   78]]
acc: 0.761
f1: 0.245
[[1899   15]
 [  84   12]]
acc: 0.951
f1: 0.195
4,13,coarse : 5.31 seconds
4,13,fine : 5.31 seconds
[[1443  471]
 [  18   78]]
acc: 0.757
f1: 0.242
[[1894   20]
 [  84   12]]
acc: 0.948
f1: 0.188
4,14,coarse : 5.62 seconds
4,14,fine : 5.63 seconds
[[1442  472]
 [  20   76]]
acc: 0.755
f1: 0.236
[[1895   19]
 [  83   13]]
acc: 0.949
f1: 0.203
4,15,coarse : 5.64 seconds
4,15,fine : 5.64 seconds
[[1436  478]
 [  19   77]]
acc: 0.753
f1: 0.237
[[1895   19]
 [  85   11]]
acc: 0.948
f1: 0.175
4,16,coarse : 5.81 seconds
4,16,fine : 5.82 seconds
[[1439  475]
 [  19   77]]
acc: 0.754
f1: 0.238
[[1894   20]
 [  82   14]]
acc: 0.949
f1: 0.215
4,17,coarse : 5.93 seconds
4,17,fine : 5.94 seconds
[[1446  468]
 [  19   77]]
acc: 0.758
f1: 0.240
[[1895   19]
 [  82   14]]
acc: 0.950
f1: 0.217
4,18,coarse : 6.05 seconds
4,18,fine : 6.06 seconds
[[1439  475]
 [  19   77]]
acc: 0.754
f1: 0.238
[[1893   21]
 [  79   17]]
acc: 0.950
f1: 0.254
4,19,coarse : 6.36 seconds
4,19,fine : 6.36 seconds
[[1442  472]
 [  19   77]]
acc: 0.756
f1: 0.239
[[1889   25]
 [  82   14]]
acc: 0.947
f1: 0.207
4,20,coarse : 6.41 seconds
4,20,fine : 6.42 seconds
[[1426  488]
 [  17   79]]
acc: 0.749
f1: 0.238
[[1891   23]
 [  81   15]]
acc: 0.948
f1: 0.224
4,21,coarse : 6.57 seconds
4,21,fine : 6.58 seconds
[[1434  480]
 [  17   79]]
acc: 0.753
f1: 0.241
[[1890   24]
 [  82   14]]
acc: 0.947
f1: 0.209
4,22,coarse : 6.72 seconds
4,22,fine : 6.73 seconds
[[1437  477]
 [  18   78]]
acc: 0.754
f1: 0.240
[[1889   25]
 [  81   15]]
acc: 0.947
f1: 0.221
4,23,coarse : 6.88 seconds
4,23,fine : 6.89 seconds
[[1436  478]
 [  14   82]]
acc: 0.755
f1: 0.250
[[1888   26]
 [  79   17]]
acc: 0.948
f1: 0.245
4,24,coarse : 7.02 seconds
4,24,fine : 7.03 seconds
[[1433  481]
 [  14   82]]
acc: 0.754
f1: 0.249
[[1887   27]
 [  80   16]]
acc: 0.947
f1: 0.230
4,25,coarse : 7.24 seconds
4,25,fine : 7.25 seconds
[[1436  478]
 [  14   82]]
acc: 0.755
f1: 0.250
[[1887   27]
 [  80   16]]
acc: 0.947
f1: 0.230
4,26,coarse : 7.52 seconds
4,26,fine : 7.53 seconds
[[1441  473]
 [  14   82]]
acc: 0.758
f1: 0.252
[[1885   29]
 [  80   16]]
acc: 0.946
f1: 0.227
4,27,coarse : 7.63 seconds
4,27,fine : 7.64 seconds
[[1449  465]
 [  14   82]]
acc: 0.762
f1: 0.255
[[1884   30]
 [  80   16]]
acc: 0.945
f1: 0.225
4,28,coarse : 7.76 seconds
4,28,fine : 7.76 seconds
[[1455  459]
 [  14   82]]
acc: 0.765
f1: 0.257
[[1884   30]
 [  80   16]]
acc: 0.945
f1: 0.225
4,29,coarse : 8.04 seconds
4,29,fine : 8.05 seconds
[[1450  464]
 [  15   81]]
acc: 0.762
f1: 0.253
[[1884   30]
 [  77   19]]
acc: 0.947
f1: 0.262
4,30,coarse : 8.32 seconds
4,30,fine : 8.32 seconds
[[1444  470]
 [  16   80]]
acc: 0.758
f1: 0.248
[[1883   31]
 [  76   20]]
acc: 0.947
f1: 0.272
4,31,coarse : 8.49 seconds
4,31,fine : 8.49 seconds
[[1445  469]
 [  16   80]]
acc: 0.759
f1: 0.248
[[1884   30]
 [  73   23]]
acc: 0.949
f1: 0.309
4,32,coarse : 8.5 seconds
4,32,fine : 8.51 seconds
[[1452  462]
 [  15   81]]
acc: 0.763
f1: 0.254
[[1885   29]
 [  73   23]]
acc: 0.949
f1: 0.311
4,33,coarse : 8.7 seconds
4,33,fine : 8.71 seconds
[[1457  457]
 [  16   80]]
acc: 0.765
f1: 0.253
[[1884   30]
 [  73   23]]
acc: 0.949
f1: 0.309
4,34,coarse : 8.98 seconds
4,34,fine : 8.98 seconds
[[1448  466]
 [  16   80]]
acc: 0.760
f1: 0.249
[[1881   33]
 [  74   22]]
acc: 0.947
f1: 0.291
4,35,coarse : 9.25 seconds
4,35,fine : 9.26 seconds
[[1450  464]
 [  16   80]]
acc: 0.761
f1: 0.250
[[1884   30]
 [  72   24]]
acc: 0.949
f1: 0.320
4,36,coarse : 9.3 seconds
4,36,fine : 9.31 seconds
[[1447  467]
 [  16   80]]
acc: 0.760
f1: 0.249
[[1884   30]
 [  72   24]]
acc: 0.949
f1: 0.320
4,37,coarse : 9.46 seconds
4,37,fine : 9.47 seconds
[[1455  459]
 [  16   80]]
acc: 0.764
f1: 0.252
[[1884   30]
 [  72   24]]
acc: 0.949
f1: 0.320
4,38,coarse : 9.69 seconds
4,38,fine : 9.7 seconds
[[1446  468]
 [  16   80]]
acc: 0.759
f1: 0.248
[[1882   32]
 [  68   28]]
acc: 0.950
f1: 0.359
4,39,coarse : 9.82 seconds
4,39,fine : 9.83 seconds
[[1452  462]
 [  17   79]]
acc: 0.762
f1: 0.248
[[1879   35]
 [  70   26]]
acc: 0.948
f1: 0.331
4,40,coarse : 9.92 seconds
4,40,fine : 9.93 seconds
[[1457  457]
 [  17   79]]
acc: 0.764
f1: 0.250
[[1880   34]
 [  69   27]]
acc: 0.949
f1: 0.344
4,41,coarse : 10.2 seconds
4,41,fine : 10.21 seconds
[[1460  454]
 [  17   79]]
acc: 0.766
f1: 0.251
[[1878   36]
 [  69   27]]
acc: 0.948
f1: 0.340
4,42,coarse : 10.29 seconds
4,42,fine : 10.3 seconds
[[1464  450]
 [  17   79]]
acc: 0.768
f1: 0.253
[[1878   36]
 [  68   28]]
acc: 0.948
f1: 0.350
4,43,coarse : 10.57 seconds
4,43,fine : 10.57 seconds
[[1475  439]
 [  17   79]]
acc: 0.773
f1: 0.257
[[1878   36]
 [  68   28]]
acc: 0.948
f1: 0.350
4,44,coarse : 10.68 seconds
4,44,fine : 10.68 seconds
[[1477  437]
 [  18   78]]
acc: 0.774
f1: 0.255
[[1879   35]
 [  68   28]]
acc: 0.949
f1: 0.352
4,45,coarse : 11.05 seconds
4,45,fine : 11.06 seconds
[[1472  442]
 [  19   77]]
acc: 0.771
f1: 0.250
[[1877   37]
 [  67   29]]
acc: 0.948
f1: 0.358
4,46,coarse : 11.2 seconds
4,46,fine : 11.21 seconds
[[1481  433]
 [  19   77]]
acc: 0.775
f1: 0.254
[[1879   35]
 [  67   29]]
acc: 0.949
f1: 0.362
4,47,coarse : 11.45 seconds
4,47,fine : 11.46 seconds
[[1485  429]
 [  18   78]]
acc: 0.778
f1: 0.259
[[1877   37]
 [  67   29]]
acc: 0.948
f1: 0.358
4,48,coarse : 11.75 seconds
4,48,fine : 11.76 seconds
[[1482  432]
 [  18   78]]
acc: 0.776
f1: 0.257
[[1876   38]
 [  67   29]]
acc: 0.948
f1: 0.356
4,49,coarse : 11.96 seconds
4,49,fine : 11.97 seconds
[[1474  440]
 [  18   78]]
acc: 0.772
f1: 0.254
[[1876   38]
 [  67   29]]
acc: 0.948
f1: 0.356
4,50,coarse : 13.94 seconds
4,50,fine : 13.94 seconds
[[1478  436]
 [  17   79]]
acc: 0.775
f1: 0.259
[[1875   39]
 [  66   30]]
acc: 0.948
f1: 0.364
4,51,coarse : 11.89 seconds
4,51,fine : 11.9 seconds
[[1475  439]
 [  17   79]]
acc: 0.773
f1: 0.257
[[1874   40]
 [  65   31]]
acc: 0.948
f1: 0.371
4,52,coarse : 12.73 seconds
4,52,fine : 12.74 seconds
[[1471  443]
 [  17   79]]
acc: 0.771
f1: 0.256
[[1875   39]
 [  65   31]]
acc: 0.948
f1: 0.373
4,53,coarse : 12.78 seconds
4,53,fine : 12.79 seconds
[[1478  436]
 [  17   79]]
acc: 0.775
f1: 0.259
[[1874   40]
 [  65   31]]
acc: 0.948
f1: 0.371
4,54,coarse : 12.97 seconds
4,54,fine : 12.98 seconds
[[1478  436]
 [  17   79]]
acc: 0.775
f1: 0.259
[[1875   39]
 [  65   31]]
acc: 0.948
f1: 0.373
4,55,coarse : 12.99 seconds
4,55,fine : 13.01 seconds
[[1476  438]
 [  17   79]]
acc: 0.774
f1: 0.258
[[1876   38]
 [  66   30]]
acc: 0.948
f1: 0.366
4,56,coarse : 13.15 seconds
4,56,fine : 13.16 seconds
[[1475  439]
 [  17   79]]
acc: 0.773
f1: 0.257
[[1875   39]
 [  66   30]]
acc: 0.948
f1: 0.364
4,57,coarse : 13.54 seconds
4,57,fine : 13.55 seconds
[[1475  439]
 [  18   78]]
acc: 0.773
f1: 0.254
[[1876   38]
 [  67   29]]
acc: 0.948
f1: 0.356
4,58,coarse : 13.55 seconds
4,58,fine : 13.56 seconds
[[1477  437]
 [  18   78]]
acc: 0.774
f1: 0.255
[[1875   39]
 [  66   30]]
acc: 0.948
f1: 0.364
4,59,coarse : 13.84 seconds
4,59,fine : 13.86 seconds
[[1482  432]
 [  18   78]]
acc: 0.776
f1: 0.257
[[1875   39]
 [  65   31]]
acc: 0.948
f1: 0.373
4,60,coarse : 14.12 seconds
4,60,fine : 14.13 seconds
[[1482  432]
 [  18   78]]
acc: 0.776
f1: 0.257
[[1875   39]
 [  66   30]]
acc: 0.948
f1: 0.364
4,61,coarse : 14.34 seconds
4,61,fine : 14.35 seconds
[[1484  430]
 [  18   78]]
acc: 0.777
f1: 0.258
[[1875   39]
 [  66   30]]
acc: 0.948
f1: 0.364
4,62,coarse : 14.24 seconds
4,62,fine : 14.25 seconds
[[1482  432]
 [  19   77]]
acc: 0.776
f1: 0.255
[[1874   40]
 [  62   34]]
acc: 0.949
f1: 0.400
4,63,coarse : 14.61 seconds
4,63,fine : 14.62 seconds
[[1477  437]
 [  17   79]]
acc: 0.774
f1: 0.258
[[1873   41]
 [  63   33]]
acc: 0.948
f1: 0.388
4,64,coarse : 15.13 seconds
4,64,fine : 15.14 seconds
[[1474  440]
 [  18   78]]
acc: 0.772
f1: 0.254
[[1872   42]
 [  63   33]]
acc: 0.948
f1: 0.386
4,65,coarse : 15.62 seconds
4,65,fine : 15.63 seconds
[[1480  434]
 [  18   78]]
acc: 0.775
f1: 0.257
[[1872   42]
 [  62   34]]
acc: 0.948
f1: 0.395
4,66,coarse : 15.46 seconds
4,66,fine : 15.47 seconds
[[1481  433]
 [  18   78]]
acc: 0.776
f1: 0.257
[[1872   42]
 [  62   34]]
acc: 0.948
f1: 0.395
4,67,coarse : 15.61 seconds
4,67,fine : 15.62 seconds
[[1480  434]
 [  18   78]]
acc: 0.775
f1: 0.257
[[1868   46]
 [  63   33]]
acc: 0.946
f1: 0.377
4,68,coarse : 15.69 seconds
4,68,fine : 15.71 seconds
[[1480  434]
 [  18   78]]
acc: 0.775
f1: 0.257
[[1872   42]
 [  63   33]]
acc: 0.948
f1: 0.386
4,69,coarse : 16.18 seconds
4,69,fine : 16.2 seconds
[[1481  433]
 [  16   80]]
acc: 0.777
f1: 0.263
[[1872   42]
 [  63   33]]
acc: 0.948
f1: 0.386
4,70,coarse : 16.34 seconds
4,70,fine : 16.35 seconds
[[1483  431]
 [  16   80]]
acc: 0.778
f1: 0.264
[[1872   42]
 [  63   33]]
acc: 0.948
f1: 0.386
4,71,coarse : 16.42 seconds
4,71,fine : 16.43 seconds
[[1482  432]
 [  16   80]]
acc: 0.777
f1: 0.263
[[1870   44]
 [  60   36]]
acc: 0.948
f1: 0.409
4,72,coarse : 16.88 seconds
4,72,fine : 16.89 seconds
[[1487  427]
 [  16   80]]
acc: 0.780
f1: 0.265
[[1871   43]
 [  60   36]]
acc: 0.949
f1: 0.411
4,73,coarse : 16.66 seconds
4,73,fine : 16.67 seconds
[[1484  430]
 [  16   80]]
acc: 0.778
f1: 0.264
[[1869   45]
 [  62   34]]
acc: 0.947
f1: 0.389
4,74,coarse : 17.14 seconds
4,74,fine : 17.15 seconds
[[1485  429]
 [  16   80]]
acc: 0.779
f1: 0.264
[[1870   44]
 [  59   37]]
acc: 0.949
f1: 0.418
4,75,coarse : 17.08 seconds
4,75,fine : 17.1 seconds
[[1489  425]
 [  16   80]]
acc: 0.781
f1: 0.266
[[1869   45]
 [  60   36]]
acc: 0.948
f1: 0.407
4,76,coarse : 17.22 seconds
4,76,fine : 17.23 seconds
[[1496  418]
 [  16   80]]
acc: 0.784
f1: 0.269
[[1869   45]
 [  59   37]]
acc: 0.948
f1: 0.416
4,77,coarse : 17.57 seconds
4,77,fine : 17.58 seconds
[[1489  425]
 [  16   80]]
acc: 0.781
f1: 0.266
[[1867   47]
 [  58   38]]
acc: 0.948
f1: 0.420
4,78,coarse : 17.56 seconds
4,78,fine : 17.58 seconds
[[1491  423]
 [  16   80]]
acc: 0.782
f1: 0.267
[[1868   46]
 [  58   38]]
acc: 0.948
f1: 0.422
4,79,coarse : 17.76 seconds
4,79,fine : 17.77 seconds
[[1498  416]
 [  16   80]]
acc: 0.785
f1: 0.270
[[1868   46]
 [  58   38]]
acc: 0.948
f1: 0.422
4,80,coarse : 18.28 seconds
4,80,fine : 18.29 seconds
[[1497  417]
 [  18   78]]
acc: 0.784
f1: 0.264
[[1867   47]
 [  58   38]]
acc: 0.948
f1: 0.420
4,81,coarse : 18.53 seconds
4,81,fine : 18.54 seconds
[[1499  415]
 [  18   78]]
acc: 0.785
f1: 0.265
[[1868   46]
 [  57   39]]
acc: 0.949
f1: 0.431
4,82,coarse : 18.52 seconds
4,82,fine : 18.53 seconds
[[1494  420]
 [  18   78]]
acc: 0.782
f1: 0.263
[[1870   44]
 [  57   39]]
acc: 0.950
f1: 0.436
4,83,coarse : 18.74 seconds
4,83,fine : 18.75 seconds
[[1499  415]
 [  18   78]]
acc: 0.785
f1: 0.265
[[1867   47]
 [  57   39]]
acc: 0.948
f1: 0.429
4,84,coarse : 18.84 seconds
4,84,fine : 18.86 seconds
[[1497  417]
 [  18   78]]
acc: 0.784
f1: 0.264
[[1866   48]
 [  57   39]]
acc: 0.948
f1: 0.426
4,85,coarse : 19.24 seconds
4,85,fine : 19.25 seconds
[[1498  416]
 [  18   78]]
acc: 0.784
f1: 0.264
[[1864   50]
 [  56   40]]
acc: 0.947
f1: 0.430
4,86,coarse : 19.46 seconds
4,86,fine : 19.47 seconds
[[1497  417]
 [  18   78]]
acc: 0.784
f1: 0.264
[[1866   48]
 [  55   41]]
acc: 0.949
f1: 0.443
4,87,coarse : 19.5 seconds
4,87,fine : 19.52 seconds
[[1506  408]
 [  18   78]]
acc: 0.788
f1: 0.268
[[1866   48]
 [  55   41]]
acc: 0.949
f1: 0.443
4,88,coarse : 19.97 seconds
4,88,fine : 19.98 seconds
[[1503  411]
 [  18   78]]
acc: 0.787
f1: 0.267
[[1867   47]
 [  56   40]]
acc: 0.949
f1: 0.437
4,89,coarse : 20.51 seconds
4,89,fine : 20.52 seconds
[[1502  412]
 [  18   78]]
acc: 0.786
f1: 0.266
[[1863   51]
 [  55   41]]
acc: 0.947
f1: 0.436
4,90,coarse : 20.93 seconds
4,90,fine : 20.94 seconds
[[1502  412]
 [  18   78]]
acc: 0.786
f1: 0.266
[[1863   51]
 [  55   41]]
acc: 0.947
f1: 0.436
4,91,coarse : 20.79 seconds
4,91,fine : 20.8 seconds
[[1499  415]
 [  18   78]]
acc: 0.785
f1: 0.265
[[1864   50]
 [  55   41]]
acc: 0.948
f1: 0.439
4,92,coarse : 21.12 seconds
4,92,fine : 21.13 seconds
[[1496  418]
 [  18   78]]
acc: 0.783
f1: 0.264
[[1861   53]
 [  53   43]]
acc: 0.947
f1: 0.448
4,93,coarse : 20.74 seconds
4,93,fine : 20.75 seconds
[[1495  419]
 [  16   80]]
acc: 0.784
f1: 0.269
[[1860   54]
 [  53   43]]
acc: 0.947
f1: 0.446
4,94,coarse : 21.17 seconds
4,94,fine : 21.19 seconds
[[1494  420]
 [  17   79]]
acc: 0.783
f1: 0.266
[[1861   53]
 [  54   42]]
acc: 0.947
f1: 0.440
4,95,coarse : 22.0 seconds
4,95,fine : 22.01 seconds
[[1499  415]
 [  17   79]]
acc: 0.785
f1: 0.268
[[1860   54]
 [  54   42]]
acc: 0.946
f1: 0.438
4,96,coarse : 21.67 seconds
4,96,fine : 21.68 seconds
[[1492  422]
 [  18   78]]
acc: 0.781
f1: 0.262
[[1862   52]
 [  54   42]]
acc: 0.947
f1: 0.442
4,97,coarse : 22.37 seconds
4,97,fine : 22.38 seconds
[[1492  422]
 [  18   78]]
acc: 0.781
f1: 0.262
[[1861   53]
 [  54   42]]
acc: 0.947
f1: 0.440
4,98,coarse : 22.52 seconds
4,98,fine : 22.54 seconds
[[1496  418]
 [  18   78]]
acc: 0.783
f1: 0.264
[[1861   53]
 [  54   42]]
acc: 0.947
f1: 0.440
4,99,coarse : 23.02 seconds
4,99,fine : 23.04 seconds
[[1503  411]
 [  18   78]]
acc: 0.787
f1: 0.267
[[1860   54]
 [  54   42]]
acc: 0.946
f1: 0.438
4,100,coarse : 24.8 seconds
4,100,fine : 24.81 seconds
[[1502  412]
 [  18   78]]
acc: 0.786
f1: 0.266
[[1861   53]
 [  55   41]]
acc: 0.946
f1: 0.432
4,101,coarse : 22.88 seconds
4,101,fine : 22.89 seconds
[[1507  407]
 [  19   77]]
acc: 0.788
f1: 0.266
[[1861   53]
 [  55   41]]
acc: 0.946
f1: 0.432
4,102,coarse : 22.94 seconds
4,102,fine : 22.95 seconds
[[1504  410]
 [  18   78]]
acc: 0.787
f1: 0.267
[[1863   51]
 [  56   40]]
acc: 0.947
f1: 0.428
4,103,coarse : 23.76 seconds
4,103,fine : 23.78 seconds
[[1503  411]
 [  17   79]]
acc: 0.787
f1: 0.270
[[1862   52]
 [  54   42]]
acc: 0.947
f1: 0.442
4,104,coarse : 23.62 seconds
4,104,fine : 23.63 seconds
[[1502  412]
 [  17   79]]
acc: 0.787
f1: 0.269
[[1861   53]
 [  54   42]]
acc: 0.947
f1: 0.440
4,105,coarse : 24.22 seconds
4,105,fine : 24.23 seconds
[[1506  408]
 [  17   79]]
acc: 0.789
f1: 0.271
[[1863   51]
 [  54   42]]
acc: 0.948
f1: 0.444
4,106,coarse : 24.25 seconds
4,106,fine : 24.26 seconds
[[1508  406]
 [  16   80]]
acc: 0.790
f1: 0.275
[[1863   51]
 [  56   40]]
acc: 0.947
f1: 0.428
4,107,coarse : 24.38 seconds
4,107,fine : 24.4 seconds
[[1511  403]
 [  16   80]]
acc: 0.792
f1: 0.276
[[1865   49]
 [  57   39]]
acc: 0.947
f1: 0.424
4,108,coarse : 24.83 seconds
4,108,fine : 24.85 seconds
[[1506  408]
 [  16   80]]
acc: 0.789
f1: 0.274
[[1864   50]
 [  56   40]]
acc: 0.947
f1: 0.430
4,109,coarse : 25.16 seconds
4,109,fine : 25.17 seconds
[[1507  407]
 [  16   80]]
acc: 0.790
f1: 0.274
[[1866   48]
 [  58   38]]
acc: 0.947
f1: 0.418
4,110,coarse : 25.43 seconds
4,110,fine : 25.45 seconds
[[1511  403]
 [  15   81]]
acc: 0.792
f1: 0.279
[[1863   51]
 [  59   37]]
acc: 0.945
f1: 0.402
4,111,coarse : 25.82 seconds
4,111,fine : 25.84 seconds
[[1514  400]
 [  15   81]]
acc: 0.794
f1: 0.281
[[1861   53]
 [  59   37]]
acc: 0.944
f1: 0.398
4,112,coarse : 25.53 seconds
4,112,fine : 25.55 seconds
[[1517  397]
 [  15   81]]
acc: 0.795
f1: 0.282
[[1861   53]
 [  59   37]]
acc: 0.944
f1: 0.398
4,113,coarse : 25.95 seconds
4,113,fine : 25.97 seconds
[[1516  398]
 [  15   81]]
acc: 0.795
f1: 0.282
[[1863   51]
 [  58   38]]
acc: 0.946
f1: 0.411
4,114,coarse : 25.57 seconds
4,114,fine : 25.59 seconds
[[1517  397]
 [  16   80]]
acc: 0.795
f1: 0.279
[[1862   52]
 [  58   38]]
acc: 0.945
f1: 0.409
4,115,coarse : 26.35 seconds
4,115,fine : 26.37 seconds
[[1517  397]
 [  15   81]]
acc: 0.795
f1: 0.282
[[1864   50]
 [  55   41]]
acc: 0.948
f1: 0.439
4,116,coarse : 27.08 seconds
4,116,fine : 27.09 seconds
[[1517  397]
 [  15   81]]
acc: 0.795
f1: 0.282
[[1862   52]
 [  55   41]]
acc: 0.947
f1: 0.434
4,117,coarse : 27.36 seconds
4,117,fine : 27.38 seconds
[[1520  394]
 [  17   79]]
acc: 0.796
f1: 0.278
[[1861   53]
 [  57   39]]
acc: 0.945
f1: 0.415
4,118,coarse : 27.26 seconds
4,118,fine : 27.28 seconds
[[1518  396]
 [  16   80]]
acc: 0.795
f1: 0.280
[[1860   54]
 [  55   41]]
acc: 0.946
f1: 0.429
4,119,coarse : 27.92 seconds
4,119,fine : 27.93 seconds
[[1519  395]
 [  17   79]]
acc: 0.795
f1: 0.277
[[1860   54]
 [  55   41]]
acc: 0.946
f1: 0.429
4,120,coarse : 28.36 seconds
4,120,fine : 28.37 seconds
[[1522  392]
 [  17   79]]
acc: 0.797
f1: 0.279
[[1861   53]
 [  55   41]]
acc: 0.946
f1: 0.432
4,121,coarse : 28.45 seconds
4,121,fine : 28.46 seconds
[[1519  395]
 [  15   81]]
acc: 0.796
f1: 0.283
[[1861   53]
 [  55   41]]
acc: 0.946
f1: 0.432
4,122,coarse : 28.02 seconds
4,122,fine : 28.04 seconds
[[1523  391]
 [  16   80]]
acc: 0.798
f1: 0.282
[[1861   53]
 [  55   41]]
acc: 0.946
f1: 0.432
4,123,coarse : 28.59 seconds
4,123,fine : 28.61 seconds
[[1521  393]
 [  16   80]]
acc: 0.797
f1: 0.281
[[1861   53]
 [  55   41]]
acc: 0.946
f1: 0.432
4,124,coarse : 28.55 seconds
4,124,fine : 28.57 seconds
[[1520  394]
 [  16   80]]
acc: 0.796
f1: 0.281
[[1859   55]
 [  55   41]]
acc: 0.945
f1: 0.427
4,125,coarse : 28.97 seconds
4,125,fine : 28.98 seconds
[[1526  388]
 [  16   80]]
acc: 0.799
f1: 0.284
[[1860   54]
 [  55   41]]
acc: 0.946
f1: 0.429
4,126,coarse : 29.26 seconds
4,126,fine : 29.27 seconds
[[1523  391]
 [  16   80]]
acc: 0.798
f1: 0.282
[[1859   55]
 [  54   42]]
acc: 0.946
f1: 0.435
4,127,coarse : 29.46 seconds
4,127,fine : 29.47 seconds
[[1526  388]
 [  16   80]]
acc: 0.799
f1: 0.284
[[1855   59]
 [  54   42]]
acc: 0.944
f1: 0.426
4,128,coarse : 29.76 seconds
4,128,fine : 29.77 seconds
[[1528  386]
 [  16   80]]
acc: 0.800
f1: 0.285
[[1855   59]
 [  54   42]]
acc: 0.944
f1: 0.426
4,129,coarse : 30.9 seconds
4,129,fine : 30.92 seconds
[[1533  381]
 [  16   80]]
acc: 0.802
f1: 0.287
[[1856   58]
 [  55   41]]
acc: 0.944
f1: 0.421
4,130,coarse : 30.11 seconds
4,130,fine : 30.12 seconds
[[1526  388]
 [  16   80]]
acc: 0.799
f1: 0.284
[[1856   58]
 [  54   42]]
acc: 0.944
f1: 0.429
4,131,coarse : 30.37 seconds
4,131,fine : 30.39 seconds
[[1527  387]
 [  16   80]]
acc: 0.800
f1: 0.284
[[1854   60]
 [  54   42]]
acc: 0.943
f1: 0.424
4,132,coarse : 30.6 seconds
4,132,fine : 30.62 seconds
[[1527  387]
 [  16   80]]
acc: 0.800
f1: 0.284
[[1856   58]
 [  53   43]]
acc: 0.945
f1: 0.437
4,133,coarse : 31.0 seconds
4,133,fine : 31.02 seconds
[[1529  385]
 [  16   80]]
acc: 0.800
f1: 0.285
[[1856   58]
 [  53   43]]
acc: 0.945
f1: 0.437
4,134,coarse : 31.48 seconds
4,134,fine : 31.49 seconds
[[1527  387]
 [  16   80]]
acc: 0.800
f1: 0.284
[[1858   56]
 [  54   42]]
acc: 0.945
f1: 0.433
4,135,coarse : 30.96 seconds
4,135,fine : 30.98 seconds
[[1528  386]
 [  16   80]]
acc: 0.800
f1: 0.285
[[1857   57]
 [  54   42]]
acc: 0.945
f1: 0.431
4,136,coarse : 31.04 seconds
4,136,fine : 31.06 seconds
[[1531  383]
 [  16   80]]
acc: 0.801
f1: 0.286
[[1857   57]
 [  54   42]]
acc: 0.945
f1: 0.431
4,137,coarse : 32.7 seconds
4,137,fine : 32.72 seconds
[[1529  385]
 [  16   80]]
acc: 0.800
f1: 0.285
[[1856   58]
 [  53   43]]
acc: 0.945
f1: 0.437
4,138,coarse : 32.8 seconds
4,138,fine : 32.82 seconds
[[1527  387]
 [  16   80]]
acc: 0.800
f1: 0.284
[[1857   57]
 [  52   44]]
acc: 0.946
f1: 0.447
4,139,coarse : 33.18 seconds
4,139,fine : 33.2 seconds
[[1526  388]
 [  16   80]]
acc: 0.799
f1: 0.284
[[1857   57]
 [  52   44]]
acc: 0.946
f1: 0.447
4,140,coarse : 32.63 seconds
4,140,fine : 32.65 seconds
[[1525  389]
 [  16   80]]
acc: 0.799
f1: 0.283
[[1858   56]
 [  52   44]]
acc: 0.946
f1: 0.449
4,141,coarse : 33.43 seconds
4,141,fine : 33.45 seconds
[[1520  394]
 [  16   80]]
acc: 0.796
f1: 0.281
[[1857   57]
 [  52   44]]
acc: 0.946
f1: 0.447
4,142,coarse : 33.43 seconds
4,142,fine : 33.45 seconds
[[1524  390]
 [  16   80]]
acc: 0.798
f1: 0.283
[[1859   55]
 [  52   44]]
acc: 0.947
f1: 0.451
4,143,coarse : 34.08 seconds
4,143,fine : 34.1 seconds
[[1527  387]
 [  16   80]]
acc: 0.800
f1: 0.284
[[1859   55]
 [  52   44]]
acc: 0.947
f1: 0.451
4,144,coarse : 33.02 seconds
4,144,fine : 33.04 seconds
[[1524  390]
 [  16   80]]
acc: 0.798
f1: 0.283
[[1857   57]
 [  52   44]]
acc: 0.946
f1: 0.447
4,145,coarse : 33.45 seconds
4,145,fine : 33.47 seconds
[[1523  391]
 [  16   80]]
acc: 0.798
f1: 0.282
[[1859   55]
 [  52   44]]
acc: 0.947
f1: 0.451
4,146,coarse : 33.97 seconds
4,146,fine : 33.99 seconds
[[1518  396]
 [  16   80]]
acc: 0.795
f1: 0.280
[[1860   54]
 [  51   45]]
acc: 0.948
f1: 0.462
4,147,coarse : 34.6 seconds
4,147,fine : 34.62 seconds
[[1522  392]
 [  16   80]]
acc: 0.797
f1: 0.282
[[1857   57]
 [  51   45]]
acc: 0.946
f1: 0.455
4,148,coarse : 33.84 seconds
4,148,fine : 33.86 seconds
[[1517  397]
 [  16   80]]
acc: 0.795
f1: 0.279
[[1856   58]
 [  51   45]]
acc: 0.946
f1: 0.452
4,149,coarse : 34.82 seconds
4,149,fine : 34.84 seconds
[[1522  392]
 [  16   80]]
acc: 0.797
f1: 0.282
[[1854   60]
 [  51   45]]
acc: 0.945
f1: 0.448
4,150,coarse : 35.98 seconds
4,150,fine : 36.0 seconds
[[1517  397]
 [  16   80]]
acc: 0.795
f1: 0.279
[[1856   58]
 [  50   46]]
acc: 0.946
f1: 0.460
4,151,coarse : 33.9 seconds
4,151,fine : 33.92 seconds
[[1510  404]
 [  16   80]]
acc: 0.791
f1: 0.276
[[1855   59]
 [  50   46]]
acc: 0.946
f1: 0.458
4,152,coarse : 35.13 seconds
4,152,fine : 35.15 seconds
[[1516  398]
 [  16   80]]
acc: 0.794
f1: 0.279
[[1855   59]
 [  50   46]]
acc: 0.946
f1: 0.458
4,153,coarse : 34.98 seconds
4,153,fine : 35.0 seconds
[[1515  399]
 [  16   80]]
acc: 0.794
f1: 0.278
[[1855   59]
 [  50   46]]
acc: 0.946
f1: 0.458
4,154,coarse : 35.88 seconds
4,154,fine : 35.9 seconds
[[1518  396]
 [  16   80]]
acc: 0.795
f1: 0.280
[[1853   61]
 [  50   46]]
acc: 0.945
f1: 0.453
4,155,coarse : 35.51 seconds
4,155,fine : 35.53 seconds
[[1519  395]
 [  16   80]]
acc: 0.796
f1: 0.280
[[1851   63]
 [  50   46]]
acc: 0.944
f1: 0.449
4,156,coarse : 36.24 seconds
4,156,fine : 36.26 seconds
[[1519  395]
 [  16   80]]
acc: 0.796
f1: 0.280
[[1855   59]
 [  50   46]]
acc: 0.946
f1: 0.458
4,157,coarse : 36.46 seconds
4,157,fine : 36.48 seconds
[[1519  395]
 [  16   80]]
acc: 0.796
f1: 0.280
[[1852   62]
 [  50   46]]
acc: 0.944
f1: 0.451
4,158,coarse : 37.39 seconds
4,158,fine : 37.41 seconds
[[1513  401]
 [  16   80]]
acc: 0.793
f1: 0.277
[[1850   64]
 [  50   46]]
acc: 0.943
f1: 0.447
4,159,coarse : 37.21 seconds
4,159,fine : 37.24 seconds
[[1514  400]
 [  16   80]]
acc: 0.793
f1: 0.278
[[1852   62]
 [  50   46]]
acc: 0.944
f1: 0.451
4,160,coarse : 37.52 seconds
4,160,fine : 37.54 seconds
[[1518  396]
 [  16   80]]
acc: 0.795
f1: 0.280
[[1851   63]
 [  50   46]]
acc: 0.944
f1: 0.449
4,161,coarse : 37.46 seconds
4,161,fine : 37.49 seconds
[[1516  398]
 [  16   80]]
acc: 0.794
f1: 0.279
[[1852   62]
 [  50   46]]
acc: 0.944
f1: 0.451
4,162,coarse : 38.12 seconds
4,162,fine : 38.14 seconds
[[1519  395]
 [  16   80]]
acc: 0.796
f1: 0.280
[[1851   63]
 [  48   48]]
acc: 0.945
f1: 0.464
4,163,coarse : 38.65 seconds
4,163,fine : 38.67 seconds
[[1521  393]
 [  16   80]]
acc: 0.797
f1: 0.281
[[1848   66]
 [  48   48]]
acc: 0.943
f1: 0.457
4,164,coarse : 38.29 seconds
4,164,fine : 38.31 seconds
[[1521  393]
 [  16   80]]
acc: 0.797
f1: 0.281
[[1850   64]
 [  48   48]]
acc: 0.944
f1: 0.462
4,165,coarse : 38.45 seconds
4,165,fine : 38.47 seconds
[[1521  393]
 [  16   80]]
acc: 0.797
f1: 0.281
[[1848   66]
 [  48   48]]
acc: 0.943
f1: 0.457
4,166,coarse : 38.17 seconds
4,166,fine : 38.19 seconds
[[1521  393]
 [  16   80]]
acc: 0.797
f1: 0.281
[[1848   66]
 [  48   48]]
acc: 0.943
f1: 0.457
4,167,coarse : 39.48 seconds
4,167,fine : 39.5 seconds
[[1523  391]
 [  16   80]]
acc: 0.798
f1: 0.282
[[1849   65]
 [  48   48]]
acc: 0.944
f1: 0.459
4,168,coarse : 41.04 seconds
4,168,fine : 41.06 seconds
[[1525  389]
 [  16   80]]
acc: 0.799
f1: 0.283
[[1850   64]
 [  48   48]]
acc: 0.944
f1: 0.462
4,169,coarse : 40.0 seconds
4,169,fine : 40.02 seconds
[[1529  385]
 [  16   80]]
acc: 0.800
f1: 0.285
[[1851   63]
 [  48   48]]
acc: 0.945
f1: 0.464
4,170,coarse : 40.19 seconds
4,170,fine : 40.22 seconds
[[1526  388]
 [  16   80]]
acc: 0.799
f1: 0.284
[[1851   63]
 [  49   47]]
acc: 0.944
f1: 0.456
4,171,coarse : 40.81 seconds
4,171,fine : 40.83 seconds
[[1523  391]
 [  16   80]]
acc: 0.798
f1: 0.282
[[1850   64]
 [  49   47]]
acc: 0.944
f1: 0.454
4,172,coarse : 39.27 seconds
4,172,fine : 39.29 seconds
