all           0      1    2    3    4    5    6    7    8    
1      2010   1914   1    19   32   19   1    11   6    7    
2      2010   1914   1    19   32   19   1    11   6    7    
3      2010   1914   1    19   32   19   1    11   5    8    
4      2010   1914   1    19   32   19   1    10   6    8    
5      2010   1914   1    18   33   19   1    10   6    8    
6      2010   1914   1    18   33   19   1    10   6    8    
7      2010   1913   2    18   33   19   1    10   6    8    
8      2010   1913   2    18   33   19   1    10   6    8    
9      2009   1913   2    18   32   19   2    10   6    7    
10     2009   1913   1    19   32   19   1    11   6    7    
Total  20098  19136  13   185  324  190  11   104  59   76   
train         0      1    2    3    4    5    6    7    8    
1      2010   1914   1    19   32   19   1    11   6    7    
2      2010   1914   1    19   32   19   1    11   6    7    
3      2010   1914   1    19   32   19   1    11   5    8    
4      2010   1914   1    19   32   19   1    10   6    8    
5      2010   1914   1    18   33   19   1    10   6    8    
6      2010   1914   1    18   33   19   1    10   6    8    
7      2010   1913   2    18   33   19   1    10   6    8    
8      2010   1913   2    18   33   19   1    10   6    8    
9      2009   1913   2    18   32   19   2    10   6    7    
Total  18089  17223  12   166  292  171  10   93   53   69   
test          0      1    2    3    4    5    6    7    8    
10     2009   1913   1    19   32   19   1    11   6    7    
Total  2009   1913   1    19   32   19   1    11   6    7    
Classes             
0         17223     
1         12        
2         166       
3         292       
4         171       
5         10        
6         93        
7         53        
8         69        
Total     18089     

Shape: 450       

[952, 10, 11, 16, 11, 10, 10, 10, 10]
Sum start => 1040
[[1343  570]
 [  16   80]]
acc: 0.708
f1: 0.214
[[1885   28]
 [  85   11]]
acc: 0.944
f1: 0.163
10,1,coarse : 29.11 seconds
10,1,fine : 29.12 seconds
[[1343  570]
 [  16   80]]
acc: 0.708
f1: 0.214
[[1885   28]
 [  85   11]]
acc: 0.944
f1: 0.163
10,2,coarse : 30.19 seconds
10,2,fine : 30.19 seconds
[[1360  553]
 [  18   78]]
acc: 0.716
f1: 0.215
[[1884   29]
 [  85   11]]
acc: 0.943
f1: 0.162
10,3,coarse : 3.47 seconds
10,3,fine : 3.47 seconds
[[1375  538]
 [  16   80]]
acc: 0.724
f1: 0.224
[[1886   27]
 [  86   10]]
acc: 0.944
f1: 0.150
10,4,coarse : 3.55 seconds
10,4,fine : 3.56 seconds
[[1365  548]
 [  18   78]]
acc: 0.718
f1: 0.216
[[1889   24]
 [  85   11]]
acc: 0.946
f1: 0.168
10,5,coarse : 3.64 seconds
10,5,fine : 3.65 seconds
[[1381  532]
 [  18   78]]
acc: 0.726
f1: 0.221
[[1889   24]
 [  86   10]]
acc: 0.945
f1: 0.154
10,6,coarse : 3.76 seconds
10,6,fine : 3.76 seconds
[[1386  527]
 [  18   78]]
acc: 0.729
f1: 0.223
[[1889   24]
 [  86   10]]
acc: 0.945
f1: 0.154
10,7,coarse : 3.96 seconds
10,7,fine : 3.97 seconds
[[1370  543]
 [  17   79]]
acc: 0.721
f1: 0.220
[[1893   20]
 [  86   10]]
acc: 0.947
f1: 0.159
10,8,coarse : 4.17 seconds
10,8,fine : 4.18 seconds
[[1376  537]
 [  18   78]]
acc: 0.724
f1: 0.219
[[1894   19]
 [  86   10]]
acc: 0.948
f1: 0.160
10,9,coarse : 4.14 seconds
10,9,fine : 4.15 seconds
[[1374  539]
 [  19   77]]
acc: 0.722
f1: 0.216
[[1894   19]
 [  88    8]]
acc: 0.947
f1: 0.130
10,10,coarse : 4.33 seconds
10,10,fine : 4.33 seconds
[[1377  536]
 [  19   77]]
acc: 0.724
f1: 0.217
[[1897   16]
 [  88    8]]
acc: 0.948
f1: 0.133
10,11,coarse : 4.31 seconds
10,11,fine : 4.31 seconds
[[1381  532]
 [  21   75]]
acc: 0.725
f1: 0.213
[[1898   15]
 [  88    8]]
acc: 0.949
f1: 0.134
10,12,coarse : 4.32 seconds
10,12,fine : 4.32 seconds
[[1389  524]
 [  21   75]]
acc: 0.729
f1: 0.216
[[1900   13]
 [  88    8]]
acc: 0.950
f1: 0.137
10,13,coarse : 4.57 seconds
10,13,fine : 4.58 seconds
[[1393  520]
 [  21   75]]
acc: 0.731
f1: 0.217
[[1898   15]
 [  85   11]]
acc: 0.950
f1: 0.180
10,14,coarse : 4.76 seconds
10,14,fine : 4.76 seconds
[[1400  513]
 [  21   75]]
acc: 0.734
f1: 0.219
[[1898   15]
 [  85   11]]
acc: 0.950
f1: 0.180
10,15,coarse : 4.88 seconds
10,15,fine : 4.88 seconds
[[1379  534]
 [  21   75]]
acc: 0.724
f1: 0.213
[[1896   17]
 [  87    9]]
acc: 0.948
f1: 0.148
10,16,coarse : 4.82 seconds
10,16,fine : 4.82 seconds
[[1395  518]
 [  19   77]]
acc: 0.733
f1: 0.223
[[1900   13]
 [  87    9]]
acc: 0.950
f1: 0.153
10,17,coarse : 4.98 seconds
10,17,fine : 4.98 seconds
[[1398  515]
 [  18   78]]
acc: 0.735
f1: 0.226
[[1900   13]
 [  88    8]]
acc: 0.950
f1: 0.137
10,18,coarse : 5.05 seconds
10,18,fine : 5.06 seconds
[[1392  521]
 [  17   79]]
acc: 0.732
f1: 0.227
[[1901   12]
 [  88    8]]
acc: 0.950
f1: 0.138
10,19,coarse : 5.27 seconds
10,19,fine : 5.27 seconds
[[1391  522]
 [  17   79]]
acc: 0.732
f1: 0.227
[[1901   12]
 [  88    8]]
acc: 0.950
f1: 0.138
10,20,coarse : 5.45 seconds
10,20,fine : 5.46 seconds
[[1395  518]
 [  16   80]]
acc: 0.734
f1: 0.231
[[1900   13]
 [  87    9]]
acc: 0.950
f1: 0.153
10,21,coarse : 5.46 seconds
10,21,fine : 5.47 seconds
[[1397  516]
 [  17   79]]
acc: 0.735
f1: 0.229
[[1897   16]
 [  81   15]]
acc: 0.952
f1: 0.236
10,22,coarse : 5.72 seconds
10,22,fine : 5.72 seconds
[[1402  511]
 [  17   79]]
acc: 0.737
f1: 0.230
[[1896   17]
 [  82   14]]
acc: 0.951
f1: 0.220
10,23,coarse : 5.89 seconds
10,23,fine : 5.9 seconds
[[1402  511]
 [  17   79]]
acc: 0.737
f1: 0.230
[[1894   19]
 [  81   15]]
acc: 0.950
f1: 0.231
10,24,coarse : 5.86 seconds
10,24,fine : 5.86 seconds
[[1404  509]
 [  17   79]]
acc: 0.738
f1: 0.231
[[1894   19]
 [  81   15]]
acc: 0.950
f1: 0.231
10,25,coarse : 5.92 seconds
10,25,fine : 5.93 seconds
[[1411  502]
 [  17   79]]
acc: 0.742
f1: 0.233
[[1894   19]
 [  80   16]]
acc: 0.951
f1: 0.244
10,26,coarse : 6.0 seconds
10,26,fine : 6.01 seconds
[[1400  513]
 [  17   79]]
acc: 0.736
f1: 0.230
[[1894   19]
 [  79   17]]
acc: 0.951
f1: 0.258
10,27,coarse : 6.28 seconds
10,27,fine : 6.28 seconds
[[1401  512]
 [  16   80]]
acc: 0.737
f1: 0.233
[[1895   18]
 [  81   15]]
acc: 0.951
f1: 0.233
10,28,coarse : 6.22 seconds
10,28,fine : 6.22 seconds
[[1412  501]
 [  18   78]]
acc: 0.742
f1: 0.231
[[1896   17]
 [  78   18]]
acc: 0.953
f1: 0.275
10,29,coarse : 6.38 seconds
10,29,fine : 6.39 seconds
[[1408  505]
 [  17   79]]
acc: 0.740
f1: 0.232
[[1891   22]
 [  80   16]]
acc: 0.949
f1: 0.239
10,30,coarse : 6.44 seconds
10,30,fine : 6.44 seconds
[[1409  504]
 [  16   80]]
acc: 0.741
f1: 0.235
[[1891   22]
 [  79   17]]
acc: 0.950
f1: 0.252
10,31,coarse : 6.65 seconds
10,31,fine : 6.66 seconds
[[1410  503]
 [  16   80]]
acc: 0.742
f1: 0.236
[[1890   23]
 [  80   16]]
acc: 0.949
f1: 0.237
10,32,coarse : 6.69 seconds
10,32,fine : 6.7 seconds
[[1414  499]
 [  14   82]]
acc: 0.745
f1: 0.242
[[1886   27]
 [  80   16]]
acc: 0.947
f1: 0.230
10,33,coarse : 6.78 seconds
10,33,fine : 6.79 seconds
[[1419  494]
 [  15   81]]
acc: 0.747
f1: 0.241
[[1886   27]
 [  79   17]]
acc: 0.947
f1: 0.243
10,34,coarse : 6.95 seconds
10,34,fine : 6.95 seconds
[[1423  490]
 [  16   80]]
acc: 0.748
f1: 0.240
[[1887   26]
 [  77   19]]
acc: 0.949
f1: 0.270
10,35,coarse : 7.09 seconds
10,35,fine : 7.1 seconds
[[1431  482]
 [  17   79]]
acc: 0.752
f1: 0.240
[[1888   25]
 [  76   20]]
acc: 0.950
f1: 0.284
10,36,coarse : 7.29 seconds
10,36,fine : 7.3 seconds
[[1433  480]
 [  16   80]]
acc: 0.753
f1: 0.244
[[1888   25]
 [  76   20]]
acc: 0.950
f1: 0.284
10,37,coarse : 7.46 seconds
10,37,fine : 7.47 seconds
[[1426  487]
 [  17   79]]
acc: 0.749
f1: 0.239
[[1889   24]
 [  77   19]]
acc: 0.950
f1: 0.273
10,38,coarse : 7.5 seconds
10,38,fine : 7.51 seconds
[[1428  485]
 [  16   80]]
acc: 0.751
f1: 0.242
[[1890   23]
 [  76   20]]
acc: 0.951
f1: 0.288
10,39,coarse : 7.61 seconds
10,39,fine : 7.62 seconds
[[1423  490]
 [  16   80]]
acc: 0.748
f1: 0.240
[[1891   22]
 [  77   19]]
acc: 0.951
f1: 0.277
10,40,coarse : 7.96 seconds
10,40,fine : 7.97 seconds
[[1425  488]
 [  16   80]]
acc: 0.749
f1: 0.241
[[1890   23]
 [  76   20]]
acc: 0.951
f1: 0.288
10,41,coarse : 8.12 seconds
10,41,fine : 8.13 seconds
[[1429  484]
 [  16   80]]
acc: 0.751
f1: 0.242
[[1889   24]
 [  74   22]]
acc: 0.951
f1: 0.310
10,42,coarse : 8.07 seconds
10,42,fine : 8.07 seconds
[[1428  485]
 [  16   80]]
acc: 0.751
f1: 0.242
[[1889   24]
 [  75   21]]
acc: 0.951
f1: 0.298
10,43,coarse : 8.2 seconds
10,43,fine : 8.21 seconds
[[1428  485]
 [  16   80]]
acc: 0.751
f1: 0.242
[[1889   24]
 [  74   22]]
acc: 0.951
f1: 0.310
10,44,coarse : 8.44 seconds
10,44,fine : 8.45 seconds
[[1431  482]
 [  17   79]]
acc: 0.752
f1: 0.240
[[1888   25]
 [  74   22]]
acc: 0.951
f1: 0.308
10,45,coarse : 8.49 seconds
10,45,fine : 8.49 seconds
[[1432  481]
 [  17   79]]
acc: 0.752
f1: 0.241
[[1889   24]
 [  73   23]]
acc: 0.952
f1: 0.322
10,46,coarse : 8.6 seconds
10,46,fine : 8.61 seconds
[[1434  479]
 [  17   79]]
acc: 0.753
f1: 0.242
[[1888   25]
 [  72   24]]
acc: 0.952
f1: 0.331
10,47,coarse : 8.75 seconds
10,47,fine : 8.76 seconds
[[1430  483]
 [  18   78]]
acc: 0.751
f1: 0.237
[[1886   27]
 [  74   22]]
acc: 0.950
f1: 0.303
10,48,coarse : 8.95 seconds
10,48,fine : 8.96 seconds
[[1438  475]
 [  17   79]]
acc: 0.755
f1: 0.243
[[1882   31]
 [  73   23]]
acc: 0.948
f1: 0.307
10,49,coarse : 9.07 seconds
10,49,fine : 9.08 seconds
[[1439  474]
 [  17   79]]
acc: 0.756
f1: 0.243
[[1883   30]
 [  68   28]]
acc: 0.951
f1: 0.364
10,50,coarse : 11.45 seconds
10,50,fine : 11.45 seconds
[[1443  470]
 [  17   79]]
acc: 0.758
f1: 0.245
[[1882   31]
 [  67   29]]
acc: 0.951
f1: 0.372
10,51,coarse : 9.45 seconds
10,51,fine : 9.46 seconds
[[1444  469]
 [  16   80]]
acc: 0.759
f1: 0.248
[[1880   33]
 [  68   28]]
acc: 0.950
f1: 0.357
10,52,coarse : 9.69 seconds
10,52,fine : 9.7 seconds
[[1445  468]
 [  17   79]]
acc: 0.759
f1: 0.246
[[1875   38]
 [  68   28]]
acc: 0.947
f1: 0.346
10,53,coarse : 9.77 seconds
10,53,fine : 9.78 seconds
[[1443  470]
 [  18   78]]
acc: 0.757
f1: 0.242
[[1879   34]
 [  69   27]]
acc: 0.949
f1: 0.344
10,54,coarse : 9.96 seconds
10,54,fine : 9.97 seconds
[[1445  468]
 [  17   79]]
acc: 0.759
f1: 0.246
[[1879   34]
 [  68   28]]
acc: 0.949
f1: 0.354
10,55,coarse : 10.05 seconds
10,55,fine : 10.06 seconds
[[1446  467]
 [  17   79]]
acc: 0.759
f1: 0.246
[[1877   36]
 [  68   28]]
acc: 0.948
f1: 0.350
10,56,coarse : 10.26 seconds
10,56,fine : 10.26 seconds
[[1447  466]
 [  17   79]]
acc: 0.760
f1: 0.246
[[1876   37]
 [  66   30]]
acc: 0.949
f1: 0.368
10,57,coarse : 10.41 seconds
10,57,fine : 10.42 seconds
[[1446  467]
 [  17   79]]
acc: 0.759
f1: 0.246
[[1877   36]
 [  65   31]]
acc: 0.950
f1: 0.380
10,58,coarse : 10.56 seconds
10,58,fine : 10.57 seconds
[[1447  466]
 [  16   80]]
acc: 0.760
f1: 0.249
[[1878   35]
 [  65   31]]
acc: 0.950
f1: 0.383
10,59,coarse : 10.94 seconds
10,59,fine : 10.95 seconds
[[1449  464]
 [  15   81]]
acc: 0.762
f1: 0.253
[[1878   35]
 [  64   32]]
acc: 0.951
f1: 0.393
10,60,coarse : 11.19 seconds
10,60,fine : 11.2 seconds
[[1443  470]
 [  15   81]]
acc: 0.759
f1: 0.250
[[1879   34]
 [  64   32]]
acc: 0.951
f1: 0.395
10,61,coarse : 11.19 seconds
10,61,fine : 11.2 seconds
[[1439  474]
 [  16   80]]
acc: 0.756
f1: 0.246
[[1877   36]
 [  64   32]]
acc: 0.950
f1: 0.390
10,62,coarse : 11.18 seconds
10,62,fine : 11.19 seconds
[[1438  475]
 [  15   81]]
acc: 0.756
f1: 0.248
[[1875   38]
 [  63   33]]
acc: 0.950
f1: 0.395
10,63,coarse : 11.24 seconds
10,63,fine : 11.25 seconds
[[1443  470]
 [  15   81]]
acc: 0.759
f1: 0.250
[[1874   39]
 [  62   34]]
acc: 0.950
f1: 0.402
10,64,coarse : 11.4 seconds
10,64,fine : 11.41 seconds
[[1446  467]
 [  15   81]]
acc: 0.760
f1: 0.252
[[1876   37]
 [  62   34]]
acc: 0.951
f1: 0.407
10,65,coarse : 11.55 seconds
10,65,fine : 11.56 seconds
[[1445  468]
 [  16   80]]
acc: 0.759
f1: 0.248
[[1874   39]
 [  62   34]]
acc: 0.950
f1: 0.402
10,66,coarse : 11.98 seconds
10,66,fine : 11.99 seconds
[[1445  468]
 [  17   79]]
acc: 0.759
f1: 0.246
[[1873   40]
 [  61   35]]
acc: 0.950
f1: 0.409
10,67,coarse : 12.03 seconds
10,67,fine : 12.04 seconds
[[1448  465]
 [  17   79]]
acc: 0.760
f1: 0.247
[[1873   40]
 [  61   35]]
acc: 0.950
f1: 0.409
10,68,coarse : 12.31 seconds
10,68,fine : 12.32 seconds
[[1450  463]
 [  17   79]]
acc: 0.761
f1: 0.248
[[1873   40]
 [  59   37]]
acc: 0.951
f1: 0.428
10,69,coarse : 12.35 seconds
10,69,fine : 12.36 seconds
[[1451  462]
 [  17   79]]
acc: 0.762
f1: 0.248
[[1875   38]
 [  59   37]]
acc: 0.952
f1: 0.433
10,70,coarse : 12.75 seconds
10,70,fine : 12.76 seconds
[[1447  466]
 [  17   79]]
acc: 0.760
f1: 0.246
[[1874   39]
 [  59   37]]
acc: 0.951
f1: 0.430
10,71,coarse : 12.81 seconds
10,71,fine : 12.82 seconds
[[1449  464]
 [  17   79]]
acc: 0.761
f1: 0.247
[[1875   38]
 [  60   36]]
acc: 0.951
f1: 0.424
10,72,coarse : 12.68 seconds
10,72,fine : 12.69 seconds
[[1449  464]
 [  17   79]]
acc: 0.761
f1: 0.247
[[1877   36]
 [  58   38]]
acc: 0.953
f1: 0.447
10,73,coarse : 12.7 seconds
10,73,fine : 12.71 seconds
[[1453  460]
 [  17   79]]
acc: 0.763
f1: 0.249
[[1878   35]
 [  61   35]]
acc: 0.952
f1: 0.422
10,74,coarse : 13.07 seconds
10,74,fine : 13.08 seconds
[[1463  450]
 [  17   79]]
acc: 0.768
f1: 0.253
[[1879   34]
 [  62   34]]
acc: 0.952
f1: 0.415
10,75,coarse : 13.26 seconds
10,75,fine : 13.27 seconds
[[1462  451]
 [  16   80]]
acc: 0.768
f1: 0.255
[[1877   36]
 [  58   38]]
acc: 0.953
f1: 0.447
10,76,coarse : 13.12 seconds
10,76,fine : 13.13 seconds
[[1458  455]
 [  17   79]]
acc: 0.765
f1: 0.251
[[1876   37]
 [  57   39]]
acc: 0.953
f1: 0.453
10,77,coarse : 13.21 seconds
10,77,fine : 13.22 seconds
[[1457  456]
 [  17   79]]
acc: 0.765
f1: 0.250
[[1874   39]
 [  57   39]]
acc: 0.952
f1: 0.448
10,78,coarse : 12.54 seconds
10,78,fine : 12.55 seconds
[[1461  452]
 [  17   79]]
acc: 0.767
f1: 0.252
[[1871   42]
 [  56   40]]
acc: 0.951
f1: 0.449
10,79,coarse : 13.19 seconds
10,79,fine : 13.2 seconds
[[1456  457]
 [  17   79]]
acc: 0.764
f1: 0.250
[[1871   42]
 [  56   40]]
acc: 0.951
f1: 0.449
10,80,coarse : 13.2 seconds
10,80,fine : 13.21 seconds
[[1456  457]
 [  17   79]]
acc: 0.764
f1: 0.250
[[1869   44]
 [  56   40]]
acc: 0.950
f1: 0.444
10,81,coarse : 13.61 seconds
10,81,fine : 13.62 seconds
[[1457  456]
 [  17   79]]
acc: 0.765
f1: 0.250
[[1869   44]
 [  56   40]]
acc: 0.950
f1: 0.444
10,82,coarse : 13.78 seconds
10,82,fine : 13.8 seconds
[[1460  453]
 [  17   79]]
acc: 0.766
f1: 0.252
[[1870   43]
 [  56   40]]
acc: 0.951
f1: 0.447
10,83,coarse : 14.13 seconds
10,83,fine : 14.14 seconds
[[1469  444]
 [  17   79]]
acc: 0.771
f1: 0.255
[[1872   41]
 [  56   40]]
acc: 0.952
f1: 0.452
10,84,coarse : 13.94 seconds
10,84,fine : 13.95 seconds
[[1470  443]
 [  17   79]]
acc: 0.771
f1: 0.256
[[1874   39]
 [  56   40]]
acc: 0.953
f1: 0.457
10,85,coarse : 14.54 seconds
10,85,fine : 14.55 seconds
[[1474  439]
 [  17   79]]
acc: 0.773
f1: 0.257
[[1869   44]
 [  56   40]]
acc: 0.950
f1: 0.444
10,86,coarse : 14.67 seconds
10,86,fine : 14.68 seconds
[[1475  438]
 [  17   79]]
acc: 0.774
f1: 0.258
[[1870   43]
 [  56   40]]
acc: 0.951
f1: 0.447
10,87,coarse : 14.67 seconds
10,87,fine : 14.68 seconds
[[1475  438]
 [  17   79]]
acc: 0.774
f1: 0.258
[[1874   39]
 [  57   39]]
acc: 0.952
f1: 0.448
10,88,coarse : 14.96 seconds
10,88,fine : 14.97 seconds
[[1477  436]
 [  17   79]]
acc: 0.775
f1: 0.259
[[1873   40]
 [  57   39]]
acc: 0.952
f1: 0.446
10,89,coarse : 15.07 seconds
10,89,fine : 15.09 seconds
[[1466  447]
 [  16   80]]
acc: 0.770
f1: 0.257
[[1869   44]
 [  58   38]]
acc: 0.949
f1: 0.427
10,90,coarse : 15.33 seconds
10,90,fine : 15.35 seconds
[[1472  441]
 [  14   82]]
acc: 0.774
f1: 0.265
[[1871   42]
 [  58   38]]
acc: 0.950
f1: 0.432
10,91,coarse : 15.78 seconds
10,91,fine : 15.79 seconds
[[1469  444]
 [  14   82]]
acc: 0.772
f1: 0.264
[[1868   45]
 [  56   40]]
acc: 0.950
f1: 0.442
10,92,coarse : 15.74 seconds
10,92,fine : 15.75 seconds
[[1470  443]
 [  15   81]]
acc: 0.772
f1: 0.261
[[1869   44]
 [  56   40]]
acc: 0.950
f1: 0.444
10,93,coarse : 15.86 seconds
10,93,fine : 15.88 seconds
[[1457  456]
 [  15   81]]
acc: 0.766
f1: 0.256
[[1868   45]
 [  56   40]]
acc: 0.950
f1: 0.442
10,94,coarse : 15.93 seconds
10,94,fine : 15.95 seconds
[[1460  453]
 [  15   81]]
acc: 0.767
f1: 0.257
[[1868   45]
 [  55   41]]
acc: 0.950
f1: 0.451
10,95,coarse : 15.95 seconds
10,95,fine : 15.96 seconds
[[1460  453]
 [  15   81]]
acc: 0.767
f1: 0.257
[[1868   45]
 [  56   40]]
acc: 0.950
f1: 0.442
10,96,coarse : 16.47 seconds
10,96,fine : 16.48 seconds
[[1461  452]
 [  15   81]]
acc: 0.768
f1: 0.258
[[1868   45]
 [  56   40]]
acc: 0.950
f1: 0.442
10,97,coarse : 16.31 seconds
10,97,fine : 16.32 seconds
[[1461  452]
 [  15   81]]
acc: 0.768
f1: 0.258
[[1869   44]
 [  56   40]]
acc: 0.950
f1: 0.444
10,98,coarse : 16.81 seconds
10,98,fine : 16.82 seconds
[[1461  452]
 [  16   80]]
acc: 0.767
f1: 0.255
[[1867   46]
 [  56   40]]
acc: 0.949
f1: 0.440
10,99,coarse : 16.8 seconds
10,99,fine : 16.81 seconds
[[1460  453]
 [  16   80]]
acc: 0.767
f1: 0.254
[[1867   46]
 [  55   41]]
acc: 0.950
f1: 0.448
10,100,coarse : 18.83 seconds
10,100,fine : 18.84 seconds
[[1461  452]
 [  16   80]]
acc: 0.767
f1: 0.255
[[1867   46]
 [  55   41]]
acc: 0.950
f1: 0.448
10,101,coarse : 17.04 seconds
10,101,fine : 17.05 seconds
[[1464  449]
 [  16   80]]
acc: 0.769
f1: 0.256
[[1864   49]
 [  55   41]]
acc: 0.948
f1: 0.441
10,102,coarse : 17.12 seconds
10,102,fine : 17.13 seconds
[[1467  446]
 [  17   79]]
acc: 0.770
f1: 0.254
[[1865   48]
 [  54   42]]
acc: 0.949
f1: 0.452
10,103,coarse : 17.6 seconds
10,103,fine : 17.62 seconds
[[1466  447]
 [  16   80]]
acc: 0.770
f1: 0.257
[[1864   49]
 [  54   42]]
acc: 0.949
f1: 0.449
10,104,coarse : 18.26 seconds
10,104,fine : 18.28 seconds
[[1470  443]
 [  16   80]]
acc: 0.772
f1: 0.258
[[1865   48]
 [  53   43]]
acc: 0.950
f1: 0.460
10,105,coarse : 17.68 seconds
10,105,fine : 17.7 seconds
[[1469  444]
 [  16   80]]
acc: 0.771
f1: 0.258
[[1865   48]
 [  54   42]]
acc: 0.949
f1: 0.452
10,106,coarse : 17.82 seconds
10,106,fine : 17.84 seconds
[[1468  445]
 [  16   80]]
acc: 0.771
f1: 0.258
[[1864   49]
 [  53   43]]
acc: 0.949
f1: 0.457
10,107,coarse : 18.29 seconds
10,107,fine : 18.31 seconds
[[1469  444]
 [  16   80]]
acc: 0.771
f1: 0.258
[[1864   49]
 [  54   42]]
acc: 0.949
f1: 0.449
10,108,coarse : 18.49 seconds
10,108,fine : 18.5 seconds
[[1474  439]
 [  16   80]]
acc: 0.774
f1: 0.260
[[1864   49]
 [  53   43]]
acc: 0.949
f1: 0.457
10,109,coarse : 19.15 seconds
10,109,fine : 19.16 seconds
[[1474  439]
 [  14   82]]
acc: 0.775
f1: 0.266
[[1863   50]
 [  54   42]]
acc: 0.948
f1: 0.447
10,110,coarse : 19.52 seconds
10,110,fine : 19.54 seconds
[[1473  440]
 [  14   82]]
acc: 0.774
f1: 0.265
[[1861   52]
 [  55   41]]
acc: 0.947
f1: 0.434
10,111,coarse : 18.91 seconds
10,111,fine : 18.92 seconds
[[1479  434]
 [  15   81]]
acc: 0.777
f1: 0.265
[[1867   46]
 [  55   41]]
acc: 0.950
f1: 0.448
10,112,coarse : 18.8 seconds
10,112,fine : 18.82 seconds
[[1476  437]
 [  14   82]]
acc: 0.776
f1: 0.267
[[1867   46]
 [  53   43]]
acc: 0.951
f1: 0.465
10,113,coarse : 19.56 seconds
10,113,fine : 19.57 seconds
[[1472  441]
 [  14   82]]
acc: 0.774
f1: 0.265
[[1867   46]
 [  53   43]]
acc: 0.951
f1: 0.465
10,114,coarse : 19.14 seconds
10,114,fine : 19.16 seconds
[[1474  439]
 [  14   82]]
acc: 0.775
f1: 0.266
[[1868   45]
 [  53   43]]
acc: 0.951
f1: 0.467
10,115,coarse : 19.15 seconds
10,115,fine : 19.16 seconds
[[1471  442]
 [  15   81]]
acc: 0.773
f1: 0.262
[[1866   47]
 [  53   43]]
acc: 0.950
f1: 0.462
10,116,coarse : 19.85 seconds
10,116,fine : 19.87 seconds
[[1472  441]
 [  15   81]]
acc: 0.773
f1: 0.262
[[1866   47]
 [  54   42]]
acc: 0.950
f1: 0.454
10,117,coarse : 19.75 seconds
10,117,fine : 19.76 seconds
[[1472  441]
 [  15   81]]
acc: 0.773
f1: 0.262
[[1868   45]
 [  53   43]]
acc: 0.951
f1: 0.467
10,118,coarse : 19.97 seconds
10,118,fine : 19.99 seconds
[[1470  443]
 [  16   80]]
acc: 0.772
f1: 0.258
[[1867   46]
 [  52   44]]
acc: 0.951
f1: 0.473
10,119,coarse : 20.18 seconds
10,119,fine : 20.2 seconds
[[1481  432]
 [  15   81]]
acc: 0.778
f1: 0.266
[[1865   48]
 [  52   44]]
acc: 0.950
f1: 0.468
10,120,coarse : 19.79 seconds
10,120,fine : 19.8 seconds
[[1482  431]
 [  15   81]]
acc: 0.778
f1: 0.266
[[1865   48]
 [  52   44]]
acc: 0.950
f1: 0.468
10,121,coarse : 19.64 seconds
10,121,fine : 19.66 seconds
[[1480  433]
 [  15   81]]
acc: 0.777
f1: 0.266
[[1866   47]
 [  52   44]]
acc: 0.951
f1: 0.471
10,122,coarse : 20.33 seconds
10,122,fine : 20.34 seconds
[[1484  429]
 [  14   82]]
acc: 0.779
f1: 0.270
[[1865   48]
 [  51   45]]
acc: 0.951
f1: 0.476
10,123,coarse : 20.26 seconds
10,123,fine : 20.27 seconds
[[1483  430]
 [  14   82]]
acc: 0.779
f1: 0.270
[[1866   47]
 [  51   45]]
acc: 0.951
f1: 0.479
10,124,coarse : 20.7 seconds
10,124,fine : 20.71 seconds
[[1478  435]
 [  14   82]]
acc: 0.777
f1: 0.268
[[1864   49]
 [  51   45]]
acc: 0.950
f1: 0.474
10,125,coarse : 20.97 seconds
10,125,fine : 20.99 seconds
[[1472  441]
 [  14   82]]
acc: 0.774
f1: 0.265
[[1865   48]
 [  52   44]]
acc: 0.950
f1: 0.468
10,126,coarse : 21.74 seconds
10,126,fine : 21.76 seconds
[[1471  442]
 [  15   81]]
acc: 0.773
f1: 0.262
[[1866   47]
 [  52   44]]
acc: 0.951
f1: 0.471
10,127,coarse : 21.82 seconds
10,127,fine : 21.84 seconds
[[1473  440]
 [  15   81]]
acc: 0.774
f1: 0.263
[[1863   50]
 [  52   44]]
acc: 0.949
f1: 0.463
10,128,coarse : 21.92 seconds
10,128,fine : 21.94 seconds
[[1473  440]
 [  15   81]]
acc: 0.774
f1: 0.263
[[1864   49]
 [  52   44]]
acc: 0.950
f1: 0.466
10,129,coarse : 22.08 seconds
10,129,fine : 22.1 seconds
[[1470  443]
 [  16   80]]
acc: 0.772
f1: 0.258
[[1864   49]
 [  51   45]]
acc: 0.950
f1: 0.474
10,130,coarse : 21.58 seconds
10,130,fine : 21.59 seconds
[[1475  438]
 [  16   80]]
acc: 0.774
f1: 0.261
[[1866   47]
 [  52   44]]
acc: 0.951
f1: 0.471
10,131,coarse : 22.06 seconds
10,131,fine : 22.08 seconds
[[1472  441]
 [  16   80]]
acc: 0.773
f1: 0.259
[[1866   47]
 [  52   44]]
acc: 0.951
f1: 0.471
10,132,coarse : 22.52 seconds
10,132,fine : 22.54 seconds
[[1470  443]
 [  15   81]]
acc: 0.772
f1: 0.261
[[1863   50]
 [  52   44]]
acc: 0.949
f1: 0.463
10,133,coarse : 22.69 seconds
10,133,fine : 22.71 seconds
[[1469  444]
 [  15   81]]
acc: 0.772
f1: 0.261
[[1863   50]
 [  52   44]]
acc: 0.949
f1: 0.463
10,134,coarse : 22.7 seconds
10,134,fine : 22.72 seconds
[[1469  444]
 [  16   80]]
acc: 0.771
f1: 0.258
[[1864   49]
 [  51   45]]
acc: 0.950
f1: 0.474
10,135,coarse : 22.83 seconds
10,135,fine : 22.85 seconds
[[1472  441]
 [  15   81]]
acc: 0.773
f1: 0.262
[[1864   49]
 [  52   44]]
acc: 0.950
f1: 0.466
10,136,coarse : 23.36 seconds
10,136,fine : 23.38 seconds
[[1473  440]
 [  16   80]]
acc: 0.773
f1: 0.260
[[1864   49]
 [  52   44]]
acc: 0.950
f1: 0.466
10,137,coarse : 23.32 seconds
10,137,fine : 23.33 seconds
[[1476  437]
 [  17   79]]
acc: 0.774
f1: 0.258
[[1864   49]
 [  52   44]]
acc: 0.950
f1: 0.466
10,138,coarse : 22.93 seconds
10,138,fine : 22.95 seconds
[[1470  443]
 [  17   79]]
acc: 0.771
f1: 0.256
[[1863   50]
 [  51   45]]
acc: 0.950
f1: 0.471
10,139,coarse : 23.31 seconds
10,139,fine : 23.33 seconds
[[1471  442]
 [  16   80]]
acc: 0.772
f1: 0.259
[[1864   49]
 [  51   45]]
acc: 0.950
f1: 0.474
10,140,coarse : 23.67 seconds
10,140,fine : 23.69 seconds
[[1477  436]
 [  16   80]]
acc: 0.775
f1: 0.261
[[1864   49]
 [  51   45]]
acc: 0.950
f1: 0.474
10,141,coarse : 23.65 seconds
10,141,fine : 23.67 seconds
[[1479  434]
 [  16   80]]
acc: 0.776
f1: 0.262
[[1864   49]
 [  51   45]]
acc: 0.950
f1: 0.474
10,142,coarse : 24.76 seconds
10,142,fine : 24.78 seconds
[[1470  443]
 [  15   81]]
acc: 0.772
f1: 0.261
[[1865   48]
 [  51   45]]
acc: 0.951
f1: 0.476
10,143,coarse : 24.57 seconds
10,143,fine : 24.59 seconds
[[1472  441]
 [  15   81]]
acc: 0.773
f1: 0.262
[[1863   50]
 [  51   45]]
acc: 0.950
f1: 0.471
10,144,coarse : 24.91 seconds
10,144,fine : 24.93 seconds
[[1477  436]
 [  15   81]]
acc: 0.776
f1: 0.264
[[1864   49]
 [  51   45]]
acc: 0.950
f1: 0.474
10,145,coarse : 25.14 seconds
10,145,fine : 25.16 seconds
[[1482  431]
 [  14   82]]
acc: 0.778
f1: 0.269
[[1863   50]
 [  50   46]]
acc: 0.950
f1: 0.479
10,146,coarse : 25.2 seconds
10,146,fine : 25.22 seconds
[[1482  431]
 [  14   82]]
acc: 0.778
f1: 0.269
[[1864   49]
 [  50   46]]
acc: 0.951
f1: 0.482
10,147,coarse : 25.39 seconds
10,147,fine : 25.41 seconds
[[1483  430]
 [  15   81]]
acc: 0.778
f1: 0.267
[[1862   51]
 [  50   46]]
acc: 0.950
f1: 0.477
10,148,coarse : 25.45 seconds
10,148,fine : 25.47 seconds
[[1487  426]
 [  15   81]]
acc: 0.780
f1: 0.269
[[1862   51]
 [  49   47]]
acc: 0.950
f1: 0.485
10,149,coarse : 25.75 seconds
10,149,fine : 25.77 seconds
[[1487  426]
 [  14   82]]
acc: 0.781
f1: 0.272
[[1861   52]
 [  50   46]]
acc: 0.949
f1: 0.474
10,150,coarse : 27.74 seconds
10,150,fine : 27.75 seconds
[[1487  426]
 [  15   81]]
acc: 0.780
f1: 0.269
[[1861   52]
 [  51   45]]
acc: 0.949
f1: 0.466
10,151,coarse : 25.88 seconds
10,151,fine : 25.9 seconds
[[1485  428]
 [  15   81]]
acc: 0.779
f1: 0.268
[[1860   53]
 [  50   46]]
acc: 0.949
f1: 0.472
10,152,coarse : 26.51 seconds
10,152,fine : 26.53 seconds
[[1488  425]
 [  14   82]]
acc: 0.781
f1: 0.272
[[1862   51]
 [  50   46]]
acc: 0.950
f1: 0.477
10,153,coarse : 26.58 seconds
10,153,fine : 26.6 seconds
[[1486  427]
 [  14   82]]
acc: 0.780
f1: 0.271
[[1861   52]
 [  49   47]]
acc: 0.950
f1: 0.482
10,154,coarse : 26.55 seconds
10,154,fine : 26.57 seconds
[[1488  425]
 [  14   82]]
acc: 0.781
f1: 0.272
[[1860   53]
 [  50   46]]
acc: 0.949
f1: 0.472
10,155,coarse : 27.29 seconds
10,155,fine : 27.31 seconds
[[1488  425]
 [  14   82]]
acc: 0.781
f1: 0.272
[[1860   53]
 [  50   46]]
acc: 0.949
f1: 0.472
10,156,coarse : 27.17 seconds
10,156,fine : 27.19 seconds
[[1487  426]
 [  15   81]]
acc: 0.780
f1: 0.269
[[1858   55]
 [  50   46]]
acc: 0.948
f1: 0.467
10,157,coarse : 27.56 seconds
10,157,fine : 27.58 seconds
[[1488  425]
 [  14   82]]
acc: 0.781
f1: 0.272
[[1859   54]
 [  50   46]]
acc: 0.948
f1: 0.469
10,158,coarse : 27.34 seconds
10,158,fine : 27.36 seconds
[[1484  429]
 [  15   81]]
acc: 0.779
f1: 0.267
[[1860   53]
 [  50   46]]
acc: 0.949
f1: 0.472
10,159,coarse : 26.99 seconds
10,159,fine : 27.01 seconds
[[1487  426]
 [  15   81]]
acc: 0.780
f1: 0.269
[[1858   55]
 [  50   46]]
acc: 0.948
f1: 0.467
10,160,coarse : 27.21 seconds
10,160,fine : 27.23 seconds
[[1488  425]
 [  15   81]]
acc: 0.781
f1: 0.269
[[1857   56]
 [  50   46]]
acc: 0.947
f1: 0.465
10,161,coarse : 27.04 seconds
10,161,fine : 27.06 seconds
[[1490  423]
 [  16   80]]
acc: 0.781
f1: 0.267
[[1859   54]
 [  50   46]]
acc: 0.948
f1: 0.469
10,162,coarse : 28.2 seconds
10,162,fine : 28.22 seconds
[[1494  419]
 [  15   81]]
acc: 0.784
f1: 0.272
[[1857   56]
 [  49   47]]
acc: 0.948
f1: 0.472
10,163,coarse : 28.27 seconds
10,163,fine : 28.29 seconds
[[1490  423]
 [  15   81]]
acc: 0.782
f1: 0.270
[[1854   59]
 [  49   47]]
acc: 0.946
f1: 0.465
10,164,coarse : 28.72 seconds
10,164,fine : 28.74 seconds
[[1492  421]
 [  15   81]]
acc: 0.783
f1: 0.271
[[1852   61]
 [  48   48]]
acc: 0.946
f1: 0.468
10,165,coarse : 29.83 seconds
10,165,fine : 29.85 seconds
[[1491  422]
 [  15   81]]
acc: 0.782
f1: 0.270
[[1849   64]
 [  48   48]]
acc: 0.944
f1: 0.462
10,166,coarse : 28.31 seconds
10,166,fine : 28.33 seconds
[[1490  423]
 [  15   81]]
acc: 0.782
f1: 0.270
[[1849   64]
 [  48   48]]
acc: 0.944
f1: 0.462
10,167,coarse : 29.29 seconds
10,167,fine : 29.31 seconds
[[1490  423]
 [  15   81]]
acc: 0.782
f1: 0.270
[[1853   60]
 [  47   49]]
acc: 0.947
f1: 0.478
10,168,coarse : 29.46 seconds
10,168,fine : 29.48 seconds
[[1490  423]
 [  14   82]]
acc: 0.782
f1: 0.273
[[1854   59]
 [  47   49]]
acc: 0.947
f1: 0.480
10,169,coarse : 29.68 seconds
10,169,fine : 29.71 seconds
[[1489  424]
 [  14   82]]
acc: 0.782
f1: 0.272
[[1856   57]
 [  47   49]]
acc: 0.948
f1: 0.485
10,170,coarse : 30.49 seconds
10,170,fine : 30.52 seconds
[[1493  420]
 [  14   82]]
acc: 0.784
f1: 0.274
[[1856   57]
 [  46   50]]
acc: 0.949
f1: 0.493
10,171,coarse : 29.87 seconds
10,171,fine : 29.89 seconds
[[1494  419]
 [  15   81]]
acc: 0.784
f1: 0.272
[[1856   57]
 [  47   49]]
acc: 0.948
f1: 0.485
10,172,coarse : 29.58 seconds
10,172,fine : 29.6 seconds
