all           0      1    2    3    4    5    6    7    8    
1      2010   1914   1    19   32   19   1    11   6    7    
2      2010   1914   1    19   32   19   1    11   6    7    
3      2010   1914   1    19   32   19   1    11   5    8    
4      2010   1914   1    19   32   19   1    10   6    8    
5      2010   1914   1    18   33   19   1    10   6    8    
6      2010   1914   1    18   33   19   1    10   6    8    
7      2010   1913   2    18   33   19   1    10   6    8    
8      2010   1913   2    18   33   19   1    10   6    8    
9      2009   1913   2    18   32   19   2    10   6    7    
10     2009   1913   1    19   32   19   1    11   6    7    
Total  20098  19136  13   185  324  190  11   104  59   76   
train         0      1    2    3    4    5    6    7    8    
1      2010   1914   1    19   32   19   1    11   6    7    
2      2010   1914   1    19   32   19   1    11   6    7    
3      2010   1914   1    19   32   19   1    11   5    8    
4      2010   1914   1    19   32   19   1    10   6    8    
5      2010   1914   1    18   33   19   1    10   6    8    
6      2010   1914   1    18   33   19   1    10   6    8    
8      2010   1913   2    18   33   19   1    10   6    8    
9      2009   1913   2    18   32   19   2    10   6    7    
10     2009   1913   1    19   32   19   1    11   6    7    
Total  18088  17223  11   167  291  171  10   94   53   68   
test          0      1    2    3    4    5    6    7    8    
7      2010   1913   2    18   33   19   1    10   6    8    
Total  2010   1913   2    18   33   19   1    10   6    8    
Classes             
0         17223     
1         11        
2         167       
3         291       
4         171       
5         10        
6         94        
7         53        
8         68        
Total     18088     

Shape: 450       

[952, 10, 11, 16, 11, 10, 10, 10, 10]
Sum start => 1040
[[1389  524]
 [  21   76]]
acc: 0.729
f1: 0.218
[[1881   32]
 [  91    6]]
acc: 0.939
f1: 0.089
7,1,coarse : 27.83 seconds
7,1,fine : 27.83 seconds
[[1389  524]
 [  21   76]]
acc: 0.729
f1: 0.218
[[1881   32]
 [  91    6]]
acc: 0.939
f1: 0.089
7,2,coarse : 28.96 seconds
7,2,fine : 28.96 seconds
[[1441  472]
 [  22   75]]
acc: 0.754
f1: 0.233
[[1901   12]
 [  93    4]]
acc: 0.948
f1: 0.071
7,3,coarse : 26.68 seconds
7,3,fine : 26.69 seconds
[[1450  463]
 [  22   75]]
acc: 0.759
f1: 0.236
[[1909    4]
 [  94    3]]
acc: 0.951
f1: 0.058
7,4,coarse : 26.91 seconds
7,4,fine : 26.91 seconds
[[1459  454]
 [  23   74]]
acc: 0.763
f1: 0.237
[[1908    5]
 [  94    3]]
acc: 0.951
f1: 0.057
7,5,coarse : 27.24 seconds
7,5,fine : 27.24 seconds
[[1481  432]
 [  24   73]]
acc: 0.773
f1: 0.243
[[1907    6]
 [  92    5]]
acc: 0.951
f1: 0.093
7,6,coarse : 26.53 seconds
7,6,fine : 26.53 seconds
[[1480  433]
 [  23   74]]
acc: 0.773
f1: 0.245
[[1907    6]
 [  92    5]]
acc: 0.951
f1: 0.093
7,7,coarse : 26.69 seconds
7,7,fine : 26.69 seconds
[[1477  436]
 [  23   74]]
acc: 0.772
f1: 0.244
[[1906    7]
 [  91    6]]
acc: 0.951
f1: 0.109
7,8,coarse : 27.0 seconds
7,8,fine : 27.0 seconds
[[1499  414]
 [  23   74]]
acc: 0.783
f1: 0.253
[[1906    7]
 [  91    6]]
acc: 0.951
f1: 0.109
7,9,coarse : 26.45 seconds
7,9,fine : 26.45 seconds
[[1497  416]
 [  26   71]]
acc: 0.780
f1: 0.243
[[1904    9]
 [  89    8]]
acc: 0.951
f1: 0.140
7,10,coarse : 26.4 seconds
7,10,fine : 26.4 seconds
[[1509  404]
 [  24   73]]
acc: 0.787
f1: 0.254
[[1904    9]
 [  90    7]]
acc: 0.951
f1: 0.124
7,11,coarse : 26.75 seconds
7,11,fine : 26.75 seconds
[[1501  412]
 [  25   72]]
acc: 0.783
f1: 0.248
[[1903   10]
 [  90    7]]
acc: 0.950
f1: 0.123
7,12,coarse : 26.3 seconds
7,12,fine : 26.3 seconds
[[1504  409]
 [  25   72]]
acc: 0.784
f1: 0.249
[[1903   10]
 [  89    8]]
acc: 0.951
f1: 0.139
7,13,coarse : 26.37 seconds
7,13,fine : 26.38 seconds
[[1510  403]
 [  23   74]]
acc: 0.788
f1: 0.258
[[1905    8]
 [  89    8]]
acc: 0.952
f1: 0.142
7,14,coarse : 26.68 seconds
7,14,fine : 26.68 seconds
[[1520  393]
 [  24   73]]
acc: 0.793
f1: 0.259
[[1905    8]
 [  88    9]]
acc: 0.952
f1: 0.158
7,15,coarse : 26.14 seconds
7,15,fine : 26.14 seconds
[[1523  390]
 [  23   74]]
acc: 0.795
f1: 0.264
[[1906    7]
 [  85   12]]
acc: 0.954
f1: 0.207
7,16,coarse : 26.04 seconds
7,16,fine : 26.04 seconds
[[1539  374]
 [  23   74]]
acc: 0.802
f1: 0.272
[[1906    7]
 [  86   11]]
acc: 0.954
f1: 0.191
7,17,coarse : 26.39 seconds
7,17,fine : 26.4 seconds
[[1537  376]
 [  24   73]]
acc: 0.801
f1: 0.267
[[1905    8]
 [  85   12]]
acc: 0.954
f1: 0.205
7,18,coarse : 26.07 seconds
7,18,fine : 26.08 seconds
[[1548  365]
 [  23   74]]
acc: 0.807
f1: 0.276
[[1905    8]
 [  87   10]]
acc: 0.953
f1: 0.174
7,19,coarse : 25.97 seconds
7,19,fine : 25.98 seconds
[[1559  354]
 [  23   74]]
acc: 0.812
f1: 0.282
[[1904    9]
 [  86   11]]
acc: 0.953
f1: 0.188
7,20,coarse : 26.37 seconds
7,20,fine : 26.38 seconds
[[1546  367]
 [  23   74]]
acc: 0.806
f1: 0.275
[[1904    9]
 [  84   13]]
acc: 0.954
f1: 0.218
7,21,coarse : 26.01 seconds
7,21,fine : 26.02 seconds
[[1553  360]
 [  22   75]]
acc: 0.810
f1: 0.282
[[1904    9]
 [  85   12]]
acc: 0.953
f1: 0.203
7,22,coarse : 25.94 seconds
7,22,fine : 25.94 seconds
[[1553  360]
 [  23   74]]
acc: 0.809
f1: 0.279
[[1905    8]
 [  84   13]]
acc: 0.954
f1: 0.220
7,23,coarse : 26.39 seconds
7,23,fine : 26.39 seconds
[[1554  359]
 [  23   74]]
acc: 0.810
f1: 0.279
[[1905    8]
 [  85   12]]
acc: 0.954
f1: 0.205
7,24,coarse : 26.08 seconds
7,24,fine : 26.08 seconds
[[1556  357]
 [  23   74]]
acc: 0.811
f1: 0.280
[[1905    8]
 [  84   13]]
acc: 0.954
f1: 0.220
7,25,coarse : 26.01 seconds
7,25,fine : 26.01 seconds
[[1551  362]
 [  23   74]]
acc: 0.808
f1: 0.278
[[1905    8]
 [  84   13]]
acc: 0.954
f1: 0.220
7,26,coarse : 26.44 seconds
7,26,fine : 26.45 seconds
[[1552  361]
 [  23   74]]
acc: 0.809
f1: 0.278
[[1905    8]
 [  84   13]]
acc: 0.954
f1: 0.220
7,27,coarse : 26.05 seconds
7,27,fine : 26.06 seconds
[[1554  359]
 [  23   74]]
acc: 0.810
f1: 0.279
[[1904    9]
 [  84   13]]
acc: 0.954
f1: 0.218
7,28,coarse : 26.06 seconds
7,28,fine : 26.06 seconds
[[1556  357]
 [  24   73]]
acc: 0.810
f1: 0.277
[[1904    9]
 [  83   14]]
acc: 0.954
f1: 0.233
7,29,coarse : 26.53 seconds
7,29,fine : 26.54 seconds
[[1562  351]
 [  23   74]]
acc: 0.814
f1: 0.284
[[1905    8]
 [  83   14]]
acc: 0.955
f1: 0.235
7,30,coarse : 26.21 seconds
7,30,fine : 26.22 seconds
[[1567  346]
 [  23   74]]
acc: 0.816
f1: 0.286
[[1904    9]
 [  82   15]]
acc: 0.955
f1: 0.248
7,31,coarse : 26.05 seconds
7,31,fine : 26.06 seconds
[[1569  344]
 [  23   74]]
acc: 0.817
f1: 0.287
[[1905    8]
 [  82   15]]
acc: 0.955
f1: 0.250
7,32,coarse : 26.15 seconds
7,32,fine : 26.15 seconds
[[1563  350]
 [  23   74]]
acc: 0.814
f1: 0.284
[[1904    9]
 [  82   15]]
acc: 0.955
f1: 0.248
7,33,coarse : 26.13 seconds
7,33,fine : 26.14 seconds
[[1572  341]
 [  23   74]]
acc: 0.819
f1: 0.289
[[1903   10]
 [  82   15]]
acc: 0.954
f1: 0.246
7,34,coarse : 25.94 seconds
7,34,fine : 25.95 seconds
[[1574  339]
 [  22   75]]
acc: 0.820
f1: 0.294
[[1904    9]
 [  82   15]]
acc: 0.955
f1: 0.248
7,35,coarse : 25.98 seconds
7,35,fine : 25.99 seconds
[[1579  334]
 [  22   75]]
acc: 0.823
f1: 0.296
[[1904    9]
 [  81   16]]
acc: 0.955
f1: 0.262
7,36,coarse : 26.4 seconds
7,36,fine : 26.41 seconds
[[1581  332]
 [  22   75]]
acc: 0.824
f1: 0.298
[[1903   10]
 [  81   16]]
acc: 0.955
f1: 0.260
7,37,coarse : 25.87 seconds
7,37,fine : 25.88 seconds
[[1577  336]
 [  22   75]]
acc: 0.822
f1: 0.295
[[1904    9]
 [  81   16]]
acc: 0.955
f1: 0.262
7,38,coarse : 25.94 seconds
7,38,fine : 25.95 seconds
[[1567  346]
 [  22   75]]
acc: 0.817
f1: 0.290
[[1904    9]
 [  81   16]]
acc: 0.955
f1: 0.262
7,39,coarse : 26.11 seconds
7,39,fine : 26.12 seconds
[[1570  343]
 [  22   75]]
acc: 0.818
f1: 0.291
[[1903   10]
 [  80   17]]
acc: 0.955
f1: 0.274
7,40,coarse : 26.24 seconds
7,40,fine : 26.25 seconds
[[1572  341]
 [  20   77]]
acc: 0.820
f1: 0.299
[[1903   10]
 [  80   17]]
acc: 0.955
f1: 0.274
7,41,coarse : 26.17 seconds
7,41,fine : 26.18 seconds
[[1578  335]
 [  20   77]]
acc: 0.823
f1: 0.303
[[1903   10]
 [  80   17]]
acc: 0.955
f1: 0.274
7,42,coarse : 25.95 seconds
7,42,fine : 25.96 seconds
[[1582  331]
 [  21   76]]
acc: 0.825
f1: 0.302
[[1902   11]
 [  80   17]]
acc: 0.955
f1: 0.272
7,43,coarse : 26.34 seconds
7,43,fine : 26.35 seconds
[[1585  328]
 [  21   76]]
acc: 0.826
f1: 0.303
[[1902   11]
 [  80   17]]
acc: 0.955
f1: 0.272
7,44,coarse : 26.01 seconds
7,44,fine : 26.02 seconds
[[1592  321]
 [  22   75]]
acc: 0.829
f1: 0.304
[[1902   11]
 [  80   17]]
acc: 0.955
f1: 0.272
7,45,coarse : 26.01 seconds
7,45,fine : 26.02 seconds
[[1593  320]
 [  23   74]]
acc: 0.829
f1: 0.301
[[1902   11]
 [  78   19]]
acc: 0.956
f1: 0.299
7,46,coarse : 25.74 seconds
7,46,fine : 25.75 seconds
[[1593  320]
 [  23   74]]
acc: 0.829
f1: 0.301
[[1902   11]
 [  78   19]]
acc: 0.956
f1: 0.299
7,47,coarse : 26.36 seconds
7,47,fine : 26.37 seconds
[[1589  324]
 [  23   74]]
acc: 0.827
f1: 0.299
[[1902   11]
 [  77   20]]
acc: 0.956
f1: 0.312
7,48,coarse : 26.06 seconds
7,48,fine : 26.06 seconds
[[1584  329]
 [  22   75]]
acc: 0.825
f1: 0.299
[[1902   11]
 [  77   20]]
acc: 0.956
f1: 0.312
7,49,coarse : 26.02 seconds
7,49,fine : 26.03 seconds
[[1578  335]
 [  21   76]]
acc: 0.823
f1: 0.299
[[1902   11]
 [  77   20]]
acc: 0.956
f1: 0.312
7,50,coarse : 27.83 seconds
7,50,fine : 27.84 seconds
[[1574  339]
 [  20   77]]
acc: 0.821
f1: 0.300
[[1902   11]
 [  77   20]]
acc: 0.956
f1: 0.312
7,51,coarse : 25.85 seconds
7,51,fine : 25.86 seconds
[[1584  329]
 [  20   77]]
acc: 0.826
f1: 0.306
[[1902   11]
 [  77   20]]
acc: 0.956
f1: 0.312
7,52,coarse : 26.02 seconds
7,52,fine : 26.03 seconds
[[1589  324]
 [  20   77]]
acc: 0.829
f1: 0.309
[[1902   11]
 [  77   20]]
acc: 0.956
f1: 0.312
7,53,coarse : 26.31 seconds
7,53,fine : 26.32 seconds
[[1588  325]
 [  20   77]]
acc: 0.828
f1: 0.309
[[1902   11]
 [  76   21]]
acc: 0.957
f1: 0.326
7,54,coarse : 26.09 seconds
7,54,fine : 26.1 seconds
[[1595  318]
 [  21   76]]
acc: 0.831
f1: 0.310
[[1902   11]
 [  76   21]]
acc: 0.957
f1: 0.326
7,55,coarse : 26.11 seconds
7,55,fine : 26.12 seconds
[[1584  329]
 [  21   76]]
acc: 0.826
f1: 0.303
[[1902   11]
 [  75   22]]
acc: 0.957
f1: 0.338
7,56,coarse : 25.97 seconds
7,56,fine : 25.98 seconds
[[1589  324]
 [  21   76]]
acc: 0.828
f1: 0.306
[[1901   12]
 [  75   22]]
acc: 0.957
f1: 0.336
7,57,coarse : 26.43 seconds
7,57,fine : 26.44 seconds
[[1588  325]
 [  21   76]]
acc: 0.828
f1: 0.305
[[1901   12]
 [  75   22]]
acc: 0.957
f1: 0.336
7,58,coarse : 26.13 seconds
7,58,fine : 26.14 seconds
[[1591  322]
 [  21   76]]
acc: 0.829
f1: 0.307
[[1900   13]
 [  75   22]]
acc: 0.956
f1: 0.333
7,59,coarse : 25.97 seconds
7,59,fine : 25.98 seconds
[[1593  320]
 [  21   76]]
acc: 0.830
f1: 0.308
[[1900   13]
 [  73   24]]
acc: 0.957
f1: 0.358
7,60,coarse : 26.0 seconds
7,60,fine : 26.01 seconds
[[1601  312]
 [  21   76]]
acc: 0.834
f1: 0.313
[[1900   13]
 [  72   25]]
acc: 0.958
f1: 0.370
7,61,coarse : 26.06 seconds
7,61,fine : 26.07 seconds
[[1593  320]
 [  21   76]]
acc: 0.830
f1: 0.308
[[1900   13]
 [  72   25]]
acc: 0.958
f1: 0.370
7,62,coarse : 26.33 seconds
7,62,fine : 26.34 seconds
[[1595  318]
 [  21   76]]
acc: 0.831
f1: 0.310
[[1900   13]
 [  72   25]]
acc: 0.958
f1: 0.370
7,63,coarse : 26.06 seconds
7,63,fine : 26.07 seconds
[[1595  318]
 [  22   75]]
acc: 0.831
f1: 0.306
[[1900   13]
 [  72   25]]
acc: 0.958
f1: 0.370
7,64,coarse : 25.89 seconds
7,64,fine : 25.9 seconds
[[1591  322]
 [  22   75]]
acc: 0.829
f1: 0.304
[[1899   14]
 [  72   25]]
acc: 0.957
f1: 0.368
7,65,coarse : 26.04 seconds
7,65,fine : 26.05 seconds
[[1593  320]
 [  21   76]]
acc: 0.830
f1: 0.308
[[1898   15]
 [  73   24]]
acc: 0.956
f1: 0.353
7,66,coarse : 26.64 seconds
7,66,fine : 26.65 seconds
[[1590  323]
 [  19   78]]
acc: 0.830
f1: 0.313
[[1897   16]
 [  71   26]]
acc: 0.957
f1: 0.374
7,67,coarse : 25.96 seconds
7,67,fine : 25.97 seconds
[[1592  321]
 [  19   78]]
acc: 0.831
f1: 0.315
[[1896   17]
 [  72   25]]
acc: 0.956
f1: 0.360
7,68,coarse : 26.04 seconds
7,68,fine : 26.05 seconds
[[1592  321]
 [  19   78]]
acc: 0.831
f1: 0.315
[[1896   17]
 [  72   25]]
acc: 0.956
f1: 0.360
7,69,coarse : 26.0 seconds
7,69,fine : 26.01 seconds
[[1590  323]
 [  19   78]]
acc: 0.830
f1: 0.313
[[1896   17]
 [  72   25]]
acc: 0.956
f1: 0.360
7,70,coarse : 26.28 seconds
7,70,fine : 26.29 seconds
[[1594  319]
 [  20   77]]
acc: 0.831
f1: 0.312
[[1895   18]
 [  72   25]]
acc: 0.955
f1: 0.357
7,71,coarse : 26.67 seconds
7,71,fine : 26.69 seconds
[[1592  321]
 [  20   77]]
acc: 0.830
f1: 0.311
[[1895   18]
 [  72   25]]
acc: 0.955
f1: 0.357
7,72,coarse : 26.23 seconds
7,72,fine : 26.24 seconds
[[1591  322]
 [  20   77]]
acc: 0.830
f1: 0.310
[[1894   19]
 [  72   25]]
acc: 0.955
f1: 0.355
7,73,coarse : 25.99 seconds
7,73,fine : 26.0 seconds
[[1595  318]
 [  19   78]]
acc: 0.832
f1: 0.316
[[1894   19]
 [  72   25]]
acc: 0.955
f1: 0.355
7,74,coarse : 26.01 seconds
7,74,fine : 26.02 seconds
[[1597  316]
 [  19   78]]
acc: 0.833
f1: 0.318
[[1894   19]
 [  72   25]]
acc: 0.955
f1: 0.355
7,75,coarse : 26.61 seconds
7,75,fine : 26.62 seconds
[[1594  319]
 [  20   77]]
acc: 0.831
f1: 0.312
[[1894   19]
 [  71   26]]
acc: 0.955
f1: 0.366
7,76,coarse : 25.58 seconds
7,76,fine : 25.59 seconds
[[1590  323]
 [  20   77]]
acc: 0.829
f1: 0.310
[[1893   20]
 [  71   26]]
acc: 0.955
f1: 0.364
7,77,coarse : 25.53 seconds
7,77,fine : 25.55 seconds
[[1593  320]
 [  19   78]]
acc: 0.831
f1: 0.315
[[1893   20]
 [  71   26]]
acc: 0.955
f1: 0.364
7,78,coarse : 25.45 seconds
7,78,fine : 25.46 seconds
[[1591  322]
 [  20   77]]
acc: 0.830
f1: 0.310
[[1893   20]
 [  71   26]]
acc: 0.955
f1: 0.364
7,79,coarse : 25.64 seconds
7,79,fine : 25.65 seconds
[[1596  317]
 [  20   77]]
acc: 0.832
f1: 0.314
[[1892   21]
 [  71   26]]
acc: 0.954
f1: 0.361
7,80,coarse : 25.93 seconds
7,80,fine : 25.94 seconds
[[1595  318]
 [  20   77]]
acc: 0.832
f1: 0.313
[[1891   22]
 [  71   26]]
acc: 0.954
f1: 0.359
7,81,coarse : 25.55 seconds
7,81,fine : 25.57 seconds
[[1596  317]
 [  20   77]]
acc: 0.832
f1: 0.314
[[1890   23]
 [  71   26]]
acc: 0.953
f1: 0.356
7,82,coarse : 25.89 seconds
7,82,fine : 25.91 seconds
[[1598  315]
 [  21   76]]
acc: 0.833
f1: 0.311
[[1892   21]
 [  71   26]]
acc: 0.954
f1: 0.361
7,83,coarse : 25.65 seconds
7,83,fine : 25.66 seconds
[[1600  313]
 [  20   77]]
acc: 0.834
f1: 0.316
[[1890   23]
 [  70   27]]
acc: 0.954
f1: 0.367
7,84,coarse : 25.31 seconds
7,84,fine : 25.32 seconds
[[1600  313]
 [  20   77]]
acc: 0.834
f1: 0.316
[[1890   23]
 [  70   27]]
acc: 0.954
f1: 0.367
7,85,coarse : 25.69 seconds
7,85,fine : 25.7 seconds
[[1604  309]
 [  20   77]]
acc: 0.836
f1: 0.319
[[1891   22]
 [  70   27]]
acc: 0.954
f1: 0.370
7,86,coarse : 26.57 seconds
7,86,fine : 26.58 seconds
[[1607  306]
 [  20   77]]
acc: 0.838
f1: 0.321
[[1891   22]
 [  70   27]]
acc: 0.954
f1: 0.370
7,87,coarse : 25.74 seconds
7,87,fine : 25.76 seconds
[[1609  304]
 [  22   75]]
acc: 0.838
f1: 0.315
[[1891   22]
 [  70   27]]
acc: 0.954
f1: 0.370
7,88,coarse : 26.36 seconds
7,88,fine : 26.37 seconds
[[1606  307]
 [  21   76]]
acc: 0.837
f1: 0.317
[[1891   22]
 [  69   28]]
acc: 0.955
f1: 0.381
7,89,coarse : 26.11 seconds
7,89,fine : 26.12 seconds
[[1605  308]
 [  21   76]]
acc: 0.836
f1: 0.316
[[1891   22]
 [  69   28]]
acc: 0.955
f1: 0.381
7,90,coarse : 26.54 seconds
7,90,fine : 26.55 seconds
[[1609  304]
 [  21   76]]
acc: 0.838
f1: 0.319
[[1890   23]
 [  68   29]]
acc: 0.955
f1: 0.389
7,91,coarse : 26.81 seconds
7,91,fine : 26.82 seconds
[[1609  304]
 [  22   75]]
acc: 0.838
f1: 0.315
[[1890   23]
 [  68   29]]
acc: 0.955
f1: 0.389
7,92,coarse : 26.68 seconds
7,92,fine : 26.69 seconds
[[1609  304]
 [  21   76]]
acc: 0.838
f1: 0.319
[[1890   23]
 [  68   29]]
acc: 0.955
f1: 0.389
7,93,coarse : 26.02 seconds
7,93,fine : 26.03 seconds
[[1609  304]
 [  22   75]]
acc: 0.838
f1: 0.315
[[1890   23]
 [  68   29]]
acc: 0.955
f1: 0.389
7,94,coarse : 25.78 seconds
7,94,fine : 25.79 seconds
[[1608  305]
 [  23   74]]
acc: 0.837
f1: 0.311
[[1889   24]
 [  68   29]]
acc: 0.954
f1: 0.387
7,95,coarse : 25.75 seconds
7,95,fine : 25.77 seconds
[[1607  306]
 [  23   74]]
acc: 0.836
f1: 0.310
[[1889   24]
 [  68   29]]
acc: 0.954
f1: 0.387
7,96,coarse : 25.98 seconds
7,96,fine : 26.0 seconds
[[1608  305]
 [  23   74]]
acc: 0.837
f1: 0.311
[[1889   24]
 [  68   29]]
acc: 0.954
f1: 0.387
7,97,coarse : 25.75 seconds
7,97,fine : 25.76 seconds
[[1602  311]
 [  24   73]]
acc: 0.833
f1: 0.304
[[1889   24]
 [  68   29]]
acc: 0.954
f1: 0.387
7,98,coarse : 26.2 seconds
7,98,fine : 26.22 seconds
[[1599  314]
 [  23   74]]
acc: 0.832
f1: 0.305
[[1889   24]
 [  68   29]]
acc: 0.954
f1: 0.387
7,99,coarse : 25.75 seconds
7,99,fine : 25.76 seconds
[[1599  314]
 [  22   75]]
acc: 0.833
f1: 0.309
[[1889   24]
 [  68   29]]
acc: 0.954
f1: 0.387
7,100,coarse : 27.16 seconds
7,100,fine : 27.17 seconds
[[1601  312]
 [  22   75]]
acc: 0.834
f1: 0.310
[[1888   25]
 [  67   30]]
acc: 0.954
f1: 0.395
7,101,coarse : 26.36 seconds
7,101,fine : 26.37 seconds
[[1600  313]
 [  21   76]]
acc: 0.834
f1: 0.313
[[1887   26]
 [  65   32]]
acc: 0.955
f1: 0.413
7,102,coarse : 26.15 seconds
7,102,fine : 26.17 seconds
[[1599  314]
 [  22   75]]
acc: 0.833
f1: 0.309
[[1887   26]
 [  65   32]]
acc: 0.955
f1: 0.413
7,103,coarse : 25.77 seconds
7,103,fine : 25.79 seconds
[[1599  314]
 [  22   75]]
acc: 0.833
f1: 0.309
[[1887   26]
 [  65   32]]
acc: 0.955
f1: 0.413
7,104,coarse : 26.03 seconds
7,104,fine : 26.05 seconds
[[1600  313]
 [  22   75]]
acc: 0.833
f1: 0.309
[[1888   25]
 [  66   31]]
acc: 0.955
f1: 0.405
7,105,coarse : 25.78 seconds
7,105,fine : 25.8 seconds
[[1598  315]
 [  22   75]]
acc: 0.832
f1: 0.308
[[1887   26]
 [  65   32]]
acc: 0.955
f1: 0.413
7,106,coarse : 25.95 seconds
7,106,fine : 25.96 seconds
[[1598  315]
 [  22   75]]
acc: 0.832
f1: 0.308
[[1887   26]
 [  64   33]]
acc: 0.955
f1: 0.423
7,107,coarse : 26.22 seconds
7,107,fine : 26.23 seconds
[[1600  313]
 [  23   74]]
acc: 0.833
f1: 0.306
[[1887   26]
 [  64   33]]
acc: 0.955
f1: 0.423
7,108,coarse : 26.35 seconds
7,108,fine : 26.36 seconds
[[1598  315]
 [  23   74]]
acc: 0.832
f1: 0.305
[[1887   26]
 [  64   33]]
acc: 0.955
f1: 0.423
7,109,coarse : 26.68 seconds
7,109,fine : 26.69 seconds
[[1596  317]
 [  22   75]]
acc: 0.831
f1: 0.307
[[1885   28]
 [  64   33]]
acc: 0.954
f1: 0.418
7,110,coarse : 26.7 seconds
7,110,fine : 26.72 seconds
[[1590  323]
 [  23   74]]
acc: 0.828
f1: 0.300
[[1886   27]
 [  65   32]]
acc: 0.954
f1: 0.410
7,111,coarse : 26.79 seconds
7,111,fine : 26.8 seconds
[[1586  327]
 [  22   75]]
acc: 0.826
f1: 0.301
[[1886   27]
 [  65   32]]
acc: 0.954
f1: 0.410
7,112,coarse : 26.95 seconds
7,112,fine : 26.96 seconds
[[1584  329]
 [  22   75]]
acc: 0.825
f1: 0.299
[[1885   28]
 [  64   33]]
acc: 0.954
f1: 0.418
7,113,coarse : 26.65 seconds
7,113,fine : 26.66 seconds
[[1585  328]
 [  22   75]]
acc: 0.826
f1: 0.300
[[1885   28]
 [  64   33]]
acc: 0.954
f1: 0.418
7,114,coarse : 26.72 seconds
7,114,fine : 26.74 seconds
[[1586  327]
 [  22   75]]
acc: 0.826
f1: 0.301
[[1885   28]
 [  64   33]]
acc: 0.954
f1: 0.418
7,115,coarse : 26.88 seconds
7,115,fine : 26.9 seconds
[[1587  326]
 [  22   75]]
acc: 0.827
f1: 0.301
[[1884   29]
 [  63   34]]
acc: 0.954
f1: 0.425
7,116,coarse : 26.76 seconds
7,116,fine : 26.78 seconds
[[1584  329]
 [  23   74]]
acc: 0.825
f1: 0.296
[[1884   29]
 [  63   34]]
acc: 0.954
f1: 0.425
7,117,coarse : 26.86 seconds
7,117,fine : 26.87 seconds
[[1582  331]
 [  25   72]]
acc: 0.823
f1: 0.288
[[1884   29]
 [  63   34]]
acc: 0.954
f1: 0.425
7,118,coarse : 26.7 seconds
7,118,fine : 26.72 seconds
[[1581  332]
 [  24   73]]
acc: 0.823
f1: 0.291
[[1883   30]
 [  64   33]]
acc: 0.953
f1: 0.412
7,119,coarse : 26.7 seconds
7,119,fine : 26.71 seconds
[[1579  334]
 [  24   73]]
acc: 0.822
f1: 0.290
[[1883   30]
 [  64   33]]
acc: 0.953
f1: 0.412
7,120,coarse : 26.72 seconds
7,120,fine : 26.73 seconds
[[1573  340]
 [  23   74]]
acc: 0.819
f1: 0.290
[[1883   30]
 [  64   33]]
acc: 0.953
f1: 0.412
7,121,coarse : 26.53 seconds
7,121,fine : 26.55 seconds
[[1573  340]
 [  24   73]]
acc: 0.819
f1: 0.286
[[1883   30]
 [  64   33]]
acc: 0.953
f1: 0.412
7,122,coarse : 26.68 seconds
7,122,fine : 26.7 seconds
[[1574  339]
 [  23   74]]
acc: 0.820
f1: 0.290
[[1883   30]
 [  64   33]]
acc: 0.953
f1: 0.412
7,123,coarse : 26.95 seconds
7,123,fine : 26.96 seconds
[[1574  339]
 [  23   74]]
acc: 0.820
f1: 0.290
[[1883   30]
 [  64   33]]
acc: 0.953
f1: 0.412
7,124,coarse : 26.43 seconds
7,124,fine : 26.44 seconds
[[1574  339]
 [  23   74]]
acc: 0.820
f1: 0.290
[[1883   30]
 [  64   33]]
acc: 0.953
f1: 0.412
7,125,coarse : 27.3 seconds
7,125,fine : 27.32 seconds
[[1575  338]
 [  23   74]]
acc: 0.820
f1: 0.291
[[1882   31]
 [  64   33]]
acc: 0.953
f1: 0.410
7,126,coarse : 27.22 seconds
7,126,fine : 27.23 seconds
[[1576  337]
 [  23   74]]
acc: 0.821
f1: 0.291
[[1882   31]
 [  64   33]]
acc: 0.953
f1: 0.410
7,127,coarse : 27.6 seconds
7,127,fine : 27.61 seconds
[[1576  337]
 [  23   74]]
acc: 0.821
f1: 0.291
[[1882   31]
 [  64   33]]
acc: 0.953
f1: 0.410
7,128,coarse : 27.34 seconds
7,128,fine : 27.36 seconds
[[1577  336]
 [  23   74]]
acc: 0.821
f1: 0.292
[[1881   32]
 [  64   33]]
acc: 0.952
f1: 0.407
7,129,coarse : 27.66 seconds
7,129,fine : 27.67 seconds
[[1577  336]
 [  23   74]]
acc: 0.821
f1: 0.292
[[1881   32]
 [  64   33]]
acc: 0.952
f1: 0.407
7,130,coarse : 27.68 seconds
7,130,fine : 27.7 seconds
[[1570  343]
 [  23   74]]
acc: 0.818
f1: 0.288
[[1881   32]
 [  64   33]]
acc: 0.952
f1: 0.407
7,131,coarse : 27.4 seconds
7,131,fine : 27.42 seconds
[[1571  342]
 [  23   74]]
acc: 0.818
f1: 0.288
[[1880   33]
 [  64   33]]
acc: 0.952
f1: 0.405
7,132,coarse : 27.45 seconds
7,132,fine : 27.47 seconds
[[1571  342]
 [  23   74]]
acc: 0.818
f1: 0.288
[[1880   33]
 [  64   33]]
acc: 0.952
f1: 0.405
7,133,coarse : 27.54 seconds
7,133,fine : 27.55 seconds
[[1568  345]
 [  22   75]]
acc: 0.817
f1: 0.290
[[1880   33]
 [  64   33]]
acc: 0.952
f1: 0.405
7,134,coarse : 27.03 seconds
7,134,fine : 27.05 seconds
[[1563  350]
 [  23   74]]
acc: 0.814
f1: 0.284
[[1880   33]
 [  64   33]]
acc: 0.952
f1: 0.405
7,135,coarse : 27.51 seconds
7,135,fine : 27.53 seconds
[[1560  353]
 [  23   74]]
acc: 0.813
f1: 0.282
[[1880   33]
 [  64   33]]
acc: 0.952
f1: 0.405
7,136,coarse : 28.1 seconds
7,136,fine : 28.11 seconds
[[1564  349]
 [  22   75]]
acc: 0.815
f1: 0.288
[[1880   33]
 [  64   33]]
acc: 0.952
f1: 0.405
7,137,coarse : 27.62 seconds
7,137,fine : 27.64 seconds
[[1565  348]
 [  22   75]]
acc: 0.816
f1: 0.288
[[1879   34]
 [  62   35]]
acc: 0.952
f1: 0.422
7,138,coarse : 28.23 seconds
7,138,fine : 28.25 seconds
[[1560  353]
 [  22   75]]
acc: 0.813
f1: 0.286
[[1879   34]
 [  62   35]]
acc: 0.952
f1: 0.422
7,139,coarse : 27.74 seconds
7,139,fine : 27.75 seconds
[[1560  353]
 [  21   76]]
acc: 0.814
f1: 0.289
[[1877   36]
 [  62   35]]
acc: 0.951
f1: 0.417
7,140,coarse : 27.94 seconds
7,140,fine : 27.95 seconds
[[1559  354]
 [  21   76]]
acc: 0.813
f1: 0.288
[[1877   36]
 [  62   35]]
acc: 0.951
f1: 0.417
7,141,coarse : 28.36 seconds
7,141,fine : 28.38 seconds
[[1560  353]
 [  21   76]]
acc: 0.814
f1: 0.289
[[1877   36]
 [  62   35]]
acc: 0.951
f1: 0.417
7,142,coarse : 28.64 seconds
7,142,fine : 28.66 seconds
[[1562  351]
 [  20   77]]
acc: 0.815
f1: 0.293
[[1877   36]
 [  62   35]]
acc: 0.951
f1: 0.417
7,143,coarse : 29.04 seconds
7,143,fine : 29.06 seconds
[[1562  351]
 [  21   76]]
acc: 0.815
f1: 0.290
[[1876   37]
 [  62   35]]
acc: 0.951
f1: 0.414
7,144,coarse : 27.85 seconds
7,144,fine : 27.86 seconds
[[1561  352]
 [  20   77]]
acc: 0.815
f1: 0.293
[[1876   37]
 [  62   35]]
acc: 0.951
f1: 0.414
7,145,coarse : 27.77 seconds
7,145,fine : 27.79 seconds
[[1561  352]
 [  20   77]]
acc: 0.815
f1: 0.293
[[1875   38]
 [  62   35]]
acc: 0.950
f1: 0.412
7,146,coarse : 28.65 seconds
7,146,fine : 28.67 seconds
[[1556  357]
 [  20   77]]
acc: 0.812
f1: 0.290
[[1875   38]
 [  61   36]]
acc: 0.951
f1: 0.421
7,147,coarse : 28.88 seconds
7,147,fine : 28.9 seconds
[[1549  364]
 [  20   77]]
acc: 0.809
f1: 0.286
[[1873   40]
 [  61   36]]
acc: 0.950
f1: 0.416
7,148,coarse : 28.57 seconds
7,148,fine : 28.59 seconds
[[1548  365]
 [  20   77]]
acc: 0.808
f1: 0.286
[[1873   40]
 [  61   36]]
acc: 0.950
f1: 0.416
7,149,coarse : 28.33 seconds
7,149,fine : 28.35 seconds
[[1546  367]
 [  20   77]]
acc: 0.807
f1: 0.285
[[1873   40]
 [  61   36]]
acc: 0.950
f1: 0.416
7,150,coarse : 30.8 seconds
7,150,fine : 30.81 seconds
[[1547  366]
 [  20   77]]
acc: 0.808
f1: 0.285
[[1873   40]
 [  60   37]]
acc: 0.950
f1: 0.425
7,151,coarse : 28.94 seconds
7,151,fine : 28.96 seconds
[[1545  368]
 [  20   77]]
acc: 0.807
f1: 0.284
[[1872   41]
 [  60   37]]
acc: 0.950
f1: 0.423
7,152,coarse : 29.18 seconds
7,152,fine : 29.2 seconds
[[1546  367]
 [  21   76]]
acc: 0.807
f1: 0.281
[[1872   41]
 [  59   38]]
acc: 0.950
f1: 0.432
7,153,coarse : 28.8 seconds
7,153,fine : 28.82 seconds
[[1543  370]
 [  21   76]]
acc: 0.805
f1: 0.280
[[1872   41]
 [  59   38]]
acc: 0.950
f1: 0.432
7,154,coarse : 28.72 seconds
7,154,fine : 28.74 seconds
[[1540  373]
 [  21   76]]
acc: 0.804
f1: 0.278
[[1872   41]
 [  59   38]]
acc: 0.950
f1: 0.432
7,155,coarse : 28.66 seconds
7,155,fine : 28.67 seconds
[[1543  370]
 [  20   77]]
acc: 0.806
f1: 0.283
[[1872   41]
 [  59   38]]
acc: 0.950
f1: 0.432
7,156,coarse : 29.05 seconds
7,156,fine : 29.07 seconds
[[1542  371]
 [  20   77]]
acc: 0.805
f1: 0.283
[[1872   41]
 [  58   39]]
acc: 0.951
f1: 0.441
7,157,coarse : 29.55 seconds
7,157,fine : 29.57 seconds
[[1545  368]
 [  20   77]]
acc: 0.807
f1: 0.284
[[1871   42]
 [  58   39]]
acc: 0.950
f1: 0.438
7,158,coarse : 29.39 seconds
7,158,fine : 29.41 seconds
[[1542  371]
 [  20   77]]
acc: 0.805
f1: 0.283
[[1871   42]
 [  58   39]]
acc: 0.950
f1: 0.438
7,159,coarse : 29.09 seconds
7,159,fine : 29.11 seconds
[[1544  369]
 [  21   76]]
acc: 0.806
f1: 0.280
[[1869   44]
 [  58   39]]
acc: 0.949
f1: 0.433
7,160,coarse : 28.55 seconds
7,160,fine : 28.57 seconds
[[1542  371]
 [  20   77]]
acc: 0.805
f1: 0.283
[[1868   45]
 [  58   39]]
acc: 0.949
f1: 0.431
7,161,coarse : 28.93 seconds
7,161,fine : 28.95 seconds
[[1541  372]
 [  20   77]]
acc: 0.805
f1: 0.282
[[1868   45]
 [  58   39]]
acc: 0.949
f1: 0.431
7,162,coarse : 28.92 seconds
7,162,fine : 28.94 seconds
[[1539  374]
 [  20   77]]
acc: 0.804
f1: 0.281
[[1867   46]
 [  56   41]]
acc: 0.949
f1: 0.446
7,163,coarse : 28.34 seconds
7,163,fine : 28.36 seconds
[[1540  373]
 [  20   77]]
acc: 0.804
f1: 0.282
[[1867   46]
 [  57   40]]
acc: 0.949
f1: 0.437
7,164,coarse : 28.73 seconds
7,164,fine : 28.75 seconds
[[1538  375]
 [  20   77]]
acc: 0.803
f1: 0.281
[[1866   47]
 [  57   40]]
acc: 0.948
f1: 0.435
7,165,coarse : 28.83 seconds
7,165,fine : 28.98 seconds
[[1539  374]
 [  20   77]]
acc: 0.804
f1: 0.281
[[1866   47]
 [  57   40]]
acc: 0.948
f1: 0.435
7,166,coarse : 28.86 seconds
7,166,fine : 28.88 seconds
[[1538  375]
 [  20   77]]
acc: 0.803
f1: 0.281
[[1866   47]
 [  57   40]]
acc: 0.948
f1: 0.435
7,167,coarse : 29.36 seconds
7,167,fine : 29.38 seconds
[[1539  374]
 [  20   77]]
acc: 0.804
f1: 0.281
[[1866   47]
 [  57   40]]
acc: 0.948
f1: 0.435
7,168,coarse : 28.76 seconds
7,168,fine : 28.78 seconds
[[1538  375]
 [  20   77]]
acc: 0.803
f1: 0.281
[[1866   47]
 [  56   41]]
acc: 0.949
f1: 0.443
7,169,coarse : 29.3 seconds
7,169,fine : 29.32 seconds
[[1537  376]
 [  20   77]]
acc: 0.803
f1: 0.280
[[1864   49]
 [  55   42]]
acc: 0.948
f1: 0.447
7,170,coarse : 29.29 seconds
7,170,fine : 29.31 seconds
[[1534  379]
 [  20   77]]
acc: 0.801
f1: 0.278
[[1863   50]
 [  55   42]]
acc: 0.948
f1: 0.444
7,171,coarse : 29.53 seconds
7,171,fine : 29.56 seconds
[[1538  375]
 [  20   77]]
acc: 0.803
f1: 0.281
[[1862   51]
 [  55   42]]
acc: 0.947
f1: 0.442
7,172,coarse : 28.74 seconds
7,172,fine : 28.76 seconds
