all           0      1    2    3    4    5    6    7    8    
1      2010   1914   1    19   32   19   1    11   6    7    
2      2010   1914   1    19   32   19   1    11   6    7    
3      2010   1914   1    19   32   19   1    11   5    8    
4      2010   1914   1    19   32   19   1    10   6    8    
5      2010   1914   1    18   33   19   1    10   6    8    
6      2010   1914   1    18   33   19   1    10   6    8    
7      2010   1913   2    18   33   19   1    10   6    8    
8      2010   1913   2    18   33   19   1    10   6    8    
9      2009   1913   2    18   32   19   2    10   6    7    
10     2009   1913   1    19   32   19   1    11   6    7    
Total  20098  19136  13   185  324  190  11   104  59   76   
train         0      1    2    3    4    5    6    7    8    
2      2010   1914   1    19   32   19   1    11   6    7    
3      2010   1914   1    19   32   19   1    11   5    8    
4      2010   1914   1    19   32   19   1    10   6    8    
5      2010   1914   1    18   33   19   1    10   6    8    
6      2010   1914   1    18   33   19   1    10   6    8    
7      2010   1913   2    18   33   19   1    10   6    8    
8      2010   1913   2    18   33   19   1    10   6    8    
9      2009   1913   2    18   32   19   2    10   6    7    
10     2009   1913   1    19   32   19   1    11   6    7    
Total  18088  17222  12   166  292  171  10   93   53   69   
test          0      1    2    3    4    5    6    7    8    
1      2010   1914   1    19   32   19   1    11   6    7    
Total  2010   1914   1    19   32   19   1    11   6    7    
Classes             
0         17222     
1         12        
2         166       
3         292       
4         171       
5         10        
6         93        
7         53        
8         69        
Total     18088     

Shape: 450       

[952, 10, 11, 16, 11, 10, 10, 10, 10]
Sum start => 1040
[[1313  601]
 [  16   80]]
acc: 0.693
f1: 0.206
[[1890   24]
 [  84   12]]
acc: 0.946
f1: 0.182
1,1,coarse : 28.43 seconds
1,1,fine : 28.44 seconds
[[1313  601]
 [  16   80]]
acc: 0.693
f1: 0.206
[[1890   24]
 [  84   12]]
acc: 0.946
f1: 0.182
1,2,coarse : 29.8 seconds
1,2,fine : 29.8 seconds
[[1317  597]
 [  15   81]]
acc: 0.696
f1: 0.209
[[1890   24]
 [  83   13]]
acc: 0.947
f1: 0.195
1,3,coarse : 3.15 seconds
1,3,fine : 3.15 seconds
[[1347  567]
 [  17   79]]
acc: 0.709
f1: 0.213
[[1894   20]
 [  84   12]]
acc: 0.948
f1: 0.188
1,4,coarse : 3.18 seconds
1,4,fine : 3.19 seconds
[[1375  539]
 [  18   78]]
acc: 0.723
f1: 0.219
[[1895   19]
 [  85   11]]
acc: 0.948
f1: 0.175
1,5,coarse : 3.31 seconds
1,5,fine : 3.31 seconds
[[1356  558]
 [  15   81]]
acc: 0.715
f1: 0.220
[[1897   17]
 [  85   11]]
acc: 0.949
f1: 0.177
1,6,coarse : 3.59 seconds
1,6,fine : 3.59 seconds
[[1336  578]
 [  14   82]]
acc: 0.705
f1: 0.217
[[1894   20]
 [  85   11]]
acc: 0.948
f1: 0.173
1,7,coarse : 3.69 seconds
1,7,fine : 3.69 seconds
[[1335  579]
 [  15   81]]
acc: 0.704
f1: 0.214
[[1895   19]
 [  86   10]]
acc: 0.948
f1: 0.160
1,8,coarse : 3.63 seconds
1,8,fine : 3.64 seconds
[[1348  566]
 [  15   81]]
acc: 0.711
f1: 0.218
[[1896   18]
 [  86   10]]
acc: 0.948
f1: 0.161
1,9,coarse : 3.89 seconds
1,9,fine : 3.9 seconds
[[1349  565]
 [  14   82]]
acc: 0.712
f1: 0.221
[[1896   18]
 [  84   12]]
acc: 0.949
f1: 0.190
1,10,coarse : 4.42 seconds
1,10,fine : 4.42 seconds
[[1356  558]
 [  14   82]]
acc: 0.715
f1: 0.223
[[1897   17]
 [  85   11]]
acc: 0.949
f1: 0.177
1,11,coarse : 4.18 seconds
1,11,fine : 4.18 seconds
[[1359  555]
 [  14   82]]
acc: 0.717
f1: 0.224
[[1896   18]
 [  85   11]]
acc: 0.949
f1: 0.176
1,12,coarse : 4.25 seconds
1,12,fine : 4.31 seconds
[[1360  554]
 [  14   82]]
acc: 0.717
f1: 0.224
[[1894   20]
 [  85   11]]
acc: 0.948
f1: 0.173
1,13,coarse : 4.54 seconds
1,13,fine : 4.55 seconds
[[1366  548]
 [  13   83]]
acc: 0.721
f1: 0.228
[[1895   19]
 [  85   11]]
acc: 0.948
f1: 0.175
1,14,coarse : 4.53 seconds
1,14,fine : 4.53 seconds
[[1366  548]
 [  14   82]]
acc: 0.720
f1: 0.226
[[1896   18]
 [  86   10]]
acc: 0.948
f1: 0.161
1,15,coarse : 4.76 seconds
1,15,fine : 4.77 seconds
[[1361  553]
 [  14   82]]
acc: 0.718
f1: 0.224
[[1898   16]
 [  86   10]]
acc: 0.949
f1: 0.164
1,16,coarse : 5.31 seconds
1,16,fine : 5.32 seconds
[[1372  542]
 [  14   82]]
acc: 0.723
f1: 0.228
[[1898   16]
 [  86   10]]
acc: 0.949
f1: 0.164
1,17,coarse : 5.13 seconds
1,17,fine : 5.13 seconds
[[1371  543]
 [  14   82]]
acc: 0.723
f1: 0.227
[[1898   16]
 [  86   10]]
acc: 0.949
f1: 0.164
1,18,coarse : 5.01 seconds
1,18,fine : 5.01 seconds
[[1390  524]
 [  14   82]]
acc: 0.732
f1: 0.234
[[1897   17]
 [  86   10]]
acc: 0.949
f1: 0.163
1,19,coarse : 5.44 seconds
1,19,fine : 5.45 seconds
[[1382  532]
 [  15   81]]
acc: 0.728
f1: 0.228
[[1896   18]
 [  84   12]]
acc: 0.949
f1: 0.190
1,20,coarse : 5.45 seconds
1,20,fine : 5.45 seconds
[[1382  532]
 [  15   81]]
acc: 0.728
f1: 0.228
[[1898   16]
 [  83   13]]
acc: 0.951
f1: 0.208
1,21,coarse : 5.75 seconds
1,21,fine : 5.76 seconds
[[1393  521]
 [  15   81]]
acc: 0.733
f1: 0.232
[[1892   22]
 [  83   13]]
acc: 0.948
f1: 0.198
1,22,coarse : 5.85 seconds
1,22,fine : 5.86 seconds
[[1394  520]
 [  16   80]]
acc: 0.733
f1: 0.230
[[1890   24]
 [  82   14]]
acc: 0.947
f1: 0.209
1,23,coarse : 5.83 seconds
1,23,fine : 5.84 seconds
[[1402  512]
 [  16   80]]
acc: 0.737
f1: 0.233
[[1888   26]
 [  80   16]]
acc: 0.947
f1: 0.232
1,24,coarse : 6.07 seconds
1,24,fine : 6.08 seconds
[[1410  504]
 [  16   80]]
acc: 0.741
f1: 0.235
[[1889   25]
 [  78   18]]
acc: 0.949
f1: 0.259
1,25,coarse : 6.08 seconds
1,25,fine : 6.08 seconds
[[1412  502]
 [  16   80]]
acc: 0.742
f1: 0.236
[[1889   25]
 [  77   19]]
acc: 0.949
f1: 0.271
1,26,coarse : 6.62 seconds
1,26,fine : 6.63 seconds
[[1404  510]
 [  15   81]]
acc: 0.739
f1: 0.236
[[1888   26]
 [  74   22]]
acc: 0.950
f1: 0.306
1,27,coarse : 6.29 seconds
1,27,fine : 6.29 seconds
[[1406  508]
 [  15   81]]
acc: 0.740
f1: 0.236
[[1885   29]
 [  73   23]]
acc: 0.949
f1: 0.311
1,28,coarse : 6.58 seconds
1,28,fine : 6.58 seconds
[[1410  504]
 [  15   81]]
acc: 0.742
f1: 0.238
[[1886   28]
 [  73   23]]
acc: 0.950
f1: 0.313
1,29,coarse : 6.65 seconds
1,29,fine : 6.66 seconds
[[1411  503]
 [  16   80]]
acc: 0.742
f1: 0.236
[[1883   31]
 [  69   27]]
acc: 0.950
f1: 0.351
1,30,coarse : 7.0 seconds
1,30,fine : 7.0 seconds
[[1406  508]
 [  17   79]]
acc: 0.739
f1: 0.231
[[1879   35]
 [  68   28]]
acc: 0.949
f1: 0.352
1,31,coarse : 7.1 seconds
1,31,fine : 7.1 seconds
[[1406  508]
 [  17   79]]
acc: 0.739
f1: 0.231
[[1879   35]
 [  68   28]]
acc: 0.949
f1: 0.352
1,32,coarse : 7.01 seconds
1,32,fine : 7.02 seconds
[[1411  503]
 [  16   80]]
acc: 0.742
f1: 0.236
[[1875   39]
 [  68   28]]
acc: 0.947
f1: 0.344
1,33,coarse : 7.19 seconds
1,33,fine : 7.2 seconds
[[1417  497]
 [  15   81]]
acc: 0.745
f1: 0.240
[[1874   40]
 [  68   28]]
acc: 0.946
f1: 0.341
1,34,coarse : 7.5 seconds
1,34,fine : 7.51 seconds
[[1416  498]
 [  15   81]]
acc: 0.745
f1: 0.240
[[1875   39]
 [  68   28]]
acc: 0.947
f1: 0.344
1,35,coarse : 7.75 seconds
1,35,fine : 7.76 seconds
[[1410  504]
 [  15   81]]
acc: 0.742
f1: 0.238
[[1875   39]
 [  64   32]]
acc: 0.949
f1: 0.383
1,36,coarse : 7.78 seconds
1,36,fine : 7.78 seconds
[[1416  498]
 [  15   81]]
acc: 0.745
f1: 0.240
[[1873   41]
 [  63   33]]
acc: 0.948
f1: 0.388
1,37,coarse : 7.83 seconds
1,37,fine : 7.84 seconds
[[1418  496]
 [  14   82]]
acc: 0.746
f1: 0.243
[[1870   44]
 [  61   35]]
acc: 0.948
f1: 0.400
1,38,coarse : 8.43 seconds
1,38,fine : 8.44 seconds
[[1422  492]
 [  14   82]]
acc: 0.748
f1: 0.245
[[1871   43]
 [  61   35]]
acc: 0.948
f1: 0.402
1,39,coarse : 7.92 seconds
1,39,fine : 7.93 seconds
[[1425  489]
 [  15   81]]
acc: 0.749
f1: 0.243
[[1867   47]
 [  61   35]]
acc: 0.946
f1: 0.393
1,40,coarse : 8.18 seconds
1,40,fine : 8.19 seconds
[[1417  497]
 [  17   79]]
acc: 0.744
f1: 0.235
[[1870   44]
 [  62   34]]
acc: 0.947
f1: 0.391
1,41,coarse : 8.45 seconds
1,41,fine : 8.46 seconds
[[1418  496]
 [  16   80]]
acc: 0.745
f1: 0.238
[[1871   43]
 [  60   36]]
acc: 0.949
f1: 0.411
1,42,coarse : 8.78 seconds
1,42,fine : 8.79 seconds
[[1424  490]
 [  18   78]]
acc: 0.747
f1: 0.235
[[1871   43]
 [  59   37]]
acc: 0.949
f1: 0.420
1,43,coarse : 8.6 seconds
1,43,fine : 8.6 seconds
[[1437  477]
 [  16   80]]
acc: 0.755
f1: 0.245
[[1868   46]
 [  59   37]]
acc: 0.948
f1: 0.413
1,44,coarse : 8.71 seconds
1,44,fine : 8.72 seconds
[[1437  477]
 [  16   80]]
acc: 0.755
f1: 0.245
[[1869   45]
 [  59   37]]
acc: 0.948
f1: 0.416
1,45,coarse : 9.42 seconds
1,45,fine : 9.42 seconds
[[1445  469]
 [  16   80]]
acc: 0.759
f1: 0.248
[[1870   44]
 [  59   37]]
acc: 0.949
f1: 0.418
1,46,coarse : 9.08 seconds
1,46,fine : 9.09 seconds
[[1443  471]
 [  16   80]]
acc: 0.758
f1: 0.247
[[1869   45]
 [  58   38]]
acc: 0.949
f1: 0.425
1,47,coarse : 9.21 seconds
1,47,fine : 9.22 seconds
[[1440  474]
 [  15   81]]
acc: 0.757
f1: 0.249
[[1867   47]
 [  60   36]]
acc: 0.947
f1: 0.402
1,48,coarse : 10.01 seconds
1,48,fine : 10.02 seconds
[[1443  471]
 [  16   80]]
acc: 0.758
f1: 0.247
[[1869   45]
 [  58   38]]
acc: 0.949
f1: 0.425
1,49,coarse : 9.55 seconds
1,49,fine : 9.56 seconds
[[1448  466]
 [  16   80]]
acc: 0.760
f1: 0.249
[[1870   44]
 [  59   37]]
acc: 0.949
f1: 0.418
1,50,coarse : 11.36 seconds
1,50,fine : 11.37 seconds
[[1438  476]
 [  16   80]]
acc: 0.755
f1: 0.245
[[1869   45]
 [  58   38]]
acc: 0.949
f1: 0.425
1,51,coarse : 10.28 seconds
1,51,fine : 10.29 seconds
[[1437  477]
 [  16   80]]
acc: 0.755
f1: 0.245
[[1862   52]
 [  57   39]]
acc: 0.946
f1: 0.417
1,52,coarse : 10.1 seconds
1,52,fine : 10.11 seconds
[[1441  473]
 [  16   80]]
acc: 0.757
f1: 0.247
[[1857   57]
 [  57   39]]
acc: 0.943
f1: 0.406
1,53,coarse : 10.56 seconds
1,53,fine : 10.57 seconds
[[1436  478]
 [  16   80]]
acc: 0.754
f1: 0.245
[[1857   57]
 [  56   40]]
acc: 0.944
f1: 0.415
1,54,coarse : 10.45 seconds
1,54,fine : 10.46 seconds
[[1444  470]
 [  16   80]]
acc: 0.758
f1: 0.248
[[1857   57]
 [  56   40]]
acc: 0.944
f1: 0.415
1,55,coarse : 10.51 seconds
1,55,fine : 10.52 seconds
[[1445  469]
 [  16   80]]
acc: 0.759
f1: 0.248
[[1858   56]
 [  58   38]]
acc: 0.943
f1: 0.400
1,56,coarse : 11.43 seconds
1,56,fine : 11.44 seconds
[[1448  466]
 [  16   80]]
acc: 0.760
f1: 0.249
[[1860   54]
 [  56   40]]
acc: 0.945
f1: 0.421
1,57,coarse : 10.72 seconds
1,57,fine : 10.73 seconds
[[1452  462]
 [  16   80]]
acc: 0.762
f1: 0.251
[[1862   52]
 [  58   38]]
acc: 0.945
f1: 0.409
1,58,coarse : 11.07 seconds
1,58,fine : 11.08 seconds
[[1443  471]
 [  16   80]]
acc: 0.758
f1: 0.247
[[1860   54]
 [  57   39]]
acc: 0.945
f1: 0.413
1,59,coarse : 11.54 seconds
1,59,fine : 11.54 seconds
[[1444  470]
 [  16   80]]
acc: 0.758
f1: 0.248
[[1857   57]
 [  55   41]]
acc: 0.944
f1: 0.423
1,60,coarse : 11.25 seconds
1,60,fine : 11.26 seconds
[[1434  480]
 [  16   80]]
acc: 0.753
f1: 0.244
[[1859   55]
 [  55   41]]
acc: 0.945
f1: 0.427
1,61,coarse : 12.13 seconds
1,61,fine : 12.14 seconds
[[1431  483]
 [  16   80]]
acc: 0.752
f1: 0.243
[[1859   55]
 [  58   38]]
acc: 0.944
f1: 0.402
1,62,coarse : 11.71 seconds
1,62,fine : 11.72 seconds
[[1431  483]
 [  16   80]]
acc: 0.752
f1: 0.243
[[1858   56]
 [  58   38]]
acc: 0.943
f1: 0.400
1,63,coarse : 12.24 seconds
1,63,fine : 12.25 seconds
[[1437  477]
 [  15   81]]
acc: 0.755
f1: 0.248
[[1857   57]
 [  56   40]]
acc: 0.944
f1: 0.415
1,64,coarse : 12.09 seconds
1,64,fine : 12.11 seconds
[[1435  479]
 [  15   81]]
acc: 0.754
f1: 0.247
[[1858   56]
 [  55   41]]
acc: 0.945
f1: 0.425
1,65,coarse : 12.0 seconds
1,65,fine : 12.01 seconds
[[1439  475]
 [  15   81]]
acc: 0.756
f1: 0.248
[[1855   59]
 [  56   40]]
acc: 0.943
f1: 0.410
1,66,coarse : 13.26 seconds
1,66,fine : 13.27 seconds
[[1439  475]
 [  15   81]]
acc: 0.756
f1: 0.248
[[1857   57]
 [  54   42]]
acc: 0.945
f1: 0.431
1,67,coarse : 12.64 seconds
1,67,fine : 12.65 seconds
[[1440  474]
 [  15   81]]
acc: 0.757
f1: 0.249
[[1854   60]
 [  53   43]]
acc: 0.944
f1: 0.432
1,68,coarse : 13.35 seconds
1,68,fine : 13.36 seconds
[[1441  473]
 [  15   81]]
acc: 0.757
f1: 0.249
[[1855   59]
 [  54   42]]
acc: 0.944
f1: 0.426
1,69,coarse : 12.74 seconds
1,69,fine : 12.75 seconds
[[1439  475]
 [  15   81]]
acc: 0.756
f1: 0.248
[[1855   59]
 [  55   41]]
acc: 0.943
f1: 0.418
1,70,coarse : 13.57 seconds
1,70,fine : 13.58 seconds
[[1446  468]
 [  14   82]]
acc: 0.760
f1: 0.254
[[1855   59]
 [  53   43]]
acc: 0.944
f1: 0.434
1,71,coarse : 13.36 seconds
1,71,fine : 13.37 seconds
[[1446  468]
 [  14   82]]
acc: 0.760
f1: 0.254
[[1854   60]
 [  54   42]]
acc: 0.943
f1: 0.424
1,72,coarse : 14.06 seconds
1,72,fine : 14.07 seconds
[[1443  471]
 [  14   82]]
acc: 0.759
f1: 0.253
[[1853   61]
 [  52   44]]
acc: 0.944
f1: 0.438
1,73,coarse : 13.47 seconds
1,73,fine : 13.48 seconds
[[1448  466]
 [  14   82]]
acc: 0.761
f1: 0.255
[[1854   60]
 [  52   44]]
acc: 0.944
f1: 0.440
1,74,coarse : 13.98 seconds
1,74,fine : 13.99 seconds
[[1457  457]
 [  16   80]]
acc: 0.765
f1: 0.253
[[1852   62]
 [  50   46]]
acc: 0.944
f1: 0.451
1,75,coarse : 14.14 seconds
1,75,fine : 14.15 seconds
[[1454  460]
 [  16   80]]
acc: 0.763
f1: 0.252
[[1854   60]
 [  49   47]]
acc: 0.946
f1: 0.463
1,76,coarse : 14.25 seconds
1,76,fine : 14.26 seconds
[[1455  459]
 [  16   80]]
acc: 0.764
f1: 0.252
[[1852   62]
 [  48   48]]
acc: 0.945
f1: 0.466
1,77,coarse : 14.41 seconds
1,77,fine : 14.42 seconds
[[1451  463]
 [  15   81]]
acc: 0.762
f1: 0.253
[[1850   64]
 [  50   46]]
acc: 0.943
f1: 0.447
1,78,coarse : 14.41 seconds
1,78,fine : 14.42 seconds
[[1447  467]
 [  15   81]]
acc: 0.760
f1: 0.252
[[1850   64]
 [  50   46]]
acc: 0.943
f1: 0.447
1,79,coarse : 14.38 seconds
1,79,fine : 14.39 seconds
[[1450  464]
 [  14   82]]
acc: 0.762
f1: 0.255
[[1852   62]
 [  50   46]]
acc: 0.944
f1: 0.451
1,80,coarse : 14.69 seconds
1,80,fine : 14.7 seconds
[[1452  462]
 [  15   81]]
acc: 0.763
f1: 0.254
[[1848   66]
 [  49   47]]
acc: 0.943
f1: 0.450
1,81,coarse : 14.59 seconds
1,81,fine : 14.6 seconds
[[1460  454]
 [  14   82]]
acc: 0.767
f1: 0.259
[[1851   63]
 [  49   47]]
acc: 0.944
f1: 0.456
1,82,coarse : 15.55 seconds
1,82,fine : 15.56 seconds
[[1453  461]
 [  13   83]]
acc: 0.764
f1: 0.259
[[1852   62]
 [  51   45]]
acc: 0.944
f1: 0.443
1,83,coarse : 15.36 seconds
1,83,fine : 15.37 seconds
[[1457  457]
 [  15   81]]
acc: 0.765
f1: 0.256
[[1852   62]
 [  51   45]]
acc: 0.944
f1: 0.443
1,84,coarse : 16.18 seconds
1,84,fine : 16.19 seconds
[[1452  462]
 [  15   81]]
acc: 0.763
f1: 0.254
[[1851   63]
 [  51   45]]
acc: 0.943
f1: 0.441
1,85,coarse : 15.16 seconds
1,85,fine : 15.18 seconds
[[1454  460]
 [  15   81]]
acc: 0.764
f1: 0.254
[[1851   63]
 [  51   45]]
acc: 0.943
f1: 0.441
1,86,coarse : 16.68 seconds
1,86,fine : 16.69 seconds
[[1454  460]
 [  14   82]]
acc: 0.764
f1: 0.257
[[1849   65]
 [  48   48]]
acc: 0.944
f1: 0.459
1,87,coarse : 16.34 seconds
1,87,fine : 16.35 seconds
[[1460  454]
 [  15   81]]
acc: 0.767
f1: 0.257
[[1850   64]
 [  48   48]]
acc: 0.944
f1: 0.462
1,88,coarse : 17.15 seconds
1,88,fine : 17.16 seconds
[[1463  451]
 [  16   80]]
acc: 0.768
f1: 0.255
[[1852   62]
 [  50   46]]
acc: 0.944
f1: 0.451
1,89,coarse : 16.99 seconds
1,89,fine : 17.0 seconds
[[1462  452]
 [  15   81]]
acc: 0.768
f1: 0.258
[[1852   62]
 [  48   48]]
acc: 0.945
f1: 0.466
1,90,coarse : 16.93 seconds
1,90,fine : 16.94 seconds
[[1468  446]
 [  14   82]]
acc: 0.771
f1: 0.263
[[1854   60]
 [  45   51]]
acc: 0.948
f1: 0.493
1,91,coarse : 17.89 seconds
1,91,fine : 17.91 seconds
[[1469  445]
 [  14   82]]
acc: 0.772
f1: 0.263
[[1853   61]
 [  45   51]]
acc: 0.947
f1: 0.490
1,92,coarse : 16.54 seconds
1,92,fine : 16.56 seconds
[[1467  447]
 [  15   81]]
acc: 0.770
f1: 0.260
[[1853   61]
 [  45   51]]
acc: 0.947
f1: 0.490
1,93,coarse : 17.83 seconds
1,93,fine : 17.85 seconds
[[1468  446]
 [  15   81]]
acc: 0.771
f1: 0.260
[[1847   67]
 [  45   51]]
acc: 0.944
f1: 0.477
1,94,coarse : 17.67 seconds
1,94,fine : 17.69 seconds
[[1471  443]
 [  15   81]]
acc: 0.772
f1: 0.261
[[1847   67]
 [  43   53]]
acc: 0.945
f1: 0.491
1,95,coarse : 17.32 seconds
1,95,fine : 17.33 seconds
[[1471  443]
 [  13   83]]
acc: 0.773
f1: 0.267
[[1845   69]
 [  43   53]]
acc: 0.944
f1: 0.486
1,96,coarse : 18.5 seconds
1,96,fine : 18.52 seconds
[[1477  437]
 [  13   83]]
acc: 0.776
f1: 0.269
[[1844   70]
 [  43   53]]
acc: 0.944
f1: 0.484
1,97,coarse : 18.44 seconds
1,97,fine : 18.45 seconds
[[1477  437]
 [  13   83]]
acc: 0.776
f1: 0.269
[[1843   71]
 [  43   53]]
acc: 0.943
f1: 0.482
1,98,coarse : 18.35 seconds
1,98,fine : 18.36 seconds
[[1476  438]
 [  13   83]]
acc: 0.776
f1: 0.269
[[1844   70]
 [  42   54]]
acc: 0.944
f1: 0.491
1,99,coarse : 19.23 seconds
1,99,fine : 19.25 seconds
[[1475  439]
 [  13   83]]
acc: 0.775
f1: 0.269
[[1845   69]
 [  42   54]]
acc: 0.945
f1: 0.493
1,100,coarse : 20.09 seconds
1,100,fine : 20.1 seconds
[[1482  432]
 [  13   83]]
acc: 0.779
f1: 0.272
[[1844   70]
 [  42   54]]
acc: 0.944
f1: 0.491
1,101,coarse : 18.35 seconds
1,101,fine : 18.36 seconds
[[1479  435]
 [  14   82]]
acc: 0.777
f1: 0.268
[[1842   72]
 [  43   53]]
acc: 0.943
f1: 0.480
1,102,coarse : 20.49 seconds
1,102,fine : 20.5 seconds
[[1481  433]
 [  14   82]]
acc: 0.778
f1: 0.268
[[1842   72]
 [  43   53]]
acc: 0.943
f1: 0.480
1,103,coarse : 19.73 seconds
1,103,fine : 19.74 seconds
[[1477  437]
 [  14   82]]
acc: 0.776
f1: 0.267
[[1842   72]
 [  43   53]]
acc: 0.943
f1: 0.480
1,104,coarse : 19.35 seconds
1,104,fine : 19.37 seconds
[[1472  442]
 [  15   81]]
acc: 0.773
f1: 0.262
[[1843   71]
 [  44   52]]
acc: 0.943
f1: 0.475
1,105,coarse : 20.48 seconds
1,105,fine : 20.5 seconds
[[1477  437]
 [  15   81]]
acc: 0.775
f1: 0.264
[[1843   71]
 [  43   53]]
acc: 0.943
f1: 0.482
1,106,coarse : 19.6 seconds
1,106,fine : 19.62 seconds
[[1474  440]
 [  15   81]]
acc: 0.774
f1: 0.263
[[1846   68]
 [  43   53]]
acc: 0.945
f1: 0.488
1,107,coarse : 20.31 seconds
1,107,fine : 20.33 seconds
[[1470  444]
 [  14   82]]
acc: 0.772
f1: 0.264
[[1842   72]
 [  44   52]]
acc: 0.942
f1: 0.473
1,108,coarse : 20.91 seconds
1,108,fine : 20.92 seconds
[[1470  444]
 [  13   83]]
acc: 0.773
f1: 0.266
[[1842   72]
 [  44   52]]
acc: 0.942
f1: 0.473
1,109,coarse : 21.04 seconds
1,109,fine : 21.06 seconds
[[1462  452]
 [  13   83]]
acc: 0.769
f1: 0.263
[[1844   70]
 [  44   52]]
acc: 0.943
f1: 0.477
1,110,coarse : 21.1 seconds
1,110,fine : 21.11 seconds
[[1465  449]
 [  13   83]]
acc: 0.770
f1: 0.264
[[1844   70]
 [  44   52]]
acc: 0.943
f1: 0.477
1,111,coarse : 21.71 seconds
1,111,fine : 21.72 seconds
[[1465  449]
 [  13   83]]
acc: 0.770
f1: 0.264
[[1845   69]
 [  44   52]]
acc: 0.944
f1: 0.479
1,112,coarse : 22.7 seconds
1,112,fine : 22.71 seconds
[[1465  449]
 [  14   82]]
acc: 0.770
f1: 0.262
[[1845   69]
 [  44   52]]
acc: 0.944
f1: 0.479
1,113,coarse : 21.16 seconds
1,113,fine : 21.17 seconds
[[1467  447]
 [  14   82]]
acc: 0.771
f1: 0.262
[[1843   71]
 [  44   52]]
acc: 0.943
f1: 0.475
1,114,coarse : 21.4 seconds
1,114,fine : 21.42 seconds
[[1472  442]
 [  14   82]]
acc: 0.773
f1: 0.265
[[1845   69]
 [  44   52]]
acc: 0.944
f1: 0.479
1,115,coarse : 21.66 seconds
1,115,fine : 21.68 seconds
[[1473  441]
 [  14   82]]
acc: 0.774
f1: 0.265
[[1843   71]
 [  44   52]]
acc: 0.943
f1: 0.475
1,116,coarse : 22.94 seconds
1,116,fine : 22.95 seconds
[[1464  450]
 [  14   82]]
acc: 0.769
f1: 0.261
[[1849   65]
 [  43   53]]
acc: 0.946
f1: 0.495
1,117,coarse : 22.59 seconds
1,117,fine : 22.61 seconds
[[1467  447]
 [  14   82]]
acc: 0.771
f1: 0.262
[[1847   67]
 [  43   53]]
acc: 0.945
f1: 0.491
1,118,coarse : 22.63 seconds
1,118,fine : 22.64 seconds
[[1469  445]
 [  14   82]]
acc: 0.772
f1: 0.263
[[1845   69]
 [  43   53]]
acc: 0.944
f1: 0.486
1,119,coarse : 23.21 seconds
1,119,fine : 23.22 seconds
[[1472  442]
 [  14   82]]
acc: 0.773
f1: 0.265
[[1848   66]
 [  43   53]]
acc: 0.946
f1: 0.493
1,120,coarse : 24.29 seconds
1,120,fine : 24.31 seconds
[[1462  452]
 [  14   82]]
acc: 0.768
f1: 0.260
[[1843   71]
 [  43   53]]
acc: 0.943
f1: 0.482
1,121,coarse : 24.38 seconds
1,121,fine : 24.4 seconds
[[1467  447]
 [  14   82]]
acc: 0.771
f1: 0.262
[[1843   71]
 [  43   53]]
acc: 0.943
f1: 0.482
1,122,coarse : 24.38 seconds
1,122,fine : 24.4 seconds
[[1469  445]
 [  14   82]]
acc: 0.772
f1: 0.263
[[1843   71]
 [  44   52]]
acc: 0.943
f1: 0.475
1,123,coarse : 24.87 seconds
1,123,fine : 24.89 seconds
[[1461  453]
 [  14   82]]
acc: 0.768
f1: 0.260
[[1843   71]
 [  43   53]]
acc: 0.943
f1: 0.482
1,124,coarse : 24.39 seconds
1,124,fine : 24.41 seconds
[[1459  455]
 [  14   82]]
acc: 0.767
f1: 0.259
[[1844   70]
 [  44   52]]
acc: 0.943
f1: 0.477
1,125,coarse : 25.09 seconds
1,125,fine : 25.1 seconds
[[1455  459]
 [  15   81]]
acc: 0.764
f1: 0.255
[[1843   71]
 [  44   52]]
acc: 0.943
f1: 0.475
1,126,coarse : 26.08 seconds
1,126,fine : 26.09 seconds
[[1451  463]
 [  15   81]]
acc: 0.762
f1: 0.253
[[1843   71]
 [  45   51]]
acc: 0.942
f1: 0.468
1,127,coarse : 25.22 seconds
1,127,fine : 25.24 seconds
[[1451  463]
 [  15   81]]
acc: 0.762
f1: 0.253
[[1844   70]
 [  45   51]]
acc: 0.943
f1: 0.470
1,128,coarse : 25.43 seconds
1,128,fine : 25.44 seconds
[[1462  452]
 [  14   82]]
acc: 0.768
f1: 0.260
[[1843   71]
 [  44   52]]
acc: 0.943
f1: 0.475
1,129,coarse : 25.44 seconds
1,129,fine : 25.45 seconds
[[1460  454]
 [  14   82]]
acc: 0.767
f1: 0.259
[[1843   71]
 [  45   51]]
acc: 0.942
f1: 0.468
1,130,coarse : 26.21 seconds
1,130,fine : 26.23 seconds
[[1460  454]
 [  15   81]]
acc: 0.767
f1: 0.257
[[1842   72]
 [  45   51]]
acc: 0.942
f1: 0.466
1,131,coarse : 26.58 seconds
1,131,fine : 26.6 seconds
[[1452  462]
 [  15   81]]
acc: 0.763
f1: 0.254
[[1840   74]
 [  44   52]]
acc: 0.941
f1: 0.468
1,132,coarse : 26.68 seconds
1,132,fine : 26.7 seconds
[[1451  463]
 [  15   81]]
acc: 0.762
f1: 0.253
[[1839   75]
 [  43   53]]
acc: 0.941
f1: 0.473
1,133,coarse : 26.8 seconds
1,133,fine : 26.82 seconds
[[1452  462]
 [  15   81]]
acc: 0.763
f1: 0.254
[[1842   72]
 [  44   52]]
acc: 0.942
f1: 0.473
1,134,coarse : 27.06 seconds
1,134,fine : 27.08 seconds
[[1456  458]
 [  15   81]]
acc: 0.765
f1: 0.255
[[1844   70]
 [  45   51]]
acc: 0.943
f1: 0.470
1,135,coarse : 27.89 seconds
1,135,fine : 27.91 seconds
[[1456  458]
 [  15   81]]
acc: 0.765
f1: 0.255
[[1843   71]
 [  45   51]]
acc: 0.942
f1: 0.468
1,136,coarse : 27.57 seconds
1,136,fine : 27.59 seconds
[[1459  455]
 [  15   81]]
acc: 0.766
f1: 0.256
[[1843   71]
 [  43   53]]
acc: 0.943
f1: 0.482
1,137,coarse : 27.09 seconds
1,137,fine : 27.11 seconds
[[1449  465]
 [  14   82]]
acc: 0.762
f1: 0.255
[[1840   74]
 [  43   53]]
acc: 0.942
f1: 0.475
1,138,coarse : 27.95 seconds
1,138,fine : 27.97 seconds
[[1450  464]
 [  13   83]]
acc: 0.763
f1: 0.258
[[1841   73]
 [  43   53]]
acc: 0.942
f1: 0.477
1,139,coarse : 28.25 seconds
1,139,fine : 28.27 seconds
[[1446  468]
 [  14   82]]
acc: 0.760
f1: 0.254
[[1841   73]
 [  43   53]]
acc: 0.942
f1: 0.477
1,140,coarse : 28.73 seconds
1,140,fine : 28.75 seconds
[[1441  473]
 [  14   82]]
acc: 0.758
f1: 0.252
[[1838   76]
 [  42   54]]
acc: 0.941
f1: 0.478
1,141,coarse : 28.65 seconds
1,141,fine : 28.67 seconds
[[1451  463]
 [  15   81]]
acc: 0.762
f1: 0.253
[[1838   76]
 [  43   53]]
acc: 0.941
f1: 0.471
1,142,coarse : 29.04 seconds
1,142,fine : 29.06 seconds
[[1445  469]
 [  14   82]]
acc: 0.760
f1: 0.253
[[1838   76]
 [  42   54]]
acc: 0.941
f1: 0.478
1,143,coarse : 29.42 seconds
1,143,fine : 29.44 seconds
[[1453  461]
 [  14   82]]
acc: 0.764
f1: 0.257
[[1839   75]
 [  43   53]]
acc: 0.941
f1: 0.473
1,144,coarse : 29.67 seconds
1,144,fine : 29.69 seconds
[[1450  464]
 [  14   82]]
acc: 0.762
f1: 0.255
[[1838   76]
 [  43   53]]
acc: 0.941
f1: 0.471
1,145,coarse : 29.56 seconds
1,145,fine : 29.58 seconds
[[1451  463]
 [  14   82]]
acc: 0.763
f1: 0.256
[[1838   76]
 [  43   53]]
acc: 0.941
f1: 0.471
1,146,coarse : 31.44 seconds
1,146,fine : 31.46 seconds
[[1455  459]
 [  14   82]]
acc: 0.765
f1: 0.257
[[1839   75]
 [  44   52]]
acc: 0.941
f1: 0.466
1,147,coarse : 30.21 seconds
1,147,fine : 30.23 seconds
[[1452  462]
 [  14   82]]
acc: 0.763
f1: 0.256
[[1837   77]
 [  43   53]]
acc: 0.940
f1: 0.469
1,148,coarse : 31.32 seconds
1,148,fine : 31.34 seconds
[[1453  461]
 [  14   82]]
acc: 0.764
f1: 0.257
[[1840   74]
 [  43   53]]
acc: 0.942
f1: 0.475
1,149,coarse : 30.77 seconds
1,149,fine : 30.79 seconds
[[1454  460]
 [  14   82]]
acc: 0.764
f1: 0.257
[[1836   78]
 [  43   53]]
acc: 0.940
f1: 0.467
1,150,coarse : 32.96 seconds
1,150,fine : 32.98 seconds
[[1454  460]
 [  14   82]]
acc: 0.764
f1: 0.257
[[1834   80]
 [  43   53]]
acc: 0.939
f1: 0.463
1,151,coarse : 31.11 seconds
1,151,fine : 31.14 seconds
[[1454  460]
 [  14   82]]
acc: 0.764
f1: 0.257
[[1836   78]
 [  43   53]]
acc: 0.940
f1: 0.467
1,152,coarse : 31.36 seconds
1,152,fine : 31.38 seconds
[[1456  458]
 [  14   82]]
acc: 0.765
f1: 0.258
[[1837   77]
 [  43   53]]
acc: 0.940
f1: 0.469
1,153,coarse : 32.22 seconds
1,153,fine : 32.24 seconds
[[1454  460]
 [  14   82]]
acc: 0.764
f1: 0.257
[[1834   80]
 [  43   53]]
acc: 0.939
f1: 0.463
1,154,coarse : 32.19 seconds
1,154,fine : 32.22 seconds
[[1456  458]
 [  14   82]]
acc: 0.765
f1: 0.258
[[1836   78]
 [  43   53]]
acc: 0.940
f1: 0.467
1,155,coarse : 31.91 seconds
1,155,fine : 31.93 seconds
[[1459  455]
 [  14   82]]
acc: 0.767
f1: 0.259
[[1834   80]
 [  43   53]]
acc: 0.939
f1: 0.463
1,156,coarse : 33.22 seconds
1,156,fine : 33.24 seconds
[[1462  452]
 [  15   81]]
acc: 0.768
f1: 0.258
[[1836   78]
 [  43   53]]
acc: 0.940
f1: 0.467
1,157,coarse : 32.45 seconds
1,157,fine : 32.47 seconds
[[1463  451]
 [  15   81]]
acc: 0.768
f1: 0.258
[[1835   79]
 [  42   54]]
acc: 0.940
f1: 0.472
1,158,coarse : 33.77 seconds
1,158,fine : 33.8 seconds
[[1465  449]
 [  15   81]]
acc: 0.769
f1: 0.259
[[1836   78]
 [  42   54]]
acc: 0.940
f1: 0.474
1,159,coarse : 32.82 seconds
1,159,fine : 32.85 seconds
[[1466  448]
 [  15   81]]
acc: 0.770
f1: 0.259
[[1835   79]
 [  42   54]]
acc: 0.940
f1: 0.472
1,160,coarse : 33.02 seconds
1,160,fine : 33.05 seconds
[[1466  448]
 [  15   81]]
acc: 0.770
f1: 0.259
[[1834   80]
 [  42   54]]
acc: 0.939
f1: 0.470
1,161,coarse : 34.2 seconds
1,161,fine : 34.23 seconds
[[1464  450]
 [  15   81]]
acc: 0.769
f1: 0.258
[[1833   81]
 [  41   55]]
acc: 0.939
f1: 0.474
1,162,coarse : 33.78 seconds
1,162,fine : 33.8 seconds
[[1464  450]
 [  15   81]]
acc: 0.769
f1: 0.258
[[1835   79]
 [  41   55]]
acc: 0.940
f1: 0.478
1,163,coarse : 35.38 seconds
1,163,fine : 35.4 seconds
[[1464  450]
 [  15   81]]
acc: 0.769
f1: 0.258
[[1834   80]
 [  41   55]]
acc: 0.940
f1: 0.476
1,164,coarse : 35.34 seconds
1,164,fine : 35.36 seconds
[[1465  449]
 [  15   81]]
acc: 0.769
f1: 0.259
[[1836   78]
 [  41   55]]
acc: 0.941
f1: 0.480
1,165,coarse : 34.77 seconds
1,165,fine : 34.8 seconds
[[1466  448]
 [  15   81]]
acc: 0.770
f1: 0.259
[[1838   76]
 [  42   54]]
acc: 0.941
f1: 0.478
1,166,coarse : 35.66 seconds
1,166,fine : 35.68 seconds
[[1466  448]
 [  13   83]]
acc: 0.771
f1: 0.265
[[1838   76]
 [  42   54]]
acc: 0.941
f1: 0.478
1,167,coarse : 36.57 seconds
1,167,fine : 36.59 seconds
[[1467  447]
 [  14   82]]
acc: 0.771
f1: 0.262
[[1836   78]
 [  42   54]]
acc: 0.940
f1: 0.474
1,168,coarse : 35.93 seconds
1,168,fine : 35.95 seconds
[[1465  449]
 [  13   83]]
acc: 0.770
f1: 0.264
[[1837   77]
 [  42   54]]
acc: 0.941
f1: 0.476
1,169,coarse : 36.36 seconds
1,169,fine : 36.39 seconds
[[1463  451]
 [  13   83]]
acc: 0.769
f1: 0.263
[[1832   82]
 [  42   54]]
acc: 0.938
f1: 0.466
1,170,coarse : 35.83 seconds
1,170,fine : 35.85 seconds
[[1468  446]
 [  13   83]]
acc: 0.772
f1: 0.266
[[1833   81]
 [  42   54]]
acc: 0.939
f1: 0.468
1,171,coarse : 36.86 seconds
1,171,fine : 36.89 seconds
[[1466  448]
 [  13   83]]
acc: 0.771
f1: 0.265
[[1833   81]
 [  42   54]]
acc: 0.939
f1: 0.468
1,172,coarse : 36.87 seconds
1,172,fine : 36.89 seconds
