all           0      1    2    3    4    5    6    7    8    
1      2010   1914   1    19   32   19   1    11   6    7    
2      2010   1914   1    19   32   19   1    11   6    7    
3      2010   1914   1    19   32   19   1    11   5    8    
4      2010   1914   1    19   32   19   1    10   6    8    
5      2010   1914   1    18   33   19   1    10   6    8    
6      2010   1914   1    18   33   19   1    10   6    8    
7      2010   1913   2    18   33   19   1    10   6    8    
8      2010   1913   2    18   33   19   1    10   6    8    
9      2009   1913   2    18   32   19   2    10   6    7    
10     2009   1913   1    19   32   19   1    11   6    7    
Total  20098  19136  13   185  324  190  11   104  59   76   
train         0      1    2    3    4    5    6    7    8    
1      2010   1914   1    19   32   19   1    11   6    7    
2      2010   1914   1    19   32   19   1    11   6    7    
3      2010   1914   1    19   32   19   1    11   5    8    
5      2010   1914   1    18   33   19   1    10   6    8    
6      2010   1914   1    18   33   19   1    10   6    8    
7      2010   1913   2    18   33   19   1    10   6    8    
8      2010   1913   2    18   33   19   1    10   6    8    
9      2009   1913   2    18   32   19   2    10   6    7    
10     2009   1913   1    19   32   19   1    11   6    7    
Total  18088  17222  12   166  292  171  10   94   53   68   
test          0      1    2    3    4    5    6    7    8    
4      2010   1914   1    19   32   19   1    10   6    8    
Total  2010   1914   1    19   32   19   1    10   6    8    
Classes             
0         17222     
1         12        
2         166       
3         292       
4         171       
5         10        
6         94        
7         53        
8         68        
Total     18088     

Shape: 450       

[952, 10, 11, 16, 11, 10, 10, 10, 10]
Sum start => 1040
[[1255  659]
 [  13   83]]
acc: 0.666
f1: 0.198
[[1886   28]
 [  87    9]]
acc: 0.943
f1: 0.135
4,1,coarse : 27.15 seconds
4,1,fine : 27.16 seconds
[[1255  659]
 [  13   83]]
acc: 0.666
f1: 0.198
[[1886   28]
 [  87    9]]
acc: 0.943
f1: 0.135
4,2,coarse : 28.75 seconds
4,2,fine : 28.76 seconds
[[1267  647]
 [  13   83]]
acc: 0.672
f1: 0.201
[[1890   24]
 [  88    8]]
acc: 0.944
f1: 0.125
4,3,coarse : 3.84 seconds
4,3,fine : 3.84 seconds
[[1267  647]
 [  13   83]]
acc: 0.672
f1: 0.201
[[1890   24]
 [  88    8]]
acc: 0.944
f1: 0.125
4,4,coarse : 3.99 seconds
4,4,fine : 3.99 seconds
[[1265  649]
 [  13   83]]
acc: 0.671
f1: 0.200
[[1893   21]
 [  88    8]]
acc: 0.946
f1: 0.128
4,5,coarse : 4.16 seconds
4,5,fine : 4.17 seconds
[[1272  642]
 [  12   84]]
acc: 0.675
f1: 0.204
[[1896   18]
 [  88    8]]
acc: 0.947
f1: 0.131
4,6,coarse : 4.32 seconds
4,6,fine : 4.33 seconds
[[1283  631]
 [  13   83]]
acc: 0.680
f1: 0.205
[[1896   18]
 [  88    8]]
acc: 0.947
f1: 0.131
4,7,coarse : 4.32 seconds
4,7,fine : 4.33 seconds
[[1291  623]
 [  13   83]]
acc: 0.684
f1: 0.207
[[1896   18]
 [  88    8]]
acc: 0.947
f1: 0.131
4,8,coarse : 4.51 seconds
4,8,fine : 4.51 seconds
[[1306  608]
 [  14   82]]
acc: 0.691
f1: 0.209
[[1899   15]
 [  88    8]]
acc: 0.949
f1: 0.134
4,9,coarse : 4.81 seconds
4,9,fine : 4.82 seconds
[[1293  621]
 [  15   81]]
acc: 0.684
f1: 0.203
[[1899   15]
 [  86   10]]
acc: 0.950
f1: 0.165
4,10,coarse : 5.0 seconds
4,10,fine : 5.01 seconds
[[1311  603]
 [  17   79]]
acc: 0.692
f1: 0.203
[[1902   12]
 [  87    9]]
acc: 0.951
f1: 0.154
4,11,coarse : 5.09 seconds
4,11,fine : 5.09 seconds
[[1324  590]
 [  17   79]]
acc: 0.698
f1: 0.207
[[1903   11]
 [  87    9]]
acc: 0.951
f1: 0.155
4,12,coarse : 5.24 seconds
4,12,fine : 5.24 seconds
[[1338  576]
 [  17   79]]
acc: 0.705
f1: 0.210
[[1902   12]
 [  88    8]]
acc: 0.950
f1: 0.138
4,13,coarse : 5.37 seconds
4,13,fine : 5.38 seconds
[[1348  566]
 [  17   79]]
acc: 0.710
f1: 0.213
[[1901   13]
 [  86   10]]
acc: 0.951
f1: 0.168
4,14,coarse : 5.61 seconds
4,14,fine : 5.61 seconds
[[1361  553]
 [  16   80]]
acc: 0.717
f1: 0.219
[[1902   12]
 [  85   11]]
acc: 0.952
f1: 0.185
4,15,coarse : 5.83 seconds
4,15,fine : 5.84 seconds
[[1362  552]
 [  16   80]]
acc: 0.717
f1: 0.220
[[1901   13]
 [  86   10]]
acc: 0.951
f1: 0.168
4,16,coarse : 5.84 seconds
4,16,fine : 5.84 seconds
[[1376  538]
 [  16   80]]
acc: 0.724
f1: 0.224
[[1901   13]
 [  83   13]]
acc: 0.952
f1: 0.213
4,17,coarse : 6.15 seconds
4,17,fine : 6.16 seconds
[[1372  542]
 [  17   79]]
acc: 0.722
f1: 0.220
[[1898   16]
 [  84   12]]
acc: 0.950
f1: 0.194
4,18,coarse : 6.28 seconds
4,18,fine : 6.29 seconds
[[1383  531]
 [  15   81]]
acc: 0.728
f1: 0.229
[[1899   15]
 [  82   14]]
acc: 0.952
f1: 0.224
4,19,coarse : 6.49 seconds
4,19,fine : 6.49 seconds
[[1398  516]
 [  16   80]]
acc: 0.735
f1: 0.231
[[1897   17]
 [  81   15]]
acc: 0.951
f1: 0.234
4,20,coarse : 6.49 seconds
4,20,fine : 6.5 seconds
[[1390  524]
 [  16   80]]
acc: 0.731
f1: 0.229
[[1901   13]
 [  81   15]]
acc: 0.953
f1: 0.242
4,21,coarse : 6.79 seconds
4,21,fine : 6.8 seconds
[[1396  518]
 [  16   80]]
acc: 0.734
f1: 0.231
[[1900   14]
 [  82   14]]
acc: 0.952
f1: 0.226
4,22,coarse : 7.06 seconds
4,22,fine : 7.06 seconds
[[1398  516]
 [  15   81]]
acc: 0.736
f1: 0.234
[[1900   14]
 [  80   16]]
acc: 0.953
f1: 0.254
4,23,coarse : 7.24 seconds
4,23,fine : 7.24 seconds
[[1405  509]
 [  16   80]]
acc: 0.739
f1: 0.234
[[1900   14]
 [  80   16]]
acc: 0.953
f1: 0.254
4,24,coarse : 7.43 seconds
4,24,fine : 7.44 seconds
[[1404  510]
 [  15   81]]
acc: 0.739
f1: 0.236
[[1896   18]
 [  79   17]]
acc: 0.952
f1: 0.260
4,25,coarse : 7.62 seconds
4,25,fine : 7.63 seconds
[[1417  497]
 [  14   82]]
acc: 0.746
f1: 0.243
[[1898   16]
 [  80   16]]
acc: 0.952
f1: 0.250
4,26,coarse : 7.81 seconds
4,26,fine : 7.82 seconds
[[1417  497]
 [  14   82]]
acc: 0.746
f1: 0.243
[[1897   17]
 [  79   17]]
acc: 0.952
f1: 0.262
4,27,coarse : 7.97 seconds
4,27,fine : 7.97 seconds
[[1421  493]
 [  14   82]]
acc: 0.748
f1: 0.244
[[1894   20]
 [  79   17]]
acc: 0.951
f1: 0.256
4,28,coarse : 8.06 seconds
4,28,fine : 8.07 seconds
[[1422  492]
 [  14   82]]
acc: 0.748
f1: 0.245
[[1895   19]
 [  78   18]]
acc: 0.952
f1: 0.271
4,29,coarse : 8.22 seconds
4,29,fine : 8.23 seconds
[[1432  482]
 [  14   82]]
acc: 0.753
f1: 0.248
[[1894   20]
 [  78   18]]
acc: 0.951
f1: 0.269
4,30,coarse : 8.5 seconds
4,30,fine : 8.51 seconds
[[1437  477]
 [  14   82]]
acc: 0.756
f1: 0.250
[[1894   20]
 [  78   18]]
acc: 0.951
f1: 0.269
4,31,coarse : 8.64 seconds
4,31,fine : 8.64 seconds
[[1439  475]
 [  14   82]]
acc: 0.757
f1: 0.251
[[1890   24]
 [  77   19]]
acc: 0.950
f1: 0.273
4,32,coarse : 8.92 seconds
4,32,fine : 8.93 seconds
[[1443  471]
 [  15   81]]
acc: 0.758
f1: 0.250
[[1890   24]
 [  77   19]]
acc: 0.950
f1: 0.273
4,33,coarse : 9.03 seconds
4,33,fine : 9.04 seconds
[[1449  465]
 [  14   82]]
acc: 0.762
f1: 0.255
[[1889   25]
 [  76   20]]
acc: 0.950
f1: 0.284
4,34,coarse : 9.28 seconds
4,34,fine : 9.28 seconds
[[1454  460]
 [  14   82]]
acc: 0.764
f1: 0.257
[[1891   23]
 [  77   19]]
acc: 0.950
f1: 0.275
4,35,coarse : 9.26 seconds
4,35,fine : 9.27 seconds
[[1457  457]
 [  14   82]]
acc: 0.766
f1: 0.258
[[1888   26]
 [  76   20]]
acc: 0.949
f1: 0.282
4,36,coarse : 9.51 seconds
4,36,fine : 9.52 seconds
[[1459  455]
 [  14   82]]
acc: 0.767
f1: 0.259
[[1887   27]
 [  75   21]]
acc: 0.949
f1: 0.292
4,37,coarse : 9.46 seconds
4,37,fine : 9.47 seconds
[[1461  453]
 [  14   82]]
acc: 0.768
f1: 0.260
[[1884   30]
 [  75   21]]
acc: 0.948
f1: 0.286
4,38,coarse : 10.16 seconds
4,38,fine : 10.16 seconds
[[1463  451]
 [  15   81]]
acc: 0.768
f1: 0.258
[[1885   29]
 [  72   24]]
acc: 0.950
f1: 0.322
4,39,coarse : 10.19 seconds
4,39,fine : 10.19 seconds
[[1466  448]
 [  15   81]]
acc: 0.770
f1: 0.259
[[1886   28]
 [  72   24]]
acc: 0.950
f1: 0.324
4,40,coarse : 10.32 seconds
4,40,fine : 10.33 seconds
[[1475  439]
 [  15   81]]
acc: 0.774
f1: 0.263
[[1886   28]
 [  72   24]]
acc: 0.950
f1: 0.324
4,41,coarse : 10.43 seconds
4,41,fine : 10.43 seconds
[[1476  438]
 [  15   81]]
acc: 0.775
f1: 0.263
[[1884   30]
 [  70   26]]
acc: 0.950
f1: 0.342
4,42,coarse : 10.67 seconds
4,42,fine : 10.68 seconds
[[1474  440]
 [  16   80]]
acc: 0.773
f1: 0.260
[[1879   35]
 [  70   26]]
acc: 0.948
f1: 0.331
4,43,coarse : 10.73 seconds
4,43,fine : 10.74 seconds
[[1474  440]
 [  16   80]]
acc: 0.773
f1: 0.260
[[1880   34]
 [  70   26]]
acc: 0.948
f1: 0.333
4,44,coarse : 11.07 seconds
4,44,fine : 11.08 seconds
[[1473  441]
 [  17   79]]
acc: 0.772
f1: 0.256
[[1881   33]
 [  70   26]]
acc: 0.949
f1: 0.335
4,45,coarse : 11.34 seconds
4,45,fine : 11.35 seconds
[[1474  440]
 [  18   78]]
acc: 0.772
f1: 0.254
[[1884   30]
 [  71   25]]
acc: 0.950
f1: 0.331
4,46,coarse : 11.54 seconds
4,46,fine : 11.55 seconds
[[1475  439]
 [  19   77]]
acc: 0.772
f1: 0.252
[[1884   30]
 [  70   26]]
acc: 0.950
f1: 0.342
4,47,coarse : 11.64 seconds
4,47,fine : 11.65 seconds
[[1477  437]
 [  19   77]]
acc: 0.773
f1: 0.252
[[1885   29]
 [  68   28]]
acc: 0.952
f1: 0.366
4,48,coarse : 12.03 seconds
4,48,fine : 12.04 seconds
[[1466  448]
 [  17   79]]
acc: 0.769
f1: 0.254
[[1880   34]
 [  68   28]]
acc: 0.949
f1: 0.354
4,49,coarse : 11.89 seconds
4,49,fine : 11.9 seconds
[[1471  443]
 [  17   79]]
acc: 0.771
f1: 0.256
[[1882   32]
 [  68   28]]
acc: 0.950
f1: 0.359
4,50,coarse : 14.14 seconds
4,50,fine : 14.15 seconds
[[1463  451]
 [  17   79]]
acc: 0.767
f1: 0.252
[[1880   34]
 [  67   29]]
acc: 0.950
f1: 0.365
4,51,coarse : 12.63 seconds
4,51,fine : 12.64 seconds
[[1463  451]
 [  17   79]]
acc: 0.767
f1: 0.252
[[1880   34]
 [  66   30]]
acc: 0.950
f1: 0.375
4,52,coarse : 12.65 seconds
4,52,fine : 12.66 seconds
[[1469  445]
 [  17   79]]
acc: 0.770
f1: 0.255
[[1879   35]
 [  65   31]]
acc: 0.950
f1: 0.383
4,53,coarse : 13.0 seconds
4,53,fine : 13.01 seconds
[[1475  439]
 [  17   79]]
acc: 0.773
f1: 0.257
[[1878   36]
 [  65   31]]
acc: 0.950
f1: 0.380
4,54,coarse : 13.24 seconds
4,54,fine : 13.25 seconds
[[1476  438]
 [  17   79]]
acc: 0.774
f1: 0.258
[[1878   36]
 [  65   31]]
acc: 0.950
f1: 0.380
4,55,coarse : 13.41 seconds
4,55,fine : 13.42 seconds
[[1467  447]
 [  18   78]]
acc: 0.769
f1: 0.251
[[1877   37]
 [  65   31]]
acc: 0.949
f1: 0.378
4,56,coarse : 13.38 seconds
4,56,fine : 13.39 seconds
[[1470  444]
 [  18   78]]
acc: 0.770
f1: 0.252
[[1876   38]
 [  65   31]]
acc: 0.949
f1: 0.376
4,57,coarse : 13.69 seconds
4,57,fine : 13.7 seconds
[[1467  447]
 [  18   78]]
acc: 0.769
f1: 0.251
[[1872   42]
 [  66   30]]
acc: 0.946
f1: 0.357
4,58,coarse : 13.94 seconds
4,58,fine : 13.95 seconds
[[1474  440]
 [  16   80]]
acc: 0.773
f1: 0.260
[[1871   43]
 [  65   31]]
acc: 0.946
f1: 0.365
4,59,coarse : 14.18 seconds
4,59,fine : 14.19 seconds
[[1468  446]
 [  18   78]]
acc: 0.769
f1: 0.252
[[1873   41]
 [  65   31]]
acc: 0.947
f1: 0.369
4,60,coarse : 14.19 seconds
4,60,fine : 14.2 seconds
[[1465  449]
 [  17   79]]
acc: 0.768
f1: 0.253
[[1873   41]
 [  63   33]]
acc: 0.948
f1: 0.388
4,61,coarse : 14.38 seconds
4,61,fine : 14.4 seconds
[[1470  444]
 [  16   80]]
acc: 0.771
f1: 0.258
[[1873   41]
 [  63   33]]
acc: 0.948
f1: 0.388
4,62,coarse : 14.44 seconds
4,62,fine : 14.45 seconds
[[1476  438]
 [  18   78]]
acc: 0.773
f1: 0.255
[[1875   39]
 [  64   32]]
acc: 0.949
f1: 0.383
4,63,coarse : 15.02 seconds
4,63,fine : 15.03 seconds
[[1471  443]
 [  18   78]]
acc: 0.771
f1: 0.253
[[1876   38]
 [  65   31]]
acc: 0.949
f1: 0.376
4,64,coarse : 15.31 seconds
4,64,fine : 15.32 seconds
[[1475  439]
 [  17   79]]
acc: 0.773
f1: 0.257
[[1876   38]
 [  65   31]]
acc: 0.949
f1: 0.376
4,65,coarse : 15.76 seconds
4,65,fine : 15.77 seconds
[[1478  436]
 [  18   78]]
acc: 0.774
f1: 0.256
[[1874   40]
 [  65   31]]
acc: 0.948
f1: 0.371
4,66,coarse : 16.11 seconds
4,66,fine : 16.12 seconds
[[1480  434]
 [  17   79]]
acc: 0.776
f1: 0.259
[[1873   41]
 [  64   32]]
acc: 0.948
f1: 0.379
4,67,coarse : 15.93 seconds
4,67,fine : 15.94 seconds
[[1484  430]
 [  18   78]]
acc: 0.777
f1: 0.258
[[1871   43]
 [  64   32]]
acc: 0.947
f1: 0.374
4,68,coarse : 15.96 seconds
4,68,fine : 15.97 seconds
[[1485  429]
 [  19   77]]
acc: 0.777
f1: 0.256
[[1872   42]
 [  64   32]]
acc: 0.947
f1: 0.376
4,69,coarse : 16.16 seconds
4,69,fine : 16.17 seconds
[[1477  437]
 [  18   78]]
acc: 0.774
f1: 0.255
[[1873   41]
 [  65   31]]
acc: 0.947
f1: 0.369
4,70,coarse : 16.5 seconds
4,70,fine : 16.51 seconds
[[1478  436]
 [  18   78]]
acc: 0.774
f1: 0.256
[[1872   42]
 [  64   32]]
acc: 0.947
f1: 0.376
4,71,coarse : 16.46 seconds
4,71,fine : 16.47 seconds
[[1487  427]
 [  18   78]]
acc: 0.779
f1: 0.260
[[1871   43]
 [  65   31]]
acc: 0.946
f1: 0.365
4,72,coarse : 16.86 seconds
4,72,fine : 16.87 seconds
[[1481  433]
 [  18   78]]
acc: 0.776
f1: 0.257
[[1870   44]
 [  64   32]]
acc: 0.946
f1: 0.372
4,73,coarse : 17.17 seconds
4,73,fine : 17.18 seconds
[[1483  431]
 [  17   79]]
acc: 0.777
f1: 0.261
[[1870   44]
 [  64   32]]
acc: 0.946
f1: 0.372
4,74,coarse : 17.45 seconds
4,74,fine : 17.46 seconds
[[1485  429]
 [  18   78]]
acc: 0.778
f1: 0.259
[[1870   44]
 [  63   33]]
acc: 0.947
f1: 0.382
4,75,coarse : 17.46 seconds
4,75,fine : 17.47 seconds
[[1491  423]
 [  18   78]]
acc: 0.781
f1: 0.261
[[1871   43]
 [  64   32]]
acc: 0.947
f1: 0.374
4,76,coarse : 18.33 seconds
4,76,fine : 18.35 seconds
[[1486  428]
 [  17   79]]
acc: 0.779
f1: 0.262
[[1869   45]
 [  61   35]]
acc: 0.947
f1: 0.398
4,77,coarse : 18.11 seconds
4,77,fine : 18.12 seconds
[[1483  431]
 [  17   79]]
acc: 0.777
f1: 0.261
[[1869   45]
 [  61   35]]
acc: 0.947
f1: 0.398
4,78,coarse : 17.59 seconds
4,78,fine : 17.6 seconds
[[1490  424]
 [  17   79]]
acc: 0.781
f1: 0.264
[[1869   45]
 [  60   36]]
acc: 0.948
f1: 0.407
4,79,coarse : 18.24 seconds
4,79,fine : 18.25 seconds
[[1489  425]
 [  17   79]]
acc: 0.780
f1: 0.263
[[1868   46]
 [  60   36]]
acc: 0.947
f1: 0.404
4,80,coarse : 18.1 seconds
4,80,fine : 18.11 seconds
[[1482  432]
 [  17   79]]
acc: 0.777
f1: 0.260
[[1870   44]
 [  62   34]]
acc: 0.947
f1: 0.391
4,81,coarse : 18.7 seconds
4,81,fine : 18.71 seconds
[[1488  426]
 [  17   79]]
acc: 0.780
f1: 0.263
[[1870   44]
 [  62   34]]
acc: 0.947
f1: 0.391
4,82,coarse : 19.33 seconds
4,82,fine : 19.34 seconds
[[1492  422]
 [  17   79]]
acc: 0.782
f1: 0.265
[[1870   44]
 [  61   35]]
acc: 0.948
f1: 0.400
4,83,coarse : 19.14 seconds
4,83,fine : 19.15 seconds
[[1491  423]
 [  17   79]]
acc: 0.781
f1: 0.264
[[1867   47]
 [  61   35]]
acc: 0.946
f1: 0.393
4,84,coarse : 19.4 seconds
4,84,fine : 19.41 seconds
[[1493  421]
 [  17   79]]
acc: 0.782
f1: 0.265
[[1868   46]
 [  60   36]]
acc: 0.947
f1: 0.404
4,85,coarse : 19.09 seconds
4,85,fine : 19.11 seconds
[[1498  416]
 [  17   79]]
acc: 0.785
f1: 0.267
[[1868   46]
 [  60   36]]
acc: 0.947
f1: 0.404
4,86,coarse : 19.65 seconds
4,86,fine : 19.66 seconds
[[1492  422]
 [  17   79]]
acc: 0.782
f1: 0.265
[[1867   47]
 [  59   37]]
acc: 0.947
f1: 0.411
4,87,coarse : 20.06 seconds
4,87,fine : 20.08 seconds
[[1494  420]
 [  18   78]]
acc: 0.782
f1: 0.263
[[1866   48]
 [  59   37]]
acc: 0.947
f1: 0.409
4,88,coarse : 20.75 seconds
4,88,fine : 20.76 seconds
[[1499  415]
 [  18   78]]
acc: 0.785
f1: 0.265
[[1865   49]
 [  56   40]]
acc: 0.948
f1: 0.432
4,89,coarse : 20.6 seconds
4,89,fine : 20.62 seconds
[[1494  420]
 [  17   79]]
acc: 0.783
f1: 0.266
[[1863   51]
 [  57   39]]
acc: 0.946
f1: 0.419
4,90,coarse : 20.72 seconds
4,90,fine : 20.74 seconds
[[1497  417]
 [  17   79]]
acc: 0.784
f1: 0.267
[[1865   49]
 [  57   39]]
acc: 0.947
f1: 0.424
4,91,coarse : 20.94 seconds
4,91,fine : 20.96 seconds
[[1482  432]
 [  18   78]]
acc: 0.776
f1: 0.257
[[1863   51]
 [  56   40]]
acc: 0.947
f1: 0.428
4,92,coarse : 21.53 seconds
4,92,fine : 21.54 seconds
[[1486  428]
 [  19   77]]
acc: 0.778
f1: 0.256
[[1862   52]
 [  56   40]]
acc: 0.946
f1: 0.426
4,93,coarse : 21.81 seconds
4,93,fine : 21.82 seconds
[[1478  436]
 [  18   78]]
acc: 0.774
f1: 0.256
[[1851   63]
 [  54   42]]
acc: 0.942
f1: 0.418
4,94,coarse : 21.84 seconds
4,94,fine : 21.86 seconds
[[1479  435]
 [  18   78]]
acc: 0.775
f1: 0.256
[[1851   63]
 [  54   42]]
acc: 0.942
f1: 0.418
4,95,coarse : 22.41 seconds
4,95,fine : 22.43 seconds
[[1484  430]
 [  18   78]]
acc: 0.777
f1: 0.258
[[1853   61]
 [  57   39]]
acc: 0.941
f1: 0.398
4,96,coarse : 22.11 seconds
4,96,fine : 22.12 seconds
[[1485  429]
 [  18   78]]
acc: 0.778
f1: 0.259
[[1852   62]
 [  57   39]]
acc: 0.941
f1: 0.396
4,97,coarse : 22.82 seconds
4,97,fine : 22.83 seconds
[[1485  429]
 [  17   79]]
acc: 0.778
f1: 0.262
[[1853   61]
 [  57   39]]
acc: 0.941
f1: 0.398
4,98,coarse : 22.7 seconds
4,98,fine : 22.71 seconds
[[1487  427]
 [  17   79]]
acc: 0.779
f1: 0.262
[[1854   60]
 [  57   39]]
acc: 0.942
f1: 0.400
4,99,coarse : 22.62 seconds
4,99,fine : 22.63 seconds
[[1489  425]
 [  17   79]]
acc: 0.780
f1: 0.263
[[1854   60]
 [  57   39]]
acc: 0.942
f1: 0.400
4,100,coarse : 24.55 seconds
4,100,fine : 24.56 seconds
[[1486  428]
 [  15   81]]
acc: 0.780
f1: 0.268
[[1854   60]
 [  57   39]]
acc: 0.942
f1: 0.400
4,101,coarse : 22.57 seconds
4,101,fine : 22.58 seconds
[[1481  433]
 [  16   80]]
acc: 0.777
f1: 0.263
[[1855   59]
 [  57   39]]
acc: 0.942
f1: 0.402
4,102,coarse : 23.33 seconds
4,102,fine : 23.35 seconds
[[1484  430]
 [  16   80]]
acc: 0.778
f1: 0.264
[[1857   57]
 [  57   39]]
acc: 0.943
f1: 0.406
4,103,coarse : 23.73 seconds
4,103,fine : 23.74 seconds
[[1484  430]
 [  16   80]]
acc: 0.778
f1: 0.264
[[1857   57]
 [  57   39]]
acc: 0.943
f1: 0.406
4,104,coarse : 24.0 seconds
4,104,fine : 24.02 seconds
[[1487  427]
 [  17   79]]
acc: 0.779
f1: 0.262
[[1858   56]
 [  57   39]]
acc: 0.944
f1: 0.408
4,105,coarse : 24.06 seconds
4,105,fine : 24.07 seconds
[[1487  427]
 [  17   79]]
acc: 0.779
f1: 0.262
[[1858   56]
 [  57   39]]
acc: 0.944
f1: 0.408
4,106,coarse : 24.06 seconds
4,106,fine : 24.08 seconds
[[1489  425]
 [  17   79]]
acc: 0.780
f1: 0.263
[[1857   57]
 [  57   39]]
acc: 0.943
f1: 0.406
4,107,coarse : 24.65 seconds
4,107,fine : 24.66 seconds
[[1491  423]
 [  16   80]]
acc: 0.782
f1: 0.267
[[1858   56]
 [  57   39]]
acc: 0.944
f1: 0.408
4,108,coarse : 25.42 seconds
4,108,fine : 25.43 seconds
[[1488  426]
 [  17   79]]
acc: 0.780
f1: 0.263
[[1859   55]
 [  57   39]]
acc: 0.944
f1: 0.411
4,109,coarse : 25.49 seconds
4,109,fine : 25.51 seconds
[[1488  426]
 [  17   79]]
acc: 0.780
f1: 0.263
[[1858   56]
 [  58   38]]
acc: 0.943
f1: 0.400
4,110,coarse : 25.39 seconds
4,110,fine : 25.4 seconds
[[1488  426]
 [  17   79]]
acc: 0.780
f1: 0.263
[[1858   56]
 [  57   39]]
acc: 0.944
f1: 0.408
4,111,coarse : 25.98 seconds
4,111,fine : 26.0 seconds
[[1488  426]
 [  16   80]]
acc: 0.780
f1: 0.266
[[1858   56]
 [  57   39]]
acc: 0.944
f1: 0.408
4,112,coarse : 26.1 seconds
4,112,fine : 26.12 seconds
[[1490  424]
 [  15   81]]
acc: 0.782
f1: 0.270
[[1856   58]
 [  58   38]]
acc: 0.942
f1: 0.396
4,113,coarse : 26.17 seconds
4,113,fine : 26.18 seconds
[[1490  424]
 [  17   79]]
acc: 0.781
f1: 0.264
[[1856   58]
 [  57   39]]
acc: 0.943
f1: 0.404
4,114,coarse : 25.95 seconds
4,114,fine : 25.96 seconds
[[1490  424]
 [  18   78]]
acc: 0.780
f1: 0.261
[[1854   60]
 [  54   42]]
acc: 0.943
f1: 0.424
4,115,coarse : 26.9 seconds
4,115,fine : 26.92 seconds
[[1495  419]
 [  18   78]]
acc: 0.783
f1: 0.263
[[1859   55]
 [  56   40]]
acc: 0.945
f1: 0.419
4,116,coarse : 27.03 seconds
4,116,fine : 27.05 seconds
[[1496  418]
 [  18   78]]
acc: 0.783
f1: 0.264
[[1859   55]
 [  56   40]]
acc: 0.945
f1: 0.419
4,117,coarse : 27.36 seconds
4,117,fine : 27.38 seconds
[[1492  422]
 [  17   79]]
acc: 0.782
f1: 0.265
[[1856   58]
 [  56   40]]
acc: 0.943
f1: 0.412
4,118,coarse : 27.03 seconds
4,118,fine : 27.05 seconds
[[1496  418]
 [  17   79]]
acc: 0.784
f1: 0.266
[[1856   58]
 [  56   40]]
acc: 0.943
f1: 0.412
4,119,coarse : 28.83 seconds
4,119,fine : 28.85 seconds
[[1493  421]
 [  17   79]]
acc: 0.782
f1: 0.265
[[1858   56]
 [  56   40]]
acc: 0.944
f1: 0.417
4,120,coarse : 28.51 seconds
4,120,fine : 28.53 seconds
[[1496  418]
 [  17   79]]
acc: 0.784
f1: 0.266
[[1859   55]
 [  56   40]]
acc: 0.945
f1: 0.419
4,121,coarse : 28.66 seconds
4,121,fine : 28.68 seconds
[[1493  421]
 [  17   79]]
acc: 0.782
f1: 0.265
[[1855   59]
 [  55   41]]
acc: 0.943
f1: 0.418
4,122,coarse : 28.51 seconds
4,122,fine : 28.52 seconds
[[1497  417]
 [  16   80]]
acc: 0.785
f1: 0.270
[[1855   59]
 [  55   41]]
acc: 0.943
f1: 0.418
4,123,coarse : 28.47 seconds
4,123,fine : 28.48 seconds
[[1493  421]
 [  16   80]]
acc: 0.783
f1: 0.268
[[1857   57]
 [  55   41]]
acc: 0.944
f1: 0.423
4,124,coarse : 29.29 seconds
4,124,fine : 29.31 seconds
[[1492  422]
 [  15   81]]
acc: 0.783
f1: 0.270
[[1857   57]
 [  55   41]]
acc: 0.944
f1: 0.423
4,125,coarse : 29.41 seconds
4,125,fine : 29.43 seconds
[[1495  419]
 [  16   80]]
acc: 0.784
f1: 0.269
[[1855   59]
 [  55   41]]
acc: 0.943
f1: 0.418
4,126,coarse : 29.24 seconds
4,126,fine : 29.25 seconds
[[1493  421]
 [  16   80]]
acc: 0.783
f1: 0.268
[[1854   60]
 [  55   41]]
acc: 0.943
f1: 0.416
4,127,coarse : 29.78 seconds
4,127,fine : 29.8 seconds
[[1493  421]
 [  16   80]]
acc: 0.783
f1: 0.268
[[1853   61]
 [  55   41]]
acc: 0.942
f1: 0.414
4,128,coarse : 30.01 seconds
4,128,fine : 30.03 seconds
[[1492  422]
 [  16   80]]
acc: 0.782
f1: 0.268
[[1856   58]
 [  55   41]]
acc: 0.944
f1: 0.421
4,129,coarse : 30.13 seconds
4,129,fine : 30.15 seconds
[[1490  424]
 [  16   80]]
acc: 0.781
f1: 0.267
[[1856   58]
 [  55   41]]
acc: 0.944
f1: 0.421
4,130,coarse : 30.86 seconds
4,130,fine : 30.88 seconds
[[1490  424]
 [  17   79]]
acc: 0.781
f1: 0.264
[[1854   60]
 [  54   42]]
acc: 0.943
f1: 0.424
4,131,coarse : 30.4 seconds
4,131,fine : 30.42 seconds
[[1490  424]
 [  16   80]]
acc: 0.781
f1: 0.267
[[1854   60]
 [  54   42]]
acc: 0.943
f1: 0.424
4,132,coarse : 31.4 seconds
4,132,fine : 31.42 seconds
[[1488  426]
 [  16   80]]
acc: 0.780
f1: 0.266
[[1851   63]
 [  54   42]]
acc: 0.942
f1: 0.418
4,133,coarse : 30.83 seconds
4,133,fine : 30.85 seconds
[[1489  425]
 [  16   80]]
acc: 0.781
f1: 0.266
[[1852   62]
 [  54   42]]
acc: 0.942
f1: 0.420
4,134,coarse : 31.74 seconds
4,134,fine : 31.76 seconds
[[1488  426]
 [  16   80]]
acc: 0.780
f1: 0.266
[[1852   62]
 [  54   42]]
acc: 0.942
f1: 0.420
4,135,coarse : 31.93 seconds
4,135,fine : 31.95 seconds
[[1490  424]
 [  16   80]]
acc: 0.781
f1: 0.267
[[1851   63]
 [  54   42]]
acc: 0.942
f1: 0.418
4,136,coarse : 32.17 seconds
4,136,fine : 32.19 seconds
[[1491  423]
 [  16   80]]
acc: 0.782
f1: 0.267
[[1852   62]
 [  53   43]]
acc: 0.943
f1: 0.428
4,137,coarse : 32.05 seconds
4,137,fine : 32.07 seconds
[[1491  423]
 [  16   80]]
acc: 0.782
f1: 0.267
[[1853   61]
 [  53   43]]
acc: 0.943
f1: 0.430
4,138,coarse : 33.34 seconds
4,138,fine : 33.36 seconds
[[1491  423]
 [  16   80]]
acc: 0.782
f1: 0.267
[[1855   59]
 [  53   43]]
acc: 0.944
f1: 0.434
4,139,coarse : 32.84 seconds
4,139,fine : 32.86 seconds
[[1494  420]
 [  16   80]]
acc: 0.783
f1: 0.268
[[1856   58]
 [  53   43]]
acc: 0.945
f1: 0.437
4,140,coarse : 33.62 seconds
4,140,fine : 33.64 seconds
[[1496  418]
 [  16   80]]
acc: 0.784
f1: 0.269
[[1855   59]
 [  53   43]]
acc: 0.944
f1: 0.434
4,141,coarse : 33.08 seconds
4,141,fine : 33.1 seconds
[[1493  421]
 [  16   80]]
acc: 0.783
f1: 0.268
[[1854   60]
 [  51   45]]
acc: 0.945
f1: 0.448
4,142,coarse : 33.65 seconds
4,142,fine : 33.67 seconds
[[1495  419]
 [  16   80]]
acc: 0.784
f1: 0.269
[[1852   62]
 [  51   45]]
acc: 0.944
f1: 0.443
4,143,coarse : 33.42 seconds
4,143,fine : 33.44 seconds
[[1491  423]
 [  16   80]]
acc: 0.782
f1: 0.267
[[1849   65]
 [  50   46]]
acc: 0.943
f1: 0.444
4,144,coarse : 33.38 seconds
4,144,fine : 33.4 seconds
[[1490  424]
 [  16   80]]
acc: 0.781
f1: 0.267
[[1848   66]
 [  51   45]]
acc: 0.942
f1: 0.435
4,145,coarse : 33.68 seconds
4,145,fine : 33.71 seconds
[[1489  425]
 [  16   80]]
acc: 0.781
f1: 0.266
[[1847   67]
 [  51   45]]
acc: 0.941
f1: 0.433
4,146,coarse : 34.02 seconds
4,146,fine : 34.04 seconds
[[1490  424]
 [  16   80]]
acc: 0.781
f1: 0.267
[[1846   68]
 [  51   45]]
acc: 0.941
f1: 0.431
4,147,coarse : 33.95 seconds
4,147,fine : 33.97 seconds
[[1494  420]
 [  16   80]]
acc: 0.783
f1: 0.268
[[1848   66]
 [  51   45]]
acc: 0.942
f1: 0.435
4,148,coarse : 34.4 seconds
4,148,fine : 34.42 seconds
[[1489  425]
 [  17   79]]
acc: 0.780
f1: 0.263
[[1849   65]
 [  51   45]]
acc: 0.942
f1: 0.437
4,149,coarse : 36.1 seconds
4,149,fine : 36.12 seconds
[[1490  424]
 [  16   80]]
acc: 0.781
f1: 0.267
[[1848   66]
 [  51   45]]
acc: 0.942
f1: 0.435
4,150,coarse : 37.64 seconds
4,150,fine : 37.66 seconds
[[1488  426]
 [  16   80]]
acc: 0.780
f1: 0.266
[[1849   65]
 [  51   45]]
acc: 0.942
f1: 0.437
4,151,coarse : 35.04 seconds
4,151,fine : 35.06 seconds
[[1490  424]
 [  16   80]]
acc: 0.781
f1: 0.267
[[1850   64]
 [  51   45]]
acc: 0.943
f1: 0.439
4,152,coarse : 35.1 seconds
4,152,fine : 35.12 seconds
[[1495  419]
 [  16   80]]
acc: 0.784
f1: 0.269
[[1848   66]
 [  51   45]]
acc: 0.942
f1: 0.435
4,153,coarse : 36.18 seconds
4,153,fine : 36.2 seconds
[[1497  417]
 [  16   80]]
acc: 0.785
f1: 0.270
[[1849   65]
 [  51   45]]
acc: 0.942
f1: 0.437
4,154,coarse : 36.07 seconds
4,154,fine : 36.1 seconds
[[1498  416]
 [  16   80]]
acc: 0.785
f1: 0.270
[[1848   66]
 [  51   45]]
acc: 0.942
f1: 0.435
4,155,coarse : 35.99 seconds
4,155,fine : 36.01 seconds
[[1492  422]
 [  16   80]]
acc: 0.782
f1: 0.268
[[1849   65]
 [  51   45]]
acc: 0.942
f1: 0.437
4,156,coarse : 36.76 seconds
4,156,fine : 36.78 seconds
[[1487  427]
 [  16   80]]
acc: 0.780
f1: 0.265
[[1849   65]
 [  51   45]]
acc: 0.942
f1: 0.437
4,157,coarse : 36.24 seconds
4,157,fine : 36.26 seconds
[[1489  425]
 [  16   80]]
acc: 0.781
f1: 0.266
[[1849   65]
 [  51   45]]
acc: 0.942
f1: 0.437
4,158,coarse : 37.94 seconds
4,158,fine : 37.96 seconds
[[1486  428]
 [  15   81]]
acc: 0.780
f1: 0.268
[[1848   66]
 [  51   45]]
acc: 0.942
f1: 0.435
4,159,coarse : 38.22 seconds
4,159,fine : 38.25 seconds
[[1486  428]
 [  15   81]]
acc: 0.780
f1: 0.268
[[1847   67]
 [  51   45]]
acc: 0.941
f1: 0.433
4,160,coarse : 37.96 seconds
4,160,fine : 37.99 seconds
[[1485  429]
 [  15   81]]
acc: 0.779
f1: 0.267
[[1846   68]
 [  50   46]]
acc: 0.941
f1: 0.438
4,161,coarse : 37.7 seconds
4,161,fine : 37.72 seconds
[[1490  424]
 [  15   81]]
acc: 0.782
f1: 0.270
[[1847   67]
 [  51   45]]
acc: 0.941
f1: 0.433
4,162,coarse : 38.79 seconds
4,162,fine : 38.82 seconds
[[1489  425]
 [  15   81]]
acc: 0.781
f1: 0.269
[[1847   67]
 [  51   45]]
acc: 0.941
f1: 0.433
4,163,coarse : 38.69 seconds
4,163,fine : 38.72 seconds
[[1487  427]
 [  16   80]]
acc: 0.780
f1: 0.265
[[1845   69]
 [  50   46]]
acc: 0.941
f1: 0.436
4,164,coarse : 38.74 seconds
4,164,fine : 38.76 seconds
[[1490  424]
 [  15   81]]
acc: 0.782
f1: 0.270
[[1844   70]
 [  50   46]]
acc: 0.940
f1: 0.434
4,165,coarse : 38.78 seconds
4,165,fine : 38.8 seconds
[[1494  420]
 [  15   81]]
acc: 0.784
f1: 0.271
[[1845   69]
 [  50   46]]
acc: 0.941
f1: 0.436
4,166,coarse : 39.55 seconds
4,166,fine : 39.57 seconds
[[1495  419]
 [  15   81]]
acc: 0.784
f1: 0.272
[[1846   68]
 [  50   46]]
acc: 0.941
f1: 0.438
4,167,coarse : 39.07 seconds
4,167,fine : 39.09 seconds
[[1496  418]
 [  15   81]]
acc: 0.785
f1: 0.272
[[1846   68]
 [  50   46]]
acc: 0.941
f1: 0.438
4,168,coarse : 40.26 seconds
4,168,fine : 40.28 seconds
[[1499  415]
 [  15   81]]
acc: 0.786
f1: 0.274
[[1848   66]
 [  51   45]]
acc: 0.942
f1: 0.435
4,169,coarse : 39.95 seconds
4,169,fine : 39.97 seconds
[[1493  421]
 [  15   81]]
acc: 0.783
f1: 0.271
[[1847   67]
 [  50   46]]
acc: 0.942
f1: 0.440
4,170,coarse : 40.59 seconds
4,170,fine : 40.61 seconds
[[1491  423]
 [  16   80]]
acc: 0.782
f1: 0.267
[[1851   63]
 [  50   46]]
acc: 0.944
f1: 0.449
4,171,coarse : 41.22 seconds
4,171,fine : 41.24 seconds
[[1484  430]
 [  16   80]]
acc: 0.778
f1: 0.264
[[1852   62]
 [  50   46]]
acc: 0.944
f1: 0.451
4,172,coarse : 32.03 seconds
4,172,fine : 32.05 seconds
