home
all           0      1    2    3    4    5    6    7    8    
1      2010   1914   1    19   32   19   1    11   6    7    
2      2010   1914   1    19   32   19   1    11   6    7    
3      2010   1914   1    19   32   19   1    11   5    8    
4      2010   1914   1    19   32   19   1    10   6    8    
5      2010   1914   1    18   33   19   1    10   6    8    
6      2010   1914   1    18   33   19   1    10   6    8    
7      2010   1913   2    18   33   19   1    10   6    8    
8      2010   1913   2    18   33   19   1    10   6    8    
9      2009   1913   2    18   32   19   2    10   6    7    
10     2009   1913   1    19   32   19   1    11   6    7    
Total  20098  19136  13   185  324  190  11   104  59   76   
train         0      1    2    3    4    5    6    7    8    
1      2010   1914   1    19   32   19   1    11   6    7    
2      2010   1914   1    19   32   19   1    11   6    7    
3      2010   1914   1    19   32   19   1    11   5    8    
4      2010   1914   1    19   32   19   1    10   6    8    
6      2010   1914   1    18   33   19   1    10   6    8    
7      2010   1913   2    18   33   19   1    10   6    8    
8      2010   1913   2    18   33   19   1    10   6    8    
9      2009   1913   2    18   32   19   2    10   6    7    
10     2009   1913   1    19   32   19   1    11   6    7    
Total  18088  17222  12   167  291  171  10   94   53   68   
test          0      1    2    3    4    5    6    7    8    
5      2010   1914   1    18   33   19   1    10   6    8    
Total  2010   1914   1    18   33   19   1    10   6    8    
Classes             
0         17222     
1         12        
2         167       
3         291       
4         171       
5         10        
6         94        
7         53        
8         68        
Total     18088     

Shape: 450       

[952, 10, 11, 16, 11, 10, 10, 10, 10]
Sum start => 1040
[[1820   94]
 [  63   33]]
coarse acc: 0.922
coarse f1: 0.296
['rnd', 1, 'fold', 5, 'pr', 0.80067366218990155, 'roc', 0.78596307906652729]
[[1912    2]
 [  95    1]]
fine acc: 0.952
fine f1: 0.020
['rnd', 1, 'fold', 5, 'pr', 0.76387367508069048, 'roc', 0.77888801811215602]
5,1,coarse : 30.05 seconds
5,1,fine : 30.05 seconds
[[1820   94]
 [  63   33]]
coarse acc: 0.922
coarse f1: 0.296
['rnd', 2, 'fold', 5, 'pr', 0.80067366218990155, 'roc', 0.78596307906652729]
[[1912    2]
 [  95    1]]
fine acc: 0.952
fine f1: 0.020
['rnd', 2, 'fold', 5, 'pr', 0.76387367508069048, 'roc', 0.77888801811215602]
5,2,coarse : 33.66 seconds
5,2,fine : 33.66 seconds
[[1825   89]
 [  62   34]]
coarse acc: 0.925
coarse f1: 0.311
['rnd', 3, 'fold', 5, 'pr', 0.79720628139725491, 'roc', 0.78100509404388718]
[[1912    2]
 [  93    3]]
fine acc: 0.953
fine f1: 0.059
['rnd', 3, 'fold', 5, 'pr', 0.78450451686516454, 'roc', 0.78601206025774983]
5,3,coarse : 5.66 seconds
5,3,fine : 5.66 seconds
[[1833   81]
 [  64   32]]
coarse acc: 0.928
coarse f1: 0.306
['rnd', 4, 'fold', 5, 'pr', 0.79203209605081759, 'roc', 0.77886080633925459]
[[1913    1]
 [  93    3]]
fine acc: 0.953
fine f1: 0.060
['rnd', 4, 'fold', 5, 'pr', 0.79972537093503437, 'roc', 0.79518787008011149]
5,4,coarse : 5.93 seconds
5,4,fine : 5.93 seconds
[[1828   86]
 [  64   32]]
coarse acc: 0.925
coarse f1: 0.299
['rnd', 5, 'fold', 5, 'pr', 0.79423915471400863, 'roc', 0.78345415360501558]
[[1911    3]
 [  93    3]]
fine acc: 0.952
fine f1: 0.059
['rnd', 5, 'fold', 5, 'pr', 0.79491094512942817, 'roc', 0.79487765586903525]
5,5,coarse : 6.2 seconds
5,5,fine : 6.21 seconds
[[1828   86]
 [  65   31]]
coarse acc: 0.925
coarse f1: 0.291
['rnd', 6, 'fold', 5, 'pr', 0.8080605828893449, 'roc', 0.78984892023685116]
[[1913    1]
 [  93    3]]
fine acc: 0.953
fine f1: 0.060
['rnd', 6, 'fold', 5, 'pr', 0.80409370597027674, 'roc', 0.80149555903866254]
5,6,coarse : 6.46 seconds
5,6,fine : 6.46 seconds
[[1836   78]
 [  65   31]]
coarse acc: 0.929
coarse f1: 0.302
['rnd', 7, 'fold', 5, 'pr', 0.80780054745042484, 'roc', 0.79021900034831072]
[[1911    3]
 [  94    2]]
fine acc: 0.952
fine f1: 0.040
['rnd', 7, 'fold', 5, 'pr', 0.81416977969604964, 'roc', 0.80381944444444442]
5,7,coarse : 6.86 seconds
5,7,fine : 6.86 seconds
[[1837   77]
 [  65   31]]
coarse acc: 0.929
coarse f1: 0.304
['rnd', 8, 'fold', 5, 'pr', 0.80778972805960469, 'roc', 0.79055098397770807]
[[1909    5]
 [  93    3]]
fine acc: 0.951
fine f1: 0.058
['rnd', 8, 'fold', 5, 'pr', 0.81151996601620158, 'roc', 0.80219762277951945]
5,8,coarse : 7.07 seconds
5,8,fine : 7.07 seconds
[[1850   64]
 [  62   34]]
coarse acc: 0.937
coarse f1: 0.351
['rnd', 9, 'fold', 5, 'pr', 0.82295116041261096, 'roc', 0.79986829501915702]
[[1906    8]
 [  93    3]]
fine acc: 0.950
fine f1: 0.056
['rnd', 9, 'fold', 5, 'pr', 0.8014872213974471, 'roc', 0.80350923023336795]
5,9,coarse : 7.44 seconds
5,9,fine : 7.44 seconds
[[1844   70]
 [  61   35]]
coarse acc: 0.935
coarse f1: 0.348
['rnd', 10, 'fold', 5, 'pr', 0.81919762679396402, 'roc', 0.79643961163357702]
[[1906    8]
 [  93    3]]
fine acc: 0.950
fine f1: 0.056
['rnd', 10, 'fold', 5, 'pr', 0.80341602617536334, 'roc', 0.8029323406478579]
5,10,coarse : 7.87 seconds
5,10,fine : 7.87 seconds
[[1839   75]
 [  62   34]]
coarse acc: 0.932
coarse f1: 0.332
['rnd', 11, 'fold', 5, 'pr', 0.82035207474746308, 'roc', 0.79974312086381061]
[[1905    9]
 [  93    3]]
fine acc: 0.949
fine f1: 0.056
['rnd', 11, 'fold', 5, 'pr', 0.80373333466301655, 'roc', 0.79820837687217006]
5,11,coarse : 8.28 seconds
5,11,fine : 8.28 seconds
[[1845   69]
 [  62   34]]
coarse acc: 0.935
coarse f1: 0.342
['rnd', 12, 'fold', 5, 'pr', 0.817586030723496, 'roc', 0.79545998780912575]
[[1905    9]
 [  92    4]]
fine acc: 0.950
fine f1: 0.073
['rnd', 12, 'fold', 5, 'pr', 0.80774664191019552, 'roc', 0.79157414663880177]
5,12,coarse : 8.57 seconds
5,12,fine : 8.58 seconds
[[1833   81]
 [  58   38]]
coarse acc: 0.931
coarse f1: 0.353
['rnd', 13, 'fold', 5, 'pr', 0.81998718578660723, 'roc', 0.80544126610936939]
[[1907    7]
 [  91    5]]
fine acc: 0.951
fine f1: 0.093
['rnd', 13, 'fold', 5, 'pr', 0.80788202481748983, 'roc', 0.78704066527342398]
5,13,coarse : 9.06 seconds
5,13,fine : 9.07 seconds
[[1843   71]
 [  58   38]]
coarse acc: 0.936
coarse f1: 0.371
['rnd', 14, 'fold', 5, 'pr', 0.82317674132592933, 'roc', 0.8005050505050505]
[[1906    8]
 [  91    5]]
fine acc: 0.951
fine f1: 0.092
['rnd', 14, 'fold', 5, 'pr', 0.81036379279424609, 'roc', 0.79364768373389061]
5,14,coarse : 9.69 seconds
5,14,fine : 9.69 seconds
[[1829   85]
 [  65   31]]
coarse acc: 0.925
coarse f1: 0.292
['rnd', 15, 'fold', 5, 'pr', 0.81167882873223962, 'roc', 0.78978905433646818]
[[1905    9]
 [  89    7]]
fine acc: 0.951
fine f1: 0.125
['rnd', 15, 'fold', 5, 'pr', 0.81027649108538369, 'roc', 0.79262452107279679]
5,15,coarse : 9.94 seconds
5,15,fine : 9.95 seconds
[[1832   82]
 [  63   33]]
coarse acc: 0.928
coarse f1: 0.313
['rnd', 16, 'fold', 5, 'pr', 0.81911235154400475, 'roc', 0.79789816266109381]
[[1907    7]
 [  88    8]]
fine acc: 0.953
fine f1: 0.144
['rnd', 16, 'fold', 5, 'pr', 0.80973018368790006, 'roc', 0.79239594218042497]
5,16,coarse : 10.24 seconds
5,16,fine : 10.24 seconds
[[1834   80]
 [  62   34]]
coarse acc: 0.929
coarse f1: 0.324
['rnd', 17, 'fold', 5, 'pr', 0.82257534162826507, 'roc', 0.80238266283524906]
[[1901   13]
 [  87    9]]
fine acc: 0.950
fine f1: 0.153
['rnd', 17, 'fold', 5, 'pr', 0.80854710231842697, 'roc', 0.79207484326018818]
5,17,coarse : 10.73 seconds
5,17,fine : 10.74 seconds
[[1825   89]
 [  58   38]]
coarse acc: 0.927
coarse f1: 0.341
['rnd', 18, 'fold', 5, 'pr', 0.82086723160915898, 'roc', 0.80286159003831414]
[[1900   14]
 [  87    9]]
fine acc: 0.950
fine f1: 0.151
['rnd', 18, 'fold', 5, 'pr', 0.80969676268906898, 'roc', 0.79471438523162663]
5,18,coarse : 11.22 seconds
5,18,fine : 11.22 seconds
[[1821   93]
 [  59   37]]
coarse acc: 0.924
coarse f1: 0.327
['rnd', 19, 'fold', 5, 'pr', 0.82061944188902336, 'roc', 0.79719065656565657]
[[1900   14]
 [  85   11]]
fine acc: 0.951
fine f1: 0.182
['rnd', 19, 'fold', 5, 'pr', 0.81498907638521834, 'roc', 0.79505725357018475]
5,19,coarse : 11.64 seconds
5,19,fine : 11.64 seconds
[[1820   94]
 [  56   40]]
coarse acc: 0.925
coarse f1: 0.348
['rnd', 20, 'fold', 5, 'pr', 0.82487547071328504, 'roc', 0.80466300940438873]
[[1901   13]
 [  87    9]]
fine acc: 0.950
fine f1: 0.153
['rnd', 20, 'fold', 5, 'pr', 0.81018068419306322, 'roc', 0.79203130442354586]
5,20,coarse : 12.0 seconds
5,20,fine : 12.0 seconds
[[1820   94]
 [  53   43]]
coarse acc: 0.927
coarse f1: 0.369
['rnd', 21, 'fold', 5, 'pr', 0.82771993506184405, 'roc', 0.8013867119470568]
[[1901   13]
 [  86   10]]
fine acc: 0.951
fine f1: 0.168
['rnd', 21, 'fold', 5, 'pr', 0.81185903887039512, 'roc', 0.79321773772204807]
5,21,coarse : 12.48 seconds
5,21,fine : 12.49 seconds
[[1833   81]
 [  56   40]]
coarse acc: 0.932
coarse f1: 0.369
['rnd', 22, 'fold', 5, 'pr', 0.83274816548437802, 'roc', 0.80255681818181823]
[[1900   14]
 [  85   11]]
fine acc: 0.951
fine f1: 0.182
['rnd', 22, 'fold', 5, 'pr', 0.81379634120876387, 'roc', 0.79481778996865204]
5,22,coarse : 13.07 seconds
5,22,fine : 13.08 seconds
[[1832   82]
 [  55   41]]
coarse acc: 0.932
coarse f1: 0.374
['rnd', 23, 'fold', 5, 'pr', 0.83451919381331796, 'roc', 0.80496778126088464]
[[1899   15]
 [  85   11]]
fine acc: 0.950
fine f1: 0.180
['rnd', 23, 'fold', 5, 'pr', 0.80711999076642116, 'roc', 0.79685867293625912]
5,23,coarse : 13.74 seconds
5,23,fine : 13.75 seconds
[[1835   79]
 [  58   38]]
coarse acc: 0.932
coarse f1: 0.357
['rnd', 24, 'fold', 5, 'pr', 0.83124829379678211, 'roc', 0.79823558864507149]
[[1898   16]
 [  84   12]]
fine acc: 0.950
fine f1: 0.194
['rnd', 24, 'fold', 5, 'pr', 0.81032615312432621, 'roc', 0.80414054336468133]
5,24,coarse : 14.01 seconds
5,24,fine : 14.01 seconds
[[1836   78]
 [  58   38]]
coarse acc: 0.932
coarse f1: 0.358
['rnd', 25, 'fold', 5, 'pr', 0.83244927867066054, 'roc', 0.79956352316266111]
[[1898   16]
 [  85   11]]
fine acc: 0.950
fine f1: 0.179
['rnd', 25, 'fold', 5, 'pr', 0.81306987906380657, 'roc', 0.80240443225357028]
5,25,coarse : 14.5 seconds
5,25,fine : 14.5 seconds
[[1839   75]
 [  55   41]]
coarse acc: 0.935
coarse f1: 0.387
['rnd', 26, 'fold', 5, 'pr', 0.83517553222202312, 'roc', 0.80357453848833149]
[[1899   15]
 [  85   11]]
fine acc: 0.950
fine f1: 0.180
['rnd', 26, 'fold', 5, 'pr', 0.81649797878632935, 'roc', 0.80596917450365735]
5,26,coarse : 15.05 seconds
5,26,fine : 15.06 seconds
[[1834   80]
 [  56   40]]
coarse acc: 0.932
coarse f1: 0.370
['rnd', 27, 'fold', 5, 'pr', 0.8347509532804761, 'roc', 0.80477185649599436]
[[1901   13]
 [  88    8]]
fine acc: 0.950
fine f1: 0.137
['rnd', 27, 'fold', 5, 'pr', 0.81856133360105199, 'roc', 0.80943051201671889]
5,27,coarse : 15.75 seconds
5,27,fine : 15.76 seconds
[[1835   79]
 [  55   41]]
coarse acc: 0.933
coarse f1: 0.380
['rnd', 28, 'fold', 5, 'pr', 0.83464230857193755, 'roc', 0.80473376001393249]
[[1898   16]
 [  88    8]]
fine acc: 0.948
fine f1: 0.133
['rnd', 28, 'fold', 5, 'pr', 0.8143358376185148, 'roc', 0.8043582375478926]
5,28,coarse : 16.34 seconds
5,28,fine : 16.34 seconds
[[1828   86]
 [  57   39]]
coarse acc: 0.929
coarse f1: 0.353
['rnd', 29, 'fold', 5, 'pr', 0.84224830878525725, 'roc', 0.80933254963427392]
[[1899   15]
 [  88    8]]
fine acc: 0.949
fine f1: 0.134
['rnd', 29, 'fold', 5, 'pr', 0.81839966127120001, 'roc', 0.80204523685127127]
5,29,coarse : 16.46 seconds
5,29,fine : 16.47 seconds
[[1830   84]
 [  54   42]]
coarse acc: 0.931
coarse f1: 0.378
['rnd', 30, 'fold', 5, 'pr', 0.84595083298108942, 'roc', 0.81221699756182519]
[[1899   15]
 [  88    8]]
fine acc: 0.949
fine f1: 0.134
['rnd', 30, 'fold', 5, 'pr', 0.81859066354951338, 'roc', 0.80860327412051558]
5,30,coarse : 17.09 seconds
5,30,fine : 17.09 seconds
[[1839   75]
 [  51   45]]
coarse acc: 0.937
coarse f1: 0.417
['rnd', 31, 'fold', 5, 'pr', 0.84966893140204536, 'roc', 0.81700082723789624]
[[1900   14]
 [  86   10]]
fine acc: 0.950
fine f1: 0.167
['rnd', 31, 'fold', 5, 'pr', 0.82217146280103504, 'roc', 0.80909852838732133]
5,31,coarse : 17.93 seconds
5,31,fine : 17.93 seconds
[[1840   74]
 [  53   43]]
coarse acc: 0.937
coarse f1: 0.404
['rnd', 32, 'fold', 5, 'pr', 0.85085864499420416, 'roc', 0.81853012887495646]
[[1900   14]
 [  89    7]]
fine acc: 0.949
fine f1: 0.120
['rnd', 32, 'fold', 5, 'pr', 0.82197056474965513, 'roc', 0.80092955416231282]
5,32,coarse : 18.85 seconds
5,32,fine : 18.86 seconds
[[1843   71]
 [  52   44]]
coarse acc: 0.939
coarse f1: 0.417
['rnd', 33, 'fold', 5, 'pr', 0.84883840186099002, 'roc', 0.81664163183559724]
[[1901   13]
 [  88    8]]
fine acc: 0.950
fine f1: 0.137
['rnd', 33, 'fold', 5, 'pr', 0.82349853977289933, 'roc', 0.80318268895855116]
5,33,coarse : 19.01 seconds
5,33,fine : 19.01 seconds
[[1840   74]
 [  54   42]]
coarse acc: 0.936
coarse f1: 0.396
['rnd', 34, 'fold', 5, 'pr', 0.84883718853478762, 'roc', 0.81726750261233005]
[[1902   12]
 [  86   10]]
fine acc: 0.951
fine f1: 0.169
['rnd', 34, 'fold', 5, 'pr', 0.8226770927793462, 'roc', 0.80409700452803901]
5,34,coarse : 19.55 seconds
5,34,fine : 19.55 seconds
[[1844   70]
 [  52   44]]
coarse acc: 0.939
coarse f1: 0.419
['rnd', 35, 'fold', 5, 'pr', 0.85096307688198236, 'roc', 0.82023902821316619]
[[1901   13]
 [  85   11]]
fine acc: 0.951
fine f1: 0.183
['rnd', 35, 'fold', 5, 'pr', 0.82899188000403501, 'roc', 0.80909852838732155]
5,35,coarse : 20.58 seconds
5,35,fine : 20.58 seconds
[[1846   68]
 [  52   44]]
coarse acc: 0.940
coarse f1: 0.423
['rnd', 36, 'fold', 5, 'pr', 0.85264510189371467, 'roc', 0.82240508533611978]
[[1901   13]
 [  86   10]]
fine acc: 0.951
fine f1: 0.168
['rnd', 36, 'fold', 5, 'pr', 0.82653988490577857, 'roc', 0.80716649251132022]
5,36,coarse : 21.21 seconds
5,36,fine : 21.21 seconds
[[1836   78]
 [  52   44]]
coarse acc: 0.935
coarse f1: 0.404
['rnd', 37, 'fold', 5, 'pr', 0.85296360097483315, 'roc', 0.82413575409265072]
[[1902   12]
 [  88    8]]
fine acc: 0.950
fine f1: 0.138
['rnd', 37, 'fold', 5, 'pr', 0.82662649597086513, 'roc', 0.80838013758272387]
5,37,coarse : 21.74 seconds
5,37,fine : 21.74 seconds
[[1839   75]
 [  53   43]]
coarse acc: 0.936
coarse f1: 0.402
['rnd', 38, 'fold', 5, 'pr', 0.8523329876084681, 'roc', 0.8237112504353884]
[[1904   10]
 [  87    9]]
fine acc: 0.952
fine f1: 0.157
['rnd', 38, 'fold', 5, 'pr', 0.82807263639039963, 'roc', 0.80927268373389061]
5,38,coarse : 22.2 seconds
5,38,fine : 22.21 seconds
[[1843   71]
 [  53   43]]
coarse acc: 0.938
coarse f1: 0.410
['rnd', 39, 'fold', 5, 'pr', 0.8542782376381024, 'roc', 0.82741205154998254]
[[1898   16]
 [  85   11]]
fine acc: 0.950
fine f1: 0.179
['rnd', 39, 'fold', 5, 'pr', 0.82985126768387873, 'roc', 0.81132445141065834]
5,39,coarse : 23.53 seconds
5,39,fine : 23.54 seconds
[[1834   80]
 [  54   42]]
coarse acc: 0.933
coarse f1: 0.385
['rnd', 40, 'fold', 5, 'pr', 0.85204442459376384, 'roc', 0.82543103448275856]
[[1899   15]
 [  86   10]]
fine acc: 0.950
fine f1: 0.165
['rnd', 40, 'fold', 5, 'pr', 0.83216738644103638, 'roc', 0.80978426506443746]
5,40,coarse : 23.77 seconds
5,40,fine : 23.78 seconds
[[1838   76]
 [  57   39]]
coarse acc: 0.934
coarse f1: 0.370
['rnd', 41, 'fold', 5, 'pr', 0.85208674412141572, 'roc', 0.82489768373389072]
[[1899   15]
 [  84   12]]
fine acc: 0.951
fine f1: 0.195
['rnd', 41, 'fold', 5, 'pr', 0.83229922533732337, 'roc', 0.81273402124695227]
5,41,coarse : 24.38 seconds
5,41,fine : 24.39 seconds
[[1835   79]
 [  56   40]]
coarse acc: 0.933
coarse f1: 0.372
['rnd', 42, 'fold', 5, 'pr', 0.85273010216110368, 'roc', 0.82571403692093348]
[[1896   18]
 [  81   15]]
fine acc: 0.951
fine f1: 0.233
['rnd', 42, 'fold', 5, 'pr', 0.83572453317262829, 'roc', 0.81271225182863116]
5,42,coarse : 26.0 seconds
5,42,fine : 26.01 seconds
[[1833   81]
 [  51   45]]
coarse acc: 0.934
coarse f1: 0.405
['rnd', 43, 'fold', 5, 'pr', 0.85866637489134179, 'roc', 0.83416601358411691]
[[1895   19]
 [  83   13]]
fine acc: 0.949
fine f1: 0.203
['rnd', 43, 'fold', 5, 'pr', 0.83203750951453281, 'roc', 0.80990943921978398]
5,43,coarse : 26.28 seconds
5,43,fine : 26.29 seconds
[[1831   83]
 [  49   47]]
coarse acc: 0.934
coarse f1: 0.416
['rnd', 44, 'fold', 5, 'pr', 0.85999249119135268, 'roc', 0.83625587774294674]
[[1891   23]
 [  82   14]]
fine acc: 0.948
fine f1: 0.211
['rnd', 44, 'fold', 5, 'pr', 0.83037384146337212, 'roc', 0.80875021769418309]
5,44,coarse : 26.65 seconds
5,44,fine : 26.66 seconds
[[1823   91]
 [  48   48]]
coarse acc: 0.931
coarse f1: 0.409
['rnd', 45, 'fold', 5, 'pr', 0.86025759332583029, 'roc', 0.83726815569487978]
[[1894   20]
 [  84   12]]
fine acc: 0.948
fine f1: 0.188
['rnd', 45, 'fold', 5, 'pr', 0.83030366983906134, 'roc', 0.80736241727621028]
5,45,coarse : 28.01 seconds
5,45,fine : 28.02 seconds
[[1829   85]
 [  49   47]]
coarse acc: 0.933
coarse f1: 0.412
['rnd', 46, 'fold', 5, 'pr', 0.85947655345619178, 'roc', 0.83585858585858586]
[[1892   22]
 [  83   13]]
fine acc: 0.948
fine f1: 0.198
['rnd', 46, 'fold', 5, 'pr', 0.8333704230645137, 'roc', 0.81216257401602232]
5,46,coarse : 28.38 seconds
5,46,fine : 28.38 seconds
[[1829   85]
 [  49   47]]
coarse acc: 0.933
coarse f1: 0.412
['rnd', 47, 'fold', 5, 'pr', 0.85957275757844065, 'roc', 0.83649534134447923]
[[1893   21]
 [  82   14]]
fine acc: 0.949
fine f1: 0.214
['rnd', 47, 'fold', 5, 'pr', 0.83597602888206879, 'roc', 0.81530825496342729]
5,47,coarse : 28.73 seconds
5,47,fine : 28.74 seconds
[[1817   97]
 [  47   49]]
coarse acc: 0.928
coarse f1: 0.405
['rnd', 48, 'fold', 5, 'pr', 0.86004080670606398, 'roc', 0.83763823580633923]
[[1894   20]
 [  81   15]]
fine acc: 0.950
fine f1: 0.229
['rnd', 48, 'fold', 5, 'pr', 0.83781115319854793, 'roc', 0.8162878787878789]
5,48,coarse : 30.07 seconds
5,48,fine : 30.08 seconds
[[1819   95]
 [  47   49]]
coarse acc: 0.929
coarse f1: 0.408
['rnd', 49, 'fold', 5, 'pr', 0.8610736617037047, 'roc', 0.83825866422849182]
[[1892   22]
 [  80   16]]
fine acc: 0.949
fine f1: 0.239
['rnd', 49, 'fold', 5, 'pr', 0.84001258113584021, 'roc', 0.8182961076280042]
5,49,coarse : 30.45 seconds
5,49,fine : 30.46 seconds
[[1819   95]
 [  46   50]]
coarse acc: 0.930
coarse f1: 0.415
['rnd', 50, 'fold', 5, 'pr', 0.862589429737457, 'roc', 0.83750761929641238]
[[1891   23]
 [  81   15]]
fine acc: 0.948
fine f1: 0.224
['rnd', 50, 'fold', 5, 'pr', 0.83944052215374643, 'roc', 0.81962948450017437]
5,50,coarse : 33.0 seconds
5,50,fine : 33.01 seconds
[[1819   95]
 [  46   50]]
coarse acc: 0.930
coarse f1: 0.415
['rnd', 51, 'fold', 5, 'pr', 0.86168879045832669, 'roc', 0.83616880006966199]
[[1890   24]
 [  79   17]]
fine acc: 0.949
fine f1: 0.248
['rnd', 51, 'fold', 5, 'pr', 0.8409666983637557, 'roc', 0.82225814176245215]
5,51,coarse : 32.01 seconds
5,51,fine : 32.02 seconds
[[1826   88]
 [  46   50]]
coarse acc: 0.933
coarse f1: 0.427
['rnd', 52, 'fold', 5, 'pr', 0.8609882851815418, 'roc', 0.83455242075931724]
[[1890   24]
 [  78   18]]
fine acc: 0.949
fine f1: 0.261
['rnd', 52, 'fold', 5, 'pr', 0.84603102142832665, 'roc', 0.82999716997561834]
5,52,coarse : 33.07 seconds
5,52,fine : 33.08 seconds
[[1825   89]
 [  50   46]]
coarse acc: 0.931
coarse f1: 0.398
['rnd', 53, 'fold', 5, 'pr', 0.85824859870729964, 'roc', 0.83276188610240331]
[[1891   23]
 [  80   16]]
fine acc: 0.949
fine f1: 0.237
['rnd', 53, 'fold', 5, 'pr', 0.84699669507214081, 'roc', 0.83059582897944961]
5,53,coarse : 33.57 seconds
5,53,fine : 33.58 seconds
[[1826   88]
 [  50   46]]
coarse acc: 0.931
coarse f1: 0.400
['rnd', 54, 'fold', 5, 'pr', 0.85816621907107726, 'roc', 0.8326367119470568]
[[1892   22]
 [  78   18]]
fine acc: 0.950
fine f1: 0.265
['rnd', 54, 'fold', 5, 'pr', 0.84904441814377996, 'roc', 0.82978491814698718]
5,54,coarse : 35.02 seconds
5,54,fine : 35.03 seconds
[[1825   89]
 [  48   48]]
coarse acc: 0.932
coarse f1: 0.412
['rnd', 55, 'fold', 5, 'pr', 0.85669769067288637, 'roc', 0.82970328282828287]
[[1890   24]
 [  78   18]]
fine acc: 0.949
fine f1: 0.261
['rnd', 55, 'fold', 5, 'pr', 0.85111003700737464, 'roc', 0.83253330721003138]
5,55,coarse : 35.67 seconds
5,55,fine : 35.67 seconds
[[1822   92]
 [  48   48]]
coarse acc: 0.930
coarse f1: 0.407
['rnd', 56, 'fold', 5, 'pr', 0.85686477805761674, 'roc', 0.83086250435388376]
[[1891   23]
 [  78   18]]
fine acc: 0.950
fine f1: 0.263
['rnd', 56, 'fold', 5, 'pr', 0.84921099722889359, 'roc', 0.83157001044932088]
5,56,coarse : 36.42 seconds
5,56,fine : 36.43 seconds
[[1822   92]
 [  47   49]]
coarse acc: 0.931
coarse f1: 0.414
['rnd', 57, 'fold', 5, 'pr', 0.85729055099660756, 'roc', 0.83016044061302685]
[[1894   20]
 [  78   18]]
fine acc: 0.951
fine f1: 0.269
['rnd', 57, 'fold', 5, 'pr', 0.85091243882541046, 'roc', 0.83547217868338564]
5,57,coarse : 37.23 seconds
5,57,fine : 37.24 seconds
[[1825   89]
 [  47   49]]
coarse acc: 0.932
coarse f1: 0.419
['rnd', 58, 'fold', 5, 'pr', 0.85658386897231931, 'roc', 0.82953456983629392]
[[1892   22]
 [  77   19]]
fine acc: 0.951
fine f1: 0.277
['rnd', 58, 'fold', 5, 'pr', 0.85103156395624702, 'roc', 0.8358857976314874]
5,58,coarse : 37.87 seconds
5,58,fine : 37.87 seconds
[[1821   93]
 [  51   45]]
coarse acc: 0.928
coarse f1: 0.385
['rnd', 59, 'fold', 5, 'pr', 0.85352295303045855, 'roc', 0.82761341866945315]
[[1894   20]
 [  78   18]]
fine acc: 0.951
fine f1: 0.269
['rnd', 59, 'fold', 5, 'pr', 0.84693160104210718, 'roc', 0.83065569487983282]
5,59,coarse : 39.2 seconds
5,59,fine : 39.21 seconds
[[1820   94]
 [  51   45]]
coarse acc: 0.928
coarse f1: 0.383
['rnd', 60, 'fold', 5, 'pr', 0.85449631815382343, 'roc', 0.82736851271334044]
[[1892   22]
 [  78   18]]
fine acc: 0.950
fine f1: 0.265
['rnd', 60, 'fold', 5, 'pr', 0.84903996295802975, 'roc', 0.83335510275165436]
5,60,coarse : 39.79 seconds
5,60,fine : 39.8 seconds
[[1819   95]
 [  46   50]]
coarse acc: 0.930
coarse f1: 0.415
['rnd', 61, 'fold', 5, 'pr', 0.85246868205025106, 'roc', 0.82544736154649945]
[[1892   22]
 [  77   19]]
fine acc: 0.951
fine f1: 0.277
['rnd', 61, 'fold', 5, 'pr', 0.84669503522278922, 'roc', 0.83019853709508884]
5,61,coarse : 40.82 seconds
5,61,fine : 40.83 seconds
[[1821   93]
 [  49   47]]
coarse acc: 0.929
coarse f1: 0.398
['rnd', 62, 'fold', 5, 'pr', 0.85029783033796991, 'roc', 0.82341192093347271]
[[1892   22]
 [  77   19]]
fine acc: 0.951
fine f1: 0.277
['rnd', 62, 'fold', 5, 'pr', 0.84954541016171681, 'roc', 0.8306937913618947]
5,62,coarse : 42.13 seconds
5,62,fine : 42.14 seconds
[[1826   88]
 [  49   47]]
coarse acc: 0.932
coarse f1: 0.407
['rnd', 63, 'fold', 5, 'pr', 0.84988934495055846, 'roc', 0.82082136015325668]
[[1890   24]
 [  78   18]]
fine acc: 0.949
fine f1: 0.261
['rnd', 63, 'fold', 5, 'pr', 0.85189790287768119, 'roc', 0.83358912399860663]
5,63,coarse : 42.61 seconds
5,63,fine : 42.61 seconds
[[1820   94]
 [  49   47]]
coarse acc: 0.929
coarse f1: 0.397
['rnd', 64, 'fold', 5, 'pr', 0.85226452606602698, 'roc', 0.82362961511668398]
[[1890   24]
 [  79   17]]
fine acc: 0.949
fine f1: 0.248
['rnd', 64, 'fold', 5, 'pr', 0.85135614976437046, 'roc', 0.83517284918146995]
5,64,coarse : 44.32 seconds
5,64,fine : 44.33 seconds
[[1827   87]
 [  49   47]]
coarse acc: 0.932
coarse f1: 0.409
['rnd', 65, 'fold', 5, 'pr', 0.85155976512652143, 'roc', 0.82292210902124696]
[[1893   21]
 [  78   18]]
fine acc: 0.951
fine f1: 0.267
['rnd', 65, 'fold', 5, 'pr', 0.85333933867633549, 'roc', 0.83493882793451757]
5,65,coarse : 44.57 seconds
5,65,fine : 44.57 seconds
[[1832   82]
 [  50   46]]
coarse acc: 0.934
coarse f1: 0.411
['rnd', 66, 'fold', 5, 'pr', 0.85179677231724393, 'roc', 0.82272074190177635]
[[1892   22]
 [  78   18]]
fine acc: 0.950
fine f1: 0.265
['rnd', 66, 'fold', 5, 'pr', 0.85440395080342157, 'roc', 0.83463949843260177]
5,66,coarse : 46.35 seconds
5,66,fine : 46.35 seconds
[[1830   84]
 [  49   47]]
coarse acc: 0.934
coarse f1: 0.414
['rnd', 67, 'fold', 5, 'pr', 0.8534927781232825, 'roc', 0.82581199930337856]
[[1891   23]
 [  77   19]]
fine acc: 0.950
fine f1: 0.275
['rnd', 67, 'fold', 5, 'pr', 0.85168573912246526, 'roc', 0.83238092128178343]
5,67,coarse : 47.06 seconds
5,67,fine : 47.07 seconds
[[1827   87]
 [  50   46]]
coarse acc: 0.932
coarse f1: 0.402
['rnd', 68, 'fold', 5, 'pr', 0.85253734871633124, 'roc', 0.82433167885754099]
[[1890   24]
 [  77   19]]
fine acc: 0.950
fine f1: 0.273
['rnd', 68, 'fold', 5, 'pr', 0.84747124146875419, 'roc', 0.82614398293277613]
5,68,coarse : 47.94 seconds
5,68,fine : 47.95 seconds
[[1831   83]
 [  50   46]]
coarse acc: 0.934
coarse f1: 0.409
['rnd', 69, 'fold', 5, 'pr', 0.85591655352125773, 'roc', 0.8285277342389411]
[[1891   23]
 [  78   18]]
fine acc: 0.950
fine f1: 0.263
['rnd', 69, 'fold', 5, 'pr', 0.85082431312939932, 'roc', 0.83043255834204122]
5,69,coarse : 49.34 seconds
5,69,fine : 49.35 seconds
[[1836   78]
 [  48   48]]
coarse acc: 0.937
coarse f1: 0.432
['rnd', 70, 'fold', 5, 'pr', 0.85612794650119928, 'roc', 0.82888148728665956]
[[1890   24]
 [  78   18]]
fine acc: 0.949
fine f1: 0.261
['rnd', 70, 'fold', 5, 'pr', 0.84736462103839205, 'roc', 0.8267426419366074]
5,70,coarse : 50.15 seconds
5,70,fine : 50.15 seconds
[[1834   80]
 [  49   47]]
coarse acc: 0.936
coarse f1: 0.422
['rnd', 71, 'fold', 5, 'pr', 0.85559855980010802, 'roc', 0.8281630964820621]
[[1893   21]
 [  76   20]]
fine acc: 0.952
fine f1: 0.292
['rnd', 71, 'fold', 5, 'pr', 0.84793926880973147, 'roc', 0.8262419453152211]
5,71,coarse : 51.61 seconds
5,71,fine : 51.62 seconds
[[1835   79]
 [  49   47]]
coarse acc: 0.936
coarse f1: 0.423
['rnd', 72, 'fold', 5, 'pr', 0.85706488908047418, 'roc', 0.82955089690003481]
[[1891   23]
 [  75   21]]
fine acc: 0.951
fine f1: 0.300
['rnd', 72, 'fold', 5, 'pr', 0.84690085025658624, 'roc', 0.82324865029606409]
5,72,coarse : 52.1 seconds
5,72,fine : 52.1 seconds
[[1837   77]
 [  50   46]]
coarse acc: 0.937
coarse f1: 0.420
['rnd', 73, 'fold', 5, 'pr', 0.85633597358268765, 'roc', 0.82953456983629414]
[[1891   23]
 [  78   18]]
fine acc: 0.950
fine f1: 0.263
['rnd', 73, 'fold', 5, 'pr', 0.84715075415823993, 'roc', 0.82428269766631823]
5,73,coarse : 53.78 seconds
5,73,fine : 53.79 seconds
[[1833   81]
 [  51   45]]
coarse acc: 0.934
coarse f1: 0.405
['rnd', 74, 'fold', 5, 'pr', 0.85574010498739372, 'roc', 0.82737395506792055]
[[1891   23]
 [  78   18]]
fine acc: 0.950
fine f1: 0.263
['rnd', 74, 'fold', 5, 'pr', 0.84811166602987409, 'roc', 0.82820663531870431]
5,74,coarse : 54.44 seconds
5,74,fine : 54.45 seconds
[[1839   75]
 [  51   45]]
coarse acc: 0.937
coarse f1: 0.417
['rnd', 75, 'fold', 5, 'pr', 0.85739721801468982, 'roc', 0.83001349703935912]
[[1890   24]
 [  79   17]]
fine acc: 0.949
fine f1: 0.248
['rnd', 75, 'fold', 5, 'pr', 0.84883228848798631, 'roc', 0.82841888714733547]
5,75,coarse : 56.09 seconds
5,75,fine : 56.1 seconds
[[1833   81]
 [  50   46]]
coarse acc: 0.935
coarse f1: 0.413
['rnd', 76, 'fold', 5, 'pr', 0.85990838311057294, 'roc', 0.83254419191919193]
[[1890   24]
 [  78   18]]
fine acc: 0.949
fine f1: 0.261
['rnd', 76, 'fold', 5, 'pr', 0.84840025997460711, 'roc', 0.82765151515151503]
5,76,coarse : 56.15 seconds
5,76,fine : 56.16 seconds
[[1837   77]
 [  50   46]]
coarse acc: 0.937
coarse f1: 0.420
['rnd', 77, 'fold', 5, 'pr', 0.85798909237711818, 'roc', 0.83069923371647503]
[[1888   26]
 [  76   20]]
fine acc: 0.949
fine f1: 0.282
['rnd', 77, 'fold', 5, 'pr', 0.85318203180744456, 'roc', 0.83204349529780575]
5,77,coarse : 58.18 seconds
5,77,fine : 58.19 seconds
[[1843   71]
 [  50   46]]
coarse acc: 0.940
coarse f1: 0.432
['rnd', 78, 'fold', 5, 'pr', 0.85740756187706457, 'roc', 0.82829371299198873]
[[1887   27]
 [  74   22]]
fine acc: 0.950
fine f1: 0.303
['rnd', 78, 'fold', 5, 'pr', 0.85420023816718815, 'roc', 0.83534700452803901]
5,78,coarse : 58.91 seconds
5,78,fine : 58.92 seconds
[[1842   72]
 [  49   47]]
coarse acc: 0.940
coarse f1: 0.437
['rnd', 79, 'fold', 5, 'pr', 0.85762289010400705, 'roc', 0.82835902124695227]
[[1890   24]
 [  75   21]]
fine acc: 0.951
fine f1: 0.298
['rnd', 79, 'fold', 5, 'pr', 0.85512322219425385, 'roc', 0.83283263671194718]
5,79,coarse : 60.32 seconds
5,79,fine : 60.33 seconds
[[1838   76]
 [  49   47]]
coarse acc: 0.938
coarse f1: 0.429
['rnd', 80, 'fold', 5, 'pr', 0.85704391464697061, 'roc', 0.82765695750609558]
[[1892   22]
 [  78   18]]
fine acc: 0.950
fine f1: 0.265
['rnd', 80, 'fold', 5, 'pr', 0.85575803566503517, 'roc', 0.83566810344827591]
5,80,coarse : 61.23 seconds
5,80,fine : 61.23 seconds
[[1844   70]
 [  51   45]]
coarse acc: 0.940
coarse f1: 0.427
['rnd', 81, 'fold', 5, 'pr', 0.85665460400005178, 'roc', 0.8264596394984326]
[[1889   25]
 [  74   22]]
fine acc: 0.951
fine f1: 0.308
['rnd', 81, 'fold', 5, 'pr', 0.85801216011126091, 'roc', 0.8406587425983979]
5,81,coarse : 62.24 seconds
5,81,fine : 62.24 seconds
[[1841   73]
 [  50   46]]
coarse acc: 0.939
coarse f1: 0.428
['rnd', 82, 'fold', 5, 'pr', 0.85493759782247292, 'roc', 0.82552899686520376]
[[1888   26]
 [  75   21]]
fine acc: 0.950
fine f1: 0.294
['rnd', 82, 'fold', 5, 'pr', 0.85974925352658904, 'roc', 0.84483847091605713]
5,82,coarse : 64.66 seconds
5,82,fine : 64.67 seconds
[[1839   75]
 [  50   46]]
coarse acc: 0.938
coarse f1: 0.424
['rnd', 83, 'fold', 5, 'pr', 0.85536131138420035, 'roc', 0.82610588645071403]
[[1890   24]
 [  75   21]]
fine acc: 0.951
fine f1: 0.298
['rnd', 83, 'fold', 5, 'pr', 0.85971494492510381, 'roc', 0.84401667537443392]
5,83,coarse : 65.39 seconds
5,83,fine : 65.4 seconds
[[1834   80]
 [  51   45]]
coarse acc: 0.935
coarse f1: 0.407
['rnd', 84, 'fold', 5, 'pr', 0.85516576602978689, 'roc', 0.82764607279693481]
[[1891   23]
 [  75   21]]
fine acc: 0.951
fine f1: 0.300
['rnd', 84, 'fold', 5, 'pr', 0.8610506986806733, 'roc', 0.84452281435040055]
5,84,coarse : 67.19 seconds
5,84,fine : 67.2 seconds
[[1831   83]
 [  50   46]]
coarse acc: 0.934
coarse f1: 0.409
['rnd', 85, 'fold', 5, 'pr', 0.85530255099227492, 'roc', 0.82841888714733547]
[[1890   24]
 [  75   21]]
fine acc: 0.951
fine f1: 0.298
['rnd', 85, 'fold', 5, 'pr', 0.86072599770082769, 'roc', 0.84385884709160563]
5,85,coarse : 66.97 seconds
5,85,fine : 66.98 seconds
[[1827   87]
 [  49   47]]
coarse acc: 0.932
coarse f1: 0.409
['rnd', 86, 'fold', 5, 'pr', 0.85397982688701435, 'roc', 0.82760253396029249]
[[1891   23]
 [  75   21]]
fine acc: 0.951
fine f1: 0.300
['rnd', 86, 'fold', 5, 'pr', 0.85893776977878089, 'roc', 0.84042472135144553]
5,86,coarse : 69.5 seconds
5,86,fine : 69.5 seconds
[[1832   82]
 [  50   46]]
coarse acc: 0.934
coarse f1: 0.411
['rnd', 87, 'fold', 5, 'pr', 0.85329293506236858, 'roc', 0.82662291013584122]
[[1894   20]
 [  75   21]]
fine acc: 0.953
fine f1: 0.307
['rnd', 87, 'fold', 5, 'pr', 0.85813235791531861, 'roc', 0.84007096830372707]
5,87,coarse : 70.2 seconds
5,87,fine : 70.21 seconds
[[1829   85]
 [  50   46]]
coarse acc: 0.933
coarse f1: 0.405
['rnd', 88, 'fold', 5, 'pr', 0.85374980436737558, 'roc', 0.82627459944270287]
[[1893   21]
 [  77   19]]
fine acc: 0.951
fine f1: 0.279
['rnd', 88, 'fold', 5, 'pr', 0.85717116694036755, 'roc', 0.84073493556252166]
5,88,coarse : 71.97 seconds
5,88,fine : 71.98 seconds
[[1825   89]
 [  49   47]]
coarse acc: 0.931
coarse f1: 0.405
['rnd', 89, 'fold', 5, 'pr', 0.85371949312851003, 'roc', 0.82709095262974575]
[[1891   23]
 [  76   20]]
fine acc: 0.951
fine f1: 0.288
['rnd', 89, 'fold', 5, 'pr', 0.85839067757105436, 'roc', 0.84428879310344829]
5,89,coarse : 72.58 seconds
5,89,fine : 72.58 seconds
[[1830   84]
 [  49   47]]
coarse acc: 0.934
coarse f1: 0.414
['rnd', 90, 'fold', 5, 'pr', 0.85538317402189712, 'roc', 0.82752634099616862]
[[1890   24]
 [  76   20]]
fine acc: 0.950
fine f1: 0.286
['rnd', 90, 'fold', 5, 'pr', 0.85660405636239101, 'roc', 0.84011450714036928]
5,90,coarse : 73.59 seconds
5,90,fine : 73.6 seconds
[[1835   79]
 [  49   47]]
coarse acc: 0.936
coarse f1: 0.423
['rnd', 91, 'fold', 5, 'pr', 0.85665880132917138, 'roc', 0.82836990595611282]
[[1887   27]
 [  75   21]]
fine acc: 0.949
fine f1: 0.292
['rnd', 91, 'fold', 5, 'pr', 0.85410900560644798, 'roc', 0.83847091605712287]
5,91,coarse : 75.18 seconds
5,91,fine : 75.19 seconds
[[1832   82]
 [  51   45]]
coarse acc: 0.934
coarse f1: 0.404
['rnd', 92, 'fold', 5, 'pr', 0.85666279035696424, 'roc', 0.82788553639846751]
[[1885   29]
 [  74   22]]
fine acc: 0.949
fine f1: 0.299
['rnd', 92, 'fold', 5, 'pr', 0.85562397022093228, 'roc', 0.83746952281435039]
5,92,coarse : 75.76 seconds
5,92,fine : 75.77 seconds
[[1839   75]
 [  49   47]]
coarse acc: 0.938
coarse f1: 0.431
['rnd', 93, 'fold', 5, 'pr', 0.85829206160165206, 'roc', 0.82875631313131304]
[[1887   27]
 [  73   23]]
fine acc: 0.950
fine f1: 0.315
['rnd', 93, 'fold', 5, 'pr', 0.85710939092885297, 'roc', 0.83917297979797967]
5,93,coarse : 77.85 seconds
5,93,fine : 77.86 seconds
[[1830   84]
 [  48   48]]
coarse acc: 0.934
coarse f1: 0.421
['rnd', 94, 'fold', 5, 'pr', 0.85850069513112859, 'roc', 0.82876719784047381]
[[1885   29]
 [  75   21]]
fine acc: 0.948
fine f1: 0.288
['rnd', 94, 'fold', 5, 'pr', 0.85734746552796726, 'roc', 0.83881922675026122]
5,94,coarse : 78.72 seconds
5,94,fine : 78.73 seconds
[[1835   79]
 [  48   48]]
coarse acc: 0.937
coarse f1: 0.430
['rnd', 95, 'fold', 5, 'pr', 0.85971031249634344, 'roc', 0.8291481626610937]
[[1885   29]
 [  72   24]]
fine acc: 0.950
fine f1: 0.322
['rnd', 95, 'fold', 5, 'pr', 0.85852757921049183, 'roc', 0.84146965343086033]
5,95,coarse : 80.17 seconds
5,95,fine : 80.18 seconds
[[1826   88]
 [  47   49]]
coarse acc: 0.933
coarse f1: 0.421
['rnd', 96, 'fold', 5, 'pr', 0.85904621577424112, 'roc', 0.82877264019505403]
[[1887   27]
 [  73   23]]
fine acc: 0.950
fine f1: 0.315
['rnd', 96, 'fold', 5, 'pr', 0.85961879396810525, 'roc', 0.84347243991640553]
5,96,coarse : 81.17 seconds
5,96,fine : 81.18 seconds
[[1825   89]
 [  47   49]]
coarse acc: 0.932
coarse f1: 0.419
['rnd', 97, 'fold', 5, 'pr', 0.85753960211766933, 'roc', 0.82687325844653436]
[[1887   27]
 [  75   21]]
fine acc: 0.949
fine f1: 0.292
['rnd', 97, 'fold', 5, 'pr', 0.85816288875178226, 'roc', 0.84001654475792398]
5,97,coarse : 83.02 seconds
5,97,fine : 83.03 seconds
[[1825   89]
 [  48   48]]
coarse acc: 0.932
coarse f1: 0.412
['rnd', 98, 'fold', 5, 'pr', 0.85781328250606848, 'roc', 0.82717258794845006]
[[1889   25]
 [  75   21]]
fine acc: 0.950
fine f1: 0.296
['rnd', 98, 'fold', 5, 'pr', 0.85827411256336772, 'roc', 0.83998933298502276]
5,98,coarse : 83.31 seconds
5,98,fine : 83.32 seconds
[[1824   90]
 [  47   49]]
coarse acc: 0.932
coarse f1: 0.417
['rnd', 99, 'fold', 5, 'pr', 0.85853887091936965, 'roc', 0.82666100661790309]
[[1889   25]
 [  76   20]]
fine acc: 0.950
fine f1: 0.284
['rnd', 99, 'fold', 5, 'pr', 0.8536775217946424, 'roc', 0.83337687216997558]
5,99,coarse : 85.44 seconds
5,99,fine : 85.45 seconds
[[1826   88]
 [  47   49]]
coarse acc: 0.933
coarse f1: 0.421
['rnd', 100, 'fold', 5, 'pr', 0.85948921982505566, 'roc', 0.82795084465343083]
[[1890   24]
 [  77   19]]
fine acc: 0.950
fine f1: 0.273
['rnd', 100, 'fold', 5, 'pr', 0.85254404238780168, 'roc', 0.83186389759665624]
5,100,coarse : 87.23 seconds
5,100,fine : 87.24 seconds
[[1823   91]
 [  47   49]]
coarse acc: 0.931
coarse f1: 0.415
['rnd', 101, 'fold', 5, 'pr', 0.85765634623462206, 'roc', 0.82557253570184608]
[[1892   22]
 [  75   21]]
fine acc: 0.952
fine f1: 0.302
['rnd', 101, 'fold', 5, 'pr', 0.85484234283852434, 'roc', 0.83498236677115989]
5,101,coarse : 88.08 seconds
5,101,fine : 88.09 seconds
[[1825   89]
 [  48   48]]
coarse acc: 0.932
coarse f1: 0.412
['rnd', 102, 'fold', 5, 'pr', 0.8571410780550901, 'roc', 0.82566505572971083]
[[1892   22]
 [  74   22]]
fine acc: 0.952
fine f1: 0.314
['rnd', 102, 'fold', 5, 'pr', 0.85228314429858809, 'roc', 0.83190743643329856]
5,102,coarse : 89.89 seconds
5,102,fine : 89.9 seconds
[[1829   85]
 [  47   49]]
coarse acc: 0.934
coarse f1: 0.426
['rnd', 103, 'fold', 5, 'pr', 0.8571936620248477, 'roc', 0.8263616771159874]
[[1893   21]
 [  75   21]]
fine acc: 0.952
fine f1: 0.304
['rnd', 103, 'fold', 5, 'pr', 0.85288971094494315, 'roc', 0.83569531522117724]
5,103,coarse : 91.58 seconds
5,103,fine : 91.59 seconds
[[1828   86]
 [  48   48]]
coarse acc: 0.933
coarse f1: 0.417
['rnd', 104, 'fold', 5, 'pr', 0.85616237657111616, 'roc', 0.82655760188087768]
[[1893   21]
 [  76   20]]
fine acc: 0.952
fine f1: 0.292
['rnd', 104, 'fold', 5, 'pr', 0.85334149751270094, 'roc', 0.83634295541623127]
5,104,coarse : 93.79 seconds
5,104,fine : 93.8 seconds
[[1828   86]
 [  46   50]]
coarse acc: 0.934
coarse f1: 0.431
['rnd', 105, 'fold', 5, 'pr', 0.85510511951197898, 'roc', 0.82492489550679193]
[[1889   25]
 [  76   20]]
fine acc: 0.950
fine f1: 0.284
['rnd', 105, 'fold', 5, 'pr', 0.85119086928654375, 'roc', 0.83092237025426685]
5,105,coarse : 94.46 seconds
5,105,fine : 94.47 seconds
[[1832   82]
 [  47   49]]
coarse acc: 0.936
coarse f1: 0.432
['rnd', 106, 'fold', 5, 'pr', 0.86005978835482821, 'roc', 0.8280651340996168]
[[1891   23]
 [  77   19]]
fine acc: 0.950
fine f1: 0.275
['rnd', 106, 'fold', 5, 'pr', 0.85441908287867097, 'roc', 0.83492794322535702]
5,106,coarse : 96.89 seconds
5,106,fine : 96.9 seconds
[[1822   92]
 [  47   49]]
coarse acc: 0.931
coarse f1: 0.414
['rnd', 107, 'fold', 5, 'pr', 0.85706401179417502, 'roc', 0.82731408916753757]
[[1891   23]
 [  77   19]]
fine acc: 0.950
fine f1: 0.275
['rnd', 107, 'fold', 5, 'pr', 0.85521330350142633, 'roc', 0.83670759317311039]
5,107,coarse : 98.68 seconds
5,107,fine : 98.69 seconds
[[1827   87]
 [  48   48]]
coarse acc: 0.933
coarse f1: 0.416
['rnd', 108, 'fold', 5, 'pr', 0.85831981247726941, 'roc', 0.82769505398815735]
[[1891   23]
 [  77   19]]
fine acc: 0.950
fine f1: 0.275
['rnd', 108, 'fold', 5, 'pr', 0.8542631516297865, 'roc', 0.83402995471960983]
5,108,coarse : 98.95 seconds
5,108,fine : 98.96 seconds
[[1828   86]
 [  47   49]]
coarse acc: 0.934
coarse f1: 0.424
['rnd', 109, 'fold', 5, 'pr', 0.85795113392676725, 'roc', 0.8280433646812958]
[[1891   23]
 [  75   21]]
fine acc: 0.951
fine f1: 0.300
['rnd', 109, 'fold', 5, 'pr', 0.85354546235103179, 'roc', 0.83219043887147326]
5,109,coarse : 100.51 seconds
5,109,fine : 100.52 seconds
[[1824   90]
 [  48   48]]
coarse acc: 0.931
coarse f1: 0.410
['rnd', 110, 'fold', 5, 'pr', 0.85714869018154261, 'roc', 0.82773315047021945]
[[1887   27]
 [  76   20]]
fine acc: 0.949
fine f1: 0.280
['rnd', 110, 'fold', 5, 'pr', 0.85145006258442324, 'roc', 0.83033459595959591]
5,110,coarse : 102.12 seconds
5,110,fine : 102.13 seconds
[[1834   80]
 [  49   47]]
coarse acc: 0.936
coarse f1: 0.422
['rnd', 111, 'fold', 5, 'pr', 0.85713759408673895, 'roc', 0.82365682688958552]
[[1886   28]
 [  75   21]]
fine acc: 0.949
fine f1: 0.290
['rnd', 111, 'fold', 5, 'pr', 0.85565995161828323, 'roc', 0.8376926593521421]
5,111,coarse : 104.09 seconds
5,111,fine : 104.1 seconds
[[1830   84]
 [  49   47]]
coarse acc: 0.934
coarse f1: 0.414
['rnd', 112, 'fold', 5, 'pr', 0.85681754149957501, 'roc', 0.82355342215256011]
[[1885   29]
 [  74   22]]
fine acc: 0.949
fine f1: 0.299
['rnd', 112, 'fold', 5, 'pr', 0.85529667020394706, 'roc', 0.83648989898989901]
5,112,coarse : 106.41 seconds
5,112,fine : 106.42 seconds
[[1830   84]
 [  49   47]]
coarse acc: 0.934
coarse f1: 0.414
['rnd', 113, 'fold', 5, 'pr', 0.85705094181549202, 'roc', 0.82212752525252519]
[[1885   29]
 [  76   20]]
fine acc: 0.948
fine f1: 0.276
['rnd', 113, 'fold', 5, 'pr', 0.85265960548158515, 'roc', 0.83488984674329492]
5,113,coarse : 107.09 seconds
5,113,fine : 107.1 seconds
[[1830   84]
 [  49   47]]
coarse acc: 0.934
coarse f1: 0.414
['rnd', 114, 'fold', 5, 'pr', 0.85674851696742693, 'roc', 0.82202412051549989]
[[1886   28]
 [  73   23]]
fine acc: 0.950
fine f1: 0.313
['rnd', 114, 'fold', 5, 'pr', 0.84972336297539064, 'roc', 0.82914816266109359]
5,114,coarse : 109.16 seconds
5,114,fine : 109.17 seconds
[[1825   89]
 [  47   49]]
coarse acc: 0.932
coarse f1: 0.419
['rnd', 115, 'fold', 5, 'pr', 0.85766612107290818, 'roc', 0.8222091605712295]
[[1887   27]
 [  74   22]]
fine acc: 0.950
fine f1: 0.303
['rnd', 115, 'fold', 5, 'pr', 0.85514017702525935, 'roc', 0.83886276558690342]
5,115,coarse : 111.48 seconds
5,115,fine : 111.49 seconds
[[1829   85]
 [  46   50]]
coarse acc: 0.935
coarse f1: 0.433
['rnd', 116, 'fold', 5, 'pr', 0.85801175534463936, 'roc', 0.82293299373040751]
[[1884   30]
 [  73   23]]
fine acc: 0.949
fine f1: 0.309
['rnd', 116, 'fold', 5, 'pr', 0.85348024460562555, 'roc', 0.83492794322535702]
5,116,coarse : 112.42 seconds
5,116,fine : 112.43 seconds
[[1826   88]
 [  47   49]]
coarse acc: 0.933
coarse f1: 0.421
['rnd', 117, 'fold', 5, 'pr', 0.85772809386748217, 'roc', 0.82260645245559039]
[[1887   27]
 [  74   22]]
fine acc: 0.950
fine f1: 0.303
['rnd', 117, 'fold', 5, 'pr', 0.85610755402927452, 'roc', 0.83951584813653779]
5,117,coarse : 114.87 seconds
5,117,fine : 114.88 seconds
[[1827   87]
 [  47   49]]
coarse acc: 0.933
coarse f1: 0.422
['rnd', 118, 'fold', 5, 'pr', 0.85753105759046222, 'roc', 0.82169213688610243]
[[1889   25]
 [  72   24]]
fine acc: 0.952
fine f1: 0.331
['rnd', 118, 'fold', 5, 'pr', 0.85581193456985294, 'roc', 0.83874303378613735]
5,118,coarse : 116.68 seconds
5,118,fine : 116.69 seconds
[[1827   87]
 [  48   48]]
coarse acc: 0.933
coarse f1: 0.416
['rnd', 119, 'fold', 5, 'pr', 0.85746481806391051, 'roc', 0.82081591779867646]
[[1887   27]
 [  74   22]]
fine acc: 0.950
fine f1: 0.303
['rnd', 119, 'fold', 5, 'pr', 0.8540928686545799, 'roc', 0.83609260710553823]
5,119,coarse : 116.72 seconds
5,119,fine : 116.73 seconds
[[1827   87]
 [  46   50]]
coarse acc: 0.934
coarse f1: 0.429
['rnd', 120, 'fold', 5, 'pr', 0.85889259980433175, 'roc', 0.8224703935910832]
[[1888   26]
 [  75   21]]
fine acc: 0.950
fine f1: 0.294
['rnd', 120, 'fold', 5, 'pr', 0.85356145242073378, 'roc', 0.83324081330546851]
5,120,coarse : 118.42 seconds
5,120,fine : 118.43 seconds
[[1832   82]
 [  47   49]]
coarse acc: 0.936
coarse f1: 0.432
['rnd', 121, 'fold', 5, 'pr', 0.85912166019980585, 'roc', 0.82258468303726917]
[[1886   28]
 [  74   22]]
fine acc: 0.949
fine f1: 0.301
['rnd', 121, 'fold', 5, 'pr', 0.85203443223329633, 'roc', 0.83294692615813304]
5,121,coarse : 121.13 seconds
5,121,fine : 121.14 seconds
[[1829   85]
 [  47   49]]
coarse acc: 0.934
coarse f1: 0.426
['rnd', 122, 'fold', 5, 'pr', 0.85951134023850395, 'roc', 0.82369492337164751]
[[1889   25]
 [  72   24]]
fine acc: 0.952
fine f1: 0.331
['rnd', 122, 'fold', 5, 'pr', 0.85321252358848487, 'roc', 0.83270746255660055]
5,122,coarse : 120.6 seconds
5,122,fine : 120.61 seconds
[[1828   86]
 [  47   49]]
coarse acc: 0.934
coarse f1: 0.424
['rnd', 123, 'fold', 5, 'pr', 0.85984210120894766, 'roc', 0.82401057993730409]
[[1886   28]
 [  71   25]]
fine acc: 0.951
fine f1: 0.336
['rnd', 123, 'fold', 5, 'pr', 0.85273835019748756, 'roc', 0.82995363113897602]
5,123,coarse : 123.22 seconds
5,123,fine : 123.23 seconds
[[1831   83]
 [  47   49]]
coarse acc: 0.935
coarse f1: 0.430
['rnd', 124, 'fold', 5, 'pr', 0.86023830423760161, 'roc', 0.82426637060257746]
[[1887   27]
 [  72   24]]
fine acc: 0.951
fine f1: 0.327
['rnd', 124, 'fold', 5, 'pr', 0.8540664226822765, 'roc', 0.83408982061999315]
5,124,coarse : 125.48 seconds
5,124,fine : 125.49 seconds
[[1835   79]
 [  46   50]]
coarse acc: 0.938
coarse f1: 0.444
['rnd', 125, 'fold', 5, 'pr', 0.86159118936515799, 'roc', 0.82504462730755823]
[[1885   29]
 [  71   25]]
fine acc: 0.950
fine f1: 0.333
['rnd', 125, 'fold', 5, 'pr', 0.85274353125648494, 'roc', 0.83272923197492177]
5,125,coarse : 127.39 seconds
5,125,fine : 127.4 seconds
[[1834   80]
 [  46   50]]
coarse acc: 0.937
coarse f1: 0.442
['rnd', 126, 'fold', 5, 'pr', 0.86226445074044156, 'roc', 0.82540926506443757]
[[1885   29]
 [  72   24]]
fine acc: 0.950
fine f1: 0.322
['rnd', 126, 'fold', 5, 'pr', 0.85530067136690535, 'roc', 0.83768721699756199]
5,126,coarse : 128.36 seconds
5,126,fine : 128.37 seconds
[[1832   82]
 [  45   51]]
coarse acc: 0.937
coarse f1: 0.445
['rnd', 127, 'fold', 5, 'pr', 0.86067066478712606, 'roc', 0.82360240334378254]
[[1887   27]
 [  72   24]]
fine acc: 0.951
fine f1: 0.327
['rnd', 127, 'fold', 5, 'pr', 0.85568519007042732, 'roc', 0.83604362591431558]
5,127,coarse : 130.53 seconds
5,127,fine : 130.54 seconds
[[1834   80]
 [  45   51]]
coarse acc: 0.938
coarse f1: 0.449
['rnd', 128, 'fold', 5, 'pr', 0.86090103196883638, 'roc', 0.82275883838383834]
[[1887   27]
 [  73   23]]
fine acc: 0.950
fine f1: 0.315
['rnd', 128, 'fold', 5, 'pr', 0.85713318963985374, 'roc', 0.83766544757924066]
5,128,coarse : 132.79 seconds
5,128,fine : 132.8 seconds
[[1829   85]
 [  46   50]]
coarse acc: 0.935
coarse f1: 0.433
['rnd', 129, 'fold', 5, 'pr', 0.86034338316855341, 'roc', 0.82294387843956807]
[[1887   27]
 [  69   27]]
fine acc: 0.952
fine f1: 0.360
['rnd', 129, 'fold', 5, 'pr', 0.86151468162984202, 'roc', 0.84316222570532917]
5,129,coarse : 133.04 seconds
5,129,fine : 133.05 seconds
[[1830   84]
 [  44   52]]
coarse acc: 0.936
coarse f1: 0.448
['rnd', 130, 'fold', 5, 'pr', 0.86069174027482476, 'roc', 0.82367315395332641]
[[1887   27]
 [  70   26]]
fine acc: 0.952
fine f1: 0.349
['rnd', 130, 'fold', 5, 'pr', 0.86117389058763205, 'roc', 0.84351597875304773]
5,130,coarse : 135.52 seconds
5,130,fine : 135.53 seconds
[[1828   86]
 [  44   52]]
coarse acc: 0.935
coarse f1: 0.444
['rnd', 131, 'fold', 5, 'pr', 0.85978859241498895, 'roc', 0.82293299373040751]
[[1888   26]
 [  71   25]]
fine acc: 0.952
fine f1: 0.340
['rnd', 131, 'fold', 5, 'pr', 0.86043500655513838, 'roc', 0.84271051027516553]
5,131,coarse : 137.27 seconds
5,131,fine : 137.29 seconds
[[1829   85]
 [  44   52]]
coarse acc: 0.936
coarse f1: 0.446
['rnd', 132, 'fold', 5, 'pr', 0.86062437194142294, 'roc', 0.82325409265064431]
[[1889   25]
 [  71   25]]
fine acc: 0.952
fine f1: 0.342
['rnd', 132, 'fold', 5, 'pr', 0.86038993847236633, 'roc', 0.83973354231974928]
5,132,coarse : 139.81 seconds
5,132,fine : 139.82 seconds
[[1830   84]
 [  44   52]]
coarse acc: 0.936
coarse f1: 0.448
['rnd', 133, 'fold', 5, 'pr', 0.8616931988322647, 'roc', 0.82370036572622773]
[[1888   26]
 [  68   28]]
fine acc: 0.953
fine f1: 0.373
['rnd', 133, 'fold', 5, 'pr', 0.86091241502561799, 'roc', 0.83896617032392895]
5,133,coarse : 140.71 seconds
5,133,fine : 140.72 seconds
[[1832   82]
 [  44   52]]
coarse acc: 0.937
coarse f1: 0.452
['rnd', 134, 'fold', 5, 'pr', 0.86173487557086847, 'roc', 0.82367859630790663]
[[1889   25]
 [  70   26]]
fine acc: 0.953
fine f1: 0.354
['rnd', 134, 'fold', 5, 'pr', 0.86208950358339032, 'roc', 0.84252002786485547]
5,134,coarse : 142.06 seconds
5,134,fine : 142.07 seconds
[[1829   85]
 [  45   51]]
coarse acc: 0.935
coarse f1: 0.440
['rnd', 135, 'fold', 5, 'pr', 0.85630318645570258, 'roc', 0.8242337164750958]
[[1888   26]
 [  68   28]]
fine acc: 0.953
fine f1: 0.373
['rnd', 135, 'fold', 5, 'pr', 0.85919933929217884, 'roc', 0.83673480494601193]
5,135,coarse : 143.08 seconds
5,135,fine : 143.09 seconds
[[1831   83]
 [  45   51]]
coarse acc: 0.936
coarse f1: 0.443
['rnd', 136, 'fold', 5, 'pr', 0.85649817728986111, 'roc', 0.8236513845350053]
[[1886   28]
 [  68   28]]
fine acc: 0.952
fine f1: 0.368
['rnd', 136, 'fold', 5, 'pr', 0.85957653891079333, 'roc', 0.83692528735632188]
5,136,coarse : 145.6 seconds
5,136,fine : 145.62 seconds
[[1831   83]
 [  46   50]]
coarse acc: 0.936
coarse f1: 0.437
['rnd', 137, 'fold', 5, 'pr', 0.85637821618321708, 'roc', 0.82316157262277956]
[[1887   27]
 [  67   29]]
fine acc: 0.953
fine f1: 0.382
['rnd', 137, 'fold', 5, 'pr', 0.85898251853994778, 'roc', 0.83524904214559381]
5,137,coarse : 146.74 seconds
5,137,fine : 146.76 seconds
[[1830   84]
 [  45   51]]
coarse acc: 0.936
coarse f1: 0.442
['rnd', 138, 'fold', 5, 'pr', 0.85634879179165635, 'roc', 0.82287857018460475]
[[1887   27]
 [  68   28]]
fine acc: 0.953
fine f1: 0.371
['rnd', 138, 'fold', 5, 'pr', 0.86013495871087398, 'roc', 0.83660418843608497]
5,138,coarse : 149.5 seconds
5,138,fine : 149.51 seconds
[[1831   83]
 [  45   51]]
coarse acc: 0.936
coarse f1: 0.443
['rnd', 139, 'fold', 5, 'pr', 0.85603273467328478, 'roc', 0.82259556774642983]
[[1887   27]
 [  68   28]]
fine acc: 0.953
fine f1: 0.371
['rnd', 139, 'fold', 5, 'pr', 0.85898509099047282, 'roc', 0.83450343956809481]
5,139,coarse : 150.25 seconds
5,139,fine : 150.27 seconds
[[1826   88]
 [  43   53]]
coarse acc: 0.935
coarse f1: 0.447
['rnd', 140, 'fold', 5, 'pr', 0.8555058020172408, 'roc', 0.82386363636363635]
[[1888   26]
 [  68   28]]
fine acc: 0.953
fine f1: 0.373
['rnd', 140, 'fold', 5, 'pr', 0.85963619581390982, 'roc', 0.83542319749216309]
5,140,coarse : 153.06 seconds
5,140,fine : 153.07 seconds
[[1828   86]
 [  43   53]]
coarse acc: 0.936
coarse f1: 0.451
['rnd', 141, 'fold', 5, 'pr', 0.85513567999969553, 'roc', 0.82091388018112144]
[[1887   27]
 [  68   28]]
fine acc: 0.953
fine f1: 0.371
['rnd', 141, 'fold', 5, 'pr', 0.86019725159798099, 'roc', 0.83512386799024718]
5,141,coarse : 154.89 seconds
5,141,fine : 154.91 seconds
[[1832   82]
 [  44   52]]
coarse acc: 0.937
coarse f1: 0.452
['rnd', 142, 'fold', 5, 'pr', 0.85474725331928136, 'roc', 0.8202227011494253]
[[1887   27]
 [  69   27]]
fine acc: 0.952
fine f1: 0.360
['rnd', 142, 'fold', 5, 'pr', 0.8602743098127692, 'roc', 0.83576062347614066]
5,142,coarse : 157.29 seconds
5,142,fine : 157.3 seconds
[[1833   81]
 [  43   53]]
coarse acc: 0.938
coarse f1: 0.461
['rnd', 143, 'fold', 5, 'pr', 0.85598362415885354, 'roc', 0.82189894636015315]
[[1886   28]
 [  68   28]]
fine acc: 0.952
fine f1: 0.368
['rnd', 143, 'fold', 5, 'pr', 0.85724644365714309, 'roc', 0.83233738244514111]
5,143,coarse : 158.63 seconds
5,143,fine : 158.64 seconds
[[1830   84]
 [  42   54]]
coarse acc: 0.937
coarse f1: 0.462
['rnd', 144, 'fold', 5, 'pr', 0.8563552695781359, 'roc', 0.82324865029606409]
[[1886   28]
 [  68   28]]
fine acc: 0.952
fine f1: 0.368
['rnd', 144, 'fold', 5, 'pr', 0.85679984583809476, 'roc', 0.83170606931382784]
5,144,coarse : 161.35 seconds
5,144,fine : 161.36 seconds
[[1822   92]
 [  42   54]]
coarse acc: 0.933
coarse f1: 0.446
['rnd', 145, 'fold', 5, 'pr', 0.86370161628782538, 'roc', 0.82694945141065834]
[[1887   27]
 [  70   26]]
fine acc: 0.952
fine f1: 0.349
['rnd', 145, 'fold', 5, 'pr', 0.85897459781665608, 'roc', 0.83632662835249028]
5,145,coarse : 163.75 seconds
5,145,fine : 163.76 seconds
[[1823   91]
 [  42   54]]
coarse acc: 0.934
coarse f1: 0.448
['rnd', 146, 'fold', 5, 'pr', 0.8648117958085586, 'roc', 0.82905564263322873]
[[1891   23]
 [  68   28]]
fine acc: 0.955
fine f1: 0.381
['rnd', 146, 'fold', 5, 'pr', 0.86042015356266732, 'roc', 0.83806273946360144]
5,146,coarse : 164.77 seconds
5,146,fine : 164.79 seconds
[[1834   80]
 [  43   53]]
coarse acc: 0.939
coarse f1: 0.463
['rnd', 147, 'fold', 5, 'pr', 0.86499015430534176, 'roc', 0.8273848397770811]
[[1890   24]
 [  67   29]]
fine acc: 0.955
fine f1: 0.389
['rnd', 147, 'fold', 5, 'pr', 0.86082270202924338, 'roc', 0.83835118425635669]
5,147,coarse : 166.23 seconds
5,147,fine : 166.25 seconds
[[1821   93]
 [  43   53]]
coarse acc: 0.932
coarse f1: 0.438
['rnd', 148, 'fold', 5, 'pr', 0.86381606667858724, 'roc', 0.82839711772901437]
[[1889   25]
 [  70   26]]
fine acc: 0.953
fine f1: 0.354
['rnd', 148, 'fold', 5, 'pr', 0.85919710744423838, 'roc', 0.83525992685475425]
5,148,coarse : 168.61 seconds
5,148,fine : 168.63 seconds
[[1832   82]
 [  44   52]]
coarse acc: 0.937
coarse f1: 0.452
['rnd', 149, 'fold', 5, 'pr', 0.8638956031525985, 'roc', 0.8255779780564263]
[[1889   25]
 [  68   28]]
fine acc: 0.954
fine f1: 0.376
['rnd', 149, 'fold', 5, 'pr', 0.86062968732585077, 'roc', 0.83731713688610243]
5,149,coarse : 170.28 seconds
5,149,fine : 170.3 seconds
[[1836   78]
 [  43   53]]
coarse acc: 0.940
coarse f1: 0.467
['rnd', 150, 'fold', 5, 'pr', 0.86329228340260133, 'roc', 0.8258609804946011]
[[1891   23]
 [  68   28]]
fine acc: 0.955
fine f1: 0.381
['rnd', 150, 'fold', 5, 'pr', 0.86278427711219652, 'roc', 0.83902059386973182]
5,150,coarse : 173.78 seconds
5,150,fine : 173.8 seconds
[[1836   78]
 [  43   53]]
coarse acc: 0.940
coarse f1: 0.467
['rnd', 151, 'fold', 5, 'pr', 0.8636755380686798, 'roc', 0.82639977359804939]
[[1889   25]
 [  69   27]]
fine acc: 0.953
fine f1: 0.365
['rnd', 151, 'fold', 5, 'pr', 0.86017268527963353, 'roc', 0.83701780738418663]
5,151,coarse : 174.33 seconds
5,151,fine : 174.35 seconds
[[1825   89]
 [  43   53]]
coarse acc: 0.934
coarse f1: 0.445
['rnd', 152, 'fold', 5, 'pr', 0.86365038143557993, 'roc', 0.82764607279693492]
[[1888   26]
 [  67   29]]
fine acc: 0.954
fine f1: 0.384
['rnd', 152, 'fold', 5, 'pr', 0.85700121709286681, 'roc', 0.83182035876001392]
5,152,coarse : 176.73 seconds
5,152,fine : 176.74 seconds
[[1834   80]
 [  44   52]]
coarse acc: 0.938
coarse f1: 0.456
['rnd', 153, 'fold', 5, 'pr', 0.86396597612894976, 'roc', 0.8266991030999653]
[[1888   26]
 [  67   29]]
fine acc: 0.954
fine f1: 0.384
['rnd', 153, 'fold', 5, 'pr', 0.85690684521277094, 'roc', 0.83092237025426674]
5,153,coarse : 177.97 seconds
5,153,fine : 177.98 seconds
[[1830   84]
 [  43   53]]
coarse acc: 0.937
coarse f1: 0.455
['rnd', 154, 'fold', 5, 'pr', 0.86518092608651742, 'roc', 0.82743382096830376]
[[1888   26]
 [  68   28]]
fine acc: 0.953
fine f1: 0.373
['rnd', 154, 'fold', 5, 'pr', 0.85571372054774308, 'roc', 0.82845698362939735]
5,154,coarse : 179.57 seconds
5,154,fine : 179.58 seconds
[[1837   77]
 [  43   53]]
coarse acc: 0.940
coarse f1: 0.469
['rnd', 155, 'fold', 5, 'pr', 0.86515982215562359, 'roc', 0.82802703761755492]
[[1889   25]
 [  67   29]]
fine acc: 0.954
fine f1: 0.387
['rnd', 155, 'fold', 5, 'pr', 0.85390686335073873, 'roc', 0.82731953152211768]
5,155,coarse : 182.1 seconds
5,155,fine : 182.12 seconds
[[1831   83]
 [  43   53]]
coarse acc: 0.937
coarse f1: 0.457
['rnd', 156, 'fold', 5, 'pr', 0.86660984334495361, 'roc', 0.82952912748171381]
[[1890   24]
 [  67   29]]
fine acc: 0.955
fine f1: 0.389
['rnd', 156, 'fold', 5, 'pr', 0.8530378921810674, 'roc', 0.82689502786485547]
5,156,coarse : 183.69 seconds
5,156,fine : 183.7 seconds
[[1831   83]
 [  43   53]]
coarse acc: 0.937
coarse f1: 0.457
['rnd', 157, 'fold', 5, 'pr', 0.86728032038890879, 'roc', 0.8300080546847789]
[[1889   25]
 [  67   29]]
fine acc: 0.954
fine f1: 0.387
['rnd', 157, 'fold', 5, 'pr', 0.85184141173822059, 'roc', 0.82497387669801459]
5,157,coarse : 185.46 seconds
5,157,fine : 185.48 seconds
[[1835   79]
 [  42   54]]
coarse acc: 0.940
coarse f1: 0.472
['rnd', 158, 'fold', 5, 'pr', 0.86617867129492265, 'roc', 0.82979036050156729]
[[1889   25]
 [  67   29]]
fine acc: 0.954
fine f1: 0.387
['rnd', 158, 'fold', 5, 'pr', 0.85200713636142833, 'roc', 0.82495754963427381]
5,158,coarse : 186.61 seconds
5,158,fine : 186.62 seconds
[[1832   82]
 [  44   52]]
coarse acc: 0.937
coarse f1: 0.452
['rnd', 159, 'fold', 5, 'pr', 0.8595993199126355, 'roc', 0.82805969174503657]
[[1888   26]
 [  66   30]]
fine acc: 0.954
fine f1: 0.395
['rnd', 159, 'fold', 5, 'pr', 0.85120835493389457, 'roc', 0.8241139846743295]
5,159,coarse : 188.18 seconds
5,159,fine : 188.19 seconds
[[1832   82]
 [  43   53]]
coarse acc: 0.938
coarse f1: 0.459
['rnd', 160, 'fold', 5, 'pr', 0.86691816113007814, 'roc', 0.8298883228840126]
[[1889   25]
 [  66   30]]
fine acc: 0.955
fine f1: 0.397
['rnd', 160, 'fold', 5, 'pr', 0.85225885514760913, 'roc', 0.82531130268199238]
5,160,coarse : 190.6 seconds
5,160,fine : 190.63 seconds
[[1835   79]
 [  44   52]]
coarse acc: 0.939
coarse f1: 0.458
['rnd', 161, 'fold', 5, 'pr', 0.86098679654404631, 'roc', 0.83041078892372]
[[1889   25]
 [  66   30]]
fine acc: 0.955
fine f1: 0.397
['rnd', 161, 'fold', 5, 'pr', 0.85103474521858458, 'roc', 0.82391805990943923]
5,161,coarse : 192.1 seconds
5,161,fine : 192.11 seconds
[[1832   82]
 [  44   52]]
coarse acc: 0.937
coarse f1: 0.452
['rnd', 162, 'fold', 5, 'pr', 0.86697366930863784, 'roc', 0.83010057471264365]
[[1886   28]
 [  66   30]]
fine acc: 0.953
fine f1: 0.390
['rnd', 162, 'fold', 5, 'pr', 0.85476259604596694, 'roc', 0.82690591257401602]
5,162,coarse : 194.79 seconds
5,162,fine : 194.8 seconds
[[1836   78]
 [  44   52]]
coarse acc: 0.939
coarse f1: 0.460
['rnd', 163, 'fold', 5, 'pr', 0.86893621180024061, 'roc', 0.83279454022988519]
[[1886   28]
 [  66   30]]
fine acc: 0.953
fine f1: 0.390
['rnd', 163, 'fold', 5, 'pr', 0.85610010048037821, 'roc', 0.82988288052943227]
5,163,coarse : 196.59 seconds
5,163,fine : 196.6 seconds
[[1838   76]
 [  43   53]]
coarse acc: 0.941
coarse f1: 0.471
['rnd', 164, 'fold', 5, 'pr', 0.86915667783434203, 'roc', 0.8328979449669105]
[[1885   29]
 [  66   30]]
fine acc: 0.953
fine f1: 0.387
['rnd', 164, 'fold', 5, 'pr', 0.85618242948079692, 'roc', 0.82996451584813669]
5,164,coarse : 198.93 seconds
5,164,fine : 198.95 seconds
[[1836   78]
 [  43   53]]
coarse acc: 0.940
coarse f1: 0.467
['rnd', 165, 'fold', 5, 'pr', 0.86938047881633529, 'roc', 0.83329523685127138]
[[1886   28]
 [  66   30]]
fine acc: 0.953
fine f1: 0.390
['rnd', 165, 'fold', 5, 'pr', 0.8558095748657828, 'roc', 0.82853317659352144]
5,165,coarse : 200.98 seconds
5,165,fine : 200.99 seconds
[[1834   80]
 [  43   53]]
coarse acc: 0.939
coarse f1: 0.463
['rnd', 166, 'fold', 5, 'pr', 0.86985957676938086, 'roc', 0.83624499303378608]
[[1886   28]
 [  66   30]]
fine acc: 0.953
fine f1: 0.390
['rnd', 166, 'fold', 5, 'pr', 0.8576763825178858, 'roc', 0.8285876001393242]
5,166,coarse : 204.0 seconds
5,166,fine : 204.01 seconds
[[1833   81]
 [  43   53]]
coarse acc: 0.938
coarse f1: 0.461
['rnd', 167, 'fold', 5, 'pr', 0.86946048923187258, 'roc', 0.83613070358760022]
[[1885   29]
 [  66   30]]
fine acc: 0.953
fine f1: 0.387
['rnd', 167, 'fold', 5, 'pr', 0.85737287145135299, 'roc', 0.82712904911180773]
5,167,coarse : 205.4 seconds
5,167,fine : 205.41 seconds
[[1836   78]
 [  41   55]]
coarse acc: 0.941
coarse f1: 0.480
['rnd', 168, 'fold', 5, 'pr', 0.86372826663562741, 'roc', 0.83626676245210718]
[[1886   28]
 [  66   30]]
fine acc: 0.953
fine f1: 0.390
['rnd', 168, 'fold', 5, 'pr', 0.85957198282810265, 'roc', 0.82912095088819215]
5,168,coarse : 209.1 seconds
5,168,fine : 209.12 seconds
[[1835   79]
 [  42   54]]
coarse acc: 0.940
coarse f1: 0.472
['rnd', 169, 'fold', 5, 'pr', 0.86415889435640836, 'roc', 0.83629397422500862]
[[1886   28]
 [  66   30]]
fine acc: 0.953
fine f1: 0.390
['rnd', 169, 'fold', 5, 'pr', 0.85974566885018477, 'roc', 0.82943116509926862]
5,169,coarse : 211.62 seconds
5,169,fine : 211.63 seconds
[[1834   80]
 [  42   54]]
coarse acc: 0.939
coarse f1: 0.470
['rnd', 170, 'fold', 5, 'pr', 0.86429736584504291, 'roc', 0.83682188261929635]
[[1884   30]
 [  66   30]]
fine acc: 0.952
fine f1: 0.385
['rnd', 170, 'fold', 5, 'pr', 0.859370465705797, 'roc', 0.82968695576454188]
5,170,coarse : 213.61 seconds
5,170,fine : 213.62 seconds
[[1833   81]
 [  41   55]]
coarse acc: 0.939
coarse f1: 0.474
['rnd', 171, 'fold', 5, 'pr', 0.87001097021966078, 'roc', 0.83510754092650641]
[[1884   30]
 [  66   30]]
fine acc: 0.952
fine f1: 0.385
['rnd', 171, 'fold', 5, 'pr', 0.8596632411089985, 'roc', 0.83038901950539878]
5,171,coarse : 214.41 seconds
5,171,fine : 214.42 seconds
[[1831   83]
 [  42   54]]
coarse acc: 0.938
coarse f1: 0.464
['rnd', 172, 'fold', 5, 'pr', 0.86991297255217326, 'roc', 0.83469936433298508]
[[1888   26]
 [  65   31]]
fine acc: 0.955
fine f1: 0.405
['rnd', 172, 'fold', 5, 'pr', 0.8621158234015196, 'roc', 0.83458507488679889]
5,172,coarse : 216.45 seconds
5,172,fine : 216.46 seconds
