home
all           0      1    2    3    4    5    6    7    8    
1      2010   1914   1    19   32   19   1    11   6    7    
2      2010   1914   1    19   32   19   1    11   6    7    
3      2010   1914   1    19   32   19   1    11   5    8    
4      2010   1914   1    19   32   19   1    10   6    8    
5      2010   1914   1    18   33   19   1    10   6    8    
6      2010   1914   1    18   33   19   1    10   6    8    
7      2010   1913   2    18   33   19   1    10   6    8    
8      2010   1913   2    18   33   19   1    10   6    8    
9      2009   1913   2    18   32   19   2    10   6    7    
10     2009   1913   1    19   32   19   1    11   6    7    
Total  20098  19136  13   185  324  190  11   104  59   76   
train         0      1    2    3    4    5    6    7    8    
1      2010   1914   1    19   32   19   1    11   6    7    
2      2010   1914   1    19   32   19   1    11   6    7    
3      2010   1914   1    19   32   19   1    11   5    8    
4      2010   1914   1    19   32   19   1    10   6    8    
5      2010   1914   1    18   33   19   1    10   6    8    
6      2010   1914   1    18   33   19   1    10   6    8    
7      2010   1913   2    18   33   19   1    10   6    8    
9      2009   1913   2    18   32   19   2    10   6    7    
10     2009   1913   1    19   32   19   1    11   6    7    
Total  18088  17223  11   167  291  171  10   94   53   68   
test          0      1    2    3    4    5    6    7    8    
8      2010   1913   2    18   33   19   1    10   6    8    
Total  2010   1913   2    18   33   19   1    10   6    8    
Classes             
0         17223     
1         11        
2         167       
3         291       
4         171       
5         10        
6         94        
7         53        
8         68        
Total     18088     

Shape: 450       

[952, 10, 11, 16, 11, 10, 10, 10, 10]
Sum start => 1040
[[1817   96]
 [  61   36]]
coarse acc: 0.922
coarse f1: 0.314
['rnd', 1, 'fold', 8, 'pr', 0.83387419164799814, 'roc', 0.84603445767160124]
[[1912    1]
 [  95    2]]
fine acc: 0.952
fine f1: 0.040
['rnd', 1, 'fold', 8, 'pr', 0.81205651595005801, 'roc', 0.81430904123172421]
8,1,coarse : 29.77 seconds
8,1,fine : 29.78 seconds
[[1817   96]
 [  61   36]]
coarse acc: 0.922
coarse f1: 0.314
['rnd', 2, 'fold', 8, 'pr', 0.83387419164799814, 'roc', 0.84603445767160124]
[[1912    1]
 [  95    2]]
fine acc: 0.952
fine f1: 0.040
['rnd', 2, 'fold', 8, 'pr', 0.81205651595005801, 'roc', 0.81430904123172421]
8,2,coarse : 33.4 seconds
8,2,fine : 33.41 seconds
[[1824   89]
 [  57   40]]
coarse acc: 0.927
coarse f1: 0.354
['rnd', 3, 'fold', 8, 'pr', 0.84601110534982715, 'roc', 0.85090886554825629]
[[1910    3]
 [  94    3]]
fine acc: 0.952
fine f1: 0.058
['rnd', 3, 'fold', 8, 'pr', 0.83517174513447545, 'roc', 0.83668443261245617]
8,3,coarse : 5.93 seconds
8,3,fine : 5.93 seconds
[[1838   75]
 [  55   42]]
coarse acc: 0.935
coarse f1: 0.393
['rnd', 4, 'fold', 8, 'pr', 0.85401320319713059, 'roc', 0.85568627028308752]
[[1910    3]
 [  94    3]]
fine acc: 0.952
fine f1: 0.058
['rnd', 4, 'fold', 8, 'pr', 0.822799474888116, 'roc', 0.82330877716761597]
8,4,coarse : 5.98 seconds
8,4,fine : 5.99 seconds
[[1836   77]
 [  55   42]]
coarse acc: 0.934
coarse f1: 0.389
['rnd', 5, 'fold', 8, 'pr', 0.84872108809015634, 'roc', 0.84850534325639537]
[[1910    3]
 [  94    3]]
fine acc: 0.952
fine f1: 0.058
['rnd', 5, 'fold', 8, 'pr', 0.83225635417156707, 'roc', 0.83360458285954464]
8,5,coarse : 6.22 seconds
8,5,fine : 6.23 seconds
[[1838   75]
 [  58   39]]
coarse acc: 0.934
coarse f1: 0.370
['rnd', 6, 'fold', 8, 'pr', 0.85084240988488491, 'roc', 0.85246361034915741]
[[1908    5]
 [  91    6]]
fine acc: 0.952
fine f1: 0.111
['rnd', 6, 'fold', 8, 'pr', 0.8273870749998754, 'roc', 0.82307165837649077]
8,6,coarse : 6.52 seconds
8,6,fine : 6.53 seconds
[[1834   79]
 [  61   36]]
coarse acc: 0.930
coarse f1: 0.340
['rnd', 7, 'fold', 8, 'pr', 0.84984419628971652, 'roc', 0.85371117853428247]
[[1910    3]
 [  91    6]]
fine acc: 0.953
fine f1: 0.113
['rnd', 7, 'fold', 8, 'pr', 0.82781664483482587, 'roc', 0.82925560866776959]
8,7,coarse : 6.94 seconds
8,7,fine : 6.94 seconds
[[1825   88]
 [  60   37]]
coarse acc: 0.926
coarse f1: 0.333
['rnd', 8, 'fold', 8, 'pr', 0.84437011553882957, 'roc', 0.85065557956682702]
[[1911    2]
 [  91    6]]
fine acc: 0.954
fine f1: 0.114
['rnd', 8, 'fold', 8, 'pr', 0.83693814996025928, 'roc', 0.83632875442576826]
8,8,coarse : 7.42 seconds
8,8,fine : 7.42 seconds
[[1833   80]
 [  58   39]]
coarse acc: 0.931
coarse f1: 0.361
['rnd', 9, 'fold', 8, 'pr', 0.84086439600561225, 'roc', 0.84141603030809264]
[[1911    2]
 [  90    7]]
fine acc: 0.954
fine f1: 0.132
['rnd', 9, 'fold', 8, 'pr', 0.83712478028191217, 'roc', 0.83497071044023252]
8,9,coarse : 7.97 seconds
8,9,fine : 7.97 seconds
[[1836   77]
 [  61   36]]
coarse acc: 0.931
coarse f1: 0.343
['rnd', 10, 'fold', 8, 'pr', 0.84004311731927128, 'roc', 0.83944632762272253]
[[1911    2]
 [  90    7]]
fine acc: 0.954
fine f1: 0.132
['rnd', 10, 'fold', 8, 'pr', 0.84408949105527364, 'roc', 0.8421031358960126]
8,10,coarse : 8.52 seconds
8,10,fine : 8.52 seconds
[[1845   68]
 [  60   37]]
coarse acc: 0.936
coarse f1: 0.366
['rnd', 11, 'fold', 8, 'pr', 0.84067921620440467, 'roc', 0.83779188514828007]
[[1909    4]
 [  91    6]]
fine acc: 0.953
fine f1: 0.112
['rnd', 11, 'fold', 8, 'pr', 0.83745643395447544, 'roc', 0.83550961678369906]
8,11,coarse : 8.89 seconds
8,11,fine : 8.89 seconds
[[1847   66]
 [  64   33]]
coarse acc: 0.935
coarse f1: 0.337
['rnd', 12, 'fold', 8, 'pr', 0.83720356649625305, 'roc', 0.83264802409989169]
[[1908    5]
 [  87   10]]
fine acc: 0.954
fine f1: 0.179
['rnd', 12, 'fold', 8, 'pr', 0.83238684780283156, 'roc', 0.82209893242653354]
8,12,coarse : 8.98 seconds
8,12,fine : 8.98 seconds
[[1846   67]
 [  61   36]]
coarse acc: 0.936
coarse f1: 0.360
['rnd', 13, 'fold', 8, 'pr', 0.83935012363556094, 'roc', 0.83978314408738886]
[[1908    5]
 [  87   10]]
fine acc: 0.954
fine f1: 0.179
['rnd', 13, 'fold', 8, 'pr', 0.83071406611103193, 'roc', 0.82519494936974902]
8,13,coarse : 9.64 seconds
8,13,fine : 9.65 seconds
[[1845   68]
 [  57   40]]
coarse acc: 0.938
coarse f1: 0.390
['rnd', 14, 'fold', 8, 'pr', 0.85469677943521871, 'roc', 0.84902538787784065]
[[1909    4]
 [  89    8]]
fine acc: 0.954
fine f1: 0.147
['rnd', 14, 'fold', 8, 'pr', 0.8321430090778007, 'roc', 0.8279703170386018]
8,14,coarse : 10.21 seconds
8,14,fine : 10.22 seconds
[[1846   67]
 [  58   39]]
coarse acc: 0.938
coarse f1: 0.384
['rnd', 15, 'fold', 8, 'pr', 0.85695261066303885, 'roc', 0.85357375741669861]
[[1910    3]
 [  90    7]]
fine acc: 0.954
fine f1: 0.131
['rnd', 15, 'fold', 8, 'pr', 0.83539899913433102, 'roc', 0.83117680978222785]
8,15,coarse : 10.68 seconds
8,15,fine : 10.69 seconds
[[1849   64]
 [  59   38]]
coarse acc: 0.939
coarse f1: 0.382
['rnd', 16, 'fold', 8, 'pr', 0.85656035184240265, 'roc', 0.85512850221759973]
[[1908    5]
 [  89    8]]
fine acc: 0.953
fine f1: 0.145
['rnd', 16, 'fold', 8, 'pr', 0.83893408292005978, 'roc', 0.83169146534023852]
8,16,coarse : 11.16 seconds
8,16,fine : 11.16 seconds
[[1848   65]
 [  58   39]]
coarse acc: 0.939
coarse f1: 0.388
['rnd', 17, 'fold', 8, 'pr', 0.85864419992367147, 'roc', 0.85505036079779695]
[[1910    3]
 [  89    8]]
fine acc: 0.954
fine f1: 0.148
['rnd', 17, 'fold', 8, 'pr', 0.84389276310459771, 'roc', 0.83957297061343705]
8,17,coarse : 11.48 seconds
8,17,fine : 11.48 seconds
[[1849   64]
 [  60   37]]
coarse acc: 0.938
coarse f1: 0.374
['rnd', 18, 'fold', 8, 'pr', 0.85917965200191726, 'roc', 0.85621170396796742]
[[1910    3]
 [  89    8]]
fine acc: 0.954
fine f1: 0.148
['rnd', 18, 'fold', 8, 'pr', 0.84535716313406595, 'roc', 0.840316661367421]
8,18,coarse : 12.06 seconds
8,18,fine : 12.06 seconds
[[1843   70]
 [  57   40]]
coarse acc: 0.937
coarse f1: 0.386
['rnd', 19, 'fold', 8, 'pr', 0.86408018239658779, 'roc', 0.86122622749392386]
[[1909    4]
 [  89    8]]
fine acc: 0.954
fine f1: 0.147
['rnd', 19, 'fold', 8, 'pr', 0.84817851328756477, 'roc', 0.84450126912443868]
8,19,coarse : 12.38 seconds
8,19,fine : 12.38 seconds
[[1845   68]
 [  57   40]]
coarse acc: 0.938
coarse f1: 0.390
['rnd', 20, 'fold', 8, 'pr', 0.85957137121977578, 'roc', 0.85440097865391973]
[[1909    4]
 [  88    9]]
fine acc: 0.954
fine f1: 0.164
['rnd', 20, 'fold', 8, 'pr', 0.84934211899090373, 'roc', 0.84439618238746283]
8,20,coarse : 13.06 seconds
8,20,fine : 13.07 seconds
[[1854   59]
 [  56   41]]
coarse acc: 0.943
coarse f1: 0.416
['rnd', 21, 'fold', 8, 'pr', 0.8587756270032173, 'roc', 0.85220224077257611]
[[1908    5]
 [  88    9]]
fine acc: 0.954
fine f1: 0.162
['rnd', 21, 'fold', 8, 'pr', 0.83685403301882832, 'roc', 0.83633414348920299]
8,21,coarse : 13.96 seconds
8,21,fine : 13.97 seconds
[[1844   69]
 [  54   43]]
coarse acc: 0.939
coarse f1: 0.411
['rnd', 22, 'fold', 8, 'pr', 0.85460743615701473, 'roc', 0.84789099002484347]
[[1910    3]
 [  86   11]]
fine acc: 0.956
fine f1: 0.198
['rnd', 22, 'fold', 8, 'pr', 0.84902497401049581, 'roc', 0.84292766260151641]
8,22,coarse : 14.22 seconds
8,22,fine : 14.22 seconds
[[1842   71]
 [  54   43]]
coarse acc: 0.938
coarse f1: 0.408
['rnd', 23, 'fold', 8, 'pr', 0.85759304413600312, 'roc', 0.85216451732853349]
[[1906    7]
 [  87   10]]
fine acc: 0.953
fine f1: 0.175
['rnd', 23, 'fold', 8, 'pr', 0.84025354841622746, 'roc', 0.83809367270062141]
8,23,coarse : 14.81 seconds
8,23,fine : 14.81 seconds
[[1836   77]
 [  55   42]]
coarse acc: 0.934
coarse f1: 0.389
['rnd', 24, 'fold', 8, 'pr', 0.85687547990994206, 'roc', 0.8523423564218775]
[[1906    7]
 [  86   11]]
fine acc: 0.954
fine f1: 0.191
['rnd', 24, 'fold', 8, 'pr', 0.84203194817596339, 'roc', 0.83353991409832873]
8,24,coarse : 15.23 seconds
8,24,fine : 15.23 seconds
[[1843   70]
 [  56   41]]
coarse acc: 0.937
coarse f1: 0.394
['rnd', 25, 'fold', 8, 'pr', 0.8593275730972475, 'roc', 0.85140196485252817]
[[1906    7]
 [  85   12]]
fine acc: 0.954
fine f1: 0.207
['rnd', 25, 'fold', 8, 'pr', 0.84761125415101257, 'roc', 0.83989900895123426]
8,25,coarse : 16.44 seconds
8,25,fine : 16.45 seconds
[[1844   69]
 [  55   42]]
coarse acc: 0.938
coarse f1: 0.404
['rnd', 26, 'fold', 8, 'pr', 0.86167974344851195, 'roc', 0.8536007027338719]
[[1907    6]
 [  85   12]]
fine acc: 0.955
fine f1: 0.209
['rnd', 26, 'fold', 8, 'pr', 0.85647595452998959, 'roc', 0.84518568018064133]
8,26,coarse : 16.49 seconds
8,26,fine : 16.5 seconds
[[1843   70]
 [  56   41]]
coarse acc: 0.937
coarse f1: 0.394
['rnd', 27, 'fold', 8, 'pr', 0.86118556780841637, 'roc', 0.85426625206805307]
[[1908    5]
 [  84   13]]
fine acc: 0.956
fine f1: 0.226
['rnd', 27, 'fold', 8, 'pr', 0.85640109730909386, 'roc', 0.84558985993824132]
8,27,coarse : 17.24 seconds
8,27,fine : 17.24 seconds
[[1840   73]
 [  55   42]]
coarse acc: 0.936
coarse f1: 0.396
['rnd', 28, 'fold', 8, 'pr', 0.86535011370332948, 'roc', 0.85848049967396167]
[[1909    4]
 [  85   12]]
fine acc: 0.956
fine f1: 0.212
['rnd', 28, 'fold', 8, 'pr', 0.86242120209670869, 'roc', 0.85280312134554137]
8,28,coarse : 17.72 seconds
8,28,fine : 17.73 seconds
[[1845   68]
 [  53   44]]
coarse acc: 0.940
coarse f1: 0.421
['rnd', 29, 'fold', 8, 'pr', 0.86114425048758514, 'roc', 0.86184058072547576]
[[1908    5]
 [  86   11]]
fine acc: 0.955
fine f1: 0.195
['rnd', 29, 'fold', 8, 'pr', 0.86372696578895136, 'roc', 0.8518788969664961]
8,29,coarse : 18.51 seconds
8,29,fine : 18.52 seconds
[[1846   67]
 [  57   40]]
coarse acc: 0.938
coarse f1: 0.392
['rnd', 30, 'fold', 8, 'pr', 0.86104303987272446, 'roc', 0.86116425326442525]
[[1909    4]
 [  84   13]]
fine acc: 0.956
fine f1: 0.228
['rnd', 30, 'fold', 8, 'pr', 0.86495119788881292, 'roc', 0.8529028190190826]
8,30,coarse : 18.64 seconds
8,30,fine : 18.64 seconds
[[1847   66]
 [  55   42]]
coarse acc: 0.940
coarse f1: 0.410
['rnd', 31, 'fold', 8, 'pr', 0.86394561430454464, 'roc', 0.86421176863672855]
[[1906    7]
 [  84   13]]
fine acc: 0.955
fine f1: 0.222
['rnd', 31, 'fold', 8, 'pr', 0.85911665074617416, 'roc', 0.84487850356486538]
8,31,coarse : 19.35 seconds
8,31,fine : 19.35 seconds
[[1844   69]
 [  55   42]]
coarse acc: 0.938
coarse f1: 0.404
['rnd', 32, 'fold', 8, 'pr', 0.8647373549206393, 'roc', 0.8636674732298274]
[[1907    6]
 [  83   14]]
fine acc: 0.956
fine f1: 0.239
['rnd', 32, 'fold', 8, 'pr', 0.86306441799428435, 'roc', 0.84961279579221927]
8,32,coarse : 20.1 seconds
8,32,fine : 20.11 seconds
[[1847   66]
 [  55   42]]
coarse acc: 0.940
coarse f1: 0.410
['rnd', 33, 'fold', 8, 'pr', 0.86517703649026623, 'roc', 0.86532191570426953]
[[1906    7]
 [  84   13]]
fine acc: 0.955
fine f1: 0.222
['rnd', 33, 'fold', 8, 'pr', 0.86455581960668737, 'roc', 0.85440367318563715]
8,33,coarse : 21.16 seconds
8,33,fine : 21.16 seconds
[[1846   67]
 [  56   41]]
coarse acc: 0.939
coarse f1: 0.400
['rnd', 34, 'fold', 8, 'pr', 0.86441851804646674, 'roc', 0.86288875356351813]
[[1906    7]
 [  85   12]]
fine acc: 0.954
fine f1: 0.207
['rnd', 34, 'fold', 8, 'pr', 0.86780040571121553, 'roc', 0.85717904085448982]
8,34,coarse : 21.27 seconds
8,34,fine : 21.28 seconds
[[1852   61]
 [  56   41]]
coarse acc: 0.942
coarse f1: 0.412
['rnd', 35, 'fold', 8, 'pr', 0.8677128602329589, 'roc', 0.86779010675734658]
[[1907    6]
 [  82   15]]
fine acc: 0.956
fine f1: 0.254
['rnd', 35, 'fold', 8, 'pr', 0.87237808194072775, 'roc', 0.86202919794568889]
8,35,coarse : 22.29 seconds
8,35,fine : 22.29 seconds
[[1839   74]
 [  56   41]]
coarse acc: 0.935
coarse f1: 0.387
['rnd', 36, 'fold', 8, 'pr', 0.8695059105935885, 'roc', 0.87217141532972975]
[[1906    7]
 [  82   15]]
fine acc: 0.956
fine f1: 0.252
['rnd', 36, 'fold', 8, 'pr', 0.8724830344475053, 'roc', 0.86158729474404638]
8,36,coarse : 23.47 seconds
8,36,fine : 23.48 seconds
[[1838   75]
 [  50   47]]
coarse acc: 0.938
coarse f1: 0.429
['rnd', 37, 'fold', 8, 'pr', 0.86774663642458016, 'roc', 0.86905114760105839]
[[1903   10]
 [  74   23]]
fine acc: 0.958
fine f1: 0.354
['rnd', 37, 'fold', 8, 'pr', 0.87085635026650754, 'roc', 0.85638954306131132]
8,37,coarse : 23.75 seconds
8,37,fine : 23.76 seconds
[[1839   74]
 [  49   48]]
coarse acc: 0.939
coarse f1: 0.438
['rnd', 38, 'fold', 8, 'pr', 0.86910448349077152, 'roc', 0.87090767995430074]
[[1900   13]
 [  78   19]]
fine acc: 0.955
fine f1: 0.295
['rnd', 38, 'fold', 8, 'pr', 0.87247654106672134, 'roc', 0.86321748643303287]
8,38,coarse : 24.33 seconds
8,38,fine : 24.34 seconds
[[1839   74]
 [  52   45]]
coarse acc: 0.937
coarse f1: 0.417
['rnd', 39, 'fold', 8, 'pr', 0.87042578887186506, 'roc', 0.87391747188256153]
[[1903   10]
 [  77   20]]
fine acc: 0.957
fine f1: 0.315
['rnd', 39, 'fold', 8, 'pr', 0.87857543570877017, 'roc', 0.86595513065784302]
8,39,coarse : 25.74 seconds
8,39,fine : 25.75 seconds
[[1832   81]
 [  54   43]]
coarse acc: 0.933
coarse f1: 0.389
['rnd', 40, 'fold', 8, 'pr', 0.87107090005858234, 'roc', 0.87434320789390008]
[[1901   12]
 [  73   24]]
fine acc: 0.958
fine f1: 0.361
['rnd', 40, 'fold', 8, 'pr', 0.88252257600423967, 'roc', 0.86974094772069555]
8,40,coarse : 26.54 seconds
8,40,fine : 26.55 seconds
[[1828   85]
 [  53   44]]
coarse acc: 0.931
coarse f1: 0.389
['rnd', 41, 'fold', 8, 'pr', 0.87069449387610842, 'roc', 0.87317917019201219]
[[1903   10]
 [  74   23]]
fine acc: 0.958
fine f1: 0.354
['rnd', 41, 'fold', 8, 'pr', 0.88478786666351195, 'roc', 0.87481475094443328]
8,41,coarse : 26.87 seconds
8,41,fine : 26.87 seconds
[[1834   79]
 [  52   45]]
coarse acc: 0.935
coarse f1: 0.407
['rnd', 42, 'fold', 8, 'pr', 0.87202498537363016, 'roc', 0.87763053658904611]
[[1903   10]
 [  77   20]]
fine acc: 0.957
fine f1: 0.315
['rnd', 42, 'fold', 8, 'pr', 0.88209827126943441, 'roc', 0.86960352660311169]
8,42,coarse : 28.1 seconds
8,42,fine : 28.1 seconds
[[1837   76]
 [  51   46]]
coarse acc: 0.937
coarse f1: 0.420
['rnd', 43, 'fold', 8, 'pr', 0.87135829989960323, 'roc', 0.87632368870613975]
[[1905    8]
 [  77   20]]
fine acc: 0.958
fine f1: 0.320
['rnd', 43, 'fold', 8, 'pr', 0.88334026281532985, 'roc', 0.87081337134419412]
8,43,coarse : 29.42 seconds
8,43,fine : 29.42 seconds
[[1833   80]
 [  52   45]]
coarse acc: 0.934
coarse f1: 0.405
['rnd', 44, 'fold', 8, 'pr', 0.8715765154370213, 'roc', 0.87449949073350541]
[[1904    9]
 [  77   20]]
fine acc: 0.957
fine f1: 0.317
['rnd', 44, 'fold', 8, 'pr', 0.88409831996352994, 'roc', 0.87294744046432171]
8,44,coarse : 29.75 seconds
8,44,fine : 29.76 seconds
[[1835   78]
 [  52   45]]
coarse acc: 0.935
coarse f1: 0.409
['rnd', 45, 'fold', 8, 'pr', 0.87242613270196323, 'roc', 0.87493061580827869]
[[1905    8]
 [  76   21]]
fine acc: 0.958
fine f1: 0.333
['rnd', 45, 'fold', 8, 'pr', 0.8863747457632708, 'roc', 0.87504648067212398]
8,45,coarse : 30.27 seconds
8,45,fine : 30.27 seconds
[[1835   78]
 [  52   45]]
coarse acc: 0.935
coarse f1: 0.409
['rnd', 46, 'fold', 8, 'pr', 0.87300722477086312, 'roc', 0.87520815257516393]
[[1904    9]
 [  76   21]]
fine acc: 0.958
fine f1: 0.331
['rnd', 46, 'fold', 8, 'pr', 0.888737411212428, 'roc', 0.87852781565091809]
8,46,coarse : 31.52 seconds
8,46,fine : 31.53 seconds
[[1835   78]
 [  51   46]]
coarse acc: 0.936
coarse f1: 0.416
['rnd', 47, 'fold', 8, 'pr', 0.87307350332634293, 'roc', 0.87437015321107348]
[[1904    9]
 [  77   20]]
fine acc: 0.957
fine f1: 0.317
['rnd', 47, 'fold', 8, 'pr', 0.88614916784549169, 'roc', 0.87625632541320631]
8,47,coarse : 31.58 seconds
8,47,fine : 31.59 seconds
[[1837   76]
 [  52   45]]
coarse acc: 0.936
coarse f1: 0.413
['rnd', 48, 'fold', 8, 'pr', 0.88012937910133016, 'roc', 0.87556652529356915]
[[1901   12]
 [  78   19]]
fine acc: 0.955
fine f1: 0.297
['rnd', 48, 'fold', 8, 'pr', 0.88712707187985984, 'roc', 0.87838770000161659]
8,48,coarse : 32.36 seconds
8,48,fine : 32.37 seconds
[[1835   78]
 [  50   47]]
coarse acc: 0.936
coarse f1: 0.423
['rnd', 49, 'fold', 8, 'pr', 0.8758046545044248, 'roc', 0.87766556550137165]
[[1901   12]
 [  79   18]]
fine acc: 0.955
fine f1: 0.283
['rnd', 49, 'fold', 8, 'pr', 0.89154197289323556, 'roc', 0.88471984953734895]
8,49,coarse : 33.9 seconds
8,49,fine : 33.91 seconds
[[1842   71]
 [  52   45]]
coarse acc: 0.939
coarse f1: 0.423
['rnd', 50, 'fold', 8, 'pr', 0.88052355427465501, 'roc', 0.87693265287425703]
[[1900   13]
 [  77   20]]
fine acc: 0.955
fine f1: 0.308
['rnd', 50, 'fold', 8, 'pr', 0.89214511807008767, 'roc', 0.88712876089264447]
8,50,coarse : 35.86 seconds
8,50,fine : 35.87 seconds
[[1841   72]
 [  51   46]]
coarse acc: 0.939
coarse f1: 0.428
['rnd', 51, 'fold', 8, 'pr', 0.8872335574298329, 'roc', 0.88499738630423408]
[[1902   11]
 [  78   19]]
fine acc: 0.956
fine f1: 0.299
['rnd', 51, 'fold', 8, 'pr', 0.8960296631662843, 'roc', 0.89077715683791314]
8,51,coarse : 35.27 seconds
8,51,fine : 35.27 seconds
[[1837   76]
 [  51   46]]
coarse acc: 0.937
coarse f1: 0.420
['rnd', 52, 'fold', 8, 'pr', 0.88396234932707185, 'roc', 0.88316779926816513]
[[1899   14]
 [  78   19]]
fine acc: 0.954
fine f1: 0.292
['rnd', 52, 'fold', 8, 'pr', 0.89623914955821837, 'roc', 0.89133223037168363]
8,52,coarse : 36.3 seconds
8,52,fine : 36.3 seconds
[[1836   77]
 [  51   46]]
coarse acc: 0.936
coarse f1: 0.418
['rnd', 53, 'fold', 8, 'pr', 0.88389036779445951, 'roc', 0.88243219210933332]
[[1898   15]
 [  72   25]]
fine acc: 0.957
fine f1: 0.365
['rnd', 53, 'fold', 8, 'pr', 0.89573365709435437, 'roc', 0.8889502643335615]
8,53,coarse : 36.72 seconds
8,53,fine : 36.72 seconds
[[1839   74]
 [  50   47]]
coarse acc: 0.938
coarse f1: 0.431
['rnd', 54, 'fold', 8, 'pr', 0.88568583662202405, 'roc', 0.88286331718410649]
[[1899   14]
 [  72   25]]
fine acc: 0.957
fine f1: 0.368
['rnd', 54, 'fold', 8, 'pr', 0.89758983138422443, 'roc', 0.89084721466256378]
8,54,coarse : 38.47 seconds
8,54,fine : 38.49 seconds
[[1837   76]
 [  49   48]]
coarse acc: 0.938
coarse f1: 0.434
['rnd', 55, 'fold', 8, 'pr', 0.88158797666322919, 'roc', 0.87761167486702474]
[[1899   14]
 [  72   25]]
fine acc: 0.957
fine f1: 0.368
['rnd', 55, 'fold', 8, 'pr', 0.89701872132681415, 'roc', 0.8925797985568088]
8,55,coarse : 39.38 seconds
8,55,fine : 39.39 seconds
[[1835   78]
 [  51   46]]
coarse acc: 0.936
coarse f1: 0.416
['rnd', 56, 'fold', 8, 'pr', 0.88047763668406309, 'roc', 0.87773292879430487]
[[1898   15]
 [  71   26]]
fine acc: 0.957
fine f1: 0.377
['rnd', 56, 'fold', 8, 'pr', 0.89462395876666567, 'roc', 0.89017088720151327]
8,56,coarse : 39.43 seconds
8,56,fine : 39.43 seconds
[[1833   80]
 [  52   45]]
coarse acc: 0.934
coarse f1: 0.405
['rnd', 57, 'fold', 8, 'pr', 0.87751894238929329, 'roc', 0.87181573714304184]
[[1898   15]
 [  70   27]]
fine acc: 0.958
fine f1: 0.388
['rnd', 57, 'fold', 8, 'pr', 0.89451730477771885, 'roc', 0.88857302989313491]
8,57,coarse : 41.52 seconds
8,57,fine : 41.52 seconds
[[1836   77]
 [  50   47]]
coarse acc: 0.937
coarse f1: 0.425
['rnd', 58, 'fold', 8, 'pr', 0.87718676063824574, 'roc', 0.87220374971033787]
[[1900   13]
 [  71   26]]
fine acc: 0.958
fine f1: 0.382
['rnd', 58, 'fold', 8, 'pr', 0.89212080476044131, 'roc', 0.8828363718669332]
8,58,coarse : 41.05 seconds
8,58,fine : 41.06 seconds
[[1834   79]
 [  49   48]]
coarse acc: 0.936
coarse f1: 0.429
['rnd', 59, 'fold', 8, 'pr', 0.88140229481286181, 'roc', 0.87653655671180897]
[[1897   16]
 [  70   27]]
fine acc: 0.957
fine f1: 0.386
['rnd', 59, 'fold', 8, 'pr', 0.87968425983652887, 'roc', 0.86500396096162446]
8,59,coarse : 42.93 seconds
8,59,fine : 42.93 seconds
[[1836   77]
 [  50   47]]
coarse acc: 0.937
coarse f1: 0.425
['rnd', 60, 'fold', 8, 'pr', 0.88202504828120154, 'roc', 0.87646380435544113]
[[1901   12]
 [  70   27]]
fine acc: 0.959
fine f1: 0.397
['rnd', 60, 'fold', 8, 'pr', 0.88330761632758137, 'roc', 0.86954155237361286]
8,60,coarse : 43.92 seconds
8,60,fine : 43.92 seconds
[[1837   76]
 [  49   48]]
coarse acc: 0.938
coarse f1: 0.434
['rnd', 61, 'fold', 8, 'pr', 0.88477645131438543, 'roc', 0.87949515253744048]
[[1899   14]
 [  70   27]]
fine acc: 0.958
fine f1: 0.391
['rnd', 61, 'fold', 8, 'pr', 0.88087427129929974, 'roc', 0.86801644742160267]
8,61,coarse : 44.34 seconds
8,61,fine : 44.35 seconds
[[1838   75]
 [  45   52]]
coarse acc: 0.940
coarse f1: 0.464
['rnd', 62, 'fold', 8, 'pr', 0.88523122793226394, 'roc', 0.87844967423111542]
[[1901   12]
 [  70   27]]
fine acc: 0.959
fine f1: 0.397
['rnd', 62, 'fold', 8, 'pr', 0.8845772674905974, 'roc', 0.87141425191715927]
8,62,coarse : 45.93 seconds
8,62,fine : 45.94 seconds
[[1835   78]
 [  48   49]]
coarse acc: 0.937
coarse f1: 0.438
['rnd', 63, 'fold', 8, 'pr', 0.88283002944457256, 'roc', 0.87751197719348362]
[[1899   14]
 [  70   27]]
fine acc: 0.958
fine f1: 0.391
['rnd', 63, 'fold', 8, 'pr', 0.88865560677132183, 'roc', 0.87923917202429391]
8,63,coarse : 46.37 seconds
8,63,fine : 46.38 seconds
[[1839   74]
 [  47   50]]
coarse acc: 0.940
coarse f1: 0.452
['rnd', 64, 'fold', 8, 'pr', 0.88128068369554635, 'roc', 0.87691648568395286]
[[1899   14]
 [  70   27]]
fine acc: 0.958
fine f1: 0.391
['rnd', 64, 'fold', 8, 'pr', 0.88581683492740049, 'roc', 0.87460188293876406]
8,64,coarse : 47.76 seconds
8,64,fine : 47.77 seconds
[[1834   79]
 [  47   50]]
coarse acc: 0.937
coarse f1: 0.442
['rnd', 65, 'fold', 8, 'pr', 0.8817221367343332, 'roc', 0.87764131471591544]
[[1901   12]
 [  71   26]]
fine acc: 0.959
fine f1: 0.385
['rnd', 65, 'fold', 8, 'pr', 0.88289416368591156, 'roc', 0.87061397599711143]
8,65,coarse : 48.97 seconds
8,65,fine : 48.98 seconds
[[1838   75]
 [  48   49]]
coarse acc: 0.939
coarse f1: 0.443
['rnd', 66, 'fold', 8, 'pr', 0.88164891895491015, 'roc', 0.87831225311353134]
[[1899   14]
 [  69   28]]
fine acc: 0.959
fine f1: 0.403
['rnd', 66, 'fold', 8, 'pr', 0.88051297701675113, 'roc', 0.86893797726893029]
8,66,coarse : 49.69 seconds
8,66,fine : 49.7 seconds
[[1829   84]
 [  48   49]]
coarse acc: 0.934
coarse f1: 0.426
['rnd', 67, 'fold', 8, 'pr', 0.88463344929555066, 'roc', 0.88182322794121604]
[[1899   14]
 [  69   28]]
fine acc: 0.959
fine f1: 0.403
['rnd', 67, 'fold', 8, 'pr', 0.88409495167696095, 'roc', 0.87318725378716433]
8,67,coarse : 51.79 seconds
8,67,fine : 51.8 seconds
[[1836   77]
 [  47   50]]
coarse acc: 0.938
coarse f1: 0.446
['rnd', 68, 'fold', 8, 'pr', 0.88413554791121918, 'roc', 0.88183670059980268]
[[1902   11]
 [  69   28]]
fine acc: 0.960
fine f1: 0.412
['rnd', 68, 'fold', 8, 'pr', 0.87958762472555752, 'roc', 0.8665937346748509]
8,68,coarse : 51.53 seconds
8,68,fine : 51.53 seconds
[[1839   74]
 [  49   48]]
coarse acc: 0.939
coarse f1: 0.438
['rnd', 69, 'fold', 8, 'pr', 0.88587223809141136, 'roc', 0.88070499727852281]
[[1900   13]
 [  69   28]]
fine acc: 0.959
fine f1: 0.406
['rnd', 69, 'fold', 8, 'pr', 0.87981984362806054, 'roc', 0.8662407510198803]
8,69,coarse : 53.7 seconds
8,69,fine : 53.71 seconds
[[1841   72]
 [  48   49]]
coarse acc: 0.940
coarse f1: 0.450
['rnd', 70, 'fold', 8, 'pr', 0.88652176500421287, 'roc', 0.88149180053998422]
[[1899   14]
 [  70   27]]
fine acc: 0.958
fine f1: 0.391
['rnd', 70, 'fold', 8, 'pr', 0.88135397236214486, 'roc', 0.86962777738856767]
8,70,coarse : 53.2 seconds
8,70,fine : 53.21 seconds
[[1842   71]
 [  48   49]]
coarse acc: 0.941
coarse f1: 0.452
['rnd', 71, 'fold', 8, 'pr', 0.88797053218814581, 'roc', 0.88365281497728509]
[[1898   15]
 [  67   30]]
fine acc: 0.959
fine f1: 0.423
['rnd', 71, 'fold', 8, 'pr', 0.87790232027680404, 'roc', 0.86203728154084103]
8,71,coarse : 55.13 seconds
8,71,fine : 55.14 seconds
[[1839   74]
 [  48   49]]
coarse acc: 0.939
coarse f1: 0.445
['rnd', 72, 'fold', 8, 'pr', 0.88870121722426632, 'roc', 0.88206034673234124]
[[1896   17]
 [  71   26]]
fine acc: 0.956
fine f1: 0.371
['rnd', 72, 'fold', 8, 'pr', 0.8770447710079915, 'roc', 0.8632605989405101]
8,72,coarse : 56.62 seconds
8,72,fine : 56.62 seconds
[[1843   70]
 [  47   50]]
coarse acc: 0.942
coarse f1: 0.461
['rnd', 73, 'fold', 8, 'pr', 0.88233229787638967, 'roc', 0.88169119588706679]
[[1897   16]
 [  72   25]]
fine acc: 0.956
fine f1: 0.362
['rnd', 73, 'fold', 8, 'pr', 0.8770763400514765, 'roc', 0.86271899806532615]
8,73,coarse : 56.93 seconds
8,73,fine : 56.94 seconds
[[1839   74]
 [  50   47]]
coarse acc: 0.938
coarse f1: 0.431
['rnd', 74, 'fold', 8, 'pr', 0.89008115885938588, 'roc', 0.88408124552034106]
[[1898   15]
 [  70   27]]
fine acc: 0.958
fine f1: 0.388
['rnd', 74, 'fold', 8, 'pr', 0.87850844515497639, 'roc', 0.86516563286466452]
8,74,coarse : 59.3 seconds
8,74,fine : 59.31 seconds
[[1841   72]
 [  48   49]]
coarse acc: 0.940
coarse f1: 0.450
['rnd', 75, 'fold', 8, 'pr', 0.89284910080535862, 'roc', 0.88695900539445249]
[[1898   15]
 [  69   28]]
fine acc: 0.958
fine f1: 0.400
['rnd', 75, 'fold', 8, 'pr', 0.87687646230705019, 'roc', 0.86181632994001967]
8,75,coarse : 59.66 seconds
8,75,fine : 59.66 seconds
[[1832   81]
 [  47   50]]
coarse acc: 0.936
coarse f1: 0.439
['rnd', 76, 'fold', 8, 'pr', 0.8889845087002759, 'roc', 0.88292798594532251]
[[1897   16]
 [  66   31]]
fine acc: 0.959
fine f1: 0.431
['rnd', 76, 'fold', 8, 'pr', 0.87650240137432234, 'roc', 0.86254115897198225]
8,76,coarse : 61.47 seconds
8,76,fine : 61.48 seconds
[[1824   89]
 [  46   51]]
coarse acc: 0.933
coarse f1: 0.430
['rnd', 77, 'fold', 8, 'pr', 0.89010446383906494, 'roc', 0.8843291424383356]
[[1894   19]
 [  68   29]]
fine acc: 0.957
fine f1: 0.400
['rnd', 77, 'fold', 8, 'pr', 0.87964018348101936, 'roc', 0.86489617969293109]
8,77,coarse : 62.42 seconds
8,77,fine : 62.43 seconds
[[1829   84]
 [  45   52]]
coarse acc: 0.936
coarse f1: 0.446
['rnd', 78, 'fold', 8, 'pr', 0.89201435388854089, 'roc', 0.88646321155846319]
[[1893   20]
 [  70   27]]
fine acc: 0.955
fine f1: 0.375
['rnd', 78, 'fold', 8, 'pr', 0.8790279704616768, 'roc', 0.865890461896627]
8,78,coarse : 64.07 seconds
8,78,fine : 64.08 seconds
[[1829   84]
 [  43   54]]
coarse acc: 0.937
coarse f1: 0.460
['rnd', 79, 'fold', 8, 'pr', 0.89339834983128741, 'roc', 0.88832513297514004]
[[1893   20]
 [  69   28]]
fine acc: 0.956
fine f1: 0.386
['rnd', 79, 'fold', 8, 'pr', 0.88125539692105748, 'roc', 0.86906192572792773]
8,79,coarse : 64.81 seconds
8,79,fine : 64.82 seconds
[[1830   83]
 [  43   54]]
coarse acc: 0.937
coarse f1: 0.462
['rnd', 80, 'fold', 8, 'pr', 0.89470652110483351, 'roc', 0.88917391046610006]
[[1894   19]
 [  65   32]]
fine acc: 0.958
fine f1: 0.432
['rnd', 80, 'fold', 8, 'pr', 0.88127001228573532, 'roc', 0.86783591379654124]
8,80,coarse : 67.09 seconds
8,80,fine : 67.1 seconds
[[1830   83]
 [  41   56]]
coarse acc: 0.938
coarse f1: 0.475
['rnd', 81, 'fold', 8, 'pr', 0.89600035881182771, 'roc', 0.89021669424070793]
[[1894   19]
 [  67   30]]
fine acc: 0.957
fine f1: 0.411
['rnd', 81, 'fold', 8, 'pr', 0.880136969886676, 'roc', 0.86696558005184277]
8,81,coarse : 67.67 seconds
8,81,fine : 67.68 seconds
[[1829   84]
 [  41   56]]
coarse acc: 0.938
coarse f1: 0.473
['rnd', 82, 'fold', 8, 'pr', 0.89711318053713152, 'roc', 0.8912594780153158]
[[1892   21]
 [  69   28]]
fine acc: 0.955
fine f1: 0.384
['rnd', 82, 'fold', 8, 'pr', 0.87718110548037254, 'roc', 0.86323904268677143]
8,82,coarse : 70.06 seconds
8,82,fine : 70.07 seconds
[[1830   83]
 [  42   55]]
coarse acc: 0.938
coarse f1: 0.468
['rnd', 83, 'fold', 8, 'pr', 0.89627584780457736, 'roc', 0.88979095822936927]
[[1893   20]
 [  68   29]]
fine acc: 0.956
fine f1: 0.397
['rnd', 83, 'fold', 8, 'pr', 0.8764438385285267, 'roc', 0.86057145628661191]
8,83,coarse : 69.94 seconds
8,83,fine : 69.95 seconds
[[1825   88]
 [  42   55]]
coarse acc: 0.935
coarse f1: 0.458
['rnd', 84, 'fold', 8, 'pr', 0.89773557057478615, 'roc', 0.89129989599107562]
[[1892   21]
 [  66   31]]
fine acc: 0.957
fine f1: 0.416
['rnd', 84, 'fold', 8, 'pr', 0.87730101009868355, 'roc', 0.86229865111742232]
8,84,coarse : 72.06 seconds
8,84,fine : 72.07 seconds
[[1825   88]
 [  40   57]]
coarse acc: 0.936
coarse f1: 0.471
['rnd', 85, 'fold', 8, 'pr', 0.89859836878990595, 'roc', 0.89205705940364621]
[[1892   21]
 [  69   28]]
fine acc: 0.955
fine f1: 0.384
['rnd', 85, 'fold', 8, 'pr', 0.87771022081697492, 'roc', 0.8631716793938381]
8,85,coarse : 72.02 seconds
8,85,fine : 72.03 seconds
[[1827   86]
 [  41   56]]
coarse acc: 0.937
coarse f1: 0.469
['rnd', 86, 'fold', 8, 'pr', 0.89796178811768967, 'roc', 0.89112205689773172]
[[1894   19]
 [  68   29]]
fine acc: 0.957
fine f1: 0.400
['rnd', 86, 'fold', 8, 'pr', 0.882206170198919, 'roc', 0.87079720415389006]
8,86,coarse : 75.03 seconds
8,86,fine : 75.04 seconds
[[1828   85]
 [  42   55]]
coarse acc: 0.937
coarse f1: 0.464
['rnd', 87, 'fold', 8, 'pr', 0.89745000890011395, 'roc', 0.89286002985541135]
[[1894   19]
 [  69   28]]
fine acc: 0.956
fine f1: 0.389
['rnd', 87, 'fold', 8, 'pr', 0.88292549333298598, 'roc', 0.87172142853293522]
8,87,coarse : 75.79 seconds
8,87,fine : 75.8 seconds
[[1829   84]
 [  43   54]]
coarse acc: 0.937
coarse f1: 0.460
['rnd', 88, 'fold', 8, 'pr', 0.90105061955046228, 'roc', 0.89470847861350167]
[[1895   18]
 [  69   28]]
fine acc: 0.957
fine f1: 0.392
['rnd', 88, 'fold', 8, 'pr', 0.88323949849154215, 'roc', 0.87148700427352721]
8,88,coarse : 78.76 seconds
8,88,fine : 78.77 seconds
[[1826   87]
 [  41   56]]
coarse acc: 0.936
coarse f1: 0.467
['rnd', 89, 'fold', 8, 'pr', 0.89708924440753535, 'roc', 0.89104661000964647]
[[1895   18]
 [  69   28]]
fine acc: 0.957
fine f1: 0.392
['rnd', 89, 'fold', 8, 'pr', 0.88439491251845936, 'roc', 0.87226841847155379]
8,89,coarse : 77.92 seconds
8,89,fine : 77.93 seconds
[[1823   90]
 [  41   56]]
coarse acc: 0.935
coarse f1: 0.461
['rnd', 90, 'fold', 8, 'pr', 0.8959764813940776, 'roc', 0.89084182559912906]
[[1896   17]
 [  68   29]]
fine acc: 0.958
fine f1: 0.406
['rnd', 90, 'fold', 8, 'pr', 0.88484345131316899, 'roc', 0.8733570092853562]
8,90,coarse : 80.61 seconds
8,90,fine : 80.62 seconds
[[1832   81]
 [  41   56]]
coarse acc: 0.939
coarse f1: 0.479
['rnd', 91, 'fold', 8, 'pr', 0.8976560689637455, 'roc', 0.89403484568416847]
[[1895   18]
 [  67   30]]
fine acc: 0.958
fine f1: 0.414
['rnd', 91, 'fold', 8, 'pr', 0.88459752977612549, 'roc', 0.87245434116004983]
8,91,coarse : 81.47 seconds
8,91,fine : 81.48 seconds
[[1834   79]
 [  41   56]]
coarse acc: 0.940
coarse f1: 0.483
['rnd', 92, 'fold', 8, 'pr', 0.89990186748661982, 'roc', 0.8943932184025738]
[[1896   17]
 [  65   32]]
fine acc: 0.959
fine f1: 0.438
['rnd', 92, 'fold', 8, 'pr', 0.88421321556455257, 'roc', 0.87228728019357515]
8,92,coarse : 84.44 seconds
8,92,fine : 84.45 seconds
[[1838   75]
 [  43   54]]
coarse acc: 0.941
coarse f1: 0.478
['rnd', 93, 'fold', 8, 'pr', 0.90137994741641536, 'roc', 0.89568389909517632]
[[1894   19]
 [  67   30]]
fine acc: 0.957
fine f1: 0.411
['rnd', 93, 'fold', 8, 'pr', 0.88371589288472485, 'roc', 0.86949574533441831]
8,93,coarse : 84.08 seconds
8,93,fine : 84.09 seconds
[[1829   84]
 [  43   54]]
coarse acc: 0.937
coarse f1: 0.460
['rnd', 94, 'fold', 8, 'pr', 0.89788413098608055, 'roc', 0.89356060810191795]
[[1894   19]
 [  65   32]]
fine acc: 0.958
fine f1: 0.432
['rnd', 94, 'fold', 8, 'pr', 0.88463532316274762, 'roc', 0.87233578176448712]
8,94,coarse : 87.29 seconds
8,94,fine : 87.3 seconds
[[1828   85]
 [  41   56]]
coarse acc: 0.937
coarse f1: 0.471
['rnd', 95, 'fold', 8, 'pr', 0.89669377094913549, 'roc', 0.89172563200241428]
[[1895   18]
 [  65   32]]
fine acc: 0.959
fine f1: 0.435
['rnd', 95, 'fold', 8, 'pr', 0.88519951823532106, 'roc', 0.87263756931682834]
8,95,coarse : 88.32 seconds
8,95,fine : 88.33 seconds
[[1831   82]
 [  42   55]]
coarse acc: 0.938
coarse f1: 0.470
['rnd', 96, 'fold', 8, 'pr', 0.89697507866688531, 'roc', 0.89204897580849418]
[[1894   19]
 [  65   32]]
fine acc: 0.958
fine f1: 0.432
['rnd', 96, 'fold', 8, 'pr', 0.8823520216166727, 'roc', 0.86851224125759174]
8,96,coarse : 90.46 seconds
8,96,fine : 90.47 seconds
[[1831   82]
 [  43   54]]
coarse acc: 0.938
coarse f1: 0.464
['rnd', 97, 'fold', 8, 'pr', 0.89925321520798784, 'roc', 0.89446058169550713]
[[1894   19]
 [  64   33]]
fine acc: 0.959
fine f1: 0.443
['rnd', 97, 'fold', 8, 'pr', 0.88251190366791488, 'roc', 0.86850685219415702]
8,97,coarse : 89.91 seconds
8,97,fine : 89.92 seconds
[[1824   89]
 [  42   55]]
coarse acc: 0.935
coarse f1: 0.456
['rnd', 98, 'fold', 8, 'pr', 0.8968099397620416, 'roc', 0.8923453742974008]
[[1894   19]
 [  66   31]]
fine acc: 0.958
fine f1: 0.422
['rnd', 98, 'fold', 8, 'pr', 0.8816832958544043, 'roc', 0.86727814573105344]
8,98,coarse : 93.06 seconds
8,98,fine : 93.07 seconds
[[1825   88]
 [  42   55]]
coarse acc: 0.935
coarse f1: 0.458
['rnd', 99, 'fold', 8, 'pr', 0.89740129590732776, 'roc', 0.89199239064243008]
[[1895   18]
 [  67   30]]
fine acc: 0.958
fine f1: 0.414
['rnd', 99, 'fold', 8, 'pr', 0.88572723069257231, 'roc', 0.87261870759480709]
8,99,coarse : 93.77 seconds
8,99,fine : 93.78 seconds
[[1821   92]
 [  45   52]]
coarse acc: 0.932
coarse f1: 0.432
['rnd', 100, 'fold', 8, 'pr', 0.89644434497526027, 'roc', 0.89064781931548109]
[[1895   18]
 [  64   33]]
fine acc: 0.959
fine f1: 0.446
['rnd', 100, 'fold', 8, 'pr', 0.88950993152236546, 'roc', 0.87579017142610782]
8,100,coarse : 96.44 seconds
8,100,fine : 96.45 seconds
[[1823   90]
 [  44   53]]
coarse acc: 0.933
coarse f1: 0.442
['rnd', 101, 'fold', 8, 'pr', 0.89805795141642897, 'roc', 0.89271991420611019]
[[1894   19]
 [  62   35]]
fine acc: 0.960
fine f1: 0.464
['rnd', 101, 'fold', 8, 'pr', 0.89147711467088897, 'roc', 0.88006100419808042]
8,101,coarse : 97.58 seconds
8,101,fine : 97.59 seconds
[[1822   91]
 [  44   53]]
coarse acc: 0.933
coarse f1: 0.440
['rnd', 102, 'fold', 8, 'pr', 0.89723069765554375, 'roc', 0.891642101519177]
[[1895   18]
 [  63   34]]
fine acc: 0.960
fine f1: 0.456
['rnd', 102, 'fold', 8, 'pr', 0.89071624283801376, 'roc', 0.87930653531722736]
8,102,coarse : 97.71 seconds
8,102,fine : 97.72 seconds
[[1823   90]
 [  44   53]]
coarse acc: 0.933
coarse f1: 0.442
['rnd', 103, 'fold', 8, 'pr', 0.89760908904975545, 'roc', 0.89265255091317675]
[[1896   17]
 [  62   35]]
fine acc: 0.961
fine f1: 0.470
['rnd', 103, 'fold', 8, 'pr', 0.88915261510392274, 'roc', 0.87677098097121697]
8,103,coarse : 99.13 seconds
8,103,fine : 99.14 seconds
[[1825   88]
 [  44   53]]
coarse acc: 0.934
coarse f1: 0.445
['rnd', 104, 'fold', 8, 'pr', 0.89741711081060893, 'roc', 0.89244776650265945]
[[1895   18]
 [  62   35]]
fine acc: 0.960
fine f1: 0.467
['rnd', 104, 'fold', 8, 'pr', 0.8906139326135647, 'roc', 0.87948706894228856]
8,104,coarse : 100.55 seconds
8,104,fine : 100.56 seconds
[[1820   93]
 [  44   53]]
coarse acc: 0.932
coarse f1: 0.436
['rnd', 105, 'fold', 8, 'pr', 0.89577378743399327, 'roc', 0.889885266839476]
[[1895   18]
 [  61   36]]
fine acc: 0.961
fine f1: 0.477
['rnd', 105, 'fold', 8, 'pr', 0.89019060088918966, 'roc', 0.87813710855190463]
8,105,coarse : 101.89 seconds
8,105,fine : 101.9 seconds
[[1822   91]
 [  44   53]]
coarse acc: 0.933
coarse f1: 0.440
['rnd', 106, 'fold', 8, 'pr', 0.89575953638303429, 'roc', 0.88973976212674]
[[1895   18]
 [  61   36]]
fine acc: 0.961
fine f1: 0.477
['rnd', 106, 'fold', 8, 'pr', 0.89010246396726511, 'roc', 0.87658236375100362]
8,106,coarse : 103.75 seconds
8,106,fine : 103.77 seconds
[[1818   95]
 [  43   54]]
coarse acc: 0.931
coarse f1: 0.439
['rnd', 107, 'fold', 8, 'pr', 0.89608589881837808, 'roc', 0.89041070052435589]
[[1895   18]
 [  60   37]]
fine acc: 0.961
fine f1: 0.487
['rnd', 107, 'fold', 8, 'pr', 0.89057680639767001, 'roc', 0.87851164846061391]
8,107,coarse : 104.15 seconds
8,107,fine : 104.16 seconds
[[1822   91]
 [  44   53]]
coarse acc: 0.933
coarse f1: 0.440
['rnd', 108, 'fold', 8, 'pr', 0.89656046652316679, 'roc', 0.89086338185286784]
[[1895   18]
 [  59   38]]
fine acc: 0.962
fine f1: 0.497
['rnd', 108, 'fold', 8, 'pr', 0.88937789640072673, 'roc', 0.87723713495831557]
8,108,coarse : 106.53 seconds
8,108,fine : 106.54 seconds
[[1823   90]
 [  43   54]]
coarse acc: 0.934
coarse f1: 0.448
['rnd', 109, 'fold', 8, 'pr', 0.89718154573559539, 'roc', 0.89134570303027028]
[[1895   18]
 [  60   37]]
fine acc: 0.961
fine f1: 0.487
['rnd', 109, 'fold', 8, 'pr', 0.8892048356503689, 'roc', 0.87629674338896635]
8,109,coarse : 107.31 seconds
8,109,fine : 107.32 seconds
[[1818   95]
 [  44   53]]
coarse acc: 0.931
coarse f1: 0.433
['rnd', 110, 'fold', 8, 'pr', 0.89676175160291316, 'roc', 0.89104930454136366]
[[1896   17]
 [  62   35]]
fine acc: 0.961
fine f1: 0.470
['rnd', 110, 'fold', 8, 'pr', 0.88806708154877367, 'roc', 0.87632099417442244]
8,110,coarse : 109.19 seconds
8,110,fine : 109.21 seconds
[[1815   98]
 [  43   54]]
coarse acc: 0.930
coarse f1: 0.434
['rnd', 111, 'fold', 8, 'pr', 0.89758005096839455, 'roc', 0.89222950943355539]
[[1894   19]
 [  64   33]]
fine acc: 0.959
fine f1: 0.443
['rnd', 111, 'fold', 8, 'pr', 0.89057257939275536, 'roc', 0.87990472135847497]
8,111,coarse : 111.7 seconds
8,111,fine : 111.71 seconds
[[1818   95]
 [  44   53]]
coarse acc: 0.931
coarse f1: 0.433
['rnd', 112, 'fold', 8, 'pr', 0.89811744574732244, 'roc', 0.89111397330257969]
[[1894   19]
 [  61   36]]
fine acc: 0.960
fine f1: 0.474
['rnd', 112, 'fold', 8, 'pr', 0.88899641968276555, 'roc', 0.87805896713210219]
8,112,coarse : 111.68 seconds
8,112,fine : 111.69 seconds
[[1816   97]
 [  43   54]]
coarse acc: 0.930
coarse f1: 0.435
['rnd', 113, 'fold', 8, 'pr', 0.89893892896443939, 'roc', 0.89219717505294738]
[[1894   19]
 [  62   35]]
fine acc: 0.960
fine f1: 0.464
['rnd', 113, 'fold', 8, 'pr', 0.89219232090018286, 'roc', 0.88164538884787225]
8,113,coarse : 115.52 seconds
8,113,fine : 115.53 seconds
[[1819   94]
 [  45   52]]
coarse acc: 0.931
coarse f1: 0.428
['rnd', 114, 'fold', 8, 'pr', 0.89920611161455632, 'roc', 0.89291122595804062]
[[1896   17]
 [  62   35]]
fine acc: 0.961
fine f1: 0.470
['rnd', 114, 'fold', 8, 'pr', 0.89247078874049457, 'roc', 0.88172622479939211]
8,114,coarse : 115.62 seconds
8,114,fine : 115.64 seconds
[[1819   94]
 [  43   54]]
coarse acc: 0.932
coarse f1: 0.441
['rnd', 115, 'fold', 8, 'pr', 0.89790068153736335, 'roc', 0.89046459115870247]
[[1896   17]
 [  62   35]]
fine acc: 0.961
fine f1: 0.470
['rnd', 115, 'fold', 8, 'pr', 0.89193760962752378, 'roc', 0.88118731845592546]
8,115,coarse : 117.26 seconds
8,115,fine : 117.27 seconds
[[1816   97]
 [  44   53]]
coarse acc: 0.930
coarse f1: 0.429
['rnd', 116, 'fold', 8, 'pr', 0.89818341505740951, 'roc', 0.89245854462952889]
[[1898   15]
 [  60   37]]
fine acc: 0.963
fine f1: 0.497
['rnd', 116, 'fold', 8, 'pr', 0.89286113243822873, 'roc', 0.8818097552826295]
8,116,coarse : 119.33 seconds
8,116,fine : 119.34 seconds
[[1815   98]
 [  42   55]]
coarse acc: 0.930
coarse f1: 0.440
['rnd', 117, 'fold', 8, 'pr', 0.89818486685153609, 'roc', 0.89198969611071299]
[[1897   16]
 [  60   37]]
fine acc: 0.962
fine f1: 0.493
['rnd', 117, 'fold', 8, 'pr', 0.89268619608296518, 'roc', 0.88200915062971208]
8,117,coarse : 121.51 seconds
8,117,fine : 121.52 seconds
[[1818   95]
 [  43   54]]
coarse acc: 0.931
coarse f1: 0.439
['rnd', 118, 'fold', 8, 'pr', 0.89853413268075233, 'roc', 0.89225106568729418]
[[1897   16]
 [  62   35]]
fine acc: 0.961
fine f1: 0.473
['rnd', 118, 'fold', 8, 'pr', 0.88801724661200832, 'roc', 0.88153491304746145]
8,118,coarse : 124.5 seconds
8,118,fine : 124.52 seconds
[[1818   95]
 [  45   52]]
coarse acc: 0.930
coarse f1: 0.426
['rnd', 119, 'fold', 8, 'pr', 0.89892063912066278, 'roc', 0.89376539251243525]
[[1898   15]
 [  58   39]]
fine acc: 0.964
fine f1: 0.517
['rnd', 119, 'fold', 8, 'pr', 0.88647021766050438, 'roc', 0.88089630903045357]
8,119,coarse : 126.56 seconds
8,119,fine : 126.57 seconds
[[1818   95]
 [  45   52]]
coarse acc: 0.930
coarse f1: 0.426
['rnd', 120, 'fold', 8, 'pr', 0.89719418169009169, 'roc', 0.89190077656404076]
[[1895   18]
 [  60   37]]
fine acc: 0.961
fine f1: 0.487
['rnd', 120, 'fold', 8, 'pr', 0.88440998092315526, 'roc', 0.87757664595469953]
8,120,coarse : 127.07 seconds
8,120,fine : 127.08 seconds
[[1817   96]
 [  44   53]]
coarse acc: 0.930
coarse f1: 0.431
['rnd', 121, 'fold', 8, 'pr', 0.89620663700178249, 'roc', 0.89002807702049458]
[[1897   16]
 [  60   37]]
fine acc: 0.962
fine f1: 0.493
['rnd', 121, 'fold', 8, 'pr', 0.88506019623302246, 'roc', 0.87777334677006491]
8,121,coarse : 129.08 seconds
8,121,fine : 129.1 seconds
[[1824   89]
 [  46   51]]
coarse acc: 0.933
coarse f1: 0.430
['rnd', 122, 'fold', 8, 'pr', 0.89863491345830682, 'roc', 0.89479470362845637]
[[1896   17]
 [  62   35]]
fine acc: 0.961
fine f1: 0.470
['rnd', 122, 'fold', 8, 'pr', 0.8852957037332333, 'roc', 0.87882151960810739]
8,122,coarse : 130.42 seconds
8,122,fine : 130.43 seconds
[[1821   92]
 [  44   53]]
coarse acc: 0.932
coarse f1: 0.438
['rnd', 123, 'fold', 8, 'pr', 0.89926125751972552, 'roc', 0.89413454335770981]
[[1895   18]
 [  60   37]]
fine acc: 0.961
fine f1: 0.487
['rnd', 123, 'fold', 8, 'pr', 0.88525047914495669, 'roc', 0.87840386719192065]
8,123,coarse : 132.19 seconds
8,123,fine : 132.21 seconds
[[1818   95]
 [  45   52]]
coarse acc: 0.930
coarse f1: 0.426
['rnd', 124, 'fold', 8, 'pr', 0.89952250096882813, 'roc', 0.89572162253921883]
[[1895   18]
 [  63   34]]
fine acc: 0.960
fine f1: 0.456
['rnd', 124, 'fold', 8, 'pr', 0.88447519637290073, 'roc', 0.87885385398871529]
8,124,coarse : 133.15 seconds
8,124,fine : 133.16 seconds
[[1822   91]
 [  47   50]]
coarse acc: 0.931
coarse f1: 0.420
['rnd', 125, 'fold', 8, 'pr', 0.90088053811868452, 'roc', 0.89768054709771994]
[[1896   17]
 [  64   33]]
fine acc: 0.960
fine f1: 0.449
['rnd', 125, 'fold', 8, 'pr', 0.89239505328722901, 'roc', 0.88121426377309886]
8,125,coarse : 136.42 seconds
8,125,fine : 136.43 seconds
[[1821   92]
 [  47   50]]
coarse acc: 0.931
coarse f1: 0.418
['rnd', 126, 'fold', 8, 'pr', 0.9011482278402887, 'roc', 0.89762126739993853]
[[1895   18]
 [  64   33]]
fine acc: 0.959
fine f1: 0.446
['rnd', 126, 'fold', 8, 'pr', 0.88614339060032443, 'roc', 0.88099061764056019]
8,126,coarse : 137.37 seconds
8,126,fine : 137.38 seconds
[[1823   90]
 [  44   53]]
coarse acc: 0.933
coarse f1: 0.442
['rnd', 127, 'fold', 8, 'pr', 0.89963602708140988, 'roc', 0.89348785574555001]
[[1895   18]
 [  64   33]]
fine acc: 0.959
fine f1: 0.446
['rnd', 127, 'fold', 8, 'pr', 0.885959614222667, 'roc', 0.88090169809388819]
8,127,coarse : 139.01 seconds
8,127,fine : 139.02 seconds
[[1822   91]
 [  40   57]]
coarse acc: 0.935
coarse f1: 0.465
['rnd', 128, 'fold', 8, 'pr', 0.90111004153920649, 'roc', 0.89560845220709095]
[[1896   17]
 [  63   34]]
fine acc: 0.960
fine f1: 0.459
['rnd', 128, 'fold', 8, 'pr', 0.89258114582373949, 'roc', 0.88129240519290153]
8,128,coarse : 141.49 seconds
8,128,fine : 141.5 seconds
[[1825   88]
 [  41   56]]
coarse acc: 0.936
coarse f1: 0.465
['rnd', 129, 'fold', 8, 'pr', 0.89633012573119875, 'roc', 0.89532552637677087]
[[1896   17]
 [  64   33]]
fine acc: 0.960
fine f1: 0.449
['rnd', 129, 'fold', 8, 'pr', 0.89194204009157585, 'roc', 0.88034931909183489]
8,129,coarse : 143.23 seconds
8,129,fine : 143.24 seconds
[[1827   86]
 [  42   55]]
coarse acc: 0.936
coarse f1: 0.462
['rnd', 130, 'fold', 8, 'pr', 0.89647802736512205, 'roc', 0.89553031078728829]
[[1896   17]
 [  64   33]]
fine acc: 0.960
fine f1: 0.449
['rnd', 130, 'fold', 8, 'pr', 0.89247359086961708, 'roc', 0.8812573762805761]
8,130,coarse : 144.55 seconds
8,130,fine : 144.56 seconds
[[1828   85]
 [  44   53]]
coarse acc: 0.936
coarse f1: 0.451
['rnd', 131, 'fold', 8, 'pr', 0.89619571736104742, 'roc', 0.89502643335614696]
[[1898   15]
 [  66   31]]
fine acc: 0.960
fine f1: 0.434
['rnd', 131, 'fold', 8, 'pr', 0.89287623681324646, 'roc', 0.88264775464671996]
8,131,coarse : 146.12 seconds
8,131,fine : 146.13 seconds
[[1828   85]
 [  44   53]]
coarse acc: 0.936
coarse f1: 0.451
['rnd', 132, 'fold', 8, 'pr', 0.8960252142559415, 'roc', 0.89347707761868067]
[[1898   15]
 [  65   32]]
fine acc: 0.960
fine f1: 0.444
['rnd', 132, 'fold', 8, 'pr', 0.89184515570444312, 'roc', 0.88009872764212305]
8,132,coarse : 148.44 seconds
8,132,fine : 148.45 seconds
[[1826   87]
 [  44   53]]
coarse acc: 0.935
coarse f1: 0.447
['rnd', 133, 'fold', 8, 'pr', 0.89537923327456792, 'roc', 0.89189538750060637]
[[1897   16]
 [  65   32]]
fine acc: 0.960
fine f1: 0.441
['rnd', 133, 'fold', 8, 'pr', 0.89138276977299158, 'roc', 0.87967838069421911]
8,133,coarse : 149.41 seconds
8,133,fine : 149.43 seconds
[[1830   83]
 [  42   55]]
coarse acc: 0.938
coarse f1: 0.468
['rnd', 134, 'fold', 8, 'pr', 0.89922480546121386, 'roc', 0.89773174320034921]
[[1897   16]
 [  65   32]]
fine acc: 0.960
fine f1: 0.441
['rnd', 134, 'fold', 8, 'pr', 0.89069743853498173, 'roc', 0.8787406836565872]
8,134,coarse : 151.02 seconds
8,134,fine : 151.03 seconds
[[1830   83]
 [  43   54]]
coarse acc: 0.937
coarse f1: 0.462
['rnd', 135, 'fold', 8, 'pr', 0.89877062348058312, 'roc', 0.89612041323338421]
[[1895   18]
 [  63   34]]
fine acc: 0.960
fine f1: 0.456
['rnd', 135, 'fold', 8, 'pr', 0.89155945549319982, 'roc', 0.88016878546677368]
8,135,coarse : 152.98 seconds
8,135,fine : 153.0 seconds
[[1829   84]
 [  43   54]]
coarse acc: 0.937
coarse f1: 0.460
['rnd', 136, 'fold', 8, 'pr', 0.89872866614288482, 'roc', 0.89680751882130394]
[[1896   17]
 [  60   37]]
fine acc: 0.962
fine f1: 0.490
['rnd', 136, 'fold', 8, 'pr', 0.89346147838397572, 'roc', 0.88121156924138155]
8,136,coarse : 155.07 seconds
8,136,fine : 155.09 seconds
[[1830   83]
 [  42   55]]
coarse acc: 0.938
coarse f1: 0.468
['rnd', 137, 'fold', 8, 'pr', 0.89875819383157762, 'roc', 0.89717128060314388]
[[1895   18]
 [  66   31]]
fine acc: 0.958
fine f1: 0.425
['rnd', 137, 'fold', 8, 'pr', 0.89467620530092573, 'roc', 0.88273397966167455]
8,137,coarse : 158.02 seconds
8,137,fine : 158.04 seconds
[[1831   82]
 [  43   54]]
coarse acc: 0.938
coarse f1: 0.464
['rnd', 138, 'fold', 8, 'pr', 0.89902337153298406, 'roc', 0.896443757039464]
[[1898   15]
 [  63   34]]
fine acc: 0.961
fine f1: 0.466
['rnd', 138, 'fold', 8, 'pr', 0.89419273327137128, 'roc', 0.88182053340949873]
8,138,coarse : 159.17 seconds
8,138,fine : 159.18 seconds
[[1828   85]
 [  43   54]]
coarse acc: 0.936
coarse f1: 0.458
['rnd', 139, 'fold', 8, 'pr', 0.89865937061274792, 'roc', 0.89525546855212024]
[[1898   15]
 [  64   33]]
fine acc: 0.961
fine f1: 0.455
['rnd', 139, 'fold', 8, 'pr', 0.89466897047248517, 'roc', 0.88278248123258662]
8,139,coarse : 161.43 seconds
8,139,fine : 161.45 seconds
[[1824   89]
 [  44   53]]
coarse acc: 0.934
coarse f1: 0.444
['rnd', 140, 'fold', 8, 'pr', 0.89809952043238617, 'roc', 0.89437705121226974]
[[1899   14]
 [  63   34]]
fine acc: 0.962
fine f1: 0.469
['rnd', 140, 'fold', 8, 'pr', 0.89422359423500875, 'roc', 0.88062685585872036]
8,140,coarse : 162.94 seconds
8,140,fine : 166.09 seconds
[[1827   86]
 [  42   55]]
coarse acc: 0.936
coarse f1: 0.462
['rnd', 141, 'fold', 8, 'pr', 0.89870258340807219, 'roc', 0.8946545879791552]
[[1898   15]
 [  62   35]]
fine acc: 0.962
fine f1: 0.476
['rnd', 141, 'fold', 8, 'pr', 0.89637134320436285, 'roc', 0.88253727884630928]
8,141,coarse : 165.74 seconds
8,141,fine : 165.76 seconds
[[1823   90]
 [  41   56]]
coarse acc: 0.935
coarse f1: 0.461
['rnd', 142, 'fold', 8, 'pr', 0.89952834980477803, 'roc', 0.89621202731177352]
[[1898   15]
 [  62   35]]
fine acc: 0.962
fine f1: 0.476
['rnd', 142, 'fold', 8, 'pr', 0.89728800788501228, 'roc', 0.88351539385970113]
8,142,coarse : 167.91 seconds
8,142,fine : 167.93 seconds
[[1826   87]
 [  40   57]]
coarse acc: 0.937
coarse f1: 0.473
['rnd', 143, 'fold', 8, 'pr', 0.90614311480337228, 'roc', 0.89710661184192797]
[[1899   14]
 [  64   33]]
fine acc: 0.961
fine f1: 0.458
['rnd', 143, 'fold', 8, 'pr', 0.89409850120407974, 'roc', 0.88149988413513625]
8,143,coarse : 170.51 seconds
8,143,fine : 170.52 seconds
[[1826   87]
 [  40   57]]
coarse acc: 0.937
coarse f1: 0.473
['rnd', 144, 'fold', 8, 'pr', 0.90469333401376562, 'roc', 0.89537402794768306]
[[1899   14]
 [  61   36]]
fine acc: 0.963
fine f1: 0.490
['rnd', 144, 'fold', 8, 'pr', 0.89597058932889873, 'roc', 0.88327827506857581]
8,144,coarse : 172.17 seconds
8,144,fine : 172.18 seconds
[[1826   87]
 [  39   58]]
coarse acc: 0.937
coarse f1: 0.479
['rnd', 145, 'fold', 8, 'pr', 0.90161840141645266, 'roc', 0.89150737493331034]
[[1898   15]
 [  62   35]]
fine acc: 0.962
fine f1: 0.476
['rnd', 145, 'fold', 8, 'pr', 0.89639074687512466, 'roc', 0.88403274394942899]
8,145,coarse : 175.93 seconds
8,145,fine : 175.95 seconds
[[1824   89]
 [  39   58]]
coarse acc: 0.936
coarse f1: 0.475
['rnd', 146, 'fold', 8, 'pr', 0.90428653484663724, 'roc', 0.89464650438400306]
[[1896   17]
 [  61   36]]
fine acc: 0.961
fine f1: 0.480
['rnd', 146, 'fold', 8, 'pr', 0.89625754885782449, 'roc', 0.88323246802938105]
8,146,coarse : 177.5 seconds
8,146,fine : 177.51 seconds
[[1829   84]
 [  40   57]]
coarse acc: 0.938
coarse f1: 0.479
['rnd', 147, 'fold', 8, 'pr', 0.90432930249098453, 'roc', 0.89439860746600852]
[[1895   18]
 [  63   34]]
fine acc: 0.960
fine f1: 0.456
['rnd', 147, 'fold', 8, 'pr', 0.89571834110882365, 'roc', 0.88258308588550394]
8,147,coarse : 178.56 seconds
8,147,fine : 178.57 seconds
[[1828   85]
 [  40   57]]
coarse acc: 0.938
coarse f1: 0.477
['rnd', 148, 'fold', 8, 'pr', 0.90437347227825571, 'roc', 0.89425040822155522]
[[1895   18]
 [  63   34]]
fine acc: 0.960
fine f1: 0.456
['rnd', 148, 'fold', 8, 'pr', 0.89620855864072957, 'roc', 0.88312199222897059]
8,148,coarse : 180.71 seconds
8,148,fine : 180.73 seconds
[[1828   85]
 [  39   58]]
coarse acc: 0.938
coarse f1: 0.483
['rnd', 149, 'fold', 8, 'pr', 0.90418710536483171, 'roc', 0.89421268477751248]
[[1895   18]
 [  61   36]]
fine acc: 0.961
fine f1: 0.477
['rnd', 149, 'fold', 8, 'pr', 0.89512615705439835, 'roc', 0.88169658495050141]
8,149,coarse : 183.01 seconds
8,149,fine : 183.02 seconds
[[1827   86]
 [  39   58]]
coarse acc: 0.938
coarse f1: 0.481
['rnd', 150, 'fold', 8, 'pr', 0.90364063046390752, 'roc', 0.89418304492862177]
[[1896   17]
 [  59   38]]
fine acc: 0.962
fine f1: 0.500
['rnd', 150, 'fold', 8, 'pr', 0.89528614951944263, 'roc', 0.88204687407375471]
8,150,coarse : 187.17 seconds
8,150,fine : 187.18 seconds
[[1824   89]
 [  39   58]]
coarse acc: 0.936
coarse f1: 0.475
['rnd', 151, 'fold', 8, 'pr', 0.9029306171439232, 'roc', 0.89318337366149136]
[[1895   18]
 [  62   35]]
fine acc: 0.960
fine f1: 0.467
['rnd', 151, 'fold', 8, 'pr', 0.89579588295170565, 'roc', 0.88214926627901336]
8,151,coarse : 187.31 seconds
8,151,fine : 187.33 seconds
[[1825   88]
 [  38   59]]
coarse acc: 0.937
coarse f1: 0.484
['rnd', 152, 'fold', 8, 'pr', 0.89825467912337531, 'roc', 0.89491056849230177]
[[1895   18]
 [  63   34]]
fine acc: 0.960
fine f1: 0.456
['rnd', 152, 'fold', 8, 'pr', 0.8951827467035135, 'roc', 0.88160227634039479]
8,152,coarse : 189.47 seconds
8,152,fine : 189.49 seconds
[[1826   87]
 [  39   58]]
coarse acc: 0.937
coarse f1: 0.479
['rnd', 153, 'fold', 8, 'pr', 0.90322460162888429, 'roc', 0.89432585510964047]
[[1895   18]
 [  59   38]]
fine acc: 0.962
fine f1: 0.497
['rnd', 153, 'fold', 8, 'pr', 0.89500404795587529, 'roc', 0.88173969745797875]
8,153,coarse : 190.82 seconds
8,153,fine : 190.83 seconds
[[1825   88]
 [  43   54]]
coarse acc: 0.935
coarse f1: 0.452
['rnd', 154, 'fold', 8, 'pr', 0.9002064148392297, 'roc', 0.89800119637208231]
[[1895   18]
 [  61   36]]
fine acc: 0.961
fine f1: 0.477
['rnd', 154, 'fold', 8, 'pr', 0.89376985368668216, 'roc', 0.88007447685666707]
8,154,coarse : 192.92 seconds
8,154,fine : 192.93 seconds
[[1826   87]
 [  41   56]]
coarse acc: 0.936
coarse f1: 0.467
['rnd', 155, 'fold', 8, 'pr', 0.90484359229033906, 'roc', 0.89663776332311207]
[[1896   17]
 [  61   36]]
fine acc: 0.961
fine f1: 0.480
['rnd', 155, 'fold', 8, 'pr', 0.89334190766963351, 'roc', 0.87992897214393118]
8,155,coarse : 196.5 seconds
8,155,fine : 196.52 seconds
[[1827   86]
 [  41   56]]
coarse acc: 0.937
coarse f1: 0.469
['rnd', 156, 'fold', 8, 'pr', 0.90460675988414541, 'roc', 0.89563809205598155]
[[1896   17]
 [  63   34]]
fine acc: 0.960
fine f1: 0.459
['rnd', 156, 'fold', 8, 'pr', 0.89794926297117295, 'roc', 0.88623417636249002]
8,156,coarse : 198.4 seconds
8,156,fine : 198.42 seconds
[[1829   84]
 [  42   55]]
coarse acc: 0.937
coarse f1: 0.466
['rnd', 157, 'fold', 8, 'pr', 0.90405529524051609, 'roc', 0.89581054208589084]
[[1894   19]
 [  61   36]]
fine acc: 0.960
fine f1: 0.474
['rnd', 157, 'fold', 8, 'pr', 0.8983713266762251, 'roc', 0.88565215751154613]
8,157,coarse : 201.26 seconds
8,157,fine : 201.28 seconds
[[1828   85]
 [  38   59]]
coarse acc: 0.939
coarse f1: 0.490
['rnd', 158, 'fold', 8, 'pr', 0.90425421147648377, 'roc', 0.89516115994201373]
[[1893   20]
 [  61   36]]
fine acc: 0.960
fine f1: 0.471
['rnd', 158, 'fold', 8, 'pr', 0.90022599908072742, 'roc', 0.88817423919896965]
8,158,coarse : 203.89 seconds
8,158,fine : 203.91 seconds
[[1828   85]
 [  38   59]]
coarse acc: 0.939
coarse f1: 0.490
['rnd', 159, 'fold', 8, 'pr', 0.90439226268560802, 'roc', 0.89527433027414172]
[[1892   21]
 [  60   37]]
fine acc: 0.960
fine f1: 0.477
['rnd', 159, 'fold', 8, 'pr', 0.90157684019186668, 'roc', 0.89071518260841454]
8,159,coarse : 205.51 seconds
8,159,fine : 205.52 seconds
[[1832   81]
 [  40   57]]
coarse acc: 0.940
coarse f1: 0.485
['rnd', 160, 'fold', 8, 'pr', 0.90401966630717201, 'roc', 0.89511535290281896]
[[1894   19]
 [  60   37]]
fine acc: 0.961
fine f1: 0.484
['rnd', 160, 'fold', 8, 'pr', 0.90067652932317233, 'roc', 0.88968856602411062]
8,160,coarse : 208.67 seconds
8,160,fine : 208.68 seconds
[[1827   86]
 [  39   58]]
coarse acc: 0.938
coarse f1: 0.481
['rnd', 161, 'fold', 8, 'pr', 0.90226122635352168, 'roc', 0.89310253770997139]
[[1889   24]
 [  58   39]]
fine acc: 0.959
fine f1: 0.488
['rnd', 161, 'fold', 8, 'pr', 0.90138899070225331, 'roc', 0.89129720145935842]
8,161,coarse : 209.46 seconds
8,161,fine : 209.48 seconds
[[1828   85]
 [  40   57]]
coarse acc: 0.938
coarse f1: 0.477
['rnd', 162, 'fold', 8, 'pr', 0.90220677133420812, 'roc', 0.89282230641136873]
[[1891   22]
 [  60   37]]
fine acc: 0.959
fine f1: 0.474
['rnd', 162, 'fold', 8, 'pr', 0.9016450452766317, 'roc', 0.8918468859296943]
8,162,coarse : 212.37 seconds
8,162,fine : 212.38 seconds
[[1831   82]
 [  38   59]]
coarse acc: 0.940
coarse f1: 0.496
['rnd', 163, 'fold', 8, 'pr', 0.90407919510799384, 'roc', 0.89471656220865381]
[[1889   24]
 [  58   39]]
fine acc: 0.959
fine f1: 0.488
['rnd', 163, 'fold', 8, 'pr', 0.90255266964163938, 'roc', 0.89385970112254187]
8,163,coarse : 214.28 seconds
8,163,fine : 214.29 seconds
[[1829   84]
 [  37   60]]
coarse acc: 0.940
coarse f1: 0.498
['rnd', 164, 'fold', 8, 'pr', 0.90517492752181739, 'roc', 0.89644645157118141]
[[1889   24]
 [  58   39]]
fine acc: 0.959
fine f1: 0.488
['rnd', 164, 'fold', 8, 'pr', 0.90305155655355529, 'roc', 0.89465997704258959]
8,164,coarse : 216.66 seconds
8,164,fine : 216.68 seconds
[[1831   82]
 [  37   60]]
coarse acc: 0.941
coarse f1: 0.502
['rnd', 165, 'fold', 8, 'pr', 0.90601381301665462, 'roc', 0.89750809706781054]
[[1889   24]
 [  58   39]]
fine acc: 0.959
fine f1: 0.488
['rnd', 165, 'fold', 8, 'pr', 0.90404999613216908, 'roc', 0.8956785100317417]
8,165,coarse : 217.98 seconds
8,165,fine : 218.0 seconds
[[1831   82]
 [  39   58]]
coarse acc: 0.940
coarse f1: 0.489
['rnd', 166, 'fold', 8, 'pr', 0.90601173081658637, 'roc', 0.89715780794455735]
[[1890   23]
 [  59   38]]
fine acc: 0.959
fine f1: 0.481
['rnd', 166, 'fold', 8, 'pr', 0.90407808094822073, 'roc', 0.89603688275014681]
8,166,coarse : 222.07 seconds
8,166,fine : 222.08 seconds
[[1833   80]
 [  38   59]]
coarse acc: 0.941
coarse f1: 0.500
['rnd', 167, 'fold', 8, 'pr', 0.90732433284897396, 'roc', 0.89869099649171968]
[[1888   25]
 [  58   39]]
fine acc: 0.959
fine f1: 0.484
['rnd', 167, 'fold', 8, 'pr', 0.90377781777828869, 'roc', 0.89573240066608817]
8,167,coarse : 224.15 seconds
8,167,fine : 224.16 seconds
[[1828   85]
 [  37   60]]
coarse acc: 0.939
coarse f1: 0.496
['rnd', 168, 'fold', 8, 'pr', 0.90570856235728003, 'roc', 0.89591562882286691]
[[1890   23]
 [  58   39]]
fine acc: 0.960
fine f1: 0.491
['rnd', 168, 'fold', 8, 'pr', 0.90416167725891672, 'roc', 0.89491865208745358]
8,168,coarse : 227.0 seconds
8,168,fine : 227.01 seconds
[[1829   84]
 [  37   60]]
coarse acc: 0.940
coarse f1: 0.498
['rnd', 169, 'fold', 8, 'pr', 0.90560038286014821, 'roc', 0.89591562882286679]
[[1889   24]
 [  56   41]]
fine acc: 0.960
fine f1: 0.506
['rnd', 169, 'fold', 8, 'pr', 0.90492747785967043, 'roc', 0.89677787897241334]
8,169,coarse : 229.39 seconds
8,169,fine : 229.4 seconds
[[1829   84]
 [  40   57]]
coarse acc: 0.938
coarse f1: 0.479
['rnd', 170, 'fold', 8, 'pr', 0.90733106256047247, 'roc', 0.89836226362220506]
[[1889   24]
 [  58   39]]
fine acc: 0.959
fine f1: 0.488
['rnd', 170, 'fold', 8, 'pr', 0.90658969751980323, 'roc', 0.89868830196000238]
8,170,coarse : 232.29 seconds
8,170,fine : 232.31 seconds
[[1827   86]
 [  39   58]]
coarse acc: 0.938
coarse f1: 0.481
['rnd', 171, 'fold', 8, 'pr', 0.90560073514246264, 'roc', 0.89715511341283993]
[[1889   24]
 [  57   40]]
fine acc: 0.960
fine f1: 0.497
['rnd', 171, 'fold', 8, 'pr', 0.90849874926493701, 'roc', 0.90187862751332437]
8,171,coarse : 232.97 seconds
8,171,fine : 232.98 seconds
[[1828   85]
 [  37   60]]
coarse acc: 0.939
coarse f1: 0.496
['rnd', 172, 'fold', 8, 'pr', 0.90769402693758505, 'roc', 0.90037507881505274]
[[1888   25]
 [  58   39]]
fine acc: 0.959
fine f1: 0.484
['rnd', 172, 'fold', 8, 'pr', 0.90600370307304501, 'roc', 0.89798772371349578]
8,172,coarse : 232.45 seconds
8,172,fine : 232.46 seconds
