home
all           0      1    2    3    4    5    6    7    8    
1      2010   1914   1    19   32   19   1    11   6    7    
2      2010   1914   1    19   32   19   1    11   6    7    
3      2010   1914   1    19   32   19   1    11   5    8    
4      2010   1914   1    19   32   19   1    10   6    8    
5      2010   1914   1    18   33   19   1    10   6    8    
6      2010   1914   1    18   33   19   1    10   6    8    
7      2010   1913   2    18   33   19   1    10   6    8    
8      2010   1913   2    18   33   19   1    10   6    8    
9      2009   1913   2    18   32   19   2    10   6    7    
10     2009   1913   1    19   32   19   1    11   6    7    
Total  20098  19136  13   185  324  190  11   104  59   76   
train         0      1    2    3    4    5    6    7    8    
1      2010   1914   1    19   32   19   1    11   6    7    
2      2010   1914   1    19   32   19   1    11   6    7    
4      2010   1914   1    19   32   19   1    10   6    8    
5      2010   1914   1    18   33   19   1    10   6    8    
6      2010   1914   1    18   33   19   1    10   6    8    
7      2010   1913   2    18   33   19   1    10   6    8    
8      2010   1913   2    18   33   19   1    10   6    8    
9      2009   1913   2    18   32   19   2    10   6    7    
10     2009   1913   1    19   32   19   1    11   6    7    
Total  18088  17222  12   166  292  171  10   93   54   68   
test          0      1    2    3    4    5    6    7    8    
3      2010   1914   1    19   32   19   1    11   5    8    
Total  2010   1914   1    19   32   19   1    11   5    8    
Classes             
0         17222     
1         12        
2         166       
3         292       
4         171       
5         10        
6         93        
7         54        
8         68        
Total     18088     

Shape: 450       

[952, 10, 11, 16, 11, 10, 10, 10, 10]
Sum start => 1040
[[1841   73]
 [  64   32]]
coarse acc: 0.932
coarse f1: 0.318
['rnd', 1, 'fold', 3, 'pr', 0.85596454075272554, 'roc', 0.84636777255311746]
[[1914    0]
 [  93    3]]
fine acc: 0.954
fine f1: 0.061
['rnd', 1, 'fold', 3, 'pr', 0.80355743430258719, 'roc', 0.80927812608847094]
3,1,coarse : 29.08 seconds
3,1,fine : 29.08 seconds
[[1841   73]
 [  64   32]]
coarse acc: 0.932
coarse f1: 0.318
['rnd', 2, 'fold', 3, 'pr', 0.85596454075272554, 'roc', 0.84636777255311746]
[[1914    0]
 [  93    3]]
fine acc: 0.954
fine f1: 0.061
['rnd', 2, 'fold', 3, 'pr', 0.80355743430258719, 'roc', 0.80927812608847094]
3,2,coarse : 32.59 seconds
3,2,fine : 32.6 seconds
[[1825   89]
 [  58   38]]
coarse acc: 0.927
coarse f1: 0.341
['rnd', 3, 'fold', 3, 'pr', 0.86173936053781641, 'roc', 0.85017197840473702]
[[1913    1]
 [  93    3]]
fine acc: 0.953
fine f1: 0.060
['rnd', 3, 'fold', 3, 'pr', 0.80505329085046207, 'roc', 0.81093260188087779]
3,3,coarse : 5.61 seconds
3,3,fine : 5.62 seconds
[[1829   85]
 [  53   43]]
coarse acc: 0.931
coarse f1: 0.384
['rnd', 4, 'fold', 3, 'pr', 0.86823169895516483, 'roc', 0.85754636886102398]
[[1914    0]
 [  93    3]]
fine acc: 0.954
fine f1: 0.061
['rnd', 4, 'fold', 3, 'pr', 0.80721866398870834, 'roc', 0.80896246952281436]
3,4,coarse : 6.01 seconds
3,4,fine : 6.01 seconds
[[1841   73]
 [  52   44]]
coarse acc: 0.938
coarse f1: 0.413
['rnd', 5, 'fold', 3, 'pr', 0.86800792069265154, 'roc', 0.85541296586555193]
[[1914    0]
 [  95    1]]
fine acc: 0.953
fine f1: 0.021
['rnd', 5, 'fold', 3, 'pr', 0.80535884903102328, 'roc', 0.80559365203761746]
3,5,coarse : 6.26 seconds
3,5,fine : 6.27 seconds
[[1842   72]
 [  58   38]]
coarse acc: 0.935
coarse f1: 0.369
['rnd', 6, 'fold', 3, 'pr', 0.87012534769538474, 'roc', 0.85985936955764541]
[[1914    0]
 [  95    1]]
fine acc: 0.953
fine f1: 0.021
['rnd', 6, 'fold', 3, 'pr', 0.81117859638179246, 'roc', 0.81800766283524895]
3,6,coarse : 6.66 seconds
3,6,fine : 6.67 seconds
[[1841   73]
 [  58   38]]
coarse acc: 0.935
coarse f1: 0.367
['rnd', 7, 'fold', 3, 'pr', 0.86924412449060806, 'roc', 0.85913009404388718]
[[1914    0]
 [  94    2]]
fine acc: 0.953
fine f1: 0.041
['rnd', 7, 'fold', 3, 'pr', 0.81501513531442082, 'roc', 0.81368643329850232]
3,7,coarse : 7.1 seconds
3,7,fine : 7.11 seconds
[[1840   74]
 [  52   44]]
coarse acc: 0.937
coarse f1: 0.411
['rnd', 8, 'fold', 3, 'pr', 0.87411078244095697, 'roc', 0.86316287878787878]
[[1914    0]
 [  93    3]]
fine acc: 0.954
fine f1: 0.061
['rnd', 8, 'fold', 3, 'pr', 0.83095588470032256, 'roc', 0.83064481017067227]
3,8,coarse : 7.56 seconds
3,8,fine : 7.56 seconds
[[1840   74]
 [  50   46]]
coarse acc: 0.938
coarse f1: 0.426
['rnd', 9, 'fold', 3, 'pr', 0.8744950676346781, 'roc', 0.85876001393242785]
[[1913    1]
 [  91    5]]
fine acc: 0.954
fine f1: 0.098
['rnd', 9, 'fold', 3, 'pr', 0.83417022525674389, 'roc', 0.82968151340996177]
3,9,coarse : 7.95 seconds
3,9,fine : 7.95 seconds
[[1841   73]
 [  52   44]]
coarse acc: 0.938
coarse f1: 0.413
['rnd', 10, 'fold', 3, 'pr', 0.8689781446786069, 'roc', 0.85523881051898298]
[[1911    3]
 [  90    6]]
fine acc: 0.954
fine f1: 0.114
['rnd', 10, 'fold', 3, 'pr', 0.83157360412808523, 'roc', 0.83289794496691061]
3,10,coarse : 8.56 seconds
3,10,fine : 8.56 seconds
[[1851   63]
 [  56   40]]
coarse acc: 0.941
coarse f1: 0.402
['rnd', 11, 'fold', 3, 'pr', 0.86956227143982701, 'roc', 0.85609326018808785]
[[1912    2]
 [  87    9]]
fine acc: 0.956
fine f1: 0.168
['rnd', 11, 'fold', 3, 'pr', 0.82410396483033188, 'roc', 0.82538205329153613]
3,11,coarse : 8.91 seconds
3,11,fine : 8.91 seconds
[[1851   63]
 [  55   41]]
coarse acc: 0.941
coarse f1: 0.410
['rnd', 12, 'fold', 3, 'pr', 0.87290778453222306, 'roc', 0.85879811041448972]
[[1912    2]
 [  90    6]]
fine acc: 0.954
fine f1: 0.115
['rnd', 12, 'fold', 3, 'pr', 0.82314697612430443, 'roc', 0.8263616771159874]
3,12,coarse : 9.32 seconds
3,12,fine : 9.33 seconds
[[1844   70]
 [  53   43]]
coarse acc: 0.939
coarse f1: 0.411
['rnd', 13, 'fold', 3, 'pr', 0.87864815017634768, 'roc', 0.8660527690700105]
[[1912    2]
 [  88    8]]
fine acc: 0.955
fine f1: 0.151
['rnd', 13, 'fold', 3, 'pr', 0.84100668513634169, 'roc', 0.83867228317659348]
3,13,coarse : 9.68 seconds
3,13,fine : 9.68 seconds
[[1844   70]
 [  51   45]]
coarse acc: 0.940
coarse f1: 0.427
['rnd', 14, 'fold', 3, 'pr', 0.87918335795809377, 'roc', 0.86607998084291193]
[[1910    4]
 [  89    7]]
fine acc: 0.954
fine f1: 0.131
['rnd', 14, 'fold', 3, 'pr', 0.83836156490714198, 'roc', 0.83641370602577514]
3,14,coarse : 10.37 seconds
3,14,fine : 10.37 seconds
[[1849   65]
 [  52   44]]
coarse acc: 0.942
coarse f1: 0.429
['rnd', 15, 'fold', 3, 'pr', 0.87770634616884635, 'roc', 0.86383773075583414]
[[1911    3]
 [  90    6]]
fine acc: 0.954
fine f1: 0.114
['rnd', 15, 'fold', 3, 'pr', 0.83415244582232639, 'roc', 0.82444052594914663]
3,15,coarse : 10.93 seconds
3,15,fine : 10.94 seconds
[[1843   71]
 [  57   39]]
coarse acc: 0.936
coarse f1: 0.379
['rnd', 16, 'fold', 3, 'pr', 0.87019415723343629, 'roc', 0.85360610414489724]
[[1912    2]
 [  86   10]]
fine acc: 0.956
fine f1: 0.185
['rnd', 16, 'fold', 3, 'pr', 0.84256505090518452, 'roc', 0.82533307210031359]
3,16,coarse : 11.47 seconds
3,16,fine : 11.47 seconds
[[1841   73]
 [  51   45]]
coarse acc: 0.938
coarse f1: 0.421
['rnd', 17, 'fold', 3, 'pr', 0.87963401522146845, 'roc', 0.8652527429467084]
[[1908    6]
 [  87    9]]
fine acc: 0.954
fine f1: 0.162
['rnd', 17, 'fold', 3, 'pr', 0.85334259187362171, 'roc', 0.83841649251132011]
3,17,coarse : 12.17 seconds
3,17,fine : 12.17 seconds
[[1844   70]
 [  50   46]]
coarse acc: 0.940
coarse f1: 0.434
['rnd', 18, 'fold', 3, 'pr', 0.88182264584004344, 'roc', 0.86782697666318354]
[[1911    3]
 [  87    9]]
fine acc: 0.955
fine f1: 0.167
['rnd', 18, 'fold', 3, 'pr', 0.85451058304134953, 'roc', 0.84025056600487635]
3,18,coarse : 12.59 seconds
3,18,fine : 12.6 seconds
[[1847   67]
 [  50   46]]
coarse acc: 0.942
coarse f1: 0.440
['rnd', 19, 'fold', 3, 'pr', 0.88327090268473119, 'roc', 0.86941614420062685]
[[1908    6]
 [  87    9]]
fine acc: 0.954
fine f1: 0.162
['rnd', 19, 'fold', 3, 'pr', 0.85895082720424631, 'roc', 0.84571469000348309]
3,19,coarse : 12.98 seconds
3,19,fine : 12.99 seconds
[[1845   69]
 [  52   44]]
coarse acc: 0.940
coarse f1: 0.421
['rnd', 20, 'fold', 3, 'pr', 0.88255625606124555, 'roc', 0.86945424068268895]
[[1909    5]
 [  87    9]]
fine acc: 0.954
fine f1: 0.164
['rnd', 20, 'fold', 3, 'pr', 0.85684783027070632, 'roc', 0.84319487983281083]
3,20,coarse : 13.3 seconds
3,20,fine : 13.3 seconds
[[1847   67]
 [  57   39]]
coarse acc: 0.938
coarse f1: 0.386
['rnd', 21, 'fold', 3, 'pr', 0.87812390288884745, 'roc', 0.86919300766283525]
[[1910    4]
 [  88    8]]
fine acc: 0.954
fine f1: 0.148
['rnd', 21, 'fold', 3, 'pr', 0.84721632557764071, 'roc', 0.83447622779519326]
3,21,coarse : 13.93 seconds
3,21,fine : 13.93 seconds
[[1847   67]
 [  57   39]]
coarse acc: 0.938
coarse f1: 0.386
['rnd', 22, 'fold', 3, 'pr', 0.87733044844271657, 'roc', 0.86883381226053635]
[[1910    4]
 [  88    8]]
fine acc: 0.954
fine f1: 0.148
['rnd', 22, 'fold', 3, 'pr', 0.83952681344922864, 'roc', 0.82280781957506099]
3,22,coarse : 14.73 seconds
3,22,fine : 14.74 seconds
[[1844   70]
 [  58   38]]
coarse acc: 0.936
coarse f1: 0.373
['rnd', 23, 'fold', 3, 'pr', 0.87731552774332167, 'roc', 0.86824603796586575]
[[1911    3]
 [  84   12]]
fine acc: 0.957
fine f1: 0.216
['rnd', 23, 'fold', 3, 'pr', 0.84969269566452788, 'roc', 0.83007880529432254]
3,23,coarse : 15.39 seconds
3,23,fine : 15.4 seconds
[[1844   70]
 [  56   40]]
coarse acc: 0.937
coarse f1: 0.388
['rnd', 24, 'fold', 3, 'pr', 0.88261098661363446, 'roc', 0.87324756182514807]
[[1910    4]
 [  85   11]]
fine acc: 0.956
fine f1: 0.198
['rnd', 24, 'fold', 3, 'pr', 0.85330308670457455, 'roc', 0.83392654998258453]
3,24,coarse : 15.97 seconds
3,24,fine : 15.98 seconds
[[1844   70]
 [  58   38]]
coarse acc: 0.936
coarse f1: 0.373
['rnd', 25, 'fold', 3, 'pr', 0.87899598814745561, 'roc', 0.87185976140717514]
[[1908    6]
 [  86   10]]
fine acc: 0.954
fine f1: 0.179
['rnd', 25, 'fold', 3, 'pr', 0.85578343526068879, 'roc', 0.83812260536398464]
3,25,coarse : 16.61 seconds
3,25,fine : 16.61 seconds
[[1844   70]
 [  57   39]]
coarse acc: 0.937
coarse f1: 0.380
['rnd', 26, 'fold', 3, 'pr', 0.87919823356447391, 'roc', 0.87115225531173812]
[[1908    6]
 [  87    9]]
fine acc: 0.954
fine f1: 0.162
['rnd', 26, 'fold', 3, 'pr', 0.8522960730166067, 'roc', 0.83330612156043182]
3,26,coarse : 17.44 seconds
3,26,fine : 17.45 seconds
[[1840   74]
 [  54   42]]
coarse acc: 0.936
coarse f1: 0.396
['rnd', 27, 'fold', 3, 'pr', 0.87658160430503107, 'roc', 0.86700518112156044]
[[1911    3]
 [  89    7]]
fine acc: 0.954
fine f1: 0.132
['rnd', 27, 'fold', 3, 'pr', 0.84604627472103511, 'roc', 0.82575213340299536]
3,27,coarse : 18.3 seconds
3,27,fine : 18.31 seconds
[[1842   72]
 [  52   44]]
coarse acc: 0.938
coarse f1: 0.415
['rnd', 28, 'fold', 3, 'pr', 0.87746458165753383, 'roc', 0.86765282131661436]
[[1907    7]
 [  86   10]]
fine acc: 0.954
fine f1: 0.177
['rnd', 28, 'fold', 3, 'pr', 0.84655299217599755, 'roc', 0.8297304946011842]
3,28,coarse : 18.8 seconds
3,28,fine : 18.8 seconds
[[1833   81]
 [  55   41]]
coarse acc: 0.932
coarse f1: 0.376
['rnd', 29, 'fold', 3, 'pr', 0.8704935650891592, 'roc', 0.86143221003134796]
[[1908    6]
 [  88    8]]
fine acc: 0.953
fine f1: 0.145
['rnd', 29, 'fold', 3, 'pr', 0.84271542834023372, 'roc', 0.82681339254615105]
3,29,coarse : 19.59 seconds
3,29,fine : 19.6 seconds
[[1834   80]
 [  57   39]]
coarse acc: 0.932
coarse f1: 0.363
['rnd', 30, 'fold', 3, 'pr', 0.87074731308287567, 'roc', 0.86315743643329845]
[[1908    6]
 [  85   11]]
fine acc: 0.955
fine f1: 0.195
['rnd', 30, 'fold', 3, 'pr', 0.84562854732787129, 'roc', 0.83099312086381039]
3,30,coarse : 20.52 seconds
3,30,fine : 20.53 seconds
[[1842   72]
 [  53   43]]
coarse acc: 0.938
coarse f1: 0.408
['rnd', 31, 'fold', 3, 'pr', 0.87553432194987213, 'roc', 0.86814807558342044]
[[1907    7]
 [  85   11]]
fine acc: 0.954
fine f1: 0.193
['rnd', 31, 'fold', 3, 'pr', 0.84513294704549757, 'roc', 0.83028017241379304]
3,31,coarse : 21.08 seconds
3,31,fine : 21.08 seconds
[[1840   74]
 [  52   44]]
coarse acc: 0.937
coarse f1: 0.411
['rnd', 32, 'fold', 3, 'pr', 0.87612091714252516, 'roc', 0.86938349007314519]
[[1904   10]
 [  80   16]]
fine acc: 0.955
fine f1: 0.262
['rnd', 32, 'fold', 3, 'pr', 0.8522497323625764, 'roc', 0.83728992511320111]
3,32,coarse : 22.02 seconds
3,32,fine : 22.03 seconds
[[1842   72]
 [  52   44]]
coarse acc: 0.938
coarse f1: 0.415
['rnd', 33, 'fold', 3, 'pr', 0.87866052140687478, 'roc', 0.87128287182166497]
[[1904   10]
 [  79   17]]
fine acc: 0.956
fine f1: 0.276
['rnd', 33, 'fold', 3, 'pr', 0.86388466575247158, 'roc', 0.84884948624172762]
3,33,coarse : 22.78 seconds
3,33,fine : 22.79 seconds
[[1839   75]
 [  53   43]]
coarse acc: 0.936
coarse f1: 0.402
['rnd', 34, 'fold', 3, 'pr', 0.87814640522338161, 'roc', 0.87171826018808773]
[[1902   12]
 [  76   20]]
fine acc: 0.956
fine f1: 0.312
['rnd', 34, 'fold', 3, 'pr', 0.86720654384828533, 'roc', 0.84976924416579591]
3,34,coarse : 23.3 seconds
3,34,fine : 23.3 seconds
[[1843   71]
 [  52   44]]
coarse acc: 0.939
coarse f1: 0.417
['rnd', 35, 'fold', 3, 'pr', 0.88157454384107059, 'roc', 0.87448297631487282]
[[1901   13]
 [  76   20]]
fine acc: 0.956
fine f1: 0.310
['rnd', 35, 'fold', 3, 'pr', 0.86283477379059581, 'roc', 0.84275404911180773]
3,35,coarse : 24.05 seconds
3,35,fine : 24.06 seconds
[[1837   77]
 [  54   42]]
coarse acc: 0.935
coarse f1: 0.391
['rnd', 36, 'fold', 3, 'pr', 0.87708768670171311, 'roc', 0.87078217520027867]
[[1900   14]
 [  79   17]]
fine acc: 0.954
fine f1: 0.268
['rnd', 36, 'fold', 3, 'pr', 0.85890422223181051, 'roc', 0.83549394810170674]
3,36,coarse : 25.05 seconds
3,36,fine : 25.06 seconds
[[1840   74]
 [  53   43]]
coarse acc: 0.937
coarse f1: 0.404
['rnd', 37, 'fold', 3, 'pr', 0.87860009121092875, 'roc', 0.87029780564263326]
[[1900   14]
 [  75   21]]
fine acc: 0.956
fine f1: 0.321
['rnd', 37, 'fold', 3, 'pr', 0.85886541104856529, 'roc', 0.83429663009404387]
3,37,coarse : 25.69 seconds
3,37,fine : 25.7 seconds
[[1838   76]
 [  51   45]]
coarse acc: 0.937
coarse f1: 0.415
['rnd', 38, 'fold', 3, 'pr', 0.88008411988478807, 'roc', 0.87163662486938354]
[[1901   13]
 [  73   23]]
fine acc: 0.957
fine f1: 0.348
['rnd', 38, 'fold', 3, 'pr', 0.86124173843939056, 'roc', 0.83808995123650287]
3,38,coarse : 27.11 seconds
3,38,fine : 27.11 seconds
[[1839   75]
 [  49   47]]
coarse acc: 0.938
coarse f1: 0.431
['rnd', 39, 'fold', 3, 'pr', 0.88612986191091525, 'roc', 0.87506530825496343]
[[1900   14]
 [  74   22]]
fine acc: 0.956
fine f1: 0.333
['rnd', 39, 'fold', 3, 'pr', 0.85620254039320065, 'roc', 0.84062608847091602]
3,39,coarse : 27.49 seconds
3,39,fine : 27.49 seconds
[[1839   75]
 [  51   45]]
coarse acc: 0.937
coarse f1: 0.417
['rnd', 40, 'fold', 3, 'pr', 0.88964647122965834, 'roc', 0.87730211598746077]
[[1900   14]
 [  75   21]]
fine acc: 0.956
fine f1: 0.321
['rnd', 40, 'fold', 3, 'pr', 0.86096741676084831, 'roc', 0.84720589515848144]
3,40,coarse : 28.04 seconds
3,40,fine : 28.05 seconds
[[1834   80]
 [  48   48]]
coarse acc: 0.936
coarse f1: 0.429
['rnd', 41, 'fold', 3, 'pr', 0.88894093855350864, 'roc', 0.87800417972831768]
[[1899   15]
 [  76   20]]
fine acc: 0.955
fine f1: 0.305
['rnd', 41, 'fold', 3, 'pr', 0.85958029285080984, 'roc', 0.84626436781609182]
3,41,coarse : 29.17 seconds
3,41,fine : 29.18 seconds
[[1835   79]
 [  47   49]]
coarse acc: 0.937
coarse f1: 0.438
['rnd', 42, 'fold', 3, 'pr', 0.89034603613432783, 'roc', 0.87796608324625569]
[[1899   15]
 [  75   21]]
fine acc: 0.955
fine f1: 0.318
['rnd', 42, 'fold', 3, 'pr', 0.85973505619520141, 'roc', 0.84769570707070707]
3,42,coarse : 29.88 seconds
3,42,fine : 29.89 seconds
[[1837   77]
 [  45   51]]
coarse acc: 0.939
coarse f1: 0.455
['rnd', 43, 'fold', 3, 'pr', 0.89140392209470054, 'roc', 0.8791307471264368]
[[1900   14]
 [  75   21]]
fine acc: 0.956
fine f1: 0.321
['rnd', 43, 'fold', 3, 'pr', 0.86187068764170083, 'roc', 0.85305098397770829]
3,43,coarse : 31.05 seconds
3,43,fine : 31.06 seconds
[[1842   72]
 [  49   47]]
coarse acc: 0.940
coarse f1: 0.437
['rnd', 44, 'fold', 3, 'pr', 0.89170529142481447, 'roc', 0.87972940613026818]
[[1899   15]
 [  75   21]]
fine acc: 0.955
fine f1: 0.318
['rnd', 44, 'fold', 3, 'pr', 0.86312175933753887, 'roc', 0.85338296760710564]
3,44,coarse : 31.86 seconds
3,44,fine : 31.87 seconds
[[1839   75]
 [  48   48]]
coarse acc: 0.939
coarse f1: 0.438
['rnd', 45, 'fold', 3, 'pr', 0.89308765938248136, 'roc', 0.88144919017763856]
[[1899   15]
 [  75   21]]
fine acc: 0.955
fine f1: 0.318
['rnd', 45, 'fold', 3, 'pr', 0.87232985567456045, 'roc', 0.85583746952281436]
3,45,coarse : 33.07 seconds
3,45,fine : 33.08 seconds
[[1836   78]
 [  47   49]]
coarse acc: 0.938
coarse f1: 0.439
['rnd', 46, 'fold', 3, 'pr', 0.89277162175420377, 'roc', 0.88138388192267503]
[[1898   16]
 [  77   19]]
fine acc: 0.954
fine f1: 0.290
['rnd', 46, 'fold', 3, 'pr', 0.86695210138584466, 'roc', 0.85435714907697669]
3,46,coarse : 33.66 seconds
3,46,fine : 33.66 seconds
[[1836   78]
 [  51   45]]
coarse acc: 0.936
coarse f1: 0.411
['rnd', 47, 'fold', 3, 'pr', 0.89282493573012467, 'roc', 0.88045323928944619]
[[1900   14]
 [  73   23]]
fine acc: 0.957
fine f1: 0.346
['rnd', 47, 'fold', 3, 'pr', 0.87226747929485993, 'roc', 0.85511907871821657]
3,47,coarse : 34.41 seconds
3,47,fine : 34.42 seconds
[[1838   76]
 [  50   46]]
coarse acc: 0.937
coarse f1: 0.422
['rnd', 48, 'fold', 3, 'pr', 0.89258852712289516, 'roc', 0.88073624172762099]
[[1898   16]
 [  75   21]]
fine acc: 0.955
fine f1: 0.316
['rnd', 48, 'fold', 3, 'pr', 0.87265640351718099, 'roc', 0.85592998955067923]
3,48,coarse : 35.35 seconds
3,48,fine : 35.36 seconds
[[1841   73]
 [  50   46]]
coarse acc: 0.939
coarse f1: 0.428
['rnd', 49, 'fold', 3, 'pr', 0.88951047924669102, 'roc', 0.8743795715778474]
[[1904   10]
 [  76   20]]
fine acc: 0.957
fine f1: 0.317
['rnd', 49, 'fold', 3, 'pr', 0.87460943632899735, 'roc', 0.85787291013584122]
3,49,coarse : 36.48 seconds
3,49,fine : 36.48 seconds
[[1842   72]
 [  50   46]]
coarse acc: 0.939
coarse f1: 0.430
['rnd', 50, 'fold', 3, 'pr', 0.88646386251191622, 'roc', 0.8710869470567747]
[[1899   15]
 [  72   24]]
fine acc: 0.957
fine f1: 0.356
['rnd', 50, 'fold', 3, 'pr', 0.87593255029617834, 'roc', 0.86024577673284575]
3,50,coarse : 39.01 seconds
3,50,fine : 39.02 seconds
[[1846   68]
 [  46   50]]
coarse acc: 0.943
coarse f1: 0.467
['rnd', 51, 'fold', 3, 'pr', 0.8895797794619813, 'roc', 0.87292102055033083]
[[1902   12]
 [  72   24]]
fine acc: 0.958
fine f1: 0.364
['rnd', 51, 'fold', 3, 'pr', 0.87204253168480561, 'roc', 0.85542929292929304]
3,51,coarse : 38.58 seconds
3,51,fine : 38.59 seconds
[[1845   69]
 [  46   50]]
coarse acc: 0.943
coarse f1: 0.465
['rnd', 52, 'fold', 3, 'pr', 0.89099426953611016, 'roc', 0.87566940961337525]
[[1901   13]
 [  73   23]]
fine acc: 0.957
fine f1: 0.348
['rnd', 52, 'fold', 3, 'pr', 0.87336640026981682, 'roc', 0.85482519157088133]
3,52,coarse : 39.68 seconds
3,52,fine : 39.69 seconds
[[1841   73]
 [  46   50]]
coarse acc: 0.941
coarse f1: 0.457
['rnd', 53, 'fold', 3, 'pr', 0.89037494231853176, 'roc', 0.87436868686868685]
[[1902   12]
 [  79   17]]
fine acc: 0.955
fine f1: 0.272
['rnd', 53, 'fold', 3, 'pr', 0.87176763223301357, 'roc', 0.85818312434691746]
3,53,coarse : 41.24 seconds
3,53,fine : 41.25 seconds
[[1832   82]
 [  48   48]]
coarse acc: 0.935
coarse f1: 0.425
['rnd', 54, 'fold', 3, 'pr', 0.8908606177942554, 'roc', 0.87599595088819227]
[[1901   13]
 [  74   22]]
fine acc: 0.957
fine f1: 0.336
['rnd', 54, 'fold', 3, 'pr', 0.87255036906411798, 'roc', 0.85769875478927193]
3,54,coarse : 42.43 seconds
3,54,fine : 42.44 seconds
[[1836   78]
 [  47   49]]
coarse acc: 0.938
coarse f1: 0.439
['rnd', 55, 'fold', 3, 'pr', 0.88974243918501972, 'roc', 0.87452107279693481]
[[1898   16]
 [  73   23]]
fine acc: 0.956
fine f1: 0.341
['rnd', 55, 'fold', 3, 'pr', 0.87697415174646987, 'roc', 0.86343499651689304]
3,55,coarse : 43.71 seconds
3,55,fine : 43.72 seconds
[[1832   82]
 [  44   52]]
coarse acc: 0.937
coarse f1: 0.452
['rnd', 56, 'fold', 3, 'pr', 0.89379191213377962, 'roc', 0.87896203413444807]
[[1899   15]
 [  71   25]]
fine acc: 0.957
fine f1: 0.368
['rnd', 56, 'fold', 3, 'pr', 0.87306639327674618, 'roc', 0.85742663706025768]
3,56,coarse : 44.32 seconds
3,56,fine : 44.33 seconds
[[1828   86]
 [  44   52]]
coarse acc: 0.935
coarse f1: 0.444
['rnd', 57, 'fold', 3, 'pr', 0.89325411111414998, 'roc', 0.87632793451758972]
[[1903   11]
 [  75   21]]
fine acc: 0.957
fine f1: 0.328
['rnd', 57, 'fold', 3, 'pr', 0.87212811860982098, 'roc', 0.85489049982584453]
3,57,coarse : 45.34 seconds
3,57,fine : 45.35 seconds
[[1835   79]
 [  44   52]]
coarse acc: 0.939
coarse f1: 0.458
['rnd', 58, 'fold', 3, 'pr', 0.89098860704662664, 'roc', 0.87231691919191912]
[[1902   12]
 [  75   21]]
fine acc: 0.957
fine f1: 0.326
['rnd', 58, 'fold', 3, 'pr', 0.87280276251591493, 'roc', 0.85570685301288751]
3,58,coarse : 46.9 seconds
3,58,fine : 46.91 seconds
[[1831   83]
 [  42   54]]
coarse acc: 0.938
coarse f1: 0.464
['rnd', 59, 'fold', 3, 'pr', 0.89154921652014218, 'roc', 0.87263801811215602]
[[1904   10]
 [  74   22]]
fine acc: 0.958
fine f1: 0.344
['rnd', 59, 'fold', 3, 'pr', 0.87674007292567868, 'roc', 0.86031108498780906]
3,59,coarse : 47.87 seconds
3,59,fine : 47.88 seconds
[[1831   83]
 [  44   52]]
coarse acc: 0.937
coarse f1: 0.450
['rnd', 60, 'fold', 3, 'pr', 0.88993967321627698, 'roc', 0.86964472309299901]
[[1905    9]
 [  74   22]]
fine acc: 0.959
fine f1: 0.346
['rnd', 60, 'fold', 3, 'pr', 0.87472034272685883, 'roc', 0.85865116684082199]
3,60,coarse : 49.15 seconds
3,60,fine : 49.16 seconds
[[1830   84]
 [  43   53]]
coarse acc: 0.937
coarse f1: 0.455
['rnd', 61, 'fold', 3, 'pr', 0.88734096052613587, 'roc', 0.86689633402995481]
[[1903   11]
 [  72   24]]
fine acc: 0.959
fine f1: 0.366
['rnd', 61, 'fold', 3, 'pr', 0.88001326058117735, 'roc', 0.86744601184256354]
3,61,coarse : 50.13 seconds
3,61,fine : 50.14 seconds
[[1828   86]
 [  43   53]]
coarse acc: 0.936
coarse f1: 0.451
['rnd', 62, 'fold', 3, 'pr', 0.88998159930536891, 'roc', 0.86922021943573669]
[[1902   12]
 [  72   24]]
fine acc: 0.958
fine f1: 0.364
['rnd', 62, 'fold', 3, 'pr', 0.88314998623054619, 'roc', 0.87457549634273768]
3,62,coarse : 52.01 seconds
3,62,fine : 52.02 seconds
[[1827   87]
 [  44   52]]
coarse acc: 0.935
coarse f1: 0.443
['rnd', 63, 'fold', 3, 'pr', 0.89073076216053892, 'roc', 0.87226249564611624]
[[1903   11]
 [  70   26]]
fine acc: 0.960
fine f1: 0.391
['rnd', 63, 'fold', 3, 'pr', 0.88076631754729739, 'roc', 0.86901340996168586]
3,63,coarse : 53.11 seconds
3,63,fine : 53.12 seconds
[[1828   86]
 [  45   51]]
coarse acc: 0.935
coarse f1: 0.438
['rnd', 64, 'fold', 3, 'pr', 0.88997445743353609, 'roc', 0.87035222918843613]
[[1902   12]
 [  73   23]]
fine acc: 0.958
fine f1: 0.351
['rnd', 64, 'fold', 3, 'pr', 0.87780534981641134, 'roc', 0.86498062521769414]
3,64,coarse : 54.52 seconds
3,64,fine : 54.52 seconds
[[1832   82]
 [  46   50]]
coarse acc: 0.936
coarse f1: 0.439
['rnd', 65, 'fold', 3, 'pr', 0.89104355827229909, 'roc', 0.87271421107628]
[[1904   10]
 [  71   25]]
fine acc: 0.960
fine f1: 0.382
['rnd', 65, 'fold', 3, 'pr', 0.88135521188515575, 'roc', 0.87024338209683039]
3,65,coarse : 56.18 seconds
3,65,fine : 56.19 seconds
[[1828   86]
 [  45   51]]
coarse acc: 0.935
coarse f1: 0.438
['rnd', 66, 'fold', 3, 'pr', 0.88426604646394447, 'roc', 0.87066244339951238]
[[1902   12]
 [  70   26]]
fine acc: 0.959
fine f1: 0.388
['rnd', 66, 'fold', 3, 'pr', 0.88434473489069909, 'roc', 0.87274686520376177]
3,66,coarse : 57.42 seconds
3,66,fine : 57.43 seconds
[[1828   86]
 [  43   53]]
coarse acc: 0.936
coarse f1: 0.451
['rnd', 67, 'fold', 3, 'pr', 0.89063063994601577, 'roc', 0.87082571403692088]
[[1901   13]
 [  68   28]]
fine acc: 0.960
fine f1: 0.409
['rnd', 67, 'fold', 3, 'pr', 0.88427763835720219, 'roc', 0.8701671891327063]
3,67,coarse : 59.57 seconds
3,67,fine : 59.57 seconds
[[1831   83]
 [  42   54]]
coarse acc: 0.938
coarse f1: 0.464
['rnd', 68, 'fold', 3, 'pr', 0.89286691555976239, 'roc', 0.87268155694879823]
[[1902   12]
 [  71   25]]
fine acc: 0.959
fine f1: 0.376
['rnd', 68, 'fold', 3, 'pr', 0.88561547541416452, 'roc', 0.87229514977359801]
3,68,coarse : 60.45 seconds
3,68,fine : 60.46 seconds
[[1829   85]
 [  42   54]]
coarse acc: 0.937
coarse f1: 0.460
['rnd', 69, 'fold', 3, 'pr', 0.89328493793598762, 'roc', 0.87405847265761061]
[[1901   13]
 [  73   23]]
fine acc: 0.957
fine f1: 0.348
['rnd', 69, 'fold', 3, 'pr', 0.88854416619365806, 'roc', 0.87711707593173116]
3,69,coarse : 61.81 seconds
3,69,fine : 61.82 seconds
[[1829   85]
 [  41   55]]
coarse acc: 0.937
coarse f1: 0.466
['rnd', 70, 'fold', 3, 'pr', 0.89343357277337676, 'roc', 0.87342171717171713]
[[1899   15]
 [  72   24]]
fine acc: 0.957
fine f1: 0.356
['rnd', 70, 'fold', 3, 'pr', 0.885997912177791, 'roc', 0.8737537008011147]
3,70,coarse : 63.17 seconds
3,70,fine : 63.18 seconds
[[1827   87]
 [  40   56]]
coarse acc: 0.937
coarse f1: 0.469
['rnd', 71, 'fold', 3, 'pr', 0.89414860011723585, 'roc', 0.8745591692789968]
[[1895   19]
 [  71   25]]
fine acc: 0.955
fine f1: 0.357
['rnd', 71, 'fold', 3, 'pr', 0.88444138867849387, 'roc', 0.87400404911180785]
3,71,coarse : 64.58 seconds
3,71,fine : 64.59 seconds
[[1825   89]
 [  41   55]]
coarse acc: 0.935
coarse f1: 0.458
['rnd', 72, 'fold', 3, 'pr', 0.89311806071655608, 'roc', 0.8742979362591432]
[[1896   18]
 [  73   23]]
fine acc: 0.955
fine f1: 0.336
['rnd', 72, 'fold', 3, 'pr', 0.88536150998053842, 'roc', 0.87458093869731801]
3,72,coarse : 66.02 seconds
3,72,fine : 66.03 seconds
[[1826   88]
 [  43   53]]
coarse acc: 0.935
coarse f1: 0.447
['rnd', 73, 'fold', 3, 'pr', 0.89261511710151764, 'roc', 0.87291557819575061]
[[1897   17]
 [  73   23]]
fine acc: 0.955
fine f1: 0.338
['rnd', 73, 'fold', 3, 'pr', 0.88715984558690097, 'roc', 0.87766131138975967]
3,73,coarse : 66.69 seconds
3,73,fine : 66.7 seconds
[[1827   87]
 [  46   50]]
coarse acc: 0.934
coarse f1: 0.429
['rnd', 74, 'fold', 3, 'pr', 0.89075373922550283, 'roc', 0.87168016370602586]
[[1897   17]
 [  71   25]]
fine acc: 0.956
fine f1: 0.362
['rnd', 74, 'fold', 3, 'pr', 0.89062431474636283, 'roc', 0.88215125391849536]
3,74,coarse : 67.95 seconds
3,74,fine : 67.96 seconds
[[1827   87]
 [  43   53]]
coarse acc: 0.935
coarse f1: 0.449
['rnd', 75, 'fold', 3, 'pr', 0.89032053763622265, 'roc', 0.87229514977359801]
[[1895   19]
 [  70   26]]
fine acc: 0.956
fine f1: 0.369
['rnd', 75, 'fold', 3, 'pr', 0.89138372529995691, 'roc', 0.88545476314872873]
3,75,coarse : 69.18 seconds
3,75,fine : 69.19 seconds
[[1830   84]
 [  43   53]]
coarse acc: 0.937
coarse f1: 0.455
['rnd', 76, 'fold', 3, 'pr', 0.89068554670986233, 'roc', 0.87226793800069669]
[[1894   20]
 [  71   25]]
fine acc: 0.955
fine f1: 0.355
['rnd', 76, 'fold', 3, 'pr', 0.89022248218214406, 'roc', 0.88420846394984332]
3,76,coarse : 69.82 seconds
3,76,fine : 69.83 seconds
[[1826   88]
 [  43   53]]
coarse acc: 0.935
coarse f1: 0.447
['rnd', 77, 'fold', 3, 'pr', 0.8923745359605324, 'roc', 0.8742761668408221]
[[1894   20]
 [  71   25]]
fine acc: 0.955
fine f1: 0.355
['rnd', 77, 'fold', 3, 'pr', 0.88739283120852241, 'roc', 0.88045868164402641]
3,77,coarse : 72.34 seconds
3,77,fine : 72.35 seconds
[[1830   84]
 [  44   52]]
coarse acc: 0.936
coarse f1: 0.448
['rnd', 78, 'fold', 3, 'pr', 0.89397718983858021, 'roc', 0.87643133925461514]
[[1896   18]
 [  71   25]]
fine acc: 0.956
fine f1: 0.360
['rnd', 78, 'fold', 3, 'pr', 0.88843312541187403, 'roc', 0.8800940438871474]
3,78,coarse : 74.22 seconds
3,78,fine : 74.23 seconds
[[1829   85]
 [  45   51]]
coarse acc: 0.935
coarse f1: 0.440
['rnd', 79, 'fold', 3, 'pr', 0.89309563136796866, 'roc', 0.87563675548589348]
[[1897   17]
 [  72   24]]
fine acc: 0.956
fine f1: 0.350
['rnd', 79, 'fold', 3, 'pr', 0.89004853096648362, 'roc', 0.88205873389063039]
3,79,coarse : 76.3 seconds
3,79,fine : 76.31 seconds
[[1829   85]
 [  42   54]]
coarse acc: 0.937
coarse f1: 0.460
['rnd', 80, 'fold', 3, 'pr', 0.89385181054358498, 'roc', 0.87498911529083945]
[[1896   18]
 [  72   24]]
fine acc: 0.955
fine f1: 0.348
['rnd', 80, 'fold', 3, 'pr', 0.89183608169996431, 'roc', 0.88519897248345536]
3,80,coarse : 77.61 seconds
3,80,fine : 77.62 seconds
[[1830   84]
 [  44   52]]
coarse acc: 0.936
coarse f1: 0.448
['rnd', 81, 'fold', 3, 'pr', 0.89239854977914312, 'roc', 0.87446664925113216]
[[1897   17]
 [  71   25]]
fine acc: 0.956
fine f1: 0.362
['rnd', 81, 'fold', 3, 'pr', 0.89187568361539582, 'roc', 0.88493229710902122]
3,81,coarse : 78.88 seconds
3,81,fine : 78.89 seconds
[[1831   83]
 [  45   51]]
coarse acc: 0.936
coarse f1: 0.443
['rnd', 82, 'fold', 3, 'pr', 0.89333071686650589, 'roc', 0.87685584291187735]
[[1896   18]
 [  71   25]]
fine acc: 0.956
fine f1: 0.360
['rnd', 82, 'fold', 3, 'pr', 0.88927421293050535, 'roc', 0.88272814350400564]
3,82,coarse : 80.84 seconds
3,82,fine : 80.85 seconds
[[1831   83]
 [  41   55]]
coarse acc: 0.938
coarse f1: 0.470
['rnd', 83, 'fold', 3, 'pr', 0.89650589665894831, 'roc', 0.88006138975966564]
[[1895   19]
 [  73   23]]
fine acc: 0.954
fine f1: 0.333
['rnd', 83, 'fold', 3, 'pr', 0.88822833394069023, 'roc', 0.88253221873911525]
3,83,coarse : 82.3 seconds
3,83,fine : 82.31 seconds
[[1831   83]
 [  42   54]]
coarse acc: 0.938
coarse f1: 0.464
['rnd', 84, 'fold', 3, 'pr', 0.89576389428852943, 'roc', 0.87965865552072442]
[[1894   20]
 [  72   24]]
fine acc: 0.954
fine f1: 0.343
['rnd', 84, 'fold', 3, 'pr', 0.88459595641266153, 'roc', 0.87652930163706022]
3,84,coarse : 83.71 seconds
3,84,fine : 83.72 seconds
[[1831   83]
 [  41   55]]
coarse acc: 0.938
coarse f1: 0.470
['rnd', 85, 'fold', 3, 'pr', 0.89645878194468009, 'roc', 0.87958246255660044]
[[1893   21]
 [  71   25]]
fine acc: 0.954
fine f1: 0.352
['rnd', 85, 'fold', 3, 'pr', 0.88674281197675031, 'roc', 0.87720415360501558]
3,85,coarse : 84.99 seconds
3,85,fine : 85.0 seconds
[[1832   82]
 [  40   56]]
coarse acc: 0.939
coarse f1: 0.479
['rnd', 86, 'fold', 3, 'pr', 0.89604911237204776, 'roc', 0.87887495646116343]
[[1893   21]
 [  71   25]]
fine acc: 0.954
fine f1: 0.352
['rnd', 86, 'fold', 3, 'pr', 0.88711255940258238, 'roc', 0.87593064263322895]
3,86,coarse : 86.3 seconds
3,86,fine : 86.31 seconds
[[1835   79]
 [  43   53]]
coarse acc: 0.939
coarse f1: 0.465
['rnd', 87, 'fold', 3, 'pr', 0.89845091026601431, 'roc', 0.88198798328108685]
[[1897   17]
 [  72   24]]
fine acc: 0.956
fine f1: 0.350
['rnd', 87, 'fold', 3, 'pr', 0.8853509190476283, 'roc', 0.87313871473354232]
3,87,coarse : 87.56 seconds
3,87,fine : 87.57 seconds
[[1837   77]
 [  45   51]]
coarse acc: 0.939
coarse f1: 0.455
['rnd', 88, 'fold', 3, 'pr', 0.89890982026748723, 'roc', 0.88273902821316619]
[[1897   17]
 [  73   23]]
fine acc: 0.955
fine f1: 0.338
['rnd', 88, 'fold', 3, 'pr', 0.88690335278037646, 'roc', 0.87504898119122254]
3,88,coarse : 88.43 seconds
3,88,fine : 88.44 seconds
[[1835   79]
 [  44   52]]
coarse acc: 0.939
coarse f1: 0.458
['rnd', 89, 'fold', 3, 'pr', 0.89980506410688643, 'roc', 0.88373497910135845]
[[1898   16]
 [  72   24]]
fine acc: 0.956
fine f1: 0.353
['rnd', 89, 'fold', 3, 'pr', 0.88337035593712177, 'roc', 0.87152777777777779]
3,89,coarse : 89.74 seconds
3,89,fine : 89.75 seconds
[[1838   76]
 [  41   55]]
coarse acc: 0.942
coarse f1: 0.485
['rnd', 90, 'fold', 3, 'pr', 0.89988189796770801, 'roc', 0.88269004702194365]
[[1894   20]
 [  69   27]]
fine acc: 0.956
fine f1: 0.378
['rnd', 90, 'fold', 3, 'pr', 0.88475423441894985, 'roc', 0.87341083246255669]
3,90,coarse : 90.66 seconds
3,90,fine : 90.67 seconds
[[1838   76]
 [  41   55]]
coarse acc: 0.942
coarse f1: 0.485
['rnd', 91, 'fold', 3, 'pr', 0.90093771532009526, 'roc', 0.88451323580633934]
[[1894   20]
 [  69   27]]
fine acc: 0.956
fine f1: 0.378
['rnd', 91, 'fold', 3, 'pr', 0.88391265053426149, 'roc', 0.87120123650296066]
3,91,coarse : 91.46 seconds
3,91,fine : 91.47 seconds
[[1842   72]
 [  44   52]]
coarse acc: 0.942
coarse f1: 0.473
['rnd', 92, 'fold', 3, 'pr', 0.90084622015117954, 'roc', 0.88428465691396718]
[[1898   16]
 [  70   26]]
fine acc: 0.957
fine f1: 0.377
['rnd', 92, 'fold', 3, 'pr', 0.88212693338446269, 'roc', 0.86678748693834906]
3,92,coarse : 92.84 seconds
3,92,fine : 92.85 seconds
[[1836   78]
 [  43   53]]
coarse acc: 0.940
coarse f1: 0.467
['rnd', 93, 'fold', 3, 'pr', 0.90149072506873162, 'roc', 0.88418125217694177]
[[1896   18]
 [  70   26]]
fine acc: 0.956
fine f1: 0.371
['rnd', 93, 'fold', 3, 'pr', 0.8850654670833118, 'roc', 0.87245842041100652]
3,93,coarse : 94.74 seconds
3,93,fine : 94.75 seconds
[[1838   76]
 [  43   53]]
coarse acc: 0.941
coarse f1: 0.471
['rnd', 94, 'fold', 3, 'pr', 0.90398680862592484, 'roc', 0.88832832636711945]
[[1897   17]
 [  70   26]]
fine acc: 0.957
fine f1: 0.374
['rnd', 94, 'fold', 3, 'pr', 0.88356775353274464, 'roc', 0.87196860849878088]
3,94,coarse : 96.46 seconds
3,94,fine : 96.47 seconds
[[1837   77]
 [  42   54]]
coarse acc: 0.941
coarse f1: 0.476
['rnd', 95, 'fold', 3, 'pr', 0.90489344626721679, 'roc', 0.88875283002438166]
[[1896   18]
 [  69   27]]
fine acc: 0.957
fine f1: 0.383
['rnd', 95, 'fold', 3, 'pr', 0.88420015840889499, 'roc', 0.87080394461859989]
3,95,coarse : 97.38 seconds
3,95,fine : 97.39 seconds
[[1845   69]
 [  43   53]]
coarse acc: 0.944
coarse f1: 0.486
['rnd', 96, 'fold', 3, 'pr', 0.90701553359175446, 'roc', 0.89254070881226044]
[[1895   19]
 [  70   26]]
fine acc: 0.956
fine f1: 0.369
['rnd', 96, 'fold', 3, 'pr', 0.88491361723106898, 'roc', 0.87261624869383492]
3,96,coarse : 99.51 seconds
3,96,fine : 99.52 seconds
[[1842   72]
 [  44   52]]
coarse acc: 0.942
coarse f1: 0.473
['rnd', 97, 'fold', 3, 'pr', 0.90666501167790425, 'roc', 0.89027668930686177]
[[1897   17]
 [  68   28]]
fine acc: 0.958
fine f1: 0.397
['rnd', 97, 'fold', 3, 'pr', 0.8854221352098457, 'roc', 0.8709889846743295]
3,97,coarse : 100.75 seconds
3,97,fine : 100.76 seconds
[[1842   72]
 [  41   55]]
coarse acc: 0.944
coarse f1: 0.493
['rnd', 98, 'fold', 3, 'pr', 0.90589283844521784, 'roc', 0.88959639498432597]
[[1897   17]
 [  70   26]]
fine acc: 0.957
fine f1: 0.374
['rnd', 98, 'fold', 3, 'pr', 0.88914078295739774, 'roc', 0.87561498606757215]
3,98,coarse : 103.19 seconds
3,98,fine : 103.2 seconds
[[1841   73]
 [  41   55]]
coarse acc: 0.943
coarse f1: 0.491
['rnd', 99, 'fold', 3, 'pr', 0.90620794134055027, 'roc', 0.88894875478927204]
[[1896   18]
 [  67   29]]
fine acc: 0.958
fine f1: 0.406
['rnd', 99, 'fold', 3, 'pr', 0.88799287547184136, 'roc', 0.87619731800766276]
3,99,coarse : 105.34 seconds
3,99,fine : 105.35 seconds
[[1844   70]
 [  41   55]]
coarse acc: 0.945
coarse f1: 0.498
['rnd', 100, 'fold', 3, 'pr', 0.90659582007877271, 'roc', 0.88974878091257392]
[[1895   19]
 [  67   29]]
fine acc: 0.957
fine f1: 0.403
['rnd', 100, 'fold', 3, 'pr', 0.89096658433186315, 'roc', 0.87974029083942873]
3,100,coarse : 107.44 seconds
3,100,fine : 107.45 seconds
[[1844   70]
 [  43   53]]
coarse acc: 0.944
coarse f1: 0.484
['rnd', 101, 'fold', 3, 'pr', 0.90561446048869221, 'roc', 0.88690787182166486]
[[1895   19]
 [  66   30]]
fine acc: 0.958
fine f1: 0.414
['rnd', 101, 'fold', 3, 'pr', 0.88976541797825814, 'roc', 0.87704088296760707]
3,101,coarse : 108.38 seconds
3,101,fine : 108.39 seconds
[[1842   72]
 [  42   54]]
coarse acc: 0.943
coarse f1: 0.486
['rnd', 102, 'fold', 3, 'pr', 0.9067391859631897, 'roc', 0.8891610066179032]
[[1897   17]
 [  67   29]]
fine acc: 0.958
fine f1: 0.408
['rnd', 102, 'fold', 3, 'pr', 0.88844014738795407, 'roc', 0.87627895332636718]
3,102,coarse : 109.82 seconds
3,102,fine : 109.83 seconds
[[1842   72]
 [  41   55]]
coarse acc: 0.944
coarse f1: 0.493
['rnd', 103, 'fold', 3, 'pr', 0.90795424854089324, 'roc', 0.89089711772901437]
[[1896   18]
 [  67   29]]
fine acc: 0.958
fine f1: 0.406
['rnd', 103, 'fold', 3, 'pr', 0.88818993860068285, 'roc', 0.87654018634622088]
3,103,coarse : 112.49 seconds
3,103,fine : 112.5 seconds
[[1843   71]
 [  39   57]]
coarse acc: 0.945
coarse f1: 0.509
['rnd', 104, 'fold', 3, 'pr', 0.90763377537741208, 'roc', 0.89031478578892376]
[[1894   20]
 [  66   30]]
fine acc: 0.957
fine f1: 0.411
['rnd', 104, 'fold', 3, 'pr', 0.89314668408570175, 'roc', 0.88108455242075934]
3,104,coarse : 114.0 seconds
3,104,fine : 114.02 seconds
[[1842   72]
 [  42   54]]
coarse acc: 0.943
coarse f1: 0.486
['rnd', 105, 'fold', 3, 'pr', 0.90658217156377463, 'roc', 0.88841540404040398]
[[1896   18]
 [  64   32]]
fine acc: 0.959
fine f1: 0.438
['rnd', 105, 'fold', 3, 'pr', 0.88948645319462005, 'roc', 0.87397139498432608]
3,105,coarse : 115.57 seconds
3,105,fine : 115.59 seconds
[[1843   71]
 [  42   54]]
coarse acc: 0.944
coarse f1: 0.489
['rnd', 106, 'fold', 3, 'pr', 0.90695798051750687, 'roc', 0.88885623476140729]
[[1897   17]
 [  64   32]]
fine acc: 0.960
fine f1: 0.441
['rnd', 106, 'fold', 3, 'pr', 0.8903237146694668, 'roc', 0.87662726401950541]
3,106,coarse : 117.71 seconds
3,106,fine : 117.72 seconds
[[1840   74]
 [  40   56]]
coarse acc: 0.943
coarse f1: 0.496
['rnd', 107, 'fold', 3, 'pr', 0.90546990393409466, 'roc', 0.88697318007662829]
[[1894   20]
 [  65   31]]
fine acc: 0.958
fine f1: 0.422
['rnd', 107, 'fold', 3, 'pr', 0.88822306588725142, 'roc', 0.87122300592128188]
3,107,coarse : 118.87 seconds
3,107,fine : 118.89 seconds
[[1839   75]
 [  39   57]]
coarse acc: 0.943
coarse f1: 0.500
['rnd', 108, 'fold', 3, 'pr', 0.90772448946030448, 'roc', 0.88906304423545801]
[[1895   19]
 [  65   31]]
fine acc: 0.958
fine f1: 0.425
['rnd', 108, 'fold', 3, 'pr', 0.89017168063111352, 'roc', 0.87457005398815746]
3,108,coarse : 120.77 seconds
3,108,fine : 120.78 seconds
[[1839   75]
 [  40   56]]
coarse acc: 0.943
coarse f1: 0.493
['rnd', 109, 'fold', 3, 'pr', 0.90879185480028501, 'roc', 0.8904236328805295]
[[1898   16]
 [  64   32]]
fine acc: 0.960
fine f1: 0.444
['rnd', 109, 'fold', 3, 'pr', 0.88946892762576413, 'roc', 0.87289925113200972]
3,109,coarse : 123.21 seconds
3,109,fine : 123.22 seconds
[[1838   76]
 [  38   58]]
coarse acc: 0.943
coarse f1: 0.504
['rnd', 110, 'fold', 3, 'pr', 0.90933624798163515, 'roc', 0.89234478404737028]
[[1897   17]
 [  65   31]]
fine acc: 0.959
fine f1: 0.431
['rnd', 110, 'fold', 3, 'pr', 0.89020429735664419, 'roc', 0.87337817833507492]
3,110,coarse : 125.3 seconds
3,110,fine : 125.32 seconds
[[1841   73]
 [  39   57]]
coarse acc: 0.944
coarse f1: 0.504
['rnd', 111, 'fold', 3, 'pr', 0.90975351362363521, 'roc', 0.89294888540578188]
[[1897   17]
 [  66   30]]
fine acc: 0.959
fine f1: 0.420
['rnd', 111, 'fold', 3, 'pr', 0.8899874471269783, 'roc', 0.87285571229536751]
3,111,coarse : 126.37 seconds
3,111,fine : 126.38 seconds
[[1840   74]
 [  39   57]]
coarse acc: 0.944
coarse f1: 0.502
['rnd', 112, 'fold', 3, 'pr', 0.90939019832980283, 'roc', 0.89077194357366773]
[[1895   19]
 [  66   30]]
fine acc: 0.958
fine f1: 0.414
['rnd', 112, 'fold', 3, 'pr', 0.88828340513650528, 'roc', 0.87209922500870773]
3,112,coarse : 128.98 seconds
3,112,fine : 128.99 seconds
[[1837   77]
 [  38   58]]
coarse acc: 0.943
coarse f1: 0.502
['rnd', 113, 'fold', 3, 'pr', 0.90925358818822632, 'roc', 0.8898413009404389]
[[1895   19]
 [  66   30]]
fine acc: 0.958
fine f1: 0.414
['rnd', 113, 'fold', 3, 'pr', 0.88849867062020726, 'roc', 0.87297544409613381]
3,113,coarse : 129.89 seconds
3,113,fine : 129.9 seconds
[[1841   73]
 [  39   57]]
coarse acc: 0.944
coarse f1: 0.504
['rnd', 114, 'fold', 3, 'pr', 0.90863653070716288, 'roc', 0.89010797631487282]
[[1896   18]
 [  66   30]]
fine acc: 0.958
fine f1: 0.417
['rnd', 114, 'fold', 3, 'pr', 0.88817871980142749, 'roc', 0.87299177115987447]
3,114,coarse : 131.5 seconds
3,114,fine : 131.51 seconds
[[1837   77]
 [  37   59]]
coarse acc: 0.943
coarse f1: 0.509
['rnd', 115, 'fold', 3, 'pr', 0.91043967383568858, 'roc', 0.8918876262626263]
[[1897   17]
 [  66   30]]
fine acc: 0.959
fine f1: 0.420
['rnd', 115, 'fold', 3, 'pr', 0.88859342954000042, 'roc', 0.87350879484500177]
3,115,coarse : 134.05 seconds
3,115,fine : 134.06 seconds
[[1836   78]
 [  36   60]]
coarse acc: 0.943
coarse f1: 0.513
['rnd', 116, 'fold', 3, 'pr', 0.90983271528088605, 'roc', 0.89064132706374088]
[[1896   18]
 [  66   30]]
fine acc: 0.958
fine f1: 0.417
['rnd', 116, 'fold', 3, 'pr', 0.89016745011488452, 'roc', 0.87537008011145934]
3,116,coarse : 135.34 seconds
3,116,fine : 135.35 seconds
[[1838   76]
 [  36   60]]
coarse acc: 0.944
coarse f1: 0.517
['rnd', 117, 'fold', 3, 'pr', 0.91052372810263726, 'roc', 0.89156108498780906]
[[1896   18]
 [  65   31]]
fine acc: 0.959
fine f1: 0.428
['rnd', 117, 'fold', 3, 'pr', 0.89010535203085384, 'roc', 0.87562587077673282]
3,117,coarse : 136.49 seconds
3,117,fine : 136.5 seconds
[[1838   76]
 [  36   60]]
coarse acc: 0.944
coarse f1: 0.517
['rnd', 118, 'fold', 3, 'pr', 0.91016580728386121, 'roc', 0.89102229188436088]
[[1897   17]
 [  65   31]]
fine acc: 0.959
fine f1: 0.431
['rnd', 118, 'fold', 3, 'pr', 0.88784892454137598, 'roc', 0.87222984151863459]
3,118,coarse : 138.73 seconds
3,118,fine : 138.74 seconds
[[1839   75]
 [  36   60]]
coarse acc: 0.945
coarse f1: 0.519
['rnd', 119, 'fold', 3, 'pr', 0.90960041370274369, 'roc', 0.88880725357018464]
[[1898   16]
 [  65   31]]
fine acc: 0.960
fine f1: 0.434
['rnd', 119, 'fold', 3, 'pr', 0.88862265958493714, 'roc', 0.87227882270985702]
3,119,coarse : 141.16 seconds
3,119,fine : 141.18 seconds
[[1838   76]
 [  37   59]]
coarse acc: 0.944
coarse f1: 0.511
['rnd', 120, 'fold', 3, 'pr', 0.90935723125205703, 'roc', 0.8885405781957505]
[[1897   17]
 [  65   31]]
fine acc: 0.959
fine f1: 0.431
['rnd', 120, 'fold', 3, 'pr', 0.88836542544661345, 'roc', 0.87210466736328796]
3,120,coarse : 143.25 seconds
3,120,fine : 143.26 seconds
[[1840   74]
 [  36   60]]
coarse acc: 0.945
coarse f1: 0.522
['rnd', 121, 'fold', 3, 'pr', 0.90855831726137226, 'roc', 0.88763170498084287]
[[1897   17]
 [  67   29]]
fine acc: 0.958
fine f1: 0.408
['rnd', 121, 'fold', 3, 'pr', 0.89075316555004624, 'roc', 0.87595241205154994]
3,121,coarse : 144.46 seconds
3,121,fine : 144.47 seconds
[[1840   74]
 [  38   58]]
coarse acc: 0.944
coarse f1: 0.509
['rnd', 122, 'fold', 3, 'pr', 0.90826795807203309, 'roc', 0.88745754963427381]
[[1899   15]
 [  67   29]]
fine acc: 0.959
fine f1: 0.414
['rnd', 122, 'fold', 3, 'pr', 0.88903821844939501, 'roc', 0.87288564524555912]
3,122,coarse : 146.4 seconds
3,122,fine : 146.41 seconds
[[1844   70]
 [  35   61]]
coarse acc: 0.948
coarse f1: 0.537
['rnd', 123, 'fold', 3, 'pr', 0.90699402453710309, 'roc', 0.88654867641936619]
[[1897   17]
 [  65   31]]
fine acc: 0.959
fine f1: 0.431
['rnd', 123, 'fold', 3, 'pr', 0.88916159962147723, 'roc', 0.87235501567398122]
3,123,coarse : 149.71 seconds
3,123,fine : 149.72 seconds
[[1842   72]
 [  36   60]]
coarse acc: 0.946
coarse f1: 0.526
['rnd', 124, 'fold', 3, 'pr', 0.90831902525289121, 'roc', 0.88756095437129923]
[[1897   17]
 [  68   28]]
fine acc: 0.958
fine f1: 0.397
['rnd', 124, 'fold', 3, 'pr', 0.88811583561044416, 'roc', 0.87261624869383492]
3,124,coarse : 151.74 seconds
3,124,fine : 151.75 seconds
[[1842   72]
 [  36   60]]
coarse acc: 0.946
coarse f1: 0.526
['rnd', 125, 'fold', 3, 'pr', 0.90826911101117136, 'roc', 0.88762626262626254]
[[1897   17]
 [  67   29]]
fine acc: 0.958
fine f1: 0.408
['rnd', 125, 'fold', 3, 'pr', 0.88855484862652245, 'roc', 0.87369383490073149]
3,125,coarse : 152.97 seconds
3,125,fine : 152.98 seconds
[[1846   68]
 [  35   61]]
coarse acc: 0.949
coarse f1: 0.542
['rnd', 126, 'fold', 3, 'pr', 0.90803231646510119, 'roc', 0.88795824625566011]
[[1896   18]
 [  65   31]]
fine acc: 0.959
fine f1: 0.428
['rnd', 126, 'fold', 3, 'pr', 0.8871315822232082, 'roc', 0.87233868861024022]
3,126,coarse : 154.66 seconds
3,126,fine : 154.67 seconds
[[1841   73]
 [  35   61]]
coarse acc: 0.946
coarse f1: 0.530
['rnd', 127, 'fold', 3, 'pr', 0.90791332172385519, 'roc', 0.88792014977359801]
[[1896   18]
 [  63   33]]
fine acc: 0.960
fine f1: 0.449
['rnd', 127, 'fold', 3, 'pr', 0.8876516801555806, 'roc', 0.87424895506792044]
3,127,coarse : 156.21 seconds
3,127,fine : 156.22 seconds
[[1845   69]
 [  34   62]]
coarse acc: 0.949
coarse f1: 0.546
['rnd', 128, 'fold', 3, 'pr', 0.91215370877677204, 'roc', 0.89464145768025072]
[[1894   20]
 [  62   34]]
fine acc: 0.959
fine f1: 0.453
['rnd', 128, 'fold', 3, 'pr', 0.8883367424244184, 'roc', 0.87375370080111459]
3,128,coarse : 159.17 seconds
3,128,fine : 159.19 seconds
[[1847   67]
 [  36   60]]
coarse acc: 0.949
coarse f1: 0.538
['rnd', 129, 'fold', 3, 'pr', 0.91290563041292283, 'roc', 0.89537073319400917]
[[1894   20]
 [  62   34]]
fine acc: 0.959
fine f1: 0.453
['rnd', 129, 'fold', 3, 'pr', 0.88913202681451298, 'roc', 0.87783546673632884]
3,129,coarse : 160.81 seconds
3,129,fine : 160.82 seconds
[[1843   71]
 [  36   60]]
coarse acc: 0.947
coarse f1: 0.529
['rnd', 130, 'fold', 3, 'pr', 0.91004424446688215, 'roc', 0.89261145942180431]
[[1895   19]
 [  64   32]]
fine acc: 0.959
fine f1: 0.435
['rnd', 130, 'fold', 3, 'pr', 0.88775531355111725, 'roc', 0.87487482584465337]
3,130,coarse : 163.94 seconds
3,130,fine : 163.95 seconds
[[1850   64]
 [  37   59]]
coarse acc: 0.950
coarse f1: 0.539
['rnd', 131, 'fold', 3, 'pr', 0.90985130806071579, 'roc', 0.89264411354928597]
[[1895   19]
 [  63   33]]
fine acc: 0.959
fine f1: 0.446
['rnd', 131, 'fold', 3, 'pr', 0.88565888435988038, 'roc', 0.87216997561825149]
3,131,coarse : 165.51 seconds
3,131,fine : 165.52 seconds
[[1846   68]
 [  36   60]]
coarse acc: 0.948
coarse f1: 0.536
['rnd', 132, 'fold', 3, 'pr', 0.91482299184910509, 'roc', 0.89634491466388011]
[[1896   18]
 [  64   32]]
fine acc: 0.959
fine f1: 0.438
['rnd', 132, 'fold', 3, 'pr', 0.88656730496381575, 'roc', 0.87446120689655171]
3,132,coarse : 167.7 seconds
3,132,fine : 167.71 seconds
[[1846   68]
 [  37   59]]
coarse acc: 0.948
coarse f1: 0.529
['rnd', 133, 'fold', 3, 'pr', 0.91450458281533409, 'roc', 0.89672587948450011]
[[1894   20]
 [  62   34]]
fine acc: 0.959
fine f1: 0.453
['rnd', 133, 'fold', 3, 'pr', 0.88647986640389731, 'roc', 0.87505442354580287]
3,133,coarse : 170.98 seconds
3,133,fine : 171.0 seconds
[[1847   67]
 [  35   61]]
coarse acc: 0.949
coarse f1: 0.545
['rnd', 134, 'fold', 3, 'pr', 0.91502860320286394, 'roc', 0.89711228665970033]
[[1894   20]
 [  66   30]]
fine acc: 0.957
fine f1: 0.411
['rnd', 134, 'fold', 3, 'pr', 0.88766078184595598, 'roc', 0.87625174155346575]
3,134,coarse : 172.83 seconds
3,134,fine : 172.84 seconds
[[1851   63]
 [  36   60]]
coarse acc: 0.951
coarse f1: 0.548
['rnd', 135, 'fold', 3, 'pr', 0.91493336290919181, 'roc', 0.89600204632532221]
[[1894   20]
 [  65   31]]
fine acc: 0.958
fine f1: 0.422
['rnd', 135, 'fold', 3, 'pr', 0.89005282922432583, 'roc', 0.87652385928247989]
3,135,coarse : 174.38 seconds
3,135,fine : 174.39 seconds
[[1843   71]
 [  36   60]]
coarse acc: 0.947
coarse f1: 0.529
['rnd', 136, 'fold', 3, 'pr', 0.91508167547700636, 'roc', 0.89709595959595967]
[[1893   21]
 [  63   33]]
fine acc: 0.958
fine f1: 0.440
['rnd', 136, 'fold', 3, 'pr', 0.88944088475571093, 'roc', 0.87525579066527337]
3,136,coarse : 176.92 seconds
3,136,fine : 176.93 seconds
[[1849   65]
 [  37   59]]
coarse acc: 0.949
coarse f1: 0.536
['rnd', 137, 'fold', 3, 'pr', 0.91643704007942317, 'roc', 0.89867968477882265]
[[1893   21]
 [  64   32]]
fine acc: 0.958
fine f1: 0.430
['rnd', 137, 'fold', 3, 'pr', 0.88986681144210367, 'roc', 0.87552790839428762]
3,137,coarse : 177.96 seconds
3,137,fine : 177.98 seconds
[[1848   66]
 [  36   60]]
coarse acc: 0.949
coarse f1: 0.541
['rnd', 138, 'fold', 3, 'pr', 0.91649374310313148, 'roc', 0.89850552943225359]
[[1893   21]
 [  64   32]]
fine acc: 0.958
fine f1: 0.430
['rnd', 138, 'fold', 3, 'pr', 0.89226773203069509, 'roc', 0.87938653779171028]
3,138,coarse : 180.74 seconds
3,138,fine : 180.75 seconds
[[1847   67]
 [  39   57]]
coarse acc: 0.947
coarse f1: 0.518
['rnd', 139, 'fold', 3, 'pr', 0.91645098628946342, 'roc', 0.89876132009752685]
[[1894   20]
 [  64   32]]
fine acc: 0.958
fine f1: 0.432
['rnd', 139, 'fold', 3, 'pr', 0.89175508904481227, 'roc', 0.87818377742946707]
3,139,coarse : 183.81 seconds
3,139,fine : 183.82 seconds
[[1843   71]
 [  37   59]]
coarse acc: 0.946
coarse f1: 0.522
['rnd', 140, 'fold', 3, 'pr', 0.91523955983241467, 'roc', 0.89747692441657967]
[[1894   20]
 [  63   33]]
fine acc: 0.959
fine f1: 0.443
['rnd', 140, 'fold', 3, 'pr', 0.89412816008095664, 'roc', 0.88028996865203779]
3,140,coarse : 185.52 seconds
3,140,fine : 185.54 seconds
[[1843   71]
 [  38   58]]
coarse acc: 0.946
coarse f1: 0.516
['rnd', 141, 'fold', 3, 'pr', 0.9149827258045069, 'roc', 0.8970415360501568]
[[1894   20]
 [  62   34]]
fine acc: 0.959
fine f1: 0.453
['rnd', 141, 'fold', 3, 'pr', 0.89774729783160778, 'roc', 0.88409417450365713]
3,141,coarse : 188.01 seconds
3,141,fine : 188.02 seconds
[[1844   70]
 [  36   60]]
coarse acc: 0.947
coarse f1: 0.531
['rnd', 142, 'fold', 3, 'pr', 0.9153063552494427, 'roc', 0.89686738070358762]
[[1895   19]
 [  63   33]]
fine acc: 0.959
fine f1: 0.446
['rnd', 142, 'fold', 3, 'pr', 0.89717956402473253, 'roc', 0.88397444270289094]
3,142,coarse : 189.0 seconds
3,142,fine : 189.02 seconds
[[1844   70]
 [  37   59]]
coarse acc: 0.947
coarse f1: 0.524
['rnd', 143, 'fold', 3, 'pr', 0.91438916920348223, 'roc', 0.89567006269592486]
[[1897   17]
 [  62   34]]
fine acc: 0.961
fine f1: 0.463
['rnd', 143, 'fold', 3, 'pr', 0.90344947981603407, 'roc', 0.89039097875304773]
3,143,coarse : 190.7 seconds
3,143,fine : 190.72 seconds
[[1845   69]
 [  38   58]]
coarse acc: 0.947
coarse f1: 0.520
['rnd', 144, 'fold', 3, 'pr', 0.91495638349873953, 'roc', 0.89643743469174508]
[[1897   17]
 [  62   34]]
fine acc: 0.961
fine f1: 0.463
['rnd', 144, 'fold', 3, 'pr', 0.90376068135818644, 'roc', 0.88957462556600486]
3,144,coarse : 192.33 seconds
3,144,fine : 192.34 seconds
[[1846   68]
 [  38   58]]
coarse acc: 0.947
coarse f1: 0.523
['rnd', 145, 'fold', 3, 'pr', 0.91346251713038606, 'roc', 0.89571360153256696]
[[1895   19]
 [  61   35]]
fine acc: 0.960
fine f1: 0.467
['rnd', 145, 'fold', 3, 'pr', 0.90384564523947031, 'roc', 0.88998824451410652]
3,145,coarse : 195.71 seconds
3,145,fine : 195.72 seconds
[[1844   70]
 [  38   58]]
coarse acc: 0.946
coarse f1: 0.518
['rnd', 146, 'fold', 3, 'pr', 0.9137826539175421, 'roc', 0.89565373563218387]
[[1893   21]
 [  62   34]]
fine acc: 0.959
fine f1: 0.450
['rnd', 146, 'fold', 3, 'pr', 0.90407204246480655, 'roc', 0.89077738592824796]
3,146,coarse : 196.27 seconds
3,146,fine : 196.28 seconds
[[1839   75]
 [  36   60]]
coarse acc: 0.945
coarse f1: 0.519
['rnd', 147, 'fold', 3, 'pr', 0.91454177141778503, 'roc', 0.89668234064785779]
[[1893   21]
 [  61   35]]
fine acc: 0.959
fine f1: 0.461
['rnd', 147, 'fold', 3, 'pr', 0.90139852179310997, 'roc', 0.88630921281783348]
3,147,coarse : 199.56 seconds
3,147,fine : 199.57 seconds
[[1841   73]
 [  36   60]]
coarse acc: 0.946
coarse f1: 0.524
['rnd', 148, 'fold', 3, 'pr', 0.91449116253763052, 'roc', 0.89717759491466376]
[[1893   21]
 [  61   35]]
fine acc: 0.959
fine f1: 0.461
['rnd', 148, 'fold', 3, 'pr', 0.90441965242919931, 'roc', 0.89207810867293624]
3,148,coarse : 202.83 seconds
3,148,fine : 202.85 seconds
[[1842   72]
 [  36   60]]
coarse acc: 0.946
coarse f1: 0.526
['rnd', 149, 'fold', 3, 'pr', 0.91509240385860435, 'roc', 0.89802115987460818]
[[1891   23]
 [  61   35]]
fine acc: 0.958
fine f1: 0.455
['rnd', 149, 'fold', 3, 'pr', 0.90348066520477688, 'roc', 0.89157196969696983]
3,149,coarse : 205.01 seconds
3,149,fine : 205.03 seconds
[[1847   67]
 [  35   61]]
coarse acc: 0.949
coarse f1: 0.545
['rnd', 150, 'fold', 3, 'pr', 0.91446904563628606, 'roc', 0.89684561128526652]
[[1891   23]
 [  62   34]]
fine acc: 0.958
fine f1: 0.444
['rnd', 150, 'fold', 3, 'pr', 0.90541740841911678, 'roc', 0.89490813305468475]
3,150,coarse : 208.61 seconds
3,150,fine : 208.62 seconds
[[1838   76]
 [  35   61]]
coarse acc: 0.945
coarse f1: 0.524
['rnd', 151, 'fold', 3, 'pr', 0.91690523470309293, 'roc', 0.89909330372692442]
[[1892   22]
 [  62   34]]
fine acc: 0.958
fine f1: 0.447
['rnd', 151, 'fold', 3, 'pr', 0.9037581248675377, 'roc', 0.89257880529432243]
3,151,coarse : 208.99 seconds
3,151,fine : 209.01 seconds
[[1842   72]
 [  34   62]]
coarse acc: 0.947
coarse f1: 0.539
['rnd', 152, 'fold', 3, 'pr', 0.9177023574099481, 'roc', 0.89867968477882276]
[[1893   21]
 [  62   34]]
fine acc: 0.959
fine f1: 0.450
['rnd', 152, 'fold', 3, 'pr', 0.90380790687487833, 'roc', 0.89294344305120166]
3,152,coarse : 211.32 seconds
3,152,fine : 211.33 seconds
[[1840   74]
 [  34   62]]
coarse acc: 0.946
coarse f1: 0.534
['rnd', 153, 'fold', 3, 'pr', 0.91701446728297009, 'roc', 0.89788510101010099]
[[1893   21]
 [  63   33]]
fine acc: 0.958
fine f1: 0.440
['rnd', 153, 'fold', 3, 'pr', 0.9029458992628665, 'roc', 0.8915284308603274]
3,153,coarse : 213.0 seconds
3,153,fine : 213.02 seconds
[[1839   75]
 [  34   62]]
coarse acc: 0.946
coarse f1: 0.532
['rnd', 154, 'fold', 3, 'pr', 0.91608606654207214, 'roc', 0.89655172413793105]
[[1895   19]
 [  61   35]]
fine acc: 0.960
fine f1: 0.467
['rnd', 154, 'fold', 3, 'pr', 0.89965223389176763, 'roc', 0.88660854231974939]
3,154,coarse : 214.29 seconds
3,154,fine : 214.31 seconds
[[1837   77]
 [  34   62]]
coarse acc: 0.945
coarse f1: 0.528
['rnd', 155, 'fold', 3, 'pr', 0.91616376570483704, 'roc', 0.89665512887495646]
[[1892   22]
 [  61   35]]
fine acc: 0.959
fine f1: 0.458
['rnd', 155, 'fold', 3, 'pr', 0.90023392150672876, 'roc', 0.88746299198885414]
3,155,coarse : 217.32 seconds
3,155,fine : 217.34 seconds
[[1836   78]
 [  35   61]]
coarse acc: 0.944
coarse f1: 0.519
['rnd', 156, 'fold', 3, 'pr', 0.91754993001671126, 'roc', 0.89880485893416917]
[[1891   23]
 [  62   34]]
fine acc: 0.958
fine f1: 0.444
['rnd', 156, 'fold', 3, 'pr', 0.90335519522397711, 'roc', 0.89001001393242773]
3,156,coarse : 219.21 seconds
3,156,fine : 219.23 seconds
[[1835   79]
 [  35   61]]
coarse acc: 0.943
coarse f1: 0.517
['rnd', 157, 'fold', 3, 'pr', 0.91841731417113992, 'roc', 0.89977359804946011]
[[1892   22]
 [  61   35]]
fine acc: 0.959
fine f1: 0.458
['rnd', 157, 'fold', 3, 'pr', 0.90105042630785237, 'roc', 0.88561803378613724]
3,157,coarse : 221.51 seconds
3,157,fine : 221.52 seconds
[[1836   78]
 [  35   61]]
coarse acc: 0.944
coarse f1: 0.519
['rnd', 158, 'fold', 3, 'pr', 0.9182781399358747, 'roc', 0.89947971090212464]
[[1893   21]
 [  60   36]]
fine acc: 0.960
fine f1: 0.471
['rnd', 158, 'fold', 3, 'pr', 0.9006348853333116, 'roc', 0.88470371821664928]
3,158,coarse : 223.95 seconds
3,158,fine : 223.96 seconds
[[1835   79]
 [  35   61]]
coarse acc: 0.943
coarse f1: 0.517
['rnd', 159, 'fold', 3, 'pr', 0.91819802773454195, 'roc', 0.89948515325670497]
[[1892   22]
 [  61   35]]
fine acc: 0.959
fine f1: 0.458
['rnd', 159, 'fold', 3, 'pr', 0.90032697631744119, 'roc', 0.88511189481017061]
3,159,coarse : 226.42 seconds
3,159,fine : 226.44 seconds
[[1833   81]
 [  35   61]]
coarse acc: 0.942
coarse f1: 0.513
['rnd', 160, 'fold', 3, 'pr', 0.9182463150499407, 'roc', 0.89968107802159525]
[[1896   18]
 [  60   36]]
fine acc: 0.961
fine f1: 0.480
['rnd', 160, 'fold', 3, 'pr', 0.89999109523051546, 'roc', 0.88322884012539182]
3,160,coarse : 228.9 seconds
3,160,fine : 228.91 seconds
[[1834   80]
 [  35   61]]
coarse acc: 0.943
coarse f1: 0.515
['rnd', 161, 'fold', 3, 'pr', 0.91797827494685591, 'roc', 0.89952324973876685]
[[1895   19]
 [  60   36]]
fine acc: 0.961
fine f1: 0.477
['rnd', 161, 'fold', 3, 'pr', 0.90080257362252736, 'roc', 0.88381661442006265]
3,161,coarse : 232.13 seconds
3,161,fine : 232.14 seconds
[[1834   80]
 [  34   62]]
coarse acc: 0.943
coarse f1: 0.521
['rnd', 162, 'fold', 3, 'pr', 0.91769996697772316, 'roc', 0.89896812957157779]
[[1894   20]
 [  61   35]]
fine acc: 0.960
fine f1: 0.464
['rnd', 162, 'fold', 3, 'pr', 0.90161564911701619, 'roc', 0.88607519157088122]
3,162,coarse : 234.53 seconds
3,162,fine : 234.54 seconds
[[1837   77]
 [  35   61]]
coarse acc: 0.944
coarse f1: 0.521
['rnd', 163, 'fold', 3, 'pr', 0.91699549387803747, 'roc', 0.89769461859979094]
[[1893   21]
 [  59   37]]
fine acc: 0.960
fine f1: 0.481
['rnd', 163, 'fold', 3, 'pr', 0.90329895632782609, 'roc', 0.88864398293277613]
3,163,coarse : 237.51 seconds
3,163,fine : 237.52 seconds
[[1836   78]
 [  35   61]]
coarse acc: 0.944
coarse f1: 0.519
['rnd', 164, 'fold', 3, 'pr', 0.91769748834137543, 'roc', 0.89928378613723436]
[[1892   22]
 [  58   38]]
fine acc: 0.960
fine f1: 0.487
['rnd', 164, 'fold', 3, 'pr', 0.90345103252637982, 'roc', 0.88921543016370597]
3,164,coarse : 239.82 seconds
3,164,fine : 239.84 seconds
[[1833   81]
 [  32   64]]
coarse acc: 0.944
coarse f1: 0.531
['rnd', 165, 'fold', 3, 'pr', 0.91936736701438637, 'roc', 0.9011940525949147]
[[1894   20]
 [  58   38]]
fine acc: 0.961
fine f1: 0.494
['rnd', 165, 'fold', 3, 'pr', 0.90144886427533044, 'roc', 0.88650513758272376]
3,165,coarse : 241.92 seconds
3,165,fine : 241.94 seconds
[[1835   79]
 [  32   64]]
coarse acc: 0.945
coarse f1: 0.536
['rnd', 166, 'fold', 3, 'pr', 0.91738801541586168, 'roc', 0.89797762103796597]
[[1894   20]
 [  56   40]]
fine acc: 0.962
fine f1: 0.513
['rnd', 166, 'fold', 3, 'pr', 0.90039101140237165, 'roc', 0.8858520550330895]
3,166,coarse : 244.38 seconds
3,166,fine : 244.39 seconds
[[1834   80]
 [  32   64]]
coarse acc: 0.944
coarse f1: 0.533
['rnd', 167, 'fold', 3, 'pr', 0.91837096111000083, 'roc', 0.89965386624869381]
[[1893   21]
 [  58   38]]
fine acc: 0.961
fine f1: 0.490
['rnd', 167, 'fold', 3, 'pr', 0.90125188428806591, 'roc', 0.88720175896900033]
3,167,coarse : 247.6 seconds
3,167,fine : 247.62 seconds
[[1842   72]
 [  31   65]]
coarse acc: 0.949
coarse f1: 0.558
['rnd', 168, 'fold', 3, 'pr', 0.91913569193690903, 'roc', 0.89999129223267149]
[[1894   20]
 [  58   38]]
fine acc: 0.961
fine f1: 0.494
['rnd', 168, 'fold', 3, 'pr', 0.90454626816317762, 'roc', 0.89251349703935912]
3,168,coarse : 252.55 seconds
3,168,fine : 252.57 seconds
[[1841   73]
 [  31   65]]
coarse acc: 0.948
coarse f1: 0.556
['rnd', 169, 'fold', 3, 'pr', 0.91902633343971396, 'roc', 0.89976815569487978]
[[1893   21]
 [  59   37]]
fine acc: 0.960
fine f1: 0.481
['rnd', 169, 'fold', 3, 'pr', 0.90384198238775204, 'roc', 0.89230124521072796]
3,169,coarse : 254.73 seconds
3,169,fine : 254.74 seconds
[[1843   71]
 [  31   65]]
coarse acc: 0.949
coarse f1: 0.560
['rnd', 170, 'fold', 3, 'pr', 0.91914837992526432, 'roc', 0.89977904040404033]
[[1895   19]
 [  58   38]]
fine acc: 0.962
fine f1: 0.497
['rnd', 170, 'fold', 3, 'pr', 0.90379047126467793, 'roc', 0.89135427551375823]
3,170,coarse : 257.76 seconds
3,170,fine : 257.78 seconds
[[1841   73]
 [  31   65]]
coarse acc: 0.948
coarse f1: 0.556
['rnd', 171, 'fold', 3, 'pr', 0.91869153717651852, 'roc', 0.89928378613723436]
[[1895   19]
 [  57   39]]
fine acc: 0.962
fine f1: 0.506
['rnd', 171, 'fold', 3, 'pr', 0.90468252359450663, 'roc', 0.89183320271682343]
3,171,coarse : 241.49 seconds
3,171,fine : 241.51 seconds
[[1842   72]
 [  31   65]]
coarse acc: 0.949
coarse f1: 0.558
['rnd', 172, 'fold', 3, 'pr', 0.91970501758691037, 'roc', 0.90030150644374785]
[[1895   19]
 [  57   39]]
fine acc: 0.962
fine f1: 0.506
['rnd', 172, 'fold', 3, 'pr', 0.90472132654574167, 'roc', 0.89154475792406818]
3,172,coarse : 221.68 seconds
3,172,fine : 221.7 seconds
