home
all           0      1    2    3    4    5    6    7    8    
1      2010   1914   1    19   32   19   1    11   6    7    
2      2010   1914   1    19   32   19   1    11   6    7    
3      2010   1914   1    19   32   19   1    11   5    8    
4      2010   1914   1    19   32   19   1    10   6    8    
5      2010   1914   1    18   33   19   1    10   6    8    
6      2010   1914   1    18   33   19   1    10   6    8    
7      2010   1913   2    18   33   19   1    10   6    8    
8      2010   1913   2    18   33   19   1    10   6    8    
9      2009   1913   2    18   32   19   2    10   6    7    
10     2009   1913   1    19   32   19   1    11   6    7    
Total  20098  19136  13   185  324  190  11   104  59   76   
train         0      1    2    3    4    5    6    7    8    
1      2010   1914   1    19   32   19   1    11   6    7    
2      2010   1914   1    19   32   19   1    11   6    7    
3      2010   1914   1    19   32   19   1    11   5    8    
4      2010   1914   1    19   32   19   1    10   6    8    
5      2010   1914   1    18   33   19   1    10   6    8    
6      2010   1914   1    18   33   19   1    10   6    8    
7      2010   1913   2    18   33   19   1    10   6    8    
8      2010   1913   2    18   33   19   1    10   6    8    
9      2009   1913   2    18   32   19   2    10   6    7    
Total  18089  17223  12   166  292  171  10   93   53   69   
test          0      1    2    3    4    5    6    7    8    
10     2009   1913   1    19   32   19   1    11   6    7    
Total  2009   1913   1    19   32   19   1    11   6    7    
Classes             
0         17223     
1         12        
2         166       
3         292       
4         171       
5         10        
6         93        
7         53        
8         69        
Total     18089     

Shape: 450       

[952, 10, 11, 16, 11, 10, 10, 10, 10]
Sum start => 1040
[[1832   81]
 [  58   38]]
coarse acc: 0.931
coarse f1: 0.353
['rnd', 1, 'fold', 10, 'pr', 0.83893143819000415, 'roc', 0.82743073706220649]
[[1913    0]
 [  93    3]]
fine acc: 0.954
fine f1: 0.061
['rnd', 1, 'fold', 10, 'pr', 0.80836677466571383, 'roc', 0.7944137698205268]
10,1,coarse : 29.75 seconds
10,1,fine : 29.75 seconds
[[1832   81]
 [  58   38]]
coarse acc: 0.931
coarse f1: 0.353
['rnd', 2, 'fold', 10, 'pr', 0.83893143819000415, 'roc', 0.82743073706220649]
[[1913    0]
 [  93    3]]
fine acc: 0.954
fine f1: 0.061
['rnd', 2, 'fold', 10, 'pr', 0.80836677466571383, 'roc', 0.7944137698205268]
10,2,coarse : 33.4 seconds
10,2,fine : 33.41 seconds
[[1854   59]
 [  61   35]]
coarse acc: 0.940
coarse f1: 0.368
['rnd', 3, 'fold', 10, 'pr', 0.84758491409800585, 'roc', 0.83319720334553105]
[[1910    3]
 [  88    8]]
fine acc: 0.955
fine f1: 0.150
['rnd', 3, 'fold', 10, 'pr', 0.83320534128422152, 'roc', 0.82094822704303949]
10,3,coarse : 51.69 seconds
10,3,fine : 51.69 seconds
[[1847   66]
 [  61   35]]
coarse acc: 0.937
coarse f1: 0.355
['rnd', 4, 'fold', 10, 'pr', 0.84674607628718312, 'roc', 0.83393775047917795]
[[1908    5]
 [  85   11]]
fine acc: 0.955
fine f1: 0.196
['rnd', 4, 'fold', 10, 'pr', 0.85095234209204795, 'roc', 0.83661134343962407]
10,4,coarse : 56.33 seconds
10,4,fine : 56.34 seconds
[[1849   64]
 [  58   38]]
coarse acc: 0.939
coarse f1: 0.384
['rnd', 5, 'fold', 10, 'pr', 0.85367444398048153, 'roc', 0.83764048614741282]
[[1908    5]
 [  80   16]]
fine acc: 0.958
fine f1: 0.274
['rnd', 5, 'fold', 10, 'pr', 0.85569585022315386, 'roc', 0.83885748823836959]
10,5,coarse : 61.11 seconds
10,5,fine : 61.12 seconds
[[1861   52]
 [  58   38]]
coarse acc: 0.945
coarse f1: 0.409
['rnd', 6, 'fold', 10, 'pr', 0.85616601527449432, 'roc', 0.83312369315211765]
[[1907    6]
 [  76   20]]
fine acc: 0.959
fine f1: 0.328
['rnd', 6, 'fold', 10, 'pr', 0.85643206378590375, 'roc', 0.83940200818958055]
10,6,coarse : 64.9 seconds
10,6,fine : 64.91 seconds
[[1858   55]
 [  57   39]]
coarse acc: 0.944
coarse f1: 0.411
['rnd', 7, 'fold', 10, 'pr', 0.86564867381664679, 'roc', 0.84507046088168725]
[[1908    5]
 [  75   21]]
fine acc: 0.960
fine f1: 0.344
['rnd', 7, 'fold', 10, 'pr', 0.85076608326334746, 'roc', 0.82860690015682215]
10,7,coarse : 69.48 seconds
10,7,fine : 69.48 seconds
[[1868   45]
 [  62   34]]
coarse acc: 0.947
coarse f1: 0.389
['rnd', 8, 'fold', 10, 'pr', 0.86575824006797908, 'roc', 0.84807348841261598]
[[1908    5]
 [  74   22]]
fine acc: 0.961
fine f1: 0.358
['rnd', 8, 'fold', 10, 'pr', 0.8427671841056098, 'roc', 0.82141923680083695]
10,8,coarse : 74.45 seconds
10,8,fine : 74.45 seconds
[[1869   44]
 [  59   37]]
coarse acc: 0.949
coarse f1: 0.418
['rnd', 9, 'fold', 10, 'pr', 0.87134200478834978, 'roc', 0.85073074577452557]
[[1910    3]
 [  75   21]]
fine acc: 0.961
fine f1: 0.350
['rnd', 9, 'fold', 10, 'pr', 0.85003229411102943, 'roc', 0.83307740895626459]
10,9,coarse : 77.04 seconds
10,9,fine : 77.05 seconds
[[1866   47]
 [  60   36]]
coarse acc: 0.947
coarse f1: 0.402
['rnd', 10, 'fold', 10, 'pr', 0.86600018563299463, 'roc', 0.84628201777313161]
[[1911    2]
 [  77   19]]
fine acc: 0.961
fine f1: 0.325
['rnd', 10, 'fold', 10, 'pr', 0.84821277816204754, 'roc', 0.82875936574316134]
10,10,coarse : 81.46 seconds
10,10,fine : 81.46 seconds
[[1870   43]
 [  59   37]]
coarse acc: 0.949
coarse f1: 0.420
['rnd', 11, 'fold', 10, 'pr', 0.87072263675487105, 'roc', 0.84978328105941836]
[[1910    3]
 [  76   20]]
fine acc: 0.961
fine f1: 0.336
['rnd', 11, 'fold', 10, 'pr', 0.8490897709354458, 'roc', 0.82019134431085605]
10,11,coarse : 85.74 seconds
10,11,fine : 85.74 seconds
[[1855   58]
 [  59   37]]
coarse acc: 0.942
coarse f1: 0.387
['rnd', 12, 'fold', 10, 'pr', 0.87005695732111765, 'roc', 0.84704162310507114]
[[1908    5]
 [  77   19]]
fine acc: 0.959
fine f1: 0.317
['rnd', 12, 'fold', 10, 'pr', 0.844880774977113, 'roc', 0.81725638177382876]
10,12,coarse : 89.39 seconds
10,12,fine : 89.39 seconds
[[1865   48]
 [  56   40]]
coarse acc: 0.948
coarse f1: 0.435
['rnd', 13, 'fold', 10, 'pr', 0.86655185998394935, 'roc', 0.84443609513852635]
[[1907    6]
 [  77   19]]
fine acc: 0.959
fine f1: 0.314
['rnd', 13, 'fold', 10, 'pr', 0.85595124184565841, 'roc', 0.8296224298658309]
10,13,coarse : 96.14 seconds
10,13,fine : 96.14 seconds
[[1863   50]
 [  52   44]]
coarse acc: 0.949
coarse f1: 0.463
['rnd', 14, 'fold', 10, 'pr', 0.8710194367520453, 'roc', 0.850556499390138]
[[1906    7]
 [  76   20]]
fine acc: 0.959
fine f1: 0.325
['rnd', 14, 'fold', 10, 'pr', 0.85956473863281513, 'roc', 0.83826940669106165]
10,14,coarse : 100.29 seconds
10,14,fine : 100.29 seconds
[[1863   50]
 [  54   42]]
coarse acc: 0.948
coarse f1: 0.447
['rnd', 15, 'fold', 10, 'pr', 0.87176808785976201, 'roc', 0.84964170587210364]
[[1907    6]
 [  73   23]]
fine acc: 0.961
fine f1: 0.368
['rnd', 15, 'fold', 10, 'pr', 0.86234501547250852, 'roc', 0.8386478480571532]
10,15,coarse : 103.4 seconds
10,15,fine : 103.41 seconds
[[1869   44]
 [  55   41]]
coarse acc: 0.951
coarse f1: 0.453
['rnd', 16, 'fold', 10, 'pr', 0.87102052182783085, 'roc', 0.85086687576232822]
[[1909    4]
 [  75   21]]
fine acc: 0.961
fine f1: 0.347
['rnd', 16, 'fold', 10, 'pr', 0.86232648002134049, 'roc', 0.8382040642969163]
10,16,coarse : 108.48 seconds
10,16,fine : 108.48 seconds
[[1873   40]
 [  53   43]]
coarse acc: 0.954
coarse f1: 0.480
['rnd', 17, 'fold', 10, 'pr', 0.87382227674334334, 'roc', 0.85073346837428165]
[[1908    5]
 [  74   22]]
fine acc: 0.961
fine f1: 0.358
['rnd', 17, 'fold', 10, 'pr', 0.86339261338258266, 'roc', 0.83844637567520541]
10,17,coarse : 113.63 seconds
10,17,fine : 113.64 seconds
[[1874   39]
 [  53   43]]
coarse acc: 0.954
coarse f1: 0.483
['rnd', 18, 'fold', 10, 'pr', 0.8767311291365506, 'roc', 0.85219278184352709]
[[1906    7]
 [  75   21]]
fine acc: 0.959
fine f1: 0.339
['rnd', 18, 'fold', 10, 'pr', 0.86482719547117048, 'roc', 0.84116897543126024]
10,18,coarse : 117.05 seconds
10,18,fine : 117.06 seconds
[[1872   41]
 [  55   41]]
coarse acc: 0.952
coarse f1: 0.461
['rnd', 19, 'fold', 10, 'pr', 0.87707862105146295, 'roc', 0.85303951036766024]
[[1908    5]
 [  72   24]]
fine acc: 0.962
fine f1: 0.384
['rnd', 19, 'fold', 10, 'pr', 0.86620966316744985, 'roc', 0.84525832026485503]
10,19,coarse : 120.23 seconds
10,19,fine : 120.24 seconds
[[1877   36]
 [  53   43]]
coarse acc: 0.956
coarse f1: 0.491
['rnd', 20, 'fold', 10, 'pr', 0.88384901745490363, 'roc', 0.86024623192193805]
[[1908    5]
 [  73   23]]
fine acc: 0.961
fine f1: 0.371
['rnd', 20, 'fold', 10, 'pr', 0.86934715899762383, 'roc', 0.85025701341697213]
10,20,coarse : 124.6 seconds
10,20,fine : 124.6 seconds
[[1876   37]
 [  53   43]]
coarse acc: 0.955
coarse f1: 0.489
['rnd', 21, 'fold', 10, 'pr', 0.88084626913949626, 'roc', 0.85860450426903678]
[[1906    7]
 [  73   23]]
fine acc: 0.960
fine f1: 0.365
['rnd', 21, 'fold', 10, 'pr', 0.87409803739135628, 'roc', 0.85363575971423644]
10,21,coarse : 126.86 seconds
10,21,fine : 126.86 seconds
[[1877   36]
 [  54   42]]
coarse acc: 0.955
coarse f1: 0.483
['rnd', 22, 'fold', 10, 'pr', 0.88471335508938787, 'roc', 0.86291165708311601]
[[1906    7]
 [  75   21]]
fine acc: 0.959
fine f1: 0.339
['rnd', 22, 'fold', 10, 'pr', 0.87324855332653661, 'roc', 0.85411493727130205]
10,22,coarse : 129.24 seconds
10,22,fine : 129.25 seconds
[[1880   33]
 [  55   41]]
coarse acc: 0.956
coarse f1: 0.482
['rnd', 23, 'fold', 10, 'pr', 0.88560435642885449, 'roc', 0.86369576581285978]
[[1907    6]
 [  72   24]]
fine acc: 0.961
fine f1: 0.381
['rnd', 23, 'fold', 10, 'pr', 0.87710046364963767, 'roc', 0.85737116657954382]
10,23,coarse : 132.33 seconds
10,23,fine : 132.34 seconds
[[1884   29]
 [  55   41]]
coarse acc: 0.958
coarse f1: 0.494
['rnd', 24, 'fold', 10, 'pr', 0.88549617842102712, 'roc', 0.8634915708311558]
[[1906    7]
 [  76   20]]
fine acc: 0.959
fine f1: 0.325
['rnd', 24, 'fold', 10, 'pr', 0.87736116396065222, 'roc', 0.85862628506708516]
10,24,coarse : 136.34 seconds
10,24,fine : 136.34 seconds
[[1882   31]
 [  55   41]]
coarse acc: 0.957
coarse f1: 0.488
['rnd', 25, 'fold', 10, 'pr', 0.8872386516566273, 'roc', 0.86427567956089946]
[[1905    8]
 [  73   23]]
fine acc: 0.960
fine f1: 0.362
['rnd', 25, 'fold', 10, 'pr', 0.87513106001139795, 'roc', 0.85522575797177258]
10,25,coarse : 140.41 seconds
10,25,fine : 140.42 seconds
[[1878   35]
 [  54   42]]
coarse acc: 0.956
coarse f1: 0.486
['rnd', 26, 'fold', 10, 'pr', 0.88658644825894872, 'roc', 0.86508701428820389]
[[1905    8]
 [  74   22]]
fine acc: 0.959
fine f1: 0.349
['rnd', 26, 'fold', 10, 'pr', 0.88341844855469676, 'roc', 0.8653266030667367]
10,26,coarse : 144.02 seconds
10,26,fine : 144.03 seconds
[[1882   31]
 [  55   41]]
coarse acc: 0.957
coarse f1: 0.488
['rnd', 27, 'fold', 10, 'pr', 0.88792641628046387, 'roc', 0.8651605244816174]
[[1906    7]
 [  76   20]]
fine acc: 0.959
fine f1: 0.325
['rnd', 27, 'fold', 10, 'pr', 0.88178393711234049, 'roc', 0.8620594833594708]
10,27,coarse : 147.49 seconds
10,27,fine : 147.49 seconds
[[1879   34]
 [  52   44]]
coarse acc: 0.957
coarse f1: 0.506
['rnd', 28, 'fold', 10, 'pr', 0.8883176318682896, 'roc', 0.86532932566649279]
[[1907    6]
 [  74   22]]
fine acc: 0.960
fine f1: 0.355
['rnd', 28, 'fold', 10, 'pr', 0.88075288075537239, 'roc', 0.86352424202822831]
10,28,coarse : 151.38 seconds
10,28,fine : 151.39 seconds
[[1878   35]
 [  54   42]]
coarse acc: 0.956
coarse f1: 0.486
['rnd', 29, 'fold', 10, 'pr', 0.88949545092703597, 'roc', 0.86678319393622616]
[[1906    7]
 [  74   22]]
fine acc: 0.960
fine f1: 0.352
['rnd', 29, 'fold', 10, 'pr', 0.87865849360628712, 'roc', 0.86119641923680124]
10,29,coarse : 155.85 seconds
10,29,fine : 155.86 seconds
[[1871   42]
 [  55   41]]
coarse acc: 0.952
coarse f1: 0.458
['rnd', 30, 'fold', 10, 'pr', 0.88776401567704766, 'roc', 0.86605353720160339]
[[1907    6]
 [  72   24]]
fine acc: 0.961
fine f1: 0.381
['rnd', 30, 'fold', 10, 'pr', 0.88015075981891844, 'roc', 0.8635623584248131]
10,30,coarse : 159.87 seconds
10,30,fine : 159.88 seconds
[[1877   36]
 [  55   41]]
coarse acc: 0.955
coarse f1: 0.474
['rnd', 31, 'fold', 10, 'pr', 0.88925205495642323, 'roc', 0.86838408259278654]
[[1906    7]
 [  73   23]]
fine acc: 0.960
fine f1: 0.365
['rnd', 31, 'fold', 10, 'pr', 0.88142007368144715, 'roc', 0.86363314601847052]
10,31,coarse : 163.08 seconds
10,31,fine : 163.08 seconds
[[1871   42]
 [  54   42]]
coarse acc: 0.952
coarse f1: 0.467
['rnd', 32, 'fold', 10, 'pr', 0.88958020252485848, 'roc', 0.86858555497473477]
[[1907    6]
 [  74   22]]
fine acc: 0.960
fine f1: 0.355
['rnd', 32, 'fold', 10, 'pr', 0.88542729017585797, 'roc', 0.86878158215717061]
10,32,coarse : 165.49 seconds
10,32,fine : 165.49 seconds
[[1863   50]
 [  52   44]]
coarse acc: 0.949
coarse f1: 0.463
['rnd', 33, 'fold', 10, 'pr', 0.88861088333629146, 'roc', 0.86321114305628188]
[[1905    8]
 [  71   25]]
fine acc: 0.961
fine f1: 0.388
['rnd', 33, 'fold', 10, 'pr', 0.8834624152763374, 'roc', 0.86669062554452037]
10,33,coarse : 169.7 seconds
10,33,fine : 169.71 seconds
[[1860   53]
 [  53   43]]
coarse acc: 0.947
coarse f1: 0.448
['rnd', 34, 'fold', 10, 'pr', 0.89045450514113855, 'roc', 0.86752374106987329]
[[1905    8]
 [  72   24]]
fine acc: 0.960
fine f1: 0.375
['rnd', 34, 'fold', 10, 'pr', 0.88480648730262723, 'roc', 0.86625228698379542]
10,34,coarse : 172.97 seconds
10,34,fine : 172.98 seconds
[[1862   51]
 [  52   44]]
coarse acc: 0.949
coarse f1: 0.461
['rnd', 35, 'fold', 10, 'pr', 0.88988121350804195, 'roc', 0.86668518034500808]
[[1905    8]
 [  69   27]]
fine acc: 0.962
fine f1: 0.412
['rnd', 35, 'fold', 10, 'pr', 0.88418796032316183, 'roc', 0.86560158564209833]
10,35,coarse : 175.99 seconds
10,35,fine : 175.99 seconds
[[1857   56]
 [  52   44]]
coarse acc: 0.946
coarse f1: 0.449
['rnd', 36, 'fold', 10, 'pr', 0.88966136565078302, 'roc', 0.86736038508450986]
[[1907    6]
 [  70   26]]
fine acc: 0.962
fine f1: 0.406
['rnd', 36, 'fold', 10, 'pr', 0.88807964360955849, 'roc', 0.87150145931346956]
10,36,coarse : 178.96 seconds
10,36,fine : 178.96 seconds
[[1857   56]
 [  51   45]]
coarse acc: 0.947
coarse f1: 0.457
['rnd', 37, 'fold', 10, 'pr', 0.88971434089721035, 'roc', 0.86803014462449934]
[[1907    6]
 [  73   23]]
fine acc: 0.961
fine f1: 0.368
['rnd', 37, 'fold', 10, 'pr', 0.88584593902515163, 'roc', 0.86955752308764622]
10,37,coarse : 182.08 seconds
10,37,fine : 182.09 seconds
[[1856   57]
 [  50   46]]
coarse acc: 0.947
coarse f1: 0.462
['rnd', 38, 'fold', 10, 'pr', 0.88778604075191014, 'roc', 0.86503528489283876]
[[1905    8]
 [  73   23]]
fine acc: 0.960
fine f1: 0.362
['rnd', 38, 'fold', 10, 'pr', 0.88931287631315259, 'roc', 0.87364686792124102]
10,38,coarse : 185.09 seconds
10,38,fine : 185.1 seconds
[[1857   56]
 [  51   45]]
coarse acc: 0.947
coarse f1: 0.457
['rnd', 39, 'fold', 10, 'pr', 0.88922320144366207, 'roc', 0.867559134866702]
[[1905    8]
 [  74   22]]
fine acc: 0.959
fine f1: 0.349
['rnd', 39, 'fold', 10, 'pr', 0.88600549652404736, 'roc', 0.87025995382470855]
10,39,coarse : 188.24 seconds
10,39,fine : 188.25 seconds
[[1851   62]
 [  51   45]]
coarse acc: 0.944
coarse f1: 0.443
['rnd', 40, 'fold', 10, 'pr', 0.88861557497372079, 'roc', 0.86728959749085244]
[[1900   13]
 [  72   24]]
fine acc: 0.958
fine f1: 0.361
['rnd', 40, 'fold', 10, 'pr', 0.88090182978946507, 'roc', 0.86396258058895314]
10,40,coarse : 190.39 seconds
10,40,fine : 190.4 seconds
[[1847   66]
 [  50   46]]
coarse acc: 0.942
coarse f1: 0.442
['rnd', 41, 'fold', 10, 'pr', 0.8892161829579317, 'roc', 0.86705545391183181]
[[1903   10]
 [  71   25]]
fine acc: 0.960
fine f1: 0.382
['rnd', 41, 'fold', 10, 'pr', 0.88163251437210199, 'roc', 0.86415860777138909]
10,41,coarse : 190.27 seconds
10,41,fine : 190.28 seconds
[[1849   64]
 [  50   46]]
coarse acc: 0.943
coarse f1: 0.447
['rnd', 42, 'fold', 10, 'pr', 0.88878611051494738, 'roc', 0.86583028402160689]
[[1904    9]
 [  72   24]]
fine acc: 0.960
fine f1: 0.372
['rnd', 42, 'fold', 10, 'pr', 0.88141441113844798, 'roc', 0.86398436138700163]
10,42,coarse : 191.33 seconds
10,42,fine : 191.33 seconds
[[1848   65]
 [  50   46]]
coarse acc: 0.943
coarse f1: 0.444
['rnd', 43, 'fold', 10, 'pr', 0.88956987138410581, 'roc', 0.86757274786548222]
[[1903   10]
 [  69   27]]
fine acc: 0.961
fine f1: 0.406
['rnd', 43, 'fold', 10, 'pr', 0.88421118004848265, 'roc', 0.86685942672939575]
10,43,coarse : 195.42 seconds
10,43,fine : 195.43 seconds
[[1843   70]
 [  50   46]]
coarse acc: 0.940
coarse f1: 0.434
['rnd', 44, 'fold', 10, 'pr', 0.88859144710011151, 'roc', 0.8662740677818439]
[[1902   11]
 [  69   27]]
fine acc: 0.960
fine f1: 0.403
['rnd', 44, 'fold', 10, 'pr', 0.88627935500959709, 'roc', 0.87133810332810624]
10,44,coarse : 196.37 seconds
10,44,fine : 196.38 seconds
[[1846   67]
 [  50   46]]
coarse acc: 0.942
coarse f1: 0.440
['rnd', 45, 'fold', 10, 'pr', 0.88955927545641467, 'roc', 0.86698738891793048]
[[1903   10]
 [  69   27]]
fine acc: 0.961
fine f1: 0.406
['rnd', 45, 'fold', 10, 'pr', 0.88787974337331688, 'roc', 0.87328748475344176]
10,45,coarse : 197.95 seconds
10,45,fine : 197.96 seconds
[[1846   67]
 [  49   47]]
coarse acc: 0.942
coarse f1: 0.448
['rnd', 46, 'fold', 10, 'pr', 0.88934878325568512, 'roc', 0.86667973514549612]
[[1903   10]
 [  68   28]]
fine acc: 0.961
fine f1: 0.418
['rnd', 46, 'fold', 10, 'pr', 0.88810992457974325, 'roc', 0.87375577191148301]
10,46,coarse : 200.06 seconds
10,46,fine : 200.07 seconds
[[1841   72]
 [  49   47]]
coarse acc: 0.940
coarse f1: 0.437
['rnd', 47, 'fold', 10, 'pr', 0.88955214244660286, 'roc', 0.86657083115525402]
[[1902   11]
 [  70   26]]
fine acc: 0.960
fine f1: 0.391
['rnd', 47, 'fold', 10, 'pr', 0.88484069744582639, 'roc', 0.86883058895277976]
10,47,coarse : 200.14 seconds
10,47,fine : 200.15 seconds
[[1844   69]
 [  49   47]]
coarse acc: 0.941
coarse f1: 0.443
['rnd', 48, 'fold', 10, 'pr', 0.88964993518675084, 'roc', 0.86774154905035761]
[[1902   11]
 [  69   27]]
fine acc: 0.960
fine f1: 0.403
['rnd', 48, 'fold', 10, 'pr', 0.8874560902225902, 'roc', 0.87235635563687097]
10,48,coarse : 203.34 seconds
10,48,fine : 203.35 seconds
[[1841   72]
 [  46   50]]
coarse acc: 0.941
coarse f1: 0.459
['rnd', 49, 'fold', 10, 'pr', 0.89051691777430131, 'roc', 0.86835957919498208]
[[1900   13]
 [  69   27]]
fine acc: 0.959
fine f1: 0.397
['rnd', 49, 'fold', 10, 'pr', 0.88657573088112807, 'roc', 0.87264222861125673]
10,49,coarse : 203.8 seconds
10,49,fine : 203.81 seconds
[[1845   68]
 [  49   47]]
coarse acc: 0.942
coarse f1: 0.445
['rnd', 50, 'fold', 10, 'pr', 0.88938472216192366, 'roc', 0.86695744032061373]
[[1900   13]
 [  69   27]]
fine acc: 0.959
fine f1: 0.397
['rnd', 50, 'fold', 10, 'pr', 0.88686908111328921, 'roc', 0.8714007231224955]
10,50,coarse : 208.92 seconds
10,50,fine : 208.93 seconds
[[1840   73]
 [  46   50]]
coarse acc: 0.941
coarse f1: 0.457
['rnd', 51, 'fold', 10, 'pr', 0.88919115016451544, 'roc', 0.86747745687402023]
[[1898   15]
 [  69   27]]
fine acc: 0.958
fine f1: 0.391
['rnd', 51, 'fold', 10, 'pr', 0.88765718480980138, 'roc', 0.8750435615960972]
10,51,coarse : 206.46 seconds
10,51,fine : 206.46 seconds
[[1842   71]
 [  48   48]]
coarse acc: 0.941
coarse f1: 0.447
['rnd', 52, 'fold', 10, 'pr', 0.88943214978590446, 'roc', 0.8666443413486673]
[[1897   16]
 [  69   27]]
fine acc: 0.958
fine f1: 0.388
['rnd', 52, 'fold', 10, 'pr', 0.88735861281896578, 'roc', 0.87432751786025487]
10,52,coarse : 209.52 seconds
10,52,fine : 209.53 seconds
[[1845   68]
 [  46   50]]
coarse acc: 0.943
coarse f1: 0.467
['rnd', 53, 'fold', 10, 'pr', 0.89020693550080587, 'roc', 0.86831874019864119]
[[1898   15]
 [  69   27]]
fine acc: 0.958
fine f1: 0.391
['rnd', 53, 'fold', 10, 'pr', 0.88896025531251899, 'roc', 0.87690037462972681]
10,53,coarse : 210.2 seconds
10,53,fine : 210.21 seconds
[[1839   74]
 [  46   50]]
coarse acc: 0.940
coarse f1: 0.455
['rnd', 54, 'fold', 10, 'pr', 0.88954908622460604, 'roc', 0.86913552012545769]
[[1898   15]
 [  69   27]]
fine acc: 0.958
fine f1: 0.391
['rnd', 54, 'fold', 10, 'pr', 0.89037650983395966, 'roc', 0.87856388308067646]
10,54,coarse : 209.35 seconds
10,54,fine : 209.36 seconds
[[1847   66]
 [  46   50]]
coarse acc: 0.944
coarse f1: 0.472
['rnd', 55, 'fold', 10, 'pr', 0.88980480399348849, 'roc', 0.868152661613522]
[[1897   16]
 [  69   27]]
fine acc: 0.958
fine f1: 0.388
['rnd', 55, 'fold', 10, 'pr', 0.8904417832305368, 'roc', 0.87794857553580807]
10,55,coarse : 210.71 seconds
10,55,fine : 210.72 seconds
[[1846   67]
 [  47   49]]
coarse acc: 0.943
coarse f1: 0.462
['rnd', 56, 'fold', 10, 'pr', 0.88891441707378083, 'roc', 0.86714257710402542]
[[1896   17]
 [  68   28]]
fine acc: 0.958
fine f1: 0.397
['rnd', 56, 'fold', 10, 'pr', 0.89179833375674544, 'roc', 0.87864828367311409]
10,56,coarse : 209.63 seconds
10,56,fine : 209.63 seconds
[[1845   68]
 [  45   51]]
coarse acc: 0.944
coarse f1: 0.474
['rnd', 57, 'fold', 10, 'pr', 0.88950610843368083, 'roc', 0.86946223209618445]
[[1895   18]
 [  69   27]]
fine acc: 0.957
fine f1: 0.383
['rnd', 57, 'fold', 10, 'pr', 0.8909911262146667, 'roc', 0.87715085380728386]
10,57,coarse : 211.85 seconds
10,57,fine : 211.85 seconds
[[1843   70]
 [  45   51]]
coarse acc: 0.943
coarse f1: 0.470
['rnd', 58, 'fold', 10, 'pr', 0.89005366623741344, 'roc', 0.869287985711797]
[[1897   16]
 [  70   26]]
fine acc: 0.957
fine f1: 0.377
['rnd', 58, 'fold', 10, 'pr', 0.89285878604806646, 'roc', 0.87946234100017451]
10,58,coarse : 213.64 seconds
10,58,fine : 213.65 seconds
[[1845   68]
 [  47   49]]
coarse acc: 0.943
coarse f1: 0.460
['rnd', 59, 'fold', 10, 'pr', 0.8893170552563866, 'roc', 0.87006392664227261]
[[1897   16]
 [  68   28]]
fine acc: 0.958
fine f1: 0.400
['rnd', 59, 'fold', 10, 'pr', 0.89279113044385583, 'roc', 0.87833518470116767]
10,59,coarse : 214.32 seconds
10,59,fine : 214.33 seconds
[[1846   67]
 [  46   50]]
coarse acc: 0.944
coarse f1: 0.469
['rnd', 60, 'fold', 10, 'pr', 0.88945946632947614, 'roc', 0.868895931346925]
[[1896   17]
 [  67   29]]
fine acc: 0.958
fine f1: 0.408
['rnd', 60, 'fold', 10, 'pr', 0.89307582929509599, 'roc', 0.87876263286286849]
10,60,coarse : 214.11 seconds
10,60,fine : 214.12 seconds
[[1844   69]
 [  45   51]]
coarse acc: 0.943
coarse f1: 0.472
['rnd', 61, 'fold', 10, 'pr', 0.88799442235650505, 'roc', 0.86713713190451325]
[[1895   18]
 [  67   29]]
fine acc: 0.958
fine f1: 0.406
['rnd', 61, 'fold', 10, 'pr', 0.89307606240208437, 'roc', 0.87829979090433929]
10,61,coarse : 215.12 seconds
10,61,fine : 215.13 seconds
[[1846   67]
 [  45   51]]
coarse acc: 0.944
coarse f1: 0.477
['rnd', 62, 'fold', 10, 'pr', 0.88721039242616184, 'roc', 0.86578127722599796]
[[1895   18]
 [  67   29]]
fine acc: 0.958
fine f1: 0.406
['rnd', 62, 'fold', 10, 'pr', 0.89256571470941859, 'roc', 0.87786962014288239]
10,62,coarse : 216.88 seconds
10,62,fine : 216.89 seconds
[[1844   69]
 [  44   52]]
coarse acc: 0.944
coarse f1: 0.479
['rnd', 63, 'fold', 10, 'pr', 0.88720983627127559, 'roc', 0.86669879334378852]
[[1895   18]
 [  67   29]]
fine acc: 0.958
fine f1: 0.406
['rnd', 63, 'fold', 10, 'pr', 0.89181749528344512, 'roc', 0.87691943282801921]
10,63,coarse : 217.57 seconds
10,63,fine : 217.58 seconds
[[1843   70]
 [  44   52]]
coarse acc: 0.943
coarse f1: 0.477
['rnd', 64, 'fold', 10, 'pr', 0.88724134179108516, 'roc', 0.86687303972817609]
[[1894   19]
 [  65   31]]
fine acc: 0.958
fine f1: 0.425
['rnd', 64, 'fold', 10, 'pr', 0.89169665584851598, 'roc', 0.87707734361387035]
10,64,coarse : 218.41 seconds
10,64,fine : 218.42 seconds
[[1844   69]
 [  43   53]]
coarse acc: 0.944
coarse f1: 0.486
['rnd', 65, 'fold', 10, 'pr', 0.88627819826502774, 'roc', 0.86411776877504831]
[[1893   20]
 [  65   31]]
fine acc: 0.958
fine f1: 0.422
['rnd', 65, 'fold', 10, 'pr', 0.89163953198289592, 'roc', 0.87691126502875105]
10,65,coarse : 218.62 seconds
10,65,fine : 218.63 seconds
[[1841   72]
 [  43   53]]
coarse acc: 0.943
coarse f1: 0.480
['rnd', 66, 'fold', 10, 'pr', 0.88679033006399299, 'roc', 0.86586840041819169]
[[1893   20]
 [  64   32]]
fine acc: 0.958
fine f1: 0.432
['rnd', 66, 'fold', 10, 'pr', 0.89043047684442012, 'roc', 0.8752286983795089]
10,66,coarse : 219.58 seconds
10,66,fine : 219.59 seconds
[[1846   67]
 [  45   51]]
coarse acc: 0.944
coarse f1: 0.477
['rnd', 67, 'fold', 10, 'pr', 0.8866290806127145, 'roc', 0.8657540512284374]
[[1893   20]
 [  64   32]]
fine acc: 0.958
fine f1: 0.432
['rnd', 67, 'fold', 10, 'pr', 0.88998229925253969, 'roc', 0.87444186705000904]
10,67,coarse : 219.6 seconds
10,67,fine : 219.61 seconds
[[1847   66]
 [  46   50]]
coarse acc: 0.944
coarse f1: 0.472
['rnd', 68, 'fold', 10, 'pr', 0.88749002635121477, 'roc', 0.86621689318696682]
[[1892   21]
 [  64   32]]
fine acc: 0.958
fine f1: 0.430
['rnd', 68, 'fold', 10, 'pr', 0.89021711797078651, 'roc', 0.87429756926293811]
10,68,coarse : 220.28 seconds
10,68,fine : 220.29 seconds
[[1845   68]
 [  46   50]]
coarse acc: 0.943
coarse f1: 0.467
['rnd', 69, 'fold', 10, 'pr', 0.88753240057260663, 'roc', 0.86610526659696851]
[[1893   20]
 [  64   32]]
fine acc: 0.958
fine f1: 0.432
['rnd', 69, 'fold', 10, 'pr', 0.89053752161908173, 'roc', 0.87480669541732048]
10,69,coarse : 221.51 seconds
10,69,fine : 221.52 seconds
[[1846   67]
 [  44   52]]
coarse acc: 0.945
coarse f1: 0.484
['rnd', 70, 'fold', 10, 'pr', 0.88705921381193154, 'roc', 0.86521497647673851]
[[1893   20]
 [  63   33]]
fine acc: 0.959
fine f1: 0.443
['rnd', 70, 'fold', 10, 'pr', 0.89037600012841156, 'roc', 0.87477674682000384]
10,70,coarse : 223.23 seconds
10,70,fine : 223.23 seconds
[[1846   67]
 [  46   50]]
coarse acc: 0.944
coarse f1: 0.469
['rnd', 71, 'fold', 10, 'pr', 0.88748209960038427, 'roc', 0.86627679038159988]
[[1892   21]
 [  65   31]]
fine acc: 0.957
fine f1: 0.419
['rnd', 71, 'fold', 10, 'pr', 0.88933410975578553, 'roc', 0.87284914619271692]
10,71,coarse : 222.66 seconds
10,71,fine : 222.67 seconds
[[1845   68]
 [  45   51]]
coarse acc: 0.944
coarse f1: 0.474
['rnd', 72, 'fold', 10, 'pr', 0.88809607754051589, 'roc', 0.86752374106987318]
[[1895   18]
 [  64   32]]
fine acc: 0.959
fine f1: 0.438
['rnd', 72, 'fold', 10, 'pr', 0.88661787118268909, 'roc', 0.86897216414009448]
10,72,coarse : 223.69 seconds
10,72,fine : 223.7 seconds
[[1846   67]
 [  44   52]]
coarse acc: 0.945
coarse f1: 0.484
['rnd', 73, 'fold', 10, 'pr', 0.88737171645704349, 'roc', 0.86634213277574534]
[[1893   20]
 [  64   32]]
fine acc: 0.958
fine f1: 0.432
['rnd', 73, 'fold', 10, 'pr', 0.88963902911517156, 'roc', 0.87365503572050929]
10,73,coarse : 224.1 seconds
10,73,fine : 224.11 seconds
[[1845   68]
 [  44   52]]
coarse acc: 0.944
coarse f1: 0.481
['rnd', 74, 'fold', 10, 'pr', 0.88746183856435801, 'roc', 0.86627406778184379]
[[1892   21]
 [  64   32]]
fine acc: 0.958
fine f1: 0.430
['rnd', 74, 'fold', 10, 'pr', 0.88693484792136679, 'roc', 0.87015921763373438]
10,74,coarse : 224.79 seconds
10,74,fine : 224.8 seconds
[[1846   67]
 [  43   53]]
coarse acc: 0.945
coarse f1: 0.491
['rnd', 75, 'fold', 10, 'pr', 0.88738994633484714, 'roc', 0.86681586513329889]
[[1890   23]
 [  63   33]]
fine acc: 0.957
fine f1: 0.434
['rnd', 75, 'fold', 10, 'pr', 0.88843733048411344, 'roc', 0.8720895408607775]
10,75,coarse : 226.06 seconds
10,75,fine : 226.07 seconds
[[1847   66]
 [  43   53]]
coarse acc: 0.946
coarse f1: 0.493
['rnd', 76, 'fold', 10, 'pr', 0.88795406625247009, 'roc', 0.86795663443108584]
[[1893   20]
 [  64   32]]
fine acc: 0.958
fine f1: 0.432
['rnd', 76, 'fold', 10, 'pr', 0.88873478390298177, 'roc', 0.87224200644711669]
10,76,coarse : 225.92 seconds
10,76,fine : 225.93 seconds
[[1844   69]
 [  44   52]]
coarse acc: 0.944
coarse f1: 0.479
['rnd', 77, 'fold', 10, 'pr', 0.88649806106276652, 'roc', 0.8657540512284374]
[[1893   20]
 [  62   34]]
fine acc: 0.959
fine f1: 0.453
['rnd', 77, 'fold', 10, 'pr', 0.88740577550246025, 'roc', 0.87057305279665487]
10,77,coarse : 226.66 seconds
10,77,fine : 226.67 seconds
[[1846   67]
 [  45   51]]
coarse acc: 0.944
coarse f1: 0.477
['rnd', 78, 'fold', 10, 'pr', 0.88803521465728164, 'roc', 0.86817171981181418]
[[1891   22]
 [  63   33]]
fine acc: 0.958
fine f1: 0.437
['rnd', 78, 'fold', 10, 'pr', 0.88855231264630408, 'roc', 0.87206503746297293]
10,78,coarse : 227.13 seconds
10,78,fine : 227.14 seconds
[[1846   67]
 [  45   51]]
coarse acc: 0.944
coarse f1: 0.477
['rnd', 79, 'fold', 10, 'pr', 0.88736491172819498, 'roc', 0.86687576232793218]
[[1891   22]
 [  63   33]]
fine acc: 0.958
fine f1: 0.437
['rnd', 79, 'fold', 10, 'pr', 0.88893881935764441, 'roc', 0.87261500261369618]
10,79,coarse : 228.1 seconds
10,79,fine : 228.1 seconds
[[1845   68]
 [  44   52]]
coarse acc: 0.944
coarse f1: 0.481
['rnd', 80, 'fold', 10, 'pr', 0.88731301296542808, 'roc', 0.86636935877330579]
[[1891   22]
 [  63   33]]
fine acc: 0.958
fine f1: 0.437
['rnd', 80, 'fold', 10, 'pr', 0.88880388489035411, 'roc', 0.87291721118661836]
10,80,coarse : 228.14 seconds
10,80,fine : 228.15 seconds
[[1846   67]
 [  45   51]]
coarse acc: 0.944
coarse f1: 0.477
['rnd', 81, 'fold', 10, 'pr', 0.8867730910890621, 'roc', 0.86546001045478349]
[[1891   22]
 [  60   36]]
fine acc: 0.959
fine f1: 0.468
['rnd', 81, 'fold', 10, 'pr', 0.88919259350812663, 'roc', 0.87356246732880316]
10,81,coarse : 228.68 seconds
10,81,fine : 228.69 seconds
[[1842   71]
 [  44   52]]
coarse acc: 0.943
coarse f1: 0.475
['rnd', 82, 'fold', 10, 'pr', 0.8871270952755711, 'roc', 0.86595280101062932]
[[1890   23]
 [  63   33]]
fine acc: 0.957
fine f1: 0.434
['rnd', 82, 'fold', 10, 'pr', 0.88874539188733992, 'roc', 0.87283825579369256]
10,82,coarse : 228.53 seconds
10,82,fine : 228.54 seconds
[[1838   75]
 [  45   51]]
coarse acc: 0.940
coarse f1: 0.459
['rnd', 83, 'fold', 10, 'pr', 0.88809927414915413, 'roc', 0.86612160219550482]
[[1892   21]
 [  61   35]]
fine acc: 0.959
fine f1: 0.461
['rnd', 83, 'fold', 10, 'pr', 0.88800223001541878, 'roc', 0.87160219550444373]
10,83,coarse : 228.45 seconds
10,83,fine : 228.46 seconds
[[1843   70]
 [  45   51]]
coarse acc: 0.943
coarse f1: 0.470
['rnd', 84, 'fold', 10, 'pr', 0.88867347517619799, 'roc', 0.86840858599059101]
[[1893   20]
 [  62   34]]
fine acc: 0.959
fine f1: 0.453
['rnd', 84, 'fold', 10, 'pr', 0.89040838715555726, 'roc', 0.87396813469245549]
10,84,coarse : 228.94 seconds
10,84,fine : 228.95 seconds
[[1836   77]
 [  45   51]]
coarse acc: 0.939
coarse f1: 0.455
['rnd', 85, 'fold', 10, 'pr', 0.89023522126644239, 'roc', 0.87040969681129143]
[[1893   20]
 [  61   35]]
fine acc: 0.960
fine f1: 0.464
['rnd', 85, 'fold', 10, 'pr', 0.89054260686302622, 'roc', 0.87428667886391387]
10,85,coarse : 229.46 seconds
10,85,fine : 229.47 seconds
[[1840   73]
 [  45   51]]
coarse acc: 0.941
coarse f1: 0.464
['rnd', 86, 'fold', 10, 'pr', 0.89170607795902623, 'roc', 0.87249520822442972]
[[1892   21]
 [  59   37]]
fine acc: 0.960
fine f1: 0.481
['rnd', 86, 'fold', 10, 'pr', 0.88993185996494273, 'roc', 0.87288181738978954]
10,86,coarse : 230.97 seconds
10,86,fine : 230.98 seconds
[[1838   75]
 [  44   52]]
coarse acc: 0.941
coarse f1: 0.466
['rnd', 87, 'fold', 10, 'pr', 0.89058386169008341, 'roc', 0.87158041470639513]
[[1894   19]
 [  60   36]]
fine acc: 0.961
fine f1: 0.477
['rnd', 87, 'fold', 10, 'pr', 0.88924321688789398, 'roc', 0.8727946941975957]
10,87,coarse : 232.33 seconds
10,87,fine : 232.34 seconds
[[1836   77]
 [  44   52]]
coarse acc: 0.940
coarse f1: 0.462
['rnd', 88, 'fold', 10, 'pr', 0.89164938023532947, 'roc', 0.87247887262589341]
[[1894   19]
 [  60   36]]
fine acc: 0.961
fine f1: 0.477
['rnd', 88, 'fold', 10, 'pr', 0.88855369102720727, 'roc', 0.87181455828541587]
10,88,coarse : 232.83 seconds
10,88,fine : 232.84 seconds
[[1837   76]
 [  44   52]]
coarse acc: 0.940
coarse f1: 0.464
['rnd', 89, 'fold', 10, 'pr', 0.88944518425813435, 'roc', 0.86967187227740073]
[[1891   22]
 [  63   33]]
fine acc: 0.958
fine f1: 0.437
['rnd', 89, 'fold', 10, 'pr', 0.8929303889848178, 'roc', 0.87762458616483741]
10,89,coarse : 233.21 seconds
10,89,fine : 233.22 seconds
[[1838   75]
 [  43   53]]
coarse acc: 0.941
coarse f1: 0.473
['rnd', 90, 'fold', 10, 'pr', 0.89156648666916472, 'roc', 0.87175738369053879]
[[1893   20]
 [  61   35]]
fine acc: 0.960
fine f1: 0.464
['rnd', 90, 'fold', 10, 'pr', 0.89256930822205094, 'roc', 0.87702561421850533]
10,90,coarse : 234.29 seconds
10,90,fine : 234.31 seconds
[[1838   75]
 [  43   53]]
coarse acc: 0.941
coarse f1: 0.473
['rnd', 91, 'fold', 10, 'pr', 0.89100450665124409, 'roc', 0.87113663094615823]
[[1892   21]
 [  61   35]]
fine acc: 0.959
fine f1: 0.461
['rnd', 91, 'fold', 10, 'pr', 0.89150163986049591, 'roc', 0.87510890399024266]
10,91,coarse : 234.68 seconds
10,91,fine : 234.69 seconds
[[1837   76]
 [  43   53]]
coarse acc: 0.941
coarse f1: 0.471
['rnd', 92, 'fold', 10, 'pr', 0.89078244682593977, 'roc', 0.87063294999128804]
[[1892   21]
 [  61   35]]
fine acc: 0.959
fine f1: 0.461
['rnd', 92, 'fold', 10, 'pr', 0.89147954321559486, 'roc', 0.87513885258755908]
10,92,coarse : 233.97 seconds
10,92,fine : 233.98 seconds
[[1838   75]
 [  45   51]]
coarse acc: 0.940
coarse f1: 0.459
['rnd', 93, 'fold', 10, 'pr', 0.89139333832217571, 'roc', 0.87186084248126894]
[[1892   21]
 [  62   34]]
fine acc: 0.959
fine f1: 0.450
['rnd', 93, 'fold', 10, 'pr', 0.88981464982229541, 'roc', 0.87151507231224989]
10,93,coarse : 235.28 seconds
10,93,fine : 235.29 seconds
[[1837   76]
 [  45   51]]
coarse acc: 0.940
coarse f1: 0.457
['rnd', 94, 'fold', 10, 'pr', 0.89079309254307826, 'roc', 0.8710658433525007]
[[1893   20]
 [  61   35]]
fine acc: 0.960
fine f1: 0.464
['rnd', 94, 'fold', 10, 'pr', 0.88954699724196884, 'roc', 0.87233185223906651]
10,94,coarse : 220.08 seconds
10,94,fine : 220.09 seconds
[[1838   75]
 [  44   52]]
coarse acc: 0.941
coarse f1: 0.466
['rnd', 95, 'fold', 10, 'pr', 0.89070364748777986, 'roc', 0.87003397804495597]
[[1891   22]
 [  61   35]]
fine acc: 0.959
fine f1: 0.458
['rnd', 95, 'fold', 10, 'pr', 0.88945359728577444, 'roc', 0.87192890747517027]
10,95,coarse : 215.69 seconds
10,95,fine : 215.7 seconds
[[1839   74]
 [  43   53]]
coarse acc: 0.942
coarse f1: 0.475
['rnd', 96, 'fold', 10, 'pr', 0.88920288596999664, 'roc', 0.86788040163791647]
[[1891   22]
 [  61   35]]
fine acc: 0.959
fine f1: 0.458
['rnd', 96, 'fold', 10, 'pr', 0.89090145237692142, 'roc', 0.87464606203171313]
10,96,coarse : 216.24 seconds
10,96,fine : 216.25 seconds
[[1840   73]
 [  44   52]]
coarse acc: 0.942
coarse f1: 0.471
['rnd', 97, 'fold', 10, 'pr', 0.88929725891741085, 'roc', 0.86771704565255314]
[[1891   22]
 [  61   35]]
fine acc: 0.959
fine f1: 0.458
['rnd', 97, 'fold', 10, 'pr', 0.8908775118196427, 'roc', 0.87466239763024944]
10,97,coarse : 207.84 seconds
10,97,fine : 207.85 seconds
[[1837   76]
 [  43   53]]
coarse acc: 0.941
coarse f1: 0.471
['rnd', 98, 'fold', 10, 'pr', 0.88983324772653216, 'roc', 0.86870262676424492]
[[1891   22]
 [  61   35]]
fine acc: 0.959
fine f1: 0.458
['rnd', 98, 'fold', 10, 'pr', 0.89089304899901234, 'roc', 0.87476041122146753]
10,98,coarse : 192.91 seconds
10,98,fine : 192.93 seconds
[[1837   76]
 [  45   51]]
coarse acc: 0.940
coarse f1: 0.457
['rnd', 99, 'fold', 10, 'pr', 0.88949528180540793, 'roc', 0.86790762763547691]
[[1891   22]
 [  61   35]]
fine acc: 0.959
fine f1: 0.458
['rnd', 99, 'fold', 10, 'pr', 0.8908026485551449, 'roc', 0.87471957222512664]
10,99,coarse : 187.98 seconds
10,99,fine : 187.99 seconds
[[1837   76]
 [  44   52]]
coarse acc: 0.940
coarse f1: 0.464
['rnd', 100, 'fold', 10, 'pr', 0.88988650249148593, 'roc', 0.87026539902422062]
[[1891   22]
 [  61   35]]
fine acc: 0.959
fine f1: 0.458
['rnd', 100, 'fold', 10, 'pr', 0.89088334241720135, 'roc', 0.87481758581634461]
10,100,coarse : 190.36 seconds
10,100,fine : 190.37 seconds
[[1839   74]
 [  44   52]]
coarse acc: 0.941
coarse f1: 0.468
['rnd', 101, 'fold', 10, 'pr', 0.88927427548849858, 'roc', 0.86838680519254263]
[[1891   22]
 [  61   35]]
fine acc: 0.959
fine f1: 0.458
['rnd', 101, 'fold', 10, 'pr', 0.8901313760523164, 'roc', 0.87403892228611291]
10,101,coarse : 187.29 seconds
10,101,fine : 187.3 seconds
[[1840   73]
 [  44   52]]
coarse acc: 0.942
coarse f1: 0.471
['rnd', 102, 'fold', 10, 'pr', 0.88938029688851561, 'roc', 0.86946495469594043]
[[1891   22]
 [  60   36]]
fine acc: 0.959
fine f1: 0.468
['rnd', 102, 'fold', 10, 'pr', 0.88877626360568829, 'roc', 0.87008298484056479]
10,102,coarse : 188.25 seconds
10,102,fine : 188.26 seconds
[[1842   71]
 [  43   53]]
coarse acc: 0.943
coarse f1: 0.482
['rnd', 103, 'fold', 10, 'pr', 0.89065463524250199, 'roc', 0.87061389179299553]
[[1891   22]
 [  61   35]]
fine acc: 0.959
fine f1: 0.458
['rnd', 103, 'fold', 10, 'pr', 0.88986013720557844, 'roc', 0.87070918278445764]
10,103,coarse : 189.04 seconds
10,103,fine : 189.05 seconds
[[1839   74]
 [  43   53]]
coarse acc: 0.942
coarse f1: 0.475
['rnd', 104, 'fold', 10, 'pr', 0.88946862823710582, 'roc', 0.86910829412789714]
[[1891   22]
 [  60   36]]
fine acc: 0.959
fine f1: 0.468
['rnd', 104, 'fold', 10, 'pr', 0.89003466668627473, 'roc', 0.8707309635825059]
10,104,coarse : 189.88 seconds
10,104,fine : 189.89 seconds
[[1840   73]
 [  43   53]]
coarse acc: 0.942
coarse f1: 0.477
['rnd', 105, 'fold', 10, 'pr', 0.88903501213505287, 'roc', 0.8687271301620495]
[[1891   22]
 [  60   36]]
fine acc: 0.959
fine f1: 0.468
['rnd', 105, 'fold', 10, 'pr', 0.88915948453485405, 'roc', 0.87037158041470686]
10,105,coarse : 190.73 seconds
10,105,fine : 190.74 seconds
[[1838   75]
 [  43   53]]
coarse acc: 0.941
coarse f1: 0.473
['rnd', 106, 'fold', 10, 'pr', 0.8912513948901768, 'roc', 0.8721085990590699]
[[1890   23]
 [  59   37]]
fine acc: 0.959
fine f1: 0.474
['rnd', 106, 'fold', 10, 'pr', 0.88870436322508617, 'roc', 0.86966098187837637]
10,106,coarse : 190.72 seconds
10,106,fine : 190.73 seconds
[[1841   72]
 [  42   54]]
coarse acc: 0.943
coarse f1: 0.486
['rnd', 107, 'fold', 10, 'pr', 0.89189555286906774, 'roc', 0.87528859557414218]
[[1892   21]
 [  61   35]]
fine acc: 0.959
fine f1: 0.461
['rnd', 107, 'fold', 10, 'pr', 0.88891360570521372, 'roc', 0.86933426990764973]
10,107,coarse : 191.52 seconds
10,107,fine : 191.54 seconds
[[1836   77]
 [  47   49]]
coarse acc: 0.938
coarse f1: 0.441
['rnd', 108, 'fold', 10, 'pr', 0.88804527521956145, 'roc', 0.87033346401812195]
[[1892   21]
 [  59   37]]
fine acc: 0.960
fine f1: 0.481
['rnd', 108, 'fold', 10, 'pr', 0.88874262328474019, 'roc', 0.87091882296567391]
10,108,coarse : 193.04 seconds
10,108,fine : 193.05 seconds
[[1836   77]
 [  41   55]]
coarse acc: 0.941
coarse f1: 0.482
['rnd', 109, 'fold', 10, 'pr', 0.89011861193470709, 'roc', 0.87157496950688307]
[[1892   21]
 [  61   35]]
fine acc: 0.959
fine f1: 0.461
['rnd', 109, 'fold', 10, 'pr', 0.88901283985812951, 'roc', 0.86955480048789024]
10,109,coarse : 193.39 seconds
10,109,fine : 193.4 seconds
[[1835   78]
 [  41   55]]
coarse acc: 0.941
coarse f1: 0.480
['rnd', 110, 'fold', 10, 'pr', 0.89061492902823902, 'roc', 0.87198063687053506]
[[1892   21]
 [  61   35]]
fine acc: 0.959
fine f1: 0.461
['rnd', 110, 'fold', 10, 'pr', 0.88722463090310366, 'roc', 0.86593374281233704]
10,110,coarse : 193.68 seconds
10,110,fine : 193.69 seconds
[[1832   81]
 [  42   54]]
coarse acc: 0.939
coarse f1: 0.468
['rnd', 111, 'fold', 10, 'pr', 0.89095026344478956, 'roc', 0.87251154382296592]
[[1892   21]
 [  61   35]]
fine acc: 0.959
fine f1: 0.461
['rnd', 111, 'fold', 10, 'pr', 0.88719662630796081, 'roc', 0.86577310942672969]
10,111,coarse : 193.6 seconds
10,111,fine : 193.61 seconds
[[1834   79]
 [  42   54]]
coarse acc: 0.940
coarse f1: 0.472
['rnd', 112, 'fold', 10, 'pr', 0.89250415082077217, 'roc', 0.87600463930998462]
[[1893   20]
 [  61   35]]
fine acc: 0.960
fine f1: 0.464
['rnd', 112, 'fold', 10, 'pr', 0.8872453855601371, 'roc', 0.86667428994598394]
10,112,coarse : 194.5 seconds
10,112,fine : 194.51 seconds
[[1834   79]
 [  42   54]]
coarse acc: 0.940
coarse f1: 0.472
['rnd', 113, 'fold', 10, 'pr', 0.89148223009645378, 'roc', 0.87419683307196416]
[[1892   21]
 [  61   35]]
fine acc: 0.959
fine f1: 0.461
['rnd', 113, 'fold', 10, 'pr', 0.88729911108391912, 'roc', 0.86653271475866911]
10,113,coarse : 195.05 seconds
10,113,fine : 195.06 seconds
[[1834   79]
 [  43   53]]
coarse acc: 0.939
coarse f1: 0.465
['rnd', 114, 'fold', 10, 'pr', 0.89186858000106084, 'roc', 0.87546556455828561]
[[1891   22]
 [  61   35]]
fine acc: 0.959
fine f1: 0.458
['rnd', 114, 'fold', 10, 'pr', 0.88748987364445664, 'roc', 0.86591196201428866]
10,114,coarse : 195.5 seconds
10,114,fine : 195.52 seconds
[[1833   80]
 [  43   53]]
coarse acc: 0.939
coarse f1: 0.463
['rnd', 115, 'fold', 10, 'pr', 0.89285625528857027, 'roc', 0.87653010106290319]
[[1892   21]
 [  61   35]]
fine acc: 0.959
fine f1: 0.461
['rnd', 115, 'fold', 10, 'pr', 0.88742803985330831, 'roc', 0.86670423854330059]
10,115,coarse : 195.71 seconds
10,115,fine : 195.72 seconds
[[1830   83]
 [  45   51]]
coarse acc: 0.936
coarse f1: 0.443
['rnd', 116, 'fold', 10, 'pr', 0.89317891907022562, 'roc', 0.8776817607597146]
[[1891   22]
 [  61   35]]
fine acc: 0.959
fine f1: 0.458
['rnd', 116, 'fold', 10, 'pr', 0.88944442664977319, 'roc', 0.86921992071789567]
10,116,coarse : 196.23 seconds
10,116,fine : 196.24 seconds
[[1830   83]
 [  43   53]]
coarse acc: 0.937
coarse f1: 0.457
['rnd', 117, 'fold', 10, 'pr', 0.89315139482987826, 'roc', 0.87741766858337722]
[[1891   22]
 [  60   36]]
fine acc: 0.959
fine f1: 0.468
['rnd', 117, 'fold', 10, 'pr', 0.88946457160674941, 'roc', 0.86921992071789556]
10,117,coarse : 196.13 seconds
10,117,fine : 196.14 seconds
[[1834   79]
 [  45   51]]
coarse acc: 0.938
coarse f1: 0.451
['rnd', 118, 'fold', 10, 'pr', 0.89323092886476796, 'roc', 0.87724069959923368]
[[1891   22]
 [  61   35]]
fine acc: 0.959
fine f1: 0.458
['rnd', 118, 'fold', 10, 'pr', 0.88899766714554174, 'roc', 0.86886053755009629]
10,118,coarse : 196.46 seconds
10,118,fine : 196.47 seconds
[[1837   76]
 [  44   52]]
coarse acc: 0.940
coarse f1: 0.464
['rnd', 119, 'fold', 10, 'pr', 0.89416097235035541, 'roc', 0.87941605680432167]
[[1891   22]
 [  61   35]]
fine acc: 0.959
fine f1: 0.458
['rnd', 119, 'fold', 10, 'pr', 0.88911631990760231, 'roc', 0.86907290033106854]
10,119,coarse : 197.17 seconds
10,119,fine : 197.18 seconds
[[1839   74]
 [  44   52]]
coarse acc: 0.941
coarse f1: 0.468
['rnd', 120, 'fold', 10, 'pr', 0.89052383431549109, 'roc', 0.87489109600975812]
[[1893   20]
 [  63   33]]
fine acc: 0.959
fine f1: 0.443
['rnd', 120, 'fold', 10, 'pr', 0.88703831369913488, 'roc', 0.86627679038159988]
10,120,coarse : 197.68 seconds
10,120,fine : 197.69 seconds
[[1832   81]
 [  45   51]]
coarse acc: 0.937
coarse f1: 0.447
['rnd', 121, 'fold', 10, 'pr', 0.89302127164152101, 'roc', 0.87687587123192223]
[[1894   19]
 [  63   33]]
fine acc: 0.959
fine f1: 0.446
['rnd', 121, 'fold', 10, 'pr', 0.88717460968123418, 'roc', 0.86738216588255845]
10,121,coarse : 197.45 seconds
10,121,fine : 197.46 seconds
[[1832   81]
 [  45   51]]
coarse acc: 0.937
coarse f1: 0.447
['rnd', 122, 'fold', 10, 'pr', 0.89254715192534806, 'roc', 0.87559352674682034]
[[1895   18]
 [  63   33]]
fine acc: 0.960
fine f1: 0.449
['rnd', 122, 'fold', 10, 'pr', 0.88826016188746026, 'roc', 0.8692280885171636]
10,122,coarse : 197.19 seconds
10,122,fine : 197.2 seconds
[[1834   79]
 [  45   51]]
coarse acc: 0.938
coarse f1: 0.451
['rnd', 123, 'fold', 10, 'pr', 0.89421183976171437, 'roc', 0.87750751437532692]
[[1896   17]
 [  62   34]]
fine acc: 0.961
fine f1: 0.463
['rnd', 123, 'fold', 10, 'pr', 0.88747227042911581, 'roc', 0.86785317564035591]
10,123,coarse : 198.49 seconds
10,123,fine : 198.5 seconds
[[1832   81]
 [  45   51]]
coarse acc: 0.937
coarse f1: 0.447
['rnd', 124, 'fold', 10, 'pr', 0.89417073600053998, 'roc', 0.87777160655166431]
[[1896   17]
 [  62   34]]
fine acc: 0.961
fine f1: 0.463
['rnd', 124, 'fold', 10, 'pr', 0.88794590771843696, 'roc', 0.86838952779229861]
10,124,coarse : 198.51 seconds
10,124,fine : 198.52 seconds
[[1834   79]
 [  44   52]]
coarse acc: 0.939
coarse f1: 0.458
['rnd', 125, 'fold', 10, 'pr', 0.8947734875709269, 'roc', 0.88051326450601186]
[[1896   17]
 [  62   34]]
fine acc: 0.961
fine f1: 0.463
['rnd', 125, 'fold', 10, 'pr', 0.88789378656360163, 'roc', 0.86855016117790595]
10,125,coarse : 198.82 seconds
10,125,fine : 198.83 seconds
[[1831   82]
 [  45   51]]
coarse acc: 0.937
coarse f1: 0.445
['rnd', 126, 'fold', 10, 'pr', 0.89464029702047743, 'roc', 0.87995785415577654]
[[1896   17]
 [  62   34]]
fine acc: 0.961
fine f1: 0.463
['rnd', 126, 'fold', 10, 'pr', 0.88809879526360225, 'roc', 0.86842219898937134]
10,126,coarse : 198.78 seconds
10,126,fine : 198.79 seconds
[[1833   80]
 [  44   52]]
coarse acc: 0.938
coarse f1: 0.456
['rnd', 127, 'fold', 10, 'pr', 0.89491925311624965, 'roc', 0.88078552448161729]
[[1896   17]
 [  62   34]]
fine acc: 0.961
fine f1: 0.463
['rnd', 127, 'fold', 10, 'pr', 0.88714129751535376, 'roc', 0.86740394668060672]
10,127,coarse : 199.79 seconds
10,127,fine : 199.8 seconds
[[1833   80]
 [  46   50]]
coarse acc: 0.937
coarse f1: 0.442
['rnd', 128, 'fold', 10, 'pr', 0.89499464209050428, 'roc', 0.88072018208747205]
[[1895   18]
 [  62   34]]
fine acc: 0.960
fine f1: 0.459
['rnd', 128, 'fold', 10, 'pr', 0.88756633380561234, 'roc', 0.86731137828890092]
10,128,coarse : 199.53 seconds
10,128,fine : 199.54 seconds
[[1833   80]
 [  46   50]]
coarse acc: 0.937
coarse f1: 0.442
['rnd', 129, 'fold', 10, 'pr', 0.8949756730189028, 'roc', 0.88073379508625216]
[[1894   19]
 [  61   35]]
fine acc: 0.960
fine f1: 0.467
['rnd', 129, 'fold', 10, 'pr', 0.88818342729339195, 'roc', 0.86842492158912743]
10,129,coarse : 199.49 seconds
10,129,fine : 199.5 seconds
[[1832   81]
 [  44   52]]
coarse acc: 0.938
coarse f1: 0.454
['rnd', 130, 'fold', 10, 'pr', 0.89473932583462412, 'roc', 0.88033901812162418]
[[1895   18]
 [  61   35]]
fine acc: 0.961
fine f1: 0.470
['rnd', 130, 'fold', 10, 'pr', 0.88854662502911785, 'roc', 0.86930704391008917]
10,130,coarse : 199.48 seconds
10,130,fine : 199.5 seconds
[[1830   83]
 [  44   52]]
coarse acc: 0.937
coarse f1: 0.450
['rnd', 131, 'fold', 10, 'pr', 0.89393360191478843, 'roc', 0.87833246210141169]
[[1894   19]
 [  61   35]]
fine acc: 0.960
fine f1: 0.467
['rnd', 131, 'fold', 10, 'pr', 0.88755567579484229, 'roc', 0.86648915316257225]
10,131,coarse : 199.77 seconds
10,131,fine : 199.78 seconds
[[1831   82]
 [  44   52]]
coarse acc: 0.937
coarse f1: 0.452
['rnd', 132, 'fold', 10, 'pr', 0.89424617783362736, 'roc', 0.87982444676772986]
[[1894   19]
 [  61   35]]
fine acc: 0.960
fine f1: 0.467
['rnd', 132, 'fold', 10, 'pr', 0.88575285978880758, 'roc', 0.86318391705872144]
10,132,coarse : 200.22 seconds
10,132,fine : 200.23 seconds
[[1830   83]
 [  43   53]]
coarse acc: 0.937
coarse f1: 0.457
['rnd', 133, 'fold', 10, 'pr', 0.89341821759901296, 'roc', 0.87900766684091325]
[[1895   18]
 [  62   34]]
fine acc: 0.960
fine f1: 0.459
['rnd', 133, 'fold', 10, 'pr', 0.88509550231041523, 'roc', 0.86207854155776309]
10,133,coarse : 200.66 seconds
10,133,fine : 200.67 seconds
[[1830   83]
 [  44   52]]
coarse acc: 0.937
coarse f1: 0.450
['rnd', 134, 'fold', 10, 'pr', 0.89400162849502218, 'roc', 0.8809162092699081]
[[1894   19]
 [  62   34]]
fine acc: 0.960
fine f1: 0.456
['rnd', 134, 'fold', 10, 'pr', 0.88537728119924608, 'roc', 0.86333093744554834]
10,134,coarse : 201.73 seconds
10,134,fine : 201.74 seconds
[[1832   81]
 [  43   53]]
coarse acc: 0.938
coarse f1: 0.461
['rnd', 135, 'fold', 10, 'pr', 0.89455222337581208, 'roc', 0.88150156821745984]
[[1894   19]
 [  63   33]]
fine acc: 0.959
fine f1: 0.446
['rnd', 135, 'fold', 10, 'pr', 0.88521049903802873, 'roc', 0.86310496166579587]
10,135,coarse : 200.88 seconds
10,135,fine : 200.9 seconds
[[1828   85]
 [  44   52]]
coarse acc: 0.936
coarse f1: 0.446
['rnd', 136, 'fold', 10, 'pr', 0.89350678019653518, 'roc', 0.87949501219724735]
[[1895   18]
 [  62   34]]
fine acc: 0.960
fine f1: 0.459
['rnd', 136, 'fold', 10, 'pr', 0.88467906370441174, 'roc', 0.86243792472556247]
10,136,coarse : 201.15 seconds
10,136,fine : 201.17 seconds
[[1828   85]
 [  44   52]]
coarse acc: 0.936
coarse f1: 0.446
['rnd', 137, 'fold', 10, 'pr', 0.89355247877719113, 'roc', 0.87951407039553953]
[[1896   17]
 [  62   34]]
fine acc: 0.961
fine f1: 0.463
['rnd', 137, 'fold', 10, 'pr', 0.88370159867658016, 'roc', 0.86139244641923718]
10,137,coarse : 201.11 seconds
10,137,fine : 201.12 seconds
[[1831   82]
 [  43   53]]
coarse acc: 0.938
coarse f1: 0.459
['rnd', 138, 'fold', 10, 'pr', 0.89472548285288633, 'roc', 0.88101422286112596]
[[1896   17]
 [  62   34]]
fine acc: 0.961
fine f1: 0.463
['rnd', 138, 'fold', 10, 'pr', 0.8843704278040101, 'roc', 0.86222011674507804]
10,138,coarse : 200.07 seconds
10,138,fine : 200.08 seconds
[[1829   84]
 [  45   51]]
coarse acc: 0.936
coarse f1: 0.442
['rnd', 139, 'fold', 10, 'pr', 0.89338069859456526, 'roc', 0.8785366570831159]
[[1894   19]
 [  62   34]]
fine acc: 0.960
fine f1: 0.456
['rnd', 139, 'fold', 10, 'pr', 0.88537988864672745, 'roc', 0.86273468809897236]
10,139,coarse : 200.0 seconds
10,139,fine : 200.02 seconds
[[1833   80]
 [  41   55]]
coarse acc: 0.940
coarse f1: 0.476
['rnd', 140, 'fold', 10, 'pr', 0.89552973944921355, 'roc', 0.88192901637916055]
[[1896   17]
 [  62   34]]
fine acc: 0.961
fine f1: 0.463
['rnd', 140, 'fold', 10, 'pr', 0.88431498886561288, 'roc', 0.86192607597142401]
10,140,coarse : 201.38 seconds
10,140,fine : 201.39 seconds
[[1832   81]
 [  42   54]]
coarse acc: 0.939
coarse f1: 0.468
['rnd', 141, 'fold', 10, 'pr', 0.89538662129408575, 'roc', 0.88252526572573653]
[[1896   17]
 [  62   34]]
fine acc: 0.961
fine f1: 0.463
['rnd', 141, 'fold', 10, 'pr', 0.88428689029735419, 'roc', 0.86195330196898445]
10,141,coarse : 201.58 seconds
10,141,fine : 201.59 seconds
[[1831   82]
 [  43   53]]
coarse acc: 0.938
coarse f1: 0.459
['rnd', 142, 'fold', 10, 'pr', 0.8930425171031674, 'roc', 0.88076646628332478]
[[1895   18]
 [  61   35]]
fine acc: 0.961
fine f1: 0.470
['rnd', 142, 'fold', 10, 'pr', 0.88520402398465692, 'roc', 0.86585478741941135]
10,142,coarse : 201.77 seconds
10,142,fine : 201.78 seconds
[[1833   80]
 [  42   54]]
coarse acc: 0.939
coarse f1: 0.470
['rnd', 143, 'fold', 10, 'pr', 0.89502694530504445, 'roc', 0.88177110559330929]
[[1893   20]
 [  62   34]]
fine acc: 0.959
fine f1: 0.453
['rnd', 143, 'fold', 10, 'pr', 0.8842611060814719, 'roc', 0.86355963582505713]
10,143,coarse : 201.43 seconds
10,143,fine : 201.45 seconds
[[1833   80]
 [  43   53]]
coarse acc: 0.939
coarse f1: 0.463
['rnd', 144, 'fold', 10, 'pr', 0.89460685351997082, 'roc', 0.88271584770866041]
[[1893   20]
 [  62   34]]
fine acc: 0.959
fine f1: 0.453
['rnd', 144, 'fold', 10, 'pr', 0.88423078822918233, 'roc', 0.86351607422896015]
10,144,coarse : 201.83 seconds
10,144,fine : 201.84 seconds
[[1832   81]
 [  42   54]]
coarse acc: 0.939
coarse f1: 0.468
['rnd', 145, 'fold', 10, 'pr', 0.89471767291833859, 'roc', 0.8827948031015862]
[[1893   20]
 [  61   35]]
fine acc: 0.960
fine f1: 0.464
['rnd', 145, 'fold', 10, 'pr', 0.88348515513033976, 'roc', 0.86273196549921627]
10,145,coarse : 202.93 seconds
10,145,fine : 202.94 seconds
[[1832   81]
 [  43   53]]
coarse acc: 0.938
coarse f1: 0.461
['rnd', 146, 'fold', 10, 'pr', 0.89478408965140177, 'roc', 0.88262872451646668]
[[1895   18]
 [  62   34]]
fine acc: 0.960
fine f1: 0.459
['rnd', 146, 'fold', 10, 'pr', 0.88472835781369308, 'roc', 0.86462144972991839]
10,146,coarse : 203.3 seconds
10,146,fine : 203.31 seconds
[[1832   81]
 [  42   54]]
coarse acc: 0.939
coarse f1: 0.468
['rnd', 147, 'fold', 10, 'pr', 0.89485113143377015, 'roc', 0.88294999128768104]
[[1897   16]
 [  61   35]]
fine acc: 0.962
fine f1: 0.476
['rnd', 147, 'fold', 10, 'pr', 0.88366556303594246, 'roc', 0.86313763286286849]
10,147,coarse : 203.75 seconds
10,147,fine : 203.76 seconds
[[1831   82]
 [  44   52]]
coarse acc: 0.937
coarse f1: 0.452
['rnd', 148, 'fold', 10, 'pr', 0.89534587425928891, 'roc', 0.88429223296741644]
[[1894   19]
 [  61   35]]
fine acc: 0.960
fine f1: 0.467
['rnd', 148, 'fold', 10, 'pr', 0.88267558321489947, 'roc', 0.86150407300923548]
10,148,coarse : 203.22 seconds
10,148,fine : 203.23 seconds
[[1835   78]
 [  43   53]]
coarse acc: 0.940
coarse f1: 0.467
['rnd', 149, 'fold', 10, 'pr', 0.89419410360395657, 'roc', 0.88177382819306527]
[[1897   16]
 [  60   36]]
fine acc: 0.962
fine f1: 0.486
['rnd', 149, 'fold', 10, 'pr', 0.88184529621334584, 'roc', 0.86066278968461452]
10,149,coarse : 203.35 seconds
10,149,fine : 203.37 seconds
[[1834   79]
 [  44   52]]
coarse acc: 0.939
coarse f1: 0.458
['rnd', 150, 'fold', 10, 'pr', 0.89560099791856862, 'roc', 0.88401452779229861]
[[1896   17]
 [  62   34]]
fine acc: 0.961
fine f1: 0.463
['rnd', 150, 'fold', 10, 'pr', 0.88243407145819119, 'roc', 0.86193968897020423]
10,150,coarse : 205.27 seconds
10,150,fine : 205.28 seconds
[[1836   77]
 [  43   53]]
coarse acc: 0.940
coarse f1: 0.469
['rnd', 151, 'fold', 10, 'pr', 0.8941741718909173, 'roc', 0.88128103763721932]
[[1896   17]
 [  62   34]]
fine acc: 0.961
fine f1: 0.463
['rnd', 151, 'fold', 10, 'pr', 0.88231865248025365, 'roc', 0.86177633298484091]
10,151,coarse : 205.03 seconds
10,151,fine : 205.04 seconds
[[1834   79]
 [  43   53]]
coarse acc: 0.939
coarse f1: 0.465
['rnd', 152, 'fold', 10, 'pr', 0.89391177532306154, 'roc', 0.88119119184526951]
[[1893   20]
 [  61   35]]
fine acc: 0.960
fine f1: 0.464
['rnd', 152, 'fold', 10, 'pr', 0.88142305754509465, 'roc', 0.86005564993901418]
10,152,coarse : 204.67 seconds
10,152,fine : 204.69 seconds
[[1835   78]
 [  43   53]]
coarse acc: 0.940
coarse f1: 0.467
['rnd', 153, 'fold', 10, 'pr', 0.89240904033378643, 'roc', 0.87924725561944617]
[[1896   17]
 [  62   34]]
fine acc: 0.961
fine f1: 0.463
['rnd', 153, 'fold', 10, 'pr', 0.88214358457511055, 'roc', 0.86165381599581858]
10,153,coarse : 204.08 seconds
10,153,fine : 204.09 seconds
[[1834   79]
 [  43   53]]
coarse acc: 0.939
coarse f1: 0.465
['rnd', 154, 'fold', 10, 'pr', 0.89401721554806179, 'roc', 0.8813218766335601]
[[1895   18]
 [  62   34]]
fine acc: 0.960
fine f1: 0.459
['rnd', 154, 'fold', 10, 'pr', 0.88216612296431252, 'roc', 0.86167831939362294]
10,154,coarse : 205.27 seconds
10,154,fine : 205.28 seconds
[[1837   76]
 [  41   55]]
coarse acc: 0.942
coarse f1: 0.485
['rnd', 155, 'fold', 10, 'pr', 0.89343977907164762, 'roc', 0.88037985711796507]
[[1895   18]
 [  62   34]]
fine acc: 0.960
fine f1: 0.459
['rnd', 155, 'fold', 10, 'pr', 0.88199042454723109, 'roc', 0.86105212144973031]
10,155,coarse : 206.08 seconds
10,155,fine : 206.09 seconds
[[1837   76]
 [  41   55]]
coarse acc: 0.942
coarse f1: 0.485
['rnd', 156, 'fold', 10, 'pr', 0.89343021951643109, 'roc', 0.8803934701167454]
[[1895   18]
 [  62   34]]
fine acc: 0.960
fine f1: 0.459
['rnd', 156, 'fold', 10, 'pr', 0.88195469869506138, 'roc', 0.86106028924899847]
10,156,coarse : 204.92 seconds
10,156,fine : 204.93 seconds
[[1836   77]
 [  43   53]]
coarse acc: 0.940
coarse f1: 0.469
['rnd', 157, 'fold', 10, 'pr', 0.89394698786942162, 'roc', 0.88104961665795467]
[[1894   19]
 [  62   34]]
fine acc: 0.960
fine f1: 0.456
['rnd', 157, 'fold', 10, 'pr', 0.88186769641565566, 'roc', 0.86100039205436518]
10,157,coarse : 203.84 seconds
10,157,fine : 203.85 seconds
[[1837   76]
 [  42   54]]
coarse acc: 0.941
coarse f1: 0.478
['rnd', 158, 'fold', 10, 'pr', 0.89285216241894583, 'roc', 0.88039619271650149]
[[1894   19]
 [  62   34]]
fine acc: 0.960
fine f1: 0.456
['rnd', 158, 'fold', 10, 'pr', 0.88162166104105644, 'roc', 0.86070907388046736]
10,158,coarse : 205.43 seconds
10,158,fine : 205.44 seconds
[[1835   78]
 [  42   54]]
coarse acc: 0.940
coarse f1: 0.474
['rnd', 159, 'fold', 10, 'pr', 0.8928979171676179, 'roc', 0.880374411918453]
[[1894   19]
 [  62   34]]
fine acc: 0.960
fine f1: 0.456
['rnd', 159, 'fold', 10, 'pr', 0.88144883961314535, 'roc', 0.86058111169193263]
10,159,coarse : 206.34 seconds
10,159,fine : 206.36 seconds
[[1837   76]
 [  42   54]]
coarse acc: 0.941
coarse f1: 0.478
['rnd', 160, 'fold', 10, 'pr', 0.89289945482823563, 'roc', 0.88048876110820729]
[[1894   19]
 [  62   34]]
fine acc: 0.960
fine f1: 0.456
['rnd', 160, 'fold', 10, 'pr', 0.88129301577816765, 'roc', 0.86035513591218016]
10,160,coarse : 205.34 seconds
10,160,fine : 205.35 seconds
[[1835   78]
 [  43   53]]
coarse acc: 0.940
coarse f1: 0.467
['rnd', 161, 'fold', 10, 'pr', 0.89335514569402663, 'roc', 0.88075557588430076]
[[1894   19]
 [  63   33]]
fine acc: 0.959
fine f1: 0.446
['rnd', 161, 'fold', 10, 'pr', 0.88160908727762266, 'roc', 0.8612018644363133]
10,161,coarse : 205.62 seconds
10,161,fine : 205.64 seconds
[[1835   78]
 [  42   54]]
coarse acc: 0.940
coarse f1: 0.474
['rnd', 162, 'fold', 10, 'pr', 0.89162016819242695, 'roc', 0.87887970465237886]
[[1894   19]
 [  63   33]]
fine acc: 0.959
fine f1: 0.446
['rnd', 162, 'fold', 10, 'pr', 0.88085073343353282, 'roc', 0.85953018818609561]
10,162,coarse : 206.65 seconds
10,162,fine : 206.66 seconds
[[1838   75]
 [  43   53]]
coarse acc: 0.941
coarse f1: 0.473
['rnd', 163, 'fold', 10, 'pr', 0.89002837129306545, 'roc', 0.8774203911831332]
[[1894   19]
 [  63   33]]
fine acc: 0.959
fine f1: 0.446
['rnd', 163, 'fold', 10, 'pr', 0.88069631898001899, 'roc', 0.85940494859731709]
10,163,coarse : 207.72 seconds
10,163,fine : 207.74 seconds
[[1838   75]
 [  43   53]]
coarse acc: 0.941
coarse f1: 0.473
['rnd', 164, 'fold', 10, 'pr', 0.89000878026359009, 'roc', 0.87736866178776818]
[[1894   19]
 [  63   33]]
fine acc: 0.959
fine f1: 0.446
['rnd', 164, 'fold', 10, 'pr', 0.88052754448388959, 'roc', 0.85923342481268561]
10,164,coarse : 206.91 seconds
10,164,fine : 206.92 seconds
[[1836   77]
 [  43   53]]
coarse acc: 0.940
coarse f1: 0.469
['rnd', 165, 'fold', 10, 'pr', 0.89049532928393849, 'roc', 0.87658455305802441]
[[1895   18]
 [  63   33]]
fine acc: 0.960
fine f1: 0.449
['rnd', 165, 'fold', 10, 'pr', 0.88160573094017036, 'roc', 0.86014821833072008]
10,165,coarse : 206.74 seconds
10,165,fine : 206.76 seconds
[[1835   78]
 [  43   53]]
coarse acc: 0.940
coarse f1: 0.467
['rnd', 166, 'fold', 10, 'pr', 0.8897522233148174, 'roc', 0.87596107771388765]
[[1896   17]
 [  63   33]]
fine acc: 0.960
fine f1: 0.452
['rnd', 166, 'fold', 10, 'pr', 0.88266913917830814, 'roc', 0.86190701777313161]
10,166,coarse : 208.22 seconds
10,166,fine : 208.24 seconds
[[1835   78]
 [  44   52]]
coarse acc: 0.939
coarse f1: 0.460
['rnd', 167, 'fold', 10, 'pr', 0.88928827502382712, 'roc', 0.87617888569437219]
[[1896   17]
 [  63   33]]
fine acc: 0.960
fine f1: 0.452
['rnd', 167, 'fold', 10, 'pr', 0.88255339032358882, 'roc', 0.8617627199860608]
10,167,coarse : 207.24 seconds
10,167,fine : 207.25 seconds
[[1835   78]
 [  44   52]]
coarse acc: 0.939
coarse f1: 0.460
['rnd', 168, 'fold', 10, 'pr', 0.88924349760772359, 'roc', 0.8761571048963237]
[[1896   17]
 [  63   33]]
fine acc: 0.960
fine f1: 0.452
['rnd', 168, 'fold', 10, 'pr', 0.88240587474536336, 'roc', 0.86167015159435478]
10,168,coarse : 207.99 seconds
10,168,fine : 208.01 seconds
[[1836   77]
 [  47   49]]
coarse acc: 0.938
coarse f1: 0.441
['rnd', 169, 'fold', 10, 'pr', 0.88828302640938783, 'roc', 0.87453171284195885]
[[1896   17]
 [  63   33]]
fine acc: 0.960
fine f1: 0.452
['rnd', 169, 'fold', 10, 'pr', 0.88265982722600334, 'roc', 0.8621520517511766]
10,169,coarse : 207.6 seconds
10,169,fine : 207.62 seconds
[[1837   76]
 [  47   49]]
coarse acc: 0.939
coarse f1: 0.443
['rnd', 170, 'fold', 10, 'pr', 0.88829371943482494, 'roc', 0.87453443544171494]
[[1896   17]
 [  63   33]]
fine acc: 0.960
fine f1: 0.452
['rnd', 170, 'fold', 10, 'pr', 0.8806884185443058, 'roc', 0.85991679735145543]
10,170,coarse : 208.9 seconds
10,170,fine : 208.91 seconds
[[1838   75]
 [  44   52]]
coarse acc: 0.941
coarse f1: 0.466
['rnd', 171, 'fold', 10, 'pr', 0.88933275371575349, 'roc', 0.87551457135389466]
[[1896   17]
 [  63   33]]
fine acc: 0.960
fine f1: 0.452
['rnd', 171, 'fold', 10, 'pr', 0.88211812252590993, 'roc', 0.86125903903119039]
10,171,coarse : 209.51 seconds
10,171,fine : 209.53 seconds
[[1840   73]
 [  44   52]]
coarse acc: 0.942
coarse f1: 0.471
['rnd', 172, 'fold', 10, 'pr', 0.88989954310204189, 'roc', 0.87620338909217665]
[[1896   17]
 [  63   33]]
fine acc: 0.960
fine f1: 0.452
['rnd', 172, 'fold', 10, 'pr', 0.88137482316166893, 'roc', 0.86009376633559909]
10,172,coarse : 208.66 seconds
10,172,fine : 208.67 seconds
