home
all           0      1    2    3    4    5    6    7    8    
1      2010   1914   1    19   32   19   1    11   6    7    
2      2010   1914   1    19   32   19   1    11   6    7    
3      2010   1914   1    19   32   19   1    11   5    8    
4      2010   1914   1    19   32   19   1    10   6    8    
5      2010   1914   1    18   33   19   1    10   6    8    
6      2010   1914   1    18   33   19   1    10   6    8    
7      2010   1913   2    18   33   19   1    10   6    8    
8      2010   1913   2    18   33   19   1    10   6    8    
9      2009   1913   2    18   32   19   2    10   6    7    
10     2009   1913   1    19   32   19   1    11   6    7    
Total  20098  19136  13   185  324  190  11   104  59   76   
train         0      1    2    3    4    5    6    7    8    
2      2010   1914   1    19   32   19   1    11   6    7    
3      2010   1914   1    19   32   19   1    11   5    8    
4      2010   1914   1    19   32   19   1    10   6    8    
5      2010   1914   1    18   33   19   1    10   6    8    
6      2010   1914   1    18   33   19   1    10   6    8    
7      2010   1913   2    18   33   19   1    10   6    8    
8      2010   1913   2    18   33   19   1    10   6    8    
9      2009   1913   2    18   32   19   2    10   6    7    
10     2009   1913   1    19   32   19   1    11   6    7    
Total  18088  17222  12   166  292  171  10   93   53   69   
test          0      1    2    3    4    5    6    7    8    
1      2010   1914   1    19   32   19   1    11   6    7    
Total  2010   1914   1    19   32   19   1    11   6    7    
Classes             
0         17222     
1         12        
2         166       
3         292       
4         171       
5         10        
6         93        
7         53        
8         69        
Total     18088     

Shape: 450       

[952, 10, 11, 16, 11, 10, 10, 10, 10]
Sum start => 1040
[[1816   98]
 [  60   36]]
coarse acc: 0.921
coarse f1: 0.313
['rnd', 1, 'fold', 1, 'pr', 0.82047207257550991, 'roc', 0.81739811912225702]
[[1912    2]
 [  94    2]]
fine acc: 0.952
fine f1: 0.040
['rnd', 1, 'fold', 1, 'pr', 0.75484780371659199, 'roc', 0.76394331243469171]
1,1,coarse : 29.42 seconds
1,1,fine : 29.42 seconds
[[1816   98]
 [  60   36]]
coarse acc: 0.921
coarse f1: 0.313
['rnd', 2, 'fold', 1, 'pr', 0.82047207257550991, 'roc', 0.81739811912225702]
[[1912    2]
 [  94    2]]
fine acc: 0.952
fine f1: 0.040
['rnd', 2, 'fold', 1, 'pr', 0.75484780371659199, 'roc', 0.76394331243469171]
1,2,coarse : 33.02 seconds
1,2,fine : 33.02 seconds
[[1819   95]
 [  58   38]]
coarse acc: 0.924
coarse f1: 0.332
['rnd', 3, 'fold', 1, 'pr', 0.82416090671985343, 'roc', 0.82294387843956807]
[[1911    3]
 [  94    2]]
fine acc: 0.952
fine f1: 0.040
['rnd', 3, 'fold', 1, 'pr', 0.76302242777276352, 'roc', 0.76365486764193669]
1,3,coarse : 5.98 seconds
1,3,fine : 5.98 seconds
[[1830   84]
 [  56   40]]
coarse acc: 0.930
coarse f1: 0.364
['rnd', 4, 'fold', 1, 'pr', 0.82863134006338579, 'roc', 0.81880768895855094]
[[1912    2]
 [  94    2]]
fine acc: 0.952
fine f1: 0.040
['rnd', 4, 'fold', 1, 'pr', 0.77791841761866831, 'roc', 0.77159526297457337]
1,4,coarse : 6.24 seconds
1,4,fine : 6.24 seconds
[[1832   82]
 [  56   40]]
coarse acc: 0.931
coarse f1: 0.367
['rnd', 5, 'fold', 1, 'pr', 0.8370493317919856, 'roc', 0.82833180947405094]
[[1912    2]
 [  92    4]]
fine acc: 0.953
fine f1: 0.078
['rnd', 5, 'fold', 1, 'pr', 0.78568290788377926, 'roc', 0.76954893765238597]
1,5,coarse : 6.49 seconds
1,5,fine : 6.5 seconds
[[1808  106]
 [  51   45]]
coarse acc: 0.922
coarse f1: 0.364
['rnd', 6, 'fold', 1, 'pr', 0.84726886030580961, 'roc', 0.83890086206896552]
[[1912    2]
 [  88    8]]
fine acc: 0.955
fine f1: 0.151
['rnd', 6, 'fold', 1, 'pr', 0.79448425468833106, 'roc', 0.77632466910484155]
1,6,coarse : 6.89 seconds
1,6,fine : 6.89 seconds
[[1812  102]
 [  51   45]]
coarse acc: 0.924
coarse f1: 0.370
['rnd', 7, 'fold', 1, 'pr', 0.85069926251033245, 'roc', 0.83890630442354586]
[[1911    3]
 [  90    6]]
fine acc: 0.954
fine f1: 0.114
['rnd', 7, 'fold', 1, 'pr', 0.80158398432615674, 'roc', 0.78811280912574011]
1,7,coarse : 7.36 seconds
1,7,fine : 7.37 seconds
[[1816   98]
 [  53   43]]
coarse acc: 0.925
coarse f1: 0.363
['rnd', 8, 'fold', 1, 'pr', 0.85223275395252096, 'roc', 0.84244383490073138]
[[1911    3]
 [  89    7]]
fine acc: 0.954
fine f1: 0.132
['rnd', 8, 'fold', 1, 'pr', 0.80149447452740574, 'roc', 0.78720393591083249]
1,8,coarse : 7.85 seconds
1,8,fine : 7.86 seconds
[[1812  102]
 [  55   41]]
coarse acc: 0.922
coarse f1: 0.343
['rnd', 9, 'fold', 1, 'pr', 0.84927981252917895, 'roc', 0.8408601097178684]
[[1911    3]
 [  90    6]]
fine acc: 0.954
fine f1: 0.114
['rnd', 9, 'fold', 1, 'pr', 0.80970953544920843, 'roc', 0.79465451933124343]
1,9,coarse : 8.16 seconds
1,9,fine : 8.17 seconds
[[1814  100]
 [  53   43]]
coarse acc: 0.924
coarse f1: 0.360
['rnd', 10, 'fold', 1, 'pr', 0.85295560483392641, 'roc', 0.84267241379310354]
[[1908    6]
 [  87    9]]
fine acc: 0.954
fine f1: 0.162
['rnd', 10, 'fold', 1, 'pr', 0.81427570319367237, 'roc', 0.7970165012190874]
1,10,coarse : 8.79 seconds
1,10,fine : 8.79 seconds
[[1796  118]
 [  50   46]]
coarse acc: 0.916
coarse f1: 0.354
['rnd', 11, 'fold', 1, 'pr', 0.84953891324960773, 'roc', 0.83851989724834552]
[[1909    5]
 [  87    9]]
fine acc: 0.954
fine f1: 0.164
['rnd', 11, 'fold', 1, 'pr', 0.81636210575493207, 'roc', 0.79717432950191569]
1,11,coarse : 9.08 seconds
1,11,fine : 9.08 seconds
[[1814  100]
 [  51   45]]
coarse acc: 0.925
coarse f1: 0.373
['rnd', 12, 'fold', 1, 'pr', 0.85199903030788982, 'roc', 0.83851989724834552]
[[1907    7]
 [  86   10]]
fine acc: 0.954
fine f1: 0.177
['rnd', 12, 'fold', 1, 'pr', 0.81104462084391926, 'roc', 0.78747061128526641]
1,12,coarse : 9.49 seconds
1,12,fine : 9.5 seconds
[[1803  111]
 [  49   47]]
coarse acc: 0.920
coarse f1: 0.370
['rnd', 13, 'fold', 1, 'pr', 0.85392495804815849, 'roc', 0.85061825148032033]
[[1909    5]
 [  82   14]]
fine acc: 0.957
fine f1: 0.243
['rnd', 13, 'fold', 1, 'pr', 0.82144438820435939, 'roc', 0.79772400731452442]
1,13,coarse : 9.96 seconds
1,13,fine : 9.96 seconds
[[1800  114]
 [  48   48]]
coarse acc: 0.919
coarse f1: 0.372
['rnd', 14, 'fold', 1, 'pr', 0.85363091960339132, 'roc', 0.84791340125391845]
[[1909    5]
 [  83   13]]
fine acc: 0.956
fine f1: 0.228
['rnd', 14, 'fold', 1, 'pr', 0.82102862328818826, 'roc', 0.7970165012190874]
1,14,coarse : 10.25 seconds
1,14,fine : 10.26 seconds
[[1805  109]
 [  48   48]]
coarse acc: 0.922
coarse f1: 0.379
['rnd', 15, 'fold', 1, 'pr', 0.85663882555525916, 'roc', 0.85245232497387669]
[[1909    5]
 [  82   14]]
fine acc: 0.957
fine f1: 0.243
['rnd', 15, 'fold', 1, 'pr', 0.82387844524807863, 'roc', 0.7975171978404737]
1,15,coarse : 11.07 seconds
1,15,fine : 11.07 seconds
[[1806  108]
 [  49   47]]
coarse acc: 0.922
coarse f1: 0.375
['rnd', 16, 'fold', 1, 'pr', 0.85514764830664325, 'roc', 0.85035157610588652]
[[1909    5]
 [  83   13]]
fine acc: 0.956
fine f1: 0.228
['rnd', 16, 'fold', 1, 'pr', 0.83111529501913084, 'roc', 0.80102207419017757]
1,16,coarse : 11.69 seconds
1,16,fine : 11.69 seconds
[[1811  103]
 [  52   44]]
coarse acc: 0.923
coarse f1: 0.362
['rnd', 17, 'fold', 1, 'pr', 0.8580414969473763, 'roc', 0.85277886624869392]
[[1909    5]
 [  82   14]]
fine acc: 0.957
fine f1: 0.243
['rnd', 17, 'fold', 1, 'pr', 0.83428379771145666, 'roc', 0.80299764890282133]
1,17,coarse : 11.73 seconds
1,17,fine : 11.73 seconds
[[1814  100]
 [  53   43]]
coarse acc: 0.924
coarse f1: 0.360
['rnd', 18, 'fold', 1, 'pr', 0.85324536176889254, 'roc', 0.8455731887843958]
[[1909    5]
 [  80   16]]
fine acc: 0.958
fine f1: 0.274
['rnd', 18, 'fold', 1, 'pr', 0.83794081242794904, 'roc', 0.80880464123998619]
1,18,coarse : 12.59 seconds
1,18,fine : 12.59 seconds
[[1808  106]
 [  53   43]]
coarse acc: 0.921
coarse f1: 0.351
['rnd', 19, 'fold', 1, 'pr', 0.85390061143429719, 'roc', 0.84670519853709503]
[[1909    5]
 [  83   13]]
fine acc: 0.956
fine f1: 0.228
['rnd', 19, 'fold', 1, 'pr', 0.8363555258220543, 'roc', 0.8064644287704632]
1,19,coarse : 12.97 seconds
1,19,fine : 12.97 seconds
[[1816   98]
 [  53   43]]
coarse acc: 0.925
coarse f1: 0.363
['rnd', 20, 'fold', 1, 'pr', 0.84965526438216799, 'roc', 0.84060976140717514]
[[1909    5]
 [  83   13]]
fine acc: 0.956
fine f1: 0.228
['rnd', 20, 'fold', 1, 'pr', 0.83734178853168106, 'roc', 0.8088100835945663]
1,20,coarse : 13.79 seconds
1,20,fine : 13.79 seconds
[[1816   98]
 [  53   43]]
coarse acc: 0.925
coarse f1: 0.363
['rnd', 21, 'fold', 1, 'pr', 0.85058929693976337, 'roc', 0.84232954545454541]
[[1912    2]
 [  84   12]]
fine acc: 0.957
fine f1: 0.218
['rnd', 21, 'fold', 1, 'pr', 0.84304040437129057, 'roc', 0.81082919714385238]
1,21,coarse : 14.34 seconds
1,21,fine : 14.34 seconds
[[1826   88]
 [  53   43]]
coarse acc: 0.930
coarse f1: 0.379
['rnd', 22, 'fold', 1, 'pr', 0.8530213097550543, 'roc', 0.84410375304771856]
[[1908    6]
 [  82   14]]
fine acc: 0.956
fine f1: 0.241
['rnd', 22, 'fold', 1, 'pr', 0.84262028077061868, 'roc', 0.8124401340996168]
1,22,coarse : 14.66 seconds
1,22,fine : 14.67 seconds
[[1828   86]
 [  55   41]]
coarse acc: 0.930
coarse f1: 0.368
['rnd', 23, 'fold', 1, 'pr', 0.85470925568107314, 'roc', 0.84434321664925116]
[[1907    7]
 [  83   13]]
fine acc: 0.955
fine f1: 0.224
['rnd', 23, 'fold', 1, 'pr', 0.83944602155188019, 'roc', 0.81008359456635315]
1,23,coarse : 15.14 seconds
1,23,fine : 15.15 seconds
[[1832   82]
 [  53   43]]
coarse acc: 0.933
coarse f1: 0.389
['rnd', 24, 'fold', 1, 'pr', 0.85555148188693364, 'roc', 0.8442506966213863]
[[1908    6]
 [  82   14]]
fine acc: 0.956
fine f1: 0.241
['rnd', 24, 'fold', 1, 'pr', 0.84102824443689694, 'roc', 0.80994753570184619]
1,24,coarse : 15.54 seconds
1,24,fine : 15.54 seconds
[[1825   89]
 [  54   42]]
coarse acc: 0.929
coarse f1: 0.370
['rnd', 25, 'fold', 1, 'pr', 0.8579418694541785, 'roc', 0.84676506443747823]
[[1906    8]
 [  84   12]]
fine acc: 0.954
fine f1: 0.207
['rnd', 25, 'fold', 1, 'pr', 0.84353795924497632, 'roc', 0.81355581678857547]
1,25,coarse : 16.59 seconds
1,25,fine : 16.59 seconds
[[1820   94]
 [  50   46]]
coarse acc: 0.928
coarse f1: 0.390
['rnd', 26, 'fold', 1, 'pr', 0.85922045212830511, 'roc', 0.84935018286311392]
[[1908    6]
 [  82   14]]
fine acc: 0.956
fine f1: 0.241
['rnd', 26, 'fold', 1, 'pr', 0.84336408166405785, 'roc', 0.81616814698711249]
1,26,coarse : 16.86 seconds
1,26,fine : 16.86 seconds
[[1809  105]
 [  44   52]]
coarse acc: 0.926
coarse f1: 0.411
['rnd', 27, 'fold', 1, 'pr', 0.85866279399961254, 'roc', 0.84593238418669459]
[[1907    7]
 [  83   13]]
fine acc: 0.955
fine f1: 0.224
['rnd', 27, 'fold', 1, 'pr', 0.84482922101502045, 'roc', 0.81598854928596298]
1,27,coarse : 17.47 seconds
1,27,fine : 17.48 seconds
[[1811  103]
 [  44   52]]
coarse acc: 0.927
coarse f1: 0.414
['rnd', 28, 'fold', 1, 'pr', 0.85956953891114096, 'roc', 0.84494731800766276]
[[1907    7]
 [  84   12]]
fine acc: 0.955
fine f1: 0.209
['rnd', 28, 'fold', 1, 'pr', 0.84447909685436939, 'roc', 0.81893286311389757]
1,28,coarse : 18.35 seconds
1,28,fine : 18.36 seconds
[[1816   98]
 [  47   49]]
coarse acc: 0.928
coarse f1: 0.403
['rnd', 29, 'fold', 1, 'pr', 0.85924493376782851, 'roc', 0.84707527864855447]
[[1906    8]
 [  85   11]]
fine acc: 0.954
fine f1: 0.191
['rnd', 29, 'fold', 1, 'pr', 0.83858535229233855, 'roc', 0.8127013671194705]
1,29,coarse : 19.2 seconds
1,29,fine : 19.2 seconds
[[1827   87]
 [  45   51]]
coarse acc: 0.934
coarse f1: 0.436
['rnd', 30, 'fold', 1, 'pr', 0.86076546932876219, 'roc', 0.84612286659700453]
[[1906    8]
 [  84   12]]
fine acc: 0.954
fine f1: 0.207
['rnd', 30, 'fold', 1, 'pr', 0.83850891447559683, 'roc', 0.81238571055381392]
1,30,coarse : 19.24 seconds
1,30,fine : 19.24 seconds
[[1822   92]
 [  46   50]]
coarse acc: 0.931
coarse f1: 0.420
['rnd', 31, 'fold', 1, 'pr', 0.86294217943538898, 'roc', 0.85058559735283878]
[[1907    7]
 [  84   12]]
fine acc: 0.955
fine f1: 0.209
['rnd', 31, 'fold', 1, 'pr', 0.84411753156718683, 'roc', 0.81996146812957149]
1,31,coarse : 20.11 seconds
1,31,fine : 20.11 seconds
[[1823   91]
 [  45   51]]
coarse acc: 0.932
coarse f1: 0.429
['rnd', 32, 'fold', 1, 'pr', 0.86455436840949784, 'roc', 0.85166862591431558]
[[1905    9]
 [  82   14]]
fine acc: 0.955
fine f1: 0.235
['rnd', 32, 'fold', 1, 'pr', 0.84448427514889879, 'roc', 0.82180098397770818]
1,32,coarse : 21.32 seconds
1,32,fine : 21.32 seconds
[[1825   89]
 [  44   52]]
coarse acc: 0.934
coarse f1: 0.439
['rnd', 33, 'fold', 1, 'pr', 0.86542724886114741, 'roc', 0.85234892023685116]
[[1901   13]
 [  82   14]]
fine acc: 0.953
fine f1: 0.228
['rnd', 33, 'fold', 1, 'pr', 0.84661518173599293, 'roc', 0.82287312783002442]
1,33,coarse : 21.68 seconds
1,33,fine : 21.69 seconds
[[1821   93]
 [  46   50]]
coarse acc: 0.931
coarse f1: 0.418
['rnd', 34, 'fold', 1, 'pr', 0.86317574572962874, 'roc', 0.8502699407871821]
[[1904   10]
 [  81   15]]
fine acc: 0.955
fine f1: 0.248
['rnd', 34, 'fold', 1, 'pr', 0.84581544082047677, 'roc', 0.82287857018460475]
1,34,coarse : 22.14 seconds
1,34,fine : 22.14 seconds
[[1821   93]
 [  47   49]]
coarse acc: 0.930
coarse f1: 0.412
['rnd', 35, 'fold', 1, 'pr', 0.86610790696032203, 'roc', 0.85336119818878442]
[[1906    8]
 [  80   16]]
fine acc: 0.956
fine f1: 0.267
['rnd', 35, 'fold', 1, 'pr', 0.84833930241363831, 'roc', 0.82401057993730409]
1,35,coarse : 22.9 seconds
1,35,fine : 22.9 seconds
[[1819   95]
 [  48   48]]
coarse acc: 0.929
coarse f1: 0.402
['rnd', 36, 'fold', 1, 'pr', 0.86391936160344673, 'roc', 0.85021551724137945]
[[1905    9]
 [  82   14]]
fine acc: 0.955
fine f1: 0.235
['rnd', 36, 'fold', 1, 'pr', 0.84493042096855409, 'roc', 0.81774642981539525]
1,36,coarse : 24.04 seconds
1,36,fine : 24.04 seconds
[[1821   93]
 [  46   50]]
coarse acc: 0.931
coarse f1: 0.418
['rnd', 37, 'fold', 1, 'pr', 0.86475439936012888, 'roc', 0.85161420236851271]
[[1903   11]
 [  83   13]]
fine acc: 0.953
fine f1: 0.217
['rnd', 37, 'fold', 1, 'pr', 0.84256503604584509, 'roc', 0.81595589515848144]
1,37,coarse : 24.06 seconds
1,37,fine : 24.06 seconds
[[1816   98]
 [  46   50]]
coarse acc: 0.928
coarse f1: 0.410
['rnd', 38, 'fold', 1, 'pr', 0.86467877472209043, 'roc', 0.8520332636711947]
[[1904   10]
 [  83   13]]
fine acc: 0.954
fine f1: 0.218
['rnd', 38, 'fold', 1, 'pr', 0.84568823456400177, 'roc', 0.82236154649947746]
1,38,coarse : 24.81 seconds
1,38,fine : 24.82 seconds
[[1819   95]
 [  44   52]]
coarse acc: 0.931
coarse f1: 0.428
['rnd', 39, 'fold', 1, 'pr', 0.86584143950259884, 'roc', 0.85182101184256365]
[[1905    9]
 [  83   13]]
fine acc: 0.954
fine f1: 0.220
['rnd', 39, 'fold', 1, 'pr', 0.83970439222672288, 'roc', 0.81408372518286309]
1,39,coarse : 26.48 seconds
1,39,fine : 26.49 seconds
[[1814  100]
 [  43   53]]
coarse acc: 0.929
coarse f1: 0.426
['rnd', 40, 'fold', 1, 'pr', 0.86651870720878854, 'roc', 0.85059648206199934]
[[1903   11]
 [  85   11]]
fine acc: 0.952
fine f1: 0.186
['rnd', 40, 'fold', 1, 'pr', 0.83767962680686359, 'roc', 0.8116346656217347]
1,40,coarse : 26.87 seconds
1,40,fine : 26.88 seconds
[[1813  101]
 [  43   53]]
coarse acc: 0.928
coarse f1: 0.424
['rnd', 41, 'fold', 1, 'pr', 0.86824003620047385, 'roc', 0.85508642459073492]
[[1903   11]
 [  84   12]]
fine acc: 0.953
fine f1: 0.202
['rnd', 41, 'fold', 1, 'pr', 0.83396261700222896, 'roc', 0.80695424068268906]
1,41,coarse : 27.59 seconds
1,41,fine : 27.6 seconds
[[1811  103]
 [  43   53]]
coarse acc: 0.927
coarse f1: 0.421
['rnd', 42, 'fold', 1, 'pr', 0.86728282040532967, 'roc', 0.85212578369905956]
[[1903   11]
 [  82   14]]
fine acc: 0.954
fine f1: 0.231
['rnd', 42, 'fold', 1, 'pr', 0.83737272507741589, 'roc', 0.81021421107628]
1,42,coarse : 29.23 seconds
1,42,fine : 29.23 seconds
[[1813  101]
 [  44   52]]
coarse acc: 0.928
coarse f1: 0.418
['rnd', 43, 'fold', 1, 'pr', 0.86846383073607403, 'roc', 0.85330133228840122]
[[1907    7]
 [  85   11]]
fine acc: 0.954
fine f1: 0.193
['rnd', 43, 'fold', 1, 'pr', 0.84386112178474404, 'roc', 0.81618991640543359]
1,43,coarse : 29.61 seconds
1,43,fine : 29.62 seconds
[[1820   94]
 [  46   50]]
coarse acc: 0.930
coarse f1: 0.417
['rnd', 44, 'fold', 1, 'pr', 0.86753485839095545, 'roc', 0.85442245733194011]
[[1905    9]
 [  81   15]]
fine acc: 0.955
fine f1: 0.250
['rnd', 44, 'fold', 1, 'pr', 0.84475978300931454, 'roc', 0.81857366771159878]
1,44,coarse : 30.08 seconds
1,44,fine : 30.09 seconds
[[1817   97]
 [  42   54]]
coarse acc: 0.931
coarse f1: 0.437
['rnd', 45, 'fold', 1, 'pr', 0.86816510701343474, 'roc', 0.85398162661093691]
[[1906    8]
 [  83   13]]
fine acc: 0.955
fine f1: 0.222
['rnd', 45, 'fold', 1, 'pr', 0.84880470602614611, 'roc', 0.82414663880181116]
1,45,coarse : 31.4 seconds
1,45,fine : 31.4 seconds
[[1817   97]
 [  44   52]]
coarse acc: 0.930
coarse f1: 0.424
['rnd', 46, 'fold', 1, 'pr', 0.8691823096459288, 'roc', 0.85363875827237901]
[[1905    9]
 [  83   13]]
fine acc: 0.954
fine f1: 0.220
['rnd', 46, 'fold', 1, 'pr', 0.84873961749410154, 'roc', 0.82387996342737724]
1,46,coarse : 31.83 seconds
1,46,fine : 31.83 seconds
[[1819   95]
 [  45   51]]
coarse acc: 0.930
coarse f1: 0.421
['rnd', 47, 'fold', 1, 'pr', 0.86987217175031462, 'roc', 0.85523881051898287]
[[1905    9]
 [  81   15]]
fine acc: 0.955
fine f1: 0.250
['rnd', 47, 'fold', 1, 'pr', 0.84678179622310212, 'roc', 0.82367859630790652]
1,47,coarse : 32.03 seconds
1,47,fine : 32.03 seconds
[[1822   92]
 [  43   53]]
coarse acc: 0.933
coarse f1: 0.440
['rnd', 48, 'fold', 1, 'pr', 0.87334119514281638, 'roc', 0.85932057645419713]
[[1904   10]
 [  80   16]]
fine acc: 0.955
fine f1: 0.262
['rnd', 48, 'fold', 1, 'pr', 0.85115692801839604, 'roc', 0.8263018112156042]
1,48,coarse : 33.75 seconds
1,48,fine : 33.75 seconds
[[1818   96]
 [  43   53]]
coarse acc: 0.931
coarse f1: 0.433
['rnd', 49, 'fold', 1, 'pr', 0.87390342865155246, 'roc', 0.86106757227446895]
[[1905    9]
 [  82   14]]
fine acc: 0.955
fine f1: 0.235
['rnd', 49, 'fold', 1, 'pr', 0.85121763717520915, 'roc', 0.82858215778474398]
1,49,coarse : 33.99 seconds
1,49,fine : 34.0 seconds
[[1817   97]
 [  42   54]]
coarse acc: 0.931
coarse f1: 0.437
['rnd', 50, 'fold', 1, 'pr', 0.87515063638873591, 'roc', 0.86274925983977713]
[[1905    9]
 [  82   14]]
fine acc: 0.955
fine f1: 0.235
['rnd', 50, 'fold', 1, 'pr', 0.85119565467008151, 'roc', 0.82730320445837691]
1,50,coarse : 36.17 seconds
1,50,fine : 36.18 seconds
[[1825   89]
 [  42   54]]
coarse acc: 0.935
coarse f1: 0.452
['rnd', 51, 'fold', 1, 'pr', 0.87299154236385157, 'roc', 0.86080633925461514]
[[1904   10]
 [  81   15]]
fine acc: 0.955
fine f1: 0.248
['rnd', 51, 'fold', 1, 'pr', 0.84355645066883, 'roc', 0.82590996168582376]
1,51,coarse : 36.98 seconds
1,51,fine : 36.99 seconds
[[1827   87]
 [  42   54]]
coarse acc: 0.936
coarse f1: 0.456
['rnd', 52, 'fold', 1, 'pr', 0.876707313471907, 'roc', 0.86758751306165105]
[[1903   11]
 [  81   15]]
fine acc: 0.954
fine f1: 0.246
['rnd', 52, 'fold', 1, 'pr', 0.85191791017489771, 'roc', 0.82733585858585856]
1,52,coarse : 36.89 seconds
1,52,fine : 36.9 seconds
[[1821   93]
 [  46   50]]
coarse acc: 0.931
coarse f1: 0.418
['rnd', 53, 'fold', 1, 'pr', 0.8760660859131717, 'roc', 0.86720654824103116]
[[1903   11]
 [  79   17]]
fine acc: 0.955
fine f1: 0.274
['rnd', 53, 'fold', 1, 'pr', 0.85302561668297061, 'roc', 0.82663379484500166]
1,53,coarse : 37.88 seconds
1,53,fine : 37.88 seconds
[[1824   90]
 [  43   53]]
coarse acc: 0.934
coarse f1: 0.444
['rnd', 54, 'fold', 1, 'pr', 0.87596430439867135, 'roc', 0.86793582375478917]
[[1904   10]
 [  77   19]]
fine acc: 0.957
fine f1: 0.304
['rnd', 54, 'fold', 1, 'pr', 0.84884668229258242, 'roc', 0.8263235806339253]
1,54,coarse : 39.55 seconds
1,54,fine : 39.56 seconds
[[1820   94]
 [  40   56]]
coarse acc: 0.933
coarse f1: 0.455
['rnd', 55, 'fold', 1, 'pr', 0.8749210070076715, 'roc', 0.86614528909787525]
[[1901   13]
 [  79   17]]
fine acc: 0.954
fine f1: 0.270
['rnd', 55, 'fold', 1, 'pr', 0.85207250323149475, 'roc', 0.82687870080111447]
1,55,coarse : 39.7 seconds
1,55,fine : 39.71 seconds
[[1817   97]
 [  41   55]]
coarse acc: 0.931
coarse f1: 0.444
['rnd', 56, 'fold', 1, 'pr', 0.87507175383558544, 'roc', 0.8653289359108326]
[[1902   12]
 [  76   20]]
fine acc: 0.956
fine f1: 0.312
['rnd', 56, 'fold', 1, 'pr', 0.86026812678065345, 'roc', 0.83320815917798663]
1,56,coarse : 40.71 seconds
1,56,fine : 40.71 seconds
[[1822   92]
 [  42   54]]
coarse acc: 0.933
coarse f1: 0.446
['rnd', 57, 'fold', 1, 'pr', 0.8770047689983782, 'roc', 0.86699973876698022]
[[1903   11]
 [  75   21]]
fine acc: 0.957
fine f1: 0.328
['rnd', 57, 'fold', 1, 'pr', 0.86395872766981652, 'roc', 0.83976619644723094]
1,57,coarse : 41.48 seconds
1,57,fine : 41.49 seconds
[[1821   93]
 [  43   53]]
coarse acc: 0.932
coarse f1: 0.438
['rnd', 58, 'fold', 1, 'pr', 0.87351930065561423, 'roc', 0.86342955416231282]
[[1901   13]
 [  77   19]]
fine acc: 0.955
fine f1: 0.297
['rnd', 58, 'fold', 1, 'pr', 0.86343947119345632, 'roc', 0.83887365029606409]
1,58,coarse : 41.79 seconds
1,58,fine : 41.8 seconds
[[1822   92]
 [  42   54]]
coarse acc: 0.933
coarse f1: 0.446
['rnd', 59, 'fold', 1, 'pr', 0.87604611714286262, 'roc', 0.86396834726576088]
[[1902   12]
 [  77   19]]
fine acc: 0.956
fine f1: 0.299
['rnd', 59, 'fold', 1, 'pr', 0.86501582508347963, 'roc', 0.84069683908045978]
1,59,coarse : 43.51 seconds
1,59,fine : 43.52 seconds
[[1824   90]
 [  44   52]]
coarse acc: 0.933
coarse f1: 0.437
['rnd', 60, 'fold', 1, 'pr', 0.87619033521988021, 'roc', 0.86300505050505039]
[[1904   10]
 [  76   20]]
fine acc: 0.957
fine f1: 0.317
['rnd', 60, 'fold', 1, 'pr', 0.86791025296527113, 'roc', 0.84438131313131315]
1,60,coarse : 43.51 seconds
1,60,fine : 43.52 seconds
[[1816   98]
 [  43   53]]
coarse acc: 0.930
coarse f1: 0.429
['rnd', 61, 'fold', 1, 'pr', 0.87394475712100794, 'roc', 0.86400644374782309]
[[1901   13]
 [  75   21]]
fine acc: 0.956
fine f1: 0.323
['rnd', 61, 'fold', 1, 'pr', 0.8664087444403139, 'roc', 0.84413096482061989]
1,61,coarse : 45.15 seconds
1,61,fine : 45.16 seconds
[[1819   95]
 [  45   51]]
coarse acc: 0.930
coarse f1: 0.421
['rnd', 62, 'fold', 1, 'pr', 0.87358937869333064, 'roc', 0.86348942006269602]
[[1899   15]
 [  74   22]]
fine acc: 0.956
fine f1: 0.331
['rnd', 62, 'fold', 1, 'pr', 0.86617921282072774, 'roc', 0.8429663009404389]
1,62,coarse : 46.75 seconds
1,62,fine : 46.76 seconds
[[1820   94]
 [  43   53]]
coarse acc: 0.932
coarse f1: 0.436
['rnd', 63, 'fold', 1, 'pr', 0.87547794179246274, 'roc', 0.86409352142110774]
[[1898   16]
 [  75   21]]
fine acc: 0.955
fine f1: 0.316
['rnd', 63, 'fold', 1, 'pr', 0.86635351771738289, 'roc', 0.84308059038662486]
1,63,coarse : 47.35 seconds
1,63,fine : 47.35 seconds
[[1821   93]
 [  45   51]]
coarse acc: 0.931
coarse f1: 0.425
['rnd', 64, 'fold', 1, 'pr', 0.876836047739321, 'roc', 0.86529083942877039]
[[1899   15]
 [  75   21]]
fine acc: 0.955
fine f1: 0.318
['rnd', 64, 'fold', 1, 'pr', 0.86747828101385172, 'roc', 0.84416906130268199]
1,64,coarse : 49.93 seconds
1,64,fine : 49.94 seconds
[[1821   93]
 [  43   53]]
coarse acc: 0.932
coarse f1: 0.438
['rnd', 65, 'fold', 1, 'pr', 0.8786738534310653, 'roc', 0.86818617206548232]
[[1901   13]
 [  74   22]]
fine acc: 0.957
fine f1: 0.336
['rnd', 65, 'fold', 1, 'pr', 0.8662509048316297, 'roc', 0.84209008185301293]
1,65,coarse : 49.47 seconds
1,65,fine : 49.48 seconds
[[1820   94]
 [  43   53]]
coarse acc: 0.932
coarse f1: 0.436
['rnd', 66, 'fold', 1, 'pr', 0.87911918194790306, 'roc', 0.86818617206548232]
[[1901   13]
 [  74   22]]
fine acc: 0.957
fine f1: 0.336
['rnd', 66, 'fold', 1, 'pr', 0.86369503668670311, 'roc', 0.83768177464298144]
1,66,coarse : 51.61 seconds
1,66,fine : 51.62 seconds
[[1827   87]
 [  43   53]]
coarse acc: 0.935
coarse f1: 0.449
['rnd', 67, 'fold', 1, 'pr', 0.88080106518781076, 'roc', 0.87121756356670155]
[[1899   15]
 [  74   22]]
fine acc: 0.956
fine f1: 0.331
['rnd', 67, 'fold', 1, 'pr', 0.86875007875499899, 'roc', 0.84304249390456287]
1,67,coarse : 51.41 seconds
1,67,fine : 51.42 seconds
[[1827   87]
 [  44   52]]
coarse acc: 0.935
coarse f1: 0.443
['rnd', 68, 'fold', 1, 'pr', 0.87840943919167447, 'roc', 0.86767459073493547]
[[1899   15]
 [  74   22]]
fine acc: 0.956
fine f1: 0.331
['rnd', 68, 'fold', 1, 'pr', 0.8679082482926268, 'roc', 0.84199211947056785]
1,68,coarse : 51.76 seconds
1,68,fine : 51.77 seconds
[[1828   86]
 [  43   53]]
coarse acc: 0.936
coarse f1: 0.451
['rnd', 69, 'fold', 1, 'pr', 0.87590170406513512, 'roc', 0.86373976837338906]
[[1898   16]
 [  72   24]]
fine acc: 0.956
fine f1: 0.353
['rnd', 69, 'fold', 1, 'pr', 0.86800545552066655, 'roc', 0.84391871299198884]
1,69,coarse : 53.41 seconds
1,69,fine : 53.42 seconds
[[1825   89]
 [  41   55]]
coarse acc: 0.935
coarse f1: 0.458
['rnd', 70, 'fold', 1, 'pr', 0.87362923434086215, 'roc', 0.85869470567746431]
[[1900   14]
 [  72   24]]
fine acc: 0.957
fine f1: 0.358
['rnd', 70, 'fold', 1, 'pr', 0.86907083861021817, 'roc', 0.84630790665273448]
1,70,coarse : 54.61 seconds
1,70,fine : 54.62 seconds
[[1824   90]
 [  42   54]]
coarse acc: 0.934
coarse f1: 0.450
['rnd', 71, 'fold', 1, 'pr', 0.87242084640756123, 'roc', 0.85701301811215602]
[[1899   15]
 [  75   21]]
fine acc: 0.955
fine f1: 0.318
['rnd', 71, 'fold', 1, 'pr', 0.86871576472298218, 'roc', 0.8456765935214211]
1,71,coarse : 56.73 seconds
1,71,fine : 56.74 seconds
[[1825   89]
 [  41   55]]
coarse acc: 0.935
coarse f1: 0.458
['rnd', 72, 'fold', 1, 'pr', 0.8740479452858656, 'roc', 0.85774229362591436]
[[1898   16]
 [  74   22]]
fine acc: 0.955
fine f1: 0.328
['rnd', 72, 'fold', 1, 'pr', 0.86758516970272193, 'roc', 0.84513780041797282]
1,72,coarse : 56.81 seconds
1,72,fine : 56.82 seconds
[[1822   92]
 [  43   53]]
coarse acc: 0.933
coarse f1: 0.440
['rnd', 73, 'fold', 1, 'pr', 0.87296891992743064, 'roc', 0.85830285614768376]
[[1903   11]
 [  73   23]]
fine acc: 0.958
fine f1: 0.354
['rnd', 73, 'fold', 1, 'pr', 0.8643540956823601, 'roc', 0.84437042842215249]
1,73,coarse : 59.94 seconds
1,73,fine : 59.95 seconds
[[1823   91]
 [  44   52]]
coarse acc: 0.933
coarse f1: 0.435
['rnd', 74, 'fold', 1, 'pr', 0.87311256679261084, 'roc', 0.85785658307210033]
[[1901   13]
 [  71   25]]
fine acc: 0.958
fine f1: 0.373
['rnd', 74, 'fold', 1, 'pr', 0.86427091007603885, 'roc', 0.84343978578892376]
1,74,coarse : 59.82 seconds
1,74,fine : 59.83 seconds
[[1826   88]
 [  43   53]]
coarse acc: 0.935
coarse f1: 0.447
['rnd', 75, 'fold', 1, 'pr', 0.874566299934455, 'roc', 0.85898315047021945]
[[1899   15]
 [  71   25]]
fine acc: 0.957
fine f1: 0.368
['rnd', 75, 'fold', 1, 'pr', 0.86166105279981187, 'roc', 0.83905324799721348]
1,75,coarse : 61.2 seconds
1,75,fine : 61.21 seconds
[[1826   88]
 [  40   56]]
coarse acc: 0.936
coarse f1: 0.467
['rnd', 76, 'fold', 1, 'pr', 0.8737809286746111, 'roc', 0.85866205154998254]
[[1903   11]
 [  74   22]]
fine acc: 0.958
fine f1: 0.341
['rnd', 76, 'fold', 1, 'pr', 0.85908159783646998, 'roc', 0.8352653692093347]
1,76,coarse : 62.54 seconds
1,76,fine : 62.55 seconds
[[1828   86]
 [  44   52]]
coarse acc: 0.935
coarse f1: 0.444
['rnd', 77, 'fold', 1, 'pr', 0.87351485718675115, 'roc', 0.8591355363984674]
[[1901   13]
 [  71   25]]
fine acc: 0.958
fine f1: 0.373
['rnd', 77, 'fold', 1, 'pr', 0.86392244814004904, 'roc', 0.84102338035527691]
1,77,coarse : 64.1 seconds
1,77,fine : 64.11 seconds
[[1826   88]
 [  45   51]]
coarse acc: 0.934
coarse f1: 0.434
['rnd', 78, 'fold', 1, 'pr', 0.87316950482229505, 'roc', 0.85972331069313834]
[[1902   12]
 [  71   25]]
fine acc: 0.959
fine f1: 0.376
['rnd', 78, 'fold', 1, 'pr', 0.86673866718393366, 'roc', 0.8452520898641589]
1,78,coarse : 65.53 seconds
1,78,fine : 65.54 seconds
[[1822   92]
 [  45   51]]
coarse acc: 0.932
coarse f1: 0.427
['rnd', 79, 'fold', 1, 'pr', 0.87233953528722408, 'roc', 0.85743207941483801]
[[1902   12]
 [  72   24]]
fine acc: 0.958
fine f1: 0.364
['rnd', 79, 'fold', 1, 'pr', 0.86587141039441529, 'roc', 0.84390238592824796]
1,79,coarse : 66.47 seconds
1,79,fine : 66.48 seconds
[[1820   94]
 [  44   52]]
coarse acc: 0.931
coarse f1: 0.430
['rnd', 80, 'fold', 1, 'pr', 0.8726482600183364, 'roc', 0.85612047196098928]
[[1900   14]
 [  71   25]]
fine acc: 0.958
fine f1: 0.370
['rnd', 80, 'fold', 1, 'pr', 0.86737063693887173, 'roc', 0.8451323580633926]
1,80,coarse : 67.95 seconds
1,80,fine : 67.96 seconds
[[1824   90]
 [  44   52]]
coarse acc: 0.933
coarse f1: 0.437
['rnd', 81, 'fold', 1, 'pr', 0.87337808381344528, 'roc', 0.85694226750261238]
[[1902   12]
 [  70   26]]
fine acc: 0.959
fine f1: 0.388
['rnd', 81, 'fold', 1, 'pr', 0.86720563646569504, 'roc', 0.84557863113897613]
1,81,coarse : 68.63 seconds
1,81,fine : 68.64 seconds
[[1823   91]
 [  43   53]]
coarse acc: 0.933
coarse f1: 0.442
['rnd', 82, 'fold', 1, 'pr', 0.87440230757582227, 'roc', 0.85944030825496331]
[[1900   14]
 [  69   27]]
fine acc: 0.959
fine f1: 0.394
['rnd', 82, 'fold', 1, 'pr', 0.87310084689988232, 'roc', 0.85507553988157425]
1,82,coarse : 71.23 seconds
1,82,fine : 71.24 seconds
[[1826   88]
 [  42   54]]
coarse acc: 0.935
coarse f1: 0.454
['rnd', 83, 'fold', 1, 'pr', 0.87314099984983795, 'roc', 0.85743752176941834]
[[1899   15]
 [  69   27]]
fine acc: 0.958
fine f1: 0.391
['rnd', 83, 'fold', 1, 'pr', 0.87465337838814328, 'roc', 0.85700213340299547]
1,83,coarse : 71.03 seconds
1,83,fine : 71.03 seconds
[[1822   92]
 [  42   54]]
coarse acc: 0.933
coarse f1: 0.446
['rnd', 84, 'fold', 1, 'pr', 0.87497053683940496, 'roc', 0.85963623301985381]
[[1900   14]
 [  68   28]]
fine acc: 0.959
fine f1: 0.406
['rnd', 84, 'fold', 1, 'pr', 0.87072047834529698, 'roc', 0.8525938261929642]
1,84,coarse : 73.46 seconds
1,84,fine : 73.47 seconds
[[1822   92]
 [  42   54]]
coarse acc: 0.933
coarse f1: 0.446
['rnd', 85, 'fold', 1, 'pr', 0.87511532139213588, 'roc', 0.85886341866945315]
[[1900   14]
 [  68   28]]
fine acc: 0.959
fine f1: 0.406
['rnd', 85, 'fold', 1, 'pr', 0.86901995696051193, 'roc', 0.84914881574364331]
1,85,coarse : 75.09 seconds
1,85,fine : 75.1 seconds
[[1824   90]
 [  42   54]]
coarse acc: 0.934
coarse f1: 0.450
['rnd', 86, 'fold', 1, 'pr', 0.87538547518009635, 'roc', 0.85880355276906994]
[[1901   13]
 [  68   28]]
fine acc: 0.960
fine f1: 0.409
['rnd', 86, 'fold', 1, 'pr', 0.86931004348390473, 'roc', 0.84966583942877039]
1,86,coarse : 76.33 seconds
1,86,fine : 76.34 seconds
[[1821   93]
 [  44   52]]
coarse acc: 0.932
coarse f1: 0.432
['rnd', 87, 'fold', 1, 'pr', 0.87551419654290819, 'roc', 0.85851510797631492]
[[1900   14]
 [  69   27]]
fine acc: 0.959
fine f1: 0.394
['rnd', 87, 'fold', 1, 'pr', 0.86851349590434201, 'roc', 0.84847396377568796]
1,87,coarse : 77.61 seconds
1,87,fine : 77.62 seconds
[[1824   90]
 [  43   53]]
coarse acc: 0.934
coarse f1: 0.444
['rnd', 88, 'fold', 1, 'pr', 0.87673008884915549, 'roc', 0.86044714385231613]
[[1902   12]
 [  69   27]]
fine acc: 0.960
fine f1: 0.400
['rnd', 88, 'fold', 1, 'pr', 0.86964773174971222, 'roc', 0.85000870776732851]
1,88,coarse : 78.85 seconds
1,88,fine : 78.86 seconds
[[1822   92]
 [  42   54]]
coarse acc: 0.933
coarse f1: 0.446
['rnd', 89, 'fold', 1, 'pr', 0.87625680967184549, 'roc', 0.8596144636015326]
[[1900   14]
 [  70   26]]
fine acc: 0.958
fine f1: 0.382
['rnd', 89, 'fold', 1, 'pr', 0.87259875473003612, 'roc', 0.85387277951933127]
1,89,coarse : 79.99 seconds
1,89,fine : 80.0 seconds
[[1822   92]
 [  43   53]]
coarse acc: 0.933
coarse f1: 0.440
['rnd', 90, 'fold', 1, 'pr', 0.87627497456565917, 'roc', 0.85913009404388718]
[[1897   17]
 [  67   29]]
fine acc: 0.958
fine f1: 0.408
['rnd', 90, 'fold', 1, 'pr', 0.87191887014815272, 'roc', 0.85528234935562519]
1,90,coarse : 82.96 seconds
1,90,fine : 82.97 seconds
[[1823   91]
 [  42   54]]
coarse acc: 0.934
coarse f1: 0.448
['rnd', 91, 'fold', 1, 'pr', 0.8747306310711187, 'roc', 0.86009339080459779]
[[1897   17]
 [  66   30]]
fine acc: 0.959
fine f1: 0.420
['rnd', 91, 'fold', 1, 'pr', 0.8722140459285509, 'roc', 0.85501023162661094]
1,91,coarse : 84.05 seconds
1,91,fine : 84.09 seconds
[[1823   91]
 [  45   51]]
coarse acc: 0.932
coarse f1: 0.429
['rnd', 92, 'fold', 1, 'pr', 0.87538402345273403, 'roc', 0.85893961163357713]
[[1897   17]
 [  66   30]]
fine acc: 0.959
fine f1: 0.420
['rnd', 92, 'fold', 1, 'pr', 0.87365501415438895, 'roc', 0.85850422326715436]
1,92,coarse : 85.25 seconds
1,92,fine : 85.26 seconds
[[1819   95]
 [  45   51]]
coarse acc: 0.930
coarse f1: 0.421
['rnd', 93, 'fold', 1, 'pr', 0.87604367119772208, 'roc', 0.86155194183211425]
[[1896   18]
 [  65   31]]
fine acc: 0.959
fine f1: 0.428
['rnd', 93, 'fold', 1, 'pr', 0.87191544394165277, 'roc', 0.85433537965865558]
1,93,coarse : 85.89 seconds
1,93,fine : 85.9 seconds
[[1824   90]
 [  43   53]]
coarse acc: 0.934
coarse f1: 0.444
['rnd', 94, 'fold', 1, 'pr', 0.87497284754620264, 'roc', 0.85923894113549282]
[[1894   20]
 [  70   26]]
fine acc: 0.955
fine f1: 0.366
['rnd', 94, 'fold', 1, 'pr', 0.87461026561297328, 'roc', 0.85864572448624177]
1,94,coarse : 87.53 seconds
1,94,fine : 87.54 seconds
[[1823   91]
 [  44   52]]
coarse acc: 0.933
coarse f1: 0.435
['rnd', 95, 'fold', 1, 'pr', 0.8754228629524633, 'roc', 0.8598974660397074]
[[1895   19]
 [  69   27]]
fine acc: 0.956
fine f1: 0.380
['rnd', 95, 'fold', 1, 'pr', 0.87505466671104615, 'roc', 0.859391327063741]
1,95,coarse : 89.43 seconds
1,95,fine : 89.44 seconds
[[1822   92]
 [  44   52]]
coarse acc: 0.932
coarse f1: 0.433
['rnd', 96, 'fold', 1, 'pr', 0.87573212469923156, 'roc', 0.85860762800417978]
[[1894   20]
 [  69   27]]
fine acc: 0.956
fine f1: 0.378
['rnd', 96, 'fold', 1, 'pr', 0.87576996472438418, 'roc', 0.85903757401602232]
1,96,coarse : 89.48 seconds
1,96,fine : 89.49 seconds
[[1824   90]
 [  45   51]]
coarse acc: 0.933
coarse f1: 0.430
['rnd', 97, 'fold', 1, 'pr', 0.87637558237496405, 'roc', 0.85847701149425293]
[[1895   19]
 [  68   28]]
fine acc: 0.957
fine f1: 0.392
['rnd', 97, 'fold', 1, 'pr', 0.87665765830658537, 'roc', 0.85977229188436077]
1,97,coarse : 91.51 seconds
1,97,fine : 91.52 seconds
[[1821   93]
 [  44   52]]
coarse acc: 0.932
coarse f1: 0.432
['rnd', 98, 'fold', 1, 'pr', 0.87732703024242886, 'roc', 0.85991923545802851]
[[1898   16]
 [  68   28]]
fine acc: 0.958
fine f1: 0.400
['rnd', 98, 'fold', 1, 'pr', 0.87657560541421442, 'roc', 0.85733955938697315]
1,98,coarse : 92.25 seconds
1,98,fine : 92.26 seconds
[[1824   90]
 [  46   50]]
coarse acc: 0.932
coarse f1: 0.424
['rnd', 99, 'fold', 1, 'pr', 0.8780544934205059, 'roc', 0.86020768025078376]
[[1898   16]
 [  70   26]]
fine acc: 0.957
fine f1: 0.377
['rnd', 99, 'fold', 1, 'pr', 0.87656427762382327, 'roc', 0.85762800417972829]
1,99,coarse : 94.22 seconds
1,99,fine : 94.23 seconds
[[1824   90]
 [  43   53]]
coarse acc: 0.934
coarse f1: 0.444
['rnd', 100, 'fold', 1, 'pr', 0.87916984682101229, 'roc', 0.86147574886799028]
[[1898   16]
 [  72   24]]
fine acc: 0.956
fine f1: 0.353
['rnd', 100, 'fold', 1, 'pr', 0.87527986538266456, 'roc', 0.8555871212121211]
1,100,coarse : 96.92 seconds
1,100,fine : 96.93 seconds
[[1821   93]
 [  43   53]]
coarse acc: 0.932
coarse f1: 0.438
['rnd', 101, 'fold', 1, 'pr', 0.88044450142444708, 'roc', 0.86260231626610939]
[[1900   14]
 [  66   30]]
fine acc: 0.960
fine f1: 0.429
['rnd', 101, 'fold', 1, 'pr', 0.87511109768929851, 'roc', 0.85441157262277956]
1,101,coarse : 97.5 seconds
1,101,fine : 97.51 seconds
[[1824   90]
 [  44   52]]
coarse acc: 0.933
coarse f1: 0.437
['rnd', 102, 'fold', 1, 'pr', 0.87942184698973969, 'roc', 0.86079001219087425]
[[1899   15]
 [  68   28]]
fine acc: 0.959
fine f1: 0.403
['rnd', 102, 'fold', 1, 'pr', 0.87685712917113257, 'roc', 0.85673001567398133]
1,102,coarse : 98.35 seconds
1,102,fine : 98.36 seconds
[[1829   85]
 [  44   52]]
coarse acc: 0.936
coarse f1: 0.446
['rnd', 103, 'fold', 1, 'pr', 0.87995040788851397, 'roc', 0.86196556078021591]
[[1898   16]
 [  66   30]]
fine acc: 0.959
fine f1: 0.423
['rnd', 103, 'fold', 1, 'pr', 0.87643099253032153, 'roc', 0.85580481539533271]
1,103,coarse : 99.36 seconds
1,103,fine : 99.37 seconds
[[1827   87]
 [  44   52]]
coarse acc: 0.935
coarse f1: 0.443
['rnd', 104, 'fold', 1, 'pr', 0.88015554057432521, 'roc', 0.86261320097526994]
[[1898   16]
 [  70   26]]
fine acc: 0.957
fine f1: 0.377
['rnd', 104, 'fold', 1, 'pr', 0.87364599404854693, 'roc', 0.85226728491814696]
1,104,coarse : 100.96 seconds
1,104,fine : 100.97 seconds
[[1826   88]
 [  43   53]]
coarse acc: 0.935
coarse f1: 0.447
['rnd', 105, 'fold', 1, 'pr', 0.88123511080432293, 'roc', 0.86400644374782309]
[[1897   17]
 [  67   29]]
fine acc: 0.958
fine f1: 0.408
['rnd', 105, 'fold', 1, 'pr', 0.87465537837422602, 'roc', 0.85405781957506099]
1,105,coarse : 102.0 seconds
1,105,fine : 102.02 seconds
[[1825   89]
 [  44   52]]
coarse acc: 0.934
coarse f1: 0.439
['rnd', 106, 'fold', 1, 'pr', 0.88100901283374933, 'roc', 0.86413706025774994]
[[1897   17]
 [  68   28]]
fine acc: 0.958
fine f1: 0.397
['rnd', 106, 'fold', 1, 'pr', 0.87421126789665571, 'roc', 0.85502111633577149]
1,106,coarse : 103.92 seconds
1,106,fine : 103.93 seconds
[[1827   87]
 [  44   52]]
coarse acc: 0.935
coarse f1: 0.443
['rnd', 107, 'fold', 1, 'pr', 0.88387862400636308, 'roc', 0.86742424242424243]
[[1897   17]
 [  67   29]]
fine acc: 0.958
fine f1: 0.408
['rnd', 107, 'fold', 1, 'pr', 0.87398082100596941, 'roc', 0.8534156217345874]
1,107,coarse : 104.62 seconds
1,107,fine : 104.64 seconds
[[1828   86]
 [  44   52]]
coarse acc: 0.935
coarse f1: 0.444
['rnd', 108, 'fold', 1, 'pr', 0.88298159290903544, 'roc', 0.86670040926506453]
[[1896   18]
 [  67   29]]
fine acc: 0.958
fine f1: 0.406
['rnd', 108, 'fold', 1, 'pr', 0.87484206032261702, 'roc', 0.85596808603274122]
1,108,coarse : 105.81 seconds
1,108,fine : 105.82 seconds
[[1826   88]
 [  44   52]]
coarse acc: 0.934
coarse f1: 0.441
['rnd', 109, 'fold', 1, 'pr', 0.8827425230410999, 'roc', 0.86606909613375138]
[[1895   19]
 [  68   28]]
fine acc: 0.957
fine f1: 0.392
['rnd', 109, 'fold', 1, 'pr', 0.87490342998352177, 'roc', 0.85690417102055039]
1,109,coarse : 107.7 seconds
1,109,fine : 107.71 seconds
[[1827   87]
 [  44   52]]
coarse acc: 0.935
coarse f1: 0.443
['rnd', 110, 'fold', 1, 'pr', 0.88293724469032542, 'roc', 0.86594936433298497]
[[1897   17]
 [  68   28]]
fine acc: 0.958
fine f1: 0.397
['rnd', 110, 'fold', 1, 'pr', 0.87586763571940518, 'roc', 0.85720894287704641]
1,110,coarse : 108.12 seconds
1,110,fine : 108.13 seconds
[[1827   87]
 [  43   53]]
coarse acc: 0.935
coarse f1: 0.449
['rnd', 111, 'fold', 1, 'pr', 0.88304766387810962, 'roc', 0.86611807732497392]
[[1896   18]
 [  66   30]]
fine acc: 0.958
fine f1: 0.417
['rnd', 111, 'fold', 1, 'pr', 0.8768975840854607, 'roc', 0.85754092650644376]
1,111,coarse : 110.42 seconds
1,111,fine : 110.43 seconds
[[1830   84]
 [  43   53]]
coarse acc: 0.937
coarse f1: 0.455
['rnd', 112, 'fold', 1, 'pr', 0.8818592979718114, 'roc', 0.86507858760013923]
[[1896   18]
 [  66   30]]
fine acc: 0.958
fine f1: 0.417
['rnd', 112, 'fold', 1, 'pr', 0.87728053207079104, 'roc', 0.8588743033786137]
1,112,coarse : 110.72 seconds
1,112,fine : 110.74 seconds
[[1830   84]
 [  43   53]]
coarse acc: 0.937
coarse f1: 0.455
['rnd', 113, 'fold', 1, 'pr', 0.88201059236325918, 'roc', 0.86506226053639834]
[[1896   18]
 [  65   31]]
fine acc: 0.959
fine f1: 0.428
['rnd', 113, 'fold', 1, 'pr', 0.8764257413075347, 'roc', 0.85469457506095448]
1,113,coarse : 113.84 seconds
1,113,fine : 113.85 seconds
[[1830   84]
 [  43   53]]
coarse acc: 0.937
coarse f1: 0.455
['rnd', 114, 'fold', 1, 'pr', 0.88290439805736842, 'roc', 0.86635209857192619]
[[1897   17]
 [  66   30]]
fine acc: 0.959
fine f1: 0.420
['rnd', 114, 'fold', 1, 'pr', 0.87690381244441151, 'roc', 0.85535854231974928]
1,114,coarse : 115.14 seconds
1,114,fine : 115.15 seconds
[[1829   85]
 [  44   52]]
coarse acc: 0.936
coarse f1: 0.446
['rnd', 115, 'fold', 1, 'pr', 0.88373436343706291, 'roc', 0.86722287530477182]
[[1895   19]
 [  67   29]]
fine acc: 0.957
fine f1: 0.403
['rnd', 115, 'fold', 1, 'pr', 0.87422195655705204, 'roc', 0.85295846394984332]
1,115,coarse : 116.21 seconds
1,115,fine : 116.22 seconds
[[1828   86]
 [  43   53]]
coarse acc: 0.936
coarse f1: 0.451
['rnd', 116, 'fold', 1, 'pr', 0.8845303186288126, 'roc', 0.86727185649599448]
[[1896   18]
 [  66   30]]
fine acc: 0.958
fine f1: 0.417
['rnd', 116, 'fold', 1, 'pr', 0.87417961929167121, 'roc', 0.85098288923719967]
1,116,coarse : 118.78 seconds
1,116,fine : 118.79 seconds
[[1831   83]
 [  44   52]]
coarse acc: 0.937
coarse f1: 0.450
['rnd', 117, 'fold', 1, 'pr', 0.88573937031590566, 'roc', 0.86928008533611978]
[[1895   19]
 [  65   31]]
fine acc: 0.958
fine f1: 0.425
['rnd', 117, 'fold', 1, 'pr', 0.8726741010809913, 'roc', 0.84945358760013923]
1,117,coarse : 119.17 seconds
1,117,fine : 119.18 seconds
[[1830   84]
 [  43   53]]
coarse acc: 0.937
coarse f1: 0.455
['rnd', 118, 'fold', 1, 'pr', 0.88560570630056201, 'roc', 0.86898075583420398]
[[1892   22]
 [  64   32]]
fine acc: 0.957
fine f1: 0.427
['rnd', 118, 'fold', 1, 'pr', 0.87420556132347849, 'roc', 0.84952433820968321]
1,118,coarse : 122.25 seconds
1,118,fine : 122.26 seconds
[[1830   84]
 [  43   53]]
coarse acc: 0.937
coarse f1: 0.455
['rnd', 119, 'fold', 1, 'pr', 0.88227869580986684, 'roc', 0.86435475444096144]
[[1895   19]
 [  65   31]]
fine acc: 0.958
fine f1: 0.425
['rnd', 119, 'fold', 1, 'pr', 0.87212832790319827, 'roc', 0.84759774468826188]
1,119,coarse : 125.91 seconds
1,119,fine : 125.92 seconds
[[1828   86]
 [  43   53]]
coarse acc: 0.936
coarse f1: 0.451
['rnd', 120, 'fold', 1, 'pr', 0.88324358192693064, 'roc', 0.86538880181121558]
[[1897   17]
 [  65   31]]
fine acc: 0.959
fine f1: 0.431
['rnd', 120, 'fold', 1, 'pr', 0.87102907674023966, 'roc', 0.84666710205503304]
1,120,coarse : 127.25 seconds
1,120,fine : 127.26 seconds
[[1829   85]
 [  43   53]]
coarse acc: 0.936
coarse f1: 0.453
['rnd', 121, 'fold', 1, 'pr', 0.88314675477250804, 'roc', 0.86566636189481028]
[[1895   19]
 [  66   30]]
fine acc: 0.958
fine f1: 0.414
['rnd', 121, 'fold', 1, 'pr', 0.87258432478150816, 'roc', 0.84894744862417271]
1,121,coarse : 128.64 seconds
1,121,fine : 128.65 seconds
[[1828   86]
 [  43   53]]
coarse acc: 0.936
coarse f1: 0.451
['rnd', 122, 'fold', 1, 'pr', 0.88405292854851514, 'roc', 0.8664337338906305]
[[1893   21]
 [  64   32]]
fine acc: 0.958
fine f1: 0.430
['rnd', 122, 'fold', 1, 'pr', 0.86960444608335807, 'roc', 0.84432688958551017]
1,122,coarse : 132.18 seconds
1,122,fine : 132.19 seconds
[[1829   85]
 [  44   52]]
coarse acc: 0.936
coarse f1: 0.446
['rnd', 123, 'fold', 1, 'pr', 0.88576522765991372, 'roc', 0.86892633228840122]
[[1891   23]
 [  65   31]]
fine acc: 0.956
fine f1: 0.413
['rnd', 123, 'fold', 1, 'pr', 0.87214333880748707, 'roc', 0.84956243469174497]
1,123,coarse : 133.49 seconds
1,123,fine : 133.5 seconds
[[1829   85]
 [  44   52]]
coarse acc: 0.936
coarse f1: 0.446
['rnd', 124, 'fold', 1, 'pr', 0.88608793522476281, 'roc', 0.8690623911529084]
[[1893   21]
 [  63   33]]
fine acc: 0.958
fine f1: 0.440
['rnd', 124, 'fold', 1, 'pr', 0.87276265426563759, 'roc', 0.84881683211424575]
1,124,coarse : 135.84 seconds
1,124,fine : 135.85 seconds
[[1829   85]
 [  44   52]]
coarse acc: 0.936
coarse f1: 0.446
['rnd', 125, 'fold', 1, 'pr', 0.88684520860927929, 'roc', 0.86992772553117381]
[[1887   27]
 [  63   33]]
fine acc: 0.955
fine f1: 0.423
['rnd', 125, 'fold', 1, 'pr', 0.87265369910656843, 'roc', 0.8487841779867642]
1,125,coarse : 137.62 seconds
1,125,fine : 137.64 seconds
[[1828   86]
 [  44   52]]
coarse acc: 0.935
coarse f1: 0.444
['rnd', 126, 'fold', 1, 'pr', 0.88622007275167591, 'roc', 0.86959029954719613]
[[1888   26]
 [  63   33]]
fine acc: 0.956
fine f1: 0.426
['rnd', 126, 'fold', 1, 'pr', 0.87299313654860888, 'roc', 0.84953522291884376]
1,126,coarse : 139.15 seconds
1,126,fine : 139.16 seconds
[[1832   82]
 [  44   52]]
coarse acc: 0.937
coarse f1: 0.452
['rnd', 127, 'fold', 1, 'pr', 0.8849928854390896, 'roc', 0.86669496691048409]
[[1887   27]
 [  63   33]]
fine acc: 0.955
fine f1: 0.423
['rnd', 127, 'fold', 1, 'pr', 0.87335694240075712, 'roc', 0.85038967258794851]
1,127,coarse : 140.91 seconds
1,127,fine : 140.93 seconds
[[1832   82]
 [  43   53]]
coarse acc: 0.938
coarse f1: 0.459
['rnd', 128, 'fold', 1, 'pr', 0.88435102003493593, 'roc', 0.8656119383490074]
[[1888   26]
 [  65   31]]
fine acc: 0.955
fine f1: 0.405
['rnd', 128, 'fold', 1, 'pr', 0.86787145368754004, 'roc', 0.84333638105189823]
1,128,coarse : 142.41 seconds
1,128,fine : 142.42 seconds
[[1831   83]
 [  43   53]]
coarse acc: 0.937
coarse f1: 0.457
['rnd', 129, 'fold', 1, 'pr', 0.88531028975001003, 'roc', 0.86719022117729005]
[[1891   23]
 [  63   33]]
fine acc: 0.957
fine f1: 0.434
['rnd', 129, 'fold', 1, 'pr', 0.87307859831540058, 'roc', 0.84960053117380707]
1,129,coarse : 145.6 seconds
1,129,fine : 145.61 seconds
[[1834   80]
 [  43   53]]
coarse acc: 0.939
coarse f1: 0.463
['rnd', 130, 'fold', 1, 'pr', 0.88562222739759866, 'roc', 0.8672174329501916]
[[1892   22]
 [  63   33]]
fine acc: 0.958
fine f1: 0.437
['rnd', 130, 'fold', 1, 'pr', 0.87302626286273088, 'roc', 0.8496658394287705]
1,130,coarse : 146.49 seconds
1,130,fine : 146.51 seconds
[[1837   77]
 [  44   52]]
coarse acc: 0.940
coarse f1: 0.462
['rnd', 131, 'fold', 1, 'pr', 0.88678946161467254, 'roc', 0.86908960292580983]
[[1892   22]
 [  65   31]]
fine acc: 0.957
fine f1: 0.416
['rnd', 131, 'fold', 1, 'pr', 0.87115479683486474, 'roc', 0.84653104319052597]
1,131,coarse : 148.45 seconds
1,131,fine : 148.46 seconds
[[1837   77]
 [  43   53]]
coarse acc: 0.940
coarse f1: 0.469
['rnd', 132, 'fold', 1, 'pr', 0.88667275010518165, 'roc', 0.86917668059909448]
[[1889   25]
 [  63   33]]
fine acc: 0.956
fine f1: 0.429
['rnd', 132, 'fold', 1, 'pr', 0.87245940027259938, 'roc', 0.84743447405085337]
1,132,coarse : 150.18 seconds
1,132,fine : 150.19 seconds
[[1837   77]
 [  44   52]]
coarse acc: 0.940
coarse f1: 0.462
['rnd', 133, 'fold', 1, 'pr', 0.88721666048208681, 'roc', 0.86929097004528033]
[[1888   26]
 [  63   33]]
fine acc: 0.956
fine f1: 0.426
['rnd', 133, 'fold', 1, 'pr', 0.87255683016491914, 'roc', 0.84644940787182166]
1,133,coarse : 151.91 seconds
1,133,fine : 151.92 seconds
[[1839   75]
 [  45   51]]
coarse acc: 0.940
coarse f1: 0.459
['rnd', 134, 'fold', 1, 'pr', 0.88672730619499529, 'roc', 0.86935083594566342]
[[1887   27]
 [  63   33]]
fine acc: 0.955
fine f1: 0.423
['rnd', 134, 'fold', 1, 'pr', 0.87462361083522366, 'roc', 0.84872431208638099]
1,134,coarse : 153.58 seconds
1,134,fine : 153.6 seconds
[[1835   79]
 [  44   52]]
coarse acc: 0.939
coarse f1: 0.458
['rnd', 135, 'fold', 1, 'pr', 0.8867993900127964, 'roc', 0.86857257924068265]
[[1891   23]
 [  62   34]]
fine acc: 0.958
fine f1: 0.444
['rnd', 135, 'fold', 1, 'pr', 0.87450924240776029, 'roc', 0.84750522466039702]
1,135,coarse : 155.95 seconds
1,135,fine : 155.96 seconds
[[1835   79]
 [  43   53]]
coarse acc: 0.939
coarse f1: 0.465
['rnd', 136, 'fold', 1, 'pr', 0.88660216030075301, 'roc', 0.86847461685823757]
[[1891   23]
 [  62   34]]
fine acc: 0.958
fine f1: 0.444
['rnd', 136, 'fold', 1, 'pr', 0.87410434988046426, 'roc', 0.84652015848136553]
1,136,coarse : 157.35 seconds
1,136,fine : 157.36 seconds
[[1837   77]
 [  44   52]]
coarse acc: 0.940
coarse f1: 0.462
['rnd', 137, 'fold', 1, 'pr', 0.8867765479805586, 'roc', 0.86871952281435039]
[[1892   22]
 [  62   34]]
fine acc: 0.958
fine f1: 0.447
['rnd', 137, 'fold', 1, 'pr', 0.87434445689546392, 'roc', 0.8458561912225705]
1,137,coarse : 158.88 seconds
1,137,fine : 158.9 seconds
[[1834   80]
 [  43   53]]
coarse acc: 0.939
coarse f1: 0.463
['rnd', 138, 'fold', 1, 'pr', 0.8885875294951292, 'roc', 0.87113048589341691]
[[1891   23]
 [  63   33]]
fine acc: 0.957
fine f1: 0.434
['rnd', 138, 'fold', 1, 'pr', 0.87177631601060068, 'roc', 0.84424525426680597]
1,138,coarse : 160.47 seconds
1,138,fine : 160.48 seconds
[[1834   80]
 [  43   53]]
coarse acc: 0.939
coarse f1: 0.463
['rnd', 139, 'fold', 1, 'pr', 0.8876471699601598, 'roc', 0.86929097004528033]
[[1889   25]
 [  60   36]]
fine acc: 0.958
fine f1: 0.459
['rnd', 139, 'fold', 1, 'pr', 0.87364165965055274, 'roc', 0.84538814872866597]
1,139,coarse : 162.45 seconds
1,139,fine : 162.46 seconds
[[1836   78]
 [  42   54]]
coarse acc: 0.940
coarse f1: 0.474
['rnd', 140, 'fold', 1, 'pr', 0.8880842852198112, 'roc', 0.87052094218042486]
[[1891   23]
 [  62   34]]
fine acc: 0.958
fine f1: 0.444
['rnd', 140, 'fold', 1, 'pr', 0.87230269055492315, 'roc', 0.84458268025078376]
1,140,coarse : 163.47 seconds
1,140,fine : 163.49 seconds
[[1835   79]
 [  43   53]]
coarse acc: 0.939
coarse f1: 0.465
['rnd', 141, 'fold', 1, 'pr', 0.89014374280296671, 'roc', 0.87418908916753746]
[[1888   26]
 [  58   38]]
fine acc: 0.958
fine f1: 0.475
['rnd', 141, 'fold', 1, 'pr', 0.87426104754278244, 'roc', 0.84582897944966906]
1,141,coarse : 166.65 seconds
1,141,fine : 166.67 seconds
[[1837   77]
 [  43   53]]
coarse acc: 0.940
coarse f1: 0.469
['rnd', 142, 'fold', 1, 'pr', 0.89041717675937748, 'roc', 0.87521769418321138]
[[1888   26]
 [  60   36]]
fine acc: 0.957
fine f1: 0.456
['rnd', 142, 'fold', 1, 'pr', 0.87112342412736432, 'roc', 0.84303705154998265]
1,142,coarse : 167.98 seconds
1,142,fine : 167.99 seconds
[[1836   78]
 [  43   53]]
coarse acc: 0.940
coarse f1: 0.467
['rnd', 143, 'fold', 1, 'pr', 0.8905513673155091, 'roc', 0.87539184952978066]
[[1888   26]
 [  61   35]]
fine acc: 0.957
fine f1: 0.446
['rnd', 143, 'fold', 1, 'pr', 0.87242404503310156, 'roc', 0.84402756008359447]
1,143,coarse : 169.83 seconds
1,143,fine : 169.85 seconds
[[1836   78]
 [  42   54]]
coarse acc: 0.940
coarse f1: 0.474
['rnd', 144, 'fold', 1, 'pr', 0.88954137194810923, 'roc', 0.8737754702194358]
[[1892   22]
 [  59   37]]
fine acc: 0.960
fine f1: 0.477
['rnd', 144, 'fold', 1, 'pr', 0.87363518767866477, 'roc', 0.84241118077324972]
1,144,coarse : 174.47 seconds
1,144,fine : 174.48 seconds
[[1832   82]
 [  39   57]]
coarse acc: 0.940
coarse f1: 0.485
['rnd', 145, 'fold', 1, 'pr', 0.89116558485552888, 'roc', 0.87597418146987116]
[[1888   26]
 [  58   38]]
fine acc: 0.958
fine f1: 0.475
['rnd', 145, 'fold', 1, 'pr', 0.8747739438210087, 'roc', 0.84654192789968663]
1,145,coarse : 176.49 seconds
1,145,fine : 176.5 seconds
[[1835   79]
 [  40   56]]
coarse acc: 0.941
coarse f1: 0.485
['rnd', 146, 'fold', 1, 'pr', 0.89174027565673697, 'roc', 0.8765456287008011]
[[1888   26]
 [  58   38]]
fine acc: 0.958
fine f1: 0.475
['rnd', 146, 'fold', 1, 'pr', 0.8739709368635008, 'roc', 0.84426702368512718]
1,146,coarse : 177.77 seconds
1,146,fine : 177.78 seconds
[[1832   82]
 [  40   56]]
coarse acc: 0.939
coarse f1: 0.479
['rnd', 147, 'fold', 1, 'pr', 0.89198451018409319, 'roc', 0.87702999825844652]
[[1887   27]
 [  59   37]]
fine acc: 0.957
fine f1: 0.463
['rnd', 147, 'fold', 1, 'pr', 0.87433871326651569, 'roc', 0.84540447579240685]
1,147,coarse : 179.05 seconds
1,147,fine : 179.07 seconds
[[1835   79]
 [  41   55]]
coarse acc: 0.940
coarse f1: 0.478
['rnd', 148, 'fold', 1, 'pr', 0.89163833975239271, 'roc', 0.87643678160919536]
[[1888   26]
 [  60   36]]
fine acc: 0.957
fine f1: 0.456
['rnd', 148, 'fold', 1, 'pr', 0.87431575750681179, 'roc', 0.84550788052943227]
1,148,coarse : 180.87 seconds
1,148,fine : 180.89 seconds
[[1835   79]
 [  41   55]]
coarse acc: 0.940
coarse f1: 0.478
['rnd', 149, 'fold', 1, 'pr', 0.89171699527492243, 'roc', 0.87518504005572972]
[[1885   29]
 [  59   37]]
fine acc: 0.956
fine f1: 0.457
['rnd', 149, 'fold', 1, 'pr', 0.87433432157480018, 'roc', 0.84603578892372]
1,149,coarse : 182.07 seconds
1,149,fine : 182.08 seconds
[[1836   78]
 [  41   55]]
coarse acc: 0.941
coarse f1: 0.480
['rnd', 150, 'fold', 1, 'pr', 0.89106645812070706, 'roc', 0.87519048241031006]
[[1885   29]
 [  60   36]]
fine acc: 0.956
fine f1: 0.447
['rnd', 150, 'fold', 1, 'pr', 0.87553933555619912, 'roc', 0.84562216997561834]
1,150,coarse : 186.77 seconds
1,150,fine : 186.79 seconds
[[1837   77]
 [  41   55]]
coarse acc: 0.941
coarse f1: 0.482
['rnd', 151, 'fold', 1, 'pr', 0.89188890295807499, 'roc', 0.87547348484848497]
[[1884   30]
 [  60   36]]
fine acc: 0.955
fine f1: 0.444
['rnd', 151, 'fold', 1, 'pr', 0.8762580077225337, 'roc', 0.84988353361198188]
1,151,coarse : 187.31 seconds
1,151,fine : 187.32 seconds
[[1837   77]
 [  40   56]]
coarse acc: 0.942
coarse f1: 0.489
['rnd', 152, 'fold', 1, 'pr', 0.89342694777129217, 'roc', 0.87744905956112851]
[[1885   29]
 [  59   37]]
fine acc: 0.956
fine f1: 0.457
['rnd', 152, 'fold', 1, 'pr', 0.87681573826587123, 'roc', 0.84874063915012188]
1,152,coarse : 189.56 seconds
1,152,fine : 189.57 seconds
[[1835   79]
 [  40   56]]
coarse acc: 0.941
coarse f1: 0.485
['rnd', 153, 'fold', 1, 'pr', 0.8932380194511832, 'roc', 0.87642045454545459]
[[1888   26]
 [  58   38]]
fine acc: 0.958
fine f1: 0.475
['rnd', 153, 'fold', 1, 'pr', 0.8772064368789082, 'roc', 0.8490073145245558]
1,153,coarse : 191.35 seconds
1,153,fine : 191.36 seconds
[[1838   76]
 [  41   55]]
coarse acc: 0.942
coarse f1: 0.485
['rnd', 154, 'fold', 1, 'pr', 0.89411875423885134, 'roc', 0.87841235632183901]
[[1887   27]
 [  61   35]]
fine acc: 0.956
fine f1: 0.443
['rnd', 154, 'fold', 1, 'pr', 0.87757922068623406, 'roc', 0.84950801114594221]
1,154,coarse : 193.5 seconds
1,154,fine : 193.51 seconds
[[1840   74]
 [  40   56]]
coarse acc: 0.943
coarse f1: 0.496
['rnd', 155, 'fold', 1, 'pr', 0.89336092821366464, 'roc', 0.87613200975269945]
[[1889   25]
 [  60   36]]
fine acc: 0.958
fine f1: 0.459
['rnd', 155, 'fold', 1, 'pr', 0.87795293379491091, 'roc', 0.84920868164402652]
1,155,coarse : 196.04 seconds
1,155,fine : 196.05 seconds
[[1838   76]
 [  40   56]]
coarse acc: 0.942
coarse f1: 0.491
['rnd', 156, 'fold', 1, 'pr', 0.89257269566343067, 'roc', 0.87589798850574707]
[[1887   27]
 [  60   36]]
fine acc: 0.957
fine f1: 0.453
['rnd', 156, 'fold', 1, 'pr', 0.87641453978522865, 'roc', 0.84595415360501569]
1,156,coarse : 198.33 seconds
1,156,fine : 198.35 seconds
[[1839   75]
 [  41   55]]
coarse acc: 0.942
coarse f1: 0.487
['rnd', 157, 'fold', 1, 'pr', 0.89267758226481408, 'roc', 0.87639324277255315]
[[1888   26]
 [  58   38]]
fine acc: 0.958
fine f1: 0.475
['rnd', 157, 'fold', 1, 'pr', 0.87690692517936752, 'roc', 0.84835967432950188]
1,157,coarse : 200.12 seconds
1,157,fine : 200.13 seconds
[[1844   70]
 [  40   56]]
coarse acc: 0.945
coarse f1: 0.505
['rnd', 158, 'fold', 1, 'pr', 0.89324137764904377, 'roc', 0.87288836642284906]
[[1888   26]
 [  57   39]]
fine acc: 0.959
fine f1: 0.484
['rnd', 158, 'fold', 1, 'pr', 0.8809254817525205, 'roc', 0.85132575757575746]
1,158,coarse : 201.51 seconds
1,158,fine : 201.53 seconds
[[1843   71]
 [  40   56]]
coarse acc: 0.945
coarse f1: 0.502
['rnd', 159, 'fold', 1, 'pr', 0.89293926452284322, 'roc', 0.87265978753047724]
[[1891   23]
 [  57   39]]
fine acc: 0.960
fine f1: 0.494
['rnd', 159, 'fold', 1, 'pr', 0.8804899628562719, 'roc', 0.84869165795889934]
1,159,coarse : 203.22 seconds
1,159,fine : 203.24 seconds
[[1843   71]
 [  41   55]]
coarse acc: 0.944
coarse f1: 0.495
['rnd', 160, 'fold', 1, 'pr', 0.89422928252112288, 'roc', 0.87393874085684431]
[[1890   24]
 [  57   39]]
fine acc: 0.960
fine f1: 0.491
['rnd', 160, 'fold', 1, 'pr', 0.88019119329349871, 'roc', 0.84862634970393591]
1,160,coarse : 206.34 seconds
1,160,fine : 206.35 seconds
[[1841   73]
 [  41   55]]
coarse acc: 0.943
coarse f1: 0.491
['rnd', 161, 'fold', 1, 'pr', 0.89384746040080776, 'roc', 0.87471699756182508]
[[1889   25]
 [  58   38]]
fine acc: 0.959
fine f1: 0.478
['rnd', 161, 'fold', 1, 'pr', 0.88119458642598669, 'roc', 0.85018286311389757]
1,161,coarse : 207.38 seconds
1,161,fine : 207.39 seconds
[[1843   71]
 [  40   56]]
coarse acc: 0.945
coarse f1: 0.502
['rnd', 162, 'fold', 1, 'pr', 0.89347355300216691, 'roc', 0.87313327237896199]
[[1888   26]
 [  56   40]]
fine acc: 0.959
fine f1: 0.494
['rnd', 162, 'fold', 1, 'pr', 0.88356166206524844, 'roc', 0.85484151863462199]
1,162,coarse : 210.88 seconds
1,162,fine : 210.9 seconds
[[1843   71]
 [  41   55]]
coarse acc: 0.944
coarse f1: 0.495
['rnd', 163, 'fold', 1, 'pr', 0.89308707272017673, 'roc', 0.8732366771159874]
[[1888   26]
 [  56   40]]
fine acc: 0.959
fine f1: 0.494
['rnd', 163, 'fold', 1, 'pr', 0.88196510199907308, 'roc', 0.85343739115290851]
1,163,coarse : 213.93 seconds
1,163,fine : 213.95 seconds
[[1842   72]
 [  40   56]]
coarse acc: 0.944
coarse f1: 0.500
['rnd', 164, 'fold', 1, 'pr', 0.89368586627703683, 'roc', 0.87274142284918144]
[[1888   26]
 [  57   39]]
fine acc: 0.959
fine f1: 0.484
['rnd', 164, 'fold', 1, 'pr', 0.88215504725300997, 'roc', 0.85300744514106586]
1,164,coarse : 215.23 seconds
1,164,fine : 215.25 seconds
[[1844   70]
 [  40   56]]
coarse acc: 0.945
coarse f1: 0.505
['rnd', 165, 'fold', 1, 'pr', 0.89426629633671129, 'roc', 0.87427616684082188]
[[1890   24]
 [  57   39]]
fine acc: 0.960
fine f1: 0.491
['rnd', 165, 'fold', 1, 'pr', 0.88485571835299415, 'roc', 0.85772052420759315]
1,165,coarse : 220.2 seconds
1,165,fine : 220.22 seconds
[[1843   71]
 [  39   57]]
coarse acc: 0.945
coarse f1: 0.509
['rnd', 166, 'fold', 1, 'pr', 0.89303307173316937, 'roc', 0.87236045802856144]
[[1890   24]
 [  57   39]]
fine acc: 0.960
fine f1: 0.491
['rnd', 166, 'fold', 1, 'pr', 0.88628105775072807, 'roc', 0.86120363113897591]
1,166,coarse : 222.15 seconds
1,166,fine : 222.16 seconds
[[1844   70]
 [  39   57]]
coarse acc: 0.946
coarse f1: 0.511
['rnd', 167, 'fold', 1, 'pr', 0.89338840463910285, 'roc', 0.87326933124346917]
[[1888   26]
 [  57   39]]
fine acc: 0.959
fine f1: 0.484
['rnd', 167, 'fold', 1, 'pr', 0.88291936160122575, 'roc', 0.85843891501219083]
1,167,coarse : 224.9 seconds
1,167,fine : 224.91 seconds
[[1841   73]
 [  41   55]]
coarse acc: 0.943
coarse f1: 0.491
['rnd', 168, 'fold', 1, 'pr', 0.89417930097744436, 'roc', 0.87485305642633227]
[[1887   27]
 [  57   39]]
fine acc: 0.958
fine f1: 0.481
['rnd', 168, 'fold', 1, 'pr', 0.88394638692746141, 'roc', 0.85998998606757238]
1,168,coarse : 227.5 seconds
1,168,fine : 227.51 seconds
[[1842   72]
 [  42   54]]
coarse acc: 0.943
coarse f1: 0.486
['rnd', 169, 'fold', 1, 'pr', 0.89668145096336727, 'roc', 0.87653474399164055]
[[1888   26]
 [  57   39]]
fine acc: 0.959
fine f1: 0.484
['rnd', 169, 'fold', 1, 'pr', 0.88235903737960397, 'roc', 0.85800352664576796]
1,169,coarse : 230.81 seconds
1,169,fine : 230.83 seconds
[[1842   72]
 [  40   56]]
coarse acc: 0.944
coarse f1: 0.500
['rnd', 170, 'fold', 1, 'pr', 0.89527570631635756, 'roc', 0.87460815047021945]
[[1888   26]
 [  58   38]]
fine acc: 0.958
fine f1: 0.475
['rnd', 170, 'fold', 1, 'pr', 0.88247778056872672, 'roc', 0.85688240160222928]
1,170,coarse : 231.85 seconds
1,170,fine : 231.87 seconds
[[1843   71]
 [  40   56]]
coarse acc: 0.945
coarse f1: 0.502
['rnd', 171, 'fold', 1, 'pr', 0.89509046939453074, 'roc', 0.87342715952629735]
[[1887   27]
 [  57   39]]
fine acc: 0.958
fine f1: 0.481
['rnd', 171, 'fold', 1, 'pr', 0.88536898315654167, 'roc', 0.86192746429815392]
1,171,coarse : 234.14 seconds
1,171,fine : 234.15 seconds
[[1843   71]
 [  41   55]]
coarse acc: 0.944
coarse f1: 0.495
['rnd', 172, 'fold', 1, 'pr', 0.89594147032992333, 'roc', 0.87537552246603978]
[[1888   26]
 [  59   37]]
fine acc: 0.958
fine f1: 0.465
['rnd', 172, 'fold', 1, 'pr', 0.88562329717618349, 'roc', 0.86325539881574376]
1,172,coarse : 230.45 seconds
1,172,fine : 230.46 seconds
