home
all           0      1    2    3    4    5    6    7    8    
1      2010   1914   1    19   32   19   1    11   6    7    
2      2010   1914   1    19   32   19   1    11   6    7    
3      2010   1914   1    19   32   19   1    11   5    8    
4      2010   1914   1    19   32   19   1    10   6    8    
5      2010   1914   1    18   33   19   1    10   6    8    
6      2010   1914   1    18   33   19   1    10   6    8    
7      2010   1913   2    18   33   19   1    10   6    8    
8      2010   1913   2    18   33   19   1    10   6    8    
9      2009   1913   2    18   32   19   2    10   6    7    
10     2009   1913   1    19   32   19   1    11   6    7    
Total  20098  19136  13   185  324  190  11   104  59   76   
train         0      1    2    3    4    5    6    7    8    
1      2010   1914   1    19   32   19   1    11   6    7    
2      2010   1914   1    19   32   19   1    11   6    7    
3      2010   1914   1    19   32   19   1    11   5    8    
4      2010   1914   1    19   32   19   1    10   6    8    
6      2010   1914   1    18   33   19   1    10   6    8    
7      2010   1913   2    18   33   19   1    10   6    8    
8      2010   1913   2    18   33   19   1    10   6    8    
9      2009   1913   2    18   32   19   2    10   6    7    
10     2009   1913   1    19   32   19   1    11   6    7    
Total  18088  17222  12   167  291  171  10   94   53   68   
test          0      1    2    3    4    5    6    7    8    
5      2010   1914   1    18   33   19   1    10   6    8    
Total  2010   1914   1    18   33   19   1    10   6    8    
Classes             
0         17222     
1         12        
2         167       
3         291       
4         171       
5         10        
6         94        
7         53        
8         68        
Total     18088     

Shape: 450       

[952, 10, 11, 16, 11, 10, 10, 10, 10]
Sum start => 1040
[[1840   74]
 [  66   30]]
coarse acc: 0.930
coarse f1: 0.300
['rnd', 1, 'fold', 5, 'pr', 0.81133733369486549, 'roc', 0.79551985370950884]
[[1914    0]
 [  94    2]]
fine acc: 0.953
fine f1: 0.041
['rnd', 1, 'fold', 5, 'pr', 0.77481273971677989, 'roc', 0.76604406130268199]
5,1,coarse : 29.69 seconds
5,1,fine : 29.69 seconds
[[1840   74]
 [  66   30]]
coarse acc: 0.930
coarse f1: 0.300
['rnd', 2, 'fold', 5, 'pr', 0.81133733369486549, 'roc', 0.79551985370950884]
[[1914    0]
 [  94    2]]
fine acc: 0.953
fine f1: 0.041
['rnd', 2, 'fold', 5, 'pr', 0.77481273971677989, 'roc', 0.76604406130268199]
5,2,coarse : 33.56 seconds
5,2,fine : 33.56 seconds
[[1860   54]
 [  65   31]]
coarse acc: 0.941
coarse f1: 0.343
['rnd', 3, 'fold', 5, 'pr', 0.82820841714581839, 'roc', 0.80567528735632188]
[[1912    2]
 [  93    3]]
fine acc: 0.953
fine f1: 0.059
['rnd', 3, 'fold', 5, 'pr', 0.78151811048245023, 'roc', 0.75757575757575768]
5,3,coarse : 50.91 seconds
5,3,fine : 50.91 seconds
[[1852   62]
 [  62   34]]
coarse acc: 0.938
coarse f1: 0.354
['rnd', 4, 'fold', 5, 'pr', 0.83813017819920232, 'roc', 0.81259796238244519]
[[1906    8]
 [  83   13]]
fine acc: 0.955
fine f1: 0.222
['rnd', 4, 'fold', 5, 'pr', 0.78480087857626746, 'roc', 0.75036463775687912]
5,4,coarse : 54.86 seconds
5,4,fine : 54.86 seconds
[[1864   50]
 [  61   35]]
coarse acc: 0.945
coarse f1: 0.387
['rnd', 5, 'fold', 5, 'pr', 0.84215678653624837, 'roc', 0.81061150296064088]
[[1908    6]
 [  80   16]]
fine acc: 0.957
fine f1: 0.271
['rnd', 5, 'fold', 5, 'pr', 0.80418332803363946, 'roc', 0.76809582897944961]
5,5,coarse : 60.24 seconds
5,5,fine : 60.24 seconds
[[1857   57]
 [  61   35]]
coarse acc: 0.941
coarse f1: 0.372
['rnd', 6, 'fold', 5, 'pr', 0.83909956746418146, 'roc', 0.80934343434343436]
[[1903   11]
 [  78   18]]
fine acc: 0.956
fine f1: 0.288
['rnd', 6, 'fold', 5, 'pr', 0.79153533327552372, 'roc', 0.74765978753047724]
5,6,coarse : 63.65 seconds
5,6,fine : 63.65 seconds
[[1869   45]
 [  60   36]]
coarse acc: 0.948
coarse f1: 0.407
['rnd', 7, 'fold', 5, 'pr', 0.84753267115374942, 'roc', 0.81830154998258431]
[[1898   16]
 [  77   19]]
fine acc: 0.954
fine f1: 0.290
['rnd', 7, 'fold', 5, 'pr', 0.79486159795477196, 'roc', 0.75771725879484508]
5,7,coarse : 68.53 seconds
5,7,fine : 68.54 seconds
[[1868   46]
 [  63   33]]
coarse acc: 0.946
coarse f1: 0.377
['rnd', 8, 'fold', 5, 'pr', 0.83607501919186011, 'roc', 0.80473920236851282]
[[1902   12]
 [  76   20]]
fine acc: 0.956
fine f1: 0.312
['rnd', 8, 'fold', 5, 'pr', 0.7950655297105842, 'roc', 0.74552638453500519]
5,8,coarse : 72.88 seconds
5,8,fine : 72.88 seconds
[[1862   52]
 [  59   37]]
coarse acc: 0.945
coarse f1: 0.400
['rnd', 9, 'fold', 5, 'pr', 0.83805728180400618, 'roc', 0.80352555729710906]
[[1901   13]
 [  77   19]]
fine acc: 0.955
fine f1: 0.297
['rnd', 9, 'fold', 5, 'pr', 0.7999444416688053, 'roc', 0.75152930163706033]
5,9,coarse : 76.88 seconds
5,9,fine : 76.88 seconds
[[1870   44]
 [  61   35]]
coarse acc: 0.948
coarse f1: 0.400
['rnd', 10, 'fold', 5, 'pr', 0.83882390659893336, 'roc', 0.7952314089167537]
[[1905    9]
 [  77   19]]
fine acc: 0.957
fine f1: 0.306
['rnd', 10, 'fold', 5, 'pr', 0.81415833898168111, 'roc', 0.76527124695228155]
5,10,coarse : 81.67 seconds
5,10,fine : 81.67 seconds
[[1868   46]
 [  61   35]]
coarse acc: 0.947
coarse f1: 0.395
['rnd', 11, 'fold', 5, 'pr', 0.83374117470240183, 'roc', 0.79137277951933127]
[[1904   10]
 [  75   21]]
fine acc: 0.958
fine f1: 0.331
['rnd', 11, 'fold', 5, 'pr', 0.82205938752035101, 'roc', 0.77293408220132365]
5,11,coarse : 87.38 seconds
5,11,fine : 87.38 seconds
[[1871   43]
 [  61   35]]
coarse acc: 0.948
coarse f1: 0.402
['rnd', 12, 'fold', 5, 'pr', 0.83752213332579806, 'roc', 0.79155237722048077]
[[1902   12]
 [  75   21]]
fine acc: 0.957
fine f1: 0.326
['rnd', 12, 'fold', 5, 'pr', 0.82311477014801859, 'roc', 0.77355451062347613]
5,12,coarse : 91.46 seconds
5,12,fine : 91.46 seconds
[[1861   53]
 [  57   39]]
coarse acc: 0.945
coarse f1: 0.415
['rnd', 13, 'fold', 5, 'pr', 0.84859249912480028, 'roc', 0.80369971264367823]
[[1907    7]
 [  76   20]]
fine acc: 0.959
fine f1: 0.325
['rnd', 13, 'fold', 5, 'pr', 0.82526134487850655, 'roc', 0.78111938349007315]
5,13,coarse : 94.57 seconds
5,13,fine : 94.58 seconds
[[1865   49]
 [  60   36]]
coarse acc: 0.946
coarse f1: 0.398
['rnd', 14, 'fold', 5, 'pr', 0.84730707131217142, 'roc', 0.80938153082549624]
[[1908    6]
 [  75   21]]
fine acc: 0.960
fine f1: 0.341
['rnd', 14, 'fold', 5, 'pr', 0.82757524077565536, 'roc', 0.78171804249390453]
5,14,coarse : 98.48 seconds
5,14,fine : 98.48 seconds
[[1869   45]
 [  61   35]]
coarse acc: 0.947
coarse f1: 0.398
['rnd', 15, 'fold', 5, 'pr', 0.84681585261295478, 'roc', 0.8134632967607105]
[[1903   11]
 [  76   20]]
fine acc: 0.957
fine f1: 0.315
['rnd', 15, 'fold', 5, 'pr', 0.82437743858253854, 'roc', 0.78295889933820983]
5,15,coarse : 102.43 seconds
5,15,fine : 102.43 seconds
[[1869   45]
 [  63   33]]
coarse acc: 0.946
coarse f1: 0.379
['rnd', 16, 'fold', 5, 'pr', 0.84938842198574949, 'roc', 0.80847809996516906]
[[1906    8]
 [  75   21]]
fine acc: 0.959
fine f1: 0.336
['rnd', 16, 'fold', 5, 'pr', 0.83340708429255872, 'roc', 0.79551985370950895]
5,16,coarse : 105.84 seconds
5,16,fine : 105.84 seconds
[[1871   43]
 [  59   37]]
coarse acc: 0.949
coarse f1: 0.420
['rnd', 17, 'fold', 5, 'pr', 0.85405322500633851, 'roc', 0.8175559474050853]
[[1905    9]
 [  75   21]]
fine acc: 0.958
fine f1: 0.333
['rnd', 17, 'fold', 5, 'pr', 0.84161551609190932, 'roc', 0.80466845175896895]
5,17,coarse : 109.85 seconds
5,17,fine : 109.86 seconds
[[1876   38]
 [  60   36]]
coarse acc: 0.951
coarse f1: 0.424
['rnd', 18, 'fold', 5, 'pr', 0.85758706781706651, 'roc', 0.82528409090909083]
[[1905    9]
 [  75   21]]
fine acc: 0.958
fine f1: 0.333
['rnd', 18, 'fold', 5, 'pr', 0.84544197549850097, 'roc', 0.80833659874608144]
5,18,coarse : 111.94 seconds
5,18,fine : 111.95 seconds
[[1872   42]
 [  60   36]]
coarse acc: 0.949
coarse f1: 0.414
['rnd', 19, 'fold', 5, 'pr', 0.85852294218274805, 'roc', 0.82467454719609889]
[[1906    8]
 [  75   21]]
fine acc: 0.959
fine f1: 0.336
['rnd', 19, 'fold', 5, 'pr', 0.84739166425639045, 'roc', 0.81075844653430862]
5,19,coarse : 114.77 seconds
5,19,fine : 114.77 seconds
[[1877   37]
 [  58   38]]
coarse acc: 0.953
coarse f1: 0.444
['rnd', 20, 'fold', 5, 'pr', 0.85956933201548469, 'roc', 0.82488679902472994]
[[1903   11]
 [  74   22]]
fine acc: 0.958
fine f1: 0.341
['rnd', 20, 'fold', 5, 'pr', 0.85054098267466449, 'roc', 0.8141435910832463]
5,20,coarse : 118.61 seconds
5,20,fine : 118.62 seconds
[[1876   38]
 [  60   36]]
coarse acc: 0.951
coarse f1: 0.424
['rnd', 21, 'fold', 5, 'pr', 0.85944439683405915, 'roc', 0.82491401079763149]
[[1904   10]
 [  72   24]]
fine acc: 0.959
fine f1: 0.369
['rnd', 21, 'fold', 5, 'pr', 0.85538990768020007, 'roc', 0.82101728491814685]
5,21,coarse : 120.71 seconds
5,21,fine : 120.72 seconds
[[1875   39]
 [  59   37]]
coarse acc: 0.951
coarse f1: 0.430
['rnd', 22, 'fold', 5, 'pr', 0.86101620389320654, 'roc', 0.82672087251828641]
[[1905    9]
 [  73   23]]
fine acc: 0.959
fine f1: 0.359
['rnd', 22, 'fold', 5, 'pr', 0.85668714671411883, 'roc', 0.82183363810518995]
5,22,coarse : 124.57 seconds
5,22,fine : 124.57 seconds
[[1875   39]
 [  60   36]]
coarse acc: 0.951
coarse f1: 0.421
['rnd', 23, 'fold', 5, 'pr', 0.86509240882313376, 'roc', 0.83301223441309646]
[[1904   10]
 [  72   24]]
fine acc: 0.959
fine f1: 0.369
['rnd', 23, 'fold', 5, 'pr', 0.8579534882950075, 'roc', 0.82362961511668409]
5,23,coarse : 128.31 seconds
5,23,fine : 128.32 seconds
[[1872   42]
 [  58   38]]
coarse acc: 0.950
coarse f1: 0.432
['rnd', 24, 'fold', 5, 'pr', 0.86125876530571133, 'roc', 0.82420106234761392]
[[1902   12]
 [  71   25]]
fine acc: 0.959
fine f1: 0.376
['rnd', 24, 'fold', 5, 'pr', 0.85770721386959892, 'roc', 0.82103905433646807]
5,24,coarse : 131.84 seconds
5,24,fine : 131.84 seconds
[[1877   37]
 [  58   38]]
coarse acc: 0.953
coarse f1: 0.444
['rnd', 25, 'fold', 5, 'pr', 0.86486434777027044, 'roc', 0.82871821664925116]
[[1901   13]
 [  71   25]]
fine acc: 0.958
fine f1: 0.373
['rnd', 25, 'fold', 5, 'pr', 0.85924608522116852, 'roc', 0.82388540578195757]
5,25,coarse : 132.88 seconds
5,25,fine : 132.89 seconds
[[1873   41]
 [  57   39]]
coarse acc: 0.951
coarse f1: 0.443
['rnd', 26, 'fold', 5, 'pr', 0.86618292224524185, 'roc', 0.83029105712295359]
[[1901   13]
 [  71   25]]
fine acc: 0.958
fine f1: 0.373
['rnd', 26, 'fold', 5, 'pr', 0.85812438248293765, 'roc', 0.81857911006617901]
5,26,coarse : 137.42 seconds
5,26,fine : 137.42 seconds
[[1875   39]
 [  58   38]]
coarse acc: 0.952
coarse f1: 0.439
['rnd', 27, 'fold', 5, 'pr', 0.8674055849141975, 'roc', 0.83246799895506784]
[[1898   16]
 [  69   27]]
fine acc: 0.958
fine f1: 0.388
['rnd', 27, 'fold', 5, 'pr', 0.86122803617915022, 'roc', 0.81980908220132354]
5,27,coarse : 141.39 seconds
5,27,fine : 141.4 seconds
[[1873   41]
 [  59   37]]
coarse acc: 0.950
coarse f1: 0.425
['rnd', 28, 'fold', 5, 'pr', 0.87082453334068421, 'roc', 0.83651711076280044]
[[1901   13]
 [  70   26]]
fine acc: 0.959
fine f1: 0.385
['rnd', 28, 'fold', 5, 'pr', 0.86565802543360193, 'roc', 0.82765695750609558]
5,28,coarse : 145.24 seconds
5,28,fine : 145.25 seconds
[[1874   40]
 [  56   40]]
coarse acc: 0.952
coarse f1: 0.455
['rnd', 29, 'fold', 5, 'pr', 0.87056050865382106, 'roc', 0.83366531696273083]
[[1900   14]
 [  70   26]]
fine acc: 0.958
fine f1: 0.382
['rnd', 29, 'fold', 5, 'pr', 0.8651735383695035, 'roc', 0.82581199930337867]
5,29,coarse : 147.53 seconds
5,29,fine : 147.53 seconds
[[1871   43]
 [  55   41]]
coarse acc: 0.951
coarse f1: 0.456
['rnd', 30, 'fold', 5, 'pr', 0.8746867611432424, 'roc', 0.84161659700452807]
[[1898   16]
 [  72   24]]
fine acc: 0.956
fine f1: 0.353
['rnd', 30, 'fold', 5, 'pr', 0.86303393960104202, 'roc', 0.82316157262277956]
5,30,coarse : 151.16 seconds
5,30,fine : 151.17 seconds
[[1870   44]
 [  55   41]]
coarse acc: 0.951
coarse f1: 0.453
['rnd', 31, 'fold', 5, 'pr', 0.8716744859969805, 'roc', 0.83762190874259834]
[[1897   17]
 [  70   26]]
fine acc: 0.957
fine f1: 0.374
['rnd', 31, 'fold', 5, 'pr', 0.86445659681055487, 'roc', 0.8252568791361895]
5,31,coarse : 154.46 seconds
5,31,fine : 154.47 seconds
[[1859   55]
 [  49   47]]
coarse acc: 0.948
coarse f1: 0.475
['rnd', 32, 'fold', 5, 'pr', 0.86669606051938874, 'roc', 0.84131726750261226]
[[1898   16]
 [  72   24]]
fine acc: 0.956
fine f1: 0.353
['rnd', 32, 'fold', 5, 'pr', 0.86542706845193573, 'roc', 0.82692223963775691]
5,32,coarse : 156.74 seconds
5,32,fine : 156.75 seconds
[[1860   54]
 [  48   48]]
coarse acc: 0.949
coarse f1: 0.485
['rnd', 33, 'fold', 5, 'pr', 0.87199409759451008, 'roc', 0.83945053988157436]
[[1899   15]
 [  69   27]]
fine acc: 0.958
fine f1: 0.391
['rnd', 33, 'fold', 5, 'pr', 0.86784548257623417, 'roc', 0.83609804946011834]
5,33,coarse : 159.4 seconds
5,33,fine : 159.41 seconds
[[1858   56]
 [  50   46]]
coarse acc: 0.947
coarse f1: 0.465
['rnd', 34, 'fold', 5, 'pr', 0.86812444324303173, 'roc', 0.8424873737373737]
[[1897   17]
 [  68   28]]
fine acc: 0.958
fine f1: 0.397
['rnd', 34, 'fold', 5, 'pr', 0.8686916608393731, 'roc', 0.83455786311389768]
5,34,coarse : 161.41 seconds
5,34,fine : 161.42 seconds
[[1852   62]
 [  46   50]]
coarse acc: 0.946
coarse f1: 0.481
['rnd', 35, 'fold', 5, 'pr', 0.87021582862093849, 'roc', 0.84298807035876]
[[1898   16]
 [  68   28]]
fine acc: 0.958
fine f1: 0.400
['rnd', 35, 'fold', 5, 'pr', 0.87308092781534941, 'roc', 0.84013083420411017]
5,35,coarse : 163.61 seconds
5,35,fine : 163.62 seconds
[[1856   58]
 [  49   47]]
coarse acc: 0.947
coarse f1: 0.468
['rnd', 36, 'fold', 5, 'pr', 0.87111586765957605, 'roc', 0.83544496691048409]
[[1900   14]
 [  69   27]]
fine acc: 0.959
fine f1: 0.394
['rnd', 36, 'fold', 5, 'pr', 0.87174414902958075, 'roc', 0.83829131835597348]
5,36,coarse : 166.03 seconds
5,36,fine : 166.04 seconds
[[1857   57]
 [  49   47]]
coarse acc: 0.947
coarse f1: 0.470
['rnd', 37, 'fold', 5, 'pr', 0.87114762481767638, 'roc', 0.8363266283524905]
[[1898   16]
 [  70   26]]
fine acc: 0.957
fine f1: 0.377
['rnd', 37, 'fold', 5, 'pr', 0.87753476755263105, 'roc', 0.84742903169627304]
5,37,coarse : 167.52 seconds
5,37,fine : 167.52 seconds
[[1854   60]
 [  48   48]]
coarse acc: 0.946
coarse f1: 0.471
['rnd', 38, 'fold', 5, 'pr', 0.87509184983134569, 'roc', 0.84429423545802851]
[[1898   16]
 [  69   27]]
fine acc: 0.958
fine f1: 0.388
['rnd', 38, 'fold', 5, 'pr', 0.87952292011904853, 'roc', 0.85032980668756519]
5,38,coarse : 170.14 seconds
5,38,fine : 170.15 seconds
[[1855   59]
 [  50   46]]
coarse acc: 0.946
coarse f1: 0.458
['rnd', 39, 'fold', 5, 'pr', 0.87502981241440358, 'roc', 0.84205198537095094]
[[1898   16]
 [  68   28]]
fine acc: 0.958
fine f1: 0.400
['rnd', 39, 'fold', 5, 'pr', 0.87626032111109398, 'roc', 0.8449146638801811]
5,39,coarse : 173.74 seconds
5,39,fine : 173.75 seconds
[[1849   65]
 [  48   48]]
coarse acc: 0.944
coarse f1: 0.459
['rnd', 40, 'fold', 5, 'pr', 0.87235127458611494, 'roc', 0.8385144548937653]
[[1899   15]
 [  70   26]]
fine acc: 0.958
fine f1: 0.380
['rnd', 40, 'fold', 5, 'pr', 0.8777333983597646, 'roc', 0.8476412835249042]
5,40,coarse : 175.5 seconds
5,40,fine : 175.51 seconds
[[1850   64]
 [  46   50]]
coarse acc: 0.945
coarse f1: 0.476
['rnd', 41, 'fold', 5, 'pr', 0.874677561446776, 'roc', 0.84179075235109713]
[[1899   15]
 [  69   27]]
fine acc: 0.958
fine f1: 0.391
['rnd', 41, 'fold', 5, 'pr', 0.87713659957673917, 'roc', 0.84618817485196796]
5,41,coarse : 177.31 seconds
5,41,fine : 177.32 seconds
[[1849   65]
 [  49   47]]
coarse acc: 0.943
coarse f1: 0.452
['rnd', 42, 'fold', 5, 'pr', 0.87201983888010814, 'roc', 0.83865051375827238]
[[1899   15]
 [  67   29]]
fine acc: 0.959
fine f1: 0.414
['rnd', 42, 'fold', 5, 'pr', 0.87768740922715549, 'roc', 0.84646029258098232]
5,42,coarse : 179.54 seconds
5,42,fine : 179.55 seconds
[[1849   65]
 [  46   50]]
coarse acc: 0.945
coarse f1: 0.474
['rnd', 43, 'fold', 5, 'pr', 0.8701969058920237, 'roc', 0.83597287530477171]
[[1898   16]
 [  66   30]]
fine acc: 0.959
fine f1: 0.423
['rnd', 43, 'fold', 5, 'pr', 0.87855313693250714, 'roc', 0.84729841518634619]
5,43,coarse : 181.21 seconds
5,43,fine : 181.22 seconds
[[1851   63]
 [  46   50]]
coarse acc: 0.946
coarse f1: 0.478
['rnd', 44, 'fold', 5, 'pr', 0.87447219621873984, 'roc', 0.84125740160222917]
[[1899   15]
 [  66   30]]
fine acc: 0.960
fine f1: 0.426
['rnd', 44, 'fold', 5, 'pr', 0.87832594940725539, 'roc', 0.84644940787182166]
5,44,coarse : 182.14 seconds
5,44,fine : 182.14 seconds
[[1847   67]
 [  47   49]]
coarse acc: 0.943
coarse f1: 0.462
['rnd', 45, 'fold', 5, 'pr', 0.86632303454113291, 'roc', 0.84078391675374431]
[[1899   15]
 [  67   29]]
fine acc: 0.959
fine f1: 0.414
['rnd', 45, 'fold', 5, 'pr', 0.87721489626892002, 'roc', 0.84752699407871823]
5,45,coarse : 183.71 seconds
5,45,fine : 183.71 seconds
[[1845   69]
 [  47   49]]
coarse acc: 0.942
coarse f1: 0.458
['rnd', 46, 'fold', 5, 'pr', 0.87347628840490854, 'roc', 0.84238396900034818]
[[1896   18]
 [  67   29]]
fine acc: 0.958
fine f1: 0.406
['rnd', 46, 'fold', 5, 'pr', 0.87857070763818657, 'roc', 0.84695010449320796]
5,46,coarse : 186.59 seconds
5,46,fine : 186.59 seconds
[[1844   70]
 [  44   52]]
coarse acc: 0.943
coarse f1: 0.477
['rnd', 47, 'fold', 5, 'pr', 0.87168388567130961, 'roc', 0.8389552856147684]
[[1898   16]
 [  65   31]]
fine acc: 0.960
fine f1: 0.434
['rnd', 47, 'fold', 5, 'pr', 0.87970363462866108, 'roc', 0.85083594566353182]
5,47,coarse : 188.22 seconds
5,47,fine : 188.23 seconds
[[1842   72]
 [  46   50]]
coarse acc: 0.941
coarse f1: 0.459
['rnd', 48, 'fold', 5, 'pr', 0.86423572236109247, 'roc', 0.83736611807732497]
[[1896   18]
 [  65   31]]
fine acc: 0.959
fine f1: 0.428
['rnd', 48, 'fold', 5, 'pr', 0.87622267705402979, 'roc', 0.84404932950191569]
5,48,coarse : 188.47 seconds
5,48,fine : 188.48 seconds
[[1840   74]
 [  42   54]]
coarse acc: 0.942
coarse f1: 0.482
['rnd', 49, 'fold', 5, 'pr', 0.87182184673961938, 'roc', 0.83941788575409271]
[[1895   19]
 [  65   31]]
fine acc: 0.958
fine f1: 0.425
['rnd', 49, 'fold', 5, 'pr', 0.87371512614617353, 'roc', 0.84220437129919901]
5,49,coarse : 189.69 seconds
5,49,fine : 189.7 seconds
[[1836   78]
 [  45   51]]
coarse acc: 0.939
coarse f1: 0.453
['rnd', 50, 'fold', 5, 'pr', 0.87091299816196277, 'roc', 0.83877024555903867]
[[1895   19]
 [  66   30]]
fine acc: 0.958
fine f1: 0.414
['rnd', 50, 'fold', 5, 'pr', 0.87383585190903368, 'roc', 0.8422479101358411]
5,50,coarse : 194.71 seconds
5,50,fine : 194.72 seconds
[[1835   79]
 [  46   50]]
coarse acc: 0.938
coarse f1: 0.444
['rnd', 51, 'fold', 5, 'pr', 0.87053351416274971, 'roc', 0.83814437478230586]
[[1894   20]
 [  66   30]]
fine acc: 0.957
fine f1: 0.411
['rnd', 51, 'fold', 5, 'pr', 0.8749990323662663, 'roc', 0.84434865900383149]
5,51,coarse : 192.86 seconds
5,51,fine : 192.87 seconds
[[1838   76]
 [  45   51]]
coarse acc: 0.940
coarse f1: 0.457
['rnd', 52, 'fold', 5, 'pr', 0.86595588484322339, 'roc', 0.83997300592128188]
[[1894   20]
 [  65   31]]
fine acc: 0.958
fine f1: 0.422
['rnd', 52, 'fold', 5, 'pr', 0.87571758969280666, 'roc', 0.84489833681644022]
5,52,coarse : 193.41 seconds
5,52,fine : 193.42 seconds
[[1837   77]
 [  47   49]]
coarse acc: 0.938
coarse f1: 0.441
['rnd', 53, 'fold', 5, 'pr', 0.86531538446418654, 'roc', 0.83946686694531514]
[[1896   18]
 [  67   29]]
fine acc: 0.958
fine f1: 0.406
['rnd', 53, 'fold', 5, 'pr', 0.87504216066800955, 'roc', 0.84389694357366773]
5,53,coarse : 194.45 seconds
5,53,fine : 194.46 seconds
[[1834   80]
 [  44   52]]
coarse acc: 0.938
coarse f1: 0.456
['rnd', 54, 'fold', 5, 'pr', 0.86614583479499097, 'roc', 0.84072405085336122]
[[1894   20]
 [  64   32]]
fine acc: 0.958
fine f1: 0.432
['rnd', 54, 'fold', 5, 'pr', 0.87340153003260845, 'roc', 0.84007096830372696]
5,54,coarse : 195.74 seconds
5,54,fine : 195.75 seconds
[[1830   84]
 [  47   49]]
coarse acc: 0.935
coarse f1: 0.428
['rnd', 55, 'fold', 5, 'pr', 0.86522728107690638, 'roc', 0.83949407871821669]
[[1896   18]
 [  65   31]]
fine acc: 0.959
fine f1: 0.428
['rnd', 55, 'fold', 5, 'pr', 0.8735653988575014, 'roc', 0.84020158481365381]
5,55,coarse : 195.31 seconds
5,55,fine : 195.32 seconds
[[1835   79]
 [  45   51]]
coarse acc: 0.938
coarse f1: 0.451
['rnd', 56, 'fold', 5, 'pr', 0.86655520121970753, 'roc', 0.8406206461163358]
[[1895   19]
 [  64   32]]
fine acc: 0.959
fine f1: 0.435
['rnd', 56, 'fold', 5, 'pr', 0.87239232080903362, 'roc', 0.83826954893765238]
5,56,coarse : 195.9 seconds
5,56,fine : 195.91 seconds
[[1835   79]
 [  46   50]]
coarse acc: 0.938
coarse f1: 0.444
['rnd', 57, 'fold', 5, 'pr', 0.86716224532867314, 'roc', 0.84145332636711945]
[[1898   16]
 [  65   31]]
fine acc: 0.960
fine f1: 0.434
['rnd', 57, 'fold', 5, 'pr', 0.87181333936873606, 'roc', 0.83833485719261591]
5,57,coarse : 198.16 seconds
5,57,fine : 198.16 seconds
[[1837   77]
 [  45   51]]
coarse acc: 0.939
coarse f1: 0.455
['rnd', 58, 'fold', 5, 'pr', 0.86810876110012547, 'roc', 0.84271595262974575]
[[1895   19]
 [  65   31]]
fine acc: 0.958
fine f1: 0.425
['rnd', 58, 'fold', 5, 'pr', 0.87115795999855172, 'roc', 0.83609260710553812]
5,58,coarse : 197.66 seconds
5,58,fine : 197.67 seconds
[[1837   77]
 [  45   51]]
coarse acc: 0.939
coarse f1: 0.455
['rnd', 59, 'fold', 5, 'pr', 0.86765046525683076, 'roc', 0.84096895680947403]
[[1895   19]
 [  64   32]]
fine acc: 0.959
fine f1: 0.435
['rnd', 59, 'fold', 5, 'pr', 0.87030763929040089, 'roc', 0.83648445663531867]
5,59,coarse : 197.73 seconds
5,59,fine : 197.74 seconds
[[1839   75]
 [  44   52]]
coarse acc: 0.941
coarse f1: 0.466
['rnd', 60, 'fold', 5, 'pr', 0.8680566741537179, 'roc', 0.84288466562173447]
[[1894   20]
 [  64   32]]
fine acc: 0.958
fine f1: 0.432
['rnd', 60, 'fold', 5, 'pr', 0.87096840427143507, 'roc', 0.8366694966910484]
5,60,coarse : 198.12 seconds
5,60,fine : 198.12 seconds
[[1837   77]
 [  43   53]]
coarse acc: 0.940
coarse f1: 0.469
['rnd', 61, 'fold', 5, 'pr', 0.86727849981667504, 'roc', 0.84209552420759326]
[[1894   20]
 [  64   32]]
fine acc: 0.958
fine f1: 0.432
['rnd', 61, 'fold', 5, 'pr', 0.87229584773558666, 'roc', 0.83848180076628365]
5,61,coarse : 198.96 seconds
5,61,fine : 198.97 seconds
[[1831   83]
 [  43   53]]
coarse acc: 0.937
coarse f1: 0.457
['rnd', 62, 'fold', 5, 'pr', 0.8676734116152891, 'roc', 0.84133359456635326]
[[1892   22]
 [  64   32]]
fine acc: 0.957
fine f1: 0.427
['rnd', 62, 'fold', 5, 'pr', 0.87150529427607759, 'roc', 0.83625587774294674]
5,62,coarse : 199.4 seconds
5,62,fine : 199.4 seconds
[[1835   79]
 [  45   51]]
coarse acc: 0.938
coarse f1: 0.451
['rnd', 63, 'fold', 5, 'pr', 0.86770191321371792, 'roc', 0.84206831243469182]
[[1893   21]
 [  63   33]]
fine acc: 0.958
fine f1: 0.440
['rnd', 63, 'fold', 5, 'pr', 0.87031308365803439, 'roc', 0.83541775513758265]
5,63,coarse : 200.31 seconds
5,63,fine : 200.32 seconds
[[1837   77]
 [  42   54]]
coarse acc: 0.941
coarse f1: 0.476
['rnd', 64, 'fold', 5, 'pr', 0.86860707696731487, 'roc', 0.84300983977708122]
[[1892   22]
 [  64   32]]
fine acc: 0.957
fine f1: 0.427
['rnd', 64, 'fold', 5, 'pr', 0.87035225252716963, 'roc', 0.8343837077673284]
5,64,coarse : 200.16 seconds
5,64,fine : 200.17 seconds
[[1834   80]
 [  43   53]]
coarse acc: 0.939
coarse f1: 0.463
['rnd', 65, 'fold', 5, 'pr', 0.86711306544925881, 'roc', 0.84207375478927193]
[[1891   23]
 [  64   32]]
fine acc: 0.957
fine f1: 0.424
['rnd', 65, 'fold', 5, 'pr', 0.87002498545524209, 'roc', 0.8361688000696621]
5,65,coarse : 201.69 seconds
5,65,fine : 201.7 seconds
[[1835   79]
 [  42   54]]
coarse acc: 0.940
coarse f1: 0.472
['rnd', 66, 'fold', 5, 'pr', 0.86783221551215717, 'roc', 0.84329284221525613]
[[1891   23]
 [  64   32]]
fine acc: 0.957
fine f1: 0.424
['rnd', 66, 'fold', 5, 'pr', 0.87114537986785989, 'roc', 0.83783416057122961]
5,66,coarse : 201.71 seconds
5,66,fine : 201.72 seconds
[[1831   83]
 [  46   50]]
coarse acc: 0.936
coarse f1: 0.437
['rnd', 67, 'fold', 5, 'pr', 0.86775397855618597, 'roc', 0.84285201149425282]
[[1889   25]
 [  64   32]]
fine acc: 0.956
fine f1: 0.418
['rnd', 67, 'fold', 5, 'pr', 0.87118409336552793, 'roc', 0.83832941483803547]
5,67,coarse : 200.49 seconds
5,67,fine : 200.49 seconds
[[1830   84]
 [  45   51]]
coarse acc: 0.936
coarse f1: 0.442
['rnd', 68, 'fold', 5, 'pr', 0.86925607943474292, 'roc', 0.84394592476489028]
[[1891   23]
 [  64   32]]
fine acc: 0.957
fine f1: 0.424
['rnd', 68, 'fold', 5, 'pr', 0.87082045103036987, 'roc', 0.83818791361894807]
5,68,coarse : 202.41 seconds
5,68,fine : 202.42 seconds
[[1834   80]
 [  44   52]]
coarse acc: 0.938
coarse f1: 0.456
['rnd', 69, 'fold', 5, 'pr', 0.87011301564123111, 'roc', 0.84370101880877735]
[[1892   22]
 [  65   31]]
fine acc: 0.957
fine f1: 0.416
['rnd', 69, 'fold', 5, 'pr', 0.86971237445009486, 'roc', 0.83683820968303724]
5,69,coarse : 203.96 seconds
5,69,fine : 203.97 seconds
[[1830   84]
 [  42   54]]
coarse acc: 0.937
coarse f1: 0.462
['rnd', 70, 'fold', 5, 'pr', 0.86832202640214695, 'roc', 0.84139346046673646]
[[1892   22]
 [  63   33]]
fine acc: 0.958
fine f1: 0.437
['rnd', 70, 'fold', 5, 'pr', 0.87021289741024643, 'roc', 0.83776340996168586]
5,70,coarse : 203.5 seconds
5,70,fine : 203.51 seconds
[[1832   82]
 [  46   50]]
coarse acc: 0.936
coarse f1: 0.439
['rnd', 71, 'fold', 5, 'pr', 0.86746828758346339, 'roc', 0.83980429292929293]
[[1892   22]
 [  64   32]]
fine acc: 0.957
fine f1: 0.427
['rnd', 71, 'fold', 5, 'pr', 0.87030904094168948, 'roc', 0.83926005747126442]
5,71,coarse : 203.84 seconds
5,71,fine : 203.85 seconds
[[1830   84]
 [  45   51]]
coarse acc: 0.936
coarse f1: 0.442
['rnd', 72, 'fold', 5, 'pr', 0.86598732410312085, 'roc', 0.83782327586206895]
[[1890   24]
 [  64   32]]
fine acc: 0.956
fine f1: 0.421
['rnd', 72, 'fold', 5, 'pr', 0.86995959342598617, 'roc', 0.83750217694183204]
5,72,coarse : 204.72 seconds
5,72,fine : 204.73 seconds
[[1832   82]
 [  44   52]]
coarse acc: 0.937
coarse f1: 0.452
['rnd', 73, 'fold', 5, 'pr', 0.86790835186031356, 'roc', 0.84010362243120862]
[[1888   26]
 [  64   32]]
fine acc: 0.955
fine f1: 0.416
['rnd', 73, 'fold', 5, 'pr', 0.86958528369249, 'roc', 0.83893351619644718]
5,73,coarse : 204.54 seconds
5,73,fine : 204.55 seconds
[[1829   85]
 [  45   51]]
coarse acc: 0.935
coarse f1: 0.440
['rnd', 74, 'fold', 5, 'pr', 0.86684667191364662, 'roc', 0.83878657262277956]
[[1889   25]
 [  64   32]]
fine acc: 0.956
fine f1: 0.418
['rnd', 74, 'fold', 5, 'pr', 0.87054598497922075, 'roc', 0.84040295193312442]
5,74,coarse : 205.56 seconds
5,74,fine : 205.57 seconds
[[1830   84]
 [  43   53]]
coarse acc: 0.937
coarse f1: 0.455
['rnd', 75, 'fold', 5, 'pr', 0.86617342927236873, 'roc', 0.83829131835597348]
[[1887   27]
 [  63   33]]
fine acc: 0.955
fine f1: 0.423
['rnd', 75, 'fold', 5, 'pr', 0.87234858559463624, 'roc', 0.84121386276558696]
5,75,coarse : 207.56 seconds
5,75,fine : 207.56 seconds
[[1830   84]
 [  44   52]]
coarse acc: 0.936
coarse f1: 0.448
['rnd', 76, 'fold', 5, 'pr', 0.86612750347123657, 'roc', 0.83713209683037271]
[[1887   27]
 [  62   34]]
fine acc: 0.956
fine f1: 0.433
['rnd', 76, 'fold', 5, 'pr', 0.87121614064540509, 'roc', 0.84008729536746773]
5,76,coarse : 207.24 seconds
5,76,fine : 207.25 seconds
[[1826   88]
 [  45   51]]
coarse acc: 0.934
coarse f1: 0.434
['rnd', 77, 'fold', 5, 'pr', 0.86639558158974228, 'roc', 0.8385960902124695]
[[1887   27]
 [  64   32]]
fine acc: 0.955
fine f1: 0.413
['rnd', 77, 'fold', 5, 'pr', 0.87077034897115801, 'roc', 0.83935801985370961]
5,77,coarse : 208.35 seconds
5,77,fine : 208.36 seconds
[[1828   86]
 [  45   51]]
coarse acc: 0.935
coarse f1: 0.438
['rnd', 78, 'fold', 5, 'pr', 0.86699568344653011, 'roc', 0.83954305990943923]
[[1888   26]
 [  64   32]]
fine acc: 0.955
fine f1: 0.416
['rnd', 78, 'fold', 5, 'pr', 0.87054695044265507, 'roc', 0.83910222918843613]
5,78,coarse : 208.62 seconds
5,78,fine : 208.63 seconds
[[1829   85]
 [  46   50]]
coarse acc: 0.935
coarse f1: 0.433
['rnd', 79, 'fold', 5, 'pr', 0.87231073557763206, 'roc', 0.84010362243120862]
[[1887   27]
 [  63   33]]
fine acc: 0.955
fine f1: 0.423
['rnd', 79, 'fold', 5, 'pr', 0.87072375473400498, 'roc', 0.83892807384186696]
5,79,coarse : 209.09 seconds
5,79,fine : 209.1 seconds
[[1825   89]
 [  44   52]]
coarse acc: 0.934
coarse f1: 0.439
['rnd', 80, 'fold', 5, 'pr', 0.866937661511893, 'roc', 0.84054445315221171]
[[1888   26]
 [  62   34]]
fine acc: 0.956
fine f1: 0.436
['rnd', 80, 'fold', 5, 'pr', 0.8709230422624864, 'roc', 0.83943965517241381]
5,80,coarse : 209.49 seconds
5,80,fine : 209.5 seconds
[[1830   84]
 [  45   51]]
coarse acc: 0.936
coarse f1: 0.442
['rnd', 81, 'fold', 5, 'pr', 0.8683866135349374, 'roc', 0.84162203935910829]
[[1886   28]
 [  63   33]]
fine acc: 0.955
fine f1: 0.420
['rnd', 81, 'fold', 5, 'pr', 0.8703054081580619, 'roc', 0.83893895855102751]
5,81,coarse : 210.13 seconds
5,81,fine : 210.14 seconds
[[1830   84]
 [  45   51]]
coarse acc: 0.936
coarse f1: 0.442
['rnd', 82, 'fold', 5, 'pr', 0.86826990239777613, 'roc', 0.84295541623127834]
[[1887   27]
 [  63   33]]
fine acc: 0.955
fine f1: 0.423
['rnd', 82, 'fold', 5, 'pr', 0.86962548391821359, 'roc', 0.83761102403343779]
5,82,coarse : 211.53 seconds
5,82,fine : 211.54 seconds
[[1829   85]
 [  46   50]]
coarse acc: 0.935
coarse f1: 0.433
['rnd', 83, 'fold', 5, 'pr', 0.8672761871644904, 'roc', 0.84181252176941845]
[[1887   27]
 [  63   33]]
fine acc: 0.955
fine f1: 0.423
['rnd', 83, 'fold', 5, 'pr', 0.86966792104928725, 'roc', 0.83724638627655867]
5,83,coarse : 212.03 seconds
5,83,fine : 212.04 seconds
[[1829   85]
 [  45   51]]
coarse acc: 0.935
coarse f1: 0.440
['rnd', 84, 'fold', 5, 'pr', 0.86728079758203913, 'roc', 0.84126828631138983]
[[1886   28]
 [  63   33]]
fine acc: 0.955
fine f1: 0.420
['rnd', 84, 'fold', 5, 'pr', 0.86920798981346681, 'roc', 0.83690351793800066]
5,84,coarse : 211.24 seconds
5,84,fine : 211.25 seconds
[[1829   85]
 [  44   52]]
coarse acc: 0.936
coarse f1: 0.446
['rnd', 85, 'fold', 5, 'pr', 0.86654312191672689, 'roc', 0.84115943921978409]
[[1886   28]
 [  63   33]]
fine acc: 0.955
fine f1: 0.420
['rnd', 85, 'fold', 5, 'pr', 0.86818586110602924, 'roc', 0.83577695053988155]
5,85,coarse : 212.96 seconds
5,85,fine : 212.97 seconds
[[1824   90]
 [  44   52]]
coarse acc: 0.933
coarse f1: 0.437
['rnd', 86, 'fold', 5, 'pr', 0.86916604351654758, 'roc', 0.84383163531870431]
[[1884   30]
 [  63   33]]
fine acc: 0.954
fine f1: 0.415
['rnd', 86, 'fold', 5, 'pr', 0.86788745089177777, 'roc', 0.8345633054684779]
5,86,coarse : 212.18 seconds
5,86,fine : 212.19 seconds
[[1825   89]
 [  45   51]]
coarse acc: 0.933
coarse f1: 0.432
['rnd', 87, 'fold', 5, 'pr', 0.86856220205890644, 'roc', 0.84292820445837691]
[[1884   30]
 [  63   33]]
fine acc: 0.954
fine f1: 0.415
['rnd', 87, 'fold', 5, 'pr', 0.86783675408283745, 'roc', 0.83437826541274807]
5,87,coarse : 212.52 seconds
5,87,fine : 212.53 seconds
[[1828   86]
 [  43   53]]
coarse acc: 0.936
coarse f1: 0.451
['rnd', 88, 'fold', 5, 'pr', 0.86744509183975071, 'roc', 0.84234043016370586]
[[1885   29]
 [  63   33]]
fine acc: 0.954
fine f1: 0.418
['rnd', 88, 'fold', 5, 'pr', 0.86629598227820315, 'roc', 0.83218499651689315]
5,88,coarse : 212.74 seconds
5,88,fine : 212.75 seconds
[[1829   85]
 [  44   52]]
coarse acc: 0.936
coarse f1: 0.446
['rnd', 89, 'fold', 5, 'pr', 0.86835540606075268, 'roc', 0.84164925113200972]
[[1885   29]
 [  63   33]]
fine acc: 0.954
fine f1: 0.418
['rnd', 89, 'fold', 5, 'pr', 0.86739931097333889, 'roc', 0.83392654998258442]
5,89,coarse : 212.46 seconds
5,89,fine : 212.47 seconds
[[1825   89]
 [  44   52]]
coarse acc: 0.934
coarse f1: 0.439
['rnd', 90, 'fold', 5, 'pr', 0.86782788848176207, 'roc', 0.84174721351445492]
[[1885   29]
 [  63   33]]
fine acc: 0.954
fine f1: 0.418
['rnd', 90, 'fold', 5, 'pr', 0.86731644018969478, 'roc', 0.83384491466388033]
5,90,coarse : 212.06 seconds
5,90,fine : 212.07 seconds
[[1825   89]
 [  43   53]]
coarse acc: 0.934
coarse f1: 0.445
['rnd', 91, 'fold', 5, 'pr', 0.86768247932866971, 'roc', 0.84150774991292232]
[[1884   30]
 [  63   33]]
fine acc: 0.954
fine f1: 0.415
['rnd', 91, 'fold', 5, 'pr', 0.86704431602544141, 'roc', 0.83342585336119812]
5,91,coarse : 213.08 seconds
5,91,fine : 213.09 seconds
[[1825   89]
 [  42   54]]
coarse acc: 0.935
coarse f1: 0.452
['rnd', 92, 'fold', 5, 'pr', 0.87209143712235038, 'roc', 0.83983694705677459]
[[1884   30]
 [  63   33]]
fine acc: 0.954
fine f1: 0.415
['rnd', 92, 'fold', 5, 'pr', 0.86599175988368171, 'roc', 0.83152647161267845]
5,92,coarse : 213.98 seconds
5,92,fine : 213.99 seconds
[[1829   85]
 [  43   53]]
coarse acc: 0.936
coarse f1: 0.453
['rnd', 93, 'fold', 5, 'pr', 0.87350207380683675, 'roc', 0.84309691745036575]
[[1885   29]
 [  63   33]]
fine acc: 0.954
fine f1: 0.418
['rnd', 93, 'fold', 5, 'pr', 0.86518925416450598, 'roc', 0.83042711598746077]
5,93,coarse : 215.85 seconds
5,93,fine : 215.86 seconds
[[1829   85]
 [  42   54]]
coarse acc: 0.937
coarse f1: 0.460
['rnd', 94, 'fold', 5, 'pr', 0.87517436003327975, 'roc', 0.84250370080111459]
[[1884   30]
 [  63   33]]
fine acc: 0.954
fine f1: 0.415
['rnd', 94, 'fold', 5, 'pr', 0.86501030630495712, 'roc', 0.82974137931034475]
5,94,coarse : 216.81 seconds
5,94,fine : 216.82 seconds
[[1829   85]
 [  42   54]]
coarse acc: 0.937
coarse f1: 0.460
['rnd', 95, 'fold', 5, 'pr', 0.8688816241227012, 'roc', 0.84438131313131315]
[[1885   29]
 [  63   33]]
fine acc: 0.954
fine f1: 0.418
['rnd', 95, 'fold', 5, 'pr', 0.86522341800466351, 'roc', 0.83092237025426674]
5,95,coarse : 210.57 seconds
5,95,fine : 210.58 seconds
[[1828   86]
 [  45   51]]
coarse acc: 0.935
coarse f1: 0.438
['rnd', 96, 'fold', 5, 'pr', 0.87496191239601218, 'roc', 0.84397313653779182]
[[1885   29]
 [  63   33]]
fine acc: 0.954
fine f1: 0.418
['rnd', 96, 'fold', 5, 'pr', 0.86531107747093672, 'roc', 0.83075365726227801]
5,96,coarse : 203.23 seconds
5,96,fine : 203.24 seconds
[[1826   88]
 [  45   51]]
coarse acc: 0.934
coarse f1: 0.434
['rnd', 97, 'fold', 5, 'pr', 0.86943381873959158, 'roc', 0.84504528039010807]
[[1885   29]
 [  63   33]]
fine acc: 0.954
fine f1: 0.418
['rnd', 97, 'fold', 5, 'pr', 0.86615020185451419, 'roc', 0.83283807906652729]
5,97,coarse : 200.85 seconds
5,97,fine : 200.86 seconds
[[1827   87]
 [  42   54]]
coarse acc: 0.936
coarse f1: 0.456
['rnd', 98, 'fold', 5, 'pr', 0.86707922026717421, 'roc', 0.84314045628700796]
[[1885   29]
 [  63   33]]
fine acc: 0.954
fine f1: 0.418
['rnd', 98, 'fold', 5, 'pr', 0.86594402529594094, 'roc', 0.83262038488331591]
5,98,coarse : 200.6 seconds
5,98,fine : 200.61 seconds
[[1825   89]
 [  45   51]]
coarse acc: 0.933
coarse f1: 0.432
['rnd', 99, 'fold', 5, 'pr', 0.86888929721130104, 'roc', 0.84335815047021934]
[[1886   28]
 [  63   33]]
fine acc: 0.955
fine f1: 0.420
['rnd', 99, 'fold', 5, 'pr', 0.86512823401580163, 'roc', 0.83191287878787878]
5,99,coarse : 200.59 seconds
5,99,fine : 200.6 seconds
[[1828   86]
 [  43   53]]
coarse acc: 0.936
coarse f1: 0.451
['rnd', 100, 'fold', 5, 'pr', 0.87427320718689494, 'roc', 0.84255812434691746]
[[1884   30]
 [  63   33]]
fine acc: 0.954
fine f1: 0.415
['rnd', 100, 'fold', 5, 'pr', 0.86460545466881289, 'roc', 0.83156456809474055]
5,100,coarse : 202.87 seconds
5,100,fine : 202.87 seconds
[[1826   88]
 [  45   51]]
coarse acc: 0.934
coarse f1: 0.434
['rnd', 101, 'fold', 5, 'pr', 0.86857964679126609, 'roc', 0.84396225182863116]
[[1885   29]
 [  63   33]]
fine acc: 0.954
fine f1: 0.418
['rnd', 101, 'fold', 5, 'pr', 0.86452480188254799, 'roc', 0.83036725008707768]
5,101,coarse : 201.58 seconds
5,101,fine : 201.58 seconds
[[1829   85]
 [  42   54]]
coarse acc: 0.937
coarse f1: 0.460
['rnd', 102, 'fold', 5, 'pr', 0.86703911537179368, 'roc', 0.84173088645071392]
[[1885   29]
 [  62   34]]
fine acc: 0.955
fine f1: 0.428
['rnd', 102, 'fold', 5, 'pr', 0.86432027719771964, 'roc', 0.83047609717868331]
5,102,coarse : 201.7 seconds
5,102,fine : 201.71 seconds
[[1829   85]
 [  43   53]]
coarse acc: 0.936
coarse f1: 0.453
['rnd', 103, 'fold', 5, 'pr', 0.87341368627650251, 'roc', 0.84150230755834199]
[[1883   31]
 [  62   34]]
fine acc: 0.954
fine f1: 0.422
['rnd', 103, 'fold', 5, 'pr', 0.86374919830802466, 'roc', 0.82972505224660409]
5,103,coarse : 202.28 seconds
5,103,fine : 202.29 seconds
[[1833   81]
 [  41   55]]
coarse acc: 0.939
coarse f1: 0.474
['rnd', 104, 'fold', 5, 'pr', 0.86687068390639488, 'roc', 0.84167102055033083]
[[1885   29]
 [  63   33]]
fine acc: 0.954
fine f1: 0.418
['rnd', 104, 'fold', 5, 'pr', 0.86373352787768209, 'roc', 0.8282066353187042]
5,104,coarse : 202.82 seconds
5,104,fine : 202.83 seconds
[[1831   83]
 [  44   52]]
coarse acc: 0.937
coarse f1: 0.450
['rnd', 105, 'fold', 5, 'pr', 0.86609561551952718, 'roc', 0.84109413096482055]
[[1883   31]
 [  62   34]]
fine acc: 0.954
fine f1: 0.422
['rnd', 105, 'fold', 5, 'pr', 0.86280414876919376, 'roc', 0.82745559038662497]
5,105,coarse : 203.86 seconds
5,105,fine : 203.87 seconds
[[1829   85]
 [  44   52]]
coarse acc: 0.936
coarse f1: 0.446
['rnd', 106, 'fold', 5, 'pr', 0.86719203151307467, 'roc', 0.84168190525949149]
[[1883   31]
 [  62   34]]
fine acc: 0.954
fine f1: 0.422
['rnd', 106, 'fold', 5, 'pr', 0.86263947600776336, 'roc', 0.82726510797631481]
5,106,coarse : 204.67 seconds
5,106,fine : 204.68 seconds
[[1831   83]
 [  44   52]]
coarse acc: 0.937
coarse f1: 0.450
['rnd', 107, 'fold', 5, 'pr', 0.86839004651528484, 'roc', 0.84216627481713691]
[[1884   30]
 [  63   33]]
fine acc: 0.954
fine f1: 0.415
['rnd', 107, 'fold', 5, 'pr', 0.86170551210599966, 'roc', 0.82557253570184608]
5,107,coarse : 204.8 seconds
5,107,fine : 204.81 seconds
[[1831   83]
 [  43   53]]
coarse acc: 0.937
coarse f1: 0.457
['rnd', 108, 'fold', 5, 'pr', 0.86698392111741351, 'roc', 0.8427431644026474]
[[1884   30]
 [  62   34]]
fine acc: 0.954
fine f1: 0.425
['rnd', 108, 'fold', 5, 'pr', 0.86165177266642745, 'roc', 0.82599703935910829]
5,108,coarse : 205.53 seconds
5,108,fine : 205.54 seconds
[[1830   84]
 [  43   53]]
coarse acc: 0.937
coarse f1: 0.455
['rnd', 109, 'fold', 5, 'pr', 0.86792501431668245, 'roc', 0.84275949146638796]
[[1884   30]
 [  63   33]]
fine acc: 0.954
fine f1: 0.415
['rnd', 109, 'fold', 5, 'pr', 0.86034656402285714, 'roc', 0.82303639846743293]
5,109,coarse : 206.35 seconds
5,109,fine : 206.36 seconds
[[1834   80]
 [  43   53]]
coarse acc: 0.939
coarse f1: 0.463
['rnd', 110, 'fold', 5, 'pr', 0.86694562871543002, 'roc', 0.84175809822361558]
[[1884   30]
 [  64   32]]
fine acc: 0.953
fine f1: 0.405
['rnd', 110, 'fold', 5, 'pr', 0.86029031849309057, 'roc', 0.82334661267850917]
5,110,coarse : 206.57 seconds
5,110,fine : 206.58 seconds
[[1827   87]
 [  44   52]]
coarse acc: 0.935
coarse f1: 0.443
['rnd', 111, 'fold', 5, 'pr', 0.86832782860584568, 'roc', 0.84225879484500188]
[[1884   30]
 [  64   32]]
fine acc: 0.953
fine f1: 0.405
['rnd', 111, 'fold', 5, 'pr', 0.85956927363523417, 'roc', 0.82202412051549978]
5,111,coarse : 207.76 seconds
5,111,fine : 207.77 seconds
[[1828   86]
 [  44   52]]
coarse acc: 0.935
coarse f1: 0.444
['rnd', 112, 'fold', 5, 'pr', 0.86851590414328572, 'roc', 0.84292276210379657]
[[1884   30]
 [  63   33]]
fine acc: 0.954
fine f1: 0.415
['rnd', 112, 'fold', 5, 'pr', 0.85929191877789368, 'roc', 0.82165404040404033]
5,112,coarse : 208.12 seconds
5,112,fine : 208.13 seconds
[[1832   82]
 [  44   52]]
coarse acc: 0.937
coarse f1: 0.452
['rnd', 113, 'fold', 5, 'pr', 0.8678602495551998, 'roc', 0.84256356670149768]
[[1884   30]
 [  63   33]]
fine acc: 0.954
fine f1: 0.415
['rnd', 113, 'fold', 5, 'pr', 0.85961445608204334, 'roc', 0.82231256530825503]
5,113,coarse : 208.37 seconds
5,113,fine : 208.38 seconds
[[1825   89]
 [  44   52]]
coarse acc: 0.934
coarse f1: 0.439
['rnd', 114, 'fold', 5, 'pr', 0.86842441036452889, 'roc', 0.84230233368164398]
[[1884   30]
 [  63   33]]
fine acc: 0.954
fine f1: 0.415
['rnd', 114, 'fold', 5, 'pr', 0.85954639487625806, 'roc', 0.82194792755137591]
5,114,coarse : 208.23 seconds
5,114,fine : 208.24 seconds
[[1829   85]
 [  44   52]]
coarse acc: 0.936
coarse f1: 0.446
['rnd', 115, 'fold', 5, 'pr', 0.86726575252142402, 'roc', 0.84183429118773934]
[[1886   28]
 [  65   31]]
fine acc: 0.954
fine f1: 0.400
['rnd', 115, 'fold', 5, 'pr', 0.85995891778746913, 'roc', 0.82201867816091956]
5,115,coarse : 208.87 seconds
5,115,fine : 208.88 seconds
[[1828   86]
 [  43   53]]
coarse acc: 0.936
coarse f1: 0.451
['rnd', 116, 'fold', 5, 'pr', 0.8656172255919018, 'roc', 0.8404791448972484]
[[1886   28]
 [  64   32]]
fine acc: 0.954
fine f1: 0.410
['rnd', 116, 'fold', 5, 'pr', 0.85969060409546239, 'roc', 0.82128396029258099]
5,116,coarse : 209.42 seconds
5,116,fine : 209.43 seconds
[[1822   92]
 [  44   52]]
coarse acc: 0.932
coarse f1: 0.433
['rnd', 117, 'fold', 5, 'pr', 0.86673181283886047, 'roc', 0.84068595437129912]
[[1886   28]
 [  64   32]]
fine acc: 0.954
fine f1: 0.410
['rnd', 117, 'fold', 5, 'pr', 0.86223114238559129, 'roc', 0.82502830024381746]
5,117,coarse : 211.08 seconds
5,117,fine : 211.1 seconds
[[1822   92]
 [  45   51]]
coarse acc: 0.932
coarse f1: 0.427
['rnd', 118, 'fold', 5, 'pr', 0.87174478945849543, 'roc', 0.84077303204458376]
[[1886   28]
 [  64   32]]
fine acc: 0.954
fine f1: 0.410
['rnd', 118, 'fold', 5, 'pr', 0.86191043568603465, 'roc', 0.8244568530128874]
5,118,coarse : 210.57 seconds
5,118,fine : 210.58 seconds
[[1826   88]
 [  44   52]]
coarse acc: 0.934
coarse f1: 0.441
['rnd', 119, 'fold', 5, 'pr', 0.86470751637281118, 'roc', 0.83857432079414829]
[[1887   27]
 [  64   32]]
fine acc: 0.955
fine f1: 0.413
['rnd', 119, 'fold', 5, 'pr', 0.86108573179818482, 'roc', 0.82353709508881923]
5,119,coarse : 210.63 seconds
5,119,fine : 210.64 seconds
[[1825   89]
 [  44   52]]
coarse acc: 0.934
coarse f1: 0.439
['rnd', 120, 'fold', 5, 'pr', 0.86440309529084813, 'roc', 0.83845458899338199]
[[1886   28]
 [  64   32]]
fine acc: 0.954
fine f1: 0.410
['rnd', 120, 'fold', 5, 'pr', 0.86189411621506973, 'roc', 0.82453304597701149]
5,120,coarse : 209.98 seconds
5,120,fine : 209.99 seconds
[[1822   92]
 [  44   52]]
coarse acc: 0.932
coarse f1: 0.433
['rnd', 121, 'fold', 5, 'pr', 0.86530936598122576, 'roc', 0.83942332810867293]
[[1887   27]
 [  64   32]]
fine acc: 0.955
fine f1: 0.413
['rnd', 121, 'fold', 5, 'pr', 0.86102471284761961, 'roc', 0.82355342215256011]
5,121,coarse : 209.79 seconds
5,121,fine : 209.8 seconds
[[1829   85]
 [  43   53]]
coarse acc: 0.936
coarse f1: 0.453
['rnd', 122, 'fold', 5, 'pr', 0.86595333321463053, 'roc', 0.84018525774991293]
[[1887   27]
 [  64   32]]
fine acc: 0.955
fine f1: 0.413
['rnd', 122, 'fold', 5, 'pr', 0.86093183508780213, 'roc', 0.82350988331591779]
5,122,coarse : 210.05 seconds
5,122,fine : 210.07 seconds
[[1828   86]
 [  43   53]]
coarse acc: 0.936
coarse f1: 0.451
['rnd', 123, 'fold', 5, 'pr', 0.86546018769266764, 'roc', 0.84042472135144553]
[[1886   28]
 [  64   32]]
fine acc: 0.954
fine f1: 0.410
['rnd', 123, 'fold', 5, 'pr', 0.86124399204917146, 'roc', 0.82410309996516884]
5,123,coarse : 210.21 seconds
5,123,fine : 210.22 seconds
[[1825   89]
 [  43   53]]
coarse acc: 0.934
coarse f1: 0.445
['rnd', 124, 'fold', 5, 'pr', 0.86628811029081143, 'roc', 0.8403594130964821]
[[1886   28]
 [  64   32]]
fine acc: 0.954
fine f1: 0.410
['rnd', 124, 'fold', 5, 'pr', 0.86158614392873245, 'roc', 0.82574669104841525]
5,124,coarse : 211.47 seconds
5,124,fine : 211.48 seconds
[[1825   89]
 [  42   54]]
coarse acc: 0.935
coarse f1: 0.452
['rnd', 125, 'fold', 5, 'pr', 0.86624319439533048, 'roc', 0.84026145071403691]
[[1886   28]
 [  65   31]]
fine acc: 0.954
fine f1: 0.400
['rnd', 125, 'fold', 5, 'pr', 0.86002700626904383, 'roc', 0.82377111633577149]
5,125,coarse : 211.33 seconds
5,125,fine : 211.34 seconds
[[1829   85]
 [  43   53]]
coarse acc: 0.936
coarse f1: 0.453
['rnd', 126, 'fold', 5, 'pr', 0.8652101512773358, 'roc', 0.83902059386973182]
[[1886   28]
 [  64   32]]
fine acc: 0.954
fine f1: 0.410
['rnd', 126, 'fold', 5, 'pr', 0.86019488042822667, 'roc', 0.82446229536746785]
5,126,coarse : 211.02 seconds
5,126,fine : 211.04 seconds
[[1826   88]
 [  43   53]]
coarse acc: 0.935
coarse f1: 0.447
['rnd', 127, 'fold', 5, 'pr', 0.86470379160141519, 'roc', 0.83816614420062696]
[[1886   28]
 [  65   31]]
fine acc: 0.954
fine f1: 0.400
['rnd', 127, 'fold', 5, 'pr', 0.86044307538274967, 'roc', 0.82427725531173801]
5,127,coarse : 211.39 seconds
5,127,fine : 211.41 seconds
[[1829   85]
 [  45   51]]
coarse acc: 0.935
coarse f1: 0.440
['rnd', 128, 'fold', 5, 'pr', 0.86988865960284434, 'roc', 0.83685997910135834]
[[1888   26]
 [  64   32]]
fine acc: 0.955
fine f1: 0.416
['rnd', 128, 'fold', 5, 'pr', 0.86410734509438236, 'roc', 0.82878352490421459]
5,128,coarse : 211.02 seconds
5,128,fine : 211.03 seconds
[[1829   85]
 [  42   54]]
coarse acc: 0.937
coarse f1: 0.460
['rnd', 129, 'fold', 5, 'pr', 0.86509209988321445, 'roc', 0.83811716300940431]
[[1886   28]
 [  64   32]]
fine acc: 0.954
fine f1: 0.410
['rnd', 129, 'fold', 5, 'pr', 0.86230235380354159, 'roc', 0.82788553639846751]
5,129,coarse : 211.97 seconds
5,129,fine : 211.98 seconds
[[1828   86]
 [  43   53]]
coarse acc: 0.936
coarse f1: 0.451
['rnd', 130, 'fold', 5, 'pr', 0.86955269884977082, 'roc', 0.83628853187042851]
[[1884   30]
 [  62   34]]
fine acc: 0.954
fine f1: 0.425
['rnd', 130, 'fold', 5, 'pr', 0.86216498147874976, 'roc', 0.82887060257749912]
5,130,coarse : 212.72 seconds
5,130,fine : 212.73 seconds
[[1829   85]
 [  43   53]]
coarse acc: 0.936
coarse f1: 0.453
['rnd', 131, 'fold', 5, 'pr', 0.86352145671711544, 'roc', 0.83555925635667028]
[[1885   29]
 [  66   30]]
fine acc: 0.953
fine f1: 0.387
['rnd', 131, 'fold', 5, 'pr', 0.86172301358102432, 'roc', 0.82797805642633238]
5,131,coarse : 212.88 seconds
5,131,fine : 212.89 seconds
[[1832   82]
 [  44   52]]
coarse acc: 0.937
coarse f1: 0.452
['rnd', 132, 'fold', 5, 'pr', 0.86298363512064491, 'roc', 0.8366314002089863]
[[1887   27]
 [  66   30]]
fine acc: 0.954
fine f1: 0.392
['rnd', 132, 'fold', 5, 'pr', 0.86171552322208711, 'roc', 0.82810323058167878]
5,132,coarse : 214.59 seconds
5,132,fine : 214.6 seconds
[[1832   82]
 [  45   51]]
coarse acc: 0.937
coarse f1: 0.445
['rnd', 133, 'fold', 5, 'pr', 0.86431063149319909, 'roc', 0.83687630616509923]
[[1887   27]
 [  66   30]]
fine acc: 0.954
fine f1: 0.392
['rnd', 133, 'fold', 5, 'pr', 0.86270788427507772, 'roc', 0.82920258620689657]
5,133,coarse : 213.71 seconds
5,133,fine : 213.72 seconds
[[1830   84]
 [  43   53]]
coarse acc: 0.937
coarse f1: 0.455
['rnd', 134, 'fold', 5, 'pr', 0.86397947018632915, 'roc', 0.83600008707767326]
[[1886   28]
 [  63   33]]
fine acc: 0.955
fine f1: 0.420
['rnd', 134, 'fold', 5, 'pr', 0.86371509056446027, 'roc', 0.82915904737025414]
5,134,coarse : 213.59 seconds
5,134,fine : 213.61 seconds
[[1832   82]
 [  44   52]]
coarse acc: 0.937
coarse f1: 0.452
['rnd', 135, 'fold', 5, 'pr', 0.86664178554312865, 'roc', 0.8412029780564263]
[[1887   27]
 [  66   30]]
fine acc: 0.954
fine f1: 0.392
['rnd', 135, 'fold', 5, 'pr', 0.86250681383659233, 'roc', 0.82895223789620354]
5,135,coarse : 213.66 seconds
5,135,fine : 213.67 seconds
[[1833   81]
 [  45   51]]
coarse acc: 0.937
coarse f1: 0.447
['rnd', 136, 'fold', 5, 'pr', 0.86759160652686362, 'roc', 0.84133903692093359]
[[1885   29]
 [  66   30]]
fine acc: 0.953
fine f1: 0.387
['rnd', 136, 'fold', 5, 'pr', 0.86196969275886848, 'roc', 0.82899577673284575]
5,136,coarse : 215.61 seconds
5,136,fine : 215.63 seconds
[[1834   80]
 [  45   51]]
coarse acc: 0.938
coarse f1: 0.449
['rnd', 137, 'fold', 5, 'pr', 0.86669583826344132, 'roc', 0.84084378265412762]
[[1885   29]
 [  66   30]]
fine acc: 0.953
fine f1: 0.387
['rnd', 137, 'fold', 5, 'pr', 0.86081230262354647, 'roc', 0.8279018634622084]
5,137,coarse : 213.91 seconds
5,137,fine : 213.92 seconds
[[1833   81]
 [  45   51]]
coarse acc: 0.937
coarse f1: 0.447
['rnd', 138, 'fold', 5, 'pr', 0.86756097161276169, 'roc', 0.84132815221177293]
[[1886   28]
 [  66   30]]
fine acc: 0.953
fine f1: 0.390
['rnd', 138, 'fold', 5, 'pr', 0.85986200785143607, 'roc', 0.82706918321142464]
5,138,coarse : 214.32 seconds
5,138,fine : 214.33 seconds
[[1833   81]
 [  45   51]]
coarse acc: 0.937
coarse f1: 0.447
['rnd', 139, 'fold', 5, 'pr', 0.86753659583807963, 'roc', 0.84128461337513061]
[[1886   28]
 [  66   30]]
fine acc: 0.953
fine f1: 0.390
['rnd', 139, 'fold', 5, 'pr', 0.85973505797721328, 'roc', 0.82685693138279348]
5,139,coarse : 215.09 seconds
5,139,fine : 215.11 seconds
[[1835   79]
 [  44   52]]
coarse acc: 0.939
coarse f1: 0.458
['rnd', 140, 'fold', 5, 'pr', 0.86658885154476584, 'roc', 0.84074037791710199]
[[1885   29]
 [  67   29]]
fine acc: 0.952
fine f1: 0.377
['rnd', 140, 'fold', 5, 'pr', 0.86080780690910264, 'roc', 0.82884339080459757]
5,140,coarse : 215.07 seconds
5,140,fine : 215.08 seconds
[[1833   81]
 [  45   51]]
coarse acc: 0.937
coarse f1: 0.447
['rnd', 141, 'fold', 5, 'pr', 0.86759076314358885, 'roc', 0.84126284395680939]
[[1885   29]
 [  67   29]]
fine acc: 0.952
fine f1: 0.377
['rnd', 141, 'fold', 5, 'pr', 0.86064860875658677, 'roc', 0.82864202368512718]
5,141,coarse : 214.88 seconds
5,141,fine : 214.89 seconds
[[1835   79]
 [  44   52]]
coarse acc: 0.939
coarse f1: 0.458
['rnd', 142, 'fold', 5, 'pr', 0.86660272825022933, 'roc', 0.84068595437129923]
[[1883   31]
 [  64   32]]
fine acc: 0.953
fine f1: 0.403
['rnd', 142, 'fold', 5, 'pr', 0.86133939422415406, 'roc', 0.82759164925113204]
5,142,coarse : 214.77 seconds
5,142,fine : 214.79 seconds
[[1833   81]
 [  44   52]]
coarse acc: 0.938
coarse f1: 0.454
['rnd', 143, 'fold', 5, 'pr', 0.8669092344023589, 'roc', 0.8408818791361895]
[[1886   28]
 [  66   30]]
fine acc: 0.953
fine f1: 0.390
['rnd', 143, 'fold', 5, 'pr', 0.8599665772407652, 'roc', 0.82739028213166144]
5,143,coarse : 214.89 seconds
5,143,fine : 214.9 seconds
[[1834   80]
 [  44   52]]
coarse acc: 0.938
coarse f1: 0.456
['rnd', 144, 'fold', 5, 'pr', 0.86686170374825267, 'roc', 0.8408437826541274]
[[1885   29]
 [  66   30]]
fine acc: 0.953
fine f1: 0.387
['rnd', 144, 'fold', 5, 'pr', 0.8595161331482738, 'roc', 0.82665012190874265]
5,144,coarse : 216.16 seconds
5,144,fine : 216.18 seconds
[[1835   79]
 [  45   51]]
coarse acc: 0.938
coarse f1: 0.451
['rnd', 145, 'fold', 5, 'pr', 0.8663983699792297, 'roc', 0.8409417450365726]
[[1883   31]
 [  64   32]]
fine acc: 0.953
fine f1: 0.403
['rnd', 145, 'fold', 5, 'pr', 0.86154381485989551, 'roc', 0.82690047021943569]
5,145,coarse : 214.83 seconds
5,145,fine : 214.84 seconds
[[1832   82]
 [  44   52]]
coarse acc: 0.937
coarse f1: 0.452
['rnd', 146, 'fold', 5, 'pr', 0.86688105624335776, 'roc', 0.84089276384534994]
[[1886   28]
 [  66   30]]
fine acc: 0.953
fine f1: 0.390
['rnd', 146, 'fold', 5, 'pr', 0.86004293612415883, 'roc', 0.82668277603622442]
5,146,coarse : 214.26 seconds
5,146,fine : 214.28 seconds
[[1832   82]
 [  44   52]]
coarse acc: 0.937
coarse f1: 0.452
['rnd', 147, 'fold', 5, 'pr', 0.86686339518555733, 'roc', 0.84084922500870785]
[[1886   28]
 [  64   32]]
fine acc: 0.954
fine f1: 0.410
['rnd', 147, 'fold', 5, 'pr', 0.85874422309560972, 'roc', 0.82636167711598751]
5,147,coarse : 214.74 seconds
5,147,fine : 214.76 seconds
[[1835   79]
 [  44   52]]
coarse acc: 0.939
coarse f1: 0.458
['rnd', 148, 'fold', 5, 'pr', 0.86637069417000268, 'roc', 0.84087099442702906]
[[1884   30]
 [  64   32]]
fine acc: 0.953
fine f1: 0.405
['rnd', 148, 'fold', 5, 'pr', 0.86617364914594752, 'roc', 0.83838928073841867]
5,148,coarse : 214.12 seconds
5,148,fine : 214.13 seconds
[[1830   84]
 [  44   52]]
coarse acc: 0.936
coarse f1: 0.448
['rnd', 149, 'fold', 5, 'pr', 0.86681324675112204, 'roc', 0.84109413096482055]
[[1886   28]
 [  65   31]]
fine acc: 0.954
fine f1: 0.400
['rnd', 149, 'fold', 5, 'pr', 0.86696958582172501, 'roc', 0.83839472309299912]
5,149,coarse : 215.26 seconds
5,149,fine : 215.28 seconds
[[1830   84]
 [  44   52]]
coarse acc: 0.936
coarse f1: 0.448
['rnd', 150, 'fold', 5, 'pr', 0.86684633762157381, 'roc', 0.84112678509230232]
[[1884   30]
 [  66   30]]
fine acc: 0.952
fine f1: 0.385
['rnd', 150, 'fold', 5, 'pr', 0.866460972333569, 'roc', 0.83743686868686873]
5,150,coarse : 217.01 seconds
5,150,fine : 217.02 seconds
[[1831   83]
 [  44   52]]
coarse acc: 0.937
coarse f1: 0.450
['rnd', 151, 'fold', 5, 'pr', 0.86685868602832028, 'roc', 0.84112678509230232]
[[1884   30]
 [  66   30]]
fine acc: 0.952
fine f1: 0.385
['rnd', 151, 'fold', 5, 'pr', 0.86634939367996244, 'roc', 0.83726271334029945]
5,151,coarse : 215.23 seconds
5,151,fine : 215.24 seconds
[[1832   82]
 [  44   52]]
coarse acc: 0.937
coarse f1: 0.452
['rnd', 152, 'fold', 5, 'pr', 0.86718088995968534, 'roc', 0.84150774991292221]
[[1884   30]
 [  66   30]]
fine acc: 0.952
fine f1: 0.385
['rnd', 152, 'fold', 5, 'pr', 0.8661782439718817, 'roc', 0.83734979101358409]
5,152,coarse : 214.97 seconds
5,152,fine : 214.98 seconds
[[1832   82]
 [  44   52]]
coarse acc: 0.937
coarse f1: 0.452
['rnd', 153, 'fold', 5, 'pr', 0.86711490698016869, 'roc', 0.84146965343086033]
[[1888   26]
 [  65   31]]
fine acc: 0.955
fine f1: 0.405
['rnd', 153, 'fold', 5, 'pr', 0.86560989846231751, 'roc', 0.83726815569487978]
5,153,coarse : 214.86 seconds
5,153,fine : 214.88 seconds
[[1832   82]
 [  44   52]]
coarse acc: 0.937
coarse f1: 0.452
['rnd', 154, 'fold', 5, 'pr', 0.86770722833806424, 'roc', 0.84175265586903514]
[[1888   26]
 [  65   31]]
fine acc: 0.955
fine f1: 0.405
['rnd', 154, 'fold', 5, 'pr', 0.86548901744092299, 'roc', 0.8371320968303726]
5,154,coarse : 215.27 seconds
5,154,fine : 215.29 seconds
[[1832   82]
 [  45   51]]
coarse acc: 0.937
coarse f1: 0.445
['rnd', 155, 'fold', 5, 'pr', 0.86771871493201735, 'roc', 0.8417417711598747]
[[1888   26]
 [  65   31]]
fine acc: 0.955
fine f1: 0.405
['rnd', 155, 'fold', 5, 'pr', 0.86542145978752127, 'roc', 0.83699603796586541]
5,155,coarse : 214.53 seconds
5,155,fine : 214.54 seconds
[[1830   84]
 [  46   50]]
coarse acc: 0.935
coarse f1: 0.435
['rnd', 156, 'fold', 5, 'pr', 0.86962263204001855, 'roc', 0.8451160309996516]
[[1888   26]
 [  65   31]]
fine acc: 0.955
fine f1: 0.405
['rnd', 156, 'fold', 5, 'pr', 0.86475203028348502, 'roc', 0.83601641414141414]
5,156,coarse : 215.76 seconds
5,156,fine : 215.77 seconds
[[1826   88]
 [  47   49]]
coarse acc: 0.933
coarse f1: 0.421
['rnd', 157, 'fold', 5, 'pr', 0.86768879611285743, 'roc', 0.84287922326715425]
[[1888   26]
 [  65   31]]
fine acc: 0.955
fine f1: 0.405
['rnd', 157, 'fold', 5, 'pr', 0.86499711699268889, 'roc', 0.83588579763148718]
5,157,coarse : 216.53 seconds
5,157,fine : 216.54 seconds
[[1830   84]
 [  47   49]]
coarse acc: 0.935
coarse f1: 0.428
['rnd', 158, 'fold', 5, 'pr', 0.86768758679584934, 'roc', 0.84279758794844994]
[[1888   26]
 [  65   31]]
fine acc: 0.955
fine f1: 0.405
['rnd', 158, 'fold', 5, 'pr', 0.86483084282612832, 'roc', 0.83569531522117735]
5,158,coarse : 215.65 seconds
5,158,fine : 215.66 seconds
[[1830   84]
 [  45   51]]
coarse acc: 0.936
coarse f1: 0.442
['rnd', 159, 'fold', 5, 'pr', 0.87238136690091095, 'roc', 0.84010362243120873]
[[1888   26]
 [  65   31]]
fine acc: 0.955
fine f1: 0.405
['rnd', 159, 'fold', 5, 'pr', 0.86479846489643863, 'roc', 0.83560823754789282]
5,159,coarse : 215.72 seconds
5,159,fine : 215.74 seconds
[[1829   85]
 [  45   51]]
coarse acc: 0.935
coarse f1: 0.440
['rnd', 160, 'fold', 5, 'pr', 0.87228030830373804, 'roc', 0.83987504353883669]
[[1886   28]
 [  65   31]]
fine acc: 0.954
fine f1: 0.400
['rnd', 160, 'fold', 5, 'pr', 0.86313368919856459, 'roc', 0.83374695228143503]
5,160,coarse : 216.19 seconds
5,160,fine : 216.21 seconds
[[1832   82]
 [  45   51]]
coarse acc: 0.937
coarse f1: 0.445
['rnd', 161, 'fold', 5, 'pr', 0.87177883065749495, 'roc', 0.83899338209683028]
[[1885   29]
 [  65   31]]
fine acc: 0.953
fine f1: 0.397
['rnd', 161, 'fold', 5, 'pr', 0.86348073731518116, 'roc', 0.83300679205851635]
5,161,coarse : 217.12 seconds
5,161,fine : 217.13 seconds
[[1832   82]
 [  45   51]]
coarse acc: 0.937
coarse f1: 0.445
['rnd', 162, 'fold', 5, 'pr', 0.87179822231469783, 'roc', 0.83898793974225006]
[[1883   31]
 [  66   30]]
fine acc: 0.952
fine f1: 0.382
['rnd', 162, 'fold', 5, 'pr', 0.86278149920078795, 'roc', 0.83246799895506796]
5,162,coarse : 217.54 seconds
5,162,fine : 217.55 seconds
[[1832   82]
 [  45   51]]
coarse acc: 0.937
coarse f1: 0.445
['rnd', 163, 'fold', 5, 'pr', 0.87182430384888543, 'roc', 0.8389770550330895]
[[1885   29]
 [  65   31]]
fine acc: 0.953
fine f1: 0.397
['rnd', 163, 'fold', 5, 'pr', 0.86414971890939785, 'roc', 0.83481909613375116]
5,163,coarse : 217.54 seconds
5,163,fine : 217.55 seconds
[[1835   79]
 [  44   52]]
coarse acc: 0.939
coarse f1: 0.458
['rnd', 164, 'fold', 5, 'pr', 0.87176731954318476, 'roc', 0.83933625043538829]
[[1883   31]
 [  66   30]]
fine acc: 0.952
fine f1: 0.382
['rnd', 164, 'fold', 5, 'pr', 0.86257670445776191, 'roc', 0.83156456809474066]
5,164,coarse : 216.77 seconds
5,164,fine : 216.78 seconds
[[1831   83]
 [  44   52]]
coarse acc: 0.937
coarse f1: 0.450
['rnd', 165, 'fold', 5, 'pr', 0.87091972317684041, 'roc', 0.83830220306513392]
[[1883   31]
 [  66   30]]
fine acc: 0.952
fine f1: 0.382
['rnd', 165, 'fold', 5, 'pr', 0.86192820204199039, 'roc', 0.83095502438174862]
5,165,coarse : 218.09 seconds
5,165,fine : 218.11 seconds
[[1830   84]
 [  42   54]]
coarse acc: 0.937
coarse f1: 0.462
['rnd', 166, 'fold', 5, 'pr', 0.86514994134669354, 'roc', 0.83811716300940431]
[[1883   31]
 [  66   30]]
fine acc: 0.952
fine f1: 0.382
['rnd', 166, 'fold', 5, 'pr', 0.86188411203827164, 'roc', 0.83094958202716829]
5,166,coarse : 221.68 seconds
5,166,fine : 221.7 seconds
[[1831   83]
 [  42   54]]
coarse acc: 0.938
coarse f1: 0.464
['rnd', 167, 'fold', 5, 'pr', 0.87082826284576653, 'roc', 0.83774164054336453]
[[1884   30]
 [  66   30]]
fine acc: 0.952
fine f1: 0.385
['rnd', 167, 'fold', 5, 'pr', 0.86118089473054837, 'roc', 0.83023119122257061]
5,167,coarse : 222.08 seconds
5,167,fine : 222.09 seconds
[[1831   83]
 [  42   54]]
coarse acc: 0.938
coarse f1: 0.464
['rnd', 168, 'fold', 5, 'pr', 0.87080777612217775, 'roc', 0.83769810170672243]
[[1885   29]
 [  66   30]]
fine acc: 0.953
fine f1: 0.387
['rnd', 168, 'fold', 5, 'pr', 0.8609782773178114, 'roc', 0.83063936781609193]
5,168,coarse : 222.33 seconds
5,168,fine : 222.35 seconds
[[1833   81]
 [  42   54]]
coarse acc: 0.939
coarse f1: 0.468
['rnd', 169, 'fold', 5, 'pr', 0.86965043589271629, 'roc', 0.83533611981887845]
[[1885   29]
 [  66   30]]
fine acc: 0.953
fine f1: 0.387
['rnd', 169, 'fold', 5, 'pr', 0.86084498023024758, 'roc', 0.83048698188784398]
5,169,coarse : 222.43 seconds
5,169,fine : 222.45 seconds
[[1829   85]
 [  42   54]]
coarse acc: 0.937
coarse f1: 0.460
['rnd', 170, 'fold', 5, 'pr', 0.86943768113608777, 'roc', 0.83536333159177989]
[[1886   28]
 [  66   30]]
fine acc: 0.953
fine f1: 0.390
['rnd', 170, 'fold', 5, 'pr', 0.86079334840729005, 'roc', 0.83045977011494254]
5,170,coarse : 221.71 seconds
5,170,fine : 221.72 seconds
[[1828   86]
 [  42   54]]
coarse acc: 0.936
coarse f1: 0.458
['rnd', 171, 'fold', 5, 'pr', 0.86945957552641229, 'roc', 0.83533611981887845]
[[1887   27]
 [  66   30]]
fine acc: 0.954
fine f1: 0.392
['rnd', 171, 'fold', 5, 'pr', 0.86190299960221861, 'roc', 0.83289250261233017]
5,171,coarse : 222.44 seconds
5,171,fine : 222.45 seconds
[[1828   86]
 [  42   54]]
coarse acc: 0.936
coarse f1: 0.458
['rnd', 172, 'fold', 5, 'pr', 0.86941348870811175, 'roc', 0.83527625391849536]
[[1887   27]
 [  66   30]]
fine acc: 0.954
fine f1: 0.392
['rnd', 172, 'fold', 5, 'pr', 0.86186351289018204, 'roc', 0.83282175200278652]
5,172,coarse : 222.39 seconds
5,172,fine : 222.4 seconds
