This is pdfTeX, Version 3.1415926-2.3-1.40.12 (TeX Live 2011) (format=pdflatex 2011.7.3)  30 SEP 2016 11:33
entering extended mode
 restricted \write18 enabled.
 %&-line parsing enabled.
**version2.tex
(./version2.tex
LaTeX2e <2009/09/24>
Babel <v3.8l> and hyphenation patterns for english, dumylang, nohyphenation, ge
rman-x-2009-06-19, ngerman-x-2009-06-19, afrikaans, ancientgreek, ibycus, arabi
c, armenian, basque, bulgarian, catalan, pinyin, coptic, croatian, czech, danis
h, dutch, ukenglish, usenglishmax, esperanto, estonian, ethiopic, farsi, finnis
h, french, galician, german, ngerman, swissgerman, monogreek, greek, hungarian,
 icelandic, assamese, bengali, gujarati, hindi, kannada, malayalam, marathi, or
iya, panjabi, tamil, telugu, indonesian, interlingua, irish, italian, kurmanji,
 lao, latin, latvian, lithuanian, mongolian, mongolianlmc, bokmal, nynorsk, pol
ish, portuguese, romanian, russian, sanskrit, serbian, serbianc, slovak, sloven
ian, spanish, swedish, turkish, turkmen, ukrainian, uppersorbian, welsh, loaded
.
(./IEEEtran.cls
Document Class: IEEEtran 2012/11/21 V1.8c by Harald Hanche-Olsen and Anders Chr
istensen
-- Based on V1.7a by Michael Shell
-- See the "IEEEtran_HOWTO" manual for usage information.
-- http://www.michaelshell.org/tex/ieeetran/
\@IEEEtrantmpdimenA=\dimen102
\@IEEEtrantmpdimenB=\dimen103
\@IEEEtrantmpcountA=\count79
\@IEEEtrantmpcountB=\count80
\@IEEEtrantmptoksA=\toks14
LaTeX Font Info:    Try loading font information for OT1+ptm on input line 373.

(/usr/local/texlive/2011/texmf-dist/tex/latex/psnfss/ot1ptm.fd
File: ot1ptm.fd 2001/06/04 font definitions for OT1/ptm.
)
-- Using 8.5in x 11in (letter) paper.
-- Using PDF output.
\@IEEEnormalsizeunitybaselineskip=\dimen104
-- This is a 10 point document.
\CLASSINFOnormalsizebaselineskip=\dimen105
\CLASSINFOnormalsizeunitybaselineskip=\dimen106
\IEEEnormaljot=\dimen107
LaTeX Font Info:    Font shape `OT1/ptm/bx/n' in size <5> not available
(Font)              Font shape `OT1/ptm/b/n' tried instead on input line 731.
LaTeX Font Info:    Font shape `OT1/ptm/bx/it' in size <5> not available
(Font)              Font shape `OT1/ptm/b/it' tried instead on input line 731.
LaTeX Font Info:    Font shape `OT1/ptm/bx/n' in size <7> not available
(Font)              Font shape `OT1/ptm/b/n' tried instead on input line 731.
LaTeX Font Info:    Font shape `OT1/ptm/bx/it' in size <7> not available
(Font)              Font shape `OT1/ptm/b/it' tried instead on input line 731.
LaTeX Font Info:    Font shape `OT1/ptm/bx/n' in size <8> not available
(Font)              Font shape `OT1/ptm/b/n' tried instead on input line 731.
LaTeX Font Info:    Font shape `OT1/ptm/bx/it' in size <8> not available
(Font)              Font shape `OT1/ptm/b/it' tried instead on input line 731.
LaTeX Font Info:    Font shape `OT1/ptm/bx/n' in size <9> not available
(Font)              Font shape `OT1/ptm/b/n' tried instead on input line 731.
LaTeX Font Info:    Font shape `OT1/ptm/bx/it' in size <9> not available
(Font)              Font shape `OT1/ptm/b/it' tried instead on input line 731.
LaTeX Font Info:    Font shape `OT1/ptm/bx/n' in size <10> not available
(Font)              Font shape `OT1/ptm/b/n' tried instead on input line 731.
LaTeX Font Info:    Font shape `OT1/ptm/bx/it' in size <10> not available
(Font)              Font shape `OT1/ptm/b/it' tried instead on input line 731.
LaTeX Font Info:    Font shape `OT1/ptm/bx/n' in size <11> not available
(Font)              Font shape `OT1/ptm/b/n' tried instead on input line 731.
LaTeX Font Info:    Font shape `OT1/ptm/bx/it' in size <11> not available
(Font)              Font shape `OT1/ptm/b/it' tried instead on input line 731.
LaTeX Font Info:    Font shape `OT1/ptm/bx/n' in size <12> not available
(Font)              Font shape `OT1/ptm/b/n' tried instead on input line 731.
LaTeX Font Info:    Font shape `OT1/ptm/bx/it' in size <12> not available
(Font)              Font shape `OT1/ptm/b/it' tried instead on input line 731.
LaTeX Font Info:    Font shape `OT1/ptm/bx/n' in size <17> not available
(Font)              Font shape `OT1/ptm/b/n' tried instead on input line 731.
LaTeX Font Info:    Font shape `OT1/ptm/bx/it' in size <17> not available
(Font)              Font shape `OT1/ptm/b/it' tried instead on input line 731.
LaTeX Font Info:    Font shape `OT1/ptm/bx/n' in size <20> not available
(Font)              Font shape `OT1/ptm/b/n' tried instead on input line 731.
LaTeX Font Info:    Font shape `OT1/ptm/bx/it' in size <20> not available
(Font)              Font shape `OT1/ptm/b/it' tried instead on input line 731.
LaTeX Font Info:    Font shape `OT1/ptm/bx/n' in size <24> not available
(Font)              Font shape `OT1/ptm/b/n' tried instead on input line 731.
LaTeX Font Info:    Font shape `OT1/ptm/bx/it' in size <24> not available
(Font)              Font shape `OT1/ptm/b/it' tried instead on input line 731.
\IEEEilabelindentA=\dimen108
\IEEEilabelindentB=\dimen109
\IEEEilabelindent=\dimen110
\IEEEelabelindent=\dimen111
\IEEEdlabelindent=\dimen112
\IEEElabelindent=\dimen113
\IEEEiednormlabelsep=\dimen114
\IEEEiedmathlabelsep=\dimen115
\IEEEiedtopsep=\skip41
\c@section=\count81
\c@subsection=\count82
\c@subsubsection=\count83
\c@paragraph=\count84
\c@IEEEsubequation=\count85
\abovecaptionskip=\skip42
\belowcaptionskip=\skip43
\c@figure=\count86
\c@table=\count87
\@IEEEeqnnumcols=\count88
\@IEEEeqncolcnt=\count89
\@IEEEtmpitemindent=\dimen116
\c@IEEEbiography=\count90
\@IEEEtranrubishbin=\box26
) (/usr/local/texlive/2011/texmf-dist/tex/latex/hyperref/hyperref.sty
Package: hyperref 2011/04/17 v6.82g Hypertext links for LaTeX

(/usr/local/texlive/2011/texmf-dist/tex/generic/oberdiek/hobsub-hyperref.sty
Package: hobsub-hyperref 2011/04/23 v1.4 Bundle oberdiek, subset hyperref (HO)

(/usr/local/texlive/2011/texmf-dist/tex/generic/oberdiek/hobsub-generic.sty
Package: hobsub-generic 2011/04/23 v1.4 Bundle oberdiek, subset generic (HO)
Package: hobsub 2011/04/23 v1.4 Subsetting bundle oberdiek (HO)
Package: infwarerr 2010/04/08 v1.3 Providing info/warning/message (HO)
Package: ltxcmds 2011/04/18 v1.20 LaTeX kernel commands for general use (HO)
Package: ifluatex 2010/03/01 v1.3 Provides the ifluatex switch (HO)
Package ifluatex Info: LuaTeX not detected.
Package: ifvtex 2010/03/01 v1.5 Switches for detecting VTeX and its modes (HO)
Package ifvtex Info: VTeX not detected.
Package: intcalc 2007/09/27 v1.1 Expandable integer calculations (HO)
Package: ifpdf 2011/01/30 v2.3 Provides the ifpdf switch (HO)
Package ifpdf Info: pdfTeX in PDF mode is detected.
Package: etexcmds 2011/02/16 v1.5 Prefix for e-TeX command names (HO)
Package etexcmds Info: Could not find \expanded.
(etexcmds)             That can mean that you are not using pdfTeX 1.50 or
(etexcmds)             that some package has redefined \expanded.
(etexcmds)             In the latter case, load this package earlier.
Package: kvsetkeys 2011/04/07 v1.13 Key value parser (HO)
Package: kvdefinekeys 2011/04/07 v1.3 Defining keys (HO)
Package: pdftexcmds 2011/04/22 v0.16 Utilities of pdfTeX for LuaTeX (HO)
Package pdftexcmds Info: LuaTeX not detected.
Package pdftexcmds Info: \pdf@primitive is available.
Package pdftexcmds Info: \pdf@ifprimitive is available.
Package pdftexcmds Info: \pdfdraftmode found.
Package: pdfescape 2011/04/04 v1.12 Provides string conversions (HO)
Package: bigintcalc 2011/01/30 v1.2 Expandable big integer calculations (HO)
Package: bitset 2011/01/30 v1.1 Data type bit set (HO)
Package: uniquecounter 2011/01/30 v1.2 Provides unlimited unique counter (HO)
)
Package hobsub Info: Skipping package `hobsub' (already loaded).
Package: letltxmacro 2010/09/02 v1.4 Let assignment for LaTeX macros (HO)
Package: hopatch 2011/01/30 v1.0 Wrapper for package hooks (HO)
Package: xcolor-patch 2011/01/30 xcolor patch
Package: atveryend 2011/04/23 v1.7 Hooks at very end of document (HO)
Package atveryend Info: \enddocument detected (standard).
Package: atbegshi 2011/01/30 v1.15 At begin shipout hook (HO)
Package: refcount 2010/12/01 v3.2 Data extraction from references (HO)
Package: hycolor 2011/01/30 v1.7 Color options of hyperref/bookmark (HO)
)
(/usr/local/texlive/2011/texmf-dist/tex/latex/graphics/keyval.sty
Package: keyval 1999/03/16 v1.13 key=value parser (DPC)
\KV@toks@=\toks15
)
(/usr/local/texlive/2011/texmf-dist/tex/generic/ifxetex/ifxetex.sty
Package: ifxetex 2010/09/12 v0.6 Provides ifxetex conditional
)
(/usr/local/texlive/2011/texmf-dist/tex/latex/oberdiek/kvoptions.sty
Package: kvoptions 2010/12/23 v3.10 Keyval support for LaTeX options (HO)
)
\@linkdim=\dimen117
\Hy@linkcounter=\count91
\Hy@pagecounter=\count92

(/usr/local/texlive/2011/texmf-dist/tex/latex/hyperref/pd1enc.def
File: pd1enc.def 2011/04/17 v6.82g Hyperref: PDFDocEncoding definition (HO)
)
\Hy@SavedSpaceFactor=\count93

(/usr/local/texlive/2011/texmf-dist/tex/latex/latexconfig/hyperref.cfg
File: hyperref.cfg 2002/06/06 v1.2 hyperref configuration of TeXLive
)
Package hyperref Info: Option `bookmarks' set `false' on input line 3905.
Package hyperref Info: Hyper figures OFF on input line 4026.
Package hyperref Info: Link nesting OFF on input line 4031.
Package hyperref Info: Hyper index ON on input line 4034.
Package hyperref Info: Plain pages OFF on input line 4041.
Package hyperref Info: Backreferencing OFF on input line 4046.
Package hyperref Info: Implicit mode ON; LaTeX internals redefined.
Package hyperref Info: Bookmarks OFF on input line 4270.
\c@Hy@tempcnt=\count94

(/usr/local/texlive/2011/texmf-dist/tex/latex/url/url.sty
\Urlmuskip=\muskip10
Package: url 2006/04/12  ver 3.3  Verb mode for urls, etc.
)
LaTeX Info: Redefining \url on input line 4617.
\Fld@menulength=\count95
\Field@Width=\dimen118
\Fld@charsize=\dimen119
Package hyperref Info: Hyper figures OFF on input line 5701.
Package hyperref Info: Link nesting OFF on input line 5706.
Package hyperref Info: Hyper index ON on input line 5709.
Package hyperref Info: backreferencing OFF on input line 5716.
Package hyperref Info: Link coloring OFF on input line 5721.
Package hyperref Info: Link coloring with OCG OFF on input line 5726.
Package hyperref Info: PDF/A mode OFF on input line 5731.
LaTeX Info: Redefining \ref on input line 5771.
LaTeX Info: Redefining \pageref on input line 5775.
\Hy@abspage=\count96
\c@Item=\count97
\c@Hfootnote=\count98
)

Package hyperref Message: Driver (autodetected): hpdftex.

(/usr/local/texlive/2011/texmf-dist/tex/latex/hyperref/hpdftex.def
File: hpdftex.def 2011/04/17 v6.82g Hyperref driver for pdfTeX
\Fld@listcount=\count99
\c@bookmark@seq@number=\count100

(/usr/local/texlive/2011/texmf-dist/tex/latex/oberdiek/rerunfilecheck.sty
Package: rerunfilecheck 2011/04/15 v1.7 Rerun checks for auxiliary files (HO)
Package uniquecounter Info: New unique counter `rerunfilecheck' on input line 2
82.
)
\Hy@SectionHShift=\skip44
)
(/usr/local/texlive/2011/texmf-dist/tex/latex/subfigure/subfigure.sty
Package: subfigure 2002/03/15 v2.1.5 subfigure package
\subfigtopskip=\skip45
\subfigcapskip=\skip46
\subfigcaptopadj=\dimen120
\subfigbottomskip=\skip47
\subfigcapmargin=\dimen121
\subfiglabelskip=\skip48
\c@subfigure=\count101
\c@lofdepth=\count102
\c@subtable=\count103
\c@lotdepth=\count104

****************************************
* Local config file subfigure.cfg used *
****************************************
(/usr/local/texlive/2011/texmf-dist/tex/latex/subfigure/subfigure.cfg)
\subfig@top=\skip49
\subfig@bottom=\skip50
)
(/usr/local/texlive/2011/texmf-dist/tex/latex/amsmath/amsmath.sty
Package: amsmath 2000/07/18 v2.13 AMS math features
\@mathmargin=\skip51

For additional information on amsmath, use the `?' option.
(/usr/local/texlive/2011/texmf-dist/tex/latex/amsmath/amstext.sty
Package: amstext 2000/06/29 v2.01

(/usr/local/texlive/2011/texmf-dist/tex/latex/amsmath/amsgen.sty
File: amsgen.sty 1999/11/30 v2.0
\@emptytoks=\toks16
\ex@=\dimen122
))
(/usr/local/texlive/2011/texmf-dist/tex/latex/amsmath/amsbsy.sty
Package: amsbsy 1999/11/29 v1.2d
\pmbraise@=\dimen123
)
(/usr/local/texlive/2011/texmf-dist/tex/latex/amsmath/amsopn.sty
Package: amsopn 1999/12/14 v2.01 operator names
)
\inf@bad=\count105
LaTeX Info: Redefining \frac on input line 211.
\uproot@=\count106
\leftroot@=\count107
LaTeX Info: Redefining \overline on input line 307.
\classnum@=\count108
\DOTSCASE@=\count109
LaTeX Info: Redefining \ldots on input line 379.
LaTeX Info: Redefining \dots on input line 382.
LaTeX Info: Redefining \cdots on input line 467.
\Mathstrutbox@=\box27
\strutbox@=\box28
\big@size=\dimen124
LaTeX Font Info:    Redeclaring font encoding OML on input line 567.
LaTeX Font Info:    Redeclaring font encoding OMS on input line 568.
\macc@depth=\count110
\c@MaxMatrixCols=\count111
\dotsspace@=\muskip11
\c@parentequation=\count112
\dspbrk@lvl=\count113
\tag@help=\toks17
\row@=\count114
\column@=\count115
\maxfields@=\count116
\andhelp@=\toks18
\eqnshift@=\dimen125
\alignsep@=\dimen126
\tagshift@=\dimen127
\tagwidth@=\dimen128
\totwidth@=\dimen129
\lineht@=\dimen130
\@envbody=\toks19
\multlinegap=\skip52
\multlinetaggap=\skip53
\mathdisplay@stack=\toks20
LaTeX Info: Redefining \[ on input line 2666.
LaTeX Info: Redefining \] on input line 2667.
)
(/usr/local/texlive/2011/texmf-dist/tex/latex/psnfss/times.sty
Package: times 2005/04/12 PSNFSS-v9.2a (SPQR) 
)
(/usr/local/texlive/2011/texmf-dist/tex/latex/graphics/graphicx.sty
Package: graphicx 1999/02/16 v1.0f Enhanced LaTeX Graphics (DPC,SPQR)

(/usr/local/texlive/2011/texmf-dist/tex/latex/graphics/graphics.sty
Package: graphics 2009/02/05 v1.0o Standard LaTeX Graphics (DPC,SPQR)

(/usr/local/texlive/2011/texmf-dist/tex/latex/graphics/trig.sty
Package: trig 1999/03/16 v1.09 sin cos tan (DPC)
)
(/usr/local/texlive/2011/texmf-dist/tex/latex/latexconfig/graphics.cfg
File: graphics.cfg 2010/04/23 v1.9 graphics configuration of TeX Live
)
Package graphics Info: Driver file: pdftex.def on input line 91.

(/usr/local/texlive/2011/texmf-dist/tex/latex/pdftex-def/pdftex.def
File: pdftex.def 2011/05/27 v0.06d Graphics/color for pdfTeX
\Gread@gobject=\count117
))
\Gin@req@height=\dimen131
\Gin@req@width=\dimen132
)
(/usr/local/texlive/2011/texmf-dist/tex/latex/amsfonts/amssymb.sty
Package: amssymb 2009/06/22 v3.00

(/usr/local/texlive/2011/texmf-dist/tex/latex/amsfonts/amsfonts.sty
Package: amsfonts 2009/06/22 v3.00 Basic AMSFonts support
\symAMSa=\mathgroup4
\symAMSb=\mathgroup5
LaTeX Font Info:    Overwriting math alphabet `\mathfrak' in version `bold'
(Font)                  U/euf/m/n --> U/euf/b/n on input line 96.
))
(/usr/local/texlive/2011/texmf-dist/tex/latex/natbib/natbib.sty
Package: natbib 2010/09/13 8.31b (PWD, AO)
\bibhang=\skip54
\bibsep=\skip55
LaTeX Info: Redefining \cite on input line 694.
\c@NAT@ctr=\count118
)
(/usr/local/texlive/2011/texmf-dist/tex/latex/algorithms/algorithm.sty
Package: algorithm 2009/08/24 v0.1 Document Style `algorithm' - floating enviro
nment

(/usr/local/texlive/2011/texmf-dist/tex/latex/float/float.sty
Package: float 2001/11/08 v1.3d Float enhancements (AL)
\c@float@type=\count119
\float@exts=\toks21
\float@box=\box29
\@float@everytoks=\toks22
\@floatcapt=\box30
)
(/usr/local/texlive/2011/texmf-dist/tex/latex/base/ifthen.sty
Package: ifthen 2001/05/26 v1.1c Standard LaTeX ifthen package (DPC)
)
\@float@every@algorithm=\toks23
\c@algorithm=\count120
)
(/usr/local/texlive/2011/texmf-dist/tex/latex/algorithmicx/algpseudocode.sty
Package: algpseudocode 

(/usr/local/texlive/2011/texmf-dist/tex/latex/algorithmicx/algorithmicx.sty
Package: algorithmicx 2005/04/27 v1.2 Algorithmicx

Document Style algorithmicx 1.2 - a greatly improved `algorithmic' style
\c@ALG@line=\count121
\c@ALG@rem=\count122
\c@ALG@nested=\count123
\ALG@tlm=\skip56
\ALG@thistlm=\skip57
\c@ALG@Lnr=\count124
\c@ALG@blocknr=\count125
\c@ALG@storecount=\count126
\c@ALG@tmpcounter=\count127
\ALG@tmplength=\skip58
)
Document Style - pseudocode environments for use with the `algorithmicx' style
) (/usr/local/texlive/2011/texmf-dist/tex/latex/graphics/color.sty
Package: color 2005/11/14 v1.0j Standard LaTeX Color (DPC)

(/usr/local/texlive/2011/texmf-dist/tex/latex/latexconfig/color.cfg
File: color.cfg 2007/01/18 v1.5 color configuration of teTeX/TeXLive
)
Package color Info: Driver file: pdftex.def on input line 130.
)
\c@thm=\count128
\c@cor=\count129


LaTeX Warning: Unused global option(s):
    [compsocconf].

(./version2.aux)
\openout1 = `version2.aux'.

LaTeX Font Info:    Checking defaults for OML/cmm/m/it on input line 462.
LaTeX Font Info:    ... okay on input line 462.
LaTeX Font Info:    Checking defaults for T1/cmr/m/n on input line 462.
LaTeX Font Info:    ... okay on input line 462.
LaTeX Font Info:    Checking defaults for OT1/cmr/m/n on input line 462.
LaTeX Font Info:    ... okay on input line 462.
LaTeX Font Info:    Checking defaults for OMS/cmsy/m/n on input line 462.
LaTeX Font Info:    ... okay on input line 462.
LaTeX Font Info:    Checking defaults for OMX/cmex/m/n on input line 462.
LaTeX Font Info:    ... okay on input line 462.
LaTeX Font Info:    Checking defaults for U/cmr/m/n on input line 462.
LaTeX Font Info:    ... okay on input line 462.
LaTeX Font Info:    Checking defaults for PD1/pdf/m/n on input line 462.
LaTeX Font Info:    ... okay on input line 462.
\AtBeginShipoutBox=\box31
Package hyperref Info: Link coloring OFF on input line 462.

(/usr/local/texlive/2011/texmf-dist/tex/latex/hyperref/nameref.sty
Package: nameref 2010/04/30 v2.40 Cross-referencing by name of section

(/usr/local/texlive/2011/texmf-dist/tex/generic/oberdiek/gettitlestring.sty
Package: gettitlestring 2010/12/03 v1.4 Cleanup title references (HO)
)
\c@section@level=\count130
)
LaTeX Info: Redefining \ref on input line 462.
LaTeX Info: Redefining \pageref on input line 462.
LaTeX Info: Redefining \nameref on input line 462.

(/usr/local/texlive/2011/texmf-dist/tex/context/base/supp-pdf.mkii
[Loading MPS to PDF converter (version 2006.09.02).]
\scratchcounter=\count131
\scratchdimen=\dimen133
\scratchbox=\box32
\nofMPsegments=\count132
\nofMParguments=\count133
\everyMPshowfont=\toks24
\MPscratchCnt=\count134
\MPscratchDim=\dimen134
\MPnumerator=\count135
\makeMPintoPDFobject=\count136
\everyMPtoPDFconversion=\toks25
) (/usr/local/texlive/2011/texmf-dist/tex/latex/oberdiek/epstopdf-base.sty
Package: epstopdf-base 2010/02/09 v2.5 Base part for package epstopdf

(/usr/local/texlive/2011/texmf-dist/tex/latex/oberdiek/grfext.sty
Package: grfext 2010/08/19 v1.1 Managing graphics extensions (HO)
)
Package grfext Info: Graphics extension search list:
(grfext)             [.png,.pdf,.jpg,.mps,.jpeg,.jbig2,.jb2,.PNG,.PDF,.JPG,.JPE
G,.JBIG2,.JB2,.eps]
(grfext)             \AppendGraphicsExtensions on input line 452.

(/usr/local/texlive/2011/texmf-dist/tex/latex/latexconfig/epstopdf-sys.cfg
File: epstopdf-sys.cfg 2010/07/13 v1.3 Configuration of (r)epstopdf for TeX Liv
e
))
LaTeX Font Info:    Try loading font information for OMS+ptm on input line 507.


(/usr/local/texlive/2011/texmf-dist/tex/latex/psnfss/omsptm.fd
File: omsptm.fd 
)
LaTeX Font Info:    Font shape `OMS/ptm/m/n' in size <10> not available
(Font)              Font shape `OMS/cmsy/m/n' tried instead on input line 507.

** ATTENTION: \keywords is deprecated (line 536). Use \IEEEkeywords instead.
LaTeX Font Info:    Try loading font information for U+msa on input line 639.
(/usr/local/texlive/2011/texmf-dist/tex/latex/amsfonts/umsa.fd
File: umsa.fd 2009/06/22 v3.00 AMS symbols A
)
LaTeX Font Info:    Try loading font information for U+msb on input line 639.

(/usr/local/texlive/2011/texmf-dist/tex/latex/amsfonts/umsb.fd
File: umsb.fd 2009/06/22 v3.00 AMS symbols B
) [1{/usr/local/texlive/2011/texmf-var/fonts/map/pdftex/updmap/pdftex.map}


]
<fig/exp-ontology.png, id=42, 481.8pt x 323.2878pt>
File: fig/exp-ontology.png Graphic file (type png)
 <use fig/exp-ontology.png>
Package pdftex.def Info: fig/exp-ontology.png used on input line 673.
(pdftex.def)             Requested size: 278.35638pt x 186.7819pt.

Underfull \hbox (badness 1960) in paragraph at lines 675--675
\OT1/ptm/m/n/8 Fig. 1.   []An ex-am-ple la-bel-ing tree based on Reuters Cor-pu
s Vol-
 []


Underfull \hbox (badness 3158) in paragraph at lines 688--704
\OT1/ptm/m/n/10 could yield $\OMS/cmsy/m/n/10 h$\OT1/ptm/m/n/10 Location,Buildi
ng,?$\OMS/cmsy/m/n/10 i$\OT1/ptm/m/n/10 , $\OMS/cmsy/m/n/10 h$\OT1/ptm/m/n/10 L
ocation,Attraction,?$\OMS/cmsy/m/n/10 i$\OT1/ptm/m/n/10 ,
 []

<fig/union.png, id=49, 373.395pt x 355.3275pt>
File: fig/union.png Graphic file (type png)
 <use fig/union.png>
Package pdftex.def Info: fig/union.png used on input line 776.
(pdftex.def)             Requested size: 144.54pt x 137.547pt.

(./theory.tex [2pdfTeX warning (ext4): destination with the same identifier (na
me{figure.1}) has been already used, duplicate ignored

\AtBegShi@Output ...ipout \box \AtBeginShipoutBox 
                                                  \fi \fi 
l.19 
     pdfTeX warning (ext4): destination with the same identifier (name{figure.2
}) has been already used, duplicate ignored

\AtBegShi@Output ...ipout \box \AtBeginShipoutBox 
                                                  \fi \fi 
l.19 
      <./fig/exp-ontology.png> <./fig/union.png>]
Underfull \hbox (badness 1430) in paragraph at lines 51--53
[]\OT1/ptm/m/n/10 The class of $\OML/cmm/m/it/10 k$\OT1/ptm/m/n/10 -unions of a
xis-parallel
 []


Package amsmath Warning: Foreign command \over;
(amsmath)                \frac or \genfrac should be used instead
(amsmath)                 on input line 152.

[3]) [4]
Package hyperref Info: bookmark level for unknown algorithm defaults to 0 on in
put line 1180.
 (./experiment.tex [5]
<fig/draft-interval.png, id=144, 505.89pt x 361.35pt>
File: fig/draft-interval.png Graphic file (type png)

<use fig/draft-interval.png>
Package pdftex.def Info: fig/draft-interval.png used on input line 65.
(pdftex.def)             Requested size: 253.04987pt x 180.75174pt.

Overfull \hbox (7.00012pt too wide) in paragraph at lines 65--65
 [][] 
 []

<fig/draft-RCV1.png, id=145, 505.89pt x 361.35pt>
File: fig/draft-RCV1.png Graphic file (type png)
 <use fig/draft-RCV1.png>
Package pdftex.def Info: fig/draft-RCV1.png used on input line 69.
(pdftex.def)             Requested size: 253.04987pt x 180.75174pt.

Overfull \hbox (7.00012pt too wide) in paragraph at lines 69--69
 [][] 
 []

<fig/draft-richmond.png, id=146, 505.89pt x 361.35pt>
File: fig/draft-richmond.png Graphic file (type png)

<use fig/draft-richmond.png>
Package pdftex.def Info: fig/draft-richmond.png used on input line 73.
(pdftex.def)             Requested size: 253.04987pt x 180.75174pt.

Overfull \hbox (7.00012pt too wide) in paragraph at lines 73--74
 [][] 
 []

<fig/interval-16-nobandit.png, id=155, 505.89pt x 361.35pt>
File: fig/interval-16-nobandit.png Graphic file (type png)

<use fig/interval-16-nobandit.png>
Package pdftex.def Info: fig/interval-16-nobandit.png used on input line 176.
(pdftex.def)             Requested size: 253.04987pt x 180.75174pt.

Overfull \hbox (7.00012pt too wide) in paragraph at lines 176--176
 [][] 
 []

<fig/RCV1-16-nobandit.png, id=156, 505.89pt x 361.35pt>
File: fig/RCV1-16-nobandit.png Graphic file (type png)

<use fig/RCV1-16-nobandit.png>
Package pdftex.def Info: fig/RCV1-16-nobandit.png used on input line 180.
(pdftex.def)             Requested size: 253.04987pt x 180.75174pt.

Overfull \hbox (7.00012pt too wide) in paragraph at lines 180--180
 [][] 
 []

<fig/richmond-16-nobandit.png, id=157, 505.89pt x 361.35pt>
File: fig/richmond-16-nobandit.png Graphic file (type png)

<use fig/richmond-16-nobandit.png>
Package pdftex.def Info: fig/richmond-16-nobandit.png used on input line 184.
(pdftex.def)             Requested size: 253.04987pt x 180.75174pt.

Overfull \hbox (7.00012pt too wide) in paragraph at lines 184--185
 [][] 
 []

[6] [7pdfTeX warning (ext4): destination with the same identifier (name{figure.
3}) has been already used, duplicate ignored

\AtBegShi@Output ...ipout \box \AtBeginShipoutBox 
                                                  \fi \fi 
l.205 \clearpage
                pdfTeX warning (ext4): destination with the same identifier (na
me{figure.4}) has been already used, duplicate ignored

\AtBegShi@Output ...ipout \box \AtBeginShipoutBox 
                                                  \fi \fi 
l.205 \clearpage
                 <./fig/draft-interval.png> <./fig/draft-RCV1.png> <./fig/draft
-richmond.png> <./fig/interval-16-nobandit.png> <./fig/RCV1-16-nobandit.png> <.
/fig/richmond-16-nobandit.png>]
Underfull \hbox (badness 1939) in paragraph at lines 218--224
\OT1/ptm/m/n/10 strate-gies that BAN-DIT se-lects be-tween to be the all-
 []


Underfull \hbox (badness 1735) in paragraph at lines 218--224
\OT1/ptm/m/n/10 coarse (FFR[0.0]) and all-fine (FFR[1.0]) strate-gies. We
 []

<fig/curve-interval.png, id=198, 505.89pt x 325.215pt>
File: fig/curve-interval.png Graphic file (type png)

<use fig/curve-interval.png>
Package pdftex.def Info: fig/curve-interval.png used on input line 231.
(pdftex.def)             Requested size: 253.04987pt x 162.67656pt.

Overfull \hbox (7.00012pt too wide) in paragraph at lines 231--231
 [][] 
 []

<fig/curve-RCV1.png, id=199, 505.89pt x 325.215pt>
File: fig/curve-RCV1.png Graphic file (type png)
 <use fig/curve-RCV1.png>
Package pdftex.def Info: fig/curve-RCV1.png used on input line 235.
(pdftex.def)             Requested size: 253.04987pt x 162.67656pt.

Overfull \hbox (7.00012pt too wide) in paragraph at lines 235--235
 [][] 
 []

<fig/curve-richmond.png, id=200, 505.89pt x 325.215pt>
File: fig/curve-richmond.png Graphic file (type png)

<use fig/curve-richmond.png>
Package pdftex.def Info: fig/curve-richmond.png used on input line 239.
(pdftex.def)             Requested size: 253.04987pt x 162.67656pt.

Overfull \hbox (7.00012pt too wide) in paragraph at lines 239--240
 [][] 
 []

<fig/interval-mixed-bandit.png, id=210, 505.89pt x 361.35pt>
File: fig/interval-mixed-bandit.png Graphic file (type png)

<use fig/interval-mixed-bandit.png>
Package pdftex.def Info: fig/interval-mixed-bandit.png used on input line 360.
(pdftex.def)             Requested size: 253.04987pt x 180.75174pt.

Overfull \hbox (7.00012pt too wide) in paragraph at lines 360--360
 [][] 
 []

<fig/RCV1-mixed-bandit.png, id=211, 505.89pt x 361.35pt>
File: fig/RCV1-mixed-bandit.png Graphic file (type png)

<use fig/RCV1-mixed-bandit.png>
Package pdftex.def Info: fig/RCV1-mixed-bandit.png used on input line 364.
(pdftex.def)             Requested size: 253.04987pt x 180.75174pt.

Overfull \hbox (7.00012pt too wide) in paragraph at lines 364--364
 [][] 
 []

<fig/richmond-mixed-bandit.png, id=212, 505.89pt x 361.35pt>
File: fig/richmond-mixed-bandit.png Graphic file (type png)

<use fig/richmond-mixed-bandit.png>
Package pdftex.def Info: fig/richmond-mixed-bandit.png used on input line 368.
(pdftex.def)             Requested size: 253.04987pt x 180.75174pt.

Overfull \hbox (7.00012pt too wide) in paragraph at lines 368--369
 [][] 
 []

) [8

pdfTeX warning (ext4): destination with the same identifier (name{figure.5}) ha
s been already used, duplicate ignored

\AtBegShi@Output ...ipout \box \AtBeginShipoutBox 
                                                  \fi \fi 
l.1281 
        <./fig/curve-interval.png> <./fig/curve-RCV1.png> <./fig/curve-richmond
.png>] [9pdfTeX warning (ext4): destination with the same identifier (name{tabl
e.1}) has been already used, duplicate ignored

\AtBegShi@Output ...ipout \box \AtBeginShipoutBox 
                                                  \fi \fi 
l.1448 \bibitem{bb-plapc-03}
                            pdfTeX warning (ext4): destination with the same id
entifier (name{table.2}) has been already used, duplicate ignored

\AtBegShi@Output ...ipout \box \AtBeginShipoutBox 
                                                  \fi \fi 
l.1448 \bibitem{bb-plapc-03}
                            pdfTeX warning (ext4): destination with the same id
entifier (name{table.3}) has been already used, duplicate ignored

\AtBegShi@Output ...ipout \box \AtBeginShipoutBox 
                                                  \fi \fi 
l.1448 \bibitem{bb-plapc-03}
                            ]

** Conference Paper **
Before submitting the final camera ready copy, remember to:

 1. Manually equalize the lengths of two columns on the last page
 of your paper;

 2. Ensure that any PostScript and/or PDF output post-processing
 uses only Type 1 fonts and that every step in the generation
 process uses the appropriate paper size.

Package atveryend Info: Empty hook `BeforeClearDocument' on input line 1562.
[10pdfTeX warning (ext4): destination with the same identifier (name{figure.6})
 has been already used, duplicate ignored

\AtBegShi@Output ...ipout \box \AtBeginShipoutBox 
                                                  \fi \fi 
l.1562 \end{document}
                      <./fig/interval-mixed-bandit.png> <./fig/RCV1-mixed-bandi
t.png> <./fig/richmond-mixed-bandit.png>]
Package atveryend Info: Empty hook `AfterLastShipout' on input line 1562.
 (./version2.aux)
Package atveryend Info: Executing hook `AtVeryEndDocument' on input line 1562.
Package atveryend Info: Empty hook `AtEndAfterFileList' on input line 1562.
Package atveryend Info: Empty hook `AtVeryVeryEnd' on input line 1562.
 ) 
Here is how much of TeX's memory you used:
 8011 strings out of 493633
 118725 string characters out of 3143378
 245093 words of memory out of 3000000
 11091 multiletter control sequences out of 15000+200000
 52853 words of font info for 106 fonts, out of 3000000 for 9000
 834 hyphenation exceptions out of 8191
 29i,12n,35p,325b,484s stack positions out of 5000i,500n,10000p,200000b,50000s
{/usr/local/texlive/2011/texmf-dist/fonts/enc/dvips/base/8r.enc}</usr/local/t
exlive/2011/texmf-dist/fonts/type1/public/amsfonts/cm/cmbx10.pfb></usr/local/te
xlive/2011/texmf-dist/fonts/type1/public/amsfonts/cm/cmbx9.pfb></usr/local/texl
ive/2011/texmf-dist/fonts/type1/public/amsfonts/cm/cmex10.pfb></usr/local/texli
ve/2011/texmf-dist/fonts/type1/public/amsfonts/cm/cmmi10.pfb></usr/local/texliv
e/2011/texmf-dist/fonts/type1/public/amsfonts/cm/cmmi5.pfb></usr/local/texlive/
2011/texmf-dist/fonts/type1/public/amsfonts/cm/cmmi6.pfb></usr/local/texlive/20
11/texmf-dist/fonts/type1/public/amsfonts/cm/cmmi7.pfb></usr/local/texlive/2011
/texmf-dist/fonts/type1/public/amsfonts/cm/cmmi9.pfb></usr/local/texlive/2011/t
exmf-dist/fonts/type1/public/amsfonts/cm/cmr10.pfb></usr/local/texlive/2011/tex
mf-dist/fonts/type1/public/amsfonts/cm/cmr6.pfb></usr/local/texlive/2011/texmf-
dist/fonts/type1/public/amsfonts/cm/cmr7.pfb></usr/local/texlive/2011/texmf-dis
t/fonts/type1/public/amsfonts/cm/cmr9.pfb></usr/local/texlive/2011/texmf-dist/f
onts/type1/public/amsfonts/cm/cmsy10.pfb></usr/local/texlive/2011/texmf-dist/fo
nts/type1/public/amsfonts/cm/cmsy6.pfb></usr/local/texlive/2011/texmf-dist/font
s/type1/public/amsfonts/cm/cmsy7.pfb></usr/local/texlive/2011/texmf-dist/fonts/
type1/public/amsfonts/cm/cmsy9.pfb></usr/local/texlive/2011/texmf-dist/fonts/ty
pe1/public/amsfonts/symbols/msam10.pfb></usr/local/texlive/2011/texmf-dist/font
s/type1/public/amsfonts/symbols/msbm10.pfb></usr/local/texlive/2011/texmf-dist/
fonts/type1/urw/times/utmb8a.pfb></usr/local/texlive/2011/texmf-dist/fonts/type
1/urw/times/utmbi8a.pfb></usr/local/texlive/2011/texmf-dist/fonts/type1/urw/tim
es/utmr8a.pfb></usr/local/texlive/2011/texmf-dist/fonts/type1/urw/times/utmri8a
.pfb>
Output written on version2.pdf (10 pages, 1055619 bytes).
PDF statistics:
 359 PDF objects out of 1000 (max. 8388607)
 294 compressed objects within 3 object streams
 96 named destinations out of 1000 (max. 500000)
 71 words of extra memory for PDF output out of 10000 (max. 10000000)

