home
all           0      1    2    3    4    5    6    7    8    
1      2010   1914   1    19   32   19   1    11   6    7    
2      2010   1914   1    19   32   19   1    11   6    7    
3      2010   1914   1    19   32   19   1    11   5    8    
4      2010   1914   1    19   32   19   1    10   6    8    
5      2010   1914   1    18   33   19   1    10   6    8    
6      2010   1914   1    18   33   19   1    10   6    8    
7      2010   1913   2    18   33   19   1    10   6    8    
8      2010   1913   2    18   33   19   1    10   6    8    
9      2009   1913   2    18   32   19   2    10   6    7    
10     2009   1913   1    19   32   19   1    11   6    7    
Total  20098  19136  13   185  324  190  11   104  59   76   
train         0      1    2    3    4    5    6    7    8    
1      2010   1914   1    19   32   19   1    11   6    7    
2      2010   1914   1    19   32   19   1    11   6    7    
3      2010   1914   1    19   32   19   1    11   5    8    
4      2010   1914   1    19   32   19   1    10   6    8    
5      2010   1914   1    18   33   19   1    10   6    8    
6      2010   1914   1    18   33   19   1    10   6    8    
7      2010   1913   2    18   33   19   1    10   6    8    
9      2009   1913   2    18   32   19   2    10   6    7    
10     2009   1913   1    19   32   19   1    11   6    7    
Total  18088  17223  11   167  291  171  10   94   53   68   
test          0      1    2    3    4    5    6    7    8    
8      2010   1913   2    18   33   19   1    10   6    8    
Total  2010   1913   2    18   33   19   1    10   6    8    
Classes             
0         17223     
1         11        
2         167       
3         291       
4         171       
5         10        
6         94        
7         53        
8         68        
Total     18088     

Shape: 450       

[952, 10, 11, 16, 11, 10, 10, 10, 10]
Sum start => 1040
[[1825   88]
 [  60   37]]
coarse acc: 0.926
coarse f1: 0.333
['rnd', 1, 'fold', 8, 'pr', 0.83576957087021952, 'roc', 0.83656048415345896]
[[1912    1]
 [  93    4]]
fine acc: 0.953
fine f1: 0.078
['rnd', 1, 'fold', 8, 'pr', 0.8152026356876565, 'roc', 0.81309650195892447]
8,1,coarse : 29.51 seconds
8,1,fine : 29.51 seconds
[[1825   88]
 [  60   37]]
coarse acc: 0.926
coarse f1: 0.333
['rnd', 2, 'fold', 8, 'pr', 0.83576957087021952, 'roc', 0.83656048415345896]
[[1912    1]
 [  93    4]]
fine acc: 0.953
fine f1: 0.078
['rnd', 2, 'fold', 8, 'pr', 0.8152026356876565, 'roc', 0.81309650195892447]
8,2,coarse : 33.17 seconds
8,2,fine : 33.17 seconds
[[1836   77]
 [  49   48]]
coarse acc: 0.937
coarse f1: 0.432
['rnd', 3, 'fold', 8, 'pr', 0.86020899268627005, 'roc', 0.8496828536168699]
[[1912    1]
 [  83   14]]
fine acc: 0.958
fine f1: 0.250
['rnd', 3, 'fold', 8, 'pr', 0.82374531072244606, 'roc', 0.81060406012039177]
8,3,coarse : 50.22 seconds
8,3,fine : 50.23 seconds
[[1842   71]
 [  54   43]]
coarse acc: 0.938
coarse f1: 0.408
['rnd', 4, 'fold', 8, 'pr', 0.86147640826166283, 'roc', 0.84795296425434219]
[[1911    2]
 [  86   11]]
fine acc: 0.956
fine f1: 0.200
['rnd', 4, 'fold', 8, 'pr', 0.83174330541991193, 'roc', 0.80970947559023698]
8,4,coarse : 53.08 seconds
8,4,fine : 53.08 seconds
[[1830   83]
 [  47   50]]
coarse acc: 0.935
coarse f1: 0.435
['rnd', 5, 'fold', 8, 'pr', 0.87469485652202739, 'roc', 0.86368094588841404]
[[1905    8]
 [  82   15]]
fine acc: 0.955
fine f1: 0.250
['rnd', 5, 'fold', 8, 'pr', 0.82611804725625038, 'roc', 0.80488087475277659]
8,5,coarse : 56.86 seconds
8,5,fine : 56.87 seconds
[[1837   76]
 [  48   49]]
coarse acc: 0.938
coarse f1: 0.441
['rnd', 6, 'fold', 8, 'pr', 0.8701214916090606, 'roc', 0.85910832556410011]
[[1905    8]
 [  76   21]]
fine acc: 0.958
fine f1: 0.333
['rnd', 6, 'fold', 8, 'pr', 0.83646871505788933, 'roc', 0.80839184958046129]
8,6,coarse : 60.64 seconds
8,6,fine : 60.64 seconds
[[1841   72]
 [  50   47]]
coarse acc: 0.939
coarse f1: 0.435
['rnd', 7, 'fold', 8, 'pr', 0.87924772492107994, 'roc', 0.8670895285108402]
[[1904    9]
 [  77   20]]
fine acc: 0.957
fine f1: 0.317
['rnd', 7, 'fold', 8, 'pr', 0.84156501158098307, 'roc', 0.81689040261692925]
8,7,coarse : 64.4 seconds
8,7,fine : 64.4 seconds
[[1835   78]
 [  46   51]]
coarse acc: 0.938
coarse f1: 0.451
['rnd', 8, 'fold', 8, 'pr', 0.88185909890739034, 'roc', 0.87047116581609285]
[[1906    7]
 [  78   19]]
fine acc: 0.958
fine f1: 0.309
['rnd', 8, 'fold', 8, 'pr', 0.85343181947044999, 'roc', 0.82844994368428715]
8,8,coarse : 69.06 seconds
8,8,fine : 69.06 seconds
[[1845   68]
 [  48   49]]
coarse acc: 0.942
coarse f1: 0.458
['rnd', 9, 'fold', 8, 'pr', 0.87873166038141715, 'roc', 0.86327137706737944]
[[1907    6]
 [  77   20]]
fine acc: 0.959
fine f1: 0.325
['rnd', 9, 'fold', 8, 'pr', 0.86673647988611757, 'roc', 0.8447060535349562]
8,9,coarse : 72.36 seconds
8,9,fine : 72.37 seconds
[[1857   56]
 [  50   47]]
coarse acc: 0.947
coarse f1: 0.470
['rnd', 10, 'fold', 8, 'pr', 0.88766098690105943, 'roc', 0.87397675158034283]
[[1907    6]
 [  73   24]]
fine acc: 0.961
fine f1: 0.378
['rnd', 10, 'fold', 8, 'pr', 0.87439564119000857, 'roc', 0.85422044502885841]
8,10,coarse : 76.52 seconds
8,10,fine : 76.53 seconds
[[1850   63]
 [  48   49]]
coarse acc: 0.945
coarse f1: 0.469
['rnd', 11, 'fold', 8, 'pr', 0.88628483854694085, 'roc', 0.87296360765462577]
[[1907    6]
 [  74   23]]
fine acc: 0.960
fine f1: 0.365
['rnd', 11, 'fold', 8, 'pr', 0.86971554843916588, 'roc', 0.84473030432041207]
8,11,coarse : 81.07 seconds
8,11,fine : 81.08 seconds
[[1853   60]
 [  46   51]]
coarse acc: 0.947
coarse f1: 0.490
['rnd', 12, 'fold', 8, 'pr', 0.88959178511689341, 'roc', 0.87526204320951062]
[[1907    6]
 [  74   23]]
fine acc: 0.960
fine f1: 0.365
['rnd', 12, 'fold', 8, 'pr', 0.8794708381422548, 'roc', 0.85998943743566791]
8,12,coarse : 84.39 seconds
8,12,fine : 84.39 seconds
[[1853   60]
 [  47   50]]
coarse acc: 0.947
coarse f1: 0.483
['rnd', 13, 'fold', 8, 'pr', 0.89451279814873974, 'roc', 0.88165616697474147]
[[1909    4]
 [  72   25]]
fine acc: 0.962
fine f1: 0.397
['rnd', 13, 'fold', 8, 'pr', 0.88024902972456687, 'roc', 0.8569661728488206]
8,13,coarse : 88.19 seconds
8,13,fine : 88.19 seconds
[[1858   55]
 [  48   49]]
coarse acc: 0.949
coarse f1: 0.488
['rnd', 14, 'fold', 8, 'pr', 0.89918203251157236, 'roc', 0.88671919207160999]
[[1908    5]
 [  71   26]]
fine acc: 0.962
fine f1: 0.406
['rnd', 14, 'fold', 8, 'pr', 0.88699059150764303, 'roc', 0.86537041727518182]
8,14,coarse : 91.96 seconds
8,14,fine : 91.97 seconds
[[1866   47]
 [  48   49]]
coarse acc: 0.953
coarse f1: 0.508
['rnd', 15, 'fold', 8, 'pr', 0.89300388713194301, 'roc', 0.87746617015428885]
[[1908    5]
 [  69   28]]
fine acc: 0.963
fine f1: 0.431
['rnd', 15, 'fold', 8, 'pr', 0.87609267432015003, 'roc', 0.85075527724036848]
8,15,coarse : 94.95 seconds
8,15,fine : 94.96 seconds
[[1870   43]
 [  49   48]]
coarse acc: 0.954
coarse f1: 0.511
['rnd', 16, 'fold', 8, 'pr', 0.90103048044538248, 'roc', 0.88695361633101788]
[[1909    4]
 [  71   26]]
fine acc: 0.963
fine f1: 0.409
['rnd', 16, 'fold', 8, 'pr', 0.88328008515643908, 'roc', 0.85800087302827643]
8,16,coarse : 98.43 seconds
8,16,fine : 98.43 seconds
[[1865   48]
 [  51   46]]
coarse acc: 0.951
coarse f1: 0.482
['rnd', 17, 'fold', 8, 'pr', 0.90206680976210341, 'roc', 0.88709642651203635]
[[1907    6]
 [  70   27]]
fine acc: 0.962
fine f1: 0.415
['rnd', 17, 'fold', 8, 'pr', 0.88164775095263082, 'roc', 0.85340130738678921]
8,17,coarse : 103.83 seconds
8,17,fine : 103.84 seconds
[[1863   50]
 [  47   50]]
coarse acc: 0.952
coarse f1: 0.508
['rnd', 18, 'fold', 8, 'pr', 0.90351133627655267, 'roc', 0.88795059306643087]
[[1904    9]
 [  73   24]]
fine acc: 0.959
fine f1: 0.369
['rnd', 18, 'fold', 8, 'pr', 0.89079484213370563, 'roc', 0.86939065859744236]
8,18,coarse : 106.76 seconds
8,18,fine : 106.76 seconds
[[1865   48]
 [  46   51]]
coarse acc: 0.953
coarse f1: 0.520
['rnd', 19, 'fold', 8, 'pr', 0.90145581676920705, 'roc', 0.8847387112593702]
[[1907    6]
 [  72   25]]
fine acc: 0.961
fine f1: 0.391
['rnd', 19, 'fold', 8, 'pr', 0.89291488755173176, 'roc', 0.86921012497238093]
8,19,coarse : 110.3 seconds
8,19,fine : 110.3 seconds
[[1869   44]
 [  48   49]]
coarse acc: 0.954
coarse f1: 0.516
['rnd', 20, 'fold', 8, 'pr', 0.90855337853912965, 'roc', 0.89589137803741081]
[[1904    9]
 [  72   25]]
fine acc: 0.960
fine f1: 0.382
['rnd', 20, 'fold', 8, 'pr', 0.8948401284566736, 'roc', 0.87571203000630515]
8,20,coarse : 114.3 seconds
8,20,fine : 114.3 seconds
[[1869   44]
 [  50   47]]
coarse acc: 0.953
coarse f1: 0.500
['rnd', 21, 'fold', 8, 'pr', 0.90667895225303363, 'roc', 0.89325073695442458]
[[1903   10]
 [  73   24]]
fine acc: 0.959
fine f1: 0.366
['rnd', 21, 'fold', 8, 'pr', 0.89536756931764572, 'roc', 0.8755476635715479]
8,21,coarse : 116.99 seconds
8,21,fine : 117.0 seconds
[[1867   46]
 [  51   46]]
coarse acc: 0.952
coarse f1: 0.487
['rnd', 22, 'fold', 8, 'pr', 0.8995151087076525, 'roc', 0.8914696514892676]
[[1903   10]
 [  73   24]]
fine acc: 0.959
fine f1: 0.366
['rnd', 22, 'fold', 8, 'pr', 0.89506391261487084, 'roc', 0.87462343919250274]
8,22,coarse : 120.13 seconds
8,22,fine : 120.14 seconds
[[1864   49]
 [  50   47]]
coarse acc: 0.951
coarse f1: 0.487
['rnd', 23, 'fold', 8, 'pr', 0.90907005360457693, 'roc', 0.89557611782648283]
[[1902   11]
 [  73   24]]
fine acc: 0.958
fine f1: 0.364
['rnd', 23, 'fold', 8, 'pr', 0.89761165710458513, 'roc', 0.87832572577211809]
8,23,coarse : 123.13 seconds
8,23,fine : 123.13 seconds
[[1870   43]
 [  50   47]]
coarse acc: 0.954
coarse f1: 0.503
['rnd', 24, 'fold', 8, 'pr', 0.90005883433707312, 'roc', 0.89018166532838272]
[[1903   10]
 [  72   25]]
fine acc: 0.959
fine f1: 0.379
['rnd', 24, 'fold', 8, 'pr', 0.89917092675972243, 'roc', 0.88149449507170152]
8,24,coarse : 125.71 seconds
8,24,fine : 125.72 seconds
[[1872   41]
 [  48   49]]
coarse acc: 0.956
coarse f1: 0.524
['rnd', 25, 'fold', 8, 'pr', 0.90726864563302401, 'roc', 0.89294625487036594]
[[1903   10]
 [  73   24]]
fine acc: 0.959
fine f1: 0.366
['rnd', 25, 'fold', 8, 'pr', 0.90279487163579863, 'roc', 0.88469829328361016]
8,25,coarse : 128.3 seconds
8,25,fine : 128.31 seconds
[[1874   39]
 [  49   48]]
coarse acc: 0.956
coarse f1: 0.522
['rnd', 26, 'fold', 8, 'pr', 0.90790623079185029, 'roc', 0.89371689094152318]
[[1906    7]
 [  72   25]]
fine acc: 0.961
fine f1: 0.388
['rnd', 26, 'fold', 8, 'pr', 0.90521711445432629, 'roc', 0.88422136116964234]
8,26,coarse : 131.11 seconds
8,26,fine : 131.11 seconds
[[1871   42]
 [  47   50]]
coarse acc: 0.956
coarse f1: 0.529
['rnd', 27, 'fold', 8, 'pr', 0.90426337523500766, 'roc', 0.89662159613280801]
[[1905    8]
 [  69   28]]
fine acc: 0.962
fine f1: 0.421
['rnd', 27, 'fold', 8, 'pr', 0.90326018752672543, 'roc', 0.87991549948534453]
8,27,coarse : 135.9 seconds
8,27,fine : 135.9 seconds
[[1866   47]
 [  47   50]]
coarse acc: 0.953
coarse f1: 0.515
['rnd', 28, 'fold', 8, 'pr', 0.90328414562784476, 'roc', 0.89393245347890982]
[[1904    9]
 [  72   25]]
fine acc: 0.960
fine f1: 0.382
['rnd', 28, 'fold', 8, 'pr', 0.9072560234285485, 'roc', 0.88917121593438275]
8,28,coarse : 138.22 seconds
8,28,fine : 138.23 seconds
[[1865   48]
 [  47   50]]
coarse acc: 0.953
coarse f1: 0.513
['rnd', 29, 'fold', 8, 'pr', 0.9078696475868796, 'roc', 0.89357946982393932]
[[1903   10]
 [  71   26]]
fine acc: 0.960
fine f1: 0.391
['rnd', 29, 'fold', 8, 'pr', 0.90972629852235776, 'roc', 0.89515307634686181]
8,29,coarse : 141.62 seconds
8,29,fine : 141.62 seconds
[[1862   51]
 [  47   50]]
coarse acc: 0.951
coarse f1: 0.505
['rnd', 30, 'fold', 8, 'pr', 0.9051143137111044, 'roc', 0.89630094685844541]
[[1903   10]
 [  70   27]]
fine acc: 0.960
fine f1: 0.403
['rnd', 30, 'fold', 8, 'pr', 0.90898272735023344, 'roc', 0.892816917347934]
8,30,coarse : 145.16 seconds
8,30,fine : 145.16 seconds
[[1863   50]
 [  45   52]]
coarse acc: 0.953
coarse f1: 0.523
['rnd', 31, 'fold', 8, 'pr', 0.90775448264762604, 'roc', 0.89873410899919692]
[[1902   11]
 [  70   27]]
fine acc: 0.960
fine f1: 0.400
['rnd', 31, 'fold', 8, 'pr', 0.90466189744769165, 'roc', 0.88550665279881013]
8,31,coarse : 148.55 seconds
8,31,fine : 148.56 seconds
[[1865   48]
 [  45   52]]
coarse acc: 0.954
coarse f1: 0.528
['rnd', 32, 'fold', 8, 'pr', 0.9059556209712909, 'roc', 0.89897392232203965]
[[1902   11]
 [  70   27]]
fine acc: 0.960
fine f1: 0.400
['rnd', 32, 'fold', 8, 'pr', 0.91031066136722616, 'roc', 0.89472734033552292]
8,32,coarse : 151.25 seconds
8,32,fine : 151.26 seconds
[[1850   63]
 [  42   55]]
coarse acc: 0.948
coarse f1: 0.512
['rnd', 33, 'fold', 8, 'pr', 0.90713689778912154, 'roc', 0.90419053572679597]
[[1899   14]
 [  68   29]]
fine acc: 0.959
fine f1: 0.414
['rnd', 33, 'fold', 8, 'pr', 0.91237734410093085, 'roc', 0.8943689676171177]
8,33,coarse : 154.77 seconds
8,33,fine : 154.77 seconds
[[1858   55]
 [  43   54]]
coarse acc: 0.951
coarse f1: 0.524
['rnd', 34, 'fold', 8, 'pr', 0.909385336726237, 'roc', 0.9066263923992649]
[[1899   14]
 [  67   30]]
fine acc: 0.960
fine f1: 0.426
['rnd', 34, 'fold', 8, 'pr', 0.91549057291567237, 'roc', 0.90073345153345785]
8,34,coarse : 157.33 seconds
8,34,fine : 157.33 seconds
[[1852   61]
 [  42   55]]
coarse acc: 0.949
coarse f1: 0.516
['rnd', 35, 'fold', 8, 'pr', 0.90772703676577582, 'roc', 0.90467285690419863]
[[1900   13]
 [  67   30]]
fine acc: 0.960
fine f1: 0.429
['rnd', 35, 'fold', 8, 'pr', 0.91639112692910407, 'roc', 0.9027651284483269]
8,35,coarse : 161.2 seconds
8,35,fine : 161.2 seconds
[[1854   59]
 [  42   55]]
coarse acc: 0.950
coarse f1: 0.521
['rnd', 36, 'fold', 8, 'pr', 0.90972197543107358, 'roc', 0.9078847387112593]
[[1899   14]
 [  67   30]]
fine acc: 0.960
fine f1: 0.426
['rnd', 36, 'fold', 8, 'pr', 0.91460022594851553, 'roc', 0.90081428748497794]
8,36,coarse : 164.64 seconds
8,36,fine : 164.65 seconds
[[1852   61]
 [  40   57]]
coarse acc: 0.950
coarse f1: 0.530
['rnd', 37, 'fold', 8, 'pr', 0.9092136486896083, 'roc', 0.90675842445341415]
[[1899   14]
 [  66   31]]
fine acc: 0.960
fine f1: 0.437
['rnd', 37, 'fold', 8, 'pr', 0.91237444309030868, 'roc', 0.8990763145272983]
8,37,coarse : 166.44 seconds
8,37,fine : 166.45 seconds
[[1847   66]
 [  40   57]]
coarse acc: 0.947
coarse f1: 0.518
['rnd', 38, 'fold', 8, 'pr', 0.90490801492686102, 'roc', 0.90126696881348989]
[[1899   14]
 [  63   34]]
fine acc: 0.962
fine f1: 0.469
['rnd', 38, 'fold', 8, 'pr', 0.91713163305082157, 'roc', 0.90526026481857713]
8,38,coarse : 168.39 seconds
8,38,fine : 168.4 seconds
[[1848   65]
 [  40   57]]
coarse acc: 0.948
coarse f1: 0.521
['rnd', 39, 'fold', 8, 'pr', 0.90513367263139211, 'roc', 0.89972030760774091]
[[1899   14]
 [  62   35]]
fine acc: 0.962
fine f1: 0.479
['rnd', 39, 'fold', 8, 'pr', 0.9152449147334667, 'roc', 0.90290254956591087]
8,39,coarse : 172.2 seconds
8,39,fine : 172.21 seconds
[[1849   64]
 [  40   57]]
coarse acc: 0.948
coarse f1: 0.523
['rnd', 40, 'fold', 8, 'pr', 0.90700985263509093, 'roc', 0.90245256276911634]
[[1901   12]
 [  62   35]]
fine acc: 0.963
fine f1: 0.486
['rnd', 40, 'fold', 8, 'pr', 0.91269345981183747, 'roc', 0.89620124918490418]
8,40,coarse : 176.51 seconds
8,40,fine : 176.52 seconds
[[1847   66]
 [  40   57]]
coarse acc: 0.947
coarse f1: 0.518
['rnd', 41, 'fold', 8, 'pr', 0.90607178274898037, 'roc', 0.90415281228275324]
[[1900   13]
 [  61   36]]
fine acc: 0.963
fine f1: 0.493
['rnd', 41, 'fold', 8, 'pr', 0.91596821740056666, 'roc', 0.90254687137922296]
8,41,coarse : 179.58 seconds
8,41,fine : 179.58 seconds
[[1847   66]
 [  41   56]]
coarse acc: 0.947
coarse f1: 0.511
['rnd', 42, 'fold', 8, 'pr', 0.90745294903773321, 'roc', 0.90556744143435308]
[[1900   13]
 [  59   38]]
fine acc: 0.964
fine f1: 0.514
['rnd', 42, 'fold', 8, 'pr', 0.91862147686003714, 'roc', 0.90659405801865689]
8,42,coarse : 182.06 seconds
8,42,fine : 182.07 seconds
[[1847   66]
 [  39   58]]
coarse acc: 0.948
coarse f1: 0.525
['rnd', 43, 'fold', 8, 'pr', 0.90359721318843311, 'roc', 0.898928115282845]
[[1900   13]
 [  57   40]]
fine acc: 0.965
fine f1: 0.533
['rnd', 43, 'fold', 8, 'pr', 0.91785757902065224, 'roc', 0.90439262560559597]
8,43,coarse : 183.42 seconds
8,43,fine : 183.43 seconds
[[1848   65]
 [  39   58]]
coarse acc: 0.948
coarse f1: 0.527
['rnd', 44, 'fold', 8, 'pr', 0.90591876264452753, 'roc', 0.90218580412910043]
[[1899   14]
 [  57   40]]
fine acc: 0.965
fine f1: 0.530
['rnd', 44, 'fold', 8, 'pr', 0.9197404583295099, 'roc', 0.90767187070559008]
8,44,coarse : 183.75 seconds
8,44,fine : 183.75 seconds
[[1845   68]
 [  39   58]]
coarse acc: 0.947
coarse f1: 0.520
['rnd', 45, 'fold', 8, 'pr', 0.90657487909640955, 'roc', 0.90460818814298261]
[[1900   13]
 [  57   40]]
fine acc: 0.965
fine f1: 0.533
['rnd', 45, 'fold', 8, 'pr', 0.91903906967324156, 'roc', 0.90673147913624086]
8,45,coarse : 184.71 seconds
8,45,fine : 184.71 seconds
[[1846   67]
 [  38   59]]
coarse acc: 0.948
coarse f1: 0.529
['rnd', 46, 'fold', 8, 'pr', 0.90594986522223597, 'roc', 0.90266273624306836]
[[1900   13]
 [  57   40]]
fine acc: 0.965
fine f1: 0.533
['rnd', 46, 'fold', 8, 'pr', 0.91944474362318618, 'roc', 0.90647010955965956]
8,46,coarse : 186.89 seconds
8,46,fine : 186.9 seconds
[[1844   69]
 [  40   57]]
coarse acc: 0.946
coarse f1: 0.511
['rnd', 47, 'fold', 8, 'pr', 0.90607984243442419, 'roc', 0.90406119820436415]
[[1899   14]
 [  58   39]]
fine acc: 0.964
fine f1: 0.520
['rnd', 47, 'fold', 8, 'pr', 0.91891655834843, 'roc', 0.90498542258340919]
8,47,coarse : 188.08 seconds
8,47,fine : 188.09 seconds
[[1843   70]
 [  42   55]]
coarse acc: 0.944
coarse f1: 0.495
['rnd', 48, 'fold', 8, 'pr', 0.90446835389605029, 'roc', 0.90066608824052463]
[[1900   13]
 [  60   37]]
fine acc: 0.964
fine f1: 0.503
['rnd', 48, 'fold', 8, 'pr', 0.92012350617102379, 'roc', 0.91055771417485343]
8,48,coarse : 188.79 seconds
8,48,fine : 188.8 seconds
[[1843   70]
 [  40   57]]
coarse acc: 0.945
coarse f1: 0.509
['rnd', 49, 'fold', 8, 'pr', 0.90659545391456409, 'roc', 0.9047240530068279]
[[1899   14]
 [  57   40]]
fine acc: 0.965
fine f1: 0.530
['rnd', 49, 'fold', 8, 'pr', 0.91927200783670204, 'roc', 0.9072649964162729]
8,49,coarse : 190.71 seconds
8,49,fine : 190.72 seconds
[[1844   69]
 [  39   58]]
coarse acc: 0.946
coarse f1: 0.518
['rnd', 50, 'fold', 8, 'pr', 0.90580164491540094, 'roc', 0.90228819633435897]
[[1900   13]
 [  63   34]]
fine acc: 0.962
fine f1: 0.472
['rnd', 50, 'fold', 8, 'pr', 0.91772924778143916, 'roc', 0.90512823276442789]
8,50,coarse : 194.68 seconds
8,50,fine : 194.68 seconds
[[1845   68]
 [  40   57]]
coarse acc: 0.946
coarse f1: 0.514
['rnd', 51, 'fold', 8, 'pr', 0.90584010359892253, 'roc', 0.90274626672630554]
[[1899   14]
 [  60   37]]
fine acc: 0.963
fine f1: 0.500
['rnd', 51, 'fold', 8, 'pr', 0.91958154121346003, 'roc', 0.90679075883402216]
8,51,coarse : 192.04 seconds
8,51,fine : 192.05 seconds
[[1842   71]
 [  41   56]]
coarse acc: 0.944
coarse f1: 0.500
['rnd', 52, 'fold', 8, 'pr', 0.90755082248624297, 'roc', 0.90665333771643819]
[[1898   15]
 [  59   38]]
fine acc: 0.963
fine f1: 0.507
['rnd', 52, 'fold', 8, 'pr', 0.91679322173847122, 'roc', 0.90381869034980411]
8,52,coarse : 191.6 seconds
8,52,fine : 191.6 seconds
[[1842   71]
 [  38   59]]
coarse acc: 0.946
coarse f1: 0.520
['rnd', 53, 'fold', 8, 'pr', 0.90651514003696609, 'roc', 0.90291602222449752]
[[1897   16]
 [  61   36]]
fine acc: 0.962
fine f1: 0.483
['rnd', 53, 'fold', 8, 'pr', 0.91523478953335979, 'roc', 0.90008406938958085]
8,53,coarse : 193.53 seconds
8,53,fine : 193.54 seconds
[[1839   74]
 [  38   59]]
coarse acc: 0.944
coarse f1: 0.513
['rnd', 54, 'fold', 8, 'pr', 0.90609480980921542, 'roc', 0.90266004171135095]
[[1898   15]
 [  61   36]]
fine acc: 0.962
fine f1: 0.486
['rnd', 54, 'fold', 8, 'pr', 0.91643810426001027, 'roc', 0.90367318563706811]
8,54,coarse : 194.17 seconds
8,54,fine : 194.17 seconds
[[1842   71]
 [  37   60]]
coarse acc: 0.946
coarse f1: 0.526
['rnd', 55, 'fold', 8, 'pr', 0.90699024420144037, 'roc', 0.90354923717807079]
[[1896   17]
 [  60   37]]
fine acc: 0.962
fine f1: 0.490
['rnd', 55, 'fold', 8, 'pr', 0.91374903478617997, 'roc', 0.89831106751957579]
8,55,coarse : 195.79 seconds
8,55,fine : 195.79 seconds
[[1838   75]
 [  37   60]]
coarse acc: 0.944
coarse f1: 0.517
['rnd', 56, 'fold', 8, 'pr', 0.90791948415091783, 'roc', 0.90640274626672634]
[[1896   17]
 [  60   37]]
fine acc: 0.962
fine f1: 0.490
['rnd', 56, 'fold', 8, 'pr', 0.9148262261401765, 'roc', 0.89980922715441281]
8,56,coarse : 195.81 seconds
8,56,fine : 195.82 seconds
[[1839   74]
 [  37   60]]
coarse acc: 0.945
coarse f1: 0.519
['rnd', 57, 'fold', 8, 'pr', 0.90582321529535759, 'roc', 0.90266273624306814]
[[1897   16]
 [  56   41]]
fine acc: 0.964
fine f1: 0.532
['rnd', 57, 'fold', 8, 'pr', 0.91386859990794678, 'roc', 0.89921643017659958]
8,57,coarse : 197.7 seconds
8,57,fine : 197.71 seconds
[[1838   75]
 [  38   59]]
coarse acc: 0.944
coarse f1: 0.511
['rnd', 58, 'fold', 8, 'pr', 0.90715525170585998, 'roc', 0.90421478651225207]
[[1894   19]
 [  58   39]]
fine acc: 0.962
fine f1: 0.503
['rnd', 58, 'fold', 8, 'pr', 0.91273004713894956, 'roc', 0.89939696380166079]
8,58,coarse : 199.85 seconds
8,58,fine : 199.86 seconds
[[1836   77]
 [  39   58]]
coarse acc: 0.942
coarse f1: 0.500
['rnd', 59, 'fold', 8, 'pr', 0.90689928779548379, 'roc', 0.90416359040962269]
[[1896   17]
 [  58   39]]
fine acc: 0.963
fine f1: 0.510
['rnd', 59, 'fold', 8, 'pr', 0.91337086789826016, 'roc', 0.89870985821374105]
8,59,coarse : 200.36 seconds
8,59,fine : 200.37 seconds
[[1834   79]
 [  35   62]]
coarse acc: 0.943
coarse f1: 0.521
['rnd', 60, 'fold', 8, 'pr', 0.90500548827841654, 'roc', 0.90141247352622578]
[[1895   18]
 [  57   40]]
fine acc: 0.963
fine f1: 0.516
['rnd', 60, 'fold', 8, 'pr', 0.91424008913989352, 'roc', 0.9003346608392927]
8,60,coarse : 201.39 seconds
8,60,fine : 201.4 seconds
[[1834   79]
 [  38   59]]
coarse acc: 0.942
coarse f1: 0.502
['rnd', 61, 'fold', 8, 'pr', 0.90615509339533618, 'roc', 0.90438454201044394]
[[1895   18]
 [  56   41]]
fine acc: 0.963
fine f1: 0.526
['rnd', 61, 'fold', 8, 'pr', 0.91349677647508298, 'roc', 0.89922451377175172]
8,61,coarse : 203.37 seconds
8,61,fine : 203.38 seconds
[[1833   80]
 [  39   58]]
coarse acc: 0.941
coarse f1: 0.494
['rnd', 62, 'fold', 8, 'pr', 0.90741024739465981, 'roc', 0.90426059355144661]
[[1898   15]
 [  54   43]]
fine acc: 0.966
fine f1: 0.555
['rnd', 62, 'fold', 8, 'pr', 0.91362732900816757, 'roc', 0.90009215298473289]
8,62,coarse : 203.94 seconds
8,62,fine : 203.95 seconds
[[1837   76]
 [  37   60]]
coarse acc: 0.944
coarse f1: 0.515
['rnd', 63, 'fold', 8, 'pr', 0.90886759956559326, 'roc', 0.90812994109753675]
[[1897   16]
 [  57   40]]
fine acc: 0.964
fine f1: 0.523
['rnd', 63, 'fold', 8, 'pr', 0.91484202411157889, 'roc', 0.90256573310124433]
8,63,coarse : 202.37 seconds
8,63,fine : 202.38 seconds
[[1832   81]
 [  38   59]]
coarse acc: 0.941
coarse f1: 0.498
['rnd', 64, 'fold', 8, 'pr', 0.90866063257662766, 'roc', 0.9071545206158621]
[[1894   19]
 [  56   41]]
fine acc: 0.963
fine f1: 0.522
['rnd', 64, 'fold', 8, 'pr', 0.91477133039814951, 'roc', 0.90156067277067919]
8,64,coarse : 202.7 seconds
8,64,fine : 202.71 seconds
[[1836   77]
 [  37   60]]
coarse acc: 0.943
coarse f1: 0.513
['rnd', 65, 'fold', 8, 'pr', 0.90794972068116642, 'roc', 0.90651591659885422]
[[1894   19]
 [  56   41]]
fine acc: 0.963
fine f1: 0.522
['rnd', 65, 'fold', 8, 'pr', 0.9133005162182154, 'roc', 0.90041010772737806]
8,65,coarse : 203.97 seconds
8,65,fine : 203.97 seconds
[[1832   81]
 [  37   60]]
coarse acc: 0.941
coarse f1: 0.504
['rnd', 66, 'fold', 8, 'pr', 0.90732648515781267, 'roc', 0.90694165261019288]
[[1893   20]
 [  57   40]]
fine acc: 0.962
fine f1: 0.510
['rnd', 66, 'fold', 8, 'pr', 0.91340837180156165, 'roc', 0.90078195310437004]
8,66,coarse : 205.87 seconds
8,66,fine : 205.88 seconds
[[1832   81]
 [  40   57]]
coarse acc: 0.940
coarse f1: 0.485
['rnd', 67, 'fold', 8, 'pr', 0.90890697172043122, 'roc', 0.90784162620378206]
[[1891   22]
 [  55   42]]
fine acc: 0.962
fine f1: 0.522
['rnd', 67, 'fold', 8, 'pr', 0.91230005374958689, 'roc', 0.89932960050872757]
8,67,coarse : 205.56 seconds
8,67,fine : 205.57 seconds
[[1833   80]
 [  39   58]]
coarse acc: 0.941
coarse f1: 0.494
['rnd', 68, 'fold', 8, 'pr', 0.90917152737910667, 'roc', 0.90824041689794732]
[[1891   22]
 [  54   43]]
fine acc: 0.962
fine f1: 0.531
['rnd', 68, 'fold', 8, 'pr', 0.91179651212092505, 'roc', 0.8991652340739702]
8,68,coarse : 206.71 seconds
8,68,fine : 206.71 seconds
[[1830   83]
 [  39   58]]
coarse acc: 0.939
coarse f1: 0.487
['rnd', 69, 'fold', 8, 'pr', 0.90953396207599946, 'roc', 0.90866345837756857]
[[1893   20]
 [  54   43]]
fine acc: 0.963
fine f1: 0.537
['rnd', 69, 'fold', 8, 'pr', 0.91099264581549144, 'roc', 0.89815747921168787]
8,69,coarse : 208.18 seconds
8,69,fine : 208.19 seconds
[[1827   86]
 [  39   58]]
coarse acc: 0.938
coarse f1: 0.481
['rnd', 70, 'fold', 8, 'pr', 0.91057588778484411, 'roc', 0.91053076885768025]
[[1892   21]
 [  54   43]]
fine acc: 0.963
fine f1: 0.534
['rnd', 70, 'fold', 8, 'pr', 0.91232213113775007, 'roc', 0.89902511842466892]
8,70,coarse : 209.29 seconds
8,70,fine : 209.3 seconds
[[1829   84]
 [  39   58]]
coarse acc: 0.939
coarse f1: 0.485
['rnd', 71, 'fold', 8, 'pr', 0.91127417823085366, 'roc', 0.91189689643836791]
[[1892   21]
 [  54   43]]
fine acc: 0.963
fine f1: 0.534
['rnd', 71, 'fold', 8, 'pr', 0.91115888607445705, 'roc', 0.89782874634217325]
8,71,coarse : 209.62 seconds
8,71,fine : 209.63 seconds
[[1833   80]
 [  38   59]]
coarse acc: 0.941
coarse f1: 0.500
['rnd', 72, 'fold', 8, 'pr', 0.90929929025360101, 'roc', 0.90909188892062454]
[[1891   22]
 [  53   44]]
fine acc: 0.963
fine f1: 0.540
['rnd', 72, 'fold', 8, 'pr', 0.91121270916894326, 'roc', 0.89789610963510647]
8,72,coarse : 210.18 seconds
8,72,fine : 210.19 seconds
[[1834   79]
 [  40   57]]
coarse acc: 0.941
coarse f1: 0.489
['rnd', 73, 'fold', 8, 'pr', 0.91210934454377346, 'roc', 0.91437047655487946]
[[1891   22]
 [  53   44]]
fine acc: 0.963
fine f1: 0.540
['rnd', 73, 'fold', 8, 'pr', 0.9109180793741084, 'roc', 0.89768054709771983]
8,73,coarse : 210.77 seconds
8,73,fine : 210.78 seconds
[[1829   84]
 [  40   57]]
coarse acc: 0.938
coarse f1: 0.479
['rnd', 74, 'fold', 8, 'pr', 0.9102002872848326, 'roc', 0.90973049293763231]
[[1891   22]
 [  53   44]]
fine acc: 0.963
fine f1: 0.540
['rnd', 74, 'fold', 8, 'pr', 0.91177129129525358, 'roc', 0.89876374884808763]
8,74,coarse : 211.32 seconds
8,74,fine : 211.33 seconds
[[1828   85]
 [  40   57]]
coarse acc: 0.938
coarse f1: 0.477
['rnd', 75, 'fold', 8, 'pr', 0.91236892088215338, 'roc', 0.91272950673902375]
[[1891   22]
 [  51   46]]
fine acc: 0.964
fine f1: 0.558
['rnd', 75, 'fold', 8, 'pr', 0.91171140892717628, 'roc', 0.89792844401571448]
8,75,coarse : 212.26 seconds
8,75,fine : 212.27 seconds
[[1830   83]
 [  38   59]]
coarse acc: 0.940
coarse f1: 0.494
['rnd', 76, 'fold', 8, 'pr', 0.91065354983976809, 'roc', 0.91069782982415493]
[[1891   22]
 [  51   46]]
fine acc: 0.964
fine f1: 0.558
['rnd', 76, 'fold', 8, 'pr', 0.91315540060021105, 'roc', 0.89987389591562883]
8,76,coarse : 212.62 seconds
8,76,fine : 212.63 seconds
[[1834   79]
 [  39   58]]
coarse acc: 0.941
coarse f1: 0.496
['rnd', 77, 'fold', 8, 'pr', 0.91301798687421465, 'roc', 0.91396629679727959]
[[1890   23]
 [  53   44]]
fine acc: 0.962
fine f1: 0.537
['rnd', 77, 'fold', 8, 'pr', 0.91055650739684224, 'roc', 0.89696919072434389]
8,77,coarse : 213.1 seconds
8,77,fine : 213.11 seconds
[[1828   85]
 [  40   57]]
coarse acc: 0.938
coarse f1: 0.477
['rnd', 78, 'fold', 8, 'pr', 0.91281714915807566, 'roc', 0.91377767957706635]
[[1892   21]
 [  52   45]]
fine acc: 0.964
fine f1: 0.552
['rnd', 78, 'fold', 8, 'pr', 0.91151696407902449, 'roc', 0.89873141446747962]
8,78,coarse : 213.98 seconds
8,78,fine : 213.99 seconds
[[1836   77]
 [  41   56]]
coarse acc: 0.941
coarse f1: 0.487
['rnd', 79, 'fold', 8, 'pr', 0.91226360925741024, 'roc', 0.91236574495718392]
[[1892   21]
 [  52   45]]
fine acc: 0.964
fine f1: 0.552
['rnd', 79, 'fold', 8, 'pr', 0.91167632769227813, 'roc', 0.89866135664282898]
8,79,coarse : 216.51 seconds
8,79,fine : 216.52 seconds
[[1832   81]
 [  40   57]]
coarse acc: 0.940
coarse f1: 0.485
['rnd', 80, 'fold', 8, 'pr', 0.91133131455886762, 'roc', 0.91162205420319997]
[[1892   21]
 [  54   43]]
fine acc: 0.963
fine f1: 0.534
['rnd', 80, 'fold', 8, 'pr', 0.91142067707945118, 'roc', 0.89875835978465302]
8,80,coarse : 218.45 seconds
8,80,fine : 218.46 seconds
[[1828   85]
 [  39   58]]
coarse acc: 0.938
coarse f1: 0.483
['rnd', 81, 'fold', 8, 'pr', 0.910124967700632, 'roc', 0.90912422330123244]
[[1890   23]
 [  54   43]]
fine acc: 0.962
fine f1: 0.528
['rnd', 81, 'fold', 8, 'pr', 0.91130980782709659, 'roc', 0.8983487909636183]
8,81,coarse : 219.3 seconds
8,81,fine : 219.31 seconds
[[1830   83]
 [  40   57]]
coarse acc: 0.939
coarse f1: 0.481
['rnd', 82, 'fold', 8, 'pr', 0.90977343032759117, 'roc', 0.90903530375456043]
[[1891   22]
 [  54   43]]
fine acc: 0.962
fine f1: 0.531
['rnd', 82, 'fold', 8, 'pr', 0.91244872814082389, 'roc', 0.90013796002392743]
8,82,coarse : 220.45 seconds
8,82,fine : 220.46 seconds
[[1830   83]
 [  38   59]]
coarse acc: 0.940
coarse f1: 0.494
['rnd', 83, 'fold', 8, 'pr', 0.90920115240823884, 'roc', 0.90826197315168589]
[[1891   22]
 [  54   43]]
fine acc: 0.962
fine f1: 0.531
['rnd', 83, 'fold', 8, 'pr', 0.91234016386309646, 'roc', 0.90000862250149538]
8,83,coarse : 221.46 seconds
8,83,fine : 221.47 seconds
[[1830   83]
 [  38   59]]
coarse acc: 0.940
coarse f1: 0.494
['rnd', 84, 'fold', 8, 'pr', 0.91045755132900696, 'roc', 0.90953109759054973]
[[1891   22]
 [  54   43]]
fine acc: 0.962
fine f1: 0.531
['rnd', 84, 'fold', 8, 'pr', 0.91220433280268498, 'roc', 0.9000113170332128]
8,84,coarse : 221.17 seconds
8,84,fine : 221.18 seconds
[[1827   86]
 [  36   61]]
coarse acc: 0.939
coarse f1: 0.500
['rnd', 85, 'fold', 8, 'pr', 0.91304807398444199, 'roc', 0.91438125468174891]
[[1891   22]
 [  53   44]]
fine acc: 0.963
fine f1: 0.540
['rnd', 85, 'fold', 8, 'pr', 0.91399534138642569, 'roc', 0.90321780977683874]
8,85,coarse : 221.1 seconds
8,85,fine : 221.11 seconds
[[1827   86]
 [  40   57]]
coarse acc: 0.937
coarse f1: 0.475
['rnd', 86, 'fold', 8, 'pr', 0.91267345653591925, 'roc', 0.9126217254703306]
[[1890   23]
 [  52   45]]
fine acc: 0.963
fine f1: 0.545
['rnd', 86, 'fold', 8, 'pr', 0.9149517260379687, 'roc', 0.9041959247902307]
8,86,coarse : 222.96 seconds
8,86,fine : 222.97 seconds
[[1829   84]
 [  38   59]]
coarse acc: 0.939
coarse f1: 0.492
['rnd', 87, 'fold', 8, 'pr', 0.91127938512738227, 'roc', 0.91169211202785061]
[[1889   24]
 [  52   45]]
fine acc: 0.962
fine f1: 0.542
['rnd', 87, 'fold', 8, 'pr', 0.91466039217758088, 'roc', 0.90398575131627867]
8,87,coarse : 224.47 seconds
8,87,fine : 224.48 seconds
[[1824   89]
 [  40   57]]
coarse acc: 0.936
coarse f1: 0.469
['rnd', 88, 'fold', 8, 'pr', 0.91184512252471639, 'roc', 0.91217982226868788]
[[1889   24]
 [  53   44]]
fine acc: 0.962
fine f1: 0.533
['rnd', 88, 'fold', 8, 'pr', 0.91445641736016781, 'roc', 0.90376479971545742]
8,88,coarse : 225.47 seconds
8,88,fine : 225.48 seconds
[[1827   86]
 [  38   59]]
coarse acc: 0.938
coarse f1: 0.488
['rnd', 89, 'fold', 8, 'pr', 0.91273545641628462, 'roc', 0.91358636782513558]
[[1888   25]
 [  53   44]]
fine acc: 0.961
fine f1: 0.530
['rnd', 89, 'fold', 8, 'pr', 0.91380491718977674, 'roc', 0.9032312824354255]
8,89,coarse : 224.67 seconds
8,89,fine : 224.68 seconds
[[1828   85]
 [  37   60]]
coarse acc: 0.939
coarse f1: 0.496
['rnd', 90, 'fold', 8, 'pr', 0.91276464642602617, 'roc', 0.91307171226712502]
[[1890   23]
 [  53   44]]
fine acc: 0.962
fine f1: 0.537
['rnd', 90, 'fold', 8, 'pr', 0.9140545676178129, 'roc', 0.90319355899138287]
8,90,coarse : 226.07 seconds
8,90,fine : 226.08 seconds
[[1828   85]
 [  37   60]]
coarse acc: 0.939
coarse f1: 0.496
['rnd', 91, 'fold', 8, 'pr', 0.91236859047316965, 'roc', 0.91320374432127438]
[[1890   23]
 [  53   44]]
fine acc: 0.962
fine f1: 0.537
['rnd', 91, 'fold', 8, 'pr', 0.91451040905304248, 'roc', 0.90437106935185729]
8,91,coarse : 226.52 seconds
8,91,fine : 226.53 seconds
[[1827   86]
 [  37   60]]
coarse acc: 0.939
coarse f1: 0.494
['rnd', 92, 'fold', 8, 'pr', 0.91227531611225365, 'roc', 0.91307440679884233]
[[1888   25]
 [  53   44]]
fine acc: 0.961
fine f1: 0.530
['rnd', 92, 'fold', 8, 'pr', 0.91404819634696965, 'roc', 0.90426598261488134]
8,92,coarse : 227.87 seconds
8,92,fine : 227.88 seconds
[[1830   83]
 [  38   59]]
coarse acc: 0.940
coarse f1: 0.494
['rnd', 93, 'fold', 8, 'pr', 0.911334900070494, 'roc', 0.91268639423154652]
[[1887   26]
 [  54   43]]
fine acc: 0.960
fine f1: 0.518
['rnd', 93, 'fold', 8, 'pr', 0.91505961210629227, 'roc', 0.90476177645087064]
8,93,coarse : 229.68 seconds
8,93,fine : 229.69 seconds
[[1830   83]
 [  38   59]]
coarse acc: 0.940
coarse f1: 0.494
['rnd', 94, 'fold', 8, 'pr', 0.91138672187024694, 'roc', 0.91494441181067143]
[[1888   25]
 [  53   44]]
fine acc: 0.961
fine f1: 0.530
['rnd', 94, 'fold', 8, 'pr', 0.91566052186953173, 'roc', 0.9067126174142196]
8,94,coarse : 230.82 seconds
8,94,fine : 230.83 seconds
[[1832   81]
 [  38   59]]
coarse acc: 0.941
coarse f1: 0.498
['rnd', 95, 'fold', 8, 'pr', 0.91041448936957015, 'roc', 0.91169211202785072]
[[1888   25]
 [  53   44]]
fine acc: 0.961
fine f1: 0.530
['rnd', 95, 'fold', 8, 'pr', 0.91547752427307916, 'roc', 0.90642699705218233]
8,95,coarse : 230.97 seconds
8,95,fine : 230.98 seconds
[[1831   82]
 [  38   59]]
coarse acc: 0.940
coarse f1: 0.496
['rnd', 96, 'fold', 8, 'pr', 0.91018071703831149, 'roc', 0.91178372610624003]
[[1888   25]
 [  50   47]]
fine acc: 0.963
fine f1: 0.556
['rnd', 96, 'fold', 8, 'pr', 0.91609380802832086, 'roc', 0.9072703854797074]
8,96,coarse : 230.94 seconds
8,96,fine : 230.95 seconds
[[1830   83]
 [  38   59]]
coarse acc: 0.940
coarse f1: 0.494
['rnd', 97, 'fold', 8, 'pr', 0.90945786418884667, 'roc', 0.91073016420476283]
[[1888   25]
 [  50   47]]
fine acc: 0.963
fine f1: 0.556
['rnd', 97, 'fold', 8, 'pr', 0.9158241851398139, 'roc', 0.90701709949827813]
8,97,coarse : 231.2 seconds
8,97,fine : 231.21 seconds
[[1831   82]
 [  37   60]]
coarse acc: 0.941
coarse f1: 0.502
['rnd', 98, 'fold', 8, 'pr', 0.90895313857751814, 'roc', 0.90984905233319502]
[[1888   25]
 [  52   45]]
fine acc: 0.962
fine f1: 0.539
['rnd', 98, 'fold', 8, 'pr', 0.91654316662448376, 'roc', 0.90815149735127532]
8,98,coarse : 230.88 seconds
8,98,fine : 230.89 seconds
[[1827   86]
 [  38   59]]
coarse acc: 0.938
coarse f1: 0.488
['rnd', 99, 'fold', 8, 'pr', 0.91147399993603351, 'roc', 0.91491207743006342]
[[1888   25]
 [  53   44]]
fine acc: 0.961
fine f1: 0.530
['rnd', 99, 'fold', 8, 'pr', 0.91574683235335685, 'roc', 0.90689854010271564]
8,99,coarse : 230.71 seconds
8,99,fine : 230.72 seconds
[[1828   85]
 [  37   60]]
coarse acc: 0.939
coarse f1: 0.496
['rnd', 100, 'fold', 8, 'pr', 0.90941310458806279, 'roc', 0.91051190713565888]
[[1888   25]
 [  52   45]]
fine acc: 0.962
fine f1: 0.539
['rnd', 100, 'fold', 8, 'pr', 0.91604258902300506, 'roc', 0.90733505424092342]
8,100,coarse : 232.72 seconds
8,100,fine : 232.74 seconds
[[1832   81]
 [  37   60]]
coarse acc: 0.941
coarse f1: 0.504
['rnd', 101, 'fold', 8, 'pr', 0.90940763014719961, 'roc', 0.91035831882777096]
[[1889   24]
 [  53   44]]
fine acc: 0.962
fine f1: 0.533
['rnd', 101, 'fold', 8, 'pr', 0.91588625853527961, 'roc', 0.90648897128168093]
8,101,coarse : 231.11 seconds
8,101,fine : 231.12 seconds
[[1830   83]
 [  37   60]]
coarse acc: 0.940
coarse f1: 0.500
['rnd', 102, 'fold', 8, 'pr', 0.91040021305053598, 'roc', 0.91316063181379692]
[[1891   22]
 [  53   44]]
fine acc: 0.963
fine f1: 0.540
['rnd', 102, 'fold', 8, 'pr', 0.91539344693784397, 'roc', 0.90561055394183043]
8,102,coarse : 231.66 seconds
8,102,fine : 231.67 seconds
[[1831   82]
 [  37   60]]
coarse acc: 0.941
coarse f1: 0.502
['rnd', 103, 'fold', 8, 'pr', 0.91001060114523391, 'roc', 0.91199389958019195]
[[1889   24]
 [  53   44]]
fine acc: 0.962
fine f1: 0.533
['rnd', 103, 'fold', 8, 'pr', 0.91490652507352133, 'roc', 0.90393724974536682]
8,103,coarse : 231.54 seconds
8,103,fine : 231.55 seconds
[[1829   84]
 [  37   60]]
coarse acc: 0.940
coarse f1: 0.498
['rnd', 104, 'fold', 8, 'pr', 0.90967531280826008, 'roc', 0.91141726979268267]
[[1889   24]
 [  53   44]]
fine acc: 0.962
fine f1: 0.533
['rnd', 104, 'fold', 8, 'pr', 0.91479203966861433, 'roc', 0.90354384811463617]
8,104,coarse : 231.61 seconds
8,104,fine : 231.62 seconds
[[1828   85]
 [  38   59]]
coarse acc: 0.939
coarse f1: 0.490
['rnd', 105, 'fold', 8, 'pr', 0.90855705819552757, 'roc', 0.91021550864675227]
[[1891   22]
 [  53   44]]
fine acc: 0.963
fine f1: 0.540
['rnd', 105, 'fold', 8, 'pr', 0.91254920339838919, 'roc', 0.90091667969023659]
8,105,coarse : 233.74 seconds
8,105,fine : 233.75 seconds
[[1828   85]
 [  37   60]]
coarse acc: 0.939
coarse f1: 0.496
['rnd', 106, 'fold', 8, 'pr', 0.90779599523859444, 'roc', 0.90955265384428829]
[[1891   22]
 [  54   43]]
fine acc: 0.962
fine f1: 0.531
['rnd', 106, 'fold', 8, 'pr', 0.91299943683461482, 'roc', 0.90157953449270045]
8,106,coarse : 234.25 seconds
8,106,fine : 234.26 seconds
[[1825   88]
 [  39   58]]
coarse acc: 0.937
coarse f1: 0.477
['rnd', 107, 'fold', 8, 'pr', 0.909245643545461, 'roc', 0.91235496683031458]
[[1889   24]
 [  54   43]]
fine acc: 0.961
fine f1: 0.524
['rnd', 107, 'fold', 8, 'pr', 0.91340462298784264, 'roc', 0.90335253636270552]
8,107,coarse : 235.26 seconds
8,107,fine : 235.27 seconds
[[1829   84]
 [  38   59]]
coarse acc: 0.939
coarse f1: 0.492
['rnd', 108, 'fold', 8, 'pr', 0.90762274678424071, 'roc', 0.90919697565760038]
[[1890   23]
 [  54   43]]
fine acc: 0.962
fine f1: 0.528
['rnd', 108, 'fold', 8, 'pr', 0.9131035344104369, 'roc', 0.9036112114075695]
8,108,coarse : 235.62 seconds
8,108,fine : 235.63 seconds
[[1825   88]
 [  40   57]]
coarse acc: 0.936
coarse f1: 0.471
['rnd', 109, 'fold', 8, 'pr', 0.91372837463445888, 'roc', 0.91025053755907759]
[[1890   23]
 [  54   43]]
fine acc: 0.962
fine f1: 0.528
['rnd', 109, 'fold', 8, 'pr', 0.916044197768766, 'roc', 0.90986521952349908]
8,109,coarse : 237.46 seconds
8,109,fine : 237.48 seconds
[[1830   83]
 [  38   59]]
coarse acc: 0.940
coarse f1: 0.494
['rnd', 110, 'fold', 8, 'pr', 0.90821747335378034, 'roc', 0.90951762493196298]
[[1890   23]
 [  53   44]]
fine acc: 0.962
fine f1: 0.537
['rnd', 110, 'fold', 8, 'pr', 0.91840053660914955, 'roc', 0.91213670976121064]
8,110,coarse : 237.57 seconds
8,110,fine : 237.59 seconds
[[1826   87]
 [  39   58]]
coarse acc: 0.937
coarse f1: 0.479
['rnd', 111, 'fold', 8, 'pr', 0.9091378766736975, 'roc', 0.91278339737337055]
[[1890   23]
 [  53   44]]
fine acc: 0.962
fine f1: 0.537
['rnd', 111, 'fold', 8, 'pr', 0.91799333125073745, 'roc', 0.91138493541207477]
8,111,coarse : 237.16 seconds
8,111,fine : 237.17 seconds
[[1828   85]
 [  39   58]]
coarse acc: 0.938
coarse f1: 0.483
['rnd', 112, 'fold', 8, 'pr', 0.90821865258518919, 'roc', 0.91181067142341332]
[[1890   23]
 [  53   44]]
fine acc: 0.962
fine f1: 0.537
['rnd', 112, 'fold', 8, 'pr', 0.91805389573405394, 'roc', 0.91118823459670939]
8,112,coarse : 238.88 seconds
8,112,fine : 238.89 seconds
[[1826   87]
 [  41   56]]
coarse acc: 0.936
coarse f1: 0.467
['rnd', 113, 'fold', 8, 'pr', 0.90759856028904251, 'roc', 0.91066549544354691]
[[1891   22]
 [  52   45]]
fine acc: 0.963
fine f1: 0.549
['rnd', 113, 'fold', 8, 'pr', 0.91784541989190926, 'roc', 0.91106967520114668]
8,113,coarse : 239.04 seconds
8,113,fine : 239.06 seconds
[[1828   85]
 [  40   57]]
coarse acc: 0.938
coarse f1: 0.477
['rnd', 114, 'fold', 8, 'pr', 0.90567543280180329, 'roc', 0.90622490717338233]
[[1890   23]
 [  52   45]]
fine acc: 0.963
fine f1: 0.545
['rnd', 114, 'fold', 8, 'pr', 0.91707300411427273, 'roc', 0.91061160480920023]
8,114,coarse : 239.8 seconds
8,114,fine : 239.81 seconds
[[1827   86]
 [  41   56]]
coarse acc: 0.937
coarse f1: 0.469
['rnd', 115, 'fold', 8, 'pr', 0.90700744316545201, 'roc', 0.91015622894897097]
[[1890   23]
 [  53   44]]
fine acc: 0.962
fine f1: 0.537
['rnd', 115, 'fold', 8, 'pr', 0.91637010611471803, 'roc', 0.91039065320837886]
8,115,coarse : 240.74 seconds
8,115,fine : 240.75 seconds
[[1830   83]
 [  43   54]]
coarse acc: 0.937
coarse f1: 0.462
['rnd', 116, 'fold', 8, 'pr', 0.90626515583856371, 'roc', 0.90857184429917925]
[[1890   23]
 [  53   44]]
fine acc: 0.962
fine f1: 0.537
['rnd', 116, 'fold', 8, 'pr', 0.91669523542148179, 'roc', 0.91047957275505076]
8,116,coarse : 241.74 seconds
8,116,fine : 241.75 seconds
[[1833   80]
 [  41   56]]
coarse acc: 0.940
coarse f1: 0.481
['rnd', 117, 'fold', 8, 'pr', 0.90559688005835304, 'roc', 0.90833742003977125]
[[1890   23]
 [  53   44]]
fine acc: 0.962
fine f1: 0.537
['rnd', 117, 'fold', 8, 'pr', 0.91664045849498299, 'roc', 0.90949337414650699]
8,117,coarse : 242.29 seconds
8,117,fine : 242.3 seconds
[[1830   83]
 [  41   56]]
coarse acc: 0.938
coarse f1: 0.475
['rnd', 118, 'fold', 8, 'pr', 0.90635263923552489, 'roc', 0.90922122644305647]
[[1890   23]
 [  53   44]]
fine acc: 0.962
fine f1: 0.537
['rnd', 118, 'fold', 8, 'pr', 0.91655098620830489, 'roc', 0.90936942568750978]
8,118,coarse : 243.53 seconds
8,118,fine : 243.54 seconds
[[1830   83]
 [  41   56]]
coarse acc: 0.938
coarse f1: 0.475
['rnd', 119, 'fold', 8, 'pr', 0.90456639608372746, 'roc', 0.90698476511767023]
[[1891   22]
 [  54   43]]
fine acc: 0.962
fine f1: 0.531
['rnd', 119, 'fold', 8, 'pr', 0.91642122410351523, 'roc', 0.91007539299745099]
8,119,coarse : 244.8 seconds
8,119,fine : 244.81 seconds
[[1824   89]
 [  41   56]]
coarse acc: 0.935
coarse f1: 0.463
['rnd', 120, 'fold', 8, 'pr', 0.90478001491168392, 'roc', 0.90614137669014494]
[[1890   23]
 [  54   43]]
fine acc: 0.962
fine f1: 0.528
['rnd', 120, 'fold', 8, 'pr', 0.91702133801709396, 'roc', 0.91094303221043227]
8,120,coarse : 245.07 seconds
8,120,fine : 245.09 seconds
[[1830   83]
 [  41   56]]
coarse acc: 0.938
coarse f1: 0.475
['rnd', 121, 'fold', 8, 'pr', 0.90444520577381859, 'roc', 0.90663986505785166]
[[1890   23]
 [  54   43]]
fine acc: 0.962
fine f1: 0.528
['rnd', 121, 'fold', 8, 'pr', 0.91685695978443138, 'roc', 0.91079752749769616]
8,121,coarse : 244.98 seconds
8,121,fine : 244.99 seconds
[[1827   86]
 [  40   57]]
coarse acc: 0.937
coarse f1: 0.475
['rnd', 122, 'fold', 8, 'pr', 0.90514757048227557, 'roc', 0.9075021152073981]
[[1891   22]
 [  53   44]]
fine acc: 0.963
fine f1: 0.540
['rnd', 122, 'fold', 8, 'pr', 0.91709728684521452, 'roc', 0.91117206740640544]
8,122,coarse : 245.18 seconds
8,122,fine : 245.2 seconds
[[1824   89]
 [  41   56]]
coarse acc: 0.935
coarse f1: 0.463
['rnd', 123, 'fold', 8, 'pr', 0.90524366798210709, 'roc', 0.9065967525503742]
[[1891   22]
 [  53   44]]
fine acc: 0.963
fine f1: 0.540
['rnd', 123, 'fold', 8, 'pr', 0.91689601897930106, 'roc', 0.91087297438578141]
8,123,coarse : 245.0 seconds
8,123,fine : 245.01 seconds
[[1828   85]
 [  40   57]]
coarse acc: 0.938
coarse f1: 0.477
['rnd', 124, 'fold', 8, 'pr', 0.9061914659948147, 'roc', 0.90973318746934961]
[[1890   23]
 [  54   43]]
fine acc: 0.962
fine f1: 0.528
['rnd', 124, 'fold', 8, 'pr', 0.9173456624978179, 'roc', 0.91061160480920034]
8,124,coarse : 244.92 seconds
8,124,fine : 244.94 seconds
[[1829   84]
 [  40   57]]
coarse acc: 0.938
coarse f1: 0.479
['rnd', 125, 'fold', 8, 'pr', 0.90622408235818885, 'roc', 0.90964965698611233]
[[1891   22]
 [  54   43]]
fine acc: 0.962
fine f1: 0.531
['rnd', 125, 'fold', 8, 'pr', 0.917237687430557, 'roc', 0.91051999073081091]
8,125,coarse : 245.55 seconds
8,125,fine : 245.56 seconds
[[1826   87]
 [  40   57]]
coarse acc: 0.937
coarse f1: 0.473
['rnd', 126, 'fold', 8, 'pr', 0.90575163697560501, 'roc', 0.90872543260706728]
[[1890   23]
 [  52   45]]
fine acc: 0.963
fine f1: 0.545
['rnd', 126, 'fold', 8, 'pr', 0.91744969105565821, 'roc', 0.91046340556474692]
8,126,coarse : 246.47 seconds
8,126,fine : 246.49 seconds
[[1826   87]
 [  40   57]]
coarse acc: 0.937
coarse f1: 0.473
['rnd', 127, 'fold', 8, 'pr', 0.90586823697393726, 'roc', 0.90863920759211259]
[[1891   22]
 [  55   42]]
fine acc: 0.962
fine f1: 0.522
['rnd', 127, 'fold', 8, 'pr', 0.91837212433479576, 'roc', 0.9120720409999945]
8,127,coarse : 246.68 seconds
8,127,fine : 246.7 seconds
[[1829   84]
 [  39   58]]
coarse acc: 0.939
coarse f1: 0.485
['rnd', 128, 'fold', 8, 'pr', 0.90608508067032911, 'roc', 0.908698487289894]
[[1891   22]
 [  52   45]]
fine acc: 0.963
fine f1: 0.549
['rnd', 128, 'fold', 8, 'pr', 0.91769793141991718, 'roc', 0.91055232511141893]
8,128,coarse : 247.47 seconds
8,128,fine : 247.48 seconds
[[1826   87]
 [  39   58]]
coarse acc: 0.937
coarse f1: 0.479
['rnd', 129, 'fold', 8, 'pr', 0.90672659071143169, 'roc', 0.90910266704749387]
[[1891   22]
 [  52   45]]
fine acc: 0.963
fine f1: 0.549
['rnd', 129, 'fold', 8, 'pr', 0.91794309919013084, 'roc', 0.91074633139506689]
8,129,coarse : 247.1 seconds
8,129,fine : 247.12 seconds
[[1825   88]
 [  41   56]]
coarse acc: 0.936
coarse f1: 0.465
['rnd', 130, 'fold', 8, 'pr', 0.90558430304067916, 'roc', 0.90806527233632062]
[[1890   23]
 [  52   45]]
fine acc: 0.963
fine f1: 0.545
['rnd', 130, 'fold', 8, 'pr', 0.91733142221448749, 'roc', 0.90998108438734437]
8,130,coarse : 246.91 seconds
8,130,fine : 246.93 seconds
[[1828   85]
 [  40   57]]
coarse acc: 0.938
coarse f1: 0.477
['rnd', 131, 'fold', 8, 'pr', 0.91206930671378805, 'roc', 0.90918350299901374]
[[1890   23]
 [  53   44]]
fine acc: 0.962
fine f1: 0.537
['rnd', 131, 'fold', 8, 'pr', 0.91917680758117204, 'roc', 0.91295045833984512]
8,131,coarse : 247.36 seconds
8,131,fine : 247.37 seconds
[[1826   87]
 [  40   57]]
coarse acc: 0.937
coarse f1: 0.473
['rnd', 132, 'fold', 8, 'pr', 0.91156310301449739, 'roc', 0.90834819816664059]
[[1889   24]
 [  55   42]]
fine acc: 0.961
fine f1: 0.515
['rnd', 132, 'fold', 8, 'pr', 0.91708085380752224, 'roc', 0.9107247751413281]
8,132,coarse : 248.5 seconds
8,132,fine : 248.51 seconds
[[1823   90]
 [  40   57]]
coarse acc: 0.935
coarse f1: 0.467
['rnd', 133, 'fold', 8, 'pr', 0.91276504396381564, 'roc', 0.91005922580714693]
[[1890   23]
 [  53   44]]
fine acc: 0.962
fine f1: 0.537
['rnd', 133, 'fold', 8, 'pr', 0.91773683337935963, 'roc', 0.9108675853223468]
8,133,coarse : 249.37 seconds
8,133,fine : 249.38 seconds
[[1823   90]
 [  40   57]]
coarse acc: 0.935
coarse f1: 0.467
['rnd', 134, 'fold', 8, 'pr', 0.91224406385412071, 'roc', 0.90920236472103511]
[[1890   23]
 [  53   44]]
fine acc: 0.962
fine f1: 0.537
['rnd', 134, 'fold', 8, 'pr', 0.91761796495991221, 'roc', 0.9107813603073921]
8,134,coarse : 249.42 seconds
8,134,fine : 249.43 seconds
[[1823   90]
 [  40   57]]
coarse acc: 0.935
coarse f1: 0.467
['rnd', 135, 'fold', 8, 'pr', 0.91146628101373972, 'roc', 0.90819191532703536]
[[1889   24]
 [  53   44]]
fine acc: 0.962
fine f1: 0.533
['rnd', 135, 'fold', 8, 'pr', 0.9179527792063007, 'roc', 0.91092955955184551]
8,135,coarse : 250.31 seconds
8,135,fine : 250.33 seconds
[[1825   88]
 [  40   57]]
coarse acc: 0.936
coarse f1: 0.471
['rnd', 136, 'fold', 8, 'pr', 0.91164559482451812, 'roc', 0.90861226227493919]
[[1889   24]
 [  54   43]]
fine acc: 0.961
fine f1: 0.524
['rnd', 136, 'fold', 8, 'pr', 0.91685708603366878, 'roc', 0.90912422330123244]
8,136,coarse : 250.04 seconds
8,136,fine : 250.05 seconds
[[1823   90]
 [  40   57]]
coarse acc: 0.935
coarse f1: 0.467
['rnd', 137, 'fold', 8, 'pr', 0.91268153381433381, 'roc', 0.9096954640253071]
[[1889   24]
 [  53   44]]
fine acc: 0.962
fine f1: 0.533
['rnd', 137, 'fold', 8, 'pr', 0.91679779530586347, 'roc', 0.90894638420788854]
8,137,coarse : 249.54 seconds
8,137,fine : 249.55 seconds
[[1823   90]
 [  40   57]]
coarse acc: 0.935
coarse f1: 0.467
['rnd', 138, 'fold', 8, 'pr', 0.91146458881962189, 'roc', 0.90633538297379301]
[[1889   24]
 [  56   41]]
fine acc: 0.960
fine f1: 0.506
['rnd', 138, 'fold', 8, 'pr', 0.91635839594851287, 'roc', 0.90897871858849655]
8,138,coarse : 250.19 seconds
8,138,fine : 250.2 seconds
[[1824   89]
 [  40   57]]
coarse acc: 0.936
coarse f1: 0.469
['rnd', 139, 'fold', 8, 'pr', 0.91293246065506473, 'roc', 0.90994066641158433]
[[1889   24]
 [  54   43]]
fine acc: 0.961
fine f1: 0.524
['rnd', 139, 'fold', 8, 'pr', 0.91709020439118161, 'roc', 0.90989216484067237]
8,139,coarse : 250.72 seconds
8,139,fine : 250.74 seconds
[[1823   90]
 [  41   56]]
coarse acc: 0.935
coarse f1: 0.461
['rnd', 140, 'fold', 8, 'pr', 0.91280960997301941, 'roc', 0.90916733580870979]
[[1890   23]
 [  56   41]]
fine acc: 0.961
fine f1: 0.509
['rnd', 140, 'fold', 8, 'pr', 0.91597145821211201, 'roc', 0.90860956774322188]
8,140,coarse : 250.61 seconds
8,140,fine : 250.62 seconds
[[1824   89]
 [  39   58]]
coarse acc: 0.936
coarse f1: 0.475
['rnd', 141, 'fold', 8, 'pr', 0.91304750591542794, 'roc', 0.90979246716713114]
[[1890   23]
 [  53   44]]
fine acc: 0.962
fine f1: 0.537
['rnd', 141, 'fold', 8, 'pr', 0.91604951123097933, 'roc', 0.90772845587165396]
8,141,coarse : 251.54 seconds
8,141,fine : 251.55 seconds
[[1828   85]
 [  37   60]]
coarse acc: 0.939
coarse f1: 0.496
['rnd', 142, 'fold', 8, 'pr', 0.91365357296940841, 'roc', 0.91051460166737619]
[[1889   24]
 [  56   41]]
fine acc: 0.960
fine f1: 0.506
['rnd', 142, 'fold', 8, 'pr', 0.91506544501394338, 'roc', 0.9075883402223528]
8,142,coarse : 251.37 seconds
8,142,fine : 251.38 seconds
[[1823   90]
 [  40   57]]
coarse acc: 0.935
coarse f1: 0.467
['rnd', 143, 'fold', 8, 'pr', 0.91325314433751326, 'roc', 0.9082350278345126]
[[1890   23]
 [  56   41]]
fine acc: 0.961
fine f1: 0.509
['rnd', 143, 'fold', 8, 'pr', 0.91482666423260639, 'roc', 0.90736738862153143]
8,143,coarse : 252.53 seconds
8,143,fine : 252.55 seconds
[[1821   92]
 [  38   59]]
coarse acc: 0.935
coarse f1: 0.476
['rnd', 144, 'fold', 8, 'pr', 0.91426036977600889, 'roc', 0.91155738544198395]
[[1890   23]
 [  57   40]]
fine acc: 0.960
fine f1: 0.500
['rnd', 144, 'fold', 8, 'pr', 0.91541478027156753, 'roc', 0.90796826919449669]
8,144,coarse : 252.71 seconds
8,144,fine : 252.72 seconds
[[1822   91]
 [  38   59]]
coarse acc: 0.936
coarse f1: 0.478
['rnd', 145, 'fold', 8, 'pr', 0.91434371583336915, 'roc', 0.91211515350747185]
[[1890   23]
 [  55   42]]
fine acc: 0.961
fine f1: 0.519
['rnd', 145, 'fold', 8, 'pr', 0.91532268680814877, 'roc', 0.90928320067255508]
8,145,coarse : 251.28 seconds
8,145,fine : 251.29 seconds
[[1824   89]
 [  38   59]]
coarse acc: 0.937
coarse f1: 0.482
['rnd', 146, 'fold', 8, 'pr', 0.91357077485576854, 'roc', 0.9102235922419043]
[[1890   23]
 [  55   42]]
fine acc: 0.961
fine f1: 0.519
['rnd', 146, 'fold', 8, 'pr', 0.91517505047802772, 'roc', 0.90919697565760049]
8,146,coarse : 251.13 seconds
8,146,fine : 251.14 seconds
[[1826   87]
 [  38   59]]
coarse acc: 0.938
coarse f1: 0.486
['rnd', 147, 'fold', 8, 'pr', 0.91308809371566613, 'roc', 0.90983827420632557]
[[1890   23]
 [  56   41]]
fine acc: 0.961
fine f1: 0.509
['rnd', 147, 'fold', 8, 'pr', 0.91558284429110626, 'roc', 0.90968199136672034]
8,147,coarse : 253.02 seconds
8,147,fine : 253.03 seconds
[[1828   85]
 [  37   60]]
coarse acc: 0.939
coarse f1: 0.496
['rnd', 148, 'fold', 8, 'pr', 0.91200642524760822, 'roc', 0.90792785121873676]
[[1890   23]
 [  55   42]]
fine acc: 0.961
fine f1: 0.519
['rnd', 148, 'fold', 8, 'pr', 0.91649329165162319, 'roc', 0.90983019061117365]
8,148,coarse : 253.58 seconds
8,148,fine : 253.59 seconds
[[1831   82]
 [  38   59]]
coarse acc: 0.940
coarse f1: 0.496
['rnd', 149, 'fold', 8, 'pr', 0.91174768447378329, 'roc', 0.90723266203566477]
[[1890   23]
 [  55   42]]
fine acc: 0.961
fine f1: 0.519
['rnd', 149, 'fold', 8, 'pr', 0.916383614973452, 'roc', 0.90973318746934972]
8,149,coarse : 253.94 seconds
8,149,fine : 253.95 seconds
[[1827   86]
 [  39   58]]
coarse acc: 0.938
coarse f1: 0.481
['rnd', 150, 'fold', 8, 'pr', 0.91148036057120485, 'roc', 0.90539499140444379]
[[1891   22]
 [  56   41]]
fine acc: 0.961
fine f1: 0.513
['rnd', 150, 'fold', 8, 'pr', 0.91603184349831757, 'roc', 0.90940714913155241]
8,150,coarse : 256.24 seconds
8,150,fine : 256.25 seconds
[[1828   85]
 [  38   59]]
coarse acc: 0.939
coarse f1: 0.490
['rnd', 151, 'fold', 8, 'pr', 0.91336120681568311, 'roc', 0.9095499593125711]
[[1891   22]
 [  56   41]]
fine acc: 0.961
fine f1: 0.513
['rnd', 151, 'fold', 8, 'pr', 0.91589710664160984, 'roc', 0.90925086629194707]
8,151,coarse : 256.01 seconds
8,151,fine : 256.02 seconds
[[1828   85]
 [  39   58]]
coarse acc: 0.938
coarse f1: 0.483
['rnd', 152, 'fold', 8, 'pr', 0.91327388385585651, 'roc', 0.90947181789276843]
[[1891   22]
 [  56   41]]
fine acc: 0.961
fine f1: 0.513
['rnd', 152, 'fold', 8, 'pr', 0.91563691580532958, 'roc', 0.91051460166737619]
8,152,coarse : 254.42 seconds
8,152,fine : 254.44 seconds
[[1828   85]
 [  39   58]]
coarse acc: 0.938
coarse f1: 0.483
['rnd', 153, 'fold', 8, 'pr', 0.91327779917475715, 'roc', 0.90951493040024578]
[[1889   24]
 [  56   41]]
fine acc: 0.960
fine f1: 0.506
['rnd', 153, 'fold', 8, 'pr', 0.91525680664164755, 'roc', 0.90859070602120051]
8,153,coarse : 254.91 seconds
8,153,fine : 254.93 seconds
[[1829   84]
 [  39   58]]
coarse acc: 0.939
coarse f1: 0.485
['rnd', 154, 'fold', 8, 'pr', 0.91280566708982425, 'roc', 0.9088224357488911]
[[1889   24]
 [  56   41]]
fine acc: 0.960
fine f1: 0.506
['rnd', 154, 'fold', 8, 'pr', 0.91509300052587905, 'roc', 0.9084398122450299]
8,154,coarse : 255.05 seconds
8,154,fine : 255.07 seconds
[[1826   87]
 [  38   59]]
coarse acc: 0.938
coarse f1: 0.486
['rnd', 155, 'fold', 8, 'pr', 0.91244983270883528, 'roc', 0.90894099514445381]
[[1889   24]
 [  56   41]]
fine acc: 0.960
fine f1: 0.506
['rnd', 155, 'fold', 8, 'pr', 0.91455219959661482, 'roc', 0.90938559287781373]
8,155,coarse : 254.58 seconds
8,155,fine : 254.6 seconds
[[1827   86]
 [  39   58]]
coarse acc: 0.938
coarse f1: 0.481
['rnd', 156, 'fold', 8, 'pr', 0.91136427830471289, 'roc', 0.90513092729614519]
[[1890   23]
 [  55   42]]
fine acc: 0.961
fine f1: 0.519
['rnd', 156, 'fold', 8, 'pr', 0.91634554800571655, 'roc', 0.90913500142810177]
8,156,coarse : 256.5 seconds
8,156,fine : 256.52 seconds
[[1827   86]
 [  38   59]]
coarse acc: 0.938
coarse f1: 0.488
['rnd', 157, 'fold', 8, 'pr', 0.91109202596959937, 'roc', 0.90611443137297165]
[[1890   23]
 [  55   42]]
fine acc: 0.961
fine f1: 0.519
['rnd', 157, 'fold', 8, 'pr', 0.91655475657186736, 'roc', 0.9091996701893178]
8,157,coarse : 256.49 seconds
8,157,fine : 256.5 seconds
[[1826   87]
 [  37   60]]
coarse acc: 0.938
coarse f1: 0.492
['rnd', 158, 'fold', 8, 'pr', 0.91111944159715441, 'roc', 0.90657519629663563]
[[1890   23]
 [  55   42]]
fine acc: 0.961
fine f1: 0.519
['rnd', 158, 'fold', 8, 'pr', 0.91664553716088393, 'roc', 0.90924278269679515]
8,158,coarse : 256.35 seconds
8,158,fine : 256.37 seconds
[[1826   87]
 [  37   60]]
coarse acc: 0.938
coarse f1: 0.492
['rnd', 159, 'fold', 8, 'pr', 0.9111162768855019, 'roc', 0.90654555644774493]
[[1890   23]
 [  55   42]]
fine acc: 0.961
fine f1: 0.519
['rnd', 159, 'fold', 8, 'pr', 0.91657408556739972, 'roc', 0.9091996701893178]
8,159,coarse : 256.91 seconds
8,159,fine : 256.92 seconds
[[1826   87]
 [  37   60]]
coarse acc: 0.938
coarse f1: 0.492
['rnd', 160, 'fold', 8, 'pr', 0.91152800094100972, 'roc', 0.90666411584330753]
[[1889   24]
 [  56   41]]
fine acc: 0.960
fine f1: 0.506
['rnd', 160, 'fold', 8, 'pr', 0.91540540407089899, 'roc', 0.909727798405915]
8,160,coarse : 256.67 seconds
8,160,fine : 256.69 seconds
[[1829   84]
 [  37   60]]
coarse acc: 0.940
coarse f1: 0.498
['rnd', 161, 'fold', 8, 'pr', 0.91191359402151984, 'roc', 0.90730271986031541]
[[1889   24]
 [  56   41]]
fine acc: 0.960
fine f1: 0.506
['rnd', 161, 'fold', 8, 'pr', 0.91545927500459179, 'roc', 0.90850448100624592]
8,161,coarse : 256.52 seconds
8,161,fine : 256.54 seconds
[[1829   84]
 [  38   59]]
coarse acc: 0.939
coarse f1: 0.492
['rnd', 162, 'fold', 8, 'pr', 0.90994300302186315, 'roc', 0.9030884722544068]
[[1889   24]
 [  56   41]]
fine acc: 0.960
fine f1: 0.506
['rnd', 162, 'fold', 8, 'pr', 0.91537535652288105, 'roc', 0.90839669973755266]
8,162,coarse : 257.03 seconds
8,162,fine : 257.05 seconds
[[1829   84]
 [  37   60]]
coarse acc: 0.940
coarse f1: 0.498
['rnd', 163, 'fold', 8, 'pr', 0.91044445988963796, 'roc', 0.90603359542145179]
[[1890   23]
 [  56   41]]
fine acc: 0.961
fine f1: 0.509
['rnd', 163, 'fold', 8, 'pr', 0.91515195435868213, 'roc', 0.90992180468956307]
8,163,coarse : 257.02 seconds
8,163,fine : 257.04 seconds
[[1829   84]
 [  37   60]]
coarse acc: 0.940
coarse f1: 0.498
['rnd', 164, 'fold', 8, 'pr', 0.9114407608333972, 'roc', 0.9050689530666467]
[[1890   23]
 [  57   40]]
fine acc: 0.960
fine f1: 0.500
['rnd', 164, 'fold', 8, 'pr', 0.91460138555297898, 'roc', 0.90787665511610749]
8,164,coarse : 258.02 seconds
8,164,fine : 258.04 seconds
[[1830   83]
 [  38   59]]
coarse acc: 0.940
coarse f1: 0.494
['rnd', 165, 'fold', 8, 'pr', 0.91080960591962412, 'roc', 0.90609018058751567]
[[1890   23]
 [  57   40]]
fine acc: 0.960
fine f1: 0.500
['rnd', 165, 'fold', 8, 'pr', 0.91349313209292249, 'roc', 0.90689854010271553]
8,165,coarse : 258.03 seconds
8,165,fine : 258.04 seconds
[[1834   79]
 [  38   59]]
coarse acc: 0.942
coarse f1: 0.502
['rnd', 166, 'fold', 8, 'pr', 0.91126358968992072, 'roc', 0.90433065137609736]
[[1890   23]
 [  55   42]]
fine acc: 0.961
fine f1: 0.519
['rnd', 166, 'fold', 8, 'pr', 0.91255963735699441, 'roc', 0.90722188390879543]
8,166,coarse : 260.66 seconds
8,166,fine : 260.68 seconds
[[1831   82]
 [  37   60]]
coarse acc: 0.941
coarse f1: 0.502
['rnd', 167, 'fold', 8, 'pr', 0.91151432673852117, 'roc', 0.90683656587321682]
[[1889   24]
 [  57   40]]
fine acc: 0.960
fine f1: 0.497
['rnd', 167, 'fold', 8, 'pr', 0.91170846305818165, 'roc', 0.90649974940855027]
8,167,coarse : 260.35 seconds
8,167,fine : 260.36 seconds
[[1832   81]
 [  38   59]]
coarse acc: 0.941
coarse f1: 0.498
['rnd', 168, 'fold', 8, 'pr', 0.91095996197597517, 'roc', 0.90423095370255591]
[[1889   24]
 [  57   40]]
fine acc: 0.960
fine f1: 0.497
['rnd', 168, 'fold', 8, 'pr', 0.91168982290496403, 'roc', 0.90640813533016107]
8,168,coarse : 260.96 seconds
8,168,fine : 260.98 seconds
[[1833   80]
 [  36   61]]
coarse acc: 0.942
coarse f1: 0.513
['rnd', 169, 'fold', 8, 'pr', 0.91016815863986578, 'roc', 0.90495308820280129]
[[1887   26]
 [  56   41]]
fine acc: 0.959
fine f1: 0.500
['rnd', 169, 'fold', 8, 'pr', 0.9105191977241418, 'roc', 0.90460818814298261]
8,169,coarse : 262.16 seconds
8,169,fine : 262.18 seconds
[[1832   81]
 [  37   60]]
coarse acc: 0.941
coarse f1: 0.504
['rnd', 170, 'fold', 8, 'pr', 0.90892701610223359, 'roc', 0.90225047289031635]
[[1888   25]
 [  57   40]]
fine acc: 0.959
fine f1: 0.494
['rnd', 170, 'fold', 8, 'pr', 0.9090838638493719, 'roc', 0.90188401657675921]
8,170,coarse : 262.8 seconds
8,170,fine : 262.82 seconds
[[1832   81]
 [  37   60]]
coarse acc: 0.941
coarse f1: 0.504
['rnd', 171, 'fold', 8, 'pr', 0.90888669474067796, 'roc', 0.90219388772425235]
[[1888   25]
 [  57   40]]
fine acc: 0.959
fine f1: 0.494
['rnd', 171, 'fold', 8, 'pr', 0.90944307677943403, 'roc', 0.90232322524668429]
8,171,coarse : 254.78 seconds
8,171,fine : 254.8 seconds
[[1831   82]
 [  38   59]]
coarse acc: 0.940
coarse f1: 0.496
['rnd', 172, 'fold', 8, 'pr', 0.90626785501678742, 'roc', 0.89985503419360757]
[[1889   24]
 [  57   40]]
fine acc: 0.960
fine f1: 0.497
['rnd', 172, 'fold', 8, 'pr', 0.9075999819927254, 'roc', 0.89954785757783162]
8,172,coarse : 239.88 seconds
8,172,fine : 239.9 seconds
