home
all           0      1    2    3    4    5    6    7    8    
1      2010   1914   1    19   32   19   1    11   6    7    
2      2010   1914   1    19   32   19   1    11   6    7    
3      2010   1914   1    19   32   19   1    11   5    8    
4      2010   1914   1    19   32   19   1    10   6    8    
5      2010   1914   1    18   33   19   1    10   6    8    
6      2010   1914   1    18   33   19   1    10   6    8    
7      2010   1913   2    18   33   19   1    10   6    8    
8      2010   1913   2    18   33   19   1    10   6    8    
9      2009   1913   2    18   32   19   2    10   6    7    
10     2009   1913   1    19   32   19   1    11   6    7    
Total  20098  19136  13   185  324  190  11   104  59   76   
train         0      1    2    3    4    5    6    7    8    
1      2010   1914   1    19   32   19   1    11   6    7    
2      2010   1914   1    19   32   19   1    11   6    7    
3      2010   1914   1    19   32   19   1    11   5    8    
5      2010   1914   1    18   33   19   1    10   6    8    
6      2010   1914   1    18   33   19   1    10   6    8    
7      2010   1913   2    18   33   19   1    10   6    8    
8      2010   1913   2    18   33   19   1    10   6    8    
9      2009   1913   2    18   32   19   2    10   6    7    
10     2009   1913   1    19   32   19   1    11   6    7    
Total  18088  17222  12   166  292  171  10   94   53   68   
test          0      1    2    3    4    5    6    7    8    
4      2010   1914   1    19   32   19   1    10   6    8    
Total  2010   1914   1    19   32   19   1    10   6    8    
Classes             
0         17222     
1         12        
2         166       
3         292       
4         171       
5         10        
6         94        
7         53        
8         68        
Total     18088     

Shape: 450       

[952, 10, 11, 16, 11, 10, 10, 10, 10]
Sum start => 1040
[[1847   67]
 [  64   32]]
coarse acc: 0.935
coarse f1: 0.328
['rnd', 1, 'fold', 4, 'pr', 0.7973414037743507, 'roc', 0.7706972744688263]
[[1914    0]
 [  93    3]]
fine acc: 0.954
fine f1: 0.061
['rnd', 1, 'fold', 4, 'pr', 0.7791638721241072, 'roc', 0.76703456983629392]
4,1,coarse : 30.51 seconds
4,1,fine : 30.52 seconds
[[1847   67]
 [  64   32]]
coarse acc: 0.935
coarse f1: 0.328
['rnd', 2, 'fold', 4, 'pr', 0.7973414037743507, 'roc', 0.7706972744688263]
[[1914    0]
 [  93    3]]
fine acc: 0.954
fine f1: 0.061
['rnd', 2, 'fold', 4, 'pr', 0.7791638721241072, 'roc', 0.76703456983629392]
4,2,coarse : 34.28 seconds
4,2,fine : 34.28 seconds
[[1846   68]
 [  66   30]]
coarse acc: 0.933
coarse f1: 0.309
['rnd', 3, 'fold', 4, 'pr', 0.79794521859167866, 'roc', 0.77167689829327757]
[[1913    1]
 [  93    3]]
fine acc: 0.953
fine f1: 0.060
['rnd', 3, 'fold', 4, 'pr', 0.77358684128738708, 'roc', 0.75881661442006276]
4,3,coarse : 5.99 seconds
4,3,fine : 5.99 seconds
[[1842   72]
 [  65   31]]
coarse acc: 0.932
coarse f1: 0.312
['rnd', 4, 'fold', 4, 'pr', 0.79377484269070897, 'roc', 0.76457462556600486]
[[1913    1]
 [  92    4]]
fine acc: 0.954
fine f1: 0.079
['rnd', 4, 'fold', 4, 'pr', 0.78423957397272692, 'roc', 0.76355146290491116]
4,4,coarse : 6.37 seconds
4,4,fine : 6.37 seconds
[[1825   89]
 [  63   33]]
coarse acc: 0.924
coarse f1: 0.303
['rnd', 5, 'fold', 4, 'pr', 0.80021916210944122, 'roc', 0.77260754092650641]
[[1913    1]
 [  91    5]]
fine acc: 0.954
fine f1: 0.098
['rnd', 5, 'fold', 4, 'pr', 0.79413887068687372, 'roc', 0.77661311389759669]
4,5,coarse : 6.72 seconds
4,5,fine : 6.73 seconds
[[1821   93]
 [  63   33]]
coarse acc: 0.922
coarse f1: 0.297
['rnd', 6, 'fold', 4, 'pr', 0.80434374312333212, 'roc', 0.77895876872169978]
[[1913    1]
 [  89    7]]
fine acc: 0.955
fine f1: 0.135
['rnd', 6, 'fold', 4, 'pr', 0.79422897913497992, 'roc', 0.77807710727969348]
4,6,coarse : 7.17 seconds
4,6,fine : 7.18 seconds
[[1833   81]
 [  55   41]]
coarse acc: 0.932
coarse f1: 0.376
['rnd', 7, 'fold', 4, 'pr', 0.81453015662248551, 'roc', 0.78613723441309646]
[[1910    4]
 [  86   10]]
fine acc: 0.955
fine f1: 0.182
['rnd', 7, 'fold', 4, 'pr', 0.80379547572346011, 'roc', 0.781233672936259]
4,7,coarse : 7.4 seconds
4,7,fine : 7.4 seconds
[[1843   71]
 [  57   39]]
coarse acc: 0.936
coarse f1: 0.379
['rnd', 8, 'fold', 4, 'pr', 0.81274391175226091, 'roc', 0.78073841866945304]
[[1911    3]
 [  87    9]]
fine acc: 0.955
fine f1: 0.167
['rnd', 8, 'fold', 4, 'pr', 0.80623091534836699, 'roc', 0.78328544061302685]
4,8,coarse : 7.74 seconds
4,8,fine : 7.74 seconds
[[1847   67]
 [  59   37]]
coarse acc: 0.937
coarse f1: 0.370
['rnd', 9, 'fold', 4, 'pr', 0.81955410581953969, 'roc', 0.78596852142110762]
[[1911    3]
 [  87    9]]
fine acc: 0.955
fine f1: 0.167
['rnd', 9, 'fold', 4, 'pr', 0.8000242785404057, 'roc', 0.77570968303726917]
4,9,coarse : 8.13 seconds
4,9,fine : 8.13 seconds
[[1843   71]
 [  60   36]]
coarse acc: 0.935
coarse f1: 0.355
['rnd', 10, 'fold', 4, 'pr', 0.82342875285956507, 'roc', 0.79518242772553116]
[[1912    2]
 [  86   10]]
fine acc: 0.956
fine f1: 0.185
['rnd', 10, 'fold', 4, 'pr', 0.81671027805087981, 'roc', 0.79067615813305459]
4,10,coarse : 8.58 seconds
4,10,fine : 8.58 seconds
[[1846   68]
 [  59   37]]
coarse acc: 0.937
coarse f1: 0.368
['rnd', 11, 'fold', 4, 'pr', 0.8184464238028677, 'roc', 0.78888562347614077]
[[1911    3]
 [  88    8]]
fine acc: 0.955
fine f1: 0.150
['rnd', 11, 'fold', 4, 'pr', 0.82218086207246588, 'roc', 0.79299460118425646]
4,11,coarse : 9.07 seconds
4,11,fine : 9.07 seconds
[[1843   71]
 [  60   36]]
coarse acc: 0.935
coarse f1: 0.355
['rnd', 12, 'fold', 4, 'pr', 0.82119532935657968, 'roc', 0.79220545977011503]
[[1910    4]
 [  86   10]]
fine acc: 0.955
fine f1: 0.182
['rnd', 12, 'fold', 4, 'pr', 0.82688243895706615, 'roc', 0.79474159700452807]
4,12,coarse : 9.65 seconds
4,12,fine : 9.65 seconds
[[1847   67]
 [  58   38]]
coarse acc: 0.938
coarse f1: 0.378
['rnd', 13, 'fold', 4, 'pr', 0.82187416118333345, 'roc', 0.79182449494949503]
[[1910    4]
 [  83   13]]
fine acc: 0.957
fine f1: 0.230
['rnd', 13, 'fold', 4, 'pr', 0.81934469184254188, 'roc', 0.78650187216997558]
4,13,coarse : 10.1 seconds
4,13,fine : 10.1 seconds
[[1843   71]
 [  59   37]]
coarse acc: 0.935
coarse f1: 0.363
['rnd', 14, 'fold', 4, 'pr', 0.82693089768476458, 'roc', 0.79469805816788563]
[[1910    4]
 [  83   13]]
fine acc: 0.957
fine f1: 0.230
['rnd', 14, 'fold', 4, 'pr', 0.82058473182373093, 'roc', 0.78840125391849536]
4,14,coarse : 10.39 seconds
4,14,fine : 10.39 seconds
[[1831   83]
 [  57   39]]
coarse acc: 0.930
coarse f1: 0.358
['rnd', 15, 'fold', 4, 'pr', 0.83353637134492486, 'roc', 0.80201258272378961]
[[1909    5]
 [  84   12]]
fine acc: 0.956
fine f1: 0.212
['rnd', 15, 'fold', 4, 'pr', 0.82025574841702775, 'roc', 0.78705699233716475]
4,15,coarse : 11.0 seconds
4,15,fine : 11.01 seconds
[[1829   85]
 [  55   41]]
coarse acc: 0.930
coarse f1: 0.369
['rnd', 16, 'fold', 4, 'pr', 0.83146169882340693, 'roc', 0.7969566353187042]
[[1907    7]
 [  83   13]]
fine acc: 0.955
fine f1: 0.224
['rnd', 16, 'fold', 4, 'pr', 0.83130129913177631, 'roc', 0.80514193660745392]
4,16,coarse : 11.11 seconds
4,16,fine : 11.12 seconds
[[1823   91]
 [  52   44]]
coarse acc: 0.929
coarse f1: 0.381
['rnd', 17, 'fold', 4, 'pr', 0.83969484659301297, 'roc', 0.8047174329501916]
[[1908    6]
 [  82   14]]
fine acc: 0.956
fine f1: 0.241
['rnd', 17, 'fold', 4, 'pr', 0.82740578424708056, 'roc', 0.79965604319052586]
4,17,coarse : 11.59 seconds
4,17,fine : 11.6 seconds
[[1827   87]
 [  52   44]]
coarse acc: 0.931
coarse f1: 0.388
['rnd', 18, 'fold', 4, 'pr', 0.83637474217393848, 'roc', 0.79900840299547193]
[[1905    9]
 [  82   14]]
fine acc: 0.955
fine f1: 0.235
['rnd', 18, 'fold', 4, 'pr', 0.8260351552104519, 'roc', 0.80192550505050508]
4,18,coarse : 12.27 seconds
4,18,fine : 12.28 seconds
[[1814  100]
 [  51   45]]
coarse acc: 0.925
coarse f1: 0.373
['rnd', 19, 'fold', 4, 'pr', 0.83756834291081206, 'roc', 0.80447796934865901]
[[1906    8]
 [  83   13]]
fine acc: 0.955
fine f1: 0.222
['rnd', 19, 'fold', 4, 'pr', 0.82846033768295591, 'roc', 0.8012887495646116]
4,19,coarse : 12.64 seconds
4,19,fine : 12.65 seconds
[[1815   99]
 [  51   45]]
coarse acc: 0.925
coarse f1: 0.375
['rnd', 20, 'fold', 4, 'pr', 0.83711312014593386, 'roc', 0.80575148032044597]
[[1905    9]
 [  82   14]]
fine acc: 0.955
fine f1: 0.235
['rnd', 20, 'fold', 4, 'pr', 0.82483584148345768, 'roc', 0.79578652908394287]
4,20,coarse : 13.27 seconds
4,20,fine : 13.28 seconds
[[1822   92]
 [  51   45]]
coarse acc: 0.929
coarse f1: 0.386
['rnd', 21, 'fold', 4, 'pr', 0.83731765505943523, 'roc', 0.80414054336468122]
[[1906    8]
 [  83   13]]
fine acc: 0.955
fine f1: 0.222
['rnd', 21, 'fold', 4, 'pr', 0.82221579362025665, 'roc', 0.79125304771856497]
4,21,coarse : 13.59 seconds
4,21,fine : 13.59 seconds
[[1818   96]
 [  51   45]]
coarse acc: 0.927
coarse f1: 0.380
['rnd', 22, 'fold', 4, 'pr', 0.83954579961479814, 'roc', 0.80565896029258099]
[[1906    8]
 [  84   12]]
fine acc: 0.954
fine f1: 0.207
['rnd', 22, 'fold', 4, 'pr', 0.82393892587368822, 'roc', 0.79309256356670144]
4,22,coarse : 14.59 seconds
4,22,fine : 14.6 seconds
[[1829   85]
 [  52   44]]
coarse acc: 0.932
coarse f1: 0.391
['rnd', 23, 'fold', 4, 'pr', 0.83798922703254231, 'roc', 0.80507662835249039]
[[1906    8]
 [  82   14]]
fine acc: 0.955
fine f1: 0.237
['rnd', 23, 'fold', 4, 'pr', 0.81483671628006316, 'roc', 0.78216431556948796]
4,23,coarse : 15.09 seconds
4,23,fine : 15.1 seconds
[[1834   80]
 [  54   42]]
coarse acc: 0.933
coarse f1: 0.385
['rnd', 24, 'fold', 4, 'pr', 0.83845455842079208, 'roc', 0.80470654824103105]
[[1906    8]
 [  85   11]]
fine acc: 0.954
fine f1: 0.191
['rnd', 24, 'fold', 4, 'pr', 0.82250232441888738, 'roc', 0.78958224486241724]
4,24,coarse : 15.46 seconds
4,24,fine : 15.47 seconds
[[1830   84]
 [  53   43]]
coarse acc: 0.932
coarse f1: 0.386
['rnd', 25, 'fold', 4, 'pr', 0.83902223714500834, 'roc', 0.8035745384883316]
[[1905    9]
 [  84   12]]
fine acc: 0.954
fine f1: 0.205
['rnd', 25, 'fold', 4, 'pr', 0.82134051577395417, 'roc', 0.78874956461163359]
4,25,coarse : 16.05 seconds
4,25,fine : 16.06 seconds
[[1840   74]
 [  53   43]]
coarse acc: 0.937
coarse f1: 0.404
['rnd', 26, 'fold', 4, 'pr', 0.84411741194923451, 'roc', 0.8087284482758621]
[[1906    8]
 [  83   13]]
fine acc: 0.955
fine f1: 0.222
['rnd', 26, 'fold', 4, 'pr', 0.82387657634337041, 'roc', 0.79083398641588298]
4,26,coarse : 16.85 seconds
4,26,fine : 16.86 seconds
[[1840   74]
 [  52   44]]
coarse acc: 0.937
coarse f1: 0.411
['rnd', 27, 'fold', 4, 'pr', 0.84749226007300749, 'roc', 0.81253809648206199]
[[1904   10]
 [  82   14]]
fine acc: 0.954
fine f1: 0.233
['rnd', 27, 'fold', 4, 'pr', 0.83188322484662014, 'roc', 0.79584639498432597]
4,27,coarse : 18.04 seconds
4,27,fine : 18.04 seconds
[[1832   82]
 [  54   42]]
coarse acc: 0.932
coarse f1: 0.382
['rnd', 28, 'fold', 4, 'pr', 0.84210160993486716, 'roc', 0.80662769940787182]
[[1904   10]
 [  82   14]]
fine acc: 0.954
fine f1: 0.233
['rnd', 28, 'fold', 4, 'pr', 0.83145893971461937, 'roc', 0.79182993730407536]
4,28,coarse : 18.33 seconds
4,28,fine : 18.34 seconds
[[1839   75]
 [  54   42]]
coarse acc: 0.936
coarse f1: 0.394
['rnd', 29, 'fold', 4, 'pr', 0.84517780130116538, 'roc', 0.80773249738766972]
[[1904   10]
 [  79   17]]
fine acc: 0.956
fine f1: 0.276
['rnd', 29, 'fold', 4, 'pr', 0.8309417400842285, 'roc', 0.78961489898989901]
4,29,coarse : 18.95 seconds
4,29,fine : 18.95 seconds
[[1844   70]
 [  54   42]]
coarse acc: 0.938
coarse f1: 0.404
['rnd', 30, 'fold', 4, 'pr', 0.84816221253646551, 'roc', 0.81111219958202718]
[[1900   14]
 [  79   17]]
fine acc: 0.954
fine f1: 0.268
['rnd', 30, 'fold', 4, 'pr', 0.83435827669371077, 'roc', 0.79666819052594917]
4,30,coarse : 19.51 seconds
4,30,fine : 19.52 seconds
[[1840   74]
 [  52   44]]
coarse acc: 0.937
coarse f1: 0.411
['rnd', 31, 'fold', 4, 'pr', 0.84662231835512969, 'roc', 0.80820053988157436]
[[1899   15]
 [  75   21]]
fine acc: 0.955
fine f1: 0.318
['rnd', 31, 'fold', 4, 'pr', 0.82716816011369287, 'roc', 0.7887931034482758]
4,31,coarse : 20.78 seconds
4,31,fine : 20.78 seconds
[[1848   66]
 [  52   44]]
coarse acc: 0.941
coarse f1: 0.427
['rnd', 32, 'fold', 4, 'pr', 0.84960527682902209, 'roc', 0.81032850052246608]
[[1898   16]
 [  75   21]]
fine acc: 0.955
fine f1: 0.316
['rnd', 32, 'fold', 4, 'pr', 0.82956499959396879, 'roc', 0.78645833333333326]
4,32,coarse : 20.72 seconds
4,32,fine : 20.72 seconds
[[1844   70]
 [  54   42]]
coarse acc: 0.938
coarse f1: 0.404
['rnd', 33, 'fold', 4, 'pr', 0.84676444571782961, 'roc', 0.8085488505747126]
[[1898   16]
 [  76   20]]
fine acc: 0.954
fine f1: 0.303
['rnd', 33, 'fold', 4, 'pr', 0.82859016163452581, 'roc', 0.78306774642981536]
4,33,coarse : 21.6 seconds
4,33,fine : 21.61 seconds
[[1846   68]
 [  51   45]]
coarse acc: 0.941
coarse f1: 0.431
['rnd', 34, 'fold', 4, 'pr', 0.84818905777501441, 'roc', 0.80965364855451061]
[[1898   16]
 [  76   20]]
fine acc: 0.954
fine f1: 0.303
['rnd', 34, 'fold', 4, 'pr', 0.82816468704808666, 'roc', 0.78148402124695215]
4,34,coarse : 22.85 seconds
4,34,fine : 22.85 seconds
[[1845   69]
 [  51   45]]
coarse acc: 0.940
coarse f1: 0.429
['rnd', 35, 'fold', 4, 'pr', 0.8482427328296116, 'roc', 0.80783045977011503]
[[1897   17]
 [  75   21]]
fine acc: 0.954
fine f1: 0.313
['rnd', 35, 'fold', 4, 'pr', 0.8304780576814933, 'roc', 0.78639846743295017]
4,35,coarse : 23.12 seconds
4,35,fine : 23.13 seconds
[[1845   69]
 [  53   43]]
coarse acc: 0.939
coarse f1: 0.413
['rnd', 36, 'fold', 4, 'pr', 0.85248707802393231, 'roc', 0.81214624695228133]
[[1898   16]
 [  75   21]]
fine acc: 0.955
fine f1: 0.316
['rnd', 36, 'fold', 4, 'pr', 0.83020393460099529, 'roc', 0.78482562695924774]
4,36,coarse : 24.0 seconds
4,36,fine : 24.01 seconds
[[1844   70]
 [  52   44]]
coarse acc: 0.939
coarse f1: 0.419
['rnd', 37, 'fold', 4, 'pr', 0.85243198086631322, 'roc', 0.81188501393242773]
[[1898   16]
 [  76   20]]
fine acc: 0.954
fine f1: 0.303
['rnd', 37, 'fold', 4, 'pr', 0.8323918323581021, 'roc', 0.79061084987809127]
4,37,coarse : 24.66 seconds
4,37,fine : 24.67 seconds
[[1845   69]
 [  51   45]]
coarse acc: 0.940
coarse f1: 0.429
['rnd', 38, 'fold', 4, 'pr', 0.85462486243666524, 'roc', 0.81499259839777094]
[[1898   16]
 [  74   22]]
fine acc: 0.955
fine f1: 0.328
['rnd', 38, 'fold', 4, 'pr', 0.82957800998453979, 'roc', 0.7895931295715779]
4,38,coarse : 25.91 seconds
4,38,fine : 25.91 seconds
[[1838   76]
 [  52   44]]
coarse acc: 0.936
coarse f1: 0.407
['rnd', 39, 'fold', 4, 'pr', 0.85687367156012062, 'roc', 0.81693551898293282]
[[1898   16]
 [  74   22]]
fine acc: 0.955
fine f1: 0.328
['rnd', 39, 'fold', 4, 'pr', 0.83297987368014637, 'roc', 0.79283133054684773]
4,39,coarse : 26.27 seconds
4,39,fine : 26.27 seconds
[[1838   76]
 [  53   43]]
coarse acc: 0.936
coarse f1: 0.400
['rnd', 40, 'fold', 4, 'pr', 0.85601462265237294, 'roc', 0.81837230059212818]
[[1896   18]
 [  74   22]]
fine acc: 0.954
fine f1: 0.324
['rnd', 40, 'fold', 4, 'pr', 0.83483682622477884, 'roc', 0.79566135492859624]
4,40,coarse : 27.04 seconds
4,40,fine : 27.05 seconds
[[1841   73]
 [  53   43]]
coarse acc: 0.937
coarse f1: 0.406
['rnd', 41, 'fold', 4, 'pr', 0.85594416575113963, 'roc', 0.81807297109021238]
[[1898   16]
 [  75   21]]
fine acc: 0.955
fine f1: 0.316
['rnd', 41, 'fold', 4, 'pr', 0.83742147050762883, 'roc', 0.79943290665273414]
4,41,coarse : 28.32 seconds
4,41,fine : 28.33 seconds
[[1842   72]
 [  50   46]]
coarse acc: 0.939
coarse f1: 0.430
['rnd', 42, 'fold', 4, 'pr', 0.85724165131633989, 'roc', 0.8165110153256705]
[[1899   15]
 [  74   22]]
fine acc: 0.956
fine f1: 0.331
['rnd', 42, 'fold', 4, 'pr', 0.83825297932060905, 'roc', 0.80255681818181812]
4,42,coarse : 28.47 seconds
4,42,fine : 28.48 seconds
[[1845   69]
 [  51   45]]
coarse acc: 0.940
coarse f1: 0.429
['rnd', 43, 'fold', 4, 'pr', 0.85752156938846091, 'roc', 0.81705525078369912]
[[1897   17]
 [  75   21]]
fine acc: 0.954
fine f1: 0.313
['rnd', 43, 'fold', 4, 'pr', 0.83920749186405752, 'roc', 0.80276362765586917]
4,43,coarse : 29.17 seconds
4,43,fine : 29.18 seconds
[[1841   73]
 [  50   46]]
coarse acc: 0.939
coarse f1: 0.428
['rnd', 44, 'fold', 4, 'pr', 0.85829204866783315, 'roc', 0.81813827934517591]
[[1897   17]
 [  75   21]]
fine acc: 0.954
fine f1: 0.313
['rnd', 44, 'fold', 4, 'pr', 0.83855682988576208, 'roc', 0.80395006095437127]
4,44,coarse : 30.45 seconds
4,44,fine : 30.45 seconds
[[1841   73]
 [  48   48]]
coarse acc: 0.940
coarse f1: 0.442
['rnd', 45, 'fold', 4, 'pr', 0.85948020956037541, 'roc', 0.81770833333333326]
[[1896   18]
 [  75   21]]
fine acc: 0.954
fine f1: 0.311
['rnd', 45, 'fold', 4, 'pr', 0.84466786475024036, 'roc', 0.81209182340647856]
4,45,coarse : 30.82 seconds
4,45,fine : 30.82 seconds
[[1833   81]
 [  48   48]]
coarse acc: 0.936
coarse f1: 0.427
['rnd', 46, 'fold', 4, 'pr', 0.8573518328518922, 'roc', 0.81460074886799028]
[[1897   17]
 [  76   20]]
fine acc: 0.954
fine f1: 0.301
['rnd', 46, 'fold', 4, 'pr', 0.84450345567321494, 'roc', 0.81173262800417967]
4,46,coarse : 31.33 seconds
4,46,fine : 31.33 seconds
[[1832   82]
 [  48   48]]
coarse acc: 0.935
coarse f1: 0.425
['rnd', 47, 'fold', 4, 'pr', 0.85721312609412559, 'roc', 0.81384426158133061]
[[1898   16]
 [  75   21]]
fine acc: 0.955
fine f1: 0.316
['rnd', 47, 'fold', 4, 'pr', 0.84292679592512298, 'roc', 0.80950126262626276]
4,47,coarse : 33.12 seconds
4,47,fine : 33.12 seconds
[[1835   79]
 [  47   49]]
coarse acc: 0.937
coarse f1: 0.438
['rnd', 48, 'fold', 4, 'pr', 0.85960077588501949, 'roc', 0.81611372344130972]
[[1898   16]
 [  75   21]]
fine acc: 0.955
fine f1: 0.316
['rnd', 48, 'fold', 4, 'pr', 0.84019629496305925, 'roc', 0.80863048589341702]
4,48,coarse : 33.38 seconds
4,48,fine : 33.39 seconds
[[1841   73]
 [  48   48]]
coarse acc: 0.940
coarse f1: 0.442
['rnd', 49, 'fold', 4, 'pr', 0.85913207422941218, 'roc', 0.8162497823058168]
[[1897   17]
 [  75   21]]
fine acc: 0.954
fine f1: 0.313
['rnd', 49, 'fold', 4, 'pr', 0.83564849126548568, 'roc', 0.80268199233716475]
4,49,coarse : 33.38 seconds
4,49,fine : 33.39 seconds
[[1839   75]
 [  50   46]]
coarse acc: 0.938
coarse f1: 0.424
['rnd', 50, 'fold', 4, 'pr', 0.85585191165147956, 'roc', 0.8126415012190874]
[[1897   17]
 [  75   21]]
fine acc: 0.954
fine f1: 0.313
['rnd', 50, 'fold', 4, 'pr', 0.83091519224243093, 'roc', 0.79836076280041812]
4,50,coarse : 38.32 seconds
4,50,fine : 38.33 seconds
[[1836   78]
 [  46   50]]
coarse acc: 0.938
coarse f1: 0.446
['rnd', 51, 'fold', 4, 'pr', 0.85795084351501605, 'roc', 0.81352860501567392]
[[1898   16]
 [  75   21]]
fine acc: 0.955
fine f1: 0.316
['rnd', 51, 'fold', 4, 'pr', 0.82853208044846449, 'roc', 0.79347897074190177]
4,51,coarse : 36.3 seconds
4,51,fine : 36.3 seconds
[[1842   72]
 [  48   48]]
coarse acc: 0.940
coarse f1: 0.444
['rnd', 52, 'fold', 4, 'pr', 0.86202960727704536, 'roc', 0.81774098746081503]
[[1899   15]
 [  75   21]]
fine acc: 0.955
fine f1: 0.318
['rnd', 52, 'fold', 4, 'pr', 0.83375634634072737, 'roc', 0.8040534656913968]
4,52,coarse : 37.14 seconds
4,52,fine : 37.14 seconds
[[1842   72]
 [  47   49]]
coarse acc: 0.941
coarse f1: 0.452
['rnd', 53, 'fold', 4, 'pr', 0.86102691580373769, 'roc', 0.81685932601880873]
[[1899   15]
 [  76   20]]
fine acc: 0.955
fine f1: 0.305
['rnd', 53, 'fold', 4, 'pr', 0.83426926178238747, 'roc', 0.80294322535701834]
4,53,coarse : 38.43 seconds
4,53,fine : 38.44 seconds
[[1838   76]
 [  47   49]]
coarse acc: 0.939
coarse f1: 0.443
['rnd', 54, 'fold', 4, 'pr', 0.86247385530412557, 'roc', 0.8168321142459074]
[[1898   16]
 [  75   21]]
fine acc: 0.955
fine f1: 0.316
['rnd', 54, 'fold', 4, 'pr', 0.83637132103016165, 'roc', 0.80600727098571934]
4,54,coarse : 38.81 seconds
4,54,fine : 38.82 seconds
[[1840   74]
 [  47   49]]
coarse acc: 0.940
coarse f1: 0.447
['rnd', 55, 'fold', 4, 'pr', 0.863968126626941, 'roc', 0.81899272901428066]
[[1898   16]
 [  76   20]]
fine acc: 0.954
fine f1: 0.303
['rnd', 55, 'fold', 4, 'pr', 0.83740996412265245, 'roc', 0.80537051549982575]
4,55,coarse : 40.57 seconds
4,55,fine : 40.58 seconds
[[1840   74]
 [  47   49]]
coarse acc: 0.940
coarse f1: 0.447
['rnd', 56, 'fold', 4, 'pr', 0.86358134668344122, 'roc', 0.81802943225357005]
[[1898   16]
 [  76   20]]
fine acc: 0.954
fine f1: 0.303
['rnd', 56, 'fold', 4, 'pr', 0.83692019760308689, 'roc', 0.80144657784744]
4,56,coarse : 41.37 seconds
4,56,fine : 41.37 seconds
[[1837   77]
 [  46   50]]
coarse acc: 0.939
coarse f1: 0.448
['rnd', 57, 'fold', 4, 'pr', 0.8655426175113663, 'roc', 0.82139824973876696]
[[1897   17]
 [  78   18]]
fine acc: 0.953
fine f1: 0.275
['rnd', 57, 'fold', 4, 'pr', 0.83447110201777397, 'roc', 0.80014041274817138]
4,57,coarse : 41.98 seconds
4,57,fine : 41.99 seconds
[[1834   80]
 [  47   49]]
coarse acc: 0.937
coarse f1: 0.436
['rnd', 58, 'fold', 4, 'pr', 0.86391222362300535, 'roc', 0.82040774120515503]
[[1893   21]
 [  78   18]]
fine acc: 0.951
fine f1: 0.267
['rnd', 58, 'fold', 4, 'pr', 0.83265601488314389, 'roc', 0.80067920585161956]
4,58,coarse : 43.87 seconds
4,58,fine : 43.88 seconds
[[1841   73]
 [  47   49]]
coarse acc: 0.940
coarse f1: 0.450
['rnd', 59, 'fold', 4, 'pr', 0.8641890029655972, 'roc', 0.82147444270289105]
[[1893   21]
 [  77   19]]
fine acc: 0.951
fine f1: 0.279
['rnd', 59, 'fold', 4, 'pr', 0.83541626098884247, 'roc', 0.80482083768721691]
4,59,coarse : 43.67 seconds
4,59,fine : 43.68 seconds
[[1834   80]
 [  49   47]]
coarse acc: 0.936
coarse f1: 0.422
['rnd', 60, 'fold', 4, 'pr', 0.8628068880925488, 'roc', 0.81993425635667017]
[[1893   21]
 [  77   19]]
fine acc: 0.951
fine f1: 0.279
['rnd', 60, 'fold', 4, 'pr', 0.83685666352401611, 'roc', 0.80563719087425989]
4,60,coarse : 45.54 seconds
4,60,fine : 45.54 seconds
[[1840   74]
 [  47   49]]
coarse acc: 0.940
coarse f1: 0.447
['rnd', 61, 'fold', 4, 'pr', 0.86477686749219917, 'roc', 0.82247583594566342]
[[1893   21]
 [  76   20]]
fine acc: 0.952
fine f1: 0.292
['rnd', 61, 'fold', 4, 'pr', 0.83762008603545257, 'roc', 0.80688349007314519]
4,61,coarse : 46.95 seconds
4,61,fine : 46.96 seconds
[[1838   76]
 [  48   48]]
coarse acc: 0.938
coarse f1: 0.436
['rnd', 62, 'fold', 4, 'pr', 0.86473167221605296, 'roc', 0.82059278126088475]
[[1893   21]
 [  76   20]]
fine acc: 0.952
fine f1: 0.292
['rnd', 62, 'fold', 4, 'pr', 0.83692608830655635, 'roc', 0.8066821229536747]
4,62,coarse : 47.21 seconds
4,62,fine : 47.22 seconds
[[1837   77]
 [  47   49]]
coarse acc: 0.938
coarse f1: 0.441
['rnd', 63, 'fold', 4, 'pr', 0.86572372888604843, 'roc', 0.82047304946011845]
[[1889   25]
 [  76   20]]
fine acc: 0.950
fine f1: 0.284
['rnd', 63, 'fold', 4, 'pr', 0.83480902312424421, 'roc', 0.80399359979101359]
4,63,coarse : 49.22 seconds
4,63,fine : 49.23 seconds
[[1840   74]
 [  49   47]]
coarse acc: 0.939
coarse f1: 0.433
['rnd', 64, 'fold', 4, 'pr', 0.86358137226707532, 'roc', 0.8202227011494253]
[[1890   24]
 [  76   20]]
fine acc: 0.950
fine f1: 0.286
['rnd', 64, 'fold', 4, 'pr', 0.83214093452862259, 'roc', 0.79967237025426674]
4,64,coarse : 48.73 seconds
4,64,fine : 48.74 seconds
[[1841   73]
 [  48   48]]
coarse acc: 0.940
coarse f1: 0.442
['rnd', 65, 'fold', 4, 'pr', 0.864522634685568, 'roc', 0.82069074364332983]
[[1886   28]
 [  75   21]]
fine acc: 0.949
fine f1: 0.290
['rnd', 65, 'fold', 4, 'pr', 0.8332047527331512, 'roc', 0.80017306687565304]
4,65,coarse : 50.5 seconds
4,65,fine : 50.51 seconds
[[1839   75]
 [  48   48]]
coarse acc: 0.939
coarse f1: 0.438
['rnd', 66, 'fold', 4, 'pr', 0.86383744067071677, 'roc', 0.82115334378265414]
[[1891   23]
 [  76   20]]
fine acc: 0.951
fine f1: 0.288
['rnd', 66, 'fold', 4, 'pr', 0.83533612899451792, 'roc', 0.80341126785092309]
4,66,coarse : 51.71 seconds
4,66,fine : 51.72 seconds
[[1832   82]
 [  48   48]]
coarse acc: 0.935
coarse f1: 0.425
['rnd', 67, 'fold', 4, 'pr', 0.86134076829428352, 'roc', 0.81737090734935558]
[[1892   22]
 [  75   21]]
fine acc: 0.952
fine f1: 0.302
['rnd', 67, 'fold', 4, 'pr', 0.8368282015642885, 'roc', 0.80472287530477182]
4,67,coarse : 52.14 seconds
4,67,fine : 52.14 seconds
[[1838   76]
 [  49   47]]
coarse acc: 0.938
coarse f1: 0.429
['rnd', 68, 'fold', 4, 'pr', 0.86319545425801103, 'roc', 0.82180098397770818]
[[1892   22]
 [  74   22]]
fine acc: 0.952
fine f1: 0.314
['rnd', 68, 'fold', 4, 'pr', 0.83707523280678786, 'roc', 0.80491335771508177]
4,68,coarse : 53.86 seconds
4,68,fine : 53.87 seconds
[[1842   72]
 [  50   46]]
coarse acc: 0.939
coarse f1: 0.430
['rnd', 69, 'fold', 4, 'pr', 0.86488973457420859, 'roc', 0.82393438697318011]
[[1892   22]
 [  75   21]]
fine acc: 0.952
fine f1: 0.302
['rnd', 69, 'fold', 4, 'pr', 0.83425251436320225, 'roc', 0.80083703413444796]
4,69,coarse : 53.95 seconds
4,69,fine : 53.95 seconds
[[1840   74]
 [  48   48]]
coarse acc: 0.939
coarse f1: 0.440
['rnd', 70, 'fold', 4, 'pr', 0.86557587006818371, 'roc', 0.82370580808080796]
[[1890   24]
 [  73   23]]
fine acc: 0.952
fine f1: 0.322
['rnd', 70, 'fold', 4, 'pr', 0.83871086074505607, 'roc', 0.80627938871473359]
4,70,coarse : 56.39 seconds
4,70,fine : 56.39 seconds
[[1838   76]
 [  50   46]]
coarse acc: 0.937
coarse f1: 0.422
['rnd', 71, 'fold', 4, 'pr', 0.86410276206743597, 'roc', 0.82239964298153956]
[[1892   22]
 [  75   21]]
fine acc: 0.952
fine f1: 0.302
['rnd', 71, 'fold', 4, 'pr', 0.84180543810706276, 'roc', 0.81119927725531171]
4,71,coarse : 56.14 seconds
4,71,fine : 56.14 seconds
[[1838   76]
 [  48   48]]
coarse acc: 0.938
coarse f1: 0.436
['rnd', 72, 'fold', 4, 'pr', 0.86400232232826291, 'roc', 0.82221460292580972]
[[1891   23]
 [  76   20]]
fine acc: 0.951
fine f1: 0.288
['rnd', 72, 'fold', 4, 'pr', 0.84093131680466238, 'roc', 0.80872300592128177]
4,72,coarse : 58.63 seconds
4,72,fine : 58.64 seconds
[[1838   76]
 [  47   49]]
coarse acc: 0.939
coarse f1: 0.443
['rnd', 73, 'fold', 4, 'pr', 0.86384776062088975, 'roc', 0.82188261929641238]
[[1892   22]
 [  76   20]]
fine acc: 0.951
fine f1: 0.290
['rnd', 73, 'fold', 4, 'pr', 0.84331732155419892, 'roc', 0.81173807035876]
4,73,coarse : 59.44 seconds
4,73,fine : 59.45 seconds
[[1842   72]
 [  46   50]]
coarse acc: 0.941
coarse f1: 0.459
['rnd', 74, 'fold', 4, 'pr', 0.86531399640580831, 'roc', 0.82414119644723094]
[[1893   21]
 [  76   20]]
fine acc: 0.952
fine f1: 0.292
['rnd', 74, 'fold', 4, 'pr', 0.83903269351827903, 'roc', 0.80844544583768718]
4,74,coarse : 60.6 seconds
4,74,fine : 60.61 seconds
[[1841   73]
 [  47   49]]
coarse acc: 0.940
coarse f1: 0.450
['rnd', 75, 'fold', 4, 'pr', 0.8645454678364376, 'roc', 0.82370580808080807]
[[1892   22]
 [  77   19]]
fine acc: 0.951
fine f1: 0.277
['rnd', 75, 'fold', 4, 'pr', 0.838291772434272, 'roc', 0.80756378439568099]
4,75,coarse : 62.06 seconds
4,75,fine : 62.07 seconds
[[1842   72]
 [  48   48]]
coarse acc: 0.940
coarse f1: 0.444
['rnd', 76, 'fold', 4, 'pr', 0.86418267317287134, 'roc', 0.82313980320445834]
[[1892   22]
 [  76   20]]
fine acc: 0.951
fine f1: 0.290
['rnd', 76, 'fold', 4, 'pr', 0.83765961152082391, 'roc', 0.80623584987809127]
4,76,coarse : 62.46 seconds
4,76,fine : 62.46 seconds
[[1847   67]
 [  49   47]]
coarse acc: 0.942
coarse f1: 0.448
['rnd', 77, 'fold', 4, 'pr', 0.86653844920571699, 'roc', 0.82543647683733901]
[[1894   20]
 [  75   21]]
fine acc: 0.953
fine f1: 0.307
['rnd', 77, 'fold', 4, 'pr', 0.83598318788797887, 'roc', 0.80346024904214564]
4,77,coarse : 64.38 seconds
4,77,fine : 64.39 seconds
[[1841   73]
 [  48   48]]
coarse acc: 0.940
coarse f1: 0.442
['rnd', 78, 'fold', 4, 'pr', 0.86722595484692122, 'roc', 0.82570859456635315]
[[1895   19]
 [  76   20]]
fine acc: 0.953
fine f1: 0.296
['rnd', 78, 'fold', 4, 'pr', 0.83529499861551548, 'roc', 0.80134317311041448]
4,78,coarse : 65.06 seconds
4,78,fine : 65.07 seconds
[[1843   71]
 [  48   48]]
coarse acc: 0.941
coarse f1: 0.447
['rnd', 79, 'fold', 4, 'pr', 0.86741277703238584, 'roc', 0.82540926506443746]
[[1894   20]
 [  76   20]]
fine acc: 0.952
fine f1: 0.294
['rnd', 79, 'fold', 4, 'pr', 0.83639315765945044, 'roc', 0.8022738157436432]
4,79,coarse : 66.43 seconds
4,79,fine : 66.44 seconds
[[1844   70]
 [  46   50]]
coarse acc: 0.942
coarse f1: 0.463
['rnd', 80, 'fold', 4, 'pr', 0.86870578922654018, 'roc', 0.8268406043190526]
[[1894   20]
 [  75   21]]
fine acc: 0.953
fine f1: 0.307
['rnd', 80, 'fold', 4, 'pr', 0.8417608767096818, 'roc', 0.80772161267850928]
4,80,coarse : 67.41 seconds
4,80,fine : 67.42 seconds
[[1842   72]
 [  44   52]]
coarse acc: 0.942
coarse f1: 0.473
['rnd', 81, 'fold', 4, 'pr', 0.86852381936569301, 'roc', 0.82832092476489028]
[[1892   22]
 [  79   17]]
fine acc: 0.950
fine f1: 0.252
['rnd', 81, 'fold', 4, 'pr', 0.84291813156165074, 'roc', 0.81076388888888884]
4,81,coarse : 69.9 seconds
4,81,fine : 69.91 seconds
[[1839   75]
 [  45   51]]
coarse acc: 0.940
coarse f1: 0.459
['rnd', 82, 'fold', 4, 'pr', 0.86873774228471368, 'roc', 0.82866923545802851]
[[1894   20]
 [  76   20]]
fine acc: 0.952
fine f1: 0.294
['rnd', 82, 'fold', 4, 'pr', 0.84445140108002503, 'roc', 0.80932166492511315]
4,82,coarse : 70.02 seconds
4,82,fine : 70.03 seconds
[[1840   74]
 [  46   50]]
coarse acc: 0.940
coarse f1: 0.455
['rnd', 83, 'fold', 4, 'pr', 0.86745681044572387, 'roc', 0.82616030999651702]
[[1895   19]
 [  75   21]]
fine acc: 0.953
fine f1: 0.309
['rnd', 83, 'fold', 4, 'pr', 0.84382172288950297, 'roc', 0.81016522988505746]
4,83,coarse : 71.86 seconds
4,83,fine : 71.87 seconds
[[1840   74]
 [  49   47]]
coarse acc: 0.939
coarse f1: 0.433
['rnd', 84, 'fold', 4, 'pr', 0.86649168003878241, 'roc', 0.82585553814002088]
[[1895   19]
 [  78   18]]
fine acc: 0.952
fine f1: 0.271
['rnd', 84, 'fold', 4, 'pr', 0.83887312953875171, 'roc', 0.80553378613723448]
4,84,coarse : 71.7 seconds
4,84,fine : 71.71 seconds
[[1842   72]
 [  49   47]]
coarse acc: 0.940
coarse f1: 0.437
['rnd', 85, 'fold', 4, 'pr', 0.8661916518148618, 'roc', 0.82548545802856155]
[[1890   24]
 [  76   20]]
fine acc: 0.950
fine f1: 0.286
['rnd', 85, 'fold', 4, 'pr', 0.84415463595970641, 'roc', 0.80950126262626265]
4,85,coarse : 75.05 seconds
4,85,fine : 75.06 seconds
[[1839   75]
 [  48   48]]
coarse acc: 0.939
coarse f1: 0.438
['rnd', 86, 'fold', 4, 'pr', 0.86534662786005312, 'roc', 0.82403779171020541]
[[1890   24]
 [  76   20]]
fine acc: 0.950
fine f1: 0.286
['rnd', 86, 'fold', 4, 'pr', 0.8408581504297068, 'roc', 0.80523989898989912]
4,86,coarse : 74.61 seconds
4,86,fine : 74.62 seconds
[[1844   70]
 [  49   47]]
coarse acc: 0.941
coarse f1: 0.441
['rnd', 87, 'fold', 4, 'pr', 0.86772040991581734, 'roc', 0.82651950539881569]
[[1892   22]
 [  77   19]]
fine acc: 0.951
fine f1: 0.277
['rnd', 87, 'fold', 4, 'pr', 0.84432186429752476, 'roc', 0.80795563392546144]
4,87,coarse : 77.53 seconds
4,87,fine : 77.54 seconds
[[1841   73]
 [  46   50]]
coarse acc: 0.941
coarse f1: 0.457
['rnd', 88, 'fold', 4, 'pr', 0.86756178571672904, 'roc', 0.82687325844653436]
[[1894   20]
 [  75   21]]
fine acc: 0.953
fine f1: 0.307
['rnd', 88, 'fold', 4, 'pr', 0.84871551793845978, 'roc', 0.81499804075235116]
4,88,coarse : 77.89 seconds
4,88,fine : 77.9 seconds
[[1843   71]
 [  46   50]]
coarse acc: 0.942
coarse f1: 0.461
['rnd', 89, 'fold', 4, 'pr', 0.86849379351271982, 'roc', 0.82721068443051193]
[[1892   22]
 [  76   20]]
fine acc: 0.951
fine f1: 0.290
['rnd', 89, 'fold', 4, 'pr', 0.84776510081930234, 'roc', 0.81395855102751657]
4,89,coarse : 80.48 seconds
4,89,fine : 80.49 seconds
[[1842   72]
 [  45   51]]
coarse acc: 0.942
coarse f1: 0.466
['rnd', 90, 'fold', 4, 'pr', 0.86692233486683001, 'roc', 0.82555620863810519]
[[1892   22]
 [  75   21]]
fine acc: 0.952
fine f1: 0.302
['rnd', 90, 'fold', 4, 'pr', 0.84843737066007985, 'roc', 0.81347418146987105]
4,90,coarse : 80.44 seconds
4,90,fine : 80.45 seconds
[[1843   71]
 [  47   49]]
coarse acc: 0.941
coarse f1: 0.454
['rnd', 91, 'fold', 4, 'pr', 0.86547808448596675, 'roc', 0.82423371647509569]
[[1896   18]
 [  74   22]]
fine acc: 0.954
fine f1: 0.324
['rnd', 91, 'fold', 4, 'pr', 0.85365479726751725, 'roc', 0.81876959247648895]
4,91,coarse : 83.06 seconds
4,91,fine : 83.07 seconds
[[1841   73]
 [  47   49]]
coarse acc: 0.940
coarse f1: 0.450
['rnd', 92, 'fold', 4, 'pr', 0.86600272035052561, 'roc', 0.8236296151166842]
[[1896   18]
 [  74   22]]
fine acc: 0.954
fine f1: 0.324
['rnd', 92, 'fold', 4, 'pr', 0.85316026275575063, 'roc', 0.81842672413793105]
4,92,coarse : 83.02 seconds
4,92,fine : 83.03 seconds
[[1841   73]
 [  47   49]]
coarse acc: 0.940
coarse f1: 0.450
['rnd', 93, 'fold', 4, 'pr', 0.86651014377692825, 'roc', 0.82452216126785094]
[[1896   18]
 [  75   21]]
fine acc: 0.954
fine f1: 0.311
['rnd', 93, 'fold', 4, 'pr', 0.85700521358382686, 'roc', 0.8253983803552768]
4,93,coarse : 85.01 seconds
4,93,fine : 85.02 seconds
[[1845   69]
 [  46   50]]
coarse acc: 0.943
coarse f1: 0.465
['rnd', 94, 'fold', 4, 'pr', 0.86443518657679619, 'roc', 0.82179009926854762]
[[1896   18]
 [  75   21]]
fine acc: 0.954
fine f1: 0.311
['rnd', 94, 'fold', 4, 'pr', 0.85758869438870167, 'roc', 0.8269004702194358]
4,94,coarse : 87.24 seconds
4,94,fine : 87.25 seconds
[[1846   68]
 [  46   50]]
coarse acc: 0.943
coarse f1: 0.467
['rnd', 95, 'fold', 4, 'pr', 0.86503660965714546, 'roc', 0.82189894636015315]
[[1895   19]
 [  75   21]]
fine acc: 0.953
fine f1: 0.309
['rnd', 95, 'fold', 4, 'pr', 0.85744210951578959, 'roc', 0.82693856670149768]
4,95,coarse : 88.51 seconds
4,95,fine : 88.52 seconds
[[1841   73]
 [  48   48]]
coarse acc: 0.940
coarse f1: 0.442
['rnd', 96, 'fold', 4, 'pr', 0.86358322579406288, 'roc', 0.82088122605363989]
[[1894   20]
 [  75   21]]
fine acc: 0.953
fine f1: 0.307
['rnd', 96, 'fold', 4, 'pr', 0.85745129420538269, 'roc', 0.82704741379310331]
4,96,coarse : 89.5 seconds
4,96,fine : 89.51 seconds
[[1840   74]
 [  48   48]]
coarse acc: 0.939
coarse f1: 0.440
['rnd', 97, 'fold', 4, 'pr', 0.86139792370036405, 'roc', 0.81908524904214564]
[[1894   20]
 [  76   20]]
fine acc: 0.952
fine f1: 0.294
['rnd', 97, 'fold', 4, 'pr', 0.85740796353148119, 'roc', 0.82524055207244862]
4,97,coarse : 90.82 seconds
4,97,fine : 90.83 seconds
[[1845   69]
 [  49   47]]
coarse acc: 0.941
coarse f1: 0.443
['rnd', 98, 'fold', 4, 'pr', 0.86111172097358202, 'roc', 0.81697361546499481]
[[1895   19]
 [  76   20]]
fine acc: 0.953
fine f1: 0.296
['rnd', 98, 'fold', 4, 'pr', 0.85855833312360308, 'roc', 0.82664467955416232]
4,98,coarse : 91.75 seconds
4,98,fine : 91.76 seconds
[[1840   74]
 [  46   50]]
coarse acc: 0.940
coarse f1: 0.455
['rnd', 99, 'fold', 4, 'pr', 0.86092929719851341, 'roc', 0.81811106757227436]
[[1894   20]
 [  76   20]]
fine acc: 0.952
fine f1: 0.294
['rnd', 99, 'fold', 4, 'pr', 0.85717560333972331, 'roc', 0.82534395680947403]
4,99,coarse : 93.08 seconds
4,99,fine : 93.09 seconds
[[1841   73]
 [  47   49]]
coarse acc: 0.940
coarse f1: 0.450
['rnd', 100, 'fold', 4, 'pr', 0.86226412334338043, 'roc', 0.81852468652037624]
[[1895   19]
 [  76   20]]
fine acc: 0.953
fine f1: 0.296
['rnd', 100, 'fold', 4, 'pr', 0.85643124719447106, 'roc', 0.82311259143155702]
4,100,coarse : 96.81 seconds
4,100,fine : 96.82 seconds
[[1838   76]
 [  47   49]]
coarse acc: 0.939
coarse f1: 0.443
['rnd', 101, 'fold', 4, 'pr', 0.86154541501408843, 'roc', 0.81843760884709149]
[[1894   20]
 [  76   20]]
fine acc: 0.952
fine f1: 0.294
['rnd', 101, 'fold', 4, 'pr', 0.85651009808995304, 'roc', 0.82496299198885403]
4,101,coarse : 94.77 seconds
4,101,fine : 94.79 seconds
[[1841   73]
 [  47   49]]
coarse acc: 0.940
coarse f1: 0.450
['rnd', 102, 'fold', 4, 'pr', 0.86305904425613544, 'roc', 0.82146900034831072]
[[1894   20]
 [  77   19]]
fine acc: 0.952
fine f1: 0.281
['rnd', 102, 'fold', 4, 'pr', 0.85590156015628804, 'roc', 0.82312347614071746]
4,102,coarse : 97.56 seconds
4,102,fine : 97.57 seconds
[[1840   74]
 [  47   49]]
coarse acc: 0.940
coarse f1: 0.447
['rnd', 103, 'fold', 4, 'pr', 0.86429769325914274, 'roc', 0.82305272553117381]
[[1896   18]
 [  76   20]]
fine acc: 0.953
fine f1: 0.299
['rnd', 103, 'fold', 4, 'pr', 0.85363300707472722, 'roc', 0.81918321142459072]
4,103,coarse : 98.56 seconds
4,103,fine : 98.57 seconds
[[1840   74]
 [  46   50]]
coarse acc: 0.940
coarse f1: 0.455
['rnd', 104, 'fold', 4, 'pr', 0.86362729153073492, 'roc', 0.82241052769070011]
[[1896   18]
 [  74   22]]
fine acc: 0.954
fine f1: 0.324
['rnd', 104, 'fold', 4, 'pr', 0.8533404021754758, 'roc', 0.81927028909787525]
4,104,coarse : 101.02 seconds
4,104,fine : 101.03 seconds
[[1837   77]
 [  47   49]]
coarse acc: 0.938
coarse f1: 0.441
['rnd', 105, 'fold', 4, 'pr', 0.86245916781563114, 'roc', 0.82132205677464298]
[[1895   19]
 [  75   21]]
fine acc: 0.953
fine f1: 0.309
['rnd', 105, 'fold', 4, 'pr', 0.85544478840592342, 'roc', 0.82194248519679558]
4,105,coarse : 102.42 seconds
4,105,fine : 102.43 seconds
[[1837   77]
 [  44   52]]
coarse acc: 0.940
coarse f1: 0.462
['rnd', 106, 'fold', 4, 'pr', 0.86362694329486867, 'roc', 0.82161050156739801]
[[1894   20]
 [  74   22]]
fine acc: 0.953
fine f1: 0.319
['rnd', 106, 'fold', 4, 'pr', 0.85580283423519754, 'roc', 0.82219827586206895]
4,106,coarse : 103.18 seconds
4,106,fine : 103.19 seconds
[[1841   73]
 [  47   49]]
coarse acc: 0.940
coarse f1: 0.450
['rnd', 107, 'fold', 4, 'pr', 0.86174348489255315, 'roc', 0.81924851967955414]
[[1893   21]
 [  75   21]]
fine acc: 0.952
fine f1: 0.304
['rnd', 107, 'fold', 4, 'pr', 0.85841014547409422, 'roc', 0.82550722744688265]
4,107,coarse : 106.77 seconds
4,107,fine : 106.79 seconds
[[1842   72]
 [  48   48]]
coarse acc: 0.940
coarse f1: 0.444
['rnd', 108, 'fold', 4, 'pr', 0.86133684576067016, 'roc', 0.81820902995471956]
[[1893   21]
 [  74   22]]
fine acc: 0.953
fine f1: 0.317
['rnd', 108, 'fold', 4, 'pr', 0.85886836732342364, 'roc', 0.82590451933124343]
4,108,coarse : 106.0 seconds
4,108,fine : 106.01 seconds
[[1841   73]
 [  46   50]]
coarse acc: 0.941
coarse f1: 0.457
['rnd', 109, 'fold', 4, 'pr', 0.86206638486446696, 'roc', 0.81796956635318707]
[[1892   22]
 [  76   20]]
fine acc: 0.951
fine f1: 0.290
['rnd', 109, 'fold', 4, 'pr', 0.85881579033023581, 'roc', 0.82686781609195414]
4,109,coarse : 109.35 seconds
4,109,fine : 109.36 seconds
[[1843   71]
 [  48   48]]
coarse acc: 0.941
coarse f1: 0.447
['rnd', 110, 'fold', 4, 'pr', 0.86271857034069777, 'roc', 0.82072884012539193]
[[1893   21]
 [  75   21]]
fine acc: 0.952
fine f1: 0.304
['rnd', 110, 'fold', 4, 'pr', 0.85633219125966942, 'roc', 0.82289489724834541]
4,110,coarse : 108.62 seconds
4,110,fine : 108.63 seconds
[[1844   70]
 [  48   48]]
coarse acc: 0.941
coarse f1: 0.449
['rnd', 111, 'fold', 4, 'pr', 0.86307024559530487, 'roc', 0.82076693660745392]
[[1892   22]
 [  76   20]]
fine acc: 0.951
fine f1: 0.290
['rnd', 111, 'fold', 4, 'pr', 0.85637908076878655, 'roc', 0.82225269940787182]
4,111,coarse : 110.8 seconds
4,111,fine : 110.82 seconds
[[1844   70]
 [  48   48]]
coarse acc: 0.941
coarse f1: 0.449
['rnd', 112, 'fold', 4, 'pr', 0.86309189220584492, 'roc', 0.82087034134447934]
[[1890   24]
 [  75   21]]
fine acc: 0.951
fine f1: 0.298
['rnd', 112, 'fold', 4, 'pr', 0.85687749862417117, 'roc', 0.82275339602925801]
4,112,coarse : 112.38 seconds
4,112,fine : 112.39 seconds
[[1839   75]
 [  46   50]]
coarse acc: 0.940
coarse f1: 0.452
['rnd', 113, 'fold', 4, 'pr', 0.86230744661653469, 'roc', 0.81940634796238243]
[[1891   23]
 [  73   23]]
fine acc: 0.952
fine f1: 0.324
['rnd', 113, 'fold', 4, 'pr', 0.85834800810506184, 'roc', 0.82618752176941845]
4,113,coarse : 114.62 seconds
4,113,fine : 114.63 seconds
[[1839   75]
 [  46   50]]
coarse acc: 0.940
coarse f1: 0.452
['rnd', 114, 'fold', 4, 'pr', 0.8615737830738881, 'roc', 0.81746342737722066]
[[1891   23]
 [  72   24]]
fine acc: 0.953
fine f1: 0.336
['rnd', 114, 'fold', 4, 'pr', 0.85589256714492301, 'roc', 0.8222690264716126]
4,114,coarse : 115.54 seconds
4,114,fine : 115.55 seconds
[[1846   68]
 [  45   51]]
coarse acc: 0.944
coarse f1: 0.474
['rnd', 115, 'fold', 4, 'pr', 0.86188101520541949, 'roc', 0.81903626785092309]
[[1892   22]
 [  74   22]]
fine acc: 0.952
fine f1: 0.314
['rnd', 115, 'fold', 4, 'pr', 0.85753190040693184, 'roc', 0.82358063392546155]
4,115,coarse : 117.69 seconds
4,115,fine : 117.71 seconds
[[1845   69]
 [  44   52]]
coarse acc: 0.944
coarse f1: 0.479
['rnd', 116, 'fold', 4, 'pr', 0.86214562291058205, 'roc', 0.81989615987460807]
[[1893   21]
 [  73   23]]
fine acc: 0.953
fine f1: 0.329
['rnd', 116, 'fold', 4, 'pr', 0.85775528208410856, 'roc', 0.82295476314872862]
4,116,coarse : 117.47 seconds
4,116,fine : 117.48 seconds
[[1844   70]
 [  45   51]]
coarse acc: 0.943
coarse f1: 0.470
['rnd', 117, 'fold', 4, 'pr', 0.86229340423362355, 'roc', 0.81940634796238254]
[[1891   23]
 [  73   23]]
fine acc: 0.952
fine f1: 0.324
['rnd', 117, 'fold', 4, 'pr', 0.85658020055088169, 'roc', 0.82154519331243481]
4,117,coarse : 121.17 seconds
4,117,fine : 121.18 seconds
[[1847   67]
 [  45   51]]
coarse acc: 0.944
coarse f1: 0.477
['rnd', 118, 'fold', 4, 'pr', 0.86191420758787241, 'roc', 0.81894919017763856]
[[1893   21]
 [  72   24]]
fine acc: 0.954
fine f1: 0.340
['rnd', 118, 'fold', 4, 'pr', 0.86183755937931761, 'roc', 0.83054684778822707]
4,118,coarse : 122.04 seconds
4,118,fine : 122.05 seconds
[[1843   71]
 [  46   50]]
coarse acc: 0.942
coarse f1: 0.461
['rnd', 119, 'fold', 4, 'pr', 0.86279697450287673, 'roc', 0.81984717868338564]
[[1892   22]
 [  73   23]]
fine acc: 0.953
fine f1: 0.326
['rnd', 119, 'fold', 4, 'pr', 0.86182517623813504, 'roc', 0.82887060257749912]
4,119,coarse : 124.31 seconds
4,119,fine : 124.32 seconds
[[1840   74]
 [  45   51]]
coarse acc: 0.941
coarse f1: 0.462
['rnd', 120, 'fold', 4, 'pr', 0.86394951752966531, 'roc', 0.82128396029258088]
[[1891   23]
 [  72   24]]
fine acc: 0.953
fine f1: 0.336
['rnd', 120, 'fold', 4, 'pr', 0.86131541834932612, 'roc', 0.82799438349007315]
4,120,coarse : 125.92 seconds
4,120,fine : 125.93 seconds
[[1843   71]
 [  46   50]]
coarse acc: 0.942
coarse f1: 0.461
['rnd', 121, 'fold', 4, 'pr', 0.86449430369004798, 'roc', 0.82091932253570188]
[[1890   24]
 [  73   23]]
fine acc: 0.952
fine f1: 0.322
['rnd', 121, 'fold', 4, 'pr', 0.85794608645300607, 'roc', 0.8238309822361547]
4,121,coarse : 126.2 seconds
4,121,fine : 126.22 seconds
[[1844   70]
 [  45   51]]
coarse acc: 0.943
coarse f1: 0.470
['rnd', 122, 'fold', 4, 'pr', 0.86577532935659729, 'roc', 0.82343913270637403]
[[1886   28]
 [  72   24]]
fine acc: 0.950
fine f1: 0.324
['rnd', 122, 'fold', 4, 'pr', 0.85452074125318023, 'roc', 0.81985806339254619]
4,122,coarse : 129.28 seconds
4,122,fine : 129.29 seconds
[[1847   67]
 [  45   51]]
coarse acc: 0.944
coarse f1: 0.477
['rnd', 123, 'fold', 4, 'pr', 0.86650473867077593, 'roc', 0.82463645071403702]
[[1889   25]
 [  72   24]]
fine acc: 0.952
fine f1: 0.331
['rnd', 123, 'fold', 4, 'pr', 0.85763608284669224, 'roc', 0.82436433298502265]
4,123,coarse : 130.66 seconds
4,123,fine : 130.67 seconds
[[1846   68]
 [  44   52]]
coarse acc: 0.944
coarse f1: 0.481
['rnd', 124, 'fold', 4, 'pr', 0.86613057828499329, 'roc', 0.82450583420411006]
[[1887   27]
 [  71   25]]
fine acc: 0.951
fine f1: 0.338
['rnd', 124, 'fold', 4, 'pr', 0.85920644719333228, 'roc', 0.82729231974921635]
4,124,coarse : 132.3 seconds
4,124,fine : 132.32 seconds
[[1844   70]
 [  46   50]]
coarse acc: 0.942
coarse f1: 0.463
['rnd', 125, 'fold', 4, 'pr', 0.86561046753409987, 'roc', 0.82544736154649945]
[[1886   28]
 [  70   26]]
fine acc: 0.951
fine f1: 0.347
['rnd', 125, 'fold', 4, 'pr', 0.85951565983413547, 'roc', 0.82799982584465337]
4,125,coarse : 134.27 seconds
4,125,fine : 134.28 seconds
[[1841   73]
 [  46   50]]
coarse acc: 0.941
coarse f1: 0.457
['rnd', 126, 'fold', 4, 'pr', 0.86492567844374724, 'roc', 0.82604602055033094]
[[1891   23]
 [  69   27]]
fine acc: 0.954
fine f1: 0.370
['rnd', 126, 'fold', 4, 'pr', 0.85970219737320164, 'roc', 0.8257575757575758]
4,126,coarse : 136.16 seconds
4,126,fine : 136.18 seconds
[[1836   78]
 [  49   47]]
coarse acc: 0.937
coarse f1: 0.425
['rnd', 127, 'fold', 4, 'pr', 0.86443979499947576, 'roc', 0.82422283176593514]
[[1891   23]
 [  72   24]]
fine acc: 0.953
fine f1: 0.336
['rnd', 127, 'fold', 4, 'pr', 0.86013345791396834, 'roc', 0.82825017415534652]
4,127,coarse : 137.77 seconds
4,127,fine : 137.79 seconds
[[1840   74]
 [  48   48]]
coarse acc: 0.939
coarse f1: 0.440
['rnd', 128, 'fold', 4, 'pr', 0.8645892400348727, 'roc', 0.8242337164750958]
[[1893   21]
 [  72   24]]
fine acc: 0.954
fine f1: 0.340
['rnd', 128, 'fold', 4, 'pr', 0.86130023001166112, 'roc', 0.83133054684778818]
4,128,coarse : 138.8 seconds
4,128,fine : 138.81 seconds
[[1837   77]
 [  46   50]]
coarse acc: 0.939
coarse f1: 0.448
['rnd', 129, 'fold', 4, 'pr', 0.86455088906225552, 'roc', 0.82406500348310696]
[[1891   23]
 [  71   25]]
fine acc: 0.953
fine f1: 0.347
['rnd', 129, 'fold', 4, 'pr', 0.86355288577773837, 'roc', 0.83318638975966552]
4,129,coarse : 141.51 seconds
4,129,fine : 141.52 seconds
[[1836   78]
 [  44   52]]
coarse acc: 0.939
coarse f1: 0.460
['rnd', 130, 'fold', 4, 'pr', 0.86698496385985169, 'roc', 0.82580111459421801]
[[1891   23]
 [  71   25]]
fine acc: 0.953
fine f1: 0.347
['rnd', 130, 'fold', 4, 'pr', 0.86356377712218957, 'roc', 0.83301223441309635]
4,130,coarse : 142.88 seconds
4,130,fine : 142.89 seconds
[[1840   74]
 [  44   52]]
coarse acc: 0.941
coarse f1: 0.468
['rnd', 131, 'fold', 4, 'pr', 0.86647199791916152, 'roc', 0.82620384883315912]
[[1891   23]
 [  72   24]]
fine acc: 0.953
fine f1: 0.336
['rnd', 131, 'fold', 4, 'pr', 0.86140195604188874, 'roc', 0.82904475792406829]
4,131,coarse : 144.6 seconds
4,131,fine : 144.62 seconds
[[1835   79]
 [  46   50]]
coarse acc: 0.938
coarse f1: 0.444
['rnd', 132, 'fold', 4, 'pr', 0.86349312067516359, 'roc', 0.82370036572622785]
[[1891   23]
 [  71   25]]
fine acc: 0.953
fine f1: 0.347
['rnd', 132, 'fold', 4, 'pr', 0.86163905718818268, 'roc', 0.8321360153256705]
4,132,coarse : 147.95 seconds
4,132,fine : 147.96 seconds
[[1833   81]
 [  45   51]]
coarse acc: 0.937
coarse f1: 0.447
['rnd', 133, 'fold', 4, 'pr', 0.86233388531239163, 'roc', 0.82188261929641249]
[[1889   25]
 [  69   27]]
fine acc: 0.953
fine f1: 0.365
['rnd', 133, 'fold', 4, 'pr', 0.86168439129357777, 'roc', 0.83075909961685823]
4,133,coarse : 148.96 seconds
4,133,fine : 148.98 seconds
[[1832   82]
 [  44   52]]
coarse acc: 0.937
coarse f1: 0.452
['rnd', 134, 'fold', 4, 'pr', 0.86189561532973702, 'roc', 0.82211664054336464]
[[1890   24]
 [  70   26]]
fine acc: 0.953
fine f1: 0.356
['rnd', 134, 'fold', 4, 'pr', 0.86258360451720362, 'roc', 0.83207614942528729]
4,134,coarse : 150.79 seconds
4,134,fine : 150.8 seconds
[[1835   79]
 [  45   51]]
coarse acc: 0.938
coarse f1: 0.451
['rnd', 135, 'fold', 4, 'pr', 0.86163805934330695, 'roc', 0.82152886624869381]
[[1890   24]
 [  69   27]]
fine acc: 0.954
fine f1: 0.367
['rnd', 135, 'fold', 4, 'pr', 0.86419195475274502, 'roc', 0.83345850748867978]
4,135,coarse : 151.74 seconds
4,135,fine : 151.75 seconds
[[1837   77]
 [  46   50]]
coarse acc: 0.939
coarse f1: 0.448
['rnd', 136, 'fold', 4, 'pr', 0.86214377822601751, 'roc', 0.82214929467084641]
[[1889   25]
 [  69   27]]
fine acc: 0.953
fine f1: 0.365
['rnd', 136, 'fold', 4, 'pr', 0.86265499243765453, 'roc', 0.8306339254615116]
4,136,coarse : 154.55 seconds
4,136,fine : 154.56 seconds
[[1830   84]
 [  47   49]]
coarse acc: 0.935
coarse f1: 0.428
['rnd', 137, 'fold', 4, 'pr', 0.86172934832829018, 'roc', 0.82270441483803558]
[[1888   26]
 [  69   27]]
fine acc: 0.953
fine f1: 0.362
['rnd', 137, 'fold', 4, 'pr', 0.86251922049906149, 'roc', 0.83125979623824453]
4,137,coarse : 156.81 seconds
4,137,fine : 156.82 seconds
[[1831   83]
 [  47   49]]
coarse acc: 0.935
coarse f1: 0.430
['rnd', 138, 'fold', 4, 'pr', 0.86204768922176966, 'roc', 0.82279149251132]
[[1888   26]
 [  69   27]]
fine acc: 0.953
fine f1: 0.362
['rnd', 138, 'fold', 4, 'pr', 0.86330744010899763, 'roc', 0.83179858934169282]
4,138,coarse : 159.66 seconds
4,138,fine : 159.67 seconds
[[1830   84]
 [  46   50]]
coarse acc: 0.935
coarse f1: 0.435
['rnd', 139, 'fold', 4, 'pr', 0.86299771851894302, 'roc', 0.82326497735980497]
[[1886   28]
 [  70   26]]
fine acc: 0.951
fine f1: 0.347
['rnd', 139, 'fold', 4, 'pr', 0.86286819883421062, 'roc', 0.83190743643329845]
4,139,coarse : 160.11 seconds
4,139,fine : 160.12 seconds
[[1830   84]
 [  45   51]]
coarse acc: 0.936
coarse f1: 0.442
['rnd', 140, 'fold', 4, 'pr', 0.86166620281388451, 'roc', 0.82147988505747127]
[[1885   29]
 [  70   26]]
fine acc: 0.951
fine f1: 0.344
['rnd', 140, 'fold', 4, 'pr', 0.86022391852537983, 'roc', 0.8277658045977011]
4,140,coarse : 163.43 seconds
4,140,fine : 163.44 seconds
[[1828   86]
 [  47   49]]
coarse acc: 0.934
coarse f1: 0.424
['rnd', 141, 'fold', 4, 'pr', 0.86159977506319352, 'roc', 0.82319966910484155]
[[1889   25]
 [  70   26]]
fine acc: 0.953
fine f1: 0.354
['rnd', 141, 'fold', 4, 'pr', 0.86136553572174746, 'roc', 0.82829371299198895]
4,141,coarse : 164.74 seconds
4,141,fine : 164.75 seconds
[[1828   86]
 [  46   50]]
coarse acc: 0.934
coarse f1: 0.431
['rnd', 142, 'fold', 4, 'pr', 0.86069549219250541, 'roc', 0.82121865203761757]
[[1888   26]
 [  70   26]]
fine acc: 0.952
fine f1: 0.351
['rnd', 142, 'fold', 4, 'pr', 0.86266401002362514, 'roc', 0.82968151340996166]
4,142,coarse : 167.68 seconds
4,142,fine : 167.7 seconds
[[1830   84]
 [  47   49]]
coarse acc: 0.935
coarse f1: 0.428
['rnd', 143, 'fold', 4, 'pr', 0.86259028838061658, 'roc', 0.82405956112852663]
[[1887   27]
 [  69   27]]
fine acc: 0.952
fine f1: 0.360
['rnd', 143, 'fold', 4, 'pr', 0.86399174185672034, 'roc', 0.83294148380355271]
4,143,coarse : 167.4 seconds
4,143,fine : 167.41 seconds
[[1830   84]
 [  46   50]]
coarse acc: 0.935
coarse f1: 0.435
['rnd', 144, 'fold', 4, 'pr', 0.86146249112707529, 'roc', 0.82181731104144906]
[[1884   30]
 [  70   26]]
fine acc: 0.950
fine f1: 0.342
['rnd', 144, 'fold', 4, 'pr', 0.86230461573746575, 'roc', 0.83278365552072442]
4,144,coarse : 169.82 seconds
4,144,fine : 169.83 seconds
[[1829   85]
 [  46   50]]
coarse acc: 0.935
coarse f1: 0.433
['rnd', 145, 'fold', 4, 'pr', 0.86149047080910846, 'roc', 0.82263910658307204]
[[1881   33]
 [  70   26]]
fine acc: 0.949
fine f1: 0.335
['rnd', 145, 'fold', 4, 'pr', 0.86034238791191575, 'roc', 0.83121625740160221]
4,145,coarse : 171.31 seconds
4,145,fine : 171.32 seconds
[[1829   85]
 [  48   48]]
coarse acc: 0.934
coarse f1: 0.419
['rnd', 146, 'fold', 4, 'pr', 0.86012438633761756, 'roc', 0.8216050592128179]
[[1881   33]
 [  70   26]]
fine acc: 0.949
fine f1: 0.335
['rnd', 146, 'fold', 4, 'pr', 0.85976017211667433, 'roc', 0.83019309474050851]
4,146,coarse : 172.19 seconds
4,146,fine : 172.2 seconds
[[1830   84]
 [  47   49]]
coarse acc: 0.935
coarse f1: 0.428
['rnd', 147, 'fold', 4, 'pr', 0.85971044960395038, 'roc', 0.82163227098571934]
[[1881   33]
 [  70   26]]
fine acc: 0.949
fine f1: 0.335
['rnd', 147, 'fold', 4, 'pr', 0.85882266049707678, 'roc', 0.82872910135841171]
4,147,coarse : 174.84 seconds
4,147,fine : 174.86 seconds
[[1830   84]
 [  46   50]]
coarse acc: 0.935
coarse f1: 0.435
['rnd', 148, 'fold', 4, 'pr', 0.85993136658160063, 'roc', 0.82193704284221525]
[[1884   30]
 [  71   25]]
fine acc: 0.950
fine f1: 0.331
['rnd', 148, 'fold', 4, 'pr', 0.85731397650728947, 'roc', 0.82459291187739459]
4,148,coarse : 177.15 seconds
4,148,fine : 177.17 seconds
[[1834   80]
 [  48   48]]
coarse acc: 0.936
coarse f1: 0.429
['rnd', 149, 'fold', 4, 'pr', 0.85888527173280793, 'roc', 0.82071251306165105]
[[1881   33]
 [  69   27]]
fine acc: 0.949
fine f1: 0.346
['rnd', 149, 'fold', 4, 'pr', 0.86041289710505331, 'roc', 0.82932231800766276]
4,149,coarse : 179.75 seconds
4,149,fine : 179.77 seconds
[[1835   79]
 [  48   48]]
coarse acc: 0.937
coarse f1: 0.430
['rnd', 150, 'fold', 4, 'pr', 0.86078757642497039, 'roc', 0.82416840822013226]
[[1882   32]
 [  69   27]]
fine acc: 0.950
fine f1: 0.348
['rnd', 150, 'fold', 4, 'pr', 0.86437161316430633, 'roc', 0.83227207419017768]
4,150,coarse : 183.46 seconds
4,150,fine : 183.48 seconds
[[1837   77]
 [  48   48]]
coarse acc: 0.938
coarse f1: 0.434
['rnd', 151, 'fold', 4, 'pr', 0.86085017398189989, 'roc', 0.82428269766631823]
[[1884   30]
 [  68   28]]
fine acc: 0.951
fine f1: 0.364
['rnd', 151, 'fold', 4, 'pr', 0.8642415545496327, 'roc', 0.83198907175200276]
4,151,coarse : 183.91 seconds
4,151,fine : 183.93 seconds
[[1832   82]
 [  45   51]]
coarse acc: 0.937
coarse f1: 0.445
['rnd', 152, 'fold', 4, 'pr', 0.86271409908899532, 'roc', 0.82483237547892718]
[[1881   33]
 [  68   28]]
fine acc: 0.950
fine f1: 0.357
['rnd', 152, 'fold', 4, 'pr', 0.86167729548042082, 'roc', 0.82933320271682343]
4,152,coarse : 187.36 seconds
4,152,fine : 187.37 seconds
[[1835   79]
 [  47   49]]
coarse acc: 0.937
coarse f1: 0.438
['rnd', 153, 'fold', 4, 'pr', 0.86128010619761941, 'roc', 0.82319422675026122]
[[1882   32]
 [  66   30]]
fine acc: 0.951
fine f1: 0.380
['rnd', 153, 'fold', 4, 'pr', 0.86482441844867108, 'roc', 0.83473746081504707]
4,153,coarse : 188.23 seconds
4,153,fine : 188.25 seconds
[[1832   82]
 [  46   50]]
coarse acc: 0.936
coarse f1: 0.439
['rnd', 154, 'fold', 4, 'pr', 0.86205908504663731, 'roc', 0.82436977533960287]
[[1884   30]
 [  66   30]]
fine acc: 0.952
fine f1: 0.385
['rnd', 154, 'fold', 4, 'pr', 0.86658579942363345, 'roc', 0.83608716475095779]
4,154,coarse : 189.71 seconds
4,154,fine : 189.72 seconds
[[1834   80]
 [  47   49]]
coarse acc: 0.937
coarse f1: 0.436
['rnd', 155, 'fold', 4, 'pr', 0.86105601929055631, 'roc', 0.82284047370254265]
[[1886   28]
 [  66   30]]
fine acc: 0.953
fine f1: 0.390
['rnd', 155, 'fold', 4, 'pr', 0.86597591261369478, 'roc', 0.83549394810170674]
4,155,coarse : 193.98 seconds
4,155,fine : 193.99 seconds
[[1830   84]
 [  46   50]]
coarse acc: 0.935
coarse f1: 0.435
['rnd', 156, 'fold', 4, 'pr', 0.85972901917123878, 'roc', 0.82247039359108332]
[[1884   30]
 [  65   31]]
fine acc: 0.953
fine f1: 0.395
['rnd', 156, 'fold', 4, 'pr', 0.86525699496787922, 'roc', 0.83467215256008342]
4,156,coarse : 196.68 seconds
4,156,fine : 196.7 seconds
[[1834   80]
 [  47   49]]
coarse acc: 0.937
coarse f1: 0.436
['rnd', 157, 'fold', 4, 'pr', 0.86051929821408568, 'roc', 0.82192615813305459]
[[1886   28]
 [  67   29]]
fine acc: 0.953
fine f1: 0.379
['rnd', 157, 'fold', 4, 'pr', 0.86498144751616479, 'roc', 0.83578239289446177]
4,157,coarse : 198.69 seconds
4,157,fine : 198.71 seconds
[[1835   79]
 [  47   49]]
coarse acc: 0.937
coarse f1: 0.438
['rnd', 158, 'fold', 4, 'pr', 0.85945493652994198, 'roc', 0.8211642284918147]
[[1886   28]
 [  66   30]]
fine acc: 0.953
fine f1: 0.390
['rnd', 158, 'fold', 4, 'pr', 0.86594070392206635, 'roc', 0.83625587774294674]
4,158,coarse : 200.41 seconds
4,158,fine : 200.42 seconds
[[1829   85]
 [  49   47]]
coarse acc: 0.933
coarse f1: 0.412
['rnd', 159, 'fold', 4, 'pr', 0.86009641860626429, 'roc', 0.82190983106931381]
[[1883   31]
 [  66   30]]
fine acc: 0.952
fine f1: 0.382
['rnd', 159, 'fold', 4, 'pr', 0.8658744944384813, 'roc', 0.83585314350400564]
4,159,coarse : 202.41 seconds
4,159,fine : 202.42 seconds
[[1829   85]
 [  48   48]]
coarse acc: 0.934
coarse f1: 0.419
['rnd', 160, 'fold', 4, 'pr', 0.85919451501954358, 'roc', 0.81995602577499138]
[[1882   32]
 [  65   31]]
fine acc: 0.952
fine f1: 0.390
['rnd', 160, 'fold', 4, 'pr', 0.86473455645297315, 'roc', 0.83408437826541271]
4,160,coarse : 204.88 seconds
4,160,fine : 204.9 seconds
[[1830   84]
 [  49   47]]
coarse acc: 0.934
coarse f1: 0.414
['rnd', 161, 'fold', 4, 'pr', 0.85928251409926371, 'roc', 0.81983085161964475]
[[1882   32]
 [  65   31]]
fine acc: 0.952
fine f1: 0.390
['rnd', 161, 'fold', 4, 'pr', 0.86218839750522558, 'roc', 0.83067202194357359]
4,161,coarse : 206.72 seconds
4,161,fine : 206.73 seconds
[[1833   81]
 [  49   47]]
coarse acc: 0.935
coarse f1: 0.420
['rnd', 162, 'fold', 4, 'pr', 0.85943157447476282, 'roc', 0.82110980494601171]
[[1883   31]
 [  67   29]]
fine acc: 0.951
fine f1: 0.372
['rnd', 162, 'fold', 4, 'pr', 0.86320885649883539, 'roc', 0.83200539881574365]
4,162,coarse : 210.05 seconds
4,162,fine : 210.07 seconds
[[1834   80]
 [  47   49]]
coarse acc: 0.937
coarse f1: 0.436
['rnd', 163, 'fold', 4, 'pr', 0.86010292467367111, 'roc', 0.82102816962730751]
[[1883   31]
 [  66   30]]
fine acc: 0.952
fine f1: 0.382
['rnd', 163, 'fold', 4, 'pr', 0.86200920795861025, 'roc', 0.8295073580633926]
4,163,coarse : 212.4 seconds
4,163,fine : 212.42 seconds
[[1828   86]
 [  45   51]]
coarse acc: 0.935
coarse f1: 0.438
['rnd', 164, 'fold', 4, 'pr', 0.86033065758463356, 'roc', 0.82035876001393238]
[[1883   31]
 [  67   29]]
fine acc: 0.951
fine f1: 0.372
['rnd', 164, 'fold', 4, 'pr', 0.86295353413774623, 'roc', 0.83054684778822707]
4,164,coarse : 214.34 seconds
4,164,fine : 214.36 seconds
[[1831   83]
 [  44   52]]
coarse acc: 0.937
coarse f1: 0.450
['rnd', 165, 'fold', 4, 'pr', 0.86044825149808823, 'roc', 0.8210281696273074]
[[1884   30]
 [  67   29]]
fine acc: 0.952
fine f1: 0.374
['rnd', 165, 'fold', 4, 'pr', 0.86218009581641397, 'roc', 0.8304325583420411]
4,165,coarse : 217.81 seconds
4,165,fine : 217.83 seconds
[[1833   81]
 [  45   51]]
coarse acc: 0.937
coarse f1: 0.447
['rnd', 166, 'fold', 4, 'pr', 0.86081072538851433, 'roc', 0.82128940264716122]
[[1886   28]
 [  65   31]]
fine acc: 0.954
fine f1: 0.400
['rnd', 166, 'fold', 4, 'pr', 0.86203694362152405, 'roc', 0.82863113897596652]
4,166,coarse : 219.66 seconds
4,166,fine : 219.68 seconds
[[1826   88]
 [  44   52]]
coarse acc: 0.934
coarse f1: 0.441
['rnd', 167, 'fold', 4, 'pr', 0.86238260641324149, 'roc', 0.8226880877742947]
[[1884   30]
 [  63   33]]
fine acc: 0.954
fine f1: 0.415
['rnd', 167, 'fold', 4, 'pr', 0.86479071059906165, 'roc', 0.83266936607453845]
4,167,coarse : 220.52 seconds
4,167,fine : 220.54 seconds
[[1833   81]
 [  45   51]]
coarse acc: 0.937
coarse f1: 0.447
['rnd', 168, 'fold', 4, 'pr', 0.86231287746359175, 'roc', 0.82352076802507834]
[[1884   30]
 [  65   31]]
fine acc: 0.953
fine f1: 0.395
['rnd', 168, 'fold', 4, 'pr', 0.86910052770501123, 'roc', 0.83757836990595613]
4,168,coarse : 223.42 seconds
4,168,fine : 223.43 seconds
[[1832   82]
 [  45   51]]
coarse acc: 0.937
coarse f1: 0.445
['rnd', 169, 'fold', 4, 'pr', 0.86137746410524052, 'roc', 0.82142546151166851]
[[1885   29]
 [  65   31]]
fine acc: 0.953
fine f1: 0.397
['rnd', 169, 'fold', 4, 'pr', 0.87179820096114147, 'roc', 0.83841105015673989]
4,169,coarse : 225.45 seconds
4,169,fine : 225.46 seconds
[[1834   80]
 [  46   50]]
coarse acc: 0.937
coarse f1: 0.442
['rnd', 170, 'fold', 4, 'pr', 0.8620009988240076, 'roc', 0.82245406652734243]
[[1885   29]
 [  64   32]]
fine acc: 0.954
fine f1: 0.408
['rnd', 170, 'fold', 4, 'pr', 0.87222416939268133, 'roc', 0.83838928073841867]
4,170,coarse : 227.51 seconds
4,170,fine : 227.52 seconds
[[1829   85]
 [  44   52]]
coarse acc: 0.936
coarse f1: 0.446
['rnd', 171, 'fold', 4, 'pr', 0.86071398282313882, 'roc', 0.82097918843608486]
[[1884   30]
 [  64   32]]
fine acc: 0.953
fine f1: 0.405
['rnd', 171, 'fold', 4, 'pr', 0.87055636266163017, 'roc', 0.83630485893416917]
4,171,coarse : 230.59 seconds
4,171,fine : 230.61 seconds
[[1827   87]
 [  46   50]]
coarse acc: 0.934
coarse f1: 0.429
['rnd', 172, 'fold', 4, 'pr', 0.86238188466725718, 'roc', 0.82370036572622785]
[[1888   26]
 [  63   33]]
fine acc: 0.956
fine f1: 0.426
['rnd', 172, 'fold', 4, 'pr', 0.87231551420281395, 'roc', 0.83864507140369215]
4,172,coarse : 232.14 seconds
4,172,fine : 232.16 seconds
