home
all           0      1    2    3    4    5    6    7    8    
1      2010   1914   1    19   32   19   1    11   6    7    
2      2010   1914   1    19   32   19   1    11   6    7    
3      2010   1914   1    19   32   19   1    11   5    8    
4      2010   1914   1    19   32   19   1    10   6    8    
5      2010   1914   1    18   33   19   1    10   6    8    
6      2010   1914   1    18   33   19   1    10   6    8    
7      2010   1913   2    18   33   19   1    10   6    8    
8      2010   1913   2    18   33   19   1    10   6    8    
9      2009   1913   2    18   32   19   2    10   6    7    
10     2009   1913   1    19   32   19   1    11   6    7    
Total  20098  19136  13   185  324  190  11   104  59   76   
train         0      1    2    3    4    5    6    7    8    
1      2010   1914   1    19   32   19   1    11   6    7    
2      2010   1914   1    19   32   19   1    11   6    7    
3      2010   1914   1    19   32   19   1    11   5    8    
4      2010   1914   1    19   32   19   1    10   6    8    
5      2010   1914   1    18   33   19   1    10   6    8    
6      2010   1914   1    18   33   19   1    10   6    8    
7      2010   1913   2    18   33   19   1    10   6    8    
8      2010   1913   2    18   33   19   1    10   6    8    
10     2009   1913   1    19   32   19   1    11   6    7    
Total  18089  17223  11   167  292  171  9    94   53   69   
test          0      1    2    3    4    5    6    7    8    
9      2009   1913   2    18   32   19   2    10   6    7    
Total  2009   1913   2    18   32   19   2    10   6    7    
train_mod     0      1    2    3    4    5    6    7    8    
1      2011   1914   1    19   32   19   2    11   6    7    
2      2010   1914   1    19   32   19   1    11   6    7    
3      2010   1914   1    19   32   19   1    11   5    8    
4      2010   1914   1    19   32   19   1    10   6    8    
5      2010   1914   1    18   33   19   1    10   6    8    
6      2010   1914   1    18   33   19   1    10   6    8    
7      2010   1913   2    18   33   19   1    10   6    8    
8      2010   1913   2    18   33   19   1    10   6    8    
10     2009   1913   1    19   32   19   1    11   6    7    
Total  18090  17223  11   167  292  171  10   94   53   69   
test_mod      0      1    2    3    4    5    6    7    8    
9      2008   1913   2    18   32   19   1    10   6    7    
Total  2008   1913   2    18   32   19   1    10   6    7    
Classes             
0         17223     
1         11        
2         167       
3         292       
4         171       
5         10        
6         94        
7         53        
8         69        
Total     18090     

Shape: 450       

[952, 10, 11, 16, 11, 10, 10, 10, 10]
Sum start => 1040
[[1836   77]
 [  61   34]]
coarse acc: 0.931
coarse f1: 0.330
['rnd', 1, 'fold', 9, 'pr', 0.82166369790585148, 'roc', 0.79415357526068153]
[[1910    3]
 [  94    1]]
fine acc: 0.952
fine f1: 0.020
['rnd', 1, 'fold', 9, 'pr', 0.76547159914434904, 'roc', 0.7602305554791311]
9,1,coarse : 30.24 seconds
9,1,fine : 30.25 seconds
[[1836   77]
 [  61   34]]
coarse acc: 0.931
coarse f1: 0.330
['rnd', 2, 'fold', 9, 'pr', 0.82166369790585148, 'roc', 0.79415357526068153]
[[1910    3]
 [  94    1]]
fine acc: 0.952
fine f1: 0.020
['rnd', 2, 'fold', 9, 'pr', 0.76547159914434904, 'roc', 0.7602305554791311]
9,2,coarse : 33.68 seconds
9,2,fine : 33.68 seconds
[[1855   58]
 [  59   36]]
coarse acc: 0.942
coarse f1: 0.381
['rnd', 3, 'fold', 9, 'pr', 0.82893554721110563, 'roc', 0.79980190937353812]
[[1911    2]
 [  86    9]]
fine acc: 0.956
fine f1: 0.170
['rnd', 3, 'fold', 9, 'pr', 0.80140903749617642, 'roc', 0.77278454893113557]
9,3,coarse : 48.86 seconds
9,3,fine : 48.86 seconds
[[1846   67]
 [  56   39]]
coarse acc: 0.939
coarse f1: 0.388
['rnd', 4, 'fold', 9, 'pr', 0.83383751272417883, 'roc', 0.79660494676314386]
[[1913    0]
 [  85   10]]
fine acc: 0.958
fine f1: 0.190
['rnd', 4, 'fold', 9, 'pr', 0.81017438317470858, 'roc', 0.77663080859493172]
9,4,coarse : 53.11 seconds
9,4,fine : 53.11 seconds
[[1855   58]
 [  58   37]]
coarse acc: 0.942
coarse f1: 0.389
['rnd', 5, 'fold', 9, 'pr', 0.82805275942652645, 'roc', 0.78398217184361807]
[[1906    7]
 [  80   15]]
fine acc: 0.957
fine f1: 0.256
['rnd', 5, 'fold', 9, 'pr', 0.82502542344828977, 'roc', 0.79843728505791356]
9,5,coarse : 57.04 seconds
9,5,fine : 57.05 seconds
[[1859   54]
 [  54   41]]
coarse acc: 0.946
coarse f1: 0.432
['rnd', 6, 'fold', 9, 'pr', 0.84330347339842915, 'roc', 0.79733953283627224]
[[1906    7]
 [  75   20]]
fine acc: 0.959
fine f1: 0.328
['rnd', 6, 'fold', 9, 'pr', 0.80821971154588412, 'roc', 0.76865490962115124]
9,6,coarse : 60.74 seconds
9,6,fine : 60.74 seconds
[[1850   63]
 [  52   43]]
coarse acc: 0.943
coarse f1: 0.428
['rnd', 7, 'fold', 9, 'pr', 0.83728607785503539, 'roc', 0.79397749470382639]
[[1904    9]
 [  76   19]]
fine acc: 0.958
fine f1: 0.309
['rnd', 7, 'fold', 9, 'pr', 0.81778829849131973, 'roc', 0.77688942691281226]
9,7,coarse : 65.38 seconds
9,7,fine : 65.39 seconds
[[1856   57]
 [  53   42]]
coarse acc: 0.945
coarse f1: 0.433
['rnd', 8, 'fold', 9, 'pr', 0.84130529269373888, 'roc', 0.79867939582358893]
[[1908    5]
 [  78   17]]
fine acc: 0.959
fine f1: 0.291
['rnd', 8, 'fold', 9, 'pr', 0.83001839047038217, 'roc', 0.79590337579442549]
9,8,coarse : 70.79 seconds
9,8,fine : 70.79 seconds
[[1857   56]
 [  51   44]]
coarse acc: 0.947
coarse f1: 0.451
['rnd', 9, 'fold', 9, 'pr', 0.84467739430495792, 'roc', 0.79960657000577717]
[[1908    5]
 [  79   16]]
fine acc: 0.958
fine f1: 0.276
['rnd', 9, 'fold', 9, 'pr', 0.83453169260539106, 'roc', 0.80009079153712781]
9,9,coarse : 73.59 seconds
9,9,fine : 73.6 seconds
[[1860   53]
 [  56   39]]
coarse acc: 0.946
coarse f1: 0.417
['rnd', 10, 'fold', 9, 'pr', 0.84568868845743261, 'roc', 0.8058656835502237]
[[1908    5]
 [  76   19]]
fine acc: 0.960
fine f1: 0.319
['rnd', 10, 'fold', 9, 'pr', 0.836592870570388, 'roc', 0.79801083995928102]
9,10,coarse : 77.18 seconds
9,10,fine : 77.19 seconds
[[1862   51]
 [  53   42]]
coarse acc: 0.948
coarse f1: 0.447
['rnd', 11, 'fold', 9, 'pr', 0.84451589872513599, 'roc', 0.80027787712878617]
[[1910    3]
 [  77   18]]
fine acc: 0.960
fine f1: 0.310
['rnd', 11, 'fold', 9, 'pr', 0.83469084404230021, 'roc', 0.79398024596252748]
9,11,coarse : 81.54 seconds
9,11,fine : 81.54 seconds
[[1860   53]
 [  53   42]]
coarse acc: 0.947
coarse f1: 0.442
['rnd', 12, 'fold', 9, 'pr', 0.84991178115449328, 'roc', 0.81197898038352523]
[[1906    7]
 [  76   19]]
fine acc: 0.959
fine f1: 0.314
['rnd', 12, 'fold', 9, 'pr', 0.83679393134360014, 'roc', 0.80059152062068362]
9,12,coarse : 84.83 seconds
9,12,fine : 84.83 seconds
[[1865   48]
 [  50   45]]
coarse acc: 0.951
coarse f1: 0.479
['rnd', 13, 'fold', 9, 'pr', 0.85615698230392123, 'roc', 0.82312708063939222]
[[1908    5]
 [  76   19]]
fine acc: 0.960
fine f1: 0.319
['rnd', 13, 'fold', 9, 'pr', 0.8353817187137399, 'roc', 0.79908107959391383]
9,13,coarse : 89.16 seconds
9,13,fine : 89.17 seconds
[[1866   47]
 [  57   38]]
coarse acc: 0.948
coarse f1: 0.422
['rnd', 14, 'fold', 9, 'pr', 0.85307925093839365, 'roc', 0.82210911492007555]
[[1909    4]
 [  78   17]]
fine acc: 0.959
fine f1: 0.293
['rnd', 14, 'fold', 9, 'pr', 0.83916489327984656, 'roc', 0.80513109747709544]
9,14,coarse : 92.78 seconds
9,14,fine : 92.79 seconds
[[1868   45]
 [  54   41]]
coarse acc: 0.951
coarse f1: 0.453
['rnd', 15, 'fold', 9, 'pr', 0.85852553514817287, 'roc', 0.82922386992048835]
[[1905    8]
 [  77   18]]
fine acc: 0.958
fine f1: 0.298
['rnd', 15, 'fold', 9, 'pr', 0.84088631360160382, 'roc', 0.80904063609101129]
9,15,coarse : 96.32 seconds
9,15,fine : 96.32 seconds
[[1869   44]
 [  53   42]]
coarse acc: 0.952
coarse f1: 0.464
['rnd', 16, 'fold', 9, 'pr', 0.8655339804993154, 'roc', 0.83667978099980722]
[[1907    6]
 [  78   17]]
fine acc: 0.958
fine f1: 0.288
['rnd', 16, 'fold', 9, 'pr', 0.83716117727266548, 'roc', 0.80123531515668389]
9,16,coarse : 99.81 seconds
9,16,fine : 99.82 seconds
[[1869   44]
 [  52   43]]
coarse acc: 0.952
coarse f1: 0.473
['rnd', 17, 'fold', 9, 'pr', 0.86843627406090884, 'roc', 0.83914766005447472]
[[1905    8]
 [  75   20]]
fine acc: 0.959
fine f1: 0.325
['rnd', 17, 'fold', 9, 'pr', 0.85386878496767882, 'roc', 0.8256527361267777]
9,17,coarse : 103.14 seconds
9,17,fine : 103.15 seconds
[[1866   47]
 [  51   44]]
coarse acc: 0.951
coarse f1: 0.473
['rnd', 18, 'fold', 9, 'pr', 0.86531366369690754, 'roc', 0.83452554543703739]
[[1907    6]
 [  73   22]]
fine acc: 0.961
fine f1: 0.358
['rnd', 18, 'fold', 9, 'pr', 0.85246409497701414, 'roc', 0.82134976751863953]
9,18,coarse : 106.66 seconds
9,18,fine : 106.67 seconds
[[1870   43]
 [  49   46]]
coarse acc: 0.954
coarse f1: 0.500
['rnd', 19, 'fold', 9, 'pr', 0.87113494773438893, 'roc', 0.8390843811043549]
[[1908    5]
 [  72   23]]
fine acc: 0.962
fine f1: 0.374
['rnd', 19, 'fold', 9, 'pr', 0.8528986695757772, 'roc', 0.81718986436294605]
9,19,coarse : 110.13 seconds
9,19,fine : 110.13 seconds
[[1877   36]
 [  51   44]]
coarse acc: 0.957
coarse f1: 0.503
['rnd', 20, 'fold', 9, 'pr', 0.8781158137627616, 'roc', 0.8484991883786831]
[[1904    9]
 [  72   23]]
fine acc: 0.960
fine f1: 0.362
['rnd', 20, 'fold', 9, 'pr', 0.85646203015451117, 'roc', 0.82196054695022935]
9,20,coarse : 114.92 seconds
9,20,fine : 114.92 seconds
[[1876   37]
 [  52   43]]
coarse acc: 0.956
coarse f1: 0.491
['rnd', 21, 'fold', 9, 'pr', 0.87532900808929259, 'roc', 0.84545904751423739]
[[1903   10]
 [  73   22]]
fine acc: 0.959
fine f1: 0.346
['rnd', 21, 'fold', 9, 'pr', 0.85405747963001277, 'roc', 0.8192643134233909]
9,21,coarse : 118.35 seconds
9,21,fine : 118.35 seconds
[[1878   35]
 [  50   45]]
coarse acc: 0.958
coarse f1: 0.514
['rnd', 22, 'fold', 9, 'pr', 0.8756172463215588, 'roc', 0.84315899524032234]
[[1904    9]
 [  74   21]]
fine acc: 0.959
fine f1: 0.336
['rnd', 22, 'fold', 9, 'pr', 0.85165904374205859, 'roc', 0.81447712328390209]
9,22,coarse : 122.03 seconds
9,22,fine : 122.04 seconds
[[1878   35]
 [  50   45]]
coarse acc: 0.958
coarse f1: 0.514
['rnd', 23, 'fold', 9, 'pr', 0.87772129263241994, 'roc', 0.84345613118001472]
[[1902   11]
 [  72   23]]
fine acc: 0.959
fine f1: 0.357
['rnd', 23, 'fold', 9, 'pr', 0.85256595091437193, 'roc', 0.81780889757063824]
9,23,coarse : 125.29 seconds
9,23,fine : 125.29 seconds
[[1879   34]
 [  48   47]]
coarse acc: 0.959
coarse f1: 0.534
['rnd', 24, 'fold', 9, 'pr', 0.88095364111554353, 'roc', 0.84811951467796498]
[[1903   10]
 [  70   25]]
fine acc: 0.960
fine f1: 0.385
['rnd', 24, 'fold', 9, 'pr', 0.85629406179693746, 'roc', 0.81692024101026184]
9,24,coarse : 127.36 seconds
9,24,fine : 127.36 seconds
[[1875   38]
 [  45   50]]
coarse acc: 0.959
coarse f1: 0.546
['rnd', 25, 'fold', 9, 'pr', 0.88565833244767689, 'roc', 0.85377885382562491]
[[1904    9]
 [  72   23]]
fine acc: 0.960
fine f1: 0.362
['rnd', 25, 'fold', 9, 'pr', 0.85263198641719085, 'roc', 0.81296117973973059]
9,25,coarse : 130.79 seconds
9,25,fine : 130.8 seconds
[[1872   41]
 [  44   51]]
coarse acc: 0.958
coarse f1: 0.545
['rnd', 26, 'fold', 9, 'pr', 0.88649363410441095, 'roc', 0.85540484771783087]
[[1905    8]
 [  69   26]]
fine acc: 0.962
fine f1: 0.403
['rnd', 26, 'fold', 9, 'pr', 0.85571443719739115, 'roc', 0.8142570225878335]
9,26,coarse : 134.65 seconds
9,26,fine : 134.65 seconds
[[1873   40]
 [  44   51]]
coarse acc: 0.958
coarse f1: 0.548
['rnd', 27, 'fold', 9, 'pr', 0.88845869853581594, 'roc', 0.85846699865188292]
[[1904    9]
 [  72   23]]
fine acc: 0.960
fine f1: 0.362
['rnd', 27, 'fold', 9, 'pr', 0.85526209996332192, 'roc', 0.81267504883484154]
9,27,coarse : 137.57 seconds
9,27,fine : 137.58 seconds
[[1873   40]
 [  46   49]]
coarse acc: 0.957
coarse f1: 0.533
['rnd', 28, 'fold', 9, 'pr', 0.88630200604488785, 'roc', 0.85427132913307813]
[[1903   10]
 [  72   23]]
fine acc: 0.959
fine f1: 0.359
['rnd', 28, 'fold', 9, 'pr', 0.86417691809128427, 'roc', 0.82535284892838445]
9,28,coarse : 140.45 seconds
9,28,fine : 140.45 seconds
[[1872   41]
 [  47   48]]
coarse acc: 0.956
coarse f1: 0.522
['rnd', 29, 'fold', 9, 'pr', 0.88646235268371076, 'roc', 0.8544143945855226]
[[1904    9]
 [  71   24]]
fine acc: 0.960
fine f1: 0.375
['rnd', 29, 'fold', 9, 'pr', 0.8623493825114521, 'roc', 0.82440091341788846]
9,29,coarse : 143.94 seconds
9,29,fine : 143.94 seconds
[[1870   43]
 [  43   52]]
coarse acc: 0.957
coarse f1: 0.547
['rnd', 30, 'fold', 9, 'pr', 0.88569559848681723, 'roc', 0.85257105125594945]
[[1903   10]
 [  69   26]]
fine acc: 0.961
fine f1: 0.397
['rnd', 30, 'fold', 9, 'pr', 0.86152555818144327, 'roc', 0.82063168899771599]
9,30,coarse : 147.03 seconds
9,30,fine : 147.04 seconds
[[1871   42]
 [  44   51]]
coarse acc: 0.957
coarse f1: 0.543
['rnd', 31, 'fold', 9, 'pr', 0.88430695351982314, 'roc', 0.85141277134288917]
[[1904    9]
 [  71   24]]
fine acc: 0.960
fine f1: 0.375
['rnd', 31, 'fold', 9, 'pr', 0.85816261883235567, 'roc', 0.81430654524444901]
9,31,coarse : 150.66 seconds
9,31,fine : 150.66 seconds
[[1867   46]
 [  44   51]]
coarse acc: 0.955
coarse f1: 0.531
['rnd', 32, 'fold', 9, 'pr', 0.88198202995042441, 'roc', 0.84930805843673474]
[[1904    9]
 [  70   25]]
fine acc: 0.961
fine f1: 0.388
['rnd', 32, 'fold', 9, 'pr', 0.85257540538256704, 'roc', 0.80809145183921605]
9,32,coarse : 153.13 seconds
9,32,fine : 153.14 seconds
[[1866   47]
 [  43   52]]
coarse acc: 0.955
coarse f1: 0.536
['rnd', 33, 'fold', 9, 'pr', 0.88261946898441557, 'roc', 0.84891462844251231]
[[1901   12]
 [  67   28]]
fine acc: 0.961
fine f1: 0.415
['rnd', 33, 'fold', 9, 'pr', 0.86445588292378894, 'roc', 0.82342971909648632]
9,33,coarse : 156.2 seconds
9,33,fine : 156.2 seconds
[[1865   48]
 [  45   50]]
coarse acc: 0.954
coarse f1: 0.518
['rnd', 34, 'fold', 9, 'pr', 0.88304508733473075, 'roc', 0.84847992956777707]
[[1901   12]
 [  70   25]]
fine acc: 0.959
fine f1: 0.379
['rnd', 34, 'fold', 9, 'pr', 0.86999098696012744, 'roc', 0.82985115690428346]
9,34,coarse : 159.29 seconds
9,34,fine : 159.3 seconds
[[1863   50]
 [  43   52]]
coarse acc: 0.954
coarse f1: 0.528
['rnd', 35, 'fold', 9, 'pr', 0.87975564415839513, 'roc', 0.84654854595977624]
[[1903   10]
 [  67   28]]
fine acc: 0.962
fine f1: 0.421
['rnd', 35, 'fold', 9, 'pr', 0.87063096006650553, 'roc', 0.83168349519905327]
9,35,coarse : 162.61 seconds
9,35,fine : 162.61 seconds
[[1868   45]
 [  41   54]]
coarse acc: 0.957
coarse f1: 0.557
['rnd', 36, 'fold', 9, 'pr', 0.88175742239530763, 'roc', 0.84975101108757223]
[[1904    9]
 [  65   30]]
fine acc: 0.963
fine f1: 0.448
['rnd', 36, 'fold', 9, 'pr', 0.8706185238098072, 'roc', 0.83093790409112145]
9,36,coarse : 165.41 seconds
9,36,fine : 165.42 seconds
[[1864   49]
 [  44   51]]
coarse acc: 0.954
coarse f1: 0.523
['rnd', 37, 'fold', 9, 'pr', 0.87746871817098282, 'roc', 0.84423748865105763]
[[1902   11]
 [  66   29]]
fine acc: 0.962
fine f1: 0.430
['rnd', 37, 'fold', 9, 'pr', 0.87463398163679884, 'roc', 0.83455580928274653]
9,37,coarse : 167.44 seconds
9,37,fine : 167.44 seconds
[[1864   49]
 [  43   52]]
coarse acc: 0.954
coarse f1: 0.531
['rnd', 38, 'fold', 9, 'pr', 0.87928399345092345, 'roc', 0.84710705147605003]
[[1901   12]
 [  66   29]]
fine acc: 0.961
fine f1: 0.426
['rnd', 38, 'fold', 9, 'pr', 0.87711221477878309, 'roc', 0.83659724323878148]
9,38,coarse : 170.8 seconds
9,38,fine : 170.81 seconds
[[1859   54]
 [  44   51]]
coarse acc: 0.951
coarse f1: 0.510
['rnd', 39, 'fold', 9, 'pr', 0.87802292821190164, 'roc', 0.84537926101191263]
[[1901   12]
 [  64   31]]
fine acc: 0.962
fine f1: 0.449
['rnd', 39, 'fold', 9, 'pr', 0.87981153400459933, 'roc', 0.83937326326794481]
9,39,coarse : 174.73 seconds
9,39,fine : 174.74 seconds
[[1863   50]
 [  43   52]]
coarse acc: 0.954
coarse f1: 0.528
['rnd', 40, 'fold', 9, 'pr', 0.88005127919025039, 'roc', 0.84695573224750298]
[[1901   12]
 [  63   32]]
fine acc: 0.963
fine f1: 0.460
['rnd', 40, 'fold', 9, 'pr', 0.88207306101753968, 'roc', 0.84316449775772395]
9,40,coarse : 179.47 seconds
9,40,fine : 179.48 seconds
[[1858   55]
 [  43   52]]
coarse acc: 0.951
coarse f1: 0.515
['rnd', 41, 'fold', 9, 'pr', 0.87839416119678615, 'roc', 0.84619363358736599]
[[1901   12]
 [  64   31]]
fine acc: 0.962
fine f1: 0.449
['rnd', 41, 'fold', 9, 'pr', 0.8805892948563171, 'roc', 0.84020139213690237]
9,41,coarse : 179.83 seconds
9,41,fine : 179.84 seconds
[[1856   57]
 [  43   52]]
coarse acc: 0.950
coarse f1: 0.510
['rnd', 42, 'fold', 9, 'pr', 0.88066969657545879, 'roc', 0.85034803422565797]
[[1901   12]
 [  65   30]]
fine acc: 0.962
fine f1: 0.438
['rnd', 42, 'fold', 9, 'pr', 0.88523284706696503, 'roc', 0.84600654799570774]
9,42,coarse : 181.88 seconds
9,42,fine : 181.88 seconds
[[1854   59]
 [  42   53]]
coarse acc: 0.950
coarse f1: 0.512
['rnd', 43, 'fold', 9, 'pr', 0.87957774965463831, 'roc', 0.84844141194596501]
[[1900   13]
 [  64   31]]
fine acc: 0.962
fine f1: 0.446
['rnd', 43, 'fold', 9, 'pr', 0.88266264912302195, 'roc', 0.84086719674250943]
9,43,coarse : 184.35 seconds
9,43,fine : 184.36 seconds
[[1852   61]
 [  42   53]]
coarse acc: 0.949
coarse f1: 0.507
['rnd', 44, 'fold', 9, 'pr', 0.88023591845045723, 'roc', 0.84954191542630741]
[[1901   12]
 [  62   33]]
fine acc: 0.963
fine f1: 0.471
['rnd', 44, 'fold', 9, 'pr', 0.88476485579071962, 'roc', 0.84428701130767303]
9,44,coarse : 184.78 seconds
9,44,fine : 184.79 seconds
[[1854   59]
 [  43   52]]
coarse acc: 0.949
coarse f1: 0.505
['rnd', 45, 'fold', 9, 'pr', 0.88084680574728647, 'roc', 0.84994084793793145]
[[1901   12]
 [  65   30]]
fine acc: 0.962
fine f1: 0.438
['rnd', 45, 'fold', 9, 'pr', 0.88812411064295294, 'roc', 0.84994910171403404]
9,45,coarse : 185.26 seconds
9,45,fine : 185.27 seconds
[[1855   58]
 [  43   52]]
coarse acc: 0.950
coarse f1: 0.507
['rnd', 46, 'fold', 9, 'pr', 0.8814948693264032, 'roc', 0.85044707953888887]
[[1900   13]
 [  65   30]]
fine acc: 0.961
fine f1: 0.435
['rnd', 46, 'fold', 9, 'pr', 0.88567425478462336, 'roc', 0.84685118441687046]
9,46,coarse : 187.87 seconds
9,46,fine : 187.88 seconds
[[1852   61]
 [  41   54]]
coarse acc: 0.949
coarse f1: 0.514
['rnd', 47, 'fold', 9, 'pr', 0.88097569171363421, 'roc', 0.85066442897625638]
[[1900   13]
 [  63   32]]
fine acc: 0.962
fine f1: 0.457
['rnd', 47, 'fold', 9, 'pr', 0.89130371830111754, 'roc', 0.85438963325721495]
9,47,coarse : 188.91 seconds
9,47,fine : 188.91 seconds
[[1849   64]
 [  41   54]]
coarse acc: 0.948
coarse f1: 0.507
['rnd', 48, 'fold', 9, 'pr', 0.87900401287653718, 'roc', 0.84748947643546912]
[[1899   14]
 [  62   33]]
fine acc: 0.962
fine f1: 0.465
['rnd', 48, 'fold', 9, 'pr', 0.8903396940724656, 'roc', 0.85412551242193269]
9,48,coarse : 189.3 seconds
9,48,fine : 189.31 seconds
[[1852   61]
 [  40   55]]
coarse acc: 0.950
coarse f1: 0.521
['rnd', 49, 'fold', 9, 'pr', 0.88061130340810401, 'roc', 0.84842215313505898]
[[1898   15]
 [  60   35]]
fine acc: 0.963
fine f1: 0.483
['rnd', 49, 'fold', 9, 'pr', 0.88676844404406674, 'roc', 0.85004539576856386]
9,49,coarse : 190.41 seconds
9,49,fine : 190.42 seconds
[[1853   60]
 [  40   55]]
coarse acc: 0.950
coarse f1: 0.524
['rnd', 50, 'fold', 9, 'pr', 0.87910480503806643, 'roc', 0.84584972624975896]
[[1896   17]
 [  63   32]]
fine acc: 0.960
fine f1: 0.444
['rnd', 50, 'fold', 9, 'pr', 0.88389585000466453, 'roc', 0.84573692464302397]
9,50,coarse : 193.33 seconds
9,50,fine : 193.34 seconds
[[1849   64]
 [  40   55]]
coarse acc: 0.948
coarse f1: 0.514
['rnd', 51, 'fold', 9, 'pr', 0.87928691063716735, 'roc', 0.84643849561174211]
[[1898   15]
 [  59   36]]
fine acc: 0.963
fine f1: 0.493
['rnd', 51, 'fold', 9, 'pr', 0.88500574397991527, 'roc', 0.84686494071037466]
9,51,coarse : 191.82 seconds
9,51,fine : 191.83 seconds
[[1852   61]
 [  40   55]]
coarse acc: 0.950
coarse f1: 0.521
['rnd', 52, 'fold', 9, 'pr', 0.87927454144849482, 'roc', 0.84639447547252844]
[[1896   17]
 [  58   37]]
fine acc: 0.963
fine f1: 0.497
['rnd', 52, 'fold', 9, 'pr', 0.8856067315037307, 'roc', 0.84671637274052847]
9,52,coarse : 192.55 seconds
9,52,fine : 192.55 seconds
[[1852   61]
 [  40   55]]
coarse acc: 0.950
coarse f1: 0.521
['rnd', 53, 'fold', 9, 'pr', 0.87918390215668429, 'roc', 0.84641098302473361]
[[1895   18]
 [  58   37]]
fine acc: 0.962
fine f1: 0.493
['rnd', 53, 'fold', 9, 'pr', 0.88554844219406381, 'roc', 0.8470107574215201]
9,53,coarse : 194.36 seconds
9,53,fine : 194.37 seconds
[[1846   67]
 [  40   55]]
coarse acc: 0.947
coarse f1: 0.507
['rnd', 54, 'fold', 9, 'pr', 0.8795903582778789, 'roc', 0.84764354692271693]
[[1895   18]
 [  58   37]]
fine acc: 0.962
fine f1: 0.493
['rnd', 54, 'fold', 9, 'pr', 0.88523465135485113, 'roc', 0.84576718848873333]
9,54,coarse : 195.35 seconds
9,54,fine : 195.36 seconds
[[1847   66]
 [  41   54]]
coarse acc: 0.947
coarse f1: 0.502
['rnd', 55, 'fold', 9, 'pr', 0.87885333183264835, 'roc', 0.84634495281591293]
[[1895   18]
 [  58   37]]
fine acc: 0.962
fine f1: 0.493
['rnd', 55, 'fold', 9, 'pr', 0.88466153225368727, 'roc', 0.84605331939362249]
9,55,coarse : 197.19 seconds
9,55,fine : 197.2 seconds
[[1851   62]
 [  42   53]]
coarse acc: 0.948
coarse f1: 0.505
['rnd', 56, 'fold', 9, 'pr', 0.87856253002966245, 'roc', 0.84576443723003247]
[[1894   19]
 [  55   40]]
fine acc: 0.963
fine f1: 0.519
['rnd', 56, 'fold', 9, 'pr', 0.88429236950967782, 'roc', 0.84647976449225504]
9,56,coarse : 198.43 seconds
9,56,fine : 198.44 seconds
[[1843   70]
 [  42   53]]
coarse acc: 0.944
coarse f1: 0.486
['rnd', 57, 'fold', 9, 'pr', 0.87710844089067763, 'roc', 0.8445428783668526]
[[1893   20]
 [  57   38]]
fine acc: 0.962
fine f1: 0.497
['rnd', 57, 'fold', 9, 'pr', 0.88387140729390068, 'roc', 0.84688970203868252]
9,57,coarse : 200.21 seconds
9,57,fine : 200.22 seconds
[[1842   71]
 [  42   53]]
coarse acc: 0.944
coarse f1: 0.484
['rnd', 58, 'fold', 9, 'pr', 0.87820436808689317, 'roc', 0.84613310589594715]
[[1894   19]
 [  56   39]]
fine acc: 0.963
fine f1: 0.510
['rnd', 58, 'fold', 9, 'pr', 0.88558486339235998, 'roc', 0.84867526893553791]
9,58,coarse : 201.91 seconds
9,58,fine : 201.91 seconds
[[1850   63]
 [  42   53]]
coarse acc: 0.948
coarse f1: 0.502
['rnd', 59, 'fold', 9, 'pr', 0.87800840266223323, 'roc', 0.84569565576251104]
[[1895   18]
 [  59   36]]
fine acc: 0.962
fine f1: 0.483
['rnd', 59, 'fold', 9, 'pr', 0.88795429427064954, 'roc', 0.85266459405177852]
9,59,coarse : 202.26 seconds
9,59,fine : 202.26 seconds
[[1848   65]
 [  42   53]]
coarse acc: 0.947
coarse f1: 0.498
['rnd', 60, 'fold', 9, 'pr', 0.87738173052981006, 'roc', 0.84467769004319448]
[[1894   19]
 [  58   37]]
fine acc: 0.962
fine f1: 0.490
['rnd', 60, 'fold', 9, 'pr', 0.88689900292768431, 'roc', 0.85041406443447864]
9,60,coarse : 203.72 seconds
9,60,fine : 203.73 seconds
[[1841   72]
 [  42   53]]
coarse acc: 0.943
coarse f1: 0.482
['rnd', 61, 'fold', 9, 'pr', 0.87881899645008343, 'roc', 0.84682367182986173]
[[1894   19]
 [  57   38]]
fine acc: 0.962
fine f1: 0.500
['rnd', 61, 'fold', 9, 'pr', 0.8868621806160254, 'roc', 0.85030951660384602]
9,61,coarse : 205.17 seconds
9,61,fine : 205.17 seconds
[[1851   62]
 [  42   53]]
coarse acc: 0.948
coarse f1: 0.505
['rnd', 62, 'fold', 9, 'pr', 0.87878388463872614, 'roc', 0.84721159930668244]
[[1893   20]
 [  57   38]]
fine acc: 0.962
fine f1: 0.497
['rnd', 62, 'fold', 9, 'pr', 0.88532193693484362, 'roc', 0.84829009271741795]
9,62,coarse : 205.85 seconds
9,62,fine : 205.86 seconds
[[1842   71]
 [  41   54]]
coarse acc: 0.944
coarse f1: 0.491
['rnd', 63, 'fold', 9, 'pr', 0.87869912096254321, 'roc', 0.84665584504910962]
[[1891   22]
 [  58   37]]
fine acc: 0.960
fine f1: 0.481
['rnd', 63, 'fold', 9, 'pr', 0.88281713567918274, 'roc', 0.84584972624975907]
9,63,coarse : 206.28 seconds
9,63,fine : 206.29 seconds
[[1843   70]
 [  41   54]]
coarse acc: 0.945
coarse f1: 0.493
['rnd', 64, 'fold', 9, 'pr', 0.87920930415627341, 'roc', 0.8481525297823751]
[[1892   21]
 [  58   37]]
fine acc: 0.961
fine f1: 0.484
['rnd', 64, 'fold', 9, 'pr', 0.88280054252845275, 'roc', 0.84507662255481864]
9,64,coarse : 207.79 seconds
9,64,fine : 207.8 seconds
[[1848   65]
 [  43   52]]
coarse acc: 0.946
coarse f1: 0.491
['rnd', 65, 'fold', 9, 'pr', 0.87865937619750334, 'roc', 0.84689520455608436]
[[1892   21]
 [  57   38]]
fine acc: 0.961
fine f1: 0.494
['rnd', 65, 'fold', 9, 'pr', 0.88254924880626451, 'roc', 0.84449885822763904]
9,65,coarse : 208.86 seconds
9,65,fine : 208.87 seconds
[[1843   70]
 [  41   54]]
coarse acc: 0.945
coarse f1: 0.493
['rnd', 66, 'fold', 9, 'pr', 0.8791705618544069, 'roc', 0.84809750460835809]
[[1891   22]
 [  56   39]]
fine acc: 0.961
fine f1: 0.500
['rnd', 66, 'fold', 9, 'pr', 0.88383576497440686, 'roc', 0.84798745426032374]
9,66,coarse : 210.12 seconds
9,66,fine : 210.13 seconds
[[1851   62]
 [  43   52]]
coarse acc: 0.948
coarse f1: 0.498
['rnd', 67, 'fold', 9, 'pr', 0.87787748712468439, 'roc', 0.84583321869755401]
[[1891   22]
 [  56   39]]
fine acc: 0.961
fine f1: 0.500
['rnd', 67, 'fold', 9, 'pr', 0.88363648501585346, 'roc', 0.84693647343659706]
9,67,coarse : 209.67 seconds
9,67,fine : 209.67 seconds
[[1846   67]
 [  41   54]]
coarse acc: 0.946
coarse f1: 0.500
['rnd', 68, 'fold', 9, 'pr', 0.87974091429233925, 'roc', 0.84867802019423844]
[[1887   26]
 [  58   37]]
fine acc: 0.958
fine f1: 0.468
['rnd', 68, 'fold', 9, 'pr', 0.88124179801774094, 'roc', 0.84496106968938256]
9,68,coarse : 208.38 seconds
9,68,fine : 208.39 seconds
[[1851   62]
 [  43   52]]
coarse acc: 0.948
coarse f1: 0.498
['rnd', 69, 'fold', 9, 'pr', 0.87939393571362889, 'roc', 0.84720609678928094]
[[1891   22]
 [  58   37]]
fine acc: 0.960
fine f1: 0.481
['rnd', 69, 'fold', 9, 'pr', 0.88154448333300528, 'roc', 0.84457314221256208]
9,69,coarse : 208.66 seconds
9,69,fine : 208.67 seconds
[[1841   72]
 [  41   54]]
coarse acc: 0.944
coarse f1: 0.489
['rnd', 70, 'fold', 9, 'pr', 0.87979609046519081, 'roc', 0.84882933942278571]
[[1890   23]
 [  57   38]]
fine acc: 0.960
fine f1: 0.487
['rnd', 70, 'fold', 9, 'pr', 0.88096746042147922, 'roc', 0.84506011500261358]
9,70,coarse : 209.01 seconds
9,70,fine : 209.01 seconds
[[1848   65]
 [  43   52]]
coarse acc: 0.946
coarse f1: 0.491
['rnd', 71, 'fold', 9, 'pr', 0.88010031911101116, 'roc', 0.84831760530442646]
[[1890   23]
 [  57   38]]
fine acc: 0.960
fine f1: 0.487
['rnd', 71, 'fold', 9, 'pr', 0.88023858039335923, 'roc', 0.84398437285057892]
9,71,coarse : 208.37 seconds
9,71,fine : 208.38 seconds
[[1848   65]
 [  43   52]]
coarse acc: 0.946
coarse f1: 0.491
['rnd', 72, 'fold', 9, 'pr', 0.87946641354792909, 'roc', 0.84813602223017004]
[[1891   22]
 [  57   38]]
fine acc: 0.961
fine f1: 0.490
['rnd', 72, 'fold', 9, 'pr', 0.87831161449949746, 'roc', 0.84141744848268052]
9,72,coarse : 208.35 seconds
9,72,fine : 208.36 seconds
[[1845   68]
 [  41   54]]
coarse acc: 0.946
coarse f1: 0.498
['rnd', 73, 'fold', 9, 'pr', 0.87961046268354892, 'roc', 0.84885685200979433]
[[1891   22]
 [  59   36]]
fine acc: 0.960
fine f1: 0.471
['rnd', 73, 'fold', 9, 'pr', 0.87722359464514343, 'roc', 0.83703194211351661]
9,73,coarse : 208.72 seconds
9,73,fine : 208.73 seconds
[[1840   73]
 [  41   54]]
coarse acc: 0.943
coarse f1: 0.486
['rnd', 74, 'fold', 9, 'pr', 0.8800206632737787, 'roc', 0.84974000605276889]
[[1891   22]
 [  58   37]]
fine acc: 0.960
fine f1: 0.481
['rnd', 74, 'fold', 9, 'pr', 0.87750810049200367, 'roc', 0.83840482020524365]
9,74,coarse : 208.86 seconds
9,74,fine : 208.87 seconds
[[1842   71]
 [  41   54]]
coarse acc: 0.944
coarse f1: 0.491
['rnd', 75, 'fold', 9, 'pr', 0.88000771039337411, 'roc', 0.84890362340770886]
[[1890   23]
 [  57   38]]
fine acc: 0.960
fine f1: 0.487
['rnd', 75, 'fold', 9, 'pr', 0.87762403926290966, 'roc', 0.83943654221806452]
9,75,coarse : 211.43 seconds
9,75,fine : 211.44 seconds
[[1846   67]
 [  43   52]]
coarse acc: 0.945
coarse f1: 0.486
['rnd', 76, 'fold', 9, 'pr', 0.88059709795966645, 'roc', 0.84899991746223868]
[[1889   24]
 [  55   40]]
fine acc: 0.961
fine f1: 0.503
['rnd', 76, 'fold', 9, 'pr', 0.87819107693552256, 'roc', 0.84084793793160351]
9,76,coarse : 211.44 seconds
9,76,fine : 211.45 seconds
[[1846   67]
 [  42   53]]
coarse acc: 0.946
coarse f1: 0.493
['rnd', 77, 'fold', 9, 'pr', 0.87971554395060458, 'roc', 0.84968222962005113]
[[1890   23]
 [  56   39]]
fine acc: 0.961
fine f1: 0.497
['rnd', 77, 'fold', 9, 'pr', 0.87820256887900205, 'roc', 0.83995653011252625]
9,77,coarse : 212.83 seconds
9,77,fine : 212.84 seconds
[[1844   69]
 [  42   53]]
coarse acc: 0.945
coarse f1: 0.488
['rnd', 78, 'fold', 9, 'pr', 0.88114700963473558, 'roc', 0.85110463036839334]
[[1889   24]
 [  56   39]]
fine acc: 0.960
fine f1: 0.494
['rnd', 78, 'fold', 9, 'pr', 0.87787483993445836, 'roc', 0.84146972239799678]
9,78,coarse : 212.28 seconds
9,78,fine : 212.29 seconds
[[1845   68]
 [  42   53]]
coarse acc: 0.945
coarse f1: 0.491
['rnd', 79, 'fold', 9, 'pr', 0.88104677153608968, 'roc', 0.85109087407488904]
[[1888   25]
 [  56   39]]
fine acc: 0.960
fine f1: 0.491
['rnd', 79, 'fold', 9, 'pr', 0.87707741917982884, 'roc', 0.84078465898148369]
9,79,coarse : 212.06 seconds
9,79,fine : 212.07 seconds
[[1844   69]
 [  42   53]]
coarse acc: 0.945
coarse f1: 0.488
['rnd', 80, 'fold', 9, 'pr', 0.88131142703571508, 'roc', 0.85154758301923106]
[[1888   25]
 [  56   39]]
fine acc: 0.960
fine f1: 0.491
['rnd', 80, 'fold', 9, 'pr', 0.87817621097284904, 'roc', 0.84281508790271531]
9,80,coarse : 212.37 seconds
9,80,fine : 212.38 seconds
[[1846   67]
 [  43   52]]
coarse acc: 0.945
coarse f1: 0.486
['rnd', 81, 'fold', 9, 'pr', 0.88179592290729836, 'roc', 0.8521501086747183]
[[1888   25]
 [  57   38]]
fine acc: 0.959
fine f1: 0.481
['rnd', 81, 'fold', 9, 'pr', 0.87721543401624569, 'roc', 0.83939252207885084]
9,81,coarse : 213.08 seconds
9,81,fine : 213.09 seconds
[[1849   64]
 [  42   53]]
coarse acc: 0.947
coarse f1: 0.500
['rnd', 82, 'fold', 9, 'pr', 0.88092296444720231, 'roc', 0.85103309764217105]
[[1888   25]
 [  56   39]]
fine acc: 0.960
fine f1: 0.491
['rnd', 82, 'fold', 9, 'pr', 0.87683113988688377, 'roc', 0.83939252207885084]
9,82,coarse : 214.75 seconds
9,82,fine : 214.76 seconds
[[1842   71]
 [  42   53]]
coarse acc: 0.944
coarse f1: 0.484
['rnd', 83, 'fold', 9, 'pr', 0.88109678277805759, 'roc', 0.85082125072220516]
[[1888   25]
 [  56   39]]
fine acc: 0.960
fine f1: 0.491
['rnd', 83, 'fold', 9, 'pr', 0.87607515221202648, 'roc', 0.83990425619720999]
9,83,coarse : 216.51 seconds
9,83,fine : 216.52 seconds
[[1845   68]
 [  43   52]]
coarse acc: 0.945
coarse f1: 0.484
['rnd', 84, 'fold', 9, 'pr', 0.87920351759898141, 'roc', 0.84871103529864889]
[[1888   25]
 [  57   38]]
fine acc: 0.959
fine f1: 0.481
['rnd', 84, 'fold', 9, 'pr', 0.87690362145868417, 'roc', 0.84037197017635545]
9,84,coarse : 216.65 seconds
9,84,fine : 216.66 seconds
[[1846   67]
 [  43   52]]
coarse acc: 0.945
coarse f1: 0.486
['rnd', 85, 'fold', 9, 'pr', 0.87895836011290374, 'roc', 0.84803422565823861]
[[1888   25]
 [  56   39]]
fine acc: 0.960
fine f1: 0.491
['rnd', 85, 'fold', 9, 'pr', 0.87517959056614902, 'roc', 0.8381764657330727]
9,85,coarse : 217.02 seconds
9,85,fine : 217.03 seconds
[[1845   68]
 [  43   52]]
coarse acc: 0.945
coarse f1: 0.484
['rnd', 86, 'fold', 9, 'pr', 0.87894132893291721, 'roc', 0.84806448950394786]
[[1888   25]
 [  56   39]]
fine acc: 0.960
fine f1: 0.491
['rnd', 86, 'fold', 9, 'pr', 0.87514692943622607, 'roc', 0.83814895314606419]
9,86,coarse : 217.45 seconds
9,86,fine : 217.46 seconds
[[1846   67]
 [  42   53]]
coarse acc: 0.946
coarse f1: 0.493
['rnd', 87, 'fold', 9, 'pr', 0.87958783607073621, 'roc', 0.84846067075687115]
[[1887   26]
 [  56   39]]
fine acc: 0.959
fine f1: 0.487
['rnd', 87, 'fold', 9, 'pr', 0.87483126442332526, 'roc', 0.83777753322144854]
9,87,coarse : 217.57 seconds
9,87,fine : 217.59 seconds
[[1843   70]
 [  42   53]]
coarse acc: 0.944
coarse f1: 0.486
['rnd', 88, 'fold', 9, 'pr', 0.87877541779633517, 'roc', 0.84755825790299033]
[[1887   26]
 [  56   39]]
fine acc: 0.959
fine f1: 0.487
['rnd', 88, 'fold', 9, 'pr', 0.87703695212607558, 'roc', 0.83986023605799631]
9,88,coarse : 217.7 seconds
9,88,fine : 217.71 seconds
[[1842   71]
 [  42   53]]
coarse acc: 0.944
coarse f1: 0.484
['rnd', 89, 'fold', 9, 'pr', 0.87994681287513965, 'roc', 0.84952540787410213]
[[1887   26]
 [  56   39]]
fine acc: 0.959
fine f1: 0.487
['rnd', 89, 'fold', 9, 'pr', 0.8767626504137862, 'roc', 0.83975018570996207]
9,89,coarse : 217.88 seconds
9,89,fine : 217.89 seconds
[[1844   69]
 [  42   53]]
coarse acc: 0.945
coarse f1: 0.488
['rnd', 90, 'fold', 9, 'pr', 0.87878598041255307, 'roc', 0.84785814510138369]
[[1887   26]
 [  56   39]]
fine acc: 0.959
fine f1: 0.487
['rnd', 90, 'fold', 9, 'pr', 0.8754161952236873, 'roc', 0.83734008308801255]
9,90,coarse : 219.72 seconds
9,90,fine : 219.73 seconds
[[1840   73]
 [  42   53]]
coarse acc: 0.943
coarse f1: 0.480
['rnd', 91, 'fold', 9, 'pr', 0.88079940794179379, 'roc', 0.85116790931851294]
[[1888   25]
 [  55   40]]
fine acc: 0.960
fine f1: 0.500
['rnd', 91, 'fold', 9, 'pr', 0.87603137082647997, 'roc', 0.83847085041406422]
9,91,coarse : 222.08 seconds
9,91,fine : 222.09 seconds
[[1838   75]
 [  43   52]]
coarse acc: 0.941
coarse f1: 0.468
['rnd', 92, 'fold', 9, 'pr', 0.87906815594678644, 'roc', 0.84879082180097365]
[[1887   26]
 [  55   40]]
fine acc: 0.960
fine f1: 0.497
['rnd', 92, 'fold', 9, 'pr', 0.87608762237882587, 'roc', 0.83875698131895315]
9,92,coarse : 224.03 seconds
9,92,fine : 224.04 seconds
[[1840   73]
 [  43   52]]
coarse acc: 0.942
coarse f1: 0.473
['rnd', 93, 'fold', 9, 'pr', 0.88023832594804663, 'roc', 0.85081024568740182]
[[1887   26]
 [  55   40]]
fine acc: 0.960
fine f1: 0.497
['rnd', 93, 'fold', 9, 'pr', 0.87659189730565812, 'roc', 0.83976119074476541]
9,93,coarse : 225.07 seconds
9,93,fine : 225.08 seconds
[[1839   74]
 [  43   52]]
coarse acc: 0.942
coarse f1: 0.471
['rnd', 94, 'fold', 9, 'pr', 0.88133228297162036, 'roc', 0.85289845104135109]
[[1887   26]
 [  56   39]]
fine acc: 0.959
fine f1: 0.487
['rnd', 94, 'fold', 9, 'pr', 0.87557643338924673, 'roc', 0.83876248383635488]
9,94,coarse : 226.09 seconds
9,94,fine : 226.1 seconds
[[1837   76]
 [  43   52]]
coarse acc: 0.941
coarse f1: 0.466
['rnd', 95, 'fold', 9, 'pr', 0.88310865206771061, 'roc', 0.85761961097201955]
[[1887   26]
 [  56   39]]
fine acc: 0.959
fine f1: 0.487
['rnd', 95, 'fold', 9, 'pr', 0.87556255470545163, 'roc', 0.83872671747324368]
9,95,coarse : 225.91 seconds
9,95,fine : 225.92 seconds
[[1844   69]
 [  43   52]]
coarse acc: 0.944
coarse f1: 0.481
['rnd', 96, 'fold', 9, 'pr', 0.88427589496730197, 'roc', 0.85839546592566074]
[[1887   26]
 [  56   39]]
fine acc: 0.959
fine f1: 0.487
['rnd', 96, 'fold', 9, 'pr', 0.87458414225095515, 'roc', 0.83693839931768754]
9,96,coarse : 227.21 seconds
9,96,fine : 227.23 seconds
[[1844   69]
 [  44   51]]
coarse acc: 0.944
coarse f1: 0.474
['rnd', 97, 'fold', 9, 'pr', 0.88529955322249188, 'roc', 0.86031859575755887]
[[1888   25]
 [  56   39]]
fine acc: 0.960
fine f1: 0.491
['rnd', 97, 'fold', 9, 'pr', 0.87399513800886353, 'roc', 0.8359039260461657]
9,97,coarse : 228.71 seconds
9,97,fine : 228.72 seconds
[[1846   67]
 [  43   52]]
coarse acc: 0.945
coarse f1: 0.486
['rnd', 98, 'fold', 9, 'pr', 0.88671121176668821, 'roc', 0.86117973973092665]
[[1888   25]
 [  56   39]]
fine acc: 0.960
fine f1: 0.491
['rnd', 98, 'fold', 9, 'pr', 0.87398108043005862, 'roc', 0.83582689080254191]
9,98,coarse : 227.99 seconds
9,98,fine : 228.0 seconds
[[1843   70]
 [  43   52]]
coarse acc: 0.944
coarse f1: 0.479
['rnd', 99, 'fold', 9, 'pr', 0.88622409766585231, 'roc', 0.86206289377390144]
[[1888   25]
 [  56   39]]
fine acc: 0.960
fine f1: 0.491
['rnd', 99, 'fold', 9, 'pr', 0.8739116494310174, 'roc', 0.83571684045450767]
9,99,coarse : 228.48 seconds
9,99,fine : 228.49 seconds
[[1843   70]
 [  43   52]]
coarse acc: 0.944
coarse f1: 0.479
['rnd', 100, 'fold', 9, 'pr', 0.88566589656553163, 'roc', 0.86139708916829449]
[[1888   25]
 [  56   39]]
fine acc: 0.960
fine f1: 0.491
['rnd', 100, 'fold', 9, 'pr', 0.87411824964275342, 'roc', 0.83756018378408092]
9,100,coarse : 231.29 seconds
9,100,fine : 231.3 seconds
[[1844   69]
 [  43   52]]
coarse acc: 0.944
coarse f1: 0.481
['rnd', 101, 'fold', 9, 'pr', 0.88618853849825829, 'roc', 0.86084683742812329]
[[1887   26]
 [  56   39]]
fine acc: 0.959
fine f1: 0.487
['rnd', 101, 'fold', 9, 'pr', 0.8739591094152539, 'roc', 0.83719701763556809]
9,101,coarse : 229.35 seconds
9,101,fine : 229.36 seconds
[[1839   74]
 [  43   52]]
coarse acc: 0.942
coarse f1: 0.471
['rnd', 102, 'fold', 9, 'pr', 0.88664712701553572, 'roc', 0.86193633587366203]
[[1887   26]
 [  57   38]]
fine acc: 0.959
fine f1: 0.478
['rnd', 102, 'fold', 9, 'pr', 0.87437022825068533, 'roc', 0.83830577489201286]
9,102,coarse : 231.16 seconds
9,102,fine : 231.17 seconds
[[1840   73]
 [  43   52]]
coarse acc: 0.942
coarse f1: 0.473
['rnd', 103, 'fold', 9, 'pr', 0.88647397406501183, 'roc', 0.86106968938289252]
[[1887   26]
 [  56   39]]
fine acc: 0.959
fine f1: 0.487
['rnd', 103, 'fold', 9, 'pr', 0.87554434363828249, 'roc', 0.84053979695710757]
9,103,coarse : 230.35 seconds
9,103,fine : 230.36 seconds
[[1839   74]
 [  43   52]]
coarse acc: 0.942
coarse f1: 0.471
['rnd', 104, 'fold', 9, 'pr', 0.88556429172946649, 'roc', 0.85938041654056718]
[[1886   27]
 [  56   39]]
fine acc: 0.959
fine f1: 0.484
['rnd', 104, 'fold', 9, 'pr', 0.87552062830384647, 'roc', 0.84055355325061187]
9,104,coarse : 230.04 seconds
9,104,fine : 230.05 seconds
[[1839   74]
 [  43   52]]
coarse acc: 0.942
coarse f1: 0.471
['rnd', 105, 'fold', 9, 'pr', 0.88517014848076836, 'roc', 0.8596885575150629]
[[1886   27]
 [  56   39]]
fine acc: 0.959
fine f1: 0.484
['rnd', 105, 'fold', 9, 'pr', 0.87471415729677215, 'roc', 0.83884777285608148]
9,105,coarse : 231.02 seconds
9,105,fine : 231.04 seconds
[[1839   74]
 [  43   52]]
coarse acc: 0.942
coarse f1: 0.471
['rnd', 106, 'fold', 9, 'pr', 0.88423630631680816, 'roc', 0.85842848103007108]
[[1886   27]
 [  56   39]]
fine acc: 0.959
fine f1: 0.484
['rnd', 106, 'fold', 9, 'pr', 0.87454095339530169, 'roc', 0.83887253418438912]
9,106,coarse : 231.96 seconds
9,106,fine : 231.97 seconds
[[1839   74]
 [  42   53]]
coarse acc: 0.942
coarse f1: 0.477
['rnd', 107, 'fold', 9, 'pr', 0.88402455684710268, 'roc', 0.85861281536302847]
[[1886   27]
 [  56   39]]
fine acc: 0.959
fine f1: 0.484
['rnd', 107, 'fold', 9, 'pr', 0.87448650959111196, 'roc', 0.83883676782127803]
9,107,coarse : 233.04 seconds
9,107,fine : 233.05 seconds
[[1837   76]
 [  43   52]]
coarse acc: 0.941
coarse f1: 0.466
['rnd', 108, 'fold', 9, 'pr', 0.88540432878053932, 'roc', 0.859308883814345]
[[1884   29]
 [  54   41]]
fine acc: 0.959
fine f1: 0.497
['rnd', 108, 'fold', 9, 'pr', 0.87436706655529328, 'roc', 0.83821498335488442]
9,108,coarse : 232.66 seconds
9,108,fine : 232.67 seconds
[[1843   70]
 [  43   52]]
coarse acc: 0.944
coarse f1: 0.479
['rnd', 109, 'fold', 9, 'pr', 0.88615721842366058, 'roc', 0.86108619693509758]
[[1885   28]
 [  55   40]]
fine acc: 0.959
fine f1: 0.491
['rnd', 109, 'fold', 9, 'pr', 0.87463260052778002, 'roc', 0.83902110215423531]
9,109,coarse : 233.42 seconds
9,109,fine : 233.43 seconds
[[1839   74]
 [  42   53]]
coarse acc: 0.942
coarse f1: 0.477
['rnd', 110, 'fold', 9, 'pr', 0.88785436825312969, 'roc', 0.86379068423803884]
[[1884   29]
 [  53   42]]
fine acc: 0.959
fine f1: 0.506
['rnd', 110, 'fold', 9, 'pr', 0.87435046577535491, 'roc', 0.83850936803587617]
9,110,coarse : 234.21 seconds
9,110,fine : 234.22 seconds
[[1840   73]
 [  43   52]]
coarse acc: 0.942
coarse f1: 0.473
['rnd', 111, 'fold', 9, 'pr', 0.88782188388357053, 'roc', 0.86356508102456853]
[[1884   29]
 [  53   42]]
fine acc: 0.959
fine f1: 0.506
['rnd', 111, 'fold', 9, 'pr', 0.8743055018237702, 'roc', 0.83855063691638909]
9,111,coarse : 234.03 seconds
9,111,fine : 234.04 seconds
[[1844   69]
 [  43   52]]
coarse acc: 0.944
coarse f1: 0.481
['rnd', 112, 'fold', 9, 'pr', 0.8871462979093202, 'roc', 0.86155115965554241]
[[1884   29]
 [  53   42]]
fine acc: 0.959
fine f1: 0.506
['rnd', 112, 'fold', 9, 'pr', 0.87424031608905617, 'roc', 0.83881200649297039]
9,112,coarse : 234.05 seconds
9,112,fine : 234.06 seconds
[[1839   74]
 [  42   53]]
coarse acc: 0.942
coarse f1: 0.477
['rnd', 113, 'fold', 9, 'pr', 0.88761691643464014, 'roc', 0.8647453710072357]
[[1885   28]
 [  54   41]]
fine acc: 0.959
fine f1: 0.500
['rnd', 113, 'fold', 9, 'pr', 0.8731043284873844, 'roc', 0.8367155473629182]
9,113,coarse : 233.95 seconds
9,113,fine : 233.96 seconds
[[1842   71]
 [  42   53]]
coarse acc: 0.944
coarse f1: 0.484
['rnd', 114, 'fold', 9, 'pr', 0.88827575821870419, 'roc', 0.86508377582744089]
[[1884   29]
 [  53   42]]
fine acc: 0.959
fine f1: 0.506
['rnd', 114, 'fold', 9, 'pr', 0.87386577278795308, 'roc', 0.8381269430764573]
9,114,coarse : 235.05 seconds
9,114,fine : 235.06 seconds
[[1833   80]
 [  43   52]]
coarse acc: 0.939
coarse f1: 0.458
['rnd', 115, 'fold', 9, 'pr', 0.88781831060458283, 'roc', 0.86401353619280785]
[[1884   29]
 [  53   42]]
fine acc: 0.959
fine f1: 0.506
['rnd', 115, 'fold', 9, 'pr', 0.87382560497373429, 'roc', 0.83780504580845694]
9,115,coarse : 236.85 seconds
9,115,fine : 236.86 seconds
[[1841   72]
 [  42   53]]
coarse acc: 0.943
coarse f1: 0.482
['rnd', 116, 'fold', 9, 'pr', 0.88852001887467014, 'roc', 0.86617877679038147]
[[1884   29]
 [  53   42]]
fine acc: 0.959
fine f1: 0.506
['rnd', 116, 'fold', 9, 'pr', 0.87458627135216604, 'roc', 0.83969516053594506]
9,116,coarse : 235.32 seconds
9,116,fine : 235.33 seconds
[[1842   71]
 [  43   52]]
coarse acc: 0.943
coarse f1: 0.477
['rnd', 117, 'fold', 9, 'pr', 0.8861235789656996, 'roc', 0.86317990480644879]
[[1883   30]
 [  52   43]]
fine acc: 0.959
fine f1: 0.512
['rnd', 117, 'fold', 9, 'pr', 0.87229881171119572, 'roc', 0.83645692904503788]
9,117,coarse : 236.55 seconds
9,117,fine : 236.56 seconds
[[1835   78]
 [  44   51]]
coarse acc: 0.939
coarse f1: 0.455
['rnd', 118, 'fold', 9, 'pr', 0.88811681608199233, 'roc', 0.86589814840289425]
[[1883   30]
 [  52   43]]
fine acc: 0.959
fine f1: 0.512
['rnd', 118, 'fold', 9, 'pr', 0.87213174103269586, 'roc', 0.83629185352298641]
9,118,coarse : 237.49 seconds
9,118,fine : 237.5 seconds
[[1831   82]
 [  44   51]]
coarse acc: 0.937
coarse f1: 0.447
['rnd', 119, 'fold', 9, 'pr', 0.88732462167324977, 'roc', 0.86369714144220966]
[[1885   28]
 [  51   44]]
fine acc: 0.961
fine f1: 0.527
['rnd', 119, 'fold', 9, 'pr', 0.87312030990836387, 'roc', 0.83817371447437172]
9,119,coarse : 237.12 seconds
9,119,fine : 237.13 seconds
[[1834   79]
 [  44   51]]
coarse acc: 0.939
coarse f1: 0.453
['rnd', 120, 'fold', 9, 'pr', 0.88760963805110227, 'roc', 0.86297631166258537]
[[1885   28]
 [  51   44]]
fine acc: 0.961
fine f1: 0.527
['rnd', 120, 'fold', 9, 'pr', 0.87309249914885545, 'roc', 0.83816270943956839]
9,120,coarse : 236.98 seconds
9,120,fine : 236.99 seconds
[[1836   77]
 [  44   51]]
coarse acc: 0.940
coarse f1: 0.457
['rnd', 121, 'fold', 9, 'pr', 0.88718062862532698, 'roc', 0.86278372355352551]
[[1885   28]
 [  53   42]]
fine acc: 0.960
fine f1: 0.509
['rnd', 121, 'fold', 9, 'pr', 0.87016468903874555, 'roc', 0.83201364624315588]
9,121,coarse : 238.83 seconds
9,121,fine : 238.84 seconds
[[1836   77]
 [  44   51]]
coarse acc: 0.940
coarse f1: 0.457
['rnd', 122, 'fold', 9, 'pr', 0.8872858617156989, 'roc', 0.86292954026467072]
[[1884   29]
 [  52   43]]
fine acc: 0.960
fine f1: 0.515
['rnd', 122, 'fold', 9, 'pr', 0.8712395909490771, 'roc', 0.83425317082565242]
9,122,coarse : 238.62 seconds
9,122,fine : 238.63 seconds
[[1830   83]
 [  43   52]]
coarse acc: 0.937
coarse f1: 0.452
['rnd', 123, 'fold', 9, 'pr', 0.88803240241709303, 'roc', 0.86349905081574796]
[[1885   28]
 [  52   43]]
fine acc: 0.960
fine f1: 0.518
['rnd', 123, 'fold', 9, 'pr', 0.87051825299045882, 'roc', 0.83292431287313928]
9,123,coarse : 238.48 seconds
9,123,fine : 238.5 seconds
[[1834   79]
 [  41   54]]
coarse acc: 0.940
coarse f1: 0.474
['rnd', 124, 'fold', 9, 'pr', 0.88788257017201089, 'roc', 0.86333397529369671]
[[1885   28]
 [  52   43]]
fine acc: 0.960
fine f1: 0.518
['rnd', 124, 'fold', 9, 'pr', 0.8725881256761483, 'roc', 0.83629735604038824]
9,124,coarse : 242.17 seconds
9,124,fine : 242.18 seconds
[[1834   79]
 [  42   53]]
coarse acc: 0.940
coarse f1: 0.467
['rnd', 125, 'fold', 9, 'pr', 0.88832226444847096, 'roc', 0.8638567144468593]
[[1885   28]
 [  52   43]]
fine acc: 0.960
fine f1: 0.518
['rnd', 125, 'fold', 9, 'pr', 0.87239501554629639, 'roc', 0.83585440338955042]
9,125,coarse : 242.37 seconds
9,125,fine : 242.38 seconds
[[1838   75]
 [  42   53]]
coarse acc: 0.942
coarse f1: 0.475
['rnd', 126, 'fold', 9, 'pr', 0.88800076813218898, 'roc', 0.8636173549398849]
[[1884   29]
 [  53   42]]
fine acc: 0.959
fine f1: 0.506
['rnd', 126, 'fold', 9, 'pr', 0.87307978151382426, 'roc', 0.83797562384791036]
9,126,coarse : 242.35 seconds
9,126,fine : 242.36 seconds
[[1838   75]
 [  42   53]]
coarse acc: 0.942
coarse f1: 0.475
['rnd', 127, 'fold', 9, 'pr', 0.88803318082918703, 'roc', 0.86368888766610707]
[[1884   29]
 [  51   44]]
fine acc: 0.960
fine f1: 0.524
['rnd', 127, 'fold', 9, 'pr', 0.87408727741618752, 'roc', 0.83860291083170524]
9,127,coarse : 242.57 seconds
9,127,fine : 242.58 seconds
[[1837   76]
 [  44   51]]
coarse acc: 0.940
coarse f1: 0.459
['rnd', 128, 'fold', 9, 'pr', 0.88968067401819972, 'roc', 0.86585687952238133]
[[1884   29]
 [  51   44]]
fine acc: 0.960
fine f1: 0.524
['rnd', 128, 'fold', 9, 'pr', 0.87403557250874908, 'roc', 0.83835254628992739]
9,128,coarse : 242.48 seconds
9,128,fine : 242.49 seconds
[[1836   77]
 [  44   51]]
coarse acc: 0.940
coarse f1: 0.457
['rnd', 129, 'fold', 9, 'pr', 0.88972331391669512, 'roc', 0.86551847470217613]
[[1884   29]
 [  52   43]]
fine acc: 0.960
fine f1: 0.515
['rnd', 129, 'fold', 9, 'pr', 0.87395644221233693, 'roc', 0.83820397832008109]
9,129,coarse : 243.25 seconds
9,129,fine : 243.26 seconds
[[1835   78]
 [  43   52]]
coarse acc: 0.940
coarse f1: 0.462
['rnd', 130, 'fold', 9, 'pr', 0.88901890466584499, 'roc', 0.86365312130299599]
[[1884   29]
 [  51   44]]
fine acc: 0.960
fine f1: 0.524
['rnd', 130, 'fold', 9, 'pr', 0.87421985597293583, 'roc', 0.83860015957300438]
9,130,coarse : 242.85 seconds
9,130,fine : 242.86 seconds
[[1835   78]
 [  44   51]]
coarse acc: 0.939
coarse f1: 0.455
['rnd', 131, 'fold', 9, 'pr', 0.88709352037145284, 'roc', 0.86139984042699513]
[[1885   28]
 [  52   43]]
fine acc: 0.960
fine f1: 0.518
['rnd', 131, 'fold', 9, 'pr', 0.87422840584980277, 'roc', 0.83936500949184234]
9,131,coarse : 243.82 seconds
9,131,fine : 243.83 seconds
[[1835   78]
 [  44   51]]
coarse acc: 0.939
coarse f1: 0.455
['rnd', 132, 'fold', 9, 'pr', 0.88702809136609839, 'roc', 0.86137232783998663]
[[1884   29]
 [  53   42]]
fine acc: 0.959
fine f1: 0.506
['rnd', 132, 'fold', 9, 'pr', 0.8733197839279826, 'roc', 0.83720527141167056]
9,132,coarse : 243.13 seconds
9,132,fine : 243.15 seconds
[[1834   79]
 [  43   52]]
coarse acc: 0.939
coarse f1: 0.460
['rnd', 133, 'fold', 9, 'pr', 0.88786962332428643, 'roc', 0.86106968938289252]
[[1885   28]
 [  55   40]]
fine acc: 0.959
fine f1: 0.491
['rnd', 133, 'fold', 9, 'pr', 0.87402099687366608, 'roc', 0.83851762181197875]
9,133,coarse : 243.68 seconds
9,133,fine : 243.69 seconds
[[1835   78]
 [  44   51]]
coarse acc: 0.939
coarse f1: 0.455
['rnd', 134, 'fold', 9, 'pr', 0.88784662842199114, 'roc', 0.86218670041543988]
[[1885   28]
 [  53   42]]
fine acc: 0.960
fine f1: 0.509
['rnd', 134, 'fold', 9, 'pr', 0.87468631040619649, 'roc', 0.83954934382479962]
9,134,coarse : 243.79 seconds
9,134,fine : 243.81 seconds
[[1836   77]
 [  43   52]]
coarse acc: 0.940
coarse f1: 0.464
['rnd', 135, 'fold', 9, 'pr', 0.88750084967711251, 'roc', 0.86154015462073885]
[[1886   27]
 [  52   43]]
fine acc: 0.961
fine f1: 0.521
['rnd', 135, 'fold', 9, 'pr', 0.87336121274066159, 'roc', 0.83727405287919199]
9,135,coarse : 244.25 seconds
9,135,fine : 244.26 seconds
[[1836   77]
 [  43   52]]
coarse acc: 0.940
coarse f1: 0.464
['rnd', 136, 'fold', 9, 'pr', 0.8874898627864265, 'roc', 0.86154565713814046]
[[1885   28]
 [  53   42]]
fine acc: 0.960
fine f1: 0.509
['rnd', 136, 'fold', 9, 'pr', 0.87487456443525169, 'roc', 0.83997854018213292]
9,136,coarse : 244.6 seconds
9,136,fine : 244.61 seconds
[[1838   75]
 [  43   52]]
coarse acc: 0.941
coarse f1: 0.468
['rnd', 137, 'fold', 9, 'pr', 0.88789398870191905, 'roc', 0.86226373565906389]
[[1885   28]
 [  52   43]]
fine acc: 0.960
fine f1: 0.518
['rnd', 137, 'fold', 9, 'pr', 0.87489753715709262, 'roc', 0.84047101548958625]
9,137,coarse : 244.92 seconds
9,137,fine : 244.93 seconds
[[1836   77]
 [  43   52]]
coarse acc: 0.940
coarse f1: 0.464
['rnd', 138, 'fold', 9, 'pr', 0.88792848631512367, 'roc', 0.86234627342008952]
[[1885   28]
 [  51   44]]
fine acc: 0.961
fine f1: 0.527
['rnd', 138, 'fold', 9, 'pr', 0.87410978053400123, 'roc', 0.83888904173659407]
9,138,coarse : 244.71 seconds
9,138,fine : 244.72 seconds
[[1837   76]
 [  42   53]]
coarse acc: 0.941
coarse f1: 0.473
['rnd', 139, 'fold', 9, 'pr', 0.88814259990106081, 'roc', 0.86324593501526925]
[[1885   28]
 [  53   42]]
fine acc: 0.960
fine f1: 0.509
['rnd', 139, 'fold', 9, 'pr', 0.87532584387373191, 'roc', 0.84128813932374036]
9,139,coarse : 245.87 seconds
9,139,fine : 245.88 seconds
[[1836   77]
 [  42   53]]
coarse acc: 0.941
coarse f1: 0.471
['rnd', 140, 'fold', 9, 'pr', 0.88778368120277373, 'roc', 0.86132280518337123]
[[1884   29]
 [  53   42]]
fine acc: 0.959
fine f1: 0.506
['rnd', 140, 'fold', 9, 'pr', 0.87614182668470197, 'roc', 0.8424409167193988]
9,140,coarse : 245.28 seconds
9,140,fine : 245.29 seconds
[[1836   77]
 [  43   52]]
coarse acc: 0.940
coarse f1: 0.464
['rnd', 141, 'fold', 9, 'pr', 0.88806267195170685, 'roc', 0.86221146174374763]
[[1884   29]
 [  53   42]]
fine acc: 0.959
fine f1: 0.506
['rnd', 141, 'fold', 9, 'pr', 0.87615573679831138, 'roc', 0.84238038902797996]
9,141,coarse : 246.27 seconds
9,141,fine : 246.28 seconds
[[1837   76]
 [  42   53]]
coarse acc: 0.941
coarse f1: 0.473
['rnd', 142, 'fold', 9, 'pr', 0.88806056452192306, 'roc', 0.8619115745453545]
[[1883   30]
 [  53   42]]
fine acc: 0.959
fine f1: 0.503
['rnd', 142, 'fold', 9, 'pr', 0.87634699371624158, 'roc', 0.84282334167881778]
9,142,coarse : 247.15 seconds
9,142,fine : 247.16 seconds
[[1839   74]
 [  42   53]]
coarse acc: 0.942
coarse f1: 0.477
['rnd', 143, 'fold', 9, 'pr', 0.88751524266466886, 'roc', 0.86158967727735425]
[[1883   30]
 [  53   42]]
fine acc: 0.959
fine f1: 0.503
['rnd', 143, 'fold', 9, 'pr', 0.8757622148426748, 'roc', 0.84193468511844138]
9,143,coarse : 247.69 seconds
9,143,fine : 247.71 seconds
[[1838   75]
 [  43   52]]
coarse acc: 0.941
coarse f1: 0.468
['rnd', 144, 'fold', 9, 'pr', 0.88738353197641184, 'roc', 0.86151814455113196]
[[1882   31]
 [  57   38]]
fine acc: 0.956
fine f1: 0.463
['rnd', 144, 'fold', 9, 'pr', 0.87470265490192445, 'roc', 0.84036646765895384]
9,144,coarse : 248.17 seconds
9,144,fine : 248.18 seconds
[[1836   77]
 [  42   53]]
coarse acc: 0.941
coarse f1: 0.471
['rnd', 145, 'fold', 9, 'pr', 0.88744907311559473, 'roc', 0.86092937518914892]
[[1882   31]
 [  56   39]]
fine acc: 0.957
fine f1: 0.473
['rnd', 145, 'fold', 9, 'pr', 0.87626376755401392, 'roc', 0.84404765180069852]
9,145,coarse : 246.45 seconds
9,145,fine : 246.47 seconds
[[1838   75]
 [  43   52]]
coarse acc: 0.941
coarse f1: 0.468
['rnd', 146, 'fold', 9, 'pr', 0.88783968093757371, 'roc', 0.86166671252097815]
[[1882   31]
 [  56   39]]
fine acc: 0.957
fine f1: 0.473
['rnd', 146, 'fold', 9, 'pr', 0.8762821899062091, 'roc', 0.84411643326822006]
9,146,coarse : 246.2 seconds
9,146,fine : 246.21 seconds
[[1839   74]
 [  43   52]]
coarse acc: 0.942
coarse f1: 0.471
['rnd', 147, 'fold', 9, 'pr', 0.88771469399857772, 'roc', 0.86151814455113207]
[[1882   31]
 [  56   39]]
fine acc: 0.957
fine f1: 0.473
['rnd', 147, 'fold', 9, 'pr', 0.87624155577273899, 'roc', 0.84345337992131386]
9,147,coarse : 246.24 seconds
9,147,fine : 246.25 seconds
[[1839   74]
 [  43   52]]
coarse acc: 0.942
coarse f1: 0.471
['rnd', 148, 'fold', 9, 'pr', 0.88765045555979993, 'roc', 0.86138333287479008]
[[1882   31]
 [  56   39]]
fine acc: 0.957
fine f1: 0.473
['rnd', 148, 'fold', 9, 'pr', 0.87620539961844934, 'roc', 0.8436762318760832]
9,148,coarse : 246.57 seconds
9,148,fine : 246.59 seconds
[[1836   77]
 [  42   53]]
coarse acc: 0.941
coarse f1: 0.471
['rnd', 149, 'fold', 9, 'pr', 0.89058002973441808, 'roc', 0.86579360057226173]
[[1883   30]
 [  57   38]]
fine acc: 0.957
fine f1: 0.466
['rnd', 149, 'fold', 9, 'pr', 0.87696565347202338, 'roc', 0.84521418548986138]
9,149,coarse : 249.35 seconds
9,149,fine : 249.36 seconds
[[1836   77]
 [  42   53]]
coarse acc: 0.941
coarse f1: 0.471
['rnd', 150, 'fold', 9, 'pr', 0.89059316824104739, 'roc', 0.86574958043304795]
[[1884   29]
 [  56   39]]
fine acc: 0.958
fine f1: 0.479
['rnd', 150, 'fold', 9, 'pr', 0.87927584355162158, 'roc', 0.84849093460258029]
9,150,coarse : 250.11 seconds
9,150,fine : 250.13 seconds
[[1836   77]
 [  42   53]]
coarse acc: 0.941
coarse f1: 0.471
['rnd', 151, 'fold', 9, 'pr', 0.89058582748249693, 'roc', 0.86571931658733847]
[[1882   31]
 [  56   39]]
fine acc: 0.957
fine f1: 0.473
['rnd', 151, 'fold', 9, 'pr', 0.87885741688588015, 'roc', 0.84822406250859739]
9,151,coarse : 249.51 seconds
9,151,fine : 249.52 seconds
[[1837   76]
 [  41   54]]
coarse acc: 0.942
coarse f1: 0.480
['rnd', 152, 'fold', 9, 'pr', 0.89094942572232838, 'roc', 0.86607698021844981]
[[1882   31]
 [  56   39]]
fine acc: 0.957
fine f1: 0.473
['rnd', 152, 'fold', 9, 'pr', 0.87821050302812642, 'roc', 0.8472005942718791]
9,152,coarse : 248.55 seconds
9,152,fine : 248.56 seconds
[[1835   78]
 [  41   54]]
coarse acc: 0.941
coarse f1: 0.476
['rnd', 153, 'fold', 9, 'pr', 0.89086250209082962, 'roc', 0.86578259553745818]
[[1882   31]
 [  55   40]]
fine acc: 0.957
fine f1: 0.482
['rnd', 153, 'fold', 9, 'pr', 0.87742134020149665, 'roc', 0.84672462651663127]
9,153,coarse : 249.02 seconds
9,153,fine : 249.03 seconds
[[1835   78]
 [  42   53]]
coarse acc: 0.940
coarse f1: 0.469
['rnd', 154, 'fold', 9, 'pr', 0.8910860666190894, 'roc', 0.86622004567089417]
[[1882   31]
 [  55   40]]
fine acc: 0.957
fine f1: 0.482
['rnd', 154, 'fold', 9, 'pr', 0.87746535423999583, 'roc', 0.84609458827413542]
9,154,coarse : 249.34 seconds
9,154,fine : 249.36 seconds
[[1835   78]
 [  42   53]]
coarse acc: 0.940
coarse f1: 0.469
['rnd', 155, 'fold', 9, 'pr', 0.89109881358623766, 'roc', 0.86627231958621054]
[[1882   31]
 [  55   40]]
fine acc: 0.957
fine f1: 0.482
['rnd', 155, 'fold', 9, 'pr', 0.8774406123165257, 'roc', 0.84604781687622066]
9,155,coarse : 249.64 seconds
9,155,fine : 249.65 seconds
[[1835   78]
 [  42   53]]
coarse acc: 0.940
coarse f1: 0.469
['rnd', 156, 'fold', 9, 'pr', 0.89107295922441765, 'roc', 0.86633009601892852]
[[1882   31]
 [  55   40]]
fine acc: 0.957
fine f1: 0.482
['rnd', 156, 'fold', 9, 'pr', 0.87688428766093418, 'roc', 0.84456488843645938]
9,156,coarse : 249.06 seconds
9,156,fine : 249.07 seconds
[[1837   76]
 [  42   53]]
coarse acc: 0.941
coarse f1: 0.473
['rnd', 157, 'fold', 9, 'pr', 0.88873735639165241, 'roc', 0.86249759264863646]
[[1883   30]
 [  55   40]]
fine acc: 0.958
fine f1: 0.485
['rnd', 157, 'fold', 9, 'pr', 0.87762570177956867, 'roc', 0.84542603240982717]
9,157,coarse : 250.65 seconds
9,157,fine : 250.66 seconds
[[1837   76]
 [  42   53]]
coarse acc: 0.941
coarse f1: 0.473
['rnd', 158, 'fold', 9, 'pr', 0.88866200586211119, 'roc', 0.86239579607670491]
[[1883   30]
 [  55   40]]
fine acc: 0.958
fine f1: 0.485
['rnd', 158, 'fold', 9, 'pr', 0.87670680691392522, 'roc', 0.84400363166148484]
9,158,coarse : 250.19 seconds
9,158,fine : 250.21 seconds
[[1837   76]
 [  42   53]]
coarse acc: 0.941
coarse f1: 0.473
['rnd', 159, 'fold', 9, 'pr', 0.88912589716223545, 'roc', 0.86382369934244896]
[[1883   30]
 [  55   40]]
fine acc: 0.958
fine f1: 0.485
['rnd', 159, 'fold', 9, 'pr', 0.87659701593144024, 'roc', 0.84394310397006611]
9,159,coarse : 250.21 seconds
9,159,fine : 250.22 seconds
[[1837   76]
 [  41   54]]
coarse acc: 0.942
coarse f1: 0.480
['rnd', 160, 'fold', 9, 'pr', 0.88789904272466935, 'roc', 0.86067901064737107]
[[1883   30]
 [  55   40]]
fine acc: 0.958
fine f1: 0.485
['rnd', 160, 'fold', 9, 'pr', 0.8765855967796804, 'roc', 0.84434203648169015]
9,160,coarse : 250.58 seconds
9,160,fine : 250.6 seconds
[[1835   78]
 [  42   53]]
coarse acc: 0.940
coarse f1: 0.469
['rnd', 161, 'fold', 9, 'pr', 0.88492515384428605, 'roc', 0.85644207224805324]
[[1883   30]
 [  55   40]]
fine acc: 0.958
fine f1: 0.485
['rnd', 161, 'fold', 9, 'pr', 0.87853487621535542, 'roc', 0.8479847030016231]
9,161,coarse : 250.63 seconds
9,161,fine : 250.64 seconds
[[1834   79]
 [  42   53]]
coarse acc: 0.940
coarse f1: 0.467
['rnd', 162, 'fold', 9, 'pr', 0.88454132274366359, 'roc', 0.85592208435359163]
[[1883   30]
 [  55   40]]
fine acc: 0.958
fine f1: 0.485
['rnd', 162, 'fold', 9, 'pr', 0.87935012968172366, 'roc', 0.84948964151099104]
9,162,coarse : 252.28 seconds
9,162,fine : 252.3 seconds
[[1836   77]
 [  42   53]]
coarse acc: 0.941
coarse f1: 0.471
['rnd', 163, 'fold', 9, 'pr', 0.88431770711126656, 'roc', 0.85510496051943752]
[[1884   29]
 [  55   40]]
fine acc: 0.958
fine f1: 0.488
['rnd', 163, 'fold', 9, 'pr', 0.87669790877383058, 'roc', 0.84540127108151963]
9,163,coarse : 255.73 seconds
9,163,fine : 255.75 seconds
[[1836   77]
 [  42   53]]
coarse acc: 0.941
coarse f1: 0.471
['rnd', 164, 'fold', 9, 'pr', 0.88335796903203756, 'roc', 0.85377060004952232]
[[1884   29]
 [  55   40]]
fine acc: 0.958
fine f1: 0.488
['rnd', 164, 'fold', 9, 'pr', 0.87615343298213899, 'roc', 0.84470520263020299]
9,164,coarse : 255.81 seconds
9,164,fine : 255.83 seconds
[[1837   76]
 [  42   53]]
coarse acc: 0.941
coarse f1: 0.473
['rnd', 165, 'fold', 9, 'pr', 0.88334018129709546, 'roc', 0.85374308746251382]
[[1884   29]
 [  55   40]]
fine acc: 0.958
fine f1: 0.488
['rnd', 165, 'fold', 9, 'pr', 0.87563774871481592, 'roc', 0.84398987536798054]
9,165,coarse : 258.86 seconds
9,165,fine : 258.87 seconds
[[1837   76]
 [  42   53]]
coarse acc: 0.941
coarse f1: 0.473
['rnd', 166, 'fold', 9, 'pr', 0.88239674337576568, 'roc', 0.85252152859933383]
[[1885   28]
 [  55   40]]
fine acc: 0.959
fine f1: 0.491
['rnd', 166, 'fold', 9, 'pr', 0.87491693772193857, 'roc', 0.8432470355187498]
9,166,coarse : 257.0 seconds
9,166,fine : 257.02 seconds
[[1835   78]
 [  42   53]]
coarse acc: 0.940
coarse f1: 0.469
['rnd', 167, 'fold', 9, 'pr', 0.88217751566869851, 'roc', 0.85227666657495771]
[[1885   28]
 [  55   40]]
fine acc: 0.959
fine f1: 0.491
['rnd', 167, 'fold', 9, 'pr', 0.87492061532033472, 'roc', 0.84326354307095475]
9,167,coarse : 257.87 seconds
9,167,fine : 257.88 seconds
[[1836   77]
 [  42   53]]
coarse acc: 0.941
coarse f1: 0.471
['rnd', 168, 'fold', 9, 'pr', 0.88182801353527729, 'roc', 0.85188598783943625]
[[1885   28]
 [  55   40]]
fine acc: 0.959
fine f1: 0.491
['rnd', 168, 'fold', 9, 'pr', 0.8747976675800665, 'roc', 0.84313423391201459]
9,168,coarse : 258.23 seconds
9,168,fine : 258.25 seconds
[[1837   76]
 [  43   52]]
coarse acc: 0.941
coarse f1: 0.466
['rnd', 169, 'fold', 9, 'pr', 0.88166914796597684, 'roc', 0.85179244504360718]
[[1883   30]
 [  55   40]]
fine acc: 0.958
fine f1: 0.485
['rnd', 169, 'fold', 9, 'pr', 0.87151848533644616, 'roc', 0.84034996010674867]
9,169,coarse : 260.1 seconds
9,169,fine : 260.12 seconds
[[1830   83]
 [  43   52]]
coarse acc: 0.937
coarse f1: 0.452
['rnd', 170, 'fold', 9, 'pr', 0.87735324128487746, 'roc', 0.84742894874405017]
[[1883   30]
 [  55   40]]
fine acc: 0.958
fine f1: 0.485
['rnd', 170, 'fold', 9, 'pr', 0.87150516612284978, 'roc', 0.84059757338982555]
9,170,coarse : 259.26 seconds
9,170,fine : 259.28 seconds
[[1830   83]
 [  43   52]]
coarse acc: 0.937
coarse f1: 0.452
['rnd', 171, 'fold', 9, 'pr', 0.87732679263780367, 'roc', 0.84728038077420398]
[[1883   30]
 [  55   40]]
fine acc: 0.958
fine f1: 0.485
['rnd', 171, 'fold', 9, 'pr', 0.87140657367907925, 'roc', 0.84029493493273155]
9,171,coarse : 259.18 seconds
9,171,fine : 259.19 seconds
[[1830   83]
 [  43   52]]
coarse acc: 0.937
coarse f1: 0.452
['rnd', 172, 'fold', 9, 'pr', 0.87726562985226708, 'roc', 0.84720059427187921]
[[1883   30]
 [  55   40]]
fine acc: 0.958
fine f1: 0.485
['rnd', 172, 'fold', 9, 'pr', 0.87126297089274618, 'roc', 0.83958235892920985]
9,172,coarse : 257.98 seconds
9,172,fine : 258.0 seconds
