home
all           0      1    2    3    4    5    6    7    8    
1      2010   1914   1    19   32   19   1    11   6    7    
2      2010   1914   1    19   32   19   1    11   6    7    
3      2010   1914   1    19   32   19   1    11   5    8    
4      2010   1914   1    19   32   19   1    10   6    8    
5      2010   1914   1    18   33   19   1    10   6    8    
6      2010   1914   1    18   33   19   1    10   6    8    
7      2010   1913   2    18   33   19   1    10   6    8    
8      2010   1913   2    18   33   19   1    10   6    8    
9      2009   1913   2    18   32   19   2    10   6    7    
10     2009   1913   1    19   32   19   1    11   6    7    
Total  20098  19136  13   185  324  190  11   104  59   76   
train         0      1    2    3    4    5    6    7    8    
2      2010   1914   1    19   32   19   1    11   6    7    
3      2010   1914   1    19   32   19   1    11   5    8    
4      2010   1914   1    19   32   19   1    10   6    8    
5      2010   1914   1    18   33   19   1    10   6    8    
6      2010   1914   1    18   33   19   1    10   6    8    
7      2010   1913   2    18   33   19   1    10   6    8    
8      2010   1913   2    18   33   19   1    10   6    8    
9      2009   1913   2    18   32   19   2    10   6    7    
10     2009   1913   1    19   32   19   1    11   6    7    
Total  18088  17222  12   166  292  171  10   93   53   69   
test          0      1    2    3    4    5    6    7    8    
1      2010   1914   1    19   32   19   1    11   6    7    
Total  2010   1914   1    19   32   19   1    11   6    7    
Classes             
0         17222     
1         12        
2         166       
3         292       
4         171       
5         10        
6         93        
7         53        
8         69        
Total     18088     

Shape: 450       

[952, 10, 11, 16, 11, 10, 10, 10, 10]
Sum start => 1040
[[1834   80]
 [  66   30]]
coarse acc: 0.927
coarse f1: 0.291
['rnd', 1, 'fold', 1, 'pr', 0.80678347162882047, 'roc', 0.81196120689655171]
[[1913    1]
 [  95    1]]
fine acc: 0.952
fine f1: 0.020
['rnd', 1, 'fold', 1, 'pr', 0.76230118383070333, 'roc', 0.76158677290142796]
1,1,coarse : 29.81 seconds
1,1,fine : 29.82 seconds
[[1834   80]
 [  66   30]]
coarse acc: 0.927
coarse f1: 0.291
['rnd', 2, 'fold', 1, 'pr', 0.80678347162882047, 'roc', 0.81196120689655171]
[[1913    1]
 [  95    1]]
fine acc: 0.952
fine f1: 0.020
['rnd', 2, 'fold', 1, 'pr', 0.76230118383070333, 'roc', 0.76158677290142796]
1,2,coarse : 33.65 seconds
1,2,fine : 33.65 seconds
[[1828   86]
 [  65   31]]
coarse acc: 0.925
coarse f1: 0.291
['rnd', 3, 'fold', 1, 'pr', 0.80681075570994032, 'roc', 0.81050265586903514]
[[1913    1]
 [  95    1]]
fine acc: 0.952
fine f1: 0.020
['rnd', 3, 'fold', 1, 'pr', 0.76469734294443725, 'roc', 0.76189154475792409]
1,3,coarse : 6.02 seconds
1,3,fine : 6.03 seconds
[[1818   96]
 [  67   29]]
coarse acc: 0.919
coarse f1: 0.262
['rnd', 4, 'fold', 1, 'pr', 0.80670380070135483, 'roc', 0.81053530999651691]
[[1913    1]
 [  95    1]]
fine acc: 0.952
fine f1: 0.020
['rnd', 4, 'fold', 1, 'pr', 0.76511801780348199, 'roc', 0.76647944966910486]
1,4,coarse : 6.29 seconds
1,4,fine : 6.3 seconds
[[1830   84]
 [  62   34]]
coarse acc: 0.927
coarse f1: 0.318
['rnd', 5, 'fold', 1, 'pr', 0.81150685143626156, 'roc', 0.81226597875304773]
[[1913    1]
 [  95    1]]
fine acc: 0.952
fine f1: 0.020
['rnd', 5, 'fold', 1, 'pr', 0.74732076996885854, 'roc', 0.7495972657610589]
1,5,coarse : 6.56 seconds
1,5,fine : 6.57 seconds
[[1839   75]
 [  66   30]]
coarse acc: 0.930
coarse f1: 0.299
['rnd', 6, 'fold', 1, 'pr', 0.81028395365136907, 'roc', 0.81218434343434343]
[[1912    2]
 [  94    2]]
fine acc: 0.952
fine f1: 0.040
['rnd', 6, 'fold', 1, 'pr', 0.77522693788372743, 'roc', 0.77642263148728674]
1,6,coarse : 6.88 seconds
1,6,fine : 6.88 seconds
[[1849   65]
 [  70   26]]
coarse acc: 0.933
coarse f1: 0.278
['rnd', 7, 'fold', 1, 'pr', 0.80807672858991841, 'roc', 0.81051898293277613]
[[1910    4]
 [  94    2]]
fine acc: 0.951
fine f1: 0.039
['rnd', 7, 'fold', 1, 'pr', 0.77226998649346168, 'roc', 0.77590016544757923]
1,7,coarse : 7.16 seconds
1,7,fine : 7.17 seconds
[[1844   70]
 [  68   28]]
coarse acc: 0.931
coarse f1: 0.289
['rnd', 8, 'fold', 1, 'pr', 0.82841366969766983, 'roc', 0.82464189306861724]
[[1910    4]
 [  94    2]]
fine acc: 0.951
fine f1: 0.039
['rnd', 8, 'fold', 1, 'pr', 0.78145348337006271, 'roc', 0.78408546673632873]
1,8,coarse : 7.67 seconds
1,8,fine : 7.67 seconds
[[1847   67]
 [  67   29]]
coarse acc: 0.933
coarse f1: 0.302
['rnd', 9, 'fold', 1, 'pr', 0.82854945147422443, 'roc', 0.83148837513061646]
[[1910    4]
 [  94    2]]
fine acc: 0.951
fine f1: 0.039
['rnd', 9, 'fold', 1, 'pr', 0.77619109781075502, 'roc', 0.78134252002786486]
1,9,coarse : 8.01 seconds
1,9,fine : 8.01 seconds
[[1840   74]
 [  68   28]]
coarse acc: 0.929
coarse f1: 0.283
['rnd', 10, 'fold', 1, 'pr', 0.82607683841447854, 'roc', 0.83112373737373746]
[[1908    6]
 [  93    3]]
fine acc: 0.951
fine f1: 0.057
['rnd', 10, 'fold', 1, 'pr', 0.78670370914599375, 'roc', 0.79798524033437823]
1,10,coarse : 8.5 seconds
1,10,fine : 8.51 seconds
[[1851   63]
 [  69   27]]
coarse acc: 0.934
coarse f1: 0.290
['rnd', 11, 'fold', 1, 'pr', 0.83035613859875768, 'roc', 0.83202172587948453]
[[1908    6]
 [  91    5]]
fine acc: 0.952
fine f1: 0.093
['rnd', 11, 'fold', 1, 'pr', 0.79542724568586476, 'roc', 0.80071730233368166]
1,11,coarse : 8.87 seconds
1,11,fine : 8.88 seconds
[[1854   60]
 [  69   27]]
coarse acc: 0.936
coarse f1: 0.295
['rnd', 12, 'fold', 1, 'pr', 0.82570477567273659, 'roc', 0.82764607279693481]
[[1909    5]
 [  93    3]]
fine acc: 0.951
fine f1: 0.058
['rnd', 12, 'fold', 1, 'pr', 0.80309964190739402, 'roc', 0.80582223092998961]
1,12,coarse : 9.0 seconds
1,12,fine : 9.0 seconds
[[1847   67]
 [  65   31]]
coarse acc: 0.934
coarse f1: 0.320
['rnd', 13, 'fold', 1, 'pr', 0.83261368191247587, 'roc', 0.8320761494252874]
[[1909    5]
 [  93    3]]
fine acc: 0.951
fine f1: 0.058
['rnd', 13, 'fold', 1, 'pr', 0.80791650055435382, 'roc', 0.81340887321490773]
1,13,coarse : 9.52 seconds
1,13,fine : 9.52 seconds
[[1846   68]
 [  63   33]]
coarse acc: 0.935
coarse f1: 0.335
['rnd', 14, 'fold', 1, 'pr', 0.83543353088568018, 'roc', 0.83594566353187039]
[[1908    6]
 [  94    2]]
fine acc: 0.950
fine f1: 0.038
['rnd', 14, 'fold', 1, 'pr', 0.80914680406966111, 'roc', 0.81125370080111459]
1,14,coarse : 9.79 seconds
1,14,fine : 9.8 seconds
[[1848   66]
 [  63   33]]
coarse acc: 0.936
coarse f1: 0.338
['rnd', 15, 'fold', 1, 'pr', 0.8332155225416108, 'roc', 0.83502046325322188]
[[1909    5]
 [  91    5]]
fine acc: 0.952
fine f1: 0.094
['rnd', 15, 'fold', 1, 'pr', 0.80682482063852001, 'roc', 0.80745493730407525]
1,15,coarse : 10.4 seconds
1,15,fine : 10.41 seconds
[[1846   68]
 [  63   33]]
coarse acc: 0.935
coarse f1: 0.335
['rnd', 16, 'fold', 1, 'pr', 0.83029669960638819, 'roc', 0.83443268895855094]
[[1908    6]
 [  90    6]]
fine acc: 0.952
fine f1: 0.111
['rnd', 16, 'fold', 1, 'pr', 0.82845750331620105, 'roc', 0.81998323754789271]
1,16,coarse : 10.75 seconds
1,16,fine : 10.76 seconds
[[1850   64]
 [  70   26]]
coarse acc: 0.933
coarse f1: 0.280
['rnd', 17, 'fold', 1, 'pr', 0.83159176441005622, 'roc', 0.83385035701846055]
[[1908    6]
 [  88    8]]
fine acc: 0.953
fine f1: 0.145
['rnd', 17, 'fold', 1, 'pr', 0.81926770527024484, 'roc', 0.81017067223963779]
1,17,coarse : 10.65 seconds
1,17,fine : 10.65 seconds
[[1858   56]
 [  70   26]]
coarse acc: 0.937
coarse f1: 0.292
['rnd', 18, 'fold', 1, 'pr', 0.82580346799701931, 'roc', 0.82616030999651691]
[[1909    5]
 [  88    8]]
fine acc: 0.954
fine f1: 0.147
['rnd', 18, 'fold', 1, 'pr', 0.82427023026333157, 'roc', 0.82058733890630431]
1,18,coarse : 11.26 seconds
1,18,fine : 11.27 seconds
[[1854   60]
 [  68   28]]
coarse acc: 0.936
coarse f1: 0.304
['rnd', 19, 'fold', 1, 'pr', 0.82913560062342451, 'roc', 0.83238636363636365]
[[1908    6]
 [  87    9]]
fine acc: 0.954
fine f1: 0.162
['rnd', 19, 'fold', 1, 'pr', 0.83224796500383968, 'roc', 0.82280237722048066]
1,19,coarse : 11.89 seconds
1,19,fine : 11.89 seconds
[[1852   62]
 [  66   30]]
coarse acc: 0.936
coarse f1: 0.319
['rnd', 20, 'fold', 1, 'pr', 0.83625646877852311, 'roc', 0.84102338035527702]
[[1909    5]
 [  88    8]]
fine acc: 0.954
fine f1: 0.147
['rnd', 20, 'fold', 1, 'pr', 0.83095482380844676, 'roc', 0.81911790316962729]
1,20,coarse : 12.62 seconds
1,20,fine : 12.62 seconds
[[1855   59]
 [  65   31]]
coarse acc: 0.938
coarse f1: 0.333
['rnd', 21, 'fold', 1, 'pr', 0.84159358287853037, 'roc', 0.84421260013932431]
[[1907    7]
 [  87    9]]
fine acc: 0.953
fine f1: 0.161
['rnd', 21, 'fold', 1, 'pr', 0.83458955780883248, 'roc', 0.82225269940787171]
1,21,coarse : 13.25 seconds
1,21,fine : 13.26 seconds
[[1848   66]
 [  66   30]]
coarse acc: 0.934
coarse f1: 0.312
['rnd', 22, 'fold', 1, 'pr', 0.83833165421448541, 'roc', 0.84301528213166144]
[[1908    6]
 [  86   10]]
fine acc: 0.954
fine f1: 0.179
['rnd', 22, 'fold', 1, 'pr', 0.83880655934663462, 'roc', 0.82506095437129923]
1,22,coarse : 13.4 seconds
1,22,fine : 13.41 seconds
[[1846   68]
 [  64   32]]
coarse acc: 0.934
coarse f1: 0.327
['rnd', 23, 'fold', 1, 'pr', 0.84151243739198289, 'roc', 0.84127917102055028]
[[1908    6]
 [  86   10]]
fine acc: 0.954
fine f1: 0.179
['rnd', 23, 'fold', 1, 'pr', 0.84322347970962708, 'roc', 0.82919170149773602]
1,23,coarse : 14.2 seconds
1,23,fine : 14.21 seconds
[[1849   65]
 [  63   33]]
coarse acc: 0.936
coarse f1: 0.340
['rnd', 24, 'fold', 1, 'pr', 0.84248993712836162, 'roc', 0.84200844653430862]
[[1912    2]
 [  87    9]]
fine acc: 0.956
fine f1: 0.168
['rnd', 24, 'fold', 1, 'pr', 0.84483309321174649, 'roc', 0.82927333681644022]
1,24,coarse : 14.61 seconds
1,24,fine : 14.61 seconds
[[1846   68]
 [  63   33]]
coarse acc: 0.935
coarse f1: 0.335
['rnd', 25, 'fold', 1, 'pr', 0.83853552006901699, 'roc', 0.83569531522117735]
[[1908    6]
 [  86   10]]
fine acc: 0.954
fine f1: 0.179
['rnd', 25, 'fold', 1, 'pr', 0.84733957222795875, 'roc', 0.83381226053639856]
1,25,coarse : 15.83 seconds
1,25,fine : 15.84 seconds
[[1847   67]
 [  64   32]]
coarse acc: 0.935
coarse f1: 0.328
['rnd', 26, 'fold', 1, 'pr', 0.83708683354659708, 'roc', 0.8367293625914316]
[[1908    6]
 [  87    9]]
fine acc: 0.954
fine f1: 0.162
['rnd', 26, 'fold', 1, 'pr', 0.84589233299162769, 'roc', 0.83240813305468486]
1,26,coarse : 15.79 seconds
1,26,fine : 15.8 seconds
[[1845   69]
 [  62   34]]
coarse acc: 0.935
coarse f1: 0.342
['rnd', 27, 'fold', 1, 'pr', 0.84301650396938665, 'roc', 0.84016893068617204]
[[1909    5]
 [  86   10]]
fine acc: 0.955
fine f1: 0.180
['rnd', 27, 'fold', 1, 'pr', 0.84075297789920711, 'roc', 0.8265793712991989]
1,27,coarse : 16.49 seconds
1,27,fine : 16.49 seconds
[[1841   73]
 [  61   35]]
coarse acc: 0.933
coarse f1: 0.343
['rnd', 28, 'fold', 1, 'pr', 0.84830380804462524, 'roc', 0.84835967432950199]
[[1909    5]
 [  84   12]]
fine acc: 0.956
fine f1: 0.212
['rnd', 28, 'fold', 1, 'pr', 0.83994918932247309, 'roc', 0.82299285963079072]
1,28,coarse : 17.22 seconds
1,28,fine : 17.23 seconds
[[1844   70]
 [  63   33]]
coarse acc: 0.934
coarse f1: 0.332
['rnd', 29, 'fold', 1, 'pr', 0.8523664778112251, 'roc', 0.85220197666318354]
[[1909    5]
 [  86   10]]
fine acc: 0.955
fine f1: 0.180
['rnd', 29, 'fold', 1, 'pr', 0.84221774304706065, 'roc', 0.82263910658307215]
1,29,coarse : 18.61 seconds
1,29,fine : 18.61 seconds
[[1844   70]
 [  62   34]]
coarse acc: 0.934
coarse f1: 0.340
['rnd', 30, 'fold', 1, 'pr', 0.85366298364313442, 'roc', 0.85412857018460464]
[[1911    3]
 [  84   12]]
fine acc: 0.957
fine f1: 0.216
['rnd', 30, 'fold', 1, 'pr', 0.8524923161292407, 'roc', 0.83890086206896564]
1,30,coarse : 18.59 seconds
1,30,fine : 18.59 seconds
[[1845   69]
 [  61   35]]
coarse acc: 0.935
coarse f1: 0.350
['rnd', 31, 'fold', 1, 'pr', 0.8539975783409739, 'roc', 0.85261015325670508]
[[1911    3]
 [  85   11]]
fine acc: 0.956
fine f1: 0.200
['rnd', 31, 'fold', 1, 'pr', 0.84588151412198165, 'roc', 0.83078631138975967]
1,31,coarse : 19.34 seconds
1,31,fine : 19.35 seconds
[[1850   64]
 [  59   37]]
coarse acc: 0.939
coarse f1: 0.376
['rnd', 32, 'fold', 1, 'pr', 0.86007773510042029, 'roc', 0.85878722570532906]
[[1909    5]
 [  84   12]]
fine acc: 0.956
fine f1: 0.212
['rnd', 32, 'fold', 1, 'pr', 0.84788712692528034, 'roc', 0.83386668408220144]
1,32,coarse : 20.57 seconds
1,32,fine : 20.57 seconds
[[1847   67]
 [  56   40]]
coarse acc: 0.939
coarse f1: 0.394
['rnd', 33, 'fold', 1, 'pr', 0.86062359288589729, 'roc', 0.85811781609195403]
[[1908    6]
 [  83   13]]
fine acc: 0.956
fine f1: 0.226
['rnd', 33, 'fold', 1, 'pr', 0.85201654645766867, 'roc', 0.83580960466736332]
1,33,coarse : 21.57 seconds
1,33,fine : 21.58 seconds
[[1843   71]
 [  57   39]]
coarse acc: 0.936
coarse f1: 0.379
['rnd', 34, 'fold', 1, 'pr', 0.86171056792962941, 'roc', 0.85846612678509227]
[[1909    5]
 [  83   13]]
fine acc: 0.956
fine f1: 0.228
['rnd', 34, 'fold', 1, 'pr', 0.85546432210531798, 'roc', 0.83918930686172066]
1,34,coarse : 21.59 seconds
1,34,fine : 21.6 seconds
[[1848   66]
 [  53   43]]
coarse acc: 0.941
coarse f1: 0.420
['rnd', 35, 'fold', 1, 'pr', 0.86197904095136912, 'roc', 0.86026210379658652]
[[1908    6]
 [  83   13]]
fine acc: 0.956
fine f1: 0.226
['rnd', 35, 'fold', 1, 'pr', 0.85602322637813133, 'roc', 0.83941244339951238]
1,35,coarse : 21.83 seconds
1,35,fine : 21.84 seconds
[[1845   69]
 [  56   40]]
coarse acc: 0.938
coarse f1: 0.390
['rnd', 36, 'fold', 1, 'pr', 0.86292963125488642, 'roc', 0.86052333681644022]
[[1907    7]
 [  82   14]]
fine acc: 0.956
fine f1: 0.239
['rnd', 36, 'fold', 1, 'pr', 0.85785632231251852, 'roc', 0.84252002786485547]
1,36,coarse : 23.53 seconds
1,36,fine : 23.53 seconds
[[1850   64]
 [  53   43]]
coarse acc: 0.942
coarse f1: 0.424
['rnd', 37, 'fold', 1, 'pr', 0.86411257120666496, 'roc', 0.86051245210727978]
[[1907    7]
 [  80   16]]
fine acc: 0.957
fine f1: 0.269
['rnd', 37, 'fold', 1, 'pr', 0.85724114087453895, 'roc', 0.84071860849878099]
1,37,coarse : 23.58 seconds
1,37,fine : 23.58 seconds
[[1845   69]
 [  54   42]]
coarse acc: 0.939
coarse f1: 0.406
['rnd', 38, 'fold', 1, 'pr', 0.86899596952176561, 'roc', 0.8655738418669453]
[[1903   11]
 [  81   15]]
fine acc: 0.954
fine f1: 0.246
['rnd', 38, 'fold', 1, 'pr', 0.85348115099623933, 'roc', 0.83689263322884022]
1,38,coarse : 23.94 seconds
1,38,fine : 23.94 seconds
[[1843   71]
 [  53   43]]
coarse acc: 0.938
coarse f1: 0.410
['rnd', 39, 'fold', 1, 'pr', 0.87069676796409234, 'roc', 0.86796847788227094]
[[1902   12]
 [  82   14]]
fine acc: 0.953
fine f1: 0.230
['rnd', 39, 'fold', 1, 'pr', 0.85498165250268876, 'roc', 0.83928726924416597]
1,39,coarse : 25.73 seconds
1,39,fine : 25.73 seconds
[[1840   74]
 [  57   39]]
coarse acc: 0.935
coarse f1: 0.373
['rnd', 40, 'fold', 1, 'pr', 0.87080985083287377, 'roc', 0.86570990073145238]
[[1901   13]
 [  78   18]]
fine acc: 0.955
fine f1: 0.283
['rnd', 40, 'fold', 1, 'pr', 0.86077351640002875, 'roc', 0.84445750609543724]
1,40,coarse : 25.97 seconds
1,40,fine : 25.97 seconds
[[1841   73]
 [  53   43]]
coarse acc: 0.937
coarse f1: 0.406
['rnd', 41, 'fold', 1, 'pr', 0.87047229830340855, 'roc', 0.8667167363288053]
[[1900   14]
 [  78   18]]
fine acc: 0.954
fine f1: 0.281
['rnd', 41, 'fold', 1, 'pr', 0.85904810809483212, 'roc', 0.84355407523510972]
1,41,coarse : 26.03 seconds
1,41,fine : 26.04 seconds
[[1844   70]
 [  53   43]]
coarse acc: 0.939
coarse f1: 0.411
['rnd', 42, 'fold', 1, 'pr', 0.86912060012486558, 'roc', 0.86432754266805989]
[[1900   14]
 [  79   17]]
fine acc: 0.954
fine f1: 0.268
['rnd', 42, 'fold', 1, 'pr', 0.86066032467699571, 'roc', 0.84833246255660044]
1,42,coarse : 27.72 seconds
1,42,fine : 27.72 seconds
[[1845   69]
 [  52   44]]
coarse acc: 0.940
coarse f1: 0.421
['rnd', 43, 'fold', 1, 'pr', 0.87278002791740639, 'roc', 0.8675004353883663]
[[1901   13]
 [  81   15]]
fine acc: 0.953
fine f1: 0.242
['rnd', 43, 'fold', 1, 'pr', 0.86006693504870468, 'roc', 0.84651471612678508]
1,43,coarse : 28.87 seconds
1,43,fine : 28.88 seconds
[[1844   70]
 [  51   45]]
coarse acc: 0.940
coarse f1: 0.427
['rnd', 44, 'fold', 1, 'pr', 0.87452586339051153, 'roc', 0.8679194966910484]
[[1902   12]
 [  77   19]]
fine acc: 0.956
fine f1: 0.299
['rnd', 44, 'fold', 1, 'pr', 0.86315816212583896, 'roc', 0.84766305294322541]
1,44,coarse : 28.3 seconds
1,44,fine : 28.3 seconds
[[1846   68]
 [  51   45]]
coarse acc: 0.941
coarse f1: 0.431
['rnd', 45, 'fold', 1, 'pr', 0.87550270557332821, 'roc', 0.86996037965865547]
[[1901   13]
 [  79   17]]
fine acc: 0.954
fine f1: 0.270
['rnd', 45, 'fold', 1, 'pr', 0.8653897795929546, 'roc', 0.85069988679902475]
1,45,coarse : 30.17 seconds
1,45,fine : 30.18 seconds
[[1843   71]
 [  51   45]]
coarse acc: 0.939
coarse f1: 0.425
['rnd', 46, 'fold', 1, 'pr', 0.87326956966530389, 'roc', 0.86736981887843956]
[[1899   15]
 [  80   16]]
fine acc: 0.953
fine f1: 0.252
['rnd', 46, 'fold', 1, 'pr', 0.86340145985439876, 'roc', 0.85024272901428077]
1,46,coarse : 31.48 seconds
1,46,fine : 31.48 seconds
[[1846   68]
 [  54   42]]
coarse acc: 0.939
coarse f1: 0.408
['rnd', 47, 'fold', 1, 'pr', 0.87308883570280882, 'roc', 0.86645006095437127]
[[1901   13]
 [  80   16]]
fine acc: 0.954
fine f1: 0.256
['rnd', 47, 'fold', 1, 'pr', 0.86080658674680177, 'roc', 0.84768482236154652]
1,47,coarse : 30.94 seconds
1,47,fine : 30.95 seconds
[[1842   72]
 [  52   44]]
coarse acc: 0.938
coarse f1: 0.415
['rnd', 48, 'fold', 1, 'pr', 0.87158269400029642, 'roc', 0.86528539707419017]
[[1900   14]
 [  78   18]]
fine acc: 0.954
fine f1: 0.281
['rnd', 48, 'fold', 1, 'pr', 0.85725642859852491, 'roc', 0.84015260362243116]
1,48,coarse : 33.25 seconds
1,48,fine : 33.26 seconds
[[1838   76]
 [  54   42]]
coarse acc: 0.935
coarse f1: 0.393
['rnd', 49, 'fold', 1, 'pr', 0.87390478377095659, 'roc', 0.86846373214907702]
[[1902   12]
 [  77   19]]
fine acc: 0.956
fine f1: 0.299
['rnd', 49, 'fold', 1, 'pr', 0.86005041430889206, 'roc', 0.84461533437826541]
1,49,coarse : 34.37 seconds
1,49,fine : 34.38 seconds
[[1838   76]
 [  55   41]]
coarse acc: 0.935
coarse f1: 0.385
['rnd', 50, 'fold', 1, 'pr', 0.87366149093584411, 'roc', 0.86819161442006276]
[[1903   11]
 [  79   17]]
fine acc: 0.955
fine f1: 0.274
['rnd', 50, 'fold', 1, 'pr', 0.86405159296789935, 'roc', 0.85103187042842221]
1,50,coarse : 34.79 seconds
1,50,fine : 34.79 seconds
[[1834   80]
 [  56   40]]
coarse acc: 0.932
coarse f1: 0.370
['rnd', 51, 'fold', 1, 'pr', 0.87232763316661011, 'roc', 0.86653169627307558]
[[1903   11]
 [  78   18]]
fine acc: 0.956
fine f1: 0.288
['rnd', 51, 'fold', 1, 'pr', 0.86511100912965866, 'roc', 0.85336664054336464]
1,51,coarse : 36.81 seconds
1,51,fine : 36.82 seconds
[[1833   81]
 [  53   43]]
coarse acc: 0.933
coarse f1: 0.391
['rnd', 52, 'fold', 1, 'pr', 0.87170321354932501, 'roc', 0.86563915012190862]
[[1901   13]
 [  77   19]]
fine acc: 0.955
fine f1: 0.297
['rnd', 52, 'fold', 1, 'pr', 0.8675396582241498, 'roc', 0.85348637234413094]
1,52,coarse : 36.15 seconds
1,52,fine : 36.16 seconds
[[1830   84]
 [  56   40]]
coarse acc: 0.930
coarse f1: 0.364
['rnd', 53, 'fold', 1, 'pr', 0.87089455314628261, 'roc', 0.86517654998258453]
[[1900   14]
 [  75   21]]
fine acc: 0.956
fine f1: 0.321
['rnd', 53, 'fold', 1, 'pr', 0.86642906680963583, 'roc', 0.85567419888540575]
1,53,coarse : 35.82 seconds
1,53,fine : 35.83 seconds
[[1833   81]
 [  55   41]]
coarse acc: 0.932
coarse f1: 0.376
['rnd', 54, 'fold', 1, 'pr', 0.87227625236474449, 'roc', 0.86599834552420762]
[[1898   16]
 [  75   21]]
fine acc: 0.955
fine f1: 0.316
['rnd', 54, 'fold', 1, 'pr', 0.86463343960285788, 'roc', 0.85887974573319403]
1,54,coarse : 40.81 seconds
1,54,fine : 40.82 seconds
[[1835   79]
 [  52   44]]
coarse acc: 0.935
coarse f1: 0.402
['rnd', 55, 'fold', 1, 'pr', 0.86997014139860407, 'roc', 0.86242271856495989]
[[1900   14]
 [  74   22]]
fine acc: 0.956
fine f1: 0.333
['rnd', 55, 'fold', 1, 'pr', 0.86412965802956043, 'roc', 0.85715451933124354]
1,55,coarse : 37.7 seconds
1,55,fine : 37.71 seconds
[[1841   73]
 [  50   46]]
coarse acc: 0.939
coarse f1: 0.428
['rnd', 56, 'fold', 1, 'pr', 0.87399783531047914, 'roc', 0.86500783699059569]
[[1898   16]
 [  74   22]]
fine acc: 0.955
fine f1: 0.328
['rnd', 56, 'fold', 1, 'pr', 0.87068880603126853, 'roc', 0.8561041448972484]
1,56,coarse : 39.6 seconds
1,56,fine : 39.61 seconds
[[1842   72]
 [  50   46]]
coarse acc: 0.939
coarse f1: 0.430
['rnd', 57, 'fold', 1, 'pr', 0.87351950148553603, 'roc', 0.8648119122257053]
[[1899   15]
 [  75   21]]
fine acc: 0.955
fine f1: 0.318
['rnd', 57, 'fold', 1, 'pr', 0.87228612423909357, 'roc', 0.86172065482410309]
1,57,coarse : 42.57 seconds
1,57,fine : 42.57 seconds
[[1840   74]
 [  51   45]]
coarse acc: 0.938
coarse f1: 0.419
['rnd', 58, 'fold', 1, 'pr', 0.871706605155534, 'roc', 0.85829741379310343]
[[1897   17]
 [  72   24]]
fine acc: 0.956
fine f1: 0.350
['rnd', 58, 'fold', 1, 'pr', 0.87123154577110518, 'roc', 0.86058320271682343]
1,58,coarse : 40.19 seconds
1,58,fine : 40.2 seconds
[[1838   76]
 [  51   45]]
coarse acc: 0.937
coarse f1: 0.415
['rnd', 59, 'fold', 1, 'pr', 0.8713385886869196, 'roc', 0.85652864855451061]
[[1899   15]
 [  74   22]]
fine acc: 0.956
fine f1: 0.331
['rnd', 59, 'fold', 1, 'pr', 0.87376624215560073, 'roc', 0.86297783873214917]
1,59,coarse : 45.26 seconds
1,59,fine : 45.27 seconds
[[1839   75]
 [  51   45]]
coarse acc: 0.937
coarse f1: 0.417
['rnd', 60, 'fold', 1, 'pr', 0.87444072165647901, 'roc', 0.85932057645419702]
[[1903   11]
 [  73   23]]
fine acc: 0.958
fine f1: 0.354
['rnd', 60, 'fold', 1, 'pr', 0.87430528648543282, 'roc', 0.86280912574016033]
1,60,coarse : 43.58 seconds
1,60,fine : 43.59 seconds
[[1834   80]
 [  48   48]]
coarse acc: 0.936
coarse f1: 0.429
['rnd', 61, 'fold', 1, 'pr', 0.87361328658290782, 'roc', 0.85813958551027525]
[[1901   13]
 [  71   25]]
fine acc: 0.958
fine f1: 0.373
['rnd', 61, 'fold', 1, 'pr', 0.87403718668085029, 'roc', 0.86367446011842564]
1,61,coarse : 44.52 seconds
1,61,fine : 44.52 seconds
[[1832   82]
 [  48   48]]
coarse acc: 0.935
coarse f1: 0.425
['rnd', 62, 'fold', 1, 'pr', 0.87341596947728395, 'roc', 0.85647966736328796]
[[1899   15]
 [  72   24]]
fine acc: 0.957
fine f1: 0.356
['rnd', 62, 'fold', 1, 'pr', 0.87535145660384839, 'roc', 0.86267306687565315]
1,62,coarse : 48.83 seconds
1,62,fine : 48.83 seconds
[[1835   79]
 [  48   48]]
coarse acc: 0.937
coarse f1: 0.430
['rnd', 63, 'fold', 1, 'pr', 0.87363778776731627, 'roc', 0.8573504440961337]
[[1897   17]
 [  72   24]]
fine acc: 0.956
fine f1: 0.350
['rnd', 63, 'fold', 1, 'pr', 0.8740076818307394, 'roc', 0.8621451584813653]
1,63,coarse : 45.77 seconds
1,63,fine : 45.77 seconds
[[1833   81]
 [  50   46]]
coarse acc: 0.935
coarse f1: 0.413
['rnd', 64, 'fold', 1, 'pr', 0.87290721534542182, 'roc', 0.85737765586903514]
[[1896   18]
 [  73   23]]
fine acc: 0.955
fine f1: 0.336
['rnd', 64, 'fold', 1, 'pr', 0.87618214638343583, 'roc', 0.86445271682340641]
1,64,coarse : 51.19 seconds
1,64,fine : 51.2 seconds
[[1836   78]
 [  49   47]]
coarse acc: 0.937
coarse f1: 0.425
['rnd', 65, 'fold', 1, 'pr', 0.87385682647354335, 'roc', 0.85789467955416232]
[[1895   19]
 [  74   22]]
fine acc: 0.954
fine f1: 0.321
['rnd', 65, 'fold', 1, 'pr', 0.87536222710947864, 'roc', 0.86258054684778818]
1,65,coarse : 48.26 seconds
1,65,fine : 48.26 seconds
[[1834   80]
 [  48   48]]
coarse acc: 0.936
coarse f1: 0.429
['rnd', 66, 'fold', 1, 'pr', 0.87353103824163836, 'roc', 0.85713819226750254]
[[1894   20]
 [  75   21]]
fine acc: 0.953
fine f1: 0.307
['rnd', 66, 'fold', 1, 'pr', 0.86874060201449121, 'roc', 0.85514084813653779]
1,66,coarse : 51.36 seconds
1,66,fine : 51.37 seconds
[[1831   83]
 [  46   50]]
coarse acc: 0.936
coarse f1: 0.437
['rnd', 67, 'fold', 1, 'pr', 0.87411696675418116, 'roc', 0.85706199930337867]
[[1895   19]
 [  71   25]]
fine acc: 0.955
fine f1: 0.357
['rnd', 67, 'fold', 1, 'pr', 0.87233821991928218, 'roc', 0.85744840647857878]
1,67,coarse : 52.19 seconds
1,67,fine : 52.2 seconds
[[1827   87]
 [  48   48]]
coarse acc: 0.933
coarse f1: 0.416
['rnd', 68, 'fold', 1, 'pr', 0.87283544473024055, 'roc', 0.85950561650992696]
[[1896   18]
 [  70   26]]
fine acc: 0.956
fine f1: 0.371
['rnd', 68, 'fold', 1, 'pr', 0.87087082250697745, 'roc', 0.85635993556252166]
1,68,coarse : 51.34 seconds
1,68,fine : 51.35 seconds
[[1828   86]
 [  46   50]]
coarse acc: 0.934
coarse f1: 0.431
['rnd', 69, 'fold', 1, 'pr', 0.87307007201302134, 'roc', 0.85975596482062]
[[1896   18]
 [  74   22]]
fine acc: 0.954
fine f1: 0.324
['rnd', 69, 'fold', 1, 'pr', 0.872873625898545, 'roc', 0.85693138279345182]
1,69,coarse : 56.53 seconds
1,69,fine : 56.54 seconds
[[1831   83]
 [  47   49]]
coarse acc: 0.935
coarse f1: 0.430
['rnd', 70, 'fold', 1, 'pr', 0.87340688474483152, 'roc', 0.8601967955416232]
[[1894   20]
 [  72   24]]
fine acc: 0.954
fine f1: 0.343
['rnd', 70, 'fold', 1, 'pr', 0.8733444865244101, 'roc', 0.85895593869731801]
1,70,coarse : 53.14 seconds
1,70,fine : 53.15 seconds
[[1830   84]
 [  47   49]]
coarse acc: 0.935
coarse f1: 0.428
['rnd', 71, 'fold', 1, 'pr', 0.87391688247112109, 'roc', 0.85870559038662486]
[[1895   19]
 [  70   26]]
fine acc: 0.956
fine f1: 0.369
['rnd', 71, 'fold', 1, 'pr', 0.86583218034883369, 'roc', 0.85373672065482398]
1,71,coarse : 57.89 seconds
1,71,fine : 57.9 seconds
[[1828   86]
 [  47   49]]
coarse acc: 0.934
coarse f1: 0.424
['rnd', 72, 'fold', 1, 'pr', 0.87529188592542306, 'roc', 0.86306491640543359]
[[1895   19]
 [  70   26]]
fine acc: 0.956
fine f1: 0.369
['rnd', 72, 'fold', 1, 'pr', 0.88011974881538291, 'roc', 0.86271660571229547]
1,72,coarse : 56.49 seconds
1,72,fine : 56.5 seconds
[[1832   82]
 [  47   49]]
coarse acc: 0.936
coarse f1: 0.432
['rnd', 73, 'fold', 1, 'pr', 0.87623187290415472, 'roc', 0.86424590734935569]
[[1895   19]
 [  69   27]]
fine acc: 0.956
fine f1: 0.380
['rnd', 73, 'fold', 1, 'pr', 0.87280348209316161, 'roc', 0.85877089864158818]
1,73,coarse : 59.78 seconds
1,73,fine : 59.79 seconds
[[1830   84]
 [  47   49]]
coarse acc: 0.935
coarse f1: 0.428
['rnd', 74, 'fold', 1, 'pr', 0.87587484011041072, 'roc', 0.86404454022988497]
[[1895   19]
 [  68   28]]
fine acc: 0.957
fine f1: 0.392
['rnd', 74, 'fold', 1, 'pr', 0.87088643988093151, 'roc', 0.85756269592476486]
1,74,coarse : 58.78 seconds
1,74,fine : 58.79 seconds
[[1830   84]
 [  49   47]]
coarse acc: 0.934
coarse f1: 0.414
['rnd', 75, 'fold', 1, 'pr', 0.87580318769651644, 'roc', 0.86506770289097878]
[[1894   20]
 [  68   28]]
fine acc: 0.956
fine f1: 0.389
['rnd', 75, 'fold', 1, 'pr', 0.87218596784903812, 'roc', 0.85835183733890619]
1,75,coarse : 63.15 seconds
1,75,fine : 63.16 seconds
[[1830   84]
 [  51   45]]
coarse acc: 0.933
coarse f1: 0.400
['rnd', 76, 'fold', 1, 'pr', 0.87643139598956898, 'roc', 0.8671194705677463]
[[1894   20]
 [  69   27]]
fine acc: 0.956
fine f1: 0.378
['rnd', 76, 'fold', 1, 'pr', 0.87618960009358893, 'roc', 0.85540752351097182]
1,76,coarse : 62.4 seconds
1,76,fine : 62.41 seconds
[[1826   88]
 [  49   47]]
coarse acc: 0.932
coarse f1: 0.407
['rnd', 77, 'fold', 1, 'pr', 0.87626163403309765, 'roc', 0.86428400383141768]
[[1893   21]
 [  70   26]]
fine acc: 0.955
fine f1: 0.364
['rnd', 77, 'fold', 1, 'pr', 0.87704964931336293, 'roc', 0.85673545802856133]
1,77,coarse : 64.73 seconds
1,77,fine : 64.74 seconds
[[1827   87]
 [  49   47]]
coarse acc: 0.932
coarse f1: 0.409
['rnd', 78, 'fold', 1, 'pr', 0.87572019103860488, 'roc', 0.86278735632183912]
[[1894   20]
 [  68   28]]
fine acc: 0.956
fine f1: 0.389
['rnd', 78, 'fold', 1, 'pr', 0.87458862281821426, 'roc', 0.8547000174155347]
1,78,coarse : 66.21 seconds
1,78,fine : 66.22 seconds
[[1827   87]
 [  48   48]]
coarse acc: 0.933
coarse f1: 0.416
['rnd', 79, 'fold', 1, 'pr', 0.87454173436746896, 'roc', 0.86050156739811912]
[[1895   19]
 [  66   30]]
fine acc: 0.958
fine f1: 0.414
['rnd', 79, 'fold', 1, 'pr', 0.87283507589417864, 'roc', 0.85308908045977017]
1,79,coarse : 66.91 seconds
1,79,fine : 66.92 seconds
[[1828   86]
 [  49   47]]
coarse acc: 0.933
coarse f1: 0.410
['rnd', 80, 'fold', 1, 'pr', 0.87462623490306923, 'roc', 0.86066483803552762]
[[1895   19]
 [  67   29]]
fine acc: 0.957
fine f1: 0.403
['rnd', 80, 'fold', 1, 'pr', 0.87285031748661723, 'roc', 0.85388910658307204]
1,80,coarse : 68.72 seconds
1,80,fine : 68.73 seconds
[[1829   85]
 [  51   45]]
coarse acc: 0.932
coarse f1: 0.398
['rnd', 81, 'fold', 1, 'pr', 0.87537730622392407, 'roc', 0.86265673981191227]
[[1895   19]
 [  67   29]]
fine acc: 0.957
fine f1: 0.403
['rnd', 81, 'fold', 1, 'pr', 0.87391277999456429, 'roc', 0.85677355451062343]
1,81,coarse : 68.62 seconds
1,81,fine : 68.63 seconds
[[1828   86]
 [  46   50]]
coarse acc: 0.934
coarse f1: 0.431
['rnd', 82, 'fold', 1, 'pr', 0.8763049288686765, 'roc', 0.86607998084291182]
[[1890   24]
 [  66   30]]
fine acc: 0.955
fine f1: 0.400
['rnd', 82, 'fold', 1, 'pr', 0.8742811414867252, 'roc', 0.85660484151863459]
1,82,coarse : 71.51 seconds
1,82,fine : 71.52 seconds
[[1827   87]
 [  47   49]]
coarse acc: 0.933
coarse f1: 0.422
['rnd', 83, 'fold', 1, 'pr', 0.87636178338202031, 'roc', 0.86655346569139657]
[[1892   22]
 [  67   29]]
fine acc: 0.956
fine f1: 0.395
['rnd', 83, 'fold', 1, 'pr', 0.873318059542464, 'roc', 0.8601151602229189]
1,83,coarse : 71.48 seconds
1,83,fine : 71.49 seconds
[[1825   89]
 [  46   50]]
coarse acc: 0.933
coarse f1: 0.426
['rnd', 84, 'fold', 1, 'pr', 0.87696184348984951, 'roc', 0.86577520898641591]
[[1892   22]
 [  66   30]]
fine acc: 0.956
fine f1: 0.405
['rnd', 84, 'fold', 1, 'pr', 0.87483059501200489, 'roc', 0.86030564263322884]
1,84,coarse : 74.56 seconds
1,84,fine : 74.57 seconds
[[1827   87]
 [  45   51]]
coarse acc: 0.934
coarse f1: 0.436
['rnd', 85, 'fold', 1, 'pr', 0.87786714682335398, 'roc', 0.86686912225705337]
[[1893   21]
 [  67   29]]
fine acc: 0.956
fine f1: 0.397
['rnd', 85, 'fold', 1, 'pr', 0.87795379638334714, 'roc', 0.86307035876001392]
1,85,coarse : 74.14 seconds
1,85,fine : 74.15 seconds
[[1825   89]
 [  45   51]]
coarse acc: 0.933
coarse f1: 0.432
['rnd', 86, 'fold', 1, 'pr', 0.87895312570202344, 'roc', 0.8666949669104842]
[[1893   21]
 [  66   30]]
fine acc: 0.957
fine f1: 0.408
['rnd', 86, 'fold', 1, 'pr', 0.87563635303247311, 'roc', 0.86258054684778818]
1,86,coarse : 77.13 seconds
1,86,fine : 77.14 seconds
[[1823   91]
 [  44   52]]
coarse acc: 0.933
coarse f1: 0.435
['rnd', 87, 'fold', 1, 'pr', 0.87975329059429108, 'roc', 0.86729362591431558]
[[1890   24]
 [  68   28]]
fine acc: 0.954
fine f1: 0.378
['rnd', 87, 'fold', 1, 'pr', 0.8750548878706379, 'roc', 0.86014237199582022]
1,87,coarse : 79.13 seconds
1,87,fine : 79.14 seconds
[[1828   86]
 [  46   50]]
coarse acc: 0.934
coarse f1: 0.431
['rnd', 88, 'fold', 1, 'pr', 0.88256452072140379, 'roc', 0.87071686694531514]
[[1890   24]
 [  67   29]]
fine acc: 0.955
fine f1: 0.389
['rnd', 88, 'fold', 1, 'pr', 0.87655211227723262, 'roc', 0.86209073493556254]
1,88,coarse : 81.59 seconds
1,88,fine : 81.6 seconds
[[1827   87]
 [  45   51]]
coarse acc: 0.934
coarse f1: 0.436
['rnd', 89, 'fold', 1, 'pr', 0.88136495113456459, 'roc', 0.86773445663531878]
[[1887   27]
 [  67   29]]
fine acc: 0.953
fine f1: 0.382
['rnd', 89, 'fold', 1, 'pr', 0.87658544080496958, 'roc', 0.86085532044583768]
1,89,coarse : 82.69 seconds
1,89,fine : 82.7 seconds
[[1829   85]
 [  42   54]]
coarse acc: 0.937
coarse f1: 0.460
['rnd', 90, 'fold', 1, 'pr', 0.8797250958459738, 'roc', 0.86714668234064785]
[[1889   25]
 [  66   30]]
fine acc: 0.955
fine f1: 0.397
['rnd', 90, 'fold', 1, 'pr', 0.87721444421228556, 'roc', 0.86050156739811912]
1,90,coarse : 84.92 seconds
1,90,fine : 84.93 seconds
[[1825   89]
 [  43   53]]
coarse acc: 0.934
coarse f1: 0.445
['rnd', 91, 'fold', 1, 'pr', 0.87670864209303312, 'roc', 0.86205263845350044]
[[1890   24]
 [  65   31]]
fine acc: 0.956
fine f1: 0.411
['rnd', 91, 'fold', 1, 'pr', 0.87446755908901297, 'roc', 0.85709465343086022]
1,91,coarse : 85.6 seconds
1,91,fine : 85.61 seconds
[[1824   90]
 [  43   53]]
coarse acc: 0.934
coarse f1: 0.444
['rnd', 92, 'fold', 1, 'pr', 0.87876201539068566, 'roc', 0.86500239463601525]
[[1889   25]
 [  65   31]]
fine acc: 0.955
fine f1: 0.408
['rnd', 92, 'fold', 1, 'pr', 0.87933148562459418, 'roc', 0.86305947405085337]
1,92,coarse : 88.91 seconds
1,92,fine : 88.92 seconds
[[1825   89]
 [  43   53]]
coarse acc: 0.934
coarse f1: 0.445
['rnd', 93, 'fold', 1, 'pr', 0.87767886113883686, 'roc', 0.86293974225008707]
[[1890   24]
 [  65   31]]
fine acc: 0.956
fine f1: 0.411
['rnd', 93, 'fold', 1, 'pr', 0.87720211766852341, 'roc', 0.86014237199582033]
1,93,coarse : 89.1 seconds
1,93,fine : 89.12 seconds
[[1826   88]
 [  43   53]]
coarse acc: 0.935
coarse f1: 0.447
['rnd', 94, 'fold', 1, 'pr', 0.88035155491003103, 'roc', 0.86693443051201668]
[[1890   24]
 [  64   32]]
fine acc: 0.956
fine f1: 0.421
['rnd', 94, 'fold', 1, 'pr', 0.87768261349487209, 'roc', 0.86254245036572619]
1,94,coarse : 92.84 seconds
1,94,fine : 92.85 seconds
[[1826   88]
 [  42   54]]
coarse acc: 0.935
coarse f1: 0.454
['rnd', 95, 'fold', 1, 'pr', 0.88034417263443787, 'roc', 0.86553574538488331]
[[1890   24]
 [  65   31]]
fine acc: 0.956
fine f1: 0.411
['rnd', 95, 'fold', 1, 'pr', 0.87732981244008035, 'roc', 0.86174786659700453]
1,95,coarse : 90.61 seconds
1,95,fine : 90.62 seconds
[[1826   88]
 [  43   53]]
coarse acc: 0.935
coarse f1: 0.447
['rnd', 96, 'fold', 1, 'pr', 0.88011135027281384, 'roc', 0.86377786485545094]
[[1889   25]
 [  68   28]]
fine acc: 0.954
fine f1: 0.376
['rnd', 96, 'fold', 1, 'pr', 0.87655966950783737, 'roc', 0.85879266805990939]
1,96,coarse : 97.01 seconds
1,96,fine : 97.02 seconds
[[1828   86]
 [  46   50]]
coarse acc: 0.934
coarse f1: 0.431
['rnd', 97, 'fold', 1, 'pr', 0.88014493920433956, 'roc', 0.86276014454893779]
[[1893   21]
 [  66   30]]
fine acc: 0.957
fine f1: 0.408
['rnd', 97, 'fold', 1, 'pr', 0.87684837974180696, 'roc', 0.85693682514803216]
1,97,coarse : 95.39 seconds
1,97,fine : 95.4 seconds
[[1831   83]
 [  45   51]]
coarse acc: 0.936
coarse f1: 0.443
['rnd', 98, 'fold', 1, 'pr', 0.87953710961684117, 'roc', 0.86215060083594564]
[[1894   20]
 [  66   30]]
fine acc: 0.957
fine f1: 0.411
['rnd', 98, 'fold', 1, 'pr', 0.8766988690319496, 'roc', 0.8566266109369558]
1,98,coarse : 96.86 seconds
1,98,fine : 96.87 seconds
[[1829   85]
 [  45   51]]
coarse acc: 0.935
coarse f1: 0.440
['rnd', 99, 'fold', 1, 'pr', 0.88069014222780373, 'roc', 0.86303770463253215]
[[1891   23]
 [  66   30]]
fine acc: 0.956
fine f1: 0.403
['rnd', 99, 'fold', 1, 'pr', 0.87455531562177646, 'roc', 0.85654497561825138]
1,99,coarse : 100.94 seconds
1,99,fine : 100.95 seconds
[[1830   84]
 [  46   50]]
coarse acc: 0.935
coarse f1: 0.435
['rnd', 100, 'fold', 1, 'pr', 0.88108245826393683, 'roc', 0.86388126959247635]
[[1892   22]
 [  66   30]]
fine acc: 0.956
fine f1: 0.405
['rnd', 100, 'fold', 1, 'pr', 0.87580289053412319, 'roc', 0.85633272378962033]
1,100,coarse : 102.69 seconds
1,100,fine : 102.7 seconds
[[1826   88]
 [  44   52]]
coarse acc: 0.934
coarse f1: 0.441
['rnd', 101, 'fold', 1, 'pr', 0.88266766156133025, 'roc', 0.8650132793451758]
[[1891   23]
 [  66   30]]
fine acc: 0.956
fine f1: 0.403
['rnd', 101, 'fold', 1, 'pr', 0.87731245086001119, 'roc', 0.85818856670149757]
1,101,coarse : 104.17 seconds
1,101,fine : 104.18 seconds
[[1829   85]
 [  45   51]]
coarse acc: 0.935
coarse f1: 0.440
['rnd', 102, 'fold', 1, 'pr', 0.88306202508355547, 'roc', 0.86563370776732851]
[[1888   26]
 [  65   31]]
fine acc: 0.955
fine f1: 0.405
['rnd', 102, 'fold', 1, 'pr', 0.87411760180437525, 'roc', 0.85238157436433304]
1,102,coarse : 103.07 seconds
1,102,fine : 103.09 seconds
[[1828   86]
 [  45   51]]
coarse acc: 0.935
coarse f1: 0.438
['rnd', 103, 'fold', 1, 'pr', 0.88326956080341468, 'roc', 0.86621603970741901]
[[1889   25]
 [  66   30]]
fine acc: 0.955
fine f1: 0.397
['rnd', 103, 'fold', 1, 'pr', 0.87588170964091572, 'roc', 0.85484696098920243]
1,103,coarse : 109.37 seconds
1,103,fine : 109.38 seconds
[[1828   86]
 [  45   51]]
coarse acc: 0.935
coarse f1: 0.438
['rnd', 104, 'fold', 1, 'pr', 0.88323071156327504, 'roc', 0.86545411006617901]
[[1890   24]
 [  66   30]]
fine acc: 0.955
fine f1: 0.400
['rnd', 104, 'fold', 1, 'pr', 0.87645569619039998, 'roc', 0.85511363636363635]
1,104,coarse : 109.34 seconds
1,104,fine : 109.35 seconds
[[1829   85]
 [  46   50]]
coarse acc: 0.935
coarse f1: 0.433
['rnd', 105, 'fold', 1, 'pr', 0.88317249488839467, 'roc', 0.86572078544061304]
[[1890   24]
 [  67   29]]
fine acc: 0.955
fine f1: 0.389
['rnd', 105, 'fold', 1, 'pr', 0.87629512086660788, 'roc', 0.85474355625217691]
1,105,coarse : 109.68 seconds
1,105,fine : 109.69 seconds
[[1837   77]
 [  46   50]]
coarse acc: 0.939
coarse f1: 0.448
['rnd', 106, 'fold', 1, 'pr', 0.88452798120821141, 'roc', 0.86681469871125039]
[[1890   24]
 [  63   33]]
fine acc: 0.957
fine f1: 0.431
['rnd', 106, 'fold', 1, 'pr', 0.87808572191352341, 'roc', 0.85717628874956464]
1,106,coarse : 112.61 seconds
1,106,fine : 112.62 seconds
[[1833   81]
 [  45   51]]
coarse acc: 0.937
coarse f1: 0.447
['rnd', 107, 'fold', 1, 'pr', 0.88324498616733149, 'roc', 0.86447448624172751]
[[1890   24]
 [  62   34]]
fine acc: 0.957
fine f1: 0.442
['rnd', 107, 'fold', 1, 'pr', 0.87655395381373613, 'roc', 0.85508642459073492]
1,107,coarse : 111.99 seconds
1,107,fine : 112.0 seconds
[[1836   78]
 [  44   52]]
coarse acc: 0.939
coarse f1: 0.460
['rnd', 108, 'fold', 1, 'pr', 0.88367631117546941, 'roc', 0.86569901602229193]
[[1890   24]
 [  64   32]]
fine acc: 0.956
fine f1: 0.421
['rnd', 108, 'fold', 1, 'pr', 0.87621066286508176, 'roc', 0.85479253744339956]
1,108,coarse : 116.81 seconds
1,108,fine : 116.82 seconds
[[1836   78]
 [  41   55]]
coarse acc: 0.941
coarse f1: 0.480
['rnd', 109, 'fold', 1, 'pr', 0.88214279510920568, 'roc', 0.86460510275165448]
[[1891   23]
 [  65   31]]
fine acc: 0.956
fine f1: 0.413
['rnd', 109, 'fold', 1, 'pr', 0.87557682766269695, 'roc', 0.85459117032392884]
1,109,coarse : 118.39 seconds
1,109,fine : 118.41 seconds
[[1838   76]
 [  42   54]]
coarse acc: 0.941
coarse f1: 0.478
['rnd', 110, 'fold', 1, 'pr', 0.88204447832927479, 'roc', 0.86485545106234774]
[[1890   24]
 [  66   30]]
fine acc: 0.955
fine f1: 0.400
['rnd', 110, 'fold', 1, 'pr', 0.87446334305321483, 'roc', 0.8536169888540579]
1,110,coarse : 117.96 seconds
1,110,fine : 117.98 seconds
[[1836   78]
 [  41   55]]
coarse acc: 0.941
coarse f1: 0.480
['rnd', 111, 'fold', 1, 'pr', 0.8811725393002694, 'roc', 0.86319009056078011]
[[1889   25]
 [  67   29]]
fine acc: 0.954
fine f1: 0.387
['rnd', 111, 'fold', 1, 'pr', 0.8740480598378868, 'roc', 0.85287138627655867]
1,111,coarse : 122.42 seconds
1,111,fine : 122.43 seconds
[[1837   77]
 [  42   54]]
coarse acc: 0.941
coarse f1: 0.476
['rnd', 112, 'fold', 1, 'pr', 0.88215808433621101, 'roc', 0.86342411180773249]
[[1889   25]
 [  67   29]]
fine acc: 0.954
fine f1: 0.387
['rnd', 112, 'fold', 1, 'pr', 0.87418348471343166, 'roc', 0.85321425461511669]
1,112,coarse : 120.52 seconds
1,112,fine : 120.53 seconds
[[1835   79]
 [  41   55]]
coarse acc: 0.940
coarse f1: 0.478
['rnd', 113, 'fold', 1, 'pr', 0.88110350992783382, 'roc', 0.86195467607105536]
[[1889   25]
 [  66   30]]
fine acc: 0.955
fine f1: 0.397
['rnd', 113, 'fold', 1, 'pr', 0.87651793178967718, 'roc', 0.85670280390107967]
1,113,coarse : 124.33 seconds
1,113,fine : 124.34 seconds
[[1834   80]
 [  44   52]]
coarse acc: 0.938
coarse f1: 0.456
['rnd', 114, 'fold', 1, 'pr', 0.88210772408142579, 'roc', 0.86302137756879127]
[[1889   25]
 [  67   29]]
fine acc: 0.954
fine f1: 0.387
['rnd', 114, 'fold', 1, 'pr', 0.87801762528042748, 'roc', 0.85793821839080464]
1,114,coarse : 126.33 seconds
1,114,fine : 126.34 seconds
[[1835   79]
 [  43   53]]
coarse acc: 0.939
coarse f1: 0.465
['rnd', 115, 'fold', 1, 'pr', 0.88108104877954396, 'roc', 0.8623846220828979]
[[1890   24]
 [  65   31]]
fine acc: 0.956
fine f1: 0.411
['rnd', 115, 'fold', 1, 'pr', 0.87557982390604283, 'roc', 0.85564698711250431]
1,115,coarse : 125.08 seconds
1,115,fine : 125.09 seconds
[[1834   80]
 [  44   52]]
coarse acc: 0.938
coarse f1: 0.456
['rnd', 116, 'fold', 1, 'pr', 0.88322433470691863, 'roc', 0.86523097352838729]
[[1890   24]
 [  62   34]]
fine acc: 0.957
fine f1: 0.442
['rnd', 116, 'fold', 1, 'pr', 0.87537189406844951, 'roc', 0.85509186694531514]
1,116,coarse : 129.32 seconds
1,116,fine : 129.33 seconds
[[1834   80]
 [  43   53]]
coarse acc: 0.939
coarse f1: 0.463
['rnd', 117, 'fold', 1, 'pr', 0.88300192835548919, 'roc', 0.86413706025774994]
[[1888   26]
 [  63   33]]
fine acc: 0.956
fine f1: 0.426
['rnd', 117, 'fold', 1, 'pr', 0.87638513661269513, 'roc', 0.85590277777777779]
1,117,coarse : 131.86 seconds
1,117,fine : 131.88 seconds
[[1834   80]
 [  44   52]]
coarse acc: 0.938
coarse f1: 0.456
['rnd', 118, 'fold', 1, 'pr', 0.88159805716178341, 'roc', 0.86275470219435746]
[[1891   23]
 [  61   35]]
fine acc: 0.958
fine f1: 0.455
['rnd', 118, 'fold', 1, 'pr', 0.87687186514677462, 'roc', 0.85503200104493204]
1,118,coarse : 132.62 seconds
1,118,fine : 132.63 seconds
[[1834   80]
 [  44   52]]
coarse acc: 0.938
coarse f1: 0.456
['rnd', 119, 'fold', 1, 'pr', 0.88212914530288866, 'roc', 0.86364724834552431]
[[1893   21]
 [  61   35]]
fine acc: 0.959
fine f1: 0.461
['rnd', 119, 'fold', 1, 'pr', 0.87764287913121219, 'roc', 0.85460749738766983]
1,119,coarse : 136.94 seconds
1,119,fine : 136.95 seconds
[[1835   79]
 [  44   52]]
coarse acc: 0.939
coarse f1: 0.458
['rnd', 120, 'fold', 1, 'pr', 0.88425347634112428, 'roc', 0.86603644200626961]
[[1892   22]
 [  63   33]]
fine acc: 0.958
fine f1: 0.437
['rnd', 120, 'fold', 1, 'pr', 0.87975228181345477, 'roc', 0.85836272204806685]
1,120,coarse : 138.59 seconds
1,120,fine : 138.61 seconds
[[1830   84]
 [  44   52]]
coarse acc: 0.936
coarse f1: 0.448
['rnd', 121, 'fold', 1, 'pr', 0.88619511423314057, 'roc', 0.86852904040404044]
[[1891   23]
 [  63   33]]
fine acc: 0.957
fine f1: 0.434
['rnd', 121, 'fold', 1, 'pr', 0.88315757428395736, 'roc', 0.86427311912225713]
1,121,coarse : 137.3 seconds
1,121,fine : 137.31 seconds
[[1836   78]
 [  44   52]]
coarse acc: 0.939
coarse f1: 0.460
['rnd', 122, 'fold', 1, 'pr', 0.88783030058163648, 'roc', 0.86843652037617558]
[[1894   20]
 [  64   32]]
fine acc: 0.958
fine f1: 0.432
['rnd', 122, 'fold', 1, 'pr', 0.88004103997579142, 'roc', 0.85872191745036563]
1,122,coarse : 142.09 seconds
1,122,fine : 142.1 seconds
[[1837   77]
 [  43   53]]
coarse acc: 0.940
coarse f1: 0.469
['rnd', 123, 'fold', 1, 'pr', 0.8891333287850961, 'roc', 0.87008011145942177]
[[1891   23]
 [  64   32]]
fine acc: 0.957
fine f1: 0.424
['rnd', 123, 'fold', 1, 'pr', 0.8807499254400688, 'roc', 0.86145397944966917]
1,123,coarse : 145.24 seconds
1,123,fine : 145.25 seconds
[[1837   77]
 [  42   54]]
coarse acc: 0.941
coarse f1: 0.476
['rnd', 124, 'fold', 1, 'pr', 0.88946235113491723, 'roc', 0.87047740334378265]
[[1891   23]
 [  63   33]]
fine acc: 0.957
fine f1: 0.434
['rnd', 124, 'fold', 1, 'pr', 0.88298788151429797, 'roc', 0.86301593521421105]
1,124,coarse : 144.77 seconds
1,124,fine : 144.78 seconds
[[1839   75]
 [  44   52]]
coarse acc: 0.941
coarse f1: 0.466
['rnd', 125, 'fold', 1, 'pr', 0.88780918058395342, 'roc', 0.86802834378265425]
[[1891   23]
 [  62   34]]
fine acc: 0.958
fine f1: 0.444
['rnd', 125, 'fold', 1, 'pr', 0.88468859604582595, 'roc', 0.86447992859630796]
1,125,coarse : 146.5 seconds
1,125,fine : 146.52 seconds
[[1840   74]
 [  43   53]]
coarse acc: 0.942
coarse f1: 0.475
['rnd', 126, 'fold', 1, 'pr', 0.88696528933255114, 'roc', 0.8680773249738768]
[[1892   22]
 [  63   33]]
fine acc: 0.958
fine f1: 0.437
['rnd', 126, 'fold', 1, 'pr', 0.88216184721147617, 'roc', 0.86209617729014276]
1,126,coarse : 151.47 seconds
1,126,fine : 151.48 seconds
[[1839   75]
 [  43   53]]
coarse acc: 0.941
coarse f1: 0.473
['rnd', 127, 'fold', 1, 'pr', 0.88642070343406432, 'roc', 0.86746233890630431]
[[1891   23]
 [  62   34]]
fine acc: 0.958
fine f1: 0.444
['rnd', 127, 'fold', 1, 'pr', 0.88212238758185502, 'roc', 0.86110022640195061]
1,127,coarse : 151.82 seconds
1,127,fine : 151.83 seconds
[[1835   79]
 [  45   51]]
coarse acc: 0.938
coarse f1: 0.451
['rnd', 128, 'fold', 1, 'pr', 0.88491211922987134, 'roc', 0.86664598571926166]
[[1892   22]
 [  62   34]]
fine acc: 0.958
fine f1: 0.447
['rnd', 128, 'fold', 1, 'pr', 0.88332273279739815, 'roc', 0.86291797283176586]
1,128,coarse : 151.92 seconds
1,128,fine : 151.93 seconds
[[1834   80]
 [  44   52]]
coarse acc: 0.938
coarse f1: 0.456
['rnd', 129, 'fold', 1, 'pr', 0.88697770915680285, 'roc', 0.86831678857540917]
[[1893   21]
 [  61   35]]
fine acc: 0.959
fine f1: 0.461
['rnd', 129, 'fold', 1, 'pr', 0.88058030212840066, 'roc', 0.85597352838732144]
1,129,coarse : 155.74 seconds
1,129,fine : 155.75 seconds
[[1837   77]
 [  42   54]]
coarse acc: 0.941
coarse f1: 0.476
['rnd', 130, 'fold', 1, 'pr', 0.88759473141653389, 'roc', 0.87047740334378265]
[[1893   21]
 [  60   36]]
fine acc: 0.960
fine f1: 0.471
['rnd', 130, 'fold', 1, 'pr', 0.88143008813808543, 'roc', 0.85681165099268553]
1,130,coarse : 159.28 seconds
1,130,fine : 159.3 seconds
[[1841   73]
 [  42   54]]
coarse acc: 0.943
coarse f1: 0.484
['rnd', 131, 'fold', 1, 'pr', 0.88814265658268132, 'roc', 0.8705862504353884]
[[1894   20]
 [  61   35]]
fine acc: 0.960
fine f1: 0.464
['rnd', 131, 'fold', 1, 'pr', 0.88041978895930006, 'roc', 0.85614768373389072]
1,131,coarse : 160.21 seconds
1,131,fine : 160.23 seconds
[[1838   76]
 [  43   53]]
coarse acc: 0.941
coarse f1: 0.471
['rnd', 132, 'fold', 1, 'pr', 0.88969729687198418, 'roc', 0.87212643678160928]
[[1893   21]
 [  62   34]]
fine acc: 0.959
fine f1: 0.450
['rnd', 132, 'fold', 1, 'pr', 0.88023254102964266, 'roc', 0.85571773772204818]
1,132,coarse : 162.68 seconds
1,132,fine : 162.7 seconds
[[1840   74]
 [  43   53]]
coarse acc: 0.942
coarse f1: 0.475
['rnd', 133, 'fold', 1, 'pr', 0.88995386865171522, 'roc', 0.87144614245907348]
[[1891   23]
 [  63   33]]
fine acc: 0.957
fine f1: 0.434
['rnd', 133, 'fold', 1, 'pr', 0.88117886358749486, 'roc', 0.8579708725182863]
1,133,coarse : 163.96 seconds
1,133,fine : 163.97 seconds
[[1843   71]
 [  41   55]]
coarse acc: 0.944
coarse f1: 0.495
['rnd', 134, 'fold', 1, 'pr', 0.89145823730400564, 'roc', 0.8725563827934516]
[[1892   22]
 [  64   32]]
fine acc: 0.957
fine f1: 0.427
['rnd', 134, 'fold', 1, 'pr', 0.88322770330146527, 'roc', 0.86261864332985017]
1,134,coarse : 167.14 seconds
1,134,fine : 167.15 seconds
[[1843   71]
 [  40   56]]
coarse acc: 0.945
coarse f1: 0.502
['rnd', 135, 'fold', 1, 'pr', 0.89173746104587392, 'roc', 0.87349246778126088]
[[1891   23]
 [  63   33]]
fine acc: 0.957
fine f1: 0.434
['rnd', 135, 'fold', 1, 'pr', 0.88262183395970284, 'roc', 0.86004440961337514]
1,135,coarse : 170.61 seconds
1,135,fine : 170.62 seconds
[[1843   71]
 [  39   57]]
coarse acc: 0.945
coarse f1: 0.509
['rnd', 136, 'fold', 1, 'pr', 0.89135373316040689, 'roc', 0.87234957331940088]
[[1889   25]
 [  63   33]]
fine acc: 0.956
fine f1: 0.429
['rnd', 136, 'fold', 1, 'pr', 0.88318785591686522, 'roc', 0.86087164750957845]
1,136,coarse : 170.77 seconds
1,136,fine : 170.78 seconds
[[1843   71]
 [  40   56]]
coarse acc: 0.945
coarse f1: 0.502
['rnd', 137, 'fold', 1, 'pr', 0.89164004146962683, 'roc', 0.87259992163009403]
[[1889   25]
 [  63   33]]
fine acc: 0.956
fine f1: 0.429
['rnd', 137, 'fold', 1, 'pr', 0.88256015966647561, 'roc', 0.86041993207941503]
1,137,coarse : 171.52 seconds
1,137,fine : 171.53 seconds
[[1836   78]
 [  41   55]]
coarse acc: 0.941
coarse f1: 0.480
['rnd', 138, 'fold', 1, 'pr', 0.89163679728229084, 'roc', 0.87236590038314166]
[[1893   21]
 [  61   35]]
fine acc: 0.959
fine f1: 0.461
['rnd', 138, 'fold', 1, 'pr', 0.88132457491863592, 'roc', 0.85812870080111459]
1,138,coarse : 174.33 seconds
1,138,fine : 174.35 seconds
[[1840   74]
 [  42   54]]
coarse acc: 0.942
coarse f1: 0.482
['rnd', 139, 'fold', 1, 'pr', 0.89119665570040585, 'roc', 0.87248563218390796]
[[1891   23]
 [  61   35]]
fine acc: 0.958
fine f1: 0.455
['rnd', 139, 'fold', 1, 'pr', 0.88099430771353204, 'roc', 0.85799808429118773]
1,139,coarse : 177.88 seconds
1,139,fine : 177.89 seconds
[[1837   77]
 [  41   55]]
coarse acc: 0.941
coarse f1: 0.482
['rnd', 140, 'fold', 1, 'pr', 0.89129288679346907, 'roc', 0.87227882270985724]
[[1890   24]
 [  62   34]]
fine acc: 0.957
fine f1: 0.442
['rnd', 140, 'fold', 1, 'pr', 0.88172071511909866, 'roc', 0.8594130964820621]
1,140,coarse : 180.91 seconds
1,140,fine : 180.92 seconds
[[1838   76]
 [  41   55]]
coarse acc: 0.942
coarse f1: 0.485
['rnd', 141, 'fold', 1, 'pr', 0.89159572357916772, 'roc', 0.8710488505747126]
[[1891   23]
 [  59   37]]
fine acc: 0.959
fine f1: 0.474
['rnd', 141, 'fold', 1, 'pr', 0.88392205718251948, 'roc', 0.86176963601532575]
1,141,coarse : 181.56 seconds
1,141,fine : 181.57 seconds
[[1836   78]
 [  40   56]]
coarse acc: 0.941
coarse f1: 0.487
['rnd', 142, 'fold', 1, 'pr', 0.8911270976334531, 'roc', 0.87080394461859989]
[[1892   22]
 [  59   37]]
fine acc: 0.960
fine f1: 0.477
['rnd', 142, 'fold', 1, 'pr', 0.88404052698525948, 'roc', 0.8619002525252526]
1,142,coarse : 182.7 seconds
1,142,fine : 182.72 seconds
[[1842   72]
 [  40   56]]
coarse acc: 0.944
coarse f1: 0.500
['rnd', 143, 'fold', 1, 'pr', 0.89280237821663799, 'roc', 0.87285571229536751]
[[1889   25]
 [  58   38]]
fine acc: 0.959
fine f1: 0.478
['rnd', 143, 'fold', 1, 'pr', 0.88183489782841407, 'roc', 0.86135601706722398]
1,143,coarse : 184.36 seconds
1,143,fine : 184.38 seconds
[[1838   76]
 [  41   55]]
coarse acc: 0.942
coarse f1: 0.485
['rnd', 144, 'fold', 1, 'pr', 0.89299557653341266, 'roc', 0.87424895506792066]
[[1889   25]
 [  58   38]]
fine acc: 0.959
fine f1: 0.478
['rnd', 144, 'fold', 1, 'pr', 0.88072645826152296, 'roc', 0.85829197143852309]
1,144,coarse : 186.46 seconds
1,144,fine : 186.48 seconds
[[1838   76]
 [  41   55]]
coarse acc: 0.942
coarse f1: 0.485
['rnd', 145, 'fold', 1, 'pr', 0.89300939537881896, 'roc', 0.8724747474747474]
[[1889   25]
 [  59   37]]
fine acc: 0.958
fine f1: 0.468
['rnd', 145, 'fold', 1, 'pr', 0.88073550569551584, 'roc', 0.85871103274120519]
1,145,coarse : 190.34 seconds
1,145,fine : 190.36 seconds
[[1837   77]
 [  40   56]]
coarse acc: 0.942
coarse f1: 0.489
['rnd', 146, 'fold', 1, 'pr', 0.89170629328293816, 'roc', 0.8713862765586905]
[[1889   25]
 [  60   36]]
fine acc: 0.958
fine f1: 0.459
['rnd', 146, 'fold', 1, 'pr', 0.8782691452964333, 'roc', 0.85566875653082552]
1,146,coarse : 193.04 seconds
1,146,fine : 193.06 seconds
[[1838   76]
 [  41   55]]
coarse acc: 0.942
coarse f1: 0.485
['rnd', 147, 'fold', 1, 'pr', 0.89299510582288788, 'roc', 0.87228426506443757]
[[1889   25]
 [  61   35]]
fine acc: 0.957
fine f1: 0.449
['rnd', 147, 'fold', 1, 'pr', 0.88015221576925762, 'roc', 0.85817768199233724]
1,147,coarse : 195.02 seconds
1,147,fine : 195.04 seconds
[[1838   76]
 [  42   54]]
coarse acc: 0.941
coarse f1: 0.478
['rnd', 148, 'fold', 1, 'pr', 0.8929990913861976, 'roc', 0.87158220132358055]
[[1889   25]
 [  61   35]]
fine acc: 0.957
fine f1: 0.449
['rnd', 148, 'fold', 1, 'pr', 0.88000285512423726, 'roc', 0.85785114071752]
1,148,coarse : 198.26 seconds
1,148,fine : 198.27 seconds
[[1840   74]
 [  42   54]]
coarse acc: 0.942
coarse f1: 0.482
['rnd', 149, 'fold', 1, 'pr', 0.89306464063665314, 'roc', 0.8713862765586905]
[[1889   25]
 [  63   33]]
fine acc: 0.956
fine f1: 0.429
['rnd', 149, 'fold', 1, 'pr', 0.88083993670817551, 'roc', 0.85812325844653436]
1,149,coarse : 198.23 seconds
1,149,fine : 198.24 seconds
[[1839   75]
 [  42   54]]
coarse acc: 0.942
coarse f1: 0.480
['rnd', 150, 'fold', 1, 'pr', 0.89220610658774357, 'roc', 0.87023249738766983]
[[1890   24]
 [  61   35]]
fine acc: 0.958
fine f1: 0.452
['rnd', 150, 'fold', 1, 'pr', 0.88155997329079894, 'roc', 0.85732867467781271]
1,150,coarse : 203.46 seconds
1,150,fine : 203.47 seconds
[[1839   75]
 [  41   55]]
coarse acc: 0.942
coarse f1: 0.487
['rnd', 151, 'fold', 1, 'pr', 0.89146386449631942, 'roc', 0.8692419888540579]
[[1889   25]
 [  61   35]]
fine acc: 0.957
fine f1: 0.449
['rnd', 151, 'fold', 1, 'pr', 0.88130465119972334, 'roc', 0.85671368861024011]
1,151,coarse : 202.62 seconds
1,151,fine : 202.64 seconds
[[1839   75]
 [  40   56]]
coarse acc: 0.943
coarse f1: 0.493
['rnd', 152, 'fold', 1, 'pr', 0.89252613757241805, 'roc', 0.86993861024033448]
[[1889   25]
 [  61   35]]
fine acc: 0.957
fine f1: 0.449
['rnd', 152, 'fold', 1, 'pr', 0.88391265028681909, 'roc', 0.86072470393591105]
1,152,coarse : 205.25 seconds
1,152,fine : 205.26 seconds
[[1845   69]
 [  41   55]]
coarse acc: 0.945
coarse f1: 0.500
['rnd', 153, 'fold', 1, 'pr', 0.89314737949344758, 'roc', 0.86963928073841867]
[[1890   24]
 [  61   35]]
fine acc: 0.958
fine f1: 0.452
['rnd', 153, 'fold', 1, 'pr', 0.88391772115985656, 'roc', 0.86107845698362939]
1,153,coarse : 206.14 seconds
1,153,fine : 206.15 seconds
[[1840   74]
 [  40   56]]
coarse acc: 0.943
coarse f1: 0.496
['rnd', 154, 'fold', 1, 'pr', 0.89248077185138164, 'roc', 0.8694651253918495]
[[1891   23]
 [  61   35]]
fine acc: 0.958
fine f1: 0.455
['rnd', 154, 'fold', 1, 'pr', 0.88367087890493767, 'roc', 0.86087164750957856]
1,154,coarse : 208.39 seconds
1,154,fine : 208.41 seconds
[[1840   74]
 [  40   56]]
coarse acc: 0.943
coarse f1: 0.496
['rnd', 155, 'fold', 1, 'pr', 0.89235043405502523, 'roc', 0.86900796760710552]
[[1891   23]
 [  60   36]]
fine acc: 0.959
fine f1: 0.465
['rnd', 155, 'fold', 1, 'pr', 0.88170996283981773, 'roc', 0.85769331243469182]
1,155,coarse : 211.57 seconds
1,155,fine : 211.58 seconds
[[1842   72]
 [  40   56]]
coarse acc: 0.944
coarse f1: 0.500
['rnd', 156, 'fold', 1, 'pr', 0.89202093543370586, 'roc', 0.86873040752351094]
[[1891   23]
 [  61   35]]
fine acc: 0.958
fine f1: 0.455
['rnd', 156, 'fold', 1, 'pr', 0.88207752043650756, 'roc', 0.8583736067572274]
1,156,coarse : 213.14 seconds
1,156,fine : 213.15 seconds
[[1843   71]
 [  42   54]]
coarse acc: 0.944
coarse f1: 0.489
['rnd', 157, 'fold', 1, 'pr', 0.89302211472581583, 'roc', 0.87015630442354575]
[[1893   21]
 [  60   36]]
fine acc: 0.960
fine f1: 0.471
['rnd', 157, 'fold', 1, 'pr', 0.88188494599938361, 'roc', 0.85751371473354232]
1,157,coarse : 216.16 seconds
1,157,fine : 216.17 seconds
[[1843   71]
 [  41   55]]
coarse acc: 0.944
coarse f1: 0.495
['rnd', 158, 'fold', 1, 'pr', 0.89198631529304784, 'roc', 0.86869775339602917]
[[1892   22]
 [  59   37]]
fine acc: 0.960
fine f1: 0.477
['rnd', 158, 'fold', 1, 'pr', 0.8818789722045991, 'roc', 0.85704022988505757]
1,158,coarse : 218.8 seconds
1,158,fine : 218.82 seconds
[[1843   71]
 [  42   54]]
coarse acc: 0.944
coarse f1: 0.489
['rnd', 159, 'fold', 1, 'pr', 0.89213248381631816, 'roc', 0.86856713688610243]
[[1891   23]
 [  60   36]]
fine acc: 0.959
fine f1: 0.465
['rnd', 159, 'fold', 1, 'pr', 0.88276276883781768, 'roc', 0.8585314350400558]
1,159,coarse : 219.7 seconds
1,159,fine : 219.71 seconds
[[1840   74]
 [  40   56]]
coarse acc: 0.943
coarse f1: 0.496
['rnd', 160, 'fold', 1, 'pr', 0.89251839435168667, 'roc', 0.86865965691396729]
[[1889   25]
 [  59   37]]
fine acc: 0.958
fine f1: 0.468
['rnd', 160, 'fold', 1, 'pr', 0.88138895357496461, 'roc', 0.85731234761407171]
1,160,coarse : 222.25 seconds
1,160,fine : 222.27 seconds
[[1843   71]
 [  42   54]]
coarse acc: 0.944
coarse f1: 0.489
['rnd', 161, 'fold', 1, 'pr', 0.89256645981275173, 'roc', 0.86900796760710552]
[[1890   24]
 [  59   37]]
fine acc: 0.959
fine f1: 0.471
['rnd', 161, 'fold', 1, 'pr', 0.8825460721054913, 'roc', 0.85847701149425293]
1,161,coarse : 225.83 seconds
1,161,fine : 225.84 seconds
[[1841   73]
 [  41   55]]
coarse acc: 0.943
coarse f1: 0.491
['rnd', 162, 'fold', 1, 'pr', 0.89282799196871554, 'roc', 0.86989507140369215]
[[1890   24]
 [  57   39]]
fine acc: 0.960
fine f1: 0.491
['rnd', 162, 'fold', 1, 'pr', 0.88284233128385492, 'roc', 0.85802529606408917]
1,162,coarse : 228.71 seconds
1,162,fine : 228.73 seconds
[[1841   73]
 [  39   57]]
coarse acc: 0.944
coarse f1: 0.504
['rnd', 163, 'fold', 1, 'pr', 0.89289969023737914, 'roc', 0.87036311389759657]
[[1891   23]
 [  57   39]]
fine acc: 0.960
fine f1: 0.494
['rnd', 163, 'fold', 1, 'pr', 0.88296246255700606, 'roc', 0.85859130094043901]
1,163,coarse : 230.51 seconds
1,163,fine : 230.52 seconds
[[1842   72]
 [  40   56]]
coarse acc: 0.944
coarse f1: 0.500
['rnd', 164, 'fold', 1, 'pr', 0.8919813621720204, 'roc', 0.86838209683037271]
[[1889   25]
 [  56   40]]
fine acc: 0.960
fine f1: 0.497
['rnd', 164, 'fold', 1, 'pr', 0.88220479716245159, 'roc', 0.85767698537095094]
1,164,coarse : 232.63 seconds
1,164,fine : 232.64 seconds
[[1844   70]
 [  40   56]]
coarse acc: 0.945
coarse f1: 0.505
['rnd', 165, 'fold', 1, 'pr', 0.89286007391522448, 'roc', 0.86954676071055381]
[[1890   24]
 [  56   40]]
fine acc: 0.960
fine f1: 0.500
['rnd', 165, 'fold', 1, 'pr', 0.88267203190114063, 'roc', 0.85810693138279348]
1,165,coarse : 234.89 seconds
1,165,fine : 234.9 seconds
[[1841   73]
 [  40   56]]
coarse acc: 0.944
coarse f1: 0.498
['rnd', 166, 'fold', 1, 'pr', 0.89326512342912834, 'roc', 0.87097265761058873]
[[1889   25]
 [  56   40]]
fine acc: 0.960
fine f1: 0.497
['rnd', 166, 'fold', 1, 'pr', 0.87992405582052224, 'roc', 0.85366052769070011]
1,166,coarse : 237.52 seconds
1,166,fine : 237.54 seconds
[[1843   71]
 [  39   57]]
coarse acc: 0.945
coarse f1: 0.509
['rnd', 167, 'fold', 1, 'pr', 0.89361041410532693, 'roc', 0.87207201323580641]
[[1890   24]
 [  56   40]]
fine acc: 0.960
fine f1: 0.500
['rnd', 167, 'fold', 1, 'pr', 0.88304168975239272, 'roc', 0.85746473354231978]
1,167,coarse : 240.0 seconds
1,167,fine : 240.02 seconds
[[1842   72]
 [  39   57]]
coarse acc: 0.945
coarse f1: 0.507
['rnd', 168, 'fold', 1, 'pr', 0.89407762490354292, 'roc', 0.87274142284918133]
[[1890   24]
 [  58   38]]
fine acc: 0.959
fine f1: 0.481
['rnd', 168, 'fold', 1, 'pr', 0.88310258107221939, 'roc', 0.85712186520376177]
1,168,coarse : 243.26 seconds
1,168,fine : 243.28 seconds
[[1845   69]
 [  39   57]]
coarse acc: 0.946
coarse f1: 0.514
['rnd', 169, 'fold', 1, 'pr', 0.89369269240274452, 'roc', 0.87208289794496685]
[[1891   23]
 [  57   39]]
fine acc: 0.960
fine f1: 0.494
['rnd', 169, 'fold', 1, 'pr', 0.88489413148043172, 'roc', 0.86110566875653072]
1,169,coarse : 244.83 seconds
1,169,fine : 244.85 seconds
[[1846   68]
 [  39   57]]
coarse acc: 0.947
coarse f1: 0.516
['rnd', 170, 'fold', 1, 'pr', 0.8944491337545043, 'roc', 0.87261080633925447]
[[1889   25]
 [  56   40]]
fine acc: 0.960
fine f1: 0.497
['rnd', 170, 'fold', 1, 'pr', 0.88383579338575269, 'roc', 0.85830285614768376]
1,170,coarse : 248.12 seconds
1,170,fine : 248.14 seconds
[[1842   72]
 [  41   55]]
coarse acc: 0.944
coarse f1: 0.493
['rnd', 171, 'fold', 1, 'pr', 0.89446467092436843, 'roc', 0.87346525600835945]
[[1889   25]
 [  58   38]]
fine acc: 0.959
fine f1: 0.478
['rnd', 171, 'fold', 1, 'pr', 0.88450489934135723, 'roc', 0.8604797979797979]
1,171,coarse : 251.29 seconds
1,171,fine : 251.3 seconds
[[1840   74]
 [  41   55]]
coarse acc: 0.943
coarse f1: 0.489
['rnd', 172, 'fold', 1, 'pr', 0.89567697752516473, 'roc', 0.87515238592824807]
[[1888   26]
 [  59   37]]
fine acc: 0.958
fine f1: 0.465
['rnd', 172, 'fold', 1, 'pr', 0.88440524070510396, 'roc', 0.86047435562521768]
1,172,coarse : 235.5 seconds
1,172,fine : 235.51 seconds
