home
all           0      1    2    3    4    5    6    7    8    
1      2010   1914   1    19   32   19   1    11   6    7    
2      2010   1914   1    19   32   19   1    11   6    7    
3      2010   1914   1    19   32   19   1    11   5    8    
4      2010   1914   1    19   32   19   1    10   6    8    
5      2010   1914   1    18   33   19   1    10   6    8    
6      2010   1914   1    18   33   19   1    10   6    8    
7      2010   1913   2    18   33   19   1    10   6    8    
8      2010   1913   2    18   33   19   1    10   6    8    
9      2009   1913   2    18   32   19   2    10   6    7    
10     2009   1913   1    19   32   19   1    11   6    7    
Total  20098  19136  13   185  324  190  11   104  59   76   
train         0      1    2    3    4    5    6    7    8    
1      2010   1914   1    19   32   19   1    11   6    7    
2      2010   1914   1    19   32   19   1    11   6    7    
3      2010   1914   1    19   32   19   1    11   5    8    
4      2010   1914   1    19   32   19   1    10   6    8    
5      2010   1914   1    18   33   19   1    10   6    8    
7      2010   1913   2    18   33   19   1    10   6    8    
8      2010   1913   2    18   33   19   1    10   6    8    
9      2009   1913   2    18   32   19   2    10   6    7    
10     2009   1913   1    19   32   19   1    11   6    7    
Total  18088  17222  12   167  291  171  10   94   53   68   
test          0      1    2    3    4    5    6    7    8    
6      2010   1914   1    18   33   19   1    10   6    8    
Total  2010   1914   1    18   33   19   1    10   6    8    
Classes             
0         17222     
1         12        
2         167       
3         291       
4         171       
5         10        
6         94        
7         53        
8         68        
Total     18088     

Shape: 450       

[952, 10, 11, 16, 11, 10, 10, 10, 10]
Sum start => 1040
[[1836   78]
 [  53   43]]
coarse acc: 0.935
coarse f1: 0.396
['rnd', 1, 'fold', 6, 'pr', 0.84546444632972073, 'roc', 0.84336359282479978]
[[1912    2]
 [  92    4]]
fine acc: 0.953
fine f1: 0.078
['rnd', 1, 'fold', 6, 'pr', 0.82164710457186763, 'roc', 0.81773554510623481]
6,1,coarse : 29.61 seconds
6,1,fine : 29.61 seconds
[[1836   78]
 [  53   43]]
coarse acc: 0.935
coarse f1: 0.396
['rnd', 2, 'fold', 6, 'pr', 0.84546444632972073, 'roc', 0.84336359282479978]
[[1912    2]
 [  92    4]]
fine acc: 0.953
fine f1: 0.078
['rnd', 2, 'fold', 6, 'pr', 0.82164710457186763, 'roc', 0.81773554510623481]
6,2,coarse : 33.27 seconds
6,2,fine : 33.28 seconds
[[1855   59]
 [  56   40]]
coarse acc: 0.943
coarse f1: 0.410
['rnd', 3, 'fold', 6, 'pr', 0.86270306290269672, 'roc', 0.85365508533611989]
[[1911    3]
 [  90    6]]
fine acc: 0.954
fine f1: 0.114
['rnd', 3, 'fold', 6, 'pr', 0.84459145739813102, 'roc', 0.83260950017415536]
6,3,coarse : 50.23 seconds
6,3,fine : 50.23 seconds
[[1861   53]
 [  54   42]]
coarse acc: 0.947
coarse f1: 0.440
['rnd', 4, 'fold', 6, 'pr', 0.87226127006462661, 'roc', 0.85850422326715425]
[[1911    3]
 [  84   12]]
fine acc: 0.957
fine f1: 0.216
['rnd', 4, 'fold', 6, 'pr', 0.85798668676561662, 'roc', 0.84982911006617901]
6,4,coarse : 53.61 seconds
6,4,fine : 53.62 seconds
[[1869   45]
 [  55   41]]
coarse acc: 0.950
coarse f1: 0.451
['rnd', 5, 'fold', 6, 'pr', 0.8789520717359337, 'roc', 0.86678204458376873]
[[1910    4]
 [  78   18]]
fine acc: 0.959
fine f1: 0.305
['rnd', 5, 'fold', 6, 'pr', 0.87066292087073394, 'roc', 0.8579110066179032]
6,5,coarse : 57.72 seconds
6,5,fine : 57.72 seconds
[[1872   42]
 [  52   44]]
coarse acc: 0.953
coarse f1: 0.484
['rnd', 6, 'fold', 6, 'pr', 0.89189296900845461, 'roc', 0.87668168756530829]
[[1909    5]
 [  77   19]]
fine acc: 0.959
fine f1: 0.317
['rnd', 6, 'fold', 6, 'pr', 0.88341232840250472, 'roc', 0.86661333159177989]
6,6,coarse : 60.85 seconds
6,6,fine : 60.85 seconds
[[1871   43]
 [  54   42]]
coarse acc: 0.952
coarse f1: 0.464
['rnd', 7, 'fold', 6, 'pr', 0.89173460759246204, 'roc', 0.87954436607453845]
[[1906    8]
 [  77   19]]
fine acc: 0.958
fine f1: 0.309
['rnd', 7, 'fold', 6, 'pr', 0.8783711682708244, 'roc', 0.86388126959247657]
6,7,coarse : 64.4 seconds
6,7,fine : 64.4 seconds
[[1875   39]
 [  54   42]]
coarse acc: 0.954
coarse f1: 0.475
['rnd', 8, 'fold', 6, 'pr', 0.88504241549733942, 'roc', 0.87302986764193657]
[[1903   11]
 [  78   18]]
fine acc: 0.956
fine f1: 0.288
['rnd', 8, 'fold', 6, 'pr', 0.88710544070120312, 'roc', 0.87773206199930331]
6,8,coarse : 68.76 seconds
6,8,fine : 68.76 seconds
[[1877   37]
 [  56   40]]
coarse acc: 0.954
coarse f1: 0.462
['rnd', 9, 'fold', 6, 'pr', 0.88978900303548292, 'roc', 0.87788444792755127]
[[1902   12]
 [  75   21]]
fine acc: 0.957
fine f1: 0.326
['rnd', 9, 'fold', 6, 'pr', 0.88366785368439982, 'roc', 0.87490747997213514]
6,9,coarse : 71.94 seconds
6,9,fine : 71.94 seconds
[[1865   49]
 [  54   42]]
coarse acc: 0.949
coarse f1: 0.449
['rnd', 10, 'fold', 6, 'pr', 0.89291627305431032, 'roc', 0.87873345524207591]
[[1903   11]
 [  78   18]]
fine acc: 0.956
fine f1: 0.288
['rnd', 10, 'fold', 6, 'pr', 0.88923237896530138, 'roc', 0.87730755834204122]
6,10,coarse : 75.86 seconds
6,10,fine : 75.86 seconds
[[1875   39]
 [  53   43]]
coarse acc: 0.954
coarse f1: 0.483
['rnd', 11, 'fold', 6, 'pr', 0.89492851395445661, 'roc', 0.87802050679205856]
[[1905    9]
 [  75   21]]
fine acc: 0.958
fine f1: 0.333
['rnd', 11, 'fold', 6, 'pr', 0.88788115967215131, 'roc', 0.87009099616858243]
6,11,coarse : 81.24 seconds
6,11,fine : 81.25 seconds
[[1870   44]
 [  52   44]]
coarse acc: 0.952
coarse f1: 0.478
['rnd', 12, 'fold', 6, 'pr', 0.89294406210960975, 'roc', 0.87355233368164398]
[[1904   10]
 [  73   23]]
fine acc: 0.959
fine f1: 0.357
['rnd', 12, 'fold', 6, 'pr', 0.8888429913241962, 'roc', 0.87096721525600829]
6,12,coarse : 83.12 seconds
6,12,fine : 83.13 seconds
[[1865   49]
 [  53   43]]
coarse acc: 0.949
coarse f1: 0.457
['rnd', 13, 'fold', 6, 'pr', 0.89171078897775868, 'roc', 0.87630072274468818]
[[1908    6]
 [  74   22]]
fine acc: 0.960
fine f1: 0.355
['rnd', 13, 'fold', 6, 'pr', 0.89437037812949549, 'roc', 0.8748421717171716]
6,13,coarse : 86.64 seconds
6,13,fine : 86.65 seconds
[[1871   43]
 [  53   43]]
coarse acc: 0.952
coarse f1: 0.473
['rnd', 14, 'fold', 6, 'pr', 0.89957139646649786, 'roc', 0.88522074190177624]
[[1910    4]
 [  72   24]]
fine acc: 0.962
fine f1: 0.387
['rnd', 14, 'fold', 6, 'pr', 0.90186161523430763, 'roc', 0.88533775252525237]
6,14,coarse : 90.87 seconds
6,14,fine : 90.87 seconds
[[1866   48]
 [  54   42]]
coarse acc: 0.949
coarse f1: 0.452
['rnd', 15, 'fold', 6, 'pr', 0.89934157176484442, 'roc', 0.88874194531522099]
[[1908    6]
 [  74   22]]
fine acc: 0.960
fine f1: 0.355
['rnd', 15, 'fold', 6, 'pr', 0.90351498863502733, 'roc', 0.88946033611981878]
6,15,coarse : 93.81 seconds
6,15,fine : 93.82 seconds
[[1873   41]
 [  55   41]]
coarse acc: 0.952
coarse f1: 0.461
['rnd', 16, 'fold', 6, 'pr', 0.89688376608399778, 'roc', 0.88634186694531525]
[[1907    7]
 [  72   24]]
fine acc: 0.961
fine f1: 0.378
['rnd', 16, 'fold', 6, 'pr', 0.90468988718467491, 'roc', 0.89334617729014276]
6,16,coarse : 97.46 seconds
6,16,fine : 97.47 seconds
[[1879   35]
 [  54   42]]
coarse acc: 0.956
coarse f1: 0.486
['rnd', 17, 'fold', 6, 'pr', 0.90232852728961876, 'roc', 0.88808342041100663]
[[1905    9]
 [  73   23]]
fine acc: 0.959
fine f1: 0.359
['rnd', 17, 'fold', 6, 'pr', 0.89804468359077949, 'roc', 0.8813566701497737]
6,17,coarse : 100.94 seconds
6,17,fine : 100.95 seconds
[[1882   32]
 [  51   45]]
coarse acc: 0.959
coarse f1: 0.520
['rnd', 18, 'fold', 6, 'pr', 0.9041206182319983, 'roc', 0.88882358063392564]
[[1907    7]
 [  73   23]]
fine acc: 0.960
fine f1: 0.365
['rnd', 18, 'fold', 6, 'pr', 0.89721739059991301, 'roc', 0.8832233977708116]
6,18,coarse : 103.93 seconds
6,18,fine : 103.94 seconds
[[1877   37]
 [  51   45]]
coarse acc: 0.956
coarse f1: 0.506
['rnd', 19, 'fold', 6, 'pr', 0.90735403114825675, 'roc', 0.89332985022640188]
[[1907    7]
 [  74   22]]
fine acc: 0.960
fine f1: 0.352
['rnd', 19, 'fold', 6, 'pr', 0.89859508212244565, 'roc', 0.88212404214559403]
6,19,coarse : 107.57 seconds
6,19,fine : 107.57 seconds
[[1881   33]
 [  49   47]]
coarse acc: 0.959
coarse f1: 0.534
['rnd', 20, 'fold', 6, 'pr', 0.90926299638490637, 'roc', 0.89389041274817127]
[[1907    7]
 [  74   22]]
fine acc: 0.960
fine f1: 0.352
['rnd', 20, 'fold', 6, 'pr', 0.89764132608833525, 'roc', 0.87947905781957514]
6,20,coarse : 111.61 seconds
6,20,fine : 111.62 seconds
[[1878   36]
 [  48   48]]
coarse acc: 0.958
coarse f1: 0.533
['rnd', 21, 'fold', 6, 'pr', 0.9040573751307549, 'roc', 0.89096786833855812]
[[1906    8]
 [  74   22]]
fine acc: 0.959
fine f1: 0.349
['rnd', 21, 'fold', 6, 'pr', 0.90111304786482538, 'roc', 0.88637996342737724]
6,21,coarse : 114.88 seconds
6,21,fine : 114.89 seconds
[[1882   32]
 [  49   47]]
coarse acc: 0.960
coarse f1: 0.537
['rnd', 22, 'fold', 6, 'pr', 0.90833108531650175, 'roc', 0.89918038140020884]
[[1908    6]
 [  70   26]]
fine acc: 0.962
fine f1: 0.406
['rnd', 22, 'fold', 6, 'pr', 0.90325985822854138, 'roc', 0.88702760362243116]
6,22,coarse : 117.68 seconds
6,22,fine : 117.69 seconds
[[1883   31]
 [  50   46]]
coarse acc: 0.960
coarse f1: 0.532
['rnd', 23, 'fold', 6, 'pr', 0.91122751417505965, 'roc', 0.90277233542319768]
[[1908    6]
 [  71   25]]
fine acc: 0.962
fine f1: 0.394
['rnd', 23, 'fold', 6, 'pr', 0.90231863343274155, 'roc', 0.88345197666318365]
6,23,coarse : 121.52 seconds
6,23,fine : 121.53 seconds
[[1882   32]
 [  50   46]]
coarse acc: 0.959
coarse f1: 0.529
['rnd', 24, 'fold', 6, 'pr', 0.91279125984765397, 'roc', 0.90474246778126088]
[[1908    6]
 [  68   28]]
fine acc: 0.963
fine f1: 0.431
['rnd', 24, 'fold', 6, 'pr', 0.90498936677642583, 'roc', 0.88549830198537094]
6,24,coarse : 123.67 seconds
6,24,fine : 123.68 seconds
[[1879   35]
 [  49   47]]
coarse acc: 0.958
coarse f1: 0.528
['rnd', 25, 'fold', 6, 'pr', 0.911056831267962, 'roc', 0.90166209508881923]
[[1908    6]
 [  70   26]]
fine acc: 0.962
fine f1: 0.406
['rnd', 25, 'fold', 6, 'pr', 0.90881670370116585, 'roc', 0.89029301637060254]
6,25,coarse : 127.2 seconds
6,25,fine : 127.21 seconds
[[1877   37]
 [  48   48]]
coarse acc: 0.958
coarse f1: 0.530
['rnd', 26, 'fold', 6, 'pr', 0.91371040583371987, 'roc', 0.9055261668408221]
[[1907    7]
 [  67   29]]
fine acc: 0.963
fine f1: 0.439
['rnd', 26, 'fold', 6, 'pr', 0.91340255934199999, 'roc', 0.89606735458028564]
6,26,coarse : 131.49 seconds
6,26,fine : 131.5 seconds
[[1877   37]
 [  49   47]]
coarse acc: 0.957
coarse f1: 0.522
['rnd', 27, 'fold', 6, 'pr', 0.91400127477027115, 'roc', 0.90592345872518287]
[[1907    7]
 [  69   27]]
fine acc: 0.962
fine f1: 0.415
['rnd', 27, 'fold', 6, 'pr', 0.91610508801544022, 'roc', 0.90134099616858243]
6,27,coarse : 134.88 seconds
6,27,fine : 134.89 seconds
[[1875   39]
 [  49   47]]
coarse acc: 0.956
coarse f1: 0.516
['rnd', 28, 'fold', 6, 'pr', 0.91174253034267516, 'roc', 0.90313153082549635]
[[1906    8]
 [  66   30]]
fine acc: 0.963
fine f1: 0.448
['rnd', 28, 'fold', 6, 'pr', 0.91553168195740986, 'roc', 0.90077499129223271]
6,28,coarse : 138.19 seconds
6,28,fine : 138.2 seconds
[[1874   40]
 [  49   47]]
coarse acc: 0.956
coarse f1: 0.514
['rnd', 29, 'fold', 6, 'pr', 0.91277609908380131, 'roc', 0.90472069836293967]
[[1903   11]
 [  66   30]]
fine acc: 0.962
fine f1: 0.438
['rnd', 29, 'fold', 6, 'pr', 0.91527660559873314, 'roc', 0.89977904040404044]
6,29,coarse : 142.56 seconds
6,29,fine : 142.57 seconds
[[1871   43]
 [  49   47]]
coarse acc: 0.954
coarse f1: 0.505
['rnd', 30, 'fold', 6, 'pr', 0.9163087715831475, 'roc', 0.90267437304075238]
[[1907    7]
 [  67   29]]
fine acc: 0.963
fine f1: 0.439
['rnd', 30, 'fold', 6, 'pr', 0.91425440941550051, 'roc', 0.89983890630442354]
6,30,coarse : 145.18 seconds
6,30,fine : 145.19 seconds
[[1873   41]
 [  48   48]]
coarse acc: 0.956
coarse f1: 0.519
['rnd', 31, 'fold', 6, 'pr', 0.91651081600817419, 'roc', 0.90188523162661094]
[[1906    8]
 [  68   28]]
fine acc: 0.962
fine f1: 0.424
['rnd', 31, 'fold', 6, 'pr', 0.91520693616390625, 'roc', 0.89872322361546497]
6,31,coarse : 148.4 seconds
6,31,fine : 148.4 seconds
[[1864   50]
 [  45   51]]
coarse acc: 0.953
coarse f1: 0.518
['rnd', 32, 'fold', 6, 'pr', 0.91563942791711006, 'roc', 0.90046477708115646]
[[1907    7]
 [  67   29]]
fine acc: 0.963
fine f1: 0.439
['rnd', 32, 'fold', 6, 'pr', 0.91580500494834038, 'roc', 0.9018961163357716]
6,32,coarse : 152.43 seconds
6,32,fine : 152.44 seconds
[[1862   52]
 [  46   50]]
coarse acc: 0.951
coarse f1: 0.505
['rnd', 33, 'fold', 6, 'pr', 0.91526858899750929, 'roc', 0.8985109717868337]
[[1907    7]
 [  66   30]]
fine acc: 0.964
fine f1: 0.451
['rnd', 33, 'fold', 6, 'pr', 0.91759377070792791, 'roc', 0.90379549808429127]
6,33,coarse : 155.6 seconds
6,33,fine : 155.61 seconds
[[1866   48]
 [  46   50]]
coarse acc: 0.953
coarse f1: 0.515
['rnd', 34, 'fold', 6, 'pr', 0.9161854554578156, 'roc', 0.90017088993382088]
[[1907    7]
 [  67   29]]
fine acc: 0.963
fine f1: 0.439
['rnd', 34, 'fold', 6, 'pr', 0.9138588464191012, 'roc', 0.89518025078369901]
6,34,coarse : 159.17 seconds
6,34,fine : 159.17 seconds
[[1861   53]
 [  45   51]]
coarse acc: 0.951
coarse f1: 0.510
['rnd', 35, 'fold', 6, 'pr', 0.91480917155021213, 'roc', 0.8996701933124347]
[[1906    8]
 [  67   29]]
fine acc: 0.963
fine f1: 0.436
['rnd', 35, 'fold', 6, 'pr', 0.91705382946796732, 'roc', 0.90330568617206553]
6,35,coarse : 162.82 seconds
6,35,fine : 162.82 seconds
[[1858   56]
 [  45   51]]
coarse acc: 0.950
coarse f1: 0.502
['rnd', 36, 'fold', 6, 'pr', 0.9143906925884131, 'roc', 0.8991912661093695]
[[1903   11]
 [  67   29]]
fine acc: 0.961
fine f1: 0.426
['rnd', 36, 'fold', 6, 'pr', 0.91630972140524691, 'roc', 0.90185257749912928]
6,36,coarse : 165.88 seconds
6,36,fine : 165.88 seconds
[[1859   55]
 [  43   53]]
coarse acc: 0.951
coarse f1: 0.520
['rnd', 37, 'fold', 6, 'pr', 0.91446472687833913, 'roc', 0.89920215081853017]
[[1905    9]
 [  67   29]]
fine acc: 0.962
fine f1: 0.433
['rnd', 37, 'fold', 6, 'pr', 0.91675173373269381, 'roc', 0.90119405259491459]
6,37,coarse : 168.44 seconds
6,37,fine : 168.45 seconds
[[1851   63]
 [  44   52]]
coarse acc: 0.947
coarse f1: 0.493
['rnd', 38, 'fold', 6, 'pr', 0.91526611618045395, 'roc', 0.89983346394984309]
[[1906    8]
 [  67   29]]
fine acc: 0.963
fine f1: 0.436
['rnd', 38, 'fold', 6, 'pr', 0.92169460770293798, 'roc', 0.90967868338558]
6,38,coarse : 172.4 seconds
6,38,fine : 172.41 seconds
[[1856   58]
 [  42   54]]
coarse acc: 0.950
coarse f1: 0.519
['rnd', 39, 'fold', 6, 'pr', 0.91496326635611647, 'roc', 0.89937630616509934]
[[1906    8]
 [  69   27]]
fine acc: 0.962
fine f1: 0.412
['rnd', 39, 'fold', 6, 'pr', 0.91939652391264426, 'roc', 0.90487308429118773]
6,39,coarse : 175.88 seconds
6,39,fine : 175.89 seconds
[[1849   65]
 [  41   55]]
coarse acc: 0.947
coarse f1: 0.509
['rnd', 40, 'fold', 6, 'pr', 0.91465084789898088, 'roc', 0.89853274120515492]
[[1905    9]
 [  67   29]]
fine acc: 0.962
fine f1: 0.433
['rnd', 40, 'fold', 6, 'pr', 0.92391006440957824, 'roc', 0.9126284395680947]
6,40,coarse : 180.32 seconds
6,40,fine : 180.32 seconds
[[1844   70]
 [  42   54]]
coarse acc: 0.944
coarse f1: 0.491
['rnd', 41, 'fold', 6, 'pr', 0.91371447484600721, 'roc', 0.89768917624521072]
[[1904   10]
 [  67   29]]
fine acc: 0.962
fine f1: 0.430
['rnd', 41, 'fold', 6, 'pr', 0.92214730282152901, 'roc', 0.90978753047718552]
6,41,coarse : 183.74 seconds
6,41,fine : 183.74 seconds
[[1848   66]
 [  45   51]]
coarse acc: 0.945
coarse f1: 0.479
['rnd', 42, 'fold', 6, 'pr', 0.91449876806448072, 'roc', 0.89897901428073845]
[[1904   10]
 [  65   31]]
fine acc: 0.963
fine f1: 0.453
['rnd', 42, 'fold', 6, 'pr', 0.92172444868361558, 'roc', 0.9098800505050505]
6,42,coarse : 187.27 seconds
6,42,fine : 187.28 seconds
[[1846   68]
 [  41   55]]
coarse acc: 0.946
coarse f1: 0.502
['rnd', 43, 'fold', 6, 'pr', 0.91376764951109402, 'roc', 0.89821164228491823]
[[1904   10]
 [  66   30]]
fine acc: 0.962
fine f1: 0.441
['rnd', 43, 'fold', 6, 'pr', 0.92904457187239653, 'roc', 0.91873476140717525]
6,43,coarse : 187.64 seconds
6,43,fine : 187.65 seconds
[[1844   70]
 [  44   52]]
coarse acc: 0.943
coarse f1: 0.477
['rnd', 44, 'fold', 6, 'pr', 0.91329315509158127, 'roc', 0.89754767502612331]
[[1902   12]
 [  65   31]]
fine acc: 0.962
fine f1: 0.446
['rnd', 44, 'fold', 6, 'pr', 0.93088829731459699, 'roc', 0.92189676941832122]
6,44,coarse : 186.86 seconds
6,44,fine : 186.87 seconds
[[1845   69]
 [  43   53]]
coarse acc: 0.944
coarse f1: 0.486
['rnd', 45, 'fold', 6, 'pr', 0.91351155485713731, 'roc', 0.8979068704284221]
[[1903   11]
 [  65   31]]
fine acc: 0.962
fine f1: 0.449
['rnd', 45, 'fold', 6, 'pr', 0.9303080527711054, 'roc', 0.92062325844653425]
6,45,coarse : 188.04 seconds
6,45,fine : 188.05 seconds
[[1847   67]
 [  44   52]]
coarse acc: 0.945
coarse f1: 0.484
['rnd', 46, 'fold', 6, 'pr', 0.91398218492225924, 'roc', 0.89883207070707072]
[[1905    9]
 [  64   32]]
fine acc: 0.964
fine f1: 0.467
['rnd', 46, 'fold', 6, 'pr', 0.92836824845865185, 'roc', 0.91742859630790674]
6,46,coarse : 189.36 seconds
6,46,fine : 189.37 seconds
[[1844   70]
 [  45   51]]
coarse acc: 0.943
coarse f1: 0.470
['rnd', 47, 'fold', 6, 'pr', 0.91571837472399498, 'roc', 0.90240225531173812]
[[1901   13]
 [  63   33]]
fine acc: 0.962
fine f1: 0.465
['rnd', 47, 'fold', 6, 'pr', 0.92611397491041969, 'roc', 0.91195902995471967]
6,47,coarse : 190.3 seconds
6,47,fine : 190.31 seconds
[[1841   73]
 [  44   52]]
coarse acc: 0.942
coarse f1: 0.471
['rnd', 48, 'fold', 6, 'pr', 0.91422804452199424, 'roc', 0.90103078195750608]
[[1904   10]
 [  64   32]]
fine acc: 0.963
fine f1: 0.464
['rnd', 48, 'fold', 6, 'pr', 0.92948790991699515, 'roc', 0.91801637060257757]
6,48,coarse : 190.71 seconds
6,48,fine : 190.72 seconds
[[1844   70]
 [  42   54]]
coarse acc: 0.944
coarse f1: 0.491
['rnd', 49, 'fold', 6, 'pr', 0.91487737388942481, 'roc', 0.90130834204110055]
[[1903   11]
 [  63   33]]
fine acc: 0.963
fine f1: 0.471
['rnd', 49, 'fold', 6, 'pr', 0.92529401739444739, 'roc', 0.90971133751306166]
6,49,coarse : 192.59 seconds
6,49,fine : 192.6 seconds
[[1839   75]
 [  44   52]]
coarse acc: 0.941
coarse f1: 0.466
['rnd', 50, 'fold', 6, 'pr', 0.91561962559718613, 'roc', 0.90334378265412751]
[[1898   16]
 [  61   35]]
fine acc: 0.962
fine f1: 0.476
['rnd', 50, 'fold', 6, 'pr', 0.92491712981082874, 'roc', 0.9084160571229537]
6,50,coarse : 194.63 seconds
6,50,fine : 194.64 seconds
[[1844   70]
 [  42   54]]
coarse acc: 0.944
coarse f1: 0.491
['rnd', 51, 'fold', 6, 'pr', 0.91620183315068715, 'roc', 0.90337099442702895]
[[1896   18]
 [  59   37]]
fine acc: 0.962
fine f1: 0.490
['rnd', 51, 'fold', 6, 'pr', 0.92655560987122543, 'roc', 0.91263388192267503]
6,51,coarse : 194.26 seconds
6,51,fine : 194.27 seconds
[[1841   73]
 [  41   55]]
coarse acc: 0.943
coarse f1: 0.491
['rnd', 52, 'fold', 6, 'pr', 0.91619465068944539, 'roc', 0.90438871473354232]
[[1897   17]
 [  61   35]]
fine acc: 0.961
fine f1: 0.473
['rnd', 52, 'fold', 6, 'pr', 0.92464038526450643, 'roc', 0.90874259839777083]
6,52,coarse : 195.04 seconds
6,52,fine : 195.05 seconds
[[1846   68]
 [  42   54]]
coarse acc: 0.945
coarse f1: 0.495
['rnd', 53, 'fold', 6, 'pr', 0.91616638055678656, 'roc', 0.90419278996865204]
[[1898   16]
 [  62   34]]
fine acc: 0.961
fine f1: 0.466
['rnd', 53, 'fold', 6, 'pr', 0.9270453659118657, 'roc', 0.9126284395680947]
6,53,coarse : 197.49 seconds
6,53,fine : 197.49 seconds
[[1839   75]
 [  41   55]]
coarse acc: 0.942
coarse f1: 0.487
['rnd', 54, 'fold', 6, 'pr', 0.91665643892453064, 'roc', 0.90461185127133414]
[[1898   16]
 [  60   36]]
fine acc: 0.962
fine f1: 0.486
['rnd', 54, 'fold', 6, 'pr', 0.92495142850616696, 'roc', 0.90974943399512376]
6,54,coarse : 198.26 seconds
6,54,fine : 198.27 seconds
[[1845   69]
 [  44   52]]
coarse acc: 0.944
coarse f1: 0.479
['rnd', 55, 'fold', 6, 'pr', 0.91546151012650545, 'roc', 0.90351249564611635]
[[1897   17]
 [  60   36]]
fine acc: 0.962
fine f1: 0.483
['rnd', 55, 'fold', 6, 'pr', 0.92676549926388807, 'roc', 0.91286246081504707]
6,55,coarse : 199.23 seconds
6,55,fine : 199.24 seconds
[[1845   69]
 [  43   53]]
coarse acc: 0.944
coarse f1: 0.486
['rnd', 56, 'fold', 6, 'pr', 0.9145730240723553, 'roc', 0.90159678683385569]
[[1896   18]
 [  60   36]]
fine acc: 0.961
fine f1: 0.480
['rnd', 56, 'fold', 6, 'pr', 0.92789837355899296, 'roc', 0.91363527516544762]
6,56,coarse : 200.32 seconds
6,56,fine : 200.33 seconds
[[1844   70]
 [  41   55]]
coarse acc: 0.945
coarse f1: 0.498
['rnd', 57, 'fold', 6, 'pr', 0.91318755210288649, 'roc', 0.89944705677464298]
[[1897   17]
 [  60   36]]
fine acc: 0.962
fine f1: 0.483
['rnd', 57, 'fold', 6, 'pr', 0.92821582708397998, 'roc', 0.91391283524904221]
6,57,coarse : 203.24 seconds
6,57,fine : 203.25 seconds
[[1846   68]
 [  41   55]]
coarse acc: 0.946
coarse f1: 0.502
['rnd', 58, 'fold', 6, 'pr', 0.9136182911479267, 'roc', 0.89930011320097525]
[[1897   17]
 [  58   38]]
fine acc: 0.963
fine f1: 0.503
['rnd', 58, 'fold', 6, 'pr', 0.92601554228820959, 'roc', 0.90884600313479624]
6,58,coarse : 203.84 seconds
6,58,fine : 203.85 seconds
[[1845   69]
 [  41   55]]
coarse acc: 0.945
coarse f1: 0.500
['rnd', 59, 'fold', 6, 'pr', 0.91177487982542038, 'roc', 0.8969435736677116]
[[1897   17]
 [  60   36]]
fine acc: 0.962
fine f1: 0.483
['rnd', 59, 'fold', 6, 'pr', 0.92657211031717512, 'roc', 0.90765412748171359]
6,59,coarse : 205.13 seconds
6,59,fine : 205.14 seconds
[[1843   71]
 [  39   57]]
coarse acc: 0.945
coarse f1: 0.509
['rnd', 60, 'fold', 6, 'pr', 0.91429895889663049, 'roc', 0.89998584987809116]
[[1897   17]
 [  57   39]]
fine acc: 0.963
fine f1: 0.513
['rnd', 60, 'fold', 6, 'pr', 0.92610120668044915, 'roc', 0.90764324277255315]
6,60,coarse : 205.87 seconds
6,60,fine : 205.88 seconds
[[1841   73]
 [  39   57]]
coarse acc: 0.944
coarse f1: 0.504
['rnd', 61, 'fold', 6, 'pr', 0.91338809243533414, 'roc', 0.89967019331243459]
[[1894   20]
 [  57   39]]
fine acc: 0.962
fine f1: 0.503
['rnd', 61, 'fold', 6, 'pr', 0.92490649482319165, 'roc', 0.90664184952978044]
6,61,coarse : 205.76 seconds
6,61,fine : 205.76 seconds
[[1846   68]
 [  41   55]]
coarse acc: 0.946
coarse f1: 0.502
['rnd', 62, 'fold', 6, 'pr', 0.9142267063725058, 'roc', 0.90082941483803558]
[[1895   19]
 [  57   39]]
fine acc: 0.962
fine f1: 0.506
['rnd', 62, 'fold', 6, 'pr', 0.92568466813480854, 'roc', 0.90742554858934177]
6,62,coarse : 206.68 seconds
6,62,fine : 206.69 seconds
[[1844   70]
 [  41   55]]
coarse acc: 0.945
coarse f1: 0.498
['rnd', 63, 'fold', 6, 'pr', 0.91325619533887448, 'roc', 0.89947971090212464]
[[1894   20]
 [  57   39]]
fine acc: 0.962
fine f1: 0.503
['rnd', 63, 'fold', 6, 'pr', 0.92441160871069317, 'roc', 0.90608128700801116]
6,63,coarse : 207.25 seconds
6,63,fine : 207.26 seconds
[[1843   71]
 [  41   55]]
coarse acc: 0.944
coarse f1: 0.495
['rnd', 64, 'fold', 6, 'pr', 0.91365201008112007, 'roc', 0.89990421455938696]
[[1894   20]
 [  57   39]]
fine acc: 0.962
fine f1: 0.503
['rnd', 64, 'fold', 6, 'pr', 0.92456328036176905, 'roc', 0.90702281435040066]
6,64,coarse : 208.36 seconds
6,64,fine : 208.37 seconds
[[1839   75]
 [  41   55]]
coarse acc: 0.942
coarse f1: 0.487
['rnd', 65, 'fold', 6, 'pr', 0.91323741344544362, 'roc', 0.89992598397770807]
[[1894   20]
 [  58   38]]
fine acc: 0.961
fine f1: 0.494
['rnd', 65, 'fold', 6, 'pr', 0.92595770839628222, 'roc', 0.91006509056078022]
6,65,coarse : 209.96 seconds
6,65,fine : 209.97 seconds
[[1842   72]
 [  40   56]]
coarse acc: 0.944
coarse f1: 0.500
['rnd', 66, 'fold', 6, 'pr', 0.91300131535215534, 'roc', 0.90014912051549967]
[[1894   20]
 [  58   38]]
fine acc: 0.961
fine f1: 0.494
['rnd', 66, 'fold', 6, 'pr', 0.92635343902429745, 'roc', 0.90885144548937657]
6,66,coarse : 211.4 seconds
6,66,fine : 211.41 seconds
[[1841   73]
 [  41   55]]
coarse acc: 0.943
coarse f1: 0.491
['rnd', 67, 'fold', 6, 'pr', 0.91340049835943493, 'roc', 0.89962121212121227]
[[1897   17]
 [  57   39]]
fine acc: 0.963
fine f1: 0.513
['rnd', 67, 'fold', 6, 'pr', 0.92505061227493424, 'roc', 0.90697927551375823]
6,67,coarse : 212.28 seconds
6,67,fine : 212.29 seconds
[[1840   74]
 [  39   57]]
coarse acc: 0.944
coarse f1: 0.502
['rnd', 68, 'fold', 6, 'pr', 0.91210460624268197, 'roc', 0.89950692267502608]
[[1894   20]
 [  58   38]]
fine acc: 0.961
fine f1: 0.494
['rnd', 68, 'fold', 6, 'pr', 0.92522965940651225, 'roc', 0.90762147335423204]
6,68,coarse : 212.62 seconds
6,68,fine : 212.63 seconds
[[1840   74]
 [  41   55]]
coarse acc: 0.943
coarse f1: 0.489
['rnd', 69, 'fold', 6, 'pr', 0.91160132812774664, 'roc', 0.89842933646812961]
[[1895   19]
 [  58   38]]
fine acc: 0.962
fine f1: 0.497
['rnd', 69, 'fold', 6, 'pr', 0.92523215368840717, 'roc', 0.90706091083246254]
6,69,coarse : 212.34 seconds
6,69,fine : 212.35 seconds
[[1836   78]
 [  38   58]]
coarse acc: 0.942
coarse f1: 0.500
['rnd', 70, 'fold', 6, 'pr', 0.91239349219076415, 'roc', 0.90004571577847436]
[[1894   20]
 [  57   39]]
fine acc: 0.962
fine f1: 0.503
['rnd', 70, 'fold', 6, 'pr', 0.92555412868776843, 'roc', 0.90921608324625569]
6,70,coarse : 213.48 seconds
6,70,fine : 213.48 seconds
[[1836   78]
 [  38   58]]
coarse acc: 0.942
coarse f1: 0.500
['rnd', 71, 'fold', 6, 'pr', 0.91215248496031132, 'roc', 0.90024164054336475]
[[1894   20]
 [  56   40]]
fine acc: 0.962
fine f1: 0.513
['rnd', 71, 'fold', 6, 'pr', 0.92508284280234476, 'roc', 0.90912900557297105]
6,71,coarse : 212.96 seconds
6,71,fine : 212.97 seconds
[[1837   77]
 [  40   56]]
coarse acc: 0.942
coarse f1: 0.489
['rnd', 72, 'fold', 6, 'pr', 0.91213602678089933, 'roc', 0.89885384012539182]
[[1895   19]
 [  57   39]]
fine acc: 0.962
fine f1: 0.506
['rnd', 72, 'fold', 6, 'pr', 0.92526689864924994, 'roc', 0.90935758446534309]
6,72,coarse : 212.74 seconds
6,72,fine : 212.75 seconds
[[1841   73]
 [  36   60]]
coarse acc: 0.946
coarse f1: 0.524
['rnd', 73, 'fold', 6, 'pr', 0.91257638696493182, 'roc', 0.89963209683037271]
[[1895   19]
 [  56   40]]
fine acc: 0.963
fine f1: 0.516
['rnd', 73, 'fold', 6, 'pr', 0.92363251093048737, 'roc', 0.90786093695576453]
6,73,coarse : 214.41 seconds
6,73,fine : 214.42 seconds
[[1835   79]
 [  39   57]]
coarse acc: 0.941
coarse f1: 0.491
['rnd', 74, 'fold', 6, 'pr', 0.91217637975367027, 'roc', 0.90086751132009768]
[[1895   19]
 [  56   40]]
fine acc: 0.963
fine f1: 0.516
['rnd', 74, 'fold', 6, 'pr', 0.92484586655156964, 'roc', 0.90942289272030663]
6,74,coarse : 215.63 seconds
6,74,fine : 215.64 seconds
[[1836   78]
 [  40   56]]
coarse acc: 0.941
coarse f1: 0.487
['rnd', 75, 'fold', 6, 'pr', 0.91282523495931034, 'roc', 0.90154236328805293]
[[1895   19]
 [  56   40]]
fine acc: 0.963
fine f1: 0.516
['rnd', 75, 'fold', 6, 'pr', 0.92466055791492097, 'roc', 0.90938479623824453]
6,75,coarse : 216.44 seconds
6,75,fine : 216.45 seconds
[[1835   79]
 [  41   55]]
coarse acc: 0.940
coarse f1: 0.478
['rnd', 76, 'fold', 6, 'pr', 0.91202024693825456, 'roc', 0.90058450888192265]
[[1894   20]
 [  56   40]]
fine acc: 0.962
fine f1: 0.513
['rnd', 76, 'fold', 6, 'pr', 0.92355733320828692, 'roc', 0.90604863288052939]
6,76,coarse : 216.68 seconds
6,76,fine : 216.69 seconds
[[1837   77]
 [  41   55]]
coarse acc: 0.941
coarse f1: 0.482
['rnd', 77, 'fold', 6, 'pr', 0.91182885058570817, 'roc', 0.9008348571926158]
[[1891   23]
 [  54   42]]
fine acc: 0.962
fine f1: 0.522
['rnd', 77, 'fold', 6, 'pr', 0.92249844576489604, 'roc', 0.90494927725531182]
6,77,coarse : 217.58 seconds
6,77,fine : 217.59 seconds
[[1839   75]
 [  41   55]]
coarse acc: 0.942
coarse f1: 0.487
['rnd', 78, 'fold', 6, 'pr', 0.91363040749269198, 'roc', 0.90193965517241381]
[[1894   20]
 [  55   41]]
fine acc: 0.963
fine f1: 0.522
['rnd', 78, 'fold', 6, 'pr', 0.92333538358467282, 'roc', 0.90517241379310343]
6,78,coarse : 217.32 seconds
6,78,fine : 217.33 seconds
[[1835   79]
 [  39   57]]
coarse acc: 0.941
coarse f1: 0.491
['rnd', 79, 'fold', 6, 'pr', 0.91316697998023977, 'roc', 0.90280498955067912]
[[1894   20]
 [  56   40]]
fine acc: 0.962
fine f1: 0.513
['rnd', 79, 'fold', 6, 'pr', 0.92311894598185196, 'roc', 0.90615203761755492]
6,79,coarse : 216.77 seconds
6,79,fine : 216.78 seconds
[[1840   74]
 [  41   55]]
coarse acc: 0.943
coarse f1: 0.489
['rnd', 80, 'fold', 6, 'pr', 0.91386471402491631, 'roc', 0.9036866509926853]
[[1893   21]
 [  56   40]]
fine acc: 0.962
fine f1: 0.510
['rnd', 80, 'fold', 6, 'pr', 0.92383084141999217, 'roc', 0.90729493207941481]
6,80,coarse : 217.8 seconds
6,80,fine : 217.81 seconds
[[1841   73]
 [  39   57]]
coarse acc: 0.944
coarse f1: 0.504
['rnd', 81, 'fold', 6, 'pr', 0.9121186081443915, 'roc', 0.89935997910135823]
[[1895   19]
 [  55   41]]
fine acc: 0.963
fine f1: 0.526
['rnd', 81, 'fold', 6, 'pr', 0.9240251831536711, 'roc', 0.90696839080459768]
6,81,coarse : 218.67 seconds
6,81,fine : 218.68 seconds
[[1838   76]
 [  39   57]]
coarse acc: 0.943
coarse f1: 0.498
['rnd', 82, 'fold', 6, 'pr', 0.91255415688172448, 'roc', 0.90067158655520718]
[[1892   22]
 [  55   41]]
fine acc: 0.962
fine f1: 0.516
['rnd', 82, 'fold', 6, 'pr', 0.92361729054597863, 'roc', 0.90571664925113204]
6,82,coarse : 219.96 seconds
6,82,fine : 219.97 seconds
[[1836   78]
 [  40   56]]
coarse acc: 0.941
coarse f1: 0.487
['rnd', 83, 'fold', 6, 'pr', 0.91307802504581592, 'roc', 0.90159134447927558]
[[1895   19]
 [  55   41]]
fine acc: 0.963
fine f1: 0.526
['rnd', 83, 'fold', 6, 'pr', 0.92354197777627622, 'roc', 0.90621734587251834]
6,83,coarse : 220.04 seconds
6,83,fine : 220.05 seconds
[[1835   79]
 [  40   56]]
coarse acc: 0.941
coarse f1: 0.485
['rnd', 84, 'fold', 6, 'pr', 0.9117097826499363, 'roc', 0.89986067572274475]
[[1891   23]
 [  53   43]]
fine acc: 0.962
fine f1: 0.531
['rnd', 84, 'fold', 6, 'pr', 0.9234985332506348, 'roc', 0.90607584465343094]
6,84,coarse : 220.11 seconds
6,84,fine : 220.12 seconds
[[1839   75]
 [  40   56]]
coarse acc: 0.943
coarse f1: 0.493
['rnd', 85, 'fold', 6, 'pr', 0.91248166730661473, 'roc', 0.90066614420062696]
[[1892   22]
 [  56   40]]
fine acc: 0.961
fine f1: 0.506
['rnd', 85, 'fold', 6, 'pr', 0.9223695672736083, 'roc', 0.90289750957854409]
6,85,coarse : 221.87 seconds
6,85,fine : 221.88 seconds
[[1836   78]
 [  42   54]]
coarse acc: 0.940
coarse f1: 0.474
['rnd', 86, 'fold', 6, 'pr', 0.91197684615371066, 'roc', 0.90026885231626619]
[[1896   18]
 [  56   40]]
fine acc: 0.963
fine f1: 0.519
['rnd', 86, 'fold', 6, 'pr', 0.92337275329641055, 'roc', 0.90652211772901425]
6,86,coarse : 222.84 seconds
6,86,fine : 222.85 seconds
[[1838   76]
 [  42   54]]
coarse acc: 0.941
coarse f1: 0.478
['rnd', 87, 'fold', 6, 'pr', 0.91264289767988482, 'roc', 0.90156957506095436]
[[1896   18]
 [  55   41]]
fine acc: 0.964
fine f1: 0.529
['rnd', 87, 'fold', 6, 'pr', 0.92373908463260468, 'roc', 0.90634252002786486]
6,87,coarse : 222.95 seconds
6,87,fine : 222.96 seconds
[[1835   79]
 [  42   54]]
coarse acc: 0.940
coarse f1: 0.472
['rnd', 88, 'fold', 6, 'pr', 0.91222958850159941, 'roc', 0.89960488505747127]
[[1895   19]
 [  56   40]]
fine acc: 0.963
fine f1: 0.516
['rnd', 88, 'fold', 6, 'pr', 0.92304844136184583, 'roc', 0.9057493033786137]
6,88,coarse : 224.86 seconds
6,88,fine : 224.87 seconds
[[1838   76]
 [  41   55]]
coarse acc: 0.942
coarse f1: 0.485
['rnd', 89, 'fold', 6, 'pr', 0.9118202147922021, 'roc', 0.89971917450365724]
[[1894   20]
 [  54   42]]
fine acc: 0.963
fine f1: 0.532
['rnd', 89, 'fold', 6, 'pr', 0.92406540693154404, 'roc', 0.90679967781260884]
6,89,coarse : 225.6 seconds
6,89,fine : 225.61 seconds
[[1840   74]
 [  40   56]]
coarse acc: 0.943
coarse f1: 0.496
['rnd', 90, 'fold', 6, 'pr', 0.91113219604750473, 'roc', 0.89958855799373039]
[[1895   19]
 [  55   41]]
fine acc: 0.963
fine f1: 0.526
['rnd', 90, 'fold', 6, 'pr', 0.92348788337209697, 'roc', 0.9061683646812958]
6,90,coarse : 226.59 seconds
6,90,fine : 226.6 seconds
[[1839   75]
 [  42   54]]
coarse acc: 0.942
coarse f1: 0.480
['rnd', 91, 'fold', 6, 'pr', 0.91190198570614667, 'roc', 0.90070424068268895]
[[1895   19]
 [  55   41]]
fine acc: 0.963
fine f1: 0.526
['rnd', 91, 'fold', 6, 'pr', 0.92311556675129214, 'roc', 0.90582549634273779]
6,91,coarse : 226.86 seconds
6,91,fine : 226.87 seconds
[[1840   74]
 [  42   54]]
coarse acc: 0.942
coarse f1: 0.482
['rnd', 92, 'fold', 6, 'pr', 0.9108144046172888, 'roc', 0.89913140020898641]
[[1895   19]
 [  53   43]]
fine acc: 0.964
fine f1: 0.544
['rnd', 92, 'fold', 6, 'pr', 0.92445749338076433, 'roc', 0.90761603099965171]
6,92,coarse : 228.72 seconds
6,92,fine : 228.73 seconds
[[1840   74]
 [  42   54]]
coarse acc: 0.942
coarse f1: 0.482
['rnd', 93, 'fold', 6, 'pr', 0.91027021278020459, 'roc', 0.89805925635667005]
[[1893   21]
 [  53   43]]
fine acc: 0.963
fine f1: 0.537
['rnd', 93, 'fold', 6, 'pr', 0.92348162224454555, 'roc', 0.90621734587251823]
6,93,coarse : 230.26 seconds
6,93,fine : 230.27 seconds
[[1840   74]
 [  42   54]]
coarse acc: 0.942
coarse f1: 0.482
['rnd', 94, 'fold', 6, 'pr', 0.91034159154838168, 'roc', 0.89832593173110409]
[[1892   22]
 [  53   43]]
fine acc: 0.963
fine f1: 0.534
['rnd', 94, 'fold', 6, 'pr', 0.92471408145532341, 'roc', 0.90796434169278994]
6,94,coarse : 229.83 seconds
6,94,fine : 229.84 seconds
[[1838   76]
 [  40   56]]
coarse acc: 0.942
coarse f1: 0.491
['rnd', 95, 'fold', 6, 'pr', 0.91065097250982607, 'roc', 0.89884295541623138]
[[1893   21]
 [  53   43]]
fine acc: 0.963
fine f1: 0.537
['rnd', 95, 'fold', 6, 'pr', 0.9241401967255084, 'roc', 0.90724050853361204]
6,95,coarse : 230.89 seconds
6,95,fine : 230.9 seconds
[[1835   79]
 [  41   55]]
coarse acc: 0.940
coarse f1: 0.478
['rnd', 96, 'fold', 6, 'pr', 0.91180187441509364, 'roc', 0.9006933559735284]
[[1892   22]
 [  55   41]]
fine acc: 0.962
fine f1: 0.516
['rnd', 96, 'fold', 6, 'pr', 0.92328117890506256, 'roc', 0.90663640717520033]
6,96,coarse : 231.83 seconds
6,96,fine : 231.84 seconds
[[1837   77]
 [  40   56]]
coarse acc: 0.942
coarse f1: 0.489
['rnd', 97, 'fold', 6, 'pr', 0.91161948755713607, 'roc', 0.90036137234413094]
[[1890   24]
 [  53   43]]
fine acc: 0.962
fine f1: 0.528
['rnd', 97, 'fold', 6, 'pr', 0.92240881656163431, 'roc', 0.90365399686520376]
6,97,coarse : 232.73 seconds
6,97,fine : 232.74 seconds
[[1836   78]
 [  40   56]]
coarse acc: 0.941
coarse f1: 0.487
['rnd', 98, 'fold', 6, 'pr', 0.91119070385386669, 'roc', 0.90000761929641249]
[[1890   24]
 [  51   45]]
fine acc: 0.963
fine f1: 0.545
['rnd', 98, 'fold', 6, 'pr', 0.92302694933631202, 'roc', 0.90428530999651691]
6,98,coarse : 233.5 seconds
6,98,fine : 233.51 seconds
[[1832   82]
 [  40   56]]
coarse acc: 0.939
coarse f1: 0.479
['rnd', 99, 'fold', 6, 'pr', 0.91243252443330081, 'roc', 0.90148249738766983]
[[1890   24]
 [  51   45]]
fine acc: 0.963
fine f1: 0.545
['rnd', 99, 'fold', 6, 'pr', 0.92232306767281669, 'roc', 0.9032621473354232]
6,99,coarse : 233.12 seconds
6,99,fine : 233.14 seconds
[[1836   78]
 [  41   55]]
coarse acc: 0.941
coarse f1: 0.480
['rnd', 100, 'fold', 6, 'pr', 0.91156247479841457, 'roc', 0.90093281957506099]
[[1892   22]
 [  52   44]]
fine acc: 0.963
fine f1: 0.543
['rnd', 100, 'fold', 6, 'pr', 0.92287322834756536, 'roc', 0.9043451758969]
6,100,coarse : 235.52 seconds
6,100,fine : 235.53 seconds
[[1835   79]
 [  40   56]]
coarse acc: 0.941
coarse f1: 0.485
['rnd', 101, 'fold', 6, 'pr', 0.91130874095274006, 'roc', 0.90023619818878442]
[[1892   22]
 [  52   44]]
fine acc: 0.963
fine f1: 0.543
['rnd', 101, 'fold', 6, 'pr', 0.92289717959252038, 'roc', 0.90438871473354243]
6,101,coarse : 232.6 seconds
6,101,fine : 232.62 seconds
[[1832   82]
 [  42   54]]
coarse acc: 0.938
coarse f1: 0.466
['rnd', 102, 'fold', 6, 'pr', 0.91269092187476386, 'roc', 0.90298458725182862]
[[1892   22]
 [  51   45]]
fine acc: 0.964
fine f1: 0.552
['rnd', 102, 'fold', 6, 'pr', 0.92285882335006686, 'roc', 0.90445402298850575]
6,102,coarse : 234.19 seconds
6,102,fine : 234.2 seconds
[[1836   78]
 [  39   57]]
coarse acc: 0.942
coarse f1: 0.494
['rnd', 103, 'fold', 6, 'pr', 0.91313203723190328, 'roc', 0.90280498955067912]
[[1890   24]
 [  52   44]]
fine acc: 0.962
fine f1: 0.537
['rnd', 103, 'fold', 6, 'pr', 0.92265049880289784, 'roc', 0.90516152908394276]
6,103,coarse : 234.08 seconds
6,103,fine : 234.09 seconds
[[1834   80]
 [  39   57]]
coarse acc: 0.941
coarse f1: 0.489
['rnd', 104, 'fold', 6, 'pr', 0.91467809560348412, 'roc', 0.90579284221525602]
[[1889   25]
 [  52   44]]
fine acc: 0.962
fine f1: 0.533
['rnd', 104, 'fold', 6, 'pr', 0.92267863443557518, 'roc', 0.90495471960989204]
6,104,coarse : 234.77 seconds
6,104,fine : 234.78 seconds
[[1839   75]
 [  39   57]]
coarse acc: 0.943
coarse f1: 0.500
['rnd', 105, 'fold', 6, 'pr', 0.91484578092913293, 'roc', 0.90609217171717171]
[[1889   25]
 [  52   44]]
fine acc: 0.962
fine f1: 0.533
['rnd', 105, 'fold', 6, 'pr', 0.92225606560096218, 'roc', 0.90423632880529425]
6,105,coarse : 236.6 seconds
6,105,fine : 236.61 seconds
[[1836   78]
 [  43   53]]
coarse acc: 0.940
coarse f1: 0.467
['rnd', 106, 'fold', 6, 'pr', 0.91346995371736961, 'roc', 0.90530847265761061]
[[1888   26]
 [  50   46]]
fine acc: 0.962
fine f1: 0.548
['rnd', 106, 'fold', 6, 'pr', 0.92268200793458865, 'roc', 0.90509077847439912]
6,106,coarse : 236.88 seconds
6,106,fine : 236.89 seconds
[[1837   77]
 [  39   57]]
coarse acc: 0.942
coarse f1: 0.496
['rnd', 107, 'fold', 6, 'pr', 0.91477458288442492, 'roc', 0.90627721177290144]
[[1889   25]
 [  50   46]]
fine acc: 0.963
fine f1: 0.551
['rnd', 107, 'fold', 6, 'pr', 0.92329616506601331, 'roc', 0.90640782828282829]
6,107,coarse : 236.97 seconds
6,107,fine : 236.98 seconds
[[1841   73]
 [  43   53]]
coarse acc: 0.942
coarse f1: 0.477
['rnd', 108, 'fold', 6, 'pr', 0.91403422448841321, 'roc', 0.90636973180076641]
[[1890   24]
 [  51   45]]
fine acc: 0.963
fine f1: 0.545
['rnd', 108, 'fold', 6, 'pr', 0.92278305202565192, 'roc', 0.90552072448624177]
6,108,coarse : 237.04 seconds
6,108,fine : 237.05 seconds
[[1841   73]
 [  42   54]]
coarse acc: 0.943
coarse f1: 0.484
['rnd', 109, 'fold', 6, 'pr', 0.91327688979780841, 'roc', 0.90505812434691746]
[[1890   24]
 [  51   45]]
fine acc: 0.963
fine f1: 0.545
['rnd', 109, 'fold', 6, 'pr', 0.92277340117175222, 'roc', 0.90587447753396022]
6,109,coarse : 237.99 seconds
6,109,fine : 238.0 seconds
[[1836   78]
 [  43   53]]
coarse acc: 0.940
coarse f1: 0.467
['rnd', 110, 'fold', 6, 'pr', 0.91406486443745327, 'roc', 0.90649490595611282]
[[1890   24]
 [  51   45]]
fine acc: 0.963
fine f1: 0.545
['rnd', 110, 'fold', 6, 'pr', 0.92272178763849311, 'roc', 0.90561868686868685]
6,110,coarse : 239.11 seconds
6,110,fine : 239.13 seconds
[[1838   76]
 [  42   54]]
coarse acc: 0.941
coarse f1: 0.478
['rnd', 111, 'fold', 6, 'pr', 0.91530489994116226, 'roc', 0.90794801462904906]
[[1890   24]
 [  51   45]]
fine acc: 0.963
fine f1: 0.545
['rnd', 111, 'fold', 6, 'pr', 0.9215976085217622, 'roc', 0.90388257575757569]
6,111,coarse : 239.02 seconds
6,111,fine : 239.03 seconds
[[1837   77]
 [  43   53]]
coarse acc: 0.940
coarse f1: 0.469
['rnd', 112, 'fold', 6, 'pr', 0.91516755619836654, 'roc', 0.90912356321839072]
[[1890   24]
 [  52   44]]
fine acc: 0.962
fine f1: 0.537
['rnd', 112, 'fold', 6, 'pr', 0.92163074698267666, 'roc', 0.90399142284918155]
6,112,coarse : 241.28 seconds
6,112,fine : 241.29 seconds
[[1833   81]
 [  44   52]]
coarse acc: 0.938
coarse f1: 0.454
['rnd', 113, 'fold', 6, 'pr', 0.91290517906603164, 'roc', 0.90518874085684431]
[[1890   24]
 [  52   44]]
fine acc: 0.962
fine f1: 0.537
['rnd', 113, 'fold', 6, 'pr', 0.92169782797558264, 'roc', 0.90404584639498431]
6,113,coarse : 242.22 seconds
6,113,fine : 242.23 seconds
[[1835   79]
 [  43   53]]
coarse acc: 0.939
coarse f1: 0.465
['rnd', 114, 'fold', 6, 'pr', 0.91350312492665187, 'roc', 0.90669627307558354]
[[1890   24]
 [  52   44]]
fine acc: 0.962
fine f1: 0.537
['rnd', 114, 'fold', 6, 'pr', 0.92158529155335012, 'roc', 0.90408938523162652]
6,114,coarse : 243.86 seconds
6,114,fine : 243.87 seconds
[[1836   78]
 [  44   52]]
coarse acc: 0.939
coarse f1: 0.460
['rnd', 115, 'fold', 6, 'pr', 0.91273204554811405, 'roc', 0.90583638105189823]
[[1890   24]
 [  52   44]]
fine acc: 0.962
fine f1: 0.537
['rnd', 115, 'fold', 6, 'pr', 0.92169568956116454, 'roc', 0.90425809822361558]
6,115,coarse : 242.53 seconds
6,115,fine : 242.54 seconds
[[1836   78]
 [  41   55]]
coarse acc: 0.941
coarse f1: 0.480
['rnd', 116, 'fold', 6, 'pr', 0.91456472057240668, 'roc', 0.90728948972483459]
[[1891   23]
 [  52   44]]
fine acc: 0.963
fine f1: 0.540
['rnd', 116, 'fold', 6, 'pr', 0.92264004935203536, 'roc', 0.90686498606757227]
6,116,coarse : 242.5 seconds
6,116,fine : 242.52 seconds
[[1834   80]
 [  41   55]]
coarse acc: 0.940
coarse f1: 0.476
['rnd', 117, 'fold', 6, 'pr', 0.91378680671155643, 'roc', 0.90690308254963425]
[[1888   26]
 [  51   45]]
fine acc: 0.962
fine f1: 0.539
['rnd', 117, 'fold', 6, 'pr', 0.92592380557780962, 'roc', 0.91235087948450011]
6,117,coarse : 243.18 seconds
6,117,fine : 243.19 seconds
[[1835   79]
 [  42   54]]
coarse acc: 0.940
coarse f1: 0.472
['rnd', 118, 'fold', 6, 'pr', 0.91386574437482804, 'roc', 0.90684865900383138]
[[1888   26]
 [  51   45]]
fine acc: 0.962
fine f1: 0.539
['rnd', 118, 'fold', 6, 'pr', 0.92849913587933708, 'roc', 0.9172217868338558]
6,118,coarse : 245.42 seconds
6,118,fine : 245.43 seconds
[[1835   79]
 [  43   53]]
coarse acc: 0.939
coarse f1: 0.465
['rnd', 119, 'fold', 6, 'pr', 0.91400816790813277, 'roc', 0.90742010623476144]
[[1889   25]
 [  51   45]]
fine acc: 0.962
fine f1: 0.542
['rnd', 119, 'fold', 6, 'pr', 0.92818211455331068, 'roc', 0.91761907871821657]
6,119,coarse : 245.92 seconds
6,119,fine : 245.93 seconds
[[1836   78]
 [  41   55]]
coarse acc: 0.941
coarse f1: 0.480
['rnd', 120, 'fold', 6, 'pr', 0.91443621931081653, 'roc', 0.9078935910832463]
[[1890   24]
 [  51   45]]
fine acc: 0.963
fine f1: 0.545
['rnd', 120, 'fold', 6, 'pr', 0.92728313741626911, 'roc', 0.91651428073841867]
6,120,coarse : 246.53 seconds
6,120,fine : 246.54 seconds
[[1835   79]
 [  45   51]]
coarse acc: 0.938
coarse f1: 0.451
['rnd', 121, 'fold', 6, 'pr', 0.91335551448467378, 'roc', 0.90705002612330188]
[[1889   25]
 [  51   45]]
fine acc: 0.962
fine f1: 0.542
['rnd', 121, 'fold', 6, 'pr', 0.92858572009163143, 'roc', 0.91780411877394641]
6,121,coarse : 247.91 seconds
6,121,fine : 247.92 seconds
[[1838   76]
 [  42   54]]
coarse acc: 0.941
coarse f1: 0.478
['rnd', 122, 'fold', 6, 'pr', 0.91484362202793235, 'roc', 0.9084976924416579]
[[1886   28]
 [  52   44]]
fine acc: 0.960
fine f1: 0.524
['rnd', 122, 'fold', 6, 'pr', 0.92829538680447088, 'roc', 0.91750478927203061]
6,122,coarse : 247.92 seconds
6,122,fine : 247.93 seconds
[[1838   76]
 [  40   56]]
coarse acc: 0.942
coarse f1: 0.491
['rnd', 123, 'fold', 6, 'pr', 0.91457330322887276, 'roc', 0.90817659352142099]
[[1886   28]
 [  51   45]]
fine acc: 0.961
fine f1: 0.533
['rnd', 123, 'fold', 6, 'pr', 0.92779434483735224, 'roc', 0.91687347614071757]
6,123,coarse : 247.94 seconds
6,123,fine : 247.95 seconds
[[1836   78]
 [  43   53]]
coarse acc: 0.940
coarse f1: 0.467
['rnd', 124, 'fold', 6, 'pr', 0.91366487674136654, 'roc', 0.90730581678857547]
[[1887   27]
 [  52   44]]
fine acc: 0.961
fine f1: 0.527
['rnd', 124, 'fold', 6, 'pr', 0.92783162795628982, 'roc', 0.91691157262277956]
6,124,coarse : 248.82 seconds
6,124,fine : 248.83 seconds
[[1840   74]
 [  41   55]]
coarse acc: 0.943
coarse f1: 0.489
['rnd', 125, 'fold', 6, 'pr', 0.91278650159485153, 'roc', 0.90625544235458022]
[[1888   26]
 [  51   45]]
fine acc: 0.962
fine f1: 0.539
['rnd', 125, 'fold', 6, 'pr', 0.92762049686663139, 'roc', 0.9165795889933821]
6,125,coarse : 250.1 seconds
6,125,fine : 250.11 seconds
[[1837   77]
 [  41   55]]
coarse acc: 0.941
coarse f1: 0.482
['rnd', 126, 'fold', 6, 'pr', 0.9144479324334287, 'roc', 0.90795345698362939]
[[1888   26]
 [  50   46]]
fine acc: 0.962
fine f1: 0.548
['rnd', 126, 'fold', 6, 'pr', 0.92769297927975769, 'roc', 0.91659591605712298]
6,126,coarse : 250.03 seconds
6,126,fine : 250.04 seconds
[[1839   75]
 [  40   56]]
coarse acc: 0.943
coarse f1: 0.493
['rnd', 127, 'fold', 6, 'pr', 0.91406103441213793, 'roc', 0.90724050853361193]
[[1888   26]
 [  50   46]]
fine acc: 0.962
fine f1: 0.548
['rnd', 127, 'fold', 6, 'pr', 0.92756056258683006, 'roc', 0.91617141239986066]
6,127,coarse : 250.17 seconds
6,127,fine : 250.19 seconds
[[1833   81]
 [  44   52]]
coarse acc: 0.938
coarse f1: 0.454
['rnd', 128, 'fold', 6, 'pr', 0.91349168768534894, 'roc', 0.90738200975269945]
[[1888   26]
 [  51   45]]
fine acc: 0.962
fine f1: 0.539
['rnd', 128, 'fold', 6, 'pr', 0.92787058685633361, 'roc', 0.91560540752351094]
6,128,coarse : 249.56 seconds
6,128,fine : 249.58 seconds
[[1837   77]
 [  41   55]]
coarse acc: 0.941
coarse f1: 0.482
['rnd', 129, 'fold', 6, 'pr', 0.91429951878266014, 'roc', 0.90781195576454188]
[[1888   26]
 [  50   46]]
fine acc: 0.962
fine f1: 0.548
['rnd', 129, 'fold', 6, 'pr', 0.92753026858842991, 'roc', 0.91612243120863823]
6,129,coarse : 249.41 seconds
6,129,fine : 249.42 seconds
[[1838   76]
 [  42   54]]
coarse acc: 0.941
coarse f1: 0.478
['rnd', 130, 'fold', 6, 'pr', 0.91302782497311252, 'roc', 0.90652211772901425]
[[1889   25]
 [  50   46]]
fine acc: 0.963
fine f1: 0.551
['rnd', 130, 'fold', 6, 'pr', 0.92817404788500391, 'roc', 0.91690068791361889]
6,130,coarse : 249.85 seconds
6,130,fine : 249.87 seconds
[[1834   80]
 [  43   53]]
coarse acc: 0.939
coarse f1: 0.463
['rnd', 131, 'fold', 6, 'pr', 0.91379231379868575, 'roc', 0.90747452978056431]
[[1888   26]
 [  51   45]]
fine acc: 0.962
fine f1: 0.539
['rnd', 131, 'fold', 6, 'pr', 0.92797001660816258, 'roc', 0.91666666666666663]
6,131,coarse : 252.05 seconds
6,131,fine : 252.06 seconds
[[1833   81]
 [  44   52]]
coarse acc: 0.938
coarse f1: 0.454
['rnd', 132, 'fold', 6, 'pr', 0.91294802256274388, 'roc', 0.90646769418321138]
[[1888   26]
 [  51   45]]
fine acc: 0.962
fine f1: 0.539
['rnd', 132, 'fold', 6, 'pr', 0.92803119817912183, 'roc', 0.91684626436781613]
6,132,coarse : 251.52 seconds
6,132,fine : 251.54 seconds
[[1832   82]
 [  44   52]]
coarse acc: 0.937
coarse f1: 0.452
['rnd', 133, 'fold', 6, 'pr', 0.91263673044910587, 'roc', 0.9067126001393242]
[[1890   24]
 [  51   45]]
fine acc: 0.963
fine f1: 0.545
['rnd', 133, 'fold', 6, 'pr', 0.92774380193560146, 'roc', 0.91643264541971448]
6,133,coarse : 251.29 seconds
6,133,fine : 251.3 seconds
[[1835   79]
 [  44   52]]
coarse acc: 0.939
coarse f1: 0.458
['rnd', 134, 'fold', 6, 'pr', 0.91472124342994732, 'roc', 0.90933581504702199]
[[1890   24]
 [  52   44]]
fine acc: 0.962
fine f1: 0.537
['rnd', 134, 'fold', 6, 'pr', 0.92802591997188799, 'roc', 0.91656870428422144]
6,134,coarse : 252.51 seconds
6,134,fine : 252.52 seconds
[[1834   80]
 [  44   52]]
coarse acc: 0.938
coarse f1: 0.456
['rnd', 135, 'fold', 6, 'pr', 0.9122188291799429, 'roc', 0.90613571055381403]
[[1890   24]
 [  52   44]]
fine acc: 0.962
fine f1: 0.537
['rnd', 135, 'fold', 6, 'pr', 0.92789962988323638, 'roc', 0.91592106408916751]
6,135,coarse : 252.15 seconds
6,135,fine : 252.16 seconds
[[1837   77]
 [  45   51]]
coarse acc: 0.939
coarse f1: 0.455
['rnd', 136, 'fold', 6, 'pr', 0.91101119262470587, 'roc', 0.90520506792058519]
[[1890   24]
 [  52   44]]
fine acc: 0.962
fine f1: 0.537
['rnd', 136, 'fold', 6, 'pr', 0.92787438947101419, 'roc', 0.9158775252525253]
6,136,coarse : 253.39 seconds
6,136,fine : 253.4 seconds
[[1834   80]
 [  44   52]]
coarse acc: 0.938
coarse f1: 0.456
['rnd', 137, 'fold', 6, 'pr', 0.913583339105838, 'roc', 0.90762691570881204]
[[1890   24]
 [  52   44]]
fine acc: 0.962
fine f1: 0.537
['rnd', 137, 'fold', 6, 'pr', 0.92781354093725033, 'roc', 0.91581221699756188]
6,137,coarse : 252.18 seconds
6,137,fine : 252.19 seconds
[[1834   80]
 [  44   52]]
coarse acc: 0.938
coarse f1: 0.456
['rnd', 138, 'fold', 6, 'pr', 0.91187097208694556, 'roc', 0.90562957157784751]
[[1890   24]
 [  52   44]]
fine acc: 0.962
fine f1: 0.537
['rnd', 138, 'fold', 6, 'pr', 0.92751096629979513, 'roc', 0.9151155956112853]
6,138,coarse : 251.81 seconds
6,138,fine : 251.82 seconds
[[1833   81]
 [  44   52]]
coarse acc: 0.938
coarse f1: 0.454
['rnd', 139, 'fold', 6, 'pr', 0.91157741964912264, 'roc', 0.90499281609195403]
[[1891   23]
 [  52   44]]
fine acc: 0.963
fine f1: 0.540
['rnd', 139, 'fold', 6, 'pr', 0.92712203770875079, 'roc', 0.91461489898989889]
6,139,coarse : 252.81 seconds
6,139,fine : 252.82 seconds
[[1833   81]
 [  43   53]]
coarse acc: 0.938
coarse f1: 0.461
['rnd', 140, 'fold', 6, 'pr', 0.9116309702824934, 'roc', 0.90505812434691735]
[[1890   24]
 [  52   44]]
fine acc: 0.962
fine f1: 0.537
['rnd', 140, 'fold', 6, 'pr', 0.92694721725649787, 'roc', 0.91466388018112155]
6,140,coarse : 253.1 seconds
6,140,fine : 253.11 seconds
[[1829   85]
 [  44   52]]
coarse acc: 0.936
coarse f1: 0.446
['rnd', 141, 'fold', 6, 'pr', 0.91293020445584649, 'roc', 0.90712621908742597]
[[1887   27]
 [  52   44]]
fine acc: 0.961
fine f1: 0.527
['rnd', 141, 'fold', 6, 'pr', 0.92558250765279459, 'roc', 0.91334138801811215]
6,141,coarse : 254.09 seconds
6,141,fine : 254.1 seconds
[[1831   83]
 [  43   53]]
coarse acc: 0.937
coarse f1: 0.457
['rnd', 142, 'fold', 6, 'pr', 0.91158684131451306, 'roc', 0.90499825844653436]
[[1889   25]
 [  53   43]]
fine acc: 0.961
fine f1: 0.524
['rnd', 142, 'fold', 6, 'pr', 0.92570282456092245, 'roc', 0.91277538314176254]
6,142,coarse : 255.2 seconds
6,142,fine : 255.22 seconds
[[1831   83]
 [  44   52]]
coarse acc: 0.937
coarse f1: 0.450
['rnd', 143, 'fold', 6, 'pr', 0.9124066905755901, 'roc', 0.90656021421107624]
[[1889   25]
 [  52   44]]
fine acc: 0.962
fine f1: 0.533
['rnd', 143, 'fold', 6, 'pr', 0.92606017342444413, 'roc', 0.91512648032044597]
6,143,coarse : 256.0 seconds
6,143,fine : 256.02 seconds
[[1833   81]
 [  44   52]]
coarse acc: 0.938
coarse f1: 0.454
['rnd', 144, 'fold', 6, 'pr', 0.91193009142923032, 'roc', 0.90607040229885061]
[[1887   27]
 [  52   44]]
fine acc: 0.961
fine f1: 0.527
['rnd', 144, 'fold', 6, 'pr', 0.92576797097487595, 'roc', 0.91382031522117735]
6,144,coarse : 255.03 seconds
6,144,fine : 255.04 seconds
[[1832   82]
 [  45   51]]
coarse acc: 0.937
coarse f1: 0.445
['rnd', 145, 'fold', 6, 'pr', 0.91306834499897072, 'roc', 0.90761603099965171]
[[1888   26]
 [  52   44]]
fine acc: 0.961
fine f1: 0.530
['rnd', 145, 'fold', 6, 'pr', 0.9259681765845057, 'roc', 0.9148543625914316]
6,145,coarse : 254.31 seconds
6,145,fine : 254.32 seconds
[[1832   82]
 [  45   51]]
coarse acc: 0.937
coarse f1: 0.445
['rnd', 146, 'fold', 6, 'pr', 0.91142775461652736, 'roc', 0.90528670323928939]
[[1890   24]
 [  52   44]]
fine acc: 0.962
fine f1: 0.537
['rnd', 146, 'fold', 6, 'pr', 0.9253736925424676, 'roc', 0.91435910832462564]
6,146,coarse : 254.82 seconds
6,146,fine : 254.84 seconds
[[1832   82]
 [  44   52]]
coarse acc: 0.937
coarse f1: 0.452
['rnd', 147, 'fold', 6, 'pr', 0.9122668169848005, 'roc', 0.90643504005572961]
[[1889   25]
 [  52   44]]
fine acc: 0.962
fine f1: 0.533
['rnd', 147, 'fold', 6, 'pr', 0.92529565509081446, 'roc', 0.91424481887843945]
6,147,coarse : 256.45 seconds
6,147,fine : 256.47 seconds
[[1833   81]
 [  45   51]]
coarse acc: 0.937
coarse f1: 0.447
['rnd', 148, 'fold', 6, 'pr', 0.91238102100267215, 'roc', 0.90666361894810166]
[[1889   25]
 [  52   44]]
fine acc: 0.962
fine f1: 0.533
['rnd', 148, 'fold', 6, 'pr', 0.92577496595867559, 'roc', 0.91460945663531867]
6,148,coarse : 254.89 seconds
6,148,fine : 254.9 seconds
[[1831   83]
 [  45   51]]
coarse acc: 0.936
coarse f1: 0.443
['rnd', 149, 'fold', 6, 'pr', 0.91167289094359472, 'roc', 0.90589080459770099]
[[1889   25]
 [  52   44]]
fine acc: 0.962
fine f1: 0.533
['rnd', 149, 'fold', 6, 'pr', 0.92573799251934485, 'roc', 0.9145931295715779]
6,149,coarse : 256.14 seconds
6,149,fine : 256.15 seconds
[[1833   81]
 [  44   52]]
coarse acc: 0.938
coarse f1: 0.454
['rnd', 150, 'fold', 6, 'pr', 0.91267628981010906, 'roc', 0.90747997213514453]
[[1890   24]
 [  53   43]]
fine acc: 0.962
fine f1: 0.528
['rnd', 150, 'fold', 6, 'pr', 0.92395528075034983, 'roc', 0.91284613375130608]
6,150,coarse : 257.5 seconds
6,150,fine : 257.52 seconds
[[1832   82]
 [  45   51]]
coarse acc: 0.937
coarse f1: 0.445
['rnd', 151, 'fold', 6, 'pr', 0.91171783402265194, 'roc', 0.90596699756182519]
[[1890   24]
 [  53   43]]
fine acc: 0.962
fine f1: 0.528
['rnd', 151, 'fold', 6, 'pr', 0.9239361687858707, 'roc', 0.91281347962382442]
6,151,coarse : 256.73 seconds
6,151,fine : 256.75 seconds
[[1833   81]
 [  44   52]]
coarse acc: 0.938
coarse f1: 0.454
['rnd', 152, 'fold', 6, 'pr', 0.91268567270861733, 'roc', 0.90752351097178685]
[[1891   23]
 [  53   43]]
fine acc: 0.962
fine f1: 0.531
['rnd', 152, 'fold', 6, 'pr', 0.92378473965521246, 'roc', 0.91266109369557646]
6,152,coarse : 255.95 seconds
6,152,fine : 255.97 seconds
[[1834   80]
 [  45   51]]
coarse acc: 0.938
coarse f1: 0.449
['rnd', 153, 'fold', 6, 'pr', 0.91215558003206243, 'roc', 0.90699560257749912]
[[1891   23]
 [  53   43]]
fine acc: 0.962
fine f1: 0.531
['rnd', 153, 'fold', 6, 'pr', 0.92373835701356999, 'roc', 0.91261211250435381]
6,153,coarse : 256.58 seconds
6,153,fine : 256.6 seconds
[[1832   82]
 [  45   51]]
coarse acc: 0.937
coarse f1: 0.445
['rnd', 154, 'fold', 6, 'pr', 0.91118448201322355, 'roc', 0.90564045628700807]
[[1891   23]
 [  53   43]]
fine acc: 0.962
fine f1: 0.531
['rnd', 154, 'fold', 6, 'pr', 0.92366905768281771, 'roc', 0.91256313131313138]
6,154,coarse : 255.94 seconds
6,154,fine : 255.95 seconds
[[1829   85]
 [  43   53]]
coarse acc: 0.936
coarse f1: 0.453
['rnd', 155, 'fold', 6, 'pr', 0.91032406729450455, 'roc', 0.9047860066179032]
[[1891   23]
 [  53   43]]
fine acc: 0.962
fine f1: 0.531
['rnd', 155, 'fold', 6, 'pr', 0.92392525360873923, 'roc', 0.91316723267154309]
6,155,coarse : 257.1 seconds
6,155,fine : 257.11 seconds
[[1833   81]
 [  44   52]]
coarse acc: 0.938
coarse f1: 0.454
['rnd', 156, 'fold', 6, 'pr', 0.91078515361205337, 'roc', 0.90507445141065834]
[[1892   22]
 [  53   43]]
fine acc: 0.963
fine f1: 0.534
['rnd', 156, 'fold', 6, 'pr', 0.92383786969513326, 'roc', 0.91310192441657956]
6,156,coarse : 257.25 seconds
6,156,fine : 257.27 seconds
[[1833   81]
 [  44   52]]
coarse acc: 0.938
coarse f1: 0.454
['rnd', 157, 'fold', 6, 'pr', 0.91148321528454757, 'roc', 0.90562957157784729]
[[1892   22]
 [  52   44]]
fine acc: 0.963
fine f1: 0.543
['rnd', 157, 'fold', 6, 'pr', 0.92377815422599918, 'roc', 0.91302573145245547]
6,157,coarse : 258.13 seconds
6,157,fine : 258.14 seconds
[[1830   84]
 [  43   53]]
coarse acc: 0.937
coarse f1: 0.455
['rnd', 158, 'fold', 6, 'pr', 0.91009789079889192, 'roc', 0.90394788401253923]
[[1892   22]
 [  52   44]]
fine acc: 0.963
fine f1: 0.543
['rnd', 158, 'fold', 6, 'pr', 0.92373448847551898, 'roc', 0.91298219261581337]
6,158,coarse : 258.85 seconds
6,158,fine : 258.87 seconds
[[1833   81]
 [  44   52]]
coarse acc: 0.938
coarse f1: 0.454
['rnd', 159, 'fold', 6, 'pr', 0.91015206727704023, 'roc', 0.90390434517589702]
[[1891   23]
 [  52   44]]
fine acc: 0.963
fine f1: 0.540
['rnd', 159, 'fold', 6, 'pr', 0.92330489104525271, 'roc', 0.91261211250435392]
6,159,coarse : 259.25 seconds
6,159,fine : 259.26 seconds
[[1833   81]
 [  44   52]]
coarse acc: 0.938
coarse f1: 0.454
['rnd', 160, 'fold', 6, 'pr', 0.91014266857920534, 'roc', 0.90395876872169989]
[[1891   23]
 [  52   44]]
fine acc: 0.963
fine f1: 0.540
['rnd', 160, 'fold', 6, 'pr', 0.92323402404259591, 'roc', 0.91251415012190873]
6,160,coarse : 258.01 seconds
6,160,fine : 258.02 seconds
[[1829   85]
 [  44   52]]
coarse acc: 0.936
coarse f1: 0.446
['rnd', 161, 'fold', 6, 'pr', 0.90980643412145024, 'roc', 0.90364311215604309]
[[1891   23]
 [  52   44]]
fine acc: 0.963
fine f1: 0.540
['rnd', 161, 'fold', 6, 'pr', 0.92317692357952308, 'roc', 0.9124270724486242]
6,161,coarse : 258.19 seconds
6,161,fine : 258.2 seconds
[[1833   81]
 [  44   52]]
coarse acc: 0.938
coarse f1: 0.454
['rnd', 162, 'fold', 6, 'pr', 0.91006198023653229, 'roc', 0.90389346046673635]
[[1890   24]
 [  54   42]]
fine acc: 0.961
fine f1: 0.519
['rnd', 162, 'fold', 6, 'pr', 0.92186287580693949, 'roc', 0.91181752873563227]
6,162,coarse : 258.62 seconds
6,162,fine : 258.63 seconds
[[1829   85]
 [  44   52]]
coarse acc: 0.936
coarse f1: 0.446
['rnd', 163, 'fold', 6, 'pr', 0.90983435693638781, 'roc', 0.90366488157436431]
[[1890   24]
 [  53   43]]
fine acc: 0.962
fine f1: 0.528
['rnd', 163, 'fold', 6, 'pr', 0.92107975768409145, 'roc', 0.91083790491118077]
6,163,coarse : 258.84 seconds
6,163,fine : 258.85 seconds
[[1830   84]
 [  45   51]]
coarse acc: 0.936
coarse f1: 0.442
['rnd', 164, 'fold', 6, 'pr', 0.90930901053215596, 'roc', 0.90276145071403691]
[[1890   24]
 [  53   43]]
fine acc: 0.962
fine f1: 0.528
['rnd', 164, 'fold', 6, 'pr', 0.92190765674660169, 'roc', 0.91259578544061304]
6,164,coarse : 259.48 seconds
6,164,fine : 259.5 seconds
[[1830   84]
 [  45   51]]
coarse acc: 0.936
coarse f1: 0.442
['rnd', 165, 'fold', 6, 'pr', 0.90916113035693302, 'roc', 0.90197230929989558]
[[1891   23]
 [  53   43]]
fine acc: 0.962
fine f1: 0.531
['rnd', 165, 'fold', 6, 'pr', 0.9222822547136551, 'roc', 0.91291144200626961]
6,165,coarse : 257.54 seconds
6,165,fine : 257.56 seconds
[[1829   85]
 [  45   51]]
coarse acc: 0.935
coarse f1: 0.440
['rnd', 166, 'fold', 6, 'pr', 0.90909883023468485, 'roc', 0.90187978927203072]
[[1890   24]
 [  53   43]]
fine acc: 0.962
fine f1: 0.528
['rnd', 166, 'fold', 6, 'pr', 0.92163507785363408, 'roc', 0.91186106757227448]
6,166,coarse : 257.83 seconds
6,166,fine : 257.84 seconds
[[1831   83]
 [  43   53]]
coarse acc: 0.937
coarse f1: 0.457
['rnd', 167, 'fold', 6, 'pr', 0.90906056910261002, 'roc', 0.90230973528387326]
[[1890   24]
 [  53   43]]
fine acc: 0.962
fine f1: 0.528
['rnd', 167, 'fold', 6, 'pr', 0.92159117381488853, 'roc', 0.91181208638105193]
6,167,coarse : 258.12 seconds
6,167,fine : 258.13 seconds
[[1830   84]
 [  43   53]]
coarse acc: 0.937
coarse f1: 0.455
['rnd', 168, 'fold', 6, 'pr', 0.91115232375157584, 'roc', 0.90489485370950895]
[[1891   23]
 [  52   44]]
fine acc: 0.963
fine f1: 0.540
['rnd', 168, 'fold', 6, 'pr', 0.92199429931014654, 'roc', 0.9126284395680947]
6,168,coarse : 257.4 seconds
6,168,fine : 257.41 seconds
[[1835   79]
 [  43   53]]
coarse acc: 0.939
coarse f1: 0.465
['rnd', 169, 'fold', 6, 'pr', 0.90538848772189839, 'roc', 0.90580916927899691]
[[1890   24]
 [  53   43]]
fine acc: 0.962
fine f1: 0.528
['rnd', 169, 'fold', 6, 'pr', 0.92104818788323339, 'roc', 0.91180120167189127]
6,169,coarse : 260.3 seconds
6,169,fine : 260.31 seconds
[[1836   78]
 [  43   53]]
coarse acc: 0.940
coarse f1: 0.467
['rnd', 170, 'fold', 6, 'pr', 0.90539087960311826, 'roc', 0.90584182340647867]
[[1889   25]
 [  53   43]]
fine acc: 0.961
fine f1: 0.524
['rnd', 170, 'fold', 6, 'pr', 0.92127347016700811, 'roc', 0.91155085336119823]
6,170,coarse : 251.69 seconds
6,170,fine : 251.7 seconds
[[1833   81]
 [  43   53]]
coarse acc: 0.938
coarse f1: 0.461
['rnd', 171, 'fold', 6, 'pr', 0.90538511417637024, 'roc', 0.90562412922326718]
[[1889   25]
 [  53   43]]
fine acc: 0.961
fine f1: 0.524
['rnd', 171, 'fold', 6, 'pr', 0.91947122674639414, 'roc', 0.91132771682340652]
6,171,coarse : 240.35 seconds
6,171,fine : 240.37 seconds
[[1834   80]
 [  43   53]]
coarse acc: 0.939
coarse f1: 0.463
['rnd', 172, 'fold', 6, 'pr', 0.90535324834210784, 'roc', 0.90564045628700807]
[[1890   24]
 [  53   43]]
fine acc: 0.962
fine f1: 0.528
['rnd', 172, 'fold', 6, 'pr', 0.91945086747191762, 'roc', 0.9113222744688263]
6,172,coarse : 221.21 seconds
6,172,fine : 221.23 seconds
