home
all           0      1    2    3    4    5    6    7    8    
1      2010   1914   1    19   32   19   1    11   6    7    
2      2010   1914   1    19   32   19   1    11   6    7    
3      2010   1914   1    19   32   19   1    11   5    8    
4      2010   1914   1    19   32   19   1    10   6    8    
5      2010   1914   1    18   33   19   1    10   6    8    
6      2010   1914   1    18   33   19   1    10   6    8    
7      2010   1913   2    18   33   19   1    10   6    8    
8      2010   1913   2    18   33   19   1    10   6    8    
9      2009   1913   2    18   32   19   2    10   6    7    
10     2009   1913   1    19   32   19   1    11   6    7    
Total  20098  19136  13   185  324  190  11   104  59   76   
train         0      1    2    3    4    5    6    7    8    
1      2010   1914   1    19   32   19   1    11   6    7    
2      2010   1914   1    19   32   19   1    11   6    7    
4      2010   1914   1    19   32   19   1    10   6    8    
5      2010   1914   1    18   33   19   1    10   6    8    
6      2010   1914   1    18   33   19   1    10   6    8    
7      2010   1913   2    18   33   19   1    10   6    8    
8      2010   1913   2    18   33   19   1    10   6    8    
9      2009   1913   2    18   32   19   2    10   6    7    
10     2009   1913   1    19   32   19   1    11   6    7    
Total  18088  17222  12   166  292  171  10   93   54   68   
test          0      1    2    3    4    5    6    7    8    
3      2010   1914   1    19   32   19   1    11   5    8    
Total  2010   1914   1    19   32   19   1    11   5    8    
Classes             
0         17222     
1         12        
2         166       
3         292       
4         171       
5         10        
6         93        
7         54        
8         68        
Total     18088     

Shape: 450       

[952, 10, 11, 16, 11, 10, 10, 10, 10]
Sum start => 1040
[[1855   59]
 [  63   33]]
coarse acc: 0.939
coarse f1: 0.351
['rnd', 1, 'fold', 3, 'pr', 0.84232802740669421, 'roc', 0.83331156391501204]
[[1914    0]
 [  95    1]]
fine acc: 0.953
fine f1: 0.021
['rnd', 1, 'fold', 3, 'pr', 0.79539780462257925, 'roc', 0.7856637495646116]
3,1,coarse : 30.04 seconds
3,1,fine : 30.04 seconds
[[1855   59]
 [  63   33]]
coarse acc: 0.939
coarse f1: 0.351
['rnd', 2, 'fold', 3, 'pr', 0.84232802740669421, 'roc', 0.83331156391501204]
[[1914    0]
 [  95    1]]
fine acc: 0.953
fine f1: 0.021
['rnd', 2, 'fold', 3, 'pr', 0.79539780462257925, 'roc', 0.7856637495646116]
3,2,coarse : 33.67 seconds
3,2,fine : 33.68 seconds
[[1857   57]
 [  63   33]]
coarse acc: 0.940
coarse f1: 0.355
['rnd', 3, 'fold', 3, 'pr', 0.8391214501110672, 'roc', 0.8306502525252526]
[[1913    1]
 [  94    2]]
fine acc: 0.953
fine f1: 0.040
['rnd', 3, 'fold', 3, 'pr', 0.78619153019531229, 'roc', 0.78430860327412055]
3,3,coarse : 5.82 seconds
3,3,fine : 5.82 seconds
[[1863   51]
 [  66   30]]
coarse acc: 0.942
coarse f1: 0.339
['rnd', 4, 'fold', 3, 'pr', 0.8433884036229844, 'roc', 0.83221765064437481]
[[1913    1]
 [  95    1]]
fine acc: 0.952
fine f1: 0.020
['rnd', 4, 'fold', 3, 'pr', 0.80770403839027349, 'roc', 0.79406130268199226]
3,4,coarse : 6.15 seconds
3,4,fine : 6.15 seconds
[[1868   46]
 [  67   29]]
coarse acc: 0.944
coarse f1: 0.339
['rnd', 5, 'fold', 3, 'pr', 0.84668116814616035, 'roc', 0.83201628352490409]
[[1912    2]
 [  95    1]]
fine acc: 0.952
fine f1: 0.020
['rnd', 5, 'fold', 3, 'pr', 0.79677216620717262, 'roc', 0.7879277690700105]
3,5,coarse : 6.29 seconds
3,5,fine : 6.29 seconds
[[1866   48]
 [  63   33]]
coarse acc: 0.945
coarse f1: 0.373
['rnd', 6, 'fold', 3, 'pr', 0.85504013961578773, 'roc', 0.84064785788923724]
[[1912    2]
 [  94    2]]
fine acc: 0.952
fine f1: 0.040
['rnd', 6, 'fold', 3, 'pr', 0.81033425841803275, 'roc', 0.79787095088819238]
3,6,coarse : 6.74 seconds
3,6,fine : 6.75 seconds
[[1871   43]
 [  62   34]]
coarse acc: 0.948
coarse f1: 0.393
['rnd', 7, 'fold', 3, 'pr', 0.85909103997237202, 'roc', 0.84518678160919547]
[[1913    1]
 [  93    3]]
fine acc: 0.953
fine f1: 0.060
['rnd', 7, 'fold', 3, 'pr', 0.81896881694734613, 'roc', 0.80697601010101017]
3,7,coarse : 7.13 seconds
3,7,fine : 7.13 seconds
[[1872   42]
 [  63   33]]
coarse acc: 0.948
coarse f1: 0.386
['rnd', 8, 'fold', 3, 'pr', 0.85880859830857259, 'roc', 0.84413368599791005]
[[1914    0]
 [  93    3]]
fine acc: 0.954
fine f1: 0.061
['rnd', 8, 'fold', 3, 'pr', 0.81861200245429078, 'roc', 0.80815155869035182]
3,8,coarse : 7.51 seconds
3,8,fine : 7.51 seconds
[[1878   36]
 [  63   33]]
coarse acc: 0.951
coarse f1: 0.400
['rnd', 9, 'fold', 3, 'pr', 0.857761979014388, 'roc', 0.84289010797631481]
[[1914    0]
 [  93    3]]
fine acc: 0.954
fine f1: 0.061
['rnd', 9, 'fold', 3, 'pr', 0.82500866331366074, 'roc', 0.81659809299895503]
3,9,coarse : 7.87 seconds
3,9,fine : 7.87 seconds
[[1862   52]
 [  62   34]]
coarse acc: 0.943
coarse f1: 0.374
['rnd', 10, 'fold', 3, 'pr', 0.85183597840904801, 'roc', 0.83938523162661094]
[[1912    2]
 [  92    4]]
fine acc: 0.953
fine f1: 0.078
['rnd', 10, 'fold', 3, 'pr', 0.81432585439079319, 'roc', 0.8017676767676768]
3,10,coarse : 8.33 seconds
3,10,fine : 8.33 seconds
[[1861   53]
 [  62   34]]
coarse acc: 0.943
coarse f1: 0.372
['rnd', 11, 'fold', 3, 'pr', 0.84998201106132831, 'roc', 0.83928726924416575]
[[1912    2]
 [  91    5]]
fine acc: 0.954
fine f1: 0.097
['rnd', 11, 'fold', 3, 'pr', 0.82274194242348742, 'roc', 0.81093260188087768]
3,11,coarse : 8.73 seconds
3,11,fine : 8.73 seconds
[[1858   56]
 [  60   36]]
coarse acc: 0.942
coarse f1: 0.383
['rnd', 12, 'fold', 3, 'pr', 0.85436169529936412, 'roc', 0.84257989376523867]
[[1912    2]
 [  92    4]]
fine acc: 0.953
fine f1: 0.078
['rnd', 12, 'fold', 3, 'pr', 0.82719293939116068, 'roc', 0.81451911354928597]
3,12,coarse : 8.76 seconds
3,12,fine : 8.76 seconds
[[1868   46]
 [  61   35]]
coarse acc: 0.947
coarse f1: 0.395
['rnd', 13, 'fold', 3, 'pr', 0.85996403343601835, 'roc', 0.84831613549285967]
[[1911    3]
 [  91    5]]
fine acc: 0.953
fine f1: 0.096
['rnd', 13, 'fold', 3, 'pr', 0.82699584947765648, 'roc', 0.81602120341344475]
3,13,coarse : 9.53 seconds
3,13,fine : 9.53 seconds
[[1864   50]
 [  57   39]]
coarse acc: 0.947
coarse f1: 0.422
['rnd', 14, 'fold', 3, 'pr', 0.86088897400602116, 'roc', 0.84788618948101702]
[[1912    2]
 [  91    5]]
fine acc: 0.954
fine f1: 0.097
['rnd', 14, 'fold', 3, 'pr', 0.83587736576045224, 'roc', 0.82475074016022287]
3,14,coarse : 10.03 seconds
3,14,fine : 10.04 seconds
[[1861   53]
 [  59   37]]
coarse acc: 0.944
coarse f1: 0.398
['rnd', 15, 'fold', 3, 'pr', 0.86343003313194211, 'roc', 0.84963318530128884]
[[1911    3]
 [  92    4]]
fine acc: 0.953
fine f1: 0.078
['rnd', 15, 'fold', 3, 'pr', 0.82839059436898066, 'roc', 0.81183059038662475]
3,15,coarse : 10.43 seconds
3,15,fine : 10.43 seconds
[[1863   51]
 [  61   35]]
coarse acc: 0.944
coarse f1: 0.385
['rnd', 16, 'fold', 3, 'pr', 0.86417400000803068, 'roc', 0.85046042319749215]
[[1912    2]
 [  92    4]]
fine acc: 0.953
fine f1: 0.078
['rnd', 16, 'fold', 3, 'pr', 0.82560250935129531, 'roc', 0.80703043364681282]
3,16,coarse : 11.36 seconds
3,16,fine : 11.37 seconds
[[1868   46]
 [  62   34]]
coarse acc: 0.946
coarse f1: 0.386
['rnd', 17, 'fold', 3, 'pr', 0.86897706590225987, 'roc', 0.85639258969000331]
[[1912    2]
 [  90    6]]
fine acc: 0.954
fine f1: 0.115
['rnd', 17, 'fold', 3, 'pr', 0.83121486983028203, 'roc', 0.81316396725879481]
3,17,coarse : 11.65 seconds
3,17,fine : 11.66 seconds
[[1861   53]
 [  61   35]]
coarse acc: 0.943
coarse f1: 0.380
['rnd', 18, 'fold', 3, 'pr', 0.86533759086091289, 'roc', 0.85289859804946]
[[1912    2]
 [  89    7]]
fine acc: 0.955
fine f1: 0.133
['rnd', 18, 'fold', 3, 'pr', 0.8260382364955331, 'roc', 0.81052986764193669]
3,18,coarse : 11.98 seconds
3,18,fine : 11.99 seconds
[[1861   53]
 [  60   36]]
coarse acc: 0.944
coarse f1: 0.389
['rnd', 19, 'fold', 3, 'pr', 0.86542701508761744, 'roc', 0.85343739115290851]
[[1912    2]
 [  88    8]]
fine acc: 0.955
fine f1: 0.151
['rnd', 19, 'fold', 3, 'pr', 0.8264857025538046, 'roc', 0.80689437478230586]
3,19,coarse : 12.64 seconds
3,19,fine : 12.65 seconds
[[1859   55]
 [  60   36]]
coarse acc: 0.943
coarse f1: 0.385
['rnd', 20, 'fold', 3, 'pr', 0.86632039334850874, 'roc', 0.85482519157088122]
[[1912    2]
 [  89    7]]
fine acc: 0.955
fine f1: 0.133
['rnd', 20, 'fold', 3, 'pr', 0.82182636930155761, 'roc', 0.80066832114245901]
3,20,coarse : 12.99 seconds
3,20,fine : 12.99 seconds
[[1854   60]
 [  59   37]]
coarse acc: 0.941
coarse f1: 0.383
['rnd', 21, 'fold', 3, 'pr', 0.86180971825999841, 'roc', 0.85243599791013591]
[[1912    2]
 [  89    7]]
fine acc: 0.955
fine f1: 0.133
['rnd', 21, 'fold', 3, 'pr', 0.82980262302348884, 'roc', 0.81249455764541978]
3,21,coarse : 13.86 seconds
3,21,fine : 13.86 seconds
[[1859   55]
 [  58   38]]
coarse acc: 0.944
coarse f1: 0.402
['rnd', 22, 'fold', 3, 'pr', 0.86606517974860486, 'roc', 0.85621843434343436]
[[1913    1]
 [  88    8]]
fine acc: 0.956
fine f1: 0.152
['rnd', 22, 'fold', 3, 'pr', 0.83702251330183863, 'roc', 0.81640216823406464]
3,22,coarse : 14.17 seconds
3,22,fine : 14.18 seconds
[[1860   54]
 [  56   40]]
coarse acc: 0.945
coarse f1: 0.421
['rnd', 23, 'fold', 3, 'pr', 0.86834084085478525, 'roc', 0.85686063218390807]
[[1913    1]
 [  88    8]]
fine acc: 0.956
fine f1: 0.152
['rnd', 23, 'fold', 3, 'pr', 0.83590040402094878, 'roc', 0.81653278474399171]
3,23,coarse : 14.72 seconds
3,23,fine : 14.72 seconds
[[1851   63]
 [  55   41]]
coarse acc: 0.941
coarse f1: 0.410
['rnd', 24, 'fold', 3, 'pr', 0.86790137514762822, 'roc', 0.86028387321490773]
[[1913    1]
 [  89    7]]
fine acc: 0.955
fine f1: 0.135
['rnd', 24, 'fold', 3, 'pr', 0.84382563306020397, 'roc', 0.82853317659352144]
3,24,coarse : 14.98 seconds
3,24,fine : 14.98 seconds
[[1851   63]
 [  56   40]]
coarse acc: 0.941
coarse f1: 0.402
['rnd', 25, 'fold', 3, 'pr', 0.87313421327910656, 'roc', 0.86580242075931735]
[[1913    1]
 [  91    5]]
fine acc: 0.954
fine f1: 0.098
['rnd', 25, 'fold', 3, 'pr', 0.84510533639120355, 'roc', 0.82928422152560088]
3,25,coarse : 15.92 seconds
3,25,fine : 15.92 seconds
[[1848   66]
 [  55   41]]
coarse acc: 0.940
coarse f1: 0.404
['rnd', 26, 'fold', 3, 'pr', 0.86862390095735498, 'roc', 0.86036550853361204]
[[1913    1]
 [  90    6]]
fine acc: 0.955
fine f1: 0.117
['rnd', 26, 'fold', 3, 'pr', 0.8461515292731151, 'roc', 0.8295889933820968]
3,26,coarse : 16.46 seconds
3,26,fine : 16.5 seconds
[[1851   63]
 [  53   43]]
coarse acc: 0.942
coarse f1: 0.426
['rnd', 27, 'fold', 3, 'pr', 0.87150356799394169, 'roc', 0.86073558864507138]
[[1911    3]
 [  90    6]]
fine acc: 0.954
fine f1: 0.114
['rnd', 27, 'fold', 3, 'pr', 0.84919741801974569, 'roc', 0.8354449669104842]
3,27,coarse : 17.05 seconds
3,27,fine : 17.06 seconds
[[1852   62]
 [  54   42]]
coarse acc: 0.942
coarse f1: 0.420
['rnd', 28, 'fold', 3, 'pr', 0.87117823460682975, 'roc', 0.86086620515499834]
[[1912    2]
 [  89    7]]
fine acc: 0.955
fine f1: 0.133
['rnd', 28, 'fold', 3, 'pr', 0.84222279165765024, 'roc', 0.8293277603622432]
3,28,coarse : 17.54 seconds
3,28,fine : 17.55 seconds
[[1849   65]
 [  53   43]]
coarse acc: 0.941
coarse f1: 0.422
['rnd', 29, 'fold', 3, 'pr', 0.86886396093584206, 'roc', 0.85878722570532906]
[[1911    3]
 [  89    7]]
fine acc: 0.954
fine f1: 0.132
['rnd', 29, 'fold', 3, 'pr', 0.85837740774634885, 'roc', 0.84782088122605359]
3,29,coarse : 18.45 seconds
3,29,fine : 18.46 seconds
[[1847   67]
 [  54   42]]
coarse acc: 0.940
coarse f1: 0.410
['rnd', 30, 'fold', 3, 'pr', 0.87011577560207931, 'roc', 0.85890151515151514]
[[1911    3]
 [  90    6]]
fine acc: 0.954
fine f1: 0.114
['rnd', 30, 'fold', 3, 'pr', 0.85768647562498201, 'roc', 0.84726576105886453]
3,30,coarse : 18.73 seconds
3,30,fine : 18.74 seconds
[[1852   62]
 [  55   41]]
coarse acc: 0.942
coarse f1: 0.412
['rnd', 31, 'fold', 3, 'pr', 0.87437331162936038, 'roc', 0.86293429989550685]
[[1911    3]
 [  90    6]]
fine acc: 0.954
fine f1: 0.114
['rnd', 31, 'fold', 3, 'pr', 0.85737116105382505, 'roc', 0.84837055903866243]
3,31,coarse : 19.49 seconds
3,31,fine : 19.5 seconds
[[1856   58]
 [  55   41]]
coarse acc: 0.944
coarse f1: 0.421
['rnd', 32, 'fold', 3, 'pr', 0.87444695728927502, 'roc', 0.86378874956461149]
[[1910    4]
 [  89    7]]
fine acc: 0.954
fine f1: 0.131
['rnd', 32, 'fold', 3, 'pr', 0.85629429191924866, 'roc', 0.8476412835249042]
3,32,coarse : 19.79 seconds
3,32,fine : 19.79 seconds
[[1852   62]
 [  53   43]]
coarse acc: 0.943
coarse f1: 0.428
['rnd', 33, 'fold', 3, 'pr', 0.87262890194270759, 'roc', 0.86391392371995823]
[[1911    3]
 [  89    7]]
fine acc: 0.954
fine f1: 0.132
['rnd', 33, 'fold', 3, 'pr', 0.85321052179037515, 'roc', 0.8436084987809126]
3,33,coarse : 20.88 seconds
3,33,fine : 20.89 seconds
[[1852   62]
 [  54   42]]
coarse acc: 0.942
coarse f1: 0.420
['rnd', 34, 'fold', 3, 'pr', 0.8757849318994787, 'roc', 0.87010188087774298]
[[1909    5]
 [  88    8]]
fine acc: 0.954
fine f1: 0.147
['rnd', 34, 'fold', 3, 'pr', 0.84888265974033461, 'roc', 0.84192136886102398]
3,34,coarse : 21.22 seconds
3,34,fine : 21.22 seconds
[[1852   62]
 [  52   44]]
coarse acc: 0.943
coarse f1: 0.436
['rnd', 35, 'fold', 3, 'pr', 0.87162165877936237, 'roc', 0.86248802681992331]
[[1911    3]
 [  89    7]]
fine acc: 0.954
fine f1: 0.132
['rnd', 35, 'fold', 3, 'pr', 0.84966701767062647, 'roc', 0.8426669714385232]
3,35,coarse : 21.63 seconds
3,35,fine : 21.63 seconds
[[1848   66]
 [  55   41]]
coarse acc: 0.940
coarse f1: 0.404
['rnd', 36, 'fold', 3, 'pr', 0.87312984313703401, 'roc', 0.86385950017415547]
[[1910    4]
 [  88    8]]
fine acc: 0.954
fine f1: 0.148
['rnd', 36, 'fold', 3, 'pr', 0.85188206772538422, 'roc', 0.84494187565308243]
3,36,coarse : 22.7 seconds
3,36,fine : 22.71 seconds
[[1849   65]
 [  56   40]]
coarse acc: 0.940
coarse f1: 0.398
['rnd', 37, 'fold', 3, 'pr', 0.87208726336211628, 'roc', 0.86412617554858928]
[[1910    4]
 [  89    7]]
fine acc: 0.954
fine f1: 0.131
['rnd', 37, 'fold', 3, 'pr', 0.85326674050044848, 'roc', 0.84459900731452453]
3,37,coarse : 23.65 seconds
3,37,fine : 23.66 seconds
[[1845   69]
 [  52   44]]
coarse acc: 0.940
coarse f1: 0.421
['rnd', 38, 'fold', 3, 'pr', 0.87585721581259968, 'roc', 0.86642829153605017]
[[1911    3]
 [  87    9]]
fine acc: 0.955
fine f1: 0.167
['rnd', 38, 'fold', 3, 'pr', 0.85243897032786742, 'roc', 0.84301528213166155]
3,38,coarse : 24.13 seconds
3,38,fine : 24.13 seconds
[[1846   68]
 [  53   43]]
coarse acc: 0.940
coarse f1: 0.415
['rnd', 39, 'fold', 3, 'pr', 0.87392966079069045, 'roc', 0.86556839951236519]
[[1911    3]
 [  86   10]]
fine acc: 0.956
fine f1: 0.183
['rnd', 39, 'fold', 3, 'pr', 0.85132971854950534, 'roc', 0.84231321839080464]
3,39,coarse : 24.61 seconds
3,39,fine : 24.62 seconds
[[1845   69]
 [  52   44]]
coarse acc: 0.940
coarse f1: 0.421
['rnd', 40, 'fold', 3, 'pr', 0.87859861236765857, 'roc', 0.87030869035179381]
[[1910    4]
 [  85   11]]
fine acc: 0.956
fine f1: 0.198
['rnd', 40, 'fold', 3, 'pr', 0.85463399890492997, 'roc', 0.84486568268895845]
3,40,coarse : 25.93 seconds
3,40,fine : 25.93 seconds
[[1841   73]
 [  50   46]]
coarse acc: 0.939
coarse f1: 0.428
['rnd', 41, 'fold', 3, 'pr', 0.88051814986599219, 'roc', 0.87299721351445492]
[[1910    4]
 [  84   12]]
fine acc: 0.956
fine f1: 0.214
['rnd', 41, 'fold', 3, 'pr', 0.85161603937526886, 'roc', 0.84050635667014972]
3,41,coarse : 25.79 seconds
3,41,fine : 25.8 seconds
[[1846   68]
 [  51   45]]
coarse acc: 0.941
coarse f1: 0.431
['rnd', 42, 'fold', 3, 'pr', 0.87975330367077786, 'roc', 0.86960118425635669]
[[1908    6]
 [  85   11]]
fine acc: 0.955
fine f1: 0.195
['rnd', 42, 'fold', 3, 'pr', 0.85832817503063019, 'roc', 0.8494263758272379]
3,42,coarse : 26.71 seconds
3,42,fine : 26.71 seconds
[[1845   69]
 [  51   45]]
coarse acc: 0.940
coarse f1: 0.429
['rnd', 43, 'fold', 3, 'pr', 0.8799690106607192, 'roc', 0.87052638453500519]
[[1908    6]
 [  85   11]]
fine acc: 0.955
fine f1: 0.195
['rnd', 43, 'fold', 3, 'pr', 0.86181412171605976, 'roc', 0.85538575409265061]
3,43,coarse : 28.3 seconds
3,43,fine : 28.31 seconds
[[1843   71]
 [  50   46]]
coarse acc: 0.940
coarse f1: 0.432
['rnd', 44, 'fold', 3, 'pr', 0.88096171149588409, 'roc', 0.87081482932776033]
[[1908    6]
 [  84   12]]
fine acc: 0.955
fine f1: 0.211
['rnd', 44, 'fold', 3, 'pr', 0.86264292678191423, 'roc', 0.85382924068268895]
3,44,coarse : 28.81 seconds
3,44,fine : 28.82 seconds
[[1838   76]
 [  54   42]]
coarse acc: 0.935
coarse f1: 0.393
['rnd', 45, 'fold', 3, 'pr', 0.88275919031145333, 'roc', 0.87308973354231978]
[[1905    9]
 [  80   16]]
fine acc: 0.956
fine f1: 0.264
['rnd', 45, 'fold', 3, 'pr', 0.87137959563877054, 'roc', 0.86264041274817138]
3,45,coarse : 29.06 seconds
3,45,fine : 29.07 seconds
[[1842   72]
 [  53   43]]
coarse acc: 0.938
coarse f1: 0.408
['rnd', 46, 'fold', 3, 'pr', 0.88519233153018151, 'roc', 0.87355777603622442]
[[1909    5]
 [  82   14]]
fine acc: 0.957
fine f1: 0.243
['rnd', 46, 'fold', 3, 'pr', 0.86831763397225703, 'roc', 0.85848245384883315]
3,46,coarse : 30.84 seconds
3,46,fine : 30.85 seconds
[[1843   71]
 [  49   47]]
coarse acc: 0.940
coarse f1: 0.439
['rnd', 47, 'fold', 3, 'pr', 0.88484432711825822, 'roc', 0.87548436955764553]
[[1908    6]
 [  82   14]]
fine acc: 0.956
fine f1: 0.241
['rnd', 47, 'fold', 3, 'pr', 0.86852559807255247, 'roc', 0.85998998606757227]
3,47,coarse : 31.0 seconds
3,47,fine : 31.01 seconds
[[1842   72]
 [  52   44]]
coarse acc: 0.938
coarse f1: 0.415
['rnd', 48, 'fold', 3, 'pr', 0.88564776503368192, 'roc', 0.87439045628700807]
[[1907    7]
 [  81   15]]
fine acc: 0.956
fine f1: 0.254
['rnd', 48, 'fold', 3, 'pr', 0.86586586326176729, 'roc', 0.8575082723789621]
3,48,coarse : 31.54 seconds
3,48,fine : 31.55 seconds
[[1850   64]
 [  52   44]]
coarse acc: 0.942
coarse f1: 0.431
['rnd', 49, 'fold', 3, 'pr', 0.89099009894011261, 'roc', 0.87826541274817138]
[[1905    9]
 [  81   15]]
fine acc: 0.955
fine f1: 0.250
['rnd', 49, 'fold', 3, 'pr', 0.86382519153426907, 'roc', 0.85560889063044232]
3,49,coarse : 33.13 seconds
3,49,fine : 33.14 seconds
[[1847   67]
 [  47   49]]
coarse acc: 0.943
coarse f1: 0.462
['rnd', 50, 'fold', 3, 'pr', 0.89543115685564878, 'roc', 0.88021921804249392]
[[1904   10]
 [  80   16]]
fine acc: 0.955
fine f1: 0.262
['rnd', 50, 'fold', 3, 'pr', 0.86818660186572783, 'roc', 0.86086076280041801]
3,50,coarse : 35.61 seconds
3,50,fine : 35.61 seconds
[[1845   69]
 [  42   54]]
coarse acc: 0.945
coarse f1: 0.493
['rnd', 51, 'fold', 3, 'pr', 0.89543703467491109, 'roc', 0.87919061302681989]
[[1905    9]
 [  81   15]]
fine acc: 0.955
fine f1: 0.250
['rnd', 51, 'fold', 3, 'pr', 0.86126455925200707, 'roc', 0.85060192441657956]
3,51,coarse : 34.26 seconds
3,51,fine : 34.26 seconds
[[1847   67]
 [  44   52]]
coarse acc: 0.945
coarse f1: 0.484
['rnd', 52, 'fold', 3, 'pr', 0.89676972244674891, 'roc', 0.87996342737722044]
[[1905    9]
 [  81   15]]
fine acc: 0.955
fine f1: 0.250
['rnd', 52, 'fold', 3, 'pr', 0.86458796147337147, 'roc', 0.85221830372692442]
3,52,coarse : 36.07 seconds
3,52,fine : 36.08 seconds
[[1841   73]
 [  42   54]]
coarse acc: 0.943
coarse f1: 0.484
['rnd', 53, 'fold', 3, 'pr', 0.89515264709425235, 'roc', 0.88029541100661801]
[[1902   12]
 [  80   16]]
fine acc: 0.954
fine f1: 0.258
['rnd', 53, 'fold', 3, 'pr', 0.86216844493766431, 'roc', 0.85002503483106939]
3,53,coarse : 36.37 seconds
3,53,fine : 36.37 seconds
[[1840   74]
 [  43   53]]
coarse acc: 0.942
coarse f1: 0.475
['rnd', 54, 'fold', 3, 'pr', 0.89270491909974792, 'roc', 0.87727490421455934]
[[1902   12]
 [  81   15]]
fine acc: 0.954
fine f1: 0.244
['rnd', 54, 'fold', 3, 'pr', 0.86138316347902921, 'roc', 0.84900187216997558]
3,54,coarse : 37.12 seconds
3,54,fine : 37.12 seconds
[[1839   75]
 [  42   54]]
coarse acc: 0.942
coarse f1: 0.480
['rnd', 55, 'fold', 3, 'pr', 0.89535803456353769, 'roc', 0.8827227011494253]
[[1905    9]
 [  81   15]]
fine acc: 0.955
fine f1: 0.250
['rnd', 55, 'fold', 3, 'pr', 0.86385917957675562, 'roc', 0.85075431034482751]
3,55,coarse : 38.86 seconds
3,55,fine : 38.87 seconds
[[1842   72]
 [  46   50]]
coarse acc: 0.941
coarse f1: 0.459
['rnd', 56, 'fold', 3, 'pr', 0.89504885916479826, 'roc', 0.88180838557993724]
[[1906    8]
 [  82   14]]
fine acc: 0.955
fine f1: 0.237
['rnd', 56, 'fold', 3, 'pr', 0.86915561515577733, 'roc', 0.85697492163009403]
3,56,coarse : 39.12 seconds
3,56,fine : 39.12 seconds
[[1843   71]
 [  45   51]]
coarse acc: 0.942
coarse f1: 0.468
['rnd', 57, 'fold', 3, 'pr', 0.89695918992190671, 'roc', 0.8834247648902821]
[[1907    7]
 [  82   14]]
fine acc: 0.956
fine f1: 0.239
['rnd', 57, 'fold', 3, 'pr', 0.86706169559999358, 'roc', 0.85430816788575425]
3,57,coarse : 40.43 seconds
3,57,fine : 40.44 seconds
[[1840   74]
 [  43   53]]
coarse acc: 0.942
coarse f1: 0.475
['rnd', 58, 'fold', 3, 'pr', 0.89592255664095732, 'roc', 0.88233085161964475]
[[1905    9]
 [  82   14]]
fine acc: 0.955
fine f1: 0.235
['rnd', 58, 'fold', 3, 'pr', 0.87029529117992066, 'roc', 0.85881443747823061]
3,58,coarse : 41.29 seconds
3,58,fine : 41.3 seconds
[[1846   68]
 [  44   52]]
coarse acc: 0.944
coarse f1: 0.481
['rnd', 59, 'fold', 3, 'pr', 0.89282361112784481, 'roc', 0.88088318530128873]
[[1903   11]
 [  80   16]]
fine acc: 0.955
fine f1: 0.260
['rnd', 59, 'fold', 3, 'pr', 0.87384775037598228, 'roc', 0.86065939568094751]
3,59,coarse : 42.24 seconds
3,59,fine : 42.25 seconds
[[1840   74]
 [  47   49]]
coarse acc: 0.940
coarse f1: 0.447
['rnd', 60, 'fold', 3, 'pr', 0.89384244383488232, 'roc', 0.88333768721699757]
[[1904   10]
 [  82   14]]
fine acc: 0.954
fine f1: 0.233
['rnd', 60, 'fold', 3, 'pr', 0.87326135788337345, 'roc', 0.85927703761755492]
3,60,coarse : 44.03 seconds
3,60,fine : 44.04 seconds
[[1840   74]
 [  46   50]]
coarse acc: 0.940
coarse f1: 0.455
['rnd', 61, 'fold', 3, 'pr', 0.8941847275784488, 'roc', 0.88280977882270995]
[[1904   10]
 [  80   16]]
fine acc: 0.955
fine f1: 0.262
['rnd', 61, 'fold', 3, 'pr', 0.87371643958057199, 'roc', 0.85833006792058519]
3,61,coarse : 44.43 seconds
3,61,fine : 44.44 seconds
[[1842   72]
 [  46   50]]
coarse acc: 0.941
coarse f1: 0.459
['rnd', 62, 'fold', 3, 'pr', 0.89968602247539542, 'roc', 0.88870384883315912]
[[1904   10]
 [  81   15]]
fine acc: 0.955
fine f1: 0.248
['rnd', 62, 'fold', 3, 'pr', 0.87171999689251278, 'roc', 0.85539119644723094]
3,62,coarse : 46.11 seconds
3,62,fine : 46.12 seconds
[[1848   66]
 [  46   50]]
coarse acc: 0.944
coarse f1: 0.472
['rnd', 63, 'fold', 3, 'pr', 0.89571209702801613, 'roc', 0.88331047544409602]
[[1903   11]
 [  79   17]]
fine acc: 0.955
fine f1: 0.274
['rnd', 63, 'fold', 3, 'pr', 0.87085033768418607, 'roc', 0.85202237896203392]
3,63,coarse : 47.9 seconds
3,63,fine : 47.91 seconds
[[1845   69]
 [  46   50]]
coarse acc: 0.943
coarse f1: 0.465
['rnd', 64, 'fold', 3, 'pr', 0.8959307981326281, 'roc', 0.88323428247997215]
[[1904   10]
 [  80   16]]
fine acc: 0.955
fine f1: 0.262
['rnd', 64, 'fold', 3, 'pr', 0.8725006885087464, 'roc', 0.85406870428422155]
3,64,coarse : 48.37 seconds
3,64,fine : 48.38 seconds
[[1839   75]
 [  46   50]]
coarse acc: 0.940
coarse f1: 0.452
['rnd', 65, 'fold', 3, 'pr', 0.89578046684386925, 'roc', 0.88261929641239989]
[[1901   13]
 [  81   15]]
fine acc: 0.953
fine f1: 0.242
['rnd', 65, 'fold', 3, 'pr', 0.86995234035369662, 'roc', 0.85129854580285613]
3,65,coarse : 50.82 seconds
3,65,fine : 50.83 seconds
[[1843   71]
 [  40   56]]
coarse acc: 0.945
coarse f1: 0.502
['rnd', 66, 'fold', 3, 'pr', 0.89596285312570356, 'roc', 0.87913618948101713]
[[1902   12]
 [  81   15]]
fine acc: 0.954
fine f1: 0.244
['rnd', 66, 'fold', 3, 'pr', 0.87313175708449442, 'roc', 0.85627830024381746]
3,66,coarse : 50.75 seconds
3,66,fine : 50.76 seconds
[[1846   68]
 [  41   55]]
coarse acc: 0.946
coarse f1: 0.502
['rnd', 67, 'fold', 3, 'pr', 0.89973063102115847, 'roc', 0.8824233716475095]
[[1903   11]
 [  81   15]]
fine acc: 0.954
fine f1: 0.246
['rnd', 67, 'fold', 3, 'pr', 0.86964039799200288, 'roc', 0.85555990943921978]
3,67,coarse : 52.53 seconds
3,67,fine : 52.54 seconds
[[1847   67]
 [  43   53]]
coarse acc: 0.945
coarse f1: 0.491
['rnd', 68, 'fold', 3, 'pr', 0.90027435310560433, 'roc', 0.88249412225705337]
[[1903   11]
 [  81   15]]
fine acc: 0.954
fine f1: 0.246
['rnd', 68, 'fold', 3, 'pr', 0.8687784895852001, 'roc', 0.85364964298153967]
3,68,coarse : 53.12 seconds
3,68,fine : 53.13 seconds
[[1840   74]
 [  43   53]]
coarse acc: 0.942
coarse f1: 0.475
['rnd', 69, 'fold', 3, 'pr', 0.89798484760529207, 'roc', 0.88064372169975624]
[[1904   10]
 [  79   17]]
fine acc: 0.956
fine f1: 0.276
['rnd', 69, 'fold', 3, 'pr', 0.86936607359292639, 'roc', 0.85320336990595624]
3,69,coarse : 54.4 seconds
3,69,fine : 54.41 seconds
[[1837   77]
 [  37   59]]
coarse acc: 0.943
coarse f1: 0.509
['rnd', 70, 'fold', 3, 'pr', 0.89665298111017555, 'roc', 0.88134578544061304]
[[1900   14]
 [  79   17]]
fine acc: 0.954
fine f1: 0.268
['rnd', 70, 'fold', 3, 'pr', 0.8648458914886854, 'roc', 0.85309452281435039]
3,70,coarse : 55.9 seconds
3,70,fine : 55.91 seconds
[[1839   75]
 [  40   56]]
coarse acc: 0.943
coarse f1: 0.493
['rnd', 71, 'fold', 3, 'pr', 0.89990886216187682, 'roc', 0.88196621386276564]
[[1902   12]
 [  80   16]]
fine acc: 0.954
fine f1: 0.258
['rnd', 71, 'fold', 3, 'pr', 0.86644571885011823, 'roc', 0.85700213340299536]
3,71,coarse : 56.64 seconds
3,71,fine : 56.65 seconds
[[1842   72]
 [  39   57]]
coarse acc: 0.945
coarse f1: 0.507
['rnd', 72, 'fold', 3, 'pr', 0.90088672994088714, 'roc', 0.88355538140020895]
[[1903   11]
 [  80   16]]
fine acc: 0.955
fine f1: 0.260
['rnd', 72, 'fold', 3, 'pr', 0.86852217530346032, 'roc', 0.85801441135492851]
3,72,coarse : 59.17 seconds
3,72,fine : 59.18 seconds
[[1846   68]
 [  39   57]]
coarse acc: 0.947
coarse f1: 0.516
['rnd', 73, 'fold', 3, 'pr', 0.90132477852678317, 'roc', 0.88395267328456983]
[[1900   14]
 [  78   18]]
fine acc: 0.954
fine f1: 0.281
['rnd', 73, 'fold', 3, 'pr', 0.86927632332782756, 'roc', 0.85883076454197149]
3,73,coarse : 59.65 seconds
3,73,fine : 59.66 seconds
[[1842   72]
 [  39   57]]
coarse acc: 0.945
coarse f1: 0.507
['rnd', 74, 'fold', 3, 'pr', 0.90112719307201938, 'roc', 0.88234173632880519]
[[1900   14]
 [  80   16]]
fine acc: 0.953
fine f1: 0.254
['rnd', 74, 'fold', 3, 'pr', 0.87014799749159055, 'roc', 0.86216148554510619]
3,74,coarse : 61.23 seconds
3,74,fine : 61.24 seconds
[[1840   74]
 [  40   56]]
coarse acc: 0.943
coarse f1: 0.496
['rnd', 75, 'fold', 3, 'pr', 0.90056432491037763, 'roc', 0.88297849181469878]
[[1900   14]
 [  80   16]]
fine acc: 0.953
fine f1: 0.254
['rnd', 75, 'fold', 3, 'pr', 0.86774788465446617, 'roc', 0.85877089864158829]
3,75,coarse : 62.15 seconds
3,75,fine : 62.16 seconds
[[1840   74]
 [  40   56]]
coarse acc: 0.943
coarse f1: 0.496
['rnd', 76, 'fold', 3, 'pr', 0.90056004901748443, 'roc', 0.88309278126088475]
[[1901   13]
 [  80   16]]
fine acc: 0.954
fine f1: 0.256
['rnd', 76, 'fold', 3, 'pr', 0.86815698523140072, 'roc', 0.85792733368164409]
3,76,coarse : 64.77 seconds
3,76,fine : 64.78 seconds
[[1840   74]
 [  41   55]]
coarse acc: 0.943
coarse f1: 0.489
['rnd', 77, 'fold', 3, 'pr', 0.90025070090237413, 'roc', 0.88262473876698011]
[[1901   13]
 [  81   15]]
fine acc: 0.953
fine f1: 0.242
['rnd', 77, 'fold', 3, 'pr', 0.86972443431434776, 'roc', 0.86090974399164055]
3,77,coarse : 64.26 seconds
3,77,fine : 64.27 seconds
[[1841   73]
 [  39   57]]
coarse acc: 0.944
coarse f1: 0.504
['rnd', 78, 'fold', 3, 'pr', 0.89973301925628879, 'roc', 0.88212948450017403]
[[1899   15]
 [  77   19]]
fine acc: 0.954
fine f1: 0.292
['rnd', 78, 'fold', 3, 'pr', 0.87172535930741757, 'roc', 0.86204719609892022]
3,78,coarse : 67.59 seconds
3,78,fine : 67.59 seconds
[[1840   74]
 [  40   56]]
coarse acc: 0.943
coarse f1: 0.496
['rnd', 79, 'fold', 3, 'pr', 0.90065547308311267, 'roc', 0.88438261929641249]
[[1899   15]
 [  77   19]]
fine acc: 0.954
fine f1: 0.292
['rnd', 79, 'fold', 3, 'pr', 0.86951017852904167, 'roc', 0.85824843260188088]
3,79,coarse : 67.41 seconds
3,79,fine : 67.42 seconds
[[1841   73]
 [  42   54]]
coarse acc: 0.943
coarse f1: 0.484
['rnd', 80, 'fold', 3, 'pr', 0.90076824043450243, 'roc', 0.88430642633228829]
[[1899   15]
 [  77   19]]
fine acc: 0.954
fine f1: 0.292
['rnd', 80, 'fold', 3, 'pr', 0.87123896569131043, 'roc', 0.86093695576454199]
3,80,coarse : 70.18 seconds
3,80,fine : 70.18 seconds
[[1839   75]
 [  41   55]]
coarse acc: 0.942
coarse f1: 0.487
['rnd', 81, 'fold', 3, 'pr', 0.90130943921137252, 'roc', 0.88456221699756177]
[[1901   13]
 [  76   20]]
fine acc: 0.956
fine f1: 0.310
['rnd', 81, 'fold', 3, 'pr', 0.87089215490503191, 'roc', 0.85714363462208287]
3,81,coarse : 69.49 seconds
3,81,fine : 69.5 seconds
[[1844   70]
 [  40   56]]
coarse acc: 0.945
coarse f1: 0.505
['rnd', 82, 'fold', 3, 'pr', 0.90256126346088605, 'roc', 0.88505747126436773]
[[1900   14]
 [  71   25]]
fine acc: 0.958
fine f1: 0.370
['rnd', 82, 'fold', 3, 'pr', 0.87106068376692292, 'roc', 0.85804706548241039]
3,82,coarse : 73.28 seconds
3,82,fine : 73.29 seconds
[[1845   69]
 [  39   57]]
coarse acc: 0.946
coarse f1: 0.514
['rnd', 83, 'fold', 3, 'pr', 0.90195691770625375, 'roc', 0.88465473702542674]
[[1898   16]
 [  71   25]]
fine acc: 0.957
fine f1: 0.365
['rnd', 83, 'fold', 3, 'pr', 0.87075989856209857, 'roc', 0.85908655520724486]
3,83,coarse : 73.1 seconds
3,83,fine : 73.11 seconds
[[1842   72]
 [  42   54]]
coarse acc: 0.943
coarse f1: 0.486
['rnd', 84, 'fold', 3, 'pr', 0.90167748014838645, 'roc', 0.88403975095785448]
[[1898   16]
 [  71   25]]
fine acc: 0.957
fine f1: 0.365
['rnd', 84, 'fold', 3, 'pr', 0.87075591884395565, 'roc', 0.85988658133054685]
3,84,coarse : 76.11 seconds
3,84,fine : 76.12 seconds
[[1840   74]
 [  40   56]]
coarse acc: 0.943
coarse f1: 0.496
['rnd', 85, 'fold', 3, 'pr', 0.90233709680500729, 'roc', 0.88483977708115646]
[[1895   19]
 [  72   24]]
fine acc: 0.955
fine f1: 0.345
['rnd', 85, 'fold', 3, 'pr', 0.87281293669487181, 'roc', 0.85695859456635326]
3,85,coarse : 75.44 seconds
3,85,fine : 75.45 seconds
[[1831   83]
 [  37   59]]
coarse acc: 0.940
coarse f1: 0.496
['rnd', 86, 'fold', 3, 'pr', 0.90108225301982725, 'roc', 0.8857921891327063]
[[1895   19]
 [  72   24]]
fine acc: 0.955
fine f1: 0.345
['rnd', 86, 'fold', 3, 'pr', 0.87271598210239343, 'roc', 0.85688240160222928]
3,86,coarse : 78.78 seconds
3,86,fine : 78.79 seconds
[[1832   82]
 [  37   59]]
coarse acc: 0.941
coarse f1: 0.498
['rnd', 87, 'fold', 3, 'pr', 0.90134998139039746, 'roc', 0.88651602229188442]
[[1895   19]
 [  68   28]]
fine acc: 0.957
fine f1: 0.392
['rnd', 87, 'fold', 3, 'pr', 0.87179989257933543, 'roc', 0.85478709508881923]
3,87,coarse : 78.48 seconds
3,87,fine : 78.49 seconds
[[1838   76]
 [  37   59]]
coarse acc: 0.944
coarse f1: 0.511
['rnd', 88, 'fold', 3, 'pr', 0.90460005123905896, 'roc', 0.89034199756182519]
[[1896   18]
 [  67   29]]
fine acc: 0.958
fine f1: 0.406
['rnd', 88, 'fold', 3, 'pr', 0.87680115952976501, 'roc', 0.85966888714733547]
3,88,coarse : 81.28 seconds
3,88,fine : 81.29 seconds
[[1835   79]
 [  37   59]]
coarse acc: 0.942
coarse f1: 0.504
['rnd', 89, 'fold', 3, 'pr', 0.90496689816288167, 'roc', 0.89063044235458033]
[[1894   20]
 [  70   26]]
fine acc: 0.955
fine f1: 0.366
['rnd', 89, 'fold', 3, 'pr', 0.87728035136674598, 'roc', 0.85938588470916055]
3,89,coarse : 80.86 seconds
3,89,fine : 80.87 seconds
[[1834   80]
 [  39   57]]
coarse acc: 0.941
coarse f1: 0.489
['rnd', 90, 'fold', 3, 'pr', 0.90387971884409524, 'roc', 0.88767524381748519]
[[1897   17]
 [  70   26]]
fine acc: 0.957
fine f1: 0.374
['rnd', 90, 'fold', 3, 'pr', 0.87830560314191153, 'roc', 0.86184038662486939]
3,90,coarse : 83.25 seconds
3,90,fine : 83.26 seconds
[[1840   74]
 [  40   56]]
coarse acc: 0.943
coarse f1: 0.496
['rnd', 91, 'fold', 3, 'pr', 0.90604189614766728, 'roc', 0.88844261581330541]
[[1898   16]
 [  70   26]]
fine acc: 0.957
fine f1: 0.377
['rnd', 91, 'fold', 3, 'pr', 0.8788559063195025, 'roc', 0.86405542493904564]
3,91,coarse : 83.69 seconds
3,91,fine : 83.7 seconds
[[1838   76]
 [  40   56]]
coarse acc: 0.942
coarse f1: 0.491
['rnd', 92, 'fold', 3, 'pr', 0.9061240759763427, 'roc', 0.88924808429118762]
[[1898   16]
 [  72   24]]
fine acc: 0.956
fine f1: 0.353
['rnd', 92, 'fold', 3, 'pr', 0.87974942041099058, 'roc', 0.86518743469174497]
3,92,coarse : 85.25 seconds
3,92,fine : 85.26 seconds
[[1842   72]
 [  40   56]]
coarse acc: 0.944
coarse f1: 0.500
['rnd', 93, 'fold', 3, 'pr', 0.90690676019870298, 'roc', 0.89021682340647856]
[[1898   16]
 [  68   28]]
fine acc: 0.958
fine f1: 0.400
['rnd', 93, 'fold', 3, 'pr', 0.88124851316945274, 'roc', 0.86810181556948807]
3,93,coarse : 86.11 seconds
3,93,fine : 86.12 seconds
[[1839   75]
 [  39   57]]
coarse acc: 0.943
coarse f1: 0.500
['rnd', 94, 'fold', 3, 'pr', 0.9056470618343111, 'roc', 0.88934604667363293]
[[1896   18]
 [  69   27]]
fine acc: 0.957
fine f1: 0.383
['rnd', 94, 'fold', 3, 'pr', 0.88126594109438094, 'roc', 0.86796303552769061]
3,94,coarse : 88.71 seconds
3,94,fine : 88.72 seconds
[[1837   77]
 [  40   56]]
coarse acc: 0.942
coarse f1: 0.489
['rnd', 95, 'fold', 3, 'pr', 0.90479720814110698, 'roc', 0.88856778996865204]
[[1898   16]
 [  68   28]]
fine acc: 0.958
fine f1: 0.400
['rnd', 95, 'fold', 3, 'pr', 0.88036969855515035, 'roc', 0.86682014106583072]
3,95,coarse : 89.33 seconds
3,95,fine : 89.34 seconds
[[1837   77]
 [  40   56]]
coarse acc: 0.942
coarse f1: 0.489
['rnd', 96, 'fold', 3, 'pr', 0.90394690465478222, 'roc', 0.88844261581330553]
[[1896   18]
 [  67   29]]
fine acc: 0.958
fine f1: 0.406
['rnd', 96, 'fold', 3, 'pr', 0.87735023590382777, 'roc', 0.8722516109369558]
3,96,coarse : 90.75 seconds
3,96,fine : 90.76 seconds
[[1839   75]
 [  40   56]]
coarse acc: 0.943
coarse f1: 0.493
['rnd', 97, 'fold', 3, 'pr', 0.90413598016318397, 'roc', 0.88837186520376166]
[[1897   17]
 [  65   31]]
fine acc: 0.959
fine f1: 0.431
['rnd', 97, 'fold', 3, 'pr', 0.87775683390740999, 'roc', 0.8736775078369905]
3,97,coarse : 92.45 seconds
3,97,fine : 92.46 seconds
[[1840   74]
 [  41   55]]
coarse acc: 0.943
coarse f1: 0.489
['rnd', 98, 'fold', 3, 'pr', 0.9041281932672689, 'roc', 0.88791470741901779]
[[1898   16]
 [  66   30]]
fine acc: 0.959
fine f1: 0.423
['rnd', 98, 'fold', 3, 'pr', 0.880174644134186, 'roc', 0.87568573667711602]
3,98,coarse : 93.38 seconds
3,98,fine : 93.39 seconds
[[1841   73]
 [  39   57]]
coarse acc: 0.944
coarse f1: 0.504
['rnd', 99, 'fold', 3, 'pr', 0.90624849536701013, 'roc', 0.89205089690003481]
[[1896   18]
 [  67   29]]
fine acc: 0.958
fine f1: 0.406
['rnd', 99, 'fold', 3, 'pr', 0.88187207975730553, 'roc', 0.87753613723441315]
3,99,coarse : 96.31 seconds
3,99,fine : 96.33 seconds
[[1838   76]
 [  39   57]]
coarse acc: 0.943
coarse f1: 0.498
['rnd', 100, 'fold', 3, 'pr', 0.9060324867800732, 'roc', 0.89266044061302674]
[[1896   18]
 [  65   31]]
fine acc: 0.959
fine f1: 0.428
['rnd', 100, 'fold', 3, 'pr', 0.88270492398433786, 'roc', 0.87848854928596309]
3,100,coarse : 97.83 seconds
3,100,fine : 97.84 seconds
[[1840   74]
 [  41   55]]
coarse acc: 0.943
coarse f1: 0.489
['rnd', 101, 'fold', 3, 'pr', 0.90777763548928336, 'roc', 0.8932318878439568]
[[1897   17]
 [  65   31]]
fine acc: 0.959
fine f1: 0.431
['rnd', 101, 'fold', 3, 'pr', 0.88345035726794552, 'roc', 0.8802736415882968]
3,101,coarse : 98.69 seconds
3,101,fine : 98.7 seconds
[[1837   77]
 [  40   56]]
coarse acc: 0.942
coarse f1: 0.489
['rnd', 102, 'fold', 3, 'pr', 0.90815591466648771, 'roc', 0.89338971612678508]
[[1897   17]
 [  65   31]]
fine acc: 0.959
fine f1: 0.431
['rnd', 102, 'fold', 3, 'pr', 0.88102519999897722, 'roc', 0.87831983629397425]
3,102,coarse : 101.27 seconds
3,102,fine : 101.28 seconds
[[1838   76]
 [  38   58]]
coarse acc: 0.943
coarse f1: 0.504
['rnd', 103, 'fold', 3, 'pr', 0.90823618259645933, 'roc', 0.89188762626262619]
[[1895   19]
 [  66   30]]
fine acc: 0.958
fine f1: 0.414
['rnd', 103, 'fold', 3, 'pr', 0.88212793686922142, 'roc', 0.87905455416231271]
3,103,coarse : 102.08 seconds
3,103,fine : 102.09 seconds
[[1837   77]
 [  39   57]]
coarse acc: 0.942
coarse f1: 0.496
['rnd', 104, 'fold', 3, 'pr', 0.90873569933203213, 'roc', 0.89336250435388365]
[[1896   18]
 [  64   32]]
fine acc: 0.959
fine f1: 0.438
['rnd', 104, 'fold', 3, 'pr', 0.87979060901917894, 'roc', 0.87239855451062343]
3,104,coarse : 103.66 seconds
3,104,fine : 103.68 seconds
[[1836   78]
 [  38   58]]
coarse acc: 0.942
coarse f1: 0.500
['rnd', 105, 'fold', 3, 'pr', 0.90763041486066509, 'roc', 0.88943856670149779]
[[1892   22]
 [  65   31]]
fine acc: 0.957
fine f1: 0.416
['rnd', 105, 'fold', 3, 'pr', 0.8815855061024841, 'roc', 0.87488571055381414]
3,105,coarse : 104.07 seconds
3,105,fine : 104.08 seconds
[[1833   81]
 [  43   53]]
coarse acc: 0.938
coarse f1: 0.461
['rnd', 106, 'fold', 3, 'pr', 0.90841451891036562, 'roc', 0.89151210379658652]
[[1894   20]
 [  65   31]]
fine acc: 0.958
fine f1: 0.422
['rnd', 106, 'fold', 3, 'pr', 0.87858064761216137, 'roc', 0.87183254963427381]
3,106,coarse : 107.41 seconds
3,106,fine : 107.42 seconds
[[1836   78]
 [  38   58]]
coarse acc: 0.942
coarse f1: 0.500
['rnd', 107, 'fold', 3, 'pr', 0.90780188618250102, 'roc', 0.88871473354231978]
[[1894   20]
 [  65   31]]
fine acc: 0.958
fine f1: 0.422
['rnd', 107, 'fold', 3, 'pr', 0.87860530166144835, 'roc', 0.87208289794496696]
3,107,coarse : 107.85 seconds
3,107,fine : 107.87 seconds
[[1839   75]
 [  39   57]]
coarse acc: 0.943
coarse f1: 0.500
['rnd', 108, 'fold', 3, 'pr', 0.9092112371704445, 'roc', 0.89175156739811923]
[[1893   21]
 [  65   31]]
fine acc: 0.957
fine f1: 0.419
['rnd', 108, 'fold', 3, 'pr', 0.87871406498398963, 'roc', 0.87215364855451072]
3,108,coarse : 109.46 seconds
3,108,fine : 109.47 seconds
[[1840   74]
 [  39   57]]
coarse acc: 0.944
coarse f1: 0.502
['rnd', 109, 'fold', 3, 'pr', 0.90960612728220347, 'roc', 0.89305229014280718]
[[1896   18]
 [  64   32]]
fine acc: 0.959
fine f1: 0.438
['rnd', 109, 'fold', 3, 'pr', 0.87845001652081411, 'roc', 0.87156587425983978]
3,109,coarse : 111.87 seconds
3,109,fine : 111.88 seconds
[[1838   76]
 [  37   59]]
coarse acc: 0.944
coarse f1: 0.511
['rnd', 110, 'fold', 3, 'pr', 0.9088270026501204, 'roc', 0.89209443573667724]
[[1894   20]
 [  63   33]]
fine acc: 0.959
fine f1: 0.443
['rnd', 110, 'fold', 3, 'pr', 0.88066064161427848, 'roc', 0.87419997387669801]
3,110,coarse : 112.54 seconds
3,110,fine : 112.55 seconds
[[1839   75]
 [  36   60]]
coarse acc: 0.945
coarse f1: 0.519
['rnd', 111, 'fold', 3, 'pr', 0.90993034915054649, 'roc', 0.89333529258098221]
[[1894   20]
 [  65   31]]
fine acc: 0.958
fine f1: 0.422
['rnd', 111, 'fold', 3, 'pr', 0.88128428870681719, 'roc', 0.87844501044932077]
3,111,coarse : 114.29 seconds
3,111,fine : 114.3 seconds
[[1839   75]
 [  38   58]]
coarse acc: 0.944
coarse f1: 0.507
['rnd', 112, 'fold', 3, 'pr', 0.91183473114632707, 'roc', 0.89582244862417282]
[[1894   20]
 [  63   33]]
fine acc: 0.959
fine f1: 0.443
['rnd', 112, 'fold', 3, 'pr', 0.88317592632880537, 'roc', 0.88058385579937293]
3,112,coarse : 115.94 seconds
3,112,fine : 115.95 seconds
[[1840   74]
 [  38   58]]
coarse acc: 0.944
coarse f1: 0.509
['rnd', 113, 'fold', 3, 'pr', 0.91040536432187469, 'roc', 0.89499521072796928]
[[1894   20]
 [  65   31]]
fine acc: 0.958
fine f1: 0.422
['rnd', 113, 'fold', 3, 'pr', 0.88354230462702565, 'roc', 0.87878243643329845]
3,113,coarse : 116.47 seconds
3,113,fine : 116.48 seconds
[[1831   83]
 [  38   58]]
coarse acc: 0.940
coarse f1: 0.489
['rnd', 114, 'fold', 3, 'pr', 0.9101525781180948, 'roc', 0.89321556078021591]
[[1894   20]
 [  65   31]]
fine acc: 0.958
fine f1: 0.422
['rnd', 114, 'fold', 3, 'pr', 0.88895571182458, 'roc', 0.87934299895506784]
3,114,coarse : 118.63 seconds
3,114,fine : 118.64 seconds
[[1835   79]
 [  36   60]]
coarse acc: 0.943
coarse f1: 0.511
['rnd', 115, 'fold', 3, 'pr', 0.9089605039195221, 'roc', 0.89024947753396033]
[[1892   22]
 [  64   32]]
fine acc: 0.957
fine f1: 0.427
['rnd', 115, 'fold', 3, 'pr', 0.88949971506473058, 'roc', 0.87952259665621735]
3,115,coarse : 119.91 seconds
3,115,fine : 119.92 seconds
[[1838   76]
 [  38   58]]
coarse acc: 0.943
coarse f1: 0.504
['rnd', 116, 'fold', 3, 'pr', 0.90660595849574277, 'roc', 0.88713645071403691]
[[1893   21]
 [  66   30]]
fine acc: 0.957
fine f1: 0.408
['rnd', 116, 'fold', 3, 'pr', 0.88770041612003692, 'roc', 0.87697013235806343]
3,116,coarse : 121.29 seconds
3,116,fine : 121.3 seconds
[[1837   77]
 [  37   59]]
coarse acc: 0.943
coarse f1: 0.509
['rnd', 117, 'fold', 3, 'pr', 0.90737055666705047, 'roc', 0.88787116858237536]
[[1893   21]
 [  65   31]]
fine acc: 0.957
fine f1: 0.419
['rnd', 117, 'fold', 3, 'pr', 0.88913351289397891, 'roc', 0.88050766283524906]
3,117,coarse : 124.47 seconds
3,117,fine : 124.49 seconds
[[1842   72]
 [  38   58]]
coarse acc: 0.945
coarse f1: 0.513
['rnd', 118, 'fold', 3, 'pr', 0.90917840623228963, 'roc', 0.89125087077673282]
[[1893   21]
 [  65   31]]
fine acc: 0.957
fine f1: 0.419
['rnd', 118, 'fold', 3, 'pr', 0.88899157011598806, 'roc', 0.87994165795889945]
3,118,coarse : 126.37 seconds
3,118,fine : 126.38 seconds
[[1842   72]
 [  38   58]]
coarse acc: 0.945
coarse f1: 0.513
['rnd', 119, 'fold', 3, 'pr', 0.90860870497865998, 'roc', 0.89095698362939735]
[[1895   19]
 [  65   31]]
fine acc: 0.958
fine f1: 0.425
['rnd', 119, 'fold', 3, 'pr', 0.88886416806133561, 'roc', 0.88000152385928254]
3,119,coarse : 128.04 seconds
3,119,fine : 128.05 seconds
[[1837   77]
 [  35   61]]
coarse acc: 0.944
coarse f1: 0.521
['rnd', 120, 'fold', 3, 'pr', 0.90855858042554538, 'roc', 0.89166448972483436]
[[1895   19]
 [  66   30]]
fine acc: 0.958
fine f1: 0.414
['rnd', 120, 'fold', 3, 'pr', 0.88908078331950124, 'roc', 0.88020289097875315]
3,120,coarse : 130.3 seconds
3,120,fine : 130.31 seconds
[[1837   77]
 [  36   60]]
coarse acc: 0.944
coarse f1: 0.515
['rnd', 121, 'fold', 3, 'pr', 0.90303666543804773, 'roc', 0.89199647335423193]
[[1894   20]
 [  64   32]]
fine acc: 0.958
fine f1: 0.432
['rnd', 121, 'fold', 3, 'pr', 0.89079540459088413, 'roc', 0.88163423023336829]
3,121,coarse : 130.33 seconds
3,121,fine : 130.35 seconds
[[1845   69]
 [  40   56]]
coarse acc: 0.946
coarse f1: 0.507
['rnd', 122, 'fold', 3, 'pr', 0.90944096261300233, 'roc', 0.89186041448972475]
[[1895   19]
 [  63   33]]
fine acc: 0.959
fine f1: 0.446
['rnd', 122, 'fold', 3, 'pr', 0.89078757247784657, 'roc', 0.88125870776732851]
3,122,coarse : 131.48 seconds
3,122,fine : 131.49 seconds
[[1843   71]
 [  37   59]]
coarse acc: 0.946
coarse f1: 0.522
['rnd', 123, 'fold', 3, 'pr', 0.91091833760171514, 'roc', 0.8938740856844305]
[[1896   18]
 [  64   32]]
fine acc: 0.959
fine f1: 0.438
['rnd', 123, 'fold', 3, 'pr', 0.88953676557660788, 'roc', 0.8798926767676768]
3,123,coarse : 134.37 seconds
3,123,fine : 134.38 seconds
[[1840   74]
 [  38   58]]
coarse acc: 0.944
coarse f1: 0.509
['rnd', 124, 'fold', 3, 'pr', 0.91036134608670827, 'roc', 0.8936128526645768]
[[1896   18]
 [  64   32]]
fine acc: 0.959
fine f1: 0.438
['rnd', 124, 'fold', 3, 'pr', 0.89035007606923178, 'roc', 0.88215125391849525]
3,124,coarse : 136.02 seconds
3,124,fine : 136.03 seconds
[[1838   76]
 [  38   58]]
coarse acc: 0.943
coarse f1: 0.504
['rnd', 125, 'fold', 3, 'pr', 0.90955475699231136, 'roc', 0.89245907349355635]
[[1895   19]
 [  64   32]]
fine acc: 0.959
fine f1: 0.435
['rnd', 125, 'fold', 3, 'pr', 0.88958836385516837, 'roc', 0.88146007488679901]
3,125,coarse : 137.6 seconds
3,125,fine : 137.62 seconds
[[1836   78]
 [  40   56]]
coarse acc: 0.941
coarse f1: 0.487
['rnd', 126, 'fold', 3, 'pr', 0.90975015191098585, 'roc', 0.89194204980842917]
[[1895   19]
 [  65   31]]
fine acc: 0.958
fine f1: 0.425
['rnd', 126, 'fold', 3, 'pr', 0.88848304236716236, 'roc', 0.87783002438174851]
3,126,coarse : 138.92 seconds
3,126,fine : 138.93 seconds
[[1835   79]
 [  37   59]]
coarse acc: 0.942
coarse f1: 0.504
['rnd', 127, 'fold', 3, 'pr', 0.91099693833713902, 'roc', 0.8933951584813653]
[[1896   18]
 [  64   32]]
fine acc: 0.959
fine f1: 0.438
['rnd', 127, 'fold', 3, 'pr', 0.88851698025352588, 'roc', 0.87766131138975956]
3,127,coarse : 142.09 seconds
3,127,fine : 142.1 seconds
[[1836   78]
 [  36   60]]
coarse acc: 0.943
coarse f1: 0.513
['rnd', 128, 'fold', 3, 'pr', 0.91165648465585603, 'roc', 0.89395027864855447]
[[1899   15]
 [  68   28]]
fine acc: 0.959
fine f1: 0.403
['rnd', 128, 'fold', 3, 'pr', 0.89420173061411101, 'roc', 0.88105189829327768]
3,128,coarse : 143.22 seconds
3,128,fine : 143.24 seconds
[[1835   79]
 [  38   58]]
coarse acc: 0.942
coarse f1: 0.498
['rnd', 129, 'fold', 3, 'pr', 0.91280614611630206, 'roc', 0.8965626088470916]
[[1894   20]
 [  66   30]]
fine acc: 0.957
fine f1: 0.411
['rnd', 129, 'fold', 3, 'pr', 0.89088322956237986, 'roc', 0.87831439393939392]
3,129,coarse : 145.39 seconds
3,129,fine : 145.4 seconds
[[1839   75]
 [  36   60]]
coarse acc: 0.945
coarse f1: 0.519
['rnd', 130, 'fold', 3, 'pr', 0.91259985894599249, 'roc', 0.8964809735283874]
[[1899   15]
 [  66   30]]
fine acc: 0.960
fine f1: 0.426
['rnd', 130, 'fold', 3, 'pr', 0.89371892196301839, 'roc', 0.8790926506443747]
3,130,coarse : 147.47 seconds
3,130,fine : 147.48 seconds
[[1840   74]
 [  36   60]]
coarse acc: 0.945
coarse f1: 0.522
['rnd', 131, 'fold', 3, 'pr', 0.91283172274621183, 'roc', 0.89563740856844298]
[[1895   19]
 [  65   31]]
fine acc: 0.958
fine f1: 0.425
['rnd', 131, 'fold', 3, 'pr', 0.89146892521259469, 'roc', 0.8794736154649947]
3,131,coarse : 149.62 seconds
3,131,fine : 149.63 seconds
[[1838   76]
 [  36   60]]
coarse acc: 0.944
coarse f1: 0.517
['rnd', 132, 'fold', 3, 'pr', 0.91359368212266023, 'roc', 0.89701976663183558]
[[1895   19]
 [  66   30]]
fine acc: 0.958
fine f1: 0.414
['rnd', 132, 'fold', 3, 'pr', 0.89144261936596414, 'roc', 0.87898924590734939]
3,132,coarse : 151.66 seconds
3,132,fine : 151.67 seconds
[[1834   80]
 [  36   60]]
coarse acc: 0.942
coarse f1: 0.508
['rnd', 133, 'fold', 3, 'pr', 0.91337275964324427, 'roc', 0.89665512887495646]
[[1895   19]
 [  66   30]]
fine acc: 0.958
fine f1: 0.414
['rnd', 133, 'fold', 3, 'pr', 0.89177571332881733, 'roc', 0.87905455416231293]
3,133,coarse : 152.35 seconds
3,133,fine : 152.36 seconds
[[1835   79]
 [  37   59]]
coarse acc: 0.942
coarse f1: 0.504
['rnd', 134, 'fold', 3, 'pr', 0.91414969112456512, 'roc', 0.89750957854406122]
[[1896   18]
 [  68   28]]
fine acc: 0.957
fine f1: 0.394
['rnd', 134, 'fold', 3, 'pr', 0.89298770721160825, 'roc', 0.88150361372344133]
3,134,coarse : 154.39 seconds
3,134,fine : 154.41 seconds
[[1834   80]
 [  36   60]]
coarse acc: 0.942
coarse f1: 0.508
['rnd', 135, 'fold', 3, 'pr', 0.91336529486729201, 'roc', 0.89637756879136199]
[[1898   16]
 [  66   30]]
fine acc: 0.959
fine f1: 0.423
['rnd', 135, 'fold', 3, 'pr', 0.89520376557640702, 'roc', 0.88196621386276552]
3,135,coarse : 156.99 seconds
3,135,fine : 157.01 seconds
[[1840   74]
 [  36   60]]
coarse acc: 0.945
coarse f1: 0.522
['rnd', 136, 'fold', 3, 'pr', 0.9144523262027221, 'roc', 0.89698711250435392]
[[1896   18]
 [  64   32]]
fine acc: 0.959
fine f1: 0.438
['rnd', 136, 'fold', 3, 'pr', 0.89271206590821084, 'roc', 0.8801158133054684]
3,136,coarse : 159.15 seconds
3,136,fine : 159.17 seconds
[[1840   74]
 [  35   61]]
coarse acc: 0.946
coarse f1: 0.528
['rnd', 137, 'fold', 3, 'pr', 0.91492526939059748, 'roc', 0.89772183037269238]
[[1898   16]
 [  65   31]]
fine acc: 0.960
fine f1: 0.434
['rnd', 137, 'fold', 3, 'pr', 0.89531111118352635, 'roc', 0.88069814524555912]
3,137,coarse : 159.3 seconds
3,137,fine : 159.32 seconds
[[1839   75]
 [  35   61]]
coarse acc: 0.945
coarse f1: 0.526
['rnd', 138, 'fold', 3, 'pr', 0.91441883373762178, 'roc', 0.8964592041100663]
[[1895   19]
 [  65   31]]
fine acc: 0.958
fine f1: 0.425
['rnd', 138, 'fold', 3, 'pr', 0.89133047708734459, 'roc', 0.8781293538836642]
3,138,coarse : 161.28 seconds
3,138,fine : 161.29 seconds
[[1838   76]
 [  35   61]]
coarse acc: 0.945
coarse f1: 0.524
['rnd', 139, 'fold', 3, 'pr', 0.91439795704390925, 'roc', 0.89701976663183569]
[[1897   17]
 [  67   29]]
fine acc: 0.958
fine f1: 0.408
['rnd', 139, 'fold', 3, 'pr', 0.89038912476986787, 'roc', 0.87615377917102055]
3,139,coarse : 163.46 seconds
3,139,fine : 163.47 seconds
[[1839   75]
 [  36   60]]
coarse acc: 0.945
coarse f1: 0.519
['rnd', 140, 'fold', 3, 'pr', 0.91429079469093333, 'roc', 0.89563196621386276]
[[1897   17]
 [  63   33]]
fine acc: 0.960
fine f1: 0.452
['rnd', 140, 'fold', 3, 'pr', 0.89349715771323257, 'roc', 0.8797130790665274]
3,140,coarse : 166.14 seconds
3,140,fine : 166.15 seconds
[[1841   73]
 [  35   61]]
coarse acc: 0.946
coarse f1: 0.530
['rnd', 141, 'fold', 3, 'pr', 0.91303481515486284, 'roc', 0.89395027864855459]
[[1895   19]
 [  63   33]]
fine acc: 0.959
fine f1: 0.446
['rnd', 141, 'fold', 3, 'pr', 0.89627702844196844, 'roc', 0.88165599965168928]
3,141,coarse : 167.6 seconds
3,141,fine : 167.62 seconds
[[1840   74]
 [  34   62]]
coarse acc: 0.946
coarse f1: 0.534
['rnd', 142, 'fold', 3, 'pr', 0.91357249929757989, 'roc', 0.89464690003483105]
[[1896   18]
 [  63   33]]
fine acc: 0.960
fine f1: 0.449
['rnd', 142, 'fold', 3, 'pr', 0.89582048617034149, 'roc', 0.88062739463601536]
3,142,coarse : 168.64 seconds
3,142,fine : 168.65 seconds
[[1840   74]
 [  34   62]]
coarse acc: 0.946
coarse f1: 0.534
['rnd', 143, 'fold', 3, 'pr', 0.91309354334053761, 'roc', 0.89453261058864508]
[[1898   16]
 [  63   33]]
fine acc: 0.961
fine f1: 0.455
['rnd', 143, 'fold', 3, 'pr', 0.89852425756186072, 'roc', 0.88264106583072099]
3,143,coarse : 172.42 seconds
3,143,fine : 172.44 seconds
[[1839   75]
 [  33   63]]
coarse acc: 0.946
coarse f1: 0.538
['rnd', 144, 'fold', 3, 'pr', 0.91330611692441821, 'roc', 0.89502242250087061]
[[1900   14]
 [  62   34]]
fine acc: 0.962
fine f1: 0.472
['rnd', 144, 'fold', 3, 'pr', 0.89829619245438286, 'roc', 0.8820424068268895]
3,144,coarse : 174.46 seconds
3,144,fine : 174.48 seconds
[[1842   72]
 [  34   62]]
coarse acc: 0.947
coarse f1: 0.539
['rnd', 145, 'fold', 3, 'pr', 0.91355048475910583, 'roc', 0.8949571142459074]
[[1899   15]
 [  63   33]]
fine acc: 0.961
fine f1: 0.458
['rnd', 145, 'fold', 3, 'pr', 0.89938719707649217, 'roc', 0.88343020724486243]
3,145,coarse : 176.63 seconds
3,145,fine : 176.65 seconds
[[1841   73]
 [  33   63]]
coarse acc: 0.947
coarse f1: 0.543
['rnd', 146, 'fold', 3, 'pr', 0.91625846645507758, 'roc', 0.89777081156391503]
[[1897   17]
 [  66   30]]
fine acc: 0.959
fine f1: 0.420
['rnd', 146, 'fold', 3, 'pr', 0.89834530545352087, 'roc', 0.88106278300243823]
3,146,coarse : 177.44 seconds
3,146,fine : 177.45 seconds
[[1841   73]
 [  35   61]]
coarse acc: 0.946
coarse f1: 0.530
['rnd', 147, 'fold', 3, 'pr', 0.91736840023510646, 'roc', 0.8991694966910484]
[[1897   17]
 [  68   28]]
fine acc: 0.958
fine f1: 0.397
['rnd', 147, 'fold', 3, 'pr', 0.8991074683751179, 'roc', 0.88476902647161271]
3,147,coarse : 180.97 seconds
3,147,fine : 180.98 seconds
[[1840   74]
 [  35   61]]
coarse acc: 0.946
coarse f1: 0.528
['rnd', 148, 'fold', 3, 'pr', 0.91785440269649032, 'roc', 0.89932188261929635]
[[1895   19]
 [  66   30]]
fine acc: 0.958
fine f1: 0.414
['rnd', 148, 'fold', 3, 'pr', 0.89636062484671686, 'roc', 0.88148728665970044]
3,148,coarse : 183.71 seconds
3,148,fine : 183.72 seconds
[[1839   75]
 [  34   62]]
coarse acc: 0.946
coarse f1: 0.532
['rnd', 149, 'fold', 3, 'pr', 0.91799021646661771, 'roc', 0.89978448275862066]
[[1896   18]
 [  66   30]]
fine acc: 0.958
fine f1: 0.417
['rnd', 149, 'fold', 3, 'pr', 0.89554765932967828, 'roc', 0.87821643155694873]
3,149,coarse : 185.03 seconds
3,149,fine : 185.05 seconds
[[1838   76]
 [  33   63]]
coarse acc: 0.946
coarse f1: 0.536
['rnd', 150, 'fold', 3, 'pr', 0.91845705487181284, 'roc', 0.89975727098571923]
[[1897   17]
 [  67   29]]
fine acc: 0.958
fine f1: 0.408
['rnd', 150, 'fold', 3, 'pr', 0.8965897318733006, 'roc', 0.88130768895855105]
3,150,coarse : 189.42 seconds
3,150,fine : 189.44 seconds
[[1838   76]
 [  33   63]]
coarse acc: 0.946
coarse f1: 0.536
['rnd', 151, 'fold', 3, 'pr', 0.91876469793572979, 'roc', 0.90001850400557293]
[[1897   17]
 [  68   28]]
fine acc: 0.958
fine f1: 0.397
['rnd', 151, 'fold', 3, 'pr', 0.89529250447156039, 'roc', 0.87913618948101702]
3,151,coarse : 190.13 seconds
3,151,fine : 190.14 seconds
[[1838   76]
 [  35   61]]
coarse acc: 0.945
coarse f1: 0.524
['rnd', 152, 'fold', 3, 'pr', 0.91725758799979173, 'roc', 0.89762931034482762]
[[1897   17]
 [  66   30]]
fine acc: 0.959
fine f1: 0.420
['rnd', 152, 'fold', 3, 'pr', 0.89543469284544386, 'roc', 0.88052398989898994]
3,152,coarse : 191.46 seconds
3,152,fine : 191.47 seconds
[[1836   78]
 [  34   62]]
coarse acc: 0.944
coarse f1: 0.525
['rnd', 153, 'fold', 3, 'pr', 0.91759330228249281, 'roc', 0.89810279519331249]
[[1897   17]
 [  66   30]]
fine acc: 0.959
fine f1: 0.420
['rnd', 153, 'fold', 3, 'pr', 0.89601234771074922, 'roc', 0.88148184430512033]
3,153,coarse : 193.59 seconds
3,153,fine : 193.61 seconds
[[1837   77]
 [  33   63]]
coarse acc: 0.945
coarse f1: 0.534
['rnd', 154, 'fold', 3, 'pr', 0.9200428518695235, 'roc', 0.90107976314872884]
[[1897   17]
 [  66   30]]
fine acc: 0.959
fine f1: 0.420
['rnd', 154, 'fold', 3, 'pr', 0.89769943752947046, 'roc', 0.88435540752351094]
3,154,coarse : 196.15 seconds
3,154,fine : 196.17 seconds
[[1835   79]
 [  33   63]]
coarse acc: 0.944
coarse f1: 0.529
['rnd', 155, 'fold', 3, 'pr', 0.91915879606252482, 'roc', 0.90054097004528044]
[[1897   17]
 [  65   31]]
fine acc: 0.959
fine f1: 0.431
['rnd', 155, 'fold', 3, 'pr', 0.89593710740702948, 'roc', 0.88187913618948099]
3,155,coarse : 199.14 seconds
3,155,fine : 199.16 seconds
[[1837   77]
 [  33   63]]
coarse acc: 0.945
coarse f1: 0.534
['rnd', 156, 'fold', 3, 'pr', 0.92021051981048629, 'roc', 0.90101989724834564]
[[1897   17]
 [  65   31]]
fine acc: 0.959
fine f1: 0.431
['rnd', 156, 'fold', 3, 'pr', 0.89579688297151894, 'roc', 0.88187369383490077]
3,156,coarse : 201.8 seconds
3,156,fine : 201.81 seconds
[[1838   76]
 [  33   63]]
coarse acc: 0.946
coarse f1: 0.536
['rnd', 157, 'fold', 3, 'pr', 0.92134656182425878, 'roc', 0.90224442702890972]
[[1895   19]
 [  62   34]]
fine acc: 0.960
fine f1: 0.456
['rnd', 157, 'fold', 3, 'pr', 0.89952165171212772, 'roc', 0.88867663706025768]
3,157,coarse : 203.76 seconds
3,157,fine : 203.77 seconds
[[1835   79]
 [  32   64]]
coarse acc: 0.945
coarse f1: 0.536
['rnd', 158, 'fold', 3, 'pr', 0.92069326801980123, 'roc', 0.90155869035179381]
[[1894   20]
 [  63   33]]
fine acc: 0.959
fine f1: 0.443
['rnd', 158, 'fold', 3, 'pr', 0.8984752360228504, 'roc', 0.88730516370602586]
3,158,coarse : 206.23 seconds
3,158,fine : 206.25 seconds
[[1841   73]
 [  33   63]]
coarse acc: 0.947
coarse f1: 0.543
['rnd', 159, 'fold', 3, 'pr', 0.921774971365102, 'roc', 0.90275600835945657]
[[1895   19]
 [  63   33]]
fine acc: 0.959
fine f1: 0.446
['rnd', 159, 'fold', 3, 'pr', 0.89892022404605409, 'roc', 0.88726706722396376]
3,159,coarse : 209.48 seconds
3,159,fine : 209.5 seconds
[[1841   73]
 [  33   63]]
coarse acc: 0.947
coarse f1: 0.543
['rnd', 160, 'fold', 3, 'pr', 0.9202234169184883, 'roc', 0.90119949494949492]
[[1897   17]
 [  63   33]]
fine acc: 0.960
fine f1: 0.452
['rnd', 160, 'fold', 3, 'pr', 0.89827612928508782, 'roc', 0.88528060780215967]
3,160,coarse : 210.87 seconds
3,160,fine : 210.89 seconds
[[1842   72]
 [  33   63]]
coarse acc: 0.948
coarse f1: 0.545
['rnd', 161, 'fold', 3, 'pr', 0.91946323047767797, 'roc', 0.9002742946708463]
[[1895   19]
 [  61   35]]
fine acc: 0.960
fine f1: 0.467
['rnd', 161, 'fold', 3, 'pr', 0.89759747304613358, 'roc', 0.88455133228840133]
3,161,coarse : 213.91 seconds
3,161,fine : 213.92 seconds
[[1843   71]
 [  32   64]]
coarse acc: 0.949
coarse f1: 0.554
['rnd', 162, 'fold', 3, 'pr', 0.9178469375963243, 'roc', 0.89854906826889591]
[[1895   19]
 [  61   35]]
fine acc: 0.960
fine f1: 0.467
['rnd', 162, 'fold', 3, 'pr', 0.89793959401988332, 'roc', 0.88554184082201315]
3,162,coarse : 216.29 seconds
3,162,fine : 216.3 seconds
[[1843   71]
 [  32   64]]
coarse acc: 0.949
coarse f1: 0.554
['rnd', 163, 'fold', 3, 'pr', 0.91758540391831833, 'roc', 0.89816810344827591]
[[1897   17]
 [  62   34]]
fine acc: 0.961
fine f1: 0.463
['rnd', 163, 'fold', 3, 'pr', 0.90063551811556553, 'roc', 0.88634186694531514]
3,163,coarse : 217.57 seconds
3,163,fine : 217.58 seconds
[[1840   74]
 [  33   63]]
coarse acc: 0.947
coarse f1: 0.541
['rnd', 164, 'fold', 3, 'pr', 0.91857563738170456, 'roc', 0.89932188261929635]
[[1897   17]
 [  61   35]]
fine acc: 0.961
fine f1: 0.473
['rnd', 164, 'fold', 3, 'pr', 0.9007378898832753, 'roc', 0.88676637060257746]
3,164,coarse : 218.77 seconds
3,164,fine : 218.79 seconds
[[1840   74]
 [  32   64]]
coarse acc: 0.947
coarse f1: 0.547
['rnd', 165, 'fold', 3, 'pr', 0.91976366324156666, 'roc', 0.90150970916057127]
[[1897   17]
 [  58   38]]
fine acc: 0.963
fine f1: 0.503
['rnd', 165, 'fold', 3, 'pr', 0.90030284780642578, 'roc', 0.88581395855102751]
3,165,coarse : 221.41 seconds
3,165,fine : 221.42 seconds
[[1839   75]
 [  32   64]]
coarse acc: 0.947
coarse f1: 0.545
['rnd', 166, 'fold', 3, 'pr', 0.91951789052914401, 'roc', 0.90138997735980486]
[[1897   17]
 [  57   39]]
fine acc: 0.963
fine f1: 0.513
['rnd', 166, 'fold', 3, 'pr', 0.89983231713446932, 'roc', 0.88498672065482409]
3,166,coarse : 223.57 seconds
3,166,fine : 223.58 seconds
[[1838   76]
 [  33   63]]
coarse acc: 0.946
coarse f1: 0.536
['rnd', 167, 'fold', 3, 'pr', 0.92106106475603278, 'roc', 0.90320228143504011]
[[1897   17]
 [  59   37]]
fine acc: 0.962
fine f1: 0.493
['rnd', 167, 'fold', 3, 'pr', 0.90063738006595284, 'roc', 0.88601532567049812]
3,167,coarse : 225.67 seconds
3,167,fine : 225.68 seconds
[[1838   76]
 [  32   64]]
coarse acc: 0.946
coarse f1: 0.542
['rnd', 168, 'fold', 3, 'pr', 0.92032237602360489, 'roc', 0.90190155869035171]
[[1897   17]
 [  58   38]]
fine acc: 0.963
fine f1: 0.503
['rnd', 168, 'fold', 3, 'pr', 0.90131703112306694, 'roc', 0.88740856844305116]
3,168,coarse : 228.68 seconds
3,168,fine : 228.7 seconds
[[1841   73]
 [  32   64]]
coarse acc: 0.948
coarse f1: 0.549
['rnd', 169, 'fold', 3, 'pr', 0.92165387453207115, 'roc', 0.90370842041100663]
[[1897   17]
 [  58   38]]
fine acc: 0.963
fine f1: 0.503
['rnd', 169, 'fold', 3, 'pr', 0.89917946236876545, 'roc', 0.88718543190525956]
3,169,coarse : 230.06 seconds
3,169,fine : 230.08 seconds
[[1842   72]
 [  33   63]]
coarse acc: 0.948
coarse f1: 0.545
['rnd', 170, 'fold', 3, 'pr', 0.92061112757214181, 'roc', 0.90148793974224994]
[[1897   17]
 [  58   38]]
fine acc: 0.963
fine f1: 0.503
['rnd', 170, 'fold', 3, 'pr', 0.90243080921521046, 'roc', 0.88850792406826884]
3,170,coarse : 231.18 seconds
3,170,fine : 231.19 seconds
[[1836   78]
 [  33   63]]
coarse acc: 0.945
coarse f1: 0.532
['rnd', 171, 'fold', 3, 'pr', 0.9186898906358989, 'roc', 0.89887560954371293]
[[1897   17]
 [  58   38]]
fine acc: 0.963
fine f1: 0.503
['rnd', 171, 'fold', 3, 'pr', 0.90393387799323921, 'roc', 0.88998824451410652]
3,171,coarse : 234.7 seconds
3,171,fine : 234.72 seconds
[[1839   75]
 [  32   64]]
coarse acc: 0.947
coarse f1: 0.545
['rnd', 172, 'fold', 3, 'pr', 0.91773264370867658, 'roc', 0.89688370776732851]
[[1896   18]
 [  57   39]]
fine acc: 0.963
fine f1: 0.510
['rnd', 172, 'fold', 3, 'pr', 0.90393876153644714, 'roc', 0.89014607279693481]
3,172,coarse : 226.31 seconds
3,172,fine : 226.33 seconds
