home
all           0      1    2    3    4    5    6    7    8    
1      2010   1914   1    19   32   19   1    11   6    7    
2      2010   1914   1    19   32   19   1    11   6    7    
3      2010   1914   1    19   32   19   1    11   5    8    
4      2010   1914   1    19   32   19   1    10   6    8    
5      2010   1914   1    18   33   19   1    10   6    8    
6      2010   1914   1    18   33   19   1    10   6    8    
7      2010   1913   2    18   33   19   1    10   6    8    
8      2010   1913   2    18   33   19   1    10   6    8    
9      2009   1913   2    18   32   19   2    10   6    7    
10     2009   1913   1    19   32   19   1    11   6    7    
Total  20098  19136  13   185  324  190  11   104  59   76   
train         0      1    2    3    4    5    6    7    8    
1      2010   1914   1    19   32   19   1    11   6    7    
2      2010   1914   1    19   32   19   1    11   6    7    
3      2010   1914   1    19   32   19   1    11   5    8    
4      2010   1914   1    19   32   19   1    10   6    8    
5      2010   1914   1    18   33   19   1    10   6    8    
6      2010   1914   1    18   33   19   1    10   6    8    
8      2010   1913   2    18   33   19   1    10   6    8    
9      2009   1913   2    18   32   19   2    10   6    7    
10     2009   1913   1    19   32   19   1    11   6    7    
Total  18088  17223  11   167  291  171  10   94   53   68   
test          0      1    2    3    4    5    6    7    8    
7      2010   1913   2    18   33   19   1    10   6    8    
Total  2010   1913   2    18   33   19   1    10   6    8    
Classes             
0         17223     
1         11        
2         167       
3         291       
4         171       
5         10        
6         94        
7         53        
8         68        
Total     18088     

Shape: 450       

[952, 10, 11, 16, 11, 10, 10, 10, 10]
Sum start => 1040
[[1844   69]
 [  63   34]]
coarse acc: 0.934
coarse f1: 0.340
['rnd', 1, 'fold', 7, 'pr', 0.83455110311633518, 'roc', 0.8269410059225808]
[[1913    0]
 [  96    1]]
fine acc: 0.952
fine f1: 0.020
['rnd', 1, 'fold', 7, 'pr', 0.78424880709852085, 'roc', 0.78284499436842858]
7,1,coarse : 29.04 seconds
7,1,fine : 29.04 seconds
[[1844   69]
 [  63   34]]
coarse acc: 0.934
coarse f1: 0.340
['rnd', 2, 'fold', 7, 'pr', 0.83455110311633518, 'roc', 0.8269410059225808]
[[1913    0]
 [  96    1]]
fine acc: 0.952
fine f1: 0.020
['rnd', 2, 'fold', 7, 'pr', 0.78424880709852085, 'roc', 0.78284499436842858]
7,2,coarse : 32.74 seconds
7,2,fine : 32.74 seconds
[[1851   62]
 [  66   31]]
coarse acc: 0.936
coarse f1: 0.326
['rnd', 3, 'fold', 7, 'pr', 0.85814295825196896, 'roc', 0.8482763080604222]
[[1909    4]
 [  91    6]]
fine acc: 0.953
fine f1: 0.112
['rnd', 3, 'fold', 7, 'pr', 0.81319980449071494, 'roc', 0.7948141042568212]
7,3,coarse : 51.03 seconds
7,3,fine : 51.03 seconds
[[1863   50]
 [  60   37]]
coarse acc: 0.945
coarse f1: 0.402
['rnd', 4, 'fold', 7, 'pr', 0.85972264711215174, 'roc', 0.84290880087949516]
[[1910    3]
 [  89    8]]
fine acc: 0.954
fine f1: 0.148
['rnd', 4, 'fold', 7, 'pr', 0.80087507068134189, 'roc', 0.78126060971863687]
7,4,coarse : 54.65 seconds
7,4,fine : 54.65 seconds
[[1872   41]
 [  60   37]]
coarse acc: 0.950
coarse f1: 0.423
['rnd', 5, 'fold', 7, 'pr', 0.868736836999361, 'roc', 0.85037265373650694]
[[1904    9]
 [  85   12]]
fine acc: 0.953
fine f1: 0.203
['rnd', 5, 'fold', 7, 'pr', 0.82501092455991931, 'roc', 0.80159893512106528]
7,5,coarse : 58.37 seconds
7,5,fine : 58.38 seconds
[[1871   42]
 [  58   39]]
coarse acc: 0.950
coarse f1: 0.438
['rnd', 6, 'fold', 7, 'pr', 0.86375678531704769, 'roc', 0.84544435522550532]
[[1900   13]
 [  78   19]]
fine acc: 0.955
fine f1: 0.295
['rnd', 6, 'fold', 7, 'pr', 0.84118253093530471, 'roc', 0.81585570243747341]
7,6,coarse : 61.87 seconds
7,6,fine : 61.87 seconds
[[1876   37]
 [  52   45]]
coarse acc: 0.956
coarse f1: 0.503
['rnd', 7, 'fold', 7, 'pr', 0.889917298472787, 'roc', 0.87065708850458867]
[[1908    5]
 [  72   25]]
fine acc: 0.962
fine f1: 0.394
['rnd', 7, 'fold', 7, 'pr', 0.85310603337935442, 'roc', 0.82405785698503453]
7,7,coarse : 65.58 seconds
7,7,fine : 65.58 seconds
[[1874   39]
 [  52   45]]
coarse acc: 0.955
coarse f1: 0.497
['rnd', 8, 'fold', 7, 'pr', 0.89324148843884621, 'roc', 0.87579825502125974]
[[1906    7]
 [  74   23]]
fine acc: 0.960
fine f1: 0.362
['rnd', 8, 'fold', 7, 'pr', 0.8519429761071351, 'roc', 0.81999450315529665]
7,8,coarse : 70.22 seconds
7,8,fine : 70.23 seconds
[[1872   41]
 [  53   44]]
coarse acc: 0.953
coarse f1: 0.484
['rnd', 9, 'fold', 7, 'pr', 0.8875236998407503, 'roc', 0.86808381071453578]
[[1903   10]
 [  72   25]]
fine acc: 0.959
fine f1: 0.379
['rnd', 9, 'fold', 7, 'pr', 0.85329390972114671, 'roc', 0.81882507638997426]
7,9,coarse : 73.48 seconds
7,9,fine : 73.49 seconds
[[1872   41]
 [  53   44]]
coarse acc: 0.953
coarse f1: 0.484
['rnd', 10, 'fold', 7, 'pr', 0.89303542108935241, 'roc', 0.87395250079488673]
[[1905    8]
 [  75   22]]
fine acc: 0.959
fine f1: 0.346
['rnd', 10, 'fold', 7, 'pr', 0.85537888144888574, 'roc', 0.819746606237302]
7,10,coarse : 76.99 seconds
7,10,fine : 76.99 seconds
[[1868   45]
 [  50   47]]
coarse acc: 0.953
coarse f1: 0.497
['rnd', 11, 'fold', 7, 'pr', 0.89492309835652073, 'roc', 0.87576053157721723]
[[1905    8]
 [  69   28]]
fine acc: 0.962
fine f1: 0.421
['rnd', 11, 'fold', 7, 'pr', 0.85873938789550275, 'roc', 0.81946906947041664]
7,11,coarse : 81.56 seconds
7,11,fine : 81.57 seconds
[[1875   38]
 [  51   46]]
coarse acc: 0.956
coarse f1: 0.508
['rnd', 12, 'fold', 7, 'pr', 0.89667996156042884, 'roc', 0.87922839389742458]
[[1905    8]
 [  69   28]]
fine acc: 0.962
fine f1: 0.421
['rnd', 12, 'fold', 7, 'pr', 0.86490496757191782, 'roc', 0.82721315362603132]
7,12,coarse : 85.36 seconds
7,12,fine : 85.37 seconds
[[1878   35]
 [  50   47]]
coarse acc: 0.958
coarse f1: 0.525
['rnd', 13, 'fold', 7, 'pr', 0.90498017560582811, 'roc', 0.8906451247837639]
[[1903   10]
 [  71   26]]
fine acc: 0.960
fine f1: 0.391
['rnd', 13, 'fold', 7, 'pr', 0.86939114212655455, 'roc', 0.8383873766578106]
7,13,coarse : 89.78 seconds
7,13,fine : 89.78 seconds
[[1880   33]
 [  49   48]]
coarse acc: 0.959
coarse f1: 0.539
['rnd', 14, 'fold', 7, 'pr', 0.90127194115798481, 'roc', 0.88319205005362111]
[[1905    8]
 [  68   29]]
fine acc: 0.962
fine f1: 0.433
['rnd', 14, 'fold', 7, 'pr', 0.86825156465509123, 'roc', 0.83854635402913325]
7,14,coarse : 93.65 seconds
7,14,fine : 93.65 seconds
[[1880   33]
 [  52   45]]
coarse acc: 0.958
coarse f1: 0.514
['rnd', 15, 'fold', 7, 'pr', 0.90744340182948136, 'roc', 0.89153701478220104]
[[1908    5]
 [  71   26]]
fine acc: 0.962
fine f1: 0.406
['rnd', 15, 'fold', 7, 'pr', 0.87413256500990222, 'roc', 0.8435366267696337]
7,15,coarse : 96.06 seconds
7,15,fine : 96.07 seconds
[[1881   32]
 [  50   47]]
coarse acc: 0.959
coarse f1: 0.534
['rnd', 16, 'fold', 7, 'pr', 0.90601791128895004, 'roc', 0.89056428883224381]
[[1906    7]
 [  72   25]]
fine acc: 0.961
fine f1: 0.388
['rnd', 16, 'fold', 7, 'pr', 0.87438568398130279, 'roc', 0.84250192659017775]
7,16,coarse : 100.05 seconds
7,16,fine : 100.06 seconds
[[1885   28]
 [  50   47]]
coarse acc: 0.961
coarse f1: 0.547
['rnd', 17, 'fold', 7, 'pr', 0.90611339929917556, 'roc', 0.88852722285394015]
[[1907    6]
 [  67   30]]
fine acc: 0.964
fine f1: 0.451
['rnd', 17, 'fold', 7, 'pr', 0.87169480340790984, 'roc', 0.83732573116118147]
7,17,coarse : 102.63 seconds
7,17,fine : 102.63 seconds
[[1881   32]
 [  49   48]]
coarse acc: 0.960
coarse f1: 0.542
['rnd', 18, 'fold', 7, 'pr', 0.90901765040517102, 'roc', 0.89338276900857394]
[[1906    7]
 [  67   30]]
fine acc: 0.963
fine f1: 0.448
['rnd', 18, 'fold', 7, 'pr', 0.87310961424359546, 'roc', 0.83790505548040795]
7,18,coarse : 105.1 seconds
7,18,fine : 105.11 seconds
[[1881   32]
 [  50   47]]
coarse acc: 0.959
coarse f1: 0.534
['rnd', 19, 'fold', 7, 'pr', 0.91107151189994262, 'roc', 0.89430429885590179]
[[1903   10]
 [  68   29]]
fine acc: 0.961
fine f1: 0.426
['rnd', 19, 'fold', 7, 'pr', 0.88085085805274288, 'roc', 0.84876671283297678]
7,19,coarse : 108.75 seconds
7,19,fine : 108.76 seconds
[[1884   29]
 [  50   47]]
coarse acc: 0.961
coarse f1: 0.543
['rnd', 20, 'fold', 7, 'pr', 0.91128426994755696, 'roc', 0.89660003987906944]
[[1905    8]
 [  67   30]]
fine acc: 0.963
fine f1: 0.444
['rnd', 20, 'fold', 7, 'pr', 0.88498925709997867, 'roc', 0.8570874267761005]
7,20,coarse : 113.6 seconds
7,20,fine : 113.61 seconds
[[1885   28]
 [  50   47]]
coarse acc: 0.961
coarse f1: 0.547
['rnd', 21, 'fold', 7, 'pr', 0.91442922758588507, 'roc', 0.90237172681759625]
[[1904    9]
 [  67   30]]
fine acc: 0.962
fine f1: 0.441
['rnd', 21, 'fold', 7, 'pr', 0.88584492550519467, 'roc', 0.85576171717117278]
7,21,coarse : 117.33 seconds
7,21,fine : 117.33 seconds
[[1884   29]
 [  48   49]]
coarse acc: 0.962
coarse f1: 0.560
['rnd', 22, 'fold', 7, 'pr', 0.91438279315171644, 'roc', 0.90191365642564969]
[[1906    7]
 [  67   30]]
fine acc: 0.963
fine f1: 0.448
['rnd', 22, 'fold', 7, 'pr', 0.89099147325462891, 'roc', 0.86591740721380039]
7,22,coarse : 121.64 seconds
7,22,fine : 121.64 seconds
[[1881   32]
 [  49   48]]
coarse acc: 0.960
coarse f1: 0.542
['rnd', 23, 'fold', 7, 'pr', 0.91364342485219407, 'roc', 0.90090051249993264]
[[1906    7]
 [  67   30]]
fine acc: 0.963
fine f1: 0.448
['rnd', 23, 'fold', 7, 'pr', 0.89525640849975829, 'roc', 0.8706058924019594]
7,23,coarse : 124.61 seconds
7,23,fine : 124.62 seconds
[[1887   26]
 [  48   49]]
coarse acc: 0.963
coarse f1: 0.570
['rnd', 24, 'fold', 7, 'pr', 0.9141749262406732, 'roc', 0.89985233966189015]
[[1903   10]
 [  65   32]]
fine acc: 0.963
fine f1: 0.460
['rnd', 24, 'fold', 7, 'pr', 0.90099498212849083, 'roc', 0.87790268429249674]
7,24,coarse : 127.11 seconds
7,24,fine : 127.12 seconds
[[1884   29]
 [  48   49]]
coarse acc: 0.962
coarse f1: 0.560
['rnd', 25, 'fold', 7, 'pr', 0.9131836688020385, 'roc', 0.89814939561653573]
[[1905    8]
 [  66   31]]
fine acc: 0.963
fine f1: 0.456
['rnd', 25, 'fold', 7, 'pr', 0.90305056956630336, 'roc', 0.88033315190153116]
7,25,coarse : 130.31 seconds
7,25,fine : 130.31 seconds
[[1882   31]
 [  48   49]]
coarse acc: 0.961
coarse f1: 0.554
['rnd', 26, 'fold', 7, 'pr', 0.91945550544584176, 'roc', 0.90411239430699342]
[[1904    9]
 [  66   31]]
fine acc: 0.963
fine f1: 0.453
['rnd', 26, 'fold', 7, 'pr', 0.90113324771364178, 'roc', 0.88016070187162165]
7,26,coarse : 133.91 seconds
7,26,fine : 133.91 seconds
[[1883   30]
 [  48   49]]
coarse acc: 0.961
coarse f1: 0.557
['rnd', 27, 'fold', 7, 'pr', 0.92107386200311836, 'roc', 0.9063919681398569]
[[1905    8]
 [  65   32]]
fine acc: 0.964
fine f1: 0.467
['rnd', 27, 'fold', 7, 'pr', 0.90290008051797654, 'roc', 0.88054332537548297]
7,27,coarse : 137.32 seconds
7,27,fine : 137.32 seconds
[[1883   30]
 [  45   52]]
coarse acc: 0.963
coarse f1: 0.581
['rnd', 28, 'fold', 7, 'pr', 0.92457432524359484, 'roc', 0.91233341057657591]
[[1905    8]
 [  65   32]]
fine acc: 0.964
fine f1: 0.467
['rnd', 28, 'fold', 7, 'pr', 0.90298314308151428, 'roc', 0.88223549129396794]
7,28,coarse : 140.09 seconds
7,28,fine : 140.09 seconds
[[1883   30]
 [  44   53]]
coarse acc: 0.963
coarse f1: 0.589
['rnd', 29, 'fold', 7, 'pr', 0.92127052586678837, 'roc', 0.90807605046318995]
[[1906    7]
 [  65   32]]
fine acc: 0.964
fine f1: 0.471
['rnd', 29, 'fold', 7, 'pr', 0.90297722702795913, 'roc', 0.88088283637186693]
7,29,coarse : 143.14 seconds
7,29,fine : 143.15 seconds
[[1880   33]
 [  45   52]]
coarse acc: 0.961
coarse f1: 0.571
['rnd', 30, 'fold', 7, 'pr', 0.92234507737191773, 'roc', 0.90873351620221932]
[[1905    8]
 [  65   32]]
fine acc: 0.964
fine f1: 0.467
['rnd', 30, 'fold', 7, 'pr', 0.90296768338379851, 'roc', 0.8802280651645551]
7,30,coarse : 146.19 seconds
7,30,fine : 146.19 seconds
[[1880   33]
 [  43   54]]
coarse acc: 0.962
coarse f1: 0.587
['rnd', 31, 'fold', 7, 'pr', 0.92400744520861489, 'roc', 0.91093764314699754]
[[1905    8]
 [  62   35]]
fine acc: 0.965
fine f1: 0.500
['rnd', 31, 'fold', 7, 'pr', 0.90568637400005192, 'roc', 0.88237291241155202]
7,31,coarse : 149.3 seconds
7,31,fine : 149.31 seconds
[[1871   42]
 [  39   58]]
coarse acc: 0.960
coarse f1: 0.589
['rnd', 32, 'fold', 7, 'pr', 0.92185496766132824, 'roc', 0.90742666831931285]
[[1904    9]
 [  63   34]]
fine acc: 0.964
fine f1: 0.486
['rnd', 32, 'fold', 7, 'pr', 0.91094941587281197, 'roc', 0.89205167034021149]
7,32,coarse : 152.5 seconds
7,32,fine : 152.51 seconds
[[1872   41]
 [  40   57]]
coarse acc: 0.960
coarse f1: 0.585
['rnd', 33, 'fold', 7, 'pr', 0.92131002576406418, 'roc', 0.90695781980049683]
[[1905    8]
 [  61   36]]
fine acc: 0.966
fine f1: 0.511
['rnd', 33, 'fold', 7, 'pr', 0.90870994741811617, 'roc', 0.88767575083126304]
7,33,coarse : 156.63 seconds
7,33,fine : 156.64 seconds
[[1868   45]
 [  39   58]]
coarse acc: 0.958
coarse f1: 0.580
['rnd', 34, 'fold', 7, 'pr', 0.92365614730076773, 'roc', 0.90811646843894989]
[[1903   10]
 [  63   34]]
fine acc: 0.964
fine f1: 0.482
['rnd', 34, 'fold', 7, 'pr', 0.91169653928809979, 'roc', 0.89188999843717154]
7,34,coarse : 158.99 seconds
7,34,fine : 158.99 seconds
[[1871   42]
 [  38   59]]
coarse acc: 0.960
coarse f1: 0.596
['rnd', 35, 'fold', 7, 'pr', 0.92564408035802903, 'roc', 0.91085411266376004]
[[1903   10]
 [  64   33]]
fine acc: 0.963
fine f1: 0.471
['rnd', 35, 'fold', 7, 'pr', 0.91234588828722285, 'roc', 0.89221873130668627]
7,35,coarse : 162.38 seconds
7,35,fine : 162.39 seconds
[[1870   43]
 [  39   58]]
coarse acc: 0.959
coarse f1: 0.586
['rnd', 36, 'fold', 7, 'pr', 0.92446767777347194, 'roc', 0.90896524592990979]
[[1903   10]
 [  64   33]]
fine acc: 0.963
fine f1: 0.471
['rnd', 36, 'fold', 7, 'pr', 0.91338629691046114, 'roc', 0.89175796638302218]
7,36,coarse : 166.42 seconds
7,36,fine : 166.42 seconds
[[1865   48]
 [  37   60]]
coarse acc: 0.958
coarse f1: 0.585
['rnd', 37, 'fold', 7, 'pr', 0.92330998431442379, 'roc', 0.90640544079844365]
[[1902   11]
 [  64   33]]
fine acc: 0.963
fine f1: 0.468
['rnd', 37, 'fold', 7, 'pr', 0.91219094976011406, 'roc', 0.89067207010093719]
7,37,coarse : 169.09 seconds
7,37,fine : 169.09 seconds
[[1866   47]
 [  37   60]]
coarse acc: 0.958
coarse f1: 0.588
['rnd', 38, 'fold', 7, 'pr', 0.92251626920811747, 'roc', 0.90527643200888119]
[[1903   10]
 [  63   34]]
fine acc: 0.964
fine f1: 0.482
['rnd', 38, 'fold', 7, 'pr', 0.9134792858468489, 'roc', 0.89236962508285689]
7,38,coarse : 172.18 seconds
7,38,fine : 172.19 seconds
[[1857   56]
 [  38   59]]
coarse acc: 0.953
coarse f1: 0.557
['rnd', 39, 'fold', 7, 'pr', 0.92257937372410415, 'roc', 0.90505817493977714]
[[1902   11]
 [  59   38]]
fine acc: 0.965
fine f1: 0.521
['rnd', 39, 'fold', 7, 'pr', 0.91648600478095077, 'roc', 0.89793113854743178]
7,39,coarse : 174.84 seconds
7,39,fine : 174.85 seconds
[[1858   55]
 [  36   61]]
coarse acc: 0.955
coarse f1: 0.573
['rnd', 40, 'fold', 7, 'pr', 0.92210193474834679, 'roc', 0.90662908693098221]
[[1903   10]
 [  60   37]]
fine acc: 0.965
fine f1: 0.514
['rnd', 40, 'fold', 7, 'pr', 0.91257399605719214, 'roc', 0.89013585828918784]
7,40,coarse : 178.27 seconds
7,40,fine : 178.28 seconds
[[1858   55]
 [  37   60]]
coarse acc: 0.954
coarse f1: 0.566
['rnd', 41, 'fold', 7, 'pr', 0.92147062736066521, 'roc', 0.90479141629976134]
[[1901   12]
 [  60   37]]
fine acc: 0.964
fine f1: 0.507
['rnd', 41, 'fold', 7, 'pr', 0.9168161388860574, 'roc', 0.89666201410856816]
7,41,coarse : 180.58 seconds
7,41,fine : 180.58 seconds
[[1854   59]
 [  37   60]]
coarse acc: 0.952
coarse f1: 0.556
['rnd', 42, 'fold', 7, 'pr', 0.92032599864229347, 'roc', 0.90331211838694547]
[[1902   11]
 [  61   36]]
fine acc: 0.964
fine f1: 0.500
['rnd', 42, 'fold', 7, 'pr', 0.9173422665030303, 'roc', 0.89800658543551704]
7,42,coarse : 182.84 seconds
7,42,fine : 182.85 seconds
[[1854   59]
 [  36   61]]
coarse acc: 0.953
coarse f1: 0.562
['rnd', 43, 'fold', 7, 'pr', 0.9198105865331172, 'roc', 0.9029106331610629]
[[1900   13]
 [  59   38]]
fine acc: 0.964
fine f1: 0.514
['rnd', 43, 'fold', 7, 'pr', 0.91490273199397221, 'roc', 0.89497523725351769]
7,43,coarse : 185.4 seconds
7,43,fine : 185.4 seconds
[[1852   61]
 [  35   62]]
coarse acc: 0.952
coarse f1: 0.564
['rnd', 44, 'fold', 7, 'pr', 0.91937868139147561, 'roc', 0.90235017056385769]
[[1900   13]
 [  58   39]]
fine acc: 0.965
fine f1: 0.523
['rnd', 44, 'fold', 7, 'pr', 0.91405477105914856, 'roc', 0.89305942520249393]
7,44,coarse : 186.89 seconds
7,44,fine : 186.9 seconds
[[1854   59]
 [  36   61]]
coarse acc: 0.953
coarse f1: 0.562
['rnd', 45, 'fold', 7, 'pr', 0.91976025971226005, 'roc', 0.90355732077322282]
[[1899   14]
 [  57   40]]
fine acc: 0.965
fine f1: 0.530
['rnd', 45, 'fold', 7, 'pr', 0.91302395940504755, 'roc', 0.89027327940677192]
7,45,coarse : 187.08 seconds
7,45,fine : 187.09 seconds
[[1856   57]
 [  35   62]]
coarse acc: 0.954
coarse f1: 0.574
['rnd', 46, 'fold', 7, 'pr', 0.9214596182971122, 'roc', 0.90517942886705727]
[[1899   14]
 [  56   41]]
fine acc: 0.965
fine f1: 0.539
['rnd', 46, 'fold', 7, 'pr', 0.9150643163296448, 'roc', 0.89404831834275522]
7,46,coarse : 189.85 seconds
7,46,fine : 189.86 seconds
[[1853   60]
 [  36   61]]
coarse acc: 0.952
coarse f1: 0.560
['rnd', 47, 'fold', 7, 'pr', 0.91991371612348527, 'roc', 0.90458663188924393]
[[1898   15]
 [  54   43]]
fine acc: 0.966
fine f1: 0.555
['rnd', 47, 'fold', 7, 'pr', 0.91562460485221442, 'roc', 0.89477853643815242]
7,47,coarse : 191.24 seconds
7,47,fine : 191.25 seconds
[[1852   61]
 [  35   62]]
coarse acc: 0.952
coarse f1: 0.564
['rnd', 48, 'fold', 7, 'pr', 0.92092174734344068, 'roc', 0.90667219943845945]
[[1898   15]
 [  53   44]]
fine acc: 0.966
fine f1: 0.564
['rnd', 48, 'fold', 7, 'pr', 0.9155702748400173, 'roc', 0.89493751380947506]
7,48,coarse : 193.28 seconds
7,48,fine : 193.29 seconds
[[1851   62]
 [  39   58]]
coarse acc: 0.950
coarse f1: 0.535
['rnd', 49, 'fold', 7, 'pr', 0.92011248597751705, 'roc', 0.90400730757001724]
[[1898   15]
 [  53   44]]
fine acc: 0.966
fine f1: 0.564
['rnd', 49, 'fold', 7, 'pr', 0.91655032887144594, 'roc', 0.89620394371662149]
7,49,coarse : 194.08 seconds
7,49,fine : 194.09 seconds
[[1849   64]
 [  37   60]]
coarse acc: 0.950
coarse f1: 0.543
['rnd', 50, 'fold', 7, 'pr', 0.91906979369502961, 'roc', 0.90422556463912129]
[[1898   15]
 [  53   44]]
fine acc: 0.966
fine f1: 0.564
['rnd', 50, 'fold', 7, 'pr', 0.91598732287425388, 'roc', 0.89631711404874947]
7,50,coarse : 196.55 seconds
7,50,fine : 196.56 seconds
[[1849   64]
 [  36   61]]
coarse acc: 0.950
coarse f1: 0.550
['rnd', 51, 'fold', 7, 'pr', 0.91918914843397359, 'roc', 0.90381060675465208]
[[1899   14]
 [  54   43]]
fine acc: 0.966
fine f1: 0.558
['rnd', 51, 'fold', 7, 'pr', 0.91545638305110488, 'roc', 0.89551953266041873]
7,51,coarse : 195.65 seconds
7,51,fine : 195.66 seconds
[[1841   72]
 [  37   60]]
coarse acc: 0.946
coarse f1: 0.524
['rnd', 52, 'fold', 7, 'pr', 0.91737571649398053, 'roc', 0.90326900587946823]
[[1898   15]
 [  53   44]]
fine acc: 0.966
fine f1: 0.564
['rnd', 52, 'fold', 7, 'pr', 0.91541443157218882, 'roc', 0.89550336547011489]
7,52,coarse : 196.85 seconds
7,52,fine : 196.85 seconds
[[1847   66]
 [  38   59]]
coarse acc: 0.948
coarse f1: 0.532
['rnd', 53, 'fold', 7, 'pr', 0.91623345784059063, 'roc', 0.90012987642877551]
[[1897   16]
 [  55   42]]
fine acc: 0.965
fine f1: 0.542
['rnd', 53, 'fold', 7, 'pr', 0.90854738618633468, 'roc', 0.8843614768189435]
7,53,coarse : 198.21 seconds
7,53,fine : 198.22 seconds
[[1839   74]
 [  37   60]]
coarse acc: 0.945
coarse f1: 0.519
['rnd', 54, 'fold', 7, 'pr', 0.91602510081006039, 'roc', 0.90122924536944737]
[[1896   17]
 [  55   42]]
fine acc: 0.964
fine f1: 0.538
['rnd', 54, 'fold', 7, 'pr', 0.9120317279190282, 'roc', 0.89069093182295855]
7,54,coarse : 198.28 seconds
7,54,fine : 198.29 seconds
[[1842   71]
 [  39   58]]
coarse acc: 0.945
coarse f1: 0.513
['rnd', 55, 'fold', 7, 'pr', 0.91612407700488863, 'roc', 0.90066878277224205]
[[1897   16]
 [  58   39]]
fine acc: 0.963
fine f1: 0.513
['rnd', 55, 'fold', 7, 'pr', 0.91174335486382352, 'roc', 0.8895700066285479]
7,55,coarse : 200.64 seconds
7,55,fine : 200.64 seconds
[[1843   70]
 [  38   59]]
coarse acc: 0.946
coarse f1: 0.522
['rnd', 56, 'fold', 7, 'pr', 0.91573553914236594, 'roc', 0.90098943204660453]
[[1897   16]
 [  57   40]]
fine acc: 0.964
fine f1: 0.523
['rnd', 56, 'fold', 7, 'pr', 0.91017379311788749, 'roc', 0.88650362953422324]
7,56,coarse : 200.52 seconds
7,56,fine : 200.53 seconds
[[1839   74]
 [  38   59]]
coarse acc: 0.944
coarse f1: 0.513
['rnd', 57, 'fold', 7, 'pr', 0.9163081733978935, 'roc', 0.90163611965876456]
[[1896   17]
 [  56   41]]
fine acc: 0.964
fine f1: 0.529
['rnd', 57, 'fold', 7, 'pr', 0.91211931451652817, 'roc', 0.89075829511589177]
7,57,coarse : 201.7 seconds
7,57,fine : 201.71 seconds
[[1843   70]
 [  39   58]]
coarse acc: 0.946
coarse f1: 0.516
['rnd', 58, 'fold', 7, 'pr', 0.91625911793689918, 'roc', 0.90049633274233276]
[[1896   17]
 [  55   42]]
fine acc: 0.964
fine f1: 0.538
['rnd', 58, 'fold', 7, 'pr', 0.9110438277466234, 'roc', 0.88960234100915592]
7,58,coarse : 202.32 seconds
7,58,fine : 202.33 seconds
[[1839   74]
 [  35   62]]
coarse acc: 0.946
coarse f1: 0.532
['rnd', 59, 'fold', 7, 'pr', 0.91675939834150544, 'roc', 0.90187323844988976]
[[1896   17]
 [  53   44]]
fine acc: 0.965
fine f1: 0.557
['rnd', 59, 'fold', 7, 'pr', 0.91301792495973355, 'roc', 0.8907044044815452]
7,59,coarse : 203.38 seconds
7,59,fine : 203.39 seconds
[[1842   71]
 [  36   61]]
coarse acc: 0.947
coarse f1: 0.533
['rnd', 60, 'fold', 7, 'pr', 0.91647299398750137, 'roc', 0.9019136564256498]
[[1893   20]
 [  53   44]]
fine acc: 0.964
fine f1: 0.547
['rnd', 60, 'fold', 7, 'pr', 0.91350406390686878, 'roc', 0.89131606318137979]
7,60,coarse : 205.2 seconds
7,60,fine : 205.21 seconds
[[1836   77]
 [  37   60]]
coarse acc: 0.943
coarse f1: 0.513
['rnd', 61, 'fold', 7, 'pr', 0.91592018635231875, 'roc', 0.90111607503731928]
[[1895   18]
 [  54   43]]
fine acc: 0.964
fine f1: 0.544
['rnd', 61, 'fold', 7, 'pr', 0.91435701418801363, 'roc', 0.89452794498844035]
7,61,coarse : 206.64 seconds
7,61,fine : 206.65 seconds
[[1835   78]
 [  36   61]]
coarse acc: 0.943
coarse f1: 0.517
['rnd', 62, 'fold', 7, 'pr', 0.91578788084373608, 'roc', 0.90081967654841266]
[[1895   18]
 [  54   43]]
fine acc: 0.964
fine f1: 0.544
['rnd', 62, 'fold', 7, 'pr', 0.91407001181498571, 'roc', 0.89297589471925665]
7,62,coarse : 206.38 seconds
7,62,fine : 206.39 seconds
[[1834   79]
 [  36   61]]
coarse acc: 0.943
coarse f1: 0.515
['rnd', 63, 'fold', 7, 'pr', 0.91588318979620986, 'roc', 0.90193251814767106]
[[1896   17]
 [  53   44]]
fine acc: 0.965
fine f1: 0.557
['rnd', 63, 'fold', 7, 'pr', 0.91448294190974588, 'roc', 0.89353905184817928]
7,63,coarse : 207.53 seconds
7,63,fine : 207.54 seconds
[[1836   77]
 [  36   61]]
coarse acc: 0.944
coarse f1: 0.519
['rnd', 64, 'fold', 7, 'pr', 0.9155210800917255, 'roc', 0.90119421645712194]
[[1896   17]
 [  53   44]]
fine acc: 0.965
fine f1: 0.557
['rnd', 64, 'fold', 7, 'pr', 0.91485496528087018, 'roc', 0.89433932776822722]
7,64,coarse : 207.26 seconds
7,64,fine : 207.27 seconds
[[1831   82]
 [  38   59]]
coarse acc: 0.940
coarse f1: 0.496
['rnd', 65, 'fold', 7, 'pr', 0.91483429543140693, 'roc', 0.9000759857944286]
[[1894   19]
 [  53   44]]
fine acc: 0.964
fine f1: 0.550
['rnd', 65, 'fold', 7, 'pr', 0.91461536526067622, 'roc', 0.89442285825146439]
7,65,coarse : 209.36 seconds
7,65,fine : 209.37 seconds
[[1837   76]
 [  37   60]]
coarse acc: 0.944
coarse f1: 0.515
['rnd', 66, 'fold', 7, 'pr', 0.91382051919555296, 'roc', 0.90019723972170873]
[[1896   17]
 [  53   44]]
fine acc: 0.965
fine f1: 0.557
['rnd', 66, 'fold', 7, 'pr', 0.91463208646057226, 'roc', 0.89451986139328843]
7,66,coarse : 211.06 seconds
7,66,fine : 211.06 seconds
[[1837   76]
 [  38   59]]
coarse acc: 0.943
coarse f1: 0.509
['rnd', 67, 'fold', 7, 'pr', 0.91476514461271563, 'roc', 0.89890655902910643]
[[1896   17]
 [  53   44]]
fine acc: 0.965
fine f1: 0.557
['rnd', 67, 'fold', 7, 'pr', 0.91510000987185913, 'roc', 0.89330462758877138]
7,67,coarse : 211.84 seconds
7,67,fine : 211.85 seconds
[[1837   76]
 [  37   60]]
coarse acc: 0.944
coarse f1: 0.515
['rnd', 68, 'fold', 7, 'pr', 0.91402701489602833, 'roc', 0.89974186386147947]
[[1896   17]
 [  50   47]]
fine acc: 0.967
fine f1: 0.584
['rnd', 68, 'fold', 7, 'pr', 0.91549097021688242, 'roc', 0.89481895441391235]
7,68,coarse : 211.95 seconds
7,68,fine : 211.96 seconds
[[1830   83]
 [  37   60]]
coarse acc: 0.940
coarse f1: 0.500
['rnd', 69, 'fold', 7, 'pr', 0.91401968797522615, 'roc', 0.89996281546230072]
[[1896   17]
 [  52   45]]
fine acc: 0.966
fine f1: 0.566
['rnd', 69, 'fold', 7, 'pr', 0.91548275693709602, 'roc', 0.89586712725195494]
7,69,coarse : 212.94 seconds
7,69,fine : 212.95 seconds
[[1829   84]
 [  37   60]]
coarse acc: 0.940
coarse f1: 0.498
['rnd', 70, 'fold', 7, 'pr', 0.91534888509644963, 'roc', 0.90195676893312715]
[[1895   18]
 [  52   45]]
fine acc: 0.965
fine f1: 0.563
['rnd', 70, 'fold', 7, 'pr', 0.91493669230929375, 'roc', 0.8952446904252509]
7,70,coarse : 214.88 seconds
7,70,fine : 214.89 seconds
[[1830   83]
 [  38   59]]
coarse acc: 0.940
coarse f1: 0.494
['rnd', 71, 'fold', 7, 'pr', 0.91435057007397202, 'roc', 0.89973108573461014]
[[1896   17]
 [  52   45]]
fine acc: 0.966
fine f1: 0.566
['rnd', 71, 'fold', 7, 'pr', 0.91534543958944781, 'roc', 0.89683446413847734]
7,71,coarse : 216.24 seconds
7,71,fine : 216.25 seconds
[[1832   81]
 [  38   59]]
coarse acc: 0.941
coarse f1: 0.498
['rnd', 72, 'fold', 7, 'pr', 0.91504780748245995, 'roc', 0.90100021017347387]
[[1896   17]
 [  53   44]]
fine acc: 0.965
fine f1: 0.557
['rnd', 72, 'fold', 7, 'pr', 0.91466945390103171, 'roc', 0.8941049035088191]
7,72,coarse : 216.87 seconds
7,72,fine : 216.88 seconds
[[1832   81]
 [  37   60]]
coarse acc: 0.941
coarse f1: 0.504
['rnd', 73, 'fold', 7, 'pr', 0.91515317370275517, 'roc', 0.90023226863403405]
[[1894   19]
 [  51   46]]
fine acc: 0.965
fine f1: 0.568
['rnd', 73, 'fold', 7, 'pr', 0.91634763274709008, 'roc', 0.89978767090067424]
7,73,coarse : 217.39 seconds
7,73,fine : 217.4 seconds
[[1830   83]
 [  36   61]]
coarse acc: 0.941
coarse f1: 0.506
['rnd', 74, 'fold', 7, 'pr', 0.91544220462850312, 'roc', 0.90169809388826316]
[[1895   18]
 [  52   45]]
fine acc: 0.965
fine f1: 0.563
['rnd', 74, 'fold', 7, 'pr', 0.91899184331577821, 'roc', 0.90388605364273755]
7,74,coarse : 217.46 seconds
7,74,fine : 217.47 seconds
[[1830   83]
 [  36   61]]
coarse acc: 0.941
coarse f1: 0.506
['rnd', 75, 'fold', 7, 'pr', 0.91523742103595607, 'roc', 0.900684949962546]
[[1894   19]
 [  52   45]]
fine acc: 0.965
fine f1: 0.559
['rnd', 75, 'fold', 7, 'pr', 0.91910837387639832, 'roc', 0.90424981542457739]
7,75,coarse : 218.82 seconds
7,75,fine : 218.83 seconds
[[1822   91]
 [  35   62]]
coarse acc: 0.937
coarse f1: 0.496
['rnd', 76, 'fold', 7, 'pr', 0.91359086911541998, 'roc', 0.89938888020650887]
[[1892   21]
 [  51   46]]
fine acc: 0.964
fine f1: 0.561
['rnd', 76, 'fold', 7, 'pr', 0.91659599637059952, 'roc', 0.90011101470675414]
7,76,coarse : 218.95 seconds
7,76,fine : 218.95 seconds
[[1824   89]
 [  35   62]]
coarse acc: 0.938
coarse f1: 0.500
['rnd', 77, 'fold', 7, 'pr', 0.91675392645801645, 'roc', 0.90355732077322282]
[[1893   20]
 [  52   45]]
fine acc: 0.964
fine f1: 0.556
['rnd', 77, 'fold', 7, 'pr', 0.91972886126154063, 'roc', 0.9050743421300812]
7,77,coarse : 219.9 seconds
7,77,fine : 219.91 seconds
[[1821   92]
 [  37   60]]
coarse acc: 0.936
coarse f1: 0.482
['rnd', 78, 'fold', 7, 'pr', 0.91350646647791522, 'roc', 0.89983886700330351]
[[1894   19]
 [  51   46]]
fine acc: 0.965
fine f1: 0.568
['rnd', 78, 'fold', 7, 'pr', 0.92021953387127142, 'roc', 0.90621951810994761]
7,78,coarse : 220.36 seconds
7,78,fine : 220.37 seconds
[[1822   91]
 [  36   61]]
coarse acc: 0.937
coarse f1: 0.490
['rnd', 79, 'fold', 7, 'pr', 0.9134408261378465, 'roc', 0.89922990283518622]
[[1894   19]
 [  51   46]]
fine acc: 0.965
fine f1: 0.568
['rnd', 79, 'fold', 7, 'pr', 0.92007652553039487, 'roc', 0.90575875318628374]
7,79,coarse : 220.95 seconds
7,79,fine : 220.96 seconds
[[1823   90]
 [  36   61]]
coarse acc: 0.937
coarse f1: 0.492
['rnd', 80, 'fold', 7, 'pr', 0.91411116025225614, 'roc', 0.90077117497750059]
[[1893   20]
 [  51   46]]
fine acc: 0.965
fine f1: 0.564
['rnd', 80, 'fold', 7, 'pr', 0.91823111007785829, 'roc', 0.90297799645399623]
7,80,coarse : 222.27 seconds
7,80,fine : 222.28 seconds
[[1826   87]
 [  36   61]]
coarse acc: 0.939
coarse f1: 0.498
['rnd', 81, 'fold', 7, 'pr', 0.91371856537461027, 'roc', 0.89996550999401803]
[[1893   20]
 [  51   46]]
fine acc: 0.965
fine f1: 0.564
['rnd', 81, 'fold', 7, 'pr', 0.91451451049191312, 'roc', 0.89642220078572543]
7,81,coarse : 222.05 seconds
7,81,fine : 222.06 seconds
[[1823   90]
 [  37   60]]
coarse acc: 0.937
coarse f1: 0.486
['rnd', 82, 'fold', 7, 'pr', 0.91342763783207059, 'roc', 0.89955863570470085]
[[1892   21]
 [  52   45]]
fine acc: 0.964
fine f1: 0.552
['rnd', 82, 'fold', 7, 'pr', 0.91278271217370732, 'roc', 0.89383814486880331]
7,82,coarse : 222.54 seconds
7,82,fine : 222.55 seconds
[[1823   90]
 [  36   61]]
coarse acc: 0.937
coarse f1: 0.492
['rnd', 83, 'fold', 7, 'pr', 0.91384788248523108, 'roc', 0.90016759987281803]
[[1892   21]
 [  51   46]]
fine acc: 0.964
fine f1: 0.561
['rnd', 83, 'fold', 7, 'pr', 0.91039859889834629, 'roc', 0.89044034037324649]
7,83,coarse : 222.92 seconds
7,83,fine : 222.93 seconds
[[1825   88]
 [  36   61]]
coarse acc: 0.938
coarse f1: 0.496
['rnd', 84, 'fold', 7, 'pr', 0.91416460381972564, 'roc', 0.90142325165309523]
[[1893   20]
 [  52   45]]
fine acc: 0.964
fine f1: 0.556
['rnd', 84, 'fold', 7, 'pr', 0.91288415468960615, 'roc', 0.89320492991523004]
7,84,coarse : 223.2 seconds
7,84,fine : 223.21 seconds
[[1824   89]
 [  37   60]]
coarse acc: 0.937
coarse f1: 0.488
['rnd', 85, 'fold', 7, 'pr', 0.91338419874736387, 'roc', 0.90153103292178838]
[[1894   19]
 [  51   46]]
fine acc: 0.965
fine f1: 0.568
['rnd', 85, 'fold', 7, 'pr', 0.91545290138646052, 'roc', 0.89715241888112263]
7,85,coarse : 223.3 seconds
7,85,fine : 223.31 seconds
[[1823   90]
 [  35   62]]
coarse acc: 0.938
coarse f1: 0.498
['rnd', 86, 'fold', 7, 'pr', 0.91493176537962895, 'roc', 0.90246603542770309]
[[1894   19]
 [  51   46]]
fine acc: 0.965
fine f1: 0.568
['rnd', 86, 'fold', 7, 'pr', 0.91551479214646603, 'roc', 0.89716050247627455]
7,86,coarse : 223.38 seconds
7,86,fine : 223.39 seconds
[[1824   89]
 [  38   59]]
coarse acc: 0.937
coarse f1: 0.482
['rnd', 87, 'fold', 7, 'pr', 0.91414131671333909, 'roc', 0.90320703164996952]
[[1894   19]
 [  51   46]]
fine acc: 0.965
fine f1: 0.568
['rnd', 87, 'fold', 7, 'pr', 0.91384617703748816, 'roc', 0.89528780293272836]
7,87,coarse : 224.77 seconds
7,87,fine : 224.78 seconds
[[1822   91]
 [  36   61]]
coarse acc: 0.937
coarse f1: 0.490
['rnd', 88, 'fold', 7, 'pr', 0.91547090276677956, 'roc', 0.90397497318940934]
[[1894   19]
 [  51   46]]
fine acc: 0.965
fine f1: 0.568
['rnd', 88, 'fold', 7, 'pr', 0.91748659653841191, 'roc', 0.90055830697183137]
7,88,coarse : 225.15 seconds
7,88,fine : 225.16 seconds
[[1826   87]
 [  37   60]]
coarse acc: 0.938
coarse f1: 0.492
['rnd', 89, 'fold', 7, 'pr', 0.9156469497606522, 'roc', 0.90429292793205462]
[[1895   18]
 [  52   45]]
fine acc: 0.965
fine f1: 0.563
['rnd', 89, 'fold', 7, 'pr', 0.9152080127407507, 'roc', 0.8967374609966533]
7,89,coarse : 225.48 seconds
7,89,fine : 225.49 seconds
[[1829   84]
 [  40   57]]
coarse acc: 0.938
coarse f1: 0.479
['rnd', 90, 'fold', 7, 'pr', 0.91490225467906527, 'roc', 0.90403964195062536]
[[1893   20]
 [  51   46]]
fine acc: 0.965
fine f1: 0.564
['rnd', 90, 'fold', 7, 'pr', 0.91594294034673429, 'roc', 0.89801197449895187]
7,90,coarse : 227.11 seconds
7,90,fine : 227.12 seconds
[[1825   88]
 [  36   61]]
coarse acc: 0.938
coarse f1: 0.496
['rnd', 91, 'fold', 7, 'pr', 0.91448896167013094, 'roc', 0.9020888009872764]
[[1893   20]
 [  52   45]]
fine acc: 0.964
fine f1: 0.556
['rnd', 91, 'fold', 7, 'pr', 0.91533456435611893, 'roc', 0.89765360178054665]
7,91,coarse : 229.12 seconds
7,91,fine : 229.13 seconds
[[1826   87]
 [  37   60]]
coarse acc: 0.938
coarse f1: 0.492
['rnd', 92, 'fold', 7, 'pr', 0.91373007254338134, 'roc', 0.90121577271086062]
[[1894   19]
 [  51   46]]
fine acc: 0.965
fine f1: 0.568
['rnd', 92, 'fold', 7, 'pr', 0.91535076507003266, 'roc', 0.89697727431949592]
7,92,coarse : 229.51 seconds
7,92,fine : 229.52 seconds
[[1827   86]
 [  38   59]]
coarse acc: 0.938
coarse f1: 0.488
['rnd', 93, 'fold', 7, 'pr', 0.91466617391351579, 'roc', 0.902643874521047]
[[1894   19]
 [  51   46]]
fine acc: 0.965
fine f1: 0.568
['rnd', 93, 'fold', 7, 'pr', 0.915293176882782, 'roc', 0.89698805244636537]
7,93,coarse : 229.43 seconds
7,93,fine : 229.44 seconds
[[1826   87]
 [  35   62]]
coarse acc: 0.939
coarse f1: 0.504
['rnd', 94, 'fold', 7, 'pr', 0.91621291721579889, 'roc', 0.90423634276599074]
[[1894   19]
 [  51   46]]
fine acc: 0.965
fine f1: 0.568
['rnd', 94, 'fold', 7, 'pr', 0.91334028401390066, 'roc', 0.89377347610758728]
7,94,coarse : 229.87 seconds
7,94,fine : 229.88 seconds
[[1829   84]
 [  37   60]]
coarse acc: 0.940
coarse f1: 0.498
['rnd', 95, 'fold', 7, 'pr', 0.91401293302949249, 'roc', 0.90292141128793235]
[[1892   21]
 [  53   44]]
fine acc: 0.963
fine f1: 0.543
['rnd', 95, 'fold', 7, 'pr', 0.91414831750237124, 'roc', 0.89503182241958168]
7,95,coarse : 230.12 seconds
7,95,fine : 230.13 seconds
[[1827   86]
 [  37   60]]
coarse acc: 0.939
coarse f1: 0.494
['rnd', 96, 'fold', 7, 'pr', 0.91475636821013917, 'roc', 0.90262770733074293]
[[1895   18]
 [  51   46]]
fine acc: 0.966
fine f1: 0.571
['rnd', 96, 'fold', 7, 'pr', 0.91198290367301249, 'roc', 0.89102505375590779]
7,96,coarse : 231.18 seconds
7,96,fine : 231.19 seconds
[[1828   85]
 [  38   59]]
coarse acc: 0.939
coarse f1: 0.490
['rnd', 97, 'fold', 7, 'pr', 0.91340519929219421, 'roc', 0.90213730255818836]
[[1895   18]
 [  51   46]]
fine acc: 0.966
fine f1: 0.571
['rnd', 97, 'fold', 7, 'pr', 0.91267256357412174, 'roc', 0.89243698837579011]
7,97,coarse : 231.94 seconds
7,97,fine : 231.95 seconds
[[1825   88]
 [  39   58]]
coarse acc: 0.937
coarse f1: 0.477
['rnd', 98, 'fold', 7, 'pr', 0.91490070376246846, 'roc', 0.9024741190228549]
[[1896   17]
 [  53   44]]
fine acc: 0.965
fine f1: 0.557
['rnd', 98, 'fold', 7, 'pr', 0.91366052885205495, 'roc', 0.89422615743609912]
7,98,coarse : 232.04 seconds
7,98,fine : 232.05 seconds
[[1826   87]
 [  38   59]]
coarse acc: 0.938
coarse f1: 0.486
['rnd', 99, 'fold', 7, 'pr', 0.91591161011084343, 'roc', 0.90465399518217715]
[[1893   20]
 [  51   46]]
fine acc: 0.965
fine f1: 0.564
['rnd', 99, 'fold', 7, 'pr', 0.91257526234928765, 'roc', 0.89371689094152318]
7,99,coarse : 233.21 seconds
7,99,fine : 233.22 seconds
[[1824   89]
 [  37   60]]
coarse acc: 0.937
coarse f1: 0.488
['rnd', 100, 'fold', 7, 'pr', 0.91378727246626257, 'roc', 0.90263040186246024]
[[1893   20]
 [  53   44]]
fine acc: 0.964
fine f1: 0.547
['rnd', 100, 'fold', 7, 'pr', 0.91322966594860588, 'roc', 0.8946006973448084]
7,100,coarse : 235.34 seconds
7,100,fine : 235.35 seconds
[[1825   88]
 [  40   57]]
coarse acc: 0.936
coarse f1: 0.471
['rnd', 101, 'fold', 7, 'pr', 0.91548006477899513, 'roc', 0.90386449738899877]
[[1892   21]
 [  50   47]]
fine acc: 0.965
fine f1: 0.570
['rnd', 101, 'fold', 7, 'pr', 0.91310005776859782, 'roc', 0.89418573946033919]
7,101,coarse : 234.4 seconds
7,101,fine : 234.41 seconds
[[1825   88]
 [  40   57]]
coarse acc: 0.936
coarse f1: 0.471
['rnd', 102, 'fold', 7, 'pr', 0.9144747306064781, 'roc', 0.90149330947774586]
[[1893   20]
 [  51   46]]
fine acc: 0.965
fine f1: 0.564
['rnd', 102, 'fold', 7, 'pr', 0.91338275880315933, 'roc', 0.89451986139328843]
7,102,coarse : 235.53 seconds
7,102,fine : 235.54 seconds
[[1827   86]
 [  41   56]]
coarse acc: 0.937
coarse f1: 0.469
['rnd', 103, 'fold', 7, 'pr', 0.91360605611273205, 'roc', 0.89988197951078086]
[[1894   19]
 [  52   45]]
fine acc: 0.965
fine f1: 0.559
['rnd', 103, 'fold', 7, 'pr', 0.91342635295181673, 'roc', 0.89415071054801387]
7,103,coarse : 235.63 seconds
7,103,fine : 235.64 seconds
[[1827   86]
 [  37   60]]
coarse acc: 0.939
coarse f1: 0.494
['rnd', 104, 'fold', 7, 'pr', 0.91251327484647937, 'roc', 0.89981192168613011]
[[1893   20]
 [  50   47]]
fine acc: 0.965
fine f1: 0.573
['rnd', 104, 'fold', 7, 'pr', 0.91343025906643249, 'roc', 0.89425579728498983]
7,104,coarse : 234.77 seconds
7,104,fine : 234.78 seconds
[[1824   89]
 [  39   58]]
coarse acc: 0.936
coarse f1: 0.475
['rnd', 105, 'fold', 7, 'pr', 0.91476928887392572, 'roc', 0.9021184408361671]
[[1892   21]
 [  51   46]]
fine acc: 0.964
fine f1: 0.561
['rnd', 105, 'fold', 7, 'pr', 0.91345412976382423, 'roc', 0.8946869223597631]
7,105,coarse : 235.48 seconds
7,105,fine : 235.49 seconds
[[1826   87]
 [  38   59]]
coarse acc: 0.938
coarse f1: 0.486
['rnd', 106, 'fold', 7, 'pr', 0.91449073038237194, 'roc', 0.9014178625896605]
[[1892   21]
 [  51   46]]
fine acc: 0.964
fine f1: 0.561
['rnd', 106, 'fold', 7, 'pr', 0.91342970800129897, 'roc', 0.89470847861350178]
7,106,coarse : 237.09 seconds
7,106,fine : 237.1 seconds
[[1828   85]
 [  37   60]]
coarse acc: 0.939
coarse f1: 0.496
['rnd', 107, 'fold', 7, 'pr', 0.91189400515300312, 'roc', 0.89884727933132502]
[[1892   21]
 [  52   45]]
fine acc: 0.964
fine f1: 0.552
['rnd', 107, 'fold', 7, 'pr', 0.91290846799767533, 'roc', 0.89517193806888296]
7,107,coarse : 238.26 seconds
7,107,fine : 238.27 seconds
[[1828   85]
 [  38   59]]
coarse acc: 0.939
coarse f1: 0.490
['rnd', 108, 'fold', 7, 'pr', 0.91473889403519337, 'roc', 0.90119691098883936]
[[1892   21]
 [  52   45]]
fine acc: 0.964
fine f1: 0.552
['rnd', 108, 'fold', 7, 'pr', 0.91326782529252903, 'roc', 0.89566773190487226]
7,108,coarse : 238.33 seconds
7,108,fine : 238.35 seconds
[[1833   80]
 [  37   60]]
coarse acc: 0.942
coarse f1: 0.506
['rnd', 109, 'fold', 7, 'pr', 0.91087635118436006, 'roc', 0.89808742138703712]
[[1892   21]
 [  52   45]]
fine acc: 0.964
fine f1: 0.552
['rnd', 109, 'fold', 7, 'pr', 0.91319197835209276, 'roc', 0.89569467722204565]
7,109,coarse : 239.37 seconds
7,109,fine : 239.38 seconds
[[1829   84]
 [  38   59]]
coarse acc: 0.939
coarse f1: 0.492
['rnd', 110, 'fold', 7, 'pr', 0.91251646777786288, 'roc', 0.89963947165622082]
[[1892   21]
 [  51   46]]
fine acc: 0.964
fine f1: 0.561
['rnd', 110, 'fold', 7, 'pr', 0.91201052541166949, 'roc', 0.8944821379492458]
7,110,coarse : 238.87 seconds
7,110,fine : 238.88 seconds
[[1829   84]
 [  37   60]]
coarse acc: 0.940
coarse f1: 0.498
['rnd', 111, 'fold', 7, 'pr', 0.91325745468602448, 'roc', 0.89898200591719168]
[[1891   22]
 [  51   46]]
fine acc: 0.964
fine f1: 0.558
['rnd', 111, 'fold', 7, 'pr', 0.91193058197255517, 'roc', 0.89348516121383259]
7,111,coarse : 239.66 seconds
7,111,fine : 239.67 seconds
[[1831   82]
 [  38   59]]
coarse acc: 0.940
coarse f1: 0.496
['rnd', 112, 'fold', 7, 'pr', 0.912775905176341, 'roc', 0.89850776833494106]
[[1892   21]
 [  51   46]]
fine acc: 0.964
fine f1: 0.561
['rnd', 112, 'fold', 7, 'pr', 0.91057321301649563, 'roc', 0.89204089221334215]
7,112,coarse : 240.35 seconds
7,112,fine : 240.36 seconds
[[1831   82]
 [  38   59]]
coarse acc: 0.940
coarse f1: 0.496
['rnd', 113, 'fold', 7, 'pr', 0.91274957564986703, 'roc', 0.89848621208120227]
[[1891   22]
 [  52   45]]
fine acc: 0.963
fine f1: 0.549
['rnd', 113, 'fold', 7, 'pr', 0.91173979327678301, 'roc', 0.89275763765015281]
7,113,coarse : 241.52 seconds
7,113,fine : 241.53 seconds
[[1832   81]
 [  38   59]]
coarse acc: 0.941
coarse f1: 0.498
['rnd', 114, 'fold', 7, 'pr', 0.91256821648617004, 'roc', 0.89843771051029042]
[[1892   21]
 [  51   46]]
fine acc: 0.964
fine f1: 0.561
['rnd', 114, 'fold', 7, 'pr', 0.91223930733511982, 'roc', 0.89446327622722432]
7,114,coarse : 241.26 seconds
7,114,fine : 241.27 seconds
[[1834   79]
 [  37   60]]
coarse acc: 0.942
coarse f1: 0.508
['rnd', 115, 'fold', 7, 'pr', 0.91131025106537988, 'roc', 0.89591023975943229]
[[1892   21]
 [  51   46]]
fine acc: 0.964
fine f1: 0.561
['rnd', 115, 'fold', 7, 'pr', 0.91040413820459498, 'roc', 0.89159090541654762]
7,115,coarse : 241.24 seconds
7,115,fine : 241.25 seconds
[[1833   80]
 [  37   60]]
coarse acc: 0.942
coarse f1: 0.506
['rnd', 116, 'fold', 7, 'pr', 0.91118669132063479, 'roc', 0.89558689595335239]
[[1892   21]
 [  51   46]]
fine acc: 0.964
fine f1: 0.561
['rnd', 116, 'fold', 7, 'pr', 0.90982876165716786, 'roc', 0.89075829511589177]
7,116,coarse : 240.98 seconds
7,116,fine : 240.99 seconds
[[1833   80]
 [  37   60]]
coarse acc: 0.942
coarse f1: 0.506
['rnd', 117, 'fold', 7, 'pr', 0.913394281316804, 'roc', 0.89848890661291969]
[[1892   21]
 [  51   46]]
fine acc: 0.964
fine f1: 0.561
['rnd', 117, 'fold', 7, 'pr', 0.9108094894685046, 'roc', 0.8921702297357742]
7,117,coarse : 241.7 seconds
7,117,fine : 241.71 seconds
[[1832   81]
 [  37   60]]
coarse acc: 0.941
coarse f1: 0.504
['rnd', 118, 'fold', 7, 'pr', 0.91261437034854676, 'roc', 0.89772096507347998]
[[1891   22]
 [  51   46]]
fine acc: 0.964
fine f1: 0.558
['rnd', 118, 'fold', 7, 'pr', 0.91126803748003493, 'roc', 0.89310792677340611]
7,118,coarse : 242.69 seconds
7,118,fine : 242.7 seconds
[[1833   80]
 [  37   60]]
coarse acc: 0.942
coarse f1: 0.506
['rnd', 119, 'fold', 7, 'pr', 0.91220726629830484, 'roc', 0.89732756344274922]
[[1893   20]
 [  51   46]]
fine acc: 0.965
fine f1: 0.564
['rnd', 119, 'fold', 7, 'pr', 0.91100268757643277, 'roc', 0.89333426743766198]
7,119,coarse : 244.1 seconds
7,119,fine : 244.11 seconds
[[1835   78]
 [  38   59]]
coarse acc: 0.942
coarse f1: 0.504
['rnd', 120, 'fold', 7, 'pr', 0.91336352723157233, 'roc', 0.89808742138703712]
[[1890   23]
 [  51   46]]
fine acc: 0.963
fine f1: 0.554
['rnd', 120, 'fold', 7, 'pr', 0.9126151468738557, 'roc', 0.89617430386773078]
7,120,coarse : 243.15 seconds
7,120,fine : 243.17 seconds
[[1833   80]
 [  37   60]]
coarse acc: 0.942
coarse f1: 0.506
['rnd', 121, 'fold', 7, 'pr', 0.91209511551069744, 'roc', 0.89721978217405596]
[[1891   22]
 [  51   46]]
fine acc: 0.964
fine f1: 0.558
['rnd', 121, 'fold', 7, 'pr', 0.91273197296317032, 'roc', 0.89573778972952289]
7,121,coarse : 243.58 seconds
7,121,fine : 243.59 seconds
[[1834   79]
 [  38   59]]
coarse acc: 0.942
coarse f1: 0.502
['rnd', 122, 'fold', 7, 'pr', 0.91362219443358383, 'roc', 0.89857243709615708]
[[1892   21]
 [  51   46]]
fine acc: 0.964
fine f1: 0.561
['rnd', 122, 'fold', 7, 'pr', 0.91017538840093704, 'roc', 0.89069632088639317]
7,122,coarse : 243.24 seconds
7,122,fine : 243.25 seconds
[[1836   77]
 [  38   59]]
coarse acc: 0.943
coarse f1: 0.506
['rnd', 123, 'fold', 7, 'pr', 0.91462758854194182, 'roc', 0.89940235286509562]
[[1892   21]
 [  51   46]]
fine acc: 0.964
fine f1: 0.561
['rnd', 123, 'fold', 7, 'pr', 0.9105908541522062, 'roc', 0.89161246167028629]
7,123,coarse : 244.2 seconds
7,123,fine : 244.21 seconds
[[1833   80]
 [  39   58]]
coarse acc: 0.941
coarse f1: 0.494
['rnd', 124, 'fold', 7, 'pr', 0.91256432231660856, 'roc', 0.89818711906057846]
[[1891   22]
 [  51   46]]
fine acc: 0.964
fine f1: 0.558
['rnd', 124, 'fold', 7, 'pr', 0.91230982672607108, 'roc', 0.89475428565269632]
7,124,coarse : 245.29 seconds
7,124,fine : 245.3 seconds
[[1837   76]
 [  38   59]]
coarse acc: 0.943
coarse f1: 0.509
['rnd', 125, 'fold', 7, 'pr', 0.91387499726023347, 'roc', 0.89909248171760225]
[[1893   20]
 [  51   46]]
fine acc: 0.965
fine f1: 0.564
['rnd', 125, 'fold', 7, 'pr', 0.90791241351734819, 'roc', 0.88767575083126304]
7,125,coarse : 245.81 seconds
7,125,fine : 245.83 seconds
[[1838   75]
 [  38   59]]
coarse acc: 0.944
coarse f1: 0.511
['rnd', 126, 'fold', 7, 'pr', 0.91304392547114199, 'roc', 0.89837843081250901]
[[1890   23]
 [  51   46]]
fine acc: 0.963
fine f1: 0.554
['rnd', 126, 'fold', 7, 'pr', 0.90975701257727815, 'roc', 0.8905319544516358]
7,126,coarse : 245.52 seconds
7,126,fine : 245.53 seconds
[[1837   76]
 [  38   59]]
coarse acc: 0.943
coarse f1: 0.509
['rnd', 127, 'fold', 7, 'pr', 0.91379688046854057, 'roc', 0.89903050748810365]
[[1892   21]
 [  51   46]]
fine acc: 0.964
fine f1: 0.561
['rnd', 127, 'fold', 7, 'pr', 0.90893044071563844, 'roc', 0.8902678903433372]
7,127,coarse : 245.4 seconds
7,127,fine : 245.42 seconds
[[1835   78]
 [  38   59]]
coarse acc: 0.942
coarse f1: 0.504
['rnd', 128, 'fold', 7, 'pr', 0.91301522519431155, 'roc', 0.89792036042056245]
[[1890   23]
 [  51   46]]
fine acc: 0.963
fine f1: 0.554
['rnd', 128, 'fold', 7, 'pr', 0.91062314518441112, 'roc', 0.89255824230307013]
7,128,coarse : 245.65 seconds
7,128,fine : 245.66 seconds
[[1833   80]
 [  38   59]]
coarse acc: 0.941
coarse f1: 0.500
['rnd', 129, 'fold', 7, 'pr', 0.91150453787239971, 'roc', 0.89605574447216818]
[[1892   21]
 [  51   46]]
fine acc: 0.964
fine f1: 0.561
['rnd', 129, 'fold', 7, 'pr', 0.90862405037999172, 'roc', 0.88958078475541746]
7,129,coarse : 245.82 seconds
7,129,fine : 245.83 seconds
[[1835   78]
 [  39   58]]
coarse acc: 0.942
coarse f1: 0.498
['rnd', 130, 'fold', 7, 'pr', 0.91374700224448635, 'roc', 0.89920565204973024]
[[1890   23]
 [  51   46]]
fine acc: 0.963
fine f1: 0.554
['rnd', 130, 'fold', 7, 'pr', 0.9105083433322867, 'roc', 0.89247201728811543]
7,130,coarse : 245.73 seconds
7,130,fine : 245.74 seconds
[[1832   81]
 [  37   60]]
coarse acc: 0.941
coarse f1: 0.504
['rnd', 131, 'fold', 7, 'pr', 0.91278434694747268, 'roc', 0.89836226362220495]
[[1892   21]
 [  51   46]]
fine acc: 0.964
fine f1: 0.561
['rnd', 131, 'fold', 7, 'pr', 0.90717291198408156, 'roc', 0.88624764902107656]
7,131,coarse : 246.89 seconds
7,131,fine : 246.9 seconds
[[1838   75]
 [  39   58]]
coarse acc: 0.943
coarse f1: 0.504
['rnd', 132, 'fold', 7, 'pr', 0.91346956309835303, 'roc', 0.89903589655153837]
[[1890   23]
 [  51   46]]
fine acc: 0.963
fine f1: 0.554
['rnd', 132, 'fold', 7, 'pr', 0.91006354208692308, 'roc', 0.891496596806441]
7,132,coarse : 247.29 seconds
7,132,fine : 247.3 seconds
[[1832   81]
 [  38   59]]
coarse acc: 0.941
coarse f1: 0.498
['rnd', 133, 'fold', 7, 'pr', 0.91445650353404839, 'roc', 0.90060411401102602]
[[1890   23]
 [  51   46]]
fine acc: 0.963
fine f1: 0.554
['rnd', 133, 'fold', 7, 'pr', 0.91006595238661325, 'roc', 0.89151815306017956]
7,133,coarse : 246.9 seconds
7,133,fine : 246.91 seconds
[[1833   80]
 [  39   58]]
coarse acc: 0.941
coarse f1: 0.494
['rnd', 134, 'fold', 7, 'pr', 0.91552573437124818, 'roc', 0.90197563065514841]
[[1890   23]
 [  51   46]]
fine acc: 0.963
fine f1: 0.554
['rnd', 134, 'fold', 7, 'pr', 0.90998775738661164, 'roc', 0.89150737493331023]
7,134,coarse : 247.13 seconds
7,134,fine : 247.14 seconds
[[1836   77]
 [  39   58]]
coarse acc: 0.942
coarse f1: 0.500
['rnd', 135, 'fold', 7, 'pr', 0.91619481964027805, 'roc', 0.9030022472394521]
[[1892   21]
 [  51   46]]
fine acc: 0.964
fine f1: 0.561
['rnd', 135, 'fold', 7, 'pr', 0.90854015243104624, 'roc', 0.88985293245886798]
7,135,coarse : 247.92 seconds
7,135,fine : 247.93 seconds
[[1835   78]
 [  39   58]]
coarse acc: 0.942
coarse f1: 0.498
['rnd', 136, 'fold', 7, 'pr', 0.91671669958772084, 'roc', 0.90390760989647612]
[[1892   21]
 [  51   46]]
fine acc: 0.964
fine f1: 0.561
['rnd', 136, 'fold', 7, 'pr', 0.9082679462513642, 'roc', 0.88925205188590273]
7,136,coarse : 248.11 seconds
7,136,fine : 248.13 seconds
[[1834   79]
 [  38   59]]
coarse acc: 0.942
coarse f1: 0.502
['rnd', 137, 'fold', 7, 'pr', 0.91689840135118184, 'roc', 0.90399652944314812]
[[1891   22]
 [  51   46]]
fine acc: 0.964
fine f1: 0.558
['rnd', 137, 'fold', 7, 'pr', 0.90817258493075437, 'roc', 0.88885595572345477]
7,137,coarse : 248.17 seconds
7,137,fine : 248.19 seconds
[[1834   79]
 [  39   58]]
coarse acc: 0.941
coarse f1: 0.496
['rnd', 138, 'fold', 7, 'pr', 0.91610236076752605, 'roc', 0.90237711588103098]
[[1890   23]
 [  51   46]]
fine acc: 0.963
fine f1: 0.554
['rnd', 138, 'fold', 7, 'pr', 0.91172097989217771, 'roc', 0.89306211973421135]
7,138,coarse : 250.03 seconds
7,138,fine : 250.04 seconds
[[1830   83]
 [  39   58]]
coarse acc: 0.939
coarse f1: 0.487
['rnd', 139, 'fold', 7, 'pr', 0.91545227628991843, 'roc', 0.90179509703008709]
[[1890   23]
 [  51   46]]
fine acc: 0.963
fine f1: 0.554
['rnd', 139, 'fold', 7, 'pr', 0.91158449731255209, 'roc', 0.89288158610915014]
7,139,coarse : 250.66 seconds
7,139,fine : 250.68 seconds
[[1832   81]
 [  38   59]]
coarse acc: 0.941
coarse f1: 0.498
['rnd', 140, 'fold', 7, 'pr', 0.91606142585353612, 'roc', 0.90237981041274828]
[[1889   24]
 [  51   46]]
fine acc: 0.963
fine f1: 0.551
['rnd', 140, 'fold', 7, 'pr', 0.91229256070963249, 'roc', 0.89404023474760319]
7,140,coarse : 250.81 seconds
7,140,fine : 250.82 seconds
[[1833   80]
 [  39   58]]
coarse acc: 0.941
coarse f1: 0.494
['rnd', 141, 'fold', 7, 'pr', 0.91589057124041284, 'roc', 0.90240136666648696]
[[1889   24]
 [  52   45]]
fine acc: 0.962
fine f1: 0.542
['rnd', 141, 'fold', 7, 'pr', 0.91232108855372973, 'roc', 0.89399442770840842]
7,141,coarse : 250.22 seconds
7,141,fine : 250.23 seconds
[[1830   83]
 [  39   58]]
coarse acc: 0.939
coarse f1: 0.487
['rnd', 142, 'fold', 7, 'pr', 0.91526346203524034, 'roc', 0.90199179784545247]
[[1890   23]
 [  51   46]]
fine acc: 0.963
fine f1: 0.554
['rnd', 142, 'fold', 7, 'pr', 0.91053480436661383, 'roc', 0.8924908790101368]
7,142,coarse : 252.46 seconds
7,142,fine : 252.47 seconds
[[1829   84]
 [  38   59]]
coarse acc: 0.939
coarse f1: 0.492
['rnd', 143, 'fold', 7, 'pr', 0.91712106847722796, 'roc', 0.90384294113525998]
[[1890   23]
 [  51   46]]
fine acc: 0.963
fine f1: 0.554
['rnd', 143, 'fold', 7, 'pr', 0.91067841991100817, 'roc', 0.89264177278630752]
7,143,coarse : 253.5 seconds
7,143,fine : 253.52 seconds
[[1832   81]
 [  38   59]]
coarse acc: 0.941
coarse f1: 0.498
['rnd', 144, 'fold', 7, 'pr', 0.91584600260067428, 'roc', 0.9028244081461082]
[[1889   24]
 [  51   46]]
fine acc: 0.963
fine f1: 0.551
['rnd', 144, 'fold', 7, 'pr', 0.91255317710336803, 'roc', 0.89505876773675486]
7,144,coarse : 253.96 seconds
7,144,fine : 253.98 seconds
[[1831   82]
 [  38   59]]
coarse acc: 0.940
coarse f1: 0.496
['rnd', 145, 'fold', 7, 'pr', 0.91618668478450926, 'roc', 0.90299685817601749]
[[1889   24]
 [  51   46]]
fine acc: 0.963
fine f1: 0.551
['rnd', 145, 'fold', 7, 'pr', 0.91251274556283657, 'roc', 0.89499948803897367]
7,145,coarse : 252.68 seconds
7,145,fine : 252.69 seconds
[[1833   80]
 [  38   59]]
coarse acc: 0.941
coarse f1: 0.500
['rnd', 146, 'fold', 7, 'pr', 0.91509630996474267, 'roc', 0.90188401657675921]
[[1889   24]
 [  51   46]]
fine acc: 0.963
fine f1: 0.551
['rnd', 146, 'fold', 7, 'pr', 0.91240663788155363, 'roc', 0.894864761453107]
7,146,coarse : 252.77 seconds
7,146,fine : 252.79 seconds
[[1832   81]
 [  37   60]]
coarse acc: 0.941
coarse f1: 0.504
['rnd', 147, 'fold', 7, 'pr', 0.91605715321012338, 'roc', 0.90248759168144166]
[[1887   26]
 [  51   46]]
fine acc: 0.962
fine f1: 0.544
['rnd', 147, 'fold', 7, 'pr', 0.91087093859737345, 'roc', 0.89217292426749151]
7,147,coarse : 252.45 seconds
7,147,fine : 252.46 seconds
[[1832   81]
 [  37   60]]
coarse acc: 0.941
coarse f1: 0.504
['rnd', 148, 'fold', 7, 'pr', 0.91617091872733203, 'roc', 0.90235017056385769]
[[1889   24]
 [  51   46]]
fine acc: 0.963
fine f1: 0.551
['rnd', 148, 'fold', 7, 'pr', 0.91197851245681139, 'roc', 0.8941641832066004]
7,148,coarse : 254.09 seconds
7,148,fine : 254.11 seconds
[[1832   81]
 [  38   59]]
coarse acc: 0.941
coarse f1: 0.498
['rnd', 149, 'fold', 7, 'pr', 0.91578030482103978, 'roc', 0.90240945026163899]
[[1889   24]
 [  51   46]]
fine acc: 0.963
fine f1: 0.551
['rnd', 149, 'fold', 7, 'pr', 0.91195866994311858, 'roc', 0.89409412538194977]
7,149,coarse : 253.06 seconds
7,149,fine : 253.08 seconds
[[1830   83]
 [  39   58]]
coarse acc: 0.939
coarse f1: 0.487
['rnd', 150, 'fold', 7, 'pr', 0.91449105074580184, 'roc', 0.900830454675282]
[[1889   24]
 [  51   46]]
fine acc: 0.963
fine f1: 0.551
['rnd', 150, 'fold', 7, 'pr', 0.91192007981958956, 'roc', 0.89405370740618983]
7,150,coarse : 255.41 seconds
7,150,fine : 255.43 seconds
[[1826   87]
 [  37   60]]
coarse acc: 0.938
coarse f1: 0.492
['rnd', 151, 'fold', 7, 'pr', 0.91567026931172923, 'roc', 0.9022935853977937]
[[1889   24]
 [  51   46]]
fine acc: 0.963
fine f1: 0.551
['rnd', 151, 'fold', 7, 'pr', 0.91195620482297213, 'roc', 0.89408065272336323]
7,151,coarse : 254.02 seconds
7,151,fine : 254.03 seconds
[[1828   85]
 [  38   59]]
coarse acc: 0.939
coarse f1: 0.490
['rnd', 152, 'fold', 7, 'pr', 0.91479713395143303, 'roc', 0.90111876956903658]
[[1889   24]
 [  52   45]]
fine acc: 0.962
fine f1: 0.542
['rnd', 152, 'fold', 7, 'pr', 0.91203785223474076, 'roc', 0.89388664643971516]
7,152,coarse : 254.67 seconds
7,152,fine : 254.69 seconds
[[1828   85]
 [  38   59]]
coarse acc: 0.939
coarse f1: 0.490
['rnd', 153, 'fold', 7, 'pr', 0.91473427765239745, 'roc', 0.90108374065671126]
[[1889   24]
 [  52   45]]
fine acc: 0.962
fine f1: 0.542
['rnd', 153, 'fold', 7, 'pr', 0.91193789380281776, 'roc', 0.89378964329789123]
7,153,coarse : 254.29 seconds
7,153,fine : 254.31 seconds
[[1828   85]
 [  38   59]]
coarse acc: 0.939
coarse f1: 0.490
['rnd', 154, 'fold', 7, 'pr', 0.91466361601392154, 'roc', 0.90099751564175667]
[[1889   24]
 [  52   45]]
fine acc: 0.962
fine f1: 0.542
['rnd', 154, 'fold', 7, 'pr', 0.91104567072729326, 'roc', 0.89167174136806771]
7,154,coarse : 254.39 seconds
7,154,fine : 254.4 seconds
[[1828   85]
 [  38   59]]
coarse acc: 0.939
coarse f1: 0.490
['rnd', 155, 'fold', 7, 'pr', 0.91464079948801424, 'roc', 0.90094362500740999]
[[1889   24]
 [  52   45]]
fine acc: 0.962
fine f1: 0.542
['rnd', 155, 'fold', 7, 'pr', 0.91096250519569066, 'roc', 0.89147773508441963]
7,155,coarse : 254.61 seconds
7,155,fine : 254.63 seconds
[[1828   85]
 [  38   59]]
coarse acc: 0.939
coarse f1: 0.490
['rnd', 156, 'fold', 7, 'pr', 0.91462237912695121, 'roc', 0.90094362500740988]
[[1888   25]
 [  50   47]]
fine acc: 0.963
fine f1: 0.556
['rnd', 156, 'fold', 7, 'pr', 0.91084557156340162, 'roc', 0.89204089221334215]
7,156,coarse : 254.96 seconds
7,156,fine : 254.97 seconds
[[1831   82]
 [  38   59]]
coarse acc: 0.940
coarse f1: 0.496
['rnd', 157, 'fold', 7, 'pr', 0.91488871724792209, 'roc', 0.90137205555046596]
[[1888   25]
 [  50   47]]
fine acc: 0.963
fine f1: 0.556
['rnd', 157, 'fold', 7, 'pr', 0.91080657222853389, 'roc', 0.8920247250230382]
7,157,coarse : 254.62 seconds
7,157,fine : 254.64 seconds
[[1828   85]
 [  38   59]]
coarse acc: 0.939
coarse f1: 0.490
['rnd', 158, 'fold', 7, 'pr', 0.91456329161767858, 'roc', 0.90089512343649791]
[[1888   25]
 [  50   47]]
fine acc: 0.963
fine f1: 0.556
['rnd', 158, 'fold', 7, 'pr', 0.91069012292566021, 'roc', 0.8918792203103022]
7,158,coarse : 254.28 seconds
7,158,fine : 254.29 seconds
[[1828   85]
 [  38   59]]
coarse acc: 0.939
coarse f1: 0.490
['rnd', 159, 'fold', 7, 'pr', 0.91446554684843151, 'roc', 0.90079273123123926]
[[1888   25]
 [  51   46]]
fine acc: 0.962
fine f1: 0.548
['rnd', 159, 'fold', 7, 'pr', 0.91060740053486466, 'roc', 0.89159898901169954]
7,159,coarse : 254.47 seconds
7,159,fine : 254.49 seconds
[[1830   83]
 [  38   59]]
coarse acc: 0.940
coarse f1: 0.494
['rnd', 160, 'fold', 7, 'pr', 0.91488076889630088, 'roc', 0.90158222902441787]
[[1888   25]
 [  51   46]]
fine acc: 0.962
fine f1: 0.548
['rnd', 160, 'fold', 7, 'pr', 0.91053540440882241, 'roc', 0.89152354212361429]
7,160,coarse : 255.11 seconds
7,160,fine : 255.12 seconds
[[1830   83]
 [  39   58]]
coarse acc: 0.939
coarse f1: 0.487
['rnd', 161, 'fold', 7, 'pr', 0.91414828482918975, 'roc', 0.89990353576451942]
[[1888   25]
 [  51   46]]
fine acc: 0.962
fine f1: 0.548
['rnd', 161, 'fold', 7, 'pr', 0.91041976209110731, 'roc', 0.89132953583996644]
7,161,coarse : 255.61 seconds
7,161,fine : 255.62 seconds
[[1829   84]
 [  39   58]]
coarse acc: 0.939
coarse f1: 0.485
['rnd', 162, 'fold', 7, 'pr', 0.91433524527182208, 'roc', 0.89990353576451942]
[[1888   25]
 [  51   46]]
fine acc: 0.962
fine f1: 0.548
['rnd', 162, 'fold', 7, 'pr', 0.91036911194017278, 'roc', 0.89129989599107573]
7,162,coarse : 256.81 seconds
7,162,fine : 256.82 seconds
[[1829   84]
 [  39   58]]
coarse acc: 0.939
coarse f1: 0.485
['rnd', 163, 'fold', 7, 'pr', 0.91420515394774915, 'roc', 0.8998065326226955]
[[1887   26]
 [  50   47]]
fine acc: 0.962
fine f1: 0.553
['rnd', 163, 'fold', 7, 'pr', 0.91067861883758083, 'roc', 0.89177682810504355]
7,163,coarse : 256.47 seconds
7,163,fine : 256.48 seconds
[[1830   83]
 [  39   58]]
coarse acc: 0.939
coarse f1: 0.487
['rnd', 164, 'fold', 7, 'pr', 0.91399749848945244, 'roc', 0.89933229504044487]
[[1889   24]
 [  50   47]]
fine acc: 0.963
fine f1: 0.560
['rnd', 164, 'fold', 7, 'pr', 0.91018064368321672, 'roc', 0.89048345288072384]
7,164,coarse : 257.67 seconds
7,164,fine : 257.68 seconds
[[1832   81]
 [  39   58]]
coarse acc: 0.940
coarse f1: 0.492
['rnd', 165, 'fold', 7, 'pr', 0.91314192407000117, 'roc', 0.89780180102499985]
[[1887   26]
 [  51   46]]
fine acc: 0.962
fine f1: 0.544
['rnd', 165, 'fold', 7, 'pr', 0.90957539954873556, 'roc', 0.88897990418245221]
7,165,coarse : 258.29 seconds
7,165,fine : 258.31 seconds
[[1832   81]
 [  39   58]]
coarse acc: 0.940
coarse f1: 0.492
['rnd', 166, 'fold', 7, 'pr', 0.91301754436296156, 'roc', 0.89747576268720253]
[[1888   25]
 [  51   46]]
fine acc: 0.962
fine f1: 0.548
['rnd', 166, 'fold', 7, 'pr', 0.90951259477537372, 'roc', 0.88883439946971621]
7,166,coarse : 258.07 seconds
7,166,fine : 258.08 seconds
[[1834   79]
 [  39   58]]
coarse acc: 0.941
coarse f1: 0.496
['rnd', 167, 'fold', 7, 'pr', 0.91198585686970179, 'roc', 0.89571892800750152]
[[1887   26]
 [  51   46]]
fine acc: 0.962
fine f1: 0.544
['rnd', 167, 'fold', 7, 'pr', 0.90993896148023967, 'roc', 0.88922780110044664]
7,167,coarse : 259.65 seconds
7,167,fine : 259.66 seconds
[[1832   81]
 [  38   59]]
coarse acc: 0.941
coarse f1: 0.498
['rnd', 168, 'fold', 7, 'pr', 0.91189129961128379, 'roc', 0.89508032399049364]
[[1887   26]
 [  51   46]]
fine acc: 0.962
fine f1: 0.544
['rnd', 168, 'fold', 7, 'pr', 0.90953385146520849, 'roc', 0.88822543530159881]
7,168,coarse : 261.58 seconds
7,168,fine : 261.59 seconds
[[1832   81]
 [  37   60]]
coarse acc: 0.941
coarse f1: 0.504
['rnd', 169, 'fold', 7, 'pr', 0.91035050550503815, 'roc', 0.89329923852533677]
[[1889   24]
 [  52   45]]
fine acc: 0.962
fine f1: 0.542
['rnd', 169, 'fold', 7, 'pr', 0.90977452307185591, 'roc', 0.88804759620825502]
7,169,coarse : 261.25 seconds
7,169,fine : 261.26 seconds
[[1837   76]
 [  38   59]]
coarse acc: 0.943
coarse f1: 0.509
['rnd', 170, 'fold', 7, 'pr', 0.91156406726465167, 'roc', 0.89377617063930459]
[[1889   24]
 [  52   45]]
fine acc: 0.962
fine f1: 0.542
['rnd', 170, 'fold', 7, 'pr', 0.90973321766771309, 'roc', 0.8880152618276469]
7,170,coarse : 257.33 seconds
7,170,fine : 257.34 seconds
[[1838   75]
 [  37   60]]
coarse acc: 0.944
coarse f1: 0.517
['rnd', 171, 'fold', 7, 'pr', 0.91300452588692171, 'roc', 0.89566773190487226]
[[1889   24]
 [  52   45]]
fine acc: 0.962
fine f1: 0.542
['rnd', 171, 'fold', 7, 'pr', 0.9065495172268021, 'roc', 0.88514289101697008]
7,171,coarse : 239.24 seconds
7,171,fine : 239.25 seconds
[[1838   75]
 [  37   60]]
coarse acc: 0.944
coarse f1: 0.517
['rnd', 172, 'fold', 7, 'pr', 0.91293650381334213, 'roc', 0.89560306314365634]
[[1889   24]
 [  53   44]]
fine acc: 0.962
fine f1: 0.533
['rnd', 172, 'fold', 7, 'pr', 0.9064855179213096, 'roc', 0.88505936053373291]
7,172,coarse : 223.0 seconds
7,172,fine : 223.01 seconds
