home
all           0      1    2    3    4    5    6    7    8    
1      2010   1914   1    19   32   19   1    11   6    7    
2      2010   1914   1    19   32   19   1    11   6    7    
3      2010   1914   1    19   32   19   1    11   5    8    
4      2010   1914   1    19   32   19   1    10   6    8    
5      2010   1914   1    18   33   19   1    10   6    8    
6      2010   1914   1    18   33   19   1    10   6    8    
7      2010   1913   2    18   33   19   1    10   6    8    
8      2010   1913   2    18   33   19   1    10   6    8    
9      2009   1913   2    18   32   19   2    10   6    7    
10     2009   1913   1    19   32   19   1    11   6    7    
Total  20098  19136  13   185  324  190  11   104  59   76   
train         0      1    2    3    4    5    6    7    8    
1      2010   1914   1    19   32   19   1    11   6    7    
2      2010   1914   1    19   32   19   1    11   6    7    
3      2010   1914   1    19   32   19   1    11   5    8    
4      2010   1914   1    19   32   19   1    10   6    8    
5      2010   1914   1    18   33   19   1    10   6    8    
6      2010   1914   1    18   33   19   1    10   6    8    
7      2010   1913   2    18   33   19   1    10   6    8    
8      2010   1913   2    18   33   19   1    10   6    8    
10     2009   1913   1    19   32   19   1    11   6    7    
Total  18089  17223  11   167  292  171  9    94   53   69   
test          0      1    2    3    4    5    6    7    8    
9      2009   1913   2    18   32   19   2    10   6    7    
Total  2009   1913   2    18   32   19   2    10   6    7    
train_mod     0      1    2    3    4    5    6    7    8    
1      2011   1914   1    19   32   19   2    11   6    7    
2      2010   1914   1    19   32   19   1    11   6    7    
3      2010   1914   1    19   32   19   1    11   5    8    
4      2010   1914   1    19   32   19   1    10   6    8    
5      2010   1914   1    18   33   19   1    10   6    8    
6      2010   1914   1    18   33   19   1    10   6    8    
7      2010   1913   2    18   33   19   1    10   6    8    
8      2010   1913   2    18   33   19   1    10   6    8    
10     2009   1913   1    19   32   19   1    11   6    7    
Total  18090  17223  11   167  292  171  10   94   53   69   
test_mod      0      1    2    3    4    5    6    7    8    
9      2008   1913   2    18   32   19   1    10   6    7    
Total  2008   1913   2    18   32   19   1    10   6    7    
Classes             
0         17223     
1         11        
2         167       
3         292       
4         171       
5         10        
6         94        
7         53        
8         69        
Total     18090     

Shape: 450       

[952, 10, 11, 16, 11, 10, 10, 10, 10]
Sum start => 1040
[[1842   71]
 [  65   30]]
coarse acc: 0.932
coarse f1: 0.306
['rnd', 1, 'fold', 9, 'pr', 0.80728923033387789, 'roc', 0.7928219660494672]
[[1912    1]
 [  95    0]]
fine acc: 0.952
fine f1: 0.000
['rnd', 1, 'fold', 9, 'pr', 0.74621591962760414, 'roc', 0.75035903926046121]
9,1,coarse : 30.02 seconds
9,1,fine : 30.02 seconds
[[1842   71]
 [  65   30]]
coarse acc: 0.932
coarse f1: 0.306
['rnd', 2, 'fold', 9, 'pr', 0.80728923033387789, 'roc', 0.7928219660494672]
[[1912    1]
 [  95    0]]
fine acc: 0.952
fine f1: 0.000
['rnd', 2, 'fold', 9, 'pr', 0.74621591962760414, 'roc', 0.75035903926046121]
9,2,coarse : 33.59 seconds
9,2,fine : 33.59 seconds
[[1840   73]
 [  67   28]]
coarse acc: 0.930
coarse f1: 0.286
['rnd', 3, 'fold', 9, 'pr', 0.79860474114067981, 'roc', 0.78358599059069478]
[[1911    2]
 [  95    0]]
fine acc: 0.952
fine f1: 0.000
['rnd', 3, 'fold', 9, 'pr', 0.74001266871059257, 'roc', 0.74728588329160539]
9,3,coarse : 5.62 seconds
9,3,fine : 5.62 seconds
[[1842   71]
 [  65   30]]
coarse acc: 0.932
coarse f1: 0.306
['rnd', 4, 'fold', 9, 'pr', 0.81391989762155403, 'roc', 0.80303738960574422]
[[1910    3]
 [  93    2]]
fine acc: 0.952
fine f1: 0.040
['rnd', 4, 'fold', 9, 'pr', 0.76254960157757845, 'roc', 0.75877513962637855]
9,4,coarse : 5.87 seconds
9,4,fine : 5.87 seconds
[[1839   74]
 [  66   29]]
coarse acc: 0.930
coarse f1: 0.293
['rnd', 5, 'fold', 9, 'pr', 0.80317529479111505, 'roc', 0.78479104190166959]
[[1912    1]
 [  92    3]]
fine acc: 0.954
fine f1: 0.061
['rnd', 5, 'fold', 9, 'pr', 0.76489327369485816, 'roc', 0.75961702478884041]
9,5,coarse : 6.28 seconds
9,5,fine : 6.29 seconds
[[1841   72]
 [  67   28]]
coarse acc: 0.931
coarse f1: 0.287
['rnd', 6, 'fold', 9, 'pr', 0.80707212847403698, 'roc', 0.78901972652488472]
[[1912    1]
 [  92    3]]
fine acc: 0.954
fine f1: 0.061
['rnd', 6, 'fold', 9, 'pr', 0.77780465458322023, 'roc', 0.76678405370456926]
9,6,coarse : 6.58 seconds
9,6,fine : 6.58 seconds
[[1844   69]
 [  67   28]]
coarse acc: 0.932
coarse f1: 0.292
['rnd', 7, 'fold', 9, 'pr', 0.80351054232436758, 'roc', 0.7870250639667643]
[[1909    4]
 [  90    5]]
fine acc: 0.953
fine f1: 0.096
['rnd', 7, 'fold', 9, 'pr', 0.77673440303638874, 'roc', 0.76043689988169516]
9,7,coarse : 6.87 seconds
9,7,fine : 6.87 seconds
[[1835   78]
 [  61   34]]
coarse acc: 0.931
coarse f1: 0.329
['rnd', 8, 'fold', 9, 'pr', 0.81633582855865394, 'roc', 0.78975981511541482]
[[1910    3]
 [  87    8]]
fine acc: 0.955
fine f1: 0.151
['rnd', 8, 'fold', 9, 'pr', 0.78588551030744846, 'roc', 0.77126035161086159]
9,8,coarse : 7.3 seconds
9,8,fine : 7.3 seconds
[[1833   80]
 [  59   36]]
coarse acc: 0.931
coarse f1: 0.341
['rnd', 9, 'fold', 9, 'pr', 0.82320351898425137, 'roc', 0.79766418136297335]
[[1910    3]
 [  88    7]]
fine acc: 0.955
fine f1: 0.133
['rnd', 9, 'fold', 9, 'pr', 0.79020458033671825, 'roc', 0.77598701405893145]
9,9,coarse : 7.58 seconds
9,9,fine : 7.58 seconds
[[1836   77]
 [  58   37]]
coarse acc: 0.933
coarse f1: 0.354
['rnd', 10, 'fold', 9, 'pr', 0.832837632838478, 'roc', 0.79907282581781136]
[[1911    2]
 [  87    8]]
fine acc: 0.956
fine f1: 0.152
['rnd', 10, 'fold', 9, 'pr', 0.78826025295982272, 'roc', 0.76666299832173157]
9,10,coarse : 8.08 seconds
9,10,fine : 8.09 seconds
[[1835   78]
 [  57   38]]
coarse acc: 0.933
coarse f1: 0.360
['rnd', 11, 'fold', 9, 'pr', 0.83454904579824574, 'roc', 0.80934327454810551]
[[1910    3]
 [  86    9]]
fine acc: 0.956
fine f1: 0.168
['rnd', 11, 'fold', 9, 'pr', 0.79556463314271753, 'roc', 0.77276253886152868]
9,11,coarse : 8.49 seconds
9,11,fine : 8.5 seconds
[[1833   80]
 [  55   40]]
coarse acc: 0.933
coarse f1: 0.372
['rnd', 12, 'fold', 9, 'pr', 0.83699305461532292, 'roc', 0.81140121605634552]
[[1911    2]
 [  85   10]]
fine acc: 0.957
fine f1: 0.187
['rnd', 12, 'fold', 9, 'pr', 0.79019658966198736, 'roc', 0.76983795086251905]
9,12,coarse : 8.71 seconds
9,12,fine : 8.71 seconds
[[1831   82]
 [  54   41]]
coarse acc: 0.932
coarse f1: 0.376
['rnd', 13, 'fold', 9, 'pr', 0.84510197753644178, 'roc', 0.81107656752964463]
[[1911    2]
 [  84   11]]
fine acc: 0.957
fine f1: 0.204
['rnd', 13, 'fold', 9, 'pr', 0.79001582468039944, 'roc', 0.76614851294467179]
9,13,coarse : 9.2 seconds
9,13,fine : 9.21 seconds
[[1829   84]
 [  54   41]]
coarse acc: 0.931
coarse f1: 0.373
['rnd', 14, 'fold', 9, 'pr', 0.84152248460866663, 'roc', 0.80640768151429254]
[[1910    3]
 [  85   10]]
fine acc: 0.956
fine f1: 0.185
['rnd', 14, 'fold', 9, 'pr', 0.80169879169176439, 'roc', 0.77713428893718839]
9,14,coarse : 9.7 seconds
9,14,fine : 9.7 seconds
[[1820   93]
 [  54   41]]
coarse acc: 0.927
coarse f1: 0.358
['rnd', 15, 'fold', 9, 'pr', 0.83672994002879542, 'roc', 0.80266321842242794]
[[1910    3]
 [  88    7]]
fine acc: 0.955
fine f1: 0.133
['rnd', 15, 'fold', 9, 'pr', 0.80135466760908913, 'roc', 0.77766803312515442]
9,15,coarse : 10.1 seconds
9,15,fine : 10.11 seconds
[[1825   88]
 [  56   39]]
coarse acc: 0.928
coarse f1: 0.351
['rnd', 16, 'fold', 9, 'pr', 0.83483562496837527, 'roc', 0.8007620986601367]
[[1911    2]
 [  84   11]]
fine acc: 0.957
fine f1: 0.204
['rnd', 16, 'fold', 9, 'pr', 0.79786893909983259, 'roc', 0.77777258095578683]
9,16,coarse : 10.64 seconds
9,16,fine : 10.64 seconds
[[1831   82]
 [  56   39]]
coarse acc: 0.931
coarse f1: 0.361
['rnd', 17, 'fold', 9, 'pr', 0.83716603442443782, 'roc', 0.81019066222796909]
[[1909    4]
 [  83   12]]
fine acc: 0.957
fine f1: 0.216
['rnd', 17, 'fold', 9, 'pr', 0.79886063607810631, 'roc', 0.78397116680881451]
9,17,coarse : 11.21 seconds
9,17,fine : 11.21 seconds
[[1831   82]
 [  55   40]]
coarse acc: 0.932
coarse f1: 0.369
['rnd', 18, 'fold', 9, 'pr', 0.83554583510698566, 'roc', 0.80924698049357546]
[[1910    3]
 [  84   11]]
fine acc: 0.957
fine f1: 0.202
['rnd', 18, 'fold', 9, 'pr', 0.80035356584999462, 'roc', 0.78156656670426683]
9,18,coarse : 11.51 seconds
9,18,fine : 11.51 seconds
[[1833   80]
 [  56   39]]
coarse acc: 0.932
coarse f1: 0.364
['rnd', 19, 'fold', 9, 'pr', 0.83806020217801158, 'roc', 0.81367650700195315]
[[1911    2]
 [  84   11]]
fine acc: 0.957
fine f1: 0.204
['rnd', 19, 'fold', 9, 'pr', 0.79541651774585798, 'roc', 0.77804770682587243]
9,19,coarse : 12.02 seconds
9,19,fine : 12.02 seconds
[[1829   84]
 [  55   40]]
coarse acc: 0.931
coarse f1: 0.365
['rnd', 20, 'fold', 9, 'pr', 0.84311588559874084, 'roc', 0.82057941508239995]
[[1909    4]
 [  85   10]]
fine acc: 0.956
fine f1: 0.183
['rnd', 20, 'fold', 9, 'pr', 0.8012742864570882, 'roc', 0.78280738437835273]
9,20,coarse : 12.8 seconds
9,20,fine : 12.81 seconds
[[1830   83]
 [  54   41]]
coarse acc: 0.932
coarse f1: 0.374
['rnd', 21, 'fold', 9, 'pr', 0.8438970784617954, 'roc', 0.8205684100475964]
[[1911    2]
 [  85   10]]
fine acc: 0.957
fine f1: 0.187
['rnd', 21, 'fold', 9, 'pr', 0.79788909100693894, 'roc', 0.7760888106308631]
9,21,coarse : 13.22 seconds
9,21,fine : 13.23 seconds
[[1835   78]
 [  55   40]]
coarse acc: 0.934
coarse f1: 0.376
['rnd', 22, 'fold', 9, 'pr', 0.84848345440351203, 'roc', 0.82675599086582086]
[[1910    3]
 [  83   12]]
fine acc: 0.957
fine f1: 0.218
['rnd', 22, 'fold', 9, 'pr', 0.8033710838465189, 'roc', 0.78939389770820101]
9,22,coarse : 13.72 seconds
9,22,fine : 13.73 seconds
[[1831   82]
 [  49   46]]
coarse acc: 0.935
coarse f1: 0.413
['rnd', 23, 'fold', 9, 'pr', 0.85443229290912059, 'roc', 0.83174952540787384]
[[1909    4]
 [  83   12]]
fine acc: 0.957
fine f1: 0.216
['rnd', 23, 'fold', 9, 'pr', 0.81309537473457838, 'roc', 0.79916636861364043]
9,23,coarse : 14.06 seconds
9,23,fine : 14.07 seconds
[[1831   82]
 [  50   45]]
coarse acc: 0.934
coarse f1: 0.405
['rnd', 24, 'fold', 9, 'pr', 0.85686320727538623, 'roc', 0.83193936225823284]
[[1908    5]
 [  81   14]]
fine acc: 0.957
fine f1: 0.246
['rnd', 24, 'fold', 9, 'pr', 0.82255485781162951, 'roc', 0.80104547830632478]
9,24,coarse : 14.85 seconds
9,24,fine : 14.85 seconds
[[1833   80]
 [  51   44]]
coarse acc: 0.935
coarse f1: 0.402
['rnd', 25, 'fold', 9, 'pr', 0.8541273352899923, 'roc', 0.82477508460120474]
[[1910    3]
 [  81   14]]
fine acc: 0.958
fine f1: 0.250
['rnd', 25, 'fold', 9, 'pr', 0.82678092940914105, 'roc', 0.8086306985445838]
9,25,coarse : 15.21 seconds
9,25,fine : 15.21 seconds
[[1829   84]
 [  49   46]]
coarse acc: 0.934
coarse f1: 0.409
['rnd', 26, 'fold', 9, 'pr', 0.85411717800438713, 'roc', 0.82582606542493164]
[[1909    4]
 [  80   15]]
fine acc: 0.958
fine f1: 0.263
['rnd', 26, 'fold', 9, 'pr', 0.82306271243458973, 'roc', 0.80328500288882121]
9,26,coarse : 15.95 seconds
9,26,fine : 15.95 seconds
[[1831   82]
 [  52   43]]
coarse acc: 0.933
coarse f1: 0.391
['rnd', 27, 'fold', 9, 'pr', 0.85611967345609918, 'roc', 0.82631028695628217]
[[1909    4]
 [  82   13]]
fine acc: 0.957
fine f1: 0.232
['rnd', 27, 'fold', 9, 'pr', 0.82127620048947236, 'roc', 0.80067130712300849]
9,27,coarse : 16.82 seconds
9,27,fine : 16.82 seconds
[[1834   79]
 [  52   43]]
coarse acc: 0.935
coarse f1: 0.396
['rnd', 28, 'fold', 9, 'pr', 0.85661027100189313, 'roc', 0.82582881668363251]
[[1909    4]
 [  80   15]]
fine acc: 0.958
fine f1: 0.263
['rnd', 28, 'fold', 9, 'pr', 0.82488784861451114, 'roc', 0.80259168569620576]
9,28,coarse : 17.3 seconds
9,28,fine : 17.31 seconds
[[1836   77]
 [  54   41]]
coarse acc: 0.935
coarse f1: 0.385
['rnd', 29, 'fold', 9, 'pr', 0.8557087073084616, 'roc', 0.82586458304674359]
[[1907    6]
 [  78   17]]
fine acc: 0.958
fine f1: 0.288
['rnd', 29, 'fold', 9, 'pr', 0.82804908132768917, 'roc', 0.80545299474509546]
9,29,coarse : 17.53 seconds
9,29,fine : 17.53 seconds
[[1835   78]
 [  52   43]]
coarse acc: 0.935
coarse f1: 0.398
['rnd', 30, 'fold', 9, 'pr', 0.85329549831242657, 'roc', 0.82316009574380267]
[[1907    6]
 [  78   17]]
fine acc: 0.958
fine f1: 0.288
['rnd', 30, 'fold', 9, 'pr', 0.82906267372022457, 'roc', 0.80799790904338709]
9,30,coarse : 18.28 seconds
9,30,fine : 18.29 seconds
[[1834   79]
 [  49   46]]
coarse acc: 0.936
coarse f1: 0.418
['rnd', 31, 'fold', 9, 'pr', 0.857303872232688, 'roc', 0.82818939664896662]
[[1906    7]
 [  81   14]]
fine acc: 0.956
fine f1: 0.241
['rnd', 31, 'fold', 9, 'pr', 0.83383752697412294, 'roc', 0.81468897020386799]
9,31,coarse : 19.71 seconds
9,31,fine : 19.71 seconds
[[1839   74]
 [  50   45]]
coarse acc: 0.938
coarse f1: 0.421
['rnd', 32, 'fold', 9, 'pr', 0.85622558889612099, 'roc', 0.82626076429966677]
[[1904    9]
 [  77   18]]
fine acc: 0.957
fine f1: 0.295
['rnd', 32, 'fold', 9, 'pr', 0.83779568044225294, 'roc', 0.81641125815060356]
9,32,coarse : 19.94 seconds
9,32,fine : 19.95 seconds
[[1836   77]
 [  49   46]]
coarse acc: 0.937
coarse f1: 0.422
['rnd', 33, 'fold', 9, 'pr', 0.85701635179779234, 'roc', 0.82512174319751264]
[[1906    7]
 [  79   16]]
fine acc: 0.957
fine f1: 0.271
['rnd', 33, 'fold', 9, 'pr', 0.83663226271468516, 'roc', 0.81569317962968024]
9,33,coarse : 20.54 seconds
9,33,fine : 20.55 seconds
[[1832   81]
 [  48   47]]
coarse acc: 0.936
coarse f1: 0.422
['rnd', 34, 'fold', 9, 'pr', 0.8547530866670785, 'roc', 0.8217459487715626]
[[1906    7]
 [  79   16]]
fine acc: 0.957
fine f1: 0.271
['rnd', 34, 'fold', 9, 'pr', 0.83666251234020339, 'roc', 0.81465320384075679]
9,34,coarse : 21.58 seconds
9,34,fine : 21.59 seconds
[[1834   79]
 [  48   47]]
coarse acc: 0.937
coarse f1: 0.425
['rnd', 35, 'fold', 9, 'pr', 0.85494738385708458, 'roc', 0.82044185214735721]
[[1904    9]
 [  81   14]]
fine acc: 0.955
fine f1: 0.237
['rnd', 35, 'fold', 9, 'pr', 0.83877516625394977, 'roc', 0.81555286543593652]
9,35,coarse : 21.86 seconds
9,35,fine : 21.87 seconds
[[1833   80]
 [  48   47]]
coarse acc: 0.936
coarse f1: 0.423
['rnd', 36, 'fold', 9, 'pr', 0.85662532434439098, 'roc', 0.82307480672407585]
[[1904    9]
 [  77   18]]
fine acc: 0.957
fine f1: 0.295
['rnd', 36, 'fold', 9, 'pr', 0.83462850531472832, 'roc', 0.80770627562109631]
9,36,coarse : 22.74 seconds
9,36,fine : 22.75 seconds
[[1828   85]
 [  50   45]]
coarse acc: 0.933
coarse f1: 0.400
['rnd', 37, 'fold', 9, 'pr', 0.85484301415120512, 'roc', 0.8212452196880069]
[[1905    8]
 [  75   20]]
fine acc: 0.959
fine f1: 0.325
['rnd', 37, 'fold', 9, 'pr', 0.83207921704861265, 'roc', 0.80601150026136914]
9,37,coarse : 23.67 seconds
9,37,fine : 23.68 seconds
[[1833   80]
 [  49   46]]
coarse acc: 0.936
coarse f1: 0.416
['rnd', 38, 'fold', 9, 'pr', 0.8548979530448958, 'roc', 0.82099485514622905]
[[1906    7]
 [  72   23]]
fine acc: 0.961
fine f1: 0.368
['rnd', 38, 'fold', 9, 'pr', 0.8334568410348836, 'roc', 0.80375271686796657]
9,38,coarse : 23.8 seconds
9,38,fine : 23.81 seconds
[[1832   81]
 [  48   47]]
coarse acc: 0.936
coarse f1: 0.422
['rnd', 39, 'fold', 9, 'pr', 0.85529338400797861, 'roc', 0.82063719151511783]
[[1904    9]
 [  73   22]]
fine acc: 0.959
fine f1: 0.349
['rnd', 39, 'fold', 9, 'pr', 0.83447422176396679, 'roc', 0.80303463834704347]
9,39,coarse : 24.69 seconds
9,39,fine : 24.7 seconds
[[1825   88]
 [  48   47]]
coarse acc: 0.932
coarse f1: 0.409
['rnd', 40, 'fold', 9, 'pr', 0.8553056077001866, 'roc', 0.82110765675296404]
[[1904    9]
 [  75   20]]
fine acc: 0.958
fine f1: 0.323
['rnd', 40, 'fold', 9, 'pr', 0.83320454830049351, 'roc', 0.7998734420997603]
9,40,coarse : 25.97 seconds
9,40,fine : 25.98 seconds
[[1824   89]
 [  48   47]]
coarse acc: 0.932
coarse f1: 0.407
['rnd', 41, 'fold', 9, 'pr', 0.85691018842083666, 'roc', 0.82190827303491309]
[[1902   11]
 [  75   20]]
fine acc: 0.957
fine f1: 0.317
['rnd', 41, 'fold', 9, 'pr', 0.8327865505008013, 'roc', 0.80097669683880324]
9,41,coarse : 26.21 seconds
9,41,fine : 26.22 seconds
[[1831   82]
 [  50   45]]
coarse acc: 0.934
coarse f1: 0.405
['rnd', 42, 'fold', 9, 'pr', 0.85544013968675925, 'roc', 0.82244201722287902]
[[1903   10]
 [  78   17]]
fine acc: 0.956
fine f1: 0.279
['rnd', 42, 'fold', 9, 'pr', 0.83127674834886478, 'roc', 0.80097119432140174]
9,42,coarse : 27.52 seconds
9,42,fine : 27.52 seconds
[[1832   81]
 [  49   46]]
coarse acc: 0.935
coarse f1: 0.414
['rnd', 43, 'fold', 9, 'pr', 0.85480533870259667, 'roc', 0.82062893773901524]
[[1904    9]
 [  75   20]]
fine acc: 0.958
fine f1: 0.323
['rnd', 43, 'fold', 9, 'pr', 0.83982402319884408, 'roc', 0.80991828761658435]
9,43,coarse : 28.12 seconds
9,43,fine : 28.12 seconds
[[1833   80]
 [  49   46]]
coarse acc: 0.936
coarse f1: 0.416
['rnd', 44, 'fold', 9, 'pr', 0.85497602411725138, 'roc', 0.81927531845819435]
[[1905    8]
 [  75   20]]
fine acc: 0.959
fine f1: 0.325
['rnd', 44, 'fold', 9, 'pr', 0.83371046907791735, 'roc', 0.80332902302803499]
9,44,coarse : 28.09 seconds
9,44,fine : 28.09 seconds
[[1825   88]
 [  49   46]]
coarse acc: 0.932
coarse f1: 0.402
['rnd', 45, 'fold', 9, 'pr', 0.85329819827937048, 'roc', 0.81975953998954498]
[[1906    7]
 [  75   20]]
fine acc: 0.959
fine f1: 0.328
['rnd', 45, 'fold', 9, 'pr', 0.83466198251484014, 'roc', 0.79966984895589699]
9,45,coarse : 30.3 seconds
9,45,fine : 30.31 seconds
[[1823   90]
 [  48   47]]
coarse acc: 0.931
coarse f1: 0.405
['rnd', 46, 'fold', 9, 'pr', 0.85544925573390174, 'roc', 0.82016397501857086]
[[1904    9]
 [  76   19]]
fine acc: 0.958
fine f1: 0.309
['rnd', 46, 'fold', 9, 'pr', 0.8354115656988792, 'roc', 0.79999724874129874]
9,46,coarse : 30.21 seconds
9,46,fine : 30.22 seconds
[[1822   91]
 [  48   47]]
coarse acc: 0.931
coarse f1: 0.403
['rnd', 47, 'fold', 9, 'pr', 0.8526656579410441, 'roc', 0.81769059344650163]
[[1903   10]
 [  73   22]]
fine acc: 0.959
fine f1: 0.346
['rnd', 47, 'fold', 9, 'pr', 0.83278746749325117, 'roc', 0.80075109362533337]
9,47,coarse : 30.37 seconds
9,47,fine : 30.37 seconds
[[1819   94]
 [  48   47]]
coarse acc: 0.929
coarse f1: 0.398
['rnd', 48, 'fold', 9, 'pr', 0.85321973606310886, 'roc', 0.81857099623077545]
[[1903   10]
 [  75   20]]
fine acc: 0.958
fine f1: 0.320
['rnd', 48, 'fold', 9, 'pr', 0.83473613786008594, 'roc', 0.80173879549894045]
9,48,coarse : 34.14 seconds
9,48,fine : 34.15 seconds
[[1819   94]
 [  48   47]]
coarse acc: 0.929
coarse f1: 0.398
['rnd', 49, 'fold', 9, 'pr', 0.85384589054530313, 'roc', 0.81994937683990399]
[[1904    9]
 [  74   21]]
fine acc: 0.959
fine f1: 0.336
['rnd', 49, 'fold', 9, 'pr', 0.83872261975151241, 'roc', 0.80763474289487414]
9,49,coarse : 32.75 seconds
9,49,fine : 32.76 seconds
[[1825   88]
 [  46   49]]
coarse acc: 0.933
coarse f1: 0.422
['rnd', 50, 'fold', 9, 'pr', 0.8531362256331454, 'roc', 0.81931658733870716]
[[1902   11]
 [  72   23]]
fine acc: 0.959
fine f1: 0.357
['rnd', 50, 'fold', 9, 'pr', 0.83544195884252659, 'roc', 0.8024541227611629]
9,50,coarse : 37.02 seconds
9,50,fine : 37.02 seconds
[[1828   85]
 [  48   47]]
coarse acc: 0.934
coarse f1: 0.414
['rnd', 51, 'fold', 9, 'pr', 0.85726405512212667, 'roc', 0.82541887913720502]
[[1900   13]
 [  73   22]]
fine acc: 0.957
fine f1: 0.338
['rnd', 51, 'fold', 9, 'pr', 0.83393211750121132, 'roc', 0.79956254986656361]
9,51,coarse : 36.17 seconds
9,51,fine : 36.18 seconds
[[1821   92]
 [  48   47]]
coarse acc: 0.930
coarse f1: 0.402
['rnd', 52, 'fold', 9, 'pr', 0.85851101165742116, 'roc', 0.82673948331361558]
[[1901   12]
 [  74   21]]
fine acc: 0.957
fine f1: 0.328
['rnd', 52, 'fold', 9, 'pr', 0.8339471701821628, 'roc', 0.79873992351500778]
9,52,coarse : 35.75 seconds
9,52,fine : 35.76 seconds
[[1827   86]
 [  48   47]]
coarse acc: 0.933
coarse f1: 0.412
['rnd', 53, 'fold', 9, 'pr', 0.85842011261642326, 'roc', 0.82590310066855543]
[[1900   13]
 [  74   21]]
fine acc: 0.957
fine f1: 0.326
['rnd', 53, 'fold', 9, 'pr', 0.83521420529145396, 'roc', 0.80067405838170935]
9,53,coarse : 39.9 seconds
9,53,fine : 39.9 seconds
[[1827   86]
 [  48   47]]
coarse acc: 0.933
coarse f1: 0.412
['rnd', 54, 'fold', 9, 'pr', 0.85804663708313533, 'roc', 0.82627727185187183]
[[1901   12]
 [  74   21]]
fine acc: 0.957
fine f1: 0.328
['rnd', 54, 'fold', 9, 'pr', 0.83533457887174423, 'roc', 0.80062728698379471]
9,54,coarse : 36.94 seconds
9,54,fine : 36.95 seconds
[[1830   83]
 [  48   47]]
coarse acc: 0.935
coarse f1: 0.418
['rnd', 55, 'fold', 9, 'pr', 0.85781338929548379, 'roc', 0.82780972294824839]
[[1901   12]
 [  72   23]]
fine acc: 0.958
fine f1: 0.354
['rnd', 55, 'fold', 9, 'pr', 0.83376704835418181, 'roc', 0.80202767766253025]
9,55,coarse : 39.92 seconds
9,55,fine : 39.93 seconds
[[1828   85]
 [  48   47]]
coarse acc: 0.934
coarse f1: 0.414
['rnd', 56, 'fold', 9, 'pr', 0.8588465618530593, 'roc', 0.82932566649242001]
[[1899   14]
 [  73   22]]
fine acc: 0.957
fine f1: 0.336
['rnd', 56, 'fold', 9, 'pr', 0.83191762212034259, 'roc', 0.80140314193743611]
9,56,coarse : 41.26 seconds
9,56,fine : 41.27 seconds
[[1828   85]
 [  46   49]]
coarse acc: 0.935
coarse f1: 0.428
['rnd', 57, 'fold', 9, 'pr', 0.85545158380483932, 'roc', 0.82366632734475986]
[[1901   12]
 [  73   22]]
fine acc: 0.958
fine f1: 0.341
['rnd', 57, 'fold', 9, 'pr', 0.83298064749181999, 'roc', 0.80019258810905969]
9,57,coarse : 40.61 seconds
9,57,fine : 40.62 seconds
[[1830   83]
 [  46   49]]
coarse acc: 0.936
coarse f1: 0.432
['rnd', 58, 'fold', 9, 'pr', 0.85815097685219743, 'roc', 0.82821140671857352]
[[1901   12]
 [  72   23]]
fine acc: 0.958
fine f1: 0.354
['rnd', 58, 'fold', 9, 'pr', 0.83705623889426728, 'roc', 0.8051833713924117]
9,58,coarse : 45.57 seconds
9,58,fine : 45.58 seconds
[[1829   84]
 [  46   49]]
coarse acc: 0.935
coarse f1: 0.430
['rnd', 59, 'fold', 9, 'pr', 0.86109463655894525, 'roc', 0.83145238946818145]
[[1901   12]
 [  72   23]]
fine acc: 0.958
fine f1: 0.354
['rnd', 59, 'fold', 9, 'pr', 0.8385713877288663, 'roc', 0.80497427573114677]
9,59,coarse : 42.17 seconds
9,59,fine : 42.17 seconds
[[1830   83]
 [  47   48]]
coarse acc: 0.935
coarse f1: 0.425
['rnd', 60, 'fold', 9, 'pr', 0.86085180193775024, 'roc', 0.83118826863289941]
[[1899   14]
 [  69   26]]
fine acc: 0.959
fine f1: 0.385
['rnd', 60, 'fold', 9, 'pr', 0.84112070162478769, 'roc', 0.81138195724543938]
9,60,coarse : 47.39 seconds
9,60,fine : 47.4 seconds
[[1828   85]
 [  47   48]]
coarse acc: 0.934
coarse f1: 0.421
['rnd', 61, 'fold', 9, 'pr', 0.85567835614668064, 'roc', 0.82570225878339309]
[[1900   13]
 [  71   24]]
fine acc: 0.958
fine f1: 0.364
['rnd', 61, 'fold', 9, 'pr', 0.83917387280514433, 'roc', 0.80810245687401949]
9,61,coarse : 44.91 seconds
9,61,fine : 44.92 seconds
[[1829   84]
 [  46   49]]
coarse acc: 0.935
coarse f1: 0.430
['rnd', 62, 'fold', 9, 'pr', 0.85675614813884504, 'roc', 0.82688254876606027]
[[1901   12]
 [  71   24]]
fine acc: 0.959
fine f1: 0.366
['rnd', 62, 'fold', 9, 'pr', 0.84190374106940236, 'roc', 0.81251547583019212]
9,62,coarse : 46.93 seconds
9,62,fine : 46.93 seconds
[[1834   79]
 [  46   49]]
coarse acc: 0.938
coarse f1: 0.439
['rnd', 63, 'fold', 9, 'pr', 0.85937114972650497, 'roc', 0.8285580653148813]
[[1903   10]
 [  69   26]]
fine acc: 0.961
fine f1: 0.397
['rnd', 63, 'fold', 9, 'pr', 0.84753191388898574, 'roc', 0.81842793077833076]
9,63,coarse : 50.22 seconds
9,63,fine : 50.23 seconds
[[1835   78]
 [  46   49]]
coarse acc: 0.938
coarse f1: 0.441
['rnd', 64, 'fold', 9, 'pr', 0.85800631608379518, 'roc', 0.82575178144000849]
[[1901   12]
 [  71   24]]
fine acc: 0.959
fine f1: 0.366
['rnd', 64, 'fold', 9, 'pr', 0.8454884995416031, 'roc', 0.81778963875973232]
9,64,coarse : 48.71 seconds
9,64,fine : 48.72 seconds
[[1830   83]
 [  45   50]]
coarse acc: 0.936
coarse f1: 0.439
['rnd', 65, 'fold', 9, 'pr', 0.85809360346954666, 'roc', 0.8262029878669489]
[[1898   15]
 [  70   25]]
fine acc: 0.958
fine f1: 0.370
['rnd', 65, 'fold', 9, 'pr', 0.84390720678060926, 'roc', 0.81459267614933806]
9,65,coarse : 53.53 seconds
9,65,fine : 53.54 seconds
[[1834   79]
 [  47   48]]
coarse acc: 0.937
coarse f1: 0.432
['rnd', 66, 'fold', 9, 'pr', 0.85989137991296472, 'roc', 0.83020882053539469]
[[1899   14]
 [  70   25]]
fine acc: 0.958
fine f1: 0.373
['rnd', 66, 'fold', 9, 'pr', 0.84239861716050313, 'roc', 0.81061710732660164]
9,66,coarse : 49.91 seconds
9,66,fine : 49.92 seconds
[[1836   77]
 [  44   51]]
coarse acc: 0.940
coarse f1: 0.457
['rnd', 67, 'fold', 9, 'pr', 0.86138615272717556, 'roc', 0.8320411588301645]
[[1897   16]
 [  73   22]]
fine acc: 0.956
fine f1: 0.331
['rnd', 67, 'fold', 9, 'pr', 0.84602656481878469, 'roc', 0.82016122375986988]
9,67,coarse : 57.45 seconds
9,67,fine : 57.46 seconds
[[1833   80]
 [  45   50]]
coarse acc: 0.938
coarse f1: 0.444
['rnd', 68, 'fold', 9, 'pr', 0.86055823246212793, 'roc', 0.83083610751918979]
[[1900   13]
 [  68   27]]
fine acc: 0.960
fine f1: 0.400
['rnd', 68, 'fold', 9, 'pr', 0.85145841890278751, 'roc', 0.82287946735631534]
9,68,coarse : 52.12 seconds
9,68,fine : 52.13 seconds
[[1834   79]
 [  45   50]]
coarse acc: 0.938
coarse f1: 0.446
['rnd', 69, 'fold', 9, 'pr', 0.86136345040616846, 'roc', 0.8304977026989846]
[[1897   16]
 [  66   29]]
fine acc: 0.959
fine f1: 0.414
['rnd', 69, 'fold', 9, 'pr', 0.85384759574484415, 'roc', 0.82626901807576947]
9,69,coarse : 60.0 seconds
9,69,fine : 60.01 seconds
[[1831   82]
 [  45   50]]
coarse acc: 0.937
coarse f1: 0.441
['rnd', 70, 'fold', 9, 'pr', 0.86201159449842391, 'roc', 0.83200264120835254]
[[1897   16]
 [  65   30]]
fine acc: 0.960
fine f1: 0.426
['rnd', 70, 'fold', 9, 'pr', 0.85191231877188156, 'roc', 0.82232096184004155]
9,70,coarse : 55.18 seconds
9,70,fine : 55.19 seconds
[[1831   82]
 [  46   49]]
coarse acc: 0.936
coarse f1: 0.434
['rnd', 71, 'fold', 9, 'pr', 0.86278051252119325, 'roc', 0.83441274383030206]
[[1897   16]
 [  65   30]]
fine acc: 0.960
fine f1: 0.426
['rnd', 71, 'fold', 9, 'pr', 0.85623753988760642, 'roc', 0.83260516686384001]
9,71,coarse : 62.22 seconds
9,71,fine : 62.23 seconds
[[1829   84]
 [  45   50]]
coarse acc: 0.936
coarse f1: 0.437
['rnd', 72, 'fold', 9, 'pr', 0.86384188309118848, 'roc', 0.83414587173631904]
[[1897   16]
 [  65   30]]
fine acc: 0.960
fine f1: 0.426
['rnd', 72, 'fold', 9, 'pr', 0.85649374947695101, 'roc', 0.83316367238011368]
9,72,coarse : 58.08 seconds
9,72,fine : 58.09 seconds
[[1825   88]
 [  44   51]]
coarse acc: 0.934
coarse f1: 0.436
['rnd', 73, 'fold', 9, 'pr', 0.86213936627298815, 'roc', 0.83072605717115544]
[[1897   16]
 [  66   29]]
fine acc: 0.959
fine f1: 0.414
['rnd', 73, 'fold', 9, 'pr', 0.85621829739573874, 'roc', 0.83201639750185685]
9,73,coarse : 63.45 seconds
9,73,fine : 63.46 seconds
[[1825   88]
 [  45   50]]
coarse acc: 0.934
coarse f1: 0.429
['rnd', 74, 'fold', 9, 'pr', 0.86386520403699074, 'roc', 0.83393952733375487]
[[1899   14]
 [  67   28]]
fine acc: 0.960
fine f1: 0.409
['rnd', 74, 'fold', 9, 'pr', 0.85482751211163621, 'roc', 0.82572151759429924]
9,74,coarse : 61.11 seconds
9,74,fine : 61.11 seconds
[[1824   89]
 [  44   51]]
coarse acc: 0.934
coarse f1: 0.434
['rnd', 75, 'fold', 9, 'pr', 0.86330549195293593, 'roc', 0.83337276804137872]
[[1896   17]
 [  67   28]]
fine acc: 0.958
fine f1: 0.400
['rnd', 75, 'fold', 9, 'pr', 0.85580392280516815, 'roc', 0.82705862932291485]
9,75,coarse : 65.4 seconds
9,75,fine : 65.41 seconds
[[1822   91]
 [  44   51]]
coarse acc: 0.933
coarse f1: 0.430
['rnd', 76, 'fold', 9, 'pr', 0.86245524597139411, 'roc', 0.83181280435799354]
[[1896   17]
 [  67   28]]
fine acc: 0.958
fine f1: 0.400
['rnd', 76, 'fold', 9, 'pr', 0.85712831285079316, 'roc', 0.82671197072660707]
9,76,coarse : 64.22 seconds
9,76,fine : 64.22 seconds
[[1824   89]
 [  44   51]]
coarse acc: 0.934
coarse f1: 0.434
['rnd', 77, 'fold', 9, 'pr', 0.86247968838161759, 'roc', 0.83121302996120705]
[[1894   19]
 [  66   29]]
fine acc: 0.958
fine f1: 0.406
['rnd', 77, 'fold', 9, 'pr', 0.85857155588583334, 'roc', 0.82871213580212921]
9,77,coarse : 67.91 seconds
9,77,fine : 67.92 seconds
[[1828   85]
 [  44   51]]
coarse acc: 0.936
coarse f1: 0.442
['rnd', 78, 'fold', 9, 'pr', 0.86198265298600019, 'roc', 0.82957327977549711]
[[1895   18]
 [  67   28]]
fine acc: 0.958
fine f1: 0.397
['rnd', 78, 'fold', 9, 'pr', 0.86111568227870849, 'roc', 0.83125154758301889]
9,78,coarse : 67.41 seconds
9,78,fine : 67.42 seconds
[[1831   82]
 [  44   51]]
coarse acc: 0.937
coarse f1: 0.447
['rnd', 79, 'fold', 9, 'pr', 0.86226029000113491, 'roc', 0.83018405920708693]
[[1893   20]
 [  68   27]]
fine acc: 0.956
fine f1: 0.380
['rnd', 79, 'fold', 9, 'pr', 0.85664834584587213, 'roc', 0.82718518722315426]
9,79,coarse : 70.28 seconds
9,79,fine : 70.29 seconds
[[1831   82]
 [  44   51]]
coarse acc: 0.937
coarse f1: 0.447
['rnd', 80, 'fold', 9, 'pr', 0.86402221011252855, 'roc', 0.832415330013481]
[[1892   21]
 [  67   28]]
fine acc: 0.956
fine f1: 0.389
['rnd', 80, 'fold', 9, 'pr', 0.85721685324349328, 'roc', 0.82863234929980445]
9,80,coarse : 70.2 seconds
9,80,fine : 70.21 seconds
[[1832   81]
 [  44   51]]
coarse acc: 0.938
coarse f1: 0.449
['rnd', 81, 'fold', 9, 'pr', 0.86372276537304926, 'roc', 0.83177428673618159]
[[1892   21]
 [  67   28]]
fine acc: 0.956
fine f1: 0.389
['rnd', 81, 'fold', 9, 'pr', 0.86039992748179894, 'roc', 0.8324565988939937]
9,81,coarse : 73.47 seconds
9,81,fine : 73.48 seconds
[[1823   90]
 [  46   49]]
coarse acc: 0.932
coarse f1: 0.419
['rnd', 82, 'fold', 9, 'pr', 0.86364816650237963, 'roc', 0.83314991608660927]
[[1893   20]
 [  66   29]]
fine acc: 0.957
fine f1: 0.403
['rnd', 82, 'fold', 9, 'pr', 0.8572651581504539, 'roc', 0.82860758797149681]
9,82,coarse : 72.08 seconds
9,82,fine : 72.09 seconds
[[1830   83]
 [  45   50]]
coarse acc: 0.936
coarse f1: 0.439
['rnd', 83, 'fold', 9, 'pr', 0.8632016868765735, 'roc', 0.83392026852284906]
[[1892   21]
 [  67   28]]
fine acc: 0.956
fine f1: 0.389
['rnd', 83, 'fold', 9, 'pr', 0.86130892658893565, 'roc', 0.83340028062838734]
9,83,coarse : 76.66 seconds
9,83,fine : 76.67 seconds
[[1826   87]
 [  45   50]]
coarse acc: 0.934
coarse f1: 0.431
['rnd', 84, 'fold', 9, 'pr', 0.86292533143122019, 'roc', 0.83517209123173841]
[[1893   20]
 [  67   28]]
fine acc: 0.957
fine f1: 0.392
['rnd', 84, 'fold', 9, 'pr', 0.86380947167715405, 'roc', 0.83764822406250827]
9,84,coarse : 73.59 seconds
9,84,fine : 73.6 seconds
[[1832   81]
 [  45   50]]
coarse acc: 0.937
coarse f1: 0.442
['rnd', 85, 'fold', 9, 'pr', 0.86631486168092997, 'roc', 0.83768674168432022]
[[1893   20]
 [  66   29]]
fine acc: 0.957
fine f1: 0.403
['rnd', 85, 'fold', 9, 'pr', 0.8555160725441322, 'roc', 0.8237763776927941]
9,85,coarse : 81.67 seconds
9,85,fine : 81.68 seconds
[[1831   82]
 [  45   50]]
coarse acc: 0.937
coarse f1: 0.441
['rnd', 86, 'fold', 9, 'pr', 0.86487160879242853, 'roc', 0.83548573472363574]
[[1893   20]
 [  67   28]]
fine acc: 0.957
fine f1: 0.392
['rnd', 86, 'fold', 9, 'pr', 0.86092831861247521, 'roc', 0.83234929980466033]
9,86,coarse : 75.78 seconds
9,86,fine : 75.79 seconds
[[1825   88]
 [  46   49]]
coarse acc: 0.933
coarse f1: 0.422
['rnd', 87, 'fold', 9, 'pr', 0.86557047285544741, 'roc', 0.83778303573885027]
[[1893   20]
 [  65   30]]
fine acc: 0.958
fine f1: 0.414
['rnd', 87, 'fold', 9, 'pr', 0.86229763766411993, 'roc', 0.83597270751368713]
9,87,coarse : 84.19 seconds
9,87,fine : 84.2 seconds
[[1829   84]
 [  45   50]]
coarse acc: 0.936
coarse f1: 0.437
['rnd', 88, 'fold', 9, 'pr', 0.8671622118662603, 'roc', 0.84004181913225284]
[[1893   20]
 [  65   30]]
fine acc: 0.958
fine f1: 0.414
['rnd', 88, 'fold', 9, 'pr', 0.86165155039929675, 'roc', 0.83443200264120809]
9,88,coarse : 78.6 seconds
9,88,fine : 78.61 seconds
[[1826   87]
 [  45   50]]
coarse acc: 0.934
coarse f1: 0.431
['rnd', 89, 'fold', 9, 'pr', 0.86685023733124433, 'roc', 0.84014086444548364]
[[1892   21]
 [  66   29]]
fine acc: 0.957
fine f1: 0.400
['rnd', 89, 'fold', 9, 'pr', 0.85955689076272357, 'roc', 0.83178254051228406]
9,89,coarse : 87.78 seconds
9,89,fine : 87.79 seconds
[[1824   89]
 [  46   49]]
coarse acc: 0.933
coarse f1: 0.421
['rnd', 90, 'fold', 9, 'pr', 0.86403195941813071, 'roc', 0.83941178088975676]
[[1892   21]
 [  67   28]]
fine acc: 0.956
fine f1: 0.389
['rnd', 90, 'fold', 9, 'pr', 0.86000602293704187, 'roc', 0.83260241560513915]
9,90,coarse : 82.99 seconds
9,90,fine : 83.0 seconds
[[1826   87]
 [  45   50]]
coarse acc: 0.934
coarse f1: 0.431
['rnd', 91, 'fold', 9, 'pr', 0.86579827589823932, 'roc', 0.84112031254298825]
[[1893   20]
 [  67   28]]
fine acc: 0.957
fine f1: 0.392
['rnd', 91, 'fold', 9, 'pr', 0.85989294502599212, 'roc', 0.83205216386496794]
9,91,coarse : 89.18 seconds
9,91,fine : 89.19 seconds
[[1828   85]
 [  46   49]]
coarse acc: 0.935
coarse f1: 0.428
['rnd', 92, 'fold', 9, 'pr', 0.86708941014046892, 'roc', 0.8432250254491428]
[[1891   22]
 [  66   29]]
fine acc: 0.956
fine f1: 0.397
['rnd', 92, 'fold', 9, 'pr', 0.85922442186030601, 'roc', 0.83380471565741299]
9,92,coarse : 87.78 seconds
9,92,fine : 87.79 seconds
[[1824   89]
 [  46   49]]
coarse acc: 0.933
coarse f1: 0.421
['rnd', 93, 'fold', 9, 'pr', 0.86650124280480001, 'roc', 0.83976394200346627]
[[1894   19]
 [  66   29]]
fine acc: 0.958
fine f1: 0.406
['rnd', 93, 'fold', 9, 'pr', 0.86068589315640853, 'roc', 0.83464384956117399]
9,93,coarse : 90.19 seconds
9,93,fine : 90.2 seconds
[[1829   84]
 [  47   48]]
coarse acc: 0.935
coarse f1: 0.423
['rnd', 94, 'fold', 9, 'pr', 0.86804760107366552, 'roc', 0.84429526508377573]
[[1894   19]
 [  68   27]]
fine acc: 0.957
fine f1: 0.383
['rnd', 94, 'fold', 9, 'pr', 0.85975897809775181, 'roc', 0.83319943874322477]
9,94,coarse : 93.49 seconds
9,94,fine : 93.5 seconds
[[1831   82]
 [  46   49]]
coarse acc: 0.936
coarse f1: 0.434
['rnd', 95, 'fold', 9, 'pr', 0.86820649653003723, 'roc', 0.84281508790271531]
[[1892   21]
 [  68   27]]
fine acc: 0.956
fine f1: 0.378
['rnd', 95, 'fold', 9, 'pr', 0.86317431149715929, 'roc', 0.83889179299529515]
9,95,coarse : 91.38 seconds
9,95,fine : 91.39 seconds
[[1823   90]
 [  46   49]]
coarse acc: 0.932
coarse f1: 0.419
['rnd', 96, 'fold', 9, 'pr', 0.87145283196633183, 'roc', 0.84762703937051176]
[[1896   17]
 [  68   27]]
fine acc: 0.958
fine f1: 0.388
['rnd', 96, 'fold', 9, 'pr', 0.85767480818379749, 'roc', 0.82958153355159969]
9,96,coarse : 97.42 seconds
9,96,fine : 97.43 seconds
[[1823   90]
 [  45   50]]
coarse acc: 0.933
coarse f1: 0.426
['rnd', 97, 'fold', 9, 'pr', 0.87165415296727156, 'roc', 0.84766280573362296]
[[1895   18]
 [  67   28]]
fine acc: 0.958
fine f1: 0.397
['rnd', 97, 'fold', 9, 'pr', 0.8551777609158806, 'roc', 0.8267669959006243]
9,97,coarse : 93.69 seconds
9,97,fine : 93.7 seconds
[[1825   88]
 [  44   51]]
coarse acc: 0.934
coarse f1: 0.436
['rnd', 98, 'fold', 9, 'pr', 0.87299711204983155, 'roc', 0.84871103529864889]
[[1896   17]
 [  67   28]]
fine acc: 0.958
fine f1: 0.400
['rnd', 98, 'fold', 9, 'pr', 0.85831750474332391, 'roc', 0.83253088287891686]
9,98,coarse : 101.41 seconds
9,98,fine : 101.42 seconds
[[1828   85]
 [  45   50]]
coarse acc: 0.935
coarse f1: 0.435
['rnd', 99, 'fold', 9, 'pr', 0.87309683838126106, 'roc', 0.84910996781027304]
[[1895   18]
 [  67   28]]
fine acc: 0.958
fine f1: 0.397
['rnd', 99, 'fold', 9, 'pr', 0.85861896198808185, 'roc', 0.83276473986848965]
9,99,coarse : 98.39 seconds
9,99,fine : 98.4 seconds
[[1828   85]
 [  45   50]]
coarse acc: 0.935
coarse f1: 0.435
['rnd', 100, 'fold', 9, 'pr', 0.87386109076914864, 'roc', 0.84965471703304241]
[[1897   16]
 [  68   27]]
fine acc: 0.958
fine f1: 0.391
['rnd', 100, 'fold', 9, 'pr', 0.85937085254094914, 'roc', 0.83343879825019918]
9,100,coarse : 102.13 seconds
9,100,fine : 102.14 seconds
[[1827   86]
 [  45   50]]
coarse acc: 0.935
coarse f1: 0.433
['rnd', 101, 'fold', 9, 'pr', 0.87422413042201297, 'roc', 0.84988307150521336]
[[1897   16]
 [  64   31]]
fine acc: 0.960
fine f1: 0.437
['rnd', 101, 'fold', 9, 'pr', 0.86064619115113505, 'roc', 0.83477040746141329]
9,101,coarse : 105.73 seconds
9,101,fine : 105.74 seconds
[[1824   89]
 [  44   51]]
coarse acc: 0.934
coarse f1: 0.434
['rnd', 102, 'fold', 9, 'pr', 0.87422211237687553, 'roc', 0.84979227996808526]
[[1897   16]
 [  66   29]]
fine acc: 0.959
fine f1: 0.414
['rnd', 102, 'fold', 9, 'pr', 0.85983592491391803, 'roc', 0.83368090901587455]
9,102,coarse : 102.05 seconds
9,102,fine : 102.06 seconds
[[1830   83]
 [  45   50]]
coarse acc: 0.936
coarse f1: 0.439
['rnd', 103, 'fold', 9, 'pr', 0.87582726024410829, 'roc', 0.85218862629653058]
[[1897   16]
 [  67   28]]
fine acc: 0.959
fine f1: 0.403
['rnd', 103, 'fold', 9, 'pr', 0.86005758071822858, 'roc', 0.83374693922469501]
9,103,coarse : 111.74 seconds
9,103,fine : 111.75 seconds
[[1832   81]
 [  44   51]]
coarse acc: 0.938
coarse f1: 0.449
['rnd', 104, 'fold', 9, 'pr', 0.87976802320523695, 'roc', 0.85571023743362562]
[[1896   17]
 [  66   29]]
fine acc: 0.959
fine f1: 0.411
['rnd', 104, 'fold', 9, 'pr', 0.8581638200167564, 'roc', 0.83165048009464304]
9,104,coarse : 108.29 seconds
9,104,fine : 108.3 seconds
[[1827   86]
 [  44   51]]
coarse acc: 0.935
coarse f1: 0.440
['rnd', 105, 'fold', 9, 'pr', 0.87423437020032257, 'roc', 0.84804523069304172]
[[1896   17]
 [  67   28]]
fine acc: 0.958
fine f1: 0.400
['rnd', 105, 'fold', 9, 'pr', 0.86358089117394565, 'roc', 0.84157977274603091]
9,105,coarse : 110.96 seconds
9,105,fine : 110.97 seconds
[[1827   86]
 [  43   52]]
coarse acc: 0.936
coarse f1: 0.446
['rnd', 106, 'fold', 9, 'pr', 0.87547737918500645, 'roc', 0.84897240487523018]
[[1897   16]
 [  66   29]]
fine acc: 0.959
fine f1: 0.414
['rnd', 106, 'fold', 9, 'pr', 0.86491919985262466, 'roc', 0.84167056428315934]
9,106,coarse : 114.28 seconds
9,106,fine : 114.3 seconds
[[1830   83]
 [  42   53]]
coarse acc: 0.938
coarse f1: 0.459
['rnd', 107, 'fold', 9, 'pr', 0.87611128050985376, 'roc', 0.85019946625581166]
[[1896   17]
 [  65   30]]
fine acc: 0.959
fine f1: 0.423
['rnd', 107, 'fold', 9, 'pr', 0.86466432071155253, 'roc', 0.84119184526921043]
9,107,coarse : 111.55 seconds
9,107,fine : 111.56 seconds
[[1831   82]
 [  42   53]]
coarse acc: 0.938
coarse f1: 0.461
['rnd', 108, 'fold', 9, 'pr', 0.87655323000571095, 'roc', 0.85114314799020541]
[[1895   18]
 [  66   29]]
fine acc: 0.958
fine f1: 0.408
['rnd', 108, 'fold', 9, 'pr', 0.86384522255437091, 'roc', 0.83895782320411549]
9,108,coarse : 117.69 seconds
9,108,fine : 117.7 seconds
[[1831   82]
 [  43   52]]
coarse acc: 0.938
coarse f1: 0.454
['rnd', 109, 'fold', 9, 'pr', 0.87898604503528932, 'roc', 0.85290395355875293]
[[1894   19]
 [  65   30]]
fine acc: 0.958
fine f1: 0.417
['rnd', 109, 'fold', 9, 'pr', 0.86590909740781052, 'roc', 0.84225383112774077]
9,109,coarse : 119.34 seconds
9,109,fine : 119.35 seconds
[[1835   78]
 [  44   51]]
coarse acc: 0.939
coarse f1: 0.455
['rnd', 110, 'fold', 9, 'pr', 0.87669391474898617, 'roc', 0.8496272044460339]
[[1893   20]
 [  63   32]]
fine acc: 0.959
fine f1: 0.435
['rnd', 110, 'fold', 9, 'pr', 0.86539311982701927, 'roc', 0.83975843948606466]
9,110,coarse : 118.48 seconds
9,110,fine : 118.49 seconds
[[1838   75]
 [  44   51]]
coarse acc: 0.941
coarse f1: 0.462
['rnd', 111, 'fold', 9, 'pr', 0.87692749106285151, 'roc', 0.85022147632541878]
[[1892   21]
 [  63   32]]
fine acc: 0.958
fine f1: 0.432
['rnd', 111, 'fold', 9, 'pr', 0.86460157454807141, 'roc', 0.83818471950917517]
9,111,coarse : 125.22 seconds
9,111,fine : 125.23 seconds
[[1837   76]
 [  43   52]]
coarse acc: 0.941
coarse f1: 0.466
['rnd', 112, 'fold', 9, 'pr', 0.87675712291990482, 'roc', 0.8492750433323244]
[[1892   21]
 [  64   31]]
fine acc: 0.958
fine f1: 0.422
['rnd', 112, 'fold', 9, 'pr', 0.86331076539949314, 'roc', 0.83600297135939661]
9,112,coarse : 121.44 seconds
9,112,fine : 121.45 seconds
[[1833   80]
 [  43   52]]
coarse acc: 0.939
coarse f1: 0.458
['rnd', 113, 'fold', 9, 'pr', 0.87575857859751038, 'roc', 0.84743995377885373]
[[1890   23]
 [  64   31]]
fine acc: 0.957
fine f1: 0.416
['rnd', 113, 'fold', 9, 'pr', 0.86318312278263032, 'roc', 0.83614328555314044]
9,113,coarse : 124.47 seconds
9,113,fine : 124.48 seconds
[[1835   78]
 [  44   51]]
coarse acc: 0.939
coarse f1: 0.455
['rnd', 114, 'fold', 9, 'pr', 0.87565390870550486, 'roc', 0.8489861611687346]
[[1887   26]
 [  66   29]]
fine acc: 0.954
fine f1: 0.387
['rnd', 114, 'fold', 9, 'pr', 0.86237606010739398, 'roc', 0.83708696728753362]
9,114,coarse : 128.73 seconds
9,114,fine : 128.74 seconds
[[1833   80]
 [  43   52]]
coarse acc: 0.939
coarse f1: 0.458
['rnd', 115, 'fold', 9, 'pr', 0.87549045149356375, 'roc', 0.84726387322199881]
[[1888   25]
 [  66   29]]
fine acc: 0.955
fine f1: 0.389
['rnd', 115, 'fold', 9, 'pr', 0.86618815170747421, 'roc', 0.84177511211379186]
9,115,coarse : 126.81 seconds
9,115,fine : 126.82 seconds
[[1841   72]
 [  43   52]]
coarse acc: 0.943
coarse f1: 0.475
['rnd', 116, 'fold', 9, 'pr', 0.88342073609286043, 'roc', 0.85795526453352389]
[[1890   23]
 [  65   30]]
fine acc: 0.956
fine f1: 0.405
['rnd', 116, 'fold', 9, 'pr', 0.8668074532484612, 'roc', 0.84035271136544953]
9,116,coarse : 129.7 seconds
9,116,fine : 129.71 seconds
[[1841   72]
 [  42   53]]
coarse acc: 0.943
coarse f1: 0.482
['rnd', 117, 'fold', 9, 'pr', 0.8835786628696336, 'roc', 0.85844223732357527]
[[1890   23]
 [  64   31]]
fine acc: 0.957
fine f1: 0.416
['rnd', 117, 'fold', 9, 'pr', 0.86678806425013799, 'roc', 0.83979145459047488]
9,117,coarse : 133.05 seconds
9,117,fine : 133.06 seconds
[[1839   74]
 [  42   53]]
coarse acc: 0.942
coarse f1: 0.477
['rnd', 118, 'fold', 9, 'pr', 0.88250817882356436, 'roc', 0.85697581643601939]
[[1889   24]
 [  63   32]]
fine acc: 0.957
fine f1: 0.424
['rnd', 118, 'fold', 9, 'pr', 0.86570183986897131, 'roc', 0.83512531983382354]
9,118,coarse : 131.81 seconds
9,118,fine : 131.82 seconds
[[1836   77]
 [  45   50]]
coarse acc: 0.939
coarse f1: 0.450
['rnd', 119, 'fold', 9, 'pr', 0.88361650892658028, 'roc', 0.85933914766005437]
[[1889   24]
 [  63   32]]
fine acc: 0.957
fine f1: 0.424
['rnd', 119, 'fold', 9, 'pr', 0.86342485508229105, 'roc', 0.83480067130712288]
9,119,coarse : 135.63 seconds
9,119,fine : 135.64 seconds
[[1837   76]
 [  44   51]]
coarse acc: 0.940
coarse f1: 0.459
['rnd', 120, 'fold', 9, 'pr', 0.88213264504588096, 'roc', 0.85677772580955758]
[[1891   22]
 [  61   34]]
fine acc: 0.959
fine f1: 0.450
['rnd', 120, 'fold', 9, 'pr', 0.85865354787059689, 'roc', 0.82511899193881166]
9,120,coarse : 139.18 seconds
9,120,fine : 139.2 seconds
[[1838   75]
 [  43   52]]
coarse acc: 0.941
coarse f1: 0.468
['rnd', 121, 'fold', 9, 'pr', 0.88360170498823887, 'roc', 0.85753707321099382]
[[1890   23]
 [  62   33]]
fine acc: 0.958
fine f1: 0.437
['rnd', 121, 'fold', 9, 'pr', 0.85808033619683899, 'roc', 0.82463477040746103]
9,121,coarse : 138.99 seconds
9,121,fine : 139.0 seconds
[[1837   76]
 [  43   52]]
coarse acc: 0.941
coarse f1: 0.466
['rnd', 122, 'fold', 9, 'pr', 0.88374931580972715, 'roc', 0.85761135719591686]
[[1889   24]
 [  62   33]]
fine acc: 0.957
fine f1: 0.434
['rnd', 122, 'fold', 9, 'pr', 0.85764079990325226, 'roc', 0.82383690538421295]
9,122,coarse : 140.43 seconds
9,122,fine : 140.44 seconds
[[1837   76]
 [  44   51]]
coarse acc: 0.940
coarse f1: 0.459
['rnd', 123, 'fold', 9, 'pr', 0.88399450941286939, 'roc', 0.85829917187113081]
[[1889   24]
 [  62   33]]
fine acc: 0.957
fine f1: 0.434
['rnd', 123, 'fold', 9, 'pr', 0.85848086547759361, 'roc', 0.82513274823231597]
9,123,coarse : 144.14 seconds
9,123,fine : 144.15 seconds
[[1836   77]
 [  44   51]]
coarse acc: 0.940
coarse f1: 0.457
['rnd', 124, 'fold', 9, 'pr', 0.88291634282454678, 'roc', 0.85698407021212186]
[[1888   25]
 [  63   32]]
fine acc: 0.956
fine f1: 0.421
['rnd', 124, 'fold', 9, 'pr', 0.86256931430508055, 'roc', 0.83153217597050622]
9,124,coarse : 144.27 seconds
9,124,fine : 144.29 seconds
[[1836   77]
 [  46   49]]
coarse acc: 0.939
coarse f1: 0.443
['rnd', 125, 'fold', 9, 'pr', 0.88351567948316534, 'roc', 0.85812034005557525]
[[1887   26]
 [  64   31]]
fine acc: 0.955
fine f1: 0.408
['rnd', 125, 'fold', 9, 'pr', 0.86298977490881024, 'roc', 0.83110022835447206]
9,125,coarse : 145.03 seconds
9,125,fine : 145.05 seconds
[[1840   73]
 [  47   48]]
coarse acc: 0.940
coarse f1: 0.444
['rnd', 126, 'fold', 9, 'pr', 0.88477677592059611, 'roc', 0.85949872066470401]
[[1889   24]
 [  63   32]]
fine acc: 0.957
fine f1: 0.424
['rnd', 126, 'fold', 9, 'pr', 0.86319743905303614, 'roc', 0.83092139653891628]
9,126,coarse : 148.1 seconds
9,126,fine : 148.11 seconds
[[1841   72]
 [  46   49]]
coarse acc: 0.941
coarse f1: 0.454
['rnd', 127, 'fold', 9, 'pr', 0.88426071744954193, 'roc', 0.85956475087352446]
[[1886   27]
 [  62   33]]
fine acc: 0.956
fine f1: 0.426
['rnd', 127, 'fold', 9, 'pr', 0.86469996392303705, 'roc', 0.83289404902742981]
9,127,coarse : 150.96 seconds
9,127,fine : 150.97 seconds
[[1840   73]
 [  45   50]]
coarse acc: 0.941
coarse f1: 0.459
['rnd', 128, 'fold', 9, 'pr', 0.88484407802888676, 'roc', 0.86079456351280703]
[[1888   25]
 [  61   34]]
fine acc: 0.957
fine f1: 0.442
['rnd', 128, 'fold', 9, 'pr', 0.86331797775010322, 'roc', 0.83056373290780505]
9,128,coarse : 150.97 seconds
9,128,fine : 150.99 seconds
[[1840   73]
 [  45   50]]
coarse acc: 0.941
coarse f1: 0.459
['rnd', 129, 'fold', 9, 'pr', 0.88456599746840714, 'roc', 0.86015076897680665]
[[1887   26]
 [  62   33]]
fine acc: 0.956
fine f1: 0.429
['rnd', 129, 'fold', 9, 'pr', 0.8642553616608295, 'roc', 0.83324896139984017]
9,129,coarse : 151.98 seconds
9,129,fine : 151.99 seconds
[[1840   73]
 [  45   50]]
coarse acc: 0.941
coarse f1: 0.459
['rnd', 130, 'fold', 9, 'pr', 0.88518130804089223, 'roc', 0.86113847085041395]
[[1886   27]
 [  62   33]]
fine acc: 0.956
fine f1: 0.426
['rnd', 130, 'fold', 9, 'pr', 0.86352000625277503, 'roc', 0.83346355957850693]
9,130,coarse : 156.67 seconds
9,130,fine : 156.69 seconds
[[1841   72]
 [  45   50]]
coarse acc: 0.942
coarse f1: 0.461
['rnd', 131, 'fold', 9, 'pr', 0.88563421613733873, 'roc', 0.86112746581561039]
[[1886   27]
 [  63   32]]
fine acc: 0.955
fine f1: 0.416
['rnd', 131, 'fold', 9, 'pr', 0.86317882247497169, 'roc', 0.83327372272814781]
9,131,coarse : 159.43 seconds
9,131,fine : 159.45 seconds
[[1837   76]
 [  45   50]]
coarse acc: 0.940
coarse f1: 0.452
['rnd', 132, 'fold', 9, 'pr', 0.88289912126802739, 'roc', 0.85810383250336997]
[[1885   28]
 [  62   33]]
fine acc: 0.955
fine f1: 0.423
['rnd', 132, 'fold', 9, 'pr', 0.8629493637209299, 'roc', 0.83305087077337858]
9,132,coarse : 160.69 seconds
9,132,fine : 160.7 seconds
[[1834   79]
 [  45   50]]
coarse acc: 0.938
coarse f1: 0.446
['rnd', 133, 'fold', 9, 'pr', 0.88228682122849578, 'roc', 0.85838721214955827]
[[1887   26]
 [  60   35]]
fine acc: 0.957
fine f1: 0.449
['rnd', 133, 'fold', 9, 'pr', 0.86958367672428105, 'roc', 0.84083418163809909]
9,133,coarse : 161.39 seconds
9,133,fine : 161.4 seconds
[[1833   80]
 [  44   51]]
coarse acc: 0.938
coarse f1: 0.451
['rnd', 134, 'fold', 9, 'pr', 0.88301508978846643, 'roc', 0.8590337579442594]
[[1886   27]
 [  60   35]]
fine acc: 0.957
fine f1: 0.446
['rnd', 134, 'fold', 9, 'pr', 0.87041765050437292, 'roc', 0.8408919580708174]
9,134,coarse : 166.15 seconds
9,134,fine : 166.16 seconds
[[1832   81]
 [  47   48]]
coarse acc: 0.936
coarse f1: 0.429
['rnd', 135, 'fold', 9, 'pr', 0.88281091195513728, 'roc', 0.85854128263680618]
[[1889   24]
 [  59   36]]
fine acc: 0.959
fine f1: 0.465
['rnd', 135, 'fold', 9, 'pr', 0.87004064362529032, 'roc', 0.83850936803587617]
9,135,coarse : 165.5 seconds
9,135,fine : 165.52 seconds
[[1835   78]
 [  45   50]]
coarse acc: 0.939
coarse f1: 0.448
['rnd', 136, 'fold', 9, 'pr', 0.88237480012687397, 'roc', 0.85835144578644706]
[[1890   23]
 [  60   35]]
fine acc: 0.959
fine f1: 0.458
['rnd', 136, 'fold', 9, 'pr', 0.87187215666454165, 'roc', 0.84080391779238983]
9,136,coarse : 168.99 seconds
9,136,fine : 169.0 seconds
[[1835   78]
 [  45   50]]
coarse acc: 0.939
coarse f1: 0.448
['rnd', 137, 'fold', 9, 'pr', 0.88163086763401777, 'roc', 0.85794425949872055]
[[1890   23]
 [  59   36]]
fine acc: 0.959
fine f1: 0.468
['rnd', 137, 'fold', 9, 'pr', 0.87359530993022261, 'roc', 0.84361845544336511]
9,137,coarse : 170.37 seconds
9,137,fine : 170.38 seconds
[[1837   76]
 [  45   50]]
coarse acc: 0.940
coarse f1: 0.452
['rnd', 138, 'fold', 9, 'pr', 0.88198896928094206, 'roc', 0.85803505103584865]
[[1889   24]
 [  59   36]]
fine acc: 0.959
fine f1: 0.465
['rnd', 138, 'fold', 9, 'pr', 0.87433910050240449, 'roc', 0.84522519052466483]
9,138,coarse : 170.41 seconds
9,138,fine : 170.42 seconds
[[1830   83]
 [  46   49]]
coarse acc: 0.936
coarse f1: 0.432
['rnd', 139, 'fold', 9, 'pr', 0.8805510712141893, 'roc', 0.85701983657523284]
[[1887   26]
 [  58   37]]
fine acc: 0.958
fine f1: 0.468
['rnd', 139, 'fold', 9, 'pr', 0.87566943710411849, 'roc', 0.84693922469529781]
9,139,coarse : 175.28 seconds
9,139,fine : 175.3 seconds
[[1830   83]
 [  45   50]]
coarse acc: 0.936
coarse f1: 0.439
['rnd', 140, 'fold', 9, 'pr', 0.88086801162905926, 'roc', 0.85810108124466933]
[[1885   28]
 [  56   39]]
fine acc: 0.958
fine f1: 0.481
['rnd', 140, 'fold', 9, 'pr', 0.86960838667818097, 'roc', 0.83696591190469605]
9,140,coarse : 176.97 seconds
9,140,fine : 176.98 seconds
[[1832   81]
 [  44   51]]
coarse acc: 0.938
coarse f1: 0.449
['rnd', 141, 'fold', 9, 'pr', 0.88322326838039178, 'roc', 0.86020029163342215]
[[1888   25]
 [  56   39]]
fine acc: 0.960
fine f1: 0.491
['rnd', 141, 'fold', 9, 'pr', 0.87629866908511422, 'roc', 0.84547555506644256]
9,141,coarse : 176.83 seconds
9,141,fine : 176.85 seconds
[[1832   81]
 [  44   51]]
coarse acc: 0.938
coarse f1: 0.449
['rnd', 142, 'fold', 9, 'pr', 0.88257107731504836, 'roc', 0.85970506506726807]
[[1890   23]
 [  56   39]]
fine acc: 0.961
fine f1: 0.497
['rnd', 142, 'fold', 9, 'pr', 0.87597554937126132, 'roc', 0.84496106968938267]
9,142,coarse : 183.21 seconds
9,142,fine : 183.22 seconds
[[1835   78]
 [  44   51]]
coarse acc: 0.939
coarse f1: 0.455
['rnd', 143, 'fold', 9, 'pr', 0.88261952552708234, 'roc', 0.85911354444658417]
[[1890   23]
 [  55   40]]
fine acc: 0.961
fine f1: 0.506
['rnd', 143, 'fold', 9, 'pr', 0.87599903446408711, 'roc', 0.84549206261864784]
9,143,coarse : 181.6 seconds
9,143,fine : 181.61 seconds
[[1833   80]
 [  44   51]]
coarse acc: 0.938
coarse f1: 0.451
['rnd', 144, 'fold', 9, 'pr', 0.8820030390857303, 'roc', 0.85861281536302836]
[[1890   23]
 [  55   40]]
fine acc: 0.961
fine f1: 0.506
['rnd', 144, 'fold', 9, 'pr', 0.87612208720313967, 'roc', 0.84559661044928025]
9,144,coarse : 185.54 seconds
9,144,fine : 185.55 seconds
[[1835   78]
 [  44   51]]
coarse acc: 0.939
coarse f1: 0.455
['rnd', 145, 'fold', 9, 'pr', 0.88303379972987761, 'roc', 0.85972157261947335]
[[1888   25]
 [  55   40]]
fine acc: 0.960
fine f1: 0.500
['rnd', 145, 'fold', 9, 'pr', 0.87482259827394393, 'roc', 0.84267752496767245]
9,145,coarse : 188.22 seconds
9,145,fine : 188.24 seconds
[[1830   83]
 [  44   51]]
coarse acc: 0.937
coarse f1: 0.445
['rnd', 146, 'fold', 9, 'pr', 0.88225685316962554, 'roc', 0.85888518997441332]
[[1889   24]
 [  55   40]]
fine acc: 0.961
fine f1: 0.503
['rnd', 146, 'fold', 9, 'pr', 0.87635171721604355, 'roc', 0.84577544226483603]
9,146,coarse : 188.92 seconds
9,146,fine : 188.93 seconds
[[1829   84]
 [  46   49]]
coarse acc: 0.935
coarse f1: 0.430
['rnd', 147, 'fold', 9, 'pr', 0.88219024747289077, 'roc', 0.8586018103282248]
[[1889   24]
 [  55   40]]
fine acc: 0.961
fine f1: 0.503
['rnd', 147, 'fold', 9, 'pr', 0.87787985076784747, 'roc', 0.84732164965471668]
9,147,coarse : 189.68 seconds
9,147,fine : 189.69 seconds
[[1832   81]
 [  46   49]]
coarse acc: 0.937
coarse f1: 0.436
['rnd', 148, 'fold', 9, 'pr', 0.88243163311981498, 'roc', 0.85853578011940457]
[[1887   26]
 [  54   41]]
fine acc: 0.960
fine f1: 0.506
['rnd', 148, 'fold', 9, 'pr', 0.87820360213461979, 'roc', 0.84714556909786209]
9,148,coarse : 191.11 seconds
9,148,fine : 191.12 seconds
[[1832   81]
 [  46   49]]
coarse acc: 0.937
coarse f1: 0.436
['rnd', 149, 'fold', 9, 'pr', 0.88134332979767305, 'roc', 0.85726469859960908]
[[1885   28]
 [  54   41]]
fine acc: 0.959
fine f1: 0.500
['rnd', 149, 'fold', 9, 'pr', 0.88029724173181156, 'roc', 0.85147880155170974]
9,149,coarse : 193.88 seconds
9,149,fine : 193.89 seconds
[[1834   79]
 [  46   49]]
coarse acc: 0.938
coarse f1: 0.439
['rnd', 150, 'fold', 9, 'pr', 0.88042490054786482, 'roc', 0.85439513577461668]
[[1886   27]
 [  54   41]]
fine acc: 0.960
fine f1: 0.503
['rnd', 150, 'fold', 9, 'pr', 0.87989028561625182, 'roc', 0.85101108757256427]
9,150,coarse : 200.69 seconds
9,150,fine : 200.7 seconds
[[1834   79]
 [  44   51]]
coarse acc: 0.939
coarse f1: 0.453
['rnd', 151, 'fold', 9, 'pr', 0.87967121335026321, 'roc', 0.85269760915618886]
[[1888   25]
 [  55   40]]
fine acc: 0.960
fine f1: 0.500
['rnd', 151, 'fold', 9, 'pr', 0.88016729692843665, 'roc', 0.85146779651690618]
9,151,coarse : 200.42 seconds
9,151,fine : 200.43 seconds
[[1831   82]
 [  45   50]]
coarse acc: 0.937
coarse f1: 0.441
['rnd', 152, 'fold', 9, 'pr', 0.87993104275474432, 'roc', 0.85368806228849692]
[[1888   25]
 [  56   39]]
fine acc: 0.960
fine f1: 0.491
['rnd', 152, 'fold', 9, 'pr', 0.88247368502123869, 'roc', 0.85489586485817248]
9,152,coarse : 201.55 seconds
9,152,fine : 201.56 seconds
[[1832   81]
 [  45   50]]
coarse acc: 0.937
coarse f1: 0.442
['rnd', 153, 'fold', 9, 'pr', 0.88033787110839001, 'roc', 0.85434561311800128]
[[1885   28]
 [  56   39]]
fine acc: 0.958
fine f1: 0.481
['rnd', 153, 'fold', 9, 'pr', 0.88154588903493669, 'roc', 0.85419429388945423]
9,153,coarse : 205.89 seconds
9,153,fine : 205.91 seconds
[[1831   82]
 [  45   50]]
coarse acc: 0.937
coarse f1: 0.441
['rnd', 154, 'fold', 9, 'pr', 0.88030482356656803, 'roc', 0.85426032409827468]
[[1887   26]
 [  56   39]]
fine acc: 0.959
fine f1: 0.487
['rnd', 154, 'fold', 9, 'pr', 0.88063378902427991, 'roc', 0.85307453159820601]
9,154,coarse : 205.92 seconds
9,154,fine : 205.93 seconds
[[1832   81]
 [  46   49]]
coarse acc: 0.937
coarse f1: 0.436
['rnd', 155, 'fold', 9, 'pr', 0.88038643795895144, 'roc', 0.85470602800781348]
[[1888   25]
 [  56   39]]
fine acc: 0.960
fine f1: 0.491
['rnd', 155, 'fold', 9, 'pr', 0.88100273781093552, 'roc', 0.8532368558615564]
9,155,coarse : 210.21 seconds
9,155,fine : 210.23 seconds
[[1833   80]
 [  46   49]]
coarse acc: 0.937
coarse f1: 0.438
['rnd', 156, 'fold', 9, 'pr', 0.88020510770220106, 'roc', 0.85487660604726634]
[[1887   26]
 [  57   38]]
fine acc: 0.959
fine f1: 0.478
['rnd', 156, 'fold', 9, 'pr', 0.88000516310664634, 'roc', 0.85219412881393219]
9,156,coarse : 211.67 seconds
9,156,fine : 211.69 seconds
[[1836   77]
 [  44   51]]
coarse acc: 0.940
coarse f1: 0.457
['rnd', 157, 'fold', 9, 'pr', 0.88059504923340182, 'roc', 0.85476655569923232]
[[1880   33]
 [  54   41]]
fine acc: 0.957
fine f1: 0.485
['rnd', 157, 'fold', 9, 'pr', 0.87432507799889669, 'roc', 0.84583872121495574]
9,157,coarse : 214.66 seconds
9,157,fine : 214.68 seconds
[[1831   82]
 [  45   50]]
coarse acc: 0.937
coarse f1: 0.441
['rnd', 158, 'fold', 9, 'pr', 0.87936524863632415, 'roc', 0.85176768371529965]
[[1880   33]
 [  53   42]]
fine acc: 0.957
fine f1: 0.494
['rnd', 158, 'fold', 9, 'pr', 0.8743648873113099, 'roc', 0.84561862051888703]
9,158,coarse : 215.86 seconds
9,158,fine : 215.87 seconds
[[1833   80]
 [  47   48]]
coarse acc: 0.937
coarse f1: 0.430
['rnd', 159, 'fold', 9, 'pr', 0.87933656349844724, 'roc', 0.85201529699837664]
[[1889   24]
 [  56   39]]
fine acc: 0.960
fine f1: 0.494
['rnd', 159, 'fold', 9, 'pr', 0.88147615148799707, 'roc', 0.85399070074559091]
9,159,coarse : 218.85 seconds
9,159,fine : 218.87 seconds
[[1836   77]
 [  46   49]]
coarse acc: 0.939
coarse f1: 0.443
['rnd', 160, 'fold', 9, 'pr', 0.88077535856373568, 'roc', 0.85369356480589853]
[[1889   24]
 [  56   39]]
fine acc: 0.960
fine f1: 0.494
['rnd', 160, 'fold', 9, 'pr', 0.88214498569312028, 'roc', 0.85514072688254861]
9,160,coarse : 221.36 seconds
9,160,fine : 221.37 seconds
[[1836   77]
 [  46   49]]
coarse acc: 0.939
coarse f1: 0.443
['rnd', 161, 'fold', 9, 'pr', 0.88044531483590949, 'roc', 0.8531955869810437]
[[1882   31]
 [  56   39]]
fine acc: 0.957
fine f1: 0.473
['rnd', 161, 'fold', 9, 'pr', 0.87724615226491709, 'roc', 0.84920626186480286]
9,161,coarse : 225.97 seconds
9,161,fine : 225.98 seconds
[[1832   81]
 [  46   49]]
coarse acc: 0.937
coarse f1: 0.436
['rnd', 162, 'fold', 9, 'pr', 0.87987960898514095, 'roc', 0.85285993341953925]
[[1882   31]
 [  55   40]]
fine acc: 0.957
fine f1: 0.482
['rnd', 162, 'fold', 9, 'pr', 0.87687865936919496, 'roc', 0.84914298291468326]
9,162,coarse : 229.99 seconds
9,162,fine : 230.01 seconds
[[1831   82]
 [  46   49]]
coarse acc: 0.936
coarse f1: 0.434
['rnd', 163, 'fold', 9, 'pr', 0.87908752833622894, 'roc', 0.85088728093102572]
[[1880   33]
 [  55   40]]
fine acc: 0.956
fine f1: 0.476
['rnd', 163, 'fold', 9, 'pr', 0.87571954952638209, 'roc', 0.84844141194596501]
9,163,coarse : 232.1 seconds
9,163,fine : 232.11 seconds
[[1826   87]
 [  45   50]]
coarse acc: 0.934
coarse f1: 0.431
['rnd', 164, 'fold', 9, 'pr', 0.88027710923116165, 'roc', 0.85438688199851409]
[[1879   34]
 [  54   41]]
fine acc: 0.956
fine f1: 0.482
['rnd', 164, 'fold', 9, 'pr', 0.87547351374722093, 'roc', 0.84630918645280184]
9,164,coarse : 234.59 seconds
9,164,fine : 234.6 seconds
[[1825   88]
 [  43   52]]
coarse acc: 0.935
coarse f1: 0.443
['rnd', 165, 'fold', 9, 'pr', 0.88194903122813773, 'roc', 0.85563320219000183]
[[1880   33]
 [  53   42]]
fine acc: 0.957
fine f1: 0.494
['rnd', 165, 'fold', 9, 'pr', 0.8756985069394303, 'roc', 0.84641373428343447]
9,165,coarse : 237.26 seconds
9,165,fine : 237.28 seconds
[[1826   87]
 [  44   51]]
coarse acc: 0.935
coarse f1: 0.438
['rnd', 166, 'fold', 9, 'pr', 0.88192747111743663, 'roc', 0.85452169367485609]
[[1881   32]
 [  55   40]]
fine acc: 0.957
fine f1: 0.479
['rnd', 166, 'fold', 9, 'pr', 0.87568109828319052, 'roc', 0.84708504140644325]
9,166,coarse : 240.05 seconds
9,166,fine : 240.07 seconds
[[1826   87]
 [  43   52]]
coarse acc: 0.935
coarse f1: 0.444
['rnd', 167, 'fold', 9, 'pr', 0.8818785363437559, 'roc', 0.85519024953916389]
[[1882   31]
 [  53   42]]
fine acc: 0.958
fine f1: 0.500
['rnd', 167, 'fold', 9, 'pr', 0.87587877004868486, 'roc', 0.84653478966627205]
9,167,coarse : 243.22 seconds
9,167,fine : 243.23 seconds
[[1826   87]
 [  43   52]]
coarse acc: 0.935
coarse f1: 0.444
['rnd', 168, 'fold', 9, 'pr', 0.88174534696469953, 'roc', 0.85429058794398416]
[[1882   31]
 [  54   41]]
fine acc: 0.958
fine f1: 0.491
['rnd', 168, 'fold', 9, 'pr', 0.87482830142078338, 'roc', 0.84543153492722889]
9,168,coarse : 243.89 seconds
9,168,fine : 243.91 seconds
[[1827   86]
 [  43   52]]
coarse acc: 0.936
coarse f1: 0.446
['rnd', 169, 'fold', 9, 'pr', 0.88167013573648223, 'roc', 0.8542108014416594]
[[1883   30]
 [  57   38]]
fine acc: 0.957
fine f1: 0.466
['rnd', 169, 'fold', 9, 'pr', 0.88089173204953064, 'roc', 0.85203455580928256]
9,169,coarse : 248.05 seconds
9,169,fine : 248.06 seconds
[[1830   83]
 [  43   52]]
coarse acc: 0.937
coarse f1: 0.452
['rnd', 170, 'fold', 9, 'pr', 0.88245013010174511, 'roc', 0.85478306325143727]
[[1881   32]
 [  55   40]]
fine acc: 0.957
fine f1: 0.479
['rnd', 170, 'fold', 9, 'pr', 0.8764467675704275, 'roc', 0.84730514210251184]
9,170,coarse : 250.66 seconds
9,170,fine : 250.68 seconds
[[1829   84]
 [  42   53]]
coarse acc: 0.937
coarse f1: 0.457
['rnd', 171, 'fold', 9, 'pr', 0.88306319094711583, 'roc', 0.85567447107051453]
[[1883   30]
 [  54   41]]
fine acc: 0.958
fine f1: 0.494
['rnd', 171, 'fold', 9, 'pr', 0.87669732462245165, 'roc', 0.84890912592511047]
9,171,coarse : 245.57 seconds
9,171,fine : 245.59 seconds
[[1829   84]
 [  43   52]]
coarse acc: 0.937
coarse f1: 0.450
['rnd', 172, 'fold', 9, 'pr', 0.88304378634349923, 'roc', 0.85525903100668543]
[[1883   30]
 [  54   41]]
fine acc: 0.958
fine f1: 0.494
['rnd', 172, 'fold', 9, 'pr', 0.87674131615736717, 'roc', 0.84856521858750356]
9,172,coarse : 232.81 seconds
9,172,fine : 232.82 seconds
