home
all           0      1    2    3    4    5    6    7    8    
1      2010   1914   1    19   32   19   1    11   6    7    
2      2010   1914   1    19   32   19   1    11   6    7    
3      2010   1914   1    19   32   19   1    11   5    8    
4      2010   1914   1    19   32   19   1    10   6    8    
5      2010   1914   1    18   33   19   1    10   6    8    
6      2010   1914   1    18   33   19   1    10   6    8    
7      2010   1913   2    18   33   19   1    10   6    8    
8      2010   1913   2    18   33   19   1    10   6    8    
9      2009   1913   2    18   32   19   2    10   6    7    
10     2009   1913   1    19   32   19   1    11   6    7    
Total  20098  19136  13   185  324  190  11   104  59   76   
train         0      1    2    3    4    5    6    7    8    
1      2010   1914   1    19   32   19   1    11   6    7    
2      2010   1914   1    19   32   19   1    11   6    7    
3      2010   1914   1    19   32   19   1    11   5    8    
5      2010   1914   1    18   33   19   1    10   6    8    
6      2010   1914   1    18   33   19   1    10   6    8    
7      2010   1913   2    18   33   19   1    10   6    8    
8      2010   1913   2    18   33   19   1    10   6    8    
9      2009   1913   2    18   32   19   2    10   6    7    
10     2009   1913   1    19   32   19   1    11   6    7    
Total  18088  17222  12   166  292  171  10   94   53   68   
test          0      1    2    3    4    5    6    7    8    
4      2010   1914   1    19   32   19   1    10   6    8    
Total  2010   1914   1    19   32   19   1    10   6    8    
Classes             
0         17222     
1         12        
2         166       
3         292       
4         171       
5         10        
6         94        
7         53        
8         68        
Total     18088     

Shape: 450       

[952, 10, 11, 16, 11, 10, 10, 10, 10]
Sum start => 1040
[[1833   81]
 [  63   33]]
coarse acc: 0.928
coarse f1: 0.314
['rnd', 1, 'fold', 4, 'pr', 0.79813996398384557, 'roc', 0.78111938349007326]
[[1913    1]
 [  96    0]]
fine acc: 0.952
fine f1: 0.000
['rnd', 1, 'fold', 4, 'pr', 0.76275045930586538, 'roc', 0.76766588296760707]
4,1,coarse : 29.98 seconds
4,1,fine : 29.98 seconds
[[1833   81]
 [  63   33]]
coarse acc: 0.928
coarse f1: 0.314
['rnd', 2, 'fold', 4, 'pr', 0.79813996398384557, 'roc', 0.78111938349007326]
[[1913    1]
 [  96    0]]
fine acc: 0.952
fine f1: 0.000
['rnd', 2, 'fold', 4, 'pr', 0.76275045930586538, 'roc', 0.76766588296760707]
4,2,coarse : 33.49 seconds
4,2,fine : 33.5 seconds
[[1846   68]
 [  65   31]]
coarse acc: 0.934
coarse f1: 0.318
['rnd', 3, 'fold', 4, 'pr', 0.8003237154587165, 'roc', 0.78669235458028552]
[[1913    1]
 [  94    2]]
fine acc: 0.953
fine f1: 0.040
['rnd', 3, 'fold', 4, 'pr', 0.76864825706130224, 'roc', 0.77590560780215956]
4,3,coarse : 5.96 seconds
4,3,fine : 5.97 seconds
[[1842   72]
 [  61   35]]
coarse acc: 0.934
coarse f1: 0.345
['rnd', 4, 'fold', 4, 'pr', 0.80286149786835503, 'roc', 0.7846405869035179]
[[1911    3]
 [  95    1]]
fine acc: 0.951
fine f1: 0.020
['rnd', 4, 'fold', 4, 'pr', 0.78261723026877383, 'roc', 0.7890706635318705]
4,4,coarse : 6.24 seconds
4,4,fine : 6.24 seconds
[[1846   68]
 [  60   36]]
coarse acc: 0.936
coarse f1: 0.360
['rnd', 5, 'fold', 4, 'pr', 0.81420264997605074, 'roc', 0.79415926506443746]
[[1909    5]
 [  93    3]]
fine acc: 0.951
fine f1: 0.058
['rnd', 5, 'fold', 4, 'pr', 0.78222846500042265, 'roc', 0.78293168756530818]
4,5,coarse : 6.49 seconds
4,5,fine : 6.5 seconds
[[1831   83]
 [  63   33]]
coarse acc: 0.927
coarse f1: 0.311
['rnd', 6, 'fold', 4, 'pr', 0.80944431596357991, 'roc', 0.78992511320097525]
[[1911    3]
 [  94    2]]
fine acc: 0.952
fine f1: 0.040
['rnd', 6, 'fold', 4, 'pr', 0.79227214531954304, 'roc', 0.78148402124695227]
4,6,coarse : 6.88 seconds
4,6,fine : 6.88 seconds
[[1842   72]
 [  61   35]]
coarse acc: 0.934
coarse f1: 0.345
['rnd', 7, 'fold', 4, 'pr', 0.81560212796013143, 'roc', 0.79481778996865204]
[[1911    3]
 [  91    5]]
fine acc: 0.953
fine f1: 0.096
['rnd', 7, 'fold', 4, 'pr', 0.81386641130401727, 'roc', 0.79782196969696972]
4,7,coarse : 7.41 seconds
4,7,fine : 7.41 seconds
[[1843   71]
 [  62   34]]
coarse acc: 0.934
coarse f1: 0.338
['rnd', 8, 'fold', 4, 'pr', 0.81741063566808225, 'roc', 0.79430620863810519]
[[1910    4]
 [  90    6]]
fine acc: 0.953
fine f1: 0.113
['rnd', 8, 'fold', 4, 'pr', 0.80660440332673566, 'roc', 0.79196599616858243]
4,8,coarse : 7.57 seconds
4,8,fine : 7.58 seconds
[[1839   75]
 [  62   34]]
coarse acc: 0.932
coarse f1: 0.332
['rnd', 9, 'fold', 4, 'pr', 0.80217830366873832, 'roc', 0.78237656739811912]
[[1910    4]
 [  92    4]]
fine acc: 0.952
fine f1: 0.077
['rnd', 9, 'fold', 4, 'pr', 0.80687171114565881, 'roc', 0.79020267328456983]
4,9,coarse : 8.13 seconds
4,9,fine : 8.13 seconds
[[1839   75]
 [  60   36]]
coarse acc: 0.933
coarse f1: 0.348
['rnd', 10, 'fold', 4, 'pr', 0.80703951780556937, 'roc', 0.78476576105886442]
[[1910    4]
 [  91    5]]
fine acc: 0.953
fine f1: 0.095
['rnd', 10, 'fold', 4, 'pr', 0.80036411448547984, 'roc', 0.78251806861720652]
4,10,coarse : 8.41 seconds
4,10,fine : 8.42 seconds
[[1836   78]
 [  63   33]]
coarse acc: 0.930
coarse f1: 0.319
['rnd', 11, 'fold', 4, 'pr', 0.79983001405179355, 'roc', 0.77710292580982232]
[[1911    3]
 [  91    5]]
fine acc: 0.953
fine f1: 0.096
['rnd', 11, 'fold', 4, 'pr', 0.80141573539793387, 'roc', 0.77895332636711945]
4,11,coarse : 8.74 seconds
4,11,fine : 8.74 seconds
[[1838   76]
 [  61   35]]
coarse acc: 0.932
coarse f1: 0.338
['rnd', 12, 'fold', 4, 'pr', 0.8009395834145645, 'roc', 0.77687434691745028]
[[1908    6]
 [  90    6]]
fine acc: 0.952
fine f1: 0.111
['rnd', 12, 'fold', 4, 'pr', 0.80706216741152959, 'roc', 0.78345959595959591]
4,12,coarse : 9.05 seconds
4,12,fine : 9.06 seconds
[[1843   71]
 [  62   34]]
coarse acc: 0.934
coarse f1: 0.338
['rnd', 13, 'fold', 4, 'pr', 0.80432470775361353, 'roc', 0.77988396900034829]
[[1910    4]
 [  91    5]]
fine acc: 0.953
fine f1: 0.095
['rnd', 13, 'fold', 4, 'pr', 0.80115615738718249, 'roc', 0.7822513932427726]
4,13,coarse : 9.53 seconds
4,13,fine : 9.53 seconds
[[1836   78]
 [  59   37]]
coarse acc: 0.932
coarse f1: 0.351
['rnd', 14, 'fold', 4, 'pr', 0.80677639608404816, 'roc', 0.78156021421107635]
[[1910    4]
 [  91    5]]
fine acc: 0.953
fine f1: 0.095
['rnd', 14, 'fold', 4, 'pr', 0.80414894558171957, 'roc', 0.78402015848136541]
4,14,coarse : 9.86 seconds
4,14,fine : 9.86 seconds
[[1844   70]
 [  58   38]]
coarse acc: 0.936
coarse f1: 0.373
['rnd', 15, 'fold', 4, 'pr', 0.81579696996961892, 'roc', 0.78429771856495989]
[[1910    4]
 [  89    7]]
fine acc: 0.954
fine f1: 0.131
['rnd', 15, 'fold', 4, 'pr', 0.80195425967486256, 'roc', 0.78785157610588652]
4,15,coarse : 10.55 seconds
4,15,fine : 10.56 seconds
[[1845   69]
 [  56   40]]
coarse acc: 0.938
coarse f1: 0.390
['rnd', 16, 'fold', 4, 'pr', 0.81515555322234778, 'roc', 0.78198471786833856]
[[1909    5]
 [  91    5]]
fine acc: 0.952
fine f1: 0.094
['rnd', 16, 'fold', 4, 'pr', 0.79960247582913258, 'roc', 0.78060235980494586]
4,16,coarse : 11.06 seconds
4,16,fine : 11.06 seconds
[[1846   68]
 [  57   39]]
coarse acc: 0.938
coarse f1: 0.384
['rnd', 17, 'fold', 4, 'pr', 0.81062829540852555, 'roc', 0.7816690613026821]
[[1907    7]
 [  90    6]]
fine acc: 0.952
fine f1: 0.110
['rnd', 17, 'fold', 4, 'pr', 0.80737063649280272, 'roc', 0.78312761233019856]
4,17,coarse : 11.7 seconds
4,17,fine : 11.71 seconds
[[1848   66]
 [  59   37]]
coarse acc: 0.938
coarse f1: 0.372
['rnd', 18, 'fold', 4, 'pr', 0.81605465367509666, 'roc', 0.78213710379658652]
[[1908    6]
 [  90    6]]
fine acc: 0.952
fine f1: 0.111
['rnd', 18, 'fold', 4, 'pr', 0.81602153755902995, 'roc', 0.79700561650992685]
4,18,coarse : 12.14 seconds
4,18,fine : 12.15 seconds
[[1847   67]
 [  59   37]]
coarse acc: 0.937
coarse f1: 0.370
['rnd', 19, 'fold', 4, 'pr', 0.822063204181257, 'roc', 0.7900557297109021]
[[1910    4]
 [  88    8]]
fine acc: 0.954
fine f1: 0.148
['rnd', 19, 'fold', 4, 'pr', 0.82361872194576635, 'roc', 0.80151732845698376]
4,19,coarse : 12.8 seconds
4,19,fine : 12.81 seconds
[[1850   64]
 [  58   38]]
coarse acc: 0.939
coarse f1: 0.384
['rnd', 20, 'fold', 4, 'pr', 0.82403557512378378, 'roc', 0.78970197666318342]
[[1909    5]
 [  88    8]]
fine acc: 0.954
fine f1: 0.147
['rnd', 20, 'fold', 4, 'pr', 0.8277499557845811, 'roc', 0.80390652211772906]
4,20,coarse : 13.23 seconds
4,20,fine : 13.24 seconds
[[1852   62]
 [  60   36]]
coarse acc: 0.939
coarse f1: 0.371
['rnd', 21, 'fold', 4, 'pr', 0.81989145661425678, 'roc', 0.78610458028561481]
[[1907    7]
 [  88    8]]
fine acc: 0.953
fine f1: 0.144
['rnd', 21, 'fold', 4, 'pr', 0.82176490214240749, 'roc', 0.79273336816440265]
4,21,coarse : 14.01 seconds
4,21,fine : 14.02 seconds
[[1852   62]
 [  58   38]]
coarse acc: 0.940
coarse f1: 0.388
['rnd', 22, 'fold', 4, 'pr', 0.82696151074230839, 'roc', 0.78899447056774641]
[[1908    6]
 [  88    8]]
fine acc: 0.953
fine f1: 0.145
['rnd', 22, 'fold', 4, 'pr', 0.81570951573781758, 'roc', 0.78769919017763845]
4,22,coarse : 14.75 seconds
4,22,fine : 14.75 seconds
[[1853   61]
 [  59   37]]
coarse acc: 0.940
coarse f1: 0.381
['rnd', 23, 'fold', 4, 'pr', 0.82752749393186098, 'roc', 0.79059996516893061]
[[1909    5]
 [  86   10]]
fine acc: 0.955
fine f1: 0.180
['rnd', 23, 'fold', 4, 'pr', 0.82198086798568959, 'roc', 0.79652124695228144]
4,23,coarse : 15.08 seconds
4,23,fine : 15.08 seconds
[[1856   58]
 [  57   39]]
coarse acc: 0.943
coarse f1: 0.404
['rnd', 24, 'fold', 4, 'pr', 0.82949821652660516, 'roc', 0.79146529954719613]
[[1909    5]
 [  86   10]]
fine acc: 0.955
fine f1: 0.180
['rnd', 24, 'fold', 4, 'pr', 0.82031714059128125, 'roc', 0.7956504702194358]
4,24,coarse : 15.62 seconds
4,24,fine : 15.63 seconds
[[1852   62]
 [  60   36]]
coarse acc: 0.939
coarse f1: 0.371
['rnd', 25, 'fold', 4, 'pr', 0.83075656377516016, 'roc', 0.79170476314872873]
[[1907    7]
 [  86   10]]
fine acc: 0.954
fine f1: 0.177
['rnd', 25, 'fold', 4, 'pr', 0.82294129164626417, 'roc', 0.79592803030303039]
4,25,coarse : 16.47 seconds
4,25,fine : 16.47 seconds
[[1857   57]
 [  61   35]]
coarse acc: 0.941
coarse f1: 0.372
['rnd', 26, 'fold', 4, 'pr', 0.83131809003612844, 'roc', 0.79147618425635657]
[[1907    7]
 [  87    9]]
fine acc: 0.953
fine f1: 0.161
['rnd', 26, 'fold', 4, 'pr', 0.82496156993238301, 'roc', 0.79943290665273425]
4,26,coarse : 17.03 seconds
4,26,fine : 17.04 seconds
[[1854   60]
 [  62   34]]
coarse acc: 0.939
coarse f1: 0.358
['rnd', 27, 'fold', 4, 'pr', 0.8331673365194413, 'roc', 0.79543277603622431]
[[1906    8]
 [  87    9]]
fine acc: 0.953
fine f1: 0.159
['rnd', 27, 'fold', 4, 'pr', 0.81940071571651241, 'roc', 0.79819204980842917]
4,27,coarse : 17.31 seconds
4,27,fine : 17.31 seconds
[[1857   57]
 [  62   34]]
coarse acc: 0.941
coarse f1: 0.364
['rnd', 28, 'fold', 4, 'pr', 0.83389182124527728, 'roc', 0.7967334987809126]
[[1902   12]
 [  87    9]]
fine acc: 0.951
fine f1: 0.154
['rnd', 28, 'fold', 4, 'pr', 0.82061645435761332, 'roc', 0.79743556252176939]
4,28,coarse : 18.11 seconds
4,28,fine : 18.12 seconds
[[1856   58]
 [  61   35]]
coarse acc: 0.941
coarse f1: 0.370
['rnd', 29, 'fold', 4, 'pr', 0.8322742336143234, 'roc', 0.79468173110414497]
[[1900   14]
 [  86   10]]
fine acc: 0.950
fine f1: 0.167
['rnd', 29, 'fold', 4, 'pr', 0.82565824657093367, 'roc', 0.80302486067572276]
4,29,coarse : 18.92 seconds
4,29,fine : 18.92 seconds
[[1856   58]
 [  61   35]]
coarse acc: 0.941
coarse f1: 0.370
['rnd', 30, 'fold', 4, 'pr', 0.83348251113063399, 'roc', 0.79612939742250077]
[[1902   12]
 [  85   11]]
fine acc: 0.952
fine f1: 0.185
['rnd', 30, 'fold', 4, 'pr', 0.82791672150361917, 'roc', 0.8067419888540579]
4,30,coarse : 19.71 seconds
4,30,fine : 19.71 seconds
[[1854   60]
 [  63   33]]
coarse acc: 0.939
coarse f1: 0.349
['rnd', 31, 'fold', 4, 'pr', 0.83116756564650485, 'roc', 0.79381095437129923]
[[1902   12]
 [  84   12]]
fine acc: 0.952
fine f1: 0.200
['rnd', 31, 'fold', 4, 'pr', 0.83396023959935017, 'roc', 0.80845088819226762]
4,31,coarse : 20.34 seconds
4,31,fine : 20.35 seconds
[[1857   57]
 [  63   33]]
coarse acc: 0.940
coarse f1: 0.355
['rnd', 32, 'fold', 4, 'pr', 0.83059794570350021, 'roc', 0.79355516370602586]
[[1900   14]
 [  80   16]]
fine acc: 0.953
fine f1: 0.254
['rnd', 32, 'fold', 4, 'pr', 0.83505361181307625, 'roc', 0.8053215343086032]
4,32,coarse : 21.13 seconds
4,32,fine : 21.13 seconds
[[1850   64]
 [  61   35]]
coarse acc: 0.938
coarse f1: 0.359
['rnd', 33, 'fold', 4, 'pr', 0.83324645649948359, 'roc', 0.79638518808777425]
[[1899   15]
 [  83   13]]
fine acc: 0.951
fine f1: 0.210
['rnd', 33, 'fold', 4, 'pr', 0.82418995863864797, 'roc', 0.79437151689306851]
4,33,coarse : 22.22 seconds
4,33,fine : 22.23 seconds
[[1848   66]
 [  60   36]]
coarse acc: 0.937
coarse f1: 0.364
['rnd', 34, 'fold', 4, 'pr', 0.82875978601066214, 'roc', 0.7913401253918495]
[[1900   14]
 [  84   12]]
fine acc: 0.951
fine f1: 0.197
['rnd', 34, 'fold', 4, 'pr', 0.82304692185232065, 'roc', 0.79293473528387315]
4,34,coarse : 22.89 seconds
4,34,fine : 22.89 seconds
[[1844   70]
 [  57   39]]
coarse acc: 0.937
coarse f1: 0.380
['rnd', 35, 'fold', 4, 'pr', 0.8302513237926914, 'roc', 0.79079588993382099]
[[1900   14]
 [  83   13]]
fine acc: 0.952
fine f1: 0.211
['rnd', 35, 'fold', 4, 'pr', 0.82614437539692331, 'roc', 0.79840430163706011]
4,35,coarse : 23.4 seconds
4,35,fine : 23.41 seconds
[[1847   67]
 [  57   39]]
coarse acc: 0.938
coarse f1: 0.386
['rnd', 36, 'fold', 4, 'pr', 0.83091762505874378, 'roc', 0.79082854406130265]
[[1899   15]
 [  85   11]]
fine acc: 0.950
fine f1: 0.180
['rnd', 36, 'fold', 4, 'pr', 0.8247351168642949, 'roc', 0.79883969000348309]
4,36,coarse : 24.17 seconds
4,36,fine : 24.18 seconds
[[1842   72]
 [  57   39]]
coarse acc: 0.936
coarse f1: 0.377
['rnd', 37, 'fold', 4, 'pr', 0.83406452592705715, 'roc', 0.79787095088819227]
[[1899   15]
 [  84   12]]
fine acc: 0.951
fine f1: 0.195
['rnd', 37, 'fold', 4, 'pr', 0.82770458955972703, 'roc', 0.80326432427725525]
4,37,coarse : 25.25 seconds
4,37,fine : 25.25 seconds
[[1843   71]
 [  57   39]]
coarse acc: 0.936
coarse f1: 0.379
['rnd', 38, 'fold', 4, 'pr', 0.83511622267570995, 'roc', 0.79858389933820972]
[[1899   15]
 [  80   16]]
fine acc: 0.953
fine f1: 0.252
['rnd', 38, 'fold', 4, 'pr', 0.82994548109720367, 'roc', 0.80372692441657945]
4,38,coarse : 25.75 seconds
4,38,fine : 25.76 seconds
[[1844   70]
 [  56   40]]
coarse acc: 0.937
coarse f1: 0.388
['rnd', 39, 'fold', 4, 'pr', 0.83604203250459441, 'roc', 0.79924786659700442]
[[1900   14]
 [  79   17]]
fine acc: 0.954
fine f1: 0.268
['rnd', 39, 'fold', 4, 'pr', 0.83469260084777241, 'roc', 0.81066592650644376]
4,39,coarse : 26.59 seconds
4,39,fine : 26.59 seconds
[[1847   67]
 [  55   41]]
coarse acc: 0.939
coarse f1: 0.402
['rnd', 40, 'fold', 4, 'pr', 0.83636808884658909, 'roc', 0.79881792058516188]
[[1897   17]
 [  77   19]]
fine acc: 0.953
fine f1: 0.288
['rnd', 40, 'fold', 4, 'pr', 0.83164687235509183, 'roc', 0.80827673284569845]
4,40,coarse : 27.55 seconds
4,40,fine : 27.56 seconds
[[1840   74]
 [  52   44]]
coarse acc: 0.937
coarse f1: 0.411
['rnd', 41, 'fold', 4, 'pr', 0.83823845749652759, 'roc', 0.80273097352838729]
[[1897   17]
 [  78   18]]
fine acc: 0.953
fine f1: 0.275
['rnd', 41, 'fold', 4, 'pr', 0.82849798272531294, 'roc', 0.8069052594914663]
4,41,coarse : 28.62 seconds
4,41,fine : 28.63 seconds
[[1838   76]
 [  51   45]]
coarse acc: 0.937
coarse f1: 0.415
['rnd', 42, 'fold', 4, 'pr', 0.84070383218747935, 'roc', 0.8062412922326716]
[[1899   15]
 [  79   17]]
fine acc: 0.953
fine f1: 0.266
['rnd', 42, 'fold', 4, 'pr', 0.82932260202228691, 'roc', 0.80590386624869392]
4,42,coarse : 29.57 seconds
4,42,fine : 29.58 seconds
[[1834   80]
 [  53   43]]
coarse acc: 0.934
coarse f1: 0.393
['rnd', 43, 'fold', 4, 'pr', 0.84060854596894741, 'roc', 0.80578413444792751]
[[1898   16]
 [  80   16]]
fine acc: 0.952
fine f1: 0.250
['rnd', 43, 'fold', 4, 'pr', 0.82666643982121779, 'roc', 0.80701410658307215]
4,43,coarse : 30.46 seconds
4,43,fine : 30.46 seconds
[[1834   80]
 [  53   43]]
coarse acc: 0.934
coarse f1: 0.393
['rnd', 44, 'fold', 4, 'pr', 0.84029966367498243, 'roc', 0.80671477708115646]
[[1897   17]
 [  78   18]]
fine acc: 0.953
fine f1: 0.275
['rnd', 44, 'fold', 4, 'pr', 0.83146731034826438, 'roc', 0.81246190351793801]
4,44,coarse : 31.26 seconds
4,44,fine : 31.27 seconds
[[1837   77]
 [  56   40]]
coarse acc: 0.934
coarse f1: 0.376
['rnd', 45, 'fold', 4, 'pr', 0.83887721506543811, 'roc', 0.80533241901776376]
[[1900   14]
 [  78   18]]
fine acc: 0.954
fine f1: 0.281
['rnd', 45, 'fold', 4, 'pr', 0.83425904588754141, 'roc', 0.81114485370950895]
4,45,coarse : 32.04 seconds
4,45,fine : 32.05 seconds
[[1835   79]
 [  54   42]]
coarse acc: 0.934
coarse f1: 0.387
['rnd', 46, 'fold', 4, 'pr', 0.83977522676931526, 'roc', 0.80735153256704983]
[[1897   17]
 [  80   16]]
fine acc: 0.952
fine f1: 0.248
['rnd', 46, 'fold', 4, 'pr', 0.830545842035878, 'roc', 0.80641544757924066]
4,46,coarse : 33.24 seconds
4,46,fine : 33.25 seconds
[[1837   77]
 [  55   41]]
coarse acc: 0.934
coarse f1: 0.383
['rnd', 47, 'fold', 4, 'pr', 0.84052235940247111, 'roc', 0.80742228317659348]
[[1903   11]
 [  79   17]]
fine acc: 0.955
fine f1: 0.274
['rnd', 47, 'fold', 4, 'pr', 0.83126413817942701, 'roc', 0.80564807558342044]
4,47,coarse : 34.02 seconds
4,47,fine : 34.03 seconds
[[1842   72]
 [  56   40]]
coarse acc: 0.936
coarse f1: 0.385
['rnd', 48, 'fold', 4, 'pr', 0.84044546074207171, 'roc', 0.8066821229536747]
[[1900   14]
 [  76   20]]
fine acc: 0.955
fine f1: 0.308
['rnd', 48, 'fold', 4, 'pr', 0.8334237280486636, 'roc', 0.80703587600139326]
4,48,coarse : 34.69 seconds
4,48,fine : 34.69 seconds
[[1845   69]
 [  57   39]]
coarse acc: 0.937
coarse f1: 0.382
['rnd', 49, 'fold', 4, 'pr', 0.84361967799891002, 'roc', 0.8103720393591084]
[[1900   14]
 [  78   18]]
fine acc: 0.954
fine f1: 0.281
['rnd', 49, 'fold', 4, 'pr', 0.83539767584483893, 'roc', 0.81056796412399845]
4,49,coarse : 35.89 seconds
4,49,fine : 35.9 seconds
[[1840   74]
 [  57   39]]
coarse acc: 0.935
coarse f1: 0.373
['rnd', 50, 'fold', 4, 'pr', 0.84596549329221826, 'roc', 0.81321294845001746]
[[1900   14]
 [  77   19]]
fine acc: 0.955
fine f1: 0.295
['rnd', 50, 'fold', 4, 'pr', 0.83600970534137398, 'roc', 0.81119383490073138]
4,50,coarse : 38.65 seconds
4,50,fine : 38.66 seconds
[[1841   73]
 [  55   41]]
coarse acc: 0.936
coarse f1: 0.390
['rnd', 51, 'fold', 4, 'pr', 0.84708732924469798, 'roc', 0.81292450365726232]
[[1900   14]
 [  77   19]]
fine acc: 0.955
fine f1: 0.295
['rnd', 51, 'fold', 4, 'pr', 0.8359271691084933, 'roc', 0.81056252176941845]
4,51,coarse : 37.31 seconds
4,51,fine : 37.32 seconds
[[1844   70]
 [  56   40]]
coarse acc: 0.937
coarse f1: 0.388
['rnd', 52, 'fold', 4, 'pr', 0.84435346803283473, 'roc', 0.8093488766980147]
[[1896   18]
 [  77   19]]
fine acc: 0.953
fine f1: 0.286
['rnd', 52, 'fold', 4, 'pr', 0.83332198777600186, 'roc', 0.80569161442006276]
4,52,coarse : 38.52 seconds
4,52,fine : 38.53 seconds
[[1846   68]
 [  54   42]]
coarse acc: 0.939
coarse f1: 0.408
['rnd', 53, 'fold', 4, 'pr', 0.84833200400130626, 'roc', 0.81228774817136895]
[[1898   16]
 [  76   20]]
fine acc: 0.954
fine f1: 0.303
['rnd', 53, 'fold', 4, 'pr', 0.83312894971764984, 'roc', 0.80786855625217702]
4,53,coarse : 39.4 seconds
4,53,fine : 39.41 seconds
[[1845   69]
 [  55   41]]
coarse acc: 0.938
coarse f1: 0.398
['rnd', 54, 'fold', 4, 'pr', 0.84488066214242385, 'roc', 0.8083692528735632]
[[1899   15]
 [  76   20]]
fine acc: 0.955
fine f1: 0.305
['rnd', 54, 'fold', 4, 'pr', 0.83314640189793587, 'roc', 0.80952303204458387]
4,54,coarse : 40.64 seconds
4,54,fine : 40.65 seconds
[[1844   70]
 [  55   41]]
coarse acc: 0.938
coarse f1: 0.396
['rnd', 55, 'fold', 4, 'pr', 0.84396886321592801, 'roc', 0.80642633228840144]
[[1895   19]
 [  76   20]]
fine acc: 0.953
fine f1: 0.296
['rnd', 55, 'fold', 4, 'pr', 0.83671379892471176, 'roc', 0.81281565656565669]
4,55,coarse : 41.97 seconds
4,55,fine : 41.98 seconds
[[1845   69]
 [  55   41]]
coarse acc: 0.938
coarse f1: 0.398
['rnd', 56, 'fold', 4, 'pr', 0.84575254383930942, 'roc', 0.80707397248345525]
[[1898   16]
 [  76   20]]
fine acc: 0.954
fine f1: 0.303
['rnd', 56, 'fold', 4, 'pr', 0.83703409815060414, 'roc', 0.81306600487634972]
4,56,coarse : 42.91 seconds
4,56,fine : 42.92 seconds
[[1847   67]
 [  54   42]]
coarse acc: 0.940
coarse f1: 0.410
['rnd', 57, 'fold', 4, 'pr', 0.84911612634090905, 'roc', 0.81154214559386972]
[[1896   18]
 [  74   22]]
fine acc: 0.954
fine f1: 0.324
['rnd', 57, 'fold', 4, 'pr', 0.84168188194026894, 'roc', 0.81786616161616155]
4,57,coarse : 43.98 seconds
4,57,fine : 43.99 seconds
[[1843   71]
 [  52   44]]
coarse acc: 0.939
coarse f1: 0.417
['rnd', 58, 'fold', 4, 'pr', 0.8509894667574488, 'roc', 0.81497082897944984]
[[1894   20]
 [  74   22]]
fine acc: 0.953
fine f1: 0.319
['rnd', 58, 'fold', 4, 'pr', 0.83788637354456275, 'roc', 0.81349050853361193]
4,58,coarse : 45.41 seconds
4,58,fine : 45.42 seconds
[[1842   72]
 [  53   43]]
coarse acc: 0.938
coarse f1: 0.408
['rnd', 59, 'fold', 4, 'pr', 0.85016955756721879, 'roc', 0.81380072274468829]
[[1896   18]
 [  74   22]]
fine acc: 0.954
fine f1: 0.324
['rnd', 59, 'fold', 4, 'pr', 0.83883388680083049, 'roc', 0.81337077673284564]
4,59,coarse : 46.08 seconds
4,59,fine : 46.09 seconds
[[1845   69]
 [  54   42]]
coarse acc: 0.939
coarse f1: 0.406
['rnd', 60, 'fold', 4, 'pr', 0.85056810077874145, 'roc', 0.81403474399164055]
[[1895   19]
 [  74   22]]
fine acc: 0.954
fine f1: 0.321
['rnd', 60, 'fold', 4, 'pr', 0.84061253138615033, 'roc', 0.81481300069662133]
4,60,coarse : 47.06 seconds
4,60,fine : 47.07 seconds
[[1849   65]
 [  54   42]]
coarse acc: 0.941
coarse f1: 0.414
['rnd', 61, 'fold', 4, 'pr', 0.8504486026406024, 'roc', 0.81313675548589337]
[[1895   19]
 [  74   22]]
fine acc: 0.954
fine f1: 0.321
['rnd', 61, 'fold', 4, 'pr', 0.84011144083303235, 'roc', 0.8126795977011495]
4,61,coarse : 48.9 seconds
4,61,fine : 48.91 seconds
[[1850   64]
 [  55   41]]
coarse acc: 0.941
coarse f1: 0.408
['rnd', 62, 'fold', 4, 'pr', 0.85081055350835755, 'roc', 0.81314219784047381]
[[1893   21]
 [  73   23]]
fine acc: 0.953
fine f1: 0.329
['rnd', 62, 'fold', 4, 'pr', 0.83878674570938838, 'roc', 0.81150949146638796]
4,62,coarse : 49.88 seconds
4,62,fine : 49.88 seconds
[[1850   64]
 [  55   41]]
coarse acc: 0.941
coarse f1: 0.408
['rnd', 63, 'fold', 4, 'pr', 0.8513256241145245, 'roc', 0.81428509230233359]
[[1886   28]
 [  72   24]]
fine acc: 0.950
fine f1: 0.324
['rnd', 63, 'fold', 4, 'pr', 0.83812755210388834, 'roc', 0.80947949320794144]
4,63,coarse : 50.55 seconds
4,63,fine : 50.56 seconds
[[1850   64]
 [  54   42]]
coarse acc: 0.941
coarse f1: 0.416
['rnd', 64, 'fold', 4, 'pr', 0.85078881971736975, 'roc', 0.8153898902821316]
[[1893   21]
 [  73   23]]
fine acc: 0.953
fine f1: 0.329
['rnd', 64, 'fold', 4, 'pr', 0.83924118329237818, 'roc', 0.81156935736677116]
4,64,coarse : 52.14 seconds
4,64,fine : 52.15 seconds
[[1850   64]
 [  54   42]]
coarse acc: 0.941
coarse f1: 0.416
['rnd', 65, 'fold', 4, 'pr', 0.85001084624669154, 'roc', 0.81463884535005238]
[[1888   26]
 [  73   23]]
fine acc: 0.951
fine f1: 0.317
['rnd', 65, 'fold', 4, 'pr', 0.84487161421857393, 'roc', 0.81900905607802166]
4,65,coarse : 53.19 seconds
4,65,fine : 53.2 seconds
[[1848   66]
 [  53   43]]
coarse acc: 0.941
coarse f1: 0.420
['rnd', 66, 'fold', 4, 'pr', 0.85180611659996075, 'roc', 0.8172729449669105]
[[1889   25]
 [  72   24]]
fine acc: 0.952
fine f1: 0.331
['rnd', 66, 'fold', 4, 'pr', 0.84825400699173781, 'roc', 0.82051114594218055]
4,66,coarse : 54.74 seconds
4,66,fine : 54.75 seconds
[[1845   69]
 [  52   44]]
coarse acc: 0.940
coarse f1: 0.421
['rnd', 67, 'fold', 4, 'pr', 0.84798918733682638, 'roc', 0.81223332462556608]
[[1889   25]
 [  73   23]]
fine acc: 0.951
fine f1: 0.319
['rnd', 67, 'fold', 4, 'pr', 0.84662868226335586, 'roc', 0.81808385579937304]
4,67,coarse : 55.96 seconds
4,67,fine : 55.97 seconds
[[1848   66]
 [  52   44]]
coarse acc: 0.941
coarse f1: 0.427
['rnd', 68, 'fold', 4, 'pr', 0.84929681319045491, 'roc', 0.81442115116684077]
[[1890   24]
 [  70   26]]
fine acc: 0.953
fine f1: 0.356
['rnd', 68, 'fold', 4, 'pr', 0.84906491681767204, 'roc', 0.82122953674677812]
4,68,coarse : 56.49 seconds
4,68,fine : 56.49 seconds
[[1850   64]
 [  53   43]]
coarse acc: 0.942
coarse f1: 0.424
['rnd', 69, 'fold', 4, 'pr', 0.85140636029020755, 'roc', 0.81413814872866608]
[[1891   23]
 [  75   21]]
fine acc: 0.951
fine f1: 0.300
['rnd', 69, 'fold', 4, 'pr', 0.84788549518668432, 'roc', 0.82042951062347602]
4,69,coarse : 58.18 seconds
4,69,fine : 58.19 seconds
[[1843   71]
 [  51   45]]
coarse acc: 0.939
coarse f1: 0.425
['rnd', 70, 'fold', 4, 'pr', 0.85549425587536831, 'roc', 0.82095197666318354]
[[1891   23]
 [  75   21]]
fine acc: 0.951
fine f1: 0.300
['rnd', 70, 'fold', 4, 'pr', 0.84690881579675337, 'roc', 0.82125130616509923]
4,70,coarse : 60.01 seconds
4,70,fine : 60.02 seconds
[[1841   73]
 [  52   44]]
coarse acc: 0.938
coarse f1: 0.413
['rnd', 71, 'fold', 4, 'pr', 0.85739033836629974, 'roc', 0.82520245559038663]
[[1888   26]
 [  73   23]]
fine acc: 0.951
fine f1: 0.317
['rnd', 71, 'fold', 4, 'pr', 0.84586268143694565, 'roc', 0.81800222048066873]
4,71,coarse : 61.59 seconds
4,71,fine : 61.6 seconds
[[1846   68]
 [  52   44]]
coarse acc: 0.940
coarse f1: 0.423
['rnd', 72, 'fold', 4, 'pr', 0.85837783905866205, 'roc', 0.82453304597701149]
[[1889   25]
 [  74   22]]
fine acc: 0.951
fine f1: 0.308
['rnd', 72, 'fold', 4, 'pr', 0.84661085765079946, 'roc', 0.8206853012887495]
4,72,coarse : 62.39 seconds
4,72,fine : 62.4 seconds
[[1841   73]
 [  50   46]]
coarse acc: 0.939
coarse f1: 0.428
['rnd', 73, 'fold', 4, 'pr', 0.86293519936336649, 'roc', 0.83080263845350055]
[[1890   24]
 [  73   23]]
fine acc: 0.952
fine f1: 0.322
['rnd', 73, 'fold', 4, 'pr', 0.84622964074674989, 'roc', 0.82067441657958917]
4,73,coarse : 63.59 seconds
4,73,fine : 63.6 seconds
[[1844   70]
 [  51   45]]
coarse acc: 0.940
coarse f1: 0.427
['rnd', 74, 'fold', 4, 'pr', 0.86269761874830653, 'roc', 0.82945837687216994]
[[1892   22]
 [  73   23]]
fine acc: 0.953
fine f1: 0.326
['rnd', 74, 'fold', 4, 'pr', 0.84819978934197726, 'roc', 0.82252481713688619]
4,74,coarse : 64.95 seconds
4,74,fine : 64.96 seconds
[[1845   69]
 [  50   46]]
coarse acc: 0.941
coarse f1: 0.436
['rnd', 75, 'fold', 4, 'pr', 0.86243884228103551, 'roc', 0.82928422152560077]
[[1891   23]
 [  74   22]]
fine acc: 0.952
fine f1: 0.312
['rnd', 75, 'fold', 4, 'pr', 0.84586330359712492, 'roc', 0.82036420236851271]
4,75,coarse : 66.38 seconds
4,75,fine : 66.39 seconds
[[1842   72]
 [  49   47]]
coarse acc: 0.940
coarse f1: 0.437
['rnd', 76, 'fold', 4, 'pr', 0.86186186035115098, 'roc', 0.8267045454545453]
[[1894   20]
 [  75   21]]
fine acc: 0.953
fine f1: 0.307
['rnd', 76, 'fold', 4, 'pr', 0.84347622298624203, 'roc', 0.81664707419017757]
4,76,coarse : 66.8 seconds
4,76,fine : 66.81 seconds
[[1841   73]
 [  49   47]]
coarse acc: 0.939
coarse f1: 0.435
['rnd', 77, 'fold', 4, 'pr', 0.86244263894376638, 'roc', 0.82730864681295724]
[[1891   23]
 [  74   22]]
fine acc: 0.952
fine f1: 0.312
['rnd', 77, 'fold', 4, 'pr', 0.84665229513166163, 'roc', 0.81894919017763834]
4,77,coarse : 68.75 seconds
4,77,fine : 68.76 seconds
[[1839   75]
 [  50   46]]
coarse acc: 0.938
coarse f1: 0.424
['rnd', 78, 'fold', 4, 'pr', 0.86205738344213545, 'roc', 0.82626371473354232]
[[1894   20]
 [  73   23]]
fine acc: 0.954
fine f1: 0.331
['rnd', 78, 'fold', 4, 'pr', 0.8441785835692277, 'roc', 0.81314219784047381]
4,78,coarse : 70.27 seconds
4,78,fine : 70.28 seconds
[[1838   76]
 [  50   46]]
coarse acc: 0.937
coarse f1: 0.422
['rnd', 79, 'fold', 4, 'pr', 0.86199304097068463, 'roc', 0.8255181121560432]
[[1892   22]
 [  70   26]]
fine acc: 0.954
fine f1: 0.361
['rnd', 79, 'fold', 4, 'pr', 0.84735635709754686, 'roc', 0.8147259230233368]
4,79,coarse : 72.28 seconds
4,79,fine : 72.29 seconds
[[1840   74]
 [  50   46]]
coarse acc: 0.938
coarse f1: 0.426
['rnd', 80, 'fold', 4, 'pr', 0.86021979318991204, 'roc', 0.82347722918843613]
[[1889   25]
 [  71   25]]
fine acc: 0.952
fine f1: 0.342
['rnd', 80, 'fold', 4, 'pr', 0.8474598848822763, 'roc', 0.8182797805642632]
4,80,coarse : 73.7 seconds
4,80,fine : 73.71 seconds
[[1840   74]
 [  49   47]]
coarse acc: 0.939
coarse f1: 0.433
['rnd', 81, 'fold', 4, 'pr', 0.86177320741974406, 'roc', 0.82534395680947403]
[[1890   24]
 [  73   23]]
fine acc: 0.952
fine f1: 0.322
['rnd', 81, 'fold', 4, 'pr', 0.85040767902852066, 'roc', 0.82168669453152221]
4,81,coarse : 74.77 seconds
4,81,fine : 74.78 seconds
[[1843   71]
 [  49   47]]
coarse acc: 0.940
coarse f1: 0.439
['rnd', 82, 'fold', 4, 'pr', 0.86026780691657545, 'roc', 0.82541470741901779]
[[1894   20]
 [  70   26]]
fine acc: 0.955
fine f1: 0.366
['rnd', 82, 'fold', 4, 'pr', 0.85018853753275059, 'roc', 0.81924307732497392]
4,82,coarse : 76.85 seconds
4,82,fine : 76.86 seconds
[[1843   71]
 [  49   47]]
coarse acc: 0.940
coarse f1: 0.439
['rnd', 83, 'fold', 4, 'pr', 0.86019795782734187, 'roc', 0.82601336642284928]
[[1888   26]
 [  68   28]]
fine acc: 0.953
fine f1: 0.373
['rnd', 83, 'fold', 4, 'pr', 0.84969729563628416, 'roc', 0.82211664054336464]
4,83,coarse : 78.81 seconds
4,83,fine : 78.82 seconds
[[1841   73]
 [  49   47]]
coarse acc: 0.939
coarse f1: 0.435
['rnd', 84, 'fold', 4, 'pr', 0.861753999058676, 'roc', 0.82636167711598751]
[[1887   27]
 [  69   27]]
fine acc: 0.952
fine f1: 0.360
['rnd', 84, 'fold', 4, 'pr', 0.84890506661706522, 'roc', 0.82062543538836652]
4,84,coarse : 79.48 seconds
4,84,fine : 79.49 seconds
[[1846   68]
 [  49   47]]
coarse acc: 0.942
coarse f1: 0.445
['rnd', 85, 'fold', 4, 'pr', 0.86052010643319488, 'roc', 0.82429902473005912]
[[1888   26]
 [  69   27]]
fine acc: 0.953
fine f1: 0.362
['rnd', 85, 'fold', 4, 'pr', 0.84829313319632793, 'roc', 0.82046760710553812]
4,85,coarse : 80.86 seconds
4,85,fine : 80.87 seconds
[[1844   70]
 [  49   47]]
coarse acc: 0.941
coarse f1: 0.441
['rnd', 86, 'fold', 4, 'pr', 0.86129686248127868, 'roc', 0.82518068617206541]
[[1888   26]
 [  70   26]]
fine acc: 0.952
fine f1: 0.351
['rnd', 86, 'fold', 4, 'pr', 0.84628684805016186, 'roc', 0.81811106757227448]
4,86,coarse : 82.69 seconds
4,86,fine : 82.7 seconds
[[1847   67]
 [  50   46]]
coarse acc: 0.942
coarse f1: 0.440
['rnd', 87, 'fold', 4, 'pr', 0.86063401550310648, 'roc', 0.82323776558690354]
[[1892   22]
 [  68   28]]
fine acc: 0.955
fine f1: 0.384
['rnd', 87, 'fold', 4, 'pr', 0.84647586437221234, 'roc', 0.81799133577150818]
4,87,coarse : 84.21 seconds
4,87,fine : 84.22 seconds
[[1841   73]
 [  50   46]]
coarse acc: 0.939
coarse f1: 0.428
['rnd', 88, 'fold', 4, 'pr', 0.85629431697526892, 'roc', 0.81826889585510287]
[[1887   27]
 [  70   26]]
fine acc: 0.952
fine f1: 0.349
['rnd', 88, 'fold', 4, 'pr', 0.84877203382672173, 'roc', 0.82133294148380354]
4,88,coarse : 86.34 seconds
4,88,fine : 86.35 seconds
[[1848   66]
 [  50   46]]
coarse acc: 0.942
coarse f1: 0.442
['rnd', 89, 'fold', 4, 'pr', 0.85989129958280086, 'roc', 0.82234521943573657]
[[1889   25]
 [  69   27]]
fine acc: 0.953
fine f1: 0.365
['rnd', 89, 'fold', 4, 'pr', 0.84663536155421903, 'roc', 0.81910701846046674]
4,89,coarse : 88.49 seconds
4,89,fine : 88.5 seconds
[[1847   67]
 [  50   46]]
coarse acc: 0.942
coarse f1: 0.440
['rnd', 90, 'fold', 4, 'pr', 0.85893383028517645, 'roc', 0.8210444966910484]
[[1887   27]
 [  69   27]]
fine acc: 0.952
fine f1: 0.360
['rnd', 90, 'fold', 4, 'pr', 0.84671924602955573, 'roc', 0.81925940438871481]
4,90,coarse : 89.37 seconds
4,90,fine : 89.38 seconds
[[1847   67]
 [  50   46]]
coarse acc: 0.942
coarse f1: 0.440
['rnd', 91, 'fold', 4, 'pr', 0.85885554497496075, 'roc', 0.82089211076280044]
[[1888   26]
 [  69   27]]
fine acc: 0.953
fine f1: 0.362
['rnd', 91, 'fold', 4, 'pr', 0.85094958160159506, 'roc', 0.82562695924764884]
4,91,coarse : 90.09 seconds
4,91,fine : 90.1 seconds
[[1843   71]
 [  47   49]]
coarse acc: 0.941
coarse f1: 0.454
['rnd', 92, 'fold', 4, 'pr', 0.85846231432517806, 'roc', 0.82075605189829337]
[[1884   30]
 [  69   27]]
fine acc: 0.951
fine f1: 0.353
['rnd', 92, 'fold', 4, 'pr', 0.85104446678442136, 'roc', 0.82637256182514796]
4,92,coarse : 91.51 seconds
4,92,fine : 91.52 seconds
[[1842   72]
 [  48   48]]
coarse acc: 0.940
coarse f1: 0.444
['rnd', 93, 'fold', 4, 'pr', 0.85658230735549268, 'roc', 0.81651645768025083]
[[1881   33]
 [  69   27]]
fine acc: 0.949
fine f1: 0.346
['rnd', 93, 'fold', 4, 'pr', 0.85309327278301006, 'roc', 0.83021486415882972]
4,93,coarse : 93.56 seconds
4,93,fine : 93.57 seconds
[[1848   66]
 [  47   49]]
coarse acc: 0.944
coarse f1: 0.464
['rnd', 94, 'fold', 4, 'pr', 0.85760218823063972, 'roc', 0.81741988854057823]
[[1882   32]
 [  68   28]]
fine acc: 0.950
fine f1: 0.359
['rnd', 94, 'fold', 4, 'pr', 0.85226478555186147, 'roc', 0.83001893939393945]
4,94,coarse : 95.33 seconds
4,94,fine : 95.34 seconds
[[1846   68]
 [  47   49]]
coarse acc: 0.943
coarse f1: 0.460
['rnd', 95, 'fold', 4, 'pr', 0.85463554830349475, 'roc', 0.81236938349007304]
[[1882   32]
 [  66   30]]
fine acc: 0.951
fine f1: 0.380
['rnd', 95, 'fold', 4, 'pr', 0.85516203927776424, 'roc', 0.83159722222222221]
4,95,coarse : 96.17 seconds
4,95,fine : 96.18 seconds
[[1839   75]
 [  47   49]]
coarse acc: 0.939
coarse f1: 0.445
['rnd', 96, 'fold', 4, 'pr', 0.85263810882923885, 'roc', 0.81130268199233724]
[[1883   31]
 [  66   30]]
fine acc: 0.952
fine f1: 0.382
['rnd', 96, 'fold', 4, 'pr', 0.85957688556997314, 'roc', 0.83634839777081149]
4,96,coarse : 98.01 seconds
4,96,fine : 98.02 seconds
[[1845   69]
 [  46   50]]
coarse acc: 0.943
coarse f1: 0.465
['rnd', 97, 'fold', 4, 'pr', 0.85616470136468537, 'roc', 0.81418168756530818]
[[1882   32]
 [  70   26]]
fine acc: 0.949
fine f1: 0.338
['rnd', 97, 'fold', 4, 'pr', 0.85314721005175287, 'roc', 0.83045432776036221]
4,97,coarse : 99.31 seconds
4,97,fine : 99.32 seconds
[[1844   70]
 [  48   48]]
coarse acc: 0.941
coarse f1: 0.449
['rnd', 98, 'fold', 4, 'pr', 0.85770074730843238, 'roc', 0.8173926767676768]
[[1884   30]
 [  70   26]]
fine acc: 0.950
fine f1: 0.342
['rnd', 98, 'fold', 4, 'pr', 0.86056946909736964, 'roc', 0.83919474921630088]
4,98,coarse : 100.26 seconds
4,98,fine : 100.27 seconds
[[1841   73]
 [  49   47]]
coarse acc: 0.939
coarse f1: 0.435
['rnd', 99, 'fold', 4, 'pr', 0.85778466892465743, 'roc', 0.81652190003483105]
[[1885   29]
 [  70   26]]
fine acc: 0.951
fine f1: 0.344
['rnd', 99, 'fold', 4, 'pr', 0.86045532759477183, 'roc', 0.83893895855102751]
4,99,coarse : 101.9 seconds
4,99,fine : 101.91 seconds
[[1843   71]
 [  47   49]]
coarse acc: 0.941
coarse f1: 0.454
['rnd', 100, 'fold', 4, 'pr', 0.85690626433393036, 'roc', 0.8129245036572621]
[[1884   30]
 [  68   28]]
fine acc: 0.951
fine f1: 0.364
['rnd', 100, 'fold', 4, 'pr', 0.85867294289914153, 'roc', 0.83704501915708807]
4,100,coarse : 105.24 seconds
4,100,fine : 105.26 seconds
[[1840   74]
 [  49   47]]
coarse acc: 0.939
coarse f1: 0.433
['rnd', 101, 'fold', 4, 'pr', 0.85409230016320736, 'roc', 0.81250544235458033]
[[1884   30]
 [  68   28]]
fine acc: 0.951
fine f1: 0.364
['rnd', 101, 'fold', 4, 'pr', 0.8574787909384689, 'roc', 0.83700692267502608]
4,101,coarse : 105.18 seconds
4,101,fine : 105.2 seconds
[[1839   75]
 [  48   48]]
coarse acc: 0.939
coarse f1: 0.438
['rnd', 102, 'fold', 4, 'pr', 0.85399149492115622, 'roc', 0.81300613897596652]
[[1882   32]
 [  69   27]]
fine acc: 0.950
fine f1: 0.348
['rnd', 102, 'fold', 4, 'pr', 0.85644729286746868, 'roc', 0.83511842563566696]
4,102,coarse : 106.44 seconds
4,102,fine : 106.45 seconds
[[1845   69]
 [  49   47]]
coarse acc: 0.941
coarse f1: 0.443
['rnd', 103, 'fold', 4, 'pr', 0.85854872974026897, 'roc', 0.81710967432950199]
[[1883   31]
 [  67   29]]
fine acc: 0.951
fine f1: 0.372
['rnd', 103, 'fold', 4, 'pr', 0.8576913330716821, 'roc', 0.83578239289446199]
4,103,coarse : 109.62 seconds
4,103,fine : 109.63 seconds
[[1848   66]
 [  50   46]]
coarse acc: 0.942
coarse f1: 0.442
['rnd', 104, 'fold', 4, 'pr', 0.85776123976220831, 'roc', 0.81662530477185657]
[[1878   36]
 [  68   28]]
fine acc: 0.948
fine f1: 0.350
['rnd', 104, 'fold', 4, 'pr', 0.8523132765001733, 'roc', 0.82909373911529083]
4,104,coarse : 110.45 seconds
4,104,fine : 110.46 seconds
[[1847   67]
 [  47   49]]
coarse acc: 0.943
coarse f1: 0.462
['rnd', 105, 'fold', 4, 'pr', 0.85238433952555592, 'roc', 0.80971895680947392]
[[1879   35]
 [  67   29]]
fine acc: 0.949
fine f1: 0.362
['rnd', 105, 'fold', 4, 'pr', 0.85501211776464658, 'roc', 0.83141218216649249]
4,105,coarse : 112.37 seconds
4,105,fine : 112.38 seconds
[[1846   68]
 [  48   48]]
coarse acc: 0.942
coarse f1: 0.453
['rnd', 106, 'fold', 4, 'pr', 0.85256848021450604, 'roc', 0.81027407697666332]
[[1883   31]
 [  67   29]]
fine acc: 0.951
fine f1: 0.372
['rnd', 106, 'fold', 4, 'pr', 0.86217669960615528, 'roc', 0.83774708289794508]
4,106,coarse : 114.47 seconds
4,106,fine : 114.49 seconds
[[1842   72]
 [  47   49]]
coarse acc: 0.941
coarse f1: 0.452
['rnd', 107, 'fold', 4, 'pr', 0.85305853092728934, 'roc', 0.81017067223963779]
[[1881   33]
 [  66   30]]
fine acc: 0.951
fine f1: 0.377
['rnd', 107, 'fold', 4, 'pr', 0.85573281348384578, 'roc', 0.83076454197143856]
4,107,coarse : 115.47 seconds
4,107,fine : 115.48 seconds
[[1841   73]
 [  46   50]]
coarse acc: 0.941
coarse f1: 0.457
['rnd', 108, 'fold', 4, 'pr', 0.85450334511027193, 'roc', 0.81132445141065834]
[[1882   32]
 [  67   29]]
fine acc: 0.951
fine f1: 0.369
['rnd', 108, 'fold', 4, 'pr', 0.85440127007341071, 'roc', 0.82905564263322884]
4,108,coarse : 116.89 seconds
4,108,fine : 116.9 seconds
[[1843   71]
 [  47   49]]
coarse acc: 0.941
coarse f1: 0.454
['rnd', 109, 'fold', 4, 'pr', 0.85572865126843489, 'roc', 0.81214624695228155]
[[1877   37]
 [  69   27]]
fine acc: 0.947
fine f1: 0.338
['rnd', 109, 'fold', 4, 'pr', 0.85551241634836706, 'roc', 0.83036725008707768]
4,109,coarse : 119.4 seconds
4,109,fine : 119.41 seconds
[[1840   74]
 [  48   48]]
coarse acc: 0.939
coarse f1: 0.440
['rnd', 110, 'fold', 4, 'pr', 0.85328798552978513, 'roc', 0.81015434517589691]
[[1878   36]
 [  69   27]]
fine acc: 0.948
fine f1: 0.340
['rnd', 110, 'fold', 4, 'pr', 0.86013536886435205, 'roc', 0.83625587774294674]
4,110,coarse : 120.57 seconds
4,110,fine : 120.58 seconds
[[1841   73]
 [  47   49]]
coarse acc: 0.940
coarse f1: 0.450
['rnd', 111, 'fold', 4, 'pr', 0.85461516618586575, 'roc', 0.81362112504353878]
[[1879   35]
 [  69   27]]
fine acc: 0.948
fine f1: 0.342
['rnd', 111, 'fold', 4, 'pr', 0.859469735273235, 'roc', 0.83651711076280044]
4,111,coarse : 123.35 seconds
4,111,fine : 123.36 seconds
[[1837   77]
 [  47   49]]
coarse acc: 0.938
coarse f1: 0.441
['rnd', 112, 'fold', 4, 'pr', 0.85446791166259084, 'roc', 0.81316940961337514]
[[1875   39]
 [  69   27]]
fine acc: 0.946
fine f1: 0.333
['rnd', 112, 'fold', 4, 'pr', 0.86009707530352808, 'roc', 0.83651166840822]
4,112,coarse : 124.61 seconds
4,112,fine : 124.62 seconds
[[1841   73]
 [  47   49]]
coarse acc: 0.940
coarse f1: 0.450
['rnd', 113, 'fold', 4, 'pr', 0.85692865593813672, 'roc', 0.81832331940090564]
[[1877   37]
 [  69   27]]
fine acc: 0.947
fine f1: 0.338
['rnd', 113, 'fold', 4, 'pr', 0.85881425205825301, 'roc', 0.8343020724486242]
4,113,coarse : 125.79 seconds
4,113,fine : 125.8 seconds
[[1838   76]
 [  46   50]]
coarse acc: 0.939
coarse f1: 0.450
['rnd', 114, 'fold', 4, 'pr', 0.8557507675582805, 'roc', 0.81796412399860674]
[[1879   35]
 [  69   27]]
fine acc: 0.948
fine f1: 0.342
['rnd', 114, 'fold', 4, 'pr', 0.85962900823716737, 'roc', 0.83331700626959249]
4,114,coarse : 127.92 seconds
4,114,fine : 127.93 seconds
[[1841   73]
 [  47   49]]
coarse acc: 0.940
coarse f1: 0.450
['rnd', 115, 'fold', 4, 'pr', 0.85419544096340305, 'roc', 0.81661986241727635]
[[1881   33]
 [  68   28]]
fine acc: 0.950
fine f1: 0.357
['rnd', 115, 'fold', 4, 'pr', 0.86003259397614995, 'roc', 0.83291427203065127]
4,115,coarse : 130.51 seconds
4,115,fine : 130.52 seconds
[[1837   77]
 [  47   49]]
coarse acc: 0.938
coarse f1: 0.441
['rnd', 116, 'fold', 4, 'pr', 0.85631636517198362, 'roc', 0.8187968042493905]
[[1881   33]
 [  69   27]]
fine acc: 0.949
fine f1: 0.346
['rnd', 116, 'fold', 4, 'pr', 0.85891146615022718, 'roc', 0.83078086903517945]
4,116,coarse : 132.16 seconds
4,116,fine : 132.17 seconds
[[1842   72]
 [  48   48]]
coarse acc: 0.940
coarse f1: 0.444
['rnd', 117, 'fold', 4, 'pr', 0.85844823565219275, 'roc', 0.82164859804946022]
[[1878   36]
 [  69   27]]
fine acc: 0.948
fine f1: 0.340
['rnd', 117, 'fold', 4, 'pr', 0.85949326877268195, 'roc', 0.83270202020202022]
4,117,coarse : 133.64 seconds
4,117,fine : 133.65 seconds
[[1840   74]
 [  46   50]]
coarse acc: 0.940
coarse f1: 0.455
['rnd', 118, 'fold', 4, 'pr', 0.86142601674629626, 'roc', 0.82439698711250431]
[[1880   34]
 [  68   28]]
fine acc: 0.949
fine f1: 0.354
['rnd', 118, 'fold', 4, 'pr', 0.85725450646970514, 'roc', 0.82915904737025437]
4,118,coarse : 135.84 seconds
4,118,fine : 135.85 seconds
[[1841   73]
 [  47   49]]
coarse acc: 0.940
coarse f1: 0.450
['rnd', 119, 'fold', 4, 'pr', 0.86091678402907679, 'roc', 0.82309082201323591]
[[1881   33]
 [  68   28]]
fine acc: 0.950
fine f1: 0.357
['rnd', 119, 'fold', 4, 'pr', 0.85721069844054643, 'roc', 0.8286474660397074]
4,119,coarse : 137.62 seconds
4,119,fine : 137.64 seconds
[[1840   74]
 [  46   50]]
coarse acc: 0.940
coarse f1: 0.455
['rnd', 120, 'fold', 4, 'pr', 0.86074262214321795, 'roc', 0.82281326192964122]
[[1882   32]
 [  66   30]]
fine acc: 0.951
fine f1: 0.380
['rnd', 120, 'fold', 4, 'pr', 0.85987695396473618, 'roc', 0.83147749042145591]
4,120,coarse : 140.11 seconds
4,120,fine : 140.12 seconds
[[1839   75]
 [  46   50]]
coarse acc: 0.940
coarse f1: 0.452
['rnd', 121, 'fold', 4, 'pr', 0.85986190390705919, 'roc', 0.82169757924068276]
[[1882   32]
 [  67   29]]
fine acc: 0.951
fine f1: 0.369
['rnd', 121, 'fold', 4, 'pr', 0.86041245356698037, 'roc', 0.83104754440961337]
4,121,coarse : 141.27 seconds
4,121,fine : 141.29 seconds
[[1838   76]
 [  47   49]]
coarse acc: 0.939
coarse f1: 0.443
['rnd', 122, 'fold', 4, 'pr', 0.85582556042579139, 'roc', 0.81721852142110762]
[[1880   34]
 [  67   29]]
fine acc: 0.950
fine f1: 0.365
['rnd', 122, 'fold', 4, 'pr', 0.86027528097459449, 'roc', 0.83102577499129227]
4,122,coarse : 143.63 seconds
4,122,fine : 143.65 seconds
[[1839   75]
 [  46   50]]
coarse acc: 0.940
coarse f1: 0.452
['rnd', 123, 'fold', 4, 'pr', 0.85704640445539748, 'roc', 0.8173763497039358]
[[1881   33]
 [  66   30]]
fine acc: 0.951
fine f1: 0.377
['rnd', 123, 'fold', 4, 'pr', 0.86124950623894325, 'roc', 0.83231017067223967]
4,123,coarse : 144.97 seconds
4,123,fine : 144.99 seconds
[[1837   77]
 [  46   50]]
coarse acc: 0.939
coarse f1: 0.448
['rnd', 124, 'fold', 4, 'pr', 0.85757477741411092, 'roc', 0.81781718042493912]
[[1881   33]
 [  67   29]]
fine acc: 0.950
fine f1: 0.367
['rnd', 124, 'fold', 4, 'pr', 0.86135245395425475, 'roc', 0.83243534482758619]
4,124,coarse : 147.17 seconds
4,124,fine : 147.18 seconds
[[1836   78]
 [  46   50]]
coarse acc: 0.938
coarse f1: 0.446
['rnd', 125, 'fold', 4, 'pr', 0.85858951331684752, 'roc', 0.81928117380703591]
[[1882   32]
 [  67   29]]
fine acc: 0.951
fine f1: 0.369
['rnd', 125, 'fold', 4, 'pr', 0.86323595472861014, 'roc', 0.8371919627307558]
4,125,coarse : 149.04 seconds
4,125,fine : 149.05 seconds
[[1837   77]
 [  46   50]]
coarse acc: 0.939
coarse f1: 0.448
['rnd', 126, 'fold', 4, 'pr', 0.85881850758224221, 'roc', 0.82008664228491823]
[[1881   33]
 [  67   29]]
fine acc: 0.950
fine f1: 0.367
['rnd', 126, 'fold', 4, 'pr', 0.86146697387304161, 'roc', 0.83343129571577845]
4,126,coarse : 150.63 seconds
4,126,fine : 150.64 seconds
[[1838   76]
 [  47   49]]
coarse acc: 0.939
coarse f1: 0.443
['rnd', 127, 'fold', 4, 'pr', 0.85891745710464051, 'roc', 0.8199396987112505]
[[1882   32]
 [  65   31]]
fine acc: 0.952
fine f1: 0.390
['rnd', 127, 'fold', 4, 'pr', 0.86165611857649993, 'roc', 0.83170062695924751]
4,127,coarse : 153.21 seconds
4,127,fine : 153.22 seconds
[[1838   76]
 [  48   48]]
coarse acc: 0.938
coarse f1: 0.436
['rnd', 128, 'fold', 4, 'pr', 0.85824323543550962, 'roc', 0.81918865377917105]
[[1881   33]
 [  64   32]]
fine acc: 0.952
fine f1: 0.398
['rnd', 128, 'fold', 4, 'pr', 0.8613304587859657, 'roc', 0.83081896551724144]
4,128,coarse : 154.69 seconds
4,128,fine : 154.7 seconds
[[1839   75]
 [  47   49]]
coarse acc: 0.939
coarse f1: 0.445
['rnd', 129, 'fold', 4, 'pr', 0.86023005511956607, 'roc', 0.82352076802507845]
[[1883   31]
 [  64   32]]
fine acc: 0.953
fine f1: 0.403
['rnd', 129, 'fold', 4, 'pr', 0.86295905550093954, 'roc', 0.83194009056078033]
4,129,coarse : 158.65 seconds
4,129,fine : 158.67 seconds
[[1839   75]
 [  46   50]]
coarse acc: 0.940
coarse f1: 0.452
['rnd', 130, 'fold', 4, 'pr', 0.86072340063023378, 'roc', 0.82336293974225017]
[[1884   30]
 [  66   30]]
fine acc: 0.952
fine f1: 0.385
['rnd', 130, 'fold', 4, 'pr', 0.86371256709702438, 'roc', 0.83301767676767668]
4,130,coarse : 159.73 seconds
4,130,fine : 159.74 seconds
[[1839   75]
 [  47   49]]
coarse acc: 0.939
coarse f1: 0.445
['rnd', 131, 'fold', 4, 'pr', 0.85967871627706705, 'roc', 0.82429902473005912]
[[1884   30]
 [  66   30]]
fine acc: 0.952
fine f1: 0.385
['rnd', 131, 'fold', 4, 'pr', 0.86382897363903244, 'roc', 0.83334966039707414]
4,131,coarse : 162.24 seconds
4,131,fine : 162.25 seconds
[[1844   70]
 [  48   48]]
coarse acc: 0.941
coarse f1: 0.449
['rnd', 132, 'fold', 4, 'pr', 0.85963821939233298, 'roc', 0.82343913270637403]
[[1885   29]
 [  65   31]]
fine acc: 0.953
fine f1: 0.397
['rnd', 132, 'fold', 4, 'pr', 0.86725439642329427, 'roc', 0.83653888018112144]
4,132,coarse : 164.39 seconds
4,132,fine : 164.4 seconds
[[1844   70]
 [  47   49]]
coarse acc: 0.942
coarse f1: 0.456
['rnd', 133, 'fold', 4, 'pr', 0.85937622860820906, 'roc', 0.82260101010101006]
[[1885   29]
 [  65   31]]
fine acc: 0.953
fine f1: 0.397
['rnd', 133, 'fold', 4, 'pr', 0.86675405268192418, 'roc', 0.83595654824103105]
4,133,coarse : 166.08 seconds
4,133,fine : 166.1 seconds
[[1843   71]
 [  48   48]]
coarse acc: 0.941
coarse f1: 0.447
['rnd', 134, 'fold', 4, 'pr', 0.85997891994903497, 'roc', 0.82398881051898287]
[[1885   29]
 [  65   31]]
fine acc: 0.953
fine f1: 0.397
['rnd', 134, 'fold', 4, 'pr', 0.86494953557070042, 'roc', 0.83340408394287702]
4,134,coarse : 167.69 seconds
4,134,fine : 167.7 seconds
[[1839   75]
 [  48   48]]
coarse acc: 0.939
coarse f1: 0.438
['rnd', 135, 'fold', 4, 'pr', 0.85805789436728208, 'roc', 0.82355886450714055]
[[1886   28]
 [  64   32]]
fine acc: 0.954
fine f1: 0.410
['rnd', 135, 'fold', 4, 'pr', 0.86613306340399321, 'roc', 0.83417689829327746]
4,135,coarse : 170.46 seconds
4,135,fine : 170.47 seconds
[[1838   76]
 [  47   49]]
coarse acc: 0.939
coarse f1: 0.443
['rnd', 136, 'fold', 4, 'pr', 0.85759354708267366, 'roc', 0.82281870428422155]
[[1886   28]
 [  64   32]]
fine acc: 0.954
fine f1: 0.410
['rnd', 136, 'fold', 4, 'pr', 0.86601342934500747, 'roc', 0.83434016893068619]
4,136,coarse : 172.0 seconds
4,136,fine : 172.01 seconds
[[1842   72]
 [  46   50]]
coarse acc: 0.941
coarse f1: 0.459
['rnd', 137, 'fold', 4, 'pr', 0.85841218847603662, 'roc', 0.82233433472657613]
[[1883   31]
 [  65   31]]
fine acc: 0.952
fine f1: 0.392
['rnd', 137, 'fold', 4, 'pr', 0.86398222828185733, 'roc', 0.83201628352490409]
4,137,coarse : 175.65 seconds
4,137,fine : 175.66 seconds
[[1841   73]
 [  46   50]]
coarse acc: 0.941
coarse f1: 0.457
['rnd', 138, 'fold', 4, 'pr', 0.85914683278660575, 'roc', 0.82266087600139337]
[[1884   30]
 [  64   32]]
fine acc: 0.953
fine f1: 0.405
['rnd', 138, 'fold', 4, 'pr', 0.86552995590266413, 'roc', 0.83442724660397094]
4,138,coarse : 176.77 seconds
4,138,fine : 176.78 seconds
[[1841   73]
 [  48   48]]
coarse acc: 0.940
coarse f1: 0.442
['rnd', 139, 'fold', 4, 'pr', 0.86001143462087271, 'roc', 0.82290033960292575]
[[1884   30]
 [  64   32]]
fine acc: 0.953
fine f1: 0.405
['rnd', 139, 'fold', 4, 'pr', 0.86491060876100989, 'roc', 0.83328979449669105]
4,139,coarse : 179.49 seconds
4,139,fine : 179.51 seconds
[[1842   72]
 [  47   49]]
coarse acc: 0.941
coarse f1: 0.452
['rnd', 140, 'fold', 4, 'pr', 0.86023938015814672, 'roc', 0.82414119644723094]
[[1884   30]
 [  64   32]]
fine acc: 0.953
fine f1: 0.405
['rnd', 140, 'fold', 4, 'pr', 0.86504740229702393, 'roc', 0.83305033089515856]
4,140,coarse : 181.77 seconds
4,140,fine : 181.78 seconds
[[1839   75]
 [  47   49]]
coarse acc: 0.939
coarse f1: 0.445
['rnd', 141, 'fold', 4, 'pr', 0.85977247066290807, 'roc', 0.82334661267850928]
[[1883   31]
 [  64   32]]
fine acc: 0.953
fine f1: 0.403
['rnd', 141, 'fold', 4, 'pr', 0.86478678682516363, 'roc', 0.83264759665621735]
4,141,coarse : 183.13 seconds
4,141,fine : 183.14 seconds
[[1837   77]
 [  47   49]]
coarse acc: 0.938
coarse f1: 0.441
['rnd', 142, 'fold', 4, 'pr', 0.85926146322934005, 'roc', 0.82168125217694188]
[[1882   32]
 [  64   32]]
fine acc: 0.952
fine f1: 0.400
['rnd', 142, 'fold', 4, 'pr', 0.86403498479516061, 'roc', 0.8310148902821316]
4,142,coarse : 185.31 seconds
4,142,fine : 185.32 seconds
[[1839   75]
 [  47   49]]
coarse acc: 0.939
coarse f1: 0.445
['rnd', 143, 'fold', 4, 'pr', 0.85879342143268289, 'roc', 0.82272074190177635]
[[1882   32]
 [  64   32]]
fine acc: 0.952
fine f1: 0.400
['rnd', 143, 'fold', 4, 'pr', 0.86660789629835844, 'roc', 0.83536333159177978]
4,143,coarse : 186.16 seconds
4,143,fine : 186.17 seconds
[[1837   77]
 [  51   45]]
coarse acc: 0.936
coarse f1: 0.413
['rnd', 144, 'fold', 4, 'pr', 0.85800563951580278, 'roc', 0.82103361198188785]
[[1882   32]
 [  64   32]]
fine acc: 0.952
fine f1: 0.400
['rnd', 144, 'fold', 4, 'pr', 0.86417643688352641, 'roc', 0.83061215604319061]
4,144,coarse : 189.29 seconds
4,144,fine : 189.31 seconds
[[1837   77]
 [  52   44]]
coarse acc: 0.936
coarse f1: 0.406
['rnd', 145, 'fold', 4, 'pr', 0.85730514772561783, 'roc', 0.82002677638453492]
[[1884   30]
 [  66   30]]
fine acc: 0.952
fine f1: 0.385
['rnd', 145, 'fold', 4, 'pr', 0.86448582141792873, 'roc', 0.83083529258098221]
4,145,coarse : 191.16 seconds
4,145,fine : 191.17 seconds
[[1837   77]
 [  51   45]]
coarse acc: 0.936
coarse f1: 0.413
['rnd', 146, 'fold', 4, 'pr', 0.85726541104212683, 'roc', 0.8203642023685126]
[[1882   32]
 [  66   30]]
fine acc: 0.951
fine f1: 0.380
['rnd', 146, 'fold', 4, 'pr', 0.8658495084766189, 'roc', 0.83394831940090564]
4,146,coarse : 193.26 seconds
4,146,fine : 193.28 seconds
[[1836   78]
 [  48   48]]
coarse acc: 0.937
coarse f1: 0.432
['rnd', 147, 'fold', 4, 'pr', 0.8592014764124567, 'roc', 0.82344457506095436]
[[1883   31]
 [  66   30]]
fine acc: 0.952
fine f1: 0.382
['rnd', 147, 'fold', 4, 'pr', 0.86371311350415236, 'roc', 0.83072644548937646]
4,147,coarse : 195.84 seconds
4,147,fine : 195.85 seconds
[[1834   80]
 [  48   48]]
coarse acc: 0.936
coarse f1: 0.429
['rnd', 148, 'fold', 4, 'pr', 0.85969574430283946, 'roc', 0.82373846220828983]
[[1883   31]
 [  67   29]]
fine acc: 0.951
fine f1: 0.372
['rnd', 148, 'fold', 4, 'pr', 0.86405048252364414, 'roc', 0.83225574712643668]
4,148,coarse : 199.46 seconds
4,148,fine : 199.47 seconds
[[1835   79]
 [  49   47]]
coarse acc: 0.936
coarse f1: 0.423
['rnd', 149, 'fold', 4, 'pr', 0.86012321633175348, 'roc', 0.82434256356670155]
[[1883   31]
 [  67   29]]
fine acc: 0.951
fine f1: 0.372
['rnd', 149, 'fold', 4, 'pr', 0.86271275357098942, 'roc', 0.82829915534656906]
4,149,coarse : 200.46 seconds
4,149,fine : 200.47 seconds
[[1830   84]
 [  47   49]]
coarse acc: 0.935
coarse f1: 0.428
['rnd', 150, 'fold', 4, 'pr', 0.86013327085304558, 'roc', 0.82483237547892729]
[[1883   31]
 [  67   29]]
fine acc: 0.951
fine f1: 0.372
['rnd', 150, 'fold', 4, 'pr', 0.86275200381706696, 'roc', 0.82836990595611282]
4,150,coarse : 204.0 seconds
4,150,fine : 204.01 seconds
[[1828   86]
 [  47   49]]
coarse acc: 0.934
coarse f1: 0.424
['rnd', 151, 'fold', 4, 'pr', 0.86050285128717952, 'roc', 0.82473985545106232]
[[1883   31]
 [  66   30]]
fine acc: 0.952
fine f1: 0.382
['rnd', 151, 'fold', 4, 'pr', 0.86366208718960968, 'roc', 0.83042711598746077]
4,151,coarse : 205.07 seconds
4,151,fine : 205.09 seconds
[[1829   85]
 [  49   47]]
coarse acc: 0.933
coarse f1: 0.412
['rnd', 152, 'fold', 4, 'pr', 0.86039752157951255, 'roc', 0.82471808603274122]
[[1883   31]
 [  65   31]]
fine acc: 0.952
fine f1: 0.392
['rnd', 152, 'fold', 4, 'pr', 0.86611435173463769, 'roc', 0.83247888366422851]
4,152,coarse : 205.84 seconds
4,152,fine : 205.85 seconds
[[1833   81]
 [  48   48]]
coarse acc: 0.936
coarse f1: 0.427
['rnd', 153, 'fold', 4, 'pr', 0.85884212037438923, 'roc', 0.82087034134447923]
[[1883   31]
 [  66   30]]
fine acc: 0.952
fine f1: 0.382
['rnd', 153, 'fold', 4, 'pr', 0.86380370832786202, 'roc', 0.82979580285614762]
4,153,coarse : 208.8 seconds
4,153,fine : 208.81 seconds
[[1834   80]
 [  48   48]]
coarse acc: 0.936
coarse f1: 0.429
['rnd', 154, 'fold', 4, 'pr', 0.8593568495379641, 'roc', 0.82119144026471613]
[[1884   30]
 [  66   30]]
fine acc: 0.952
fine f1: 0.385
['rnd', 154, 'fold', 4, 'pr', 0.86480343804629334, 'roc', 0.82959443573667713]
4,154,coarse : 211.48 seconds
4,154,fine : 211.49 seconds
[[1833   81]
 [  48   48]]
coarse acc: 0.936
coarse f1: 0.427
['rnd', 155, 'fold', 4, 'pr', 0.85960118199883684, 'roc', 0.82162138627655856]
[[1885   29]
 [  65   31]]
fine acc: 0.953
fine f1: 0.397
['rnd', 155, 'fold', 4, 'pr', 0.86386912104710223, 'roc', 0.82675352664576796]
4,155,coarse : 214.6 seconds
4,155,fine : 214.61 seconds
[[1833   81]
 [  47   49]]
coarse acc: 0.936
coarse f1: 0.434
['rnd', 156, 'fold', 4, 'pr', 0.8597138086307925, 'roc', 0.82213840996168586]
[[1882   32]
 [  65   31]]
fine acc: 0.952
fine f1: 0.390
['rnd', 156, 'fold', 4, 'pr', 0.86200169374948432, 'roc', 0.82490856844305127]
4,156,coarse : 216.67 seconds
4,156,fine : 216.69 seconds
[[1833   81]
 [  48   48]]
coarse acc: 0.936
coarse f1: 0.427
['rnd', 157, 'fold', 4, 'pr', 0.86043691977878367, 'roc', 0.82247039359108332]
[[1883   31]
 [  64   32]]
fine acc: 0.953
fine f1: 0.403
['rnd', 157, 'fold', 4, 'pr', 0.8638754965754315, 'roc', 0.82724878091257403]
4,157,coarse : 220.32 seconds
4,157,fine : 220.34 seconds
[[1828   86]
 [  47   49]]
coarse acc: 0.934
coarse f1: 0.424
['rnd', 158, 'fold', 4, 'pr', 0.85943509055799239, 'roc', 0.81987439045628696]
[[1884   30]
 [  64   32]]
fine acc: 0.953
fine f1: 0.405
['rnd', 158, 'fold', 4, 'pr', 0.86757061938229574, 'roc', 0.83319727446882619]
4,158,coarse : 221.76 seconds
4,158,fine : 221.78 seconds
[[1832   82]
 [  47   49]]
coarse acc: 0.936
coarse f1: 0.432
['rnd', 159, 'fold', 4, 'pr', 0.8602777497096743, 'roc', 0.82050026123301978]
[[1884   30]
 [  65   31]]
fine acc: 0.953
fine f1: 0.395
['rnd', 159, 'fold', 4, 'pr', 0.86714942113077575, 'roc', 0.83247344130964818]
4,159,coarse : 223.85 seconds
4,159,fine : 223.87 seconds
[[1828   86]
 [  46   50]]
coarse acc: 0.934
coarse f1: 0.431
['rnd', 160, 'fold', 4, 'pr', 0.86067471845741095, 'roc', 0.82013562347614077]
[[1886   28]
 [  65   31]]
fine acc: 0.954
fine f1: 0.400
['rnd', 160, 'fold', 4, 'pr', 0.86577401198900494, 'roc', 0.83149925983977713]
4,160,coarse : 226.78 seconds
4,160,fine : 226.8 seconds
[[1828   86]
 [  47   49]]
coarse acc: 0.934
coarse f1: 0.424
['rnd', 161, 'fold', 4, 'pr', 0.86174251664793289, 'roc', 0.82179554162312773]
[[1884   30]
 [  65   31]]
fine acc: 0.953
fine f1: 0.395
['rnd', 161, 'fold', 4, 'pr', 0.86784593656344478, 'roc', 0.8329795802856147]
4,161,coarse : 228.9 seconds
4,161,fine : 228.92 seconds
[[1828   86]
 [  47   49]]
coarse acc: 0.934
coarse f1: 0.424
['rnd', 162, 'fold', 4, 'pr', 0.86022808488583402, 'roc', 0.82061455067920586]
[[1883   31]
 [  65   31]]
fine acc: 0.952
fine f1: 0.392
['rnd', 162, 'fold', 4, 'pr', 0.86711344975130056, 'roc', 0.83141762452107282]
4,162,coarse : 231.29 seconds
4,162,fine : 231.31 seconds
[[1830   84]
 [  47   49]]
coarse acc: 0.935
coarse f1: 0.428
['rnd', 163, 'fold', 4, 'pr', 0.85997826130454913, 'roc', 0.82117511320097536]
[[1883   31]
 [  65   31]]
fine acc: 0.952
fine f1: 0.392
['rnd', 163, 'fold', 4, 'pr', 0.86688480485465913, 'roc', 0.83133598920236851]
4,163,coarse : 233.0 seconds
4,163,fine : 233.01 seconds
[[1829   85]
 [  46   50]]
coarse acc: 0.935
coarse f1: 0.433
['rnd', 164, 'fold', 4, 'pr', 0.86108559006966501, 'roc', 0.82152342389411359]
[[1884   30]
 [  64   32]]
fine acc: 0.953
fine f1: 0.405
['rnd', 164, 'fold', 4, 'pr', 0.86998039930458249, 'roc', 0.83631574364332983]
4,164,coarse : 234.87 seconds
4,164,fine : 234.89 seconds
[[1828   86]
 [  47   49]]
coarse acc: 0.934
coarse f1: 0.424
['rnd', 165, 'fold', 4, 'pr', 0.86225039251276514, 'roc', 0.82435889063044243]
[[1884   30]
 [  65   31]]
fine acc: 0.953
fine f1: 0.395
['rnd', 165, 'fold', 4, 'pr', 0.8703323221234609, 'roc', 0.83599464472309293]
4,165,coarse : 236.79 seconds
4,165,fine : 236.8 seconds
[[1827   87]
 [  47   49]]
coarse acc: 0.933
coarse f1: 0.422
['rnd', 166, 'fold', 4, 'pr', 0.86152877188225208, 'roc', 0.82337382445141072]
[[1885   29]
 [  64   32]]
fine acc: 0.954
fine f1: 0.408
['rnd', 166, 'fold', 4, 'pr', 0.87168065387256743, 'roc', 0.83723005921281779]
4,166,coarse : 240.11 seconds
4,166,fine : 240.13 seconds
[[1830   84]
 [  48   48]]
coarse acc: 0.934
coarse f1: 0.421
['rnd', 167, 'fold', 4, 'pr', 0.86176389985353274, 'roc', 0.82429358237547889]
[[1885   29]
 [  64   32]]
fine acc: 0.954
fine f1: 0.408
['rnd', 167, 'fold', 4, 'pr', 0.87188778692966862, 'roc', 0.83734979101358409]
4,167,coarse : 243.79 seconds
4,167,fine : 243.81 seconds
[[1830   84]
 [  47   49]]
coarse acc: 0.935
coarse f1: 0.428
['rnd', 168, 'fold', 4, 'pr', 0.86101943700410788, 'roc', 0.8230309561128526]
[[1885   29]
 [  64   32]]
fine acc: 0.954
fine f1: 0.408
['rnd', 168, 'fold', 4, 'pr', 0.87097116012662634, 'roc', 0.83611981887843967]
4,168,coarse : 247.22 seconds
4,168,fine : 247.24 seconds
[[1830   84]
 [  46   50]]
coarse acc: 0.935
coarse f1: 0.435
['rnd', 169, 'fold', 4, 'pr', 0.86072835395557967, 'roc', 0.82243229710902133]
[[1885   29]
 [  64   32]]
fine acc: 0.954
fine f1: 0.408
['rnd', 169, 'fold', 4, 'pr', 0.87061901278396114, 'roc', 0.83536333159177967]
4,169,coarse : 249.8 seconds
4,169,fine : 249.82 seconds
[[1832   82]
 [  46   50]]
coarse acc: 0.936
coarse f1: 0.439
['rnd', 170, 'fold', 4, 'pr', 0.86137098645872323, 'roc', 0.82272618425635669]
[[1885   29]
 [  64   32]]
fine acc: 0.954
fine f1: 0.408
['rnd', 170, 'fold', 4, 'pr', 0.87083322289376286, 'roc', 0.83561912225705326]
4,170,coarse : 251.96 seconds
4,170,fine : 251.97 seconds
[[1832   82]
 [  47   49]]
coarse acc: 0.936
coarse f1: 0.432
['rnd', 171, 'fold', 4, 'pr', 0.86160355874545613, 'roc', 0.82312347614071746]
[[1886   28]
 [  63   33]]
fine acc: 0.955
fine f1: 0.420
['rnd', 171, 'fold', 4, 'pr', 0.87222340109515739, 'roc', 0.83892263148728663]
4,171,coarse : 254.55 seconds
4,171,fine : 254.56 seconds
[[1826   88]
 [  47   49]]
coarse acc: 0.933
coarse f1: 0.421
['rnd', 172, 'fold', 4, 'pr', 0.86323539894091961, 'roc', 0.82503918495297801]
[[1887   27]
 [  63   33]]
fine acc: 0.955
fine f1: 0.423
['rnd', 172, 'fold', 4, 'pr', 0.87393863508567915, 'roc', 0.84159482758620685]
4,172,coarse : 257.19 seconds
4,172,fine : 257.21 seconds
