home
all           0      1    2    3    4    5    6    7    8    
1      2010   1914   1    19   32   19   1    11   6    7    
2      2010   1914   1    19   32   19   1    11   6    7    
3      2010   1914   1    19   32   19   1    11   5    8    
4      2010   1914   1    19   32   19   1    10   6    8    
5      2010   1914   1    18   33   19   1    10   6    8    
6      2010   1914   1    18   33   19   1    10   6    8    
7      2010   1913   2    18   33   19   1    10   6    8    
8      2010   1913   2    18   33   19   1    10   6    8    
9      2009   1913   2    18   32   19   2    10   6    7    
10     2009   1913   1    19   32   19   1    11   6    7    
Total  20098  19136  13   185  324  190  11   104  59   76   
train         0      1    2    3    4    5    6    7    8    
1      2010   1914   1    19   32   19   1    11   6    7    
2      2010   1914   1    19   32   19   1    11   6    7    
3      2010   1914   1    19   32   19   1    11   5    8    
4      2010   1914   1    19   32   19   1    10   6    8    
5      2010   1914   1    18   33   19   1    10   6    8    
6      2010   1914   1    18   33   19   1    10   6    8    
8      2010   1913   2    18   33   19   1    10   6    8    
9      2009   1913   2    18   32   19   2    10   6    7    
10     2009   1913   1    19   32   19   1    11   6    7    
Total  18088  17223  11   167  291  171  10   94   53   68   
test          0      1    2    3    4    5    6    7    8    
7      2010   1913   2    18   33   19   1    10   6    8    
Total  2010   1913   2    18   33   19   1    10   6    8    
Classes             
0         17223     
1         11        
2         167       
3         291       
4         171       
5         10        
6         94        
7         53        
8         68        
Total     18088     

Shape: 450       

[952, 10, 11, 16, 11, 10, 10, 10, 10]
Sum start => 1040
[[1826   87]
 [  56   41]]
coarse acc: 0.929
coarse f1: 0.364
['rnd', 1, 'fold', 7, 'pr', 0.86693139487324933, 'roc', 0.8668039081488027]
[[1913    0]
 [  94    3]]
fine acc: 0.953
fine f1: 0.060
['rnd', 1, 'fold', 7, 'pr', 0.79982113282670597, 'roc', 0.80258243919789174]
7,1,coarse : 29.19 seconds
7,1,fine : 29.2 seconds
[[1826   87]
 [  56   41]]
coarse acc: 0.929
coarse f1: 0.364
['rnd', 2, 'fold', 7, 'pr', 0.86693139487324933, 'roc', 0.8668039081488027]
[[1913    0]
 [  94    3]]
fine acc: 0.953
fine f1: 0.060
['rnd', 2, 'fold', 7, 'pr', 0.79982113282670597, 'roc', 0.80258243919789174]
7,2,coarse : 32.83 seconds
7,2,fine : 32.83 seconds
[[1814   99]
 [  48   49]]
coarse acc: 0.927
coarse f1: 0.400
['rnd', 3, 'fold', 7, 'pr', 0.87462362078222033, 'roc', 0.87549646746891863]
[[1913    0]
 [  93    4]]
fine acc: 0.954
fine f1: 0.079
['rnd', 3, 'fold', 7, 'pr', 0.81194929607916211, 'roc', 0.81455154908628424]
7,3,coarse : 5.77 seconds
7,3,fine : 5.77 seconds
[[1814   99]
 [  49   48]]
coarse acc: 0.926
coarse f1: 0.393
['rnd', 4, 'fold', 7, 'pr', 0.87620173863725648, 'roc', 0.87688684583506227]
[[1913    0]
 [  92    5]]
fine acc: 0.954
fine f1: 0.098
['rnd', 4, 'fold', 7, 'pr', 0.80135568147902514, 'roc', 0.8011381701974013]
7,4,coarse : 6.0 seconds
7,4,fine : 6.01 seconds
[[1820   93]
 [  52   45]]
coarse acc: 0.928
coarse f1: 0.383
['rnd', 5, 'fold', 7, 'pr', 0.87309497748344134, 'roc', 0.87377735623326003]
[[1912    1]
 [  93    4]]
fine acc: 0.953
fine f1: 0.078
['rnd', 5, 'fold', 7, 'pr', 0.81127981280346606, 'roc', 0.81580720086656122]
7,5,coarse : 6.37 seconds
7,5,fine : 6.38 seconds
[[1823   90]
 [  53   44]]
coarse acc: 0.929
coarse f1: 0.381
['rnd', 6, 'fold', 7, 'pr', 0.87731954911311805, 'roc', 0.87767903815995818]
[[1911    2]
 [  93    4]]
fine acc: 0.953
fine f1: 0.078
['rnd', 6, 'fold', 7, 'pr', 0.81328018345317343, 'roc', 0.81595270557929733]
7,6,coarse : 6.85 seconds
7,6,fine : 6.85 seconds
[[1824   89]
 [  56   41]]
coarse acc: 0.928
coarse f1: 0.361
['rnd', 7, 'fold', 7, 'pr', 0.88229309379385934, 'roc', 0.88408124552034106]
[[1909    4]
 [  90    7]]
fine acc: 0.953
fine f1: 0.130
['rnd', 7, 'fold', 7, 'pr', 0.81533570020937574, 'roc', 0.8111160211466848]
7,7,coarse : 7.25 seconds
7,7,fine : 7.26 seconds
[[1833   80]
 [  50   47]]
coarse acc: 0.935
coarse f1: 0.420
['rnd', 8, 'fold', 7, 'pr', 0.88188965333367486, 'roc', 0.87965951897219774]
[[1911    2]
 [  91    6]]
fine acc: 0.954
fine f1: 0.114
['rnd', 8, 'fold', 7, 'pr', 0.82010461648862099, 'roc', 0.81900291548331816]
7,8,coarse : 7.73 seconds
7,8,fine : 7.73 seconds
[[1832   81]
 [  50   47]]
coarse acc: 0.935
coarse f1: 0.418
['rnd', 9, 'fold', 7, 'pr', 0.88316048066706421, 'roc', 0.88176394824343485]
[[1910    3]
 [  91    6]]
fine acc: 0.953
fine f1: 0.113
['rnd', 9, 'fold', 7, 'pr', 0.83025871910595461, 'roc', 0.82900501721805753]
7,9,coarse : 8.19 seconds
7,9,fine : 8.2 seconds
[[1824   89]
 [  48   49]]
coarse acc: 0.932
coarse f1: 0.417
['rnd', 10, 'fold', 7, 'pr', 0.87985736005059678, 'roc', 0.87932809157096581]
[[1911    2]
 [  91    6]]
fine acc: 0.954
fine f1: 0.114
['rnd', 10, 'fold', 7, 'pr', 0.83049194352432854, 'roc', 0.82575002290351962]
7,10,coarse : 8.75 seconds
7,10,fine : 8.75 seconds
[[1831   82]
 [  48   49]]
coarse acc: 0.935
coarse f1: 0.430
['rnd', 11, 'fold', 7, 'pr', 0.88294101605916175, 'roc', 0.883628564191829]
[[1910    3]
 [  91    6]]
fine acc: 0.953
fine f1: 0.113
['rnd', 11, 'fold', 7, 'pr', 0.81687979336079852, 'roc', 0.81336056606722329]
7,11,coarse : 8.97 seconds
7,11,fine : 8.98 seconds
[[1831   82]
 [  49   48]]
coarse acc: 0.935
coarse f1: 0.423
['rnd', 12, 'fold', 7, 'pr', 0.88470170342501564, 'roc', 0.8847979909571515]
[[1909    4]
 [  93    4]]
fine acc: 0.952
fine f1: 0.076
['rnd', 12, 'fold', 7, 'pr', 0.81915331202210162, 'roc', 0.8140126427428177]
7,12,coarse : 9.41 seconds
7,12,fine : 9.41 seconds
[[1837   76]
 [  54   43]]
coarse acc: 0.935
coarse f1: 0.398
['rnd', 13, 'fold', 7, 'pr', 0.87807780075169339, 'roc', 0.8796810752259363]
[[1911    2]
 [  91    6]]
fine acc: 0.954
fine f1: 0.114
['rnd', 13, 'fold', 7, 'pr', 0.81710515545537821, 'roc', 0.80896578483625337]
7,13,coarse : 9.97 seconds
7,13,fine : 9.98 seconds
[[1841   72]
 [  53   44]]
coarse acc: 0.938
coarse f1: 0.413
['rnd', 14, 'fold', 7, 'pr', 0.87708223088997261, 'roc', 0.8743216516401614]
[[1909    4]
 [  89    8]]
fine acc: 0.954
fine f1: 0.147
['rnd', 14, 'fold', 7, 'pr', 0.81927455716729702, 'roc', 0.80904392625605581]
7,14,coarse : 10.37 seconds
7,14,fine : 10.37 seconds
[[1845   68]
 [  54   43]]
coarse acc: 0.939
coarse f1: 0.413
['rnd', 15, 'fold', 7, 'pr', 0.87967626324505843, 'roc', 0.87481205641271609]
[[1908    5]
 [  88    9]]
fine acc: 0.954
fine f1: 0.162
['rnd', 15, 'fold', 7, 'pr', 0.82468899279215246, 'roc', 0.81095165471192754]
7,15,coarse : 11.0 seconds
7,15,fine : 11.01 seconds
[[1846   67]
 [  54   43]]
coarse acc: 0.940
coarse f1: 0.415
['rnd', 16, 'fold', 7, 'pr', 0.87947388600203502, 'roc', 0.8753752135416385]
[[1908    5]
 [  89    8]]
fine acc: 0.953
fine f1: 0.145
['rnd', 16, 'fold', 7, 'pr', 0.82219216123827854, 'roc', 0.81002204126944777]
7,16,coarse : 11.92 seconds
7,16,fine : 11.93 seconds
[[1841   72]
 [  52   45]]
coarse acc: 0.938
coarse f1: 0.421
['rnd', 17, 'fold', 7, 'pr', 0.88280325252655933, 'roc', 0.87560963780104639]
[[1904    9]
 [  88    9]]
fine acc: 0.952
fine f1: 0.157
['rnd', 17, 'fold', 7, 'pr', 0.82784286613032521, 'roc', 0.80771282758769347]
7,17,coarse : 12.31 seconds
7,17,fine : 12.31 seconds
[[1839   74]
 [  51   46]]
coarse acc: 0.938
coarse f1: 0.424
['rnd', 18, 'fold', 7, 'pr', 0.87988611211754142, 'roc', 0.86931790624107441]
[[1906    7]
 [  89    8]]
fine acc: 0.952
fine f1: 0.143
['rnd', 18, 'fold', 7, 'pr', 0.82710969744220786, 'roc', 0.81139355791357004]
7,18,coarse : 12.69 seconds
7,18,fine : 12.7 seconds
[[1836   77]
 [  47   50]]
coarse acc: 0.938
coarse f1: 0.446
['rnd', 19, 'fold', 7, 'pr', 0.8842803475080222, 'roc', 0.87175376291354323]
[[1907    6]
 [  86   11]]
fine acc: 0.954
fine f1: 0.193
['rnd', 19, 'fold', 7, 'pr', 0.8503279644643279, 'roc', 0.83216570292248904]
7,19,coarse : 13.1 seconds
7,19,fine : 13.1 seconds
[[1835   78]
 [  51   46]]
coarse acc: 0.936
coarse f1: 0.416
['rnd', 20, 'fold', 7, 'pr', 0.88060344034837712, 'roc', 0.86717575352579468]
[[1907    6]
 [  84   13]]
fine acc: 0.955
fine f1: 0.224
['rnd', 20, 'fold', 7, 'pr', 0.85230215116483898, 'roc', 0.83632067083061634]
7,20,coarse : 13.73 seconds
7,20,fine : 13.73 seconds
[[1829   84]
 [  52   45]]
coarse acc: 0.932
coarse f1: 0.398
['rnd', 21, 'fold', 7, 'pr', 0.88097137164841333, 'roc', 0.87050350019670075]
[[1904    9]
 [  83   14]]
fine acc: 0.954
fine f1: 0.233
['rnd', 21, 'fold', 7, 'pr', 0.84798519886694201, 'roc', 0.83295789524738495]
7,21,coarse : 14.58 seconds
7,21,fine : 14.58 seconds
[[1835   78]
 [  50   47]]
coarse acc: 0.936
coarse f1: 0.423
['rnd', 22, 'fold', 7, 'pr', 0.87964252033940904, 'roc', 0.86961699926169822]
[[1904    9]
 [  82   15]]
fine acc: 0.955
fine f1: 0.248
['rnd', 22, 'fold', 7, 'pr', 0.84866437385644056, 'roc', 0.83876191656651977]
7,22,coarse : 14.93 seconds
7,22,fine : 14.93 seconds
[[1837   76]
 [  51   46]]
coarse acc: 0.937
coarse f1: 0.420
['rnd', 23, 'fold', 7, 'pr', 0.88122191703484665, 'roc', 0.86962777738856767]
[[1904    9]
 [  82   15]]
fine acc: 0.955
fine f1: 0.248
['rnd', 23, 'fold', 7, 'pr', 0.8537308197224539, 'roc', 0.83689191155469078]
7,23,coarse : 15.48 seconds
7,23,fine : 15.49 seconds
[[1840   73]
 [  50   47]]
coarse acc: 0.939
coarse f1: 0.433
['rnd', 24, 'fold', 7, 'pr', 0.88377652996839184, 'roc', 0.87077025883671666]
[[1905    8]
 [  80   17]]
fine acc: 0.956
fine f1: 0.279
['rnd', 24, 'fold', 7, 'pr', 0.85815961790410467, 'roc', 0.84115735526322877]
7,24,coarse : 16.14 seconds
7,24,fine : 16.15 seconds
[[1847   66]
 [  50   47]]
coarse acc: 0.942
coarse f1: 0.448
['rnd', 25, 'fold', 7, 'pr', 0.87749697872170851, 'roc', 0.86375369824478199]
[[1904    9]
 [  79   18]]
fine acc: 0.956
fine f1: 0.290
['rnd', 25, 'fold', 7, 'pr', 0.84922769209902527, 'roc', 0.83364230630358749]
7,25,coarse : 17.2 seconds
7,25,fine : 17.2 seconds
[[1847   66]
 [  51   46]]
coarse acc: 0.942
coarse f1: 0.440
['rnd', 26, 'fold', 7, 'pr', 0.88061874443345001, 'roc', 0.86879786161962902]
[[1905    8]
 [  82   15]]
fine acc: 0.955
fine f1: 0.250
['rnd', 26, 'fold', 7, 'pr', 0.85283992483207138, 'roc', 0.83900981348451442]
7,26,coarse : 17.3 seconds
7,26,fine : 17.3 seconds
[[1851   62]
 [  51   46]]
coarse acc: 0.944
coarse f1: 0.449
['rnd', 27, 'fold', 7, 'pr', 0.87736252947354532, 'roc', 0.86431146631026989]
[[1905    8]
 [  80   17]]
fine acc: 0.956
fine f1: 0.279
['rnd', 27, 'fold', 7, 'pr', 0.84940071251654725, 'roc', 0.83193397319479845]
7,27,coarse : 18.15 seconds
7,27,fine : 18.16 seconds
[[1852   61]
 [  53   44]]
coarse acc: 0.943
coarse f1: 0.436
['rnd', 28, 'fold', 7, 'pr', 0.87974953161768843, 'roc', 0.86699521990073336]
[[1897   16]
 [  80   17]]
fine acc: 0.952
fine f1: 0.262
['rnd', 28, 'fold', 7, 'pr', 0.85019161848881752, 'roc', 0.83920920883159711]
7,28,coarse : 18.89 seconds
7,28,fine : 18.9 seconds
[[1848   65]
 [  50   47]]
coarse acc: 0.943
coarse f1: 0.450
['rnd', 29, 'fold', 7, 'pr', 0.87407113915539125, 'roc', 0.85936161154552948]
[[1900   13]
 [  83   14]]
fine acc: 0.952
fine f1: 0.226
['rnd', 29, 'fold', 7, 'pr', 0.85270812676795926, 'roc', 0.84158848033800204]
7,29,coarse : 19.77 seconds
7,29,fine : 19.78 seconds
[[1843   70]
 [  51   46]]
coarse acc: 0.940
coarse f1: 0.432
['rnd', 30, 'fold', 7, 'pr', 0.87825537383439511, 'roc', 0.86630811431281352]
[[1898   15]
 [  80   17]]
fine acc: 0.953
fine f1: 0.264
['rnd', 30, 'fold', 7, 'pr', 0.86045727355119972, 'roc', 0.84925711760553124]
7,30,coarse : 20.03 seconds
7,30,fine : 20.04 seconds
[[1848   65]
 [  51   46]]
coarse acc: 0.942
coarse f1: 0.442
['rnd', 31, 'fold', 7, 'pr', 0.87363699200800893, 'roc', 0.85922957949138012]
[[1901   12]
 [  80   17]]
fine acc: 0.954
fine f1: 0.270
['rnd', 31, 'fold', 7, 'pr', 0.85131197187799046, 'roc', 0.83931160103685576]
7,31,coarse : 20.95 seconds
7,31,fine : 20.95 seconds
[[1852   61]
 [  52   45]]
coarse acc: 0.944
coarse f1: 0.443
['rnd', 32, 'fold', 7, 'pr', 0.87264456096792975, 'roc', 0.8572302369571192]
[[1898   15]
 [  77   20]]
fine acc: 0.954
fine f1: 0.303
['rnd', 32, 'fold', 7, 'pr', 0.85888612236619122, 'roc', 0.84498359030184123]
7,32,coarse : 22.3 seconds
7,32,fine : 22.3 seconds
[[1849   64]
 [  52   45]]
coarse acc: 0.942
coarse f1: 0.437
['rnd', 33, 'fold', 7, 'pr', 0.8775213437713133, 'roc', 0.864077042050862]
[[1899   14]
 [  76   21]]
fine acc: 0.955
fine f1: 0.318
['rnd', 33, 'fold', 7, 'pr', 0.85901259554320508, 'roc', 0.84367404788721767]
7,33,coarse : 22.38 seconds
7,33,fine : 22.38 seconds
[[1848   65]
 [  52   45]]
coarse acc: 0.942
coarse f1: 0.435
['rnd', 34, 'fold', 7, 'pr', 0.87912587417092647, 'roc', 0.86678504642678145]
[[1900   13]
 [  77   20]]
fine acc: 0.955
fine f1: 0.308
['rnd', 34, 'fold', 7, 'pr', 0.85780008888763515, 'roc', 0.8441213401522949]
7,34,coarse : 22.86 seconds
7,34,fine : 22.86 seconds
[[1853   60]
 [  52   45]]
coarse acc: 0.944
coarse f1: 0.446
['rnd', 35, 'fold', 7, 'pr', 0.87979645647874472, 'roc', 0.86727006213590141]
[[1902   11]
 [  74   23]]
fine acc: 0.958
fine f1: 0.351
['rnd', 35, 'fold', 7, 'pr', 0.8589183046672918, 'roc', 0.84512370595114272]
7,35,coarse : 23.92 seconds
7,35,fine : 23.93 seconds
[[1855   58]
 [  51   46]]
coarse acc: 0.946
coarse f1: 0.458
['rnd', 36, 'fold', 7, 'pr', 0.87957421316680251, 'roc', 0.8663889502643336]
[[1901   12]
 [  73   24]]
fine acc: 0.958
fine f1: 0.361
['rnd', 36, 'fold', 7, 'pr', 0.86465018378926384, 'roc', 0.8546892935476742]
7,36,coarse : 25.03 seconds
7,36,fine : 25.04 seconds
[[1845   68]
 [  51   46]]
coarse acc: 0.941
coarse f1: 0.436
['rnd', 37, 'fold', 7, 'pr', 0.8786125916380142, 'roc', 0.86515485473779508]
[[1900   13]
 [  73   24]]
fine acc: 0.957
fine f1: 0.358
['rnd', 37, 'fold', 7, 'pr', 0.86139965969493748, 'roc', 0.84668653434719565]
7,37,coarse : 25.12 seconds
7,37,fine : 25.12 seconds
[[1846   67]
 [  51   46]]
coarse acc: 0.941
coarse f1: 0.438
['rnd', 38, 'fold', 7, 'pr', 0.87599526443798603, 'roc', 0.86256002069400362]
[[1900   13]
 [  76   21]]
fine acc: 0.956
fine f1: 0.321
['rnd', 38, 'fold', 7, 'pr', 0.86176796449114856, 'roc', 0.84589434202229985]
7,38,coarse : 26.09 seconds
7,38,fine : 26.1 seconds
[[1846   67]
 [  50   47]]
coarse acc: 0.942
coarse f1: 0.445
['rnd', 39, 'fold', 7, 'pr', 0.87625262657936487, 'roc', 0.86365130603952345]
[[1898   15]
 [  73   24]]
fine acc: 0.956
fine f1: 0.353
['rnd', 39, 'fold', 7, 'pr', 0.86318756330300972, 'roc', 0.8482466682115315]
7,39,coarse : 27.77 seconds
7,39,fine : 27.77 seconds
[[1849   64]
 [  50   47]]
coarse acc: 0.943
coarse f1: 0.452
['rnd', 40, 'fold', 7, 'pr', 0.87604818501912662, 'roc', 0.86346807788274471]
[[1900   13]
 [  71   26]]
fine acc: 0.958
fine f1: 0.382
['rnd', 40, 'fold', 7, 'pr', 0.86729375050873703, 'roc', 0.85177381022952026]
7,40,coarse : 27.48 seconds
7,40,fine : 27.49 seconds
[[1849   64]
 [  52   45]]
coarse acc: 0.942
coarse f1: 0.437
['rnd', 41, 'fold', 7, 'pr', 0.87701875531519213, 'roc', 0.86520335630870704]
[[1901   12]
 [  71   26]]
fine acc: 0.959
fine f1: 0.385
['rnd', 41, 'fold', 7, 'pr', 0.86699269526666878, 'roc', 0.85002775367668837]
7,41,coarse : 28.35 seconds
7,41,fine : 28.35 seconds
[[1850   63]
 [  52   45]]
coarse acc: 0.943
coarse f1: 0.439
['rnd', 42, 'fold', 7, 'pr', 0.87852786503562619, 'roc', 0.86650212059646148]
[[1900   13]
 [  71   26]]
fine acc: 0.958
fine f1: 0.382
['rnd', 42, 'fold', 7, 'pr', 0.8641809046421618, 'roc', 0.8478128486050408]
7,42,coarse : 30.17 seconds
7,42,fine : 30.18 seconds
[[1851   62]
 [  50   47]]
coarse acc: 0.944
coarse f1: 0.456
['rnd', 43, 'fold', 7, 'pr', 0.87984076770824027, 'roc', 0.86659104014313348]
[[1900   13]
 [  74   23]]
fine acc: 0.957
fine f1: 0.346
['rnd', 43, 'fold', 7, 'pr', 0.8689771149930392, 'roc', 0.8534309472356798]
7,43,coarse : 29.85 seconds
7,43,fine : 29.86 seconds
[[1848   65]
 [  48   49]]
coarse acc: 0.944
coarse f1: 0.464
['rnd', 44, 'fold', 7, 'pr', 0.88231429215359802, 'roc', 0.86817273026120789]
[[1903   10]
 [  71   26]]
fine acc: 0.960
fine f1: 0.391
['rnd', 44, 'fold', 7, 'pr', 0.8730765891762875, 'roc', 0.85808979257494833]
7,44,coarse : 31.38 seconds
7,44,fine : 31.39 seconds
[[1846   67]
 [  49   48]]
coarse acc: 0.942
coarse f1: 0.453
['rnd', 45, 'fold', 7, 'pr', 0.88296438621918583, 'roc', 0.86931251717763969]
[[1902   11]
 [  71   26]]
fine acc: 0.959
fine f1: 0.388
['rnd', 45, 'fold', 7, 'pr', 0.87707453544160108, 'roc', 0.86203997607255833]
7,45,coarse : 33.71 seconds
7,45,fine : 33.72 seconds
[[1847   66]
 [  50   47]]
coarse acc: 0.942
coarse f1: 0.448
['rnd', 46, 'fold', 7, 'pr', 0.88343515676307971, 'roc', 0.87054661270417821]
[[1902   11]
 [  70   27]]
fine acc: 0.960
fine f1: 0.400
['rnd', 46, 'fold', 7, 'pr', 0.88260205924093915, 'roc', 0.86863080065315446]
7,46,coarse : 32.55 seconds
7,46,fine : 32.56 seconds
[[1847   66]
 [  50   47]]
coarse acc: 0.942
coarse f1: 0.448
['rnd', 47, 'fold', 7, 'pr', 0.8834031365885906, 'roc', 0.87133611049735671]
[[1901   12]
 [  71   26]]
fine acc: 0.959
fine f1: 0.385
['rnd', 47, 'fold', 7, 'pr', 0.88334311220503259, 'roc', 0.86891911554690904]
7,47,coarse : 34.17 seconds
7,47,fine : 34.18 seconds
[[1847   66]
 [  47   50]]
coarse acc: 0.944
coarse f1: 0.469
['rnd', 48, 'fold', 7, 'pr', 0.8839139619139279, 'roc', 0.87064900490943675]
[[1902   11]
 [  72   25]]
fine acc: 0.959
fine f1: 0.376
['rnd', 48, 'fold', 7, 'pr', 0.88482101921555556, 'roc', 0.87190196215799665]
7,48,coarse : 35.74 seconds
7,48,fine : 35.74 seconds
[[1851   62]
 [  47   50]]
coarse acc: 0.946
coarse f1: 0.478
['rnd', 49, 'fold', 7, 'pr', 0.88271162894891997, 'roc', 0.8678547755185626]
[[1897   16]
 [  73   24]]
fine acc: 0.956
fine f1: 0.350
['rnd', 49, 'fold', 7, 'pr', 0.88734423327058465, 'roc', 0.87480666734928136]
7,49,coarse : 35.14 seconds
7,49,fine : 35.15 seconds
[[1847   66]
 [  47   50]]
coarse acc: 0.944
coarse f1: 0.469
['rnd', 50, 'fold', 7, 'pr', 0.885643269710916, 'roc', 0.87175915197697784]
[[1896   17]
 [  71   26]]
fine acc: 0.956
fine f1: 0.371
['rnd', 50, 'fold', 7, 'pr', 0.88667071620940185, 'roc', 0.87473660952463073]
7,50,coarse : 39.19 seconds
7,50,fine : 39.2 seconds
[[1847   66]
 [  47   50]]
coarse acc: 0.944
coarse f1: 0.469
['rnd', 51, 'fold', 7, 'pr', 0.88395273104922323, 'roc', 0.87005890246334083]
[[1899   14]
 [  71   26]]
fine acc: 0.958
fine f1: 0.380
['rnd', 51, 'fold', 7, 'pr', 0.88547876924272628, 'roc', 0.87342706711000695]
7,51,coarse : 38.67 seconds
7,51,fine : 38.67 seconds
[[1836   77]
 [  46   51]]
coarse acc: 0.939
coarse f1: 0.453
['rnd', 52, 'fold', 7, 'pr', 0.88343116133414601, 'roc', 0.87166484336687122]
[[1899   14]
 [  71   26]]
fine acc: 0.958
fine f1: 0.380
['rnd', 52, 'fold', 7, 'pr', 0.88531803764534422, 'roc', 0.87231422551074844]
7,52,coarse : 38.38 seconds
7,52,fine : 38.39 seconds
[[1837   76]
 [  49   48]]
coarse acc: 0.938
coarse f1: 0.434
['rnd', 53, 'fold', 7, 'pr', 0.88656723019124428, 'roc', 0.87752544985207026]
[[1900   13]
 [  69   28]]
fine acc: 0.959
fine f1: 0.406
['rnd', 53, 'fold', 7, 'pr', 0.88849498120297621, 'roc', 0.87477433296867346]
7,53,coarse : 41.8 seconds
7,53,fine : 41.8 seconds
[[1843   70]
 [  47   50]]
coarse acc: 0.942
coarse f1: 0.461
['rnd', 54, 'fold', 7, 'pr', 0.88892779208238759, 'roc', 0.87627249260351037]
[[1903   10]
 [  69   28]]
fine acc: 0.961
fine f1: 0.415
['rnd', 54, 'fold', 7, 'pr', 0.89168024019852921, 'roc', 0.87770867800884889]
7,54,coarse : 40.93 seconds
7,54,fine : 40.94 seconds
[[1836   77]
 [  47   50]]
coarse acc: 0.938
coarse f1: 0.446
['rnd', 55, 'fold', 7, 'pr', 0.88895017510798346, 'roc', 0.88073463712741362]
[[1904    9]
 [  68   29]]
fine acc: 0.962
fine f1: 0.430
['rnd', 55, 'fold', 7, 'pr', 0.88910014677078453, 'roc', 0.87369382575002286]
7,55,coarse : 42.5 seconds
7,55,fine : 42.51 seconds
[[1843   70]
 [  47   50]]
coarse acc: 0.942
coarse f1: 0.461
['rnd', 56, 'fold', 7, 'pr', 0.88952201982946844, 'roc', 0.88019573078394697]
[[1900   13]
 [  68   29]]
fine acc: 0.960
fine f1: 0.417
['rnd', 56, 'fold', 7, 'pr', 0.88543752652854013, 'roc', 0.86722964416014148]
7,56,coarse : 45.11 seconds
7,56,fine : 45.12 seconds
[[1842   71]
 [  47   50]]
coarse acc: 0.941
coarse f1: 0.459
['rnd', 57, 'fold', 7, 'pr', 0.89156762553251168, 'roc', 0.88187172951212811]
[[1901   12]
 [  68   29]]
fine acc: 0.960
fine f1: 0.420
['rnd', 57, 'fold', 7, 'pr', 0.88615182378985935, 'roc', 0.86725389494559735]
7,57,coarse : 43.9 seconds
7,57,fine : 43.91 seconds
[[1842   71]
 [  46   51]]
coarse acc: 0.942
coarse f1: 0.466
['rnd', 58, 'fold', 7, 'pr', 0.88943430706757631, 'roc', 0.88061607773185091]
[[1899   14]
 [  66   31]]
fine acc: 0.960
fine f1: 0.437
['rnd', 58, 'fold', 7, 'pr', 0.88660610629351222, 'roc', 0.86812153415857851]
7,58,coarse : 48.11 seconds
7,58,fine : 48.11 seconds
[[1839   74]
 [  48   49]]
coarse acc: 0.939
coarse f1: 0.445
['rnd', 59, 'fold', 7, 'pr', 0.88788277490609047, 'roc', 0.87893468994023527]
[[1901   12]
 [  66   31]]
fine acc: 0.961
fine f1: 0.443
['rnd', 59, 'fold', 7, 'pr', 0.88758975524486627, 'roc', 0.86687127144173615]
7,59,coarse : 47.3 seconds
7,59,fine : 47.31 seconds
[[1836   77]
 [  46   51]]
coarse acc: 0.939
coarse f1: 0.453
['rnd', 60, 'fold', 7, 'pr', 0.88770605078083176, 'roc', 0.87700271069890756]
[[1901   12]
 [  66   31]]
fine acc: 0.961
fine f1: 0.443
['rnd', 60, 'fold', 7, 'pr', 0.88514293697951052, 'roc', 0.86302886921281952]
7,60,coarse : 48.41 seconds
7,60,fine : 48.42 seconds
[[1837   76]
 [  47   50]]
coarse acc: 0.939
coarse f1: 0.448
['rnd', 61, 'fold', 7, 'pr', 0.88627483007440988, 'roc', 0.8762509363497718]
[[1902   11]
 [  66   31]]
fine acc: 0.962
fine f1: 0.446
['rnd', 61, 'fold', 7, 'pr', 0.88748287993571451, 'roc', 0.86643745183524556]
7,61,coarse : 50.91 seconds
7,61,fine : 50.92 seconds
[[1841   72]
 [  45   52]]
coarse acc: 0.942
coarse f1: 0.471
['rnd', 62, 'fold', 7, 'pr', 0.88611169504016685, 'roc', 0.87655811296554764]
[[1900   13]
 [  67   30]]
fine acc: 0.960
fine f1: 0.429
['rnd', 62, 'fold', 7, 'pr', 0.88878684294286547, 'roc', 0.8668551042514322]
7,62,coarse : 49.79 seconds
7,62,fine : 49.8 seconds
[[1844   69]
 [  45   52]]
coarse acc: 0.943
coarse f1: 0.477
['rnd', 63, 'fold', 7, 'pr', 0.88574407363384289, 'roc', 0.87574975345034778]
[[1898   15]
 [  66   31]]
fine acc: 0.960
fine f1: 0.434
['rnd', 63, 'fold', 7, 'pr', 0.8858875247757052, 'roc', 0.86580154234995499]
7,63,coarse : 54.14 seconds
7,63,fine : 54.15 seconds
[[1837   76]
 [  46   51]]
coarse acc: 0.939
coarse f1: 0.455
['rnd', 64, 'fold', 7, 'pr', 0.88758934818779234, 'roc', 0.87774370692117409]
[[1898   15]
 [  66   31]]
fine acc: 0.960
fine f1: 0.434
['rnd', 64, 'fold', 7, 'pr', 0.88574369863361546, 'roc', 0.86571262280328298]
7,64,coarse : 51.78 seconds
7,64,fine : 51.8 seconds
[[1840   73]
 [  48   49]]
coarse acc: 0.940
coarse f1: 0.447
['rnd', 65, 'fold', 7, 'pr', 0.88631085605912541, 'roc', 0.8747635548418039]
[[1899   14]
 [  66   31]]
fine acc: 0.960
fine f1: 0.437
['rnd', 65, 'fold', 7, 'pr', 0.88667715839244865, 'roc', 0.86698983083729897]
7,65,coarse : 55.34 seconds
7,65,fine : 55.35 seconds
[[1842   71]
 [  47   50]]
coarse acc: 0.941
coarse f1: 0.459
['rnd', 66, 'fold', 7, 'pr', 0.88552989566167462, 'roc', 0.87497911737919065]
[[1897   16]
 [  66   31]]
fine acc: 0.959
fine f1: 0.431
['rnd', 66, 'fold', 7, 'pr', 0.88795210970214433, 'roc', 0.86858229908224249]
7,66,coarse : 55.6 seconds
7,66,fine : 55.61 seconds
[[1840   73]
 [  49   48]]
coarse acc: 0.939
coarse f1: 0.440
['rnd', 67, 'fold', 7, 'pr', 0.88185797732584248, 'roc', 0.87070289554378333]
[[1899   14]
 [  66   31]]
fine acc: 0.960
fine f1: 0.437
['rnd', 67, 'fold', 7, 'pr', 0.88824897556907956, 'roc', 0.8683263185690957]
7,67,coarse : 56.48 seconds
7,67,fine : 56.49 seconds
[[1842   71]
 [  48   49]]
coarse acc: 0.941
coarse f1: 0.452
['rnd', 68, 'fold', 7, 'pr', 0.88484577081173921, 'roc', 0.87224686221781522]
[[1898   15]
 [  67   30]]
fine acc: 0.959
fine f1: 0.423
['rnd', 68, 'fold', 7, 'pr', 0.88884845965791603, 'roc', 0.86672576672900015]
7,68,coarse : 58.51 seconds
7,68,fine : 58.52 seconds
[[1847   66]
 [  47   50]]
coarse acc: 0.944
coarse f1: 0.469
['rnd', 69, 'fold', 7, 'pr', 0.88481570499796591, 'roc', 0.87236272708166041]
[[1901   12]
 [  64   33]]
fine acc: 0.962
fine f1: 0.465
['rnd', 69, 'fold', 7, 'pr', 0.89339745920479086, 'roc', 0.87269415448289234]
7,69,coarse : 58.6 seconds
7,69,fine : 58.61 seconds
[[1842   71]
 [  45   52]]
coarse acc: 0.942
coarse f1: 0.473
['rnd', 70, 'fold', 7, 'pr', 0.88940559800634134, 'roc', 0.87620782384229445]
[[1897   16]
 [  67   30]]
fine acc: 0.959
fine f1: 0.420
['rnd', 70, 'fold', 7, 'pr', 0.89055294288068099, 'roc', 0.8706301431874155]
7,70,coarse : 61.77 seconds
7,70,fine : 61.78 seconds
[[1850   63]
 [  45   52]]
coarse acc: 0.946
coarse f1: 0.491
['rnd', 71, 'fold', 7, 'pr', 0.89111329134934014, 'roc', 0.87738802873448618]
[[1894   19]
 [  66   31]]
fine acc: 0.958
fine f1: 0.422
['rnd', 71, 'fold', 7, 'pr', 0.89092600964668256, 'roc', 0.87139000113170317]
7,71,coarse : 60.47 seconds
7,71,fine : 60.48 seconds
[[1853   60]
 [  45   52]]
coarse acc: 0.948
coarse f1: 0.498
['rnd', 72, 'fold', 7, 'pr', 0.89228797684950623, 'roc', 0.87933617516611784]
[[1894   19]
 [  66   31]]
fine acc: 0.958
fine f1: 0.422
['rnd', 72, 'fold', 7, 'pr', 0.89312640619042827, 'roc', 0.87219836064690315]
7,72,coarse : 65.34 seconds
7,72,fine : 65.35 seconds
[[1853   60]
 [  45   52]]
coarse acc: 0.948
coarse f1: 0.498
['rnd', 73, 'fold', 7, 'pr', 0.89264703234530185, 'roc', 0.88008256045181898]
[[1894   19]
 [  64   33]]
fine acc: 0.959
fine f1: 0.443
['rnd', 73, 'fold', 7, 'pr', 0.89161086966183078, 'roc', 0.8693125171776398]
7,73,coarse : 63.05 seconds
7,73,fine : 63.06 seconds
[[1853   60]
 [  47   50]]
coarse acc: 0.947
coarse f1: 0.483
['rnd', 74, 'fold', 7, 'pr', 0.8901049209616595, 'roc', 0.87617548946168644]
[[1894   19]
 [  64   33]]
fine acc: 0.959
fine f1: 0.443
['rnd', 74, 'fold', 7, 'pr', 0.89300153312536112, 'roc', 0.86915084527459974]
7,74,coarse : 68.71 seconds
7,74,fine : 68.72 seconds
[[1853   60]
 [  47   50]]
coarse acc: 0.947
coarse f1: 0.483
['rnd', 75, 'fold', 7, 'pr', 0.887911071213627, 'roc', 0.87531054478042258]
[[1894   19]
 [  64   33]]
fine acc: 0.959
fine f1: 0.443
['rnd', 75, 'fold', 7, 'pr', 0.8928206904401037, 'roc', 0.87055469629933013]
7,75,coarse : 65.99 seconds
7,75,fine : 66.0 seconds
[[1845   68]
 [  46   51]]
coarse acc: 0.943
coarse f1: 0.472
['rnd', 76, 'fold', 7, 'pr', 0.8872734329995039, 'roc', 0.8764530262285718]
[[1894   19]
 [  65   32]]
fine acc: 0.958
fine f1: 0.432
['rnd', 76, 'fold', 7, 'pr', 0.89074184711898541, 'roc', 0.87099929403269016]
7,76,coarse : 71.5 seconds
7,76,fine : 71.51 seconds
[[1851   62]
 [  47   50]]
coarse acc: 0.946
coarse f1: 0.478
['rnd', 77, 'fold', 7, 'pr', 0.88910659891502297, 'roc', 0.87924725561944594]
[[1896   17]
 [  64   33]]
fine acc: 0.960
fine f1: 0.449
['rnd', 77, 'fold', 7, 'pr', 0.89366125148475828, 'roc', 0.8748174454761507]
7,77,coarse : 68.63 seconds
7,77,fine : 68.63 seconds
[[1850   63]
 [  46   51]]
coarse acc: 0.946
coarse f1: 0.483
['rnd', 78, 'fold', 7, 'pr', 0.89007921530144052, 'roc', 0.87912869622388323]
[[1895   18]
 [  64   33]]
fine acc: 0.959
fine f1: 0.446
['rnd', 78, 'fold', 7, 'pr', 0.89286446692213595, 'roc', 0.87623476915946774]
7,78,coarse : 73.28 seconds
7,78,fine : 73.29 seconds
[[1848   65]
 [  48   49]]
coarse acc: 0.944
coarse f1: 0.464
['rnd', 79, 'fold', 7, 'pr', 0.89091638260216888, 'roc', 0.87979963462149913]
[[1896   17]
 [  64   33]]
fine acc: 0.960
fine f1: 0.449
['rnd', 79, 'fold', 7, 'pr', 0.89567941917021443, 'roc', 0.88047057301911502]
7,79,coarse : 71.01 seconds
7,79,fine : 71.01 seconds
[[1847   66]
 [  47   50]]
coarse acc: 0.944
coarse f1: 0.469
['rnd', 80, 'fold', 7, 'pr', 0.89099863697434412, 'roc', 0.87943048377622446]
[[1896   17]
 [  63   34]]
fine acc: 0.960
fine f1: 0.459
['rnd', 80, 'fold', 7, 'pr', 0.89634876479333758, 'roc', 0.88178819902889083]
7,80,coarse : 76.72 seconds
7,80,fine : 76.73 seconds
[[1849   64]
 [  47   50]]
coarse acc: 0.945
coarse f1: 0.474
['rnd', 81, 'fold', 7, 'pr', 0.89136807329738343, 'roc', 0.87889966102790995]
[[1895   18]
 [  62   35]]
fine acc: 0.960
fine f1: 0.467
['rnd', 81, 'fold', 7, 'pr', 0.89491618121359462, 'roc', 0.87937120407844316]
7,81,coarse : 73.65 seconds
7,81,fine : 73.66 seconds
[[1850   63]
 [  47   50]]
coarse acc: 0.945
coarse f1: 0.476
['rnd', 82, 'fold', 7, 'pr', 0.89223329496944492, 'roc', 0.88037626440900829]
[[1891   22]
 [  62   35]]
fine acc: 0.958
fine f1: 0.455
['rnd', 82, 'fold', 7, 'pr', 0.89377272079276826, 'roc', 0.87764670377935017]
7,82,coarse : 79.25 seconds
7,82,fine : 79.26 seconds
[[1847   66]
 [  47   50]]
coarse acc: 0.944
coarse f1: 0.469
['rnd', 83, 'fold', 7, 'pr', 0.89164961743423476, 'roc', 0.87898319151114723]
[[1894   19]
 [  61   36]]
fine acc: 0.960
fine f1: 0.474
['rnd', 83, 'fold', 7, 'pr', 0.89342786946182451, 'roc', 0.87454799230441738]
7,83,coarse : 75.54 seconds
7,83,fine : 75.55 seconds
[[1847   66]
 [  46   51]]
coarse acc: 0.944
coarse f1: 0.477
['rnd', 84, 'fold', 7, 'pr', 0.89287630184287325, 'roc', 0.88095019966480015]
[[1893   20]
 [  61   36]]
fine acc: 0.960
fine f1: 0.471
['rnd', 84, 'fold', 7, 'pr', 0.89014217112828264, 'roc', 0.87023674155668485]
7,84,coarse : 81.84 seconds
7,84,fine : 81.85 seconds
[[1850   63]
 [  45   52]]
coarse acc: 0.946
coarse f1: 0.491
['rnd', 85, 'fold', 7, 'pr', 0.89326552558045424, 'roc', 0.88020111984738181]
[[1893   20]
 [  62   35]]
fine acc: 0.959
fine f1: 0.461
['rnd', 85, 'fold', 7, 'pr', 0.88968052713032142, 'roc', 0.86962238832513294]
7,85,coarse : 78.9 seconds
7,85,fine : 78.91 seconds
[[1855   58]
 [  45   52]]
coarse acc: 0.949
coarse f1: 0.502
['rnd', 86, 'fold', 7, 'pr', 0.8951992323297473, 'roc', 0.88063224492215497]
[[1894   19]
 [  63   34]]
fine acc: 0.959
fine f1: 0.453
['rnd', 86, 'fold', 7, 'pr', 0.89099984877338079, 'roc', 0.87014782201001273]
7,86,coarse : 84.42 seconds
7,86,fine : 84.43 seconds
[[1855   58]
 [  45   52]]
coarse acc: 0.949
coarse f1: 0.502
['rnd', 87, 'fold', 7, 'pr', 0.89682274568588483, 'roc', 0.88275553591541334]
[[1892   21]
 [  63   34]]
fine acc: 0.958
fine f1: 0.447
['rnd', 87, 'fold', 7, 'pr', 0.8930349871491865, 'roc', 0.8730902506453404]
7,87,coarse : 81.23 seconds
7,87,fine : 81.24 seconds
[[1847   66]
 [  44   53]]
coarse acc: 0.945
coarse f1: 0.491
['rnd', 88, 'fold', 7, 'pr', 0.89450275487877706, 'roc', 0.88109300984581884]
[[1892   21]
 [  65   32]]
fine acc: 0.957
fine f1: 0.427
['rnd', 88, 'fold', 7, 'pr', 0.89129150806561497, 'roc', 0.87121485657007658]
7,88,coarse : 87.6 seconds
7,88,fine : 87.61 seconds
[[1845   68]
 [  45   52]]
coarse acc: 0.944
coarse f1: 0.479
['rnd', 89, 'fold', 7, 'pr', 0.89663867718204882, 'roc', 0.88352617198657046]
[[1894   19]
 [  61   36]]
fine acc: 0.960
fine f1: 0.474
['rnd', 89, 'fold', 7, 'pr', 0.8931390813952671, 'roc', 0.87353484837870021]
7,89,coarse : 84.22 seconds
7,89,fine : 84.23 seconds
[[1847   66]
 [  45   52]]
coarse acc: 0.945
coarse f1: 0.484
['rnd', 90, 'fold', 7, 'pr', 0.89695706018225052, 'roc', 0.88357736808919973]
[[1896   17]
 [  62   35]]
fine acc: 0.961
fine f1: 0.470
['rnd', 90, 'fold', 7, 'pr', 0.89459722273858266, 'roc', 0.87374232732093493]
7,90,coarse : 89.93 seconds
7,90,fine : 89.94 seconds
[[1844   69]
 [  45   52]]
coarse acc: 0.943
coarse f1: 0.477
['rnd', 91, 'fold', 7, 'pr', 0.89734181400637048, 'roc', 0.88382795953891158]
[[1895   18]
 [  64   33]]
fine acc: 0.959
fine f1: 0.446
['rnd', 91, 'fold', 7, 'pr', 0.89298571359547052, 'roc', 0.87228997472529268]
7,91,coarse : 87.26 seconds
7,91,fine : 87.27 seconds
[[1846   67]
 [  45   52]]
coarse acc: 0.944
coarse f1: 0.481
['rnd', 92, 'fold', 7, 'pr', 0.89754263819643276, 'roc', 0.88464170811754628]
[[1897   16]
 [  61   36]]
fine acc: 0.962
fine f1: 0.483
['rnd', 92, 'fold', 7, 'pr', 0.89306041930426416, 'roc', 0.87238967239883369]
7,92,coarse : 93.02 seconds
7,92,fine : 93.03 seconds
[[1855   58]
 [  45   52]]
coarse acc: 0.949
coarse f1: 0.502
['rnd', 93, 'fold', 7, 'pr', 0.89870743488500959, 'roc', 0.88463901358582886]
[[1894   19]
 [  61   36]]
fine acc: 0.960
fine f1: 0.474
['rnd', 93, 'fold', 7, 'pr', 0.89389532352981571, 'roc', 0.8720959684416445]
7,93,coarse : 91.63 seconds
7,93,fine : 91.64 seconds
[[1849   64]
 [  44   53]]
coarse acc: 0.946
coarse f1: 0.495
['rnd', 94, 'fold', 7, 'pr', 0.89517224055877764, 'roc', 0.88262080932954667]
[[1895   18]
 [  62   35]]
fine acc: 0.960
fine f1: 0.467
['rnd', 94, 'fold', 7, 'pr', 0.89484868010255425, 'roc', 0.8716271199228286]
7,94,coarse : 95.7 seconds
7,94,fine : 95.72 seconds
[[1845   68]
 [  44   53]]
coarse acc: 0.944
coarse f1: 0.486
['rnd', 95, 'fold', 7, 'pr', 0.89335636849893396, 'roc', 0.88011489483242711]
[[1898   15]
 [  64   33]]
fine acc: 0.961
fine f1: 0.455
['rnd', 95, 'fold', 7, 'pr', 0.89483248974495755, 'roc', 0.87337587100737768]
7,95,coarse : 95.05 seconds
7,95,fine : 95.06 seconds
[[1844   69]
 [  44   53]]
coarse acc: 0.944
coarse f1: 0.484
['rnd', 96, 'fold', 7, 'pr', 0.89315426335838333, 'roc', 0.87980502368493374]
[[1898   15]
 [  64   33]]
fine acc: 0.961
fine f1: 0.455
['rnd', 96, 'fold', 7, 'pr', 0.89682209635827026, 'roc', 0.87524048695577195]
7,96,coarse : 98.65 seconds
7,96,fine : 98.66 seconds
[[1851   62]
 [  44   53]]
coarse acc: 0.947
coarse f1: 0.500
['rnd', 97, 'fold', 7, 'pr', 0.89482687172818853, 'roc', 0.87908558371640588]
[[1897   16]
 [  63   34]]
fine acc: 0.961
fine f1: 0.463
['rnd', 97, 'fold', 7, 'pr', 0.90173551077511882, 'roc', 0.88189598029758409]
7,97,coarse : 98.99 seconds
7,97,fine : 99.0 seconds
[[1850   63]
 [  46   51]]
coarse acc: 0.946
coarse f1: 0.483
['rnd', 98, 'fold', 7, 'pr', 0.89509313584218364, 'roc', 0.87905863839923259]
[[1896   17]
 [  62   35]]
fine acc: 0.961
fine f1: 0.470
['rnd', 98, 'fold', 7, 'pr', 0.90137916348524771, 'roc', 0.88012028389586161]
7,98,coarse : 99.82 seconds
7,98,fine : 99.83 seconds
[[1851   62]
 [  46   51]]
coarse acc: 0.946
coarse f1: 0.486
['rnd', 99, 'fold', 7, 'pr', 0.895331553702571, 'roc', 0.87878918522749916]
[[1894   19]
 [  62   35]]
fine acc: 0.960
fine f1: 0.464
['rnd', 99, 'fold', 7, 'pr', 0.9029236678924385, 'roc', 0.88341839071787709]
7,99,coarse : 103.16 seconds
7,99,fine : 103.17 seconds
[[1850   63]
 [  46   51]]
coarse acc: 0.946
coarse f1: 0.483
['rnd', 100, 'fold', 7, 'pr', 0.89525559418623424, 'roc', 0.87925803374631517]
[[1895   18]
 [  62   35]]
fine acc: 0.960
fine f1: 0.467
['rnd', 100, 'fold', 7, 'pr', 0.90300550557676329, 'roc', 0.88308696331664516]
7,100,coarse : 103.67 seconds
7,100,fine : 103.68 seconds
[[1841   72]
 [  46   51]]
coarse acc: 0.941
coarse f1: 0.464
['rnd', 101, 'fold', 7, 'pr', 0.8912707557044639, 'roc', 0.87494139393514803]
[[1895   18]
 [  63   34]]
fine acc: 0.960
fine f1: 0.456
['rnd', 101, 'fold', 7, 'pr', 0.9035894736317438, 'roc', 0.88330791491746641]
7,101,coarse : 107.28 seconds
7,101,fine : 107.29 seconds
[[1843   70]
 [  46   51]]
coarse acc: 0.942
coarse f1: 0.468
['rnd', 102, 'fold', 7, 'pr', 0.89254384360329586, 'roc', 0.87642877544311582]
[[1895   18]
 [  64   33]]
fine acc: 0.959
fine f1: 0.446
['rnd', 102, 'fold', 7, 'pr', 0.90477630891310845, 'roc', 0.88528300666627147]
7,102,coarse : 105.91 seconds
7,102,fine : 105.92 seconds
[[1844   69]
 [  45   52]]
coarse acc: 0.943
coarse f1: 0.477
['rnd', 103, 'fold', 7, 'pr', 0.89261873208551279, 'roc', 0.87585753471904126]
[[1893   20]
 [  63   34]]
fine acc: 0.959
fine f1: 0.450
['rnd', 103, 'fold', 7, 'pr', 0.90267067270715873, 'roc', 0.88367976029445849]
7,103,coarse : 110.34 seconds
7,103,fine : 110.35 seconds
[[1848   65]
 [  46   51]]
coarse acc: 0.945
coarse f1: 0.479
['rnd', 104, 'fold', 7, 'pr', 0.89228785135957289, 'roc', 0.87556921982528646]
[[1895   18]
 [  62   35]]
fine acc: 0.960
fine f1: 0.467
['rnd', 104, 'fold', 7, 'pr', 0.90297959940395933, 'roc', 0.88366359310415432]
7,104,coarse : 110.91 seconds
7,104,fine : 110.92 seconds
[[1846   67]
 [  46   51]]
coarse acc: 0.944
coarse f1: 0.474
['rnd', 105, 'fold', 7, 'pr', 0.89358545715893456, 'roc', 0.87678175909808631]
[[1896   17]
 [  64   33]]
fine acc: 0.960
fine f1: 0.449
['rnd', 105, 'fold', 7, 'pr', 0.9033242305695951, 'roc', 0.884267168208837]
7,105,coarse : 111.75 seconds
7,105,fine : 111.76 seconds
[[1843   70]
 [  45   52]]
coarse acc: 0.943
coarse f1: 0.475
['rnd', 106, 'fold', 7, 'pr', 0.8948972231617025, 'roc', 0.87801854915634214]
[[1896   17]
 [  65   32]]
fine acc: 0.959
fine f1: 0.438
['rnd', 106, 'fold', 7, 'pr', 0.90522983589249695, 'roc', 0.88692936554556179]
7,106,coarse : 117.11 seconds
7,106,fine : 117.12 seconds
[[1847   66]
 [  48   49]]
coarse acc: 0.943
coarse f1: 0.462
['rnd', 107, 'fold', 7, 'pr', 0.8954780595084908, 'roc', 0.87921492123883793]
[[1896   17]
 [  65   32]]
fine acc: 0.959
fine f1: 0.438
['rnd', 107, 'fold', 7, 'pr', 0.90478141025827818, 'roc', 0.88645243343159386]
7,107,coarse : 114.37 seconds
7,107,fine : 114.38 seconds
[[1848   65]
 [  48   49]]
coarse acc: 0.944
coarse f1: 0.464
['rnd', 108, 'fold', 7, 'pr', 0.89601752466299611, 'roc', 0.87934695329298718]
[[1893   20]
 [  65   32]]
fine acc: 0.958
fine f1: 0.430
['rnd', 108, 'fold', 7, 'pr', 0.90254727291527437, 'roc', 0.88431028071631423]
7,108,coarse : 119.25 seconds
7,108,fine : 119.26 seconds
[[1847   66]
 [  48   49]]
coarse acc: 0.943
coarse f1: 0.462
['rnd', 109, 'fold', 7, 'pr', 0.89834021641835538, 'roc', 0.88217890612790406]
[[1898   15]
 [  66   31]]
fine acc: 0.960
fine f1: 0.434
['rnd', 109, 'fold', 7, 'pr', 0.90263699477108927, 'roc', 0.88511055663636207]
7,109,coarse : 119.33 seconds
7,109,fine : 119.34 seconds
[[1847   66]
 [  47   50]]
coarse acc: 0.944
coarse f1: 0.469
['rnd', 110, 'fold', 7, 'pr', 0.89964706909297265, 'roc', 0.88395190799790901]
[[1898   15]
 [  66   31]]
fine acc: 0.960
fine f1: 0.434
['rnd', 110, 'fold', 7, 'pr', 0.90122331677281664, 'roc', 0.88300073830169057]
7,110,coarse : 120.21 seconds
7,110,fine : 120.22 seconds
[[1844   69]
 [  47   50]]
coarse acc: 0.942
coarse f1: 0.463
['rnd', 111, 'fold', 7, 'pr', 0.90110558320847656, 'roc', 0.88615334041096983]
[[1897   16]
 [  66   31]]
fine acc: 0.959
fine f1: 0.431
['rnd', 111, 'fold', 7, 'pr', 0.90057955150028113, 'roc', 0.88297918204795178]
7,111,coarse : 125.16 seconds
7,111,fine : 125.18 seconds
[[1842   71]
 [  47   50]]
coarse acc: 0.941
coarse f1: 0.459
['rnd', 112, 'fold', 7, 'pr', 0.90208147687061613, 'roc', 0.88751138439650556]
[[1901   12]
 [  61   36]]
fine acc: 0.964
fine f1: 0.497
['rnd', 112, 'fold', 7, 'pr', 0.90167319906936605, 'roc', 0.88487343784523687]
7,112,coarse : 123.25 seconds
7,112,fine : 123.26 seconds
[[1848   65]
 [  46   51]]
coarse acc: 0.945
coarse f1: 0.479
['rnd', 113, 'fold', 7, 'pr', 0.89985537086716838, 'roc', 0.88492193941614883]
[[1901   12]
 [  60   37]]
fine acc: 0.964
fine f1: 0.507
['rnd', 113, 'fold', 7, 'pr', 0.9006675568460677, 'roc', 0.88237830147498653]
7,113,coarse : 125.97 seconds
7,113,fine : 125.98 seconds
[[1840   73]
 [  43   54]]
coarse acc: 0.942
coarse f1: 0.482
['rnd', 114, 'fold', 7, 'pr', 0.90161000050493778, 'roc', 0.88820657357957755]
[[1903   10]
 [  61   36]]
fine acc: 0.965
fine f1: 0.503
['rnd', 114, 'fold', 7, 'pr', 0.89648463271272516, 'roc', 0.87534018462931318]
7,114,coarse : 129.28 seconds
7,114,fine : 129.3 seconds
[[1845   68]
 [  42   55]]
coarse acc: 0.945
coarse f1: 0.500
['rnd', 115, 'fold', 7, 'pr', 0.90170601821411422, 'roc', 0.8882793259359455]
[[1899   14]
 [  65   32]]
fine acc: 0.961
fine f1: 0.448
['rnd', 115, 'fold', 7, 'pr', 0.89919403854439783, 'roc', 0.88110109344097098]
7,115,coarse : 130.04 seconds
7,115,fine : 130.05 seconds
[[1840   73]
 [  42   55]]
coarse acc: 0.943
coarse f1: 0.489
['rnd', 116, 'fold', 7, 'pr', 0.90059011955737023, 'roc', 0.88646860062189792]
[[1899   14]
 [  65   32]]
fine acc: 0.961
fine f1: 0.448
['rnd', 116, 'fold', 7, 'pr', 0.89872759649754264, 'roc', 0.88023614875970702]
7,116,coarse : 134.21 seconds
7,116,fine : 134.22 seconds
[[1847   66]
 [  42   55]]
coarse acc: 0.946
coarse f1: 0.505
['rnd', 117, 'fold', 7, 'pr', 0.90242810031954024, 'roc', 0.88536384261779144]
[[1900   13]
 [  63   34]]
fine acc: 0.962
fine f1: 0.472
['rnd', 117, 'fold', 7, 'pr', 0.89642005970827587, 'roc', 0.87575514251378239]
7,117,coarse : 136.52 seconds
7,117,fine : 136.53 seconds
[[1846   67]
 [  42   55]]
coarse acc: 0.946
coarse f1: 0.502
['rnd', 118, 'fold', 7, 'pr', 0.90351564245457416, 'roc', 0.88817423919896954]
[[1899   14]
 [  62   35]]
fine acc: 0.962
fine f1: 0.479
['rnd', 118, 'fold', 7, 'pr', 0.89848595865312419, 'roc', 0.87784071006299802]
7,118,coarse : 136.8 seconds
7,118,fine : 136.81 seconds
[[1842   71]
 [  40   57]]
coarse acc: 0.945
coarse f1: 0.507
['rnd', 119, 'fold', 7, 'pr', 0.9043751981819359, 'roc', 0.88855147363939613]
[[1899   14]
 [  62   35]]
fine acc: 0.962
fine f1: 0.479
['rnd', 119, 'fold', 7, 'pr', 0.89887011773523329, 'roc', 0.8789751079159952]
7,119,coarse : 140.23 seconds
7,119,fine : 140.24 seconds
[[1842   71]
 [  39   58]]
coarse acc: 0.945
coarse f1: 0.513
['rnd', 120, 'fold', 7, 'pr', 0.908394806331283, 'roc', 0.89399173317669123]
[[1896   17]
 [  61   36]]
fine acc: 0.961
fine f1: 0.480
['rnd', 120, 'fold', 7, 'pr', 0.9001284942953327, 'roc', 0.87900744229660333]
7,120,coarse : 142.55 seconds
7,120,fine : 142.56 seconds
[[1843   70]
 [  38   59]]
coarse acc: 0.946
coarse f1: 0.522
['rnd', 121, 'fold', 7, 'pr', 0.90869175190567386, 'roc', 0.89376000344900053]
[[1899   14]
 [  63   34]]
fine acc: 0.962
fine f1: 0.469
['rnd', 121, 'fold', 7, 'pr', 0.89770741395878706, 'roc', 0.87452104698724398]
7,121,coarse : 142.11 seconds
7,121,fine : 142.12 seconds
[[1845   68]
 [  39   58]]
coarse acc: 0.947
coarse f1: 0.520
['rnd', 122, 'fold', 7, 'pr', 0.90755158503514277, 'roc', 0.89306211973421123]
[[1895   18]
 [  62   35]]
fine acc: 0.960
fine f1: 0.467
['rnd', 122, 'fold', 7, 'pr', 0.89874155370503339, 'roc', 0.87462613372422016]
7,122,coarse : 145.2 seconds
7,122,fine : 145.21 seconds
[[1844   69]
 [  39   58]]
coarse acc: 0.946
coarse f1: 0.518
['rnd', 123, 'fold', 7, 'pr', 0.90754248290586303, 'roc', 0.89331001665220588]
[[1896   17]
 [  62   35]]
fine acc: 0.961
fine f1: 0.470
['rnd', 123, 'fold', 7, 'pr', 0.90187347836977272, 'roc', 0.87976460570917381]
7,123,coarse : 150.85 seconds
7,123,fine : 150.86 seconds
[[1844   69]
 [  41   56]]
coarse acc: 0.945
coarse f1: 0.505
['rnd', 124, 'fold', 7, 'pr', 0.90806692168778325, 'roc', 0.89409412538194988]
[[1895   18]
 [  62   35]]
fine acc: 0.960
fine f1: 0.467
['rnd', 124, 'fold', 7, 'pr', 0.90343717234250742, 'roc', 0.88207651392264519]
7,124,coarse : 149.62 seconds
7,124,fine : 149.63 seconds
[[1847   66]
 [  40   57]]
coarse acc: 0.947
coarse f1: 0.518
['rnd', 125, 'fold', 7, 'pr', 0.90904242718840855, 'roc', 0.89502912788786437]
[[1896   17]
 [  62   35]]
fine acc: 0.961
fine f1: 0.470
['rnd', 125, 'fold', 7, 'pr', 0.90616322759305912, 'roc', 0.8852937847931408]
7,125,coarse : 150.45 seconds
7,125,fine : 150.47 seconds
[[1844   69]
 [  41   56]]
coarse acc: 0.945
coarse f1: 0.505
['rnd', 126, 'fold', 7, 'pr', 0.90792089699155387, 'roc', 0.89326151508129414]
[[1897   16]
 [  61   36]]
fine acc: 0.962
fine f1: 0.483
['rnd', 126, 'fold', 7, 'pr', 0.90574199741934014, 'roc', 0.8847629620448263]
7,126,coarse : 154.71 seconds
7,126,fine : 154.72 seconds
[[1846   67]
 [  42   55]]
coarse acc: 0.946
coarse f1: 0.502
['rnd', 127, 'fold', 7, 'pr', 0.90675946156985399, 'roc', 0.89120828191268642]
[[1896   17]
 [  60   37]]
fine acc: 0.962
fine f1: 0.490
['rnd', 127, 'fold', 7, 'pr', 0.90671376698301964, 'roc', 0.88417285959873027]
7,127,coarse : 156.52 seconds
7,127,fine : 156.53 seconds
[[1847   66]
 [  42   55]]
coarse acc: 0.946
coarse f1: 0.505
['rnd', 128, 'fold', 7, 'pr', 0.9069446008977583, 'roc', 0.89126217254703299]
[[1899   14]
 [  59   38]]
fine acc: 0.964
fine f1: 0.510
['rnd', 128, 'fold', 7, 'pr', 0.90799813076342495, 'roc', 0.88541773325213813]
7,128,coarse : 156.09 seconds
7,128,fine : 156.1 seconds
[[1847   66]
 [  42   55]]
coarse acc: 0.946
coarse f1: 0.505
['rnd', 129, 'fold', 7, 'pr', 0.90534181875812569, 'roc', 0.88987987777604138]
[[1898   15]
 [  59   38]]
fine acc: 0.963
fine f1: 0.507
['rnd', 129, 'fold', 7, 'pr', 0.90954921424777335, 'roc', 0.8885406955125269]
7,129,coarse : 159.59 seconds
7,129,fine : 159.6 seconds
[[1842   71]
 [  45   52]]
coarse acc: 0.942
coarse f1: 0.473
['rnd', 130, 'fold', 7, 'pr', 0.90504292390023622, 'roc', 0.88983945980028123]
[[1897   16]
 [  58   39]]
fine acc: 0.963
fine f1: 0.513
['rnd', 130, 'fold', 7, 'pr', 0.90803769230693443, 'roc', 0.88626112167966331]
7,130,coarse : 163.09 seconds
7,130,fine : 163.1 seconds
[[1836   77]
 [  46   51]]
coarse acc: 0.939
coarse f1: 0.453
['rnd', 131, 'fold', 7, 'pr', 0.90628524925669551, 'roc', 0.89495098646806182]
[[1895   18]
 [  60   37]]
fine acc: 0.961
fine f1: 0.487
['rnd', 131, 'fold', 7, 'pr', 0.90902909928866127, 'roc', 0.88890984635780135]
7,131,coarse : 165.48 seconds
7,131,fine : 165.49 seconds
[[1838   75]
 [  44   53]]
coarse acc: 0.941
coarse f1: 0.471
['rnd', 132, 'fold', 7, 'pr', 0.90611474230103906, 'roc', 0.89344204870635546]
[[1897   16]
 [  58   39]]
fine acc: 0.963
fine f1: 0.513
['rnd', 132, 'fold', 7, 'pr', 0.90738214509859849, 'roc', 0.88704253587768978]
7,132,coarse : 166.61 seconds
7,132,fine : 166.63 seconds
[[1837   76]
 [  44   53]]
coarse acc: 0.940
coarse f1: 0.469
['rnd', 133, 'fold', 7, 'pr', 0.90558023466590476, 'roc', 0.89244776650265956]
[[1897   16]
 [  56   41]]
fine acc: 0.964
fine f1: 0.532
['rnd', 133, 'fold', 7, 'pr', 0.90985339981217206, 'roc', 0.89059931774456924]
7,133,coarse : 167.61 seconds
7,133,fine : 167.63 seconds
[[1834   79]
 [  45   52]]
coarse acc: 0.938
coarse f1: 0.456
['rnd', 134, 'fold', 7, 'pr', 0.90512653013409794, 'roc', 0.89271452514267557]
[[1897   16]
 [  57   40]]
fine acc: 0.964
fine f1: 0.523
['rnd', 134, 'fold', 7, 'pr', 0.91087430487629206, 'roc', 0.8921136445697101]
7,134,coarse : 169.41 seconds
7,134,fine : 169.43 seconds
[[1836   77]
 [  45   52]]
coarse acc: 0.939
coarse f1: 0.460
['rnd', 135, 'fold', 7, 'pr', 0.90446787519432026, 'roc', 0.891351092093705]
[[1896   17]
 [  57   40]]
fine acc: 0.963
fine f1: 0.519
['rnd', 135, 'fold', 7, 'pr', 0.90975178605478602, 'roc', 0.88979365276108668]
7,135,coarse : 173.18 seconds
7,135,fine : 173.19 seconds
[[1831   82]
 [  43   54]]
coarse acc: 0.938
coarse f1: 0.464
['rnd', 136, 'fold', 7, 'pr', 0.90401936964317664, 'roc', 0.88922780110044675]
[[1896   17]
 [  56   41]]
fine acc: 0.964
fine f1: 0.529
['rnd', 136, 'fold', 7, 'pr', 0.90979930342776505, 'roc', 0.88975323478532653]
7,136,coarse : 175.48 seconds
7,136,fine : 175.49 seconds
[[1831   82]
 [  41   56]]
coarse acc: 0.939
coarse f1: 0.477
['rnd', 137, 'fold', 7, 'pr', 0.90468889589076262, 'roc', 0.8901520254794919]
[[1896   17]
 [  56   41]]
fine acc: 0.964
fine f1: 0.529
['rnd', 137, 'fold', 7, 'pr', 0.90998672985950835, 'roc', 0.88972359493643594]
7,137,coarse : 175.44 seconds
7,137,fine : 175.46 seconds
[[1832   81]
 [  43   54]]
coarse acc: 0.938
coarse f1: 0.466
['rnd', 138, 'fold', 7, 'pr', 0.9041373494257321, 'roc', 0.88952958865278797]
[[1895   18]
 [  57   40]]
fine acc: 0.963
fine f1: 0.516
['rnd', 138, 'fold', 7, 'pr', 0.90804608839132761, 'roc', 0.88656290923200454]
7,138,coarse : 177.34 seconds
7,138,fine : 177.35 seconds
[[1829   84]
 [  41   56]]
coarse acc: 0.938
coarse f1: 0.473
['rnd', 139, 'fold', 7, 'pr', 0.9038741094141175, 'roc', 0.88881014868426034]
[[1895   18]
 [  58   39]]
fine acc: 0.962
fine f1: 0.506
['rnd', 139, 'fold', 7, 'pr', 0.91001940087643196, 'roc', 0.88965892617521991]
7,139,coarse : 178.44 seconds
7,139,fine : 178.45 seconds
[[1832   81]
 [  41   56]]
coarse acc: 0.939
coarse f1: 0.479
['rnd', 140, 'fold', 7, 'pr', 0.90355845988346639, 'roc', 0.888071846993711]
[[1896   17]
 [  56   41]]
fine acc: 0.964
fine f1: 0.529
['rnd', 140, 'fold', 7, 'pr', 0.90968369020570505, 'roc', 0.88791825868582286]
7,140,coarse : 181.31 seconds
7,140,fine : 181.33 seconds
[[1837   76]
 [  42   55]]
coarse acc: 0.941
coarse f1: 0.482
['rnd', 141, 'fold', 7, 'pr', 0.90377617086649997, 'roc', 0.88852183379050542]
[[1894   19]
 [  59   38]]
fine acc: 0.961
fine f1: 0.494
['rnd', 141, 'fold', 7, 'pr', 0.91010312789706505, 'roc', 0.89121906003955564]
7,141,coarse : 184.24 seconds
7,141,fine : 184.26 seconds
[[1833   80]
 [  41   56]]
coarse acc: 0.940
coarse f1: 0.481
['rnd', 142, 'fold', 7, 'pr', 0.90477830594400666, 'roc', 0.88976131838047856]
[[1893   20]
 [  58   39]]
fine acc: 0.961
fine f1: 0.500
['rnd', 142, 'fold', 7, 'pr', 0.91003864479080843, 'roc', 0.89077446230619572]
7,142,coarse : 186.83 seconds
7,142,fine : 186.84 seconds
[[1834   79]
 [  40   57]]
coarse acc: 0.941
coarse f1: 0.489
['rnd', 143, 'fold', 7, 'pr', 0.90614423742417027, 'roc', 0.89054812164193997]
[[1894   19]
 [  57   40]]
fine acc: 0.962
fine f1: 0.513
['rnd', 143, 'fold', 7, 'pr', 0.90876174096378159, 'roc', 0.889448752701268]
7,143,coarse : 187.24 seconds
7,143,fine : 187.26 seconds
[[1836   77]
 [  41   56]]
coarse acc: 0.941
coarse f1: 0.487
['rnd', 144, 'fold', 7, 'pr', 0.90708557182932137, 'roc', 0.89056698336396112]
[[1892   21]
 [  56   41]]
fine acc: 0.962
fine f1: 0.516
['rnd', 144, 'fold', 7, 'pr', 0.91104455737024026, 'roc', 0.89212172816486224]
7,144,coarse : 189.94 seconds
7,144,fine : 189.95 seconds
[[1831   82]
 [  39   58]]
coarse acc: 0.940
coarse f1: 0.489
['rnd', 145, 'fold', 7, 'pr', 0.90753338546826257, 'roc', 0.89129989599107562]
[[1894   19]
 [  57   40]]
fine acc: 0.962
fine f1: 0.513
['rnd', 145, 'fold', 7, 'pr', 0.90879131646259448, 'roc', 0.89010082937686252]
7,145,coarse : 192.62 seconds
7,145,fine : 192.63 seconds
[[1834   79]
 [  41   56]]
coarse acc: 0.940
coarse f1: 0.483
['rnd', 146, 'fold', 7, 'pr', 0.90679364191948486, 'roc', 0.89084990919428109]
[[1894   19]
 [  56   41]]
fine acc: 0.963
fine f1: 0.522
['rnd', 146, 'fold', 7, 'pr', 0.91111243041117584, 'roc', 0.89231573444851009]
7,146,coarse : 194.84 seconds
7,146,fine : 194.86 seconds
[[1836   77]
 [  41   56]]
coarse acc: 0.941
coarse f1: 0.487
['rnd', 147, 'fold', 7, 'pr', 0.9063369263794413, 'roc', 0.89000113170332118]
[[1894   19]
 [  57   40]]
fine acc: 0.962
fine f1: 0.513
['rnd', 147, 'fold', 7, 'pr', 0.91212031662861015, 'roc', 0.8937788651710219]
7,147,coarse : 196.47 seconds
7,147,fine : 196.49 seconds
[[1837   76]
 [  42   55]]
coarse acc: 0.941
coarse f1: 0.482
['rnd', 148, 'fold', 7, 'pr', 0.90723743948288238, 'roc', 0.89124869988844635]
[[1893   20]
 [  56   41]]
fine acc: 0.962
fine f1: 0.519
['rnd', 148, 'fold', 7, 'pr', 0.9135233172707482, 'roc', 0.89506415680018958]
7,148,coarse : 201.52 seconds
7,148,fine : 201.54 seconds
[[1836   77]
 [  42   55]]
coarse acc: 0.941
coarse f1: 0.480
['rnd', 149, 'fold', 7, 'pr', 0.90682894493307487, 'roc', 0.89005771686938528]
[[1893   20]
 [  57   40]]
fine acc: 0.962
fine f1: 0.510
['rnd', 149, 'fold', 7, 'pr', 0.91570353152072792, 'roc', 0.8986047714767651]
7,149,coarse : 202.1 seconds
7,149,fine : 202.12 seconds
[[1839   74]
 [  42   55]]
coarse acc: 0.942
coarse f1: 0.487
['rnd', 150, 'fold', 7, 'pr', 0.90655595631413199, 'roc', 0.88965084258006788]
[[1895   18]
 [  57   40]]
fine acc: 0.963
fine f1: 0.516
['rnd', 150, 'fold', 7, 'pr', 0.91420849408919025, 'roc', 0.8971766696665785]
7,150,coarse : 207.34 seconds
7,150,fine : 207.36 seconds
[[1837   76]
 [  42   55]]
coarse acc: 0.941
coarse f1: 0.482
['rnd', 151, 'fold', 7, 'pr', 0.90656648829764819, 'roc', 0.88969664961926265]
[[1894   19]
 [  56   41]]
fine acc: 0.963
fine f1: 0.522
['rnd', 151, 'fold', 7, 'pr', 0.91414837886823508, 'roc', 0.89676710084554401]
7,151,coarse : 207.65 seconds
7,151,fine : 207.67 seconds
[[1838   75]
 [  42   55]]
coarse acc: 0.942
coarse f1: 0.485
['rnd', 152, 'fold', 7, 'pr', 0.90568162538890273, 'roc', 0.88836016188746558]
[[1895   18]
 [  53   44]]
fine acc: 0.965
fine f1: 0.553
['rnd', 152, 'fold', 7, 'pr', 0.9149578343471676, 'roc', 0.89633867030248815]
7,152,coarse : 207.28 seconds
7,152,fine : 207.29 seconds
[[1838   75]
 [  41   56]]
coarse acc: 0.942
coarse f1: 0.491
['rnd', 153, 'fold', 7, 'pr', 0.90610376832692152, 'roc', 0.88859189161515617]
[[1893   20]
 [  57   40]]
fine acc: 0.962
fine f1: 0.510
['rnd', 153, 'fold', 7, 'pr', 0.91479756139517154, 'roc', 0.898637105857373]
7,153,coarse : 210.14 seconds
7,153,fine : 210.15 seconds
[[1837   76]
 [  41   56]]
coarse acc: 0.942
coarse f1: 0.489
['rnd', 154, 'fold', 7, 'pr', 0.9066585616961621, 'roc', 0.88896104246043084]
[[1894   19]
 [  57   40]]
fine acc: 0.962
fine f1: 0.513
['rnd', 154, 'fold', 7, 'pr', 0.91354631257779118, 'roc', 0.89492673568260561]
7,154,coarse : 214.65 seconds
7,154,fine : 214.66 seconds
[[1840   73]
 [  41   56]]
coarse acc: 0.943
coarse f1: 0.496
['rnd', 155, 'fold', 7, 'pr', 0.90671281054518116, 'roc', 0.8891523542123615]
[[1894   19]
 [  57   40]]
fine acc: 0.962
fine f1: 0.513
['rnd', 155, 'fold', 7, 'pr', 0.91380026746526977, 'roc', 0.89633597577077073]
7,155,coarse : 216.83 seconds
7,155,fine : 216.85 seconds
[[1837   76]
 [  41   56]]
coarse acc: 0.942
coarse f1: 0.489
['rnd', 156, 'fold', 7, 'pr', 0.90733161428359943, 'roc', 0.89052387085648388]
[[1892   21]
 [  57   40]]
fine acc: 0.961
fine f1: 0.506
['rnd', 156, 'fold', 7, 'pr', 0.91436532467858278, 'roc', 0.89656501096674401]
7,156,coarse : 218.59 seconds
7,156,fine : 218.6 seconds
[[1838   75]
 [  41   56]]
coarse acc: 0.942
coarse f1: 0.491
['rnd', 157, 'fold', 7, 'pr', 0.90673856637829631, 'roc', 0.89024094502616391]
[[1893   20]
 [  58   39]]
fine acc: 0.961
fine f1: 0.500
['rnd', 157, 'fold', 7, 'pr', 0.91537659016683459, 'roc', 0.89905206374184232]
7,157,coarse : 220.64 seconds
7,157,fine : 220.65 seconds
[[1835   78]
 [  40   57]]
coarse acc: 0.941
coarse f1: 0.491
['rnd', 158, 'fold', 7, 'pr', 0.90717525556820189, 'roc', 0.89130259052279293]
[[1894   19]
 [  56   41]]
fine acc: 0.963
fine f1: 0.522
['rnd', 158, 'fold', 7, 'pr', 0.91560459156910778, 'roc', 0.8991948739228609]
7,158,coarse : 223.81 seconds
7,158,fine : 223.82 seconds
[[1835   78]
 [  41   56]]
coarse acc: 0.941
coarse f1: 0.485
['rnd', 159, 'fold', 7, 'pr', 0.90733794226381792, 'roc', 0.89142114991835575]
[[1891   22]
 [  54   43]]
fine acc: 0.962
fine f1: 0.531
['rnd', 159, 'fold', 7, 'pr', 0.91308806437958601, 'roc', 0.89274955405500089]
7,159,coarse : 226.72 seconds
7,159,fine : 226.73 seconds
[[1836   77]
 [  40   57]]
coarse acc: 0.942
coarse f1: 0.494
['rnd', 160, 'fold', 7, 'pr', 0.90803482479446407, 'roc', 0.89206514299879824]
[[1890   23]
 [  55   42]]
fine acc: 0.961
fine f1: 0.519
['rnd', 160, 'fold', 7, 'pr', 0.91501618765798898, 'roc', 0.89596951945721348]
7,160,coarse : 230.04 seconds
7,160,fine : 230.05 seconds
[[1835   78]
 [  40   57]]
coarse acc: 0.941
coarse f1: 0.491
['rnd', 161, 'fold', 7, 'pr', 0.90786045514581204, 'roc', 0.89190886015919291]
[[1890   23]
 [  54   43]]
fine acc: 0.962
fine f1: 0.528
['rnd', 161, 'fold', 7, 'pr', 0.91662176206730772, 'roc', 0.89885266839475964]
7,161,coarse : 232.05 seconds
7,161,fine : 232.07 seconds
[[1832   81]
 [  41   56]]
coarse acc: 0.939
coarse f1: 0.479
['rnd', 162, 'fold', 7, 'pr', 0.90738472133132764, 'roc', 0.89159898901169965]
[[1892   21]
 [  55   42]]
fine acc: 0.962
fine f1: 0.525
['rnd', 162, 'fold', 7, 'pr', 0.91705485002504949, 'roc', 0.89952899585581025]
7,162,coarse : 234.58 seconds
7,162,fine : 234.6 seconds
[[1833   80]
 [  41   56]]
coarse acc: 0.940
coarse f1: 0.481
['rnd', 163, 'fold', 7, 'pr', 0.9074225301194494, 'roc', 0.89120019831753439]
[[1892   21]
 [  54   43]]
fine acc: 0.963
fine f1: 0.534
['rnd', 163, 'fold', 7, 'pr', 0.91546190926191728, 'roc', 0.89797964011834375]
7,163,coarse : 237.49 seconds
7,163,fine : 237.51 seconds
[[1832   81]
 [  42   55]]
coarse acc: 0.939
coarse f1: 0.472
['rnd', 164, 'fold', 7, 'pr', 0.90856974108346933, 'roc', 0.89414262695286195]
[[1892   21]
 [  52   45]]
fine acc: 0.964
fine f1: 0.552
['rnd', 164, 'fold', 7, 'pr', 0.91275322758992705, 'roc', 0.89099002484358225]
7,164,coarse : 240.05 seconds
7,164,fine : 240.06 seconds
[[1833   80]
 [  40   57]]
coarse acc: 0.940
coarse f1: 0.487
['rnd', 165, 'fold', 7, 'pr', 0.9066269943219829, 'roc', 0.89014394188433998]
[[1889   24]
 [  52   45]]
fine acc: 0.962
fine f1: 0.542
['rnd', 165, 'fold', 7, 'pr', 0.91331698353699353, 'roc', 0.89311331583684084]
7,165,coarse : 243.55 seconds
7,165,fine : 243.56 seconds
[[1834   79]
 [  40   57]]
coarse acc: 0.941
coarse f1: 0.489
['rnd', 166, 'fold', 7, 'pr', 0.91000525663716525, 'roc', 0.89449022154439783]
[[1893   20]
 [  52   45]]
fine acc: 0.964
fine f1: 0.556
['rnd', 166, 'fold', 7, 'pr', 0.91228910833902999, 'roc', 0.88937869487661736]
7,166,coarse : 243.97 seconds
7,166,fine : 243.99 seconds
[[1833   80]
 [  40   57]]
coarse acc: 0.940
coarse f1: 0.487
['rnd', 167, 'fold', 7, 'pr', 0.91000221035288065, 'roc', 0.89448752701268053]
[[1892   21]
 [  51   46]]
fine acc: 0.964
fine f1: 0.561
['rnd', 167, 'fold', 7, 'pr', 0.91222128405107161, 'roc', 0.88902840575336417]
7,167,coarse : 246.33 seconds
7,167,fine : 246.34 seconds
[[1834   79]
 [  39   58]]
coarse acc: 0.941
coarse f1: 0.496
['rnd', 168, 'fold', 7, 'pr', 0.91123965137294993, 'roc', 0.89559767408022162]
[[1891   22]
 [  51   46]]
fine acc: 0.964
fine f1: 0.558
['rnd', 168, 'fold', 7, 'pr', 0.91178829043790732, 'roc', 0.88767575083126293]
7,168,coarse : 248.49 seconds
7,168,fine : 248.51 seconds
[[1830   83]
 [  39   58]]
coarse acc: 0.939
coarse f1: 0.487
['rnd', 169, 'fold', 7, 'pr', 0.91144629025984369, 'roc', 0.89587790537882428]
[[1892   21]
 [  53   44]]
fine acc: 0.963
fine f1: 0.543
['rnd', 169, 'fold', 7, 'pr', 0.9128841573731874, 'roc', 0.89064512478376379]
7,169,coarse : 251.58 seconds
7,169,fine : 251.6 seconds
[[1835   78]
 [  39   58]]
coarse acc: 0.942
coarse f1: 0.498
['rnd', 170, 'fold', 7, 'pr', 0.9115434770197357, 'roc', 0.89553839438244021]
[[1890   23]
 [  53   44]]
fine acc: 0.962
fine f1: 0.537
['rnd', 170, 'fold', 7, 'pr', 0.91025681865436259, 'roc', 0.88864578224950286]
7,170,coarse : 232.85 seconds
7,170,fine : 232.86 seconds
[[1840   73]
 [  37   60]]
coarse acc: 0.945
coarse f1: 0.522
['rnd', 171, 'fold', 7, 'pr', 0.91151864684793316, 'roc', 0.89524738495696832]
[[1891   22]
 [  53   44]]
fine acc: 0.963
fine f1: 0.540
['rnd', 171, 'fold', 7, 'pr', 0.90849447975539299, 'roc', 0.88539078793496473]
7,171,coarse : 236.05 seconds
7,171,fine : 236.07 seconds
[[1838   75]
 [  37   60]]
coarse acc: 0.944
coarse f1: 0.517
['rnd', 172, 'fold', 7, 'pr', 0.91130637435464257, 'roc', 0.895010266165843]
[[1889   24]
 [  51   46]]
fine acc: 0.963
fine f1: 0.551
['rnd', 172, 'fold', 7, 'pr', 0.9095586577344027, 'roc', 0.88720690231244714]
7,172,coarse : 235.18 seconds
7,172,fine : 235.2 seconds
