all           0      1    2    3    4    5    6    7    8    
1      2010   1914   1    19   32   19   1    11   6    7    
2      2010   1914   1    19   32   19   1    11   6    7    
3      2010   1914   1    19   32   19   1    11   5    8    
4      2010   1914   1    19   32   19   1    10   6    8    
5      2010   1914   1    18   33   19   1    10   6    8    
6      2010   1914   1    18   33   19   1    10   6    8    
7      2010   1913   2    18   33   19   1    10   6    8    
8      2010   1913   2    18   33   19   1    10   6    8    
9      2009   1913   2    18   32   19   2    10   6    7    
10     2009   1913   1    19   32   19   1    11   6    7    
Total  20098  19136  13   185  324  190  11   104  59   76   
train         0      1    2    3    4    5    6    7    8    
1      2010   1914   1    19   32   19   1    11   6    7    
2      2010   1914   1    19   32   19   1    11   6    7    
3      2010   1914   1    19   32   19   1    11   5    8    
4      2010   1914   1    19   32   19   1    10   6    8    
5      2010   1914   1    18   33   19   1    10   6    8    
6      2010   1914   1    18   33   19   1    10   6    8    
7      2010   1913   2    18   33   19   1    10   6    8    
8      2010   1913   2    18   33   19   1    10   6    8    
9      2009   1913   2    18   32   19   2    10   6    7    
Total  18089  17223  12   166  292  171  10   93   53   69   
test          0      1    2    3    4    5    6    7    8    
10     2009   1913   1    19   32   19   1    11   6    7    
Total  2009   1913   1    19   32   19   1    11   6    7    
Classes             
0         17223     
1         12        
2         166       
3         292       
4         171       
5         10        
6         93        
7         53        
8         69        
Total     18089     

Shape: 450       

[952, 10, 11, 16, 11, 10, 10, 10, 10]
Sum start => 1040
[[1154  759]
 [  14   82]]
acc: 0.615
f1: 0.175
[[1878   35]
 [  81   15]]
acc: 0.942
f1: 0.205
10,1,coarse : 26.63 seconds
10,1,fine : 26.63 seconds
[[1154  759]
 [  14   82]]
acc: 0.615
f1: 0.175
[[1878   35]
 [  81   15]]
acc: 0.942
f1: 0.205
10,2,coarse : 27.68 seconds
10,2,fine : 27.68 seconds
[[1153  760]
 [  13   83]]
acc: 0.615
f1: 0.177
[[1879   34]
 [  81   15]]
acc: 0.943
f1: 0.207
10,3,coarse : 2.81 seconds
10,3,fine : 2.82 seconds
[[1179  734]
 [  13   83]]
acc: 0.628
f1: 0.182
[[1880   33]
 [  80   16]]
acc: 0.944
f1: 0.221
10,4,coarse : 2.9 seconds
10,4,fine : 2.9 seconds
[[1196  717]
 [  13   83]]
acc: 0.637
f1: 0.185
[[1887   26]
 [  81   15]]
acc: 0.947
f1: 0.219
10,5,coarse : 2.96 seconds
10,5,fine : 2.97 seconds
[[1177  736]
 [  13   83]]
acc: 0.627
f1: 0.181
[[1885   28]
 [  79   17]]
acc: 0.947
f1: 0.241
10,6,coarse : 2.99 seconds
10,6,fine : 2.99 seconds
[[1192  721]
 [  13   83]]
acc: 0.635
f1: 0.184
[[1889   24]
 [  79   17]]
acc: 0.949
f1: 0.248
10,7,coarse : 3.15 seconds
10,7,fine : 3.15 seconds
[[1193  720]
 [  13   83]]
acc: 0.635
f1: 0.185
[[1890   23]
 [  79   17]]
acc: 0.949
f1: 0.250
10,8,coarse : 3.33 seconds
10,8,fine : 3.34 seconds
[[1201  712]
 [  13   83]]
acc: 0.639
f1: 0.186
[[1892   21]
 [  80   16]]
acc: 0.950
f1: 0.241
10,9,coarse : 3.46 seconds
10,9,fine : 3.46 seconds
[[1208  705]
 [  13   83]]
acc: 0.643
f1: 0.188
[[1890   23]
 [  82   14]]
acc: 0.948
f1: 0.211
10,10,coarse : 3.55 seconds
10,10,fine : 3.56 seconds
[[1242  671]
 [  15   81]]
acc: 0.659
f1: 0.191
[[1892   21]
 [  82   14]]
acc: 0.949
f1: 0.214
10,11,coarse : 3.73 seconds
10,11,fine : 3.73 seconds
[[1237  676]
 [  15   81]]
acc: 0.656
f1: 0.190
[[1890   23]
 [  82   14]]
acc: 0.948
f1: 0.211
10,12,coarse : 3.82 seconds
10,12,fine : 3.82 seconds
[[1239  674]
 [  15   81]]
acc: 0.657
f1: 0.190
[[1889   24]
 [  82   14]]
acc: 0.947
f1: 0.209
10,13,coarse : 3.93 seconds
10,13,fine : 3.94 seconds
[[1251  662]
 [  14   82]]
acc: 0.664
f1: 0.195
[[1888   25]
 [  83   13]]
acc: 0.946
f1: 0.194
10,14,coarse : 4.1 seconds
10,14,fine : 4.1 seconds
[[1269  644]
 [  14   82]]
acc: 0.672
f1: 0.200
[[1884   29]
 [  84   12]]
acc: 0.944
f1: 0.175
10,15,coarse : 4.25 seconds
10,15,fine : 4.26 seconds
[[1268  645]
 [  14   82]]
acc: 0.672
f1: 0.199
[[1883   30]
 [  82   14]]
acc: 0.944
f1: 0.200
10,16,coarse : 4.45 seconds
10,16,fine : 4.45 seconds
[[1282  631]
 [  14   82]]
acc: 0.679
f1: 0.203
[[1882   31]
 [  83   13]]
acc: 0.943
f1: 0.186
10,17,coarse : 4.77 seconds
10,17,fine : 4.77 seconds
[[1263  650]
 [  13   83]]
acc: 0.670
f1: 0.200
[[1882   31]
 [  84   12]]
acc: 0.943
f1: 0.173
10,18,coarse : 4.94 seconds
10,18,fine : 4.95 seconds
[[1258  655]
 [  12   84]]
acc: 0.668
f1: 0.201
[[1884   29]
 [  84   12]]
acc: 0.944
f1: 0.175
10,19,coarse : 5.19 seconds
10,19,fine : 5.2 seconds
[[1267  646]
 [  13   83]]
acc: 0.672
f1: 0.201
[[1886   27]
 [  83   13]]
acc: 0.945
f1: 0.191
10,20,coarse : 5.43 seconds
10,20,fine : 5.44 seconds
[[1272  641]
 [  13   83]]
acc: 0.674
f1: 0.202
[[1887   26]
 [  83   13]]
acc: 0.946
f1: 0.193
10,21,coarse : 5.5 seconds
10,21,fine : 5.51 seconds
[[1276  637]
 [  14   82]]
acc: 0.676
f1: 0.201
[[1887   26]
 [  78   18]]
acc: 0.948
f1: 0.257
10,22,coarse : 5.65 seconds
10,22,fine : 5.66 seconds
[[1275  638]
 [  13   83]]
acc: 0.676
f1: 0.203
[[1886   27]
 [  76   20]]
acc: 0.949
f1: 0.280
10,23,coarse : 5.96 seconds
10,23,fine : 5.97 seconds
[[1282  631]
 [  13   83]]
acc: 0.679
f1: 0.205
[[1885   28]
 [  77   19]]
acc: 0.948
f1: 0.266
10,24,coarse : 6.07 seconds
10,24,fine : 6.08 seconds
[[1289  624]
 [  14   82]]
acc: 0.682
f1: 0.204
[[1884   29]
 [  75   21]]
acc: 0.948
f1: 0.288
10,25,coarse : 6.48 seconds
10,25,fine : 6.49 seconds
[[1294  619]
 [  14   82]]
acc: 0.685
f1: 0.206
[[1886   27]
 [  75   21]]
acc: 0.949
f1: 0.292
10,26,coarse : 6.79 seconds
10,26,fine : 6.79 seconds
[[1293  620]
 [  14   82]]
acc: 0.684
f1: 0.206
[[1886   27]
 [  73   23]]
acc: 0.950
f1: 0.315
10,27,coarse : 6.88 seconds
10,27,fine : 6.89 seconds
[[1298  615]
 [  14   82]]
acc: 0.687
f1: 0.207
[[1887   26]
 [  72   24]]
acc: 0.951
f1: 0.329
10,28,coarse : 7.13 seconds
10,28,fine : 7.14 seconds
[[1306  607]
 [  14   82]]
acc: 0.691
f1: 0.209
[[1885   28]
 [  71   25]]
acc: 0.951
f1: 0.336
10,29,coarse : 7.48 seconds
10,29,fine : 7.49 seconds
[[1312  601]
 [  14   82]]
acc: 0.694
f1: 0.211
[[1883   30]
 [  72   24]]
acc: 0.949
f1: 0.320
10,30,coarse : 7.39 seconds
10,30,fine : 7.4 seconds
[[1323  590]
 [  15   81]]
acc: 0.699
f1: 0.211
[[1887   26]
 [  72   24]]
acc: 0.951
f1: 0.329
10,31,coarse : 7.61 seconds
10,31,fine : 7.62 seconds
[[1329  584]
 [  15   81]]
acc: 0.702
f1: 0.213
[[1882   31]
 [  72   24]]
acc: 0.949
f1: 0.318
10,32,coarse : 7.81 seconds
10,32,fine : 7.81 seconds
[[1335  578]
 [  16   80]]
acc: 0.704
f1: 0.212
[[1882   31]
 [  73   23]]
acc: 0.948
f1: 0.307
10,33,coarse : 8.44 seconds
10,33,fine : 8.45 seconds
[[1336  577]
 [  15   81]]
acc: 0.705
f1: 0.215
[[1879   34]
 [  74   22]]
acc: 0.946
f1: 0.289
10,34,coarse : 8.86 seconds
10,34,fine : 8.86 seconds
[[1328  585]
 [  13   83]]
acc: 0.702
f1: 0.217
[[1880   33]
 [  73   23]]
acc: 0.947
f1: 0.303
10,35,coarse : 8.98 seconds
10,35,fine : 8.99 seconds
[[1332  581]
 [  14   82]]
acc: 0.704
f1: 0.216
[[1884   29]
 [  74   22]]
acc: 0.949
f1: 0.299
10,36,coarse : 9.3 seconds
10,36,fine : 9.31 seconds
[[1333  580]
 [  16   80]]
acc: 0.703
f1: 0.212
[[1880   33]
 [  73   23]]
acc: 0.947
f1: 0.303
10,37,coarse : 9.46 seconds
10,37,fine : 9.47 seconds
[[1341  572]
 [  15   81]]
acc: 0.708
f1: 0.216
[[1879   34]
 [  73   23]]
acc: 0.947
f1: 0.301
10,38,coarse : 9.83 seconds
10,38,fine : 9.84 seconds
[[1340  573]
 [  16   80]]
acc: 0.707
f1: 0.214
[[1880   33]
 [  73   23]]
acc: 0.947
f1: 0.303
10,39,coarse : 9.78 seconds
10,39,fine : 9.78 seconds
[[1332  581]
 [  16   80]]
acc: 0.703
f1: 0.211
[[1879   34]
 [  73   23]]
acc: 0.947
f1: 0.301
10,40,coarse : 9.83 seconds
10,40,fine : 9.84 seconds
[[1335  578]
 [  14   82]]
acc: 0.705
f1: 0.217
[[1876   37]
 [  69   27]]
acc: 0.947
f1: 0.338
10,41,coarse : 10.17 seconds
10,41,fine : 10.18 seconds
[[1345  568]
 [  16   80]]
acc: 0.709
f1: 0.215
[[1876   37]
 [  69   27]]
acc: 0.947
f1: 0.338
10,42,coarse : 10.04 seconds
10,42,fine : 10.05 seconds
[[1328  585]
 [  16   80]]
acc: 0.701
f1: 0.210
[[1875   38]
 [  70   26]]
acc: 0.946
f1: 0.325
10,43,coarse : 10.51 seconds
10,43,fine : 10.52 seconds
[[1338  575]
 [  16   80]]
acc: 0.706
f1: 0.213
[[1874   39]
 [  71   25]]
acc: 0.945
f1: 0.312
10,44,coarse : 10.6 seconds
10,44,fine : 10.6 seconds
[[1349  564]
 [  15   81]]
acc: 0.712
f1: 0.219
[[1874   39]
 [  72   24]]
acc: 0.945
f1: 0.302
10,45,coarse : 10.96 seconds
10,45,fine : 10.97 seconds
[[1349  564]
 [  15   81]]
acc: 0.712
f1: 0.219
[[1875   38]
 [  72   24]]
acc: 0.945
f1: 0.304
10,46,coarse : 11.04 seconds
10,46,fine : 11.05 seconds
[[1359  554]
 [  16   80]]
acc: 0.716
f1: 0.219
[[1873   40]
 [  72   24]]
acc: 0.944
f1: 0.300
10,47,coarse : 11.17 seconds
10,47,fine : 11.17 seconds
[[1361  552]
 [  16   80]]
acc: 0.717
f1: 0.220
[[1873   40]
 [  69   27]]
acc: 0.946
f1: 0.331
10,48,coarse : 11.36 seconds
10,48,fine : 11.37 seconds
[[1352  561]
 [  16   80]]
acc: 0.713
f1: 0.217
[[1872   41]
 [  64   32]]
acc: 0.948
f1: 0.379
10,49,coarse : 11.73 seconds
10,49,fine : 11.74 seconds
[[1358  555]
 [  16   80]]
acc: 0.716
f1: 0.219
[[1872   41]
 [  64   32]]
acc: 0.948
f1: 0.379
10,50,coarse : 14.0 seconds
10,50,fine : 14.01 seconds
[[1368  545]
 [  16   80]]
acc: 0.721
f1: 0.222
[[1873   40]
 [  66   30]]
acc: 0.947
f1: 0.361
10,51,coarse : 12.41 seconds
10,51,fine : 12.42 seconds
[[1371  542]
 [  16   80]]
acc: 0.722
f1: 0.223
[[1873   40]
 [  65   31]]
acc: 0.948
f1: 0.371
10,52,coarse : 12.33 seconds
10,52,fine : 12.34 seconds
[[1363  550]
 [  16   80]]
acc: 0.718
f1: 0.220
[[1874   39]
 [  66   30]]
acc: 0.948
f1: 0.364
10,53,coarse : 12.61 seconds
10,53,fine : 12.62 seconds
[[1367  546]
 [  16   80]]
acc: 0.720
f1: 0.222
[[1874   39]
 [  66   30]]
acc: 0.948
f1: 0.364
10,54,coarse : 12.89 seconds
10,54,fine : 12.9 seconds
[[1369  544]
 [  16   80]]
acc: 0.721
f1: 0.222
[[1875   38]
 [  65   31]]
acc: 0.949
f1: 0.376
10,55,coarse : 13.07 seconds
10,55,fine : 13.08 seconds
[[1371  542]
 [  16   80]]
acc: 0.722
f1: 0.223
[[1873   40]
 [  65   31]]
acc: 0.948
f1: 0.371
10,56,coarse : 13.07 seconds
10,56,fine : 13.08 seconds
[[1366  547]
 [  16   80]]
acc: 0.720
f1: 0.221
[[1871   42]
 [  63   33]]
acc: 0.948
f1: 0.386
10,57,coarse : 13.51 seconds
10,57,fine : 13.52 seconds
[[1366  547]
 [  15   81]]
acc: 0.720
f1: 0.224
[[1869   44]
 [  63   33]]
acc: 0.947
f1: 0.382
10,58,coarse : 13.8 seconds
10,58,fine : 13.81 seconds
[[1367  546]
 [  15   81]]
acc: 0.721
f1: 0.224
[[1870   43]
 [  63   33]]
acc: 0.947
f1: 0.384
10,59,coarse : 13.72 seconds
10,59,fine : 13.73 seconds
[[1362  551]
 [  14   82]]
acc: 0.719
f1: 0.225
[[1872   41]
 [  64   32]]
acc: 0.948
f1: 0.379
10,60,coarse : 14.26 seconds
10,60,fine : 14.27 seconds
[[1356  557]
 [  15   81]]
acc: 0.715
f1: 0.221
[[1869   44]
 [  63   33]]
acc: 0.947
f1: 0.382
10,61,coarse : 14.44 seconds
10,61,fine : 14.45 seconds
[[1356  557]
 [  15   81]]
acc: 0.715
f1: 0.221
[[1870   43]
 [  62   34]]
acc: 0.948
f1: 0.393
10,62,coarse : 14.41 seconds
10,62,fine : 14.42 seconds
[[1358  555]
 [  15   81]]
acc: 0.716
f1: 0.221
[[1869   44]
 [  61   35]]
acc: 0.948
f1: 0.400
10,63,coarse : 14.76 seconds
10,63,fine : 14.77 seconds
[[1361  552]
 [  14   82]]
acc: 0.718
f1: 0.225
[[1868   45]
 [  61   35]]
acc: 0.947
f1: 0.398
10,64,coarse : 14.73 seconds
10,64,fine : 14.74 seconds
[[1357  556]
 [  14   82]]
acc: 0.716
f1: 0.223
[[1863   50]
 [  59   37]]
acc: 0.946
f1: 0.404
10,65,coarse : 14.92 seconds
10,65,fine : 14.94 seconds
[[1357  556]
 [  13   83]]
acc: 0.717
f1: 0.226
[[1862   51]
 [  59   37]]
acc: 0.945
f1: 0.402
10,66,coarse : 15.61 seconds
10,66,fine : 15.62 seconds
[[1361  552]
 [  13   83]]
acc: 0.719
f1: 0.227
[[1869   44]
 [  59   37]]
acc: 0.949
f1: 0.418
10,67,coarse : 15.26 seconds
10,67,fine : 15.28 seconds
[[1358  555]
 [  14   82]]
acc: 0.717
f1: 0.224
[[1869   44]
 [  58   38]]
acc: 0.949
f1: 0.427
10,68,coarse : 15.74 seconds
10,68,fine : 15.75 seconds
[[1364  549]
 [  14   82]]
acc: 0.720
f1: 0.226
[[1864   49]
 [  57   39]]
acc: 0.947
f1: 0.424
10,69,coarse : 15.99 seconds
10,69,fine : 16.01 seconds
[[1364  549]
 [  14   82]]
acc: 0.720
f1: 0.226
[[1864   49]
 [  55   41]]
acc: 0.948
f1: 0.441
10,70,coarse : 15.86 seconds
10,70,fine : 15.87 seconds
[[1361  552]
 [  14   82]]
acc: 0.718
f1: 0.225
[[1865   48]
 [  56   40]]
acc: 0.948
f1: 0.435
10,71,coarse : 16.36 seconds
10,71,fine : 16.37 seconds
[[1365  548]
 [  14   82]]
acc: 0.720
f1: 0.226
[[1863   50]
 [  57   39]]
acc: 0.947
f1: 0.422
10,72,coarse : 17.1 seconds
10,72,fine : 17.11 seconds
[[1365  548]
 [  14   82]]
acc: 0.720
f1: 0.226
[[1862   51]
 [  53   43]]
acc: 0.948
f1: 0.453
10,73,coarse : 16.29 seconds
10,73,fine : 16.3 seconds
[[1368  545]
 [  14   82]]
acc: 0.722
f1: 0.227
[[1858   55]
 [  51   45]]
acc: 0.947
f1: 0.459
10,74,coarse : 17.26 seconds
10,74,fine : 17.27 seconds
[[1366  547]
 [  14   82]]
acc: 0.721
f1: 0.226
[[1861   52]
 [  50   46]]
acc: 0.949
f1: 0.474
10,75,coarse : 17.48 seconds
10,75,fine : 17.5 seconds
[[1370  543]
 [  14   82]]
acc: 0.723
f1: 0.227
[[1863   50]
 [  51   45]]
acc: 0.950
f1: 0.471
10,76,coarse : 17.39 seconds
10,76,fine : 17.4 seconds
[[1370  543]
 [  14   82]]
acc: 0.723
f1: 0.227
[[1865   48]
 [  52   44]]
acc: 0.950
f1: 0.468
10,77,coarse : 17.54 seconds
10,77,fine : 17.56 seconds
[[1377  536]
 [  14   82]]
acc: 0.726
f1: 0.230
[[1867   46]
 [  50   46]]
acc: 0.952
f1: 0.489
10,78,coarse : 17.75 seconds
10,78,fine : 17.76 seconds
[[1373  540]
 [  14   82]]
acc: 0.724
f1: 0.228
[[1868   45]
 [  51   45]]
acc: 0.952
f1: 0.484
10,79,coarse : 17.63 seconds
10,79,fine : 17.64 seconds
[[1363  550]
 [  14   82]]
acc: 0.719
f1: 0.225
[[1868   45]
 [  52   44]]
acc: 0.952
f1: 0.476
10,80,coarse : 18.17 seconds
10,80,fine : 18.19 seconds
[[1369  544]
 [  13   83]]
acc: 0.723
f1: 0.230
[[1865   48]
 [  53   43]]
acc: 0.950
f1: 0.460
10,81,coarse : 18.12 seconds
10,81,fine : 18.13 seconds
[[1367  546]
 [  13   83]]
acc: 0.722
f1: 0.229
[[1868   45]
 [  54   42]]
acc: 0.951
f1: 0.459
10,82,coarse : 19.01 seconds
10,82,fine : 19.02 seconds
[[1369  544]
 [  13   83]]
acc: 0.723
f1: 0.230
[[1866   47]
 [  53   43]]
acc: 0.950
f1: 0.462
10,83,coarse : 19.23 seconds
10,83,fine : 19.24 seconds
[[1366  547]
 [  13   83]]
acc: 0.721
f1: 0.229
[[1863   50]
 [  53   43]]
acc: 0.949
f1: 0.455
10,84,coarse : 19.59 seconds
10,84,fine : 19.6 seconds
[[1367  546]
 [  13   83]]
acc: 0.722
f1: 0.229
[[1862   51]
 [  53   43]]
acc: 0.948
f1: 0.453
10,85,coarse : 19.57 seconds
10,85,fine : 19.58 seconds
[[1372  541]
 [  13   83]]
acc: 0.724
f1: 0.231
[[1862   51]
 [  54   42]]
acc: 0.948
f1: 0.444
10,86,coarse : 20.19 seconds
10,86,fine : 20.2 seconds
[[1371  542]
 [  13   83]]
acc: 0.724
f1: 0.230
[[1862   51]
 [  54   42]]
acc: 0.948
f1: 0.444
10,87,coarse : 20.38 seconds
10,87,fine : 20.39 seconds
[[1373  540]
 [  13   83]]
acc: 0.725
f1: 0.231
[[1865   48]
 [  55   41]]
acc: 0.949
f1: 0.443
10,88,coarse : 20.46 seconds
10,88,fine : 20.48 seconds
[[1376  537]
 [  13   83]]
acc: 0.726
f1: 0.232
[[1865   48]
 [  55   41]]
acc: 0.949
f1: 0.443
10,89,coarse : 20.8 seconds
10,89,fine : 20.81 seconds
[[1385  528]
 [  12   84]]
acc: 0.731
f1: 0.237
[[1864   49]
 [  55   41]]
acc: 0.948
f1: 0.441
10,90,coarse : 20.81 seconds
10,90,fine : 20.82 seconds
[[1383  530]
 [  12   84]]
acc: 0.730
f1: 0.237
[[1865   48]
 [  53   43]]
acc: 0.950
f1: 0.460
10,91,coarse : 21.05 seconds
10,91,fine : 21.07 seconds
[[1381  532]
 [  12   84]]
acc: 0.729
f1: 0.236
[[1864   49]
 [  52   44]]
acc: 0.950
f1: 0.466
10,92,coarse : 20.74 seconds
10,92,fine : 20.75 seconds
[[1382  531]
 [  12   84]]
acc: 0.730
f1: 0.236
[[1866   47]
 [  54   42]]
acc: 0.950
f1: 0.454
10,93,coarse : 21.66 seconds
10,93,fine : 21.68 seconds
[[1379  534]
 [  12   84]]
acc: 0.728
f1: 0.235
[[1863   50]
 [  56   40]]
acc: 0.947
f1: 0.430
10,94,coarse : 21.47 seconds
10,94,fine : 21.48 seconds
[[1366  547]
 [  11   85]]
acc: 0.722
f1: 0.234
[[1861   52]
 [  57   39]]
acc: 0.946
f1: 0.417
10,95,coarse : 22.05 seconds
10,95,fine : 22.06 seconds
[[1371  542]
 [  12   84]]
acc: 0.724
f1: 0.233
[[1864   49]
 [  56   40]]
acc: 0.948
f1: 0.432
10,96,coarse : 22.53 seconds
10,96,fine : 22.54 seconds
[[1374  539]
 [  12   84]]
acc: 0.726
f1: 0.234
[[1862   51]
 [  55   41]]
acc: 0.947
f1: 0.436
10,97,coarse : 22.72 seconds
10,97,fine : 22.73 seconds
[[1374  539]
 [  12   84]]
acc: 0.726
f1: 0.234
[[1858   55]
 [  56   40]]
acc: 0.945
f1: 0.419
10,98,coarse : 23.13 seconds
10,98,fine : 23.15 seconds
[[1373  540]
 [  12   84]]
acc: 0.725
f1: 0.233
[[1860   53]
 [  56   40]]
acc: 0.946
f1: 0.423
10,99,coarse : 23.48 seconds
10,99,fine : 23.49 seconds
[[1378  535]
 [  12   84]]
acc: 0.728
f1: 0.235
[[1860   53]
 [  56   40]]
acc: 0.946
f1: 0.423
10,100,coarse : 25.34 seconds
10,100,fine : 25.35 seconds
[[1379  534]
 [  12   84]]
acc: 0.728
f1: 0.235
[[1861   52]
 [  56   40]]
acc: 0.946
f1: 0.426
10,101,coarse : 23.31 seconds
10,101,fine : 23.32 seconds
[[1375  538]
 [  12   84]]
acc: 0.726
f1: 0.234
[[1860   53]
 [  54   42]]
acc: 0.947
f1: 0.440
10,102,coarse : 23.5 seconds
10,102,fine : 23.51 seconds
[[1382  531]
 [  12   84]]
acc: 0.730
f1: 0.236
[[1858   55]
 [  55   41]]
acc: 0.945
f1: 0.427
10,103,coarse : 24.37 seconds
10,103,fine : 24.38 seconds
[[1387  526]
 [  12   84]]
acc: 0.732
f1: 0.238
[[1858   55]
 [  53   43]]
acc: 0.946
f1: 0.443
10,104,coarse : 23.94 seconds
10,104,fine : 23.96 seconds
[[1392  521]
 [  11   85]]
acc: 0.735
f1: 0.242
[[1858   55]
 [  52   44]]
acc: 0.947
f1: 0.451
10,105,coarse : 24.2 seconds
10,105,fine : 24.22 seconds
[[1394  519]
 [  11   85]]
acc: 0.736
f1: 0.243
[[1858   55]
 [  53   43]]
acc: 0.946
f1: 0.443
10,106,coarse : 25.14 seconds
10,106,fine : 25.15 seconds
[[1392  521]
 [  11   85]]
acc: 0.735
f1: 0.242
[[1857   56]
 [  53   43]]
acc: 0.946
f1: 0.441
10,107,coarse : 25.5 seconds
10,107,fine : 25.52 seconds
[[1393  520]
 [  12   84]]
acc: 0.735
f1: 0.240
[[1856   57]
 [  52   44]]
acc: 0.946
f1: 0.447
10,108,coarse : 24.77 seconds
10,108,fine : 24.78 seconds
[[1393  520]
 [  12   84]]
acc: 0.735
f1: 0.240
[[1857   56]
 [  53   43]]
acc: 0.946
f1: 0.441
10,109,coarse : 25.64 seconds
10,109,fine : 25.65 seconds
[[1391  522]
 [  13   83]]
acc: 0.734
f1: 0.237
[[1858   55]
 [  53   43]]
acc: 0.946
f1: 0.443
10,110,coarse : 25.9 seconds
10,110,fine : 25.91 seconds
[[1387  526]
 [  13   83]]
acc: 0.732
f1: 0.235
[[1857   56]
 [  53   43]]
acc: 0.946
f1: 0.441
10,111,coarse : 25.83 seconds
10,111,fine : 25.84 seconds
[[1388  525]
 [  13   83]]
acc: 0.732
f1: 0.236
[[1857   56]
 [  52   44]]
acc: 0.946
f1: 0.449
10,112,coarse : 25.57 seconds
10,112,fine : 25.58 seconds
[[1391  522]
 [  13   83]]
acc: 0.734
f1: 0.237
[[1858   55]
 [  52   44]]
acc: 0.947
f1: 0.451
10,113,coarse : 26.11 seconds
10,113,fine : 26.13 seconds
[[1387  526]
 [  12   84]]
acc: 0.732
f1: 0.238
[[1857   56]
 [  52   44]]
acc: 0.946
f1: 0.449
10,114,coarse : 26.46 seconds
10,114,fine : 26.48 seconds
[[1387  526]
 [  13   83]]
acc: 0.732
f1: 0.235
[[1857   56]
 [  53   43]]
acc: 0.946
f1: 0.441
10,115,coarse : 26.87 seconds
10,115,fine : 26.89 seconds
[[1389  524]
 [  12   84]]
acc: 0.733
f1: 0.239
[[1857   56]
 [  53   43]]
acc: 0.946
f1: 0.441
10,116,coarse : 26.83 seconds
10,116,fine : 26.85 seconds
[[1388  525]
 [  13   83]]
acc: 0.732
f1: 0.236
[[1855   58]
 [  54   42]]
acc: 0.944
f1: 0.429
10,117,coarse : 27.54 seconds
10,117,fine : 27.56 seconds
[[1389  524]
 [  12   84]]
acc: 0.733
f1: 0.239
[[1857   56]
 [  53   43]]
acc: 0.946
f1: 0.441
10,118,coarse : 27.56 seconds
10,118,fine : 27.58 seconds
[[1389  524]
 [  12   84]]
acc: 0.733
f1: 0.239
[[1855   58]
 [  53   43]]
acc: 0.945
f1: 0.437
10,119,coarse : 27.58 seconds
10,119,fine : 27.6 seconds
[[1391  522]
 [  12   84]]
acc: 0.734
f1: 0.239
[[1854   59]
 [  53   43]]
acc: 0.944
f1: 0.434
10,120,coarse : 28.12 seconds
10,120,fine : 28.14 seconds
[[1393  520]
 [  12   84]]
acc: 0.735
f1: 0.240
[[1856   57]
 [  52   44]]
acc: 0.946
f1: 0.447
10,121,coarse : 28.03 seconds
10,121,fine : 28.04 seconds
[[1392  521]
 [  12   84]]
acc: 0.735
f1: 0.240
[[1856   57]
 [  52   44]]
acc: 0.946
f1: 0.447
10,122,coarse : 28.03 seconds
10,122,fine : 28.05 seconds
[[1394  519]
 [  12   84]]
acc: 0.736
f1: 0.240
[[1856   57]
 [  52   44]]
acc: 0.946
f1: 0.447
10,123,coarse : 28.65 seconds
10,123,fine : 28.67 seconds
[[1394  519]
 [  13   83]]
acc: 0.735
f1: 0.238
[[1855   58]
 [  52   44]]
acc: 0.945
f1: 0.444
10,124,coarse : 28.77 seconds
10,124,fine : 28.79 seconds
[[1393  520]
 [  13   83]]
acc: 0.735
f1: 0.237
[[1858   55]
 [  52   44]]
acc: 0.947
f1: 0.451
10,125,coarse : 29.47 seconds
10,125,fine : 29.49 seconds
[[1392  521]
 [  13   83]]
acc: 0.734
f1: 0.237
[[1858   55]
 [  52   44]]
acc: 0.947
f1: 0.451
10,126,coarse : 29.66 seconds
10,126,fine : 29.68 seconds
[[1392  521]
 [  13   83]]
acc: 0.734
f1: 0.237
[[1855   58]
 [  50   46]]
acc: 0.946
f1: 0.460
10,127,coarse : 30.38 seconds
10,127,fine : 30.4 seconds
[[1395  518]
 [  13   83]]
acc: 0.736
f1: 0.238
[[1855   58]
 [  50   46]]
acc: 0.946
f1: 0.460
10,128,coarse : 29.91 seconds
10,128,fine : 29.93 seconds
[[1392  521]
 [  13   83]]
acc: 0.734
f1: 0.237
[[1855   58]
 [  51   45]]
acc: 0.946
f1: 0.452
10,129,coarse : 30.21 seconds
10,129,fine : 30.23 seconds
[[1396  517]
 [  14   82]]
acc: 0.736
f1: 0.236
[[1856   57]
 [  53   43]]
acc: 0.945
f1: 0.439
10,130,coarse : 31.15 seconds
10,130,fine : 31.17 seconds
[[1399  514]
 [  14   82]]
acc: 0.737
f1: 0.237
[[1856   57]
 [  52   44]]
acc: 0.946
f1: 0.447
10,131,coarse : 30.96 seconds
10,131,fine : 30.98 seconds
[[1405  508]
 [  14   82]]
acc: 0.740
f1: 0.239
[[1853   60]
 [  52   44]]
acc: 0.944
f1: 0.440
10,132,coarse : 31.05 seconds
10,132,fine : 31.07 seconds
[[1403  510]
 [  14   82]]
acc: 0.739
f1: 0.238
[[1852   61]
 [  54   42]]
acc: 0.943
f1: 0.422
10,133,coarse : 31.33 seconds
10,133,fine : 31.35 seconds
[[1407  506]
 [  15   81]]
acc: 0.741
f1: 0.237
[[1852   61]
 [  54   42]]
acc: 0.943
f1: 0.422
10,134,coarse : 31.88 seconds
10,134,fine : 31.9 seconds
[[1406  507]
 [  15   81]]
acc: 0.740
f1: 0.237
[[1853   60]
 [  54   42]]
acc: 0.943
f1: 0.424
10,135,coarse : 32.24 seconds
10,135,fine : 32.26 seconds
[[1407  506]
 [  14   82]]
acc: 0.741
f1: 0.240
[[1851   62]
 [  52   44]]
acc: 0.943
f1: 0.436
10,136,coarse : 32.34 seconds
10,136,fine : 32.36 seconds
[[1409  504]
 [  14   82]]
acc: 0.742
f1: 0.240
[[1852   61]
 [  52   44]]
acc: 0.944
f1: 0.438
10,137,coarse : 33.25 seconds
10,137,fine : 33.27 seconds
[[1412  501]
 [  14   82]]
acc: 0.744
f1: 0.242
[[1853   60]
 [  52   44]]
acc: 0.944
f1: 0.440
10,138,coarse : 32.57 seconds
10,138,fine : 32.59 seconds
[[1413  500]
 [  14   82]]
acc: 0.744
f1: 0.242
[[1854   59]
 [  52   44]]
acc: 0.945
f1: 0.442
10,139,coarse : 32.73 seconds
10,139,fine : 32.75 seconds
[[1413  500]
 [  15   81]]
acc: 0.744
f1: 0.239
[[1852   61]
 [  51   45]]
acc: 0.944
f1: 0.446
10,140,coarse : 32.74 seconds
10,140,fine : 32.76 seconds
[[1414  499]
 [  15   81]]
acc: 0.744
f1: 0.240
[[1852   61]
 [  51   45]]
acc: 0.944
f1: 0.446
10,141,coarse : 33.47 seconds
10,141,fine : 33.49 seconds
[[1415  498]
 [  14   82]]
acc: 0.745
f1: 0.243
[[1852   61]
 [  51   45]]
acc: 0.944
f1: 0.446
10,142,coarse : 33.63 seconds
10,142,fine : 33.65 seconds
[[1418  495]
 [  14   82]]
acc: 0.747
f1: 0.244
[[1851   62]
 [  50   46]]
acc: 0.944
f1: 0.451
10,143,coarse : 33.66 seconds
10,143,fine : 33.68 seconds
[[1420  493]
 [  14   82]]
acc: 0.748
f1: 0.244
[[1851   62]
 [  51   45]]
acc: 0.944
f1: 0.443
10,144,coarse : 33.55 seconds
10,144,fine : 33.57 seconds
[[1422  491]
 [  14   82]]
acc: 0.749
f1: 0.245
[[1853   60]
 [  51   45]]
acc: 0.945
f1: 0.448
10,145,coarse : 33.9 seconds
10,145,fine : 33.92 seconds
[[1423  490]
 [  14   82]]
acc: 0.749
f1: 0.246
[[1851   62]
 [  51   45]]
acc: 0.944
f1: 0.443
10,146,coarse : 34.69 seconds
10,146,fine : 34.71 seconds
[[1422  491]
 [  14   82]]
acc: 0.749
f1: 0.245
[[1851   62]
 [  52   44]]
acc: 0.943
f1: 0.436
10,147,coarse : 34.92 seconds
10,147,fine : 34.94 seconds
[[1423  490]
 [  14   82]]
acc: 0.749
f1: 0.246
[[1852   61]
 [  53   43]]
acc: 0.943
f1: 0.430
10,148,coarse : 34.82 seconds
10,148,fine : 34.84 seconds
[[1419  494]
 [  14   82]]
acc: 0.747
f1: 0.244
[[1850   63]
 [  51   45]]
acc: 0.943
f1: 0.441
10,149,coarse : 35.23 seconds
10,149,fine : 35.25 seconds
[[1418  495]
 [  14   82]]
acc: 0.747
f1: 0.244
[[1851   62]
 [  51   45]]
acc: 0.944
f1: 0.443
10,150,coarse : 39.12 seconds
10,150,fine : 39.14 seconds
[[1415  498]
 [  14   82]]
acc: 0.745
f1: 0.243
[[1851   62]
 [  51   45]]
acc: 0.944
f1: 0.443
10,151,coarse : 35.99 seconds
10,151,fine : 36.01 seconds
[[1413  500]
 [  15   81]]
acc: 0.744
f1: 0.239
[[1852   61]
 [  51   45]]
acc: 0.944
f1: 0.446
10,152,coarse : 35.05 seconds
10,152,fine : 35.08 seconds
[[1412  501]
 [  15   81]]
acc: 0.743
f1: 0.239
[[1852   61]
 [  52   44]]
acc: 0.944
f1: 0.438
10,153,coarse : 36.24 seconds
10,153,fine : 36.26 seconds
[[1408  505]
 [  14   82]]
acc: 0.742
f1: 0.240
[[1851   62]
 [  52   44]]
acc: 0.943
f1: 0.436
10,154,coarse : 36.64 seconds
10,154,fine : 36.66 seconds
[[1406  507]
 [  13   83]]
acc: 0.741
f1: 0.242
[[1851   62]
 [  52   44]]
acc: 0.943
f1: 0.436
10,155,coarse : 36.98 seconds
10,155,fine : 37.0 seconds
[[1406  507]
 [  13   83]]
acc: 0.741
f1: 0.242
[[1853   60]
 [  51   45]]
acc: 0.945
f1: 0.448
10,156,coarse : 37.54 seconds
10,156,fine : 37.56 seconds
[[1406  507]
 [  13   83]]
acc: 0.741
f1: 0.242
[[1852   61]
 [  51   45]]
acc: 0.944
f1: 0.446
10,157,coarse : 37.75 seconds
10,157,fine : 37.77 seconds
[[1402  511]
 [  13   83]]
acc: 0.739
f1: 0.241
[[1854   59]
 [  50   46]]
acc: 0.946
f1: 0.458
10,158,coarse : 37.09 seconds
10,158,fine : 37.11 seconds
[[1400  513]
 [  13   83]]
acc: 0.738
f1: 0.240
[[1851   62]
 [  51   45]]
acc: 0.944
f1: 0.443
10,159,coarse : 36.76 seconds
10,159,fine : 36.78 seconds
[[1402  511]
 [  13   83]]
acc: 0.739
f1: 0.241
[[1849   64]
 [  51   45]]
acc: 0.943
f1: 0.439
10,160,coarse : 37.24 seconds
10,160,fine : 37.27 seconds
[[1401  512]
 [  13   83]]
acc: 0.739
f1: 0.240
[[1850   63]
 [  50   46]]
acc: 0.944
f1: 0.449
10,161,coarse : 37.82 seconds
10,161,fine : 37.84 seconds
[[1401  512]
 [  13   83]]
acc: 0.739
f1: 0.240
[[1851   62]
 [  50   46]]
acc: 0.944
f1: 0.451
10,162,coarse : 37.85 seconds
10,162,fine : 37.87 seconds
[[1401  512]
 [  13   83]]
acc: 0.739
f1: 0.240
[[1849   64]
 [  49   47]]
acc: 0.944
f1: 0.454
10,163,coarse : 38.08 seconds
10,163,fine : 38.11 seconds
[[1402  511]
 [  13   83]]
acc: 0.739
f1: 0.241
[[1854   59]
 [  49   47]]
acc: 0.946
f1: 0.465
10,164,coarse : 38.95 seconds
10,164,fine : 38.97 seconds
[[1403  510]
 [  13   83]]
acc: 0.740
f1: 0.241
[[1852   61]
 [  48   48]]
acc: 0.946
f1: 0.468
10,165,coarse : 38.65 seconds
10,165,fine : 38.67 seconds
[[1408  505]
 [  13   83]]
acc: 0.742
f1: 0.243
[[1853   60]
 [  49   47]]
acc: 0.946
f1: 0.463
10,166,coarse : 39.58 seconds
10,166,fine : 39.6 seconds
[[1409  504]
 [  13   83]]
acc: 0.743
f1: 0.243
[[1853   60]
 [  48   48]]
acc: 0.946
f1: 0.471
10,167,coarse : 38.63 seconds
10,167,fine : 38.66 seconds
[[1410  503]
 [  13   83]]
acc: 0.743
f1: 0.243
[[1853   60]
 [  48   48]]
acc: 0.946
f1: 0.471
10,168,coarse : 39.97 seconds
10,168,fine : 39.99 seconds
[[1411  502]
 [  13   83]]
acc: 0.744
f1: 0.244
[[1854   59]
 [  48   48]]
acc: 0.947
f1: 0.473
10,169,coarse : 40.08 seconds
10,169,fine : 40.1 seconds
[[1413  500]
 [  13   83]]
acc: 0.745
f1: 0.244
[[1853   60]
 [  48   48]]
acc: 0.946
f1: 0.471
10,170,coarse : 40.28 seconds
10,170,fine : 40.3 seconds
[[1416  497]
 [  13   83]]
acc: 0.746
f1: 0.246
[[1855   58]
 [  46   50]]
acc: 0.948
f1: 0.490
10,171,coarse : 40.96 seconds
10,171,fine : 40.98 seconds
[[1413  500]
 [  13   83]]
acc: 0.745
f1: 0.244
[[1854   59]
 [  48   48]]
acc: 0.947
f1: 0.473
10,172,coarse : 41.1 seconds
10,172,fine : 41.12 seconds
