all           0      1    2    3    4    5    6    7    8    
1      2010   1914   1    19   32   19   1    11   6    7    
2      2010   1914   1    19   32   19   1    11   6    7    
3      2010   1914   1    19   32   19   1    11   5    8    
4      2010   1914   1    19   32   19   1    10   6    8    
5      2010   1914   1    18   33   19   1    10   6    8    
6      2010   1914   1    18   33   19   1    10   6    8    
7      2010   1913   2    18   33   19   1    10   6    8    
8      2010   1913   2    18   33   19   1    10   6    8    
9      2009   1913   2    18   32   19   2    10   6    7    
10     2009   1913   1    19   32   19   1    11   6    7    
Total  20098  19136  13   185  324  190  11   104  59   76   
train         0      1    2    3    4    5    6    7    8    
1      2010   1914   1    19   32   19   1    11   6    7    
2      2010   1914   1    19   32   19   1    11   6    7    
3      2010   1914   1    19   32   19   1    11   5    8    
4      2010   1914   1    19   32   19   1    10   6    8    
5      2010   1914   1    18   33   19   1    10   6    8    
6      2010   1914   1    18   33   19   1    10   6    8    
8      2010   1913   2    18   33   19   1    10   6    8    
9      2009   1913   2    18   32   19   2    10   6    7    
10     2009   1913   1    19   32   19   1    11   6    7    
Total  18088  17223  11   167  291  171  10   94   53   68   
test          0      1    2    3    4    5    6    7    8    
7      2010   1913   2    18   33   19   1    10   6    8    
Total  2010   1913   2    18   33   19   1    10   6    8    
Classes             
0         17223     
1         11        
2         167       
3         291       
4         171       
5         10        
6         94        
7         53        
8         68        
Total     18088     

Shape: 450       

[952, 10, 11, 16, 11, 10, 10, 10, 10]
Sum start => 1040
[[1300  613]
 [  17   80]]
acc: 0.687
f1: 0.203
[[1886   27]
 [  88    9]]
acc: 0.943
f1: 0.135
7,1,coarse : 30.22 seconds
7,1,fine : 30.23 seconds
[[1300  613]
 [  17   80]]
acc: 0.687
f1: 0.203
[[1886   27]
 [  88    9]]
acc: 0.943
f1: 0.135
7,2,coarse : 31.87 seconds
7,2,fine : 31.87 seconds
[[1337  576]
 [  17   80]]
acc: 0.705
f1: 0.212
[[1890   23]
 [  90    7]]
acc: 0.944
f1: 0.110
7,3,coarse : 3.91 seconds
7,3,fine : 3.91 seconds
[[1345  568]
 [  19   78]]
acc: 0.708
f1: 0.210
[[1898   15]
 [  93    4]]
acc: 0.946
f1: 0.069
7,4,coarse : 4.33 seconds
7,4,fine : 4.34 seconds
[[1345  568]
 [  17   80]]
acc: 0.709
f1: 0.215
[[1901   12]
 [  94    3]]
acc: 0.947
f1: 0.054
7,5,coarse : 4.2 seconds
7,5,fine : 4.2 seconds
[[1364  549]
 [  18   79]]
acc: 0.718
f1: 0.218
[[1900   13]
 [  94    3]]
acc: 0.947
f1: 0.053
7,6,coarse : 4.42 seconds
7,6,fine : 4.43 seconds
[[1352  561]
 [  17   80]]
acc: 0.712
f1: 0.217
[[1896   17]
 [  93    4]]
acc: 0.945
f1: 0.068
7,7,coarse : 4.59 seconds
7,7,fine : 4.59 seconds
[[1378  535]
 [  18   79]]
acc: 0.725
f1: 0.222
[[1897   16]
 [  94    3]]
acc: 0.945
f1: 0.052
7,8,coarse : 4.82 seconds
7,8,fine : 4.82 seconds
[[1388  525]
 [  17   80]]
acc: 0.730
f1: 0.228
[[1895   18]
 [  93    4]]
acc: 0.945
f1: 0.067
7,9,coarse : 4.8 seconds
7,9,fine : 4.8 seconds
[[1398  515]
 [  18   79]]
acc: 0.735
f1: 0.229
[[1896   17]
 [  94    3]]
acc: 0.945
f1: 0.051
7,10,coarse : 5.0 seconds
7,10,fine : 5.0 seconds
[[1402  511]
 [  19   78]]
acc: 0.736
f1: 0.227
[[1894   19]
 [  92    5]]
acc: 0.945
f1: 0.083
7,11,coarse : 5.33 seconds
7,11,fine : 5.33 seconds
[[1404  509]
 [  18   79]]
acc: 0.738
f1: 0.231
[[1896   17]
 [  94    3]]
acc: 0.945
f1: 0.051
7,12,coarse : 5.49 seconds
7,12,fine : 5.49 seconds
[[1402  511]
 [  18   79]]
acc: 0.737
f1: 0.230
[[1894   19]
 [  90    7]]
acc: 0.946
f1: 0.114
7,13,coarse : 5.5 seconds
7,13,fine : 5.51 seconds
[[1406  507]
 [  18   79]]
acc: 0.739
f1: 0.231
[[1889   24]
 [  84   13]]
acc: 0.946
f1: 0.194
7,14,coarse : 5.74 seconds
7,14,fine : 5.75 seconds
[[1417  496]
 [  19   78]]
acc: 0.744
f1: 0.232
[[1890   23]
 [  83   14]]
acc: 0.947
f1: 0.209
7,15,coarse : 6.08 seconds
7,15,fine : 6.08 seconds
[[1431  482]
 [  20   77]]
acc: 0.750
f1: 0.235
[[1890   23]
 [  83   14]]
acc: 0.947
f1: 0.209
7,16,coarse : 6.03 seconds
7,16,fine : 6.04 seconds
[[1428  485]
 [  18   79]]
acc: 0.750
f1: 0.239
[[1890   23]
 [  83   14]]
acc: 0.947
f1: 0.209
7,17,coarse : 6.3 seconds
7,17,fine : 6.3 seconds
[[1431  482]
 [  19   78]]
acc: 0.751
f1: 0.237
[[1886   27]
 [  82   15]]
acc: 0.946
f1: 0.216
7,18,coarse : 6.39 seconds
7,18,fine : 6.4 seconds
[[1434  479]
 [  17   80]]
acc: 0.753
f1: 0.244
[[1889   24]
 [  81   16]]
acc: 0.948
f1: 0.234
7,19,coarse : 6.42 seconds
7,19,fine : 6.43 seconds
[[1432  481]
 [  18   79]]
acc: 0.752
f1: 0.240
[[1886   27]
 [  81   16]]
acc: 0.946
f1: 0.229
7,20,coarse : 7.05 seconds
7,20,fine : 7.06 seconds
[[1443  470]
 [  19   78]]
acc: 0.757
f1: 0.242
[[1886   27]
 [  79   18]]
acc: 0.947
f1: 0.254
7,21,coarse : 7.24 seconds
7,21,fine : 7.24 seconds
[[1454  459]
 [  19   78]]
acc: 0.762
f1: 0.246
[[1888   25]
 [  80   17]]
acc: 0.948
f1: 0.245
7,22,coarse : 7.13 seconds
7,22,fine : 7.13 seconds
[[1457  456]
 [  19   78]]
acc: 0.764
f1: 0.247
[[1888   25]
 [  80   17]]
acc: 0.948
f1: 0.245
7,23,coarse : 7.34 seconds
7,23,fine : 7.34 seconds
[[1444  469]
 [  19   78]]
acc: 0.757
f1: 0.242
[[1888   25]
 [  77   20]]
acc: 0.949
f1: 0.282
7,24,coarse : 7.3 seconds
7,24,fine : 7.31 seconds
[[1452  461]
 [  20   77]]
acc: 0.761
f1: 0.243
[[1887   26]
 [  76   21]]
acc: 0.949
f1: 0.292
7,25,coarse : 7.55 seconds
7,25,fine : 7.56 seconds
[[1455  458]
 [  20   77]]
acc: 0.762
f1: 0.244
[[1885   28]
 [  76   21]]
acc: 0.948
f1: 0.288
7,26,coarse : 7.66 seconds
7,26,fine : 7.67 seconds
[[1467  446]
 [  19   78]]
acc: 0.769
f1: 0.251
[[1886   27]
 [  75   22]]
acc: 0.949
f1: 0.301
7,27,coarse : 7.92 seconds
7,27,fine : 7.93 seconds
[[1484  429]
 [  19   78]]
acc: 0.777
f1: 0.258
[[1885   28]
 [  75   22]]
acc: 0.949
f1: 0.299
7,28,coarse : 7.91 seconds
7,28,fine : 7.91 seconds
[[1477  436]
 [  20   77]]
acc: 0.773
f1: 0.252
[[1884   29]
 [  75   22]]
acc: 0.948
f1: 0.297
7,29,coarse : 8.35 seconds
7,29,fine : 8.36 seconds
[[1472  441]
 [  20   77]]
acc: 0.771
f1: 0.250
[[1883   30]
 [  76   21]]
acc: 0.947
f1: 0.284
7,30,coarse : 8.24 seconds
7,30,fine : 8.24 seconds
[[1478  435]
 [  20   77]]
acc: 0.774
f1: 0.253
[[1883   30]
 [  74   23]]
acc: 0.948
f1: 0.307
7,31,coarse : 8.37 seconds
7,31,fine : 8.38 seconds
[[1479  434]
 [  20   77]]
acc: 0.774
f1: 0.253
[[1884   29]
 [  77   20]]
acc: 0.947
f1: 0.274
7,32,coarse : 8.74 seconds
7,32,fine : 8.75 seconds
[[1484  429]
 [  20   77]]
acc: 0.777
f1: 0.255
[[1883   30]
 [  78   19]]
acc: 0.946
f1: 0.260
7,33,coarse : 8.93 seconds
7,33,fine : 8.93 seconds
[[1486  427]
 [  20   77]]
acc: 0.778
f1: 0.256
[[1886   27]
 [  78   19]]
acc: 0.948
f1: 0.266
7,34,coarse : 9.34 seconds
7,34,fine : 9.35 seconds
[[1472  441]
 [  21   76]]
acc: 0.770
f1: 0.248
[[1886   27]
 [  78   19]]
acc: 0.948
f1: 0.266
7,35,coarse : 9.43 seconds
7,35,fine : 9.44 seconds
[[1482  431]
 [  22   75]]
acc: 0.775
f1: 0.249
[[1886   27]
 [  77   20]]
acc: 0.948
f1: 0.278
7,36,coarse : 9.61 seconds
7,36,fine : 9.62 seconds
[[1482  431]
 [  21   76]]
acc: 0.775
f1: 0.252
[[1884   29]
 [  77   20]]
acc: 0.947
f1: 0.274
7,37,coarse : 9.66 seconds
7,37,fine : 9.66 seconds
[[1493  420]
 [  20   77]]
acc: 0.781
f1: 0.259
[[1884   29]
 [  76   21]]
acc: 0.948
f1: 0.286
7,38,coarse : 9.57 seconds
7,38,fine : 9.57 seconds
[[1477  436]
 [  20   77]]
acc: 0.773
f1: 0.252
[[1884   29]
 [  78   19]]
acc: 0.947
f1: 0.262
7,39,coarse : 9.85 seconds
7,39,fine : 9.86 seconds
[[1477  436]
 [  19   78]]
acc: 0.774
f1: 0.255
[[1883   30]
 [  78   19]]
acc: 0.946
f1: 0.260
7,40,coarse : 10.12 seconds
7,40,fine : 10.13 seconds
[[1480  433]
 [  21   76]]
acc: 0.774
f1: 0.251
[[1883   30]
 [  76   21]]
acc: 0.947
f1: 0.284
7,41,coarse : 10.39 seconds
7,41,fine : 10.4 seconds
[[1476  437]
 [  20   77]]
acc: 0.773
f1: 0.252
[[1883   30]
 [  76   21]]
acc: 0.947
f1: 0.284
7,42,coarse : 10.56 seconds
7,42,fine : 10.57 seconds
[[1481  432]
 [  20   77]]
acc: 0.775
f1: 0.254
[[1885   28]
 [  74   23]]
acc: 0.949
f1: 0.311
7,43,coarse : 10.66 seconds
7,43,fine : 10.67 seconds
[[1488  425]
 [  20   77]]
acc: 0.779
f1: 0.257
[[1886   27]
 [  74   23]]
acc: 0.950
f1: 0.313
7,44,coarse : 10.92 seconds
7,44,fine : 10.93 seconds
[[1490  423]
 [  20   77]]
acc: 0.780
f1: 0.258
[[1886   27]
 [  73   24]]
acc: 0.950
f1: 0.324
7,45,coarse : 11.08 seconds
7,45,fine : 11.09 seconds
[[1493  420]
 [  20   77]]
acc: 0.781
f1: 0.259
[[1883   30]
 [  72   25]]
acc: 0.949
f1: 0.329
7,46,coarse : 11.38 seconds
7,46,fine : 11.39 seconds
[[1490  423]
 [  19   78]]
acc: 0.780
f1: 0.261
[[1883   30]
 [  71   26]]
acc: 0.950
f1: 0.340
7,47,coarse : 11.47 seconds
7,47,fine : 11.48 seconds
[[1490  423]
 [  20   77]]
acc: 0.780
f1: 0.258
[[1883   30]
 [  70   27]]
acc: 0.950
f1: 0.351
7,48,coarse : 11.87 seconds
7,48,fine : 11.88 seconds
[[1489  424]
 [  20   77]]
acc: 0.779
f1: 0.258
[[1885   28]
 [  72   25]]
acc: 0.950
f1: 0.333
7,49,coarse : 12.03 seconds
7,49,fine : 12.04 seconds
[[1483  430]
 [  21   76]]
acc: 0.776
f1: 0.252
[[1885   28]
 [  71   26]]
acc: 0.951
f1: 0.344
7,50,coarse : 13.97 seconds
7,50,fine : 13.98 seconds
[[1484  429]
 [  20   77]]
acc: 0.777
f1: 0.255
[[1885   28]
 [  70   27]]
acc: 0.951
f1: 0.355
7,51,coarse : 12.07 seconds
7,51,fine : 12.08 seconds
[[1486  427]
 [  20   77]]
acc: 0.778
f1: 0.256
[[1884   29]
 [  71   26]]
acc: 0.950
f1: 0.342
7,52,coarse : 12.25 seconds
7,52,fine : 12.26 seconds
[[1488  425]
 [  19   78]]
acc: 0.779
f1: 0.260
[[1886   27]
 [  71   26]]
acc: 0.951
f1: 0.347
7,53,coarse : 12.87 seconds
7,53,fine : 12.88 seconds
[[1488  425]
 [  18   79]]
acc: 0.780
f1: 0.263
[[1887   26]
 [  71   26]]
acc: 0.952
f1: 0.349
7,54,coarse : 12.93 seconds
7,54,fine : 12.94 seconds
[[1483  430]
 [  18   79]]
acc: 0.777
f1: 0.261
[[1885   28]
 [  70   27]]
acc: 0.951
f1: 0.355
7,55,coarse : 13.01 seconds
7,55,fine : 13.02 seconds
[[1477  436]
 [  17   80]]
acc: 0.775
f1: 0.261
[[1882   31]
 [  69   28]]
acc: 0.950
f1: 0.359
7,56,coarse : 13.46 seconds
7,56,fine : 13.47 seconds
[[1476  437]
 [  18   79]]
acc: 0.774
f1: 0.258
[[1881   32]
 [  68   29]]
acc: 0.950
f1: 0.367
7,57,coarse : 13.67 seconds
7,57,fine : 13.68 seconds
[[1479  434]
 [  19   78]]
acc: 0.775
f1: 0.256
[[1882   31]
 [  68   29]]
acc: 0.951
f1: 0.369
7,58,coarse : 13.63 seconds
7,58,fine : 13.64 seconds
[[1479  434]
 [  19   78]]
acc: 0.775
f1: 0.256
[[1884   29]
 [  67   30]]
acc: 0.952
f1: 0.385
7,59,coarse : 13.88 seconds
7,59,fine : 13.89 seconds
[[1472  441]
 [  20   77]]
acc: 0.771
f1: 0.250
[[1881   32]
 [  67   30]]
acc: 0.951
f1: 0.377
7,60,coarse : 14.3 seconds
7,60,fine : 14.31 seconds
[[1471  442]
 [  20   77]]
acc: 0.770
f1: 0.250
[[1879   34]
 [  69   28]]
acc: 0.949
f1: 0.352
7,61,coarse : 14.63 seconds
7,61,fine : 14.64 seconds
[[1474  439]
 [  20   77]]
acc: 0.772
f1: 0.251
[[1878   35]
 [  69   28]]
acc: 0.948
f1: 0.350
7,62,coarse : 14.79 seconds
7,62,fine : 14.8 seconds
[[1478  435]
 [  21   76]]
acc: 0.773
f1: 0.250
[[1878   35]
 [  69   28]]
acc: 0.948
f1: 0.350
7,63,coarse : 14.97 seconds
7,63,fine : 14.98 seconds
[[1482  431]
 [  21   76]]
acc: 0.775
f1: 0.252
[[1878   35]
 [  70   27]]
acc: 0.948
f1: 0.340
7,64,coarse : 15.07 seconds
7,64,fine : 15.08 seconds
[[1482  431]
 [  20   77]]
acc: 0.776
f1: 0.255
[[1876   37]
 [  69   28]]
acc: 0.947
f1: 0.346
7,65,coarse : 14.93 seconds
7,65,fine : 14.94 seconds
[[1486  427]
 [  20   77]]
acc: 0.778
f1: 0.256
[[1875   38]
 [  69   28]]
acc: 0.947
f1: 0.344
7,66,coarse : 15.42 seconds
7,66,fine : 15.43 seconds
[[1481  432]
 [  19   78]]
acc: 0.776
f1: 0.257
[[1875   38]
 [  69   28]]
acc: 0.947
f1: 0.344
7,67,coarse : 15.82 seconds
7,67,fine : 15.83 seconds
[[1480  433]
 [  19   78]]
acc: 0.775
f1: 0.257
[[1873   40]
 [  68   29]]
acc: 0.946
f1: 0.349
7,68,coarse : 15.74 seconds
7,68,fine : 15.75 seconds
[[1479  434]
 [  20   77]]
acc: 0.774
f1: 0.253
[[1874   39]
 [  69   28]]
acc: 0.946
f1: 0.341
7,69,coarse : 16.01 seconds
7,69,fine : 16.02 seconds
[[1475  438]
 [  19   78]]
acc: 0.773
f1: 0.254
[[1875   38]
 [  69   28]]
acc: 0.947
f1: 0.344
7,70,coarse : 16.52 seconds
7,70,fine : 16.53 seconds
[[1476  437]
 [  19   78]]
acc: 0.773
f1: 0.255
[[1874   39]
 [  67   30]]
acc: 0.947
f1: 0.361
7,71,coarse : 16.5 seconds
7,71,fine : 16.52 seconds
[[1476  437]
 [  19   78]]
acc: 0.773
f1: 0.255
[[1874   39]
 [  65   32]]
acc: 0.948
f1: 0.381
7,72,coarse : 16.65 seconds
7,72,fine : 16.66 seconds
[[1481  432]
 [  20   77]]
acc: 0.775
f1: 0.254
[[1875   38]
 [  66   31]]
acc: 0.948
f1: 0.373
7,73,coarse : 17.04 seconds
7,73,fine : 17.05 seconds
[[1474  439]
 [  21   76]]
acc: 0.771
f1: 0.248
[[1876   37]
 [  65   32]]
acc: 0.949
f1: 0.386
7,74,coarse : 16.74 seconds
7,74,fine : 16.75 seconds
[[1473  440]
 [  19   78]]
acc: 0.772
f1: 0.254
[[1875   38]
 [  66   31]]
acc: 0.948
f1: 0.373
7,75,coarse : 17.17 seconds
7,75,fine : 17.18 seconds
[[1474  439]
 [  20   77]]
acc: 0.772
f1: 0.251
[[1873   40]
 [  66   31]]
acc: 0.947
f1: 0.369
7,76,coarse : 17.53 seconds
7,76,fine : 17.54 seconds
[[1479  434]
 [  20   77]]
acc: 0.774
f1: 0.253
[[1872   41]
 [  66   31]]
acc: 0.947
f1: 0.367
7,77,coarse : 17.15 seconds
7,77,fine : 17.16 seconds
[[1476  437]
 [  20   77]]
acc: 0.773
f1: 0.252
[[1872   41]
 [  66   31]]
acc: 0.947
f1: 0.367
7,78,coarse : 17.61 seconds
7,78,fine : 17.63 seconds
[[1479  434]
 [  20   77]]
acc: 0.774
f1: 0.253
[[1869   44]
 [  64   33]]
acc: 0.946
f1: 0.379
7,79,coarse : 17.32 seconds
7,79,fine : 17.33 seconds
[[1471  442]
 [  20   77]]
acc: 0.770
f1: 0.250
[[1873   40]
 [  64   33]]
acc: 0.948
f1: 0.388
7,80,coarse : 17.94 seconds
7,80,fine : 17.96 seconds
[[1465  448]
 [  20   77]]
acc: 0.767
f1: 0.248
[[1872   41]
 [  64   33]]
acc: 0.948
f1: 0.386
7,81,coarse : 18.14 seconds
7,81,fine : 18.16 seconds
[[1466  447]
 [  20   77]]
acc: 0.768
f1: 0.248
[[1871   42]
 [  62   35]]
acc: 0.948
f1: 0.402
7,82,coarse : 18.44 seconds
7,82,fine : 18.45 seconds
[[1471  442]
 [  18   79]]
acc: 0.771
f1: 0.256
[[1869   44]
 [  62   35]]
acc: 0.947
f1: 0.398
7,83,coarse : 19.38 seconds
7,83,fine : 19.39 seconds
[[1469  444]
 [  18   79]]
acc: 0.770
f1: 0.255
[[1873   40]
 [  62   35]]
acc: 0.949
f1: 0.407
7,84,coarse : 18.7 seconds
7,84,fine : 18.72 seconds
[[1472  441]
 [  20   77]]
acc: 0.771
f1: 0.250
[[1870   43]
 [  63   34]]
acc: 0.947
f1: 0.391
7,85,coarse : 19.32 seconds
7,85,fine : 19.33 seconds
[[1473  440]
 [  20   77]]
acc: 0.771
f1: 0.251
[[1870   43]
 [  63   34]]
acc: 0.947
f1: 0.391
7,86,coarse : 19.82 seconds
7,86,fine : 19.83 seconds
[[1477  436]
 [  20   77]]
acc: 0.773
f1: 0.252
[[1873   40]
 [  64   33]]
acc: 0.948
f1: 0.388
7,87,coarse : 19.7 seconds
7,87,fine : 19.72 seconds
[[1468  445]
 [  19   78]]
acc: 0.769
f1: 0.252
[[1874   39]
 [  65   32]]
acc: 0.948
f1: 0.381
7,88,coarse : 20.03 seconds
7,88,fine : 20.04 seconds
[[1462  451]
 [  20   77]]
acc: 0.766
f1: 0.246
[[1873   40]
 [  65   32]]
acc: 0.948
f1: 0.379
7,89,coarse : 19.76 seconds
7,89,fine : 19.78 seconds
[[1465  448]
 [  20   77]]
acc: 0.767
f1: 0.248
[[1871   42]
 [  63   34]]
acc: 0.948
f1: 0.393
7,90,coarse : 20.43 seconds
7,90,fine : 20.45 seconds
[[1468  445]
 [  20   77]]
acc: 0.769
f1: 0.249
[[1872   41]
 [  63   34]]
acc: 0.948
f1: 0.395
7,91,coarse : 20.7 seconds
7,91,fine : 20.71 seconds
[[1473  440]
 [  20   77]]
acc: 0.771
f1: 0.251
[[1869   44]
 [  63   34]]
acc: 0.947
f1: 0.389
7,92,coarse : 20.81 seconds
7,92,fine : 20.82 seconds
[[1466  447]
 [  19   78]]
acc: 0.768
f1: 0.251
[[1870   43]
 [  63   34]]
acc: 0.947
f1: 0.391
7,93,coarse : 21.46 seconds
7,93,fine : 21.47 seconds
[[1471  442]
 [  19   78]]
acc: 0.771
f1: 0.253
[[1872   41]
 [  61   36]]
acc: 0.949
f1: 0.414
7,94,coarse : 21.58 seconds
7,94,fine : 21.59 seconds
[[1465  448]
 [  19   78]]
acc: 0.768
f1: 0.250
[[1873   40]
 [  61   36]]
acc: 0.950
f1: 0.416
7,95,coarse : 21.61 seconds
7,95,fine : 21.63 seconds
[[1473  440]
 [  20   77]]
acc: 0.771
f1: 0.251
[[1873   40]
 [  61   36]]
acc: 0.950
f1: 0.416
7,96,coarse : 21.84 seconds
7,96,fine : 21.86 seconds
[[1475  438]
 [  19   78]]
acc: 0.773
f1: 0.254
[[1874   39]
 [  60   37]]
acc: 0.951
f1: 0.428
7,97,coarse : 21.95 seconds
7,97,fine : 21.97 seconds
[[1469  444]
 [  21   76]]
acc: 0.769
f1: 0.246
[[1874   39]
 [  60   37]]
acc: 0.951
f1: 0.428
7,98,coarse : 21.94 seconds
7,98,fine : 21.95 seconds
[[1466  447]
 [  20   77]]
acc: 0.768
f1: 0.248
[[1874   39]
 [  60   37]]
acc: 0.951
f1: 0.428
7,99,coarse : 23.33 seconds
7,99,fine : 23.35 seconds
[[1466  447]
 [  19   78]]
acc: 0.768
f1: 0.251
[[1874   39]
 [  60   37]]
acc: 0.951
f1: 0.428
7,100,coarse : 25.02 seconds
7,100,fine : 25.03 seconds
[[1468  445]
 [  19   78]]
acc: 0.769
f1: 0.252
[[1874   39]
 [  60   37]]
acc: 0.951
f1: 0.428
7,101,coarse : 22.83 seconds
7,101,fine : 22.84 seconds
[[1466  447]
 [  19   78]]
acc: 0.768
f1: 0.251
[[1874   39]
 [  60   37]]
acc: 0.951
f1: 0.428
7,102,coarse : 23.42 seconds
7,102,fine : 23.43 seconds
[[1466  447]
 [  19   78]]
acc: 0.768
f1: 0.251
[[1872   41]
 [  61   36]]
acc: 0.949
f1: 0.414
7,103,coarse : 23.92 seconds
7,103,fine : 23.94 seconds
[[1452  461]
 [  19   78]]
acc: 0.761
f1: 0.245
[[1873   40]
 [  61   36]]
acc: 0.950
f1: 0.416
7,104,coarse : 24.44 seconds
7,104,fine : 24.46 seconds
[[1461  452]
 [  18   79]]
acc: 0.766
f1: 0.252
[[1874   39]
 [  60   37]]
acc: 0.951
f1: 0.428
7,105,coarse : 24.15 seconds
7,105,fine : 24.17 seconds
[[1453  460]
 [  18   79]]
acc: 0.762
f1: 0.248
[[1874   39]
 [  62   35]]
acc: 0.950
f1: 0.409
7,106,coarse : 24.79 seconds
7,106,fine : 24.81 seconds
[[1452  461]
 [  19   78]]
acc: 0.761
f1: 0.245
[[1873   40]
 [  60   37]]
acc: 0.950
f1: 0.425
7,107,coarse : 25.4 seconds
7,107,fine : 25.41 seconds
[[1456  457]
 [  19   78]]
acc: 0.763
f1: 0.247
[[1873   40]
 [  61   36]]
acc: 0.950
f1: 0.416
7,108,coarse : 25.56 seconds
7,108,fine : 25.58 seconds
[[1458  455]
 [  19   78]]
acc: 0.764
f1: 0.248
[[1873   40]
 [  61   36]]
acc: 0.950
f1: 0.416
7,109,coarse : 25.19 seconds
7,109,fine : 25.21 seconds
[[1457  456]
 [  19   78]]
acc: 0.764
f1: 0.247
[[1873   40]
 [  61   36]]
acc: 0.950
f1: 0.416
7,110,coarse : 25.68 seconds
7,110,fine : 25.69 seconds
[[1457  456]
 [  19   78]]
acc: 0.764
f1: 0.247
[[1874   39]
 [  60   37]]
acc: 0.951
f1: 0.428
7,111,coarse : 25.56 seconds
7,111,fine : 25.57 seconds
[[1459  454]
 [  19   78]]
acc: 0.765
f1: 0.248
[[1873   40]
 [  61   36]]
acc: 0.950
f1: 0.416
7,112,coarse : 26.18 seconds
7,112,fine : 26.2 seconds
[[1461  452]
 [  19   78]]
acc: 0.766
f1: 0.249
[[1871   42]
 [  60   37]]
acc: 0.949
f1: 0.420
7,113,coarse : 25.5 seconds
7,113,fine : 25.52 seconds
[[1463  450]
 [  19   78]]
acc: 0.767
f1: 0.250
[[1872   41]
 [  60   37]]
acc: 0.950
f1: 0.423
7,114,coarse : 26.32 seconds
7,114,fine : 26.33 seconds
[[1463  450]
 [  19   78]]
acc: 0.767
f1: 0.250
[[1872   41]
 [  60   37]]
acc: 0.950
f1: 0.423
7,115,coarse : 26.28 seconds
7,115,fine : 26.3 seconds
[[1460  453]
 [  19   78]]
acc: 0.765
f1: 0.248
[[1871   42]
 [  59   38]]
acc: 0.950
f1: 0.429
7,116,coarse : 27.15 seconds
7,116,fine : 27.17 seconds
[[1457  456]
 [  19   78]]
acc: 0.764
f1: 0.247
[[1868   45]
 [  60   37]]
acc: 0.948
f1: 0.413
7,117,coarse : 27.25 seconds
7,117,fine : 27.27 seconds
[[1461  452]
 [  19   78]]
acc: 0.766
f1: 0.249
[[1869   44]
 [  60   37]]
acc: 0.948
f1: 0.416
7,118,coarse : 26.92 seconds
7,118,fine : 26.94 seconds
[[1453  460]
 [  19   78]]
acc: 0.762
f1: 0.246
[[1868   45]
 [  58   39]]
acc: 0.949
f1: 0.431
7,119,coarse : 28.0 seconds
7,119,fine : 28.02 seconds
[[1455  458]
 [  19   78]]
acc: 0.763
f1: 0.246
[[1865   48]
 [  58   39]]
acc: 0.947
f1: 0.424
7,120,coarse : 27.82 seconds
7,120,fine : 27.84 seconds
[[1448  465]
 [  19   78]]
acc: 0.759
f1: 0.244
[[1869   44]
 [  58   39]]
acc: 0.949
f1: 0.433
7,121,coarse : 28.13 seconds
7,121,fine : 28.15 seconds
[[1452  461]
 [  19   78]]
acc: 0.761
f1: 0.245
[[1868   45]
 [  58   39]]
acc: 0.949
f1: 0.431
7,122,coarse : 28.45 seconds
7,122,fine : 28.47 seconds
[[1454  459]
 [  19   78]]
acc: 0.762
f1: 0.246
[[1867   46]
 [  58   39]]
acc: 0.948
f1: 0.429
7,123,coarse : 28.28 seconds
7,123,fine : 28.3 seconds
[[1459  454]
 [  19   78]]
acc: 0.765
f1: 0.248
[[1870   43]
 [  58   39]]
acc: 0.950
f1: 0.436
7,124,coarse : 29.07 seconds
7,124,fine : 29.09 seconds
[[1457  456]
 [  19   78]]
acc: 0.764
f1: 0.247
[[1871   42]
 [  59   38]]
acc: 0.950
f1: 0.429
7,125,coarse : 29.3 seconds
7,125,fine : 29.32 seconds
[[1462  451]
 [  19   78]]
acc: 0.766
f1: 0.249
[[1869   44]
 [  60   37]]
acc: 0.948
f1: 0.416
7,126,coarse : 29.0 seconds
7,126,fine : 29.01 seconds
[[1461  452]
 [  19   78]]
acc: 0.766
f1: 0.249
[[1870   43]
 [  60   37]]
acc: 0.949
f1: 0.418
7,127,coarse : 29.53 seconds
7,127,fine : 29.55 seconds
[[1462  451]
 [  19   78]]
acc: 0.766
f1: 0.249
[[1868   45]
 [  60   37]]
acc: 0.948
f1: 0.413
7,128,coarse : 29.8 seconds
7,128,fine : 29.82 seconds
[[1457  456]
 [  19   78]]
acc: 0.764
f1: 0.247
[[1869   44]
 [  60   37]]
acc: 0.948
f1: 0.416
7,129,coarse : 29.86 seconds
7,129,fine : 29.88 seconds
[[1457  456]
 [  19   78]]
acc: 0.764
f1: 0.247
[[1867   46]
 [  60   37]]
acc: 0.947
f1: 0.411
7,130,coarse : 30.61 seconds
7,130,fine : 30.63 seconds
[[1465  448]
 [  19   78]]
acc: 0.768
f1: 0.250
[[1867   46]
 [  60   37]]
acc: 0.947
f1: 0.411
7,131,coarse : 30.08 seconds
7,131,fine : 30.1 seconds
[[1465  448]
 [  19   78]]
acc: 0.768
f1: 0.250
[[1868   45]
 [  59   38]]
acc: 0.948
f1: 0.422
7,132,coarse : 30.14 seconds
7,132,fine : 30.16 seconds
[[1468  445]
 [  19   78]]
acc: 0.769
f1: 0.252
[[1868   45]
 [  59   38]]
acc: 0.948
f1: 0.422
7,133,coarse : 30.86 seconds
7,133,fine : 30.88 seconds
[[1468  445]
 [  20   77]]
acc: 0.769
f1: 0.249
[[1867   46]
 [  60   37]]
acc: 0.947
f1: 0.411
7,134,coarse : 30.95 seconds
7,134,fine : 30.97 seconds
[[1468  445]
 [  20   77]]
acc: 0.769
f1: 0.249
[[1866   47]
 [  60   37]]
acc: 0.947
f1: 0.409
7,135,coarse : 31.62 seconds
7,135,fine : 31.64 seconds
[[1462  451]
 [  19   78]]
acc: 0.766
f1: 0.249
[[1863   50]
 [  58   39]]
acc: 0.946
f1: 0.419
7,136,coarse : 32.04 seconds
7,136,fine : 32.06 seconds
[[1463  450]
 [  19   78]]
acc: 0.767
f1: 0.250
[[1863   50]
 [  58   39]]
acc: 0.946
f1: 0.419
7,137,coarse : 32.12 seconds
7,137,fine : 32.14 seconds
[[1463  450]
 [  20   77]]
acc: 0.766
f1: 0.247
[[1865   48]
 [  58   39]]
acc: 0.947
f1: 0.424
7,138,coarse : 32.2 seconds
7,138,fine : 32.22 seconds
[[1462  451]
 [  19   78]]
acc: 0.766
f1: 0.249
[[1864   49]
 [  59   38]]
acc: 0.946
f1: 0.413
7,139,coarse : 32.81 seconds
7,139,fine : 32.83 seconds
[[1459  454]
 [  19   78]]
acc: 0.765
f1: 0.248
[[1864   49]
 [  59   38]]
acc: 0.946
f1: 0.413
7,140,coarse : 32.38 seconds
7,140,fine : 32.4 seconds
[[1456  457]
 [  20   77]]
acc: 0.763
f1: 0.244
[[1863   50]
 [  59   38]]
acc: 0.946
f1: 0.411
7,141,coarse : 32.69 seconds
7,141,fine : 32.71 seconds
[[1458  455]
 [  20   77]]
acc: 0.764
f1: 0.245
[[1862   51]
 [  59   38]]
acc: 0.945
f1: 0.409
7,142,coarse : 33.15 seconds
7,142,fine : 33.17 seconds
[[1459  454]
 [  20   77]]
acc: 0.764
f1: 0.245
[[1861   52]
 [  59   38]]
acc: 0.945
f1: 0.406
7,143,coarse : 33.39 seconds
7,143,fine : 33.41 seconds
[[1458  455]
 [  20   77]]
acc: 0.764
f1: 0.245
[[1862   51]
 [  59   38]]
acc: 0.945
f1: 0.409
7,144,coarse : 33.36 seconds
7,144,fine : 33.38 seconds
[[1457  456]
 [  19   78]]
acc: 0.764
f1: 0.247
[[1861   52]
 [  59   38]]
acc: 0.945
f1: 0.406
7,145,coarse : 34.33 seconds
7,145,fine : 34.35 seconds
[[1457  456]
 [  20   77]]
acc: 0.763
f1: 0.244
[[1862   51]
 [  59   38]]
acc: 0.945
f1: 0.409
7,146,coarse : 33.39 seconds
7,146,fine : 33.41 seconds
[[1456  457]
 [  20   77]]
acc: 0.763
f1: 0.244
[[1863   50]
 [  59   38]]
acc: 0.946
f1: 0.411
7,147,coarse : 34.09 seconds
7,147,fine : 34.11 seconds
[[1458  455]
 [  20   77]]
acc: 0.764
f1: 0.245
[[1864   49]
 [  59   38]]
acc: 0.946
f1: 0.413
7,148,coarse : 34.58 seconds
7,148,fine : 34.6 seconds
[[1453  460]
 [  20   77]]
acc: 0.761
f1: 0.243
[[1863   50]
 [  59   38]]
acc: 0.946
f1: 0.411
7,149,coarse : 34.41 seconds
7,149,fine : 34.44 seconds
[[1459  454]
 [  20   77]]
acc: 0.764
f1: 0.245
[[1866   47]
 [  59   38]]
acc: 0.947
f1: 0.418
7,150,coarse : 37.44 seconds
7,150,fine : 37.45 seconds
[[1457  456]
 [  21   76]]
acc: 0.763
f1: 0.242
[[1866   47]
 [  59   38]]
acc: 0.947
f1: 0.418
7,151,coarse : 35.92 seconds
7,151,fine : 35.94 seconds
[[1459  454]
 [  19   78]]
acc: 0.765
f1: 0.248
[[1866   47]
 [  59   38]]
acc: 0.947
f1: 0.418
7,152,coarse : 36.04 seconds
7,152,fine : 36.06 seconds
[[1460  453]
 [  19   78]]
acc: 0.765
f1: 0.248
[[1867   46]
 [  60   37]]
acc: 0.947
f1: 0.411
7,153,coarse : 35.32 seconds
7,153,fine : 35.34 seconds
[[1456  457]
 [  19   78]]
acc: 0.763
f1: 0.247
[[1866   47]
 [  60   37]]
acc: 0.947
f1: 0.409
7,154,coarse : 35.16 seconds
7,154,fine : 35.18 seconds
[[1456  457]
 [  19   78]]
acc: 0.763
f1: 0.247
[[1865   48]
 [  60   37]]
acc: 0.946
f1: 0.407
7,155,coarse : 36.34 seconds
7,155,fine : 36.36 seconds
[[1461  452]
 [  19   78]]
acc: 0.766
f1: 0.249
[[1866   47]
 [  60   37]]
acc: 0.947
f1: 0.409
7,156,coarse : 36.54 seconds
7,156,fine : 36.57 seconds
[[1458  455]
 [  19   78]]
acc: 0.764
f1: 0.248
[[1865   48]
 [  59   38]]
acc: 0.947
f1: 0.415
7,157,coarse : 36.36 seconds
7,157,fine : 36.38 seconds
[[1458  455]
 [  19   78]]
acc: 0.764
f1: 0.248
[[1866   47]
 [  59   38]]
acc: 0.947
f1: 0.418
7,158,coarse : 37.09 seconds
7,158,fine : 37.11 seconds
[[1460  453]
 [  19   78]]
acc: 0.765
f1: 0.248
[[1865   48]
 [  59   38]]
acc: 0.947
f1: 0.415
7,159,coarse : 38.02 seconds
7,159,fine : 38.04 seconds
[[1460  453]
 [  19   78]]
acc: 0.765
f1: 0.248
[[1865   48]
 [  59   38]]
acc: 0.947
f1: 0.415
7,160,coarse : 37.67 seconds
7,160,fine : 37.69 seconds
[[1456  457]
 [  19   78]]
acc: 0.763
f1: 0.247
[[1866   47]
 [  59   38]]
acc: 0.947
f1: 0.418
7,161,coarse : 37.85 seconds
7,161,fine : 37.87 seconds
[[1456  457]
 [  19   78]]
acc: 0.763
f1: 0.247
[[1865   48]
 [  59   38]]
acc: 0.947
f1: 0.415
7,162,coarse : 37.57 seconds
7,162,fine : 37.59 seconds
[[1464  449]
 [  19   78]]
acc: 0.767
f1: 0.250
[[1864   49]
 [  59   38]]
acc: 0.946
f1: 0.413
7,163,coarse : 37.31 seconds
7,163,fine : 37.33 seconds
[[1464  449]
 [  19   78]]
acc: 0.767
f1: 0.250
[[1865   48]
 [  59   38]]
acc: 0.947
f1: 0.415
7,164,coarse : 38.01 seconds
7,164,fine : 38.03 seconds
[[1465  448]
 [  19   78]]
acc: 0.768
f1: 0.250
[[1865   48]
 [  59   38]]
acc: 0.947
f1: 0.415
7,165,coarse : 38.43 seconds
7,165,fine : 38.46 seconds
[[1462  451]
 [  19   78]]
acc: 0.766
f1: 0.249
[[1865   48]
 [  59   38]]
acc: 0.947
f1: 0.415
7,166,coarse : 38.93 seconds
7,166,fine : 38.95 seconds
[[1455  458]
 [  17   80]]
acc: 0.764
f1: 0.252
[[1865   48]
 [  59   38]]
acc: 0.947
f1: 0.415
7,167,coarse : 39.41 seconds
7,167,fine : 39.43 seconds
[[1458  455]
 [  17   80]]
acc: 0.765
f1: 0.253
[[1865   48]
 [  58   39]]
acc: 0.947
f1: 0.424
7,168,coarse : 38.62 seconds
7,168,fine : 38.64 seconds
[[1459  454]
 [  17   80]]
acc: 0.766
f1: 0.254
[[1865   48]
 [  59   38]]
acc: 0.947
f1: 0.415
7,169,coarse : 35.21 seconds
7,169,fine : 35.23 seconds
[[1462  451]
 [  18   79]]
acc: 0.767
f1: 0.252
[[1865   48]
 [  54   43]]
acc: 0.949
f1: 0.457
7,170,coarse : 31.11 seconds
7,170,fine : 31.13 seconds
[[1464  449]
 [  18   79]]
acc: 0.768
f1: 0.253
[[1861   52]
 [  55   42]]
acc: 0.947
f1: 0.440
7,171,coarse : 28.04 seconds
7,171,fine : 28.06 seconds
[[1468  445]
 [  18   79]]
acc: 0.770
f1: 0.254
[[1862   51]
 [  55   42]]
acc: 0.947
f1: 0.442
7,172,coarse : 26.86 seconds
7,172,fine : 26.88 seconds
