all           0      1    2    3    4    5    6    7    8    
1      2010   1914   1    19   32   19   1    11   6    7    
2      2010   1914   1    19   32   19   1    11   6    7    
3      2010   1914   1    19   32   19   1    11   5    8    
4      2010   1914   1    19   32   19   1    10   6    8    
5      2010   1914   1    18   33   19   1    10   6    8    
6      2010   1914   1    18   33   19   1    10   6    8    
7      2010   1913   2    18   33   19   1    10   6    8    
8      2010   1913   2    18   33   19   1    10   6    8    
9      2009   1913   2    18   32   19   2    10   6    7    
10     2009   1913   1    19   32   19   1    11   6    7    
Total  20098  19136  13   185  324  190  11   104  59   76   
train         0      1    2    3    4    5    6    7    8    
1      2010   1914   1    19   32   19   1    11   6    7    
2      2010   1914   1    19   32   19   1    11   6    7    
3      2010   1914   1    19   32   19   1    11   5    8    
4      2010   1914   1    19   32   19   1    10   6    8    
5      2010   1914   1    18   33   19   1    10   6    8    
6      2010   1914   1    18   33   19   1    10   6    8    
7      2010   1913   2    18   33   19   1    10   6    8    
8      2010   1913   2    18   33   19   1    10   6    8    
10     2009   1913   1    19   32   19   1    11   6    7    
Total  18089  17223  11   167  292  171  9    94   53   69   
test          0      1    2    3    4    5    6    7    8    
9      2009   1913   2    18   32   19   2    10   6    7    
Total  2009   1913   2    18   32   19   2    10   6    7    
train_mod     0      1    2    3    4    5    6    7    8    
1      2011   1914   1    19   32   19   2    11   6    7    
2      2010   1914   1    19   32   19   1    11   6    7    
3      2010   1914   1    19   32   19   1    11   5    8    
4      2010   1914   1    19   32   19   1    10   6    8    
5      2010   1914   1    18   33   19   1    10   6    8    
6      2010   1914   1    18   33   19   1    10   6    8    
7      2010   1913   2    18   33   19   1    10   6    8    
8      2010   1913   2    18   33   19   1    10   6    8    
10     2009   1913   1    19   32   19   1    11   6    7    
Total  18090  17223  11   167  292  171  10   94   53   69   
test_mod      0      1    2    3    4    5    6    7    8    
9      2008   1913   2    18   32   19   1    10   6    7    
Total  2008   1913   2    18   32   19   1    10   6    7    
Classes             
0         17223     
1         11        
2         167       
3         292       
4         171       
5         10        
6         94        
7         53        
8         69        
Total     18090     

Shape: 450       

[952, 10, 11, 16, 11, 10, 10, 10, 10]
Sum start => 1040
[[1230  683]
 [  17   78]]
acc: 0.651
f1: 0.182
[[1893   20]
 [  80   15]]
acc: 0.950
f1: 0.231
9,1,coarse : 28.91 seconds
9,1,fine : 28.92 seconds
[[1230  683]
 [  17   78]]
acc: 0.651
f1: 0.182
[[1893   20]
 [  80   15]]
acc: 0.950
f1: 0.231
9,2,coarse : 30.13 seconds
9,2,fine : 30.14 seconds
[[1280  633]
 [  20   75]]
acc: 0.675
f1: 0.187
[[1908    5]
 [  84   11]]
acc: 0.956
f1: 0.198
9,3,coarse : 26.97 seconds
9,3,fine : 26.97 seconds
[[1297  616]
 [  20   75]]
acc: 0.683
f1: 0.191
[[1911    2]
 [  88    7]]
acc: 0.955
f1: 0.135
9,4,coarse : 26.89 seconds
9,4,fine : 26.89 seconds
[[1301  612]
 [  21   74]]
acc: 0.685
f1: 0.190
[[1912    1]
 [  89    6]]
acc: 0.955
f1: 0.118
9,5,coarse : 27.53 seconds
9,5,fine : 27.54 seconds
[[1315  598]
 [  18   77]]
acc: 0.693
f1: 0.200
[[1913    0]
 [  90    5]]
acc: 0.955
f1: 0.100
9,6,coarse : 26.99 seconds
9,6,fine : 26.99 seconds
[[1321  592]
 [  18   77]]
acc: 0.696
f1: 0.202
[[1912    1]
 [  85   10]]
acc: 0.957
f1: 0.189
9,7,coarse : 26.98 seconds
9,7,fine : 26.98 seconds
[[1342  571]
 [  19   76]]
acc: 0.706
f1: 0.205
[[1912    1]
 [  85   10]]
acc: 0.957
f1: 0.189
9,8,coarse : 27.07 seconds
9,8,fine : 27.08 seconds
[[1361  552]
 [  19   76]]
acc: 0.716
f1: 0.210
[[1912    1]
 [  86    9]]
acc: 0.957
f1: 0.171
9,9,coarse : 26.68 seconds
9,9,fine : 26.68 seconds
[[1372  541]
 [  18   77]]
acc: 0.722
f1: 0.216
[[1911    2]
 [  85   10]]
acc: 0.957
f1: 0.187
9,10,coarse : 26.64 seconds
9,10,fine : 26.65 seconds
[[1382  531]
 [  20   75]]
acc: 0.726
f1: 0.214
[[1912    1]
 [  85   10]]
acc: 0.957
f1: 0.189
9,11,coarse : 27.01 seconds
9,11,fine : 27.01 seconds
[[1389  524]
 [  18   77]]
acc: 0.730
f1: 0.221
[[1911    2]
 [  83   12]]
acc: 0.958
f1: 0.220
9,12,coarse : 26.63 seconds
9,12,fine : 26.64 seconds
[[1395  518]
 [  20   75]]
acc: 0.732
f1: 0.218
[[1910    3]
 [  83   12]]
acc: 0.957
f1: 0.218
9,13,coarse : 26.66 seconds
9,13,fine : 26.67 seconds
[[1401  512]
 [  21   74]]
acc: 0.735
f1: 0.217
[[1910    3]
 [  83   12]]
acc: 0.957
f1: 0.218
9,14,coarse : 27.14 seconds
9,14,fine : 27.14 seconds
[[1417  496]
 [  21   74]]
acc: 0.743
f1: 0.223
[[1910    3]
 [  86    9]]
acc: 0.956
f1: 0.168
9,15,coarse : 26.9 seconds
9,15,fine : 26.91 seconds
[[1390  523]
 [  20   75]]
acc: 0.730
f1: 0.216
[[1911    2]
 [  85   10]]
acc: 0.957
f1: 0.187
9,16,coarse : 26.75 seconds
9,16,fine : 26.75 seconds
[[1399  514]
 [  21   74]]
acc: 0.734
f1: 0.217
[[1911    2]
 [  85   10]]
acc: 0.957
f1: 0.187
9,17,coarse : 27.07 seconds
9,17,fine : 27.08 seconds
[[1416  497]
 [  21   74]]
acc: 0.742
f1: 0.222
[[1911    2]
 [  84   11]]
acc: 0.957
f1: 0.204
9,18,coarse : 26.71 seconds
9,18,fine : 26.72 seconds
[[1418  495]
 [  20   75]]
acc: 0.744
f1: 0.226
[[1910    3]
 [  85   10]]
acc: 0.956
f1: 0.185
9,19,coarse : 26.64 seconds
9,19,fine : 26.65 seconds
[[1421  492]
 [  20   75]]
acc: 0.745
f1: 0.227
[[1910    3]
 [  85   10]]
acc: 0.956
f1: 0.185
9,20,coarse : 27.01 seconds
9,20,fine : 27.02 seconds
[[1401  512]
 [  19   76]]
acc: 0.736
f1: 0.223
[[1910    3]
 [  84   11]]
acc: 0.957
f1: 0.202
9,21,coarse : 26.66 seconds
9,21,fine : 26.66 seconds
[[1397  516]
 [  20   75]]
acc: 0.733
f1: 0.219
[[1910    3]
 [  84   11]]
acc: 0.957
f1: 0.202
9,22,coarse : 26.63 seconds
9,22,fine : 26.64 seconds
[[1388  525]
 [  19   76]]
acc: 0.729
f1: 0.218
[[1910    3]
 [  84   11]]
acc: 0.957
f1: 0.202
9,23,coarse : 27.02 seconds
9,23,fine : 27.03 seconds
[[1401  512]
 [  19   76]]
acc: 0.736
f1: 0.223
[[1910    3]
 [  84   11]]
acc: 0.957
f1: 0.202
9,24,coarse : 26.65 seconds
9,24,fine : 26.66 seconds
[[1406  507]
 [  19   76]]
acc: 0.738
f1: 0.224
[[1910    3]
 [  84   11]]
acc: 0.957
f1: 0.202
9,25,coarse : 26.48 seconds
9,25,fine : 26.49 seconds
[[1410  503]
 [  19   76]]
acc: 0.740
f1: 0.226
[[1910    3]
 [  84   11]]
acc: 0.957
f1: 0.202
9,26,coarse : 27.03 seconds
9,26,fine : 27.04 seconds
[[1410  503]
 [  17   78]]
acc: 0.741
f1: 0.231
[[1910    3]
 [  84   11]]
acc: 0.957
f1: 0.202
9,27,coarse : 26.62 seconds
9,27,fine : 26.62 seconds
[[1420  493]
 [  18   77]]
acc: 0.746
f1: 0.232
[[1910    3]
 [  84   11]]
acc: 0.957
f1: 0.202
9,28,coarse : 26.78 seconds
9,28,fine : 26.79 seconds
[[1422  491]
 [  17   78]]
acc: 0.747
f1: 0.235
[[1910    3]
 [  84   11]]
acc: 0.957
f1: 0.202
9,29,coarse : 27.07 seconds
9,29,fine : 27.08 seconds
[[1424  489]
 [  17   78]]
acc: 0.748
f1: 0.236
[[1910    3]
 [  84   11]]
acc: 0.957
f1: 0.202
9,30,coarse : 26.65 seconds
9,30,fine : 26.66 seconds
[[1431  482]
 [  18   77]]
acc: 0.751
f1: 0.235
[[1910    3]
 [  84   11]]
acc: 0.957
f1: 0.202
9,31,coarse : 26.65 seconds
9,31,fine : 26.65 seconds
[[1428  485]
 [  17   78]]
acc: 0.750
f1: 0.237
[[1910    3]
 [  84   11]]
acc: 0.957
f1: 0.202
9,32,coarse : 26.58 seconds
9,32,fine : 26.59 seconds
[[1434  479]
 [  16   79]]
acc: 0.753
f1: 0.242
[[1910    3]
 [  82   13]]
acc: 0.958
f1: 0.234
9,33,coarse : 26.82 seconds
9,33,fine : 26.83 seconds
[[1441  472]
 [  18   77]]
acc: 0.756
f1: 0.239
[[1910    3]
 [  82   13]]
acc: 0.958
f1: 0.234
9,34,coarse : 26.55 seconds
9,34,fine : 26.55 seconds
[[1445  468]
 [  19   76]]
acc: 0.757
f1: 0.238
[[1910    3]
 [  82   13]]
acc: 0.958
f1: 0.234
9,35,coarse : 26.58 seconds
9,35,fine : 26.59 seconds
[[1430  483]
 [  18   77]]
acc: 0.750
f1: 0.235
[[1910    3]
 [  82   13]]
acc: 0.958
f1: 0.234
9,36,coarse : 27.0 seconds
9,36,fine : 27.01 seconds
[[1429  484]
 [  17   78]]
acc: 0.750
f1: 0.237
[[1909    4]
 [  80   15]]
acc: 0.958
f1: 0.263
9,37,coarse : 26.79 seconds
9,37,fine : 26.79 seconds
[[1428  485]
 [  18   77]]
acc: 0.750
f1: 0.234
[[1910    3]
 [  79   16]]
acc: 0.959
f1: 0.281
9,38,coarse : 26.63 seconds
9,38,fine : 26.64 seconds
[[1436  477]
 [  18   77]]
acc: 0.753
f1: 0.237
[[1910    3]
 [  78   17]]
acc: 0.960
f1: 0.296
9,39,coarse : 26.57 seconds
9,39,fine : 26.58 seconds
[[1426  487]
 [  18   77]]
acc: 0.749
f1: 0.234
[[1910    3]
 [  78   17]]
acc: 0.960
f1: 0.296
9,40,coarse : 27.1 seconds
9,40,fine : 27.11 seconds
[[1429  484]
 [  18   77]]
acc: 0.750
f1: 0.235
[[1909    4]
 [  76   19]]
acc: 0.960
f1: 0.322
9,41,coarse : 26.71 seconds
9,41,fine : 26.72 seconds
[[1434  479]
 [  20   75]]
acc: 0.751
f1: 0.231
[[1908    5]
 [  76   19]]
acc: 0.960
f1: 0.319
9,42,coarse : 26.84 seconds
9,42,fine : 26.85 seconds
[[1434  479]
 [  20   75]]
acc: 0.751
f1: 0.231
[[1909    4]
 [  76   19]]
acc: 0.960
f1: 0.322
9,43,coarse : 27.05 seconds
9,43,fine : 27.06 seconds
[[1437  476]
 [  20   75]]
acc: 0.753
f1: 0.232
[[1909    4]
 [  76   19]]
acc: 0.960
f1: 0.322
9,44,coarse : 26.77 seconds
9,44,fine : 26.78 seconds
[[1434  479]
 [  19   76]]
acc: 0.752
f1: 0.234
[[1909    4]
 [  75   20]]
acc: 0.961
f1: 0.336
9,45,coarse : 26.68 seconds
9,45,fine : 26.68 seconds
[[1425  488]
 [  19   76]]
acc: 0.748
f1: 0.231
[[1909    4]
 [  75   20]]
acc: 0.961
f1: 0.336
9,46,coarse : 26.61 seconds
9,46,fine : 26.62 seconds
[[1435  478]
 [  19   76]]
acc: 0.752
f1: 0.234
[[1909    4]
 [  74   21]]
acc: 0.961
f1: 0.350
9,47,coarse : 27.28 seconds
9,47,fine : 27.29 seconds
[[1430  483]
 [  20   75]]
acc: 0.750
f1: 0.230
[[1909    4]
 [  74   21]]
acc: 0.961
f1: 0.350
9,48,coarse : 26.93 seconds
9,48,fine : 26.93 seconds
[[1435  478]
 [  20   75]]
acc: 0.752
f1: 0.231
[[1909    4]
 [  72   23]]
acc: 0.962
f1: 0.377
9,49,coarse : 26.9 seconds
9,49,fine : 26.91 seconds
[[1424  489]
 [  19   76]]
acc: 0.747
f1: 0.230
[[1909    4]
 [  72   23]]
acc: 0.962
f1: 0.377
9,50,coarse : 28.65 seconds
9,50,fine : 28.65 seconds
[[1417  496]
 [  20   75]]
acc: 0.743
f1: 0.225
[[1908    5]
 [  73   22]]
acc: 0.961
f1: 0.361
9,51,coarse : 26.67 seconds
9,51,fine : 26.68 seconds
[[1409  504]
 [  20   75]]
acc: 0.739
f1: 0.223
[[1907    6]
 [  73   22]]
acc: 0.961
f1: 0.358
9,52,coarse : 26.76 seconds
9,52,fine : 26.77 seconds
[[1414  499]
 [  20   75]]
acc: 0.742
f1: 0.224
[[1907    6]
 [  74   21]]
acc: 0.960
f1: 0.344
9,53,coarse : 27.06 seconds
9,53,fine : 27.07 seconds
[[1419  494]
 [  20   75]]
acc: 0.744
f1: 0.226
[[1907    6]
 [  73   22]]
acc: 0.961
f1: 0.358
9,54,coarse : 27.0 seconds
9,54,fine : 27.01 seconds
[[1409  504]
 [  20   75]]
acc: 0.739
f1: 0.223
[[1907    6]
 [  74   21]]
acc: 0.960
f1: 0.344
9,55,coarse : 26.83 seconds
9,55,fine : 26.84 seconds
[[1416  497]
 [  20   75]]
acc: 0.743
f1: 0.225
[[1907    6]
 [  74   21]]
acc: 0.960
f1: 0.344
9,56,coarse : 26.84 seconds
9,56,fine : 26.86 seconds
[[1420  493]
 [  20   75]]
acc: 0.745
f1: 0.226
[[1907    6]
 [  72   23]]
acc: 0.961
f1: 0.371
9,57,coarse : 27.35 seconds
9,57,fine : 27.35 seconds
[[1417  496]
 [  20   75]]
acc: 0.743
f1: 0.225
[[1906    7]
 [  72   23]]
acc: 0.961
f1: 0.368
9,58,coarse : 26.94 seconds
9,58,fine : 26.95 seconds
[[1413  500]
 [  20   75]]
acc: 0.741
f1: 0.224
[[1904    9]
 [  70   25]]
acc: 0.961
f1: 0.388
9,59,coarse : 27.31 seconds
9,59,fine : 27.32 seconds
[[1405  508]
 [  20   75]]
acc: 0.737
f1: 0.221
[[1904    9]
 [  71   24]]
acc: 0.960
f1: 0.375
9,60,coarse : 26.97 seconds
9,60,fine : 26.98 seconds
[[1411  502]
 [  20   75]]
acc: 0.740
f1: 0.223
[[1903   10]
 [  71   24]]
acc: 0.960
f1: 0.372
9,61,coarse : 27.02 seconds
9,61,fine : 27.03 seconds
[[1411  502]
 [  20   75]]
acc: 0.740
f1: 0.223
[[1903   10]
 [  69   26]]
acc: 0.961
f1: 0.397
9,62,coarse : 27.44 seconds
9,62,fine : 27.45 seconds
[[1403  510]
 [  20   75]]
acc: 0.736
f1: 0.221
[[1902   11]
 [  67   28]]
acc: 0.961
f1: 0.418
9,63,coarse : 27.11 seconds
9,63,fine : 27.12 seconds
[[1408  505]
 [  20   75]]
acc: 0.739
f1: 0.222
[[1900   13]
 [  67   28]]
acc: 0.960
f1: 0.412
9,64,coarse : 27.01 seconds
9,64,fine : 27.02 seconds
[[1406  507]
 [  19   76]]
acc: 0.738
f1: 0.224
[[1902   11]
 [  67   28]]
acc: 0.961
f1: 0.418
9,65,coarse : 26.82 seconds
9,65,fine : 26.83 seconds
[[1399  514]
 [  20   75]]
acc: 0.734
f1: 0.219
[[1900   13]
 [  67   28]]
acc: 0.960
f1: 0.412
9,66,coarse : 27.36 seconds
9,66,fine : 27.37 seconds
[[1398  515]
 [  20   75]]
acc: 0.734
f1: 0.219
[[1900   13]
 [  66   29]]
acc: 0.961
f1: 0.423
9,67,coarse : 27.17 seconds
9,67,fine : 27.18 seconds
[[1390  523]
 [  19   76]]
acc: 0.730
f1: 0.219
[[1899   14]
 [  67   28]]
acc: 0.960
f1: 0.409
9,68,coarse : 27.2 seconds
9,68,fine : 27.21 seconds
[[1396  517]
 [  19   76]]
acc: 0.733
f1: 0.221
[[1897   16]
 [  66   29]]
acc: 0.959
f1: 0.414
9,69,coarse : 27.32 seconds
9,69,fine : 27.33 seconds
[[1408  505]
 [  20   75]]
acc: 0.739
f1: 0.222
[[1897   16]
 [  65   30]]
acc: 0.960
f1: 0.426
9,70,coarse : 27.67 seconds
9,70,fine : 27.68 seconds
[[1406  507]
 [  18   77]]
acc: 0.739
f1: 0.227
[[1898   15]
 [  66   29]]
acc: 0.960
f1: 0.417
9,71,coarse : 28.07 seconds
9,71,fine : 28.08 seconds
[[1406  507]
 [  19   76]]
acc: 0.738
f1: 0.224
[[1898   15]
 [  65   30]]
acc: 0.960
f1: 0.429
9,72,coarse : 27.6 seconds
9,72,fine : 27.61 seconds
[[1408  505]
 [  19   76]]
acc: 0.739
f1: 0.225
[[1898   15]
 [  66   29]]
acc: 0.960
f1: 0.417
9,73,coarse : 27.5 seconds
9,73,fine : 27.51 seconds
[[1406  507]
 [  19   76]]
acc: 0.738
f1: 0.224
[[1897   16]
 [  65   30]]
acc: 0.960
f1: 0.426
9,74,coarse : 27.4 seconds
9,74,fine : 27.41 seconds
[[1408  505]
 [  21   74]]
acc: 0.738
f1: 0.220
[[1897   16]
 [  65   30]]
acc: 0.960
f1: 0.426
9,75,coarse : 27.44 seconds
9,75,fine : 27.46 seconds
[[1407  506]
 [  19   76]]
acc: 0.739
f1: 0.225
[[1897   16]
 [  65   30]]
acc: 0.960
f1: 0.426
9,76,coarse : 27.28 seconds
9,76,fine : 27.29 seconds
[[1408  505]
 [  17   78]]
acc: 0.740
f1: 0.230
[[1897   16]
 [  65   30]]
acc: 0.960
f1: 0.426
9,77,coarse : 27.01 seconds
9,77,fine : 27.02 seconds
[[1415  498]
 [  20   75]]
acc: 0.742
f1: 0.225
[[1896   17]
 [  64   31]]
acc: 0.960
f1: 0.434
9,78,coarse : 26.59 seconds
9,78,fine : 26.6 seconds
[[1411  502]
 [  19   76]]
acc: 0.741
f1: 0.226
[[1896   17]
 [  64   31]]
acc: 0.960
f1: 0.434
9,79,coarse : 27.31 seconds
9,79,fine : 27.33 seconds
[[1405  508]
 [  19   76]]
acc: 0.738
f1: 0.224
[[1895   18]
 [  64   31]]
acc: 0.959
f1: 0.431
9,80,coarse : 27.26 seconds
9,80,fine : 27.27 seconds
[[1408  505]
 [  19   76]]
acc: 0.739
f1: 0.225
[[1895   18]
 [  63   32]]
acc: 0.960
f1: 0.441
9,81,coarse : 26.89 seconds
9,81,fine : 26.9 seconds
[[1412  501]
 [  18   77]]
acc: 0.742
f1: 0.229
[[1894   19]
 [  63   32]]
acc: 0.959
f1: 0.438
9,82,coarse : 27.01 seconds
9,82,fine : 27.03 seconds
[[1408  505]
 [  18   77]]
acc: 0.740
f1: 0.227
[[1893   20]
 [  62   33]]
acc: 0.959
f1: 0.446
9,83,coarse : 27.06 seconds
9,83,fine : 27.07 seconds
[[1406  507]
 [  20   75]]
acc: 0.738
f1: 0.222
[[1892   21]
 [  63   32]]
acc: 0.958
f1: 0.432
9,84,coarse : 27.04 seconds
9,84,fine : 27.05 seconds
[[1413  500]
 [  20   75]]
acc: 0.741
f1: 0.224
[[1892   21]
 [  63   32]]
acc: 0.958
f1: 0.432
9,85,coarse : 27.77 seconds
9,85,fine : 27.78 seconds
[[1417  496]
 [  20   75]]
acc: 0.743
f1: 0.225
[[1893   20]
 [  63   32]]
acc: 0.959
f1: 0.435
9,86,coarse : 28.29 seconds
9,86,fine : 28.31 seconds
[[1414  499]
 [  20   75]]
acc: 0.742
f1: 0.224
[[1893   20]
 [  62   33]]
acc: 0.959
f1: 0.446
9,87,coarse : 27.99 seconds
9,87,fine : 28.01 seconds
[[1420  493]
 [  21   74]]
acc: 0.744
f1: 0.224
[[1896   17]
 [  63   32]]
acc: 0.960
f1: 0.444
9,88,coarse : 27.75 seconds
9,88,fine : 27.77 seconds
[[1428  485]
 [  20   75]]
acc: 0.749
f1: 0.229
[[1893   20]
 [  63   32]]
acc: 0.959
f1: 0.435
9,89,coarse : 27.69 seconds
9,89,fine : 27.71 seconds
[[1419  494]
 [  20   75]]
acc: 0.744
f1: 0.226
[[1894   19]
 [  63   32]]
acc: 0.959
f1: 0.438
9,90,coarse : 27.71 seconds
9,90,fine : 27.72 seconds
[[1416  497]
 [  19   76]]
acc: 0.743
f1: 0.228
[[1891   22]
 [  62   33]]
acc: 0.958
f1: 0.440
9,91,coarse : 27.79 seconds
9,91,fine : 27.81 seconds
[[1422  491]
 [  20   75]]
acc: 0.746
f1: 0.227
[[1890   23]
 [  62   33]]
acc: 0.958
f1: 0.437
9,92,coarse : 29.03 seconds
9,92,fine : 29.06 seconds
[[1422  491]
 [  20   75]]
acc: 0.746
f1: 0.227
[[1889   24]
 [  62   33]]
acc: 0.957
f1: 0.434
9,93,coarse : 27.72 seconds
9,93,fine : 27.74 seconds
[[1424  489]
 [  21   74]]
acc: 0.746
f1: 0.225
[[1891   22]
 [  62   33]]
acc: 0.958
f1: 0.440
9,94,coarse : 27.69 seconds
9,94,fine : 27.7 seconds
[[1424  489]
 [  22   73]]
acc: 0.746
f1: 0.222
[[1890   23]
 [  62   33]]
acc: 0.958
f1: 0.437
9,95,coarse : 27.62 seconds
9,95,fine : 27.63 seconds
[[1423  490]
 [  21   74]]
acc: 0.746
f1: 0.225
[[1890   23]
 [  62   33]]
acc: 0.958
f1: 0.437
9,96,coarse : 28.08 seconds
9,96,fine : 28.1 seconds
[[1425  488]
 [  20   75]]
acc: 0.747
f1: 0.228
[[1889   24]
 [  63   32]]
acc: 0.957
f1: 0.424
9,97,coarse : 27.85 seconds
9,97,fine : 27.86 seconds
[[1426  487]
 [  21   74]]
acc: 0.747
f1: 0.226
[[1889   24]
 [  62   33]]
acc: 0.957
f1: 0.434
9,98,coarse : 28.62 seconds
9,98,fine : 28.63 seconds
[[1427  486]
 [  22   73]]
acc: 0.747
f1: 0.223
[[1889   24]
 [  61   34]]
acc: 0.958
f1: 0.444
9,99,coarse : 28.09 seconds
9,99,fine : 28.1 seconds
[[1426  487]
 [  20   75]]
acc: 0.748
f1: 0.228
[[1889   24]
 [  61   34]]
acc: 0.958
f1: 0.444
9,100,coarse : 29.87 seconds
9,100,fine : 29.88 seconds
[[1422  491]
 [  21   74]]
acc: 0.745
f1: 0.224
[[1887   26]
 [  60   35]]
acc: 0.957
f1: 0.449
9,101,coarse : 28.27 seconds
9,101,fine : 28.29 seconds
[[1423  490]
 [  21   74]]
acc: 0.746
f1: 0.225
[[1886   27]
 [  61   34]]
acc: 0.956
f1: 0.436
9,102,coarse : 28.81 seconds
9,102,fine : 28.83 seconds
[[1425  488]
 [  21   74]]
acc: 0.747
f1: 0.225
[[1885   28]
 [  59   36]]
acc: 0.957
f1: 0.453
9,103,coarse : 28.36 seconds
9,103,fine : 28.37 seconds
[[1432  481]
 [  23   72]]
acc: 0.749
f1: 0.222
[[1884   29]
 [  59   36]]
acc: 0.956
f1: 0.450
9,104,coarse : 28.5 seconds
9,104,fine : 28.52 seconds
[[1432  481]
 [  23   72]]
acc: 0.749
f1: 0.222
[[1884   29]
 [  59   36]]
acc: 0.956
f1: 0.450
9,105,coarse : 28.42 seconds
9,105,fine : 28.43 seconds
[[1432  481]
 [  22   73]]
acc: 0.750
f1: 0.225
[[1882   31]
 [  59   36]]
acc: 0.955
f1: 0.444
9,106,coarse : 28.28 seconds
9,106,fine : 28.29 seconds
[[1434  479]
 [  22   73]]
acc: 0.750
f1: 0.226
[[1884   29]
 [  58   37]]
acc: 0.957
f1: 0.460
9,107,coarse : 28.92 seconds
9,107,fine : 28.93 seconds
[[1436  477]
 [  22   73]]
acc: 0.751
f1: 0.226
[[1884   29]
 [  58   37]]
acc: 0.957
f1: 0.460
9,108,coarse : 28.8 seconds
9,108,fine : 28.81 seconds
[[1434  479]
 [  21   74]]
acc: 0.751
f1: 0.228
[[1883   30]
 [  58   37]]
acc: 0.956
f1: 0.457
9,109,coarse : 29.31 seconds
9,109,fine : 29.32 seconds
[[1432  481]
 [  20   75]]
acc: 0.750
f1: 0.230
[[1882   31]
 [  58   37]]
acc: 0.956
f1: 0.454
9,110,coarse : 29.93 seconds
9,110,fine : 29.95 seconds
[[1428  485]
 [  19   76]]
acc: 0.749
f1: 0.232
[[1881   32]
 [  58   37]]
acc: 0.955
f1: 0.451
9,111,coarse : 29.11 seconds
9,111,fine : 29.12 seconds
[[1429  484]
 [  19   76]]
acc: 0.750
f1: 0.232
[[1883   30]
 [  58   37]]
acc: 0.956
f1: 0.457
9,112,coarse : 29.3 seconds
9,112,fine : 29.31 seconds
[[1433  480]
 [  19   76]]
acc: 0.751
f1: 0.233
[[1883   30]
 [  59   36]]
acc: 0.956
f1: 0.447
9,113,coarse : 29.14 seconds
9,113,fine : 29.16 seconds
[[1435  478]
 [  20   75]]
acc: 0.752
f1: 0.231
[[1882   31]
 [  58   37]]
acc: 0.956
f1: 0.454
9,114,coarse : 29.41 seconds
9,114,fine : 29.42 seconds
[[1434  479]
 [  20   75]]
acc: 0.751
f1: 0.231
[[1882   31]
 [  58   37]]
acc: 0.956
f1: 0.454
9,115,coarse : 29.68 seconds
9,115,fine : 29.69 seconds
[[1438  475]
 [  20   75]]
acc: 0.753
f1: 0.233
[[1882   31]
 [  58   37]]
acc: 0.956
f1: 0.454
9,116,coarse : 29.54 seconds
9,116,fine : 29.56 seconds
[[1439  474]
 [  20   75]]
acc: 0.754
f1: 0.233
[[1882   31]
 [  58   37]]
acc: 0.956
f1: 0.454
9,117,coarse : 29.41 seconds
9,117,fine : 29.43 seconds
[[1426  487]
 [  18   77]]
acc: 0.749
f1: 0.234
[[1882   31]
 [  58   37]]
acc: 0.956
f1: 0.454
9,118,coarse : 28.86 seconds
9,118,fine : 28.88 seconds
[[1430  483]
 [  18   77]]
acc: 0.750
f1: 0.235
[[1882   31]
 [  57   38]]
acc: 0.956
f1: 0.463
9,119,coarse : 28.09 seconds
9,119,fine : 28.11 seconds
[[1428  485]
 [  18   77]]
acc: 0.750
f1: 0.234
[[1882   31]
 [  57   38]]
acc: 0.956
f1: 0.463
9,120,coarse : 28.66 seconds
9,120,fine : 28.68 seconds
[[1432  481]
 [  18   77]]
acc: 0.751
f1: 0.236
[[1879   34]
 [  57   38]]
acc: 0.955
f1: 0.455
9,121,coarse : 28.34 seconds
9,121,fine : 28.36 seconds
[[1435  478]
 [  18   77]]
acc: 0.753
f1: 0.237
[[1879   34]
 [  57   38]]
acc: 0.955
f1: 0.455
9,122,coarse : 28.82 seconds
9,122,fine : 28.83 seconds
[[1438  475]
 [  18   77]]
acc: 0.754
f1: 0.238
[[1877   36]
 [  57   38]]
acc: 0.954
f1: 0.450
9,123,coarse : 28.83 seconds
9,123,fine : 28.85 seconds
[[1441  472]
 [  18   77]]
acc: 0.756
f1: 0.239
[[1876   37]
 [  57   38]]
acc: 0.953
f1: 0.447
9,124,coarse : 29.2 seconds
9,124,fine : 29.22 seconds
[[1441  472]
 [  18   77]]
acc: 0.756
f1: 0.239
[[1875   38]
 [  57   38]]
acc: 0.953
f1: 0.444
9,125,coarse : 29.4 seconds
9,125,fine : 29.42 seconds
[[1432  481]
 [  19   76]]
acc: 0.751
f1: 0.233
[[1876   37]
 [  59   36]]
acc: 0.952
f1: 0.429
9,126,coarse : 28.49 seconds
9,126,fine : 28.5 seconds
[[1433  480]
 [  19   76]]
acc: 0.751
f1: 0.233
[[1876   37]
 [  59   36]]
acc: 0.952
f1: 0.429
9,127,coarse : 27.49 seconds
9,127,fine : 27.51 seconds
[[1433  480]
 [  19   76]]
acc: 0.751
f1: 0.233
[[1875   38]
 [  58   37]]
acc: 0.952
f1: 0.435
9,128,coarse : 27.72 seconds
9,128,fine : 27.74 seconds
[[1431  482]
 [  19   76]]
acc: 0.750
f1: 0.233
[[1875   38]
 [  58   37]]
acc: 0.952
f1: 0.435
9,129,coarse : 27.91 seconds
9,129,fine : 27.93 seconds
[[1436  477]
 [  19   76]]
acc: 0.753
f1: 0.235
[[1878   35]
 [  58   37]]
acc: 0.954
f1: 0.443
9,130,coarse : 27.55 seconds
9,130,fine : 27.56 seconds
[[1435  478]
 [  20   75]]
acc: 0.752
f1: 0.231
[[1878   35]
 [  58   37]]
acc: 0.954
f1: 0.443
9,131,coarse : 27.61 seconds
9,131,fine : 27.63 seconds
[[1435  478]
 [  20   75]]
acc: 0.752
f1: 0.231
[[1879   34]
 [  56   39]]
acc: 0.955
f1: 0.464
9,132,coarse : 28.19 seconds
9,132,fine : 28.21 seconds
[[1434  479]
 [  20   75]]
acc: 0.751
f1: 0.231
[[1877   36]
 [  56   39]]
acc: 0.954
f1: 0.459
9,133,coarse : 28.3 seconds
9,133,fine : 28.31 seconds
[[1432  481]
 [  20   75]]
acc: 0.750
f1: 0.230
[[1876   37]
 [  56   39]]
acc: 0.954
f1: 0.456
9,134,coarse : 28.37 seconds
9,134,fine : 28.39 seconds
[[1430  483]
 [  20   75]]
acc: 0.750
f1: 0.230
[[1874   39]
 [  55   40]]
acc: 0.953
f1: 0.460
9,135,coarse : 28.11 seconds
9,135,fine : 28.13 seconds
[[1432  481]
 [  20   75]]
acc: 0.750
f1: 0.230
[[1871   42]
 [  56   39]]
acc: 0.951
f1: 0.443
9,136,coarse : 28.34 seconds
9,136,fine : 28.36 seconds
[[1431  482]
 [  22   73]]
acc: 0.749
f1: 0.225
[[1870   43]
 [  56   39]]
acc: 0.951
f1: 0.441
9,137,coarse : 27.75 seconds
9,137,fine : 27.77 seconds
[[1433  480]
 [  21   74]]
acc: 0.750
f1: 0.228
[[1868   45]
 [  55   40]]
acc: 0.950
f1: 0.444
9,138,coarse : 27.79 seconds
9,138,fine : 27.81 seconds
[[1432  481]
 [  21   74]]
acc: 0.750
f1: 0.228
[[1868   45]
 [  55   40]]
acc: 0.950
f1: 0.444
9,139,coarse : 28.27 seconds
9,139,fine : 28.28 seconds
[[1435  478]
 [  21   74]]
acc: 0.751
f1: 0.229
[[1869   44]
 [  55   40]]
acc: 0.951
f1: 0.447
9,140,coarse : 28.64 seconds
9,140,fine : 28.65 seconds
[[1440  473]
 [  20   75]]
acc: 0.754
f1: 0.233
[[1867   46]
 [  55   40]]
acc: 0.950
f1: 0.442
9,141,coarse : 28.73 seconds
9,141,fine : 28.75 seconds
[[1430  483]
 [  22   73]]
acc: 0.749
f1: 0.224
[[1865   48]
 [  55   40]]
acc: 0.949
f1: 0.437
9,142,coarse : 28.65 seconds
9,142,fine : 28.67 seconds
[[1431  482]
 [  22   73]]
acc: 0.749
f1: 0.225
[[1864   49]
 [  55   40]]
acc: 0.948
f1: 0.435
9,143,coarse : 29.27 seconds
9,143,fine : 29.28 seconds
[[1433  480]
 [  20   75]]
acc: 0.751
f1: 0.231
[[1863   50]
 [  54   41]]
acc: 0.948
f1: 0.441
9,144,coarse : 28.72 seconds
9,144,fine : 28.74 seconds
[[1429  484]
 [  19   76]]
acc: 0.750
f1: 0.232
[[1866   47]
 [  54   41]]
acc: 0.950
f1: 0.448
9,145,coarse : 28.35 seconds
9,145,fine : 28.37 seconds
[[1430  483]
 [  19   76]]
acc: 0.750
f1: 0.232
[[1866   47]
 [  53   42]]
acc: 0.950
f1: 0.457
9,146,coarse : 28.19 seconds
9,146,fine : 28.2 seconds
[[1431  482]
 [  18   77]]
acc: 0.751
f1: 0.235
[[1866   47]
 [  53   42]]
acc: 0.950
f1: 0.457
9,147,coarse : 28.83 seconds
9,147,fine : 28.85 seconds
[[1433  480]
 [  20   75]]
acc: 0.751
f1: 0.231
[[1865   48]
 [  53   42]]
acc: 0.950
f1: 0.454
9,148,coarse : 29.1 seconds
9,148,fine : 29.12 seconds
[[1430  483]
 [  19   76]]
acc: 0.750
f1: 0.232
[[1864   49]
 [  53   42]]
acc: 0.949
f1: 0.452
9,149,coarse : 29.04 seconds
9,149,fine : 29.06 seconds
[[1431  482]
 [  20   75]]
acc: 0.750
f1: 0.230
[[1863   50]
 [  53   42]]
acc: 0.949
f1: 0.449
9,150,coarse : 31.16 seconds
9,150,fine : 31.17 seconds
[[1429  484]
 [  19   76]]
acc: 0.750
f1: 0.232
[[1863   50]
 [  53   42]]
acc: 0.949
f1: 0.449
9,151,coarse : 28.63 seconds
9,151,fine : 28.64 seconds
[[1428  485]
 [  19   76]]
acc: 0.749
f1: 0.232
[[1861   52]
 [  53   42]]
acc: 0.948
f1: 0.444
9,152,coarse : 28.34 seconds
9,152,fine : 28.36 seconds
[[1430  483]
 [  19   76]]
acc: 0.750
f1: 0.232
[[1861   52]
 [  53   42]]
acc: 0.948
f1: 0.444
9,153,coarse : 28.51 seconds
9,153,fine : 28.53 seconds
[[1431  482]
 [  21   74]]
acc: 0.750
f1: 0.227
[[1861   52]
 [  53   42]]
acc: 0.948
f1: 0.444
9,154,coarse : 29.41 seconds
9,154,fine : 29.43 seconds
[[1436  477]
 [  21   74]]
acc: 0.752
f1: 0.229
[[1860   53]
 [  52   43]]
acc: 0.948
f1: 0.450
9,155,coarse : 29.08 seconds
9,155,fine : 29.1 seconds
[[1433  480]
 [  21   74]]
acc: 0.750
f1: 0.228
[[1860   53]
 [  52   43]]
acc: 0.948
f1: 0.450
9,156,coarse : 29.04 seconds
9,156,fine : 29.06 seconds
[[1437  476]
 [  20   75]]
acc: 0.753
f1: 0.232
[[1856   57]
 [  51   44]]
acc: 0.946
f1: 0.449
9,157,coarse : 29.19 seconds
9,157,fine : 29.21 seconds
[[1437  476]
 [  20   75]]
acc: 0.753
f1: 0.232
[[1858   55]
 [  51   44]]
acc: 0.947
f1: 0.454
9,158,coarse : 28.52 seconds
9,158,fine : 28.54 seconds
[[1443  470]
 [  20   75]]
acc: 0.756
f1: 0.234
[[1857   56]
 [  51   44]]
acc: 0.947
f1: 0.451
9,159,coarse : 28.16 seconds
9,159,fine : 28.18 seconds
[[1440  473]
 [  20   75]]
acc: 0.754
f1: 0.233
[[1856   57]
 [  51   44]]
acc: 0.946
f1: 0.449
9,160,coarse : 28.75 seconds
9,160,fine : 28.77 seconds
[[1433  480]
 [  20   75]]
acc: 0.751
f1: 0.231
[[1853   60]
 [  51   44]]
acc: 0.945
f1: 0.442
9,161,coarse : 29.06 seconds
9,161,fine : 29.08 seconds
[[1437  476]
 [  21   74]]
acc: 0.752
f1: 0.229
[[1851   62]
 [  50   45]]
acc: 0.944
f1: 0.446
9,162,coarse : 29.05 seconds
9,162,fine : 29.07 seconds
[[1436  477]
 [  21   74]]
acc: 0.752
f1: 0.229
[[1851   62]
 [  50   45]]
acc: 0.944
f1: 0.446
9,163,coarse : 29.21 seconds
9,163,fine : 29.23 seconds
[[1436  477]
 [  21   74]]
acc: 0.752
f1: 0.229
[[1851   62]
 [  50   45]]
acc: 0.944
f1: 0.446
9,164,coarse : 29.08 seconds
9,164,fine : 29.1 seconds
[[1437  476]
 [  20   75]]
acc: 0.753
f1: 0.232
[[1852   61]
 [  51   44]]
acc: 0.944
f1: 0.440
9,165,coarse : 28.07 seconds
9,165,fine : 28.09 seconds
[[1443  470]
 [  21   74]]
acc: 0.755
f1: 0.232
[[1854   59]
 [  50   45]]
acc: 0.946
f1: 0.452
9,166,coarse : 28.66 seconds
9,166,fine : 28.68 seconds
[[1440  473]
 [  20   75]]
acc: 0.754
f1: 0.233
[[1854   59]
 [  50   45]]
acc: 0.946
f1: 0.452
9,167,coarse : 27.8 seconds
9,167,fine : 27.82 seconds
[[1443  470]
 [  20   75]]
acc: 0.756
f1: 0.234
[[1853   60]
 [  50   45]]
acc: 0.945
f1: 0.450
9,168,coarse : 28.3 seconds
9,168,fine : 28.32 seconds
[[1445  468]
 [  20   75]]
acc: 0.757
f1: 0.235
[[1852   61]
 [  50   45]]
acc: 0.945
f1: 0.448
9,169,coarse : 28.17 seconds
9,169,fine : 28.19 seconds
[[1446  467]
 [  20   75]]
acc: 0.757
f1: 0.235
[[1852   61]
 [  50   45]]
acc: 0.945
f1: 0.448
9,170,coarse : 28.68 seconds
9,170,fine : 28.7 seconds
[[1446  467]
 [  20   75]]
acc: 0.757
f1: 0.235
[[1852   61]
 [  50   45]]
acc: 0.945
f1: 0.448
9,171,coarse : 28.18 seconds
9,171,fine : 28.2 seconds
[[1442  471]
 [  21   74]]
acc: 0.755
f1: 0.231
[[1851   62]
 [  50   45]]
acc: 0.944
f1: 0.446
9,172,coarse : 28.57 seconds
9,172,fine : 28.59 seconds
