all           0      1    2    3    4    5    6    7    8    
1      2010   1914   1    19   32   19   1    11   6    7    
2      2010   1914   1    19   32   19   1    11   6    7    
3      2010   1914   1    19   32   19   1    11   5    8    
4      2010   1914   1    19   32   19   1    10   6    8    
5      2010   1914   1    18   33   19   1    10   6    8    
6      2010   1914   1    18   33   19   1    10   6    8    
7      2010   1913   2    18   33   19   1    10   6    8    
8      2010   1913   2    18   33   19   1    10   6    8    
9      2009   1913   2    18   32   19   2    10   6    7    
10     2009   1913   1    19   32   19   1    11   6    7    
Total  20098  19136  13   185  324  190  11   104  59   76   
train         0      1    2    3    4    5    6    7    8    
1      2010   1914   1    19   32   19   1    11   6    7    
2      2010   1914   1    19   32   19   1    11   6    7    
4      2010   1914   1    19   32   19   1    10   6    8    
5      2010   1914   1    18   33   19   1    10   6    8    
6      2010   1914   1    18   33   19   1    10   6    8    
7      2010   1913   2    18   33   19   1    10   6    8    
8      2010   1913   2    18   33   19   1    10   6    8    
9      2009   1913   2    18   32   19   2    10   6    7    
10     2009   1913   1    19   32   19   1    11   6    7    
Total  18088  17222  12   166  292  171  10   93   54   68   
test          0      1    2    3    4    5    6    7    8    
3      2010   1914   1    19   32   19   1    11   5    8    
Total  2010   1914   1    19   32   19   1    11   5    8    
Classes             
0         17222     
1         12        
2         166       
3         292       
4         171       
5         10        
6         93        
7         54        
8         68        
Total     18088     

Shape: 450       

[952, 10, 11, 16, 11, 10, 10, 10, 10]
Sum start => 1040
[[1152  762]
 [  13   83]]
acc: 0.614
f1: 0.176
[[1886   28]
 [  83   13]]
acc: 0.945
f1: 0.190
3,1,coarse : 27.39 seconds
3,1,fine : 27.4 seconds
[[1152  762]
 [  13   83]]
acc: 0.614
f1: 0.176
[[1886   28]
 [  83   13]]
acc: 0.945
f1: 0.190
3,2,coarse : 28.62 seconds
3,2,fine : 28.62 seconds
[[1176  738]
 [  14   82]]
acc: 0.626
f1: 0.179
[[1893   21]
 [  84   12]]
acc: 0.948
f1: 0.186
3,3,coarse : 3.25 seconds
3,3,fine : 3.25 seconds
[[1199  715]
 [  15   81]]
acc: 0.637
f1: 0.182
[[1896   18]
 [  84   12]]
acc: 0.949
f1: 0.190
3,4,coarse : 3.37 seconds
3,4,fine : 3.37 seconds
[[1202  712]
 [  16   80]]
acc: 0.638
f1: 0.180
[[1899   15]
 [  85   11]]
acc: 0.950
f1: 0.180
3,5,coarse : 3.44 seconds
3,5,fine : 3.44 seconds
[[1193  721]
 [  16   80]]
acc: 0.633
f1: 0.178
[[1900   14]
 [  86   10]]
acc: 0.950
f1: 0.167
3,6,coarse : 3.59 seconds
3,6,fine : 3.6 seconds
[[1194  720]
 [  15   81]]
acc: 0.634
f1: 0.181
[[1900   14]
 [  87    9]]
acc: 0.950
f1: 0.151
3,7,coarse : 3.74 seconds
3,7,fine : 3.74 seconds
[[1208  706]
 [  16   80]]
acc: 0.641
f1: 0.181
[[1899   15]
 [  86   10]]
acc: 0.950
f1: 0.165
3,8,coarse : 3.79 seconds
3,8,fine : 3.79 seconds
[[1225  689]
 [  16   80]]
acc: 0.649
f1: 0.185
[[1899   15]
 [  87    9]]
acc: 0.949
f1: 0.150
3,9,coarse : 4.01 seconds
3,9,fine : 4.01 seconds
[[1235  679]
 [  16   80]]
acc: 0.654
f1: 0.187
[[1901   13]
 [  87    9]]
acc: 0.950
f1: 0.153
3,10,coarse : 4.12 seconds
3,10,fine : 4.13 seconds
[[1263  651]
 [  16   80]]
acc: 0.668
f1: 0.193
[[1900   14]
 [  86   10]]
acc: 0.950
f1: 0.167
3,11,coarse : 4.22 seconds
3,11,fine : 4.22 seconds
[[1269  645]
 [  17   79]]
acc: 0.671
f1: 0.193
[[1901   13]
 [  87    9]]
acc: 0.950
f1: 0.153
3,12,coarse : 4.38 seconds
3,12,fine : 4.39 seconds
[[1252  662]
 [  18   78]]
acc: 0.662
f1: 0.187
[[1900   14]
 [  85   11]]
acc: 0.951
f1: 0.182
3,13,coarse : 4.43 seconds
3,13,fine : 4.43 seconds
[[1256  658]
 [  19   77]]
acc: 0.663
f1: 0.185
[[1900   14]
 [  85   11]]
acc: 0.951
f1: 0.182
3,14,coarse : 4.64 seconds
3,14,fine : 4.65 seconds
[[1253  661]
 [  16   80]]
acc: 0.663
f1: 0.191
[[1900   14]
 [  86   10]]
acc: 0.950
f1: 0.167
3,15,coarse : 4.78 seconds
3,15,fine : 4.78 seconds
[[1261  653]
 [  15   81]]
acc: 0.668
f1: 0.195
[[1894   20]
 [  84   12]]
acc: 0.948
f1: 0.188
3,16,coarse : 5.01 seconds
3,16,fine : 5.02 seconds
[[1273  641]
 [  15   81]]
acc: 0.674
f1: 0.198
[[1892   22]
 [  85   11]]
acc: 0.947
f1: 0.171
3,17,coarse : 5.05 seconds
3,17,fine : 5.05 seconds
[[1276  638]
 [  17   79]]
acc: 0.674
f1: 0.194
[[1897   17]
 [  85   11]]
acc: 0.949
f1: 0.177
3,18,coarse : 4.96 seconds
3,18,fine : 4.97 seconds
[[1277  637]
 [  16   80]]
acc: 0.675
f1: 0.197
[[1897   17]
 [  84   12]]
acc: 0.950
f1: 0.192
3,19,coarse : 5.18 seconds
3,19,fine : 5.19 seconds
[[1288  626]
 [  18   78]]
acc: 0.680
f1: 0.195
[[1899   15]
 [  84   12]]
acc: 0.951
f1: 0.195
3,20,coarse : 5.26 seconds
3,20,fine : 5.27 seconds
[[1285  629]
 [  17   79]]
acc: 0.679
f1: 0.197
[[1896   18]
 [  84   12]]
acc: 0.949
f1: 0.190
3,21,coarse : 5.42 seconds
3,21,fine : 5.42 seconds
[[1292  622]
 [  17   79]]
acc: 0.682
f1: 0.198
[[1895   19]
 [  83   13]]
acc: 0.949
f1: 0.203
3,22,coarse : 5.61 seconds
3,22,fine : 5.62 seconds
[[1298  616]
 [  17   79]]
acc: 0.685
f1: 0.200
[[1896   18]
 [  81   15]]
acc: 0.951
f1: 0.233
3,23,coarse : 5.71 seconds
3,23,fine : 5.72 seconds
[[1285  629]
 [  17   79]]
acc: 0.679
f1: 0.197
[[1893   21]
 [  81   15]]
acc: 0.949
f1: 0.227
3,24,coarse : 5.82 seconds
3,24,fine : 5.83 seconds
[[1293  621]
 [  17   79]]
acc: 0.683
f1: 0.198
[[1894   20]
 [  80   16]]
acc: 0.950
f1: 0.242
3,25,coarse : 5.77 seconds
3,25,fine : 5.78 seconds
[[1285  629]
 [  17   79]]
acc: 0.679
f1: 0.197
[[1893   21]
 [  81   15]]
acc: 0.949
f1: 0.227
3,26,coarse : 6.06 seconds
3,26,fine : 6.07 seconds
[[1292  622]
 [  16   80]]
acc: 0.683
f1: 0.201
[[1890   24]
 [  80   16]]
acc: 0.948
f1: 0.235
3,27,coarse : 6.18 seconds
3,27,fine : 6.19 seconds
[[1294  620]
 [  15   81]]
acc: 0.684
f1: 0.203
[[1888   26]
 [  78   18]]
acc: 0.948
f1: 0.257
3,28,coarse : 6.36 seconds
3,28,fine : 6.37 seconds
[[1284  630]
 [  16   80]]
acc: 0.679
f1: 0.199
[[1889   25]
 [  78   18]]
acc: 0.949
f1: 0.259
3,29,coarse : 6.46 seconds
3,29,fine : 6.47 seconds
[[1288  626]
 [  16   80]]
acc: 0.681
f1: 0.200
[[1891   23]
 [  77   19]]
acc: 0.950
f1: 0.275
3,30,coarse : 6.61 seconds
3,30,fine : 6.61 seconds
[[1288  626]
 [  16   80]]
acc: 0.681
f1: 0.200
[[1887   27]
 [  77   19]]
acc: 0.948
f1: 0.268
3,31,coarse : 6.95 seconds
3,31,fine : 6.95 seconds
[[1283  631]
 [  16   80]]
acc: 0.678
f1: 0.198
[[1888   26]
 [  77   19]]
acc: 0.949
f1: 0.270
3,32,coarse : 6.94 seconds
3,32,fine : 6.95 seconds
[[1285  629]
 [  17   79]]
acc: 0.679
f1: 0.197
[[1890   24]
 [  76   20]]
acc: 0.950
f1: 0.286
3,33,coarse : 6.9 seconds
3,33,fine : 6.91 seconds
[[1294  620]
 [  16   80]]
acc: 0.684
f1: 0.201
[[1887   27]
 [  76   20]]
acc: 0.949
f1: 0.280
3,34,coarse : 7.12 seconds
3,34,fine : 7.12 seconds
[[1280  634]
 [  18   78]]
acc: 0.676
f1: 0.193
[[1889   25]
 [  76   20]]
acc: 0.950
f1: 0.284
3,35,coarse : 7.26 seconds
3,35,fine : 7.26 seconds
[[1282  632]
 [  18   78]]
acc: 0.677
f1: 0.194
[[1887   27]
 [  77   19]]
acc: 0.948
f1: 0.268
3,36,coarse : 7.49 seconds
3,36,fine : 7.5 seconds
[[1285  629]
 [  18   78]]
acc: 0.678
f1: 0.194
[[1888   26]
 [  77   19]]
acc: 0.949
f1: 0.270
3,37,coarse : 7.58 seconds
3,37,fine : 7.59 seconds
[[1296  618]
 [  17   79]]
acc: 0.684
f1: 0.199
[[1889   25]
 [  77   19]]
acc: 0.949
f1: 0.271
3,38,coarse : 7.65 seconds
3,38,fine : 7.66 seconds
[[1288  626]
 [  16   80]]
acc: 0.681
f1: 0.200
[[1887   27]
 [  75   21]]
acc: 0.949
f1: 0.292
3,39,coarse : 7.9 seconds
3,39,fine : 7.91 seconds
[[1276  638]
 [  17   79]]
acc: 0.674
f1: 0.194
[[1890   24]
 [  75   21]]
acc: 0.951
f1: 0.298
3,40,coarse : 7.78 seconds
3,40,fine : 7.78 seconds
[[1280  634]
 [  17   79]]
acc: 0.676
f1: 0.195
[[1888   26]
 [  76   20]]
acc: 0.949
f1: 0.282
3,41,coarse : 7.89 seconds
3,41,fine : 7.9 seconds
[[1273  641]
 [  17   79]]
acc: 0.673
f1: 0.194
[[1885   29]
 [  76   20]]
acc: 0.948
f1: 0.276
3,42,coarse : 8.18 seconds
3,42,fine : 8.18 seconds
[[1278  636]
 [  17   79]]
acc: 0.675
f1: 0.195
[[1884   30]
 [  75   21]]
acc: 0.948
f1: 0.286
3,43,coarse : 8.31 seconds
3,43,fine : 8.31 seconds
[[1279  635]
 [  16   80]]
acc: 0.676
f1: 0.197
[[1884   30]
 [  75   21]]
acc: 0.948
f1: 0.286
3,44,coarse : 8.49 seconds
3,44,fine : 8.5 seconds
[[1283  631]
 [  15   81]]
acc: 0.679
f1: 0.200
[[1883   31]
 [  74   22]]
acc: 0.948
f1: 0.295
3,45,coarse : 8.56 seconds
3,45,fine : 8.57 seconds
[[1283  631]
 [  16   80]]
acc: 0.678
f1: 0.198
[[1880   34]
 [  74   22]]
acc: 0.946
f1: 0.289
3,46,coarse : 8.85 seconds
3,46,fine : 8.85 seconds
[[1293  621]
 [  16   80]]
acc: 0.683
f1: 0.201
[[1880   34]
 [  74   22]]
acc: 0.946
f1: 0.289
3,47,coarse : 8.87 seconds
3,47,fine : 8.88 seconds
[[1294  620]
 [  16   80]]
acc: 0.684
f1: 0.201
[[1876   38]
 [  74   22]]
acc: 0.944
f1: 0.282
3,48,coarse : 8.7 seconds
3,48,fine : 8.71 seconds
[[1293  621]
 [  15   81]]
acc: 0.684
f1: 0.203
[[1880   34]
 [  73   23]]
acc: 0.947
f1: 0.301
3,49,coarse : 9.13 seconds
3,49,fine : 9.14 seconds
[[1299  615]
 [  15   81]]
acc: 0.687
f1: 0.205
[[1880   34]
 [  73   23]]
acc: 0.947
f1: 0.301
3,50,coarse : 10.94 seconds
3,50,fine : 10.95 seconds
[[1312  602]
 [  15   81]]
acc: 0.693
f1: 0.208
[[1881   33]
 [  73   23]]
acc: 0.947
f1: 0.303
3,51,coarse : 9.2 seconds
3,51,fine : 9.21 seconds
[[1320  594]
 [  16   80]]
acc: 0.697
f1: 0.208
[[1879   35]
 [  73   23]]
acc: 0.946
f1: 0.299
3,52,coarse : 9.41 seconds
3,52,fine : 9.42 seconds
[[1318  596]
 [  16   80]]
acc: 0.696
f1: 0.207
[[1878   36]
 [  73   23]]
acc: 0.946
f1: 0.297
3,53,coarse : 9.48 seconds
3,53,fine : 9.49 seconds
[[1314  600]
 [  16   80]]
acc: 0.694
f1: 0.206
[[1881   33]
 [  70   26]]
acc: 0.949
f1: 0.335
3,54,coarse : 9.74 seconds
3,54,fine : 9.75 seconds
[[1321  593]
 [  15   81]]
acc: 0.698
f1: 0.210
[[1883   31]
 [  70   26]]
acc: 0.950
f1: 0.340
3,55,coarse : 9.87 seconds
3,55,fine : 9.88 seconds
[[1314  600]
 [  15   81]]
acc: 0.694
f1: 0.208
[[1881   33]
 [  70   26]]
acc: 0.949
f1: 0.335
3,56,coarse : 10.02 seconds
3,56,fine : 10.03 seconds
[[1320  594]
 [  15   81]]
acc: 0.697
f1: 0.210
[[1880   34]
 [  71   25]]
acc: 0.948
f1: 0.323
3,57,coarse : 10.25 seconds
3,57,fine : 10.26 seconds
[[1328  586]
 [  15   81]]
acc: 0.701
f1: 0.212
[[1881   33]
 [  70   26]]
acc: 0.949
f1: 0.335
3,58,coarse : 10.36 seconds
3,58,fine : 10.37 seconds
[[1322  592]
 [  15   81]]
acc: 0.698
f1: 0.211
[[1879   35]
 [  71   25]]
acc: 0.947
f1: 0.321
3,59,coarse : 10.84 seconds
3,59,fine : 10.85 seconds
[[1316  598]
 [  15   81]]
acc: 0.695
f1: 0.209
[[1879   35]
 [  71   25]]
acc: 0.947
f1: 0.321
3,60,coarse : 10.89 seconds
3,60,fine : 10.9 seconds
[[1327  587]
 [  15   81]]
acc: 0.700
f1: 0.212
[[1876   38]
 [  67   29]]
acc: 0.948
f1: 0.356
3,61,coarse : 10.85 seconds
3,61,fine : 10.85 seconds
[[1332  582]
 [  15   81]]
acc: 0.703
f1: 0.213
[[1873   41]
 [  68   28]]
acc: 0.946
f1: 0.339
3,62,coarse : 11.2 seconds
3,62,fine : 11.21 seconds
[[1332  582]
 [  15   81]]
acc: 0.703
f1: 0.213
[[1874   40]
 [  68   28]]
acc: 0.946
f1: 0.341
3,63,coarse : 11.19 seconds
3,63,fine : 11.2 seconds
[[1338  576]
 [  15   81]]
acc: 0.706
f1: 0.215
[[1873   41]
 [  69   27]]
acc: 0.945
f1: 0.329
3,64,coarse : 11.55 seconds
3,64,fine : 11.56 seconds
[[1335  579]
 [  15   81]]
acc: 0.704
f1: 0.214
[[1873   41]
 [  67   29]]
acc: 0.946
f1: 0.349
3,65,coarse : 11.51 seconds
3,65,fine : 11.53 seconds
[[1340  574]
 [  15   81]]
acc: 0.707
f1: 0.216
[[1876   38]
 [  66   30]]
acc: 0.948
f1: 0.366
3,66,coarse : 11.44 seconds
3,66,fine : 11.45 seconds
[[1341  573]
 [  15   81]]
acc: 0.707
f1: 0.216
[[1871   43]
 [  65   31]]
acc: 0.946
f1: 0.365
3,67,coarse : 11.77 seconds
3,67,fine : 11.78 seconds
[[1343  571]
 [  15   81]]
acc: 0.708
f1: 0.217
[[1871   43]
 [  65   31]]
acc: 0.946
f1: 0.365
3,68,coarse : 11.99 seconds
3,68,fine : 12.0 seconds
[[1343  571]
 [  15   81]]
acc: 0.708
f1: 0.217
[[1870   44]
 [  65   31]]
acc: 0.946
f1: 0.363
3,69,coarse : 12.3 seconds
3,69,fine : 12.31 seconds
[[1350  564]
 [  15   81]]
acc: 0.712
f1: 0.219
[[1870   44]
 [  65   31]]
acc: 0.946
f1: 0.363
3,70,coarse : 12.17 seconds
3,70,fine : 12.18 seconds
[[1349  565]
 [  15   81]]
acc: 0.711
f1: 0.218
[[1870   44]
 [  64   32]]
acc: 0.946
f1: 0.372
3,71,coarse : 12.47 seconds
3,71,fine : 12.48 seconds
[[1351  563]
 [  15   81]]
acc: 0.712
f1: 0.219
[[1870   44]
 [  64   32]]
acc: 0.946
f1: 0.372
3,72,coarse : 12.36 seconds
3,72,fine : 12.37 seconds
[[1347  567]
 [  15   81]]
acc: 0.710
f1: 0.218
[[1868   46]
 [  63   33]]
acc: 0.946
f1: 0.377
3,73,coarse : 12.52 seconds
3,73,fine : 12.53 seconds
[[1346  568]
 [  15   81]]
acc: 0.710
f1: 0.217
[[1869   45]
 [  62   34]]
acc: 0.947
f1: 0.389
3,74,coarse : 12.79 seconds
3,74,fine : 12.8 seconds
[[1340  574]
 [  15   81]]
acc: 0.707
f1: 0.216
[[1869   45]
 [  62   34]]
acc: 0.947
f1: 0.389
3,75,coarse : 12.99 seconds
3,75,fine : 13.01 seconds
[[1345  569]
 [  14   82]]
acc: 0.710
f1: 0.220
[[1869   45]
 [  62   34]]
acc: 0.947
f1: 0.389
3,76,coarse : 12.98 seconds
3,76,fine : 12.99 seconds
[[1347  567]
 [  14   82]]
acc: 0.711
f1: 0.220
[[1868   46]
 [  63   33]]
acc: 0.946
f1: 0.377
3,77,coarse : 12.53 seconds
3,77,fine : 12.54 seconds
[[1347  567]
 [  15   81]]
acc: 0.710
f1: 0.218
[[1867   47]
 [  64   32]]
acc: 0.945
f1: 0.366
3,78,coarse : 12.64 seconds
3,78,fine : 12.65 seconds
[[1352  562]
 [  14   82]]
acc: 0.713
f1: 0.222
[[1870   44]
 [  62   34]]
acc: 0.947
f1: 0.391
3,79,coarse : 13.26 seconds
3,79,fine : 13.27 seconds
[[1349  565]
 [  15   81]]
acc: 0.711
f1: 0.218
[[1866   48]
 [  63   33]]
acc: 0.945
f1: 0.373
3,80,coarse : 13.03 seconds
3,80,fine : 13.04 seconds
[[1353  561]
 [  15   81]]
acc: 0.713
f1: 0.220
[[1866   48]
 [  62   34]]
acc: 0.945
f1: 0.382
3,81,coarse : 13.2 seconds
3,81,fine : 13.21 seconds
[[1357  557]
 [  15   81]]
acc: 0.715
f1: 0.221
[[1865   49]
 [  63   33]]
acc: 0.944
f1: 0.371
3,82,coarse : 13.67 seconds
3,82,fine : 13.68 seconds
[[1353  561]
 [  15   81]]
acc: 0.713
f1: 0.220
[[1866   48]
 [  62   34]]
acc: 0.945
f1: 0.382
3,83,coarse : 13.69 seconds
3,83,fine : 13.71 seconds
[[1356  558]
 [  14   82]]
acc: 0.715
f1: 0.223
[[1861   53]
 [  61   35]]
acc: 0.943
f1: 0.380
3,84,coarse : 13.83 seconds
3,84,fine : 13.84 seconds
[[1355  559]
 [  14   82]]
acc: 0.715
f1: 0.223
[[1861   53]
 [  60   36]]
acc: 0.944
f1: 0.389
3,85,coarse : 14.1 seconds
3,85,fine : 14.11 seconds
[[1358  556]
 [  14   82]]
acc: 0.716
f1: 0.223
[[1859   55]
 [  58   38]]
acc: 0.944
f1: 0.402
3,86,coarse : 14.28 seconds
3,86,fine : 14.29 seconds
[[1359  555]
 [  14   82]]
acc: 0.717
f1: 0.224
[[1860   54]
 [  59   37]]
acc: 0.944
f1: 0.396
3,87,coarse : 14.81 seconds
3,87,fine : 14.83 seconds
[[1362  552]
 [  14   82]]
acc: 0.718
f1: 0.225
[[1858   56]
 [  59   37]]
acc: 0.943
f1: 0.392
3,88,coarse : 14.65 seconds
3,88,fine : 14.66 seconds
[[1371  543]
 [  14   82]]
acc: 0.723
f1: 0.227
[[1858   56]
 [  57   39]]
acc: 0.944
f1: 0.408
3,89,coarse : 14.99 seconds
3,89,fine : 15.0 seconds
[[1373  541]
 [  14   82]]
acc: 0.724
f1: 0.228
[[1859   55]
 [  57   39]]
acc: 0.944
f1: 0.411
3,90,coarse : 15.03 seconds
3,90,fine : 15.04 seconds
[[1375  539]
 [  14   82]]
acc: 0.725
f1: 0.229
[[1860   54]
 [  57   39]]
acc: 0.945
f1: 0.413
3,91,coarse : 15.56 seconds
3,91,fine : 15.57 seconds
[[1375  539]
 [  14   82]]
acc: 0.725
f1: 0.229
[[1860   54]
 [  59   37]]
acc: 0.944
f1: 0.396
3,92,coarse : 15.51 seconds
3,92,fine : 15.52 seconds
[[1378  536]
 [  14   82]]
acc: 0.726
f1: 0.230
[[1859   55]
 [  59   37]]
acc: 0.943
f1: 0.394
3,93,coarse : 15.72 seconds
3,93,fine : 15.73 seconds
[[1378  536]
 [  14   82]]
acc: 0.726
f1: 0.230
[[1860   54]
 [  61   35]]
acc: 0.943
f1: 0.378
3,94,coarse : 15.71 seconds
3,94,fine : 15.72 seconds
[[1380  534]
 [  14   82]]
acc: 0.727
f1: 0.230
[[1859   55]
 [  60   36]]
acc: 0.943
f1: 0.385
3,95,coarse : 15.67 seconds
3,95,fine : 15.68 seconds
[[1375  539]
 [  14   82]]
acc: 0.725
f1: 0.229
[[1859   55]
 [  60   36]]
acc: 0.943
f1: 0.385
3,96,coarse : 15.75 seconds
3,96,fine : 15.77 seconds
[[1377  537]
 [  14   82]]
acc: 0.726
f1: 0.229
[[1855   59]
 [  60   36]]
acc: 0.941
f1: 0.377
3,97,coarse : 15.91 seconds
3,97,fine : 15.93 seconds
[[1370  544]
 [  14   82]]
acc: 0.722
f1: 0.227
[[1855   59]
 [  60   36]]
acc: 0.941
f1: 0.377
3,98,coarse : 16.45 seconds
3,98,fine : 16.46 seconds
[[1380  534]
 [  15   81]]
acc: 0.727
f1: 0.228
[[1854   60]
 [  60   36]]
acc: 0.940
f1: 0.375
3,99,coarse : 16.81 seconds
3,99,fine : 16.82 seconds
[[1384  530]
 [  14   82]]
acc: 0.729
f1: 0.232
[[1856   58]
 [  59   37]]
acc: 0.942
f1: 0.387
3,100,coarse : 18.62 seconds
3,100,fine : 18.63 seconds
[[1388  526]
 [  14   82]]
acc: 0.731
f1: 0.233
[[1856   58]
 [  58   38]]
acc: 0.942
f1: 0.396
3,101,coarse : 17.5 seconds
3,101,fine : 17.51 seconds
[[1386  528]
 [  15   81]]
acc: 0.730
f1: 0.230
[[1856   58]
 [  59   37]]
acc: 0.942
f1: 0.387
3,102,coarse : 17.02 seconds
3,102,fine : 17.04 seconds
[[1389  525]
 [  15   81]]
acc: 0.731
f1: 0.231
[[1857   57]
 [  57   39]]
acc: 0.943
f1: 0.406
3,103,coarse : 17.77 seconds
3,103,fine : 17.79 seconds
[[1386  528]
 [  15   81]]
acc: 0.730
f1: 0.230
[[1856   58]
 [  57   39]]
acc: 0.943
f1: 0.404
3,104,coarse : 17.92 seconds
3,104,fine : 17.94 seconds
[[1382  532]
 [  15   81]]
acc: 0.728
f1: 0.228
[[1856   58]
 [  57   39]]
acc: 0.943
f1: 0.404
3,105,coarse : 18.41 seconds
3,105,fine : 18.43 seconds
[[1386  528]
 [  14   82]]
acc: 0.730
f1: 0.232
[[1854   60]
 [  58   38]]
acc: 0.941
f1: 0.392
3,106,coarse : 18.21 seconds
3,106,fine : 18.22 seconds
[[1389  525]
 [  14   82]]
acc: 0.732
f1: 0.233
[[1852   62]
 [  57   39]]
acc: 0.941
f1: 0.396
3,107,coarse : 18.32 seconds
3,107,fine : 18.34 seconds
[[1388  526]
 [  14   82]]
acc: 0.731
f1: 0.233
[[1852   62]
 [  58   38]]
acc: 0.940
f1: 0.388
3,108,coarse : 18.6 seconds
3,108,fine : 18.61 seconds
[[1387  527]
 [  14   82]]
acc: 0.731
f1: 0.233
[[1853   61]
 [  58   38]]
acc: 0.941
f1: 0.390
3,109,coarse : 19.0 seconds
3,109,fine : 19.01 seconds
[[1385  529]
 [  14   82]]
acc: 0.730
f1: 0.232
[[1852   62]
 [  59   37]]
acc: 0.940
f1: 0.379
3,110,coarse : 19.01 seconds
3,110,fine : 19.02 seconds
[[1393  521]
 [  14   82]]
acc: 0.734
f1: 0.235
[[1852   62]
 [  57   39]]
acc: 0.941
f1: 0.396
3,111,coarse : 19.03 seconds
3,111,fine : 19.05 seconds
[[1386  528]
 [  14   82]]
acc: 0.730
f1: 0.232
[[1851   63]
 [  57   39]]
acc: 0.940
f1: 0.394
3,112,coarse : 18.34 seconds
3,112,fine : 18.35 seconds
[[1384  530]
 [  14   82]]
acc: 0.729
f1: 0.232
[[1848   66]
 [  57   39]]
acc: 0.939
f1: 0.388
3,113,coarse : 19.39 seconds
3,113,fine : 19.41 seconds
[[1388  526]
 [  14   82]]
acc: 0.731
f1: 0.233
[[1848   66]
 [  58   38]]
acc: 0.938
f1: 0.380
3,114,coarse : 19.66 seconds
3,114,fine : 19.68 seconds
[[1384  530]
 [  14   82]]
acc: 0.729
f1: 0.232
[[1848   66]
 [  58   38]]
acc: 0.938
f1: 0.380
3,115,coarse : 19.26 seconds
3,115,fine : 19.28 seconds
[[1386  528]
 [  14   82]]
acc: 0.730
f1: 0.232
[[1846   68]
 [  58   38]]
acc: 0.937
f1: 0.376
3,116,coarse : 19.8 seconds
3,116,fine : 19.84 seconds
[[1391  523]
 [  14   82]]
acc: 0.733
f1: 0.234
[[1847   67]
 [  58   38]]
acc: 0.938
f1: 0.378
3,117,coarse : 20.16 seconds
3,117,fine : 20.18 seconds
[[1388  526]
 [  14   82]]
acc: 0.731
f1: 0.233
[[1846   68]
 [  58   38]]
acc: 0.937
f1: 0.376
3,118,coarse : 19.84 seconds
3,118,fine : 19.86 seconds
[[1389  525]
 [  14   82]]
acc: 0.732
f1: 0.233
[[1848   66]
 [  58   38]]
acc: 0.938
f1: 0.380
3,119,coarse : 20.27 seconds
3,119,fine : 20.28 seconds
[[1386  528]
 [  14   82]]
acc: 0.730
f1: 0.232
[[1847   67]
 [  57   39]]
acc: 0.938
f1: 0.386
3,120,coarse : 20.52 seconds
3,120,fine : 20.54 seconds
[[1390  524]
 [  14   82]]
acc: 0.732
f1: 0.234
[[1848   66]
 [  57   39]]
acc: 0.939
f1: 0.388
3,121,coarse : 20.81 seconds
3,121,fine : 20.83 seconds
[[1391  523]
 [  15   81]]
acc: 0.732
f1: 0.231
[[1849   65]
 [  58   38]]
acc: 0.939
f1: 0.382
3,122,coarse : 21.56 seconds
3,122,fine : 21.57 seconds
[[1390  524]
 [  14   82]]
acc: 0.732
f1: 0.234
[[1849   65]
 [  58   38]]
acc: 0.939
f1: 0.382
3,123,coarse : 21.56 seconds
3,123,fine : 21.58 seconds
[[1392  522]
 [  14   82]]
acc: 0.733
f1: 0.234
[[1850   64]
 [  59   37]]
acc: 0.939
f1: 0.376
3,124,coarse : 21.57 seconds
3,124,fine : 21.59 seconds
[[1393  521]
 [  14   82]]
acc: 0.734
f1: 0.235
[[1850   64]
 [  58   38]]
acc: 0.939
f1: 0.384
3,125,coarse : 21.82 seconds
3,125,fine : 21.84 seconds
[[1395  519]
 [  14   82]]
acc: 0.735
f1: 0.235
[[1849   65]
 [  56   40]]
acc: 0.940
f1: 0.398
3,126,coarse : 22.31 seconds
3,126,fine : 22.32 seconds
[[1396  518]
 [  14   82]]
acc: 0.735
f1: 0.236
[[1850   64]
 [  57   39]]
acc: 0.940
f1: 0.392
3,127,coarse : 22.37 seconds
3,127,fine : 22.38 seconds
[[1396  518]
 [  14   82]]
acc: 0.735
f1: 0.236
[[1850   64]
 [  58   38]]
acc: 0.939
f1: 0.384
3,128,coarse : 22.23 seconds
3,128,fine : 22.25 seconds
[[1398  516]
 [  14   82]]
acc: 0.736
f1: 0.236
[[1849   65]
 [  57   39]]
acc: 0.939
f1: 0.390
3,129,coarse : 22.62 seconds
3,129,fine : 22.64 seconds
[[1402  512]
 [  14   82]]
acc: 0.738
f1: 0.238
[[1849   65]
 [  57   39]]
acc: 0.939
f1: 0.390
3,130,coarse : 22.53 seconds
3,130,fine : 22.55 seconds
[[1400  514]
 [  14   82]]
acc: 0.737
f1: 0.237
[[1848   66]
 [  56   40]]
acc: 0.939
f1: 0.396
3,131,coarse : 22.66 seconds
3,131,fine : 22.67 seconds
[[1405  509]
 [  14   82]]
acc: 0.740
f1: 0.239
[[1849   65]
 [  56   40]]
acc: 0.940
f1: 0.398
3,132,coarse : 22.97 seconds
3,132,fine : 22.99 seconds
[[1403  511]
 [  14   82]]
acc: 0.739
f1: 0.238
[[1847   67]
 [  57   39]]
acc: 0.938
f1: 0.386
3,133,coarse : 23.14 seconds
3,133,fine : 23.16 seconds
[[1407  507]
 [  14   82]]
acc: 0.741
f1: 0.239
[[1847   67]
 [  55   41]]
acc: 0.939
f1: 0.402
3,134,coarse : 23.29 seconds
3,134,fine : 23.31 seconds
[[1405  509]
 [  14   82]]
acc: 0.740
f1: 0.239
[[1848   66]
 [  56   40]]
acc: 0.939
f1: 0.396
3,135,coarse : 23.83 seconds
3,135,fine : 23.85 seconds
[[1413  501]
 [  14   82]]
acc: 0.744
f1: 0.242
[[1848   66]
 [  55   41]]
acc: 0.940
f1: 0.404
3,136,coarse : 24.49 seconds
3,136,fine : 24.5 seconds
[[1416  498]
 [  14   82]]
acc: 0.745
f1: 0.243
[[1848   66]
 [  56   40]]
acc: 0.939
f1: 0.396
3,137,coarse : 24.41 seconds
3,137,fine : 24.43 seconds
[[1417  497]
 [  14   82]]
acc: 0.746
f1: 0.243
[[1847   67]
 [  55   41]]
acc: 0.939
f1: 0.402
3,138,coarse : 24.8 seconds
3,138,fine : 24.82 seconds
[[1421  493]
 [  14   82]]
acc: 0.748
f1: 0.244
[[1845   69]
 [  55   41]]
acc: 0.938
f1: 0.398
3,139,coarse : 24.06 seconds
3,139,fine : 24.08 seconds
[[1410  504]
 [  14   82]]
acc: 0.742
f1: 0.240
[[1847   67]
 [  52   44]]
acc: 0.941
f1: 0.425
3,140,coarse : 24.3 seconds
3,140,fine : 24.32 seconds
[[1414  500]
 [  14   82]]
acc: 0.744
f1: 0.242
[[1846   68]
 [  52   44]]
acc: 0.940
f1: 0.423
3,141,coarse : 24.98 seconds
3,141,fine : 25.0 seconds
[[1411  503]
 [  14   82]]
acc: 0.743
f1: 0.241
[[1845   69]
 [  52   44]]
acc: 0.940
f1: 0.421
3,142,coarse : 24.92 seconds
3,142,fine : 24.94 seconds
[[1395  519]
 [  14   82]]
acc: 0.735
f1: 0.235
[[1846   68]
 [  51   45]]
acc: 0.941
f1: 0.431
3,143,coarse : 25.06 seconds
3,143,fine : 25.08 seconds
[[1397  517]
 [  14   82]]
acc: 0.736
f1: 0.236
[[1847   67]
 [  51   45]]
acc: 0.941
f1: 0.433
3,144,coarse : 25.02 seconds
3,144,fine : 25.04 seconds
[[1398  516]
 [  14   82]]
acc: 0.736
f1: 0.236
[[1846   68]
 [  51   45]]
acc: 0.941
f1: 0.431
3,145,coarse : 25.23 seconds
3,145,fine : 25.25 seconds
[[1400  514]
 [  14   82]]
acc: 0.737
f1: 0.237
[[1848   66]
 [  53   43]]
acc: 0.941
f1: 0.420
3,146,coarse : 25.74 seconds
3,146,fine : 25.75 seconds
[[1400  514]
 [  14   82]]
acc: 0.737
f1: 0.237
[[1850   64]
 [  52   44]]
acc: 0.942
f1: 0.431
3,147,coarse : 25.75 seconds
3,147,fine : 25.76 seconds
[[1397  517]
 [  14   82]]
acc: 0.736
f1: 0.236
[[1849   65]
 [  53   43]]
acc: 0.941
f1: 0.422
3,148,coarse : 26.47 seconds
3,148,fine : 26.49 seconds
[[1403  511]
 [  14   82]]
acc: 0.739
f1: 0.238
[[1846   68]
 [  52   44]]
acc: 0.940
f1: 0.423
3,149,coarse : 26.36 seconds
3,149,fine : 26.39 seconds
[[1407  507]
 [  14   82]]
acc: 0.741
f1: 0.239
[[1844   70]
 [  51   45]]
acc: 0.940
f1: 0.427
3,150,coarse : 28.26 seconds
3,150,fine : 28.28 seconds
[[1405  509]
 [  14   82]]
acc: 0.740
f1: 0.239
[[1845   69]
 [  51   45]]
acc: 0.940
f1: 0.429
3,151,coarse : 26.27 seconds
3,151,fine : 26.29 seconds
[[1410  504]
 [  14   82]]
acc: 0.742
f1: 0.240
[[1848   66]
 [  50   46]]
acc: 0.942
f1: 0.442
3,152,coarse : 26.39 seconds
3,152,fine : 26.41 seconds
[[1413  501]
 [  14   82]]
acc: 0.744
f1: 0.242
[[1847   67]
 [  51   45]]
acc: 0.941
f1: 0.433
3,153,coarse : 26.5 seconds
3,153,fine : 26.52 seconds
[[1411  503]
 [  14   82]]
acc: 0.743
f1: 0.241
[[1847   67]
 [  51   45]]
acc: 0.941
f1: 0.433
3,154,coarse : 27.05 seconds
3,154,fine : 27.07 seconds
[[1409  505]
 [  14   82]]
acc: 0.742
f1: 0.240
[[1845   69]
 [  51   45]]
acc: 0.940
f1: 0.429
3,155,coarse : 27.48 seconds
3,155,fine : 27.5 seconds
[[1406  508]
 [  14   82]]
acc: 0.740
f1: 0.239
[[1845   69]
 [  51   45]]
acc: 0.940
f1: 0.429
3,156,coarse : 27.47 seconds
3,156,fine : 27.49 seconds
[[1406  508]
 [  14   82]]
acc: 0.740
f1: 0.239
[[1844   70]
 [  50   46]]
acc: 0.940
f1: 0.434
3,157,coarse : 27.58 seconds
3,157,fine : 27.6 seconds
[[1407  507]
 [  14   82]]
acc: 0.741
f1: 0.239
[[1843   71]
 [  48   48]]
acc: 0.941
f1: 0.447
3,158,coarse : 27.59 seconds
3,158,fine : 27.61 seconds
[[1411  503]
 [  14   82]]
acc: 0.743
f1: 0.241
[[1843   71]
 [  48   48]]
acc: 0.941
f1: 0.447
3,159,coarse : 27.49 seconds
3,159,fine : 27.51 seconds
[[1414  500]
 [  14   82]]
acc: 0.744
f1: 0.242
[[1843   71]
 [  49   47]]
acc: 0.940
f1: 0.439
3,160,coarse : 28.02 seconds
3,160,fine : 28.04 seconds
[[1415  499]
 [  14   82]]
acc: 0.745
f1: 0.242
[[1843   71]
 [  48   48]]
acc: 0.941
f1: 0.447
3,161,coarse : 27.77 seconds
3,161,fine : 27.79 seconds
[[1417  497]
 [  14   82]]
acc: 0.746
f1: 0.243
[[1844   70]
 [  49   47]]
acc: 0.941
f1: 0.441
3,162,coarse : 28.5 seconds
3,162,fine : 28.52 seconds
[[1420  494]
 [  14   82]]
acc: 0.747
f1: 0.244
[[1845   69]
 [  50   46]]
acc: 0.941
f1: 0.436
3,163,coarse : 28.53 seconds
3,163,fine : 28.55 seconds
[[1420  494]
 [  15   81]]
acc: 0.747
f1: 0.241
[[1846   68]
 [  50   46]]
acc: 0.941
f1: 0.438
3,164,coarse : 28.69 seconds
3,164,fine : 28.71 seconds
[[1421  493]
 [  15   81]]
acc: 0.747
f1: 0.242
[[1843   71]
 [  51   45]]
acc: 0.939
f1: 0.425
3,165,coarse : 29.01 seconds
3,165,fine : 29.03 seconds
[[1422  492]
 [  15   81]]
acc: 0.748
f1: 0.242
[[1844   70]
 [  47   49]]
acc: 0.942
f1: 0.456
3,166,coarse : 29.4 seconds
3,166,fine : 29.42 seconds
[[1421  493]
 [  15   81]]
acc: 0.747
f1: 0.242
[[1843   71]
 [  48   48]]
acc: 0.941
f1: 0.447
3,167,coarse : 29.77 seconds
3,167,fine : 29.79 seconds
[[1418  496]
 [  15   81]]
acc: 0.746
f1: 0.241
[[1845   69]
 [  48   48]]
acc: 0.942
f1: 0.451
3,168,coarse : 29.87 seconds
3,168,fine : 29.89 seconds
[[1419  495]
 [  15   81]]
acc: 0.746
f1: 0.241
[[1844   70]
 [  49   47]]
acc: 0.941
f1: 0.441
3,169,coarse : 30.37 seconds
3,169,fine : 30.39 seconds
[[1422  492]
 [  15   81]]
acc: 0.748
f1: 0.242
[[1845   69]
 [  47   49]]
acc: 0.942
f1: 0.458
3,170,coarse : 30.92 seconds
3,170,fine : 30.94 seconds
[[1422  492]
 [  15   81]]
acc: 0.748
f1: 0.242
[[1846   68]
 [  47   49]]
acc: 0.943
f1: 0.460
3,171,coarse : 30.19 seconds
3,171,fine : 30.22 seconds
[[1423  491]
 [  15   81]]
acc: 0.748
f1: 0.243
[[1847   67]
 [  45   51]]
acc: 0.944
f1: 0.477
3,172,coarse : 28.96 seconds
3,172,fine : 28.99 seconds
