all           0      1    2    3    4    5    6    7    8    
1      2010   1914   1    19   32   19   1    11   6    7    
2      2010   1914   1    19   32   19   1    11   6    7    
3      2010   1914   1    19   32   19   1    11   5    8    
4      2010   1914   1    19   32   19   1    10   6    8    
5      2010   1914   1    18   33   19   1    10   6    8    
6      2010   1914   1    18   33   19   1    10   6    8    
7      2010   1913   2    18   33   19   1    10   6    8    
8      2010   1913   2    18   33   19   1    10   6    8    
9      2009   1913   2    18   32   19   2    10   6    7    
10     2009   1913   1    19   32   19   1    11   6    7    
Total  20098  19136  13   185  324  190  11   104  59   76   
train         0      1    2    3    4    5    6    7    8    
1      2010   1914   1    19   32   19   1    11   6    7    
2      2010   1914   1    19   32   19   1    11   6    7    
3      2010   1914   1    19   32   19   1    11   5    8    
4      2010   1914   1    19   32   19   1    10   6    8    
5      2010   1914   1    18   33   19   1    10   6    8    
7      2010   1913   2    18   33   19   1    10   6    8    
8      2010   1913   2    18   33   19   1    10   6    8    
9      2009   1913   2    18   32   19   2    10   6    7    
10     2009   1913   1    19   32   19   1    11   6    7    
Total  18088  17222  12   167  291  171  10   94   53   68   
test          0      1    2    3    4    5    6    7    8    
6      2010   1914   1    18   33   19   1    10   6    8    
Total  2010   1914   1    18   33   19   1    10   6    8    
Classes             
0         17222     
1         12        
2         167       
3         291       
4         171       
5         10        
6         94        
7         53        
8         68        
Total     18088     

Shape: 450       

[952, 10, 11, 16, 11, 10, 10, 10, 10]
Sum start => 1040
[[1263  651]
 [  21   75]]
acc: 0.666
f1: 0.182
[[1881   33]
 [  88    8]]
acc: 0.940
f1: 0.117
6,1,coarse : 26.99 seconds
6,1,fine : 26.99 seconds
[[1263  651]
 [  21   75]]
acc: 0.666
f1: 0.182
[[1881   33]
 [  88    8]]
acc: 0.940
f1: 0.117
6,2,coarse : 27.98 seconds
6,2,fine : 27.98 seconds
[[1265  649]
 [  21   75]]
acc: 0.667
f1: 0.183
[[1882   32]
 [  89    7]]
acc: 0.940
f1: 0.104
6,3,coarse : 2.74 seconds
6,3,fine : 2.74 seconds
[[1278  636]
 [  21   75]]
acc: 0.673
f1: 0.186
[[1885   29]
 [  90    6]]
acc: 0.941
f1: 0.092
6,4,coarse : 2.83 seconds
6,4,fine : 2.84 seconds
[[1269  645]
 [  21   75]]
acc: 0.669
f1: 0.184
[[1883   31]
 [  91    5]]
acc: 0.939
f1: 0.076
6,5,coarse : 3.05 seconds
6,5,fine : 3.06 seconds
[[1276  638]
 [  20   76]]
acc: 0.673
f1: 0.188
[[1885   29]
 [  91    5]]
acc: 0.940
f1: 0.077
6,6,coarse : 3.01 seconds
6,6,fine : 3.01 seconds
[[1311  603]
 [  20   76]]
acc: 0.690
f1: 0.196
[[1886   28]
 [  90    6]]
acc: 0.941
f1: 0.092
6,7,coarse : 3.09 seconds
6,7,fine : 3.1 seconds
[[1309  605]
 [  20   76]]
acc: 0.689
f1: 0.196
[[1887   27]
 [  90    6]]
acc: 0.942
f1: 0.093
6,8,coarse : 3.2 seconds
6,8,fine : 3.2 seconds
[[1324  590]
 [  20   76]]
acc: 0.697
f1: 0.199
[[1887   27]
 [  90    6]]
acc: 0.942
f1: 0.093
6,9,coarse : 3.49 seconds
6,9,fine : 3.5 seconds
[[1334  580]
 [  20   76]]
acc: 0.701
f1: 0.202
[[1891   23]
 [  90    6]]
acc: 0.944
f1: 0.096
6,10,coarse : 3.5 seconds
6,10,fine : 3.5 seconds
[[1339  575]
 [  21   75]]
acc: 0.703
f1: 0.201
[[1894   20]
 [  90    6]]
acc: 0.945
f1: 0.098
6,11,coarse : 3.58 seconds
6,11,fine : 3.59 seconds
[[1346  568]
 [  22   74]]
acc: 0.706
f1: 0.201
[[1891   23]
 [  89    7]]
acc: 0.944
f1: 0.111
6,12,coarse : 3.8 seconds
6,12,fine : 3.8 seconds
[[1341  573]
 [  23   73]]
acc: 0.703
f1: 0.197
[[1890   24]
 [  88    8]]
acc: 0.944
f1: 0.125
6,13,coarse : 4.09 seconds
6,13,fine : 4.09 seconds
[[1357  557]
 [  23   73]]
acc: 0.711
f1: 0.201
[[1890   24]
 [  88    8]]
acc: 0.944
f1: 0.125
6,14,coarse : 4.13 seconds
6,14,fine : 4.13 seconds
[[1351  563]
 [  21   75]]
acc: 0.709
f1: 0.204
[[1888   26]
 [  86   10]]
acc: 0.944
f1: 0.152
6,15,coarse : 4.14 seconds
6,15,fine : 4.14 seconds
[[1354  560]
 [  20   76]]
acc: 0.711
f1: 0.208
[[1885   29]
 [  84   12]]
acc: 0.944
f1: 0.175
6,16,coarse : 4.59 seconds
6,16,fine : 4.6 seconds
[[1345  569]
 [  21   75]]
acc: 0.706
f1: 0.203
[[1889   25]
 [  87    9]]
acc: 0.944
f1: 0.138
6,17,coarse : 4.52 seconds
6,17,fine : 4.53 seconds
[[1353  561]
 [  20   76]]
acc: 0.711
f1: 0.207
[[1890   24]
 [  85   11]]
acc: 0.946
f1: 0.168
6,18,coarse : 4.57 seconds
6,18,fine : 4.57 seconds
[[1341  573]
 [  21   75]]
acc: 0.704
f1: 0.202
[[1889   25]
 [  84   12]]
acc: 0.946
f1: 0.180
6,19,coarse : 4.94 seconds
6,19,fine : 4.95 seconds
[[1339  575]
 [  18   78]]
acc: 0.705
f1: 0.208
[[1890   24]
 [  82   14]]
acc: 0.947
f1: 0.209
6,20,coarse : 4.9 seconds
6,20,fine : 4.91 seconds
[[1343  571]
 [  18   78]]
acc: 0.707
f1: 0.209
[[1888   26]
 [  82   14]]
acc: 0.946
f1: 0.206
6,21,coarse : 5.27 seconds
6,21,fine : 5.28 seconds
[[1348  566]
 [  18   78]]
acc: 0.709
f1: 0.211
[[1889   25]
 [  83   13]]
acc: 0.946
f1: 0.194
6,22,coarse : 5.33 seconds
6,22,fine : 5.34 seconds
[[1352  562]
 [  18   78]]
acc: 0.711
f1: 0.212
[[1890   24]
 [  83   13]]
acc: 0.947
f1: 0.195
6,23,coarse : 5.44 seconds
6,23,fine : 5.45 seconds
[[1332  582]
 [  18   78]]
acc: 0.701
f1: 0.206
[[1889   25]
 [  78   18]]
acc: 0.949
f1: 0.259
6,24,coarse : 5.57 seconds
6,24,fine : 5.58 seconds
[[1332  582]
 [  19   77]]
acc: 0.701
f1: 0.204
[[1888   26]
 [  78   18]]
acc: 0.948
f1: 0.257
6,25,coarse : 5.68 seconds
6,25,fine : 5.69 seconds
[[1335  579]
 [  20   76]]
acc: 0.702
f1: 0.202
[[1888   26]
 [  80   16]]
acc: 0.947
f1: 0.232
6,26,coarse : 5.92 seconds
6,26,fine : 5.92 seconds
[[1335  579]
 [  21   75]]
acc: 0.701
f1: 0.200
[[1886   28]
 [  81   15]]
acc: 0.946
f1: 0.216
6,27,coarse : 5.99 seconds
6,27,fine : 6.0 seconds
[[1350  564]
 [  21   75]]
acc: 0.709
f1: 0.204
[[1888   26]
 [  78   18]]
acc: 0.948
f1: 0.257
6,28,coarse : 6.01 seconds
6,28,fine : 6.02 seconds
[[1351  563]
 [  21   75]]
acc: 0.709
f1: 0.204
[[1889   25]
 [  80   16]]
acc: 0.948
f1: 0.234
6,29,coarse : 6.38 seconds
6,29,fine : 6.39 seconds
[[1349  565]
 [  20   76]]
acc: 0.709
f1: 0.206
[[1887   27]
 [  79   17]]
acc: 0.947
f1: 0.243
6,30,coarse : 6.35 seconds
6,30,fine : 6.36 seconds
[[1363  551]
 [  18   78]]
acc: 0.717
f1: 0.215
[[1890   24]
 [  77   19]]
acc: 0.950
f1: 0.273
6,31,coarse : 6.63 seconds
6,31,fine : 6.64 seconds
[[1356  558]
 [  18   78]]
acc: 0.713
f1: 0.213
[[1888   26]
 [  76   20]]
acc: 0.949
f1: 0.282
6,32,coarse : 6.69 seconds
6,32,fine : 6.7 seconds
[[1366  548]
 [  18   78]]
acc: 0.718
f1: 0.216
[[1887   27]
 [  78   18]]
acc: 0.948
f1: 0.255
6,33,coarse : 6.83 seconds
6,33,fine : 6.83 seconds
[[1369  545]
 [  18   78]]
acc: 0.720
f1: 0.217
[[1888   26]
 [  76   20]]
acc: 0.949
f1: 0.282
6,34,coarse : 6.77 seconds
6,34,fine : 6.77 seconds
[[1372  542]
 [  19   77]]
acc: 0.721
f1: 0.215
[[1890   24]
 [  75   21]]
acc: 0.951
f1: 0.298
6,35,coarse : 7.0 seconds
6,35,fine : 7.0 seconds
[[1373  541]
 [  19   77]]
acc: 0.721
f1: 0.216
[[1887   27]
 [  73   23]]
acc: 0.950
f1: 0.315
6,36,coarse : 7.03 seconds
6,36,fine : 7.04 seconds
[[1378  536]
 [  21   75]]
acc: 0.723
f1: 0.212
[[1887   27]
 [  74   22]]
acc: 0.950
f1: 0.303
6,37,coarse : 7.35 seconds
6,37,fine : 7.36 seconds
[[1383  531]
 [  21   75]]
acc: 0.725
f1: 0.214
[[1887   27]
 [  74   22]]
acc: 0.950
f1: 0.303
6,38,coarse : 7.43 seconds
6,38,fine : 7.44 seconds
[[1385  529]
 [  21   75]]
acc: 0.726
f1: 0.214
[[1886   28]
 [  73   23]]
acc: 0.950
f1: 0.313
6,39,coarse : 7.44 seconds
6,39,fine : 7.45 seconds
[[1391  523]
 [  21   75]]
acc: 0.729
f1: 0.216
[[1885   29]
 [  73   23]]
acc: 0.949
f1: 0.311
6,40,coarse : 7.7 seconds
6,40,fine : 7.71 seconds
[[1385  529]
 [  20   76]]
acc: 0.727
f1: 0.217
[[1886   28]
 [  73   23]]
acc: 0.950
f1: 0.313
6,41,coarse : 7.58 seconds
6,41,fine : 7.59 seconds
[[1387  527]
 [  20   76]]
acc: 0.728
f1: 0.217
[[1879   35]
 [  71   25]]
acc: 0.947
f1: 0.321
6,42,coarse : 8.12 seconds
6,42,fine : 8.12 seconds
[[1385  529]
 [  20   76]]
acc: 0.727
f1: 0.217
[[1882   32]
 [  72   24]]
acc: 0.948
f1: 0.316
6,43,coarse : 8.19 seconds
6,43,fine : 8.2 seconds
[[1388  526]
 [  19   77]]
acc: 0.729
f1: 0.220
[[1883   31]
 [  72   24]]
acc: 0.949
f1: 0.318
6,44,coarse : 8.54 seconds
6,44,fine : 8.55 seconds
[[1398  516]
 [  19   77]]
acc: 0.734
f1: 0.224
[[1881   33]
 [  71   25]]
acc: 0.948
f1: 0.325
6,45,coarse : 8.22 seconds
6,45,fine : 8.24 seconds
[[1397  517]
 [  19   77]]
acc: 0.733
f1: 0.223
[[1879   35]
 [  73   23]]
acc: 0.946
f1: 0.299
6,46,coarse : 8.48 seconds
6,46,fine : 8.49 seconds
[[1401  513]
 [  18   78]]
acc: 0.736
f1: 0.227
[[1880   34]
 [  72   24]]
acc: 0.947
f1: 0.312
6,47,coarse : 8.81 seconds
6,47,fine : 8.81 seconds
[[1402  512]
 [  20   76]]
acc: 0.735
f1: 0.222
[[1879   35]
 [  72   24]]
acc: 0.947
f1: 0.310
6,48,coarse : 8.63 seconds
6,48,fine : 8.64 seconds
[[1402  512]
 [  19   77]]
acc: 0.736
f1: 0.225
[[1880   34]
 [  71   25]]
acc: 0.948
f1: 0.323
6,49,coarse : 8.93 seconds
6,49,fine : 8.93 seconds
[[1403  511]
 [  20   76]]
acc: 0.736
f1: 0.223
[[1883   31]
 [  70   26]]
acc: 0.950
f1: 0.340
6,50,coarse : 11.03 seconds
6,50,fine : 11.04 seconds
[[1406  508]
 [  20   76]]
acc: 0.737
f1: 0.224
[[1884   30]
 [  70   26]]
acc: 0.950
f1: 0.342
6,51,coarse : 9.2 seconds
6,51,fine : 9.21 seconds
[[1406  508]
 [  20   76]]
acc: 0.737
f1: 0.224
[[1886   28]
 [  70   26]]
acc: 0.951
f1: 0.347
6,52,coarse : 9.36 seconds
6,52,fine : 9.36 seconds
[[1405  509]
 [  20   76]]
acc: 0.737
f1: 0.223
[[1883   31]
 [  69   27]]
acc: 0.950
f1: 0.351
6,53,coarse : 9.43 seconds
6,53,fine : 9.44 seconds
[[1408  506]
 [  20   76]]
acc: 0.738
f1: 0.224
[[1879   35]
 [  70   26]]
acc: 0.948
f1: 0.331
6,54,coarse : 9.73 seconds
6,54,fine : 9.74 seconds
[[1399  515]
 [  20   76]]
acc: 0.734
f1: 0.221
[[1882   32]
 [  72   24]]
acc: 0.948
f1: 0.316
6,55,coarse : 9.87 seconds
6,55,fine : 9.88 seconds
[[1408  506]
 [  20   76]]
acc: 0.738
f1: 0.224
[[1882   32]
 [  69   27]]
acc: 0.950
f1: 0.348
6,56,coarse : 10.01 seconds
6,56,fine : 10.02 seconds
[[1408  506]
 [  20   76]]
acc: 0.738
f1: 0.224
[[1878   36]
 [  69   27]]
acc: 0.948
f1: 0.340
6,57,coarse : 10.19 seconds
6,57,fine : 10.2 seconds
[[1413  501]
 [  20   76]]
acc: 0.741
f1: 0.226
[[1880   34]
 [  70   26]]
acc: 0.948
f1: 0.333
6,58,coarse : 10.3 seconds
6,58,fine : 10.31 seconds
[[1417  497]
 [  20   76]]
acc: 0.743
f1: 0.227
[[1880   34]
 [  70   26]]
acc: 0.948
f1: 0.333
6,59,coarse : 10.7 seconds
6,59,fine : 10.71 seconds
[[1419  495]
 [  20   76]]
acc: 0.744
f1: 0.228
[[1878   36]
 [  68   28]]
acc: 0.948
f1: 0.350
6,60,coarse : 10.52 seconds
6,60,fine : 10.53 seconds
[[1412  502]
 [  20   76]]
acc: 0.740
f1: 0.226
[[1877   37]
 [  69   27]]
acc: 0.947
f1: 0.338
6,61,coarse : 10.36 seconds
6,61,fine : 10.37 seconds
[[1414  500]
 [  20   76]]
acc: 0.741
f1: 0.226
[[1877   37]
 [  67   29]]
acc: 0.948
f1: 0.358
6,62,coarse : 10.91 seconds
6,62,fine : 10.91 seconds
[[1412  502]
 [  20   76]]
acc: 0.740
f1: 0.226
[[1877   37]
 [  67   29]]
acc: 0.948
f1: 0.358
6,63,coarse : 11.09 seconds
6,63,fine : 11.1 seconds
[[1412  502]
 [  20   76]]
acc: 0.740
f1: 0.226
[[1875   39]
 [  66   30]]
acc: 0.948
f1: 0.364
6,64,coarse : 10.96 seconds
6,64,fine : 10.97 seconds
[[1411  503]
 [  20   76]]
acc: 0.740
f1: 0.225
[[1875   39]
 [  66   30]]
acc: 0.948
f1: 0.364
6,65,coarse : 11.11 seconds
6,65,fine : 11.12 seconds
[[1410  504]
 [  20   76]]
acc: 0.739
f1: 0.225
[[1874   40]
 [  66   30]]
acc: 0.947
f1: 0.361
6,66,coarse : 11.25 seconds
6,66,fine : 11.26 seconds
[[1419  495]
 [  19   77]]
acc: 0.744
f1: 0.231
[[1875   39]
 [  65   31]]
acc: 0.948
f1: 0.373
6,67,coarse : 11.48 seconds
6,67,fine : 11.49 seconds
[[1422  492]
 [  19   77]]
acc: 0.746
f1: 0.232
[[1871   43]
 [  66   30]]
acc: 0.946
f1: 0.355
6,68,coarse : 11.92 seconds
6,68,fine : 11.93 seconds
[[1426  488]
 [  19   77]]
acc: 0.748
f1: 0.233
[[1866   48]
 [  66   30]]
acc: 0.943
f1: 0.345
6,69,coarse : 11.8 seconds
6,69,fine : 11.82 seconds
[[1427  487]
 [  19   77]]
acc: 0.748
f1: 0.233
[[1865   49]
 [  63   33]]
acc: 0.944
f1: 0.371
6,70,coarse : 11.84 seconds
6,70,fine : 11.85 seconds
[[1428  486]
 [  18   78]]
acc: 0.749
f1: 0.236
[[1866   48]
 [  63   33]]
acc: 0.945
f1: 0.373
6,71,coarse : 12.13 seconds
6,71,fine : 12.14 seconds
[[1424  490]
 [  18   78]]
acc: 0.747
f1: 0.235
[[1869   45]
 [  63   33]]
acc: 0.946
f1: 0.379
6,72,coarse : 11.92 seconds
6,72,fine : 11.93 seconds
[[1422  492]
 [  19   77]]
acc: 0.746
f1: 0.232
[[1872   42]
 [  63   33]]
acc: 0.948
f1: 0.386
6,73,coarse : 12.42 seconds
6,73,fine : 12.43 seconds
[[1422  492]
 [  19   77]]
acc: 0.746
f1: 0.232
[[1873   41]
 [  63   33]]
acc: 0.948
f1: 0.388
6,74,coarse : 12.3 seconds
6,74,fine : 12.31 seconds
[[1422  492]
 [  19   77]]
acc: 0.746
f1: 0.232
[[1869   45]
 [  63   33]]
acc: 0.946
f1: 0.379
6,75,coarse : 12.48 seconds
6,75,fine : 12.49 seconds
[[1422  492]
 [  19   77]]
acc: 0.746
f1: 0.232
[[1869   45]
 [  64   32]]
acc: 0.946
f1: 0.370
6,76,coarse : 12.71 seconds
6,76,fine : 12.72 seconds
[[1424  490]
 [  19   77]]
acc: 0.747
f1: 0.232
[[1868   46]
 [  63   33]]
acc: 0.946
f1: 0.377
6,77,coarse : 12.24 seconds
6,77,fine : 12.25 seconds
[[1428  486]
 [  19   77]]
acc: 0.749
f1: 0.234
[[1866   48]
 [  65   31]]
acc: 0.944
f1: 0.354
6,78,coarse : 12.52 seconds
6,78,fine : 12.53 seconds
[[1428  486]
 [  19   77]]
acc: 0.749
f1: 0.234
[[1866   48]
 [  65   31]]
acc: 0.944
f1: 0.354
6,79,coarse : 12.99 seconds
6,79,fine : 13.01 seconds
[[1430  484]
 [  18   78]]
acc: 0.750
f1: 0.237
[[1865   49]
 [  63   33]]
acc: 0.944
f1: 0.371
6,80,coarse : 13.13 seconds
6,80,fine : 13.15 seconds
[[1432  482]
 [  18   78]]
acc: 0.751
f1: 0.238
[[1865   49]
 [  64   32]]
acc: 0.944
f1: 0.362
6,81,coarse : 12.92 seconds
6,81,fine : 12.93 seconds
[[1435  479]
 [  18   78]]
acc: 0.753
f1: 0.239
[[1868   46]
 [  63   33]]
acc: 0.946
f1: 0.377
6,82,coarse : 13.72 seconds
6,82,fine : 13.74 seconds
[[1427  487]
 [  18   78]]
acc: 0.749
f1: 0.236
[[1866   48]
 [  63   33]]
acc: 0.945
f1: 0.373
6,83,coarse : 13.37 seconds
6,83,fine : 13.39 seconds
[[1430  484]
 [  17   79]]
acc: 0.751
f1: 0.240
[[1865   49]
 [  63   33]]
acc: 0.944
f1: 0.371
6,84,coarse : 13.65 seconds
6,84,fine : 13.66 seconds
[[1430  484]
 [  17   79]]
acc: 0.751
f1: 0.240
[[1866   48]
 [  63   33]]
acc: 0.945
f1: 0.373
6,85,coarse : 13.66 seconds
6,85,fine : 13.67 seconds
[[1431  483]
 [  17   79]]
acc: 0.751
f1: 0.240
[[1866   48]
 [  62   34]]
acc: 0.945
f1: 0.382
6,86,coarse : 14.08 seconds
6,86,fine : 14.09 seconds
[[1429  485]
 [  17   79]]
acc: 0.750
f1: 0.239
[[1866   48]
 [  60   36]]
acc: 0.946
f1: 0.400
6,87,coarse : 14.31 seconds
6,87,fine : 14.32 seconds
[[1428  486]
 [  18   78]]
acc: 0.749
f1: 0.236
[[1863   51]
 [  61   35]]
acc: 0.944
f1: 0.385
6,88,coarse : 14.53 seconds
6,88,fine : 14.54 seconds
[[1435  479]
 [  17   79]]
acc: 0.753
f1: 0.242
[[1861   53]
 [  62   34]]
acc: 0.943
f1: 0.372
6,89,coarse : 14.64 seconds
6,89,fine : 14.66 seconds
[[1438  476]
 [  18   78]]
acc: 0.754
f1: 0.240
[[1863   51]
 [  63   33]]
acc: 0.943
f1: 0.367
6,90,coarse : 14.95 seconds
6,90,fine : 14.96 seconds
[[1439  475]
 [  17   79]]
acc: 0.755
f1: 0.243
[[1863   51]
 [  63   33]]
acc: 0.943
f1: 0.367
6,91,coarse : 14.96 seconds
6,91,fine : 14.97 seconds
[[1443  471]
 [  17   79]]
acc: 0.757
f1: 0.245
[[1863   51]
 [  63   33]]
acc: 0.943
f1: 0.367
6,92,coarse : 14.9 seconds
6,92,fine : 14.91 seconds
[[1441  473]
 [  17   79]]
acc: 0.756
f1: 0.244
[[1863   51]
 [  63   33]]
acc: 0.943
f1: 0.367
6,93,coarse : 14.91 seconds
6,93,fine : 14.92 seconds
[[1435  479]
 [  17   79]]
acc: 0.753
f1: 0.242
[[1862   52]
 [  63   33]]
acc: 0.943
f1: 0.365
6,94,coarse : 15.39 seconds
6,94,fine : 15.4 seconds
[[1438  476]
 [  17   79]]
acc: 0.755
f1: 0.243
[[1863   51]
 [  61   35]]
acc: 0.944
f1: 0.385
6,95,coarse : 15.67 seconds
6,95,fine : 15.68 seconds
[[1444  470]
 [  17   79]]
acc: 0.758
f1: 0.245
[[1864   50]
 [  59   37]]
acc: 0.946
f1: 0.404
6,96,coarse : 15.62 seconds
6,96,fine : 15.63 seconds
[[1442  472]
 [  18   78]]
acc: 0.756
f1: 0.241
[[1860   54]
 [  61   35]]
acc: 0.943
f1: 0.378
6,97,coarse : 15.86 seconds
6,97,fine : 15.87 seconds
[[1445  469]
 [  19   77]]
acc: 0.757
f1: 0.240
[[1861   53]
 [  60   36]]
acc: 0.944
f1: 0.389
6,98,coarse : 15.59 seconds
6,98,fine : 15.61 seconds
[[1446  468]
 [  18   78]]
acc: 0.758
f1: 0.243
[[1861   53]
 [  60   36]]
acc: 0.944
f1: 0.389
6,99,coarse : 15.74 seconds
6,99,fine : 15.75 seconds
[[1451  463]
 [  18   78]]
acc: 0.761
f1: 0.245
[[1861   53]
 [  59   37]]
acc: 0.944
f1: 0.398
6,100,coarse : 17.79 seconds
6,100,fine : 17.8 seconds
[[1455  459]
 [  18   78]]
acc: 0.763
f1: 0.246
[[1861   53]
 [  59   37]]
acc: 0.944
f1: 0.398
6,101,coarse : 16.49 seconds
6,101,fine : 16.51 seconds
[[1447  467]
 [  19   77]]
acc: 0.758
f1: 0.241
[[1859   55]
 [  58   38]]
acc: 0.944
f1: 0.402
6,102,coarse : 16.66 seconds
6,102,fine : 16.67 seconds
[[1443  471]
 [  19   77]]
acc: 0.756
f1: 0.239
[[1857   57]
 [  55   41]]
acc: 0.944
f1: 0.423
6,103,coarse : 16.98 seconds
6,103,fine : 17.0 seconds
[[1445  469]
 [  19   77]]
acc: 0.757
f1: 0.240
[[1858   56]
 [  56   40]]
acc: 0.944
f1: 0.417
6,104,coarse : 17.02 seconds
6,104,fine : 17.03 seconds
[[1443  471]
 [  19   77]]
acc: 0.756
f1: 0.239
[[1857   57]
 [  56   40]]
acc: 0.944
f1: 0.415
6,105,coarse : 17.74 seconds
6,105,fine : 17.75 seconds
[[1446  468]
 [  19   77]]
acc: 0.758
f1: 0.240
[[1857   57]
 [  56   40]]
acc: 0.944
f1: 0.415
6,106,coarse : 17.41 seconds
6,106,fine : 17.44 seconds
[[1446  468]
 [  19   77]]
acc: 0.758
f1: 0.240
[[1857   57]
 [  56   40]]
acc: 0.944
f1: 0.415
6,107,coarse : 17.49 seconds
6,107,fine : 17.5 seconds
[[1447  467]
 [  19   77]]
acc: 0.758
f1: 0.241
[[1857   57]
 [  56   40]]
acc: 0.944
f1: 0.415
6,108,coarse : 18.13 seconds
6,108,fine : 18.14 seconds
[[1434  480]
 [  19   77]]
acc: 0.752
f1: 0.236
[[1858   56]
 [  56   40]]
acc: 0.944
f1: 0.417
6,109,coarse : 18.02 seconds
6,109,fine : 18.04 seconds
[[1431  483]
 [  18   78]]
acc: 0.751
f1: 0.237
[[1858   56]
 [  57   39]]
acc: 0.944
f1: 0.408
6,110,coarse : 18.21 seconds
6,110,fine : 18.22 seconds
[[1434  480]
 [  18   78]]
acc: 0.752
f1: 0.239
[[1859   55]
 [  57   39]]
acc: 0.944
f1: 0.411
6,111,coarse : 18.37 seconds
6,111,fine : 18.39 seconds
[[1433  481]
 [  18   78]]
acc: 0.752
f1: 0.238
[[1858   56]
 [  58   38]]
acc: 0.943
f1: 0.400
6,112,coarse : 18.36 seconds
6,112,fine : 18.38 seconds
[[1435  479]
 [  18   78]]
acc: 0.753
f1: 0.239
[[1860   54]
 [  58   38]]
acc: 0.944
f1: 0.404
6,113,coarse : 18.28 seconds
6,113,fine : 18.29 seconds
[[1433  481]
 [  19   77]]
acc: 0.751
f1: 0.235
[[1857   57]
 [  56   40]]
acc: 0.944
f1: 0.415
6,114,coarse : 18.71 seconds
6,114,fine : 18.73 seconds
[[1434  480]
 [  19   77]]
acc: 0.752
f1: 0.236
[[1855   59]
 [  57   39]]
acc: 0.942
f1: 0.402
6,115,coarse : 19.19 seconds
6,115,fine : 19.21 seconds
[[1432  482]
 [  19   77]]
acc: 0.751
f1: 0.235
[[1856   58]
 [  55   41]]
acc: 0.944
f1: 0.421
6,116,coarse : 19.11 seconds
6,116,fine : 19.13 seconds
[[1434  480]
 [  19   77]]
acc: 0.752
f1: 0.236
[[1857   57]
 [  55   41]]
acc: 0.944
f1: 0.423
6,117,coarse : 18.62 seconds
6,117,fine : 18.64 seconds
[[1434  480]
 [  19   77]]
acc: 0.752
f1: 0.236
[[1858   56]
 [  55   41]]
acc: 0.945
f1: 0.425
6,118,coarse : 19.09 seconds
6,118,fine : 19.1 seconds
[[1433  481]
 [  19   77]]
acc: 0.751
f1: 0.235
[[1857   57]
 [  56   40]]
acc: 0.944
f1: 0.415
6,119,coarse : 20.0 seconds
6,119,fine : 20.01 seconds
[[1437  477]
 [  19   77]]
acc: 0.753
f1: 0.237
[[1856   58]
 [  56   40]]
acc: 0.943
f1: 0.412
6,120,coarse : 19.64 seconds
6,120,fine : 19.66 seconds
[[1435  479]
 [  19   77]]
acc: 0.752
f1: 0.236
[[1858   56]
 [  57   39]]
acc: 0.944
f1: 0.408
6,121,coarse : 19.4 seconds
6,121,fine : 19.42 seconds
[[1431  483]
 [  18   78]]
acc: 0.751
f1: 0.237
[[1858   56]
 [  57   39]]
acc: 0.944
f1: 0.408
6,122,coarse : 20.41 seconds
6,122,fine : 20.43 seconds
[[1437  477]
 [  18   78]]
acc: 0.754
f1: 0.240
[[1857   57]
 [  57   39]]
acc: 0.943
f1: 0.406
6,123,coarse : 21.27 seconds
6,123,fine : 21.29 seconds
[[1438  476]
 [  19   77]]
acc: 0.754
f1: 0.237
[[1858   56]
 [  58   38]]
acc: 0.943
f1: 0.400
6,124,coarse : 20.78 seconds
6,124,fine : 20.79 seconds
[[1437  477]
 [  19   77]]
acc: 0.753
f1: 0.237
[[1858   56]
 [  58   38]]
acc: 0.943
f1: 0.400
6,125,coarse : 20.51 seconds
6,125,fine : 20.53 seconds
[[1442  472]
 [  19   77]]
acc: 0.756
f1: 0.239
[[1857   57]
 [  55   41]]
acc: 0.944
f1: 0.423
6,126,coarse : 20.66 seconds
6,126,fine : 20.68 seconds
[[1437  477]
 [  19   77]]
acc: 0.753
f1: 0.237
[[1858   56]
 [  56   40]]
acc: 0.944
f1: 0.417
6,127,coarse : 21.06 seconds
6,127,fine : 21.08 seconds
[[1435  479]
 [  18   78]]
acc: 0.753
f1: 0.239
[[1857   57]
 [  56   40]]
acc: 0.944
f1: 0.415
6,128,coarse : 21.46 seconds
6,128,fine : 21.47 seconds
[[1435  479]
 [  18   78]]
acc: 0.753
f1: 0.239
[[1857   57]
 [  55   41]]
acc: 0.944
f1: 0.423
6,129,coarse : 21.54 seconds
6,129,fine : 21.58 seconds
[[1436  478]
 [  18   78]]
acc: 0.753
f1: 0.239
[[1858   56]
 [  55   41]]
acc: 0.945
f1: 0.425
6,130,coarse : 21.63 seconds
6,130,fine : 21.65 seconds
[[1433  481]
 [  18   78]]
acc: 0.752
f1: 0.238
[[1855   59]
 [  55   41]]
acc: 0.943
f1: 0.418
6,131,coarse : 21.22 seconds
6,131,fine : 21.23 seconds
[[1435  479]
 [  18   78]]
acc: 0.753
f1: 0.239
[[1856   58]
 [  55   41]]
acc: 0.944
f1: 0.421
6,132,coarse : 22.1 seconds
6,132,fine : 22.12 seconds
[[1432  482]
 [  19   77]]
acc: 0.751
f1: 0.235
[[1856   58]
 [  56   40]]
acc: 0.943
f1: 0.412
6,133,coarse : 22.26 seconds
6,133,fine : 22.28 seconds
[[1436  478]
 [  19   77]]
acc: 0.753
f1: 0.237
[[1855   59]
 [  56   40]]
acc: 0.943
f1: 0.410
6,134,coarse : 22.85 seconds
6,134,fine : 22.87 seconds
[[1436  478]
 [  21   75]]
acc: 0.752
f1: 0.231
[[1854   60]
 [  56   40]]
acc: 0.942
f1: 0.408
6,135,coarse : 22.69 seconds
6,135,fine : 22.71 seconds
[[1437  477]
 [  19   77]]
acc: 0.753
f1: 0.237
[[1855   59]
 [  54   42]]
acc: 0.944
f1: 0.426
6,136,coarse : 22.88 seconds
6,136,fine : 22.9 seconds
[[1439  475]
 [  19   77]]
acc: 0.754
f1: 0.238
[[1852   62]
 [  55   41]]
acc: 0.942
f1: 0.412
6,137,coarse : 23.21 seconds
6,137,fine : 23.23 seconds
[[1441  473]
 [  19   77]]
acc: 0.755
f1: 0.238
[[1855   59]
 [  54   42]]
acc: 0.944
f1: 0.426
6,138,coarse : 23.02 seconds
6,138,fine : 23.04 seconds
[[1442  472]
 [  19   77]]
acc: 0.756
f1: 0.239
[[1856   58]
 [  52   44]]
acc: 0.945
f1: 0.444
6,139,coarse : 23.25 seconds
6,139,fine : 23.27 seconds
[[1445  469]
 [  19   77]]
acc: 0.757
f1: 0.240
[[1853   61]
 [  52   44]]
acc: 0.944
f1: 0.438
6,140,coarse : 22.65 seconds
6,140,fine : 22.67 seconds
[[1442  472]
 [  19   77]]
acc: 0.756
f1: 0.239
[[1853   61]
 [  52   44]]
acc: 0.944
f1: 0.438
6,141,coarse : 23.67 seconds
6,141,fine : 23.69 seconds
[[1446  468]
 [  20   76]]
acc: 0.757
f1: 0.237
[[1854   60]
 [  52   44]]
acc: 0.944
f1: 0.440
6,142,coarse : 23.53 seconds
6,142,fine : 23.55 seconds
[[1445  469]
 [  20   76]]
acc: 0.757
f1: 0.237
[[1854   60]
 [  53   43]]
acc: 0.944
f1: 0.432
6,143,coarse : 23.36 seconds
6,143,fine : 23.38 seconds
[[1444  470]
 [  20   76]]
acc: 0.756
f1: 0.237
[[1855   59]
 [  53   43]]
acc: 0.944
f1: 0.434
6,144,coarse : 24.17 seconds
6,144,fine : 24.19 seconds
[[1445  469]
 [  20   76]]
acc: 0.757
f1: 0.237
[[1853   61]
 [  53   43]]
acc: 0.943
f1: 0.430
6,145,coarse : 24.43 seconds
6,145,fine : 24.45 seconds
[[1441  473]
 [  19   77]]
acc: 0.755
f1: 0.238
[[1854   60]
 [  53   43]]
acc: 0.944
f1: 0.432
6,146,coarse : 23.99 seconds
6,146,fine : 24.01 seconds
[[1445  469]
 [  19   77]]
acc: 0.757
f1: 0.240
[[1856   58]
 [  53   43]]
acc: 0.945
f1: 0.437
6,147,coarse : 24.94 seconds
6,147,fine : 24.96 seconds
[[1445  469]
 [  19   77]]
acc: 0.757
f1: 0.240
[[1857   57]
 [  53   43]]
acc: 0.945
f1: 0.439
6,148,coarse : 25.18 seconds
6,148,fine : 25.2 seconds
[[1449  465]
 [  19   77]]
acc: 0.759
f1: 0.241
[[1857   57]
 [  53   43]]
acc: 0.945
f1: 0.439
6,149,coarse : 25.42 seconds
6,149,fine : 25.44 seconds
[[1448  466]
 [  19   77]]
acc: 0.759
f1: 0.241
[[1857   57]
 [  53   43]]
acc: 0.945
f1: 0.439
6,150,coarse : 27.12 seconds
6,150,fine : 27.14 seconds
[[1443  471]
 [  19   77]]
acc: 0.756
f1: 0.239
[[1856   58]
 [  53   43]]
acc: 0.945
f1: 0.437
6,151,coarse : 25.43 seconds
6,151,fine : 25.45 seconds
[[1449  465]
 [  19   77]]
acc: 0.759
f1: 0.241
[[1856   58]
 [  53   43]]
acc: 0.945
f1: 0.437
6,152,coarse : 26.05 seconds
6,152,fine : 26.07 seconds
[[1446  468]
 [  19   77]]
acc: 0.758
f1: 0.240
[[1855   59]
 [  53   43]]
acc: 0.944
f1: 0.434
6,153,coarse : 25.71 seconds
6,153,fine : 25.73 seconds
[[1453  461]
 [  19   77]]
acc: 0.761
f1: 0.243
[[1856   58]
 [  52   44]]
acc: 0.945
f1: 0.444
6,154,coarse : 25.74 seconds
6,154,fine : 25.76 seconds
[[1454  460]
 [  19   77]]
acc: 0.762
f1: 0.243
[[1856   58]
 [  52   44]]
acc: 0.945
f1: 0.444
6,155,coarse : 25.75 seconds
6,155,fine : 25.77 seconds
[[1452  462]
 [  20   76]]
acc: 0.760
f1: 0.240
[[1857   57]
 [  52   44]]
acc: 0.946
f1: 0.447
6,156,coarse : 25.58 seconds
6,156,fine : 25.6 seconds
[[1453  461]
 [  20   76]]
acc: 0.761
f1: 0.240
[[1856   58]
 [  52   44]]
acc: 0.945
f1: 0.444
6,157,coarse : 25.89 seconds
6,157,fine : 25.91 seconds
[[1452  462]
 [  20   76]]
acc: 0.760
f1: 0.240
[[1857   57]
 [  52   44]]
acc: 0.946
f1: 0.447
6,158,coarse : 26.47 seconds
6,158,fine : 26.49 seconds
[[1457  457]
 [  20   76]]
acc: 0.763
f1: 0.242
[[1855   59]
 [  51   45]]
acc: 0.945
f1: 0.450
6,159,coarse : 26.49 seconds
6,159,fine : 26.51 seconds
[[1456  458]
 [  20   76]]
acc: 0.762
f1: 0.241
[[1854   60]
 [  52   44]]
acc: 0.944
f1: 0.440
6,160,coarse : 26.12 seconds
6,160,fine : 26.14 seconds
[[1454  460]
 [  20   76]]
acc: 0.761
f1: 0.241
[[1855   59]
 [  52   44]]
acc: 0.945
f1: 0.442
6,161,coarse : 26.62 seconds
6,161,fine : 26.64 seconds
[[1453  461]
 [  20   76]]
acc: 0.761
f1: 0.240
[[1854   60]
 [  52   44]]
acc: 0.944
f1: 0.440
6,162,coarse : 27.13 seconds
6,162,fine : 27.16 seconds
[[1456  458]
 [  20   76]]
acc: 0.762
f1: 0.241
[[1852   62]
 [  52   44]]
acc: 0.943
f1: 0.436
6,163,coarse : 27.23 seconds
6,163,fine : 27.25 seconds
[[1457  457]
 [  20   76]]
acc: 0.763
f1: 0.242
[[1854   60]
 [  53   43]]
acc: 0.944
f1: 0.432
6,164,coarse : 27.56 seconds
6,164,fine : 27.59 seconds
[[1461  453]
 [  20   76]]
acc: 0.765
f1: 0.243
[[1850   64]
 [  51   45]]
acc: 0.943
f1: 0.439
6,165,coarse : 27.48 seconds
6,165,fine : 27.5 seconds
[[1461  453]
 [  20   76]]
acc: 0.765
f1: 0.243
[[1851   63]
 [  51   45]]
acc: 0.943
f1: 0.441
6,166,coarse : 27.37 seconds
6,166,fine : 27.39 seconds
[[1463  451]
 [  20   76]]
acc: 0.766
f1: 0.244
[[1852   62]
 [  51   45]]
acc: 0.944
f1: 0.443
6,167,coarse : 27.58 seconds
6,167,fine : 27.6 seconds
[[1465  449]
 [  20   76]]
acc: 0.767
f1: 0.245
[[1851   63]
 [  51   45]]
acc: 0.943
f1: 0.441
6,168,coarse : 27.97 seconds
6,168,fine : 27.99 seconds
[[1457  457]
 [  20   76]]
acc: 0.763
f1: 0.242
[[1852   62]
 [  50   46]]
acc: 0.944
f1: 0.451
6,169,coarse : 28.15 seconds
6,169,fine : 28.18 seconds
[[1457  457]
 [  20   76]]
acc: 0.763
f1: 0.242
[[1852   62]
 [  50   46]]
acc: 0.944
f1: 0.451
6,170,coarse : 29.01 seconds
6,170,fine : 29.03 seconds
[[1459  455]
 [  20   76]]
acc: 0.764
f1: 0.242
[[1852   62]
 [  50   46]]
acc: 0.944
f1: 0.451
6,171,coarse : 28.77 seconds
6,171,fine : 28.79 seconds
[[1456  458]
 [  20   76]]
acc: 0.762
f1: 0.241
[[1852   62]
 [  50   46]]
acc: 0.944
f1: 0.451
6,172,coarse : 29.27 seconds
6,172,fine : 29.29 seconds
