all           0      1    2    3    4    5    6    7    8    
1      2010   1914   1    19   32   19   1    11   6    7    
2      2010   1914   1    19   32   19   1    11   6    7    
3      2010   1914   1    19   32   19   1    11   5    8    
4      2010   1914   1    19   32   19   1    10   6    8    
5      2010   1914   1    18   33   19   1    10   6    8    
6      2010   1914   1    18   33   19   1    10   6    8    
7      2010   1913   2    18   33   19   1    10   6    8    
8      2010   1913   2    18   33   19   1    10   6    8    
9      2009   1913   2    18   32   19   2    10   6    7    
10     2009   1913   1    19   32   19   1    11   6    7    
Total  20098  19136  13   185  324  190  11   104  59   76   
train         0      1    2    3    4    5    6    7    8    
1      2010   1914   1    19   32   19   1    11   6    7    
3      2010   1914   1    19   32   19   1    11   5    8    
4      2010   1914   1    19   32   19   1    10   6    8    
5      2010   1914   1    18   33   19   1    10   6    8    
6      2010   1914   1    18   33   19   1    10   6    8    
7      2010   1913   2    18   33   19   1    10   6    8    
8      2010   1913   2    18   33   19   1    10   6    8    
9      2009   1913   2    18   32   19   2    10   6    7    
10     2009   1913   1    19   32   19   1    11   6    7    
Total  18088  17222  12   166  292  171  10   93   53   69   
test          0      1    2    3    4    5    6    7    8    
2      2010   1914   1    19   32   19   1    11   6    7    
Total  2010   1914   1    19   32   19   1    11   6    7    
Classes             
0         17222     
1         12        
2         166       
3         292       
4         171       
5         10        
6         93        
7         53        
8         69        
Total     18088     

Shape: 450       

[952, 10, 11, 16, 11, 10, 10, 10, 10]
Sum start => 1040
[[1225  689]
 [  16   80]]
acc: 0.649
f1: 0.185
[[1872   42]
 [  86   10]]
acc: 0.936
f1: 0.135
2,1,coarse : 28.24 seconds
2,1,fine : 28.25 seconds
[[1225  689]
 [  16   80]]
acc: 0.649
f1: 0.185
[[1872   42]
 [  86   10]]
acc: 0.936
f1: 0.135
2,2,coarse : 29.72 seconds
2,2,fine : 29.73 seconds
[[1239  675]
 [  17   79]]
acc: 0.656
f1: 0.186
[[1898   16]
 [  90    6]]
acc: 0.947
f1: 0.102
2,3,coarse : 27.56 seconds
2,3,fine : 27.57 seconds
[[1283  631]
 [  19   77]]
acc: 0.677
f1: 0.192
[[1903   11]
 [  89    7]]
acc: 0.950
f1: 0.123
2,4,coarse : 27.7 seconds
2,4,fine : 27.7 seconds
[[1287  627]
 [  18   78]]
acc: 0.679
f1: 0.195
[[1903   11]
 [  89    7]]
acc: 0.950
f1: 0.123
2,5,coarse : 28.15 seconds
2,5,fine : 28.15 seconds
[[1310  604]
 [  19   77]]
acc: 0.690
f1: 0.198
[[1905    9]
 [  89    7]]
acc: 0.951
f1: 0.125
2,6,coarse : 27.5 seconds
2,6,fine : 27.5 seconds
[[1319  595]
 [  20   76]]
acc: 0.694
f1: 0.198
[[1905    9]
 [  89    7]]
acc: 0.951
f1: 0.125
2,7,coarse : 27.59 seconds
2,7,fine : 27.59 seconds
[[1341  573]
 [  20   76]]
acc: 0.705
f1: 0.204
[[1908    6]
 [  89    7]]
acc: 0.953
f1: 0.128
2,8,coarse : 27.88 seconds
2,8,fine : 27.88 seconds
[[1331  583]
 [  20   76]]
acc: 0.700
f1: 0.201
[[1907    7]
 [  91    5]]
acc: 0.951
f1: 0.093
2,9,coarse : 27.31 seconds
2,9,fine : 27.31 seconds
[[1344  570]
 [  18   78]]
acc: 0.707
f1: 0.210
[[1906    8]
 [  93    3]]
acc: 0.950
f1: 0.056
2,10,coarse : 27.22 seconds
2,10,fine : 27.22 seconds
[[1367  547]
 [  18   78]]
acc: 0.719
f1: 0.216
[[1906    8]
 [  93    3]]
acc: 0.950
f1: 0.056
2,11,coarse : 27.78 seconds
2,11,fine : 27.78 seconds
[[1378  536]
 [  20   76]]
acc: 0.723
f1: 0.215
[[1907    7]
 [  91    5]]
acc: 0.951
f1: 0.093
2,12,coarse : 27.73 seconds
2,12,fine : 27.74 seconds
[[1384  530]
 [  17   79]]
acc: 0.728
f1: 0.224
[[1907    7]
 [  89    7]]
acc: 0.952
f1: 0.127
2,13,coarse : 27.29 seconds
2,13,fine : 27.3 seconds
[[1378  536]
 [  18   78]]
acc: 0.724
f1: 0.220
[[1908    6]
 [  89    7]]
acc: 0.953
f1: 0.128
2,14,coarse : 27.58 seconds
2,14,fine : 27.59 seconds
[[1375  539]
 [  18   78]]
acc: 0.723
f1: 0.219
[[1908    6]
 [  91    5]]
acc: 0.952
f1: 0.093
2,15,coarse : 27.04 seconds
2,15,fine : 27.05 seconds
[[1382  532]
 [  20   76]]
acc: 0.725
f1: 0.216
[[1909    5]
 [  91    5]]
acc: 0.952
f1: 0.094
2,16,coarse : 26.96 seconds
2,16,fine : 26.96 seconds
[[1385  529]
 [  20   76]]
acc: 0.727
f1: 0.217
[[1908    6]
 [  91    5]]
acc: 0.952
f1: 0.093
2,17,coarse : 27.29 seconds
2,17,fine : 27.29 seconds
[[1387  527]
 [  19   77]]
acc: 0.728
f1: 0.220
[[1907    7]
 [  92    4]]
acc: 0.951
f1: 0.075
2,18,coarse : 26.89 seconds
2,18,fine : 26.89 seconds
[[1393  521]
 [  17   79]]
acc: 0.732
f1: 0.227
[[1907    7]
 [  91    5]]
acc: 0.951
f1: 0.093
2,19,coarse : 26.66 seconds
2,19,fine : 26.67 seconds
[[1397  517]
 [  19   77]]
acc: 0.733
f1: 0.223
[[1906    8]
 [  91    5]]
acc: 0.951
f1: 0.092
2,20,coarse : 27.0 seconds
2,20,fine : 27.0 seconds
[[1412  502]
 [  21   75]]
acc: 0.740
f1: 0.223
[[1907    7]
 [  91    5]]
acc: 0.951
f1: 0.093
2,21,coarse : 26.41 seconds
2,21,fine : 26.42 seconds
[[1412  502]
 [  21   75]]
acc: 0.740
f1: 0.223
[[1906    8]
 [  91    5]]
acc: 0.951
f1: 0.092
2,22,coarse : 26.53 seconds
2,22,fine : 26.53 seconds
[[1411  503]
 [  22   74]]
acc: 0.739
f1: 0.220
[[1906    8]
 [  91    5]]
acc: 0.951
f1: 0.092
2,23,coarse : 26.96 seconds
2,23,fine : 26.96 seconds
[[1424  490]
 [  22   74]]
acc: 0.745
f1: 0.224
[[1907    7]
 [  91    5]]
acc: 0.951
f1: 0.093
2,24,coarse : 26.44 seconds
2,24,fine : 26.45 seconds
[[1430  484]
 [  22   74]]
acc: 0.748
f1: 0.226
[[1908    6]
 [  90    6]]
acc: 0.952
f1: 0.111
2,25,coarse : 26.5 seconds
2,25,fine : 26.51 seconds
[[1429  485]
 [  23   73]]
acc: 0.747
f1: 0.223
[[1908    6]
 [  89    7]]
acc: 0.953
f1: 0.128
2,26,coarse : 26.97 seconds
2,26,fine : 26.97 seconds
[[1435  479]
 [  22   74]]
acc: 0.751
f1: 0.228
[[1908    6]
 [  88    8]]
acc: 0.953
f1: 0.145
2,27,coarse : 26.5 seconds
2,27,fine : 26.5 seconds
[[1432  482]
 [  22   74]]
acc: 0.749
f1: 0.227
[[1908    6]
 [  87    9]]
acc: 0.954
f1: 0.162
2,28,coarse : 26.39 seconds
2,28,fine : 26.4 seconds
[[1444  470]
 [  22   74]]
acc: 0.755
f1: 0.231
[[1908    6]
 [  90    6]]
acc: 0.952
f1: 0.111
2,29,coarse : 26.87 seconds
2,29,fine : 26.87 seconds
[[1442  472]
 [  21   75]]
acc: 0.755
f1: 0.233
[[1907    7]
 [  88    8]]
acc: 0.953
f1: 0.144
2,30,coarse : 26.84 seconds
2,30,fine : 26.85 seconds
[[1448  466]
 [  20   76]]
acc: 0.758
f1: 0.238
[[1907    7]
 [  88    8]]
acc: 0.953
f1: 0.144
2,31,coarse : 26.28 seconds
2,31,fine : 26.28 seconds
[[1453  461]
 [  20   76]]
acc: 0.761
f1: 0.240
[[1907    7]
 [  87    9]]
acc: 0.953
f1: 0.161
2,32,coarse : 26.26 seconds
2,32,fine : 26.27 seconds
[[1445  469]
 [  20   76]]
acc: 0.757
f1: 0.237
[[1907    7]
 [  87    9]]
acc: 0.953
f1: 0.161
2,33,coarse : 26.92 seconds
2,33,fine : 26.92 seconds
[[1453  461]
 [  17   79]]
acc: 0.762
f1: 0.248
[[1907    7]
 [  86   10]]
acc: 0.954
f1: 0.177
2,34,coarse : 26.36 seconds
2,34,fine : 26.37 seconds
[[1446  468]
 [  18   78]]
acc: 0.758
f1: 0.243
[[1907    7]
 [  87    9]]
acc: 0.953
f1: 0.161
2,35,coarse : 26.41 seconds
2,35,fine : 26.42 seconds
[[1446  468]
 [  18   78]]
acc: 0.758
f1: 0.243
[[1906    8]
 [  87    9]]
acc: 0.953
f1: 0.159
2,36,coarse : 26.86 seconds
2,36,fine : 26.87 seconds
[[1451  463]
 [  20   76]]
acc: 0.760
f1: 0.239
[[1906    8]
 [  85   11]]
acc: 0.954
f1: 0.191
2,37,coarse : 26.46 seconds
2,37,fine : 26.47 seconds
[[1446  468]
 [  20   76]]
acc: 0.757
f1: 0.237
[[1907    7]
 [  84   12]]
acc: 0.955
f1: 0.209
2,38,coarse : 26.46 seconds
2,38,fine : 26.47 seconds
[[1460  454]
 [  21   75]]
acc: 0.764
f1: 0.240
[[1906    8]
 [  84   12]]
acc: 0.954
f1: 0.207
2,39,coarse : 26.51 seconds
2,39,fine : 26.51 seconds
[[1467  447]
 [  23   73]]
acc: 0.766
f1: 0.237
[[1904   10]
 [  84   12]]
acc: 0.953
f1: 0.203
2,40,coarse : 27.03 seconds
2,40,fine : 27.04 seconds
[[1468  446]
 [  23   73]]
acc: 0.767
f1: 0.237
[[1906    8]
 [  86   10]]
acc: 0.953
f1: 0.175
2,41,coarse : 26.57 seconds
2,41,fine : 26.58 seconds
[[1459  455]
 [  22   74]]
acc: 0.763
f1: 0.237
[[1904   10]
 [  84   12]]
acc: 0.953
f1: 0.203
2,42,coarse : 26.67 seconds
2,42,fine : 26.68 seconds
[[1464  450]
 [  22   74]]
acc: 0.765
f1: 0.239
[[1902   12]
 [  84   12]]
acc: 0.952
f1: 0.200
2,43,coarse : 27.09 seconds
2,43,fine : 27.1 seconds
[[1467  447]
 [  23   73]]
acc: 0.766
f1: 0.237
[[1902   12]
 [  84   12]]
acc: 0.952
f1: 0.200
2,44,coarse : 26.67 seconds
2,44,fine : 26.68 seconds
[[1463  451]
 [  22   74]]
acc: 0.765
f1: 0.238
[[1902   12]
 [  83   13]]
acc: 0.953
f1: 0.215
2,45,coarse : 26.48 seconds
2,45,fine : 26.49 seconds
[[1465  449]
 [  22   74]]
acc: 0.766
f1: 0.239
[[1899   15]
 [  85   11]]
acc: 0.950
f1: 0.180
2,46,coarse : 26.72 seconds
2,46,fine : 26.73 seconds
[[1473  441]
 [  23   73]]
acc: 0.769
f1: 0.239
[[1898   16]
 [  84   12]]
acc: 0.950
f1: 0.194
2,47,coarse : 27.07 seconds
2,47,fine : 27.08 seconds
[[1469  445]
 [  23   73]]
acc: 0.767
f1: 0.238
[[1897   17]
 [  84   12]]
acc: 0.950
f1: 0.192
2,48,coarse : 26.73 seconds
2,48,fine : 26.74 seconds
[[1467  447]
 [  22   74]]
acc: 0.767
f1: 0.240
[[1898   16]
 [  84   12]]
acc: 0.950
f1: 0.194
2,49,coarse : 26.81 seconds
2,49,fine : 26.82 seconds
[[1471  443]
 [  23   73]]
acc: 0.768
f1: 0.239
[[1898   16]
 [  83   13]]
acc: 0.951
f1: 0.208
2,50,coarse : 28.7 seconds
2,50,fine : 28.71 seconds
[[1466  448]
 [  22   74]]
acc: 0.766
f1: 0.239
[[1897   17]
 [  83   13]]
acc: 0.950
f1: 0.206
2,51,coarse : 26.77 seconds
2,51,fine : 26.78 seconds
[[1472  442]
 [  20   76]]
acc: 0.770
f1: 0.248
[[1896   18]
 [  80   16]]
acc: 0.951
f1: 0.246
2,52,coarse : 26.93 seconds
2,52,fine : 26.94 seconds
[[1476  438]
 [  19   77]]
acc: 0.773
f1: 0.252
[[1896   18]
 [  81   15]]
acc: 0.951
f1: 0.233
2,53,coarse : 27.23 seconds
2,53,fine : 27.24 seconds
[[1474  440]
 [  19   77]]
acc: 0.772
f1: 0.251
[[1897   17]
 [  81   15]]
acc: 0.951
f1: 0.234
2,54,coarse : 26.86 seconds
2,54,fine : 26.87 seconds
[[1474  440]
 [  19   77]]
acc: 0.772
f1: 0.251
[[1896   18]
 [  81   15]]
acc: 0.951
f1: 0.233
2,55,coarse : 26.88 seconds
2,55,fine : 26.89 seconds
[[1465  449]
 [  20   76]]
acc: 0.767
f1: 0.245
[[1897   17]
 [  80   16]]
acc: 0.952
f1: 0.248
2,56,coarse : 27.3 seconds
2,56,fine : 27.31 seconds
[[1466  448]
 [  20   76]]
acc: 0.767
f1: 0.245
[[1897   17]
 [  80   16]]
acc: 0.952
f1: 0.248
2,57,coarse : 27.59 seconds
2,57,fine : 27.6 seconds
[[1468  446]
 [  21   75]]
acc: 0.768
f1: 0.243
[[1898   16]
 [  80   16]]
acc: 0.952
f1: 0.250
2,58,coarse : 27.5 seconds
2,58,fine : 27.51 seconds
[[1463  451]
 [  21   75]]
acc: 0.765
f1: 0.241
[[1896   18]
 [  79   17]]
acc: 0.952
f1: 0.260
2,59,coarse : 27.49 seconds
2,59,fine : 27.5 seconds
[[1464  450]
 [  21   75]]
acc: 0.766
f1: 0.242
[[1896   18]
 [  78   18]]
acc: 0.952
f1: 0.273
2,60,coarse : 27.45 seconds
2,60,fine : 27.46 seconds
[[1454  460]
 [  21   75]]
acc: 0.761
f1: 0.238
[[1896   18]
 [  78   18]]
acc: 0.952
f1: 0.273
2,61,coarse : 28.05 seconds
2,61,fine : 28.06 seconds
[[1456  458]
 [  21   75]]
acc: 0.762
f1: 0.238
[[1895   19]
 [  78   18]]
acc: 0.952
f1: 0.271
2,62,coarse : 28.18 seconds
2,62,fine : 28.19 seconds
[[1456  458]
 [  21   75]]
acc: 0.762
f1: 0.238
[[1895   19]
 [  78   18]]
acc: 0.952
f1: 0.271
2,63,coarse : 28.01 seconds
2,63,fine : 28.02 seconds
[[1457  457]
 [  21   75]]
acc: 0.762
f1: 0.239
[[1892   22]
 [  79   17]]
acc: 0.950
f1: 0.252
2,64,coarse : 27.81 seconds
2,64,fine : 27.82 seconds
[[1454  460]
 [  20   76]]
acc: 0.761
f1: 0.241
[[1893   21]
 [  78   18]]
acc: 0.951
f1: 0.267
2,65,coarse : 28.01 seconds
2,65,fine : 28.02 seconds
[[1449  465]
 [  19   77]]
acc: 0.759
f1: 0.241
[[1893   21]
 [  78   18]]
acc: 0.951
f1: 0.267
2,66,coarse : 28.72 seconds
2,66,fine : 28.73 seconds
[[1438  476]
 [  19   77]]
acc: 0.754
f1: 0.237
[[1892   22]
 [  78   18]]
acc: 0.950
f1: 0.265
2,67,coarse : 28.39 seconds
2,67,fine : 28.4 seconds
[[1447  467]
 [  19   77]]
acc: 0.758
f1: 0.241
[[1890   24]
 [  78   18]]
acc: 0.949
f1: 0.261
2,68,coarse : 28.61 seconds
2,68,fine : 28.63 seconds
[[1444  470]
 [  18   78]]
acc: 0.757
f1: 0.242
[[1890   24]
 [  78   18]]
acc: 0.949
f1: 0.261
2,69,coarse : 28.76 seconds
2,69,fine : 28.78 seconds
[[1449  465]
 [  18   78]]
acc: 0.760
f1: 0.244
[[1890   24]
 [  78   18]]
acc: 0.949
f1: 0.261
2,70,coarse : 29.61 seconds
2,70,fine : 29.62 seconds
[[1453  461]
 [  19   77]]
acc: 0.761
f1: 0.243
[[1889   25]
 [  78   18]]
acc: 0.949
f1: 0.259
2,71,coarse : 30.03 seconds
2,71,fine : 30.04 seconds
[[1450  464]
 [  19   77]]
acc: 0.760
f1: 0.242
[[1888   26]
 [  78   18]]
acc: 0.948
f1: 0.257
2,72,coarse : 29.38 seconds
2,72,fine : 29.4 seconds
[[1451  463]
 [  20   76]]
acc: 0.760
f1: 0.239
[[1888   26]
 [  78   18]]
acc: 0.948
f1: 0.257
2,73,coarse : 29.75 seconds
2,73,fine : 29.76 seconds
[[1448  466]
 [  19   77]]
acc: 0.759
f1: 0.241
[[1888   26]
 [  77   19]]
acc: 0.949
f1: 0.270
2,74,coarse : 29.7 seconds
2,74,fine : 29.71 seconds
[[1454  460]
 [  19   77]]
acc: 0.762
f1: 0.243
[[1888   26]
 [  75   21]]
acc: 0.950
f1: 0.294
2,75,coarse : 29.63 seconds
2,75,fine : 29.64 seconds
[[1453  461]
 [  18   78]]
acc: 0.762
f1: 0.246
[[1888   26]
 [  75   21]]
acc: 0.950
f1: 0.294
2,76,coarse : 29.01 seconds
2,76,fine : 29.02 seconds
[[1458  456]
 [  19   77]]
acc: 0.764
f1: 0.245
[[1888   26]
 [  74   22]]
acc: 0.950
f1: 0.306
2,77,coarse : 29.54 seconds
2,77,fine : 29.55 seconds
[[1456  458]
 [  19   77]]
acc: 0.763
f1: 0.244
[[1889   25]
 [  75   21]]
acc: 0.950
f1: 0.296
2,78,coarse : 29.41 seconds
2,78,fine : 29.42 seconds
[[1452  462]
 [  20   76]]
acc: 0.760
f1: 0.240
[[1889   25]
 [  75   21]]
acc: 0.950
f1: 0.296
2,79,coarse : 29.82 seconds
2,79,fine : 29.84 seconds
[[1460  454]
 [  20   76]]
acc: 0.764
f1: 0.243
[[1888   26]
 [  75   21]]
acc: 0.950
f1: 0.294
2,80,coarse : 30.2 seconds
2,80,fine : 30.21 seconds
[[1467  447]
 [  21   75]]
acc: 0.767
f1: 0.243
[[1888   26]
 [  74   22]]
acc: 0.950
f1: 0.306
2,81,coarse : 29.92 seconds
2,81,fine : 29.94 seconds
[[1471  443]
 [  20   76]]
acc: 0.770
f1: 0.247
[[1887   27]
 [  74   22]]
acc: 0.950
f1: 0.303
2,82,coarse : 30.23 seconds
2,82,fine : 30.24 seconds
[[1466  448]
 [  20   76]]
acc: 0.767
f1: 0.245
[[1886   28]
 [  74   22]]
acc: 0.949
f1: 0.301
2,83,coarse : 30.2 seconds
2,83,fine : 30.21 seconds
[[1472  442]
 [  20   76]]
acc: 0.770
f1: 0.248
[[1885   29]
 [  74   22]]
acc: 0.949
f1: 0.299
2,84,coarse : 29.66 seconds
2,84,fine : 29.68 seconds
[[1472  442]
 [  20   76]]
acc: 0.770
f1: 0.248
[[1884   30]
 [  74   22]]
acc: 0.948
f1: 0.297
2,85,coarse : 30.03 seconds
2,85,fine : 30.04 seconds
[[1476  438]
 [  20   76]]
acc: 0.772
f1: 0.249
[[1884   30]
 [  74   22]]
acc: 0.948
f1: 0.297
2,86,coarse : 30.65 seconds
2,86,fine : 30.66 seconds
[[1478  436]
 [  20   76]]
acc: 0.773
f1: 0.250
[[1884   30]
 [  74   22]]
acc: 0.948
f1: 0.297
2,87,coarse : 29.77 seconds
2,87,fine : 29.78 seconds
[[1482  432]
 [  20   76]]
acc: 0.775
f1: 0.252
[[1884   30]
 [  75   21]]
acc: 0.948
f1: 0.286
2,88,coarse : 29.47 seconds
2,88,fine : 29.48 seconds
[[1489  425]
 [  20   76]]
acc: 0.779
f1: 0.255
[[1883   31]
 [  75   21]]
acc: 0.947
f1: 0.284
2,89,coarse : 29.22 seconds
2,89,fine : 29.24 seconds
[[1486  428]
 [  21   75]]
acc: 0.777
f1: 0.250
[[1883   31]
 [  74   22]]
acc: 0.948
f1: 0.295
2,90,coarse : 29.0 seconds
2,90,fine : 29.02 seconds
[[1479  435]
 [  20   76]]
acc: 0.774
f1: 0.250
[[1881   33]
 [  74   22]]
acc: 0.947
f1: 0.291
2,91,coarse : 28.47 seconds
2,91,fine : 28.49 seconds
[[1479  435]
 [  20   76]]
acc: 0.774
f1: 0.250
[[1880   34]
 [  73   23]]
acc: 0.947
f1: 0.301
2,92,coarse : 28.6 seconds
2,92,fine : 28.62 seconds
[[1476  438]
 [  19   77]]
acc: 0.773
f1: 0.252
[[1881   33]
 [  73   23]]
acc: 0.947
f1: 0.303
2,93,coarse : 27.13 seconds
2,93,fine : 27.15 seconds
[[1477  437]
 [  19   77]]
acc: 0.773
f1: 0.252
[[1880   34]
 [  73   23]]
acc: 0.947
f1: 0.301
2,94,coarse : 27.93 seconds
2,94,fine : 27.94 seconds
[[1473  441]
 [  19   77]]
acc: 0.771
f1: 0.251
[[1880   34]
 [  72   24]]
acc: 0.947
f1: 0.312
2,95,coarse : 28.89 seconds
2,95,fine : 28.91 seconds
[[1471  443]
 [  19   77]]
acc: 0.770
f1: 0.250
[[1878   36]
 [  72   24]]
acc: 0.946
f1: 0.308
2,96,coarse : 29.83 seconds
2,96,fine : 29.84 seconds
[[1469  445]
 [  19   77]]
acc: 0.769
f1: 0.249
[[1878   36]
 [  72   24]]
acc: 0.946
f1: 0.308
2,97,coarse : 30.28 seconds
2,97,fine : 30.29 seconds
[[1474  440]
 [  19   77]]
acc: 0.772
f1: 0.251
[[1876   38]
 [  72   24]]
acc: 0.945
f1: 0.304
2,98,coarse : 30.94 seconds
2,98,fine : 30.95 seconds
[[1477  437]
 [  19   77]]
acc: 0.773
f1: 0.252
[[1875   39]
 [  72   24]]
acc: 0.945
f1: 0.302
2,99,coarse : 30.48 seconds
2,99,fine : 30.5 seconds
[[1483  431]
 [  19   77]]
acc: 0.776
f1: 0.255
[[1875   39]
 [  71   25]]
acc: 0.945
f1: 0.312
2,100,coarse : 33.11 seconds
2,100,fine : 33.12 seconds
[[1485  429]
 [  19   77]]
acc: 0.777
f1: 0.256
[[1874   40]
 [  71   25]]
acc: 0.945
f1: 0.311
2,101,coarse : 31.17 seconds
2,101,fine : 31.19 seconds
[[1483  431]
 [  21   75]]
acc: 0.775
f1: 0.249
[[1874   40]
 [  71   25]]
acc: 0.945
f1: 0.311
2,102,coarse : 32.18 seconds
2,102,fine : 32.19 seconds
[[1484  430]
 [  20   76]]
acc: 0.776
f1: 0.252
[[1874   40]
 [  70   26]]
acc: 0.945
f1: 0.321
2,103,coarse : 31.92 seconds
2,103,fine : 31.93 seconds
[[1478  436]
 [  20   76]]
acc: 0.773
f1: 0.250
[[1873   41]
 [  70   26]]
acc: 0.945
f1: 0.319
2,104,coarse : 32.35 seconds
2,104,fine : 32.37 seconds
[[1481  433]
 [  20   76]]
acc: 0.775
f1: 0.251
[[1873   41]
 [  70   26]]
acc: 0.945
f1: 0.319
2,105,coarse : 31.82 seconds
2,105,fine : 31.83 seconds
[[1481  433]
 [  20   76]]
acc: 0.775
f1: 0.251
[[1872   42]
 [  69   27]]
acc: 0.945
f1: 0.327
2,106,coarse : 32.2 seconds
2,106,fine : 32.21 seconds
[[1483  431]
 [  20   76]]
acc: 0.776
f1: 0.252
[[1873   41]
 [  69   27]]
acc: 0.945
f1: 0.329
2,107,coarse : 32.21 seconds
2,107,fine : 32.22 seconds
[[1485  429]
 [  20   76]]
acc: 0.777
f1: 0.253
[[1873   41]
 [  69   27]]
acc: 0.945
f1: 0.329
2,108,coarse : 32.6 seconds
2,108,fine : 32.62 seconds
[[1483  431]
 [  20   76]]
acc: 0.776
f1: 0.252
[[1872   42]
 [  68   28]]
acc: 0.945
f1: 0.337
2,109,coarse : 32.43 seconds
2,109,fine : 32.44 seconds
[[1486  428]
 [  20   76]]
acc: 0.777
f1: 0.253
[[1872   42]
 [  67   29]]
acc: 0.946
f1: 0.347
2,110,coarse : 32.96 seconds
2,110,fine : 32.98 seconds
[[1488  426]
 [  20   76]]
acc: 0.778
f1: 0.254
[[1873   41]
 [  67   29]]
acc: 0.946
f1: 0.349
2,111,coarse : 32.07 seconds
2,111,fine : 32.08 seconds
[[1488  426]
 [  20   76]]
acc: 0.778
f1: 0.254
[[1872   42]
 [  67   29]]
acc: 0.946
f1: 0.347
2,112,coarse : 32.99 seconds
2,112,fine : 33.01 seconds
[[1486  428]
 [  21   75]]
acc: 0.777
f1: 0.250
[[1870   44]
 [  66   30]]
acc: 0.945
f1: 0.353
2,113,coarse : 32.51 seconds
2,113,fine : 32.52 seconds
[[1489  425]
 [  21   75]]
acc: 0.778
f1: 0.252
[[1870   44]
 [  66   30]]
acc: 0.945
f1: 0.353
2,114,coarse : 33.49 seconds
2,114,fine : 33.51 seconds
[[1482  432]
 [  21   75]]
acc: 0.775
f1: 0.249
[[1869   45]
 [  66   30]]
acc: 0.945
f1: 0.351
2,115,coarse : 32.8 seconds
2,115,fine : 32.81 seconds
[[1478  436]
 [  21   75]]
acc: 0.773
f1: 0.247
[[1867   47]
 [  65   31]]
acc: 0.944
f1: 0.356
2,116,coarse : 33.96 seconds
2,116,fine : 33.97 seconds
[[1473  441]
 [  21   75]]
acc: 0.770
f1: 0.245
[[1868   46]
 [  65   31]]
acc: 0.945
f1: 0.358
2,117,coarse : 32.96 seconds
2,117,fine : 32.98 seconds
[[1472  442]
 [  19   77]]
acc: 0.771
f1: 0.250
[[1867   47]
 [  64   32]]
acc: 0.945
f1: 0.366
2,118,coarse : 33.36 seconds
2,118,fine : 33.38 seconds
[[1474  440]
 [  20   76]]
acc: 0.771
f1: 0.248
[[1867   47]
 [  63   33]]
acc: 0.945
f1: 0.375
2,119,coarse : 33.77 seconds
2,119,fine : 33.78 seconds
[[1478  436]
 [  20   76]]
acc: 0.773
f1: 0.250
[[1866   48]
 [  63   33]]
acc: 0.945
f1: 0.373
2,120,coarse : 33.7 seconds
2,120,fine : 33.72 seconds
[[1477  437]
 [  20   76]]
acc: 0.773
f1: 0.250
[[1866   48]
 [  63   33]]
acc: 0.945
f1: 0.373
2,121,coarse : 34.12 seconds
2,121,fine : 34.14 seconds
[[1477  437]
 [  20   76]]
acc: 0.773
f1: 0.250
[[1864   50]
 [  63   33]]
acc: 0.944
f1: 0.369
2,122,coarse : 34.24 seconds
2,122,fine : 34.26 seconds
[[1472  442]
 [  20   76]]
acc: 0.770
f1: 0.248
[[1866   48]
 [  64   32]]
acc: 0.944
f1: 0.364
2,123,coarse : 34.35 seconds
2,123,fine : 34.37 seconds
[[1468  446]
 [  20   76]]
acc: 0.768
f1: 0.246
[[1866   48]
 [  64   32]]
acc: 0.944
f1: 0.364
2,124,coarse : 34.71 seconds
2,124,fine : 34.73 seconds
[[1474  440]
 [  20   76]]
acc: 0.771
f1: 0.248
[[1865   49]
 [  63   33]]
acc: 0.944
f1: 0.371
2,125,coarse : 35.39 seconds
2,125,fine : 35.41 seconds
[[1474  440]
 [  20   76]]
acc: 0.771
f1: 0.248
[[1863   51]
 [  63   33]]
acc: 0.943
f1: 0.367
2,126,coarse : 34.28 seconds
2,126,fine : 34.3 seconds
[[1470  444]
 [  20   76]]
acc: 0.769
f1: 0.247
[[1862   52]
 [  63   33]]
acc: 0.943
f1: 0.365
2,127,coarse : 34.95 seconds
2,127,fine : 34.97 seconds
[[1474  440]
 [  21   75]]
acc: 0.771
f1: 0.245
[[1860   54]
 [  63   33]]
acc: 0.942
f1: 0.361
2,128,coarse : 34.5 seconds
2,128,fine : 34.52 seconds
[[1474  440]
 [  20   76]]
acc: 0.771
f1: 0.248
[[1860   54]
 [  63   33]]
acc: 0.942
f1: 0.361
2,129,coarse : 35.18 seconds
2,129,fine : 35.19 seconds
[[1471  443]
 [  20   76]]
acc: 0.770
f1: 0.247
[[1860   54]
 [  63   33]]
acc: 0.942
f1: 0.361
2,130,coarse : 34.72 seconds
2,130,fine : 34.74 seconds
[[1470  444]
 [  21   75]]
acc: 0.769
f1: 0.244
[[1858   56]
 [  63   33]]
acc: 0.941
f1: 0.357
2,131,coarse : 35.43 seconds
2,131,fine : 35.45 seconds
[[1467  447]
 [  21   75]]
acc: 0.767
f1: 0.243
[[1858   56]
 [  63   33]]
acc: 0.941
f1: 0.357
2,132,coarse : 34.78 seconds
2,132,fine : 34.8 seconds
[[1469  445]
 [  21   75]]
acc: 0.768
f1: 0.244
[[1858   56]
 [  63   33]]
acc: 0.941
f1: 0.357
2,133,coarse : 35.16 seconds
2,133,fine : 35.18 seconds
[[1472  442]
 [  20   76]]
acc: 0.770
f1: 0.248
[[1857   57]
 [  63   33]]
acc: 0.940
f1: 0.355
2,134,coarse : 35.0 seconds
2,134,fine : 35.02 seconds
[[1472  442]
 [  20   76]]
acc: 0.770
f1: 0.248
[[1857   57]
 [  63   33]]
acc: 0.940
f1: 0.355
2,135,coarse : 35.15 seconds
2,135,fine : 35.17 seconds
[[1471  443]
 [  20   76]]
acc: 0.770
f1: 0.247
[[1856   58]
 [  63   33]]
acc: 0.940
f1: 0.353
2,136,coarse : 35.92 seconds
2,136,fine : 35.94 seconds
[[1470  444]
 [  20   76]]
acc: 0.769
f1: 0.247
[[1856   58]
 [  62   34]]
acc: 0.940
f1: 0.362
2,137,coarse : 36.04 seconds
2,137,fine : 36.06 seconds
[[1471  443]
 [  21   75]]
acc: 0.769
f1: 0.244
[[1855   59]
 [  62   34]]
acc: 0.940
f1: 0.360
2,138,coarse : 35.98 seconds
2,138,fine : 36.0 seconds
[[1473  441]
 [  21   75]]
acc: 0.770
f1: 0.245
[[1855   59]
 [  62   34]]
acc: 0.940
f1: 0.360
2,139,coarse : 36.25 seconds
2,139,fine : 36.27 seconds
[[1464  450]
 [  20   76]]
acc: 0.766
f1: 0.244
[[1854   60]
 [  62   34]]
acc: 0.939
f1: 0.358
2,140,coarse : 36.52 seconds
2,140,fine : 36.54 seconds
[[1467  447]
 [  22   74]]
acc: 0.767
f1: 0.240
[[1853   61]
 [  62   34]]
acc: 0.939
f1: 0.356
2,141,coarse : 36.32 seconds
2,141,fine : 36.34 seconds
[[1456  458]
 [  22   74]]
acc: 0.761
f1: 0.236
[[1851   63]
 [  62   34]]
acc: 0.938
f1: 0.352
2,142,coarse : 37.4 seconds
2,142,fine : 37.42 seconds
[[1453  461]
 [  20   76]]
acc: 0.761
f1: 0.240
[[1851   63]
 [  62   34]]
acc: 0.938
f1: 0.352
2,143,coarse : 36.92 seconds
2,143,fine : 36.94 seconds
[[1454  460]
 [  19   77]]
acc: 0.762
f1: 0.243
[[1851   63]
 [  62   34]]
acc: 0.938
f1: 0.352
2,144,coarse : 36.97 seconds
2,144,fine : 36.99 seconds
[[1459  455]
 [  19   77]]
acc: 0.764
f1: 0.245
[[1851   63]
 [  60   36]]
acc: 0.939
f1: 0.369
2,145,coarse : 37.36 seconds
2,145,fine : 37.38 seconds
[[1460  454]
 [  19   77]]
acc: 0.765
f1: 0.246
[[1852   62]
 [  61   35]]
acc: 0.939
f1: 0.363
2,146,coarse : 36.81 seconds
2,146,fine : 36.83 seconds
[[1458  456]
 [  19   77]]
acc: 0.764
f1: 0.245
[[1851   63]
 [  61   35]]
acc: 0.938
f1: 0.361
2,147,coarse : 37.24 seconds
2,147,fine : 37.26 seconds
[[1459  455]
 [  19   77]]
acc: 0.764
f1: 0.245
[[1851   63]
 [  61   35]]
acc: 0.938
f1: 0.361
2,148,coarse : 38.01 seconds
2,148,fine : 38.03 seconds
[[1460  454]
 [  19   77]]
acc: 0.765
f1: 0.246
[[1851   63]
 [  61   35]]
acc: 0.938
f1: 0.361
2,149,coarse : 37.15 seconds
2,149,fine : 37.17 seconds
[[1460  454]
 [  19   77]]
acc: 0.765
f1: 0.246
[[1851   63]
 [  61   35]]
acc: 0.938
f1: 0.361
2,150,coarse : 39.6 seconds
2,150,fine : 39.62 seconds
[[1456  458]
 [  19   77]]
acc: 0.763
f1: 0.244
[[1851   63]
 [  61   35]]
acc: 0.938
f1: 0.361
2,151,coarse : 37.64 seconds
2,151,fine : 37.66 seconds
[[1456  458]
 [  19   77]]
acc: 0.763
f1: 0.244
[[1851   63]
 [  58   38]]
acc: 0.940
f1: 0.386
2,152,coarse : 38.4 seconds
2,152,fine : 38.42 seconds
[[1454  460]
 [  19   77]]
acc: 0.762
f1: 0.243
[[1851   63]
 [  58   38]]
acc: 0.940
f1: 0.386
2,153,coarse : 37.6 seconds
2,153,fine : 37.62 seconds
[[1454  460]
 [  19   77]]
acc: 0.762
f1: 0.243
[[1850   64]
 [  58   38]]
acc: 0.939
f1: 0.384
2,154,coarse : 38.82 seconds
2,154,fine : 38.84 seconds
[[1454  460]
 [  19   77]]
acc: 0.762
f1: 0.243
[[1849   65]
 [  58   38]]
acc: 0.939
f1: 0.382
2,155,coarse : 38.39 seconds
2,155,fine : 38.42 seconds
[[1454  460]
 [  19   77]]
acc: 0.762
f1: 0.243
[[1848   66]
 [  57   39]]
acc: 0.939
f1: 0.388
2,156,coarse : 38.28 seconds
2,156,fine : 38.3 seconds
[[1453  461]
 [  19   77]]
acc: 0.761
f1: 0.243
[[1847   67]
 [  56   40]]
acc: 0.939
f1: 0.394
2,157,coarse : 38.73 seconds
2,157,fine : 38.75 seconds
[[1452  462]
 [  19   77]]
acc: 0.761
f1: 0.243
[[1847   67]
 [  56   40]]
acc: 0.939
f1: 0.394
2,158,coarse : 38.64 seconds
2,158,fine : 38.66 seconds
[[1457  457]
 [  19   77]]
acc: 0.763
f1: 0.244
[[1847   67]
 [  56   40]]
acc: 0.939
f1: 0.394
2,159,coarse : 38.66 seconds
2,159,fine : 38.68 seconds
[[1458  456]
 [  20   76]]
acc: 0.763
f1: 0.242
[[1848   66]
 [  59   37]]
acc: 0.938
f1: 0.372
2,160,coarse : 38.89 seconds
2,160,fine : 38.91 seconds
[[1456  458]
 [  19   77]]
acc: 0.763
f1: 0.244
[[1849   65]
 [  58   38]]
acc: 0.939
f1: 0.382
2,161,coarse : 38.81 seconds
2,161,fine : 38.84 seconds
[[1462  452]
 [  19   77]]
acc: 0.766
f1: 0.246
[[1849   65]
 [  57   39]]
acc: 0.939
f1: 0.390
2,162,coarse : 39.58 seconds
2,162,fine : 39.6 seconds
[[1463  451]
 [  19   77]]
acc: 0.766
f1: 0.247
[[1848   66]
 [  57   39]]
acc: 0.939
f1: 0.388
2,163,coarse : 39.38 seconds
2,163,fine : 39.4 seconds
[[1463  451]
 [  19   77]]
acc: 0.766
f1: 0.247
[[1847   67]
 [  57   39]]
acc: 0.938
f1: 0.386
2,164,coarse : 39.64 seconds
2,164,fine : 39.66 seconds
[[1464  450]
 [  19   77]]
acc: 0.767
f1: 0.247
[[1846   68]
 [  56   40]]
acc: 0.938
f1: 0.392
2,165,coarse : 38.99 seconds
2,165,fine : 39.01 seconds
[[1465  449]
 [  19   77]]
acc: 0.767
f1: 0.248
[[1845   69]
 [  56   40]]
acc: 0.938
f1: 0.390
2,166,coarse : 40.13 seconds
2,166,fine : 40.15 seconds
[[1466  448]
 [  20   76]]
acc: 0.767
f1: 0.245
[[1844   70]
 [  56   40]]
acc: 0.937
f1: 0.388
2,167,coarse : 39.97 seconds
2,167,fine : 39.99 seconds
[[1461  453]
 [  20   76]]
acc: 0.765
f1: 0.243
[[1843   71]
 [  56   40]]
acc: 0.937
f1: 0.386
2,168,coarse : 40.73 seconds
2,168,fine : 40.75 seconds
[[1462  452]
 [  20   76]]
acc: 0.765
f1: 0.244
[[1842   72]
 [  56   40]]
acc: 0.936
f1: 0.385
2,169,coarse : 40.98 seconds
2,169,fine : 41.01 seconds
[[1462  452]
 [  20   76]]
acc: 0.765
f1: 0.244
[[1842   72]
 [  56   40]]
acc: 0.936
f1: 0.385
2,170,coarse : 40.66 seconds
2,170,fine : 40.69 seconds
[[1463  451]
 [  20   76]]
acc: 0.766
f1: 0.244
[[1841   73]
 [  56   40]]
acc: 0.936
f1: 0.383
2,171,coarse : 36.87 seconds
2,171,fine : 36.89 seconds
[[1460  454]
 [  20   76]]
acc: 0.764
f1: 0.243
[[1840   74]
 [  55   41]]
acc: 0.936
f1: 0.389
2,172,coarse : 30.76 seconds
2,172,fine : 30.78 seconds
