all           0      1    2    3    4    5    6    7    8    
1      2010   1914   1    19   32   19   1    11   6    7    
2      2010   1914   1    19   32   19   1    11   6    7    
3      2010   1914   1    19   32   19   1    11   5    8    
4      2010   1914   1    19   32   19   1    10   6    8    
5      2010   1914   1    18   33   19   1    10   6    8    
6      2010   1914   1    18   33   19   1    10   6    8    
7      2010   1913   2    18   33   19   1    10   6    8    
8      2010   1913   2    18   33   19   1    10   6    8    
9      2009   1913   2    18   32   19   2    10   6    7    
10     2009   1913   1    19   32   19   1    11   6    7    
Total  20098  19136  13   185  324  190  11   104  59   76   
train         0      1    2    3    4    5    6    7    8    
1      2010   1914   1    19   32   19   1    11   6    7    
2      2010   1914   1    19   32   19   1    11   6    7    
3      2010   1914   1    19   32   19   1    11   5    8    
4      2010   1914   1    19   32   19   1    10   6    8    
5      2010   1914   1    18   33   19   1    10   6    8    
6      2010   1914   1    18   33   19   1    10   6    8    
7      2010   1913   2    18   33   19   1    10   6    8    
8      2010   1913   2    18   33   19   1    10   6    8    
10     2009   1913   1    19   32   19   1    11   6    7    
Total  18089  17223  11   167  292  171  9    94   53   69   
test          0      1    2    3    4    5    6    7    8    
9      2009   1913   2    18   32   19   2    10   6    7    
Total  2009   1913   2    18   32   19   2    10   6    7    
train_mod     0      1    2    3    4    5    6    7    8    
1      2011   1914   1    19   32   19   2    11   6    7    
2      2010   1914   1    19   32   19   1    11   6    7    
3      2010   1914   1    19   32   19   1    11   5    8    
4      2010   1914   1    19   32   19   1    10   6    8    
5      2010   1914   1    18   33   19   1    10   6    8    
6      2010   1914   1    18   33   19   1    10   6    8    
7      2010   1913   2    18   33   19   1    10   6    8    
8      2010   1913   2    18   33   19   1    10   6    8    
10     2009   1913   1    19   32   19   1    11   6    7    
Total  18090  17223  11   167  292  171  10   94   53   69   
test_mod      0      1    2    3    4    5    6    7    8    
9      2008   1913   2    18   32   19   1    10   6    7    
Total  2008   1913   2    18   32   19   1    10   6    7    
Classes             
0         17223     
1         11        
2         167       
3         292       
4         171       
5         10        
6         94        
7         53        
8         69        
Total     18090     

Shape: 450       

[952, 10, 11, 16, 11, 10, 10, 10, 10]
Sum start => 1040
[[1259  654]
 [  17   78]]
acc: 0.666
f1: 0.189
[[1887   26]
 [  80   15]]
acc: 0.947
f1: 0.221
9,1,coarse : 27.62 seconds
9,1,fine : 27.62 seconds
[[1259  654]
 [  17   78]]
acc: 0.666
f1: 0.189
[[1887   26]
 [  80   15]]
acc: 0.947
f1: 0.221
9,2,coarse : 28.55 seconds
9,2,fine : 28.55 seconds
[[1279  634]
 [  21   74]]
acc: 0.674
f1: 0.184
[[1906    7]
 [  85   10]]
acc: 0.954
f1: 0.179
9,3,coarse : 26.4 seconds
9,3,fine : 26.41 seconds
[[1282  631]
 [  21   74]]
acc: 0.675
f1: 0.185
[[1910    3]
 [  91    4]]
acc: 0.953
f1: 0.078
9,4,coarse : 26.53 seconds
9,4,fine : 26.53 seconds
[[1320  593]
 [  20   75]]
acc: 0.695
f1: 0.197
[[1911    2]
 [  90    5]]
acc: 0.954
f1: 0.098
9,5,coarse : 26.95 seconds
9,5,fine : 26.95 seconds
[[1325  588]
 [  22   73]]
acc: 0.696
f1: 0.193
[[1910    3]
 [  87    8]]
acc: 0.955
f1: 0.151
9,6,coarse : 26.63 seconds
9,6,fine : 26.64 seconds
[[1343  570]
 [  23   72]]
acc: 0.705
f1: 0.195
[[1909    4]
 [  86    9]]
acc: 0.955
f1: 0.167
9,7,coarse : 26.71 seconds
9,7,fine : 26.72 seconds
[[1362  551]
 [  23   72]]
acc: 0.714
f1: 0.201
[[1909    4]
 [  86    9]]
acc: 0.955
f1: 0.167
9,8,coarse : 27.41 seconds
9,8,fine : 27.41 seconds
[[1378  535]
 [  22   73]]
acc: 0.723
f1: 0.208
[[1909    4]
 [  85   10]]
acc: 0.956
f1: 0.183
9,9,coarse : 26.96 seconds
9,9,fine : 26.97 seconds
[[1364  549]
 [  21   74]]
acc: 0.716
f1: 0.206
[[1911    2]
 [  83   12]]
acc: 0.958
f1: 0.220
9,10,coarse : 26.89 seconds
9,10,fine : 26.89 seconds
[[1370  543]
 [  20   75]]
acc: 0.720
f1: 0.210
[[1911    2]
 [  85   10]]
acc: 0.957
f1: 0.187
9,11,coarse : 27.31 seconds
9,11,fine : 27.31 seconds
[[1390  523]
 [  22   73]]
acc: 0.729
f1: 0.211
[[1911    2]
 [  84   11]]
acc: 0.957
f1: 0.204
9,12,coarse : 26.87 seconds
9,12,fine : 26.88 seconds
[[1401  512]
 [  22   73]]
acc: 0.734
f1: 0.215
[[1912    1]
 [  86    9]]
acc: 0.957
f1: 0.171
9,13,coarse : 26.92 seconds
9,13,fine : 26.93 seconds
[[1412  501]
 [  22   73]]
acc: 0.740
f1: 0.218
[[1911    2]
 [  85   10]]
acc: 0.957
f1: 0.187
9,14,coarse : 27.39 seconds
9,14,fine : 27.4 seconds
[[1420  493]
 [  22   73]]
acc: 0.744
f1: 0.221
[[1911    2]
 [  87    8]]
acc: 0.956
f1: 0.152
9,15,coarse : 26.94 seconds
9,15,fine : 26.95 seconds
[[1417  496]
 [  22   73]]
acc: 0.742
f1: 0.220
[[1911    2]
 [  86    9]]
acc: 0.956
f1: 0.170
9,16,coarse : 26.82 seconds
9,16,fine : 26.83 seconds
[[1402  511]
 [  23   72]]
acc: 0.734
f1: 0.212
[[1911    2]
 [  84   11]]
acc: 0.957
f1: 0.204
9,17,coarse : 27.3 seconds
9,17,fine : 27.3 seconds
[[1423  490]
 [  23   72]]
acc: 0.745
f1: 0.219
[[1910    3]
 [  82   13]]
acc: 0.958
f1: 0.234
9,18,coarse : 26.79 seconds
9,18,fine : 26.79 seconds
[[1424  489]
 [  24   71]]
acc: 0.745
f1: 0.217
[[1910    3]
 [  83   12]]
acc: 0.957
f1: 0.218
9,19,coarse : 26.79 seconds
9,19,fine : 26.8 seconds
[[1430  483]
 [  24   71]]
acc: 0.748
f1: 0.219
[[1910    3]
 [  83   12]]
acc: 0.957
f1: 0.218
9,20,coarse : 27.1 seconds
9,20,fine : 27.11 seconds
[[1429  484]
 [  23   72]]
acc: 0.748
f1: 0.221
[[1910    3]
 [  84   11]]
acc: 0.957
f1: 0.202
9,21,coarse : 26.8 seconds
9,21,fine : 26.81 seconds
[[1434  479]
 [  22   73]]
acc: 0.750
f1: 0.226
[[1911    2]
 [  83   12]]
acc: 0.958
f1: 0.220
9,22,coarse : 26.74 seconds
9,22,fine : 26.75 seconds
[[1442  471]
 [  21   74]]
acc: 0.755
f1: 0.231
[[1911    2]
 [  83   12]]
acc: 0.958
f1: 0.220
9,23,coarse : 26.95 seconds
9,23,fine : 26.95 seconds
[[1440  473]
 [  22   73]]
acc: 0.753
f1: 0.228
[[1911    2]
 [  84   11]]
acc: 0.957
f1: 0.204
9,24,coarse : 26.61 seconds
9,24,fine : 26.62 seconds
[[1455  458]
 [  23   72]]
acc: 0.760
f1: 0.230
[[1911    2]
 [  83   12]]
acc: 0.958
f1: 0.220
9,25,coarse : 26.66 seconds
9,25,fine : 26.67 seconds
[[1449  464]
 [  23   72]]
acc: 0.757
f1: 0.228
[[1910    3]
 [  84   11]]
acc: 0.957
f1: 0.202
9,26,coarse : 27.11 seconds
9,26,fine : 27.11 seconds
[[1451  462]
 [  23   72]]
acc: 0.758
f1: 0.229
[[1910    3]
 [  84   11]]
acc: 0.957
f1: 0.202
9,27,coarse : 26.87 seconds
9,27,fine : 26.88 seconds
[[1460  453]
 [  25   70]]
acc: 0.762
f1: 0.227
[[1910    3]
 [  83   12]]
acc: 0.957
f1: 0.218
9,28,coarse : 26.9 seconds
9,28,fine : 26.91 seconds
[[1452  461]
 [  25   70]]
acc: 0.758
f1: 0.224
[[1910    3]
 [  83   12]]
acc: 0.957
f1: 0.218
9,29,coarse : 27.22 seconds
9,29,fine : 27.22 seconds
[[1460  453]
 [  25   70]]
acc: 0.762
f1: 0.227
[[1910    3]
 [  83   12]]
acc: 0.957
f1: 0.218
9,30,coarse : 26.69 seconds
9,30,fine : 26.7 seconds
[[1455  458]
 [  23   72]]
acc: 0.760
f1: 0.230
[[1910    3]
 [  83   12]]
acc: 0.957
f1: 0.218
9,31,coarse : 26.61 seconds
9,31,fine : 26.61 seconds
[[1449  464]
 [  24   71]]
acc: 0.757
f1: 0.225
[[1909    4]
 [  83   12]]
acc: 0.957
f1: 0.216
9,32,coarse : 26.76 seconds
9,32,fine : 26.77 seconds
[[1453  460]
 [  23   72]]
acc: 0.759
f1: 0.230
[[1909    4]
 [  82   13]]
acc: 0.957
f1: 0.232
9,33,coarse : 26.94 seconds
9,33,fine : 26.94 seconds
[[1452  461]
 [  23   72]]
acc: 0.759
f1: 0.229
[[1909    4]
 [  82   13]]
acc: 0.957
f1: 0.232
9,34,coarse : 26.55 seconds
9,34,fine : 26.56 seconds
[[1459  454]
 [  25   70]]
acc: 0.761
f1: 0.226
[[1909    4]
 [  82   13]]
acc: 0.957
f1: 0.232
9,35,coarse : 26.64 seconds
9,35,fine : 26.65 seconds
[[1459  454]
 [  25   70]]
acc: 0.761
f1: 0.226
[[1910    3]
 [  81   14]]
acc: 0.958
f1: 0.250
9,36,coarse : 27.12 seconds
9,36,fine : 27.13 seconds
[[1460  453]
 [  24   71]]
acc: 0.762
f1: 0.229
[[1909    4]
 [  79   16]]
acc: 0.959
f1: 0.278
9,37,coarse : 26.81 seconds
9,37,fine : 26.81 seconds
[[1462  451]
 [  23   72]]
acc: 0.764
f1: 0.233
[[1909    4]
 [  78   17]]
acc: 0.959
f1: 0.293
9,38,coarse : 27.04 seconds
9,38,fine : 27.05 seconds
[[1463  450]
 [  24   71]]
acc: 0.764
f1: 0.231
[[1909    4]
 [  77   18]]
acc: 0.960
f1: 0.308
9,39,coarse : 26.86 seconds
9,39,fine : 26.87 seconds
[[1466  447]
 [  24   71]]
acc: 0.765
f1: 0.232
[[1909    4]
 [  76   19]]
acc: 0.960
f1: 0.322
9,40,coarse : 27.11 seconds
9,40,fine : 27.11 seconds
[[1465  448]
 [  26   69]]
acc: 0.764
f1: 0.225
[[1908    5]
 [  75   20]]
acc: 0.960
f1: 0.333
9,41,coarse : 26.76 seconds
9,41,fine : 26.77 seconds
[[1463  450]
 [  25   70]]
acc: 0.763
f1: 0.228
[[1908    5]
 [  74   21]]
acc: 0.961
f1: 0.347
9,42,coarse : 26.84 seconds
9,42,fine : 26.85 seconds
[[1472  441]
 [  24   71]]
acc: 0.768
f1: 0.234
[[1908    5]
 [  74   21]]
acc: 0.961
f1: 0.347
9,43,coarse : 27.24 seconds
9,43,fine : 27.25 seconds
[[1474  439]
 [  25   70]]
acc: 0.769
f1: 0.232
[[1908    5]
 [  74   21]]
acc: 0.961
f1: 0.347
9,44,coarse : 26.92 seconds
9,44,fine : 26.93 seconds
[[1464  449]
 [  23   72]]
acc: 0.765
f1: 0.234
[[1908    5]
 [  74   21]]
acc: 0.961
f1: 0.347
9,45,coarse : 26.92 seconds
9,45,fine : 26.93 seconds
[[1465  448]
 [  24   71]]
acc: 0.765
f1: 0.231
[[1908    5]
 [  75   20]]
acc: 0.960
f1: 0.333
9,46,coarse : 26.89 seconds
9,46,fine : 26.9 seconds
[[1466  447]
 [  23   72]]
acc: 0.766
f1: 0.235
[[1908    5]
 [  75   20]]
acc: 0.960
f1: 0.333
9,47,coarse : 26.88 seconds
9,47,fine : 26.89 seconds
[[1471  442]
 [  25   70]]
acc: 0.767
f1: 0.231
[[1908    5]
 [  75   20]]
acc: 0.960
f1: 0.333
9,48,coarse : 26.93 seconds
9,48,fine : 26.94 seconds
[[1468  445]
 [  25   70]]
acc: 0.766
f1: 0.230
[[1908    5]
 [  74   21]]
acc: 0.961
f1: 0.347
9,49,coarse : 26.8 seconds
9,49,fine : 26.81 seconds
[[1465  448]
 [  25   70]]
acc: 0.764
f1: 0.228
[[1908    5]
 [  74   21]]
acc: 0.961
f1: 0.347
9,50,coarse : 28.67 seconds
9,50,fine : 28.67 seconds
[[1468  445]
 [  25   70]]
acc: 0.766
f1: 0.230
[[1907    6]
 [  73   22]]
acc: 0.961
f1: 0.358
9,51,coarse : 26.75 seconds
9,51,fine : 26.76 seconds
[[1469  444]
 [  25   70]]
acc: 0.766
f1: 0.230
[[1906    7]
 [  73   22]]
acc: 0.960
f1: 0.355
9,52,coarse : 26.82 seconds
9,52,fine : 26.83 seconds
[[1466  447]
 [  25   70]]
acc: 0.765
f1: 0.229
[[1906    7]
 [  73   22]]
acc: 0.960
f1: 0.355
9,53,coarse : 26.97 seconds
9,53,fine : 26.98 seconds
[[1475  438]
 [  25   70]]
acc: 0.769
f1: 0.232
[[1906    7]
 [  73   22]]
acc: 0.960
f1: 0.355
9,54,coarse : 27.02 seconds
9,54,fine : 27.03 seconds
[[1480  433]
 [  25   70]]
acc: 0.772
f1: 0.234
[[1906    7]
 [  73   22]]
acc: 0.960
f1: 0.355
9,55,coarse : 26.83 seconds
9,55,fine : 26.84 seconds
[[1476  437]
 [  24   71]]
acc: 0.770
f1: 0.235
[[1906    7]
 [  73   22]]
acc: 0.960
f1: 0.355
9,56,coarse : 26.66 seconds
9,56,fine : 26.67 seconds
[[1472  441]
 [  23   72]]
acc: 0.769
f1: 0.237
[[1905    8]
 [  74   21]]
acc: 0.959
f1: 0.339
9,57,coarse : 27.09 seconds
9,57,fine : 27.1 seconds
[[1474  439]
 [  24   71]]
acc: 0.769
f1: 0.235
[[1905    8]
 [  72   23]]
acc: 0.960
f1: 0.365
9,58,coarse : 26.79 seconds
9,58,fine : 26.8 seconds
[[1468  445]
 [  23   72]]
acc: 0.767
f1: 0.235
[[1905    8]
 [  71   24]]
acc: 0.961
f1: 0.378
9,59,coarse : 26.54 seconds
9,59,fine : 26.55 seconds
[[1466  447]
 [  22   73]]
acc: 0.766
f1: 0.237
[[1904    9]
 [  69   26]]
acc: 0.961
f1: 0.400
9,60,coarse : 26.77 seconds
9,60,fine : 26.78 seconds
[[1473  440]
 [  23   72]]
acc: 0.769
f1: 0.237
[[1903   10]
 [  68   27]]
acc: 0.961
f1: 0.409
9,61,coarse : 26.67 seconds
9,61,fine : 26.7 seconds
[[1468  445]
 [  22   73]]
acc: 0.767
f1: 0.238
[[1902   11]
 [  68   27]]
acc: 0.961
f1: 0.406
9,62,coarse : 27.09 seconds
9,62,fine : 27.1 seconds
[[1463  450]
 [  22   73]]
acc: 0.765
f1: 0.236
[[1901   12]
 [  67   28]]
acc: 0.961
f1: 0.415
9,63,coarse : 26.71 seconds
9,63,fine : 26.72 seconds
[[1466  447]
 [  21   74]]
acc: 0.767
f1: 0.240
[[1899   14]
 [  67   28]]
acc: 0.960
f1: 0.409
9,64,coarse : 26.85 seconds
9,64,fine : 26.86 seconds
[[1464  449]
 [  22   73]]
acc: 0.765
f1: 0.237
[[1898   15]
 [  67   28]]
acc: 0.959
f1: 0.406
9,65,coarse : 26.81 seconds
9,65,fine : 26.83 seconds
[[1469  444]
 [  21   74]]
acc: 0.768
f1: 0.241
[[1897   16]
 [  66   29]]
acc: 0.959
f1: 0.414
9,66,coarse : 27.3 seconds
9,66,fine : 27.31 seconds
[[1471  442]
 [  20   75]]
acc: 0.770
f1: 0.245
[[1897   16]
 [  66   29]]
acc: 0.959
f1: 0.414
9,67,coarse : 26.83 seconds
9,67,fine : 26.84 seconds
[[1467  446]
 [  22   73]]
acc: 0.767
f1: 0.238
[[1898   15]
 [  66   29]]
acc: 0.960
f1: 0.417
9,68,coarse : 26.86 seconds
9,68,fine : 26.87 seconds
[[1471  442]
 [  22   73]]
acc: 0.769
f1: 0.239
[[1896   17]
 [  65   30]]
acc: 0.959
f1: 0.423
9,69,coarse : 26.81 seconds
9,69,fine : 26.82 seconds
[[1472  441]
 [  21   74]]
acc: 0.770
f1: 0.243
[[1897   16]
 [  66   29]]
acc: 0.959
f1: 0.414
9,70,coarse : 27.35 seconds
9,70,fine : 27.36 seconds
[[1482  431]
 [  21   74]]
acc: 0.775
f1: 0.247
[[1897   16]
 [  65   30]]
acc: 0.960
f1: 0.426
9,71,coarse : 27.23 seconds
9,71,fine : 27.24 seconds
[[1478  435]
 [  21   74]]
acc: 0.773
f1: 0.245
[[1896   17]
 [  65   30]]
acc: 0.959
f1: 0.423
9,72,coarse : 27.19 seconds
9,72,fine : 27.2 seconds
[[1480  433]
 [  21   74]]
acc: 0.774
f1: 0.246
[[1897   16]
 [  65   30]]
acc: 0.960
f1: 0.426
9,73,coarse : 26.99 seconds
9,73,fine : 27.0 seconds
[[1484  429]
 [  20   75]]
acc: 0.776
f1: 0.250
[[1897   16]
 [  65   30]]
acc: 0.960
f1: 0.426
9,74,coarse : 27.34 seconds
9,74,fine : 27.35 seconds
[[1475  438]
 [  20   75]]
acc: 0.772
f1: 0.247
[[1897   16]
 [  65   30]]
acc: 0.960
f1: 0.426
9,75,coarse : 26.99 seconds
9,75,fine : 27.0 seconds
[[1469  444]
 [  19   76]]
acc: 0.769
f1: 0.247
[[1896   17]
 [  64   31]]
acc: 0.960
f1: 0.434
9,76,coarse : 26.74 seconds
9,76,fine : 26.75 seconds
[[1467  446]
 [  19   76]]
acc: 0.768
f1: 0.246
[[1896   17]
 [  63   32]]
acc: 0.960
f1: 0.444
9,77,coarse : 26.89 seconds
9,77,fine : 26.9 seconds
[[1468  445]
 [  19   76]]
acc: 0.769
f1: 0.247
[[1896   17]
 [  64   31]]
acc: 0.960
f1: 0.434
9,78,coarse : 26.81 seconds
9,78,fine : 26.82 seconds
[[1471  442]
 [  19   76]]
acc: 0.770
f1: 0.248
[[1895   18]
 [  63   32]]
acc: 0.960
f1: 0.441
9,79,coarse : 26.65 seconds
9,79,fine : 26.66 seconds
[[1475  438]
 [  18   77]]
acc: 0.773
f1: 0.252
[[1895   18]
 [  62   33]]
acc: 0.960
f1: 0.452
9,80,coarse : 27.09 seconds
9,80,fine : 27.11 seconds
[[1469  444]
 [  16   79]]
acc: 0.771
f1: 0.256
[[1896   17]
 [  63   32]]
acc: 0.960
f1: 0.444
9,81,coarse : 26.22 seconds
9,81,fine : 26.23 seconds
[[1473  440]
 [  16   79]]
acc: 0.773
f1: 0.257
[[1895   18]
 [  63   32]]
acc: 0.960
f1: 0.441
9,82,coarse : 26.23 seconds
9,82,fine : 26.24 seconds
[[1474  439]
 [  17   78]]
acc: 0.773
f1: 0.255
[[1895   18]
 [  62   33]]
acc: 0.960
f1: 0.452
9,83,coarse : 26.69 seconds
9,83,fine : 26.7 seconds
[[1481  432]
 [  17   78]]
acc: 0.776
f1: 0.258
[[1894   19]
 [  62   33]]
acc: 0.960
f1: 0.449
9,84,coarse : 26.15 seconds
9,84,fine : 26.16 seconds
[[1480  433]
 [  18   77]]
acc: 0.775
f1: 0.255
[[1893   20]
 [  62   33]]
acc: 0.959
f1: 0.446
9,85,coarse : 26.63 seconds
9,85,fine : 26.64 seconds
[[1483  430]
 [  18   77]]
acc: 0.777
f1: 0.256
[[1893   20]
 [  63   32]]
acc: 0.959
f1: 0.435
9,86,coarse : 26.98 seconds
9,86,fine : 26.99 seconds
[[1486  427]
 [  18   77]]
acc: 0.778
f1: 0.257
[[1893   20]
 [  62   33]]
acc: 0.959
f1: 0.446
9,87,coarse : 27.01 seconds
9,87,fine : 27.02 seconds
[[1491  422]
 [  18   77]]
acc: 0.781
f1: 0.259
[[1894   19]
 [  64   31]]
acc: 0.959
f1: 0.428
9,88,coarse : 26.61 seconds
9,88,fine : 26.62 seconds
[[1492  421]
 [  18   77]]
acc: 0.781
f1: 0.260
[[1893   20]
 [  64   31]]
acc: 0.958
f1: 0.425
9,89,coarse : 26.96 seconds
9,89,fine : 26.98 seconds
[[1491  422]
 [  18   77]]
acc: 0.781
f1: 0.259
[[1893   20]
 [  64   31]]
acc: 0.958
f1: 0.425
9,90,coarse : 27.27 seconds
9,90,fine : 27.28 seconds
[[1481  432]
 [  19   76]]
acc: 0.775
f1: 0.252
[[1893   20]
 [  64   31]]
acc: 0.958
f1: 0.425
9,91,coarse : 26.88 seconds
9,91,fine : 26.89 seconds
[[1486  427]
 [  21   74]]
acc: 0.777
f1: 0.248
[[1892   21]
 [  63   32]]
acc: 0.958
f1: 0.432
9,92,coarse : 27.04 seconds
9,92,fine : 27.05 seconds
[[1482  431]
 [  20   75]]
acc: 0.775
f1: 0.250
[[1891   22]
 [  63   32]]
acc: 0.958
f1: 0.430
9,93,coarse : 26.76 seconds
9,93,fine : 26.77 seconds
[[1485  428]
 [  21   74]]
acc: 0.776
f1: 0.248
[[1890   23]
 [  63   32]]
acc: 0.957
f1: 0.427
9,94,coarse : 26.7 seconds
9,94,fine : 26.71 seconds
[[1485  428]
 [  22   73]]
acc: 0.776
f1: 0.245
[[1891   22]
 [  62   33]]
acc: 0.958
f1: 0.440
9,95,coarse : 26.72 seconds
9,95,fine : 26.74 seconds
[[1482  431]
 [  22   73]]
acc: 0.774
f1: 0.244
[[1890   23]
 [  62   33]]
acc: 0.958
f1: 0.437
9,96,coarse : 26.77 seconds
9,96,fine : 26.79 seconds
[[1488  425]
 [  22   73]]
acc: 0.777
f1: 0.246
[[1890   23]
 [  62   33]]
acc: 0.958
f1: 0.437
9,97,coarse : 26.69 seconds
9,97,fine : 26.7 seconds
[[1487  426]
 [  23   72]]
acc: 0.776
f1: 0.243
[[1888   25]
 [  62   33]]
acc: 0.957
f1: 0.431
9,98,coarse : 26.97 seconds
9,98,fine : 26.98 seconds
[[1483  430]
 [  23   72]]
acc: 0.774
f1: 0.241
[[1888   25]
 [  61   34]]
acc: 0.957
f1: 0.442
9,99,coarse : 26.24 seconds
9,99,fine : 26.25 seconds
[[1484  429]
 [  22   73]]
acc: 0.775
f1: 0.245
[[1887   26]
 [  61   34]]
acc: 0.957
f1: 0.439
9,100,coarse : 28.77 seconds
9,100,fine : 28.78 seconds
[[1486  427]
 [  23   72]]
acc: 0.776
f1: 0.242
[[1886   27]
 [  61   34]]
acc: 0.956
f1: 0.436
9,101,coarse : 26.49 seconds
9,101,fine : 26.51 seconds
[[1488  425]
 [  23   72]]
acc: 0.777
f1: 0.243
[[1886   27]
 [  61   34]]
acc: 0.956
f1: 0.436
9,102,coarse : 27.18 seconds
9,102,fine : 27.19 seconds
[[1489  424]
 [  23   72]]
acc: 0.777
f1: 0.244
[[1884   29]
 [  60   35]]
acc: 0.956
f1: 0.440
9,103,coarse : 26.28 seconds
9,103,fine : 26.29 seconds
[[1486  427]
 [  23   72]]
acc: 0.776
f1: 0.242
[[1882   31]
 [  60   35]]
acc: 0.955
f1: 0.435
9,104,coarse : 26.5 seconds
9,104,fine : 26.51 seconds
[[1486  427]
 [  23   72]]
acc: 0.776
f1: 0.242
[[1881   32]
 [  60   35]]
acc: 0.954
f1: 0.432
9,105,coarse : 26.4 seconds
9,105,fine : 26.41 seconds
[[1482  431]
 [  23   72]]
acc: 0.774
f1: 0.241
[[1883   30]
 [  58   37]]
acc: 0.956
f1: 0.457
9,106,coarse : 26.59 seconds
9,106,fine : 26.61 seconds
[[1479  434]
 [  23   72]]
acc: 0.772
f1: 0.240
[[1882   31]
 [  58   37]]
acc: 0.956
f1: 0.454
9,107,coarse : 26.55 seconds
9,107,fine : 26.57 seconds
[[1480  433]
 [  23   72]]
acc: 0.773
f1: 0.240
[[1882   31]
 [  58   37]]
acc: 0.956
f1: 0.454
9,108,coarse : 26.93 seconds
9,108,fine : 26.95 seconds
[[1479  434]
 [  23   72]]
acc: 0.772
f1: 0.240
[[1881   32]
 [  58   37]]
acc: 0.955
f1: 0.451
9,109,coarse : 26.74 seconds
9,109,fine : 26.75 seconds
[[1478  435]
 [  23   72]]
acc: 0.772
f1: 0.239
[[1880   33]
 [  58   37]]
acc: 0.955
f1: 0.448
9,110,coarse : 26.71 seconds
9,110,fine : 26.73 seconds
[[1481  432]
 [  23   72]]
acc: 0.773
f1: 0.240
[[1881   32]
 [  58   37]]
acc: 0.955
f1: 0.451
9,111,coarse : 27.0 seconds
9,111,fine : 27.01 seconds
[[1487  426]
 [  23   72]]
acc: 0.776
f1: 0.243
[[1882   31]
 [  60   35]]
acc: 0.955
f1: 0.435
9,112,coarse : 26.94 seconds
9,112,fine : 26.95 seconds
[[1483  430]
 [  23   72]]
acc: 0.774
f1: 0.241
[[1881   32]
 [  60   35]]
acc: 0.954
f1: 0.432
9,113,coarse : 26.85 seconds
9,113,fine : 26.86 seconds
[[1487  426]
 [  22   73]]
acc: 0.777
f1: 0.246
[[1881   32]
 [  60   35]]
acc: 0.954
f1: 0.432
9,114,coarse : 27.0 seconds
9,114,fine : 27.02 seconds
[[1486  427]
 [  22   73]]
acc: 0.776
f1: 0.245
[[1881   32]
 [  60   35]]
acc: 0.954
f1: 0.432
9,115,coarse : 27.31 seconds
9,115,fine : 27.33 seconds
[[1490  423]
 [  22   73]]
acc: 0.778
f1: 0.247
[[1881   32]
 [  59   36]]
acc: 0.955
f1: 0.442
9,116,coarse : 27.47 seconds
9,116,fine : 27.48 seconds
[[1496  417]
 [  22   73]]
acc: 0.781
f1: 0.250
[[1881   32]
 [  59   36]]
acc: 0.955
f1: 0.442
9,117,coarse : 26.64 seconds
9,117,fine : 26.66 seconds
[[1484  429]
 [  22   73]]
acc: 0.775
f1: 0.245
[[1881   32]
 [  58   37]]
acc: 0.955
f1: 0.451
9,118,coarse : 27.05 seconds
9,118,fine : 27.06 seconds
[[1484  429]
 [  22   73]]
acc: 0.775
f1: 0.245
[[1879   34]
 [  58   37]]
acc: 0.954
f1: 0.446
9,119,coarse : 27.09 seconds
9,119,fine : 27.1 seconds
[[1488  425]
 [  23   72]]
acc: 0.777
f1: 0.243
[[1879   34]
 [  58   37]]
acc: 0.954
f1: 0.446
9,120,coarse : 26.89 seconds
9,120,fine : 26.9 seconds
[[1489  424]
 [  23   72]]
acc: 0.777
f1: 0.244
[[1879   34]
 [  58   37]]
acc: 0.954
f1: 0.446
9,121,coarse : 27.04 seconds
9,121,fine : 27.05 seconds
[[1490  423]
 [  22   73]]
acc: 0.778
f1: 0.247
[[1877   36]
 [  58   37]]
acc: 0.953
f1: 0.440
9,122,coarse : 27.07 seconds
9,122,fine : 27.09 seconds
[[1481  432]
 [  22   73]]
acc: 0.774
f1: 0.243
[[1876   37]
 [  58   37]]
acc: 0.953
f1: 0.438
9,123,coarse : 27.39 seconds
9,123,fine : 27.41 seconds
[[1481  432]
 [  22   73]]
acc: 0.774
f1: 0.243
[[1876   37]
 [  58   37]]
acc: 0.953
f1: 0.438
9,124,coarse : 27.85 seconds
9,124,fine : 27.87 seconds
[[1490  423]
 [  23   72]]
acc: 0.778
f1: 0.244
[[1879   34]
 [  58   37]]
acc: 0.954
f1: 0.446
9,125,coarse : 27.37 seconds
9,125,fine : 27.39 seconds
[[1487  426]
 [  22   73]]
acc: 0.777
f1: 0.246
[[1880   33]
 [  58   37]]
acc: 0.955
f1: 0.448
9,126,coarse : 27.58 seconds
9,126,fine : 27.6 seconds
[[1480  433]
 [  23   72]]
acc: 0.773
f1: 0.240
[[1880   33]
 [  58   37]]
acc: 0.955
f1: 0.448
9,127,coarse : 27.49 seconds
9,127,fine : 27.54 seconds
[[1481  432]
 [  22   73]]
acc: 0.774
f1: 0.243
[[1879   34]
 [  58   37]]
acc: 0.954
f1: 0.446
9,128,coarse : 27.85 seconds
9,128,fine : 27.87 seconds
[[1481  432]
 [  23   72]]
acc: 0.773
f1: 0.240
[[1877   36]
 [  58   37]]
acc: 0.953
f1: 0.440
9,129,coarse : 28.0 seconds
9,129,fine : 28.02 seconds
[[1480  433]
 [  23   72]]
acc: 0.773
f1: 0.240
[[1877   36]
 [  57   38]]
acc: 0.954
f1: 0.450
9,130,coarse : 27.49 seconds
9,130,fine : 27.5 seconds
[[1485  428]
 [  22   73]]
acc: 0.776
f1: 0.245
[[1877   36]
 [  57   38]]
acc: 0.954
f1: 0.450
9,131,coarse : 27.52 seconds
9,131,fine : 27.53 seconds
[[1480  433]
 [  22   73]]
acc: 0.773
f1: 0.243
[[1877   36]
 [  57   38]]
acc: 0.954
f1: 0.450
9,132,coarse : 28.08 seconds
9,132,fine : 28.1 seconds
[[1479  434]
 [  22   73]]
acc: 0.773
f1: 0.243
[[1877   36]
 [  56   39]]
acc: 0.954
f1: 0.459
9,133,coarse : 27.94 seconds
9,133,fine : 27.95 seconds
[[1481  432]
 [  22   73]]
acc: 0.774
f1: 0.243
[[1872   41]
 [  57   38]]
acc: 0.951
f1: 0.437
9,134,coarse : 27.77 seconds
9,134,fine : 27.79 seconds
[[1484  429]
 [  22   73]]
acc: 0.775
f1: 0.245
[[1871   42]
 [  56   39]]
acc: 0.951
f1: 0.443
9,135,coarse : 27.48 seconds
9,135,fine : 27.5 seconds
[[1483  430]
 [  22   73]]
acc: 0.775
f1: 0.244
[[1871   42]
 [  56   39]]
acc: 0.951
f1: 0.443
9,136,coarse : 27.19 seconds
9,136,fine : 27.21 seconds
[[1485  428]
 [  22   73]]
acc: 0.776
f1: 0.245
[[1870   43]
 [  56   39]]
acc: 0.951
f1: 0.441
9,137,coarse : 27.24 seconds
9,137,fine : 27.26 seconds
[[1481  432]
 [  23   72]]
acc: 0.773
f1: 0.240
[[1867   46]
 [  55   40]]
acc: 0.950
f1: 0.442
9,138,coarse : 27.49 seconds
9,138,fine : 27.51 seconds
[[1484  429]
 [  23   72]]
acc: 0.775
f1: 0.242
[[1867   46]
 [  55   40]]
acc: 0.950
f1: 0.442
9,139,coarse : 28.08 seconds
9,139,fine : 28.1 seconds
[[1481  432]
 [  23   72]]
acc: 0.773
f1: 0.240
[[1868   45]
 [  55   40]]
acc: 0.950
f1: 0.444
9,140,coarse : 27.7 seconds
9,140,fine : 27.71 seconds
[[1479  434]
 [  23   72]]
acc: 0.772
f1: 0.240
[[1867   46]
 [  55   40]]
acc: 0.950
f1: 0.442
9,141,coarse : 28.11 seconds
9,141,fine : 28.13 seconds
[[1470  443]
 [  22   73]]
acc: 0.768
f1: 0.239
[[1865   48]
 [  55   40]]
acc: 0.949
f1: 0.437
9,142,coarse : 28.34 seconds
9,142,fine : 28.36 seconds
[[1471  442]
 [  22   73]]
acc: 0.769
f1: 0.239
[[1863   50]
 [  55   40]]
acc: 0.948
f1: 0.432
9,143,coarse : 28.29 seconds
9,143,fine : 28.31 seconds
[[1467  446]
 [  22   73]]
acc: 0.767
f1: 0.238
[[1865   48]
 [  54   41]]
acc: 0.949
f1: 0.446
9,144,coarse : 27.9 seconds
9,144,fine : 27.92 seconds
[[1465  448]
 [  21   74]]
acc: 0.766
f1: 0.240
[[1865   48]
 [  54   41]]
acc: 0.949
f1: 0.446
9,145,coarse : 28.51 seconds
9,145,fine : 28.53 seconds
[[1465  448]
 [  21   74]]
acc: 0.766
f1: 0.240
[[1866   47]
 [  54   41]]
acc: 0.950
f1: 0.448
9,146,coarse : 27.78 seconds
9,146,fine : 27.79 seconds
[[1466  447]
 [  21   74]]
acc: 0.767
f1: 0.240
[[1866   47]
 [  53   42]]
acc: 0.950
f1: 0.457
9,147,coarse : 28.32 seconds
9,147,fine : 28.34 seconds
[[1462  451]
 [  21   74]]
acc: 0.765
f1: 0.239
[[1865   48]
 [  53   42]]
acc: 0.950
f1: 0.454
9,148,coarse : 28.02 seconds
9,148,fine : 28.04 seconds
[[1460  453]
 [  21   74]]
acc: 0.764
f1: 0.238
[[1864   49]
 [  53   42]]
acc: 0.949
f1: 0.452
9,149,coarse : 28.12 seconds
9,149,fine : 28.14 seconds
[[1463  450]
 [  22   73]]
acc: 0.765
f1: 0.236
[[1863   50]
 [  53   42]]
acc: 0.949
f1: 0.449
9,150,coarse : 29.61 seconds
9,150,fine : 29.62 seconds
[[1460  453]
 [  21   74]]
acc: 0.764
f1: 0.238
[[1863   50]
 [  53   42]]
acc: 0.949
f1: 0.449
9,151,coarse : 28.03 seconds
9,151,fine : 28.05 seconds
[[1460  453]
 [  21   74]]
acc: 0.764
f1: 0.238
[[1861   52]
 [  53   42]]
acc: 0.948
f1: 0.444
9,152,coarse : 27.64 seconds
9,152,fine : 27.66 seconds
[[1461  452]
 [  21   74]]
acc: 0.764
f1: 0.238
[[1861   52]
 [  53   42]]
acc: 0.948
f1: 0.444
9,153,coarse : 28.11 seconds
9,153,fine : 28.13 seconds
[[1461  452]
 [  21   74]]
acc: 0.764
f1: 0.238
[[1861   52]
 [  53   42]]
acc: 0.948
f1: 0.444
9,154,coarse : 28.33 seconds
9,154,fine : 28.35 seconds
[[1462  451]
 [  21   74]]
acc: 0.765
f1: 0.239
[[1860   53]
 [  52   43]]
acc: 0.948
f1: 0.450
9,155,coarse : 28.16 seconds
9,155,fine : 28.18 seconds
[[1464  449]
 [  21   74]]
acc: 0.766
f1: 0.239
[[1860   53]
 [  52   43]]
acc: 0.948
f1: 0.450
9,156,coarse : 28.58 seconds
9,156,fine : 28.6 seconds
[[1466  447]
 [  21   74]]
acc: 0.767
f1: 0.240
[[1856   57]
 [  51   44]]
acc: 0.946
f1: 0.449
9,157,coarse : 28.5 seconds
9,157,fine : 28.52 seconds
[[1465  448]
 [  21   74]]
acc: 0.766
f1: 0.240
[[1858   55]
 [  51   44]]
acc: 0.947
f1: 0.454
9,158,coarse : 28.28 seconds
9,158,fine : 28.3 seconds
[[1462  451]
 [  21   74]]
acc: 0.765
f1: 0.239
[[1857   56]
 [  51   44]]
acc: 0.947
f1: 0.451
9,159,coarse : 28.25 seconds
9,159,fine : 28.27 seconds
[[1460  453]
 [  21   74]]
acc: 0.764
f1: 0.238
[[1855   58]
 [  51   44]]
acc: 0.946
f1: 0.447
9,160,coarse : 28.25 seconds
9,160,fine : 28.27 seconds
[[1461  452]
 [  22   73]]
acc: 0.764
f1: 0.235
[[1853   60]
 [  51   44]]
acc: 0.945
f1: 0.442
9,161,coarse : 28.74 seconds
9,161,fine : 28.76 seconds
[[1460  453]
 [  22   73]]
acc: 0.763
f1: 0.235
[[1852   61]
 [  51   44]]
acc: 0.944
f1: 0.440
9,162,coarse : 28.77 seconds
9,162,fine : 28.79 seconds
[[1460  453]
 [  22   73]]
acc: 0.763
f1: 0.235
[[1852   61]
 [  50   45]]
acc: 0.945
f1: 0.448
9,163,coarse : 28.74 seconds
9,163,fine : 28.76 seconds
[[1462  451]
 [  22   73]]
acc: 0.764
f1: 0.236
[[1852   61]
 [  51   44]]
acc: 0.944
f1: 0.440
9,164,coarse : 28.88 seconds
9,164,fine : 28.9 seconds
[[1461  452]
 [  22   73]]
acc: 0.764
f1: 0.235
[[1854   59]
 [  50   45]]
acc: 0.946
f1: 0.452
9,165,coarse : 28.74 seconds
9,165,fine : 28.76 seconds
[[1468  445]
 [  22   73]]
acc: 0.767
f1: 0.238
[[1854   59]
 [  50   45]]
acc: 0.946
f1: 0.452
9,166,coarse : 28.09 seconds
9,166,fine : 28.12 seconds
[[1467  446]
 [  21   74]]
acc: 0.767
f1: 0.241
[[1854   59]
 [  50   45]]
acc: 0.946
f1: 0.452
9,167,coarse : 27.95 seconds
9,167,fine : 27.97 seconds
[[1466  447]
 [  21   74]]
acc: 0.767
f1: 0.240
[[1853   60]
 [  50   45]]
acc: 0.945
f1: 0.450
9,168,coarse : 28.41 seconds
9,168,fine : 28.43 seconds
[[1466  447]
 [  21   74]]
acc: 0.767
f1: 0.240
[[1853   60]
 [  50   45]]
acc: 0.945
f1: 0.450
9,169,coarse : 28.36 seconds
9,169,fine : 28.38 seconds
[[1465  448]
 [  21   74]]
acc: 0.766
f1: 0.240
[[1852   61]
 [  50   45]]
acc: 0.945
f1: 0.448
9,170,coarse : 28.72 seconds
9,170,fine : 28.74 seconds
[[1465  448]
 [  21   74]]
acc: 0.766
f1: 0.240
[[1852   61]
 [  50   45]]
acc: 0.945
f1: 0.448
9,171,coarse : 28.83 seconds
9,171,fine : 28.86 seconds
[[1463  450]
 [  22   73]]
acc: 0.765
f1: 0.236
[[1851   62]
 [  50   45]]
acc: 0.944
f1: 0.446
9,172,coarse : 28.38 seconds
9,172,fine : 28.4 seconds
