all           0      1    2    3    4    5    6    7    8    
1      2010   1914   1    19   32   19   1    11   6    7    
2      2010   1914   1    19   32   19   1    11   6    7    
3      2010   1914   1    19   32   19   1    11   5    8    
4      2010   1914   1    19   32   19   1    10   6    8    
5      2010   1914   1    18   33   19   1    10   6    8    
6      2010   1914   1    18   33   19   1    10   6    8    
7      2010   1913   2    18   33   19   1    10   6    8    
8      2010   1913   2    18   33   19   1    10   6    8    
9      2009   1913   2    18   32   19   2    10   6    7    
10     2009   1913   1    19   32   19   1    11   6    7    
Total  20098  19136  13   185  324  190  11   104  59   76   
train         0      1    2    3    4    5    6    7    8    
1      2010   1914   1    19   32   19   1    11   6    7    
2      2010   1914   1    19   32   19   1    11   6    7    
3      2010   1914   1    19   32   19   1    11   5    8    
4      2010   1914   1    19   32   19   1    10   6    8    
5      2010   1914   1    18   33   19   1    10   6    8    
6      2010   1914   1    18   33   19   1    10   6    8    
7      2010   1913   2    18   33   19   1    10   6    8    
9      2009   1913   2    18   32   19   2    10   6    7    
10     2009   1913   1    19   32   19   1    11   6    7    
Total  18088  17223  11   167  291  171  10   94   53   68   
test          0      1    2    3    4    5    6    7    8    
8      2010   1913   2    18   33   19   1    10   6    8    
Total  2010   1913   2    18   33   19   1    10   6    8    
Classes             
0         17223     
1         11        
2         167       
3         291       
4         171       
5         10        
6         94        
7         53        
8         68        
Total     18088     

Shape: 450       

[952, 10, 11, 16, 11, 10, 10, 10, 10]
Sum start => 1040
[[1300  613]
 [  14   83]]
acc: 0.688
f1: 0.209
[[1878   35]
 [  91    6]]
acc: 0.937
f1: 0.087
8,1,coarse : 27.1 seconds
8,1,fine : 27.1 seconds
[[1300  613]
 [  14   83]]
acc: 0.688
f1: 0.209
[[1878   35]
 [  91    6]]
acc: 0.937
f1: 0.087
8,2,coarse : 28.2 seconds
8,2,fine : 28.21 seconds
[[1319  594]
 [  13   84]]
acc: 0.698
f1: 0.217
[[1880   33]
 [  91    6]]
acc: 0.938
f1: 0.088
8,3,coarse : 3.39 seconds
8,3,fine : 3.4 seconds
[[1304  609]
 [  14   83]]
acc: 0.690
f1: 0.210
[[1883   30]
 [  91    6]]
acc: 0.940
f1: 0.090
8,4,coarse : 3.38 seconds
8,4,fine : 3.38 seconds
[[1328  585]
 [  14   83]]
acc: 0.702
f1: 0.217
[[1884   29]
 [  91    6]]
acc: 0.940
f1: 0.091
8,5,coarse : 3.38 seconds
8,5,fine : 3.38 seconds
[[1349  564]
 [  16   81]]
acc: 0.711
f1: 0.218
[[1889   24]
 [  91    6]]
acc: 0.943
f1: 0.094
8,6,coarse : 3.4 seconds
8,6,fine : 3.4 seconds
[[1356  557]
 [  17   80]]
acc: 0.714
f1: 0.218
[[1894   19]
 [  90    7]]
acc: 0.946
f1: 0.114
8,7,coarse : 3.59 seconds
8,7,fine : 3.6 seconds
[[1355  558]
 [  16   81]]
acc: 0.714
f1: 0.220
[[1892   21]
 [  89    8]]
acc: 0.945
f1: 0.127
8,8,coarse : 3.71 seconds
8,8,fine : 3.71 seconds
[[1371  542]
 [  18   79]]
acc: 0.721
f1: 0.220
[[1892   21]
 [  90    7]]
acc: 0.945
f1: 0.112
8,9,coarse : 3.73 seconds
8,9,fine : 3.73 seconds
[[1380  533]
 [  18   79]]
acc: 0.726
f1: 0.223
[[1890   23]
 [  90    7]]
acc: 0.944
f1: 0.110
8,10,coarse : 3.94 seconds
8,10,fine : 3.94 seconds
[[1380  533]
 [  14   83]]
acc: 0.728
f1: 0.233
[[1892   21]
 [  89    8]]
acc: 0.945
f1: 0.127
8,11,coarse : 3.98 seconds
8,11,fine : 3.99 seconds
[[1365  548]
 [  15   82]]
acc: 0.720
f1: 0.226
[[1892   21]
 [  88    9]]
acc: 0.946
f1: 0.142
8,12,coarse : 4.35 seconds
8,12,fine : 4.35 seconds
[[1376  537]
 [  15   82]]
acc: 0.725
f1: 0.229
[[1892   21]
 [  87   10]]
acc: 0.946
f1: 0.156
8,13,coarse : 4.38 seconds
8,13,fine : 4.38 seconds
[[1397  516]
 [  16   81]]
acc: 0.735
f1: 0.233
[[1891   22]
 [  87   10]]
acc: 0.946
f1: 0.155
8,14,coarse : 4.66 seconds
8,14,fine : 4.67 seconds
[[1401  512]
 [  17   80]]
acc: 0.737
f1: 0.232
[[1892   21]
 [  87   10]]
acc: 0.946
f1: 0.156
8,15,coarse : 4.79 seconds
8,15,fine : 4.8 seconds
[[1421  492]
 [  17   80]]
acc: 0.747
f1: 0.239
[[1890   23]
 [  87   10]]
acc: 0.945
f1: 0.154
8,16,coarse : 4.83 seconds
8,16,fine : 4.84 seconds
[[1419  494]
 [  16   81]]
acc: 0.746
f1: 0.241
[[1892   21]
 [  89    8]]
acc: 0.945
f1: 0.127
8,17,coarse : 5.05 seconds
8,17,fine : 5.06 seconds
[[1419  494]
 [  16   81]]
acc: 0.746
f1: 0.241
[[1890   23]
 [  88    9]]
acc: 0.945
f1: 0.140
8,18,coarse : 5.08 seconds
8,18,fine : 5.08 seconds
[[1420  493]
 [  18   79]]
acc: 0.746
f1: 0.236
[[1886   27]
 [  83   14]]
acc: 0.945
f1: 0.203
8,19,coarse : 5.0 seconds
8,19,fine : 5.01 seconds
[[1417  496]
 [  18   79]]
acc: 0.744
f1: 0.235
[[1889   24]
 [  82   15]]
acc: 0.947
f1: 0.221
8,20,coarse : 5.4 seconds
8,20,fine : 5.41 seconds
[[1416  497]
 [  19   78]]
acc: 0.743
f1: 0.232
[[1887   26]
 [  82   15]]
acc: 0.946
f1: 0.217
8,21,coarse : 5.42 seconds
8,21,fine : 5.43 seconds
[[1421  492]
 [  19   78]]
acc: 0.746
f1: 0.234
[[1890   23]
 [  83   14]]
acc: 0.947
f1: 0.209
8,22,coarse : 5.56 seconds
8,22,fine : 5.57 seconds
[[1419  494]
 [  17   80]]
acc: 0.746
f1: 0.238
[[1888   25]
 [  83   14]]
acc: 0.946
f1: 0.206
8,23,coarse : 5.75 seconds
8,23,fine : 5.75 seconds
[[1432  481]
 [  18   79]]
acc: 0.752
f1: 0.240
[[1887   26]
 [  83   14]]
acc: 0.946
f1: 0.204
8,24,coarse : 5.86 seconds
8,24,fine : 5.86 seconds
[[1429  484]
 [  18   79]]
acc: 0.750
f1: 0.239
[[1887   26]
 [  83   14]]
acc: 0.946
f1: 0.204
8,25,coarse : 6.15 seconds
8,25,fine : 6.15 seconds
[[1416  497]
 [  18   79]]
acc: 0.744
f1: 0.235
[[1886   27]
 [  82   15]]
acc: 0.946
f1: 0.216
8,26,coarse : 6.14 seconds
8,26,fine : 6.15 seconds
[[1421  492]
 [  18   79]]
acc: 0.746
f1: 0.237
[[1884   29]
 [  81   16]]
acc: 0.945
f1: 0.225
8,27,coarse : 6.31 seconds
8,27,fine : 6.31 seconds
[[1416  497]
 [  18   79]]
acc: 0.744
f1: 0.235
[[1883   30]
 [  81   16]]
acc: 0.945
f1: 0.224
8,28,coarse : 6.37 seconds
8,28,fine : 6.38 seconds
[[1418  495]
 [  18   79]]
acc: 0.745
f1: 0.235
[[1880   33]
 [  80   17]]
acc: 0.944
f1: 0.231
8,29,coarse : 6.46 seconds
8,29,fine : 6.46 seconds
[[1413  500]
 [  18   79]]
acc: 0.742
f1: 0.234
[[1882   31]
 [  82   15]]
acc: 0.944
f1: 0.210
8,30,coarse : 6.63 seconds
8,30,fine : 6.64 seconds
[[1408  505]
 [  18   79]]
acc: 0.740
f1: 0.232
[[1874   39]
 [  81   16]]
acc: 0.940
f1: 0.211
8,31,coarse : 6.75 seconds
8,31,fine : 6.76 seconds
[[1415  498]
 [  19   78]]
acc: 0.743
f1: 0.232
[[1875   38]
 [  78   19]]
acc: 0.942
f1: 0.247
8,32,coarse : 6.94 seconds
8,32,fine : 6.95 seconds
[[1411  502]
 [  19   78]]
acc: 0.741
f1: 0.230
[[1875   38]
 [  78   19]]
acc: 0.942
f1: 0.247
8,33,coarse : 7.11 seconds
8,33,fine : 7.12 seconds
[[1414  499]
 [  18   79]]
acc: 0.743
f1: 0.234
[[1879   34]
 [  78   19]]
acc: 0.944
f1: 0.253
8,34,coarse : 7.18 seconds
8,34,fine : 7.19 seconds
[[1424  489]
 [  20   77]]
acc: 0.747
f1: 0.232
[[1879   34]
 [  78   19]]
acc: 0.944
f1: 0.253
8,35,coarse : 7.16 seconds
8,35,fine : 7.17 seconds
[[1427  486]
 [  19   78]]
acc: 0.749
f1: 0.236
[[1880   33]
 [  78   19]]
acc: 0.945
f1: 0.255
8,36,coarse : 7.4 seconds
8,36,fine : 7.4 seconds
[[1418  495]
 [  17   80]]
acc: 0.745
f1: 0.238
[[1873   40]
 [  76   21]]
acc: 0.942
f1: 0.266
8,37,coarse : 7.61 seconds
8,37,fine : 7.62 seconds
[[1426  487]
 [  18   79]]
acc: 0.749
f1: 0.238
[[1873   40]
 [  75   22]]
acc: 0.943
f1: 0.277
8,38,coarse : 7.76 seconds
8,38,fine : 7.76 seconds
[[1433  480]
 [  19   78]]
acc: 0.752
f1: 0.238
[[1871   42]
 [  75   22]]
acc: 0.942
f1: 0.273
8,39,coarse : 7.75 seconds
8,39,fine : 7.76 seconds
[[1428  485]
 [  20   77]]
acc: 0.749
f1: 0.234
[[1872   41]
 [  75   22]]
acc: 0.942
f1: 0.275
8,40,coarse : 8.03 seconds
8,40,fine : 8.03 seconds
[[1430  483]
 [  19   78]]
acc: 0.750
f1: 0.237
[[1867   46]
 [  75   22]]
acc: 0.940
f1: 0.267
8,41,coarse : 8.04 seconds
8,41,fine : 8.05 seconds
[[1419  494]
 [  17   80]]
acc: 0.746
f1: 0.238
[[1866   47]
 [  75   22]]
acc: 0.939
f1: 0.265
8,42,coarse : 8.18 seconds
8,42,fine : 8.18 seconds
[[1420  493]
 [  16   81]]
acc: 0.747
f1: 0.241
[[1871   42]
 [  75   22]]
acc: 0.942
f1: 0.273
8,43,coarse : 8.41 seconds
8,43,fine : 8.42 seconds
[[1414  499]
 [  16   81]]
acc: 0.744
f1: 0.239
[[1870   43]
 [  76   21]]
acc: 0.941
f1: 0.261
8,44,coarse : 8.42 seconds
8,44,fine : 8.43 seconds
[[1418  495]
 [  16   81]]
acc: 0.746
f1: 0.241
[[1867   46]
 [  75   22]]
acc: 0.940
f1: 0.267
8,45,coarse : 8.61 seconds
8,45,fine : 8.62 seconds
[[1426  487]
 [  16   81]]
acc: 0.750
f1: 0.244
[[1868   45]
 [  73   24]]
acc: 0.941
f1: 0.289
8,46,coarse : 8.79 seconds
8,46,fine : 8.8 seconds
[[1432  481]
 [  16   81]]
acc: 0.753
f1: 0.246
[[1866   47]
 [  73   24]]
acc: 0.940
f1: 0.286
8,47,coarse : 8.95 seconds
8,47,fine : 8.96 seconds
[[1427  486]
 [  16   81]]
acc: 0.750
f1: 0.244
[[1868   45]
 [  73   24]]
acc: 0.941
f1: 0.289
8,48,coarse : 9.21 seconds
8,48,fine : 9.22 seconds
[[1422  491]
 [  16   81]]
acc: 0.748
f1: 0.242
[[1868   45]
 [  72   25]]
acc: 0.942
f1: 0.299
8,49,coarse : 9.1 seconds
8,49,fine : 9.1 seconds
[[1425  488]
 [  16   81]]
acc: 0.749
f1: 0.243
[[1867   46]
 [  72   25]]
acc: 0.941
f1: 0.298
8,50,coarse : 11.3 seconds
8,50,fine : 11.31 seconds
[[1429  484]
 [  16   81]]
acc: 0.751
f1: 0.245
[[1861   52]
 [  70   27]]
acc: 0.939
f1: 0.307
8,51,coarse : 9.42 seconds
8,51,fine : 9.43 seconds
[[1428  485]
 [  17   80]]
acc: 0.750
f1: 0.242
[[1862   51]
 [  71   26]]
acc: 0.939
f1: 0.299
8,52,coarse : 9.85 seconds
8,52,fine : 9.85 seconds
[[1432  481]
 [  17   80]]
acc: 0.752
f1: 0.243
[[1862   51]
 [  71   26]]
acc: 0.939
f1: 0.299
8,53,coarse : 9.82 seconds
8,53,fine : 9.82 seconds
[[1411  502]
 [  17   80]]
acc: 0.742
f1: 0.236
[[1862   51]
 [  71   26]]
acc: 0.939
f1: 0.299
8,54,coarse : 9.98 seconds
8,54,fine : 9.99 seconds
[[1414  499]
 [  18   79]]
acc: 0.743
f1: 0.234
[[1859   54]
 [  70   27]]
acc: 0.938
f1: 0.303
8,55,coarse : 10.07 seconds
8,55,fine : 10.08 seconds
[[1411  502]
 [  18   79]]
acc: 0.741
f1: 0.233
[[1860   53]
 [  70   27]]
acc: 0.939
f1: 0.305
8,56,coarse : 10.32 seconds
8,56,fine : 10.33 seconds
[[1421  492]
 [  17   80]]
acc: 0.747
f1: 0.239
[[1861   52]
 [  70   27]]
acc: 0.939
f1: 0.307
8,57,coarse : 10.61 seconds
8,57,fine : 10.62 seconds
[[1413  500]
 [  15   82]]
acc: 0.744
f1: 0.242
[[1860   53]
 [  69   28]]
acc: 0.939
f1: 0.315
8,58,coarse : 10.79 seconds
8,58,fine : 10.8 seconds
[[1408  505]
 [  14   83]]
acc: 0.742
f1: 0.242
[[1860   53]
 [  70   27]]
acc: 0.939
f1: 0.305
8,59,coarse : 10.78 seconds
8,59,fine : 10.79 seconds
[[1411  502]
 [  15   82]]
acc: 0.743
f1: 0.241
[[1861   52]
 [  68   29]]
acc: 0.940
f1: 0.326
8,60,coarse : 10.79 seconds
8,60,fine : 10.8 seconds
[[1417  496]
 [  17   80]]
acc: 0.745
f1: 0.238
[[1861   52]
 [  68   29]]
acc: 0.940
f1: 0.326
8,61,coarse : 11.29 seconds
8,61,fine : 11.3 seconds
[[1415  498]
 [  15   82]]
acc: 0.745
f1: 0.242
[[1863   50]
 [  70   27]]
acc: 0.940
f1: 0.310
8,62,coarse : 11.4 seconds
8,62,fine : 11.41 seconds
[[1424  489]
 [  15   82]]
acc: 0.749
f1: 0.246
[[1863   50]
 [  71   26]]
acc: 0.940
f1: 0.301
8,63,coarse : 11.32 seconds
8,63,fine : 11.33 seconds
[[1428  485]
 [  15   82]]
acc: 0.751
f1: 0.247
[[1864   49]
 [  69   28]]
acc: 0.941
f1: 0.322
8,64,coarse : 11.79 seconds
8,64,fine : 11.8 seconds
[[1428  485]
 [  16   81]]
acc: 0.751
f1: 0.244
[[1865   48]
 [  68   29]]
acc: 0.942
f1: 0.333
8,65,coarse : 11.7 seconds
8,65,fine : 11.71 seconds
[[1432  481]
 [  16   81]]
acc: 0.753
f1: 0.246
[[1866   47]
 [  69   28]]
acc: 0.942
f1: 0.326
8,66,coarse : 11.53 seconds
8,66,fine : 11.54 seconds
[[1420  493]
 [  15   82]]
acc: 0.747
f1: 0.244
[[1866   47]
 [  69   28]]
acc: 0.942
f1: 0.326
8,67,coarse : 12.15 seconds
8,67,fine : 12.16 seconds
[[1419  494]
 [  15   82]]
acc: 0.747
f1: 0.244
[[1865   48]
 [  69   28]]
acc: 0.942
f1: 0.324
8,68,coarse : 12.04 seconds
8,68,fine : 12.05 seconds
[[1423  490]
 [  15   82]]
acc: 0.749
f1: 0.245
[[1867   46]
 [  69   28]]
acc: 0.943
f1: 0.327
8,69,coarse : 12.32 seconds
8,69,fine : 12.33 seconds
[[1410  503]
 [  16   81]]
acc: 0.742
f1: 0.238
[[1863   50]
 [  69   28]]
acc: 0.941
f1: 0.320
8,70,coarse : 12.72 seconds
8,70,fine : 12.73 seconds
[[1412  501]
 [  16   81]]
acc: 0.743
f1: 0.239
[[1862   51]
 [  69   28]]
acc: 0.940
f1: 0.318
8,71,coarse : 12.53 seconds
8,71,fine : 12.54 seconds
[[1420  493]
 [  16   81]]
acc: 0.747
f1: 0.241
[[1861   52]
 [  69   28]]
acc: 0.940
f1: 0.316
8,72,coarse : 12.78 seconds
8,72,fine : 12.79 seconds
[[1409  504]
 [  16   81]]
acc: 0.741
f1: 0.238
[[1860   53]
 [  69   28]]
acc: 0.939
f1: 0.315
8,73,coarse : 12.83 seconds
8,73,fine : 12.84 seconds
[[1414  499]
 [  17   80]]
acc: 0.743
f1: 0.237
[[1861   52]
 [  69   28]]
acc: 0.940
f1: 0.316
8,74,coarse : 12.7 seconds
8,74,fine : 12.71 seconds
[[1419  494]
 [  17   80]]
acc: 0.746
f1: 0.238
[[1860   53]
 [  68   29]]
acc: 0.940
f1: 0.324
8,75,coarse : 13.2 seconds
8,75,fine : 13.21 seconds
[[1419  494]
 [  15   82]]
acc: 0.747
f1: 0.244
[[1860   53]
 [  69   28]]
acc: 0.939
f1: 0.315
8,76,coarse : 13.08 seconds
8,76,fine : 13.09 seconds
[[1422  491]
 [  15   82]]
acc: 0.748
f1: 0.245
[[1857   56]
 [  66   31]]
acc: 0.939
f1: 0.337
8,77,coarse : 12.54 seconds
8,77,fine : 12.56 seconds
[[1423  490]
 [  15   82]]
acc: 0.749
f1: 0.245
[[1855   58]
 [  67   30]]
acc: 0.938
f1: 0.324
8,78,coarse : 12.81 seconds
8,78,fine : 12.82 seconds
[[1424  489]
 [  16   81]]
acc: 0.749
f1: 0.243
[[1855   58]
 [  68   29]]
acc: 0.937
f1: 0.315
8,79,coarse : 13.13 seconds
8,79,fine : 13.15 seconds
[[1417  496]
 [  14   83]]
acc: 0.746
f1: 0.246
[[1856   57]
 [  68   29]]
acc: 0.938
f1: 0.317
8,80,coarse : 13.45 seconds
8,80,fine : 13.47 seconds
[[1417  496]
 [  14   83]]
acc: 0.746
f1: 0.246
[[1853   60]
 [  67   30]]
acc: 0.937
f1: 0.321
8,81,coarse : 13.51 seconds
8,81,fine : 13.52 seconds
[[1419  494]
 [  14   83]]
acc: 0.747
f1: 0.246
[[1855   58]
 [  67   30]]
acc: 0.938
f1: 0.324
8,82,coarse : 13.37 seconds
8,82,fine : 13.38 seconds
[[1423  490]
 [  14   83]]
acc: 0.749
f1: 0.248
[[1857   56]
 [  67   30]]
acc: 0.939
f1: 0.328
8,83,coarse : 13.93 seconds
8,83,fine : 13.94 seconds
[[1424  489]
 [  14   83]]
acc: 0.750
f1: 0.248
[[1856   57]
 [  67   30]]
acc: 0.938
f1: 0.326
8,84,coarse : 13.8 seconds
8,84,fine : 13.81 seconds
[[1424  489]
 [  14   83]]
acc: 0.750
f1: 0.248
[[1849   64]
 [  66   31]]
acc: 0.935
f1: 0.323
8,85,coarse : 14.48 seconds
8,85,fine : 14.49 seconds
[[1425  488]
 [  16   81]]
acc: 0.749
f1: 0.243
[[1856   57]
 [  65   32]]
acc: 0.939
f1: 0.344
8,86,coarse : 14.85 seconds
8,86,fine : 14.87 seconds
[[1426  487]
 [  16   81]]
acc: 0.750
f1: 0.244
[[1856   57]
 [  64   33]]
acc: 0.940
f1: 0.353
8,87,coarse : 14.94 seconds
8,87,fine : 14.95 seconds
[[1432  481]
 [  16   81]]
acc: 0.753
f1: 0.246
[[1856   57]
 [  63   34]]
acc: 0.940
f1: 0.362
8,88,coarse : 15.2 seconds
8,88,fine : 15.21 seconds
[[1441  472]
 [  16   81]]
acc: 0.757
f1: 0.249
[[1857   56]
 [  64   33]]
acc: 0.940
f1: 0.355
8,89,coarse : 15.66 seconds
8,89,fine : 15.68 seconds
[[1446  467]
 [  16   81]]
acc: 0.760
f1: 0.251
[[1856   57]
 [  64   33]]
acc: 0.940
f1: 0.353
8,90,coarse : 16.23 seconds
8,90,fine : 16.25 seconds
[[1446  467]
 [  16   81]]
acc: 0.760
f1: 0.251
[[1856   57]
 [  63   34]]
acc: 0.940
f1: 0.362
8,91,coarse : 15.21 seconds
8,91,fine : 15.22 seconds
[[1442  471]
 [  15   82]]
acc: 0.758
f1: 0.252
[[1858   55]
 [  64   33]]
acc: 0.941
f1: 0.357
8,92,coarse : 15.52 seconds
8,92,fine : 15.53 seconds
[[1441  472]
 [  15   82]]
acc: 0.758
f1: 0.252
[[1851   62]
 [  61   36]]
acc: 0.939
f1: 0.369
8,93,coarse : 15.59 seconds
8,93,fine : 15.6 seconds
[[1438  475]
 [  15   82]]
acc: 0.756
f1: 0.251
[[1852   61]
 [  61   36]]
acc: 0.939
f1: 0.371
8,94,coarse : 16.02 seconds
8,94,fine : 16.04 seconds
[[1440  473]
 [  15   82]]
acc: 0.757
f1: 0.252
[[1854   59]
 [  61   36]]
acc: 0.940
f1: 0.375
8,95,coarse : 16.2 seconds
8,95,fine : 16.21 seconds
[[1438  475]
 [  15   82]]
acc: 0.756
f1: 0.251
[[1853   60]
 [  60   37]]
acc: 0.940
f1: 0.381
8,96,coarse : 15.97 seconds
8,96,fine : 15.98 seconds
[[1439  474]
 [  15   82]]
acc: 0.757
f1: 0.251
[[1852   61]
 [  60   37]]
acc: 0.940
f1: 0.379
8,97,coarse : 16.64 seconds
8,97,fine : 16.65 seconds
[[1440  473]
 [  14   83]]
acc: 0.758
f1: 0.254
[[1852   61]
 [  59   38]]
acc: 0.940
f1: 0.388
8,98,coarse : 16.67 seconds
8,98,fine : 16.69 seconds
[[1442  471]
 [  16   81]]
acc: 0.758
f1: 0.250
[[1853   60]
 [  60   37]]
acc: 0.940
f1: 0.381
8,99,coarse : 16.62 seconds
8,99,fine : 16.64 seconds
[[1450  463]
 [  15   82]]
acc: 0.762
f1: 0.255
[[1851   62]
 [  60   37]]
acc: 0.939
f1: 0.378
8,100,coarse : 19.29 seconds
8,100,fine : 19.3 seconds
[[1450  463]
 [  15   82]]
acc: 0.762
f1: 0.255
[[1852   61]
 [  59   38]]
acc: 0.940
f1: 0.388
8,101,coarse : 17.41 seconds
8,101,fine : 17.42 seconds
[[1446  467]
 [  15   82]]
acc: 0.760
f1: 0.254
[[1849   64]
 [  58   39]]
acc: 0.939
f1: 0.390
8,102,coarse : 17.7 seconds
8,102,fine : 17.71 seconds
[[1449  464]
 [  15   82]]
acc: 0.762
f1: 0.255
[[1853   60]
 [  59   38]]
acc: 0.941
f1: 0.390
8,103,coarse : 17.82 seconds
8,103,fine : 17.83 seconds
[[1451  462]
 [  15   82]]
acc: 0.763
f1: 0.256
[[1850   63]
 [  62   35]]
acc: 0.938
f1: 0.359
8,104,coarse : 17.58 seconds
8,104,fine : 17.6 seconds
[[1449  464]
 [  15   82]]
acc: 0.762
f1: 0.255
[[1850   63]
 [  59   38]]
acc: 0.939
f1: 0.384
8,105,coarse : 18.33 seconds
8,105,fine : 18.35 seconds
[[1451  462]
 [  15   82]]
acc: 0.763
f1: 0.256
[[1851   62]
 [  60   37]]
acc: 0.939
f1: 0.378
8,106,coarse : 18.66 seconds
8,106,fine : 18.67 seconds
[[1453  460]
 [  15   82]]
acc: 0.764
f1: 0.257
[[1849   64]
 [  60   37]]
acc: 0.938
f1: 0.374
8,107,coarse : 18.58 seconds
8,107,fine : 18.6 seconds
[[1450  463]
 [  15   82]]
acc: 0.762
f1: 0.255
[[1849   64]
 [  63   34]]
acc: 0.937
f1: 0.349
8,108,coarse : 18.69 seconds
8,108,fine : 18.71 seconds
[[1452  461]
 [  15   82]]
acc: 0.763
f1: 0.256
[[1850   63]
 [  62   35]]
acc: 0.938
f1: 0.359
8,109,coarse : 18.94 seconds
8,109,fine : 18.96 seconds
[[1455  458]
 [  15   82]]
acc: 0.765
f1: 0.257
[[1847   66]
 [  63   34]]
acc: 0.936
f1: 0.345
8,110,coarse : 19.2 seconds
8,110,fine : 19.22 seconds
[[1454  459]
 [  15   82]]
acc: 0.764
f1: 0.257
[[1846   67]
 [  62   35]]
acc: 0.936
f1: 0.352
8,111,coarse : 18.64 seconds
8,111,fine : 18.66 seconds
[[1456  457]
 [  15   82]]
acc: 0.765
f1: 0.258
[[1846   67]
 [  62   35]]
acc: 0.936
f1: 0.352
8,112,coarse : 19.1 seconds
8,112,fine : 19.12 seconds
[[1461  452]
 [  15   82]]
acc: 0.768
f1: 0.260
[[1846   67]
 [  62   35]]
acc: 0.936
f1: 0.352
8,113,coarse : 19.62 seconds
8,113,fine : 19.63 seconds
[[1454  459]
 [  16   81]]
acc: 0.764
f1: 0.254
[[1846   67]
 [  61   36]]
acc: 0.936
f1: 0.360
8,114,coarse : 19.09 seconds
8,114,fine : 19.11 seconds
[[1455  458]
 [  16   81]]
acc: 0.764
f1: 0.255
[[1848   65]
 [  60   37]]
acc: 0.938
f1: 0.372
8,115,coarse : 19.47 seconds
8,115,fine : 19.49 seconds
[[1449  464]
 [  15   82]]
acc: 0.762
f1: 0.255
[[1844   69]
 [  61   36]]
acc: 0.935
f1: 0.356
8,116,coarse : 19.9 seconds
8,116,fine : 19.92 seconds
[[1455  458]
 [  16   81]]
acc: 0.764
f1: 0.255
[[1844   69]
 [  60   37]]
acc: 0.936
f1: 0.365
8,117,coarse : 19.77 seconds
8,117,fine : 19.78 seconds
[[1450  463]
 [  16   81]]
acc: 0.762
f1: 0.253
[[1844   69]
 [  60   37]]
acc: 0.936
f1: 0.365
8,118,coarse : 20.16 seconds
8,118,fine : 20.18 seconds
[[1453  460]
 [  16   81]]
acc: 0.763
f1: 0.254
[[1845   68]
 [  60   37]]
acc: 0.936
f1: 0.366
8,119,coarse : 21.14 seconds
8,119,fine : 21.15 seconds
[[1454  459]
 [  16   81]]
acc: 0.764
f1: 0.254
[[1845   68]
 [  60   37]]
acc: 0.936
f1: 0.366
8,120,coarse : 20.89 seconds
8,120,fine : 20.91 seconds
[[1450  463]
 [  16   81]]
acc: 0.762
f1: 0.253
[[1847   66]
 [  59   38]]
acc: 0.938
f1: 0.378
8,121,coarse : 21.09 seconds
8,121,fine : 21.1 seconds
[[1451  462]
 [  16   81]]
acc: 0.762
f1: 0.253
[[1849   64]
 [  59   38]]
acc: 0.939
f1: 0.382
8,122,coarse : 20.69 seconds
8,122,fine : 20.71 seconds
[[1452  461]
 [  16   81]]
acc: 0.763
f1: 0.254
[[1849   64]
 [  59   38]]
acc: 0.939
f1: 0.382
8,123,coarse : 21.51 seconds
8,123,fine : 21.53 seconds
[[1455  458]
 [  16   81]]
acc: 0.764
f1: 0.255
[[1847   66]
 [  57   40]]
acc: 0.939
f1: 0.394
8,124,coarse : 21.6 seconds
8,124,fine : 21.62 seconds
[[1454  459]
 [  16   81]]
acc: 0.764
f1: 0.254
[[1848   65]
 [  58   39]]
acc: 0.939
f1: 0.388
8,125,coarse : 21.58 seconds
8,125,fine : 21.6 seconds
[[1452  461]
 [  14   83]]
acc: 0.764
f1: 0.259
[[1850   63]
 [  58   39]]
acc: 0.940
f1: 0.392
8,126,coarse : 22.0 seconds
8,126,fine : 22.02 seconds
[[1452  461]
 [  16   81]]
acc: 0.763
f1: 0.254
[[1849   64]
 [  58   39]]
acc: 0.939
f1: 0.390
8,127,coarse : 22.27 seconds
8,127,fine : 22.29 seconds
[[1454  459]
 [  15   82]]
acc: 0.764
f1: 0.257
[[1848   65]
 [  58   39]]
acc: 0.939
f1: 0.388
8,128,coarse : 22.25 seconds
8,128,fine : 22.27 seconds
[[1455  458]
 [  15   82]]
acc: 0.765
f1: 0.257
[[1847   66]
 [  59   38]]
acc: 0.938
f1: 0.378
8,129,coarse : 22.76 seconds
8,129,fine : 22.77 seconds
[[1457  456]
 [  14   83]]
acc: 0.766
f1: 0.261
[[1847   66]
 [  59   38]]
acc: 0.938
f1: 0.378
8,130,coarse : 22.61 seconds
8,130,fine : 22.63 seconds
[[1458  455]
 [  14   83]]
acc: 0.767
f1: 0.261
[[1847   66]
 [  57   40]]
acc: 0.939
f1: 0.394
8,131,coarse : 22.46 seconds
8,131,fine : 22.48 seconds
[[1456  457]
 [  14   83]]
acc: 0.766
f1: 0.261
[[1845   68]
 [  57   40]]
acc: 0.938
f1: 0.390
8,132,coarse : 22.36 seconds
8,132,fine : 22.38 seconds
[[1452  461]
 [  14   83]]
acc: 0.764
f1: 0.259
[[1844   69]
 [  57   40]]
acc: 0.937
f1: 0.388
8,133,coarse : 22.95 seconds
8,133,fine : 22.97 seconds
[[1453  460]
 [  14   83]]
acc: 0.764
f1: 0.259
[[1845   68]
 [  57   40]]
acc: 0.938
f1: 0.390
8,134,coarse : 23.08 seconds
8,134,fine : 23.09 seconds
[[1456  457]
 [  14   83]]
acc: 0.766
f1: 0.261
[[1847   66]
 [  57   40]]
acc: 0.939
f1: 0.394
8,135,coarse : 23.43 seconds
8,135,fine : 23.45 seconds
[[1462  451]
 [  15   82]]
acc: 0.768
f1: 0.260
[[1848   65]
 [  58   39]]
acc: 0.939
f1: 0.388
8,136,coarse : 23.68 seconds
8,136,fine : 23.7 seconds
[[1460  453]
 [  15   82]]
acc: 0.767
f1: 0.259
[[1847   66]
 [  58   39]]
acc: 0.938
f1: 0.386
8,137,coarse : 23.4 seconds
8,137,fine : 23.42 seconds
[[1453  460]
 [  14   83]]
acc: 0.764
f1: 0.259
[[1845   68]
 [  58   39]]
acc: 0.937
f1: 0.382
8,138,coarse : 24.2 seconds
8,138,fine : 24.22 seconds
[[1459  454]
 [  15   82]]
acc: 0.767
f1: 0.259
[[1846   67]
 [  58   39]]
acc: 0.938
f1: 0.384
8,139,coarse : 23.82 seconds
8,139,fine : 23.84 seconds
[[1460  453]
 [  15   82]]
acc: 0.767
f1: 0.259
[[1846   67]
 [  58   39]]
acc: 0.938
f1: 0.384
8,140,coarse : 23.74 seconds
8,140,fine : 23.76 seconds
[[1466  447]
 [  15   82]]
acc: 0.770
f1: 0.262
[[1845   68]
 [  58   39]]
acc: 0.937
f1: 0.382
8,141,coarse : 24.34 seconds
8,141,fine : 24.36 seconds
[[1467  446]
 [  15   82]]
acc: 0.771
f1: 0.262
[[1842   71]
 [  58   39]]
acc: 0.936
f1: 0.377
8,142,coarse : 24.56 seconds
8,142,fine : 24.58 seconds
[[1463  450]
 [  15   82]]
acc: 0.769
f1: 0.261
[[1844   69]
 [  58   39]]
acc: 0.937
f1: 0.380
8,143,coarse : 24.75 seconds
8,143,fine : 24.77 seconds
[[1464  449]
 [  15   82]]
acc: 0.769
f1: 0.261
[[1844   69]
 [  57   40]]
acc: 0.937
f1: 0.388
8,144,coarse : 24.61 seconds
8,144,fine : 24.63 seconds
[[1466  447]
 [  15   82]]
acc: 0.770
f1: 0.262
[[1846   67]
 [  58   39]]
acc: 0.938
f1: 0.384
8,145,coarse : 25.0 seconds
8,145,fine : 25.02 seconds
[[1468  445]
 [  15   82]]
acc: 0.771
f1: 0.263
[[1847   66]
 [  58   39]]
acc: 0.938
f1: 0.386
8,146,coarse : 25.26 seconds
8,146,fine : 25.28 seconds
[[1468  445]
 [  15   82]]
acc: 0.771
f1: 0.263
[[1844   69]
 [  56   41]]
acc: 0.938
f1: 0.396
8,147,coarse : 25.95 seconds
8,147,fine : 25.97 seconds
[[1468  445]
 [  15   82]]
acc: 0.771
f1: 0.263
[[1846   67]
 [  57   40]]
acc: 0.938
f1: 0.392
8,148,coarse : 26.1 seconds
8,148,fine : 26.12 seconds
[[1477  436]
 [  15   82]]
acc: 0.776
f1: 0.267
[[1848   65]
 [  58   39]]
acc: 0.939
f1: 0.388
8,149,coarse : 26.0 seconds
8,149,fine : 26.02 seconds
[[1475  438]
 [  15   82]]
acc: 0.775
f1: 0.266
[[1846   67]
 [  56   41]]
acc: 0.939
f1: 0.400
8,150,coarse : 28.06 seconds
8,150,fine : 28.07 seconds
[[1478  435]
 [  14   83]]
acc: 0.777
f1: 0.270
[[1845   68]
 [  57   40]]
acc: 0.938
f1: 0.390
8,151,coarse : 26.25 seconds
8,151,fine : 26.27 seconds
[[1472  441]
 [  14   83]]
acc: 0.774
f1: 0.267
[[1844   69]
 [  59   38]]
acc: 0.936
f1: 0.373
8,152,coarse : 26.36 seconds
8,152,fine : 26.38 seconds
[[1474  439]
 [  14   83]]
acc: 0.775
f1: 0.268
[[1843   70]
 [  58   39]]
acc: 0.936
f1: 0.379
8,153,coarse : 26.63 seconds
8,153,fine : 26.65 seconds
[[1473  440]
 [  14   83]]
acc: 0.774
f1: 0.268
[[1843   70]
 [  57   40]]
acc: 0.937
f1: 0.386
8,154,coarse : 26.81 seconds
8,154,fine : 26.83 seconds
[[1475  438]
 [  13   84]]
acc: 0.776
f1: 0.271
[[1843   70]
 [  58   39]]
acc: 0.936
f1: 0.379
8,155,coarse : 27.4 seconds
8,155,fine : 27.42 seconds
[[1474  439]
 [  13   84]]
acc: 0.775
f1: 0.271
[[1842   71]
 [  58   39]]
acc: 0.936
f1: 0.377
8,156,coarse : 27.57 seconds
8,156,fine : 27.59 seconds
[[1476  437]
 [  13   84]]
acc: 0.776
f1: 0.272
[[1840   73]
 [  56   41]]
acc: 0.936
f1: 0.389
8,157,coarse : 28.21 seconds
8,157,fine : 28.23 seconds
[[1475  438]
 [  13   84]]
acc: 0.776
f1: 0.271
[[1840   73]
 [  57   40]]
acc: 0.935
f1: 0.381
8,158,coarse : 28.56 seconds
8,158,fine : 28.58 seconds
[[1476  437]
 [  13   84]]
acc: 0.776
f1: 0.272
[[1840   73]
 [  58   39]]
acc: 0.935
f1: 0.373
8,159,coarse : 28.39 seconds
8,159,fine : 28.41 seconds
[[1475  438]
 [  13   84]]
acc: 0.776
f1: 0.271
[[1841   72]
 [  58   39]]
acc: 0.935
f1: 0.375
8,160,coarse : 28.38 seconds
8,160,fine : 28.4 seconds
[[1474  439]
 [  13   84]]
acc: 0.775
f1: 0.271
[[1839   74]
 [  57   40]]
acc: 0.935
f1: 0.379
8,161,coarse : 28.88 seconds
8,161,fine : 28.9 seconds
[[1475  438]
 [  13   84]]
acc: 0.776
f1: 0.271
[[1840   73]
 [  57   40]]
acc: 0.935
f1: 0.381
8,162,coarse : 29.02 seconds
8,162,fine : 29.04 seconds
[[1477  436]
 [  13   84]]
acc: 0.777
f1: 0.272
[[1839   74]
 [  57   40]]
acc: 0.935
f1: 0.379
8,163,coarse : 28.61 seconds
8,163,fine : 28.64 seconds
[[1476  437]
 [  13   84]]
acc: 0.776
f1: 0.272
[[1839   74]
 [  57   40]]
acc: 0.935
f1: 0.379
8,164,coarse : 29.39 seconds
8,164,fine : 29.41 seconds
[[1475  438]
 [  13   84]]
acc: 0.776
f1: 0.271
[[1840   73]
 [  57   40]]
acc: 0.935
f1: 0.381
8,165,coarse : 29.53 seconds
8,165,fine : 29.55 seconds
[[1475  438]
 [  14   83]]
acc: 0.775
f1: 0.269
[[1842   71]
 [  55   42]]
acc: 0.937
f1: 0.400
8,166,coarse : 29.75 seconds
8,166,fine : 29.77 seconds
[[1475  438]
 [  15   82]]
acc: 0.775
f1: 0.266
[[1841   72]
 [  56   41]]
acc: 0.936
f1: 0.390
8,167,coarse : 29.42 seconds
8,167,fine : 29.45 seconds
[[1473  440]
 [  15   82]]
acc: 0.774
f1: 0.265
[[1838   75]
 [  56   41]]
acc: 0.935
f1: 0.385
8,168,coarse : 30.16 seconds
8,168,fine : 30.18 seconds
[[1474  439]
 [  15   82]]
acc: 0.774
f1: 0.265
[[1839   74]
 [  56   41]]
acc: 0.935
f1: 0.387
8,169,coarse : 30.69 seconds
8,169,fine : 30.71 seconds
[[1474  439]
 [  15   82]]
acc: 0.774
f1: 0.265
[[1839   74]
 [  56   41]]
acc: 0.935
f1: 0.387
8,170,coarse : 30.49 seconds
8,170,fine : 30.51 seconds
[[1474  439]
 [  15   82]]
acc: 0.774
f1: 0.265
[[1841   72]
 [  57   40]]
acc: 0.936
f1: 0.383
8,171,coarse : 30.86 seconds
8,171,fine : 30.89 seconds
[[1471  442]
 [  15   82]]
acc: 0.773
f1: 0.264
[[1840   73]
 [  56   41]]
acc: 0.936
f1: 0.389
8,172,coarse : 29.67 seconds
8,172,fine : 29.69 seconds
