all           0      1    2    3    4    5    6    7    8    
1      2010   1914   1    19   32   19   1    11   6    7    
2      2010   1914   1    19   32   19   1    11   6    7    
3      2010   1914   1    19   32   19   1    11   5    8    
4      2010   1914   1    19   32   19   1    10   6    8    
5      2010   1914   1    18   33   19   1    10   6    8    
6      2010   1914   1    18   33   19   1    10   6    8    
7      2010   1913   2    18   33   19   1    10   6    8    
8      2010   1913   2    18   33   19   1    10   6    8    
9      2009   1913   2    18   32   19   2    10   6    7    
10     2009   1913   1    19   32   19   1    11   6    7    
Total  20098  19136  13   185  324  190  11   104  59   76   
train         0      1    2    3    4    5    6    7    8    
1      2010   1914   1    19   32   19   1    11   6    7    
2      2010   1914   1    19   32   19   1    11   6    7    
4      2010   1914   1    19   32   19   1    10   6    8    
5      2010   1914   1    18   33   19   1    10   6    8    
6      2010   1914   1    18   33   19   1    10   6    8    
7      2010   1913   2    18   33   19   1    10   6    8    
8      2010   1913   2    18   33   19   1    10   6    8    
9      2009   1913   2    18   32   19   2    10   6    7    
10     2009   1913   1    19   32   19   1    11   6    7    
Total  18088  17222  12   166  292  171  10   93   54   68   
test          0      1    2    3    4    5    6    7    8    
3      2010   1914   1    19   32   19   1    11   5    8    
Total  2010   1914   1    19   32   19   1    11   5    8    
Classes             
0         17222     
1         12        
2         166       
3         292       
4         171       
5         10        
6         93        
7         54        
8         68        
Total     18088     

Shape: 450       

[952, 10, 11, 16, 11, 10, 10, 10, 10]
Sum start => 1040
[[1211  703]
 [  13   83]]
acc: 0.644
f1: 0.188
[[1890   24]
 [  83   13]]
acc: 0.947
f1: 0.195
3,1,coarse : 27.26 seconds
3,1,fine : 27.26 seconds
[[1211  703]
 [  13   83]]
acc: 0.644
f1: 0.188
[[1890   24]
 [  83   13]]
acc: 0.947
f1: 0.195
3,2,coarse : 28.84 seconds
3,2,fine : 28.85 seconds
[[1217  697]
 [  12   84]]
acc: 0.647
f1: 0.192
[[1905    9]
 [  90    6]]
acc: 0.951
f1: 0.108
3,3,coarse : 27.99 seconds
3,3,fine : 28.0 seconds
[[1249  665]
 [  11   85]]
acc: 0.664
f1: 0.201
[[1908    6]
 [  95    1]]
acc: 0.950
f1: 0.019
3,4,coarse : 28.31 seconds
3,4,fine : 28.31 seconds
[[1282  632]
 [  13   83]]
acc: 0.679
f1: 0.205
[[1910    4]
 [  93    3]]
acc: 0.952
f1: 0.058
3,5,coarse : 28.46 seconds
3,5,fine : 28.47 seconds
[[1310  604]
 [  14   82]]
acc: 0.693
f1: 0.210
[[1910    4]
 [  91    5]]
acc: 0.953
f1: 0.095
3,6,coarse : 27.73 seconds
3,6,fine : 27.74 seconds
[[1342  572]
 [  15   81]]
acc: 0.708
f1: 0.216
[[1910    4]
 [  91    5]]
acc: 0.953
f1: 0.095
3,7,coarse : 27.95 seconds
3,7,fine : 27.95 seconds
[[1347  567]
 [  15   81]]
acc: 0.710
f1: 0.218
[[1909    5]
 [  91    5]]
acc: 0.952
f1: 0.094
3,8,coarse : 27.86 seconds
3,8,fine : 27.87 seconds
[[1357  557]
 [  14   82]]
acc: 0.716
f1: 0.223
[[1910    4]
 [  92    4]]
acc: 0.952
f1: 0.077
3,9,coarse : 27.27 seconds
3,9,fine : 27.27 seconds
[[1356  558]
 [  13   83]]
acc: 0.716
f1: 0.225
[[1909    5]
 [  91    5]]
acc: 0.952
f1: 0.094
3,10,coarse : 27.47 seconds
3,10,fine : 27.48 seconds
[[1372  542]
 [  13   83]]
acc: 0.724
f1: 0.230
[[1908    6]
 [  88    8]]
acc: 0.953
f1: 0.145
3,11,coarse : 27.73 seconds
3,11,fine : 27.74 seconds
[[1368  546]
 [  13   83]]
acc: 0.722
f1: 0.229
[[1909    5]
 [  88    8]]
acc: 0.954
f1: 0.147
3,12,coarse : 27.43 seconds
3,12,fine : 27.43 seconds
[[1372  542]
 [  13   83]]
acc: 0.724
f1: 0.230
[[1910    4]
 [  89    7]]
acc: 0.954
f1: 0.131
3,13,coarse : 27.33 seconds
3,13,fine : 27.33 seconds
[[1384  530]
 [  13   83]]
acc: 0.730
f1: 0.234
[[1910    4]
 [  87    9]]
acc: 0.955
f1: 0.165
3,14,coarse : 27.56 seconds
3,14,fine : 27.56 seconds
[[1388  526]
 [  13   83]]
acc: 0.732
f1: 0.235
[[1910    4]
 [  87    9]]
acc: 0.955
f1: 0.165
3,15,coarse : 27.24 seconds
3,15,fine : 27.25 seconds
[[1403  511]
 [  14   82]]
acc: 0.739
f1: 0.238
[[1909    5]
 [  85   11]]
acc: 0.955
f1: 0.196
3,16,coarse : 27.28 seconds
3,16,fine : 27.28 seconds
[[1403  511]
 [  18   78]]
acc: 0.737
f1: 0.228
[[1908    6]
 [  85   11]]
acc: 0.955
f1: 0.195
3,17,coarse : 27.64 seconds
3,17,fine : 27.64 seconds
[[1398  516]
 [  18   78]]
acc: 0.734
f1: 0.226
[[1908    6]
 [  85   11]]
acc: 0.955
f1: 0.195
3,18,coarse : 27.12 seconds
3,18,fine : 27.13 seconds
[[1394  520]
 [  18   78]]
acc: 0.732
f1: 0.225
[[1908    6]
 [  85   11]]
acc: 0.955
f1: 0.195
3,19,coarse : 27.01 seconds
3,19,fine : 27.02 seconds
[[1393  521]
 [  15   81]]
acc: 0.733
f1: 0.232
[[1908    6]
 [  85   11]]
acc: 0.955
f1: 0.195
3,20,coarse : 27.29 seconds
3,20,fine : 27.29 seconds
[[1399  515]
 [  16   80]]
acc: 0.736
f1: 0.232
[[1908    6]
 [  85   11]]
acc: 0.955
f1: 0.195
3,21,coarse : 26.9 seconds
3,21,fine : 26.9 seconds
[[1410  504]
 [  16   80]]
acc: 0.741
f1: 0.235
[[1908    6]
 [  85   11]]
acc: 0.955
f1: 0.195
3,22,coarse : 26.79 seconds
3,22,fine : 26.79 seconds
[[1403  511]
 [  16   80]]
acc: 0.738
f1: 0.233
[[1909    5]
 [  86   10]]
acc: 0.955
f1: 0.180
3,23,coarse : 27.4 seconds
3,23,fine : 27.41 seconds
[[1413  501]
 [  17   79]]
acc: 0.742
f1: 0.234
[[1909    5]
 [  85   11]]
acc: 0.955
f1: 0.196
3,24,coarse : 26.86 seconds
3,24,fine : 26.86 seconds
[[1416  498]
 [  16   80]]
acc: 0.744
f1: 0.237
[[1908    6]
 [  84   12]]
acc: 0.955
f1: 0.211
3,25,coarse : 26.92 seconds
3,25,fine : 26.92 seconds
[[1414  500]
 [  17   79]]
acc: 0.743
f1: 0.234
[[1908    6]
 [  85   11]]
acc: 0.955
f1: 0.195
3,26,coarse : 27.18 seconds
3,26,fine : 27.18 seconds
[[1419  495]
 [  18   78]]
acc: 0.745
f1: 0.233
[[1909    5]
 [  84   12]]
acc: 0.956
f1: 0.212
3,27,coarse : 26.9 seconds
3,27,fine : 26.9 seconds
[[1422  492]
 [  17   79]]
acc: 0.747
f1: 0.237
[[1908    6]
 [  85   11]]
acc: 0.955
f1: 0.195
3,28,coarse : 26.81 seconds
3,28,fine : 26.81 seconds
[[1417  497]
 [  15   81]]
acc: 0.745
f1: 0.240
[[1908    6]
 [  84   12]]
acc: 0.955
f1: 0.211
3,29,coarse : 27.0 seconds
3,29,fine : 27.0 seconds
[[1433  481]
 [  16   80]]
acc: 0.753
f1: 0.244
[[1906    8]
 [  84   12]]
acc: 0.954
f1: 0.207
3,30,coarse : 26.69 seconds
3,30,fine : 26.69 seconds
[[1445  469]
 [  16   80]]
acc: 0.759
f1: 0.248
[[1906    8]
 [  84   12]]
acc: 0.954
f1: 0.207
3,31,coarse : 26.65 seconds
3,31,fine : 26.65 seconds
[[1443  471]
 [  16   80]]
acc: 0.758
f1: 0.247
[[1905    9]
 [  83   13]]
acc: 0.954
f1: 0.220
3,32,coarse : 26.52 seconds
3,32,fine : 26.53 seconds
[[1445  469]
 [  16   80]]
acc: 0.759
f1: 0.248
[[1906    8]
 [  82   14]]
acc: 0.955
f1: 0.237
3,33,coarse : 27.09 seconds
3,33,fine : 27.09 seconds
[[1447  467]
 [  16   80]]
acc: 0.760
f1: 0.249
[[1906    8]
 [  82   14]]
acc: 0.955
f1: 0.237
3,34,coarse : 26.63 seconds
3,34,fine : 26.63 seconds
[[1451  463]
 [  17   79]]
acc: 0.761
f1: 0.248
[[1906    8]
 [  82   14]]
acc: 0.955
f1: 0.237
3,35,coarse : 26.62 seconds
3,35,fine : 26.63 seconds
[[1444  470]
 [  15   81]]
acc: 0.759
f1: 0.250
[[1907    7]
 [  82   14]]
acc: 0.956
f1: 0.239
3,36,coarse : 27.25 seconds
3,36,fine : 27.26 seconds
[[1451  463]
 [  16   80]]
acc: 0.762
f1: 0.250
[[1906    8]
 [  82   14]]
acc: 0.955
f1: 0.237
3,37,coarse : 26.72 seconds
3,37,fine : 26.73 seconds
[[1448  466]
 [  16   80]]
acc: 0.760
f1: 0.249
[[1904   10]
 [  81   15]]
acc: 0.955
f1: 0.248
3,38,coarse : 26.7 seconds
3,38,fine : 26.71 seconds
[[1441  473]
 [  17   79]]
acc: 0.756
f1: 0.244
[[1904   10]
 [  81   15]]
acc: 0.955
f1: 0.248
3,39,coarse : 26.66 seconds
3,39,fine : 26.67 seconds
[[1445  469]
 [  16   80]]
acc: 0.759
f1: 0.248
[[1904   10]
 [  81   15]]
acc: 0.955
f1: 0.248
3,40,coarse : 27.01 seconds
3,40,fine : 27.02 seconds
[[1441  473]
 [  16   80]]
acc: 0.757
f1: 0.247
[[1903   11]
 [  79   17]]
acc: 0.955
f1: 0.274
3,41,coarse : 26.62 seconds
3,41,fine : 26.63 seconds
[[1450  464]
 [  16   80]]
acc: 0.761
f1: 0.250
[[1903   11]
 [  79   17]]
acc: 0.955
f1: 0.274
3,42,coarse : 26.97 seconds
3,42,fine : 26.97 seconds
[[1462  452]
 [  18   78]]
acc: 0.766
f1: 0.249
[[1903   11]
 [  79   17]]
acc: 0.955
f1: 0.274
3,43,coarse : 27.45 seconds
3,43,fine : 27.46 seconds
[[1455  459]
 [  16   80]]
acc: 0.764
f1: 0.252
[[1903   11]
 [  79   17]]
acc: 0.955
f1: 0.274
3,44,coarse : 26.97 seconds
3,44,fine : 26.98 seconds
[[1459  455]
 [  16   80]]
acc: 0.766
f1: 0.254
[[1902   12]
 [  78   18]]
acc: 0.955
f1: 0.286
3,45,coarse : 27.12 seconds
3,45,fine : 27.13 seconds
[[1461  453]
 [  17   79]]
acc: 0.766
f1: 0.252
[[1901   13]
 [  78   18]]
acc: 0.955
f1: 0.283
3,46,coarse : 27.38 seconds
3,46,fine : 27.39 seconds
[[1460  454]
 [  18   78]]
acc: 0.765
f1: 0.248
[[1901   13]
 [  77   19]]
acc: 0.955
f1: 0.297
3,47,coarse : 27.84 seconds
3,47,fine : 27.85 seconds
[[1464  450]
 [  15   81]]
acc: 0.769
f1: 0.258
[[1902   12]
 [  76   20]]
acc: 0.956
f1: 0.312
3,48,coarse : 27.44 seconds
3,48,fine : 27.45 seconds
[[1469  445]
 [  15   81]]
acc: 0.771
f1: 0.260
[[1900   14]
 [  75   21]]
acc: 0.956
f1: 0.321
3,49,coarse : 27.54 seconds
3,49,fine : 27.55 seconds
[[1468  446]
 [  15   81]]
acc: 0.771
f1: 0.260
[[1899   15]
 [  75   21]]
acc: 0.955
f1: 0.318
3,50,coarse : 29.74 seconds
3,50,fine : 29.75 seconds
[[1474  440]
 [  15   81]]
acc: 0.774
f1: 0.263
[[1900   14]
 [  75   21]]
acc: 0.956
f1: 0.321
3,51,coarse : 27.73 seconds
3,51,fine : 27.74 seconds
[[1470  444]
 [  15   81]]
acc: 0.772
f1: 0.261
[[1897   17]
 [  75   21]]
acc: 0.954
f1: 0.313
3,52,coarse : 28.19 seconds
3,52,fine : 28.2 seconds
[[1471  443]
 [  15   81]]
acc: 0.772
f1: 0.261
[[1898   16]
 [  74   22]]
acc: 0.955
f1: 0.328
3,53,coarse : 28.34 seconds
3,53,fine : 28.35 seconds
[[1474  440]
 [  16   80]]
acc: 0.773
f1: 0.260
[[1895   19]
 [  74   22]]
acc: 0.954
f1: 0.321
3,54,coarse : 27.9 seconds
3,54,fine : 27.91 seconds
[[1466  448]
 [  17   79]]
acc: 0.769
f1: 0.254
[[1895   19]
 [  75   21]]
acc: 0.953
f1: 0.309
3,55,coarse : 27.81 seconds
3,55,fine : 27.82 seconds
[[1474  440]
 [  17   79]]
acc: 0.773
f1: 0.257
[[1894   20]
 [  73   23]]
acc: 0.954
f1: 0.331
3,56,coarse : 27.86 seconds
3,56,fine : 27.87 seconds
[[1471  443]
 [  16   80]]
acc: 0.772
f1: 0.258
[[1894   20]
 [  74   22]]
acc: 0.953
f1: 0.319
3,57,coarse : 28.09 seconds
3,57,fine : 28.1 seconds
[[1470  444]
 [  17   79]]
acc: 0.771
f1: 0.255
[[1894   20]
 [  73   23]]
acc: 0.954
f1: 0.331
3,58,coarse : 27.57 seconds
3,58,fine : 27.59 seconds
[[1472  442]
 [  17   79]]
acc: 0.772
f1: 0.256
[[1894   20]
 [  74   22]]
acc: 0.953
f1: 0.319
3,59,coarse : 27.66 seconds
3,59,fine : 27.67 seconds
[[1464  450]
 [  18   78]]
acc: 0.767
f1: 0.250
[[1894   20]
 [  73   23]]
acc: 0.954
f1: 0.331
3,60,coarse : 27.6 seconds
3,60,fine : 27.61 seconds
[[1469  445]
 [  18   78]]
acc: 0.770
f1: 0.252
[[1894   20]
 [  73   23]]
acc: 0.954
f1: 0.331
3,61,coarse : 27.37 seconds
3,61,fine : 27.38 seconds
[[1463  451]
 [  16   80]]
acc: 0.768
f1: 0.255
[[1894   20]
 [  73   23]]
acc: 0.954
f1: 0.331
3,62,coarse : 26.95 seconds
3,62,fine : 26.96 seconds
[[1464  450]
 [  15   81]]
acc: 0.769
f1: 0.258
[[1894   20]
 [  73   23]]
acc: 0.954
f1: 0.331
3,63,coarse : 26.81 seconds
3,63,fine : 26.82 seconds
[[1465  449]
 [  15   81]]
acc: 0.769
f1: 0.259
[[1893   21]
 [  73   23]]
acc: 0.953
f1: 0.329
3,64,coarse : 26.74 seconds
3,64,fine : 26.75 seconds
[[1473  441]
 [  16   80]]
acc: 0.773
f1: 0.259
[[1892   22]
 [  73   23]]
acc: 0.953
f1: 0.326
3,65,coarse : 27.09 seconds
3,65,fine : 27.1 seconds
[[1473  441]
 [  16   80]]
acc: 0.773
f1: 0.259
[[1891   23]
 [  74   22]]
acc: 0.952
f1: 0.312
3,66,coarse : 27.21 seconds
3,66,fine : 27.22 seconds
[[1470  444]
 [  16   80]]
acc: 0.771
f1: 0.258
[[1891   23]
 [  73   23]]
acc: 0.952
f1: 0.324
3,67,coarse : 26.88 seconds
3,67,fine : 26.89 seconds
[[1469  445]
 [  17   79]]
acc: 0.770
f1: 0.255
[[1890   24]
 [  73   23]]
acc: 0.952
f1: 0.322
3,68,coarse : 27.48 seconds
3,68,fine : 27.49 seconds
[[1467  447]
 [  15   81]]
acc: 0.770
f1: 0.260
[[1890   24]
 [  73   23]]
acc: 0.952
f1: 0.322
3,69,coarse : 27.34 seconds
3,69,fine : 27.35 seconds
[[1468  446]
 [  15   81]]
acc: 0.771
f1: 0.260
[[1889   25]
 [  73   23]]
acc: 0.951
f1: 0.319
3,70,coarse : 28.26 seconds
3,70,fine : 28.27 seconds
[[1468  446]
 [  16   80]]
acc: 0.770
f1: 0.257
[[1889   25]
 [  73   23]]
acc: 0.951
f1: 0.319
3,71,coarse : 28.29 seconds
3,71,fine : 28.3 seconds
[[1474  440]
 [  16   80]]
acc: 0.773
f1: 0.260
[[1890   24]
 [  71   25]]
acc: 0.953
f1: 0.345
3,72,coarse : 28.58 seconds
3,72,fine : 28.59 seconds
[[1480  434]
 [  15   81]]
acc: 0.777
f1: 0.265
[[1888   26]
 [  69   27]]
acc: 0.953
f1: 0.362
3,73,coarse : 28.63 seconds
3,73,fine : 28.64 seconds
[[1477  437]
 [  15   81]]
acc: 0.775
f1: 0.264
[[1888   26]
 [  69   27]]
acc: 0.953
f1: 0.362
3,74,coarse : 29.02 seconds
3,74,fine : 29.03 seconds
[[1470  444]
 [  15   81]]
acc: 0.772
f1: 0.261
[[1888   26]
 [  69   27]]
acc: 0.953
f1: 0.362
3,75,coarse : 29.46 seconds
3,75,fine : 29.47 seconds
[[1466  448]
 [  16   80]]
acc: 0.769
f1: 0.256
[[1888   26]
 [  70   26]]
acc: 0.952
f1: 0.351
3,76,coarse : 29.23 seconds
3,76,fine : 29.24 seconds
[[1470  444]
 [  16   80]]
acc: 0.771
f1: 0.258
[[1888   26]
 [  70   26]]
acc: 0.952
f1: 0.351
3,77,coarse : 29.63 seconds
3,77,fine : 29.64 seconds
[[1472  442]
 [  16   80]]
acc: 0.772
f1: 0.259
[[1888   26]
 [  70   26]]
acc: 0.952
f1: 0.351
3,78,coarse : 29.57 seconds
3,78,fine : 29.59 seconds
[[1469  445]
 [  17   79]]
acc: 0.770
f1: 0.255
[[1888   26]
 [  70   26]]
acc: 0.952
f1: 0.351
3,79,coarse : 29.73 seconds
3,79,fine : 29.74 seconds
[[1466  448]
 [  17   79]]
acc: 0.769
f1: 0.254
[[1888   26]
 [  69   27]]
acc: 0.953
f1: 0.362
3,80,coarse : 29.99 seconds
3,80,fine : 30.0 seconds
[[1466  448]
 [  16   80]]
acc: 0.769
f1: 0.256
[[1888   26]
 [  69   27]]
acc: 0.953
f1: 0.362
3,81,coarse : 30.43 seconds
3,81,fine : 30.44 seconds
[[1465  449]
 [  15   81]]
acc: 0.769
f1: 0.259
[[1887   27]
 [  69   27]]
acc: 0.952
f1: 0.360
3,82,coarse : 30.42 seconds
3,82,fine : 30.44 seconds
[[1465  449]
 [  15   81]]
acc: 0.769
f1: 0.259
[[1887   27]
 [  69   27]]
acc: 0.952
f1: 0.360
3,83,coarse : 30.29 seconds
3,83,fine : 30.3 seconds
[[1462  452]
 [  15   81]]
acc: 0.768
f1: 0.258
[[1886   28]
 [  69   27]]
acc: 0.952
f1: 0.358
3,84,coarse : 29.94 seconds
3,84,fine : 29.96 seconds
[[1470  444]
 [  15   81]]
acc: 0.772
f1: 0.261
[[1886   28]
 [  69   27]]
acc: 0.952
f1: 0.358
3,85,coarse : 30.36 seconds
3,85,fine : 30.37 seconds
[[1467  447]
 [  17   79]]
acc: 0.769
f1: 0.254
[[1886   28]
 [  69   27]]
acc: 0.952
f1: 0.358
3,86,coarse : 29.95 seconds
3,86,fine : 29.96 seconds
[[1476  438]
 [  16   80]]
acc: 0.774
f1: 0.261
[[1886   28]
 [  69   27]]
acc: 0.952
f1: 0.358
3,87,coarse : 29.83 seconds
3,87,fine : 29.84 seconds
[[1474  440]
 [  15   81]]
acc: 0.774
f1: 0.263
[[1886   28]
 [  68   28]]
acc: 0.952
f1: 0.368
3,88,coarse : 30.57 seconds
3,88,fine : 30.58 seconds
[[1468  446]
 [  15   81]]
acc: 0.771
f1: 0.260
[[1885   29]
 [  68   28]]
acc: 0.952
f1: 0.366
3,89,coarse : 30.52 seconds
3,89,fine : 30.53 seconds
[[1470  444]
 [  15   81]]
acc: 0.772
f1: 0.261
[[1884   30]
 [  68   28]]
acc: 0.951
f1: 0.364
3,90,coarse : 30.64 seconds
3,90,fine : 30.65 seconds
[[1472  442]
 [  15   81]]
acc: 0.773
f1: 0.262
[[1886   28]
 [  68   28]]
acc: 0.952
f1: 0.368
3,91,coarse : 31.34 seconds
3,91,fine : 31.35 seconds
[[1465  449]
 [  15   81]]
acc: 0.769
f1: 0.259
[[1885   29]
 [  68   28]]
acc: 0.952
f1: 0.366
3,92,coarse : 30.82 seconds
3,92,fine : 30.83 seconds
[[1469  445]
 [  15   81]]
acc: 0.771
f1: 0.260
[[1883   31]
 [  68   28]]
acc: 0.951
f1: 0.361
3,93,coarse : 30.61 seconds
3,93,fine : 30.62 seconds
[[1467  447]
 [  15   81]]
acc: 0.770
f1: 0.260
[[1881   33]
 [  67   29]]
acc: 0.950
f1: 0.367
3,94,coarse : 31.37 seconds
3,94,fine : 31.38 seconds
[[1468  446]
 [  15   81]]
acc: 0.771
f1: 0.260
[[1881   33]
 [  66   30]]
acc: 0.951
f1: 0.377
3,95,coarse : 31.22 seconds
3,95,fine : 31.23 seconds
[[1475  439]
 [  15   81]]
acc: 0.774
f1: 0.263
[[1881   33]
 [  66   30]]
acc: 0.951
f1: 0.377
3,96,coarse : 31.43 seconds
3,96,fine : 31.44 seconds
[[1471  443]
 [  15   81]]
acc: 0.772
f1: 0.261
[[1881   33]
 [  65   31]]
acc: 0.951
f1: 0.388
3,97,coarse : 31.43 seconds
3,97,fine : 31.45 seconds
[[1469  445]
 [  15   81]]
acc: 0.771
f1: 0.260
[[1879   35]
 [  65   31]]
acc: 0.950
f1: 0.383
3,98,coarse : 31.26 seconds
3,98,fine : 31.28 seconds
[[1470  444]
 [  15   81]]
acc: 0.772
f1: 0.261
[[1879   35]
 [  65   31]]
acc: 0.950
f1: 0.383
3,99,coarse : 31.31 seconds
3,99,fine : 31.33 seconds
[[1463  451]
 [  15   81]]
acc: 0.768
f1: 0.258
[[1877   37]
 [  62   34]]
acc: 0.951
f1: 0.407
3,100,coarse : 33.33 seconds
3,100,fine : 33.34 seconds
[[1470  444]
 [  14   82]]
acc: 0.772
f1: 0.264
[[1879   35]
 [  64   32]]
acc: 0.951
f1: 0.393
3,101,coarse : 31.34 seconds
3,101,fine : 31.36 seconds
[[1469  445]
 [  14   82]]
acc: 0.772
f1: 0.263
[[1878   36]
 [  64   32]]
acc: 0.950
f1: 0.390
3,102,coarse : 32.29 seconds
3,102,fine : 32.31 seconds
[[1471  443]
 [  14   82]]
acc: 0.773
f1: 0.264
[[1877   37]
 [  65   31]]
acc: 0.949
f1: 0.378
3,103,coarse : 31.07 seconds
3,103,fine : 31.08 seconds
[[1469  445]
 [  14   82]]
acc: 0.772
f1: 0.263
[[1876   38]
 [  64   32]]
acc: 0.949
f1: 0.386
3,104,coarse : 31.0 seconds
3,104,fine : 31.01 seconds
[[1470  444]
 [  14   82]]
acc: 0.772
f1: 0.264
[[1876   38]
 [  64   32]]
acc: 0.949
f1: 0.386
3,105,coarse : 31.75 seconds
3,105,fine : 31.77 seconds
[[1472  442]
 [  14   82]]
acc: 0.773
f1: 0.265
[[1876   38]
 [  64   32]]
acc: 0.949
f1: 0.386
3,106,coarse : 31.1 seconds
3,106,fine : 31.12 seconds
[[1469  445]
 [  14   82]]
acc: 0.772
f1: 0.263
[[1876   38]
 [  64   32]]
acc: 0.949
f1: 0.386
3,107,coarse : 31.23 seconds
3,107,fine : 31.24 seconds
[[1459  455]
 [  14   82]]
acc: 0.767
f1: 0.259
[[1875   39]
 [  64   32]]
acc: 0.949
f1: 0.383
3,108,coarse : 30.78 seconds
3,108,fine : 30.8 seconds
[[1460  454]
 [  14   82]]
acc: 0.767
f1: 0.259
[[1873   41]
 [  63   33]]
acc: 0.948
f1: 0.388
3,109,coarse : 31.68 seconds
3,109,fine : 31.7 seconds
[[1464  450]
 [  15   81]]
acc: 0.769
f1: 0.258
[[1874   40]
 [  62   34]]
acc: 0.949
f1: 0.400
3,110,coarse : 31.23 seconds
3,110,fine : 31.25 seconds
[[1464  450]
 [  15   81]]
acc: 0.769
f1: 0.258
[[1872   42]
 [  61   35]]
acc: 0.949
f1: 0.405
3,111,coarse : 31.37 seconds
3,111,fine : 31.39 seconds
[[1465  449]
 [  15   81]]
acc: 0.769
f1: 0.259
[[1872   42]
 [  62   34]]
acc: 0.948
f1: 0.395
3,112,coarse : 31.28 seconds
3,112,fine : 31.3 seconds
[[1460  454]
 [  14   82]]
acc: 0.767
f1: 0.259
[[1870   44]
 [  62   34]]
acc: 0.947
f1: 0.391
3,113,coarse : 31.19 seconds
3,113,fine : 31.21 seconds
[[1467  447]
 [  14   82]]
acc: 0.771
f1: 0.262
[[1870   44]
 [  62   34]]
acc: 0.947
f1: 0.391
3,114,coarse : 31.01 seconds
3,114,fine : 31.03 seconds
[[1470  444]
 [  14   82]]
acc: 0.772
f1: 0.264
[[1869   45]
 [  61   35]]
acc: 0.947
f1: 0.398
3,115,coarse : 31.17 seconds
3,115,fine : 31.19 seconds
[[1470  444]
 [  14   82]]
acc: 0.772
f1: 0.264
[[1867   47]
 [  59   37]]
acc: 0.947
f1: 0.411
3,116,coarse : 32.14 seconds
3,116,fine : 32.16 seconds
[[1472  442]
 [  14   82]]
acc: 0.773
f1: 0.265
[[1867   47]
 [  59   37]]
acc: 0.947
f1: 0.411
3,117,coarse : 32.98 seconds
3,117,fine : 33.0 seconds
[[1475  439]
 [  15   81]]
acc: 0.774
f1: 0.263
[[1870   44]
 [  58   38]]
acc: 0.949
f1: 0.427
3,118,coarse : 32.44 seconds
3,118,fine : 32.46 seconds
[[1476  438]
 [  15   81]]
acc: 0.775
f1: 0.263
[[1869   45]
 [  57   39]]
acc: 0.949
f1: 0.433
3,119,coarse : 32.91 seconds
3,119,fine : 32.93 seconds
[[1479  435]
 [  15   81]]
acc: 0.776
f1: 0.265
[[1866   48]
 [  57   39]]
acc: 0.948
f1: 0.426
3,120,coarse : 33.17 seconds
3,120,fine : 33.19 seconds
[[1476  438]
 [  15   81]]
acc: 0.775
f1: 0.263
[[1866   48]
 [  57   39]]
acc: 0.948
f1: 0.426
3,121,coarse : 33.1 seconds
3,121,fine : 33.12 seconds
[[1478  436]
 [  15   81]]
acc: 0.776
f1: 0.264
[[1865   49]
 [  57   39]]
acc: 0.947
f1: 0.424
3,122,coarse : 33.7 seconds
3,122,fine : 33.72 seconds
[[1478  436]
 [  16   80]]
acc: 0.775
f1: 0.261
[[1866   48]
 [  57   39]]
acc: 0.948
f1: 0.426
3,123,coarse : 33.63 seconds
3,123,fine : 33.65 seconds
[[1482  432]
 [  16   80]]
acc: 0.777
f1: 0.263
[[1866   48]
 [  57   39]]
acc: 0.948
f1: 0.426
3,124,coarse : 33.81 seconds
3,124,fine : 33.83 seconds
[[1485  429]
 [  16   80]]
acc: 0.779
f1: 0.264
[[1866   48]
 [  57   39]]
acc: 0.948
f1: 0.426
3,125,coarse : 34.42 seconds
3,125,fine : 34.44 seconds
[[1484  430]
 [  16   80]]
acc: 0.778
f1: 0.264
[[1864   50]
 [  57   39]]
acc: 0.947
f1: 0.422
3,126,coarse : 34.77 seconds
3,126,fine : 34.78 seconds
[[1484  430]
 [  15   81]]
acc: 0.779
f1: 0.267
[[1862   52]
 [  57   39]]
acc: 0.946
f1: 0.417
3,127,coarse : 35.36 seconds
3,127,fine : 35.38 seconds
[[1480  434]
 [  14   82]]
acc: 0.777
f1: 0.268
[[1864   50]
 [  57   39]]
acc: 0.947
f1: 0.422
3,128,coarse : 35.13 seconds
3,128,fine : 35.15 seconds
[[1482  432]
 [  14   82]]
acc: 0.778
f1: 0.269
[[1862   52]
 [  57   39]]
acc: 0.946
f1: 0.417
3,129,coarse : 34.96 seconds
3,129,fine : 34.98 seconds
[[1482  432]
 [  14   82]]
acc: 0.778
f1: 0.269
[[1861   53]
 [  57   39]]
acc: 0.945
f1: 0.415
3,130,coarse : 35.3 seconds
3,130,fine : 35.32 seconds
[[1484  430]
 [  14   82]]
acc: 0.779
f1: 0.270
[[1860   54]
 [  56   40]]
acc: 0.945
f1: 0.421
3,131,coarse : 34.72 seconds
3,131,fine : 34.74 seconds
[[1474  440]
 [  14   82]]
acc: 0.774
f1: 0.265
[[1861   53]
 [  56   40]]
acc: 0.946
f1: 0.423
3,132,coarse : 35.37 seconds
3,132,fine : 35.38 seconds
[[1468  446]
 [  15   81]]
acc: 0.771
f1: 0.260
[[1860   54]
 [  56   40]]
acc: 0.945
f1: 0.421
3,133,coarse : 35.01 seconds
3,133,fine : 35.03 seconds
[[1467  447]
 [  14   82]]
acc: 0.771
f1: 0.262
[[1858   56]
 [  55   41]]
acc: 0.945
f1: 0.425
3,134,coarse : 34.65 seconds
3,134,fine : 34.66 seconds
[[1463  451]
 [  14   82]]
acc: 0.769
f1: 0.261
[[1858   56]
 [  56   40]]
acc: 0.944
f1: 0.417
3,135,coarse : 35.02 seconds
3,135,fine : 35.03 seconds
[[1463  451]
 [  15   81]]
acc: 0.768
f1: 0.258
[[1857   57]
 [  55   41]]
acc: 0.944
f1: 0.423
3,136,coarse : 34.29 seconds
3,136,fine : 34.31 seconds
[[1462  452]
 [  15   81]]
acc: 0.768
f1: 0.258
[[1856   58]
 [  55   41]]
acc: 0.944
f1: 0.421
3,137,coarse : 35.08 seconds
3,137,fine : 35.1 seconds
[[1461  453]
 [  15   81]]
acc: 0.767
f1: 0.257
[[1856   58]
 [  55   41]]
acc: 0.944
f1: 0.421
3,138,coarse : 35.4 seconds
3,138,fine : 35.42 seconds
[[1461  453]
 [  15   81]]
acc: 0.767
f1: 0.257
[[1855   59]
 [  56   40]]
acc: 0.943
f1: 0.410
3,139,coarse : 34.46 seconds
3,139,fine : 34.48 seconds
[[1459  455]
 [  15   81]]
acc: 0.766
f1: 0.256
[[1855   59]
 [  56   40]]
acc: 0.943
f1: 0.410
3,140,coarse : 35.67 seconds
3,140,fine : 35.69 seconds
[[1457  457]
 [  15   81]]
acc: 0.765
f1: 0.256
[[1855   59]
 [  56   40]]
acc: 0.943
f1: 0.410
3,141,coarse : 35.87 seconds
3,141,fine : 35.89 seconds
[[1458  456]
 [  15   81]]
acc: 0.766
f1: 0.256
[[1855   59]
 [  56   40]]
acc: 0.943
f1: 0.410
3,142,coarse : 36.23 seconds
3,142,fine : 36.25 seconds
[[1458  456]
 [  15   81]]
acc: 0.766
f1: 0.256
[[1855   59]
 [  56   40]]
acc: 0.943
f1: 0.410
3,143,coarse : 35.92 seconds
3,143,fine : 35.94 seconds
[[1454  460]
 [  15   81]]
acc: 0.764
f1: 0.254
[[1857   57]
 [  55   41]]
acc: 0.944
f1: 0.423
3,144,coarse : 35.27 seconds
3,144,fine : 35.29 seconds
[[1455  459]
 [  15   81]]
acc: 0.764
f1: 0.255
[[1854   60]
 [  55   41]]
acc: 0.943
f1: 0.416
3,145,coarse : 35.78 seconds
3,145,fine : 35.8 seconds
[[1455  459]
 [  15   81]]
acc: 0.764
f1: 0.255
[[1853   61]
 [  55   41]]
acc: 0.942
f1: 0.414
3,146,coarse : 36.04 seconds
3,146,fine : 36.06 seconds
[[1455  459]
 [  15   81]]
acc: 0.764
f1: 0.255
[[1853   61]
 [  54   42]]
acc: 0.943
f1: 0.422
3,147,coarse : 36.26 seconds
3,147,fine : 36.28 seconds
[[1456  458]
 [  15   81]]
acc: 0.765
f1: 0.255
[[1853   61]
 [  54   42]]
acc: 0.943
f1: 0.422
3,148,coarse : 36.54 seconds
3,148,fine : 36.56 seconds
[[1450  464]
 [  15   81]]
acc: 0.762
f1: 0.253
[[1853   61]
 [  54   42]]
acc: 0.943
f1: 0.422
3,149,coarse : 36.41 seconds
3,149,fine : 36.43 seconds
[[1454  460]
 [  15   81]]
acc: 0.764
f1: 0.254
[[1853   61]
 [  54   42]]
acc: 0.943
f1: 0.422
3,150,coarse : 38.51 seconds
3,150,fine : 38.52 seconds
[[1451  463]
 [  15   81]]
acc: 0.762
f1: 0.253
[[1853   61]
 [  54   42]]
acc: 0.943
f1: 0.422
3,151,coarse : 36.97 seconds
3,151,fine : 36.99 seconds
[[1450  464]
 [  15   81]]
acc: 0.762
f1: 0.253
[[1853   61]
 [  54   42]]
acc: 0.943
f1: 0.422
3,152,coarse : 36.61 seconds
3,152,fine : 36.63 seconds
[[1449  465]
 [  15   81]]
acc: 0.761
f1: 0.252
[[1852   62]
 [  54   42]]
acc: 0.942
f1: 0.420
3,153,coarse : 37.52 seconds
3,153,fine : 37.54 seconds
[[1448  466]
 [  15   81]]
acc: 0.761
f1: 0.252
[[1852   62]
 [  54   42]]
acc: 0.942
f1: 0.420
3,154,coarse : 37.74 seconds
3,154,fine : 37.76 seconds
[[1448  466]
 [  15   81]]
acc: 0.761
f1: 0.252
[[1851   63]
 [  54   42]]
acc: 0.942
f1: 0.418
3,155,coarse : 38.03 seconds
3,155,fine : 38.05 seconds
[[1449  465]
 [  15   81]]
acc: 0.761
f1: 0.252
[[1850   64]
 [  53   43]]
acc: 0.942
f1: 0.424
3,156,coarse : 38.57 seconds
3,156,fine : 38.6 seconds
[[1447  467]
 [  15   81]]
acc: 0.760
f1: 0.252
[[1849   65]
 [  53   43]]
acc: 0.941
f1: 0.422
3,157,coarse : 38.47 seconds
3,157,fine : 38.49 seconds
[[1446  468]
 [  15   81]]
acc: 0.760
f1: 0.251
[[1851   63]
 [  53   43]]
acc: 0.942
f1: 0.426
3,158,coarse : 37.8 seconds
3,158,fine : 37.83 seconds
[[1446  468]
 [  15   81]]
acc: 0.760
f1: 0.251
[[1851   63]
 [  53   43]]
acc: 0.942
f1: 0.426
3,159,coarse : 38.75 seconds
3,159,fine : 38.77 seconds
[[1445  469]
 [  15   81]]
acc: 0.759
f1: 0.251
[[1851   63]
 [  53   43]]
acc: 0.942
f1: 0.426
3,160,coarse : 38.4 seconds
3,160,fine : 38.42 seconds
[[1445  469]
 [  16   80]]
acc: 0.759
f1: 0.248
[[1851   63]
 [  52   44]]
acc: 0.943
f1: 0.433
3,161,coarse : 38.71 seconds
3,161,fine : 38.73 seconds
[[1448  466]
 [  16   80]]
acc: 0.760
f1: 0.249
[[1851   63]
 [  52   44]]
acc: 0.943
f1: 0.433
3,162,coarse : 38.78 seconds
3,162,fine : 38.8 seconds
[[1445  469]
 [  16   80]]
acc: 0.759
f1: 0.248
[[1851   63]
 [  52   44]]
acc: 0.943
f1: 0.433
3,163,coarse : 38.89 seconds
3,163,fine : 38.91 seconds
[[1444  470]
 [  16   80]]
acc: 0.758
f1: 0.248
[[1851   63]
 [  52   44]]
acc: 0.943
f1: 0.433
3,164,coarse : 39.75 seconds
3,164,fine : 39.78 seconds
[[1446  468]
 [  16   80]]
acc: 0.759
f1: 0.248
[[1851   63]
 [  52   44]]
acc: 0.943
f1: 0.433
3,165,coarse : 39.14 seconds
3,165,fine : 39.16 seconds
[[1448  466]
 [  16   80]]
acc: 0.760
f1: 0.249
[[1851   63]
 [  50   46]]
acc: 0.944
f1: 0.449
3,166,coarse : 39.4 seconds
3,166,fine : 39.42 seconds
[[1444  470]
 [  16   80]]
acc: 0.758
f1: 0.248
[[1850   64]
 [  49   47]]
acc: 0.944
f1: 0.454
3,167,coarse : 39.3 seconds
3,167,fine : 39.32 seconds
[[1445  469]
 [  16   80]]
acc: 0.759
f1: 0.248
[[1849   65]
 [  49   47]]
acc: 0.943
f1: 0.452
3,168,coarse : 39.2 seconds
3,168,fine : 39.22 seconds
[[1444  470]
 [  16   80]]
acc: 0.758
f1: 0.248
[[1849   65]
 [  48   48]]
acc: 0.944
f1: 0.459
3,169,coarse : 39.51 seconds
3,169,fine : 39.53 seconds
[[1445  469]
 [  16   80]]
acc: 0.759
f1: 0.248
[[1848   66]
 [  47   49]]
acc: 0.944
f1: 0.464
3,170,coarse : 39.6 seconds
3,170,fine : 39.62 seconds
[[1442  472]
 [  16   80]]
acc: 0.757
f1: 0.247
[[1846   68]
 [  47   49]]
acc: 0.943
f1: 0.460
3,171,coarse : 40.45 seconds
3,171,fine : 40.47 seconds
[[1442  472]
 [  16   80]]
acc: 0.757
f1: 0.247
[[1845   69]
 [  45   51]]
acc: 0.943
f1: 0.472
3,172,coarse : 36.08 seconds
3,172,fine : 36.1 seconds
