all           0      1    2    3    4    5    6    7    8    
1      2010   1914   1    19   32   19   1    11   6    7    
2      2010   1914   1    19   32   19   1    11   6    7    
3      2010   1914   1    19   32   19   1    11   5    8    
4      2010   1914   1    19   32   19   1    10   6    8    
5      2010   1914   1    18   33   19   1    10   6    8    
6      2010   1914   1    18   33   19   1    10   6    8    
7      2010   1913   2    18   33   19   1    10   6    8    
8      2010   1913   2    18   33   19   1    10   6    8    
9      2009   1913   2    18   32   19   2    10   6    7    
10     2009   1913   1    19   32   19   1    11   6    7    
Total  20098  19136  13   185  324  190  11   104  59   76   
train         0      1    2    3    4    5    6    7    8    
1      2010   1914   1    19   32   19   1    11   6    7    
2      2010   1914   1    19   32   19   1    11   6    7    
3      2010   1914   1    19   32   19   1    11   5    8    
4      2010   1914   1    19   32   19   1    10   6    8    
5      2010   1914   1    18   33   19   1    10   6    8    
7      2010   1913   2    18   33   19   1    10   6    8    
8      2010   1913   2    18   33   19   1    10   6    8    
9      2009   1913   2    18   32   19   2    10   6    7    
10     2009   1913   1    19   32   19   1    11   6    7    
Total  18088  17222  12   167  291  171  10   94   53   68   
test          0      1    2    3    4    5    6    7    8    
6      2010   1914   1    18   33   19   1    10   6    8    
Total  2010   1914   1    18   33   19   1    10   6    8    
Classes             
0         17222     
1         12        
2         167       
3         291       
4         171       
5         10        
6         94        
7         53        
8         68        
Total     18088     

Shape: 450       

[952, 10, 11, 16, 11, 10, 10, 10, 10]
Sum start => 1040
[[1221  693]
 [  20   76]]
acc: 0.645
f1: 0.176
[[1870   44]
 [  87    9]]
acc: 0.935
f1: 0.121
6,1,coarse : 27.45 seconds
6,1,fine : 27.46 seconds
[[1221  693]
 [  20   76]]
acc: 0.645
f1: 0.176
[[1870   44]
 [  87    9]]
acc: 0.935
f1: 0.121
6,2,coarse : 28.39 seconds
6,2,fine : 28.39 seconds
[[1253  661]
 [  20   76]]
acc: 0.661
f1: 0.182
[[1898   16]
 [  88    8]]
acc: 0.948
f1: 0.133
6,3,coarse : 26.63 seconds
6,3,fine : 26.63 seconds
[[1261  653]
 [  20   76]]
acc: 0.665
f1: 0.184
[[1906    8]
 [  89    7]]
acc: 0.952
f1: 0.126
6,4,coarse : 26.6 seconds
6,4,fine : 26.6 seconds
[[1275  639]
 [  20   76]]
acc: 0.672
f1: 0.187
[[1903   11]
 [  86   10]]
acc: 0.952
f1: 0.171
6,5,coarse : 26.61 seconds
6,5,fine : 26.62 seconds
[[1319  595]
 [  20   76]]
acc: 0.694
f1: 0.198
[[1905    9]
 [  91    5]]
acc: 0.950
f1: 0.091
6,6,coarse : 26.25 seconds
6,6,fine : 26.25 seconds
[[1345  569]
 [  20   76]]
acc: 0.707
f1: 0.205
[[1907    7]
 [  89    7]]
acc: 0.952
f1: 0.127
6,7,coarse : 26.28 seconds
6,7,fine : 26.28 seconds
[[1343  571]
 [  21   75]]
acc: 0.705
f1: 0.202
[[1907    7]
 [  90    6]]
acc: 0.952
f1: 0.110
6,8,coarse : 26.71 seconds
6,8,fine : 26.71 seconds
[[1356  558]
 [  22   74]]
acc: 0.711
f1: 0.203
[[1905    9]
 [  89    7]]
acc: 0.951
f1: 0.125
6,9,coarse : 26.54 seconds
6,9,fine : 26.54 seconds
[[1383  531]
 [  22   74]]
acc: 0.725
f1: 0.211
[[1904   10]
 [  85   11]]
acc: 0.953
f1: 0.188
6,10,coarse : 26.6 seconds
6,10,fine : 26.61 seconds
[[1369  545]
 [  22   74]]
acc: 0.718
f1: 0.207
[[1904   10]
 [  86   10]]
acc: 0.952
f1: 0.172
6,11,coarse : 27.1 seconds
6,11,fine : 27.11 seconds
[[1376  538]
 [  21   75]]
acc: 0.722
f1: 0.212
[[1905    9]
 [  82   14]]
acc: 0.955
f1: 0.235
6,12,coarse : 26.72 seconds
6,12,fine : 26.72 seconds
[[1395  519]
 [  22   74]]
acc: 0.731
f1: 0.215
[[1906    8]
 [  84   12]]
acc: 0.954
f1: 0.207
6,13,coarse : 26.88 seconds
6,13,fine : 26.88 seconds
[[1390  524]
 [  21   75]]
acc: 0.729
f1: 0.216
[[1903   11]
 [  82   14]]
acc: 0.954
f1: 0.231
6,14,coarse : 27.33 seconds
6,14,fine : 27.33 seconds
[[1395  519]
 [  20   76]]
acc: 0.732
f1: 0.220
[[1905    9]
 [  84   12]]
acc: 0.954
f1: 0.205
6,15,coarse : 26.78 seconds
6,15,fine : 26.78 seconds
[[1396  518]
 [  19   77]]
acc: 0.733
f1: 0.223
[[1908    6]
 [  85   11]]
acc: 0.955
f1: 0.195
6,16,coarse : 26.75 seconds
6,16,fine : 26.76 seconds
[[1399  515]
 [  21   75]]
acc: 0.733
f1: 0.219
[[1906    8]
 [  84   12]]
acc: 0.954
f1: 0.207
6,17,coarse : 27.29 seconds
6,17,fine : 27.29 seconds
[[1415  499]
 [  22   74]]
acc: 0.741
f1: 0.221
[[1907    7]
 [  84   12]]
acc: 0.955
f1: 0.209
6,18,coarse : 26.91 seconds
6,18,fine : 26.91 seconds
[[1399  515]
 [  20   76]]
acc: 0.734
f1: 0.221
[[1906    8]
 [  84   12]]
acc: 0.954
f1: 0.207
6,19,coarse : 26.68 seconds
6,19,fine : 26.69 seconds
[[1403  511]
 [  20   76]]
acc: 0.736
f1: 0.223
[[1906    8]
 [  84   12]]
acc: 0.954
f1: 0.207
6,20,coarse : 27.19 seconds
6,20,fine : 27.2 seconds
[[1413  501]
 [  21   75]]
acc: 0.740
f1: 0.223
[[1906    8]
 [  85   11]]
acc: 0.954
f1: 0.191
6,21,coarse : 26.83 seconds
6,21,fine : 26.84 seconds
[[1424  490]
 [  20   76]]
acc: 0.746
f1: 0.230
[[1905    9]
 [  84   12]]
acc: 0.954
f1: 0.205
6,22,coarse : 26.85 seconds
6,22,fine : 26.86 seconds
[[1437  477]
 [  21   75]]
acc: 0.752
f1: 0.231
[[1906    8]
 [  83   13]]
acc: 0.955
f1: 0.222
6,23,coarse : 27.15 seconds
6,23,fine : 27.16 seconds
[[1448  466]
 [  21   75]]
acc: 0.758
f1: 0.235
[[1906    8]
 [  83   13]]
acc: 0.955
f1: 0.222
6,24,coarse : 26.87 seconds
6,24,fine : 26.87 seconds
[[1437  477]
 [  22   74]]
acc: 0.752
f1: 0.229
[[1906    8]
 [  83   13]]
acc: 0.955
f1: 0.222
6,25,coarse : 26.84 seconds
6,25,fine : 26.85 seconds
[[1440  474]
 [  22   74]]
acc: 0.753
f1: 0.230
[[1906    8]
 [  82   14]]
acc: 0.955
f1: 0.237
6,26,coarse : 27.19 seconds
6,26,fine : 27.19 seconds
[[1441  473]
 [  22   74]]
acc: 0.754
f1: 0.230
[[1906    8]
 [  81   15]]
acc: 0.956
f1: 0.252
6,27,coarse : 26.86 seconds
6,27,fine : 26.87 seconds
[[1447  467]
 [  22   74]]
acc: 0.757
f1: 0.232
[[1906    8]
 [  81   15]]
acc: 0.956
f1: 0.252
6,28,coarse : 26.99 seconds
6,28,fine : 27.0 seconds
[[1440  474]
 [  22   74]]
acc: 0.753
f1: 0.230
[[1906    8]
 [  82   14]]
acc: 0.955
f1: 0.237
6,29,coarse : 27.32 seconds
6,29,fine : 27.33 seconds
[[1445  469]
 [  22   74]]
acc: 0.756
f1: 0.232
[[1906    8]
 [  82   14]]
acc: 0.955
f1: 0.237
6,30,coarse : 27.03 seconds
6,30,fine : 27.04 seconds
[[1451  463]
 [  22   74]]
acc: 0.759
f1: 0.234
[[1906    8]
 [  82   14]]
acc: 0.955
f1: 0.237
6,31,coarse : 26.88 seconds
6,31,fine : 26.88 seconds
[[1442  472]
 [  22   74]]
acc: 0.754
f1: 0.231
[[1906    8]
 [  81   15]]
acc: 0.956
f1: 0.252
6,32,coarse : 26.92 seconds
6,32,fine : 26.93 seconds
[[1448  466]
 [  22   74]]
acc: 0.757
f1: 0.233
[[1906    8]
 [  80   16]]
acc: 0.956
f1: 0.267
6,33,coarse : 27.43 seconds
6,33,fine : 27.44 seconds
[[1459  455]
 [  22   74]]
acc: 0.763
f1: 0.237
[[1906    8]
 [  80   16]]
acc: 0.956
f1: 0.267
6,34,coarse : 27.13 seconds
6,34,fine : 27.14 seconds
[[1465  449]
 [  22   74]]
acc: 0.766
f1: 0.239
[[1906    8]
 [  81   15]]
acc: 0.956
f1: 0.252
6,35,coarse : 26.95 seconds
6,35,fine : 26.96 seconds
[[1468  446]
 [  22   74]]
acc: 0.767
f1: 0.240
[[1906    8]
 [  82   14]]
acc: 0.955
f1: 0.237
6,36,coarse : 27.48 seconds
6,36,fine : 27.49 seconds
[[1471  443]
 [  22   74]]
acc: 0.769
f1: 0.241
[[1907    7]
 [  81   15]]
acc: 0.956
f1: 0.254
6,37,coarse : 27.17 seconds
6,37,fine : 27.18 seconds
[[1466  448]
 [  22   74]]
acc: 0.766
f1: 0.239
[[1906    8]
 [  81   15]]
acc: 0.956
f1: 0.252
6,38,coarse : 27.05 seconds
6,38,fine : 27.06 seconds
[[1471  443]
 [  22   74]]
acc: 0.769
f1: 0.241
[[1905    9]
 [  80   16]]
acc: 0.956
f1: 0.264
6,39,coarse : 27.02 seconds
6,39,fine : 27.02 seconds
[[1471  443]
 [  22   74]]
acc: 0.769
f1: 0.241
[[1905    9]
 [  81   15]]
acc: 0.955
f1: 0.250
6,40,coarse : 27.38 seconds
6,40,fine : 27.39 seconds
[[1472  442]
 [  23   73]]
acc: 0.769
f1: 0.239
[[1905    9]
 [  81   15]]
acc: 0.955
f1: 0.250
6,41,coarse : 26.94 seconds
6,41,fine : 26.95 seconds
[[1467  447]
 [  24   72]]
acc: 0.766
f1: 0.234
[[1905    9]
 [  80   16]]
acc: 0.956
f1: 0.264
6,42,coarse : 27.07 seconds
6,42,fine : 27.08 seconds
[[1470  444]
 [  24   72]]
acc: 0.767
f1: 0.235
[[1905    9]
 [  80   16]]
acc: 0.956
f1: 0.264
6,43,coarse : 27.34 seconds
6,43,fine : 27.35 seconds
[[1474  440]
 [  24   72]]
acc: 0.769
f1: 0.237
[[1905    9]
 [  79   17]]
acc: 0.956
f1: 0.279
6,44,coarse : 27.01 seconds
6,44,fine : 27.01 seconds
[[1465  449]
 [  24   72]]
acc: 0.765
f1: 0.233
[[1905    9]
 [  77   19]]
acc: 0.957
f1: 0.306
6,45,coarse : 26.95 seconds
6,45,fine : 26.96 seconds
[[1471  443]
 [  24   72]]
acc: 0.768
f1: 0.236
[[1905    9]
 [  77   19]]
acc: 0.957
f1: 0.306
6,46,coarse : 27.0 seconds
6,46,fine : 27.0 seconds
[[1475  439]
 [  24   72]]
acc: 0.770
f1: 0.237
[[1904   10]
 [  76   20]]
acc: 0.957
f1: 0.317
6,47,coarse : 27.39 seconds
6,47,fine : 27.4 seconds
[[1467  447]
 [  24   72]]
acc: 0.766
f1: 0.234
[[1903   11]
 [  76   20]]
acc: 0.957
f1: 0.315
6,48,coarse : 27.18 seconds
6,48,fine : 27.19 seconds
[[1467  447]
 [  24   72]]
acc: 0.766
f1: 0.234
[[1903   11]
 [  76   20]]
acc: 0.957
f1: 0.315
6,49,coarse : 27.27 seconds
6,49,fine : 27.28 seconds
[[1469  445]
 [  24   72]]
acc: 0.767
f1: 0.235
[[1903   11]
 [  78   18]]
acc: 0.956
f1: 0.288
6,50,coarse : 29.41 seconds
6,50,fine : 29.41 seconds
[[1464  450]
 [  24   72]]
acc: 0.764
f1: 0.233
[[1904   10]
 [  76   20]]
acc: 0.957
f1: 0.317
6,51,coarse : 27.19 seconds
6,51,fine : 27.2 seconds
[[1465  449]
 [  24   72]]
acc: 0.765
f1: 0.233
[[1904   10]
 [  76   20]]
acc: 0.957
f1: 0.317
6,52,coarse : 27.17 seconds
6,52,fine : 27.18 seconds
[[1473  441]
 [  23   73]]
acc: 0.769
f1: 0.239
[[1901   13]
 [  76   20]]
acc: 0.956
f1: 0.310
6,53,coarse : 27.7 seconds
6,53,fine : 27.71 seconds
[[1470  444]
 [  23   73]]
acc: 0.768
f1: 0.238
[[1902   12]
 [  77   19]]
acc: 0.956
f1: 0.299
6,54,coarse : 27.2 seconds
6,54,fine : 27.21 seconds
[[1464  450]
 [  23   73]]
acc: 0.765
f1: 0.236
[[1902   12]
 [  77   19]]
acc: 0.956
f1: 0.299
6,55,coarse : 27.34 seconds
6,55,fine : 27.35 seconds
[[1466  448]
 [  23   73]]
acc: 0.766
f1: 0.237
[[1902   12]
 [  77   19]]
acc: 0.956
f1: 0.299
6,56,coarse : 27.13 seconds
6,56,fine : 27.14 seconds
[[1462  452]
 [  23   73]]
acc: 0.764
f1: 0.235
[[1902   12]
 [  76   20]]
acc: 0.956
f1: 0.312
6,57,coarse : 27.91 seconds
6,57,fine : 27.92 seconds
[[1466  448]
 [  23   73]]
acc: 0.766
f1: 0.237
[[1902   12]
 [  76   20]]
acc: 0.956
f1: 0.312
6,58,coarse : 27.35 seconds
6,58,fine : 27.36 seconds
[[1461  453]
 [  23   73]]
acc: 0.763
f1: 0.235
[[1900   14]
 [  75   21]]
acc: 0.956
f1: 0.321
6,59,coarse : 27.25 seconds
6,59,fine : 27.26 seconds
[[1469  445]
 [  23   73]]
acc: 0.767
f1: 0.238
[[1898   16]
 [  75   21]]
acc: 0.955
f1: 0.316
6,60,coarse : 27.24 seconds
6,60,fine : 27.25 seconds
[[1473  441]
 [  24   72]]
acc: 0.769
f1: 0.236
[[1899   15]
 [  75   21]]
acc: 0.955
f1: 0.318
6,61,coarse : 27.45 seconds
6,61,fine : 27.46 seconds
[[1471  443]
 [  23   73]]
acc: 0.768
f1: 0.239
[[1898   16]
 [  75   21]]
acc: 0.955
f1: 0.316
6,62,coarse : 28.0 seconds
6,62,fine : 28.01 seconds
[[1473  441]
 [  23   73]]
acc: 0.769
f1: 0.239
[[1897   17]
 [  73   23]]
acc: 0.955
f1: 0.338
6,63,coarse : 27.28 seconds
6,63,fine : 27.29 seconds
[[1465  449]
 [  23   73]]
acc: 0.765
f1: 0.236
[[1897   17]
 [  74   22]]
acc: 0.955
f1: 0.326
6,64,coarse : 27.29 seconds
6,64,fine : 27.3 seconds
[[1465  449]
 [  23   73]]
acc: 0.765
f1: 0.236
[[1897   17]
 [  74   22]]
acc: 0.955
f1: 0.326
6,65,coarse : 27.61 seconds
6,65,fine : 27.62 seconds
[[1457  457]
 [  23   73]]
acc: 0.761
f1: 0.233
[[1897   17]
 [  72   24]]
acc: 0.956
f1: 0.350
6,66,coarse : 28.08 seconds
6,66,fine : 28.09 seconds
[[1463  451]
 [  23   73]]
acc: 0.764
f1: 0.235
[[1896   18]
 [  71   25]]
acc: 0.956
f1: 0.360
6,67,coarse : 27.5 seconds
6,67,fine : 27.51 seconds
[[1466  448]
 [  22   74]]
acc: 0.766
f1: 0.239
[[1895   19]
 [  71   25]]
acc: 0.955
f1: 0.357
6,68,coarse : 27.73 seconds
6,68,fine : 27.74 seconds
[[1463  451]
 [  21   75]]
acc: 0.765
f1: 0.241
[[1895   19]
 [  72   24]]
acc: 0.955
f1: 0.345
6,69,coarse : 27.54 seconds
6,69,fine : 27.55 seconds
[[1456  458]
 [  21   75]]
acc: 0.762
f1: 0.238
[[1895   19]
 [  71   25]]
acc: 0.955
f1: 0.357
6,70,coarse : 27.98 seconds
6,70,fine : 27.99 seconds
[[1459  455]
 [  21   75]]
acc: 0.763
f1: 0.240
[[1895   19]
 [  71   25]]
acc: 0.955
f1: 0.357
6,71,coarse : 28.12 seconds
6,71,fine : 28.13 seconds
[[1460  454]
 [  21   75]]
acc: 0.764
f1: 0.240
[[1895   19]
 [  71   25]]
acc: 0.955
f1: 0.357
6,72,coarse : 27.89 seconds
6,72,fine : 27.91 seconds
[[1459  455]
 [  21   75]]
acc: 0.763
f1: 0.240
[[1895   19]
 [  71   25]]
acc: 0.955
f1: 0.357
6,73,coarse : 27.96 seconds
6,73,fine : 27.97 seconds
[[1450  464]
 [  20   76]]
acc: 0.759
f1: 0.239
[[1895   19]
 [  71   25]]
acc: 0.955
f1: 0.357
6,74,coarse : 27.83 seconds
6,74,fine : 27.84 seconds
[[1454  460]
 [  20   76]]
acc: 0.761
f1: 0.241
[[1894   20]
 [  71   25]]
acc: 0.955
f1: 0.355
6,75,coarse : 27.98 seconds
6,75,fine : 28.0 seconds
[[1451  463]
 [  20   76]]
acc: 0.760
f1: 0.239
[[1894   20]
 [  71   25]]
acc: 0.955
f1: 0.355
6,76,coarse : 27.52 seconds
6,76,fine : 27.53 seconds
[[1448  466]
 [  20   76]]
acc: 0.758
f1: 0.238
[[1894   20]
 [  71   25]]
acc: 0.955
f1: 0.355
6,77,coarse : 27.47 seconds
6,77,fine : 27.49 seconds
[[1454  460]
 [  20   76]]
acc: 0.761
f1: 0.241
[[1892   22]
 [  70   26]]
acc: 0.954
f1: 0.361
6,78,coarse : 27.43 seconds
6,78,fine : 27.44 seconds
[[1462  452]
 [  20   76]]
acc: 0.765
f1: 0.244
[[1892   22]
 [  70   26]]
acc: 0.954
f1: 0.361
6,79,coarse : 27.85 seconds
6,79,fine : 27.86 seconds
[[1459  455]
 [  20   76]]
acc: 0.764
f1: 0.242
[[1891   23]
 [  71   25]]
acc: 0.953
f1: 0.347
6,80,coarse : 27.87 seconds
6,80,fine : 27.88 seconds
[[1464  450]
 [  20   76]]
acc: 0.766
f1: 0.244
[[1891   23]
 [  71   25]]
acc: 0.953
f1: 0.347
6,81,coarse : 27.63 seconds
6,81,fine : 27.65 seconds
[[1466  448]
 [  20   76]]
acc: 0.767
f1: 0.245
[[1890   24]
 [  70   26]]
acc: 0.953
f1: 0.356
6,82,coarse : 27.38 seconds
6,82,fine : 27.39 seconds
[[1463  451]
 [  20   76]]
acc: 0.766
f1: 0.244
[[1890   24]
 [  70   26]]
acc: 0.953
f1: 0.356
6,83,coarse : 27.63 seconds
6,83,fine : 27.64 seconds
[[1469  445]
 [  20   76]]
acc: 0.769
f1: 0.246
[[1890   24]
 [  69   27]]
acc: 0.954
f1: 0.367
6,84,coarse : 27.25 seconds
6,84,fine : 27.26 seconds
[[1472  442]
 [  20   76]]
acc: 0.770
f1: 0.248
[[1890   24]
 [  69   27]]
acc: 0.954
f1: 0.367
6,85,coarse : 27.79 seconds
6,85,fine : 27.8 seconds
[[1462  452]
 [  20   76]]
acc: 0.765
f1: 0.244
[[1889   25]
 [  69   27]]
acc: 0.953
f1: 0.365
6,86,coarse : 27.91 seconds
6,86,fine : 27.92 seconds
[[1467  447]
 [  20   76]]
acc: 0.768
f1: 0.246
[[1888   26]
 [  69   27]]
acc: 0.953
f1: 0.362
6,87,coarse : 27.77 seconds
6,87,fine : 27.79 seconds
[[1471  443]
 [  20   76]]
acc: 0.770
f1: 0.247
[[1888   26]
 [  68   28]]
acc: 0.953
f1: 0.373
6,88,coarse : 27.62 seconds
6,88,fine : 27.63 seconds
[[1475  439]
 [  20   76]]
acc: 0.772
f1: 0.249
[[1888   26]
 [  67   29]]
acc: 0.954
f1: 0.384
6,89,coarse : 27.95 seconds
6,89,fine : 27.96 seconds
[[1476  438]
 [  19   77]]
acc: 0.773
f1: 0.252
[[1888   26]
 [  66   30]]
acc: 0.954
f1: 0.395
6,90,coarse : 27.57 seconds
6,90,fine : 27.58 seconds
[[1477  437]
 [  19   77]]
acc: 0.773
f1: 0.252
[[1889   25]
 [  64   32]]
acc: 0.956
f1: 0.418
6,91,coarse : 28.01 seconds
6,91,fine : 28.02 seconds
[[1480  434]
 [  20   76]]
acc: 0.774
f1: 0.251
[[1886   28]
 [  63   33]]
acc: 0.955
f1: 0.420
6,92,coarse : 28.48 seconds
6,92,fine : 28.5 seconds
[[1472  442]
 [  19   77]]
acc: 0.771
f1: 0.250
[[1887   27]
 [  62   34]]
acc: 0.956
f1: 0.433
6,93,coarse : 27.55 seconds
6,93,fine : 27.57 seconds
[[1471  443]
 [  20   76]]
acc: 0.770
f1: 0.247
[[1887   27]
 [  65   31]]
acc: 0.954
f1: 0.403
6,94,coarse : 28.22 seconds
6,94,fine : 28.23 seconds
[[1474  440]
 [  20   76]]
acc: 0.771
f1: 0.248
[[1886   28]
 [  65   31]]
acc: 0.954
f1: 0.400
6,95,coarse : 27.63 seconds
6,95,fine : 27.64 seconds
[[1477  437]
 [  20   76]]
acc: 0.773
f1: 0.250
[[1886   28]
 [  64   32]]
acc: 0.954
f1: 0.410
6,96,coarse : 27.91 seconds
6,96,fine : 27.92 seconds
[[1475  439]
 [  20   76]]
acc: 0.772
f1: 0.249
[[1885   29]
 [  62   34]]
acc: 0.955
f1: 0.428
6,97,coarse : 27.94 seconds
6,97,fine : 27.96 seconds
[[1475  439]
 [  21   75]]
acc: 0.771
f1: 0.246
[[1884   30]
 [  60   36]]
acc: 0.955
f1: 0.444
6,98,coarse : 28.69 seconds
6,98,fine : 28.7 seconds
[[1475  439]
 [  21   75]]
acc: 0.771
f1: 0.246
[[1884   30]
 [  60   36]]
acc: 0.955
f1: 0.444
6,99,coarse : 28.39 seconds
6,99,fine : 28.41 seconds
[[1481  433]
 [  20   76]]
acc: 0.775
f1: 0.251
[[1884   30]
 [  60   36]]
acc: 0.955
f1: 0.444
6,100,coarse : 30.38 seconds
6,100,fine : 30.39 seconds
[[1471  443]
 [  20   76]]
acc: 0.770
f1: 0.247
[[1882   32]
 [  58   38]]
acc: 0.955
f1: 0.458
6,101,coarse : 28.19 seconds
6,101,fine : 28.21 seconds
[[1469  445]
 [  20   76]]
acc: 0.769
f1: 0.246
[[1881   33]
 [  58   38]]
acc: 0.955
f1: 0.455
6,102,coarse : 28.79 seconds
6,102,fine : 28.8 seconds
[[1471  443]
 [  20   76]]
acc: 0.770
f1: 0.247
[[1880   34]
 [  58   38]]
acc: 0.954
f1: 0.452
6,103,coarse : 28.76 seconds
6,103,fine : 28.78 seconds
[[1478  436]
 [  20   76]]
acc: 0.773
f1: 0.250
[[1881   33]
 [  58   38]]
acc: 0.955
f1: 0.455
6,104,coarse : 28.53 seconds
6,104,fine : 28.54 seconds
[[1480  434]
 [  20   76]]
acc: 0.774
f1: 0.251
[[1880   34]
 [  57   39]]
acc: 0.955
f1: 0.462
6,105,coarse : 28.45 seconds
6,105,fine : 28.47 seconds
[[1477  437]
 [  20   76]]
acc: 0.773
f1: 0.250
[[1880   34]
 [  56   40]]
acc: 0.955
f1: 0.471
6,106,coarse : 28.12 seconds
6,106,fine : 28.14 seconds
[[1479  435]
 [  20   76]]
acc: 0.774
f1: 0.250
[[1880   34]
 [  56   40]]
acc: 0.955
f1: 0.471
6,107,coarse : 27.27 seconds
6,107,fine : 27.28 seconds
[[1482  432]
 [  20   76]]
acc: 0.775
f1: 0.252
[[1879   35]
 [  56   40]]
acc: 0.955
f1: 0.468
6,108,coarse : 26.88 seconds
6,108,fine : 26.89 seconds
[[1483  431]
 [  20   76]]
acc: 0.776
f1: 0.252
[[1878   36]
 [  56   40]]
acc: 0.954
f1: 0.465
6,109,coarse : 26.87 seconds
6,109,fine : 26.89 seconds
[[1482  432]
 [  20   76]]
acc: 0.775
f1: 0.252
[[1879   35]
 [  57   39]]
acc: 0.954
f1: 0.459
6,110,coarse : 27.28 seconds
6,110,fine : 27.29 seconds
[[1485  429]
 [  20   76]]
acc: 0.777
f1: 0.253
[[1879   35]
 [  57   39]]
acc: 0.954
f1: 0.459
6,111,coarse : 26.78 seconds
6,111,fine : 26.8 seconds
[[1490  424]
 [  20   76]]
acc: 0.779
f1: 0.255
[[1879   35]
 [  58   38]]
acc: 0.954
f1: 0.450
6,112,coarse : 27.07 seconds
6,112,fine : 27.09 seconds
[[1495  419]
 [  20   76]]
acc: 0.782
f1: 0.257
[[1879   35]
 [  56   40]]
acc: 0.955
f1: 0.468
6,113,coarse : 27.28 seconds
6,113,fine : 27.29 seconds
[[1491  423]
 [  20   76]]
acc: 0.780
f1: 0.255
[[1881   33]
 [  57   39]]
acc: 0.955
f1: 0.464
6,114,coarse : 27.2 seconds
6,114,fine : 27.22 seconds
[[1489  425]
 [  20   76]]
acc: 0.779
f1: 0.255
[[1879   35]
 [  56   40]]
acc: 0.955
f1: 0.468
6,115,coarse : 27.24 seconds
6,115,fine : 27.26 seconds
[[1488  426]
 [  20   76]]
acc: 0.778
f1: 0.254
[[1879   35]
 [  55   41]]
acc: 0.955
f1: 0.477
6,116,coarse : 27.04 seconds
6,116,fine : 27.06 seconds
[[1493  421]
 [  20   76]]
acc: 0.781
f1: 0.256
[[1877   37]
 [  55   41]]
acc: 0.954
f1: 0.471
6,117,coarse : 27.25 seconds
6,117,fine : 27.26 seconds
[[1501  413]
 [  21   75]]
acc: 0.784
f1: 0.257
[[1874   40]
 [  56   40]]
acc: 0.952
f1: 0.455
6,118,coarse : 27.62 seconds
6,118,fine : 27.64 seconds
[[1493  421]
 [  20   76]]
acc: 0.781
f1: 0.256
[[1873   41]
 [  56   40]]
acc: 0.952
f1: 0.452
6,119,coarse : 27.37 seconds
6,119,fine : 27.39 seconds
[[1488  426]
 [  18   78]]
acc: 0.779
f1: 0.260
[[1873   41]
 [  56   40]]
acc: 0.952
f1: 0.452
6,120,coarse : 27.42 seconds
6,120,fine : 27.43 seconds
[[1489  425]
 [  18   78]]
acc: 0.780
f1: 0.260
[[1873   41]
 [  55   41]]
acc: 0.952
f1: 0.461
6,121,coarse : 27.68 seconds
6,121,fine : 27.69 seconds
[[1490  424]
 [  18   78]]
acc: 0.780
f1: 0.261
[[1873   41]
 [  55   41]]
acc: 0.952
f1: 0.461
6,122,coarse : 27.35 seconds
6,122,fine : 27.37 seconds
[[1493  421]
 [  18   78]]
acc: 0.782
f1: 0.262
[[1871   43]
 [  55   41]]
acc: 0.951
f1: 0.456
6,123,coarse : 27.63 seconds
6,123,fine : 27.64 seconds
[[1493  421]
 [  18   78]]
acc: 0.782
f1: 0.262
[[1873   41]
 [  55   41]]
acc: 0.952
f1: 0.461
6,124,coarse : 27.27 seconds
6,124,fine : 27.29 seconds
[[1486  428]
 [  18   78]]
acc: 0.778
f1: 0.259
[[1871   43]
 [  55   41]]
acc: 0.951
f1: 0.456
6,125,coarse : 27.65 seconds
6,125,fine : 27.67 seconds
[[1488  426]
 [  18   78]]
acc: 0.779
f1: 0.260
[[1868   46]
 [  55   41]]
acc: 0.950
f1: 0.448
6,126,coarse : 27.45 seconds
6,126,fine : 27.46 seconds
[[1488  426]
 [  18   78]]
acc: 0.779
f1: 0.260
[[1866   48]
 [  54   42]]
acc: 0.949
f1: 0.452
6,127,coarse : 27.34 seconds
6,127,fine : 27.36 seconds
[[1495  419]
 [  19   77]]
acc: 0.782
f1: 0.260
[[1865   49]
 [  54   42]]
acc: 0.949
f1: 0.449
6,128,coarse : 27.42 seconds
6,128,fine : 27.44 seconds
[[1486  428]
 [  18   78]]
acc: 0.778
f1: 0.259
[[1865   49]
 [  54   42]]
acc: 0.949
f1: 0.449
6,129,coarse : 28.41 seconds
6,129,fine : 28.42 seconds
[[1483  431]
 [  18   78]]
acc: 0.777
f1: 0.258
[[1865   49]
 [  54   42]]
acc: 0.949
f1: 0.449
6,130,coarse : 27.46 seconds
6,130,fine : 27.47 seconds
[[1478  436]
 [  18   78]]
acc: 0.774
f1: 0.256
[[1865   49]
 [  54   42]]
acc: 0.949
f1: 0.449
6,131,coarse : 27.6 seconds
6,131,fine : 27.62 seconds
[[1481  433]
 [  18   78]]
acc: 0.776
f1: 0.257
[[1866   48]
 [  54   42]]
acc: 0.949
f1: 0.452
6,132,coarse : 28.04 seconds
6,132,fine : 28.05 seconds
[[1481  433]
 [  18   78]]
acc: 0.776
f1: 0.257
[[1866   48]
 [  54   42]]
acc: 0.949
f1: 0.452
6,133,coarse : 27.81 seconds
6,133,fine : 27.83 seconds
[[1478  436]
 [  18   78]]
acc: 0.774
f1: 0.256
[[1868   46]
 [  54   42]]
acc: 0.950
f1: 0.457
6,134,coarse : 28.22 seconds
6,134,fine : 28.24 seconds
[[1480  434]
 [  19   77]]
acc: 0.775
f1: 0.254
[[1868   46]
 [  54   42]]
acc: 0.950
f1: 0.457
6,135,coarse : 28.23 seconds
6,135,fine : 28.25 seconds
[[1479  435]
 [  19   77]]
acc: 0.774
f1: 0.253
[[1868   46]
 [  54   42]]
acc: 0.950
f1: 0.457
6,136,coarse : 28.48 seconds
6,136,fine : 28.5 seconds
[[1477  437]
 [  19   77]]
acc: 0.773
f1: 0.252
[[1867   47]
 [  54   42]]
acc: 0.950
f1: 0.454
6,137,coarse : 28.19 seconds
6,137,fine : 28.21 seconds
[[1475  439]
 [  18   78]]
acc: 0.773
f1: 0.254
[[1867   47]
 [  54   42]]
acc: 0.950
f1: 0.454
6,138,coarse : 28.08 seconds
6,138,fine : 28.1 seconds
[[1474  440]
 [  18   78]]
acc: 0.772
f1: 0.254
[[1867   47]
 [  55   41]]
acc: 0.949
f1: 0.446
6,139,coarse : 27.85 seconds
6,139,fine : 27.87 seconds
[[1468  446]
 [  19   77]]
acc: 0.769
f1: 0.249
[[1866   48]
 [  55   41]]
acc: 0.949
f1: 0.443
6,140,coarse : 27.72 seconds
6,140,fine : 27.74 seconds
[[1466  448]
 [  19   77]]
acc: 0.768
f1: 0.248
[[1866   48]
 [  55   41]]
acc: 0.949
f1: 0.443
6,141,coarse : 27.49 seconds
6,141,fine : 27.51 seconds
[[1466  448]
 [  19   77]]
acc: 0.768
f1: 0.248
[[1865   49]
 [  55   41]]
acc: 0.948
f1: 0.441
6,142,coarse : 27.43 seconds
6,142,fine : 27.45 seconds
[[1472  442]
 [  19   77]]
acc: 0.771
f1: 0.250
[[1862   52]
 [  52   44]]
acc: 0.948
f1: 0.458
6,143,coarse : 27.73 seconds
6,143,fine : 27.74 seconds
[[1472  442]
 [  19   77]]
acc: 0.771
f1: 0.250
[[1862   52]
 [  51   45]]
acc: 0.949
f1: 0.466
6,144,coarse : 28.19 seconds
6,144,fine : 28.21 seconds
[[1469  445]
 [  19   77]]
acc: 0.769
f1: 0.249
[[1862   52]
 [  51   45]]
acc: 0.949
f1: 0.466
6,145,coarse : 28.21 seconds
6,145,fine : 28.23 seconds
[[1469  445]
 [  19   77]]
acc: 0.769
f1: 0.249
[[1861   53]
 [  51   45]]
acc: 0.948
f1: 0.464
6,146,coarse : 28.6 seconds
6,146,fine : 28.62 seconds
[[1465  449]
 [  19   77]]
acc: 0.767
f1: 0.248
[[1861   53]
 [  51   45]]
acc: 0.948
f1: 0.464
6,147,coarse : 28.97 seconds
6,147,fine : 28.99 seconds
[[1463  451]
 [  19   77]]
acc: 0.766
f1: 0.247
[[1861   53]
 [  51   45]]
acc: 0.948
f1: 0.464
6,148,coarse : 29.04 seconds
6,148,fine : 29.06 seconds
[[1462  452]
 [  19   77]]
acc: 0.766
f1: 0.246
[[1861   53]
 [  51   45]]
acc: 0.948
f1: 0.464
6,149,coarse : 28.77 seconds
6,149,fine : 28.79 seconds
[[1456  458]
 [  19   77]]
acc: 0.763
f1: 0.244
[[1858   56]
 [  52   44]]
acc: 0.946
f1: 0.449
6,150,coarse : 30.38 seconds
6,150,fine : 30.41 seconds
[[1458  456]
 [  19   77]]
acc: 0.764
f1: 0.245
[[1858   56]
 [  52   44]]
acc: 0.946
f1: 0.449
6,151,coarse : 28.89 seconds
6,151,fine : 28.91 seconds
[[1459  455]
 [  19   77]]
acc: 0.764
f1: 0.245
[[1858   56]
 [  52   44]]
acc: 0.946
f1: 0.449
6,152,coarse : 28.45 seconds
6,152,fine : 28.47 seconds
[[1460  454]
 [  19   77]]
acc: 0.765
f1: 0.246
[[1858   56]
 [  51   45]]
acc: 0.947
f1: 0.457
6,153,coarse : 28.74 seconds
6,153,fine : 28.76 seconds
[[1459  455]
 [  19   77]]
acc: 0.764
f1: 0.245
[[1858   56]
 [  51   45]]
acc: 0.947
f1: 0.457
6,154,coarse : 28.76 seconds
6,154,fine : 28.78 seconds
[[1460  454]
 [  19   77]]
acc: 0.765
f1: 0.246
[[1858   56]
 [  51   45]]
acc: 0.947
f1: 0.457
6,155,coarse : 28.6 seconds
6,155,fine : 28.62 seconds
[[1459  455]
 [  19   77]]
acc: 0.764
f1: 0.245
[[1856   58]
 [  51   45]]
acc: 0.946
f1: 0.452
6,156,coarse : 28.31 seconds
6,156,fine : 28.33 seconds
[[1462  452]
 [  19   77]]
acc: 0.766
f1: 0.246
[[1856   58]
 [  51   45]]
acc: 0.946
f1: 0.452
6,157,coarse : 28.61 seconds
6,157,fine : 28.63 seconds
[[1463  451]
 [  20   76]]
acc: 0.766
f1: 0.244
[[1856   58]
 [  51   45]]
acc: 0.946
f1: 0.452
6,158,coarse : 28.9 seconds
6,158,fine : 28.92 seconds
[[1463  451]
 [  20   76]]
acc: 0.766
f1: 0.244
[[1858   56]
 [  51   45]]
acc: 0.947
f1: 0.457
6,159,coarse : 28.79 seconds
6,159,fine : 28.81 seconds
[[1464  450]
 [  20   76]]
acc: 0.766
f1: 0.244
[[1857   57]
 [  51   45]]
acc: 0.946
f1: 0.455
6,160,coarse : 29.3 seconds
6,160,fine : 29.32 seconds
[[1464  450]
 [  20   76]]
acc: 0.766
f1: 0.244
[[1856   58]
 [  51   45]]
acc: 0.946
f1: 0.452
6,161,coarse : 29.28 seconds
6,161,fine : 29.3 seconds
[[1464  450]
 [  19   77]]
acc: 0.767
f1: 0.247
[[1856   58]
 [  51   45]]
acc: 0.946
f1: 0.452
6,162,coarse : 29.37 seconds
6,162,fine : 29.4 seconds
[[1464  450]
 [  20   76]]
acc: 0.766
f1: 0.244
[[1854   60]
 [  50   46]]
acc: 0.945
f1: 0.455
6,163,coarse : 29.14 seconds
6,163,fine : 29.16 seconds
[[1464  450]
 [  20   76]]
acc: 0.766
f1: 0.244
[[1854   60]
 [  50   46]]
acc: 0.945
f1: 0.455
6,164,coarse : 29.03 seconds
6,164,fine : 29.06 seconds
[[1463  451]
 [  21   75]]
acc: 0.765
f1: 0.241
[[1854   60]
 [  50   46]]
acc: 0.945
f1: 0.455
6,165,coarse : 28.92 seconds
6,165,fine : 28.94 seconds
[[1465  449]
 [  20   76]]
acc: 0.767
f1: 0.245
[[1854   60]
 [  50   46]]
acc: 0.945
f1: 0.455
6,166,coarse : 28.67 seconds
6,166,fine : 28.69 seconds
[[1462  452]
 [  20   76]]
acc: 0.765
f1: 0.244
[[1853   61]
 [  50   46]]
acc: 0.945
f1: 0.453
6,167,coarse : 29.15 seconds
6,167,fine : 29.17 seconds
[[1461  453]
 [  20   76]]
acc: 0.765
f1: 0.243
[[1852   62]
 [  50   46]]
acc: 0.944
f1: 0.451
6,168,coarse : 28.97 seconds
6,168,fine : 28.99 seconds
[[1455  459]
 [  20   76]]
acc: 0.762
f1: 0.241
[[1852   62]
 [  50   46]]
acc: 0.944
f1: 0.451
6,169,coarse : 29.37 seconds
6,169,fine : 29.39 seconds
[[1456  458]
 [  20   76]]
acc: 0.762
f1: 0.241
[[1852   62]
 [  50   46]]
acc: 0.944
f1: 0.451
6,170,coarse : 29.14 seconds
6,170,fine : 29.16 seconds
[[1458  456]
 [  20   76]]
acc: 0.763
f1: 0.242
[[1852   62]
 [  50   46]]
acc: 0.944
f1: 0.451
6,171,coarse : 28.8 seconds
6,171,fine : 28.82 seconds
[[1458  456]
 [  20   76]]
acc: 0.763
f1: 0.242
[[1852   62]
 [  50   46]]
acc: 0.944
f1: 0.451
6,172,coarse : 29.66 seconds
6,172,fine : 29.68 seconds
