all           0      1    2    3    4    5    6    7    8    
1      2010   1914   1    19   32   19   1    11   6    7    
2      2010   1914   1    19   32   19   1    11   6    7    
3      2010   1914   1    19   32   19   1    11   5    8    
4      2010   1914   1    19   32   19   1    10   6    8    
5      2010   1914   1    18   33   19   1    10   6    8    
6      2010   1914   1    18   33   19   1    10   6    8    
7      2010   1913   2    18   33   19   1    10   6    8    
8      2010   1913   2    18   33   19   1    10   6    8    
9      2009   1913   2    18   32   19   2    10   6    7    
10     2009   1913   1    19   32   19   1    11   6    7    
Total  20098  19136  13   185  324  190  11   104  59   76   
train         0      1    2    3    4    5    6    7    8    
1      2010   1914   1    19   32   19   1    11   6    7    
2      2010   1914   1    19   32   19   1    11   6    7    
3      2010   1914   1    19   32   19   1    11   5    8    
4      2010   1914   1    19   32   19   1    10   6    8    
6      2010   1914   1    18   33   19   1    10   6    8    
7      2010   1913   2    18   33   19   1    10   6    8    
8      2010   1913   2    18   33   19   1    10   6    8    
9      2009   1913   2    18   32   19   2    10   6    7    
10     2009   1913   1    19   32   19   1    11   6    7    
Total  18088  17222  12   167  291  171  10   94   53   68   
test          0      1    2    3    4    5    6    7    8    
5      2010   1914   1    18   33   19   1    10   6    8    
Total  2010   1914   1    18   33   19   1    10   6    8    
Classes             
0         17222     
1         12        
2         167       
3         291       
4         171       
5         10        
6         94        
7         53        
8         68        
Total     18088     

Shape: 450       

[952, 10, 11, 16, 11, 10, 10, 10, 10]
Sum start => 1040
[[1230  684]
 [  16   80]]
acc: 0.652
f1: 0.186
[[1889   25]
 [  83   13]]
acc: 0.946
f1: 0.194
5,1,coarse : 28.14 seconds
5,1,fine : 28.14 seconds
[[1230  684]
 [  16   80]]
acc: 0.652
f1: 0.186
[[1889   25]
 [  83   13]]
acc: 0.946
f1: 0.194
5,2,coarse : 29.69 seconds
5,2,fine : 29.69 seconds
[[1292  622]
 [  16   80]]
acc: 0.683
f1: 0.201
[[1908    6]
 [  93    3]]
acc: 0.951
f1: 0.057
5,3,coarse : 28.9 seconds
5,3,fine : 28.91 seconds
[[1294  620]
 [  16   80]]
acc: 0.684
f1: 0.201
[[1911    3]
 [  93    3]]
acc: 0.952
f1: 0.059
5,4,coarse : 29.22 seconds
5,4,fine : 29.22 seconds
[[1336  578]
 [  17   79]]
acc: 0.704
f1: 0.210
[[1911    3]
 [  92    4]]
acc: 0.953
f1: 0.078
5,5,coarse : 29.68 seconds
5,5,fine : 29.68 seconds
[[1362  552]
 [  18   78]]
acc: 0.716
f1: 0.215
[[1912    2]
 [  91    5]]
acc: 0.954
f1: 0.097
5,6,coarse : 29.5 seconds
5,6,fine : 29.5 seconds
[[1392  522]
 [  19   77]]
acc: 0.731
f1: 0.222
[[1912    2]
 [  90    6]]
acc: 0.954
f1: 0.115
5,7,coarse : 29.45 seconds
5,7,fine : 29.46 seconds
[[1395  519]
 [  18   78]]
acc: 0.733
f1: 0.225
[[1912    2]
 [  90    6]]
acc: 0.954
f1: 0.115
5,8,coarse : 30.08 seconds
5,8,fine : 30.08 seconds
[[1431  483]
 [  20   76]]
acc: 0.750
f1: 0.232
[[1912    2]
 [  89    7]]
acc: 0.955
f1: 0.133
5,9,coarse : 29.39 seconds
5,9,fine : 29.39 seconds
[[1445  469]
 [  20   76]]
acc: 0.757
f1: 0.237
[[1912    2]
 [  88    8]]
acc: 0.955
f1: 0.151
5,10,coarse : 29.33 seconds
5,10,fine : 29.34 seconds
[[1433  481]
 [  20   76]]
acc: 0.751
f1: 0.233
[[1912    2]
 [  87    9]]
acc: 0.956
f1: 0.168
5,11,coarse : 30.41 seconds
5,11,fine : 30.42 seconds
[[1432  482]
 [  19   77]]
acc: 0.751
f1: 0.235
[[1913    1]
 [  89    7]]
acc: 0.955
f1: 0.135
5,12,coarse : 29.74 seconds
5,12,fine : 29.74 seconds
[[1427  487]
 [  18   78]]
acc: 0.749
f1: 0.236
[[1913    1]
 [  88    8]]
acc: 0.956
f1: 0.152
5,13,coarse : 29.52 seconds
5,13,fine : 29.52 seconds
[[1425  489]
 [  17   79]]
acc: 0.748
f1: 0.238
[[1913    1]
 [  87    9]]
acc: 0.956
f1: 0.170
5,14,coarse : 30.11 seconds
5,14,fine : 30.11 seconds
[[1443  471]
 [  19   77]]
acc: 0.756
f1: 0.239
[[1912    2]
 [  87    9]]
acc: 0.956
f1: 0.168
5,15,coarse : 29.68 seconds
5,15,fine : 29.69 seconds
[[1448  466]
 [  18   78]]
acc: 0.759
f1: 0.244
[[1912    2]
 [  87    9]]
acc: 0.956
f1: 0.168
5,16,coarse : 29.75 seconds
5,16,fine : 29.76 seconds
[[1458  456]
 [  19   77]]
acc: 0.764
f1: 0.245
[[1912    2]
 [  87    9]]
acc: 0.956
f1: 0.168
5,17,coarse : 30.44 seconds
5,17,fine : 30.45 seconds
[[1469  445]
 [  17   79]]
acc: 0.770
f1: 0.255
[[1910    4]
 [  87    9]]
acc: 0.955
f1: 0.165
5,18,coarse : 29.81 seconds
5,18,fine : 29.81 seconds
[[1469  445]
 [  17   79]]
acc: 0.770
f1: 0.255
[[1911    3]
 [  87    9]]
acc: 0.955
f1: 0.167
5,19,coarse : 29.62 seconds
5,19,fine : 29.63 seconds
[[1472  442]
 [  17   79]]
acc: 0.772
f1: 0.256
[[1911    3]
 [  85   11]]
acc: 0.956
f1: 0.200
5,20,coarse : 30.1 seconds
5,20,fine : 30.11 seconds
[[1467  447]
 [  18   78]]
acc: 0.769
f1: 0.251
[[1911    3]
 [  85   11]]
acc: 0.956
f1: 0.200
5,21,coarse : 29.69 seconds
5,21,fine : 29.7 seconds
[[1467  447]
 [  17   79]]
acc: 0.769
f1: 0.254
[[1911    3]
 [  85   11]]
acc: 0.956
f1: 0.200
5,22,coarse : 29.77 seconds
5,22,fine : 29.77 seconds
[[1472  442]
 [  17   79]]
acc: 0.772
f1: 0.256
[[1910    4]
 [  86   10]]
acc: 0.955
f1: 0.182
5,23,coarse : 30.3 seconds
5,23,fine : 30.31 seconds
[[1470  444]
 [  17   79]]
acc: 0.771
f1: 0.255
[[1909    5]
 [  86   10]]
acc: 0.955
f1: 0.180
5,24,coarse : 29.8 seconds
5,24,fine : 29.81 seconds
[[1472  442]
 [  18   78]]
acc: 0.771
f1: 0.253
[[1909    5]
 [  86   10]]
acc: 0.955
f1: 0.180
5,25,coarse : 29.99 seconds
5,25,fine : 29.99 seconds
[[1472  442]
 [  17   79]]
acc: 0.772
f1: 0.256
[[1909    5]
 [  86   10]]
acc: 0.955
f1: 0.180
5,26,coarse : 30.17 seconds
5,26,fine : 30.17 seconds
[[1471  443]
 [  19   77]]
acc: 0.770
f1: 0.250
[[1909    5]
 [  86   10]]
acc: 0.955
f1: 0.180
5,27,coarse : 30.05 seconds
5,27,fine : 30.06 seconds
[[1477  437]
 [  17   79]]
acc: 0.774
f1: 0.258
[[1909    5]
 [  86   10]]
acc: 0.955
f1: 0.180
5,28,coarse : 30.28 seconds
5,28,fine : 30.29 seconds
[[1479  435]
 [  18   78]]
acc: 0.775
f1: 0.256
[[1909    5]
 [  86   10]]
acc: 0.955
f1: 0.180
5,29,coarse : 30.73 seconds
5,29,fine : 30.73 seconds
[[1490  424]
 [  17   79]]
acc: 0.781
f1: 0.264
[[1909    5]
 [  86   10]]
acc: 0.955
f1: 0.180
5,30,coarse : 30.36 seconds
5,30,fine : 30.36 seconds
[[1485  429]
 [  18   78]]
acc: 0.778
f1: 0.259
[[1909    5]
 [  85   11]]
acc: 0.955
f1: 0.196
5,31,coarse : 29.98 seconds
5,31,fine : 29.98 seconds
[[1477  437]
 [  19   77]]
acc: 0.773
f1: 0.252
[[1909    5]
 [  85   11]]
acc: 0.955
f1: 0.196
5,32,coarse : 30.12 seconds
5,32,fine : 30.13 seconds
[[1483  431]
 [  19   77]]
acc: 0.776
f1: 0.255
[[1909    5]
 [  85   11]]
acc: 0.955
f1: 0.196
5,33,coarse : 30.6 seconds
5,33,fine : 30.6 seconds
[[1482  432]
 [  17   79]]
acc: 0.777
f1: 0.260
[[1909    5]
 [  83   13]]
acc: 0.956
f1: 0.228
5,34,coarse : 30.3 seconds
5,34,fine : 30.31 seconds
[[1485  429]
 [  19   77]]
acc: 0.777
f1: 0.256
[[1909    5]
 [  82   14]]
acc: 0.957
f1: 0.243
5,35,coarse : 30.11 seconds
5,35,fine : 30.12 seconds
[[1487  427]
 [  19   77]]
acc: 0.778
f1: 0.257
[[1909    5]
 [  81   15]]
acc: 0.957
f1: 0.259
5,36,coarse : 30.76 seconds
5,36,fine : 30.77 seconds
[[1481  433]
 [  19   77]]
acc: 0.775
f1: 0.254
[[1909    5]
 [  81   15]]
acc: 0.957
f1: 0.259
5,37,coarse : 30.43 seconds
5,37,fine : 30.43 seconds
[[1490  424]
 [  20   76]]
acc: 0.779
f1: 0.255
[[1909    5]
 [  82   14]]
acc: 0.957
f1: 0.243
5,38,coarse : 30.35 seconds
5,38,fine : 30.36 seconds
[[1485  429]
 [  21   75]]
acc: 0.776
f1: 0.250
[[1908    6]
 [  81   15]]
acc: 0.957
f1: 0.256
5,39,coarse : 30.47 seconds
5,39,fine : 30.48 seconds
[[1485  429]
 [  19   77]]
acc: 0.777
f1: 0.256
[[1908    6]
 [  81   15]]
acc: 0.957
f1: 0.256
5,40,coarse : 30.6 seconds
5,40,fine : 30.61 seconds
[[1473  441]
 [  18   78]]
acc: 0.772
f1: 0.254
[[1908    6]
 [  81   15]]
acc: 0.957
f1: 0.256
5,41,coarse : 30.4 seconds
5,41,fine : 30.41 seconds
[[1485  429]
 [  18   78]]
acc: 0.778
f1: 0.259
[[1908    6]
 [  80   16]]
acc: 0.957
f1: 0.271
5,42,coarse : 30.62 seconds
5,42,fine : 30.63 seconds
[[1492  422]
 [  18   78]]
acc: 0.781
f1: 0.262
[[1908    6]
 [  79   17]]
acc: 0.958
f1: 0.286
5,43,coarse : 31.17 seconds
5,43,fine : 31.18 seconds
[[1497  417]
 [  19   77]]
acc: 0.783
f1: 0.261
[[1908    6]
 [  79   17]]
acc: 0.958
f1: 0.286
5,44,coarse : 30.74 seconds
5,44,fine : 30.75 seconds
[[1501  413]
 [  19   77]]
acc: 0.785
f1: 0.263
[[1908    6]
 [  79   17]]
acc: 0.958
f1: 0.286
5,45,coarse : 30.68 seconds
5,45,fine : 30.69 seconds
[[1496  418]
 [  20   76]]
acc: 0.782
f1: 0.258
[[1908    6]
 [  79   17]]
acc: 0.958
f1: 0.286
5,46,coarse : 30.77 seconds
5,46,fine : 30.78 seconds
[[1495  419]
 [  19   77]]
acc: 0.782
f1: 0.260
[[1907    7]
 [  79   17]]
acc: 0.957
f1: 0.283
5,47,coarse : 31.33 seconds
5,47,fine : 31.34 seconds
[[1500  414]
 [  19   77]]
acc: 0.785
f1: 0.262
[[1907    7]
 [  79   17]]
acc: 0.957
f1: 0.283
5,48,coarse : 30.8 seconds
5,48,fine : 30.81 seconds
[[1494  420]
 [  19   77]]
acc: 0.782
f1: 0.260
[[1906    8]
 [  79   17]]
acc: 0.957
f1: 0.281
5,49,coarse : 31.03 seconds
5,49,fine : 31.03 seconds
[[1497  417]
 [  19   77]]
acc: 0.783
f1: 0.261
[[1908    6]
 [  79   17]]
acc: 0.958
f1: 0.286
5,50,coarse : 33.61 seconds
5,50,fine : 33.62 seconds
[[1497  417]
 [  17   79]]
acc: 0.784
f1: 0.267
[[1907    7]
 [  79   17]]
acc: 0.957
f1: 0.283
5,51,coarse : 30.85 seconds
5,51,fine : 30.86 seconds
[[1502  412]
 [  19   77]]
acc: 0.786
f1: 0.263
[[1904   10]
 [  79   17]]
acc: 0.956
f1: 0.276
5,52,coarse : 31.18 seconds
5,52,fine : 31.19 seconds
[[1495  419]
 [  20   76]]
acc: 0.782
f1: 0.257
[[1904   10]
 [  79   17]]
acc: 0.956
f1: 0.276
5,53,coarse : 31.95 seconds
5,53,fine : 31.96 seconds
[[1492  422]
 [  19   77]]
acc: 0.781
f1: 0.259
[[1904   10]
 [  77   19]]
acc: 0.957
f1: 0.304
5,54,coarse : 31.43 seconds
5,54,fine : 31.44 seconds
[[1496  418]
 [  19   77]]
acc: 0.783
f1: 0.261
[[1904   10]
 [  76   20]]
acc: 0.957
f1: 0.317
5,55,coarse : 31.11 seconds
5,55,fine : 31.12 seconds
[[1499  415]
 [  19   77]]
acc: 0.784
f1: 0.262
[[1902   12]
 [  76   20]]
acc: 0.956
f1: 0.312
5,56,coarse : 31.66 seconds
5,56,fine : 31.67 seconds
[[1500  414]
 [  18   78]]
acc: 0.785
f1: 0.265
[[1900   14]
 [  76   20]]
acc: 0.955
f1: 0.308
5,57,coarse : 32.08 seconds
5,57,fine : 32.09 seconds
[[1494  420]
 [  19   77]]
acc: 0.782
f1: 0.260
[[1899   15]
 [  75   21]]
acc: 0.955
f1: 0.318
5,58,coarse : 31.59 seconds
5,58,fine : 31.6 seconds
[[1493  421]
 [  20   76]]
acc: 0.781
f1: 0.256
[[1898   16]
 [  75   21]]
acc: 0.955
f1: 0.316
5,59,coarse : 31.52 seconds
5,59,fine : 31.53 seconds
[[1494  420]
 [  19   77]]
acc: 0.782
f1: 0.260
[[1898   16]
 [  75   21]]
acc: 0.955
f1: 0.316
5,60,coarse : 31.93 seconds
5,60,fine : 31.94 seconds
[[1496  418]
 [  20   76]]
acc: 0.782
f1: 0.258
[[1898   16]
 [  74   22]]
acc: 0.955
f1: 0.328
5,61,coarse : 31.65 seconds
5,61,fine : 31.66 seconds
[[1502  412]
 [  20   76]]
acc: 0.785
f1: 0.260
[[1898   16]
 [  73   23]]
acc: 0.956
f1: 0.341
5,62,coarse : 32.32 seconds
5,62,fine : 32.33 seconds
[[1503  411]
 [  20   76]]
acc: 0.786
f1: 0.261
[[1898   16]
 [  74   22]]
acc: 0.955
f1: 0.328
5,63,coarse : 31.61 seconds
5,63,fine : 31.62 seconds
[[1502  412]
 [  20   76]]
acc: 0.785
f1: 0.260
[[1898   16]
 [  74   22]]
acc: 0.955
f1: 0.328
5,64,coarse : 32.13 seconds
5,64,fine : 32.14 seconds
[[1488  426]
 [  20   76]]
acc: 0.778
f1: 0.254
[[1898   16]
 [  74   22]]
acc: 0.955
f1: 0.328
5,65,coarse : 31.99 seconds
5,65,fine : 32.0 seconds
[[1487  427]
 [  20   76]]
acc: 0.778
f1: 0.254
[[1898   16]
 [  74   22]]
acc: 0.955
f1: 0.328
5,66,coarse : 32.45 seconds
5,66,fine : 32.47 seconds
[[1490  424]
 [  20   76]]
acc: 0.779
f1: 0.255
[[1898   16]
 [  74   22]]
acc: 0.955
f1: 0.328
5,67,coarse : 32.18 seconds
5,67,fine : 32.19 seconds
[[1489  425]
 [  18   78]]
acc: 0.780
f1: 0.260
[[1898   16]
 [  73   23]]
acc: 0.956
f1: 0.341
5,68,coarse : 32.03 seconds
5,68,fine : 32.04 seconds
[[1491  423]
 [  18   78]]
acc: 0.781
f1: 0.261
[[1898   16]
 [  73   23]]
acc: 0.956
f1: 0.341
5,69,coarse : 32.16 seconds
5,69,fine : 32.17 seconds
[[1487  427]
 [  16   80]]
acc: 0.780
f1: 0.265
[[1898   16]
 [  73   23]]
acc: 0.956
f1: 0.341
5,70,coarse : 32.37 seconds
5,70,fine : 32.38 seconds
[[1488  426]
 [  16   80]]
acc: 0.780
f1: 0.266
[[1898   16]
 [  72   24]]
acc: 0.956
f1: 0.353
5,71,coarse : 32.73 seconds
5,71,fine : 32.75 seconds
[[1489  425]
 [  16   80]]
acc: 0.781
f1: 0.266
[[1897   17]
 [  72   24]]
acc: 0.956
f1: 0.350
5,72,coarse : 32.37 seconds
5,72,fine : 32.38 seconds
[[1481  433]
 [  16   80]]
acc: 0.777
f1: 0.263
[[1895   19]
 [  71   25]]
acc: 0.955
f1: 0.357
5,73,coarse : 32.72 seconds
5,73,fine : 32.73 seconds
[[1486  428]
 [  15   81]]
acc: 0.780
f1: 0.268
[[1895   19]
 [  71   25]]
acc: 0.955
f1: 0.357
5,74,coarse : 32.52 seconds
5,74,fine : 32.54 seconds
[[1485  429]
 [  14   82]]
acc: 0.780
f1: 0.270
[[1895   19]
 [  71   25]]
acc: 0.955
f1: 0.357
5,75,coarse : 33.39 seconds
5,75,fine : 33.4 seconds
[[1486  428]
 [  14   82]]
acc: 0.780
f1: 0.271
[[1895   19]
 [  71   25]]
acc: 0.955
f1: 0.357
5,76,coarse : 32.34 seconds
5,76,fine : 32.35 seconds
[[1489  425]
 [  14   82]]
acc: 0.782
f1: 0.272
[[1895   19]
 [  70   26]]
acc: 0.956
f1: 0.369
5,77,coarse : 32.41 seconds
5,77,fine : 32.42 seconds
[[1492  422]
 [  16   80]]
acc: 0.782
f1: 0.268
[[1895   19]
 [  69   27]]
acc: 0.956
f1: 0.380
5,78,coarse : 32.38 seconds
5,78,fine : 32.39 seconds
[[1484  430]
 [  15   81]]
acc: 0.779
f1: 0.267
[[1895   19]
 [  69   27]]
acc: 0.956
f1: 0.380
5,79,coarse : 32.7 seconds
5,79,fine : 32.71 seconds
[[1491  423]
 [  15   81]]
acc: 0.782
f1: 0.270
[[1895   19]
 [  69   27]]
acc: 0.956
f1: 0.380
5,80,coarse : 33.27 seconds
5,80,fine : 33.28 seconds
[[1492  422]
 [  15   81]]
acc: 0.783
f1: 0.270
[[1895   19]
 [  69   27]]
acc: 0.956
f1: 0.380
5,81,coarse : 32.9 seconds
5,81,fine : 32.91 seconds
[[1488  426]
 [  16   80]]
acc: 0.780
f1: 0.266
[[1894   20]
 [  68   28]]
acc: 0.956
f1: 0.389
5,82,coarse : 32.9 seconds
5,82,fine : 32.91 seconds
[[1483  431]
 [  16   80]]
acc: 0.778
f1: 0.264
[[1894   20]
 [  68   28]]
acc: 0.956
f1: 0.389
5,83,coarse : 32.87 seconds
5,83,fine : 32.88 seconds
[[1480  434]
 [  15   81]]
acc: 0.777
f1: 0.265
[[1893   21]
 [  68   28]]
acc: 0.956
f1: 0.386
5,84,coarse : 33.11 seconds
5,84,fine : 33.12 seconds
[[1480  434]
 [  16   80]]
acc: 0.776
f1: 0.262
[[1893   21]
 [  67   29]]
acc: 0.956
f1: 0.397
5,85,coarse : 33.41 seconds
5,85,fine : 33.42 seconds
[[1482  432]
 [  16   80]]
acc: 0.777
f1: 0.263
[[1892   22]
 [  66   30]]
acc: 0.956
f1: 0.405
5,86,coarse : 34.25 seconds
5,86,fine : 34.26 seconds
[[1483  431]
 [  15   81]]
acc: 0.778
f1: 0.266
[[1891   23]
 [  66   30]]
acc: 0.956
f1: 0.403
5,87,coarse : 34.11 seconds
5,87,fine : 34.12 seconds
[[1484  430]
 [  15   81]]
acc: 0.779
f1: 0.267
[[1891   23]
 [  66   30]]
acc: 0.956
f1: 0.403
5,88,coarse : 33.69 seconds
5,88,fine : 33.71 seconds
[[1486  428]
 [  16   80]]
acc: 0.779
f1: 0.265
[[1891   23]
 [  66   30]]
acc: 0.956
f1: 0.403
5,89,coarse : 33.69 seconds
5,89,fine : 33.7 seconds
[[1488  426]
 [  15   81]]
acc: 0.781
f1: 0.269
[[1891   23]
 [  66   30]]
acc: 0.956
f1: 0.403
5,90,coarse : 34.13 seconds
5,90,fine : 34.14 seconds
[[1487  427]
 [  16   80]]
acc: 0.780
f1: 0.265
[[1891   23]
 [  66   30]]
acc: 0.956
f1: 0.403
5,91,coarse : 33.94 seconds
5,91,fine : 33.95 seconds
[[1490  424]
 [  16   80]]
acc: 0.781
f1: 0.267
[[1891   23]
 [  64   32]]
acc: 0.957
f1: 0.424
5,92,coarse : 34.06 seconds
5,92,fine : 34.07 seconds
[[1493  421]
 [  16   80]]
acc: 0.783
f1: 0.268
[[1891   23]
 [  64   32]]
acc: 0.957
f1: 0.424
5,93,coarse : 33.81 seconds
5,93,fine : 33.82 seconds
[[1490  424]
 [  15   81]]
acc: 0.782
f1: 0.270
[[1891   23]
 [  64   32]]
acc: 0.957
f1: 0.424
5,94,coarse : 33.81 seconds
5,94,fine : 33.83 seconds
[[1493  421]
 [  14   82]]
acc: 0.784
f1: 0.274
[[1890   24]
 [  63   33]]
acc: 0.957
f1: 0.431
5,95,coarse : 34.16 seconds
5,95,fine : 34.18 seconds
[[1495  419]
 [  14   82]]
acc: 0.785
f1: 0.275
[[1890   24]
 [  63   33]]
acc: 0.957
f1: 0.431
5,96,coarse : 34.14 seconds
5,96,fine : 34.16 seconds
[[1496  418]
 [  14   82]]
acc: 0.785
f1: 0.275
[[1889   25]
 [  63   33]]
acc: 0.956
f1: 0.429
5,97,coarse : 34.5 seconds
5,97,fine : 34.52 seconds
[[1484  430]
 [  14   82]]
acc: 0.779
f1: 0.270
[[1889   25]
 [  64   32]]
acc: 0.956
f1: 0.418
5,98,coarse : 34.42 seconds
5,98,fine : 34.43 seconds
[[1491  423]
 [  14   82]]
acc: 0.783
f1: 0.273
[[1887   27]
 [  63   33]]
acc: 0.955
f1: 0.423
5,99,coarse : 34.17 seconds
5,99,fine : 34.19 seconds
[[1485  429]
 [  14   82]]
acc: 0.780
f1: 0.270
[[1887   27]
 [  63   33]]
acc: 0.955
f1: 0.423
5,100,coarse : 36.2 seconds
5,100,fine : 36.21 seconds
[[1489  425]
 [  15   81]]
acc: 0.781
f1: 0.269
[[1886   28]
 [  63   33]]
acc: 0.955
f1: 0.420
5,101,coarse : 34.24 seconds
5,101,fine : 34.26 seconds
[[1496  418]
 [  14   82]]
acc: 0.785
f1: 0.275
[[1886   28]
 [  63   33]]
acc: 0.955
f1: 0.420
5,102,coarse : 34.9 seconds
5,102,fine : 34.91 seconds
[[1500  414]
 [  14   82]]
acc: 0.787
f1: 0.277
[[1886   28]
 [  63   33]]
acc: 0.955
f1: 0.420
5,103,coarse : 34.5 seconds
5,103,fine : 34.51 seconds
[[1496  418]
 [  15   81]]
acc: 0.785
f1: 0.272
[[1887   27]
 [  63   33]]
acc: 0.955
f1: 0.423
5,104,coarse : 34.74 seconds
5,104,fine : 34.76 seconds
[[1491  423]
 [  15   81]]
acc: 0.782
f1: 0.270
[[1885   29]
 [  63   33]]
acc: 0.954
f1: 0.418
5,105,coarse : 34.43 seconds
5,105,fine : 34.45 seconds
[[1493  421]
 [  15   81]]
acc: 0.783
f1: 0.271
[[1883   31]
 [  63   33]]
acc: 0.953
f1: 0.412
5,106,coarse : 34.25 seconds
5,106,fine : 34.26 seconds
[[1492  422]
 [  15   81]]
acc: 0.783
f1: 0.270
[[1884   30]
 [  63   33]]
acc: 0.954
f1: 0.415
5,107,coarse : 26.1 seconds
5,107,fine : 26.12 seconds
[[1492  422]
 [  15   81]]
acc: 0.783
f1: 0.270
[[1884   30]
 [  63   33]]
acc: 0.954
f1: 0.415
5,108,coarse : 25.6 seconds
5,108,fine : 25.61 seconds
[[1485  429]
 [  16   80]]
acc: 0.779
f1: 0.264
[[1884   30]
 [  63   33]]
acc: 0.954
f1: 0.415
5,109,coarse : 25.51 seconds
5,109,fine : 25.52 seconds
[[1481  433]
 [  15   81]]
acc: 0.777
f1: 0.266
[[1883   31]
 [  63   33]]
acc: 0.953
f1: 0.412
5,110,coarse : 26.31 seconds
5,110,fine : 26.32 seconds
[[1480  434]
 [  15   81]]
acc: 0.777
f1: 0.265
[[1883   31]
 [  63   33]]
acc: 0.953
f1: 0.412
5,111,coarse : 25.86 seconds
5,111,fine : 25.88 seconds
[[1484  430]
 [  15   81]]
acc: 0.779
f1: 0.267
[[1883   31]
 [  63   33]]
acc: 0.953
f1: 0.412
5,112,coarse : 26.36 seconds
5,112,fine : 26.37 seconds
[[1482  432]
 [  16   80]]
acc: 0.777
f1: 0.263
[[1883   31]
 [  62   34]]
acc: 0.954
f1: 0.422
5,113,coarse : 25.69 seconds
5,113,fine : 25.71 seconds
[[1481  433]
 [  15   81]]
acc: 0.777
f1: 0.266
[[1881   33]
 [  61   35]]
acc: 0.953
f1: 0.427
5,114,coarse : 25.9 seconds
5,114,fine : 25.92 seconds
[[1480  434]
 [  15   81]]
acc: 0.777
f1: 0.265
[[1880   34]
 [  61   35]]
acc: 0.953
f1: 0.424
5,115,coarse : 26.4 seconds
5,115,fine : 26.41 seconds
[[1478  436]
 [  16   80]]
acc: 0.775
f1: 0.261
[[1879   35]
 [  61   35]]
acc: 0.952
f1: 0.422
5,116,coarse : 26.24 seconds
5,116,fine : 26.26 seconds
[[1479  435]
 [  16   80]]
acc: 0.776
f1: 0.262
[[1879   35]
 [  61   35]]
acc: 0.952
f1: 0.422
5,117,coarse : 26.03 seconds
5,117,fine : 26.04 seconds
[[1481  433]
 [  16   80]]
acc: 0.777
f1: 0.263
[[1877   37]
 [  61   35]]
acc: 0.951
f1: 0.417
5,118,coarse : 26.41 seconds
5,118,fine : 26.42 seconds
[[1485  429]
 [  16   80]]
acc: 0.779
f1: 0.264
[[1876   38]
 [  61   35]]
acc: 0.951
f1: 0.414
5,119,coarse : 26.21 seconds
5,119,fine : 26.22 seconds
[[1486  428]
 [  16   80]]
acc: 0.779
f1: 0.265
[[1875   39]
 [  61   35]]
acc: 0.950
f1: 0.412
5,120,coarse : 26.07 seconds
5,120,fine : 26.08 seconds
[[1487  427]
 [  15   81]]
acc: 0.780
f1: 0.268
[[1875   39]
 [  61   35]]
acc: 0.950
f1: 0.412
5,121,coarse : 25.85 seconds
5,121,fine : 25.87 seconds
[[1488  426]
 [  15   81]]
acc: 0.781
f1: 0.269
[[1875   39]
 [  61   35]]
acc: 0.950
f1: 0.412
5,122,coarse : 25.69 seconds
5,122,fine : 25.71 seconds
[[1486  428]
 [  16   80]]
acc: 0.779
f1: 0.265
[[1875   39]
 [  61   35]]
acc: 0.950
f1: 0.412
5,123,coarse : 26.22 seconds
5,123,fine : 26.23 seconds
[[1488  426]
 [  16   80]]
acc: 0.780
f1: 0.266
[[1875   39]
 [  61   35]]
acc: 0.950
f1: 0.412
5,124,coarse : 25.73 seconds
5,124,fine : 25.75 seconds
[[1488  426]
 [  16   80]]
acc: 0.780
f1: 0.266
[[1875   39]
 [  61   35]]
acc: 0.950
f1: 0.412
5,125,coarse : 25.81 seconds
5,125,fine : 25.83 seconds
[[1492  422]
 [  17   79]]
acc: 0.782
f1: 0.265
[[1875   39]
 [  60   36]]
acc: 0.951
f1: 0.421
5,126,coarse : 26.35 seconds
5,126,fine : 26.36 seconds
[[1489  425]
 [  16   80]]
acc: 0.781
f1: 0.266
[[1874   40]
 [  59   37]]
acc: 0.951
f1: 0.428
5,127,coarse : 26.06 seconds
5,127,fine : 26.08 seconds
[[1492  422]
 [  17   79]]
acc: 0.782
f1: 0.265
[[1873   41]
 [  59   37]]
acc: 0.950
f1: 0.425
5,128,coarse : 26.7 seconds
5,128,fine : 26.72 seconds
[[1490  424]
 [  17   79]]
acc: 0.781
f1: 0.264
[[1873   41]
 [  59   37]]
acc: 0.950
f1: 0.425
5,129,coarse : 26.91 seconds
5,129,fine : 26.92 seconds
[[1490  424]
 [  17   79]]
acc: 0.781
f1: 0.264
[[1872   42]
 [  59   37]]
acc: 0.950
f1: 0.423
5,130,coarse : 26.8 seconds
5,130,fine : 26.81 seconds
[[1490  424]
 [  17   79]]
acc: 0.781
f1: 0.264
[[1872   42]
 [  59   37]]
acc: 0.950
f1: 0.423
5,131,coarse : 26.64 seconds
5,131,fine : 26.66 seconds
[[1488  426]
 [  17   79]]
acc: 0.780
f1: 0.263
[[1872   42]
 [  59   37]]
acc: 0.950
f1: 0.423
5,132,coarse : 26.6 seconds
5,132,fine : 26.62 seconds
[[1489  425]
 [  17   79]]
acc: 0.780
f1: 0.263
[[1873   41]
 [  59   37]]
acc: 0.950
f1: 0.425
5,133,coarse : 26.68 seconds
5,133,fine : 26.7 seconds
[[1489  425]
 [  16   80]]
acc: 0.781
f1: 0.266
[[1872   42]
 [  59   37]]
acc: 0.950
f1: 0.423
5,134,coarse : 25.95 seconds
5,134,fine : 25.97 seconds
[[1484  430]
 [  16   80]]
acc: 0.778
f1: 0.264
[[1872   42]
 [  59   37]]
acc: 0.950
f1: 0.423
5,135,coarse : 26.34 seconds
5,135,fine : 26.36 seconds
[[1483  431]
 [  15   81]]
acc: 0.778
f1: 0.266
[[1871   43]
 [  59   37]]
acc: 0.949
f1: 0.420
5,136,coarse : 26.67 seconds
5,136,fine : 26.69 seconds
[[1481  433]
 [  14   82]]
acc: 0.778
f1: 0.268
[[1870   44]
 [  59   37]]
acc: 0.949
f1: 0.418
5,137,coarse : 26.87 seconds
5,137,fine : 26.89 seconds
[[1482  432]
 [  14   82]]
acc: 0.778
f1: 0.269
[[1871   43]
 [  58   38]]
acc: 0.950
f1: 0.429
5,138,coarse : 27.1 seconds
5,138,fine : 27.12 seconds
[[1478  436]
 [  14   82]]
acc: 0.776
f1: 0.267
[[1870   44]
 [  58   38]]
acc: 0.949
f1: 0.427
5,139,coarse : 26.9 seconds
5,139,fine : 26.92 seconds
[[1480  434]
 [  14   82]]
acc: 0.777
f1: 0.268
[[1869   45]
 [  58   38]]
acc: 0.949
f1: 0.425
5,140,coarse : 26.59 seconds
5,140,fine : 26.61 seconds
[[1478  436]
 [  14   82]]
acc: 0.776
f1: 0.267
[[1869   45]
 [  58   38]]
acc: 0.949
f1: 0.425
5,141,coarse : 26.64 seconds
5,141,fine : 26.66 seconds
[[1480  434]
 [  14   82]]
acc: 0.777
f1: 0.268
[[1868   46]
 [  58   38]]
acc: 0.948
f1: 0.422
5,142,coarse : 26.6 seconds
5,142,fine : 26.62 seconds
[[1481  433]
 [  14   82]]
acc: 0.778
f1: 0.268
[[1868   46]
 [  58   38]]
acc: 0.948
f1: 0.422
5,143,coarse : 26.69 seconds
5,143,fine : 26.71 seconds
[[1478  436]
 [  14   82]]
acc: 0.776
f1: 0.267
[[1867   47]
 [  58   38]]
acc: 0.948
f1: 0.420
5,144,coarse : 26.59 seconds
5,144,fine : 26.61 seconds
[[1478  436]
 [  14   82]]
acc: 0.776
f1: 0.267
[[1868   46]
 [  58   38]]
acc: 0.948
f1: 0.422
5,145,coarse : 26.97 seconds
5,145,fine : 26.99 seconds
[[1476  438]
 [  14   82]]
acc: 0.775
f1: 0.266
[[1867   47]
 [  58   38]]
acc: 0.948
f1: 0.420
5,146,coarse : 26.98 seconds
5,146,fine : 26.99 seconds
[[1476  438]
 [  14   82]]
acc: 0.775
f1: 0.266
[[1867   47]
 [  58   38]]
acc: 0.948
f1: 0.420
5,147,coarse : 26.7 seconds
5,147,fine : 26.72 seconds
[[1478  436]
 [  14   82]]
acc: 0.776
f1: 0.267
[[1867   47]
 [  58   38]]
acc: 0.948
f1: 0.420
5,148,coarse : 26.83 seconds
5,148,fine : 26.85 seconds
[[1478  436]
 [  14   82]]
acc: 0.776
f1: 0.267
[[1866   48]
 [  58   38]]
acc: 0.947
f1: 0.418
5,149,coarse : 26.9 seconds
5,149,fine : 26.92 seconds
[[1479  435]
 [  14   82]]
acc: 0.777
f1: 0.268
[[1863   51]
 [  58   38]]
acc: 0.946
f1: 0.411
5,150,coarse : 29.42 seconds
5,150,fine : 29.43 seconds
[[1483  431]
 [  14   82]]
acc: 0.779
f1: 0.269
[[1864   50]
 [  58   38]]
acc: 0.946
f1: 0.413
5,151,coarse : 26.71 seconds
5,151,fine : 26.73 seconds
[[1481  433]
 [  14   82]]
acc: 0.778
f1: 0.268
[[1863   51]
 [  58   38]]
acc: 0.946
f1: 0.411
5,152,coarse : 26.89 seconds
5,152,fine : 26.91 seconds
[[1482  432]
 [  14   82]]
acc: 0.778
f1: 0.269
[[1863   51]
 [  57   39]]
acc: 0.946
f1: 0.419
5,153,coarse : 26.96 seconds
5,153,fine : 26.98 seconds
[[1481  433]
 [  14   82]]
acc: 0.778
f1: 0.268
[[1863   51]
 [  57   39]]
acc: 0.946
f1: 0.419
5,154,coarse : 26.86 seconds
5,154,fine : 26.88 seconds
[[1482  432]
 [  14   82]]
acc: 0.778
f1: 0.269
[[1863   51]
 [  57   39]]
acc: 0.946
f1: 0.419
5,155,coarse : 26.94 seconds
5,155,fine : 26.96 seconds
[[1481  433]
 [  14   82]]
acc: 0.778
f1: 0.268
[[1863   51]
 [  57   39]]
acc: 0.946
f1: 0.419
5,156,coarse : 26.69 seconds
5,156,fine : 26.71 seconds
[[1480  434]
 [  14   82]]
acc: 0.777
f1: 0.268
[[1863   51]
 [  57   39]]
acc: 0.946
f1: 0.419
5,157,coarse : 26.6 seconds
5,157,fine : 26.62 seconds
[[1473  441]
 [  13   83]]
acc: 0.774
f1: 0.268
[[1862   52]
 [  57   39]]
acc: 0.946
f1: 0.417
5,158,coarse : 26.75 seconds
5,158,fine : 26.77 seconds
[[1478  436]
 [  13   83]]
acc: 0.777
f1: 0.270
[[1861   53]
 [  57   39]]
acc: 0.945
f1: 0.415
5,159,coarse : 27.1 seconds
5,159,fine : 27.12 seconds
[[1480  434]
 [  13   83]]
acc: 0.778
f1: 0.271
[[1859   55]
 [  57   39]]
acc: 0.944
f1: 0.411
5,160,coarse : 27.07 seconds
5,160,fine : 27.09 seconds
[[1480  434]
 [  13   83]]
acc: 0.778
f1: 0.271
[[1858   56]
 [  57   39]]
acc: 0.944
f1: 0.408
5,161,coarse : 26.9 seconds
5,161,fine : 26.92 seconds
[[1481  433]
 [  13   83]]
acc: 0.778
f1: 0.271
[[1857   57]
 [  57   39]]
acc: 0.943
f1: 0.406
5,162,coarse : 27.14 seconds
5,162,fine : 27.16 seconds
[[1481  433]
 [  13   83]]
acc: 0.778
f1: 0.271
[[1860   54]
 [  59   37]]
acc: 0.944
f1: 0.396
5,163,coarse : 26.94 seconds
5,163,fine : 26.96 seconds
[[1481  433]
 [  13   83]]
acc: 0.778
f1: 0.271
[[1860   54]
 [  59   37]]
acc: 0.944
f1: 0.396
5,164,coarse : 26.56 seconds
5,164,fine : 26.58 seconds
[[1474  440]
 [  13   83]]
acc: 0.775
f1: 0.268
[[1860   54]
 [  58   38]]
acc: 0.944
f1: 0.404
5,165,coarse : 26.97 seconds
5,165,fine : 26.99 seconds
[[1474  440]
 [  13   83]]
acc: 0.775
f1: 0.268
[[1859   55]
 [  58   38]]
acc: 0.944
f1: 0.402
5,166,coarse : 26.88 seconds
5,166,fine : 26.9 seconds
[[1474  440]
 [  13   83]]
acc: 0.775
f1: 0.268
[[1858   56]
 [  58   38]]
acc: 0.943
f1: 0.400
5,167,coarse : 26.43 seconds
5,167,fine : 27.94 seconds
[[1475  439]
 [  13   83]]
acc: 0.775
f1: 0.269
[[1858   56]
 [  58   38]]
acc: 0.943
f1: 0.400
5,168,coarse : 26.87 seconds
5,168,fine : 26.89 seconds
[[1475  439]
 [  13   83]]
acc: 0.775
f1: 0.269
[[1858   56]
 [  58   38]]
acc: 0.943
f1: 0.400
5,169,coarse : 26.63 seconds
5,169,fine : 26.65 seconds
[[1476  438]
 [  13   83]]
acc: 0.776
f1: 0.269
[[1857   57]
 [  57   39]]
acc: 0.943
f1: 0.406
5,170,coarse : 26.72 seconds
5,170,fine : 26.74 seconds
[[1476  438]
 [  13   83]]
acc: 0.776
f1: 0.269
[[1856   58]
 [  57   39]]
acc: 0.943
f1: 0.404
5,171,coarse : 26.4 seconds
5,171,fine : 26.42 seconds
[[1471  443]
 [  14   82]]
acc: 0.773
f1: 0.264
[[1856   58]
 [  57   39]]
acc: 0.943
f1: 0.404
5,172,coarse : 26.76 seconds
5,172,fine : 26.78 seconds
