all           0      1    2    3    4    5    6    7    8    
1      2010   1914   1    19   32   19   1    11   6    7    
2      2010   1914   1    19   32   19   1    11   6    7    
3      2010   1914   1    19   32   19   1    11   5    8    
4      2010   1914   1    19   32   19   1    10   6    8    
5      2010   1914   1    18   33   19   1    10   6    8    
6      2010   1914   1    18   33   19   1    10   6    8    
7      2010   1913   2    18   33   19   1    10   6    8    
8      2010   1913   2    18   33   19   1    10   6    8    
9      2009   1913   2    18   32   19   2    10   6    7    
10     2009   1913   1    19   32   19   1    11   6    7    
Total  20098  19136  13   185  324  190  11   104  59   76   
train         0      1    2    3    4    5    6    7    8    
1      2010   1914   1    19   32   19   1    11   6    7    
2      2010   1914   1    19   32   19   1    11   6    7    
4      2010   1914   1    19   32   19   1    10   6    8    
5      2010   1914   1    18   33   19   1    10   6    8    
6      2010   1914   1    18   33   19   1    10   6    8    
7      2010   1913   2    18   33   19   1    10   6    8    
8      2010   1913   2    18   33   19   1    10   6    8    
9      2009   1913   2    18   32   19   2    10   6    7    
10     2009   1913   1    19   32   19   1    11   6    7    
Total  18088  17222  12   166  292  171  10   93   54   68   
test          0      1    2    3    4    5    6    7    8    
3      2010   1914   1    19   32   19   1    11   5    8    
Total  2010   1914   1    19   32   19   1    11   5    8    
Classes             
0         17222     
1         12        
2         166       
3         292       
4         171       
5         10        
6         93        
7         54        
8         68        
Total     18088     

Shape: 450       

[952, 10, 11, 16, 11, 10, 10, 10, 10]
Sum start => 1040
[[1359  555]
 [  20   76]]
acc: 0.714
f1: 0.209
[[1883   31]
 [  81   15]]
acc: 0.944
f1: 0.211
3,1,coarse : 38.97 seconds
3,1,fine : 38.97 seconds
[[1359  555]
 [  20   76]]
acc: 0.714
f1: 0.209
[[1883   31]
 [  81   15]]
acc: 0.944
f1: 0.211
3,2,coarse : 40.37 seconds
3,2,fine : 40.37 seconds
[[1361  553]
 [  19   77]]
acc: 0.715
f1: 0.212
[[1883   31]
 [  81   15]]
acc: 0.944
f1: 0.211
3,3,coarse : 4.23 seconds
3,3,fine : 4.24 seconds
[[1370  544]
 [  20   76]]
acc: 0.719
f1: 0.212
[[1888   26]
 [  82   14]]
acc: 0.946
f1: 0.206
3,4,coarse : 4.61 seconds
3,4,fine : 4.61 seconds
[[1393  521]
 [  20   76]]
acc: 0.731
f1: 0.219
[[1892   22]
 [  84   12]]
acc: 0.947
f1: 0.185
3,5,coarse : 4.65 seconds
3,5,fine : 4.65 seconds
[[1425  489]
 [  19   77]]
acc: 0.747
f1: 0.233
[[1894   20]
 [  84   12]]
acc: 0.948
f1: 0.188
3,6,coarse : 4.81 seconds
3,6,fine : 4.81 seconds
[[1434  480]
 [  19   77]]
acc: 0.752
f1: 0.236
[[1894   20]
 [  84   12]]
acc: 0.948
f1: 0.188
3,7,coarse : 4.92 seconds
3,7,fine : 4.92 seconds
[[1443  471]
 [  19   77]]
acc: 0.756
f1: 0.239
[[1894   20]
 [  84   12]]
acc: 0.948
f1: 0.188
3,8,coarse : 5.1 seconds
3,8,fine : 5.1 seconds
[[1448  466]
 [  19   77]]
acc: 0.759
f1: 0.241
[[1897   17]
 [  84   12]]
acc: 0.950
f1: 0.192
3,9,coarse : 5.4 seconds
3,9,fine : 5.4 seconds
[[1449  465]
 [  18   78]]
acc: 0.760
f1: 0.244
[[1896   18]
 [  82   14]]
acc: 0.950
f1: 0.219
3,10,coarse : 5.64 seconds
3,10,fine : 5.64 seconds
[[1457  457]
 [  20   76]]
acc: 0.763
f1: 0.242
[[1899   15]
 [  82   14]]
acc: 0.952
f1: 0.224
3,11,coarse : 5.78 seconds
3,11,fine : 5.78 seconds
[[1439  475]
 [  21   75]]
acc: 0.753
f1: 0.232
[[1898   16]
 [  82   14]]
acc: 0.951
f1: 0.222
3,12,coarse : 5.81 seconds
3,12,fine : 5.81 seconds
[[1437  477]
 [  20   76]]
acc: 0.753
f1: 0.234
[[1898   16]
 [  81   15]]
acc: 0.952
f1: 0.236
3,13,coarse : 6.11 seconds
3,13,fine : 6.11 seconds
[[1440  474]
 [  20   76]]
acc: 0.754
f1: 0.235
[[1895   19]
 [  80   16]]
acc: 0.951
f1: 0.244
3,14,coarse : 6.27 seconds
3,14,fine : 6.27 seconds
[[1439  475]
 [  22   74]]
acc: 0.753
f1: 0.229
[[1895   19]
 [  80   16]]
acc: 0.951
f1: 0.244
3,15,coarse : 6.52 seconds
3,15,fine : 6.53 seconds
[[1447  467]
 [  22   74]]
acc: 0.757
f1: 0.232
[[1894   20]
 [  81   15]]
acc: 0.950
f1: 0.229
3,16,coarse : 6.62 seconds
3,16,fine : 6.63 seconds
[[1458  456]
 [  22   74]]
acc: 0.762
f1: 0.236
[[1893   21]
 [  81   15]]
acc: 0.949
f1: 0.227
3,17,coarse : 6.91 seconds
3,17,fine : 6.91 seconds
[[1461  453]
 [  20   76]]
acc: 0.765
f1: 0.243
[[1893   21]
 [  80   16]]
acc: 0.950
f1: 0.241
3,18,coarse : 6.87 seconds
3,18,fine : 6.88 seconds
[[1467  447]
 [  22   74]]
acc: 0.767
f1: 0.240
[[1894   20]
 [  80   16]]
acc: 0.950
f1: 0.242
3,19,coarse : 7.09 seconds
3,19,fine : 7.09 seconds
[[1482  432]
 [  19   77]]
acc: 0.776
f1: 0.255
[[1894   20]
 [  80   16]]
acc: 0.950
f1: 0.242
3,20,coarse : 7.37 seconds
3,20,fine : 7.38 seconds
[[1477  437]
 [  21   75]]
acc: 0.772
f1: 0.247
[[1893   21]
 [  76   20]]
acc: 0.952
f1: 0.292
3,21,coarse : 7.62 seconds
3,21,fine : 7.62 seconds
[[1471  443]
 [  20   76]]
acc: 0.770
f1: 0.247
[[1892   22]
 [  73   23]]
acc: 0.953
f1: 0.326
3,22,coarse : 7.65 seconds
3,22,fine : 7.65 seconds
[[1474  440]
 [  20   76]]
acc: 0.771
f1: 0.248
[[1887   27]
 [  73   23]]
acc: 0.950
f1: 0.315
3,23,coarse : 8.01 seconds
3,23,fine : 8.02 seconds
[[1478  436]
 [  19   77]]
acc: 0.774
f1: 0.253
[[1881   33]
 [  69   27]]
acc: 0.949
f1: 0.346
3,24,coarse : 8.05 seconds
3,24,fine : 8.05 seconds
[[1483  431]
 [  18   78]]
acc: 0.777
f1: 0.258
[[1881   33]
 [  71   25]]
acc: 0.948
f1: 0.325
3,25,coarse : 8.43 seconds
3,25,fine : 8.44 seconds
[[1475  439]
 [  17   79]]
acc: 0.773
f1: 0.257
[[1881   33]
 [  71   25]]
acc: 0.948
f1: 0.325
3,26,coarse : 8.7 seconds
3,26,fine : 8.7 seconds
[[1490  424]
 [  18   78]]
acc: 0.780
f1: 0.261
[[1883   31]
 [  71   25]]
acc: 0.949
f1: 0.329
3,27,coarse : 8.82 seconds
3,27,fine : 8.83 seconds
[[1489  425]
 [  18   78]]
acc: 0.780
f1: 0.260
[[1880   34]
 [  70   26]]
acc: 0.948
f1: 0.333
3,28,coarse : 9.27 seconds
3,28,fine : 9.28 seconds
[[1490  424]
 [  18   78]]
acc: 0.780
f1: 0.261
[[1877   37]
 [  69   27]]
acc: 0.947
f1: 0.338
3,29,coarse : 9.22 seconds
3,29,fine : 9.22 seconds
[[1494  420]
 [  18   78]]
acc: 0.782
f1: 0.263
[[1871   43]
 [  72   24]]
acc: 0.943
f1: 0.294
3,30,coarse : 9.47 seconds
3,30,fine : 9.48 seconds
[[1487  427]
 [  19   77]]
acc: 0.778
f1: 0.257
[[1874   40]
 [  71   25]]
acc: 0.945
f1: 0.311
3,31,coarse : 9.81 seconds
3,31,fine : 9.81 seconds
[[1482  432]
 [  18   78]]
acc: 0.776
f1: 0.257
[[1875   39]
 [  72   24]]
acc: 0.945
f1: 0.302
3,32,coarse : 9.8 seconds
3,32,fine : 9.81 seconds
[[1484  430]
 [  18   78]]
acc: 0.777
f1: 0.258
[[1874   40]
 [  71   25]]
acc: 0.945
f1: 0.311
3,33,coarse : 9.98 seconds
3,33,fine : 9.98 seconds
[[1483  431]
 [  19   77]]
acc: 0.776
f1: 0.255
[[1875   39]
 [  70   26]]
acc: 0.946
f1: 0.323
3,34,coarse : 9.93 seconds
3,34,fine : 9.94 seconds
[[1492  422]
 [  19   77]]
acc: 0.781
f1: 0.259
[[1874   40]
 [  70   26]]
acc: 0.945
f1: 0.321
3,35,coarse : 10.15 seconds
3,35,fine : 10.16 seconds
[[1494  420]
 [  20   76]]
acc: 0.781
f1: 0.257
[[1873   41]
 [  70   26]]
acc: 0.945
f1: 0.319
3,36,coarse : 10.41 seconds
3,36,fine : 10.42 seconds
[[1501  413]
 [  20   76]]
acc: 0.785
f1: 0.260
[[1872   42]
 [  70   26]]
acc: 0.944
f1: 0.317
3,37,coarse : 10.77 seconds
3,37,fine : 10.78 seconds
[[1494  420]
 [  19   77]]
acc: 0.782
f1: 0.260
[[1869   45]
 [  70   26]]
acc: 0.943
f1: 0.311
3,38,coarse : 11.2 seconds
3,38,fine : 11.21 seconds
[[1502  412]
 [  18   78]]
acc: 0.786
f1: 0.266
[[1869   45]
 [  71   25]]
acc: 0.942
f1: 0.301
3,39,coarse : 11.33 seconds
3,39,fine : 11.34 seconds
[[1504  410]
 [  20   76]]
acc: 0.786
f1: 0.261
[[1869   45]
 [  71   25]]
acc: 0.942
f1: 0.301
3,40,coarse : 11.26 seconds
3,40,fine : 11.42 seconds
[[1507  407]
 [  18   78]]
acc: 0.789
f1: 0.269
[[1869   45]
 [  70   26]]
acc: 0.943
f1: 0.311
3,41,coarse : 11.64 seconds
3,41,fine : 11.65 seconds
[[1513  401]
 [  18   78]]
acc: 0.792
f1: 0.271
[[1870   44]
 [  70   26]]
acc: 0.943
f1: 0.313
3,42,coarse : 11.73 seconds
3,42,fine : 11.73 seconds
[[1519  395]
 [  19   77]]
acc: 0.794
f1: 0.271
[[1870   44]
 [  70   26]]
acc: 0.943
f1: 0.313
3,43,coarse : 12.1 seconds
3,43,fine : 12.11 seconds
[[1520  394]
 [  18   78]]
acc: 0.795
f1: 0.275
[[1870   44]
 [  69   27]]
acc: 0.944
f1: 0.323
3,44,coarse : 12.33 seconds
3,44,fine : 12.34 seconds
[[1512  402]
 [  18   78]]
acc: 0.791
f1: 0.271
[[1873   41]
 [  70   26]]
acc: 0.945
f1: 0.319
3,45,coarse : 12.57 seconds
3,45,fine : 12.57 seconds
[[1513  401]
 [  18   78]]
acc: 0.792
f1: 0.271
[[1873   41]
 [  69   27]]
acc: 0.945
f1: 0.329
3,46,coarse : 12.54 seconds
3,46,fine : 12.54 seconds
[[1506  408]
 [  19   77]]
acc: 0.788
f1: 0.265
[[1873   41]
 [  69   27]]
acc: 0.945
f1: 0.329
3,47,coarse : 13.06 seconds
3,47,fine : 13.06 seconds
[[1506  408]
 [  18   78]]
acc: 0.788
f1: 0.268
[[1872   42]
 [  69   27]]
acc: 0.945
f1: 0.327
3,48,coarse : 13.24 seconds
3,48,fine : 13.25 seconds
[[1508  406]
 [  18   78]]
acc: 0.789
f1: 0.269
[[1872   42]
 [  68   28]]
acc: 0.945
f1: 0.337
3,49,coarse : 13.69 seconds
3,49,fine : 13.7 seconds
[[1509  405]
 [  19   77]]
acc: 0.789
f1: 0.266
[[1873   41]
 [  66   30]]
acc: 0.947
f1: 0.359
3,50,coarse : 15.43 seconds
3,50,fine : 15.43 seconds
[[1506  408]
 [  19   77]]
acc: 0.788
f1: 0.265
[[1873   41]
 [  66   30]]
acc: 0.947
f1: 0.359
3,51,coarse : 13.93 seconds
3,51,fine : 13.94 seconds
[[1507  407]
 [  19   77]]
acc: 0.788
f1: 0.266
[[1873   41]
 [  67   29]]
acc: 0.946
f1: 0.349
3,52,coarse : 14.82 seconds
3,52,fine : 14.82 seconds
[[1509  405]
 [  20   76]]
acc: 0.789
f1: 0.263
[[1875   39]
 [  67   29]]
acc: 0.947
f1: 0.354
3,53,coarse : 14.86 seconds
3,53,fine : 14.87 seconds
[[1514  400]
 [  20   76]]
acc: 0.791
f1: 0.266
[[1872   42]
 [  66   30]]
acc: 0.946
f1: 0.357
3,54,coarse : 14.46 seconds
3,54,fine : 14.47 seconds
[[1522  392]
 [  19   77]]
acc: 0.796
f1: 0.273
[[1871   43]
 [  66   30]]
acc: 0.946
f1: 0.355
3,55,coarse : 14.68 seconds
3,55,fine : 14.69 seconds
[[1517  397]
 [  18   78]]
acc: 0.794
f1: 0.273
[[1869   45]
 [  64   32]]
acc: 0.946
f1: 0.370
3,56,coarse : 14.92 seconds
3,56,fine : 14.93 seconds
[[1512  402]
 [  16   80]]
acc: 0.792
f1: 0.277
[[1868   46]
 [  64   32]]
acc: 0.945
f1: 0.368
3,57,coarse : 15.23 seconds
3,57,fine : 15.24 seconds
[[1519  395]
 [  16   80]]
acc: 0.796
f1: 0.280
[[1869   45]
 [  63   33]]
acc: 0.946
f1: 0.379
3,58,coarse : 15.91 seconds
3,58,fine : 15.92 seconds
[[1511  403]
 [  15   81]]
acc: 0.792
f1: 0.279
[[1865   49]
 [  61   35]]
acc: 0.945
f1: 0.389
3,59,coarse : 15.93 seconds
3,59,fine : 15.94 seconds
[[1516  398]
 [  16   80]]
acc: 0.794
f1: 0.279
[[1865   49]
 [  61   35]]
acc: 0.945
f1: 0.389
3,60,coarse : 16.07 seconds
3,60,fine : 16.07 seconds
[[1515  399]
 [  16   80]]
acc: 0.794
f1: 0.278
[[1865   49]
 [  63   33]]
acc: 0.944
f1: 0.371
3,61,coarse : 16.32 seconds
3,61,fine : 16.33 seconds
[[1506  408]
 [  17   79]]
acc: 0.789
f1: 0.271
[[1865   49]
 [  65   31]]
acc: 0.943
f1: 0.352
3,62,coarse : 16.85 seconds
3,62,fine : 16.86 seconds
[[1515  399]
 [  17   79]]
acc: 0.793
f1: 0.275
[[1866   48]
 [  64   32]]
acc: 0.944
f1: 0.364
3,63,coarse : 17.31 seconds
3,63,fine : 17.31 seconds
[[1513  401]
 [  17   79]]
acc: 0.792
f1: 0.274
[[1864   50]
 [  61   35]]
acc: 0.945
f1: 0.387
3,64,coarse : 16.54 seconds
3,64,fine : 16.55 seconds
[[1510  404]
 [  18   78]]
acc: 0.790
f1: 0.270
[[1865   49]
 [  62   34]]
acc: 0.945
f1: 0.380
3,65,coarse : 17.2 seconds
3,65,fine : 17.21 seconds
[[1510  404]
 [  18   78]]
acc: 0.790
f1: 0.270
[[1867   47]
 [  62   34]]
acc: 0.946
f1: 0.384
3,66,coarse : 17.2 seconds
3,66,fine : 17.21 seconds
[[1511  403]
 [  16   80]]
acc: 0.792
f1: 0.276
[[1866   48]
 [  63   33]]
acc: 0.945
f1: 0.373
3,67,coarse : 17.77 seconds
3,67,fine : 17.78 seconds
[[1518  396]
 [  18   78]]
acc: 0.794
f1: 0.274
[[1868   46]
 [  64   32]]
acc: 0.945
f1: 0.368
3,68,coarse : 18.24 seconds
3,68,fine : 18.25 seconds
[[1514  400]
 [  18   78]]
acc: 0.792
f1: 0.272
[[1866   48]
 [  62   34]]
acc: 0.945
f1: 0.382
3,69,coarse : 18.01 seconds
3,69,fine : 18.02 seconds
[[1512  402]
 [  20   76]]
acc: 0.790
f1: 0.265
[[1868   46]
 [  62   34]]
acc: 0.946
f1: 0.386
3,70,coarse : 19.12 seconds
3,70,fine : 19.13 seconds
[[1512  402]
 [  18   78]]
acc: 0.791
f1: 0.271
[[1867   47]
 [  63   33]]
acc: 0.945
f1: 0.375
3,71,coarse : 18.78 seconds
3,71,fine : 18.78 seconds
[[1512  402]
 [  18   78]]
acc: 0.791
f1: 0.271
[[1865   49]
 [  62   34]]
acc: 0.945
f1: 0.380
3,72,coarse : 18.87 seconds
3,72,fine : 18.87 seconds
[[1502  412]
 [  18   78]]
acc: 0.786
f1: 0.266
[[1866   48]
 [  62   34]]
acc: 0.945
f1: 0.382
3,73,coarse : 19.34 seconds
3,73,fine : 19.35 seconds
[[1504  410]
 [  18   78]]
acc: 0.787
f1: 0.267
[[1866   48]
 [  60   36]]
acc: 0.946
f1: 0.400
3,74,coarse : 19.62 seconds
3,74,fine : 19.63 seconds
[[1503  411]
 [  18   78]]
acc: 0.787
f1: 0.267
[[1865   49]
 [  62   34]]
acc: 0.945
f1: 0.380
3,75,coarse : 19.6 seconds
3,75,fine : 19.6 seconds
[[1505  409]
 [  18   78]]
acc: 0.788
f1: 0.268
[[1864   50]
 [  60   36]]
acc: 0.945
f1: 0.396
3,76,coarse : 19.23 seconds
3,76,fine : 19.24 seconds
[[1504  410]
 [  18   78]]
acc: 0.787
f1: 0.267
[[1866   48]
 [  61   35]]
acc: 0.946
f1: 0.391
3,77,coarse : 19.22 seconds
3,77,fine : 19.23 seconds
[[1508  406]
 [  19   77]]
acc: 0.789
f1: 0.266
[[1863   51]
 [  59   37]]
acc: 0.945
f1: 0.402
3,78,coarse : 19.06 seconds
3,78,fine : 19.07 seconds
[[1507  407]
 [  19   77]]
acc: 0.788
f1: 0.266
[[1858   56]
 [  58   38]]
acc: 0.943
f1: 0.400
3,79,coarse : 19.96 seconds
3,79,fine : 19.97 seconds
[[1506  408]
 [  20   76]]
acc: 0.787
f1: 0.262
[[1857   57]
 [  58   38]]
acc: 0.943
f1: 0.398
3,80,coarse : 20.03 seconds
3,80,fine : 20.04 seconds
[[1512  402]
 [  20   76]]
acc: 0.790
f1: 0.265
[[1858   56]
 [  58   38]]
acc: 0.943
f1: 0.400
3,81,coarse : 20.1 seconds
3,81,fine : 20.11 seconds
[[1508  406]
 [  19   77]]
acc: 0.789
f1: 0.266
[[1858   56]
 [  58   38]]
acc: 0.943
f1: 0.400
3,82,coarse : 19.51 seconds
3,82,fine : 19.52 seconds
[[1510  404]
 [  19   77]]
acc: 0.790
f1: 0.267
[[1859   55]
 [  58   38]]
acc: 0.944
f1: 0.402
3,83,coarse : 20.77 seconds
3,83,fine : 20.78 seconds
[[1510  404]
 [  18   78]]
acc: 0.790
f1: 0.270
[[1861   53]
 [  59   37]]
acc: 0.944
f1: 0.398
3,84,coarse : 20.77 seconds
3,84,fine : 20.77 seconds
[[1516  398]
 [  18   78]]
acc: 0.793
f1: 0.273
[[1862   52]
 [  60   36]]
acc: 0.944
f1: 0.391
3,85,coarse : 21.36 seconds
3,85,fine : 21.37 seconds
[[1520  394]
 [  19   77]]
acc: 0.795
f1: 0.272
[[1860   54]
 [  60   36]]
acc: 0.943
f1: 0.387
3,86,coarse : 22.19 seconds
3,86,fine : 22.2 seconds
[[1517  397]
 [  19   77]]
acc: 0.793
f1: 0.270
[[1861   53]
 [  59   37]]
acc: 0.944
f1: 0.398
3,87,coarse : 21.94 seconds
3,87,fine : 21.95 seconds
[[1519  395]
 [  18   78]]
acc: 0.795
f1: 0.274
[[1855   59]
 [  58   38]]
acc: 0.942
f1: 0.394
3,88,coarse : 22.24 seconds
3,88,fine : 22.25 seconds
[[1523  391]
 [  19   77]]
acc: 0.796
f1: 0.273
[[1857   57]
 [  59   37]]
acc: 0.942
f1: 0.389
3,89,coarse : 22.57 seconds
3,89,fine : 22.61 seconds
[[1522  392]
 [  19   77]]
acc: 0.796
f1: 0.273
[[1856   58]
 [  58   38]]
acc: 0.942
f1: 0.396
3,90,coarse : 23.56 seconds
3,90,fine : 23.56 seconds
[[1522  392]
 [  19   77]]
acc: 0.796
f1: 0.273
[[1858   56]
 [  59   37]]
acc: 0.943
f1: 0.392
3,91,coarse : 23.2 seconds
3,91,fine : 23.21 seconds
[[1527  387]
 [  19   77]]
acc: 0.798
f1: 0.275
[[1855   59]
 [  57   39]]
acc: 0.942
f1: 0.402
3,92,coarse : 23.31 seconds
3,92,fine : 23.32 seconds
[[1526  388]
 [  20   76]]
acc: 0.797
f1: 0.271
[[1853   61]
 [  57   39]]
acc: 0.941
f1: 0.398
3,93,coarse : 23.73 seconds
3,93,fine : 23.75 seconds
[[1523  391]
 [  19   77]]
acc: 0.796
f1: 0.273
[[1850   64]
 [  57   39]]
acc: 0.940
f1: 0.392
3,94,coarse : 24.23 seconds
3,94,fine : 24.24 seconds
[[1528  386]
 [  19   77]]
acc: 0.799
f1: 0.275
[[1856   58]
 [  57   39]]
acc: 0.943
f1: 0.404
3,95,coarse : 24.22 seconds
3,95,fine : 24.23 seconds
[[1529  385]
 [  19   77]]
acc: 0.799
f1: 0.276
[[1855   59]
 [  56   40]]
acc: 0.943
f1: 0.410
3,96,coarse : 24.69 seconds
3,96,fine : 24.71 seconds
[[1530  384]
 [  19   77]]
acc: 0.800
f1: 0.276
[[1855   59]
 [  56   40]]
acc: 0.943
f1: 0.410
3,97,coarse : 25.26 seconds
3,97,fine : 25.27 seconds
[[1528  386]
 [  19   77]]
acc: 0.799
f1: 0.275
[[1855   59]
 [  57   39]]
acc: 0.942
f1: 0.402
3,98,coarse : 25.14 seconds
3,98,fine : 25.15 seconds
[[1528  386]
 [  19   77]]
acc: 0.799
f1: 0.275
[[1854   60]
 [  57   39]]
acc: 0.942
f1: 0.400
3,99,coarse : 25.75 seconds
3,99,fine : 25.76 seconds
[[1526  388]
 [  19   77]]
acc: 0.798
f1: 0.275
[[1855   59]
 [  57   39]]
acc: 0.942
f1: 0.402
3,100,coarse : 27.27 seconds
3,100,fine : 27.28 seconds
[[1529  385]
 [  19   77]]
acc: 0.799
f1: 0.276
[[1851   63]
 [  57   39]]
acc: 0.940
f1: 0.394
3,101,coarse : 26.33 seconds
3,101,fine : 26.34 seconds
[[1529  385]
 [  19   77]]
acc: 0.799
f1: 0.276
[[1851   63]
 [  56   40]]
acc: 0.941
f1: 0.402
3,102,coarse : 27.15 seconds
3,102,fine : 27.16 seconds
[[1531  383]
 [  19   77]]
acc: 0.800
f1: 0.277
[[1850   64]
 [  57   39]]
acc: 0.940
f1: 0.392
3,103,coarse : 26.83 seconds
3,103,fine : 26.84 seconds
[[1528  386]
 [  18   78]]
acc: 0.799
f1: 0.279
[[1849   65]
 [  57   39]]
acc: 0.939
f1: 0.390
3,104,coarse : 27.03 seconds
3,104,fine : 27.04 seconds
[[1533  381]
 [  18   78]]
acc: 0.801
f1: 0.281
[[1849   65]
 [  57   39]]
acc: 0.939
f1: 0.390
3,105,coarse : 27.59 seconds
3,105,fine : 27.6 seconds
[[1534  380]
 [  18   78]]
acc: 0.802
f1: 0.282
[[1851   63]
 [  56   40]]
acc: 0.941
f1: 0.402
3,106,coarse : 27.72 seconds
3,106,fine : 27.73 seconds
[[1537  377]
 [  18   78]]
acc: 0.803
f1: 0.283
[[1848   66]
 [  56   40]]
acc: 0.939
f1: 0.396
3,107,coarse : 27.57 seconds
3,107,fine : 27.58 seconds
[[1537  377]
 [  18   78]]
acc: 0.803
f1: 0.283
[[1849   65]
 [  55   41]]
acc: 0.940
f1: 0.406
3,108,coarse : 28.05 seconds
3,108,fine : 28.06 seconds
[[1537  377]
 [  19   77]]
acc: 0.803
f1: 0.280
[[1848   66]
 [  55   41]]
acc: 0.940
f1: 0.404
3,109,coarse : 28.13 seconds
3,109,fine : 28.14 seconds
[[1536  378]
 [  19   77]]
acc: 0.802
f1: 0.279
[[1848   66]
 [  55   41]]
acc: 0.940
f1: 0.404
3,110,coarse : 28.98 seconds
3,110,fine : 28.99 seconds
[[1537  377]
 [  19   77]]
acc: 0.803
f1: 0.280
[[1847   67]
 [  56   40]]
acc: 0.939
f1: 0.394
3,111,coarse : 28.85 seconds
3,111,fine : 28.86 seconds
[[1538  376]
 [  18   78]]
acc: 0.804
f1: 0.284
[[1845   69]
 [  56   40]]
acc: 0.938
f1: 0.390
3,112,coarse : 29.77 seconds
3,112,fine : 29.78 seconds
[[1537  377]
 [  19   77]]
acc: 0.803
f1: 0.280
[[1845   69]
 [  55   41]]
acc: 0.938
f1: 0.398
3,113,coarse : 30.12 seconds
3,113,fine : 30.14 seconds
[[1541  373]
 [  17   79]]
acc: 0.806
f1: 0.288
[[1844   70]
 [  57   39]]
acc: 0.937
f1: 0.380
3,114,coarse : 29.78 seconds
3,114,fine : 29.79 seconds
[[1542  372]
 [  17   79]]
acc: 0.806
f1: 0.289
[[1846   68]
 [  55   41]]
acc: 0.939
f1: 0.400
3,115,coarse : 29.97 seconds
3,115,fine : 29.98 seconds
[[1546  368]
 [  18   78]]
acc: 0.808
f1: 0.288
[[1844   70]
 [  56   40]]
acc: 0.937
f1: 0.388
3,116,coarse : 29.58 seconds
3,116,fine : 29.59 seconds
[[1544  370]
 [  18   78]]
acc: 0.807
f1: 0.287
[[1844   70]
 [  55   41]]
acc: 0.938
f1: 0.396
3,117,coarse : 29.23 seconds
3,117,fine : 29.24 seconds
[[1546  368]
 [  18   78]]
acc: 0.808
f1: 0.288
[[1847   67]
 [  55   41]]
acc: 0.939
f1: 0.402
3,118,coarse : 30.71 seconds
3,118,fine : 30.72 seconds
[[1542  372]
 [  19   77]]
acc: 0.805
f1: 0.283
[[1846   68]
 [  55   41]]
acc: 0.939
f1: 0.400
3,119,coarse : 30.21 seconds
3,119,fine : 30.22 seconds
[[1543  371]
 [  19   77]]
acc: 0.806
f1: 0.283
[[1848   66]
 [  55   41]]
acc: 0.940
f1: 0.404
3,120,coarse : 31.05 seconds
3,120,fine : 31.06 seconds
[[1544  370]
 [  19   77]]
acc: 0.806
f1: 0.284
[[1853   61]
 [  55   41]]
acc: 0.942
f1: 0.414
3,121,coarse : 31.82 seconds
3,121,fine : 31.83 seconds
[[1540  374]
 [  19   77]]
acc: 0.804
f1: 0.282
[[1851   63]
 [  54   42]]
acc: 0.942
f1: 0.418
3,122,coarse : 31.76 seconds
3,122,fine : 31.77 seconds
[[1547  367]
 [  18   78]]
acc: 0.808
f1: 0.288
[[1850   64]
 [  54   42]]
acc: 0.941
f1: 0.416
3,123,coarse : 31.29 seconds
3,123,fine : 31.3 seconds
[[1545  369]
 [  19   77]]
acc: 0.807
f1: 0.284
[[1850   64]
 [  54   42]]
acc: 0.941
f1: 0.416
3,124,coarse : 31.64 seconds
3,124,fine : 31.66 seconds
[[1542  372]
 [  19   77]]
acc: 0.805
f1: 0.283
[[1849   65]
 [  54   42]]
acc: 0.941
f1: 0.414
3,125,coarse : 33.18 seconds
3,125,fine : 33.19 seconds
[[1545  369]
 [  19   77]]
acc: 0.807
f1: 0.284
[[1848   66]
 [  55   41]]
acc: 0.940
f1: 0.404
3,126,coarse : 33.59 seconds
3,126,fine : 33.61 seconds
[[1545  369]
 [  18   78]]
acc: 0.807
f1: 0.287
[[1848   66]
 [  55   41]]
acc: 0.940
f1: 0.404
3,127,coarse : 33.94 seconds
3,127,fine : 33.96 seconds
[[1544  370]
 [  18   78]]
acc: 0.807
f1: 0.287
[[1849   65]
 [  55   41]]
acc: 0.940
f1: 0.406
3,128,coarse : 33.49 seconds
3,128,fine : 33.5 seconds
[[1540  374]
 [  18   78]]
acc: 0.805
f1: 0.285
[[1850   64]
 [  54   42]]
acc: 0.941
f1: 0.416
3,129,coarse : 33.08 seconds
3,129,fine : 33.1 seconds
[[1544  370]
 [  20   76]]
acc: 0.806
f1: 0.280
[[1852   62]
 [  54   42]]
acc: 0.942
f1: 0.420
3,130,coarse : 34.75 seconds
3,130,fine : 34.77 seconds
[[1546  368]
 [  20   76]]
acc: 0.807
f1: 0.281
[[1852   62]
 [  54   42]]
acc: 0.942
f1: 0.420
3,131,coarse : 36.03 seconds
3,131,fine : 36.04 seconds
[[1544  370]
 [  19   77]]
acc: 0.806
f1: 0.284
[[1850   64]
 [  53   43]]
acc: 0.942
f1: 0.424
3,132,coarse : 35.47 seconds
3,132,fine : 35.48 seconds
[[1544  370]
 [  18   78]]
acc: 0.807
f1: 0.287
[[1851   63]
 [  53   43]]
acc: 0.942
f1: 0.426
3,133,coarse : 35.33 seconds
3,133,fine : 35.34 seconds
[[1544  370]
 [  17   79]]
acc: 0.807
f1: 0.290
[[1851   63]
 [  53   43]]
acc: 0.942
f1: 0.426
3,134,coarse : 36.06 seconds
3,134,fine : 36.07 seconds
[[1542  372]
 [  17   79]]
acc: 0.806
f1: 0.289
[[1849   65]
 [  53   43]]
acc: 0.941
f1: 0.422
3,135,coarse : 36.49 seconds
3,135,fine : 36.51 seconds
[[1543  371]
 [  17   79]]
acc: 0.807
f1: 0.289
[[1848   66]
 [  50   46]]
acc: 0.942
f1: 0.442
3,136,coarse : 35.85 seconds
3,136,fine : 35.87 seconds
[[1540  374]
 [  17   79]]
acc: 0.805
f1: 0.288
[[1850   64]
 [  53   43]]
acc: 0.942
f1: 0.424
3,137,coarse : 36.95 seconds
3,137,fine : 36.97 seconds
[[1541  373]
 [  17   79]]
acc: 0.806
f1: 0.288
[[1850   64]
 [  53   43]]
acc: 0.942
f1: 0.424
3,138,coarse : 35.84 seconds
3,138,fine : 35.86 seconds
[[1541  373]
 [  18   78]]
acc: 0.805
f1: 0.285
[[1850   64]
 [  54   42]]
acc: 0.941
f1: 0.416
3,139,coarse : 36.22 seconds
3,139,fine : 36.23 seconds
[[1534  380]
 [  19   77]]
acc: 0.801
f1: 0.278
[[1851   63]
 [  54   42]]
acc: 0.942
f1: 0.418
3,140,coarse : 37.04 seconds
3,140,fine : 37.05 seconds
[[1539  375]
 [  19   77]]
acc: 0.804
f1: 0.281
[[1849   65]
 [  53   43]]
acc: 0.941
f1: 0.422
3,141,coarse : 36.31 seconds
3,141,fine : 36.33 seconds
[[1539  375]
 [  18   78]]
acc: 0.804
f1: 0.284
[[1847   67]
 [  52   44]]
acc: 0.941
f1: 0.425
3,142,coarse : 36.47 seconds
3,142,fine : 36.57 seconds
[[1545  369]
 [  19   77]]
acc: 0.807
f1: 0.284
[[1848   66]
 [  52   44]]
acc: 0.941
f1: 0.427
3,143,coarse : 36.18 seconds
3,143,fine : 36.2 seconds
[[1542  372]
 [  19   77]]
acc: 0.805
f1: 0.283
[[1848   66]
 [  52   44]]
acc: 0.941
f1: 0.427
3,144,coarse : 38.12 seconds
3,144,fine : 38.14 seconds
[[1546  368]
 [  19   77]]
acc: 0.807
f1: 0.285
[[1849   65]
 [  52   44]]
acc: 0.942
f1: 0.429
3,145,coarse : 38.13 seconds
3,145,fine : 38.15 seconds
[[1542  372]
 [  18   78]]
acc: 0.806
f1: 0.286
[[1849   65]
 [  54   42]]
acc: 0.941
f1: 0.414
3,146,coarse : 39.56 seconds
3,146,fine : 39.57 seconds
[[1540  374]
 [  18   78]]
acc: 0.805
f1: 0.285
[[1849   65]
 [  52   44]]
acc: 0.942
f1: 0.429
3,147,coarse : 38.93 seconds
3,147,fine : 38.95 seconds
[[1540  374]
 [  19   77]]
acc: 0.804
f1: 0.282
[[1848   66]
 [  51   45]]
acc: 0.942
f1: 0.435
3,148,coarse : 38.76 seconds
3,148,fine : 38.78 seconds
[[1543  371]
 [  18   78]]
acc: 0.806
f1: 0.286
[[1847   67]
 [  52   44]]
acc: 0.941
f1: 0.425
3,149,coarse : 39.54 seconds
3,149,fine : 39.55 seconds
[[1544  370]
 [  19   77]]
acc: 0.806
f1: 0.284
[[1844   70]
 [  51   45]]
acc: 0.940
f1: 0.427
3,150,coarse : 44.16 seconds
3,150,fine : 44.17 seconds
[[1543  371]
 [  19   77]]
acc: 0.806
f1: 0.283
[[1843   71]
 [  49   47]]
acc: 0.940
f1: 0.439
3,151,coarse : 38.76 seconds
3,151,fine : 38.77 seconds
[[1540  374]
 [  19   77]]
acc: 0.804
f1: 0.282
[[1845   69]
 [  49   47]]
acc: 0.941
f1: 0.443
3,152,coarse : 39.2 seconds
3,152,fine : 39.21 seconds
[[1542  372]
 [  19   77]]
acc: 0.805
f1: 0.283
[[1845   69]
 [  50   46]]
acc: 0.941
f1: 0.436
3,153,coarse : 40.57 seconds
3,153,fine : 40.58 seconds
[[1543  371]
 [  19   77]]
acc: 0.806
f1: 0.283
[[1849   65]
 [  49   47]]
acc: 0.943
f1: 0.452
3,154,coarse : 40.76 seconds
3,154,fine : 40.78 seconds
[[1542  372]
 [  19   77]]
acc: 0.805
f1: 0.283
[[1848   66]
 [  47   49]]
acc: 0.944
f1: 0.464
3,155,coarse : 39.9 seconds
3,155,fine : 39.92 seconds
[[1542  372]
 [  19   77]]
acc: 0.805
f1: 0.283
[[1847   67]
 [  48   48]]
acc: 0.943
f1: 0.455
3,156,coarse : 40.51 seconds
3,156,fine : 40.52 seconds
[[1546  368]
 [  19   77]]
acc: 0.807
f1: 0.285
[[1848   66]
 [  49   47]]
acc: 0.943
f1: 0.450
3,157,coarse : 40.21 seconds
3,157,fine : 40.22 seconds
[[1549  365]
 [  19   77]]
acc: 0.809
f1: 0.286
[[1850   64]
 [  49   47]]
acc: 0.944
f1: 0.454
3,158,coarse : 41.57 seconds
3,158,fine : 41.59 seconds
[[1547  367]
 [  19   77]]
acc: 0.808
f1: 0.285
[[1850   64]
 [  48   48]]
acc: 0.944
f1: 0.462
3,159,coarse : 41.33 seconds
3,159,fine : 41.34 seconds
[[1545  369]
 [  18   78]]
acc: 0.807
f1: 0.287
[[1849   65]
 [  48   48]]
acc: 0.944
f1: 0.459
3,160,coarse : 42.5 seconds
3,160,fine : 42.52 seconds
[[1544  370]
 [  18   78]]
acc: 0.807
f1: 0.287
[[1849   65]
 [  49   47]]
acc: 0.943
f1: 0.452
3,161,coarse : 42.96 seconds
3,161,fine : 42.98 seconds
[[1547  367]
 [  18   78]]
acc: 0.808
f1: 0.288
[[1848   66]
 [  50   46]]
acc: 0.942
f1: 0.442
3,162,coarse : 43.63 seconds
3,162,fine : 43.65 seconds
[[1543  371]
 [  18   78]]
acc: 0.806
f1: 0.286
[[1847   67]
 [  49   47]]
acc: 0.942
f1: 0.448
3,163,coarse : 43.25 seconds
3,163,fine : 43.26 seconds
[[1537  377]
 [  18   78]]
acc: 0.803
f1: 0.283
[[1846   68]
 [  49   47]]
acc: 0.942
f1: 0.445
3,164,coarse : 42.63 seconds
3,164,fine : 42.65 seconds
[[1542  372]
 [  18   78]]
acc: 0.806
f1: 0.286
[[1843   71]
 [  48   48]]
acc: 0.941
f1: 0.447
3,165,coarse : 42.32 seconds
3,165,fine : 42.33 seconds
[[1539  375]
 [  18   78]]
acc: 0.804
f1: 0.284
[[1842   72]
 [  46   50]]
acc: 0.941
f1: 0.459
3,166,coarse : 44.7 seconds
3,166,fine : 44.72 seconds
[[1539  375]
 [  16   80]]
acc: 0.805
f1: 0.290
[[1845   69]
 [  47   49]]
acc: 0.942
f1: 0.458
3,167,coarse : 43.91 seconds
3,167,fine : 43.92 seconds
[[1539  375]
 [  17   79]]
acc: 0.805
f1: 0.287
[[1845   69]
 [  47   49]]
acc: 0.942
f1: 0.458
3,168,coarse : 45.21 seconds
3,168,fine : 45.22 seconds
[[1540  374]
 [  17   79]]
acc: 0.805
f1: 0.288
[[1846   68]
 [  47   49]]
acc: 0.943
f1: 0.460
3,169,coarse : 45.98 seconds
3,169,fine : 46.0 seconds
[[1544  370]
 [  17   79]]
acc: 0.807
f1: 0.290
[[1848   66]
 [  47   49]]
acc: 0.944
f1: 0.464
3,170,coarse : 44.67 seconds
3,170,fine : 44.68 seconds
[[1544  370]
 [  16   80]]
acc: 0.808
f1: 0.293
[[1848   66]
 [  47   49]]
acc: 0.944
f1: 0.464
3,171,coarse : 45.92 seconds
3,171,fine : 45.94 seconds
[[1542  372]
 [  16   80]]
acc: 0.807
f1: 0.292
[[1845   69]
 [  45   51]]
acc: 0.943
f1: 0.472
3,172,coarse : 47.32 seconds
3,172,fine : 47.34 seconds
