all           0      1    2    3    4    5    6    7    8    
1      2010   1914   1    19   32   19   1    11   6    7    
2      2010   1914   1    19   32   19   1    11   6    7    
3      2010   1914   1    19   32   19   1    11   5    8    
4      2010   1914   1    19   32   19   1    10   6    8    
5      2010   1914   1    18   33   19   1    10   6    8    
6      2010   1914   1    18   33   19   1    10   6    8    
7      2010   1913   2    18   33   19   1    10   6    8    
8      2010   1913   2    18   33   19   1    10   6    8    
9      2009   1913   2    18   32   19   2    10   6    7    
10     2009   1913   1    19   32   19   1    11   6    7    
Total  20098  19136  13   185  324  190  11   104  59   76   
train         0      1    2    3    4    5    6    7    8    
2      2010   1914   1    19   32   19   1    11   6    7    
3      2010   1914   1    19   32   19   1    11   5    8    
4      2010   1914   1    19   32   19   1    10   6    8    
5      2010   1914   1    18   33   19   1    10   6    8    
6      2010   1914   1    18   33   19   1    10   6    8    
7      2010   1913   2    18   33   19   1    10   6    8    
8      2010   1913   2    18   33   19   1    10   6    8    
9      2009   1913   2    18   32   19   2    10   6    7    
10     2009   1913   1    19   32   19   1    11   6    7    
Total  18088  17222  12   166  292  171  10   93   53   69   
test          0      1    2    3    4    5    6    7    8    
1      2010   1914   1    19   32   19   1    11   6    7    
Total  2010   1914   1    19   32   19   1    11   6    7    
Classes             
0         17222     
1         12        
2         166       
3         292       
4         171       
5         10        
6         93        
7         53        
8         69        
Total     18088     

Shape: 450       

[952, 10, 11, 16, 11, 10, 10, 10, 10]
Sum start => 1040
[[1382  532]
 [  19   77]]
acc: 0.726
f1: 0.218
[[1887   27]
 [  84   12]]
acc: 0.945
f1: 0.178
1,1,coarse : 40.92 seconds
1,1,fine : 40.92 seconds
[[1382  532]
 [  19   77]]
acc: 0.726
f1: 0.218
[[1887   27]
 [  84   12]]
acc: 0.945
f1: 0.178
1,2,coarse : 42.39 seconds
1,2,fine : 42.39 seconds
[[1380  534]
 [  18   78]]
acc: 0.725
f1: 0.220
[[1894   20]
 [  86   10]]
acc: 0.947
f1: 0.159
1,3,coarse : 4.35 seconds
1,3,fine : 4.35 seconds
[[1412  502]
 [  18   78]]
acc: 0.741
f1: 0.231
[[1894   20]
 [  87    9]]
acc: 0.947
f1: 0.144
1,4,coarse : 4.5 seconds
1,4,fine : 4.5 seconds
[[1421  493]
 [  18   78]]
acc: 0.746
f1: 0.234
[[1898   16]
 [  86   10]]
acc: 0.949
f1: 0.164
1,5,coarse : 4.68 seconds
1,5,fine : 4.69 seconds
[[1438  476]
 [  18   78]]
acc: 0.754
f1: 0.240
[[1896   18]
 [  86   10]]
acc: 0.948
f1: 0.161
1,6,coarse : 4.74 seconds
1,6,fine : 4.75 seconds
[[1450  464]
 [  20   76]]
acc: 0.759
f1: 0.239
[[1895   19]
 [  86   10]]
acc: 0.948
f1: 0.160
1,7,coarse : 5.09 seconds
1,7,fine : 5.1 seconds
[[1458  456]
 [  20   76]]
acc: 0.763
f1: 0.242
[[1896   18]
 [  84   12]]
acc: 0.949
f1: 0.190
1,8,coarse : 5.17 seconds
1,8,fine : 5.17 seconds
[[1463  451]
 [  19   77]]
acc: 0.766
f1: 0.247
[[1894   20]
 [  85   11]]
acc: 0.948
f1: 0.173
1,9,coarse : 5.05 seconds
1,9,fine : 5.06 seconds
[[1465  449]
 [  18   78]]
acc: 0.768
f1: 0.250
[[1892   22]
 [  85   11]]
acc: 0.947
f1: 0.171
1,10,coarse : 5.24 seconds
1,10,fine : 5.24 seconds
[[1457  457]
 [  18   78]]
acc: 0.764
f1: 0.247
[[1894   20]
 [  85   11]]
acc: 0.948
f1: 0.173
1,11,coarse : 5.47 seconds
1,11,fine : 5.47 seconds
[[1473  441]
 [  17   79]]
acc: 0.772
f1: 0.256
[[1896   18]
 [  86   10]]
acc: 0.948
f1: 0.161
1,12,coarse : 5.6 seconds
1,12,fine : 5.6 seconds
[[1480  434]
 [  17   79]]
acc: 0.776
f1: 0.259
[[1893   21]
 [  82   14]]
acc: 0.949
f1: 0.214
1,13,coarse : 5.75 seconds
1,13,fine : 5.76 seconds
[[1478  436]
 [  16   80]]
acc: 0.775
f1: 0.261
[[1891   23]
 [  81   15]]
acc: 0.948
f1: 0.224
1,14,coarse : 6.09 seconds
1,14,fine : 6.09 seconds
[[1466  448]
 [  17   79]]
acc: 0.769
f1: 0.254
[[1890   24]
 [  81   15]]
acc: 0.948
f1: 0.222
1,15,coarse : 6.31 seconds
1,15,fine : 6.31 seconds
[[1465  449]
 [  17   79]]
acc: 0.768
f1: 0.253
[[1886   28]
 [  79   17]]
acc: 0.947
f1: 0.241
1,16,coarse : 6.39 seconds
1,16,fine : 6.4 seconds
[[1483  431]
 [  17   79]]
acc: 0.777
f1: 0.261
[[1885   29]
 [  77   19]]
acc: 0.947
f1: 0.264
1,17,coarse : 6.46 seconds
1,17,fine : 6.47 seconds
[[1483  431]
 [  17   79]]
acc: 0.777
f1: 0.261
[[1879   35]
 [  75   21]]
acc: 0.945
f1: 0.276
1,18,coarse : 6.79 seconds
1,18,fine : 6.79 seconds
[[1477  437]
 [  18   78]]
acc: 0.774
f1: 0.255
[[1882   32]
 [  75   21]]
acc: 0.947
f1: 0.282
1,19,coarse : 6.85 seconds
1,19,fine : 6.85 seconds
[[1485  429]
 [  18   78]]
acc: 0.778
f1: 0.259
[[1881   33]
 [  75   21]]
acc: 0.946
f1: 0.280
1,20,coarse : 7.14 seconds
1,20,fine : 7.14 seconds
[[1481  433]
 [  18   78]]
acc: 0.776
f1: 0.257
[[1881   33]
 [  77   19]]
acc: 0.945
f1: 0.257
1,21,coarse : 7.31 seconds
1,21,fine : 7.31 seconds
[[1479  435]
 [  17   79]]
acc: 0.775
f1: 0.259
[[1878   36]
 [  75   21]]
acc: 0.945
f1: 0.275
1,22,coarse : 7.52 seconds
1,22,fine : 7.53 seconds
[[1484  430]
 [  18   78]]
acc: 0.777
f1: 0.258
[[1873   41]
 [  74   22]]
acc: 0.943
f1: 0.277
1,23,coarse : 7.84 seconds
1,23,fine : 7.84 seconds
[[1494  420]
 [  17   79]]
acc: 0.783
f1: 0.266
[[1873   41]
 [  71   25]]
acc: 0.944
f1: 0.309
1,24,coarse : 8.13 seconds
1,24,fine : 8.14 seconds
[[1503  411]
 [  18   78]]
acc: 0.787
f1: 0.267
[[1873   41]
 [  68   28]]
acc: 0.946
f1: 0.339
1,25,coarse : 8.35 seconds
1,25,fine : 8.35 seconds
[[1493  421]
 [  18   78]]
acc: 0.782
f1: 0.262
[[1871   43]
 [  68   28]]
acc: 0.945
f1: 0.335
1,26,coarse : 8.53 seconds
1,26,fine : 8.54 seconds
[[1489  425]
 [  18   78]]
acc: 0.780
f1: 0.260
[[1867   47]
 [  68   28]]
acc: 0.943
f1: 0.327
1,27,coarse : 8.71 seconds
1,27,fine : 8.71 seconds
[[1495  419]
 [  17   79]]
acc: 0.783
f1: 0.266
[[1869   45]
 [  68   28]]
acc: 0.944
f1: 0.331
1,28,coarse : 8.59 seconds
1,28,fine : 8.59 seconds
[[1497  417]
 [  19   77]]
acc: 0.783
f1: 0.261
[[1872   42]
 [  68   28]]
acc: 0.945
f1: 0.337
1,29,coarse : 8.81 seconds
1,29,fine : 8.81 seconds
[[1496  418]
 [  19   77]]
acc: 0.783
f1: 0.261
[[1868   46]
 [  66   30]]
acc: 0.944
f1: 0.349
1,30,coarse : 9.03 seconds
1,30,fine : 9.04 seconds
[[1499  415]
 [  19   77]]
acc: 0.784
f1: 0.262
[[1868   46]
 [  66   30]]
acc: 0.944
f1: 0.349
1,31,coarse : 9.17 seconds
1,31,fine : 9.18 seconds
[[1496  418]
 [  18   78]]
acc: 0.783
f1: 0.264
[[1866   48]
 [  64   32]]
acc: 0.944
f1: 0.364
1,32,coarse : 9.4 seconds
1,32,fine : 9.4 seconds
[[1489  425]
 [  19   77]]
acc: 0.779
f1: 0.258
[[1868   46]
 [  63   33]]
acc: 0.946
f1: 0.377
1,33,coarse : 9.46 seconds
1,33,fine : 9.47 seconds
[[1486  428]
 [  19   77]]
acc: 0.778
f1: 0.256
[[1866   48]
 [  64   32]]
acc: 0.944
f1: 0.364
1,34,coarse : 9.67 seconds
1,34,fine : 9.68 seconds
[[1498  416]
 [  18   78]]
acc: 0.784
f1: 0.264
[[1864   50]
 [  64   32]]
acc: 0.943
f1: 0.360
1,35,coarse : 9.98 seconds
1,35,fine : 9.98 seconds
[[1497  417]
 [  18   78]]
acc: 0.784
f1: 0.264
[[1862   52]
 [  61   35]]
acc: 0.944
f1: 0.383
1,36,coarse : 10.13 seconds
1,36,fine : 10.13 seconds
[[1496  418]
 [  18   78]]
acc: 0.783
f1: 0.264
[[1862   52]
 [  61   35]]
acc: 0.944
f1: 0.383
1,37,coarse : 10.2 seconds
1,37,fine : 10.2 seconds
[[1489  425]
 [  19   77]]
acc: 0.779
f1: 0.258
[[1860   54]
 [  59   37]]
acc: 0.944
f1: 0.396
1,38,coarse : 10.55 seconds
1,38,fine : 10.56 seconds
[[1492  422]
 [  18   78]]
acc: 0.781
f1: 0.262
[[1853   61]
 [  61   35]]
acc: 0.939
f1: 0.365
1,39,coarse : 10.75 seconds
1,39,fine : 10.75 seconds
[[1497  417]
 [  17   79]]
acc: 0.784
f1: 0.267
[[1856   58]
 [  60   36]]
acc: 0.941
f1: 0.379
1,40,coarse : 11.04 seconds
1,40,fine : 11.05 seconds
[[1505  409]
 [  17   79]]
acc: 0.788
f1: 0.271
[[1852   62]
 [  58   38]]
acc: 0.940
f1: 0.388
1,41,coarse : 11.34 seconds
1,41,fine : 11.34 seconds
[[1505  409]
 [  17   79]]
acc: 0.788
f1: 0.271
[[1852   62]
 [  59   37]]
acc: 0.940
f1: 0.379
1,42,coarse : 11.44 seconds
1,42,fine : 11.44 seconds
[[1509  405]
 [  17   79]]
acc: 0.790
f1: 0.272
[[1852   62]
 [  57   39]]
acc: 0.941
f1: 0.396
1,43,coarse : 11.64 seconds
1,43,fine : 11.65 seconds
[[1511  403]
 [  17   79]]
acc: 0.791
f1: 0.273
[[1847   67]
 [  54   42]]
acc: 0.940
f1: 0.410
1,44,coarse : 11.92 seconds
1,44,fine : 11.93 seconds
[[1512  402]
 [  16   80]]
acc: 0.792
f1: 0.277
[[1850   64]
 [  55   41]]
acc: 0.941
f1: 0.408
1,45,coarse : 12.07 seconds
1,45,fine : 12.08 seconds
[[1507  407]
 [  15   81]]
acc: 0.790
f1: 0.277
[[1852   62]
 [  55   41]]
acc: 0.942
f1: 0.412
1,46,coarse : 12.32 seconds
1,46,fine : 12.32 seconds
[[1509  405]
 [  14   82]]
acc: 0.792
f1: 0.281
[[1853   61]
 [  54   42]]
acc: 0.943
f1: 0.422
1,47,coarse : 12.53 seconds
1,47,fine : 12.54 seconds
[[1507  407]
 [  15   81]]
acc: 0.790
f1: 0.277
[[1852   62]
 [  55   41]]
acc: 0.942
f1: 0.412
1,48,coarse : 12.54 seconds
1,48,fine : 12.54 seconds
[[1500  414]
 [  14   82]]
acc: 0.787
f1: 0.277
[[1850   64]
 [  55   41]]
acc: 0.941
f1: 0.408
1,49,coarse : 12.73 seconds
1,49,fine : 12.73 seconds
[[1510  404]
 [  15   81]]
acc: 0.792
f1: 0.279
[[1854   60]
 [  55   41]]
acc: 0.943
f1: 0.416
1,50,coarse : 14.89 seconds
1,50,fine : 14.9 seconds
[[1509  405]
 [  15   81]]
acc: 0.791
f1: 0.278
[[1856   58]
 [  54   42]]
acc: 0.944
f1: 0.429
1,51,coarse : 14.08 seconds
1,51,fine : 14.09 seconds
[[1513  401]
 [  14   82]]
acc: 0.794
f1: 0.283
[[1855   59]
 [  54   42]]
acc: 0.944
f1: 0.426
1,52,coarse : 13.5 seconds
1,52,fine : 13.5 seconds
[[1509  405]
 [  15   81]]
acc: 0.791
f1: 0.278
[[1853   61]
 [  52   44]]
acc: 0.944
f1: 0.438
1,53,coarse : 13.71 seconds
1,53,fine : 13.72 seconds
[[1514  400]
 [  15   81]]
acc: 0.794
f1: 0.281
[[1849   65]
 [  53   43]]
acc: 0.941
f1: 0.422
1,54,coarse : 14.22 seconds
1,54,fine : 14.23 seconds
[[1515  399]
 [  15   81]]
acc: 0.794
f1: 0.281
[[1849   65]
 [  56   40]]
acc: 0.940
f1: 0.398
1,55,coarse : 14.54 seconds
1,55,fine : 14.55 seconds
[[1514  400]
 [  14   82]]
acc: 0.794
f1: 0.284
[[1851   63]
 [  55   41]]
acc: 0.941
f1: 0.410
1,56,coarse : 14.53 seconds
1,56,fine : 14.54 seconds
[[1518  396]
 [  14   82]]
acc: 0.796
f1: 0.286
[[1852   62]
 [  54   42]]
acc: 0.942
f1: 0.420
1,57,coarse : 14.99 seconds
1,57,fine : 15.0 seconds
[[1518  396]
 [  15   81]]
acc: 0.796
f1: 0.283
[[1854   60]
 [  53   43]]
acc: 0.944
f1: 0.432
1,58,coarse : 15.19 seconds
1,58,fine : 15.19 seconds
[[1520  394]
 [  15   81]]
acc: 0.797
f1: 0.284
[[1852   62]
 [  54   42]]
acc: 0.942
f1: 0.420
1,59,coarse : 15.07 seconds
1,59,fine : 15.08 seconds
[[1516  398]
 [  15   81]]
acc: 0.795
f1: 0.282
[[1852   62]
 [  54   42]]
acc: 0.942
f1: 0.420
1,60,coarse : 15.44 seconds
1,60,fine : 15.45 seconds
[[1521  393]
 [  15   81]]
acc: 0.797
f1: 0.284
[[1851   63]
 [  54   42]]
acc: 0.942
f1: 0.418
1,61,coarse : 15.29 seconds
1,61,fine : 15.3 seconds
[[1519  395]
 [  15   81]]
acc: 0.796
f1: 0.283
[[1854   60]
 [  55   41]]
acc: 0.943
f1: 0.416
1,62,coarse : 16.89 seconds
1,62,fine : 16.9 seconds
[[1516  398]
 [  15   81]]
acc: 0.795
f1: 0.282
[[1852   62]
 [  54   42]]
acc: 0.942
f1: 0.420
1,63,coarse : 17.47 seconds
1,63,fine : 17.48 seconds
[[1519  395]
 [  15   81]]
acc: 0.796
f1: 0.283
[[1850   64]
 [  56   40]]
acc: 0.940
f1: 0.400
1,64,coarse : 16.39 seconds
1,64,fine : 16.39 seconds
[[1514  400]
 [  15   81]]
acc: 0.794
f1: 0.281
[[1851   63]
 [  54   42]]
acc: 0.942
f1: 0.418
1,65,coarse : 16.06 seconds
1,65,fine : 16.07 seconds
[[1520  394]
 [  16   80]]
acc: 0.796
f1: 0.281
[[1852   62]
 [  54   42]]
acc: 0.942
f1: 0.420
1,66,coarse : 16.25 seconds
1,66,fine : 16.26 seconds
[[1520  394]
 [  15   81]]
acc: 0.797
f1: 0.284
[[1853   61]
 [  54   42]]
acc: 0.943
f1: 0.422
1,67,coarse : 16.97 seconds
1,67,fine : 16.98 seconds
[[1516  398]
 [  15   81]]
acc: 0.795
f1: 0.282
[[1853   61]
 [  53   43]]
acc: 0.943
f1: 0.430
1,68,coarse : 17.04 seconds
1,68,fine : 17.05 seconds
[[1521  393]
 [  15   81]]
acc: 0.797
f1: 0.284
[[1854   60]
 [  53   43]]
acc: 0.944
f1: 0.432
1,69,coarse : 17.54 seconds
1,69,fine : 17.55 seconds
[[1521  393]
 [  15   81]]
acc: 0.797
f1: 0.284
[[1854   60]
 [  54   42]]
acc: 0.943
f1: 0.424
1,70,coarse : 17.7 seconds
1,70,fine : 17.71 seconds
[[1516  398]
 [  15   81]]
acc: 0.795
f1: 0.282
[[1853   61]
 [  54   42]]
acc: 0.943
f1: 0.422
1,71,coarse : 17.87 seconds
1,71,fine : 17.88 seconds
[[1515  399]
 [  16   80]]
acc: 0.794
f1: 0.278
[[1850   64]
 [  53   43]]
acc: 0.942
f1: 0.424
1,72,coarse : 19.82 seconds
1,72,fine : 19.83 seconds
[[1512  402]
 [  16   80]]
acc: 0.792
f1: 0.277
[[1849   65]
 [  54   42]]
acc: 0.941
f1: 0.414
1,73,coarse : 19.77 seconds
1,73,fine : 19.78 seconds
[[1513  401]
 [  16   80]]
acc: 0.793
f1: 0.277
[[1848   66]
 [  53   43]]
acc: 0.941
f1: 0.420
1,74,coarse : 19.59 seconds
1,74,fine : 19.6 seconds
[[1517  397]
 [  16   80]]
acc: 0.795
f1: 0.279
[[1845   69]
 [  53   43]]
acc: 0.939
f1: 0.413
1,75,coarse : 20.01 seconds
1,75,fine : 20.02 seconds
[[1513  401]
 [  16   80]]
acc: 0.793
f1: 0.277
[[1846   68]
 [  52   44]]
acc: 0.940
f1: 0.423
1,76,coarse : 20.25 seconds
1,76,fine : 20.26 seconds
[[1511  403]
 [  16   80]]
acc: 0.792
f1: 0.276
[[1846   68]
 [  49   47]]
acc: 0.942
f1: 0.445
1,77,coarse : 19.93 seconds
1,77,fine : 19.94 seconds
[[1517  397]
 [  15   81]]
acc: 0.795
f1: 0.282
[[1846   68]
 [  48   48]]
acc: 0.942
f1: 0.453
1,78,coarse : 18.36 seconds
1,78,fine : 18.37 seconds
[[1515  399]
 [  16   80]]
acc: 0.794
f1: 0.278
[[1846   68]
 [  48   48]]
acc: 0.942
f1: 0.453
1,79,coarse : 18.35 seconds
1,79,fine : 18.36 seconds
[[1516  398]
 [  16   80]]
acc: 0.794
f1: 0.279
[[1845   69]
 [  49   47]]
acc: 0.941
f1: 0.443
1,80,coarse : 18.73 seconds
1,80,fine : 18.73 seconds
[[1510  404]
 [  15   81]]
acc: 0.792
f1: 0.279
[[1845   69]
 [  48   48]]
acc: 0.942
f1: 0.451
1,81,coarse : 19.31 seconds
1,81,fine : 19.32 seconds
[[1514  400]
 [  15   81]]
acc: 0.794
f1: 0.281
[[1840   74]
 [  47   49]]
acc: 0.940
f1: 0.447
1,82,coarse : 19.3 seconds
1,82,fine : 19.31 seconds
[[1506  408]
 [  15   81]]
acc: 0.790
f1: 0.277
[[1840   74]
 [  47   49]]
acc: 0.940
f1: 0.447
1,83,coarse : 19.81 seconds
1,83,fine : 19.82 seconds
[[1500  414]
 [  15   81]]
acc: 0.787
f1: 0.274
[[1840   74]
 [  47   49]]
acc: 0.940
f1: 0.447
1,84,coarse : 19.99 seconds
1,84,fine : 20.0 seconds
[[1501  413]
 [  15   81]]
acc: 0.787
f1: 0.275
[[1841   73]
 [  47   49]]
acc: 0.940
f1: 0.450
1,85,coarse : 21.18 seconds
1,85,fine : 21.19 seconds
[[1505  409]
 [  15   81]]
acc: 0.789
f1: 0.276
[[1842   72]
 [  47   49]]
acc: 0.941
f1: 0.452
1,86,coarse : 22.31 seconds
1,86,fine : 22.32 seconds
[[1506  408]
 [  15   81]]
acc: 0.790
f1: 0.277
[[1840   74]
 [  47   49]]
acc: 0.940
f1: 0.447
1,87,coarse : 21.18 seconds
1,87,fine : 21.19 seconds
[[1509  405]
 [  15   81]]
acc: 0.791
f1: 0.278
[[1840   74]
 [  47   49]]
acc: 0.940
f1: 0.447
1,88,coarse : 22.39 seconds
1,88,fine : 22.4 seconds
[[1509  405]
 [  15   81]]
acc: 0.791
f1: 0.278
[[1842   72]
 [  46   50]]
acc: 0.941
f1: 0.459
1,89,coarse : 22.2 seconds
1,89,fine : 22.21 seconds
[[1511  403]
 [  14   82]]
acc: 0.793
f1: 0.282
[[1843   71]
 [  46   50]]
acc: 0.942
f1: 0.461
1,90,coarse : 22.7 seconds
1,90,fine : 22.71 seconds
[[1510  404]
 [  14   82]]
acc: 0.792
f1: 0.282
[[1843   71]
 [  46   50]]
acc: 0.942
f1: 0.461
1,91,coarse : 22.57 seconds
1,91,fine : 22.58 seconds
[[1513  401]
 [  14   82]]
acc: 0.794
f1: 0.283
[[1843   71]
 [  46   50]]
acc: 0.942
f1: 0.461
1,92,coarse : 22.55 seconds
1,92,fine : 22.56 seconds
[[1515  399]
 [  14   82]]
acc: 0.795
f1: 0.284
[[1845   69]
 [  46   50]]
acc: 0.943
f1: 0.465
1,93,coarse : 23.46 seconds
1,93,fine : 23.47 seconds
[[1512  402]
 [  14   82]]
acc: 0.793
f1: 0.283
[[1844   70]
 [  46   50]]
acc: 0.942
f1: 0.463
1,94,coarse : 22.86 seconds
1,94,fine : 22.88 seconds
[[1514  400]
 [  14   82]]
acc: 0.794
f1: 0.284
[[1843   71]
 [  45   51]]
acc: 0.942
f1: 0.468
1,95,coarse : 23.23 seconds
1,95,fine : 23.24 seconds
[[1513  401]
 [  14   82]]
acc: 0.794
f1: 0.283
[[1842   72]
 [  44   52]]
acc: 0.942
f1: 0.473
1,96,coarse : 23.41 seconds
1,96,fine : 23.42 seconds
[[1515  399]
 [  14   82]]
acc: 0.795
f1: 0.284
[[1843   71]
 [  44   52]]
acc: 0.943
f1: 0.475
1,97,coarse : 22.99 seconds
1,97,fine : 23.0 seconds
[[1507  407]
 [  14   82]]
acc: 0.791
f1: 0.280
[[1842   72]
 [  44   52]]
acc: 0.942
f1: 0.473
1,98,coarse : 23.73 seconds
1,98,fine : 23.74 seconds
[[1505  409]
 [  14   82]]
acc: 0.790
f1: 0.279
[[1842   72]
 [  45   51]]
acc: 0.942
f1: 0.466
1,99,coarse : 24.04 seconds
1,99,fine : 24.06 seconds
[[1508  406]
 [  14   82]]
acc: 0.791
f1: 0.281
[[1843   71]
 [  44   52]]
acc: 0.943
f1: 0.475
1,100,coarse : 26.24 seconds
1,100,fine : 26.25 seconds
[[1508  406]
 [  14   82]]
acc: 0.791
f1: 0.281
[[1840   74]
 [  44   52]]
acc: 0.941
f1: 0.468
1,101,coarse : 25.35 seconds
1,101,fine : 25.36 seconds
[[1508  406]
 [  14   82]]
acc: 0.791
f1: 0.281
[[1839   75]
 [  43   53]]
acc: 0.941
f1: 0.473
1,102,coarse : 30.24 seconds
1,102,fine : 30.26 seconds
[[1507  407]
 [  14   82]]
acc: 0.791
f1: 0.280
[[1839   75]
 [  43   53]]
acc: 0.941
f1: 0.473
1,103,coarse : 30.25 seconds
1,103,fine : 30.26 seconds
[[1508  406]
 [  14   82]]
acc: 0.791
f1: 0.281
[[1838   76]
 [  43   53]]
acc: 0.941
f1: 0.471
1,104,coarse : 25.67 seconds
1,104,fine : 25.69 seconds
[[1507  407]
 [  14   82]]
acc: 0.791
f1: 0.280
[[1834   80]
 [  44   52]]
acc: 0.938
f1: 0.456
1,105,coarse : 25.37 seconds
1,105,fine : 25.38 seconds
[[1504  410]
 [  14   82]]
acc: 0.789
f1: 0.279
[[1832   82]
 [  44   52]]
acc: 0.937
f1: 0.452
1,106,coarse : 26.48 seconds
1,106,fine : 26.49 seconds
[[1506  408]
 [  15   81]]
acc: 0.790
f1: 0.277
[[1833   81]
 [  43   53]]
acc: 0.938
f1: 0.461
1,107,coarse : 26.36 seconds
1,107,fine : 26.38 seconds
[[1510  404]
 [  15   81]]
acc: 0.792
f1: 0.279
[[1834   80]
 [  43   53]]
acc: 0.939
f1: 0.463
1,108,coarse : 27.34 seconds
1,108,fine : 27.35 seconds
[[1507  407]
 [  15   81]]
acc: 0.790
f1: 0.277
[[1834   80]
 [  43   53]]
acc: 0.939
f1: 0.463
1,109,coarse : 27.63 seconds
1,109,fine : 27.64 seconds
[[1502  412]
 [  15   81]]
acc: 0.788
f1: 0.275
[[1838   76]
 [  43   53]]
acc: 0.941
f1: 0.471
1,110,coarse : 27.93 seconds
1,110,fine : 27.94 seconds
[[1506  408]
 [  16   80]]
acc: 0.789
f1: 0.274
[[1834   80]
 [  43   53]]
acc: 0.939
f1: 0.463
1,111,coarse : 27.94 seconds
1,111,fine : 27.95 seconds
[[1511  403]
 [  15   81]]
acc: 0.792
f1: 0.279
[[1838   76]
 [  43   53]]
acc: 0.941
f1: 0.471
1,112,coarse : 27.83 seconds
1,112,fine : 27.85 seconds
[[1514  400]
 [  16   80]]
acc: 0.793
f1: 0.278
[[1833   81]
 [  43   53]]
acc: 0.938
f1: 0.461
1,113,coarse : 28.19 seconds
1,113,fine : 28.2 seconds
[[1511  403]
 [  16   80]]
acc: 0.792
f1: 0.276
[[1832   82]
 [  43   53]]
acc: 0.938
f1: 0.459
1,114,coarse : 28.61 seconds
1,114,fine : 28.62 seconds
[[1510  404]
 [  16   80]]
acc: 0.791
f1: 0.276
[[1836   78]
 [  43   53]]
acc: 0.940
f1: 0.467
1,115,coarse : 29.02 seconds
1,115,fine : 29.03 seconds
[[1509  405]
 [  16   80]]
acc: 0.791
f1: 0.275
[[1833   81]
 [  42   54]]
acc: 0.939
f1: 0.468
1,116,coarse : 29.02 seconds
1,116,fine : 29.03 seconds
[[1500  414]
 [  16   80]]
acc: 0.786
f1: 0.271
[[1831   83]
 [  42   54]]
acc: 0.938
f1: 0.464
1,117,coarse : 30.25 seconds
1,117,fine : 30.26 seconds
[[1506  408]
 [  16   80]]
acc: 0.789
f1: 0.274
[[1829   85]
 [  43   53]]
acc: 0.936
f1: 0.453
1,118,coarse : 29.48 seconds
1,118,fine : 29.49 seconds
[[1507  407]
 [  16   80]]
acc: 0.790
f1: 0.274
[[1831   83]
 [  43   53]]
acc: 0.937
f1: 0.457
1,119,coarse : 30.97 seconds
1,119,fine : 30.99 seconds
[[1510  404]
 [  16   80]]
acc: 0.791
f1: 0.276
[[1833   81]
 [  43   53]]
acc: 0.938
f1: 0.461
1,120,coarse : 29.96 seconds
1,120,fine : 29.98 seconds
[[1514  400]
 [  16   80]]
acc: 0.793
f1: 0.278
[[1837   77]
 [  42   54]]
acc: 0.941
f1: 0.476
1,121,coarse : 30.13 seconds
1,121,fine : 30.14 seconds
[[1511  403]
 [  16   80]]
acc: 0.792
f1: 0.276
[[1838   76]
 [  41   55]]
acc: 0.942
f1: 0.485
1,122,coarse : 31.14 seconds
1,122,fine : 31.15 seconds
[[1512  402]
 [  15   81]]
acc: 0.793
f1: 0.280
[[1838   76]
 [  43   53]]
acc: 0.941
f1: 0.471
1,123,coarse : 32.9 seconds
1,123,fine : 32.91 seconds
[[1507  407]
 [  14   82]]
acc: 0.791
f1: 0.280
[[1839   75]
 [  42   54]]
acc: 0.942
f1: 0.480
1,124,coarse : 32.68 seconds
1,124,fine : 32.7 seconds
[[1507  407]
 [  14   82]]
acc: 0.791
f1: 0.280
[[1840   74]
 [  42   54]]
acc: 0.942
f1: 0.482
1,125,coarse : 32.18 seconds
1,125,fine : 32.19 seconds
[[1507  407]
 [  14   82]]
acc: 0.791
f1: 0.280
[[1838   76]
 [  42   54]]
acc: 0.941
f1: 0.478
1,126,coarse : 32.05 seconds
1,126,fine : 32.06 seconds
[[1508  406]
 [  14   82]]
acc: 0.791
f1: 0.281
[[1836   78]
 [  42   54]]
acc: 0.940
f1: 0.474
1,127,coarse : 32.95 seconds
1,127,fine : 32.96 seconds
[[1507  407]
 [  14   82]]
acc: 0.791
f1: 0.280
[[1837   77]
 [  42   54]]
acc: 0.941
f1: 0.476
1,128,coarse : 34.34 seconds
1,128,fine : 34.35 seconds
[[1512  402]
 [  14   82]]
acc: 0.793
f1: 0.283
[[1837   77]
 [  42   54]]
acc: 0.941
f1: 0.476
1,129,coarse : 34.26 seconds
1,129,fine : 34.28 seconds
[[1513  401]
 [  15   81]]
acc: 0.793
f1: 0.280
[[1837   77]
 [  42   54]]
acc: 0.941
f1: 0.476
1,130,coarse : 34.41 seconds
1,130,fine : 34.44 seconds
[[1511  403]
 [  15   81]]
acc: 0.792
f1: 0.279
[[1841   73]
 [  42   54]]
acc: 0.943
f1: 0.484
1,131,coarse : 34.55 seconds
1,131,fine : 34.57 seconds
[[1513  401]
 [  14   82]]
acc: 0.794
f1: 0.283
[[1841   73]
 [  42   54]]
acc: 0.943
f1: 0.484
1,132,coarse : 33.36 seconds
1,132,fine : 33.38 seconds
[[1514  400]
 [  14   82]]
acc: 0.794
f1: 0.284
[[1841   73]
 [  41   55]]
acc: 0.943
f1: 0.491
1,133,coarse : 34.15 seconds
1,133,fine : 34.17 seconds
[[1517  397]
 [  14   82]]
acc: 0.796
f1: 0.285
[[1837   77]
 [  43   53]]
acc: 0.940
f1: 0.469
1,134,coarse : 34.61 seconds
1,134,fine : 34.63 seconds
[[1516  398]
 [  13   83]]
acc: 0.796
f1: 0.288
[[1837   77]
 [  41   55]]
acc: 0.941
f1: 0.482
1,135,coarse : 35.22 seconds
1,135,fine : 35.23 seconds
[[1515  399]
 [  13   83]]
acc: 0.795
f1: 0.287
[[1837   77]
 [  42   54]]
acc: 0.941
f1: 0.476
1,136,coarse : 34.54 seconds
1,136,fine : 34.55 seconds
[[1510  404]
 [  14   82]]
acc: 0.792
f1: 0.282
[[1838   76]
 [  42   54]]
acc: 0.941
f1: 0.478
1,137,coarse : 34.15 seconds
1,137,fine : 34.16 seconds
[[1513  401]
 [  14   82]]
acc: 0.794
f1: 0.283
[[1837   77]
 [  42   54]]
acc: 0.941
f1: 0.476
1,138,coarse : 34.46 seconds
1,138,fine : 34.47 seconds
[[1516  398]
 [  14   82]]
acc: 0.795
f1: 0.285
[[1841   73]
 [  44   52]]
acc: 0.942
f1: 0.471
1,139,coarse : 35.25 seconds
1,139,fine : 35.26 seconds
[[1515  399]
 [  14   82]]
acc: 0.795
f1: 0.284
[[1840   74]
 [  41   55]]
acc: 0.943
f1: 0.489
1,140,coarse : 35.47 seconds
1,140,fine : 35.49 seconds
[[1522  392]
 [  13   83]]
acc: 0.799
f1: 0.291
[[1839   75]
 [  41   55]]
acc: 0.942
f1: 0.487
1,141,coarse : 35.52 seconds
1,141,fine : 35.53 seconds
[[1521  393]
 [  13   83]]
acc: 0.798
f1: 0.290
[[1839   75]
 [  41   55]]
acc: 0.942
f1: 0.487
1,142,coarse : 35.42 seconds
1,142,fine : 35.43 seconds
[[1521  393]
 [  13   83]]
acc: 0.798
f1: 0.290
[[1840   74]
 [  42   54]]
acc: 0.942
f1: 0.482
1,143,coarse : 37.41 seconds
1,143,fine : 37.43 seconds
[[1523  391]
 [  13   83]]
acc: 0.799
f1: 0.291
[[1839   75]
 [  42   54]]
acc: 0.942
f1: 0.480
1,144,coarse : 36.68 seconds
1,144,fine : 36.7 seconds
[[1522  392]
 [  14   82]]
acc: 0.798
f1: 0.288
[[1839   75]
 [  42   54]]
acc: 0.942
f1: 0.480
1,145,coarse : 36.11 seconds
1,145,fine : 36.12 seconds
[[1525  389]
 [  14   82]]
acc: 0.800
f1: 0.289
[[1841   73]
 [  42   54]]
acc: 0.943
f1: 0.484
1,146,coarse : 36.53 seconds
1,146,fine : 36.54 seconds
[[1523  391]
 [  13   83]]
acc: 0.799
f1: 0.291
[[1838   76]
 [  42   54]]
acc: 0.941
f1: 0.478
1,147,coarse : 37.28 seconds
1,147,fine : 37.29 seconds
[[1526  388]
 [  13   83]]
acc: 0.800
f1: 0.293
[[1838   76]
 [  41   55]]
acc: 0.942
f1: 0.485
1,148,coarse : 38.0 seconds
1,148,fine : 38.02 seconds
[[1524  390]
 [  13   83]]
acc: 0.800
f1: 0.292
[[1837   77]
 [  42   54]]
acc: 0.941
f1: 0.476
1,149,coarse : 38.36 seconds
1,149,fine : 38.37 seconds
[[1523  391]
 [  13   83]]
acc: 0.799
f1: 0.291
[[1836   78]
 [  42   54]]
acc: 0.940
f1: 0.474
1,150,coarse : 39.19 seconds
1,150,fine : 39.21 seconds
[[1520  394]
 [  14   82]]
acc: 0.797
f1: 0.287
[[1837   77]
 [  42   54]]
acc: 0.941
f1: 0.476
1,151,coarse : 38.2 seconds
1,151,fine : 38.22 seconds
[[1512  402]
 [  14   82]]
acc: 0.793
f1: 0.283
[[1837   77]
 [  42   54]]
acc: 0.941
f1: 0.476
1,152,coarse : 38.0 seconds
1,152,fine : 38.02 seconds
[[1517  397]
 [  14   82]]
acc: 0.796
f1: 0.285
[[1836   78]
 [  42   54]]
acc: 0.940
f1: 0.474
1,153,coarse : 38.72 seconds
1,153,fine : 38.74 seconds
[[1519  395]
 [  14   82]]
acc: 0.797
f1: 0.286
[[1840   74]
 [  42   54]]
acc: 0.942
f1: 0.482
1,154,coarse : 38.13 seconds
1,154,fine : 38.15 seconds
[[1516  398]
 [  13   83]]
acc: 0.796
f1: 0.288
[[1841   73]
 [  42   54]]
acc: 0.943
f1: 0.484
1,155,coarse : 38.38 seconds
1,155,fine : 38.39 seconds
[[1518  396]
 [  13   83]]
acc: 0.797
f1: 0.289
[[1841   73]
 [  42   54]]
acc: 0.943
f1: 0.484
1,156,coarse : 38.86 seconds
1,156,fine : 38.88 seconds
[[1518  396]
 [  13   83]]
acc: 0.797
f1: 0.289
[[1840   74]
 [  42   54]]
acc: 0.942
f1: 0.482
1,157,coarse : 40.09 seconds
1,157,fine : 40.11 seconds
[[1519  395]
 [  13   83]]
acc: 0.797
f1: 0.289
[[1839   75]
 [  42   54]]
acc: 0.942
f1: 0.480
1,158,coarse : 40.66 seconds
1,158,fine : 40.68 seconds
[[1518  396]
 [  13   83]]
acc: 0.797
f1: 0.289
[[1839   75]
 [  42   54]]
acc: 0.942
f1: 0.480
1,159,coarse : 39.84 seconds
1,159,fine : 39.86 seconds
[[1522  392]
 [  13   83]]
acc: 0.799
f1: 0.291
[[1837   77]
 [  42   54]]
acc: 0.941
f1: 0.476
1,160,coarse : 39.27 seconds
1,160,fine : 39.28 seconds
[[1522  392]
 [  13   83]]
acc: 0.799
f1: 0.291
[[1837   77]
 [  42   54]]
acc: 0.941
f1: 0.476
1,161,coarse : 40.4 seconds
1,161,fine : 40.42 seconds
[[1522  392]
 [  13   83]]
acc: 0.799
f1: 0.291
[[1836   78]
 [  42   54]]
acc: 0.940
f1: 0.474
1,162,coarse : 40.86 seconds
1,162,fine : 40.88 seconds
[[1520  394]
 [  13   83]]
acc: 0.798
f1: 0.290
[[1835   79]
 [  42   54]]
acc: 0.940
f1: 0.472
1,163,coarse : 41.56 seconds
1,163,fine : 41.57 seconds
[[1521  393]
 [  13   83]]
acc: 0.798
f1: 0.290
[[1836   78]
 [  42   54]]
acc: 0.940
f1: 0.474
1,164,coarse : 41.22 seconds
1,164,fine : 41.24 seconds
[[1522  392]
 [  13   83]]
acc: 0.799
f1: 0.291
[[1838   76]
 [  42   54]]
acc: 0.941
f1: 0.478
1,165,coarse : 41.58 seconds
1,165,fine : 41.6 seconds
[[1521  393]
 [  13   83]]
acc: 0.798
f1: 0.290
[[1836   78]
 [  42   54]]
acc: 0.940
f1: 0.474
1,166,coarse : 42.84 seconds
1,166,fine : 42.86 seconds
[[1520  394]
 [  13   83]]
acc: 0.798
f1: 0.290
[[1835   79]
 [  42   54]]
acc: 0.940
f1: 0.472
1,167,coarse : 42.64 seconds
1,167,fine : 42.66 seconds
[[1529  385]
 [  13   83]]
acc: 0.802
f1: 0.294
[[1833   81]
 [  42   54]]
acc: 0.939
f1: 0.468
1,168,coarse : 41.75 seconds
1,168,fine : 41.77 seconds
[[1530  384]
 [  13   83]]
acc: 0.802
f1: 0.295
[[1834   80]
 [  42   54]]
acc: 0.939
f1: 0.470
1,169,coarse : 41.95 seconds
1,169,fine : 41.97 seconds
[[1526  388]
 [  13   83]]
acc: 0.800
f1: 0.293
[[1836   78]
 [  42   54]]
acc: 0.940
f1: 0.474
1,170,coarse : 45.28 seconds
1,170,fine : 45.29 seconds
[[1527  387]
 [  13   83]]
acc: 0.801
f1: 0.293
[[1833   81]
 [  42   54]]
acc: 0.939
f1: 0.468
1,171,coarse : 44.07 seconds
1,171,fine : 44.09 seconds
[[1524  390]
 [  13   83]]
acc: 0.800
f1: 0.292
[[1833   81]
 [  42   54]]
acc: 0.939
f1: 0.468
1,172,coarse : 43.06 seconds
1,172,fine : 43.08 seconds
