all           0      1    2    3    4    5    6    7    8    
1      2010   1914   1    19   32   19   1    11   6    7    
2      2010   1914   1    19   32   19   1    11   6    7    
3      2010   1914   1    19   32   19   1    11   5    8    
4      2010   1914   1    19   32   19   1    10   6    8    
5      2010   1914   1    18   33   19   1    10   6    8    
6      2010   1914   1    18   33   19   1    10   6    8    
7      2010   1913   2    18   33   19   1    10   6    8    
8      2010   1913   2    18   33   19   1    10   6    8    
9      2009   1913   2    18   32   19   2    10   6    7    
10     2009   1913   1    19   32   19   1    11   6    7    
Total  20098  19136  13   185  324  190  11   104  59   76   
train         0      1    2    3    4    5    6    7    8    
2      2010   1914   1    19   32   19   1    11   6    7    
3      2010   1914   1    19   32   19   1    11   5    8    
4      2010   1914   1    19   32   19   1    10   6    8    
5      2010   1914   1    18   33   19   1    10   6    8    
6      2010   1914   1    18   33   19   1    10   6    8    
7      2010   1913   2    18   33   19   1    10   6    8    
8      2010   1913   2    18   33   19   1    10   6    8    
9      2009   1913   2    18   32   19   2    10   6    7    
10     2009   1913   1    19   32   19   1    11   6    7    
Total  18088  17222  12   166  292  171  10   93   53   69   
test          0      1    2    3    4    5    6    7    8    
1      2010   1914   1    19   32   19   1    11   6    7    
Total  2010   1914   1    19   32   19   1    11   6    7    
Classes             
0         17222     
1         12        
2         166       
3         292       
4         171       
5         10        
6         93        
7         53        
8         69        
Total     18088     

Shape: 450       

[952, 10, 11, 16, 11, 10, 10, 10, 10]
Sum start => 1040
[[1099  815]
 [  16   80]]
acc: 0.587
f1: 0.161
[[1890   24]
 [  85   11]]
acc: 0.946
f1: 0.168
1,1,coarse : 27.3 seconds
1,1,fine : 27.3 seconds
[[1099  815]
 [  16   80]]
acc: 0.587
f1: 0.161
[[1890   24]
 [  85   11]]
acc: 0.946
f1: 0.168
1,2,coarse : 28.39 seconds
1,2,fine : 28.39 seconds
[[1139  775]
 [  15   81]]
acc: 0.607
f1: 0.170
[[1908    6]
 [  93    3]]
acc: 0.951
f1: 0.057
1,3,coarse : 26.82 seconds
1,3,fine : 26.82 seconds
[[1152  762]
 [  15   81]]
acc: 0.613
f1: 0.173
[[1912    2]
 [  94    2]]
acc: 0.952
f1: 0.040
1,4,coarse : 26.81 seconds
1,4,fine : 26.81 seconds
[[1164  750]
 [  15   81]]
acc: 0.619
f1: 0.175
[[1911    3]
 [  93    3]]
acc: 0.952
f1: 0.059
1,5,coarse : 26.95 seconds
1,5,fine : 26.96 seconds
[[1208  706]
 [  16   80]]
acc: 0.641
f1: 0.181
[[1911    3]
 [  91    5]]
acc: 0.953
f1: 0.096
1,6,coarse : 26.51 seconds
1,6,fine : 26.51 seconds
[[1224  690]
 [  16   80]]
acc: 0.649
f1: 0.185
[[1911    3]
 [  90    6]]
acc: 0.954
f1: 0.114
1,7,coarse : 26.7 seconds
1,7,fine : 26.71 seconds
[[1225  689]
 [  16   80]]
acc: 0.649
f1: 0.185
[[1910    4]
 [  91    5]]
acc: 0.953
f1: 0.095
1,8,coarse : 26.85 seconds
1,8,fine : 26.85 seconds
[[1216  698]
 [  16   80]]
acc: 0.645
f1: 0.183
[[1910    4]
 [  91    5]]
acc: 0.953
f1: 0.095
1,9,coarse : 26.6 seconds
1,9,fine : 26.6 seconds
[[1224  690]
 [  15   81]]
acc: 0.649
f1: 0.187
[[1907    7]
 [  86   10]]
acc: 0.954
f1: 0.177
1,10,coarse : 26.39 seconds
1,10,fine : 26.39 seconds
[[1221  693]
 [  14   82]]
acc: 0.648
f1: 0.188
[[1907    7]
 [  86   10]]
acc: 0.954
f1: 0.177
1,11,coarse : 26.62 seconds
1,11,fine : 26.63 seconds
[[1246  668]
 [  14   82]]
acc: 0.661
f1: 0.194
[[1909    5]
 [  89    7]]
acc: 0.953
f1: 0.130
1,12,coarse : 26.28 seconds
1,12,fine : 26.28 seconds
[[1251  663]
 [  14   82]]
acc: 0.663
f1: 0.195
[[1909    5]
 [  87    9]]
acc: 0.954
f1: 0.164
1,13,coarse : 26.32 seconds
1,13,fine : 26.32 seconds
[[1261  653]
 [  15   81]]
acc: 0.668
f1: 0.195
[[1908    6]
 [  83   13]]
acc: 0.956
f1: 0.226
1,14,coarse : 26.72 seconds
1,14,fine : 26.73 seconds
[[1272  642]
 [  15   81]]
acc: 0.673
f1: 0.198
[[1911    3]
 [  84   12]]
acc: 0.957
f1: 0.216
1,15,coarse : 26.34 seconds
1,15,fine : 26.35 seconds
[[1275  639]
 [  14   82]]
acc: 0.675
f1: 0.201
[[1909    5]
 [  84   12]]
acc: 0.956
f1: 0.212
1,16,coarse : 26.22 seconds
1,16,fine : 26.22 seconds
[[1274  640]
 [  13   83]]
acc: 0.675
f1: 0.203
[[1909    5]
 [  86   10]]
acc: 0.955
f1: 0.180
1,17,coarse : 26.41 seconds
1,17,fine : 26.41 seconds
[[1253  661]
 [  14   82]]
acc: 0.664
f1: 0.195
[[1909    5]
 [  85   11]]
acc: 0.955
f1: 0.196
1,18,coarse : 26.17 seconds
1,18,fine : 26.17 seconds
[[1251  663]
 [  12   84]]
acc: 0.664
f1: 0.199
[[1909    5]
 [  86   10]]
acc: 0.955
f1: 0.180
1,19,coarse : 26.11 seconds
1,19,fine : 26.12 seconds
[[1259  655]
 [  12   84]]
acc: 0.668
f1: 0.201
[[1909    5]
 [  85   11]]
acc: 0.955
f1: 0.196
1,20,coarse : 26.52 seconds
1,20,fine : 26.52 seconds
[[1262  652]
 [  13   83]]
acc: 0.669
f1: 0.200
[[1909    5]
 [  86   10]]
acc: 0.955
f1: 0.180
1,21,coarse : 26.16 seconds
1,21,fine : 26.17 seconds
[[1250  664]
 [  12   84]]
acc: 0.664
f1: 0.199
[[1909    5]
 [  85   11]]
acc: 0.955
f1: 0.196
1,22,coarse : 26.26 seconds
1,22,fine : 26.27 seconds
[[1252  662]
 [  11   85]]
acc: 0.665
f1: 0.202
[[1909    5]
 [  85   11]]
acc: 0.955
f1: 0.196
1,23,coarse : 26.36 seconds
1,23,fine : 26.37 seconds
[[1257  657]
 [  11   85]]
acc: 0.668
f1: 0.203
[[1910    4]
 [  83   13]]
acc: 0.957
f1: 0.230
1,24,coarse : 26.07 seconds
1,24,fine : 26.08 seconds
[[1263  651]
 [  12   84]]
acc: 0.670
f1: 0.202
[[1910    4]
 [  84   12]]
acc: 0.956
f1: 0.214
1,25,coarse : 26.13 seconds
1,25,fine : 26.13 seconds
[[1268  646]
 [  12   84]]
acc: 0.673
f1: 0.203
[[1910    4]
 [  86   10]]
acc: 0.955
f1: 0.182
1,26,coarse : 26.5 seconds
1,26,fine : 26.5 seconds
[[1258  656]
 [  11   85]]
acc: 0.668
f1: 0.203
[[1909    5]
 [  85   11]]
acc: 0.955
f1: 0.196
1,27,coarse : 26.21 seconds
1,27,fine : 26.22 seconds
[[1275  639]
 [  11   85]]
acc: 0.677
f1: 0.207
[[1910    4]
 [  85   11]]
acc: 0.956
f1: 0.198
1,28,coarse : 26.1 seconds
1,28,fine : 26.11 seconds
[[1258  656]
 [  11   85]]
acc: 0.668
f1: 0.203
[[1909    5]
 [  85   11]]
acc: 0.955
f1: 0.196
1,29,coarse : 26.35 seconds
1,29,fine : 26.36 seconds
[[1264  650]
 [  12   84]]
acc: 0.671
f1: 0.202
[[1907    7]
 [  82   14]]
acc: 0.956
f1: 0.239
1,30,coarse : 26.04 seconds
1,30,fine : 26.05 seconds
[[1264  650]
 [  11   85]]
acc: 0.671
f1: 0.205
[[1906    8]
 [  81   15]]
acc: 0.956
f1: 0.252
1,31,coarse : 26.04 seconds
1,31,fine : 26.05 seconds
[[1272  642]
 [  11   85]]
acc: 0.675
f1: 0.207
[[1905    9]
 [  81   15]]
acc: 0.955
f1: 0.250
1,32,coarse : 26.07 seconds
1,32,fine : 26.08 seconds
[[1258  656]
 [  11   85]]
acc: 0.668
f1: 0.203
[[1906    8]
 [  80   16]]
acc: 0.956
f1: 0.267
1,33,coarse : 26.38 seconds
1,33,fine : 26.38 seconds
[[1267  647]
 [  11   85]]
acc: 0.673
f1: 0.205
[[1906    8]
 [  80   16]]
acc: 0.956
f1: 0.267
1,34,coarse : 26.13 seconds
1,34,fine : 26.14 seconds
[[1269  645]
 [  11   85]]
acc: 0.674
f1: 0.206
[[1905    9]
 [  79   17]]
acc: 0.956
f1: 0.279
1,35,coarse : 26.2 seconds
1,35,fine : 26.21 seconds
[[1274  640]
 [  11   85]]
acc: 0.676
f1: 0.207
[[1905    9]
 [  78   18]]
acc: 0.957
f1: 0.293
1,36,coarse : 26.41 seconds
1,36,fine : 26.41 seconds
[[1281  633]
 [  11   85]]
acc: 0.680
f1: 0.209
[[1906    8]
 [  79   17]]
acc: 0.957
f1: 0.281
1,37,coarse : 26.22 seconds
1,37,fine : 26.22 seconds
[[1276  638]
 [  10   86]]
acc: 0.678
f1: 0.210
[[1905    9]
 [  77   19]]
acc: 0.957
f1: 0.306
1,38,coarse : 26.2 seconds
1,38,fine : 26.21 seconds
[[1277  637]
 [  12   84]]
acc: 0.677
f1: 0.206
[[1903   11]
 [  78   18]]
acc: 0.956
f1: 0.288
1,39,coarse : 26.29 seconds
1,39,fine : 26.3 seconds
[[1285  629]
 [  11   85]]
acc: 0.682
f1: 0.210
[[1902   12]
 [  77   19]]
acc: 0.956
f1: 0.299
1,40,coarse : 26.46 seconds
1,40,fine : 26.46 seconds
[[1288  626]
 [  12   84]]
acc: 0.683
f1: 0.208
[[1902   12]
 [  77   19]]
acc: 0.956
f1: 0.299
1,41,coarse : 26.08 seconds
1,41,fine : 26.09 seconds
[[1291  623]
 [  12   84]]
acc: 0.684
f1: 0.209
[[1902   12]
 [  77   19]]
acc: 0.956
f1: 0.299
1,42,coarse : 26.28 seconds
1,42,fine : 26.29 seconds
[[1292  622]
 [  11   85]]
acc: 0.685
f1: 0.212
[[1902   12]
 [  76   20]]
acc: 0.956
f1: 0.312
1,43,coarse : 26.56 seconds
1,43,fine : 26.56 seconds
[[1295  619]
 [  11   85]]
acc: 0.687
f1: 0.212
[[1900   14]
 [  76   20]]
acc: 0.955
f1: 0.308
1,44,coarse : 26.32 seconds
1,44,fine : 26.33 seconds
[[1300  614]
 [  10   86]]
acc: 0.690
f1: 0.216
[[1900   14]
 [  76   20]]
acc: 0.955
f1: 0.308
1,45,coarse : 26.13 seconds
1,45,fine : 26.13 seconds
[[1298  616]
 [   9   87]]
acc: 0.689
f1: 0.218
[[1900   14]
 [  76   20]]
acc: 0.955
f1: 0.308
1,46,coarse : 26.21 seconds
1,46,fine : 26.22 seconds
[[1297  617]
 [  10   86]]
acc: 0.688
f1: 0.215
[[1900   14]
 [  75   21]]
acc: 0.956
f1: 0.321
1,47,coarse : 26.45 seconds
1,47,fine : 26.45 seconds
[[1297  617]
 [   8   88]]
acc: 0.689
f1: 0.220
[[1898   16]
 [  74   22]]
acc: 0.955
f1: 0.328
1,48,coarse : 26.11 seconds
1,48,fine : 26.12 seconds
[[1296  618]
 [  10   86]]
acc: 0.688
f1: 0.215
[[1900   14]
 [  74   22]]
acc: 0.956
f1: 0.333
1,49,coarse : 26.26 seconds
1,49,fine : 26.27 seconds
[[1294  620]
 [   9   87]]
acc: 0.687
f1: 0.217
[[1898   16]
 [  73   23]]
acc: 0.956
f1: 0.341
1,50,coarse : 28.17 seconds
1,50,fine : 28.18 seconds
[[1292  622]
 [   9   87]]
acc: 0.686
f1: 0.216
[[1899   15]
 [  73   23]]
acc: 0.956
f1: 0.343
1,51,coarse : 26.31 seconds
1,51,fine : 26.32 seconds
[[1286  628]
 [   8   88]]
acc: 0.684
f1: 0.217
[[1899   15]
 [  70   26]]
acc: 0.958
f1: 0.380
1,52,coarse : 26.45 seconds
1,52,fine : 26.46 seconds
[[1291  623]
 [   9   87]]
acc: 0.686
f1: 0.216
[[1899   15]
 [  70   26]]
acc: 0.958
f1: 0.380
1,53,coarse : 26.6 seconds
1,53,fine : 26.61 seconds
[[1292  622]
 [   9   87]]
acc: 0.686
f1: 0.216
[[1899   15]
 [  69   27]]
acc: 0.958
f1: 0.391
1,54,coarse : 26.34 seconds
1,54,fine : 26.35 seconds
[[1294  620]
 [  10   86]]
acc: 0.687
f1: 0.214
[[1898   16]
 [  70   26]]
acc: 0.957
f1: 0.377
1,55,coarse : 26.19 seconds
1,55,fine : 26.2 seconds
[[1289  625]
 [  10   86]]
acc: 0.684
f1: 0.213
[[1897   17]
 [  70   26]]
acc: 0.957
f1: 0.374
1,56,coarse : 26.21 seconds
1,56,fine : 26.22 seconds
[[1289  625]
 [  10   86]]
acc: 0.684
f1: 0.213
[[1898   16]
 [  71   25]]
acc: 0.957
f1: 0.365
1,57,coarse : 26.26 seconds
1,57,fine : 26.27 seconds
[[1302  612]
 [   9   87]]
acc: 0.691
f1: 0.219
[[1898   16]
 [  70   26]]
acc: 0.957
f1: 0.377
1,58,coarse : 25.92 seconds
1,58,fine : 25.93 seconds
[[1295  619]
 [   9   87]]
acc: 0.688
f1: 0.217
[[1898   16]
 [  69   27]]
acc: 0.958
f1: 0.388
1,59,coarse : 26.21 seconds
1,59,fine : 26.22 seconds
[[1299  615]
 [   9   87]]
acc: 0.690
f1: 0.218
[[1898   16]
 [  69   27]]
acc: 0.958
f1: 0.388
1,60,coarse : 26.32 seconds
1,60,fine : 26.33 seconds
[[1297  617]
 [   8   88]]
acc: 0.689
f1: 0.220
[[1898   16]
 [  67   29]]
acc: 0.959
f1: 0.411
1,61,coarse : 26.33 seconds
1,61,fine : 26.33 seconds
[[1300  614]
 [   8   88]]
acc: 0.691
f1: 0.221
[[1898   16]
 [  66   30]]
acc: 0.959
f1: 0.423
1,62,coarse : 26.53 seconds
1,62,fine : 26.53 seconds
[[1302  612]
 [   8   88]]
acc: 0.692
f1: 0.221
[[1896   18]
 [  67   29]]
acc: 0.958
f1: 0.406
1,63,coarse : 26.42 seconds
1,63,fine : 26.43 seconds
[[1292  622]
 [   8   88]]
acc: 0.687
f1: 0.218
[[1896   18]
 [  67   29]]
acc: 0.958
f1: 0.406
1,64,coarse : 26.36 seconds
1,64,fine : 26.37 seconds
[[1297  617]
 [   8   88]]
acc: 0.689
f1: 0.220
[[1895   19]
 [  67   29]]
acc: 0.957
f1: 0.403
1,65,coarse : 26.52 seconds
1,65,fine : 26.53 seconds
[[1306  608]
 [   8   88]]
acc: 0.694
f1: 0.222
[[1891   23]
 [  65   31]]
acc: 0.956
f1: 0.413
1,66,coarse : 26.63 seconds
1,66,fine : 26.64 seconds
[[1315  599]
 [   8   88]]
acc: 0.698
f1: 0.225
[[1891   23]
 [  67   29]]
acc: 0.955
f1: 0.392
1,67,coarse : 26.56 seconds
1,67,fine : 26.57 seconds
[[1314  600]
 [   8   88]]
acc: 0.698
f1: 0.224
[[1891   23]
 [  65   31]]
acc: 0.956
f1: 0.413
1,68,coarse : 26.5 seconds
1,68,fine : 26.51 seconds
[[1312  602]
 [   8   88]]
acc: 0.697
f1: 0.224
[[1891   23]
 [  64   32]]
acc: 0.957
f1: 0.424
1,69,coarse : 26.54 seconds
1,69,fine : 26.55 seconds
[[1307  607]
 [   8   88]]
acc: 0.694
f1: 0.223
[[1890   24]
 [  64   32]]
acc: 0.956
f1: 0.421
1,70,coarse : 26.37 seconds
1,70,fine : 26.38 seconds
[[1312  602]
 [   8   88]]
acc: 0.697
f1: 0.224
[[1890   24]
 [  64   32]]
acc: 0.956
f1: 0.421
1,71,coarse : 26.9 seconds
1,71,fine : 26.91 seconds
[[1313  601]
 [   8   88]]
acc: 0.697
f1: 0.224
[[1890   24]
 [  63   33]]
acc: 0.957
f1: 0.431
1,72,coarse : 26.44 seconds
1,72,fine : 26.45 seconds
[[1308  606]
 [   8   88]]
acc: 0.695
f1: 0.223
[[1889   25]
 [  63   33]]
acc: 0.956
f1: 0.429
1,73,coarse : 26.62 seconds
1,73,fine : 26.63 seconds
[[1309  605]
 [   9   87]]
acc: 0.695
f1: 0.221
[[1890   24]
 [  63   33]]
acc: 0.957
f1: 0.431
1,74,coarse : 26.53 seconds
1,74,fine : 26.54 seconds
[[1318  596]
 [   6   90]]
acc: 0.700
f1: 0.230
[[1887   27]
 [  63   33]]
acc: 0.955
f1: 0.423
1,75,coarse : 26.73 seconds
1,75,fine : 26.74 seconds
[[1319  595]
 [   6   90]]
acc: 0.701
f1: 0.230
[[1887   27]
 [  63   33]]
acc: 0.955
f1: 0.423
1,76,coarse : 26.35 seconds
1,76,fine : 26.36 seconds
[[1304  610]
 [   6   90]]
acc: 0.694
f1: 0.226
[[1888   26]
 [  63   33]]
acc: 0.956
f1: 0.426
1,77,coarse : 26.15 seconds
1,77,fine : 26.16 seconds
[[1305  609]
 [   7   89]]
acc: 0.694
f1: 0.224
[[1887   27]
 [  60   36]]
acc: 0.957
f1: 0.453
1,78,coarse : 25.99 seconds
1,78,fine : 26.0 seconds
[[1308  606]
 [   6   90]]
acc: 0.696
f1: 0.227
[[1885   29]
 [  60   36]]
acc: 0.956
f1: 0.447
1,79,coarse : 26.02 seconds
1,79,fine : 26.03 seconds
[[1303  611]
 [   6   90]]
acc: 0.693
f1: 0.226
[[1883   31]
 [  60   36]]
acc: 0.955
f1: 0.442
1,80,coarse : 26.31 seconds
1,80,fine : 26.32 seconds
[[1302  612]
 [   6   90]]
acc: 0.693
f1: 0.226
[[1882   32]
 [  60   36]]
acc: 0.954
f1: 0.439
1,81,coarse : 26.25 seconds
1,81,fine : 26.26 seconds
[[1300  614]
 [   7   89]]
acc: 0.691
f1: 0.223
[[1880   34]
 [  60   36]]
acc: 0.953
f1: 0.434
1,82,coarse : 26.38 seconds
1,82,fine : 26.39 seconds
[[1302  612]
 [   6   90]]
acc: 0.693
f1: 0.226
[[1879   35]
 [  60   36]]
acc: 0.953
f1: 0.431
1,83,coarse : 25.95 seconds
1,83,fine : 25.96 seconds
[[1304  610]
 [   7   89]]
acc: 0.693
f1: 0.224
[[1878   36]
 [  60   36]]
acc: 0.952
f1: 0.429
1,84,coarse : 26.21 seconds
1,84,fine : 26.22 seconds
[[1289  625]
 [   6   90]]
acc: 0.686
f1: 0.222
[[1877   37]
 [  60   36]]
acc: 0.952
f1: 0.426
1,85,coarse : 26.3 seconds
1,85,fine : 26.31 seconds
[[1286  628]
 [   6   90]]
acc: 0.685
f1: 0.221
[[1877   37]
 [  59   37]]
acc: 0.952
f1: 0.435
1,86,coarse : 26.82 seconds
1,86,fine : 26.83 seconds
[[1297  617]
 [   6   90]]
acc: 0.690
f1: 0.224
[[1875   39]
 [  59   37]]
acc: 0.951
f1: 0.430
1,87,coarse : 26.48 seconds
1,87,fine : 26.49 seconds
[[1299  615]
 [   6   90]]
acc: 0.691
f1: 0.225
[[1874   40]
 [  59   37]]
acc: 0.951
f1: 0.428
1,88,coarse : 26.42 seconds
1,88,fine : 26.43 seconds
[[1297  617]
 [   6   90]]
acc: 0.690
f1: 0.224
[[1874   40]
 [  59   37]]
acc: 0.951
f1: 0.428
1,89,coarse : 26.17 seconds
1,89,fine : 26.18 seconds
[[1294  620]
 [   6   90]]
acc: 0.689
f1: 0.223
[[1873   41]
 [  59   37]]
acc: 0.950
f1: 0.425
1,90,coarse : 26.2 seconds
1,90,fine : 26.21 seconds
[[1291  623]
 [   6   90]]
acc: 0.687
f1: 0.222
[[1871   43]
 [  59   37]]
acc: 0.949
f1: 0.420
1,91,coarse : 26.45 seconds
1,91,fine : 26.46 seconds
[[1291  623]
 [   6   90]]
acc: 0.687
f1: 0.222
[[1870   44]
 [  59   37]]
acc: 0.949
f1: 0.418
1,92,coarse : 26.66 seconds
1,92,fine : 26.68 seconds
[[1297  617]
 [   6   90]]
acc: 0.690
f1: 0.224
[[1871   43]
 [  57   39]]
acc: 0.950
f1: 0.438
1,93,coarse : 26.17 seconds
1,93,fine : 26.18 seconds
[[1301  613]
 [   6   90]]
acc: 0.692
f1: 0.225
[[1870   44]
 [  56   40]]
acc: 0.950
f1: 0.444
1,94,coarse : 26.49 seconds
1,94,fine : 26.52 seconds
[[1301  613]
 [   6   90]]
acc: 0.692
f1: 0.225
[[1869   45]
 [  55   41]]
acc: 0.950
f1: 0.451
1,95,coarse : 25.82 seconds
1,95,fine : 25.83 seconds
[[1291  623]
 [   6   90]]
acc: 0.687
f1: 0.222
[[1868   46]
 [  55   41]]
acc: 0.950
f1: 0.448
1,96,coarse : 26.59 seconds
1,96,fine : 26.6 seconds
[[1289  625]
 [   6   90]]
acc: 0.686
f1: 0.222
[[1867   47]
 [  54   42]]
acc: 0.950
f1: 0.454
1,97,coarse : 26.45 seconds
1,97,fine : 26.54 seconds
[[1301  613]
 [   6   90]]
acc: 0.692
f1: 0.225
[[1867   47]
 [  54   42]]
acc: 0.950
f1: 0.454
1,98,coarse : 26.67 seconds
1,98,fine : 26.69 seconds
[[1300  614]
 [   8   88]]
acc: 0.691
f1: 0.221
[[1866   48]
 [  54   42]]
acc: 0.949
f1: 0.452
1,99,coarse : 26.74 seconds
1,99,fine : 26.75 seconds
[[1304  610]
 [   8   88]]
acc: 0.693
f1: 0.222
[[1865   49]
 [  54   42]]
acc: 0.949
f1: 0.449
1,100,coarse : 28.17 seconds
1,100,fine : 28.18 seconds
[[1307  607]
 [   8   88]]
acc: 0.694
f1: 0.223
[[1865   49]
 [  53   43]]
acc: 0.949
f1: 0.457
1,101,coarse : 26.58 seconds
1,101,fine : 26.59 seconds
[[1306  608]
 [   8   88]]
acc: 0.694
f1: 0.222
[[1866   48]
 [  53   43]]
acc: 0.950
f1: 0.460
1,102,coarse : 27.25 seconds
1,102,fine : 27.26 seconds
[[1315  599]
 [   7   89]]
acc: 0.699
f1: 0.227
[[1866   48]
 [  52   44]]
acc: 0.950
f1: 0.468
1,103,coarse : 26.76 seconds
1,103,fine : 26.77 seconds
[[1320  594]
 [   7   89]]
acc: 0.701
f1: 0.228
[[1866   48]
 [  52   44]]
acc: 0.950
f1: 0.468
1,104,coarse : 26.48 seconds
1,104,fine : 26.5 seconds
[[1323  591]
 [   8   88]]
acc: 0.702
f1: 0.227
[[1864   50]
 [  51   45]]
acc: 0.950
f1: 0.471
1,105,coarse : 26.6 seconds
1,105,fine : 26.62 seconds
[[1325  589]
 [   8   88]]
acc: 0.703
f1: 0.228
[[1862   52]
 [  51   45]]
acc: 0.949
f1: 0.466
1,106,coarse : 26.54 seconds
1,106,fine : 26.55 seconds
[[1326  588]
 [   6   90]]
acc: 0.704
f1: 0.233
[[1862   52]
 [  50   46]]
acc: 0.949
f1: 0.474
1,107,coarse : 26.55 seconds
1,107,fine : 26.56 seconds
[[1328  586]
 [   7   89]]
acc: 0.705
f1: 0.231
[[1862   52]
 [  50   46]]
acc: 0.949
f1: 0.474
1,108,coarse : 26.74 seconds
1,108,fine : 26.75 seconds
[[1330  584]
 [   6   90]]
acc: 0.706
f1: 0.234
[[1863   51]
 [  50   46]]
acc: 0.950
f1: 0.477
1,109,coarse : 26.59 seconds
1,109,fine : 26.61 seconds
[[1333  581]
 [   7   89]]
acc: 0.707
f1: 0.232
[[1863   51]
 [  50   46]]
acc: 0.950
f1: 0.477
1,110,coarse : 26.91 seconds
1,110,fine : 26.93 seconds
[[1334  580]
 [   7   89]]
acc: 0.708
f1: 0.233
[[1863   51]
 [  50   46]]
acc: 0.950
f1: 0.477
1,111,coarse : 27.02 seconds
1,111,fine : 27.04 seconds
[[1329  585]
 [   7   89]]
acc: 0.705
f1: 0.231
[[1863   51]
 [  50   46]]
acc: 0.950
f1: 0.477
1,112,coarse : 26.37 seconds
1,112,fine : 26.38 seconds
[[1327  587]
 [   7   89]]
acc: 0.704
f1: 0.231
[[1863   51]
 [  50   46]]
acc: 0.950
f1: 0.477
1,113,coarse : 26.4 seconds
1,113,fine : 26.42 seconds
[[1324  590]
 [   7   89]]
acc: 0.703
f1: 0.230
[[1862   52]
 [  50   46]]
acc: 0.949
f1: 0.474
1,114,coarse : 27.03 seconds
1,114,fine : 27.05 seconds
[[1330  584]
 [   7   89]]
acc: 0.706
f1: 0.231
[[1862   52]
 [  50   46]]
acc: 0.949
f1: 0.474
1,115,coarse : 27.14 seconds
1,115,fine : 27.15 seconds
[[1334  580]
 [   7   89]]
acc: 0.708
f1: 0.233
[[1862   52]
 [  50   46]]
acc: 0.949
f1: 0.474
1,116,coarse : 26.55 seconds
1,116,fine : 26.57 seconds
[[1332  582]
 [   7   89]]
acc: 0.707
f1: 0.232
[[1862   52]
 [  50   46]]
acc: 0.949
f1: 0.474
1,117,coarse : 26.71 seconds
1,117,fine : 26.73 seconds
[[1344  570]
 [   7   89]]
acc: 0.713
f1: 0.236
[[1862   52]
 [  50   46]]
acc: 0.949
f1: 0.474
1,118,coarse : 27.52 seconds
1,118,fine : 27.54 seconds
[[1351  563]
 [   7   89]]
acc: 0.716
f1: 0.238
[[1862   52]
 [  49   47]]
acc: 0.950
f1: 0.482
1,119,coarse : 26.87 seconds
1,119,fine : 26.88 seconds
[[1349  565]
 [   7   89]]
acc: 0.715
f1: 0.237
[[1860   54]
 [  50   46]]
acc: 0.948
f1: 0.469
1,120,coarse : 27.0 seconds
1,120,fine : 27.02 seconds
[[1348  566]
 [   7   89]]
acc: 0.715
f1: 0.237
[[1860   54]
 [  50   46]]
acc: 0.948
f1: 0.469
1,121,coarse : 26.96 seconds
1,121,fine : 26.97 seconds
[[1349  565]
 [   7   89]]
acc: 0.715
f1: 0.237
[[1860   54]
 [  48   48]]
acc: 0.949
f1: 0.485
1,122,coarse : 27.55 seconds
1,122,fine : 27.57 seconds
[[1350  564]
 [   8   88]]
acc: 0.715
f1: 0.235
[[1859   55]
 [  48   48]]
acc: 0.949
f1: 0.482
1,123,coarse : 27.58 seconds
1,123,fine : 27.6 seconds
[[1348  566]
 [   8   88]]
acc: 0.714
f1: 0.235
[[1858   56]
 [  48   48]]
acc: 0.948
f1: 0.480
1,124,coarse : 27.8 seconds
1,124,fine : 27.82 seconds
[[1341  573]
 [   8   88]]
acc: 0.711
f1: 0.232
[[1858   56]
 [  47   49]]
acc: 0.949
f1: 0.488
1,125,coarse : 27.22 seconds
1,125,fine : 27.24 seconds
[[1340  574]
 [   8   88]]
acc: 0.710
f1: 0.232
[[1859   55]
 [  46   50]]
acc: 0.950
f1: 0.498
1,126,coarse : 27.41 seconds
1,126,fine : 27.42 seconds
[[1343  571]
 [   8   88]]
acc: 0.712
f1: 0.233
[[1859   55]
 [  46   50]]
acc: 0.950
f1: 0.498
1,127,coarse : 28.12 seconds
1,127,fine : 28.14 seconds
[[1342  572]
 [   8   88]]
acc: 0.711
f1: 0.233
[[1859   55]
 [  44   52]]
acc: 0.951
f1: 0.512
1,128,coarse : 27.61 seconds
1,128,fine : 27.63 seconds
[[1346  568]
 [   8   88]]
acc: 0.713
f1: 0.234
[[1859   55]
 [  43   53]]
acc: 0.951
f1: 0.520
1,129,coarse : 27.96 seconds
1,129,fine : 27.97 seconds
[[1346  568]
 [   8   88]]
acc: 0.713
f1: 0.234
[[1859   55]
 [  43   53]]
acc: 0.951
f1: 0.520
1,130,coarse : 27.34 seconds
1,130,fine : 27.35 seconds
[[1351  563]
 [   8   88]]
acc: 0.716
f1: 0.236
[[1859   55]
 [  43   53]]
acc: 0.951
f1: 0.520
1,131,coarse : 27.94 seconds
1,131,fine : 27.95 seconds
[[1352  562]
 [   8   88]]
acc: 0.716
f1: 0.236
[[1858   56]
 [  43   53]]
acc: 0.951
f1: 0.517
1,132,coarse : 28.15 seconds
1,132,fine : 28.17 seconds
[[1352  562]
 [   8   88]]
acc: 0.716
f1: 0.236
[[1858   56]
 [  43   53]]
acc: 0.951
f1: 0.517
1,133,coarse : 27.94 seconds
1,133,fine : 27.95 seconds
[[1353  561]
 [   8   88]]
acc: 0.717
f1: 0.236
[[1857   57]
 [  43   53]]
acc: 0.950
f1: 0.515
1,134,coarse : 27.84 seconds
1,134,fine : 27.85 seconds
[[1345  569]
 [   8   88]]
acc: 0.713
f1: 0.234
[[1857   57]
 [  43   53]]
acc: 0.950
f1: 0.515
1,135,coarse : 27.93 seconds
1,135,fine : 27.95 seconds
[[1333  581]
 [   8   88]]
acc: 0.707
f1: 0.230
[[1856   58]
 [  43   53]]
acc: 0.950
f1: 0.512
1,136,coarse : 28.22 seconds
1,136,fine : 28.24 seconds
[[1333  581]
 [   8   88]]
acc: 0.707
f1: 0.230
[[1855   59]
 [  43   53]]
acc: 0.949
f1: 0.510
1,137,coarse : 28.18 seconds
1,137,fine : 28.2 seconds
[[1335  579]
 [   8   88]]
acc: 0.708
f1: 0.231
[[1855   59]
 [  43   53]]
acc: 0.949
f1: 0.510
1,138,coarse : 27.9 seconds
1,138,fine : 27.92 seconds
[[1335  579]
 [   8   88]]
acc: 0.708
f1: 0.231
[[1855   59]
 [  43   53]]
acc: 0.949
f1: 0.510
1,139,coarse : 27.61 seconds
1,139,fine : 27.63 seconds
[[1337  577]
 [   8   88]]
acc: 0.709
f1: 0.231
[[1854   60]
 [  43   53]]
acc: 0.949
f1: 0.507
1,140,coarse : 27.85 seconds
1,140,fine : 27.87 seconds
[[1340  574]
 [   8   88]]
acc: 0.710
f1: 0.232
[[1853   61]
 [  43   53]]
acc: 0.948
f1: 0.505
1,141,coarse : 28.39 seconds
1,141,fine : 28.41 seconds
[[1349  565]
 [   8   88]]
acc: 0.715
f1: 0.235
[[1853   61]
 [  43   53]]
acc: 0.948
f1: 0.505
1,142,coarse : 28.36 seconds
1,142,fine : 28.38 seconds
[[1345  569]
 [   8   88]]
acc: 0.713
f1: 0.234
[[1853   61]
 [  43   53]]
acc: 0.948
f1: 0.505
1,143,coarse : 27.98 seconds
1,143,fine : 28.0 seconds
[[1336  578]
 [   8   88]]
acc: 0.708
f1: 0.231
[[1850   64]
 [  43   53]]
acc: 0.947
f1: 0.498
1,144,coarse : 27.63 seconds
1,144,fine : 27.65 seconds
[[1336  578]
 [   8   88]]
acc: 0.708
f1: 0.231
[[1850   64]
 [  43   53]]
acc: 0.947
f1: 0.498
1,145,coarse : 28.1 seconds
1,145,fine : 28.12 seconds
[[1341  573]
 [   8   88]]
acc: 0.711
f1: 0.232
[[1850   64]
 [  43   53]]
acc: 0.947
f1: 0.498
1,146,coarse : 27.69 seconds
1,146,fine : 27.71 seconds
[[1345  569]
 [   8   88]]
acc: 0.713
f1: 0.234
[[1849   65]
 [  43   53]]
acc: 0.946
f1: 0.495
1,147,coarse : 28.27 seconds
1,147,fine : 28.28 seconds
[[1348  566]
 [   7   89]]
acc: 0.715
f1: 0.237
[[1848   66]
 [  43   53]]
acc: 0.946
f1: 0.493
1,148,coarse : 28.11 seconds
1,148,fine : 28.13 seconds
[[1347  567]
 [   6   90]]
acc: 0.715
f1: 0.239
[[1848   66]
 [  43   53]]
acc: 0.946
f1: 0.493
1,149,coarse : 28.1 seconds
1,149,fine : 28.12 seconds
[[1350  564]
 [   6   90]]
acc: 0.716
f1: 0.240
[[1848   66]
 [  43   53]]
acc: 0.946
f1: 0.493
1,150,coarse : 30.37 seconds
1,150,fine : 30.39 seconds
[[1345  569]
 [   7   89]]
acc: 0.713
f1: 0.236
[[1848   66]
 [  43   53]]
acc: 0.946
f1: 0.493
1,151,coarse : 28.11 seconds
1,151,fine : 28.13 seconds
[[1340  574]
 [   7   89]]
acc: 0.711
f1: 0.235
[[1848   66]
 [  43   53]]
acc: 0.946
f1: 0.493
1,152,coarse : 29.07 seconds
1,152,fine : 29.09 seconds
[[1339  575]
 [   7   89]]
acc: 0.710
f1: 0.234
[[1847   67]
 [  42   54]]
acc: 0.946
f1: 0.498
1,153,coarse : 28.69 seconds
1,153,fine : 28.71 seconds
[[1344  570]
 [   8   88]]
acc: 0.712
f1: 0.233
[[1846   68]
 [  42   54]]
acc: 0.945
f1: 0.495
1,154,coarse : 28.65 seconds
1,154,fine : 28.67 seconds
[[1343  571]
 [   8   88]]
acc: 0.712
f1: 0.233
[[1846   68]
 [  42   54]]
acc: 0.945
f1: 0.495
1,155,coarse : 28.37 seconds
1,155,fine : 28.38 seconds
[[1344  570]
 [   8   88]]
acc: 0.712
f1: 0.233
[[1846   68]
 [  41   55]]
acc: 0.946
f1: 0.502
1,156,coarse : 28.8 seconds
1,156,fine : 28.82 seconds
[[1346  568]
 [   8   88]]
acc: 0.713
f1: 0.234
[[1844   70]
 [  41   55]]
acc: 0.945
f1: 0.498
1,157,coarse : 28.2 seconds
1,157,fine : 28.22 seconds
[[1345  569]
 [   8   88]]
acc: 0.713
f1: 0.234
[[1843   71]
 [  41   55]]
acc: 0.944
f1: 0.495
1,158,coarse : 28.54 seconds
1,158,fine : 28.56 seconds
[[1343  571]
 [   8   88]]
acc: 0.712
f1: 0.233
[[1841   73]
 [  41   55]]
acc: 0.943
f1: 0.491
1,159,coarse : 28.49 seconds
1,159,fine : 28.5 seconds
[[1346  568]
 [   8   88]]
acc: 0.713
f1: 0.234
[[1842   72]
 [  41   55]]
acc: 0.944
f1: 0.493
1,160,coarse : 29.19 seconds
1,160,fine : 29.21 seconds
[[1347  567]
 [   8   88]]
acc: 0.714
f1: 0.234
[[1841   73]
 [  41   55]]
acc: 0.943
f1: 0.491
1,161,coarse : 29.03 seconds
1,161,fine : 29.05 seconds
[[1346  568]
 [   7   89]]
acc: 0.714
f1: 0.236
[[1840   74]
 [  41   55]]
acc: 0.943
f1: 0.489
1,162,coarse : 28.93 seconds
1,162,fine : 28.95 seconds
[[1350  564]
 [   8   88]]
acc: 0.715
f1: 0.235
[[1840   74]
 [  41   55]]
acc: 0.943
f1: 0.489
1,163,coarse : 28.81 seconds
1,163,fine : 28.83 seconds
[[1351  563]
 [   8   88]]
acc: 0.716
f1: 0.236
[[1840   74]
 [  42   54]]
acc: 0.942
f1: 0.482
1,164,coarse : 28.92 seconds
1,164,fine : 28.94 seconds
[[1351  563]
 [   8   88]]
acc: 0.716
f1: 0.236
[[1840   74]
 [  42   54]]
acc: 0.942
f1: 0.482
1,165,coarse : 28.49 seconds
1,165,fine : 28.51 seconds
[[1350  564]
 [   8   88]]
acc: 0.715
f1: 0.235
[[1839   75]
 [  42   54]]
acc: 0.942
f1: 0.480
1,166,coarse : 29.23 seconds
1,166,fine : 29.25 seconds
[[1349  565]
 [   8   88]]
acc: 0.715
f1: 0.235
[[1839   75]
 [  42   54]]
acc: 0.942
f1: 0.480
1,167,coarse : 29.72 seconds
1,167,fine : 29.74 seconds
[[1350  564]
 [   9   87]]
acc: 0.715
f1: 0.233
[[1838   76]
 [  42   54]]
acc: 0.941
f1: 0.478
1,168,coarse : 28.22 seconds
1,168,fine : 28.24 seconds
[[1352  562]
 [   9   87]]
acc: 0.716
f1: 0.234
[[1838   76]
 [  42   54]]
acc: 0.941
f1: 0.478
1,169,coarse : 29.64 seconds
1,169,fine : 29.66 seconds
[[1355  559]
 [   9   87]]
acc: 0.717
f1: 0.235
[[1838   76]
 [  42   54]]
acc: 0.941
f1: 0.478
1,170,coarse : 29.43 seconds
1,170,fine : 29.45 seconds
[[1354  560]
 [   9   87]]
acc: 0.717
f1: 0.234
[[1837   77]
 [  42   54]]
acc: 0.941
f1: 0.476
1,171,coarse : 28.46 seconds
1,171,fine : 28.48 seconds
[[1356  558]
 [  12   84]]
acc: 0.716
f1: 0.228
[[1835   79]
 [  42   54]]
acc: 0.940
f1: 0.472
1,172,coarse : 28.05 seconds
1,172,fine : 28.07 seconds
