all           0      1    2    3    4    5    6    7    8    
1      2010   1914   1    19   32   19   1    11   6    7    
2      2010   1914   1    19   32   19   1    11   6    7    
3      2010   1914   1    19   32   19   1    11   5    8    
4      2010   1914   1    19   32   19   1    10   6    8    
5      2010   1914   1    18   33   19   1    10   6    8    
6      2010   1914   1    18   33   19   1    10   6    8    
7      2010   1913   2    18   33   19   1    10   6    8    
8      2010   1913   2    18   33   19   1    10   6    8    
9      2009   1913   2    18   32   19   2    10   6    7    
10     2009   1913   1    19   32   19   1    11   6    7    
Total  20098  19136  13   185  324  190  11   104  59   76   
train         0      1    2    3    4    5    6    7    8    
2      2010   1914   1    19   32   19   1    11   6    7    
3      2010   1914   1    19   32   19   1    11   5    8    
4      2010   1914   1    19   32   19   1    10   6    8    
5      2010   1914   1    18   33   19   1    10   6    8    
6      2010   1914   1    18   33   19   1    10   6    8    
7      2010   1913   2    18   33   19   1    10   6    8    
8      2010   1913   2    18   33   19   1    10   6    8    
9      2009   1913   2    18   32   19   2    10   6    7    
10     2009   1913   1    19   32   19   1    11   6    7    
Total  18088  17222  12   166  292  171  10   93   53   69   
test          0      1    2    3    4    5    6    7    8    
1      2010   1914   1    19   32   19   1    11   6    7    
Total  2010   1914   1    19   32   19   1    11   6    7    
Classes             
0         17222     
1         12        
2         166       
3         292       
4         171       
5         10        
6         93        
7         53        
8         69        
Total     18088     

Shape: 450       

[952, 10, 11, 16, 11, 10, 10, 10, 10]
Sum start => 1040
[[1135  779]
 [  16   80]]
acc: 0.604
f1: 0.168
[[1890   24]
 [  85   11]]
acc: 0.946
f1: 0.168
1,1,coarse : 27.74 seconds
1,1,fine : 27.75 seconds
[[1135  779]
 [  16   80]]
acc: 0.604
f1: 0.168
[[1890   24]
 [  85   11]]
acc: 0.946
f1: 0.168
1,2,coarse : 28.99 seconds
1,2,fine : 28.99 seconds
[[1148  766]
 [  15   81]]
acc: 0.611
f1: 0.172
[[1893   21]
 [  85   11]]
acc: 0.947
f1: 0.172
1,3,coarse : 3.37 seconds
1,3,fine : 3.38 seconds
[[1185  729]
 [  15   81]]
acc: 0.630
f1: 0.179
[[1899   15]
 [  85   11]]
acc: 0.950
f1: 0.180
1,4,coarse : 3.42 seconds
1,4,fine : 3.43 seconds
[[1182  732]
 [  16   80]]
acc: 0.628
f1: 0.176
[[1897   17]
 [  86   10]]
acc: 0.949
f1: 0.163
1,5,coarse : 3.49 seconds
1,5,fine : 3.49 seconds
[[1200  714]
 [  16   80]]
acc: 0.637
f1: 0.180
[[1898   16]
 [  87    9]]
acc: 0.949
f1: 0.149
1,6,coarse : 3.6 seconds
1,6,fine : 3.61 seconds
[[1219  695]
 [  16   80]]
acc: 0.646
f1: 0.184
[[1898   16]
 [  87    9]]
acc: 0.949
f1: 0.149
1,7,coarse : 3.78 seconds
1,7,fine : 3.79 seconds
[[1236  678]
 [  16   80]]
acc: 0.655
f1: 0.187
[[1899   15]
 [  87    9]]
acc: 0.949
f1: 0.150
1,8,coarse : 3.86 seconds
1,8,fine : 3.87 seconds
[[1257  657]
 [  16   80]]
acc: 0.665
f1: 0.192
[[1895   19]
 [  87    9]]
acc: 0.947
f1: 0.145
1,9,coarse : 4.07 seconds
1,9,fine : 4.07 seconds
[[1280  634]
 [  17   79]]
acc: 0.676
f1: 0.195
[[1895   19]
 [  87    9]]
acc: 0.947
f1: 0.145
1,10,coarse : 4.18 seconds
1,10,fine : 4.19 seconds
[[1289  625]
 [  17   79]]
acc: 0.681
f1: 0.197
[[1896   18]
 [  87    9]]
acc: 0.948
f1: 0.146
1,11,coarse : 4.24 seconds
1,11,fine : 4.24 seconds
[[1298  616]
 [  15   81]]
acc: 0.686
f1: 0.204
[[1896   18]
 [  87    9]]
acc: 0.948
f1: 0.146
1,12,coarse : 4.36 seconds
1,12,fine : 4.37 seconds
[[1302  612]
 [  14   82]]
acc: 0.689
f1: 0.208
[[1894   20]
 [  86   10]]
acc: 0.947
f1: 0.159
1,13,coarse : 4.49 seconds
1,13,fine : 4.49 seconds
[[1282  632]
 [  15   81]]
acc: 0.678
f1: 0.200
[[1892   22]
 [  86   10]]
acc: 0.946
f1: 0.156
1,14,coarse : 4.69 seconds
1,14,fine : 4.69 seconds
[[1312  602]
 [  14   82]]
acc: 0.694
f1: 0.210
[[1894   20]
 [  86   10]]
acc: 0.947
f1: 0.159
1,15,coarse : 4.77 seconds
1,15,fine : 4.77 seconds
[[1316  598]
 [  13   83]]
acc: 0.696
f1: 0.214
[[1893   21]
 [  86   10]]
acc: 0.947
f1: 0.157
1,16,coarse : 4.98 seconds
1,16,fine : 4.98 seconds
[[1328  586]
 [  12   84]]
acc: 0.702
f1: 0.219
[[1892   22]
 [  85   11]]
acc: 0.947
f1: 0.171
1,17,coarse : 5.09 seconds
1,17,fine : 5.1 seconds
[[1335  579]
 [  13   83]]
acc: 0.705
f1: 0.219
[[1892   22]
 [  83   13]]
acc: 0.948
f1: 0.198
1,18,coarse : 5.22 seconds
1,18,fine : 5.22 seconds
[[1303  611]
 [  12   84]]
acc: 0.690
f1: 0.212
[[1893   21]
 [  81   15]]
acc: 0.949
f1: 0.227
1,19,coarse : 5.17 seconds
1,19,fine : 5.18 seconds
[[1278  636]
 [  11   85]]
acc: 0.678
f1: 0.208
[[1895   19]
 [  81   15]]
acc: 0.950
f1: 0.231
1,20,coarse : 5.31 seconds
1,20,fine : 5.31 seconds
[[1259  655]
 [  14   82]]
acc: 0.667
f1: 0.197
[[1897   17]
 [  81   15]]
acc: 0.951
f1: 0.234
1,21,coarse : 5.58 seconds
1,21,fine : 5.58 seconds
[[1269  645]
 [  12   84]]
acc: 0.673
f1: 0.204
[[1894   20]
 [  80   16]]
acc: 0.950
f1: 0.242
1,22,coarse : 5.69 seconds
1,22,fine : 5.7 seconds
[[1240  674]
 [  10   86]]
acc: 0.660
f1: 0.201
[[1896   18]
 [  80   16]]
acc: 0.951
f1: 0.246
1,23,coarse : 5.88 seconds
1,23,fine : 5.88 seconds
[[1254  660]
 [  10   86]]
acc: 0.667
f1: 0.204
[[1895   19]
 [  80   16]]
acc: 0.951
f1: 0.244
1,24,coarse : 6.03 seconds
1,24,fine : 6.03 seconds
[[1258  656]
 [  10   86]]
acc: 0.669
f1: 0.205
[[1894   20]
 [  80   16]]
acc: 0.950
f1: 0.242
1,25,coarse : 6.06 seconds
1,25,fine : 6.06 seconds
[[1260  654]
 [   9   87]]
acc: 0.670
f1: 0.208
[[1896   18]
 [  79   17]]
acc: 0.952
f1: 0.260
1,26,coarse : 6.17 seconds
1,26,fine : 6.17 seconds
[[1274  640]
 [  10   86]]
acc: 0.677
f1: 0.209
[[1894   20]
 [  78   18]]
acc: 0.951
f1: 0.269
1,27,coarse : 6.25 seconds
1,27,fine : 6.25 seconds
[[1282  632]
 [  11   85]]
acc: 0.680
f1: 0.209
[[1892   22]
 [  78   18]]
acc: 0.950
f1: 0.265
1,28,coarse : 6.46 seconds
1,28,fine : 6.47 seconds
[[1284  630]
 [  12   84]]
acc: 0.681
f1: 0.207
[[1893   21]
 [  79   17]]
acc: 0.950
f1: 0.254
1,29,coarse : 6.69 seconds
1,29,fine : 6.7 seconds
[[1282  632]
 [  12   84]]
acc: 0.680
f1: 0.207
[[1889   25]
 [  77   19]]
acc: 0.949
f1: 0.271
1,30,coarse : 6.72 seconds
1,30,fine : 6.72 seconds
[[1282  632]
 [  12   84]]
acc: 0.680
f1: 0.207
[[1890   24]
 [  77   19]]
acc: 0.950
f1: 0.273
1,31,coarse : 6.7 seconds
1,31,fine : 6.71 seconds
[[1282  632]
 [  12   84]]
acc: 0.680
f1: 0.207
[[1890   24]
 [  77   19]]
acc: 0.950
f1: 0.273
1,32,coarse : 6.94 seconds
1,32,fine : 6.95 seconds
[[1284  630]
 [  12   84]]
acc: 0.681
f1: 0.207
[[1883   31]
 [  75   21]]
acc: 0.947
f1: 0.284
1,33,coarse : 7.08 seconds
1,33,fine : 7.09 seconds
[[1285  629]
 [  10   86]]
acc: 0.682
f1: 0.212
[[1882   32]
 [  75   21]]
acc: 0.947
f1: 0.282
1,34,coarse : 7.29 seconds
1,34,fine : 7.29 seconds
[[1292  622]
 [  10   86]]
acc: 0.686
f1: 0.214
[[1885   29]
 [  73   23]]
acc: 0.949
f1: 0.311
1,35,coarse : 7.29 seconds
1,35,fine : 7.3 seconds
[[1286  628]
 [  11   85]]
acc: 0.682
f1: 0.210
[[1878   36]
 [  68   28]]
acc: 0.948
f1: 0.350
1,36,coarse : 7.55 seconds
1,36,fine : 7.56 seconds
[[1293  621]
 [  10   86]]
acc: 0.686
f1: 0.214
[[1879   35]
 [  68   28]]
acc: 0.949
f1: 0.352
1,37,coarse : 7.52 seconds
1,37,fine : 7.53 seconds
[[1298  616]
 [  11   85]]
acc: 0.688
f1: 0.213
[[1876   38]
 [  68   28]]
acc: 0.947
f1: 0.346
1,38,coarse : 7.77 seconds
1,38,fine : 7.78 seconds
[[1299  615]
 [  11   85]]
acc: 0.689
f1: 0.214
[[1873   41]
 [  67   29]]
acc: 0.946
f1: 0.349
1,39,coarse : 7.93 seconds
1,39,fine : 7.94 seconds
[[1292  622]
 [  11   85]]
acc: 0.685
f1: 0.212
[[1872   42]
 [  66   30]]
acc: 0.946
f1: 0.357
1,40,coarse : 8.1 seconds
1,40,fine : 8.11 seconds
[[1310  604]
 [  11   85]]
acc: 0.694
f1: 0.217
[[1871   43]
 [  65   31]]
acc: 0.946
f1: 0.365
1,41,coarse : 8.36 seconds
1,41,fine : 8.37 seconds
[[1306  608]
 [  10   86]]
acc: 0.693
f1: 0.218
[[1873   41]
 [  65   31]]
acc: 0.947
f1: 0.369
1,42,coarse : 8.4 seconds
1,42,fine : 8.41 seconds
[[1316  598]
 [  11   85]]
acc: 0.697
f1: 0.218
[[1870   44]
 [  63   33]]
acc: 0.947
f1: 0.382
1,43,coarse : 8.5 seconds
1,43,fine : 8.51 seconds
[[1317  597]
 [  11   85]]
acc: 0.698
f1: 0.219
[[1873   41]
 [  65   31]]
acc: 0.947
f1: 0.369
1,44,coarse : 8.69 seconds
1,44,fine : 8.7 seconds
[[1293  621]
 [  11   85]]
acc: 0.686
f1: 0.212
[[1868   46]
 [  59   37]]
acc: 0.948
f1: 0.413
1,45,coarse : 8.78 seconds
1,45,fine : 8.78 seconds
[[1297  617]
 [  12   84]]
acc: 0.687
f1: 0.211
[[1865   49]
 [  61   35]]
acc: 0.945
f1: 0.389
1,46,coarse : 8.86 seconds
1,46,fine : 8.87 seconds
[[1300  614]
 [  12   84]]
acc: 0.689
f1: 0.212
[[1867   47]
 [  61   35]]
acc: 0.946
f1: 0.393
1,47,coarse : 9.11 seconds
1,47,fine : 9.12 seconds
[[1300  614]
 [  12   84]]
acc: 0.689
f1: 0.212
[[1867   47]
 [  58   38]]
acc: 0.948
f1: 0.420
1,48,coarse : 9.0 seconds
1,48,fine : 9.0 seconds
[[1297  617]
 [  11   85]]
acc: 0.688
f1: 0.213
[[1864   50]
 [  58   38]]
acc: 0.946
f1: 0.413
1,49,coarse : 9.17 seconds
1,49,fine : 9.18 seconds
[[1306  608]
 [  11   85]]
acc: 0.692
f1: 0.215
[[1864   50]
 [  58   38]]
acc: 0.946
f1: 0.413
1,50,coarse : 11.05 seconds
1,50,fine : 11.06 seconds
[[1304  610]
 [  11   85]]
acc: 0.691
f1: 0.215
[[1867   47]
 [  58   38]]
acc: 0.948
f1: 0.420
1,51,coarse : 9.43 seconds
1,51,fine : 9.44 seconds
[[1295  619]
 [  11   85]]
acc: 0.687
f1: 0.212
[[1865   49]
 [  60   36]]
acc: 0.946
f1: 0.398
1,52,coarse : 9.82 seconds
1,52,fine : 9.83 seconds
[[1298  616]
 [  11   85]]
acc: 0.688
f1: 0.213
[[1862   52]
 [  58   38]]
acc: 0.945
f1: 0.409
1,53,coarse : 9.96 seconds
1,53,fine : 9.97 seconds
[[1305  609]
 [   9   87]]
acc: 0.693
f1: 0.220
[[1861   53]
 [  57   39]]
acc: 0.945
f1: 0.415
1,54,coarse : 10.02 seconds
1,54,fine : 10.03 seconds
[[1301  613]
 [   9   87]]
acc: 0.691
f1: 0.219
[[1858   56]
 [  57   39]]
acc: 0.944
f1: 0.408
1,55,coarse : 10.17 seconds
1,55,fine : 10.17 seconds
[[1304  610]
 [   9   87]]
acc: 0.692
f1: 0.219
[[1856   58]
 [  55   41]]
acc: 0.944
f1: 0.421
1,56,coarse : 10.24 seconds
1,56,fine : 10.25 seconds
[[1307  607]
 [   9   87]]
acc: 0.694
f1: 0.220
[[1857   57]
 [  55   41]]
acc: 0.944
f1: 0.423
1,57,coarse : 10.27 seconds
1,57,fine : 10.28 seconds
[[1303  611]
 [  11   85]]
acc: 0.691
f1: 0.215
[[1859   55]
 [  58   38]]
acc: 0.944
f1: 0.402
1,58,coarse : 10.81 seconds
1,58,fine : 10.82 seconds
[[1309  605]
 [  10   86]]
acc: 0.694
f1: 0.219
[[1859   55]
 [  57   39]]
acc: 0.944
f1: 0.411
1,59,coarse : 10.75 seconds
1,59,fine : 10.76 seconds
[[1303  611]
 [  11   85]]
acc: 0.691
f1: 0.215
[[1854   60]
 [  55   41]]
acc: 0.943
f1: 0.416
1,60,coarse : 10.71 seconds
1,60,fine : 10.72 seconds
[[1304  610]
 [  11   85]]
acc: 0.691
f1: 0.215
[[1855   59]
 [  55   41]]
acc: 0.943
f1: 0.418
1,61,coarse : 11.27 seconds
1,61,fine : 11.28 seconds
[[1305  609]
 [  11   85]]
acc: 0.692
f1: 0.215
[[1855   59]
 [  55   41]]
acc: 0.943
f1: 0.418
1,62,coarse : 11.24 seconds
1,62,fine : 11.25 seconds
[[1298  616]
 [  11   85]]
acc: 0.688
f1: 0.213
[[1856   58]
 [  55   41]]
acc: 0.944
f1: 0.421
1,63,coarse : 11.48 seconds
1,63,fine : 11.49 seconds
[[1284  630]
 [  11   85]]
acc: 0.681
f1: 0.210
[[1855   59]
 [  55   41]]
acc: 0.943
f1: 0.418
1,64,coarse : 11.79 seconds
1,64,fine : 11.8 seconds
[[1293  621]
 [  11   85]]
acc: 0.686
f1: 0.212
[[1856   58]
 [  55   41]]
acc: 0.944
f1: 0.421
1,65,coarse : 11.86 seconds
1,65,fine : 11.87 seconds
[[1295  619]
 [  12   84]]
acc: 0.686
f1: 0.210
[[1856   58]
 [  55   41]]
acc: 0.944
f1: 0.421
1,66,coarse : 11.98 seconds
1,66,fine : 11.99 seconds
[[1297  617]
 [  11   85]]
acc: 0.688
f1: 0.213
[[1856   58]
 [  54   42]]
acc: 0.944
f1: 0.429
1,67,coarse : 12.03 seconds
1,67,fine : 12.04 seconds
[[1299  615]
 [  10   86]]
acc: 0.689
f1: 0.216
[[1856   58]
 [  55   41]]
acc: 0.944
f1: 0.421
1,68,coarse : 12.41 seconds
1,68,fine : 12.42 seconds
[[1302  612]
 [  10   86]]
acc: 0.691
f1: 0.217
[[1857   57]
 [  53   43]]
acc: 0.945
f1: 0.439
1,69,coarse : 12.07 seconds
1,69,fine : 12.08 seconds
[[1310  604]
 [  10   86]]
acc: 0.695
f1: 0.219
[[1856   58]
 [  53   43]]
acc: 0.945
f1: 0.437
1,70,coarse : 12.59 seconds
1,70,fine : 12.61 seconds
[[1303  611]
 [  10   86]]
acc: 0.691
f1: 0.217
[[1855   59]
 [  54   42]]
acc: 0.944
f1: 0.426
1,71,coarse : 12.49 seconds
1,71,fine : 12.5 seconds
[[1310  604]
 [  10   86]]
acc: 0.695
f1: 0.219
[[1853   61]
 [  49   47]]
acc: 0.945
f1: 0.461
1,72,coarse : 12.58 seconds
1,72,fine : 12.59 seconds
[[1314  600]
 [  11   85]]
acc: 0.696
f1: 0.218
[[1852   62]
 [  51   45]]
acc: 0.944
f1: 0.443
1,73,coarse : 13.06 seconds
1,73,fine : 13.11 seconds
[[1315  599]
 [  12   84]]
acc: 0.696
f1: 0.216
[[1853   61]
 [  51   45]]
acc: 0.944
f1: 0.446
1,74,coarse : 12.85 seconds
1,74,fine : 12.86 seconds
[[1319  595]
 [  12   84]]
acc: 0.698
f1: 0.217
[[1853   61]
 [  52   44]]
acc: 0.944
f1: 0.438
1,75,coarse : 13.21 seconds
1,75,fine : 13.22 seconds
[[1320  594]
 [  12   84]]
acc: 0.699
f1: 0.217
[[1855   59]
 [  50   46]]
acc: 0.946
f1: 0.458
1,76,coarse : 13.04 seconds
1,76,fine : 13.05 seconds
[[1315  599]
 [  10   86]]
acc: 0.697
f1: 0.220
[[1855   59]
 [  48   48]]
acc: 0.947
f1: 0.473
1,77,coarse : 12.82 seconds
1,77,fine : 12.83 seconds
[[1309  605]
 [  12   84]]
acc: 0.693
f1: 0.214
[[1855   59]
 [  48   48]]
acc: 0.947
f1: 0.473
1,78,coarse : 12.8 seconds
1,78,fine : 12.82 seconds
[[1307  607]
 [  11   85]]
acc: 0.693
f1: 0.216
[[1853   61]
 [  46   50]]
acc: 0.947
f1: 0.483
1,79,coarse : 13.24 seconds
1,79,fine : 13.25 seconds
[[1312  602]
 [  12   84]]
acc: 0.695
f1: 0.215
[[1853   61]
 [  47   49]]
acc: 0.946
f1: 0.476
1,80,coarse : 13.19 seconds
1,80,fine : 13.2 seconds
[[1309  605]
 [  12   84]]
acc: 0.693
f1: 0.214
[[1851   63]
 [  47   49]]
acc: 0.945
f1: 0.471
1,81,coarse : 13.74 seconds
1,81,fine : 13.75 seconds
[[1312  602]
 [  12   84]]
acc: 0.695
f1: 0.215
[[1849   65]
 [  47   49]]
acc: 0.944
f1: 0.467
1,82,coarse : 13.65 seconds
1,82,fine : 13.66 seconds
[[1315  599]
 [  12   84]]
acc: 0.696
f1: 0.216
[[1850   64]
 [  45   51]]
acc: 0.946
f1: 0.483
1,83,coarse : 13.97 seconds
1,83,fine : 14.0 seconds
[[1320  594]
 [  11   85]]
acc: 0.699
f1: 0.219
[[1850   64]
 [  45   51]]
acc: 0.946
f1: 0.483
1,84,coarse : 14.06 seconds
1,84,fine : 14.08 seconds
[[1329  585]
 [  13   83]]
acc: 0.702
f1: 0.217
[[1851   63]
 [  45   51]]
acc: 0.946
f1: 0.486
1,85,coarse : 14.34 seconds
1,85,fine : 14.35 seconds
[[1337  577]
 [  12   84]]
acc: 0.707
f1: 0.222
[[1850   64]
 [  47   49]]
acc: 0.945
f1: 0.469
1,86,coarse : 15.05 seconds
1,86,fine : 15.06 seconds
[[1331  583]
 [  10   86]]
acc: 0.705
f1: 0.225
[[1848   66]
 [  46   50]]
acc: 0.944
f1: 0.472
1,87,coarse : 15.21 seconds
1,87,fine : 15.23 seconds
[[1318  596]
 [  10   86]]
acc: 0.699
f1: 0.221
[[1848   66]
 [  46   50]]
acc: 0.944
f1: 0.472
1,88,coarse : 15.46 seconds
1,88,fine : 15.47 seconds
[[1317  597]
 [  10   86]]
acc: 0.698
f1: 0.221
[[1846   68]
 [  47   49]]
acc: 0.943
f1: 0.460
1,89,coarse : 15.3 seconds
1,89,fine : 15.32 seconds
[[1306  608]
 [  11   85]]
acc: 0.692
f1: 0.215
[[1847   67]
 [  46   50]]
acc: 0.944
f1: 0.469
1,90,coarse : 15.55 seconds
1,90,fine : 15.57 seconds
[[1311  603]
 [  10   86]]
acc: 0.695
f1: 0.219
[[1846   68]
 [  46   50]]
acc: 0.943
f1: 0.467
1,91,coarse : 15.64 seconds
1,91,fine : 15.65 seconds
[[1311  603]
 [  10   86]]
acc: 0.695
f1: 0.219
[[1848   66]
 [  46   50]]
acc: 0.944
f1: 0.472
1,92,coarse : 15.81 seconds
1,92,fine : 15.83 seconds
[[1302  612]
 [  10   86]]
acc: 0.691
f1: 0.217
[[1847   67]
 [  46   50]]
acc: 0.944
f1: 0.469
1,93,coarse : 15.87 seconds
1,93,fine : 15.89 seconds
[[1303  611]
 [  10   86]]
acc: 0.691
f1: 0.217
[[1845   69]
 [  44   52]]
acc: 0.944
f1: 0.479
1,94,coarse : 15.81 seconds
1,94,fine : 15.82 seconds
[[1306  608]
 [  10   86]]
acc: 0.693
f1: 0.218
[[1846   68]
 [  45   51]]
acc: 0.944
f1: 0.474
1,95,coarse : 16.41 seconds
1,95,fine : 16.43 seconds
[[1309  605]
 [  10   86]]
acc: 0.694
f1: 0.219
[[1846   68]
 [  43   53]]
acc: 0.945
f1: 0.488
1,96,coarse : 16.35 seconds
1,96,fine : 16.36 seconds
[[1309  605]
 [  10   86]]
acc: 0.694
f1: 0.219
[[1844   70]
 [  45   51]]
acc: 0.943
f1: 0.470
1,97,coarse : 16.61 seconds
1,97,fine : 16.62 seconds
[[1313  601]
 [  10   86]]
acc: 0.696
f1: 0.220
[[1843   71]
 [  44   52]]
acc: 0.943
f1: 0.475
1,98,coarse : 16.64 seconds
1,98,fine : 16.65 seconds
[[1317  597]
 [  10   86]]
acc: 0.698
f1: 0.221
[[1844   70]
 [  44   52]]
acc: 0.943
f1: 0.477
1,99,coarse : 16.53 seconds
1,99,fine : 16.55 seconds
[[1317  597]
 [  10   86]]
acc: 0.698
f1: 0.221
[[1844   70]
 [  43   53]]
acc: 0.944
f1: 0.484
1,100,coarse : 18.91 seconds
1,100,fine : 18.92 seconds
[[1316  598]
 [  10   86]]
acc: 0.698
f1: 0.221
[[1845   69]
 [  44   52]]
acc: 0.944
f1: 0.479
1,101,coarse : 17.04 seconds
1,101,fine : 17.06 seconds
[[1315  599]
 [  10   86]]
acc: 0.697
f1: 0.220
[[1843   71]
 [  44   52]]
acc: 0.943
f1: 0.475
1,102,coarse : 17.53 seconds
1,102,fine : 17.55 seconds
[[1313  601]
 [   9   87]]
acc: 0.697
f1: 0.222
[[1846   68]
 [  42   54]]
acc: 0.945
f1: 0.495
1,103,coarse : 17.76 seconds
1,103,fine : 17.77 seconds
[[1311  603]
 [   9   87]]
acc: 0.696
f1: 0.221
[[1842   72]
 [  42   54]]
acc: 0.943
f1: 0.486
1,104,coarse : 17.89 seconds
1,104,fine : 17.9 seconds
[[1308  606]
 [   9   87]]
acc: 0.694
f1: 0.221
[[1841   73]
 [  42   54]]
acc: 0.943
f1: 0.484
1,105,coarse : 18.07 seconds
1,105,fine : 18.08 seconds
[[1307  607]
 [   9   87]]
acc: 0.694
f1: 0.220
[[1840   74]
 [  43   53]]
acc: 0.942
f1: 0.475
1,106,coarse : 18.19 seconds
1,106,fine : 18.2 seconds
[[1305  609]
 [   9   87]]
acc: 0.693
f1: 0.220
[[1837   77]
 [  43   53]]
acc: 0.940
f1: 0.469
1,107,coarse : 18.54 seconds
1,107,fine : 18.55 seconds
[[1307  607]
 [   9   87]]
acc: 0.694
f1: 0.220
[[1836   78]
 [  42   54]]
acc: 0.940
f1: 0.474
1,108,coarse : 18.66 seconds
1,108,fine : 18.67 seconds
[[1307  607]
 [   9   87]]
acc: 0.694
f1: 0.220
[[1836   78]
 [  42   54]]
acc: 0.940
f1: 0.474
1,109,coarse : 18.63 seconds
1,109,fine : 18.65 seconds
[[1307  607]
 [  10   86]]
acc: 0.693
f1: 0.218
[[1837   77]
 [  42   54]]
acc: 0.941
f1: 0.476
1,110,coarse : 18.74 seconds
1,110,fine : 18.76 seconds
[[1309  605]
 [   9   87]]
acc: 0.695
f1: 0.221
[[1835   79]
 [  42   54]]
acc: 0.940
f1: 0.472
1,111,coarse : 19.16 seconds
1,111,fine : 19.17 seconds
[[1311  603]
 [   9   87]]
acc: 0.696
f1: 0.221
[[1835   79]
 [  42   54]]
acc: 0.940
f1: 0.472
1,112,coarse : 18.37 seconds
1,112,fine : 18.38 seconds
[[1323  591]
 [   9   87]]
acc: 0.701
f1: 0.225
[[1835   79]
 [  42   54]]
acc: 0.940
f1: 0.472
1,113,coarse : 19.01 seconds
1,113,fine : 19.02 seconds
[[1323  591]
 [   9   87]]
acc: 0.701
f1: 0.225
[[1837   77]
 [  43   53]]
acc: 0.940
f1: 0.469
1,114,coarse : 19.18 seconds
1,114,fine : 19.2 seconds
[[1322  592]
 [  10   86]]
acc: 0.700
f1: 0.222
[[1839   75]
 [  43   53]]
acc: 0.941
f1: 0.473
1,115,coarse : 19.46 seconds
1,115,fine : 19.47 seconds
[[1319  595]
 [   9   87]]
acc: 0.700
f1: 0.224
[[1840   74]
 [  44   52]]
acc: 0.941
f1: 0.468
1,116,coarse : 19.82 seconds
1,116,fine : 19.84 seconds
[[1322  592]
 [   9   87]]
acc: 0.701
f1: 0.225
[[1839   75]
 [  44   52]]
acc: 0.941
f1: 0.466
1,117,coarse : 19.59 seconds
1,117,fine : 19.61 seconds
[[1321  593]
 [   9   87]]
acc: 0.700
f1: 0.224
[[1837   77]
 [  44   52]]
acc: 0.940
f1: 0.462
1,118,coarse : 20.25 seconds
1,118,fine : 20.26 seconds
[[1324  590]
 [   9   87]]
acc: 0.702
f1: 0.225
[[1836   78]
 [  44   52]]
acc: 0.939
f1: 0.460
1,119,coarse : 20.9 seconds
1,119,fine : 20.92 seconds
[[1329  585]
 [   9   87]]
acc: 0.704
f1: 0.227
[[1836   78]
 [  44   52]]
acc: 0.939
f1: 0.460
1,120,coarse : 20.42 seconds
1,120,fine : 20.44 seconds
[[1330  584]
 [   9   87]]
acc: 0.705
f1: 0.227
[[1838   76]
 [  44   52]]
acc: 0.940
f1: 0.464
1,121,coarse : 20.65 seconds
1,121,fine : 20.67 seconds
[[1338  576]
 [  10   86]]
acc: 0.708
f1: 0.227
[[1836   78]
 [  44   52]]
acc: 0.939
f1: 0.460
1,122,coarse : 20.77 seconds
1,122,fine : 20.79 seconds
[[1336  578]
 [  10   86]]
acc: 0.707
f1: 0.226
[[1836   78]
 [  44   52]]
acc: 0.939
f1: 0.460
1,123,coarse : 21.02 seconds
1,123,fine : 21.04 seconds
[[1336  578]
 [   9   87]]
acc: 0.708
f1: 0.229
[[1833   81]
 [  43   53]]
acc: 0.938
f1: 0.461
1,124,coarse : 21.55 seconds
1,124,fine : 21.56 seconds
[[1339  575]
 [   9   87]]
acc: 0.709
f1: 0.230
[[1834   80]
 [  43   53]]
acc: 0.939
f1: 0.463
1,125,coarse : 21.72 seconds
1,125,fine : 21.74 seconds
[[1340  574]
 [   9   87]]
acc: 0.710
f1: 0.230
[[1833   81]
 [  43   53]]
acc: 0.938
f1: 0.461
1,126,coarse : 22.19 seconds
1,126,fine : 22.21 seconds
[[1337  577]
 [  10   86]]
acc: 0.708
f1: 0.227
[[1832   82]
 [  43   53]]
acc: 0.938
f1: 0.459
1,127,coarse : 22.36 seconds
1,127,fine : 22.38 seconds
[[1332  582]
 [  10   86]]
acc: 0.705
f1: 0.225
[[1830   84]
 [  43   53]]
acc: 0.937
f1: 0.455
1,128,coarse : 22.05 seconds
1,128,fine : 22.07 seconds
[[1329  585]
 [   9   87]]
acc: 0.704
f1: 0.227
[[1829   85]
 [  44   52]]
acc: 0.936
f1: 0.446
1,129,coarse : 22.66 seconds
1,129,fine : 22.68 seconds
[[1335  579]
 [  10   86]]
acc: 0.707
f1: 0.226
[[1831   83]
 [  44   52]]
acc: 0.937
f1: 0.450
1,130,coarse : 22.41 seconds
1,130,fine : 22.43 seconds
[[1337  577]
 [  10   86]]
acc: 0.708
f1: 0.227
[[1830   84]
 [  44   52]]
acc: 0.936
f1: 0.448
1,131,coarse : 22.65 seconds
1,131,fine : 22.66 seconds
[[1337  577]
 [  10   86]]
acc: 0.708
f1: 0.227
[[1831   83]
 [  44   52]]
acc: 0.937
f1: 0.450
1,132,coarse : 23.43 seconds
1,132,fine : 23.45 seconds
[[1339  575]
 [  10   86]]
acc: 0.709
f1: 0.227
[[1831   83]
 [  45   51]]
acc: 0.936
f1: 0.443
1,133,coarse : 22.62 seconds
1,133,fine : 22.63 seconds
[[1346  568]
 [  11   85]]
acc: 0.712
f1: 0.227
[[1828   86]
 [  45   51]]
acc: 0.935
f1: 0.438
1,134,coarse : 23.34 seconds
1,134,fine : 23.36 seconds
[[1348  566]
 [  11   85]]
acc: 0.713
f1: 0.228
[[1829   85]
 [  45   51]]
acc: 0.935
f1: 0.440
1,135,coarse : 23.0 seconds
1,135,fine : 23.01 seconds
[[1351  563]
 [  10   86]]
acc: 0.715
f1: 0.231
[[1830   84]
 [  44   52]]
acc: 0.936
f1: 0.448
1,136,coarse : 23.54 seconds
1,136,fine : 23.56 seconds
[[1348  566]
 [  11   85]]
acc: 0.713
f1: 0.228
[[1831   83]
 [  44   52]]
acc: 0.937
f1: 0.450
1,137,coarse : 23.27 seconds
1,137,fine : 23.29 seconds
[[1348  566]
 [  11   85]]
acc: 0.713
f1: 0.228
[[1835   79]
 [  44   52]]
acc: 0.939
f1: 0.458
1,138,coarse : 23.35 seconds
1,138,fine : 23.36 seconds
[[1352  562]
 [  12   84]]
acc: 0.714
f1: 0.226
[[1835   79]
 [  43   53]]
acc: 0.939
f1: 0.465
1,139,coarse : 23.43 seconds
1,139,fine : 23.45 seconds
[[1348  566]
 [  10   86]]
acc: 0.713
f1: 0.230
[[1834   80]
 [  43   53]]
acc: 0.939
f1: 0.463
1,140,coarse : 24.05 seconds
1,140,fine : 24.07 seconds
[[1351  563]
 [  10   86]]
acc: 0.715
f1: 0.231
[[1834   80]
 [  43   53]]
acc: 0.939
f1: 0.463
1,141,coarse : 24.91 seconds
1,141,fine : 24.93 seconds
[[1347  567]
 [  12   84]]
acc: 0.712
f1: 0.225
[[1833   81]
 [  43   53]]
acc: 0.938
f1: 0.461
1,142,coarse : 24.52 seconds
1,142,fine : 24.54 seconds
[[1353  561]
 [  11   85]]
acc: 0.715
f1: 0.229
[[1833   81]
 [  43   53]]
acc: 0.938
f1: 0.461
1,143,coarse : 25.05 seconds
1,143,fine : 25.07 seconds
[[1356  558]
 [  10   86]]
acc: 0.717
f1: 0.232
[[1835   79]
 [  43   53]]
acc: 0.939
f1: 0.465
1,144,coarse : 25.02 seconds
1,144,fine : 25.04 seconds
[[1355  559]
 [  10   86]]
acc: 0.717
f1: 0.232
[[1836   78]
 [  43   53]]
acc: 0.940
f1: 0.467
1,145,coarse : 24.77 seconds
1,145,fine : 24.79 seconds
[[1350  564]
 [  10   86]]
acc: 0.714
f1: 0.231
[[1836   78]
 [  43   53]]
acc: 0.940
f1: 0.467
1,146,coarse : 24.6 seconds
1,146,fine : 24.62 seconds
[[1350  564]
 [  10   86]]
acc: 0.714
f1: 0.231
[[1838   76]
 [  43   53]]
acc: 0.941
f1: 0.471
1,147,coarse : 25.05 seconds
1,147,fine : 25.07 seconds
[[1349  565]
 [  10   86]]
acc: 0.714
f1: 0.230
[[1838   76]
 [  43   53]]
acc: 0.941
f1: 0.471
1,148,coarse : 25.39 seconds
1,148,fine : 25.41 seconds
[[1347  567]
 [  10   86]]
acc: 0.713
f1: 0.230
[[1836   78]
 [  43   53]]
acc: 0.940
f1: 0.467
1,149,coarse : 25.31 seconds
1,149,fine : 25.33 seconds
[[1350  564]
 [  10   86]]
acc: 0.714
f1: 0.231
[[1838   76]
 [  43   53]]
acc: 0.941
f1: 0.471
1,150,coarse : 27.43 seconds
1,150,fine : 27.44 seconds
[[1353  561]
 [  10   86]]
acc: 0.716
f1: 0.231
[[1836   78]
 [  42   54]]
acc: 0.940
f1: 0.474
1,151,coarse : 25.57 seconds
1,151,fine : 25.59 seconds
[[1353  561]
 [  10   86]]
acc: 0.716
f1: 0.231
[[1835   79]
 [  41   55]]
acc: 0.940
f1: 0.478
1,152,coarse : 25.7 seconds
1,152,fine : 25.72 seconds
[[1357  557]
 [  10   86]]
acc: 0.718
f1: 0.233
[[1836   78]
 [  42   54]]
acc: 0.940
f1: 0.474
1,153,coarse : 26.39 seconds
1,153,fine : 26.41 seconds
[[1358  556]
 [  10   86]]
acc: 0.718
f1: 0.233
[[1835   79]
 [  42   54]]
acc: 0.940
f1: 0.472
1,154,coarse : 26.11 seconds
1,154,fine : 26.12 seconds
[[1359  555]
 [  10   86]]
acc: 0.719
f1: 0.233
[[1834   80]
 [  42   54]]
acc: 0.939
f1: 0.470
1,155,coarse : 26.47 seconds
1,155,fine : 26.49 seconds
[[1358  556]
 [  10   86]]
acc: 0.718
f1: 0.233
[[1837   77]
 [  42   54]]
acc: 0.941
f1: 0.476
1,156,coarse : 26.72 seconds
1,156,fine : 26.74 seconds
[[1359  555]
 [  10   86]]
acc: 0.719
f1: 0.233
[[1840   74]
 [  42   54]]
acc: 0.942
f1: 0.482
1,157,coarse : 26.48 seconds
1,157,fine : 26.5 seconds
[[1363  551]
 [  10   86]]
acc: 0.721
f1: 0.235
[[1838   76]
 [  42   54]]
acc: 0.941
f1: 0.478
1,158,coarse : 27.46 seconds
1,158,fine : 27.48 seconds
[[1364  550]
 [  10   86]]
acc: 0.721
f1: 0.235
[[1838   76]
 [  42   54]]
acc: 0.941
f1: 0.478
1,159,coarse : 27.73 seconds
1,159,fine : 27.75 seconds
[[1362  552]
 [  10   86]]
acc: 0.720
f1: 0.234
[[1837   77]
 [  41   55]]
acc: 0.941
f1: 0.482
1,160,coarse : 27.34 seconds
1,160,fine : 27.36 seconds
[[1356  558]
 [  10   86]]
acc: 0.717
f1: 0.232
[[1837   77]
 [  41   55]]
acc: 0.941
f1: 0.482
1,161,coarse : 28.33 seconds
1,161,fine : 28.35 seconds
[[1359  555]
 [  10   86]]
acc: 0.719
f1: 0.233
[[1838   76]
 [  41   55]]
acc: 0.942
f1: 0.485
1,162,coarse : 27.91 seconds
1,162,fine : 27.93 seconds
[[1347  567]
 [  10   86]]
acc: 0.713
f1: 0.230
[[1842   72]
 [  41   55]]
acc: 0.944
f1: 0.493
1,163,coarse : 28.29 seconds
1,163,fine : 28.31 seconds
[[1347  567]
 [  10   86]]
acc: 0.713
f1: 0.230
[[1841   73]
 [  41   55]]
acc: 0.943
f1: 0.491
1,164,coarse : 28.64 seconds
1,164,fine : 28.66 seconds
[[1345  569]
 [  11   85]]
acc: 0.711
f1: 0.227
[[1839   75]
 [  41   55]]
acc: 0.942
f1: 0.487
1,165,coarse : 29.02 seconds
1,165,fine : 29.04 seconds
[[1348  566]
 [  11   85]]
acc: 0.713
f1: 0.228
[[1839   75]
 [  41   55]]
acc: 0.942
f1: 0.487
1,166,coarse : 29.0 seconds
1,166,fine : 29.02 seconds
[[1347  567]
 [  12   84]]
acc: 0.712
f1: 0.225
[[1836   78]
 [  42   54]]
acc: 0.940
f1: 0.474
1,167,coarse : 28.93 seconds
1,167,fine : 28.95 seconds
[[1349  565]
 [  11   85]]
acc: 0.713
f1: 0.228
[[1835   79]
 [  42   54]]
acc: 0.940
f1: 0.472
1,168,coarse : 29.17 seconds
1,168,fine : 29.19 seconds
[[1348  566]
 [  10   86]]
acc: 0.713
f1: 0.230
[[1834   80]
 [  42   54]]
acc: 0.939
f1: 0.470
1,169,coarse : 29.62 seconds
1,169,fine : 29.64 seconds
[[1350  564]
 [  11   85]]
acc: 0.714
f1: 0.228
[[1833   81]
 [  42   54]]
acc: 0.939
f1: 0.468
1,170,coarse : 29.69 seconds
1,170,fine : 29.71 seconds
[[1351  563]
 [  11   85]]
acc: 0.714
f1: 0.228
[[1834   80]
 [  42   54]]
acc: 0.939
f1: 0.470
1,171,coarse : 29.54 seconds
1,171,fine : 29.56 seconds
[[1352  562]
 [  11   85]]
acc: 0.715
f1: 0.229
[[1833   81]
 [  42   54]]
acc: 0.939
f1: 0.468
1,172,coarse : 28.69 seconds
1,172,fine : 28.71 seconds
