all           0      1    2    3    4    5    6    7    8    
1      2010   1914   1    19   32   19   1    11   6    7    
2      2010   1914   1    19   32   19   1    11   6    7    
3      2010   1914   1    19   32   19   1    11   5    8    
4      2010   1914   1    19   32   19   1    10   6    8    
5      2010   1914   1    18   33   19   1    10   6    8    
6      2010   1914   1    18   33   19   1    10   6    8    
7      2010   1913   2    18   33   19   1    10   6    8    
8      2010   1913   2    18   33   19   1    10   6    8    
9      2009   1913   2    18   32   19   2    10   6    7    
10     2009   1913   1    19   32   19   1    11   6    7    
Total  20098  19136  13   185  324  190  11   104  59   76   
train         0      1    2    3    4    5    6    7    8    
1      2010   1914   1    19   32   19   1    11   6    7    
2      2010   1914   1    19   32   19   1    11   6    7    
3      2010   1914   1    19   32   19   1    11   5    8    
5      2010   1914   1    18   33   19   1    10   6    8    
6      2010   1914   1    18   33   19   1    10   6    8    
7      2010   1913   2    18   33   19   1    10   6    8    
8      2010   1913   2    18   33   19   1    10   6    8    
9      2009   1913   2    18   32   19   2    10   6    7    
10     2009   1913   1    19   32   19   1    11   6    7    
Total  18088  17222  12   166  292  171  10   94   53   68   
test          0      1    2    3    4    5    6    7    8    
4      2010   1914   1    19   32   19   1    10   6    8    
Total  2010   1914   1    19   32   19   1    10   6    8    
Classes             
0         17222     
1         12        
2         166       
3         292       
4         171       
5         10        
6         94        
7         53        
8         68        
Total     18088     

Shape: 450       

[952, 10, 11, 16, 11, 10, 10, 10, 10]
Sum start => 1040
[[1273  641]
 [  13   83]]
acc: 0.675
f1: 0.202
[[1880   34]
 [  86   10]]
acc: 0.940
f1: 0.143
4,1,coarse : 27.8 seconds
4,1,fine : 27.8 seconds
[[1273  641]
 [  13   83]]
acc: 0.675
f1: 0.202
[[1880   34]
 [  86   10]]
acc: 0.940
f1: 0.143
4,2,coarse : 29.35 seconds
4,2,fine : 29.36 seconds
[[1304  610]
 [  12   84]]
acc: 0.691
f1: 0.213
[[1903   11]
 [  89    7]]
acc: 0.950
f1: 0.123
4,3,coarse : 27.66 seconds
4,3,fine : 27.67 seconds
[[1327  587]
 [  12   84]]
acc: 0.702
f1: 0.219
[[1906    8]
 [  89    7]]
acc: 0.952
f1: 0.126
4,4,coarse : 27.86 seconds
4,4,fine : 27.86 seconds
[[1355  559]
 [  14   82]]
acc: 0.715
f1: 0.223
[[1910    4]
 [  89    7]]
acc: 0.954
f1: 0.131
4,5,coarse : 27.96 seconds
4,5,fine : 27.97 seconds
[[1382  532]
 [  14   82]]
acc: 0.728
f1: 0.231
[[1910    4]
 [  89    7]]
acc: 0.954
f1: 0.131
4,6,coarse : 27.42 seconds
4,6,fine : 27.42 seconds
[[1402  512]
 [  16   80]]
acc: 0.737
f1: 0.233
[[1909    5]
 [  86   10]]
acc: 0.955
f1: 0.180
4,7,coarse : 27.57 seconds
4,7,fine : 27.57 seconds
[[1412  502]
 [  15   81]]
acc: 0.743
f1: 0.239
[[1910    4]
 [  84   12]]
acc: 0.956
f1: 0.214
4,8,coarse : 27.76 seconds
4,8,fine : 27.76 seconds
[[1431  483]
 [  16   80]]
acc: 0.752
f1: 0.243
[[1909    5]
 [  85   11]]
acc: 0.955
f1: 0.196
4,9,coarse : 27.34 seconds
4,9,fine : 27.35 seconds
[[1441  473]
 [  17   79]]
acc: 0.756
f1: 0.244
[[1909    5]
 [  86   10]]
acc: 0.955
f1: 0.180
4,10,coarse : 27.47 seconds
4,10,fine : 27.48 seconds
[[1448  466]
 [  17   79]]
acc: 0.760
f1: 0.246
[[1909    5]
 [  84   12]]
acc: 0.956
f1: 0.212
4,11,coarse : 27.99 seconds
4,11,fine : 28.0 seconds
[[1451  463]
 [  17   79]]
acc: 0.761
f1: 0.248
[[1908    6]
 [  84   12]]
acc: 0.955
f1: 0.211
4,12,coarse : 27.21 seconds
4,12,fine : 27.22 seconds
[[1463  451]
 [  17   79]]
acc: 0.767
f1: 0.252
[[1907    7]
 [  84   12]]
acc: 0.955
f1: 0.209
4,13,coarse : 26.99 seconds
4,13,fine : 27.0 seconds
[[1446  468]
 [  16   80]]
acc: 0.759
f1: 0.248
[[1908    6]
 [  83   13]]
acc: 0.956
f1: 0.226
4,14,coarse : 27.75 seconds
4,14,fine : 27.75 seconds
[[1460  454]
 [  16   80]]
acc: 0.766
f1: 0.254
[[1909    5]
 [  83   13]]
acc: 0.956
f1: 0.228
4,15,coarse : 27.22 seconds
4,15,fine : 27.23 seconds
[[1468  446]
 [  16   80]]
acc: 0.770
f1: 0.257
[[1910    4]
 [  82   14]]
acc: 0.957
f1: 0.246
4,16,coarse : 27.35 seconds
4,16,fine : 27.36 seconds
[[1471  443]
 [  18   78]]
acc: 0.771
f1: 0.253
[[1909    5]
 [  82   14]]
acc: 0.957
f1: 0.243
4,17,coarse : 27.55 seconds
4,17,fine : 27.55 seconds
[[1472  442]
 [  17   79]]
acc: 0.772
f1: 0.256
[[1909    5]
 [  81   15]]
acc: 0.957
f1: 0.259
4,18,coarse : 27.13 seconds
4,18,fine : 27.14 seconds
[[1472  442]
 [  18   78]]
acc: 0.771
f1: 0.253
[[1909    5]
 [  79   17]]
acc: 0.958
f1: 0.288
4,19,coarse : 27.45 seconds
4,19,fine : 27.45 seconds
[[1476  438]
 [  18   78]]
acc: 0.773
f1: 0.255
[[1909    5]
 [  80   16]]
acc: 0.958
f1: 0.274
4,20,coarse : 27.8 seconds
4,20,fine : 27.81 seconds
[[1482  432]
 [  18   78]]
acc: 0.776
f1: 0.257
[[1907    7]
 [  80   16]]
acc: 0.957
f1: 0.269
4,21,coarse : 27.28 seconds
4,21,fine : 27.28 seconds
[[1491  423]
 [  18   78]]
acc: 0.781
f1: 0.261
[[1908    6]
 [  80   16]]
acc: 0.957
f1: 0.271
4,22,coarse : 27.17 seconds
4,22,fine : 27.18 seconds
[[1498  416]
 [  18   78]]
acc: 0.784
f1: 0.264
[[1907    7]
 [  79   17]]
acc: 0.957
f1: 0.283
4,23,coarse : 27.72 seconds
4,23,fine : 27.73 seconds
[[1485  429]
 [  17   79]]
acc: 0.778
f1: 0.262
[[1907    7]
 [  79   17]]
acc: 0.957
f1: 0.283
4,24,coarse : 26.98 seconds
4,24,fine : 26.99 seconds
[[1489  425]
 [  18   78]]
acc: 0.780
f1: 0.260
[[1907    7]
 [  79   17]]
acc: 0.957
f1: 0.283
4,25,coarse : 26.94 seconds
4,25,fine : 26.95 seconds
[[1497  417]
 [  17   79]]
acc: 0.784
f1: 0.267
[[1907    7]
 [  79   17]]
acc: 0.957
f1: 0.283
4,26,coarse : 27.23 seconds
4,26,fine : 27.24 seconds
[[1504  410]
 [  16   80]]
acc: 0.788
f1: 0.273
[[1906    8]
 [  79   17]]
acc: 0.957
f1: 0.281
4,27,coarse : 26.96 seconds
4,27,fine : 26.97 seconds
[[1507  407]
 [  16   80]]
acc: 0.790
f1: 0.274
[[1906    8]
 [  79   17]]
acc: 0.957
f1: 0.281
4,28,coarse : 26.91 seconds
4,28,fine : 26.91 seconds
[[1506  408]
 [  17   79]]
acc: 0.789
f1: 0.271
[[1906    8]
 [  79   17]]
acc: 0.957
f1: 0.281
4,29,coarse : 27.18 seconds
4,29,fine : 27.19 seconds
[[1504  410]
 [  17   79]]
acc: 0.788
f1: 0.270
[[1906    8]
 [  79   17]]
acc: 0.957
f1: 0.281
4,30,coarse : 26.56 seconds
4,30,fine : 26.57 seconds
[[1507  407]
 [  17   79]]
acc: 0.789
f1: 0.271
[[1906    8]
 [  79   17]]
acc: 0.957
f1: 0.281
4,31,coarse : 26.78 seconds
4,31,fine : 26.78 seconds
[[1507  407]
 [  16   80]]
acc: 0.790
f1: 0.274
[[1906    8]
 [  79   17]]
acc: 0.957
f1: 0.281
4,32,coarse : 26.65 seconds
4,32,fine : 26.65 seconds
[[1509  405]
 [  16   80]]
acc: 0.791
f1: 0.275
[[1906    8]
 [  79   17]]
acc: 0.957
f1: 0.281
4,33,coarse : 27.25 seconds
4,33,fine : 27.26 seconds
[[1519  395]
 [  17   79]]
acc: 0.795
f1: 0.277
[[1906    8]
 [  79   17]]
acc: 0.957
f1: 0.281
4,34,coarse : 26.95 seconds
4,34,fine : 26.96 seconds
[[1512  402]
 [  16   80]]
acc: 0.792
f1: 0.277
[[1906    8]
 [  79   17]]
acc: 0.957
f1: 0.281
4,35,coarse : 26.69 seconds
4,35,fine : 26.7 seconds
[[1519  395]
 [  16   80]]
acc: 0.796
f1: 0.280
[[1904   10]
 [  79   17]]
acc: 0.956
f1: 0.276
4,36,coarse : 27.34 seconds
4,36,fine : 27.35 seconds
[[1519  395]
 [  17   79]]
acc: 0.795
f1: 0.277
[[1903   11]
 [  79   17]]
acc: 0.955
f1: 0.274
4,37,coarse : 26.91 seconds
4,37,fine : 26.91 seconds
[[1519  395]
 [  19   77]]
acc: 0.794
f1: 0.271
[[1904   10]
 [  79   17]]
acc: 0.956
f1: 0.276
4,38,coarse : 26.99 seconds
4,38,fine : 26.99 seconds
[[1510  404]
 [  18   78]]
acc: 0.790
f1: 0.270
[[1904   10]
 [  79   17]]
acc: 0.956
f1: 0.276
4,39,coarse : 26.89 seconds
4,39,fine : 26.9 seconds
[[1510  404]
 [  17   79]]
acc: 0.791
f1: 0.273
[[1904   10]
 [  78   18]]
acc: 0.956
f1: 0.290
4,40,coarse : 27.44 seconds
4,40,fine : 27.45 seconds
[[1511  403]
 [  17   79]]
acc: 0.791
f1: 0.273
[[1904   10]
 [  78   18]]
acc: 0.956
f1: 0.290
4,41,coarse : 26.97 seconds
4,41,fine : 26.98 seconds
[[1514  400]
 [  17   79]]
acc: 0.793
f1: 0.275
[[1904   10]
 [  77   19]]
acc: 0.957
f1: 0.304
4,42,coarse : 27.17 seconds
4,42,fine : 27.18 seconds
[[1511  403]
 [  17   79]]
acc: 0.791
f1: 0.273
[[1904   10]
 [  78   18]]
acc: 0.956
f1: 0.290
4,43,coarse : 27.5 seconds
4,43,fine : 27.51 seconds
[[1515  399]
 [  16   80]]
acc: 0.794
f1: 0.278
[[1903   11]
 [  78   18]]
acc: 0.956
f1: 0.288
4,44,coarse : 27.02 seconds
4,44,fine : 27.03 seconds
[[1508  406]
 [  16   80]]
acc: 0.790
f1: 0.275
[[1903   11]
 [  78   18]]
acc: 0.956
f1: 0.288
4,45,coarse : 27.23 seconds
4,45,fine : 27.24 seconds
[[1510  404]
 [  17   79]]
acc: 0.791
f1: 0.273
[[1904   10]
 [  77   19]]
acc: 0.957
f1: 0.304
4,46,coarse : 27.28 seconds
4,46,fine : 27.29 seconds
[[1517  397]
 [  16   80]]
acc: 0.795
f1: 0.279
[[1903   11]
 [  77   19]]
acc: 0.956
f1: 0.302
4,47,coarse : 27.89 seconds
4,47,fine : 27.9 seconds
[[1513  401]
 [  17   79]]
acc: 0.792
f1: 0.274
[[1902   12]
 [  76   20]]
acc: 0.956
f1: 0.312
4,48,coarse : 27.31 seconds
4,48,fine : 27.31 seconds
[[1513  401]
 [  17   79]]
acc: 0.792
f1: 0.274
[[1902   12]
 [  76   20]]
acc: 0.956
f1: 0.312
4,49,coarse : 27.33 seconds
4,49,fine : 27.34 seconds
[[1520  394]
 [  17   79]]
acc: 0.796
f1: 0.278
[[1902   12]
 [  75   21]]
acc: 0.957
f1: 0.326
4,50,coarse : 29.39 seconds
4,50,fine : 29.4 seconds
[[1521  393]
 [  17   79]]
acc: 0.796
f1: 0.278
[[1901   13]
 [  73   23]]
acc: 0.957
f1: 0.348
4,51,coarse : 27.16 seconds
4,51,fine : 27.17 seconds
[[1528  386]
 [  17   79]]
acc: 0.800
f1: 0.282
[[1901   13]
 [  73   23]]
acc: 0.957
f1: 0.348
4,52,coarse : 27.55 seconds
4,52,fine : 27.56 seconds
[[1524  390]
 [  17   79]]
acc: 0.798
f1: 0.280
[[1900   14]
 [  73   23]]
acc: 0.957
f1: 0.346
4,53,coarse : 27.76 seconds
4,53,fine : 27.77 seconds
[[1531  383]
 [  16   80]]
acc: 0.801
f1: 0.286
[[1901   13]
 [  73   23]]
acc: 0.957
f1: 0.348
4,54,coarse : 27.53 seconds
4,54,fine : 27.54 seconds
[[1527  387]
 [  17   79]]
acc: 0.799
f1: 0.281
[[1898   16]
 [  73   23]]
acc: 0.956
f1: 0.341
4,55,coarse : 27.21 seconds
4,55,fine : 27.22 seconds
[[1519  395]
 [  17   79]]
acc: 0.795
f1: 0.277
[[1897   17]
 [  72   24]]
acc: 0.956
f1: 0.350
4,56,coarse : 27.2 seconds
4,56,fine : 27.21 seconds
[[1529  385]
 [  16   80]]
acc: 0.800
f1: 0.285
[[1897   17]
 [  71   25]]
acc: 0.956
f1: 0.362
4,57,coarse : 27.93 seconds
4,57,fine : 27.94 seconds
[[1524  390]
 [  17   79]]
acc: 0.798
f1: 0.280
[[1896   18]
 [  71   25]]
acc: 0.956
f1: 0.360
4,58,coarse : 27.12 seconds
4,58,fine : 27.13 seconds
[[1512  402]
 [  17   79]]
acc: 0.792
f1: 0.274
[[1896   18]
 [  71   25]]
acc: 0.956
f1: 0.360
4,59,coarse : 27.01 seconds
4,59,fine : 27.02 seconds
[[1523  391]
 [  17   79]]
acc: 0.797
f1: 0.279
[[1895   19]
 [  70   26]]
acc: 0.956
f1: 0.369
4,60,coarse : 27.13 seconds
4,60,fine : 27.14 seconds
[[1518  396]
 [  16   80]]
acc: 0.795
f1: 0.280
[[1894   20]
 [  70   26]]
acc: 0.955
f1: 0.366
4,61,coarse : 27.11 seconds
4,61,fine : 27.13 seconds
[[1517  397]
 [  16   80]]
acc: 0.795
f1: 0.279
[[1893   21]
 [  70   26]]
acc: 0.955
f1: 0.364
4,62,coarse : 27.39 seconds
4,62,fine : 27.4 seconds
[[1524  390]
 [  15   81]]
acc: 0.799
f1: 0.286
[[1894   20]
 [  69   27]]
acc: 0.956
f1: 0.378
4,63,coarse : 27.2 seconds
4,63,fine : 27.21 seconds
[[1516  398]
 [  16   80]]
acc: 0.794
f1: 0.279
[[1893   21]
 [  69   27]]
acc: 0.955
f1: 0.375
4,64,coarse : 26.92 seconds
4,64,fine : 26.93 seconds
[[1504  410]
 [  18   78]]
acc: 0.787
f1: 0.267
[[1893   21]
 [  68   28]]
acc: 0.956
f1: 0.386
4,65,coarse : 26.78 seconds
4,65,fine : 26.79 seconds
[[1508  406]
 [  18   78]]
acc: 0.789
f1: 0.269
[[1893   21]
 [  68   28]]
acc: 0.956
f1: 0.386
4,66,coarse : 27.51 seconds
4,66,fine : 27.52 seconds
[[1504  410]
 [  18   78]]
acc: 0.787
f1: 0.267
[[1892   22]
 [  67   29]]
acc: 0.956
f1: 0.395
4,67,coarse : 27.19 seconds
4,67,fine : 27.2 seconds
[[1502  412]
 [  17   79]]
acc: 0.787
f1: 0.269
[[1892   22]
 [  67   29]]
acc: 0.956
f1: 0.395
4,68,coarse : 27.55 seconds
4,68,fine : 27.56 seconds
[[1498  416]
 [  18   78]]
acc: 0.784
f1: 0.264
[[1892   22]
 [  68   28]]
acc: 0.955
f1: 0.384
4,69,coarse : 27.58 seconds
4,69,fine : 27.6 seconds
[[1502  412]
 [  18   78]]
acc: 0.786
f1: 0.266
[[1892   22]
 [  66   30]]
acc: 0.956
f1: 0.405
4,70,coarse : 28.02 seconds
4,70,fine : 28.03 seconds
[[1493  421]
 [  18   78]]
acc: 0.782
f1: 0.262
[[1892   22]
 [  66   30]]
acc: 0.956
f1: 0.405
4,71,coarse : 29.15 seconds
4,71,fine : 29.17 seconds
[[1503  411]
 [  17   79]]
acc: 0.787
f1: 0.270
[[1892   22]
 [  66   30]]
acc: 0.956
f1: 0.405
4,72,coarse : 28.86 seconds
4,72,fine : 28.87 seconds
[[1500  414]
 [  18   78]]
acc: 0.785
f1: 0.265
[[1892   22]
 [  66   30]]
acc: 0.956
f1: 0.405
4,73,coarse : 28.77 seconds
4,73,fine : 28.78 seconds
[[1505  409]
 [  17   79]]
acc: 0.788
f1: 0.271
[[1892   22]
 [  66   30]]
acc: 0.956
f1: 0.405
4,74,coarse : 29.17 seconds
4,74,fine : 29.18 seconds
[[1501  413]
 [  17   79]]
acc: 0.786
f1: 0.269
[[1892   22]
 [  66   30]]
acc: 0.956
f1: 0.405
4,75,coarse : 29.51 seconds
4,75,fine : 29.52 seconds
[[1506  408]
 [  18   78]]
acc: 0.788
f1: 0.268
[[1892   22]
 [  66   30]]
acc: 0.956
f1: 0.405
4,76,coarse : 29.29 seconds
4,76,fine : 29.3 seconds
[[1501  413]
 [  16   80]]
acc: 0.787
f1: 0.272
[[1891   23]
 [  66   30]]
acc: 0.956
f1: 0.403
4,77,coarse : 28.94 seconds
4,77,fine : 28.95 seconds
[[1509  405]
 [  15   81]]
acc: 0.791
f1: 0.278
[[1890   24]
 [  65   31]]
acc: 0.956
f1: 0.411
4,78,coarse : 28.77 seconds
4,78,fine : 28.78 seconds
[[1512  402]
 [  16   80]]
acc: 0.792
f1: 0.277
[[1889   25]
 [  65   31]]
acc: 0.955
f1: 0.408
4,79,coarse : 29.46 seconds
4,79,fine : 29.47 seconds
[[1515  399]
 [  17   79]]
acc: 0.793
f1: 0.275
[[1889   25]
 [  65   31]]
acc: 0.955
f1: 0.408
4,80,coarse : 29.94 seconds
4,80,fine : 29.95 seconds
[[1512  402]
 [  17   79]]
acc: 0.792
f1: 0.274
[[1889   25]
 [  64   32]]
acc: 0.956
f1: 0.418
4,81,coarse : 29.86 seconds
4,81,fine : 29.87 seconds
[[1522  392]
 [  17   79]]
acc: 0.797
f1: 0.279
[[1888   26]
 [  63   33]]
acc: 0.956
f1: 0.426
4,82,coarse : 30.0 seconds
4,82,fine : 30.02 seconds
[[1520  394]
 [  16   80]]
acc: 0.796
f1: 0.281
[[1888   26]
 [  63   33]]
acc: 0.956
f1: 0.426
4,83,coarse : 29.61 seconds
4,83,fine : 29.63 seconds
[[1521  393]
 [  18   78]]
acc: 0.796
f1: 0.275
[[1887   27]
 [  63   33]]
acc: 0.955
f1: 0.423
4,84,coarse : 29.21 seconds
4,84,fine : 29.23 seconds
[[1511  403]
 [  16   80]]
acc: 0.792
f1: 0.276
[[1887   27]
 [  63   33]]
acc: 0.955
f1: 0.423
4,85,coarse : 29.93 seconds
4,85,fine : 29.94 seconds
[[1519  395]
 [  16   80]]
acc: 0.796
f1: 0.280
[[1887   27]
 [  63   33]]
acc: 0.955
f1: 0.423
4,86,coarse : 30.88 seconds
4,86,fine : 30.89 seconds
[[1522  392]
 [  16   80]]
acc: 0.797
f1: 0.282
[[1887   27]
 [  63   33]]
acc: 0.955
f1: 0.423
4,87,coarse : 30.46 seconds
4,87,fine : 30.48 seconds
[[1521  393]
 [  16   80]]
acc: 0.797
f1: 0.281
[[1887   27]
 [  63   33]]
acc: 0.955
f1: 0.423
4,88,coarse : 30.9 seconds
4,88,fine : 30.91 seconds
[[1524  390]
 [  16   80]]
acc: 0.798
f1: 0.283
[[1887   27]
 [  63   33]]
acc: 0.955
f1: 0.423
4,89,coarse : 31.0 seconds
4,89,fine : 31.01 seconds
[[1524  390]
 [  16   80]]
acc: 0.798
f1: 0.283
[[1886   28]
 [  63   33]]
acc: 0.955
f1: 0.420
4,90,coarse : 30.49 seconds
4,90,fine : 30.51 seconds
[[1529  385]
 [  16   80]]
acc: 0.800
f1: 0.285
[[1887   27]
 [  62   34]]
acc: 0.956
f1: 0.433
4,91,coarse : 30.19 seconds
4,91,fine : 30.2 seconds
[[1526  388]
 [  16   80]]
acc: 0.799
f1: 0.284
[[1885   29]
 [  62   34]]
acc: 0.955
f1: 0.428
4,92,coarse : 30.96 seconds
4,92,fine : 30.97 seconds
[[1525  389]
 [  16   80]]
acc: 0.799
f1: 0.283
[[1885   29]
 [  62   34]]
acc: 0.955
f1: 0.428
4,93,coarse : 30.12 seconds
4,93,fine : 30.14 seconds
[[1525  389]
 [  16   80]]
acc: 0.799
f1: 0.283
[[1884   30]
 [  62   34]]
acc: 0.954
f1: 0.425
4,94,coarse : 30.25 seconds
4,94,fine : 30.27 seconds
[[1529  385]
 [  16   80]]
acc: 0.800
f1: 0.285
[[1885   29]
 [  62   34]]
acc: 0.955
f1: 0.428
4,95,coarse : 30.66 seconds
4,95,fine : 30.68 seconds
[[1528  386]
 [  16   80]]
acc: 0.800
f1: 0.285
[[1885   29]
 [  62   34]]
acc: 0.955
f1: 0.428
4,96,coarse : 30.41 seconds
4,96,fine : 30.43 seconds
[[1530  384]
 [  16   80]]
acc: 0.801
f1: 0.286
[[1885   29]
 [  62   34]]
acc: 0.955
f1: 0.428
4,97,coarse : 30.8 seconds
4,97,fine : 30.81 seconds
[[1532  382]
 [  16   80]]
acc: 0.802
f1: 0.287
[[1884   30]
 [  62   34]]
acc: 0.954
f1: 0.425
4,98,coarse : 31.34 seconds
4,98,fine : 31.36 seconds
[[1523  391]
 [  16   80]]
acc: 0.798
f1: 0.282
[[1882   32]
 [  62   34]]
acc: 0.953
f1: 0.420
4,99,coarse : 30.71 seconds
4,99,fine : 30.73 seconds
[[1521  393]
 [  16   80]]
acc: 0.797
f1: 0.281
[[1881   33]
 [  62   34]]
acc: 0.953
f1: 0.417
4,100,coarse : 33.19 seconds
4,100,fine : 33.2 seconds
[[1527  387]
 [  15   81]]
acc: 0.800
f1: 0.287
[[1882   32]
 [  61   35]]
acc: 0.954
f1: 0.429
4,101,coarse : 31.43 seconds
4,101,fine : 31.44 seconds
[[1528  386]
 [  15   81]]
acc: 0.800
f1: 0.288
[[1882   32]
 [  61   35]]
acc: 0.954
f1: 0.429
4,102,coarse : 31.84 seconds
4,102,fine : 31.85 seconds
[[1529  385]
 [  16   80]]
acc: 0.800
f1: 0.285
[[1881   33]
 [  61   35]]
acc: 0.953
f1: 0.427
4,103,coarse : 31.19 seconds
4,103,fine : 31.21 seconds
[[1532  382]
 [  16   80]]
acc: 0.802
f1: 0.287
[[1881   33]
 [  61   35]]
acc: 0.953
f1: 0.427
4,104,coarse : 31.2 seconds
4,104,fine : 31.22 seconds
[[1532  382]
 [  16   80]]
acc: 0.802
f1: 0.287
[[1880   34]
 [  61   35]]
acc: 0.953
f1: 0.424
4,105,coarse : 31.11 seconds
4,105,fine : 31.12 seconds
[[1532  382]
 [  16   80]]
acc: 0.802
f1: 0.287
[[1880   34]
 [  61   35]]
acc: 0.953
f1: 0.424
4,106,coarse : 31.3 seconds
4,106,fine : 31.31 seconds
[[1532  382]
 [  16   80]]
acc: 0.802
f1: 0.287
[[1878   36]
 [  61   35]]
acc: 0.952
f1: 0.419
4,107,coarse : 30.79 seconds
4,107,fine : 30.8 seconds
[[1531  383]
 [  16   80]]
acc: 0.801
f1: 0.286
[[1877   37]
 [  61   35]]
acc: 0.951
f1: 0.417
4,108,coarse : 30.76 seconds
4,108,fine : 30.78 seconds
[[1532  382]
 [  16   80]]
acc: 0.802
f1: 0.287
[[1877   37]
 [  60   36]]
acc: 0.952
f1: 0.426
4,109,coarse : 31.01 seconds
4,109,fine : 31.03 seconds
[[1529  385]
 [  16   80]]
acc: 0.800
f1: 0.285
[[1877   37]
 [  59   37]]
acc: 0.952
f1: 0.435
4,110,coarse : 31.25 seconds
4,110,fine : 31.27 seconds
[[1531  383]
 [  16   80]]
acc: 0.801
f1: 0.286
[[1876   38]
 [  57   39]]
acc: 0.953
f1: 0.451
4,111,coarse : 31.14 seconds
4,111,fine : 31.15 seconds
[[1529  385]
 [  15   81]]
acc: 0.801
f1: 0.288
[[1877   37]
 [  57   39]]
acc: 0.953
f1: 0.453
4,112,coarse : 31.06 seconds
4,112,fine : 31.07 seconds
[[1522  392]
 [  15   81]]
acc: 0.798
f1: 0.285
[[1877   37]
 [  57   39]]
acc: 0.953
f1: 0.453
4,113,coarse : 31.39 seconds
4,113,fine : 31.41 seconds
[[1528  386]
 [  15   81]]
acc: 0.800
f1: 0.288
[[1876   38]
 [  56   40]]
acc: 0.953
f1: 0.460
4,114,coarse : 31.33 seconds
4,114,fine : 31.35 seconds
[[1531  383]
 [  15   81]]
acc: 0.802
f1: 0.289
[[1876   38]
 [  57   39]]
acc: 0.953
f1: 0.451
4,115,coarse : 31.69 seconds
4,115,fine : 31.71 seconds
[[1532  382]
 [  15   81]]
acc: 0.802
f1: 0.290
[[1876   38]
 [  55   41]]
acc: 0.954
f1: 0.469
4,116,coarse : 31.47 seconds
4,116,fine : 31.49 seconds
[[1528  386]
 [  15   81]]
acc: 0.800
f1: 0.288
[[1876   38]
 [  55   41]]
acc: 0.954
f1: 0.469
4,117,coarse : 32.14 seconds
4,117,fine : 32.15 seconds
[[1529  385]
 [  15   81]]
acc: 0.801
f1: 0.288
[[1874   40]
 [  55   41]]
acc: 0.953
f1: 0.463
4,118,coarse : 32.49 seconds
4,118,fine : 32.51 seconds
[[1529  385]
 [  15   81]]
acc: 0.801
f1: 0.288
[[1873   41]
 [  55   41]]
acc: 0.952
f1: 0.461
4,119,coarse : 32.21 seconds
4,119,fine : 32.23 seconds
[[1525  389]
 [  16   80]]
acc: 0.799
f1: 0.283
[[1873   41]
 [  55   41]]
acc: 0.952
f1: 0.461
4,120,coarse : 32.54 seconds
4,120,fine : 32.56 seconds
[[1525  389]
 [  16   80]]
acc: 0.799
f1: 0.283
[[1872   42]
 [  55   41]]
acc: 0.952
f1: 0.458
4,121,coarse : 33.06 seconds
4,121,fine : 33.08 seconds
[[1524  390]
 [  16   80]]
acc: 0.798
f1: 0.283
[[1873   41]
 [  56   40]]
acc: 0.952
f1: 0.452
4,122,coarse : 33.7 seconds
4,122,fine : 33.72 seconds
[[1525  389]
 [  16   80]]
acc: 0.799
f1: 0.283
[[1872   42]
 [  56   40]]
acc: 0.951
f1: 0.449
4,123,coarse : 34.05 seconds
4,123,fine : 34.07 seconds
[[1525  389]
 [  16   80]]
acc: 0.799
f1: 0.283
[[1871   43]
 [  55   41]]
acc: 0.951
f1: 0.456
4,124,coarse : 34.48 seconds
4,124,fine : 34.5 seconds
[[1520  394]
 [  16   80]]
acc: 0.796
f1: 0.281
[[1871   43]
 [  56   40]]
acc: 0.951
f1: 0.447
4,125,coarse : 34.72 seconds
4,125,fine : 34.73 seconds
[[1519  395]
 [  16   80]]
acc: 0.796
f1: 0.280
[[1871   43]
 [  55   41]]
acc: 0.951
f1: 0.456
4,126,coarse : 35.3 seconds
4,126,fine : 35.32 seconds
[[1519  395]
 [  16   80]]
acc: 0.796
f1: 0.280
[[1870   44]
 [  54   42]]
acc: 0.951
f1: 0.462
4,127,coarse : 35.03 seconds
4,127,fine : 35.05 seconds
[[1514  400]
 [  16   80]]
acc: 0.793
f1: 0.278
[[1870   44]
 [  54   42]]
acc: 0.951
f1: 0.462
4,128,coarse : 35.17 seconds
4,128,fine : 35.19 seconds
[[1514  400]
 [  16   80]]
acc: 0.793
f1: 0.278
[[1869   45]
 [  54   42]]
acc: 0.951
f1: 0.459
4,129,coarse : 35.71 seconds
4,129,fine : 35.73 seconds
[[1512  402]
 [  16   80]]
acc: 0.792
f1: 0.277
[[1869   45]
 [  54   42]]
acc: 0.951
f1: 0.459
4,130,coarse : 35.01 seconds
4,130,fine : 35.03 seconds
[[1503  411]
 [  15   81]]
acc: 0.788
f1: 0.276
[[1867   47]
 [  53   43]]
acc: 0.950
f1: 0.462
4,131,coarse : 35.22 seconds
4,131,fine : 35.24 seconds
[[1505  409]
 [  15   81]]
acc: 0.789
f1: 0.276
[[1866   48]
 [  53   43]]
acc: 0.950
f1: 0.460
4,132,coarse : 35.19 seconds
4,132,fine : 35.21 seconds
[[1508  406]
 [  15   81]]
acc: 0.791
f1: 0.278
[[1870   44]
 [  53   43]]
acc: 0.952
f1: 0.470
4,133,coarse : 35.45 seconds
4,133,fine : 35.47 seconds
[[1507  407]
 [  15   81]]
acc: 0.790
f1: 0.277
[[1869   45]
 [  53   43]]
acc: 0.951
f1: 0.467
4,134,coarse : 35.04 seconds
4,134,fine : 35.06 seconds
[[1507  407]
 [  15   81]]
acc: 0.790
f1: 0.277
[[1868   46]
 [  52   44]]
acc: 0.951
f1: 0.473
4,135,coarse : 34.78 seconds
4,135,fine : 34.8 seconds
[[1507  407]
 [  15   81]]
acc: 0.790
f1: 0.277
[[1867   47]
 [  51   45]]
acc: 0.951
f1: 0.479
4,136,coarse : 34.92 seconds
4,136,fine : 34.93 seconds
[[1512  402]
 [  15   81]]
acc: 0.793
f1: 0.280
[[1868   46]
 [  52   44]]
acc: 0.951
f1: 0.473
4,137,coarse : 35.5 seconds
4,137,fine : 35.52 seconds
[[1512  402]
 [  16   80]]
acc: 0.792
f1: 0.277
[[1867   47]
 [  52   44]]
acc: 0.951
f1: 0.471
4,138,coarse : 35.55 seconds
4,138,fine : 35.57 seconds
[[1505  409]
 [  16   80]]
acc: 0.789
f1: 0.274
[[1866   48]
 [  52   44]]
acc: 0.950
f1: 0.468
4,139,coarse : 35.24 seconds
4,139,fine : 35.26 seconds
[[1501  413]
 [  16   80]]
acc: 0.787
f1: 0.272
[[1866   48]
 [  51   45]]
acc: 0.951
f1: 0.476
4,140,coarse : 35.59 seconds
4,140,fine : 35.61 seconds
[[1501  413]
 [  16   80]]
acc: 0.787
f1: 0.272
[[1866   48]
 [  51   45]]
acc: 0.951
f1: 0.476
4,141,coarse : 35.89 seconds
4,141,fine : 35.91 seconds
[[1505  409]
 [  16   80]]
acc: 0.789
f1: 0.274
[[1866   48]
 [  51   45]]
acc: 0.951
f1: 0.476
4,142,coarse : 35.67 seconds
4,142,fine : 35.69 seconds
[[1504  410]
 [  16   80]]
acc: 0.788
f1: 0.273
[[1866   48]
 [  51   45]]
acc: 0.951
f1: 0.476
4,143,coarse : 36.08 seconds
4,143,fine : 36.1 seconds
[[1505  409]
 [  16   80]]
acc: 0.789
f1: 0.274
[[1865   49]
 [  51   45]]
acc: 0.950
f1: 0.474
4,144,coarse : 36.68 seconds
4,144,fine : 36.7 seconds
[[1505  409]
 [  16   80]]
acc: 0.789
f1: 0.274
[[1863   51]
 [  51   45]]
acc: 0.949
f1: 0.469
4,145,coarse : 36.62 seconds
4,145,fine : 36.64 seconds
[[1508  406]
 [  16   80]]
acc: 0.790
f1: 0.275
[[1862   52]
 [  51   45]]
acc: 0.949
f1: 0.466
4,146,coarse : 37.1 seconds
4,146,fine : 37.12 seconds
[[1508  406]
 [  16   80]]
acc: 0.790
f1: 0.275
[[1861   53]
 [  51   45]]
acc: 0.948
f1: 0.464
4,147,coarse : 36.84 seconds
4,147,fine : 36.86 seconds
[[1502  412]
 [  16   80]]
acc: 0.787
f1: 0.272
[[1860   54]
 [  51   45]]
acc: 0.948
f1: 0.462
4,148,coarse : 37.41 seconds
4,148,fine : 37.43 seconds
[[1502  412]
 [  16   80]]
acc: 0.787
f1: 0.272
[[1860   54]
 [  51   45]]
acc: 0.948
f1: 0.462
4,149,coarse : 36.91 seconds
4,149,fine : 36.93 seconds
[[1501  413]
 [  16   80]]
acc: 0.787
f1: 0.272
[[1858   56]
 [  51   45]]
acc: 0.947
f1: 0.457
4,150,coarse : 40.26 seconds
4,150,fine : 40.27 seconds
[[1505  409]
 [  16   80]]
acc: 0.789
f1: 0.274
[[1858   56]
 [  51   45]]
acc: 0.947
f1: 0.457
4,151,coarse : 37.99 seconds
4,151,fine : 38.01 seconds
[[1499  415]
 [  15   81]]
acc: 0.786
f1: 0.274
[[1858   56]
 [  51   45]]
acc: 0.947
f1: 0.457
4,152,coarse : 37.72 seconds
4,152,fine : 37.74 seconds
[[1496  418]
 [  15   81]]
acc: 0.785
f1: 0.272
[[1859   55]
 [  51   45]]
acc: 0.947
f1: 0.459
4,153,coarse : 38.08 seconds
4,153,fine : 38.1 seconds
[[1495  419]
 [  15   81]]
acc: 0.784
f1: 0.272
[[1858   56]
 [  51   45]]
acc: 0.947
f1: 0.457
4,154,coarse : 38.34 seconds
4,154,fine : 38.36 seconds
[[1495  419]
 [  15   81]]
acc: 0.784
f1: 0.272
[[1858   56]
 [  51   45]]
acc: 0.947
f1: 0.457
4,155,coarse : 38.4 seconds
4,155,fine : 38.42 seconds
[[1496  418]
 [  15   81]]
acc: 0.785
f1: 0.272
[[1858   56]
 [  51   45]]
acc: 0.947
f1: 0.457
4,156,coarse : 38.09 seconds
4,156,fine : 38.11 seconds
[[1496  418]
 [  15   81]]
acc: 0.785
f1: 0.272
[[1856   58]
 [  51   45]]
acc: 0.946
f1: 0.452
4,157,coarse : 38.59 seconds
4,157,fine : 38.61 seconds
[[1497  417]
 [  15   81]]
acc: 0.785
f1: 0.273
[[1856   58]
 [  51   45]]
acc: 0.946
f1: 0.452
4,158,coarse : 38.19 seconds
4,158,fine : 38.21 seconds
[[1502  412]
 [  15   81]]
acc: 0.788
f1: 0.275
[[1858   56]
 [  51   45]]
acc: 0.947
f1: 0.457
4,159,coarse : 38.7 seconds
4,159,fine : 38.72 seconds
[[1503  411]
 [  15   81]]
acc: 0.788
f1: 0.276
[[1857   57]
 [  51   45]]
acc: 0.946
f1: 0.455
4,160,coarse : 38.45 seconds
4,160,fine : 38.47 seconds
[[1500  414]
 [  15   81]]
acc: 0.787
f1: 0.274
[[1857   57]
 [  50   46]]
acc: 0.947
f1: 0.462
4,161,coarse : 39.15 seconds
4,161,fine : 39.17 seconds
[[1501  413]
 [  15   81]]
acc: 0.787
f1: 0.275
[[1857   57]
 [  50   46]]
acc: 0.947
f1: 0.462
4,162,coarse : 39.5 seconds
4,162,fine : 39.53 seconds
[[1500  414]
 [  15   81]]
acc: 0.787
f1: 0.274
[[1857   57]
 [  50   46]]
acc: 0.947
f1: 0.462
4,163,coarse : 39.26 seconds
4,163,fine : 39.28 seconds
[[1499  415]
 [  15   81]]
acc: 0.786
f1: 0.274
[[1856   58]
 [  50   46]]
acc: 0.946
f1: 0.460
4,164,coarse : 39.69 seconds
4,164,fine : 39.71 seconds
[[1499  415]
 [  15   81]]
acc: 0.786
f1: 0.274
[[1855   59]
 [  50   46]]
acc: 0.946
f1: 0.458
4,165,coarse : 39.14 seconds
4,165,fine : 39.16 seconds
[[1496  418]
 [  15   81]]
acc: 0.785
f1: 0.272
[[1854   60]
 [  50   46]]
acc: 0.945
f1: 0.455
4,166,coarse : 39.44 seconds
4,166,fine : 39.46 seconds
[[1498  416]
 [  15   81]]
acc: 0.786
f1: 0.273
[[1854   60]
 [  50   46]]
acc: 0.945
f1: 0.455
4,167,coarse : 39.84 seconds
4,167,fine : 39.86 seconds
[[1497  417]
 [  15   81]]
acc: 0.785
f1: 0.273
[[1854   60]
 [  50   46]]
acc: 0.945
f1: 0.455
4,168,coarse : 40.45 seconds
4,168,fine : 40.48 seconds
[[1496  418]
 [  15   81]]
acc: 0.785
f1: 0.272
[[1854   60]
 [  50   46]]
acc: 0.945
f1: 0.455
4,169,coarse : 40.27 seconds
4,169,fine : 40.3 seconds
[[1497  417]
 [  15   81]]
acc: 0.785
f1: 0.273
[[1853   61]
 [  50   46]]
acc: 0.945
f1: 0.453
4,170,coarse : 40.39 seconds
4,170,fine : 40.42 seconds
[[1497  417]
 [  15   81]]
acc: 0.785
f1: 0.273
[[1852   62]
 [  50   46]]
acc: 0.944
f1: 0.451
4,171,coarse : 34.4 seconds
4,171,fine : 34.42 seconds
[[1485  429]
 [  16   80]]
acc: 0.779
f1: 0.264
[[1852   62]
 [  50   46]]
acc: 0.944
f1: 0.451
4,172,coarse : 30.28 seconds
4,172,fine : 30.3 seconds
