all           0      1    2    3    4    5    6    7    8    
1      2010   1914   1    19   32   19   1    11   6    7    
2      2010   1914   1    19   32   19   1    11   6    7    
3      2010   1914   1    19   32   19   1    11   5    8    
4      2010   1914   1    19   32   19   1    10   6    8    
5      2010   1914   1    18   33   19   1    10   6    8    
6      2010   1914   1    18   33   19   1    10   6    8    
7      2010   1913   2    18   33   19   1    10   6    8    
8      2010   1913   2    18   33   19   1    10   6    8    
9      2009   1913   2    18   32   19   2    10   6    7    
10     2009   1913   1    19   32   19   1    11   6    7    
Total  20098  19136  13   185  324  190  11   104  59   76   
train         0      1    2    3    4    5    6    7    8    
1      2010   1914   1    19   32   19   1    11   6    7    
2      2010   1914   1    19   32   19   1    11   6    7    
3      2010   1914   1    19   32   19   1    11   5    8    
4      2010   1914   1    19   32   19   1    10   6    8    
5      2010   1914   1    18   33   19   1    10   6    8    
6      2010   1914   1    18   33   19   1    10   6    8    
8      2010   1913   2    18   33   19   1    10   6    8    
9      2009   1913   2    18   32   19   2    10   6    7    
10     2009   1913   1    19   32   19   1    11   6    7    
Total  18088  17223  11   167  291  171  10   94   53   68   
test          0      1    2    3    4    5    6    7    8    
7      2010   1913   2    18   33   19   1    10   6    8    
Total  2010   1913   2    18   33   19   1    10   6    8    
Classes             
0         17223     
1         11        
2         167       
3         291       
4         171       
5         10        
6         94        
7         53        
8         68        
Total     18088     

Shape: 450       

[952, 10, 11, 16, 11, 10, 10, 10, 10]
Sum start => 1040
[[1310  603]
 [  19   78]]
acc: 0.691
f1: 0.201
[[1887   26]
 [  90    7]]
acc: 0.942
f1: 0.108
7,1,coarse : 27.39 seconds
7,1,fine : 27.4 seconds
[[1310  603]
 [  19   78]]
acc: 0.691
f1: 0.201
[[1887   26]
 [  90    7]]
acc: 0.942
f1: 0.108
7,2,coarse : 28.7 seconds
7,2,fine : 28.71 seconds
[[1315  598]
 [  18   79]]
acc: 0.694
f1: 0.204
[[1894   19]
 [  91    6]]
acc: 0.945
f1: 0.098
7,3,coarse : 3.14 seconds
7,3,fine : 3.14 seconds
[[1348  565]
 [  20   77]]
acc: 0.709
f1: 0.208
[[1896   17]
 [  92    5]]
acc: 0.946
f1: 0.084
7,4,coarse : 3.0 seconds
7,4,fine : 3.01 seconds
[[1338  575]
 [  16   81]]
acc: 0.706
f1: 0.215
[[1896   17]
 [  93    4]]
acc: 0.945
f1: 0.068
7,5,coarse : 3.09 seconds
7,5,fine : 3.1 seconds
[[1344  569]
 [  18   79]]
acc: 0.708
f1: 0.212
[[1898   15]
 [  94    3]]
acc: 0.946
f1: 0.052
7,6,coarse : 3.16 seconds
7,6,fine : 3.17 seconds
[[1370  543]
 [  18   79]]
acc: 0.721
f1: 0.220
[[1898   15]
 [  95    2]]
acc: 0.945
f1: 0.035
7,7,coarse : 3.63 seconds
7,7,fine : 3.64 seconds
[[1363  550]
 [  19   78]]
acc: 0.717
f1: 0.215
[[1899   14]
 [  95    2]]
acc: 0.946
f1: 0.035
7,8,coarse : 3.52 seconds
7,8,fine : 3.53 seconds
[[1379  534]
 [  19   78]]
acc: 0.725
f1: 0.220
[[1899   14]
 [  95    2]]
acc: 0.946
f1: 0.035
7,9,coarse : 3.74 seconds
7,9,fine : 3.75 seconds
[[1392  521]
 [  19   78]]
acc: 0.731
f1: 0.224
[[1901   12]
 [  95    2]]
acc: 0.947
f1: 0.036
7,10,coarse : 3.99 seconds
7,10,fine : 3.99 seconds
[[1397  516]
 [  19   78]]
acc: 0.734
f1: 0.226
[[1899   14]
 [  94    3]]
acc: 0.946
f1: 0.053
7,11,coarse : 4.02 seconds
7,11,fine : 4.02 seconds
[[1406  507]
 [  19   78]]
acc: 0.738
f1: 0.229
[[1898   15]
 [  94    3]]
acc: 0.946
f1: 0.052
7,12,coarse : 4.18 seconds
7,12,fine : 4.19 seconds
[[1396  517]
 [  19   78]]
acc: 0.733
f1: 0.225
[[1898   15]
 [  93    4]]
acc: 0.946
f1: 0.069
7,13,coarse : 4.24 seconds
7,13,fine : 4.24 seconds
[[1414  499]
 [  19   78]]
acc: 0.742
f1: 0.231
[[1899   14]
 [  93    4]]
acc: 0.947
f1: 0.070
7,14,coarse : 4.52 seconds
7,14,fine : 4.64 seconds
[[1416  497]
 [  19   78]]
acc: 0.743
f1: 0.232
[[1899   14]
 [  94    3]]
acc: 0.946
f1: 0.053
7,15,coarse : 4.74 seconds
7,15,fine : 4.74 seconds
[[1431  482]
 [  21   76]]
acc: 0.750
f1: 0.232
[[1895   18]
 [  91    6]]
acc: 0.946
f1: 0.099
7,16,coarse : 4.62 seconds
7,16,fine : 4.63 seconds
[[1438  475]
 [  21   76]]
acc: 0.753
f1: 0.235
[[1895   18]
 [  90    7]]
acc: 0.946
f1: 0.115
7,17,coarse : 4.93 seconds
7,17,fine : 4.94 seconds
[[1451  462]
 [  21   76]]
acc: 0.760
f1: 0.239
[[1897   16]
 [  90    7]]
acc: 0.947
f1: 0.117
7,18,coarse : 4.81 seconds
7,18,fine : 4.83 seconds
[[1453  460]
 [  20   77]]
acc: 0.761
f1: 0.243
[[1897   16]
 [  90    7]]
acc: 0.947
f1: 0.117
7,19,coarse : 5.0 seconds
7,19,fine : 5.02 seconds
[[1461  452]
 [  20   77]]
acc: 0.765
f1: 0.246
[[1897   16]
 [  90    7]]
acc: 0.947
f1: 0.117
7,20,coarse : 5.02 seconds
7,20,fine : 5.04 seconds
[[1458  455]
 [  20   77]]
acc: 0.764
f1: 0.245
[[1897   16]
 [  91    6]]
acc: 0.947
f1: 0.101
7,21,coarse : 5.63 seconds
7,21,fine : 5.63 seconds
[[1451  462]
 [  21   76]]
acc: 0.760
f1: 0.239
[[1895   18]
 [  90    7]]
acc: 0.946
f1: 0.115
7,22,coarse : 5.6 seconds
7,22,fine : 5.61 seconds
[[1449  464]
 [  21   76]]
acc: 0.759
f1: 0.239
[[1896   17]
 [  90    7]]
acc: 0.947
f1: 0.116
7,23,coarse : 5.42 seconds
7,23,fine : 5.43 seconds
[[1450  463]
 [  21   76]]
acc: 0.759
f1: 0.239
[[1896   17]
 [  90    7]]
acc: 0.947
f1: 0.116
7,24,coarse : 5.74 seconds
7,24,fine : 5.75 seconds
[[1465  448]
 [  21   76]]
acc: 0.767
f1: 0.245
[[1897   16]
 [  90    7]]
acc: 0.947
f1: 0.117
7,25,coarse : 5.7 seconds
7,25,fine : 5.71 seconds
[[1446  467]
 [  21   76]]
acc: 0.757
f1: 0.238
[[1896   17]
 [  90    7]]
acc: 0.947
f1: 0.116
7,26,coarse : 5.8 seconds
7,26,fine : 5.81 seconds
[[1448  465]
 [  20   77]]
acc: 0.759
f1: 0.241
[[1897   16]
 [  90    7]]
acc: 0.947
f1: 0.117
7,27,coarse : 6.2 seconds
7,27,fine : 6.2 seconds
[[1455  458]
 [  20   77]]
acc: 0.762
f1: 0.244
[[1897   16]
 [  90    7]]
acc: 0.947
f1: 0.117
7,28,coarse : 6.08 seconds
7,28,fine : 6.08 seconds
[[1462  451]
 [  20   77]]
acc: 0.766
f1: 0.246
[[1896   17]
 [  89    8]]
acc: 0.947
f1: 0.131
7,29,coarse : 6.24 seconds
7,29,fine : 6.24 seconds
[[1467  446]
 [  20   77]]
acc: 0.768
f1: 0.248
[[1895   18]
 [  88    9]]
acc: 0.947
f1: 0.145
7,30,coarse : 6.29 seconds
7,30,fine : 6.3 seconds
[[1456  457]
 [  19   78]]
acc: 0.763
f1: 0.247
[[1898   15]
 [  88    9]]
acc: 0.949
f1: 0.149
7,31,coarse : 6.68 seconds
7,31,fine : 6.69 seconds
[[1456  457]
 [  19   78]]
acc: 0.763
f1: 0.247
[[1897   16]
 [  87   10]]
acc: 0.949
f1: 0.163
7,32,coarse : 6.63 seconds
7,32,fine : 6.64 seconds
[[1448  465]
 [  18   79]]
acc: 0.760
f1: 0.246
[[1897   16]
 [  86   11]]
acc: 0.949
f1: 0.177
7,33,coarse : 6.81 seconds
7,33,fine : 6.82 seconds
[[1459  454]
 [  18   79]]
acc: 0.765
f1: 0.251
[[1897   16]
 [  86   11]]
acc: 0.949
f1: 0.177
7,34,coarse : 6.84 seconds
7,34,fine : 6.85 seconds
[[1461  452]
 [  18   79]]
acc: 0.766
f1: 0.252
[[1897   16]
 [  86   11]]
acc: 0.949
f1: 0.177
7,35,coarse : 7.04 seconds
7,35,fine : 7.05 seconds
[[1465  448]
 [  18   79]]
acc: 0.768
f1: 0.253
[[1897   16]
 [  86   11]]
acc: 0.949
f1: 0.177
7,36,coarse : 7.05 seconds
7,36,fine : 7.05 seconds
[[1469  444]
 [  18   79]]
acc: 0.770
f1: 0.255
[[1896   17]
 [  87   10]]
acc: 0.948
f1: 0.161
7,37,coarse : 7.27 seconds
7,37,fine : 7.27 seconds
[[1467  446]
 [  18   79]]
acc: 0.769
f1: 0.254
[[1896   17]
 [  84   13]]
acc: 0.950
f1: 0.205
7,38,coarse : 7.22 seconds
7,38,fine : 7.23 seconds
[[1473  440]
 [  19   78]]
acc: 0.772
f1: 0.254
[[1895   18]
 [  85   12]]
acc: 0.949
f1: 0.189
7,39,coarse : 7.59 seconds
7,39,fine : 7.6 seconds
[[1467  446]
 [  20   77]]
acc: 0.768
f1: 0.248
[[1895   18]
 [  83   14]]
acc: 0.950
f1: 0.217
7,40,coarse : 7.7 seconds
7,40,fine : 7.7 seconds
[[1472  441]
 [  20   77]]
acc: 0.771
f1: 0.250
[[1894   19]
 [  83   14]]
acc: 0.949
f1: 0.215
7,41,coarse : 7.8 seconds
7,41,fine : 7.81 seconds
[[1478  435]
 [  19   78]]
acc: 0.774
f1: 0.256
[[1895   18]
 [  83   14]]
acc: 0.950
f1: 0.217
7,42,coarse : 7.98 seconds
7,42,fine : 7.99 seconds
[[1476  437]
 [  19   78]]
acc: 0.773
f1: 0.255
[[1895   18]
 [  84   13]]
acc: 0.949
f1: 0.203
7,43,coarse : 8.13 seconds
7,43,fine : 8.14 seconds
[[1480  433]
 [  19   78]]
acc: 0.775
f1: 0.257
[[1893   20]
 [  83   14]]
acc: 0.949
f1: 0.214
7,44,coarse : 8.29 seconds
7,44,fine : 8.3 seconds
[[1471  442]
 [  19   78]]
acc: 0.771
f1: 0.253
[[1890   23]
 [  82   15]]
acc: 0.948
f1: 0.222
7,45,coarse : 8.43 seconds
7,45,fine : 8.43 seconds
[[1474  439]
 [  19   78]]
acc: 0.772
f1: 0.254
[[1892   21]
 [  82   15]]
acc: 0.949
f1: 0.226
7,46,coarse : 8.65 seconds
7,46,fine : 8.66 seconds
[[1477  436]
 [  19   78]]
acc: 0.774
f1: 0.255
[[1891   22]
 [  82   15]]
acc: 0.948
f1: 0.224
7,47,coarse : 8.62 seconds
7,47,fine : 8.63 seconds
[[1472  441]
 [  19   78]]
acc: 0.771
f1: 0.253
[[1891   22]
 [  80   17]]
acc: 0.949
f1: 0.250
7,48,coarse : 8.78 seconds
7,48,fine : 8.79 seconds
[[1473  440]
 [  19   78]]
acc: 0.772
f1: 0.254
[[1891   22]
 [  80   17]]
acc: 0.949
f1: 0.250
7,49,coarse : 9.01 seconds
7,49,fine : 9.02 seconds
[[1470  443]
 [  19   78]]
acc: 0.770
f1: 0.252
[[1888   25]
 [  79   18]]
acc: 0.948
f1: 0.257
7,50,coarse : 10.64 seconds
7,50,fine : 10.64 seconds
[[1476  437]
 [  19   78]]
acc: 0.773
f1: 0.255
[[1891   22]
 [  77   20]]
acc: 0.951
f1: 0.288
7,51,coarse : 9.14 seconds
7,51,fine : 9.15 seconds
[[1489  424]
 [  20   77]]
acc: 0.779
f1: 0.258
[[1890   23]
 [  78   19]]
acc: 0.950
f1: 0.273
7,52,coarse : 9.32 seconds
7,52,fine : 9.33 seconds
[[1498  415]
 [  19   78]]
acc: 0.784
f1: 0.264
[[1887   26]
 [  78   19]]
acc: 0.948
f1: 0.268
7,53,coarse : 9.52 seconds
7,53,fine : 9.53 seconds
[[1492  421]
 [  19   78]]
acc: 0.781
f1: 0.262
[[1885   28]
 [  76   21]]
acc: 0.948
f1: 0.288
7,54,coarse : 9.58 seconds
7,54,fine : 9.59 seconds
[[1487  426]
 [  20   77]]
acc: 0.778
f1: 0.257
[[1883   30]
 [  76   21]]
acc: 0.947
f1: 0.284
7,55,coarse : 9.71 seconds
7,55,fine : 9.72 seconds
[[1493  420]
 [  20   77]]
acc: 0.781
f1: 0.259
[[1884   29]
 [  76   21]]
acc: 0.948
f1: 0.286
7,56,coarse : 9.91 seconds
7,56,fine : 9.92 seconds
[[1494  419]
 [  21   76]]
acc: 0.781
f1: 0.257
[[1886   27]
 [  74   23]]
acc: 0.950
f1: 0.313
7,57,coarse : 10.03 seconds
7,57,fine : 10.04 seconds
[[1509  404]
 [  20   77]]
acc: 0.789
f1: 0.266
[[1886   27]
 [  73   24]]
acc: 0.950
f1: 0.324
7,58,coarse : 9.96 seconds
7,58,fine : 9.96 seconds
[[1500  413]
 [  19   78]]
acc: 0.785
f1: 0.265
[[1886   27]
 [  72   25]]
acc: 0.951
f1: 0.336
7,59,coarse : 10.07 seconds
7,59,fine : 10.09 seconds
[[1504  409]
 [  19   78]]
acc: 0.787
f1: 0.267
[[1885   28]
 [  70   27]]
acc: 0.951
f1: 0.355
7,60,coarse : 10.62 seconds
7,60,fine : 10.63 seconds
[[1504  409]
 [  20   77]]
acc: 0.787
f1: 0.264
[[1885   28]
 [  70   27]]
acc: 0.951
f1: 0.355
7,61,coarse : 10.45 seconds
7,61,fine : 10.46 seconds
[[1494  419]
 [  18   79]]
acc: 0.783
f1: 0.266
[[1885   28]
 [  70   27]]
acc: 0.951
f1: 0.355
7,62,coarse : 10.79 seconds
7,62,fine : 10.8 seconds
[[1490  423]
 [  19   78]]
acc: 0.780
f1: 0.261
[[1885   28]
 [  70   27]]
acc: 0.951
f1: 0.355
7,63,coarse : 10.58 seconds
7,63,fine : 10.59 seconds
[[1490  423]
 [  20   77]]
acc: 0.780
f1: 0.258
[[1883   30]
 [  70   27]]
acc: 0.950
f1: 0.351
7,64,coarse : 10.86 seconds
7,64,fine : 10.87 seconds
[[1492  421]
 [  20   77]]
acc: 0.781
f1: 0.259
[[1885   28]
 [  70   27]]
acc: 0.951
f1: 0.355
7,65,coarse : 11.3 seconds
7,65,fine : 11.31 seconds
[[1500  413]
 [  20   77]]
acc: 0.785
f1: 0.262
[[1885   28]
 [  70   27]]
acc: 0.951
f1: 0.355
7,66,coarse : 10.99 seconds
7,66,fine : 11.0 seconds
[[1489  424]
 [  18   79]]
acc: 0.780
f1: 0.263
[[1886   27]
 [  69   28]]
acc: 0.952
f1: 0.368
7,67,coarse : 11.51 seconds
7,67,fine : 11.52 seconds
[[1478  435]
 [  21   76]]
acc: 0.773
f1: 0.250
[[1885   28]
 [  69   28]]
acc: 0.952
f1: 0.366
7,68,coarse : 11.51 seconds
7,68,fine : 11.52 seconds
[[1477  436]
 [  20   77]]
acc: 0.773
f1: 0.252
[[1883   30]
 [  70   27]]
acc: 0.950
f1: 0.351
7,69,coarse : 11.6 seconds
7,69,fine : 11.61 seconds
[[1476  437]
 [  20   77]]
acc: 0.773
f1: 0.252
[[1883   30]
 [  70   27]]
acc: 0.950
f1: 0.351
7,70,coarse : 11.71 seconds
7,70,fine : 11.72 seconds
[[1474  439]
 [  19   78]]
acc: 0.772
f1: 0.254
[[1883   30]
 [  70   27]]
acc: 0.950
f1: 0.351
7,71,coarse : 11.63 seconds
7,71,fine : 11.64 seconds
[[1470  443]
 [  20   77]]
acc: 0.770
f1: 0.250
[[1883   30]
 [  72   25]]
acc: 0.949
f1: 0.329
7,72,coarse : 12.43 seconds
7,72,fine : 12.44 seconds
[[1470  443]
 [  20   77]]
acc: 0.770
f1: 0.250
[[1882   31]
 [  72   25]]
acc: 0.949
f1: 0.327
7,73,coarse : 12.25 seconds
7,73,fine : 12.26 seconds
[[1470  443]
 [  21   76]]
acc: 0.769
f1: 0.247
[[1883   30]
 [  69   28]]
acc: 0.951
f1: 0.361
7,74,coarse : 12.62 seconds
7,74,fine : 12.63 seconds
[[1470  443]
 [  20   77]]
acc: 0.770
f1: 0.250
[[1881   32]
 [  69   28]]
acc: 0.950
f1: 0.357
7,75,coarse : 12.63 seconds
7,75,fine : 12.64 seconds
[[1473  440]
 [  20   77]]
acc: 0.771
f1: 0.251
[[1882   31]
 [  69   28]]
acc: 0.950
f1: 0.359
7,76,coarse : 12.91 seconds
7,76,fine : 12.93 seconds
[[1475  438]
 [  20   77]]
acc: 0.772
f1: 0.252
[[1882   31]
 [  69   28]]
acc: 0.950
f1: 0.359
7,77,coarse : 12.69 seconds
7,77,fine : 12.7 seconds
[[1478  435]
 [  20   77]]
acc: 0.774
f1: 0.253
[[1882   31]
 [  67   30]]
acc: 0.951
f1: 0.380
7,78,coarse : 12.64 seconds
7,78,fine : 12.65 seconds
[[1482  431]
 [  20   77]]
acc: 0.776
f1: 0.255
[[1881   32]
 [  66   31]]
acc: 0.951
f1: 0.387
7,79,coarse : 12.63 seconds
7,79,fine : 12.64 seconds
[[1479  434]
 [  20   77]]
acc: 0.774
f1: 0.253
[[1878   35]
 [  68   29]]
acc: 0.949
f1: 0.360
7,80,coarse : 12.95 seconds
7,80,fine : 12.96 seconds
[[1481  432]
 [  20   77]]
acc: 0.775
f1: 0.254
[[1880   33]
 [  67   30]]
acc: 0.950
f1: 0.375
7,81,coarse : 12.77 seconds
7,81,fine : 12.78 seconds
[[1483  430]
 [  20   77]]
acc: 0.776
f1: 0.255
[[1882   31]
 [  68   29]]
acc: 0.951
f1: 0.369
7,82,coarse : 13.28 seconds
7,82,fine : 13.29 seconds
[[1486  427]
 [  20   77]]
acc: 0.778
f1: 0.256
[[1881   32]
 [  68   29]]
acc: 0.950
f1: 0.367
7,83,coarse : 12.99 seconds
7,83,fine : 13.01 seconds
[[1482  431]
 [  21   76]]
acc: 0.775
f1: 0.252
[[1881   32]
 [  68   29]]
acc: 0.950
f1: 0.367
7,84,coarse : 13.57 seconds
7,84,fine : 13.58 seconds
[[1482  431]
 [  20   77]]
acc: 0.776
f1: 0.255
[[1878   35]
 [  68   29]]
acc: 0.949
f1: 0.360
7,85,coarse : 13.66 seconds
7,85,fine : 13.67 seconds
[[1485  428]
 [  20   77]]
acc: 0.777
f1: 0.256
[[1878   35]
 [  67   30]]
acc: 0.949
f1: 0.370
7,86,coarse : 14.28 seconds
7,86,fine : 14.29 seconds
[[1484  429]
 [  21   76]]
acc: 0.776
f1: 0.252
[[1878   35]
 [  67   30]]
acc: 0.949
f1: 0.370
7,87,coarse : 14.13 seconds
7,87,fine : 14.14 seconds
[[1485  428]
 [  21   76]]
acc: 0.777
f1: 0.253
[[1877   36]
 [  65   32]]
acc: 0.950
f1: 0.388
7,88,coarse : 14.48 seconds
7,88,fine : 14.49 seconds
[[1485  428]
 [  21   76]]
acc: 0.777
f1: 0.253
[[1878   35]
 [  65   32]]
acc: 0.950
f1: 0.390
7,89,coarse : 14.82 seconds
7,89,fine : 14.83 seconds
[[1481  432]
 [  21   76]]
acc: 0.775
f1: 0.251
[[1878   35]
 [  65   32]]
acc: 0.950
f1: 0.390
7,90,coarse : 15.19 seconds
7,90,fine : 15.2 seconds
[[1483  430]
 [  21   76]]
acc: 0.776
f1: 0.252
[[1877   36]
 [  66   31]]
acc: 0.949
f1: 0.378
7,91,coarse : 15.03 seconds
7,91,fine : 15.04 seconds
[[1485  428]
 [  21   76]]
acc: 0.777
f1: 0.253
[[1873   40]
 [  65   32]]
acc: 0.948
f1: 0.379
7,92,coarse : 15.1 seconds
7,92,fine : 15.11 seconds
[[1474  439]
 [  20   77]]
acc: 0.772
f1: 0.251
[[1874   39]
 [  65   32]]
acc: 0.948
f1: 0.381
7,93,coarse : 15.16 seconds
7,93,fine : 15.18 seconds
[[1475  438]
 [  21   76]]
acc: 0.772
f1: 0.249
[[1874   39]
 [  65   32]]
acc: 0.948
f1: 0.381
7,94,coarse : 15.64 seconds
7,94,fine : 15.65 seconds
[[1477  436]
 [  20   77]]
acc: 0.773
f1: 0.252
[[1873   40]
 [  64   33]]
acc: 0.948
f1: 0.388
7,95,coarse : 15.9 seconds
7,95,fine : 15.91 seconds
[[1479  434]
 [  20   77]]
acc: 0.774
f1: 0.253
[[1869   44]
 [  62   35]]
acc: 0.947
f1: 0.398
7,96,coarse : 16.17 seconds
7,96,fine : 16.18 seconds
[[1481  432]
 [  20   77]]
acc: 0.775
f1: 0.254
[[1870   43]
 [  63   34]]
acc: 0.947
f1: 0.391
7,97,coarse : 15.69 seconds
7,97,fine : 15.7 seconds
[[1485  428]
 [  20   77]]
acc: 0.777
f1: 0.256
[[1871   42]
 [  62   35]]
acc: 0.948
f1: 0.402
7,98,coarse : 16.02 seconds
7,98,fine : 16.03 seconds
[[1486  427]
 [  20   77]]
acc: 0.778
f1: 0.256
[[1872   41]
 [  61   36]]
acc: 0.949
f1: 0.414
7,99,coarse : 16.19 seconds
7,99,fine : 16.2 seconds
[[1476  437]
 [  20   77]]
acc: 0.773
f1: 0.252
[[1872   41]
 [  64   33]]
acc: 0.948
f1: 0.386
7,100,coarse : 18.58 seconds
7,100,fine : 18.59 seconds
[[1479  434]
 [  20   77]]
acc: 0.774
f1: 0.253
[[1872   41]
 [  64   33]]
acc: 0.948
f1: 0.386
7,101,coarse : 16.18 seconds
7,101,fine : 16.19 seconds
[[1481  432]
 [  20   77]]
acc: 0.775
f1: 0.254
[[1870   43]
 [  65   32]]
acc: 0.946
f1: 0.372
7,102,coarse : 16.67 seconds
7,102,fine : 16.69 seconds
[[1488  425]
 [  21   76]]
acc: 0.778
f1: 0.254
[[1868   45]
 [  64   33]]
acc: 0.946
f1: 0.377
7,103,coarse : 16.72 seconds
7,103,fine : 16.73 seconds
[[1489  424]
 [  21   76]]
acc: 0.779
f1: 0.255
[[1868   45]
 [  64   33]]
acc: 0.946
f1: 0.377
7,104,coarse : 16.92 seconds
7,104,fine : 16.93 seconds
[[1491  422]
 [  21   76]]
acc: 0.780
f1: 0.255
[[1868   45]
 [  64   33]]
acc: 0.946
f1: 0.377
7,105,coarse : 17.3 seconds
7,105,fine : 17.32 seconds
[[1489  424]
 [  21   76]]
acc: 0.779
f1: 0.255
[[1868   45]
 [  62   35]]
acc: 0.947
f1: 0.395
7,106,coarse : 17.62 seconds
7,106,fine : 17.63 seconds
[[1480  433]
 [  22   75]]
acc: 0.774
f1: 0.248
[[1869   44]
 [  62   35]]
acc: 0.947
f1: 0.398
7,107,coarse : 17.56 seconds
7,107,fine : 17.57 seconds
[[1477  436]
 [  22   75]]
acc: 0.772
f1: 0.247
[[1867   46]
 [  63   34]]
acc: 0.946
f1: 0.384
7,108,coarse : 17.88 seconds
7,108,fine : 17.89 seconds
[[1481  432]
 [  22   75]]
acc: 0.774
f1: 0.248
[[1866   47]
 [  62   35]]
acc: 0.946
f1: 0.391
7,109,coarse : 18.08 seconds
7,109,fine : 18.1 seconds
[[1481  432]
 [  22   75]]
acc: 0.774
f1: 0.248
[[1866   47]
 [  61   36]]
acc: 0.946
f1: 0.400
7,110,coarse : 18.44 seconds
7,110,fine : 18.46 seconds
[[1483  430]
 [  21   76]]
acc: 0.776
f1: 0.252
[[1865   48]
 [  62   35]]
acc: 0.945
f1: 0.389
7,111,coarse : 18.43 seconds
7,111,fine : 18.44 seconds
[[1481  432]
 [  21   76]]
acc: 0.775
f1: 0.251
[[1865   48]
 [  63   34]]
acc: 0.945
f1: 0.380
7,112,coarse : 18.83 seconds
7,112,fine : 18.84 seconds
[[1489  424]
 [  21   76]]
acc: 0.779
f1: 0.255
[[1865   48]
 [  62   35]]
acc: 0.945
f1: 0.389
7,113,coarse : 18.42 seconds
7,113,fine : 18.44 seconds
[[1488  425]
 [  21   76]]
acc: 0.778
f1: 0.254
[[1863   50]
 [  62   35]]
acc: 0.944
f1: 0.385
7,114,coarse : 18.95 seconds
7,114,fine : 18.97 seconds
[[1494  419]
 [  22   75]]
acc: 0.781
f1: 0.254
[[1863   50]
 [  62   35]]
acc: 0.944
f1: 0.385
7,115,coarse : 18.67 seconds
7,115,fine : 18.68 seconds
[[1494  419]
 [  22   75]]
acc: 0.781
f1: 0.254
[[1864   49]
 [  62   35]]
acc: 0.945
f1: 0.387
7,116,coarse : 18.63 seconds
7,116,fine : 18.64 seconds
[[1498  415]
 [  23   74]]
acc: 0.782
f1: 0.253
[[1863   50]
 [  62   35]]
acc: 0.944
f1: 0.385
7,117,coarse : 18.97 seconds
7,117,fine : 18.99 seconds
[[1501  412]
 [  23   74]]
acc: 0.784
f1: 0.254
[[1864   49]
 [  62   35]]
acc: 0.945
f1: 0.387
7,118,coarse : 19.58 seconds
7,118,fine : 19.6 seconds
[[1498  415]
 [  22   75]]
acc: 0.783
f1: 0.256
[[1864   49]
 [  62   35]]
acc: 0.945
f1: 0.387
7,119,coarse : 20.24 seconds
7,119,fine : 20.26 seconds
[[1499  414]
 [  22   75]]
acc: 0.783
f1: 0.256
[[1862   51]
 [  62   35]]
acc: 0.944
f1: 0.383
7,120,coarse : 19.21 seconds
7,120,fine : 19.22 seconds
[[1498  415]
 [  22   75]]
acc: 0.783
f1: 0.256
[[1863   50]
 [  62   35]]
acc: 0.944
f1: 0.385
7,121,coarse : 19.8 seconds
7,121,fine : 19.82 seconds
[[1496  417]
 [  22   75]]
acc: 0.782
f1: 0.255
[[1863   50]
 [  62   35]]
acc: 0.944
f1: 0.385
7,122,coarse : 20.54 seconds
7,122,fine : 20.56 seconds
[[1492  421]
 [  22   75]]
acc: 0.780
f1: 0.253
[[1863   50]
 [  61   36]]
acc: 0.945
f1: 0.393
7,123,coarse : 20.9 seconds
7,123,fine : 20.92 seconds
[[1491  422]
 [  21   76]]
acc: 0.780
f1: 0.255
[[1864   49]
 [  63   34]]
acc: 0.944
f1: 0.378
7,124,coarse : 20.95 seconds
7,124,fine : 20.97 seconds
[[1494  419]
 [  21   76]]
acc: 0.781
f1: 0.257
[[1862   51]
 [  63   34]]
acc: 0.943
f1: 0.374
7,125,coarse : 21.0 seconds
7,125,fine : 21.02 seconds
[[1496  417]
 [  22   75]]
acc: 0.782
f1: 0.255
[[1862   51]
 [  63   34]]
acc: 0.943
f1: 0.374
7,126,coarse : 21.03 seconds
7,126,fine : 21.05 seconds
[[1495  418]
 [  22   75]]
acc: 0.781
f1: 0.254
[[1862   51]
 [  63   34]]
acc: 0.943
f1: 0.374
7,127,coarse : 21.26 seconds
7,127,fine : 21.28 seconds
[[1494  419]
 [  22   75]]
acc: 0.781
f1: 0.254
[[1862   51]
 [  62   35]]
acc: 0.944
f1: 0.383
7,128,coarse : 21.08 seconds
7,128,fine : 21.1 seconds
[[1499  414]
 [  22   75]]
acc: 0.783
f1: 0.256
[[1862   51]
 [  62   35]]
acc: 0.944
f1: 0.383
7,129,coarse : 22.14 seconds
7,129,fine : 22.15 seconds
[[1494  419]
 [  22   75]]
acc: 0.781
f1: 0.254
[[1861   52]
 [  65   32]]
acc: 0.942
f1: 0.354
7,130,coarse : 21.75 seconds
7,130,fine : 21.76 seconds
[[1491  422]
 [  22   75]]
acc: 0.779
f1: 0.253
[[1861   52]
 [  65   32]]
acc: 0.942
f1: 0.354
7,131,coarse : 21.96 seconds
7,131,fine : 21.97 seconds
[[1496  417]
 [  22   75]]
acc: 0.782
f1: 0.255
[[1861   52]
 [  63   34]]
acc: 0.943
f1: 0.372
7,132,coarse : 22.95 seconds
7,132,fine : 22.97 seconds
[[1493  420]
 [  21   76]]
acc: 0.781
f1: 0.256
[[1863   50]
 [  63   34]]
acc: 0.944
f1: 0.376
7,133,coarse : 22.84 seconds
7,133,fine : 22.86 seconds
[[1489  424]
 [  20   77]]
acc: 0.779
f1: 0.258
[[1862   51]
 [  64   33]]
acc: 0.943
f1: 0.365
7,134,coarse : 22.92 seconds
7,134,fine : 22.94 seconds
[[1494  419]
 [  21   76]]
acc: 0.781
f1: 0.257
[[1862   51]
 [  64   33]]
acc: 0.943
f1: 0.365
7,135,coarse : 23.27 seconds
7,135,fine : 23.28 seconds
[[1495  418]
 [  20   77]]
acc: 0.782
f1: 0.260
[[1864   49]
 [  62   35]]
acc: 0.945
f1: 0.387
7,136,coarse : 23.34 seconds
7,136,fine : 23.36 seconds
[[1502  411]
 [  20   77]]
acc: 0.786
f1: 0.263
[[1861   52]
 [  62   35]]
acc: 0.943
f1: 0.380
7,137,coarse : 23.07 seconds
7,137,fine : 23.09 seconds
[[1506  407]
 [  20   77]]
acc: 0.788
f1: 0.265
[[1862   51]
 [  59   38]]
acc: 0.945
f1: 0.409
7,138,coarse : 23.34 seconds
7,138,fine : 23.36 seconds
[[1506  407]
 [  20   77]]
acc: 0.788
f1: 0.265
[[1863   50]
 [  59   38]]
acc: 0.946
f1: 0.411
7,139,coarse : 23.74 seconds
7,139,fine : 23.76 seconds
[[1506  407]
 [  20   77]]
acc: 0.788
f1: 0.265
[[1862   51]
 [  59   38]]
acc: 0.945
f1: 0.409
7,140,coarse : 23.65 seconds
7,140,fine : 23.67 seconds
[[1509  404]
 [  19   78]]
acc: 0.790
f1: 0.269
[[1862   51]
 [  61   36]]
acc: 0.944
f1: 0.391
7,141,coarse : 24.03 seconds
7,141,fine : 24.05 seconds
[[1506  407]
 [  19   78]]
acc: 0.788
f1: 0.268
[[1862   51]
 [  62   35]]
acc: 0.944
f1: 0.383
7,142,coarse : 23.8 seconds
7,142,fine : 23.81 seconds
[[1508  405]
 [  19   78]]
acc: 0.789
f1: 0.269
[[1861   52]
 [  62   35]]
acc: 0.943
f1: 0.380
7,143,coarse : 23.91 seconds
7,143,fine : 23.93 seconds
[[1506  407]
 [  19   78]]
acc: 0.788
f1: 0.268
[[1861   52]
 [  60   37]]
acc: 0.944
f1: 0.398
7,144,coarse : 24.66 seconds
7,144,fine : 24.68 seconds
[[1505  408]
 [  19   78]]
acc: 0.788
f1: 0.268
[[1861   52]
 [  61   36]]
acc: 0.944
f1: 0.389
7,145,coarse : 24.25 seconds
7,145,fine : 24.27 seconds
[[1503  410]
 [  21   76]]
acc: 0.786
f1: 0.261
[[1861   52]
 [  61   36]]
acc: 0.944
f1: 0.389
7,146,coarse : 24.98 seconds
7,146,fine : 25.0 seconds
[[1506  407]
 [  21   76]]
acc: 0.787
f1: 0.262
[[1860   53]
 [  59   38]]
acc: 0.944
f1: 0.404
7,147,coarse : 25.42 seconds
7,147,fine : 25.44 seconds
[[1507  406]
 [  20   77]]
acc: 0.788
f1: 0.266
[[1861   52]
 [  59   38]]
acc: 0.945
f1: 0.406
7,148,coarse : 25.8 seconds
7,148,fine : 25.82 seconds
[[1506  407]
 [  21   76]]
acc: 0.787
f1: 0.262
[[1862   51]
 [  60   37]]
acc: 0.945
f1: 0.400
7,149,coarse : 25.97 seconds
7,149,fine : 25.99 seconds
[[1507  406]
 [  20   77]]
acc: 0.788
f1: 0.266
[[1862   51]
 [  59   38]]
acc: 0.945
f1: 0.409
7,150,coarse : 27.16 seconds
7,150,fine : 27.17 seconds
[[1503  410]
 [  19   78]]
acc: 0.787
f1: 0.267
[[1862   51]
 [  59   38]]
acc: 0.945
f1: 0.409
7,151,coarse : 26.23 seconds
7,151,fine : 26.25 seconds
[[1503  410]
 [  19   78]]
acc: 0.787
f1: 0.267
[[1860   53]
 [  59   38]]
acc: 0.944
f1: 0.404
7,152,coarse : 25.99 seconds
7,152,fine : 26.01 seconds
[[1504  409]
 [  19   78]]
acc: 0.787
f1: 0.267
[[1861   52]
 [  59   38]]
acc: 0.945
f1: 0.406
7,153,coarse : 26.18 seconds
7,153,fine : 26.2 seconds
[[1500  413]
 [  19   78]]
acc: 0.785
f1: 0.265
[[1860   53]
 [  59   38]]
acc: 0.944
f1: 0.404
7,154,coarse : 25.67 seconds
7,154,fine : 25.69 seconds
[[1500  413]
 [  19   78]]
acc: 0.785
f1: 0.265
[[1860   53]
 [  59   38]]
acc: 0.944
f1: 0.404
7,155,coarse : 26.7 seconds
7,155,fine : 26.72 seconds
[[1500  413]
 [  18   79]]
acc: 0.786
f1: 0.268
[[1860   53]
 [  59   38]]
acc: 0.944
f1: 0.404
7,156,coarse : 27.19 seconds
7,156,fine : 27.21 seconds
[[1501  412]
 [  17   80]]
acc: 0.787
f1: 0.272
[[1861   52]
 [  60   37]]
acc: 0.944
f1: 0.398
7,157,coarse : 27.25 seconds
7,157,fine : 27.27 seconds
[[1497  416]
 [  18   79]]
acc: 0.784
f1: 0.267
[[1863   50]
 [  59   38]]
acc: 0.946
f1: 0.411
7,158,coarse : 27.28 seconds
7,158,fine : 27.3 seconds
[[1498  415]
 [  18   79]]
acc: 0.785
f1: 0.267
[[1862   51]
 [  59   38]]
acc: 0.945
f1: 0.409
7,159,coarse : 27.29 seconds
7,159,fine : 27.31 seconds
[[1499  414]
 [  18   79]]
acc: 0.785
f1: 0.268
[[1862   51]
 [  58   39]]
acc: 0.946
f1: 0.417
7,160,coarse : 27.34 seconds
7,160,fine : 27.36 seconds
[[1499  414]
 [  19   78]]
acc: 0.785
f1: 0.265
[[1862   51]
 [  58   39]]
acc: 0.946
f1: 0.417
7,161,coarse : 28.39 seconds
7,161,fine : 28.42 seconds
[[1501  412]
 [  19   78]]
acc: 0.786
f1: 0.266
[[1861   52]
 [  58   39]]
acc: 0.945
f1: 0.415
7,162,coarse : 28.14 seconds
7,162,fine : 28.16 seconds
[[1496  417]
 [  18   79]]
acc: 0.784
f1: 0.266
[[1861   52]
 [  58   39]]
acc: 0.945
f1: 0.415
7,163,coarse : 28.14 seconds
7,163,fine : 28.16 seconds
[[1499  414]
 [  19   78]]
acc: 0.785
f1: 0.265
[[1861   52]
 [  57   40]]
acc: 0.946
f1: 0.423
7,164,coarse : 28.72 seconds
7,164,fine : 28.74 seconds
[[1494  419]
 [  18   79]]
acc: 0.783
f1: 0.266
[[1860   53]
 [  58   39]]
acc: 0.945
f1: 0.413
7,165,coarse : 28.69 seconds
7,165,fine : 28.71 seconds
[[1499  414]
 [  18   79]]
acc: 0.785
f1: 0.268
[[1861   52]
 [  56   41]]
acc: 0.946
f1: 0.432
7,166,coarse : 28.81 seconds
7,166,fine : 28.83 seconds
[[1503  410]
 [  18   79]]
acc: 0.787
f1: 0.270
[[1861   52]
 [  59   38]]
acc: 0.945
f1: 0.406
7,167,coarse : 29.35 seconds
7,167,fine : 29.37 seconds
[[1503  410]
 [  18   79]]
acc: 0.787
f1: 0.270
[[1861   52]
 [  58   39]]
acc: 0.945
f1: 0.415
7,168,coarse : 28.96 seconds
7,168,fine : 28.99 seconds
[[1506  407]
 [  18   79]]
acc: 0.789
f1: 0.271
[[1861   52]
 [  58   39]]
acc: 0.945
f1: 0.415
7,169,coarse : 29.08 seconds
7,169,fine : 29.11 seconds
[[1505  408]
 [  18   79]]
acc: 0.788
f1: 0.271
[[1860   53]
 [  56   41]]
acc: 0.946
f1: 0.429
7,170,coarse : 29.97 seconds
7,170,fine : 29.99 seconds
[[1506  407]
 [  18   79]]
acc: 0.789
f1: 0.271
[[1860   53]
 [  56   41]]
acc: 0.946
f1: 0.429
7,171,coarse : 29.76 seconds
7,171,fine : 29.78 seconds
[[1503  410]
 [  18   79]]
acc: 0.787
f1: 0.270
[[1859   54]
 [  54   43]]
acc: 0.946
f1: 0.443
7,172,coarse : 30.41 seconds
7,172,fine : 30.43 seconds
