all           0      1    2    3    4    5    6    7    8    
1      2010   1914   1    19   32   19   1    11   6    7    
2      2010   1914   1    19   32   19   1    11   6    7    
3      2010   1914   1    19   32   19   1    11   5    8    
4      2010   1914   1    19   32   19   1    10   6    8    
5      2010   1914   1    18   33   19   1    10   6    8    
6      2010   1914   1    18   33   19   1    10   6    8    
7      2010   1913   2    18   33   19   1    10   6    8    
8      2010   1913   2    18   33   19   1    10   6    8    
9      2009   1913   2    18   32   19   2    10   6    7    
10     2009   1913   1    19   32   19   1    11   6    7    
Total  20098  19136  13   185  324  190  11   104  59   76   
train         0      1    2    3    4    5    6    7    8    
1      2010   1914   1    19   32   19   1    11   6    7    
2      2010   1914   1    19   32   19   1    11   6    7    
3      2010   1914   1    19   32   19   1    11   5    8    
4      2010   1914   1    19   32   19   1    10   6    8    
5      2010   1914   1    18   33   19   1    10   6    8    
6      2010   1914   1    18   33   19   1    10   6    8    
8      2010   1913   2    18   33   19   1    10   6    8    
9      2009   1913   2    18   32   19   2    10   6    7    
10     2009   1913   1    19   32   19   1    11   6    7    
Total  18088  17223  11   167  291  171  10   94   53   68   
test          0      1    2    3    4    5    6    7    8    
7      2010   1913   2    18   33   19   1    10   6    8    
Total  2010   1913   2    18   33   19   1    10   6    8    
Classes             
0         17223     
1         11        
2         167       
3         291       
4         171       
5         10        
6         94        
7         53        
8         68        
Total     18088     

Shape: 450       

[952, 10, 11, 16, 11, 10, 10, 10, 10]
Sum start => 1040
[[1354  559]
 [  18   79]]
acc: 0.713
f1: 0.215
[[1891   22]
 [  89    8]]
acc: 0.945
f1: 0.126
7,1,coarse : 28.3 seconds
7,1,fine : 28.31 seconds
[[1354  559]
 [  18   79]]
acc: 0.713
f1: 0.215
[[1891   22]
 [  89    8]]
acc: 0.945
f1: 0.126
7,2,coarse : 29.63 seconds
7,2,fine : 29.65 seconds
[[1387  526]
 [  18   79]]
acc: 0.729
f1: 0.225
[[1902   11]
 [  94    3]]
acc: 0.948
f1: 0.054
7,3,coarse : 27.37 seconds
7,3,fine : 27.38 seconds
[[1395  518]
 [  20   77]]
acc: 0.732
f1: 0.223
[[1906    7]
 [  93    4]]
acc: 0.950
f1: 0.074
7,4,coarse : 27.83 seconds
7,4,fine : 27.83 seconds
[[1418  495]
 [  20   77]]
acc: 0.744
f1: 0.230
[[1908    5]
 [  90    7]]
acc: 0.953
f1: 0.128
7,5,coarse : 28.24 seconds
7,5,fine : 28.25 seconds
[[1425  488]
 [  21   76]]
acc: 0.747
f1: 0.230
[[1906    7]
 [  90    7]]
acc: 0.952
f1: 0.126
7,6,coarse : 27.33 seconds
7,6,fine : 27.34 seconds
[[1420  493]
 [  20   77]]
acc: 0.745
f1: 0.231
[[1906    7]
 [  91    6]]
acc: 0.951
f1: 0.109
7,7,coarse : 27.56 seconds
7,7,fine : 27.56 seconds
[[1437  476]
 [  21   76]]
acc: 0.753
f1: 0.234
[[1906    7]
 [  90    7]]
acc: 0.952
f1: 0.126
7,8,coarse : 27.44 seconds
7,8,fine : 27.44 seconds
[[1466  447]
 [  21   76]]
acc: 0.767
f1: 0.245
[[1905    8]
 [  89    8]]
acc: 0.952
f1: 0.142
7,9,coarse : 27.41 seconds
7,9,fine : 27.41 seconds
[[1483  430]
 [  21   76]]
acc: 0.776
f1: 0.252
[[1906    7]
 [  88    9]]
acc: 0.953
f1: 0.159
7,10,coarse : 28.19 seconds
7,10,fine : 28.19 seconds
[[1486  427]
 [  22   75]]
acc: 0.777
f1: 0.250
[[1906    7]
 [  89    8]]
acc: 0.952
f1: 0.143
7,11,coarse : 27.23 seconds
7,11,fine : 27.24 seconds
[[1487  426]
 [  22   75]]
acc: 0.777
f1: 0.251
[[1906    7]
 [  90    7]]
acc: 0.952
f1: 0.126
7,12,coarse : 27.0 seconds
7,12,fine : 27.0 seconds
[[1485  428]
 [  23   74]]
acc: 0.776
f1: 0.247
[[1906    7]
 [  92    5]]
acc: 0.951
f1: 0.092
7,13,coarse : 27.03 seconds
7,13,fine : 27.04 seconds
[[1486  427]
 [  21   76]]
acc: 0.777
f1: 0.253
[[1907    6]
 [  88    9]]
acc: 0.953
f1: 0.161
7,14,coarse : 27.4 seconds
7,14,fine : 27.41 seconds
[[1499  414]
 [  22   75]]
acc: 0.783
f1: 0.256
[[1908    5]
 [  86   11]]
acc: 0.955
f1: 0.195
7,15,coarse : 26.77 seconds
7,15,fine : 26.78 seconds
[[1513  400]
 [  22   75]]
acc: 0.790
f1: 0.262
[[1906    7]
 [  88    9]]
acc: 0.953
f1: 0.159
7,16,coarse : 26.64 seconds
7,16,fine : 26.64 seconds
[[1505  408]
 [  22   75]]
acc: 0.786
f1: 0.259
[[1906    7]
 [  86   11]]
acc: 0.954
f1: 0.191
7,17,coarse : 27.18 seconds
7,17,fine : 27.19 seconds
[[1510  403]
 [  23   74]]
acc: 0.788
f1: 0.258
[[1906    7]
 [  88    9]]
acc: 0.953
f1: 0.159
7,18,coarse : 26.83 seconds
7,18,fine : 26.83 seconds
[[1518  395]
 [  23   74]]
acc: 0.792
f1: 0.261
[[1906    7]
 [  86   11]]
acc: 0.954
f1: 0.191
7,19,coarse : 26.8 seconds
7,19,fine : 26.8 seconds
[[1512  401]
 [  21   76]]
acc: 0.790
f1: 0.265
[[1905    8]
 [  86   11]]
acc: 0.953
f1: 0.190
7,20,coarse : 27.89 seconds
7,20,fine : 27.89 seconds
[[1514  399]
 [  21   76]]
acc: 0.791
f1: 0.266
[[1904    9]
 [  87   10]]
acc: 0.952
f1: 0.172
7,21,coarse : 28.21 seconds
7,21,fine : 28.22 seconds
[[1521  392]
 [  22   75]]
acc: 0.794
f1: 0.266
[[1904    9]
 [  85   12]]
acc: 0.953
f1: 0.203
7,22,coarse : 27.24 seconds
7,22,fine : 27.24 seconds
[[1525  388]
 [  21   76]]
acc: 0.797
f1: 0.271
[[1905    8]
 [  85   12]]
acc: 0.954
f1: 0.205
7,23,coarse : 27.26 seconds
7,23,fine : 27.27 seconds
[[1528  385]
 [  21   76]]
acc: 0.798
f1: 0.272
[[1904    9]
 [  85   12]]
acc: 0.953
f1: 0.203
7,24,coarse : 26.63 seconds
7,24,fine : 26.64 seconds
[[1525  388]
 [  22   75]]
acc: 0.796
f1: 0.268
[[1905    8]
 [  84   13]]
acc: 0.954
f1: 0.220
7,25,coarse : 26.65 seconds
7,25,fine : 26.66 seconds
[[1523  390]
 [  22   75]]
acc: 0.795
f1: 0.267
[[1905    8]
 [  84   13]]
acc: 0.954
f1: 0.220
7,26,coarse : 27.28 seconds
7,26,fine : 27.29 seconds
[[1535  378]
 [  24   73]]
acc: 0.800
f1: 0.266
[[1905    8]
 [  84   13]]
acc: 0.954
f1: 0.220
7,27,coarse : 27.01 seconds
7,27,fine : 27.01 seconds
[[1536  377]
 [  24   73]]
acc: 0.800
f1: 0.267
[[1905    8]
 [  84   13]]
acc: 0.954
f1: 0.220
7,28,coarse : 26.97 seconds
7,28,fine : 26.98 seconds
[[1531  382]
 [  24   73]]
acc: 0.798
f1: 0.264
[[1906    7]
 [  84   13]]
acc: 0.955
f1: 0.222
7,29,coarse : 27.33 seconds
7,29,fine : 27.34 seconds
[[1537  376]
 [  24   73]]
acc: 0.801
f1: 0.267
[[1905    8]
 [  84   13]]
acc: 0.954
f1: 0.220
7,30,coarse : 27.02 seconds
7,30,fine : 27.02 seconds
[[1536  377]
 [  23   74]]
acc: 0.801
f1: 0.270
[[1905    8]
 [  83   14]]
acc: 0.955
f1: 0.235
7,31,coarse : 26.82 seconds
7,31,fine : 26.83 seconds
[[1531  382]
 [  23   74]]
acc: 0.799
f1: 0.268
[[1905    8]
 [  82   15]]
acc: 0.955
f1: 0.250
7,32,coarse : 26.84 seconds
7,32,fine : 26.85 seconds
[[1537  376]
 [  23   74]]
acc: 0.801
f1: 0.271
[[1905    8]
 [  82   15]]
acc: 0.955
f1: 0.250
7,33,coarse : 27.26 seconds
7,33,fine : 27.27 seconds
[[1544  369]
 [  24   73]]
acc: 0.804
f1: 0.271
[[1906    7]
 [  82   15]]
acc: 0.956
f1: 0.252
7,34,coarse : 26.71 seconds
7,34,fine : 26.72 seconds
[[1536  377]
 [  24   73]]
acc: 0.800
f1: 0.267
[[1906    7]
 [  82   15]]
acc: 0.956
f1: 0.252
7,35,coarse : 26.84 seconds
7,35,fine : 26.85 seconds
[[1544  369]
 [  24   73]]
acc: 0.804
f1: 0.271
[[1906    7]
 [  82   15]]
acc: 0.956
f1: 0.252
7,36,coarse : 27.32 seconds
7,36,fine : 27.33 seconds
[[1546  367]
 [  23   74]]
acc: 0.806
f1: 0.275
[[1905    8]
 [  82   15]]
acc: 0.955
f1: 0.250
7,37,coarse : 26.75 seconds
7,37,fine : 26.76 seconds
[[1548  365]
 [  23   74]]
acc: 0.807
f1: 0.276
[[1904    9]
 [  82   15]]
acc: 0.955
f1: 0.248
7,38,coarse : 26.7 seconds
7,38,fine : 26.71 seconds
[[1539  374]
 [  22   75]]
acc: 0.803
f1: 0.275
[[1904    9]
 [  81   16]]
acc: 0.955
f1: 0.262
7,39,coarse : 26.88 seconds
7,39,fine : 26.88 seconds
[[1543  370]
 [  22   75]]
acc: 0.805
f1: 0.277
[[1904    9]
 [  80   17]]
acc: 0.956
f1: 0.276
7,40,coarse : 27.39 seconds
7,40,fine : 27.4 seconds
[[1542  371]
 [  22   75]]
acc: 0.804
f1: 0.276
[[1904    9]
 [  81   16]]
acc: 0.955
f1: 0.262
7,41,coarse : 27.48 seconds
7,41,fine : 27.49 seconds
[[1542  371]
 [  22   75]]
acc: 0.804
f1: 0.276
[[1904    9]
 [  79   18]]
acc: 0.956
f1: 0.290
7,42,coarse : 26.77 seconds
7,42,fine : 26.78 seconds
[[1546  367]
 [  23   74]]
acc: 0.806
f1: 0.275
[[1903   10]
 [  80   17]]
acc: 0.955
f1: 0.274
7,43,coarse : 27.17 seconds
7,43,fine : 27.18 seconds
[[1545  368]
 [  23   74]]
acc: 0.805
f1: 0.275
[[1904    9]
 [  79   18]]
acc: 0.956
f1: 0.290
7,44,coarse : 26.7 seconds
7,44,fine : 26.71 seconds
[[1539  374]
 [  21   76]]
acc: 0.803
f1: 0.278
[[1904    9]
 [  79   18]]
acc: 0.956
f1: 0.290
7,45,coarse : 26.97 seconds
7,45,fine : 26.97 seconds
[[1546  367]
 [  20   77]]
acc: 0.807
f1: 0.285
[[1904    9]
 [  79   18]]
acc: 0.956
f1: 0.290
7,46,coarse : 26.87 seconds
7,46,fine : 26.88 seconds
[[1534  379]
 [  21   76]]
acc: 0.801
f1: 0.275
[[1903   10]
 [  77   20]]
acc: 0.957
f1: 0.315
7,47,coarse : 27.43 seconds
7,47,fine : 27.44 seconds
[[1537  376]
 [  20   77]]
acc: 0.803
f1: 0.280
[[1903   10]
 [  77   20]]
acc: 0.957
f1: 0.315
7,48,coarse : 26.63 seconds
7,48,fine : 26.64 seconds
[[1537  376]
 [  19   78]]
acc: 0.803
f1: 0.283
[[1903   10]
 [  77   20]]
acc: 0.957
f1: 0.315
7,49,coarse : 27.0 seconds
7,49,fine : 27.0 seconds
[[1537  376]
 [  19   78]]
acc: 0.803
f1: 0.283
[[1902   11]
 [  77   20]]
acc: 0.956
f1: 0.312
7,50,coarse : 29.08 seconds
7,50,fine : 29.08 seconds
[[1527  386]
 [  19   78]]
acc: 0.799
f1: 0.278
[[1902   11]
 [  78   19]]
acc: 0.956
f1: 0.299
7,51,coarse : 26.72 seconds
7,51,fine : 26.73 seconds
[[1526  387]
 [  19   78]]
acc: 0.798
f1: 0.278
[[1902   11]
 [  78   19]]
acc: 0.956
f1: 0.299
7,52,coarse : 26.73 seconds
7,52,fine : 26.74 seconds
[[1523  390]
 [  19   78]]
acc: 0.797
f1: 0.276
[[1902   11]
 [  77   20]]
acc: 0.956
f1: 0.312
7,53,coarse : 27.23 seconds
7,53,fine : 27.24 seconds
[[1527  386]
 [  20   77]]
acc: 0.798
f1: 0.275
[[1902   11]
 [  77   20]]
acc: 0.956
f1: 0.312
7,54,coarse : 26.75 seconds
7,54,fine : 26.76 seconds
[[1536  377]
 [  20   77]]
acc: 0.802
f1: 0.279
[[1901   12]
 [  76   21]]
acc: 0.956
f1: 0.323
7,55,coarse : 26.93 seconds
7,55,fine : 26.94 seconds
[[1541  372]
 [  19   78]]
acc: 0.805
f1: 0.285
[[1902   11]
 [  76   21]]
acc: 0.957
f1: 0.326
7,56,coarse : 27.12 seconds
7,56,fine : 27.13 seconds
[[1537  376]
 [  19   78]]
acc: 0.803
f1: 0.283
[[1901   12]
 [  76   21]]
acc: 0.956
f1: 0.323
7,57,coarse : 27.37 seconds
7,57,fine : 27.38 seconds
[[1537  376]
 [  19   78]]
acc: 0.803
f1: 0.283
[[1899   14]
 [  76   21]]
acc: 0.955
f1: 0.318
7,58,coarse : 27.08 seconds
7,58,fine : 27.09 seconds
[[1539  374]
 [  19   78]]
acc: 0.804
f1: 0.284
[[1900   13]
 [  76   21]]
acc: 0.956
f1: 0.321
7,59,coarse : 27.29 seconds
7,59,fine : 27.3 seconds
[[1533  380]
 [  19   78]]
acc: 0.801
f1: 0.281
[[1899   14]
 [  76   21]]
acc: 0.955
f1: 0.318
7,60,coarse : 27.02 seconds
7,60,fine : 27.03 seconds
[[1531  382]
 [  19   78]]
acc: 0.800
f1: 0.280
[[1898   15]
 [  75   22]]
acc: 0.955
f1: 0.328
7,61,coarse : 26.92 seconds
7,61,fine : 26.93 seconds
[[1538  375]
 [  19   78]]
acc: 0.804
f1: 0.284
[[1899   14]
 [  74   23]]
acc: 0.956
f1: 0.343
7,62,coarse : 28.28 seconds
7,62,fine : 28.29 seconds
[[1534  379]
 [  18   79]]
acc: 0.802
f1: 0.285
[[1898   15]
 [  74   23]]
acc: 0.956
f1: 0.341
7,63,coarse : 26.97 seconds
7,63,fine : 26.98 seconds
[[1535  378]
 [  19   78]]
acc: 0.802
f1: 0.282
[[1896   17]
 [  74   23]]
acc: 0.955
f1: 0.336
7,64,coarse : 26.87 seconds
7,64,fine : 26.88 seconds
[[1538  375]
 [  18   79]]
acc: 0.804
f1: 0.287
[[1898   15]
 [  74   23]]
acc: 0.956
f1: 0.341
7,65,coarse : 27.19 seconds
7,65,fine : 27.21 seconds
[[1532  381]
 [  18   79]]
acc: 0.801
f1: 0.284
[[1898   15]
 [  73   24]]
acc: 0.956
f1: 0.353
7,66,coarse : 27.15 seconds
7,66,fine : 27.16 seconds
[[1534  379]
 [  18   79]]
acc: 0.802
f1: 0.285
[[1898   15]
 [  73   24]]
acc: 0.956
f1: 0.353
7,67,coarse : 26.99 seconds
7,67,fine : 27.0 seconds
[[1536  377]
 [  18   79]]
acc: 0.803
f1: 0.286
[[1898   15]
 [  73   24]]
acc: 0.956
f1: 0.353
7,68,coarse : 27.31 seconds
7,68,fine : 27.32 seconds
[[1533  380]
 [  18   79]]
acc: 0.802
f1: 0.284
[[1897   16]
 [  72   25]]
acc: 0.956
f1: 0.362
7,69,coarse : 27.25 seconds
7,69,fine : 27.26 seconds
[[1528  385]
 [  18   79]]
acc: 0.800
f1: 0.282
[[1897   16]
 [  72   25]]
acc: 0.956
f1: 0.362
7,70,coarse : 27.03 seconds
7,70,fine : 27.04 seconds
[[1527  386]
 [  19   78]]
acc: 0.799
f1: 0.278
[[1897   16]
 [  72   25]]
acc: 0.956
f1: 0.362
7,71,coarse : 27.71 seconds
7,71,fine : 27.72 seconds
[[1528  385]
 [  19   78]]
acc: 0.799
f1: 0.279
[[1895   18]
 [  72   25]]
acc: 0.955
f1: 0.357
7,72,coarse : 27.58 seconds
7,72,fine : 27.59 seconds
[[1534  379]
 [  19   78]]
acc: 0.802
f1: 0.282
[[1895   18]
 [  72   25]]
acc: 0.955
f1: 0.357
7,73,coarse : 27.37 seconds
7,73,fine : 27.38 seconds
[[1536  377]
 [  19   78]]
acc: 0.803
f1: 0.283
[[1894   19]
 [  72   25]]
acc: 0.955
f1: 0.355
7,74,coarse : 27.26 seconds
7,74,fine : 27.27 seconds
[[1534  379]
 [  19   78]]
acc: 0.802
f1: 0.282
[[1894   19]
 [  72   25]]
acc: 0.955
f1: 0.355
7,75,coarse : 27.38 seconds
7,75,fine : 27.39 seconds
[[1533  380]
 [  19   78]]
acc: 0.801
f1: 0.281
[[1894   19]
 [  73   24]]
acc: 0.954
f1: 0.343
7,76,coarse : 27.2 seconds
7,76,fine : 27.21 seconds
[[1536  377]
 [  19   78]]
acc: 0.803
f1: 0.283
[[1895   18]
 [  72   25]]
acc: 0.955
f1: 0.357
7,77,coarse : 27.03 seconds
7,77,fine : 27.04 seconds
[[1534  379]
 [  19   78]]
acc: 0.802
f1: 0.282
[[1894   19]
 [  72   25]]
acc: 0.955
f1: 0.355
7,78,coarse : 26.76 seconds
7,78,fine : 26.77 seconds
[[1534  379]
 [  19   78]]
acc: 0.802
f1: 0.282
[[1894   19]
 [  72   25]]
acc: 0.955
f1: 0.355
7,79,coarse : 28.01 seconds
7,79,fine : 28.02 seconds
[[1543  370]
 [  20   77]]
acc: 0.806
f1: 0.283
[[1892   21]
 [  72   25]]
acc: 0.954
f1: 0.350
7,80,coarse : 27.76 seconds
7,80,fine : 27.77 seconds
[[1543  370]
 [  20   77]]
acc: 0.806
f1: 0.283
[[1892   21]
 [  72   25]]
acc: 0.954
f1: 0.350
7,81,coarse : 26.95 seconds
7,81,fine : 26.97 seconds
[[1540  373]
 [  20   77]]
acc: 0.804
f1: 0.282
[[1892   21]
 [  71   26]]
acc: 0.954
f1: 0.361
7,82,coarse : 27.43 seconds
7,82,fine : 27.45 seconds
[[1549  364]
 [  20   77]]
acc: 0.809
f1: 0.286
[[1892   21]
 [  70   27]]
acc: 0.955
f1: 0.372
7,83,coarse : 26.65 seconds
7,83,fine : 26.67 seconds
[[1553  360]
 [  19   78]]
acc: 0.811
f1: 0.292
[[1891   22]
 [  71   26]]
acc: 0.954
f1: 0.359
7,84,coarse : 27.1 seconds
7,84,fine : 27.11 seconds
[[1545  368]
 [  19   78]]
acc: 0.807
f1: 0.287
[[1891   22]
 [  71   26]]
acc: 0.954
f1: 0.359
7,85,coarse : 27.36 seconds
7,85,fine : 27.37 seconds
[[1551  362]
 [  20   77]]
acc: 0.810
f1: 0.287
[[1891   22]
 [  70   27]]
acc: 0.954
f1: 0.370
7,86,coarse : 27.99 seconds
7,86,fine : 28.0 seconds
[[1551  362]
 [  20   77]]
acc: 0.810
f1: 0.287
[[1891   22]
 [  69   28]]
acc: 0.955
f1: 0.381
7,87,coarse : 27.39 seconds
7,87,fine : 27.4 seconds
[[1552  361]
 [  20   77]]
acc: 0.810
f1: 0.288
[[1891   22]
 [  69   28]]
acc: 0.955
f1: 0.381
7,88,coarse : 27.57 seconds
7,88,fine : 27.59 seconds
[[1553  360]
 [  20   77]]
acc: 0.811
f1: 0.288
[[1891   22]
 [  68   29]]
acc: 0.955
f1: 0.392
7,89,coarse : 27.64 seconds
7,89,fine : 27.65 seconds
[[1546  367]
 [  19   78]]
acc: 0.808
f1: 0.288
[[1891   22]
 [  68   29]]
acc: 0.955
f1: 0.392
7,90,coarse : 27.29 seconds
7,90,fine : 27.31 seconds
[[1548  365]
 [  19   78]]
acc: 0.809
f1: 0.289
[[1891   22]
 [  68   29]]
acc: 0.955
f1: 0.392
7,91,coarse : 27.88 seconds
7,91,fine : 27.9 seconds
[[1545  368]
 [  20   77]]
acc: 0.807
f1: 0.284
[[1891   22]
 [  68   29]]
acc: 0.955
f1: 0.392
7,92,coarse : 28.23 seconds
7,92,fine : 28.25 seconds
[[1546  367]
 [  20   77]]
acc: 0.807
f1: 0.285
[[1891   22]
 [  67   30]]
acc: 0.956
f1: 0.403
7,93,coarse : 27.55 seconds
7,93,fine : 27.56 seconds
[[1550  363]
 [  20   77]]
acc: 0.809
f1: 0.287
[[1890   23]
 [  67   30]]
acc: 0.955
f1: 0.400
7,94,coarse : 27.8 seconds
7,94,fine : 27.82 seconds
[[1552  361]
 [  20   77]]
acc: 0.810
f1: 0.288
[[1890   23]
 [  68   29]]
acc: 0.955
f1: 0.389
7,95,coarse : 27.57 seconds
7,95,fine : 27.59 seconds
[[1551  362]
 [  21   76]]
acc: 0.809
f1: 0.284
[[1890   23]
 [  68   29]]
acc: 0.955
f1: 0.389
7,96,coarse : 28.05 seconds
7,96,fine : 28.07 seconds
[[1550  363]
 [  21   76]]
acc: 0.809
f1: 0.284
[[1890   23]
 [  68   29]]
acc: 0.955
f1: 0.389
7,97,coarse : 28.07 seconds
7,97,fine : 28.09 seconds
[[1549  364]
 [  21   76]]
acc: 0.808
f1: 0.283
[[1890   23]
 [  67   30]]
acc: 0.955
f1: 0.400
7,98,coarse : 27.71 seconds
7,98,fine : 27.72 seconds
[[1551  362]
 [  21   76]]
acc: 0.809
f1: 0.284
[[1890   23]
 [  67   30]]
acc: 0.955
f1: 0.400
7,99,coarse : 27.12 seconds
7,99,fine : 27.14 seconds
[[1549  364]
 [  21   76]]
acc: 0.808
f1: 0.283
[[1890   23]
 [  67   30]]
acc: 0.955
f1: 0.400
7,100,coarse : 28.21 seconds
7,100,fine : 28.22 seconds
[[1551  362]
 [  21   76]]
acc: 0.809
f1: 0.284
[[1888   25]
 [  66   31]]
acc: 0.955
f1: 0.405
7,101,coarse : 26.87 seconds
7,101,fine : 26.89 seconds
[[1541  372]
 [  20   77]]
acc: 0.805
f1: 0.282
[[1887   26]
 [  66   31]]
acc: 0.954
f1: 0.403
7,102,coarse : 28.05 seconds
7,102,fine : 28.06 seconds
[[1542  371]
 [  20   77]]
acc: 0.805
f1: 0.283
[[1888   25]
 [  65   32]]
acc: 0.955
f1: 0.416
7,103,coarse : 26.81 seconds
7,103,fine : 26.82 seconds
[[1541  372]
 [  20   77]]
acc: 0.805
f1: 0.282
[[1889   24]
 [  66   31]]
acc: 0.955
f1: 0.408
7,104,coarse : 27.16 seconds
7,104,fine : 27.17 seconds
[[1536  377]
 [  19   78]]
acc: 0.803
f1: 0.283
[[1889   24]
 [  66   31]]
acc: 0.955
f1: 0.408
7,105,coarse : 26.91 seconds
7,105,fine : 26.92 seconds
[[1533  380]
 [  19   78]]
acc: 0.801
f1: 0.281
[[1888   25]
 [  65   32]]
acc: 0.955
f1: 0.416
7,106,coarse : 27.16 seconds
7,106,fine : 27.18 seconds
[[1535  378]
 [  19   78]]
acc: 0.802
f1: 0.282
[[1888   25]
 [  65   32]]
acc: 0.955
f1: 0.416
7,107,coarse : 27.06 seconds
7,107,fine : 27.07 seconds
[[1539  374]
 [  19   78]]
acc: 0.804
f1: 0.284
[[1887   26]
 [  64   33]]
acc: 0.955
f1: 0.423
7,108,coarse : 26.92 seconds
7,108,fine : 26.93 seconds
[[1538  375]
 [  19   78]]
acc: 0.804
f1: 0.284
[[1886   27]
 [  64   33]]
acc: 0.955
f1: 0.420
7,109,coarse : 27.17 seconds
7,109,fine : 27.18 seconds
[[1532  381]
 [  19   78]]
acc: 0.801
f1: 0.281
[[1887   26]
 [  64   33]]
acc: 0.955
f1: 0.423
7,110,coarse : 27.07 seconds
7,110,fine : 27.09 seconds
[[1531  382]
 [  19   78]]
acc: 0.800
f1: 0.280
[[1887   26]
 [  64   33]]
acc: 0.955
f1: 0.423
7,111,coarse : 26.98 seconds
7,111,fine : 27.0 seconds
[[1524  389]
 [  20   77]]
acc: 0.797
f1: 0.274
[[1885   28]
 [  65   32]]
acc: 0.954
f1: 0.408
7,112,coarse : 26.93 seconds
7,112,fine : 26.95 seconds
[[1528  385]
 [  20   77]]
acc: 0.799
f1: 0.275
[[1884   29]
 [  63   34]]
acc: 0.954
f1: 0.425
7,113,coarse : 27.0 seconds
7,113,fine : 27.01 seconds
[[1530  383]
 [  21   76]]
acc: 0.799
f1: 0.273
[[1884   29]
 [  63   34]]
acc: 0.954
f1: 0.425
7,114,coarse : 27.01 seconds
7,114,fine : 27.03 seconds
[[1537  376]
 [  21   76]]
acc: 0.802
f1: 0.277
[[1884   29]
 [  63   34]]
acc: 0.954
f1: 0.425
7,115,coarse : 26.98 seconds
7,115,fine : 27.0 seconds
[[1536  377]
 [  22   75]]
acc: 0.801
f1: 0.273
[[1884   29]
 [  63   34]]
acc: 0.954
f1: 0.425
7,116,coarse : 27.26 seconds
7,116,fine : 27.28 seconds
[[1537  376]
 [  22   75]]
acc: 0.802
f1: 0.274
[[1884   29]
 [  63   34]]
acc: 0.954
f1: 0.425
7,117,coarse : 27.04 seconds
7,117,fine : 27.05 seconds
[[1537  376]
 [  22   75]]
acc: 0.802
f1: 0.274
[[1884   29]
 [  63   34]]
acc: 0.954
f1: 0.425
7,118,coarse : 27.74 seconds
7,118,fine : 27.75 seconds
[[1536  377]
 [  22   75]]
acc: 0.801
f1: 0.273
[[1884   29]
 [  63   34]]
acc: 0.954
f1: 0.425
7,119,coarse : 27.2 seconds
7,119,fine : 27.22 seconds
[[1535  378]
 [  22   75]]
acc: 0.801
f1: 0.273
[[1884   29]
 [  64   33]]
acc: 0.954
f1: 0.415
7,120,coarse : 27.15 seconds
7,120,fine : 27.16 seconds
[[1536  377]
 [  22   75]]
acc: 0.801
f1: 0.273
[[1884   29]
 [  64   33]]
acc: 0.954
f1: 0.415
7,121,coarse : 27.24 seconds
7,121,fine : 27.26 seconds
[[1535  378]
 [  21   76]]
acc: 0.801
f1: 0.276
[[1884   29]
 [  64   33]]
acc: 0.954
f1: 0.415
7,122,coarse : 27.05 seconds
7,122,fine : 27.07 seconds
[[1534  379]
 [  21   76]]
acc: 0.801
f1: 0.275
[[1884   29]
 [  64   33]]
acc: 0.954
f1: 0.415
7,123,coarse : 28.31 seconds
7,123,fine : 28.33 seconds
[[1534  379]
 [  21   76]]
acc: 0.801
f1: 0.275
[[1883   30]
 [  64   33]]
acc: 0.953
f1: 0.412
7,124,coarse : 27.77 seconds
7,124,fine : 27.79 seconds
[[1534  379]
 [  21   76]]
acc: 0.801
f1: 0.275
[[1883   30]
 [  64   33]]
acc: 0.953
f1: 0.412
7,125,coarse : 27.9 seconds
7,125,fine : 27.92 seconds
[[1535  378]
 [  21   76]]
acc: 0.801
f1: 0.276
[[1883   30]
 [  64   33]]
acc: 0.953
f1: 0.412
7,126,coarse : 28.21 seconds
7,126,fine : 28.23 seconds
[[1534  379]
 [  22   75]]
acc: 0.800
f1: 0.272
[[1883   30]
 [  64   33]]
acc: 0.953
f1: 0.412
7,127,coarse : 27.72 seconds
7,127,fine : 27.73 seconds
[[1534  379]
 [  22   75]]
acc: 0.800
f1: 0.272
[[1883   30]
 [  64   33]]
acc: 0.953
f1: 0.412
7,128,coarse : 28.08 seconds
7,128,fine : 28.1 seconds
[[1535  378]
 [  21   76]]
acc: 0.801
f1: 0.276
[[1883   30]
 [  64   33]]
acc: 0.953
f1: 0.412
7,129,coarse : 28.73 seconds
7,129,fine : 28.74 seconds
[[1534  379]
 [  21   76]]
acc: 0.801
f1: 0.275
[[1884   29]
 [  64   33]]
acc: 0.954
f1: 0.415
7,130,coarse : 28.52 seconds
7,130,fine : 28.54 seconds
[[1535  378]
 [  21   76]]
acc: 0.801
f1: 0.276
[[1881   32]
 [  64   33]]
acc: 0.952
f1: 0.407
7,131,coarse : 29.09 seconds
7,131,fine : 29.11 seconds
[[1530  383]
 [  20   77]]
acc: 0.800
f1: 0.276
[[1880   33]
 [  64   33]]
acc: 0.952
f1: 0.405
7,132,coarse : 27.98 seconds
7,132,fine : 28.0 seconds
[[1529  384]
 [  19   78]]
acc: 0.800
f1: 0.279
[[1880   33]
 [  63   34]]
acc: 0.952
f1: 0.415
7,133,coarse : 27.81 seconds
7,133,fine : 27.83 seconds
[[1527  386]
 [  19   78]]
acc: 0.799
f1: 0.278
[[1880   33]
 [  64   33]]
acc: 0.952
f1: 0.405
7,134,coarse : 28.63 seconds
7,134,fine : 28.65 seconds
[[1521  392]
 [  20   77]]
acc: 0.795
f1: 0.272
[[1880   33]
 [  64   33]]
acc: 0.952
f1: 0.405
7,135,coarse : 28.38 seconds
7,135,fine : 28.39 seconds
[[1519  394]
 [  20   77]]
acc: 0.794
f1: 0.271
[[1880   33]
 [  64   33]]
acc: 0.952
f1: 0.405
7,136,coarse : 28.5 seconds
7,136,fine : 28.52 seconds
[[1521  392]
 [  20   77]]
acc: 0.795
f1: 0.272
[[1880   33]
 [  64   33]]
acc: 0.952
f1: 0.405
7,137,coarse : 28.45 seconds
7,137,fine : 28.47 seconds
[[1522  391]
 [  20   77]]
acc: 0.796
f1: 0.273
[[1880   33]
 [  64   33]]
acc: 0.952
f1: 0.405
7,138,coarse : 29.32 seconds
7,138,fine : 29.34 seconds
[[1520  393]
 [  20   77]]
acc: 0.795
f1: 0.272
[[1878   35]
 [  64   33]]
acc: 0.951
f1: 0.400
7,139,coarse : 28.47 seconds
7,139,fine : 28.49 seconds
[[1515  398]
 [  20   77]]
acc: 0.792
f1: 0.269
[[1876   37]
 [  62   35]]
acc: 0.951
f1: 0.414
7,140,coarse : 28.66 seconds
7,140,fine : 28.68 seconds
[[1512  401]
 [  20   77]]
acc: 0.791
f1: 0.268
[[1875   38]
 [  62   35]]
acc: 0.950
f1: 0.412
7,141,coarse : 28.61 seconds
7,141,fine : 28.63 seconds
[[1517  396]
 [  20   77]]
acc: 0.793
f1: 0.270
[[1875   38]
 [  61   36]]
acc: 0.951
f1: 0.421
7,142,coarse : 28.35 seconds
7,142,fine : 28.37 seconds
[[1518  395]
 [  20   77]]
acc: 0.794
f1: 0.271
[[1874   39]
 [  61   36]]
acc: 0.950
f1: 0.419
7,143,coarse : 29.05 seconds
7,143,fine : 29.06 seconds
[[1513  400]
 [  20   77]]
acc: 0.791
f1: 0.268
[[1874   39]
 [  61   36]]
acc: 0.950
f1: 0.419
7,144,coarse : 29.04 seconds
7,144,fine : 29.06 seconds
[[1512  401]
 [  20   77]]
acc: 0.791
f1: 0.268
[[1874   39]
 [  61   36]]
acc: 0.950
f1: 0.419
7,145,coarse : 29.16 seconds
7,145,fine : 29.18 seconds
[[1513  400]
 [  19   78]]
acc: 0.792
f1: 0.271
[[1874   39]
 [  61   36]]
acc: 0.950
f1: 0.419
7,146,coarse : 28.82 seconds
7,146,fine : 28.84 seconds
[[1511  402]
 [  19   78]]
acc: 0.791
f1: 0.270
[[1873   40]
 [  61   36]]
acc: 0.950
f1: 0.416
7,147,coarse : 29.19 seconds
7,147,fine : 29.21 seconds
[[1510  403]
 [  19   78]]
acc: 0.790
f1: 0.270
[[1873   40]
 [  61   36]]
acc: 0.950
f1: 0.416
7,148,coarse : 30.04 seconds
7,148,fine : 30.07 seconds
[[1515  398]
 [  19   78]]
acc: 0.793
f1: 0.272
[[1873   40]
 [  61   36]]
acc: 0.950
f1: 0.416
7,149,coarse : 29.2 seconds
7,149,fine : 29.22 seconds
[[1514  399]
 [  19   78]]
acc: 0.792
f1: 0.272
[[1873   40]
 [  60   37]]
acc: 0.950
f1: 0.425
7,150,coarse : 31.26 seconds
7,150,fine : 31.27 seconds
[[1506  407]
 [  19   78]]
acc: 0.788
f1: 0.268
[[1872   41]
 [  60   37]]
acc: 0.950
f1: 0.423
7,151,coarse : 29.57 seconds
7,151,fine : 29.59 seconds
[[1508  405]
 [  19   78]]
acc: 0.789
f1: 0.269
[[1872   41]
 [  60   37]]
acc: 0.950
f1: 0.423
7,152,coarse : 29.58 seconds
7,152,fine : 29.6 seconds
[[1506  407]
 [  19   78]]
acc: 0.788
f1: 0.268
[[1872   41]
 [  59   38]]
acc: 0.950
f1: 0.432
7,153,coarse : 29.69 seconds
7,153,fine : 29.71 seconds
[[1505  408]
 [  18   79]]
acc: 0.788
f1: 0.271
[[1873   40]
 [  59   38]]
acc: 0.951
f1: 0.434
7,154,coarse : 29.88 seconds
7,154,fine : 29.9 seconds
[[1503  410]
 [  18   79]]
acc: 0.787
f1: 0.270
[[1872   41]
 [  59   38]]
acc: 0.950
f1: 0.432
7,155,coarse : 29.76 seconds
7,155,fine : 29.78 seconds
[[1503  410]
 [  18   79]]
acc: 0.787
f1: 0.270
[[1872   41]
 [  59   38]]
acc: 0.950
f1: 0.432
7,156,coarse : 30.66 seconds
7,156,fine : 30.68 seconds
[[1505  408]
 [  18   79]]
acc: 0.788
f1: 0.271
[[1872   41]
 [  58   39]]
acc: 0.951
f1: 0.441
7,157,coarse : 30.0 seconds
7,157,fine : 30.02 seconds
[[1504  409]
 [  19   78]]
acc: 0.787
f1: 0.267
[[1871   42]
 [  58   39]]
acc: 0.950
f1: 0.438
7,158,coarse : 30.08 seconds
7,158,fine : 30.1 seconds
[[1505  408]
 [  19   78]]
acc: 0.788
f1: 0.268
[[1871   42]
 [  58   39]]
acc: 0.950
f1: 0.438
7,159,coarse : 29.74 seconds
7,159,fine : 29.76 seconds
[[1505  408]
 [  18   79]]
acc: 0.788
f1: 0.271
[[1869   44]
 [  58   39]]
acc: 0.949
f1: 0.433
7,160,coarse : 29.61 seconds
7,160,fine : 29.63 seconds
[[1504  409]
 [  18   79]]
acc: 0.788
f1: 0.270
[[1868   45]
 [  58   39]]
acc: 0.949
f1: 0.431
7,161,coarse : 29.54 seconds
7,161,fine : 29.56 seconds
[[1504  409]
 [  18   79]]
acc: 0.788
f1: 0.270
[[1868   45]
 [  58   39]]
acc: 0.949
f1: 0.431
7,162,coarse : 29.63 seconds
7,162,fine : 29.65 seconds
[[1501  412]
 [  18   79]]
acc: 0.786
f1: 0.269
[[1868   45]
 [  58   39]]
acc: 0.949
f1: 0.431
7,163,coarse : 30.3 seconds
7,163,fine : 30.33 seconds
[[1505  408]
 [  19   78]]
acc: 0.788
f1: 0.268
[[1867   46]
 [  56   41]]
acc: 0.949
f1: 0.446
7,164,coarse : 29.84 seconds
7,164,fine : 29.86 seconds
[[1503  410]
 [  19   78]]
acc: 0.787
f1: 0.267
[[1867   46]
 [  57   40]]
acc: 0.949
f1: 0.437
7,165,coarse : 29.63 seconds
7,165,fine : 29.65 seconds
[[1502  411]
 [  19   78]]
acc: 0.786
f1: 0.266
[[1866   47]
 [  57   40]]
acc: 0.948
f1: 0.435
7,166,coarse : 29.85 seconds
7,166,fine : 29.87 seconds
[[1504  409]
 [  19   78]]
acc: 0.787
f1: 0.267
[[1866   47]
 [  57   40]]
acc: 0.948
f1: 0.435
7,167,coarse : 29.66 seconds
7,167,fine : 29.68 seconds
[[1502  411]
 [  19   78]]
acc: 0.786
f1: 0.266
[[1866   47]
 [  57   40]]
acc: 0.948
f1: 0.435
7,168,coarse : 29.38 seconds
7,168,fine : 29.4 seconds
[[1503  410]
 [  19   78]]
acc: 0.787
f1: 0.267
[[1866   47]
 [  56   41]]
acc: 0.949
f1: 0.443
7,169,coarse : 29.35 seconds
7,169,fine : 29.37 seconds
[[1502  411]
 [  19   78]]
acc: 0.786
f1: 0.266
[[1864   49]
 [  55   42]]
acc: 0.948
f1: 0.447
7,170,coarse : 29.68 seconds
7,170,fine : 29.7 seconds
[[1503  410]
 [  19   78]]
acc: 0.787
f1: 0.267
[[1863   50]
 [  55   42]]
acc: 0.948
f1: 0.444
7,171,coarse : 29.5 seconds
7,171,fine : 29.52 seconds
[[1504  409]
 [  19   78]]
acc: 0.787
f1: 0.267
[[1862   51]
 [  55   42]]
acc: 0.947
f1: 0.442
7,172,coarse : 28.23 seconds
7,172,fine : 28.26 seconds
