all           0      1    2    3    4    5    6    7    8    
1      2010   1914   1    19   32   19   1    11   6    7    
2      2010   1914   1    19   32   19   1    11   6    7    
3      2010   1914   1    19   32   19   1    11   5    8    
4      2010   1914   1    19   32   19   1    10   6    8    
5      2010   1914   1    18   33   19   1    10   6    8    
6      2010   1914   1    18   33   19   1    10   6    8    
7      2010   1913   2    18   33   19   1    10   6    8    
8      2010   1913   2    18   33   19   1    10   6    8    
9      2009   1913   2    18   32   19   2    10   6    7    
10     2009   1913   1    19   32   19   1    11   6    7    
Total  20098  19136  13   185  324  190  11   104  59   76   
train         0      1    2    3    4    5    6    7    8    
1      2010   1914   1    19   32   19   1    11   6    7    
2      2010   1914   1    19   32   19   1    11   6    7    
4      2010   1914   1    19   32   19   1    10   6    8    
5      2010   1914   1    18   33   19   1    10   6    8    
6      2010   1914   1    18   33   19   1    10   6    8    
7      2010   1913   2    18   33   19   1    10   6    8    
8      2010   1913   2    18   33   19   1    10   6    8    
9      2009   1913   2    18   32   19   2    10   6    7    
10     2009   1913   1    19   32   19   1    11   6    7    
Total  18088  17222  12   166  292  171  10   93   54   68   
test          0      1    2    3    4    5    6    7    8    
3      2010   1914   1    19   32   19   1    11   5    8    
Total  2010   1914   1    19   32   19   1    11   5    8    
Classes             
0         17222     
1         12        
2         166       
3         292       
4         171       
5         10        
6         93        
7         54        
8         68        
Total     18088     

Shape: 450       

[952, 10, 11, 16, 11, 10, 10, 10, 10]
Sum start => 1040
[[1207  707]
 [  12   84]]
acc: 0.642
f1: 0.189
[[1891   23]
 [  83   13]]
acc: 0.947
f1: 0.197
3,1,coarse : 28.09 seconds
3,1,fine : 28.1 seconds
[[1207  707]
 [  12   84]]
acc: 0.642
f1: 0.189
[[1891   23]
 [  83   13]]
acc: 0.947
f1: 0.197
3,2,coarse : 29.67 seconds
3,2,fine : 29.68 seconds
[[1224  690]
 [  13   83]]
acc: 0.650
f1: 0.191
[[1904   10]
 [  93    3]]
acc: 0.949
f1: 0.055
3,3,coarse : 27.54 seconds
3,3,fine : 27.54 seconds
[[1226  688]
 [  13   83]]
acc: 0.651
f1: 0.191
[[1910    4]
 [  95    1]]
acc: 0.951
f1: 0.020
3,4,coarse : 27.45 seconds
3,4,fine : 27.45 seconds
[[1253  661]
 [  15   81]]
acc: 0.664
f1: 0.193
[[1911    3]
 [  94    2]]
acc: 0.952
f1: 0.040
3,5,coarse : 27.74 seconds
3,5,fine : 27.75 seconds
[[1290  624]
 [  14   82]]
acc: 0.683
f1: 0.204
[[1907    7]
 [  92    4]]
acc: 0.951
f1: 0.075
3,6,coarse : 26.8 seconds
3,6,fine : 26.81 seconds
[[1307  607]
 [  11   85]]
acc: 0.693
f1: 0.216
[[1908    6]
 [  91    5]]
acc: 0.952
f1: 0.093
3,7,coarse : 27.01 seconds
3,7,fine : 27.02 seconds
[[1330  584]
 [  11   85]]
acc: 0.704
f1: 0.222
[[1906    8]
 [  91    5]]
acc: 0.951
f1: 0.092
3,8,coarse : 27.27 seconds
3,8,fine : 27.28 seconds
[[1327  587]
 [  12   84]]
acc: 0.702
f1: 0.219
[[1909    5]
 [  90    6]]
acc: 0.953
f1: 0.112
3,9,coarse : 26.68 seconds
3,9,fine : 26.69 seconds
[[1351  563]
 [  15   81]]
acc: 0.712
f1: 0.219
[[1908    6]
 [  88    8]]
acc: 0.953
f1: 0.145
3,10,coarse : 26.8 seconds
3,10,fine : 26.8 seconds
[[1369  545]
 [  14   82]]
acc: 0.722
f1: 0.227
[[1909    5]
 [  87    9]]
acc: 0.954
f1: 0.164
3,11,coarse : 27.23 seconds
3,11,fine : 27.23 seconds
[[1374  540]
 [  15   81]]
acc: 0.724
f1: 0.226
[[1909    5]
 [  88    8]]
acc: 0.954
f1: 0.147
3,12,coarse : 26.63 seconds
3,12,fine : 26.63 seconds
[[1373  541]
 [  17   79]]
acc: 0.722
f1: 0.221
[[1909    5]
 [  88    8]]
acc: 0.954
f1: 0.147
3,13,coarse : 26.66 seconds
3,13,fine : 26.66 seconds
[[1398  516]
 [  17   79]]
acc: 0.735
f1: 0.229
[[1909    5]
 [  85   11]]
acc: 0.955
f1: 0.196
3,14,coarse : 27.14 seconds
3,14,fine : 27.15 seconds
[[1393  521]
 [  18   78]]
acc: 0.732
f1: 0.224
[[1907    7]
 [  84   12]]
acc: 0.955
f1: 0.209
3,15,coarse : 26.48 seconds
3,15,fine : 26.49 seconds
[[1393  521]
 [  17   79]]
acc: 0.732
f1: 0.227
[[1907    7]
 [  86   10]]
acc: 0.954
f1: 0.177
3,16,coarse : 26.68 seconds
3,16,fine : 26.69 seconds
[[1411  503]
 [  17   79]]
acc: 0.741
f1: 0.233
[[1907    7]
 [  85   11]]
acc: 0.954
f1: 0.193
3,17,coarse : 27.14 seconds
3,17,fine : 27.14 seconds
[[1407  507]
 [  15   81]]
acc: 0.740
f1: 0.237
[[1906    8]
 [  86   10]]
acc: 0.953
f1: 0.175
3,18,coarse : 26.67 seconds
3,18,fine : 26.67 seconds
[[1412  502]
 [  16   80]]
acc: 0.742
f1: 0.236
[[1906    8]
 [  86   10]]
acc: 0.953
f1: 0.175
3,19,coarse : 26.51 seconds
3,19,fine : 26.51 seconds
[[1419  495]
 [  14   82]]
acc: 0.747
f1: 0.244
[[1907    7]
 [  86   10]]
acc: 0.954
f1: 0.177
3,20,coarse : 26.99 seconds
3,20,fine : 27.0 seconds
[[1412  502]
 [  15   81]]
acc: 0.743
f1: 0.239
[[1908    6]
 [  86   10]]
acc: 0.954
f1: 0.179
3,21,coarse : 26.49 seconds
3,21,fine : 26.49 seconds
[[1420  494]
 [  15   81]]
acc: 0.747
f1: 0.241
[[1908    6]
 [  86   10]]
acc: 0.954
f1: 0.179
3,22,coarse : 26.59 seconds
3,22,fine : 26.59 seconds
[[1433  481]
 [  14   82]]
acc: 0.754
f1: 0.249
[[1906    8]
 [  87    9]]
acc: 0.953
f1: 0.159
3,23,coarse : 27.1 seconds
3,23,fine : 27.11 seconds
[[1425  489]
 [  13   83]]
acc: 0.750
f1: 0.249
[[1907    7]
 [  86   10]]
acc: 0.954
f1: 0.177
3,24,coarse : 26.49 seconds
3,24,fine : 26.5 seconds
[[1424  490]
 [  13   83]]
acc: 0.750
f1: 0.248
[[1907    7]
 [  87    9]]
acc: 0.953
f1: 0.161
3,25,coarse : 26.68 seconds
3,25,fine : 26.69 seconds
[[1423  491]
 [  13   83]]
acc: 0.749
f1: 0.248
[[1907    7]
 [  87    9]]
acc: 0.953
f1: 0.161
3,26,coarse : 27.09 seconds
3,26,fine : 27.1 seconds
[[1425  489]
 [  13   83]]
acc: 0.750
f1: 0.249
[[1908    6]
 [  84   12]]
acc: 0.955
f1: 0.211
3,27,coarse : 26.44 seconds
3,27,fine : 26.44 seconds
[[1431  483]
 [  13   83]]
acc: 0.753
f1: 0.251
[[1907    7]
 [  83   13]]
acc: 0.955
f1: 0.224
3,28,coarse : 26.39 seconds
3,28,fine : 26.4 seconds
[[1424  490]
 [  13   83]]
acc: 0.750
f1: 0.248
[[1906    8]
 [  83   13]]
acc: 0.955
f1: 0.222
3,29,coarse : 26.97 seconds
3,29,fine : 26.98 seconds
[[1428  486]
 [  15   81]]
acc: 0.751
f1: 0.244
[[1906    8]
 [  83   13]]
acc: 0.955
f1: 0.222
3,30,coarse : 26.38 seconds
3,30,fine : 26.38 seconds
[[1429  485]
 [  15   81]]
acc: 0.751
f1: 0.245
[[1905    9]
 [  81   15]]
acc: 0.955
f1: 0.250
3,31,coarse : 26.43 seconds
3,31,fine : 26.44 seconds
[[1437  477]
 [  15   81]]
acc: 0.755
f1: 0.248
[[1905    9]
 [  82   14]]
acc: 0.955
f1: 0.235
3,32,coarse : 26.52 seconds
3,32,fine : 26.53 seconds
[[1441  473]
 [  15   81]]
acc: 0.757
f1: 0.249
[[1906    8]
 [  82   14]]
acc: 0.955
f1: 0.237
3,33,coarse : 26.97 seconds
3,33,fine : 26.98 seconds
[[1437  477]
 [  17   79]]
acc: 0.754
f1: 0.242
[[1907    7]
 [  82   14]]
acc: 0.956
f1: 0.239
3,34,coarse : 26.35 seconds
3,34,fine : 26.36 seconds
[[1441  473]
 [  16   80]]
acc: 0.757
f1: 0.247
[[1907    7]
 [  83   13]]
acc: 0.955
f1: 0.224
3,35,coarse : 26.35 seconds
3,35,fine : 26.36 seconds
[[1437  477]
 [  15   81]]
acc: 0.755
f1: 0.248
[[1905    9]
 [  82   14]]
acc: 0.955
f1: 0.235
3,36,coarse : 26.87 seconds
3,36,fine : 26.88 seconds
[[1437  477]
 [  18   78]]
acc: 0.754
f1: 0.240
[[1906    8]
 [  81   15]]
acc: 0.956
f1: 0.252
3,37,coarse : 26.53 seconds
3,37,fine : 26.54 seconds
[[1448  466]
 [  17   79]]
acc: 0.760
f1: 0.246
[[1905    9]
 [  81   15]]
acc: 0.955
f1: 0.250
3,38,coarse : 26.47 seconds
3,38,fine : 26.48 seconds
[[1445  469]
 [  17   79]]
acc: 0.758
f1: 0.245
[[1904   10]
 [  81   15]]
acc: 0.955
f1: 0.248
3,39,coarse : 26.7 seconds
3,39,fine : 26.71 seconds
[[1450  464]
 [  17   79]]
acc: 0.761
f1: 0.247
[[1904   10]
 [  81   15]]
acc: 0.955
f1: 0.248
3,40,coarse : 27.36 seconds
3,40,fine : 27.36 seconds
[[1455  459]
 [  17   79]]
acc: 0.763
f1: 0.249
[[1904   10]
 [  81   15]]
acc: 0.955
f1: 0.248
3,41,coarse : 26.9 seconds
3,41,fine : 26.91 seconds
[[1458  456]
 [  17   79]]
acc: 0.765
f1: 0.250
[[1904   10]
 [  81   15]]
acc: 0.955
f1: 0.248
3,42,coarse : 27.06 seconds
3,42,fine : 27.07 seconds
[[1464  450]
 [  16   80]]
acc: 0.768
f1: 0.256
[[1903   11]
 [  78   18]]
acc: 0.956
f1: 0.288
3,43,coarse : 27.43 seconds
3,43,fine : 27.44 seconds
[[1465  449]
 [  16   80]]
acc: 0.769
f1: 0.256
[[1903   11]
 [  79   17]]
acc: 0.955
f1: 0.274
3,44,coarse : 27.31 seconds
3,44,fine : 27.32 seconds
[[1467  447]
 [  17   79]]
acc: 0.769
f1: 0.254
[[1904   10]
 [  77   19]]
acc: 0.957
f1: 0.304
3,45,coarse : 27.2 seconds
3,45,fine : 27.21 seconds
[[1460  454]
 [  17   79]]
acc: 0.766
f1: 0.251
[[1904   10]
 [  77   19]]
acc: 0.957
f1: 0.304
3,46,coarse : 27.13 seconds
3,46,fine : 27.14 seconds
[[1468  446]
 [  17   79]]
acc: 0.770
f1: 0.254
[[1903   11]
 [  77   19]]
acc: 0.956
f1: 0.302
3,47,coarse : 27.83 seconds
3,47,fine : 27.84 seconds
[[1464  450]
 [  16   80]]
acc: 0.768
f1: 0.256
[[1901   13]
 [  77   19]]
acc: 0.955
f1: 0.297
3,48,coarse : 27.23 seconds
3,48,fine : 27.24 seconds
[[1461  453]
 [  15   81]]
acc: 0.767
f1: 0.257
[[1899   15]
 [  77   19]]
acc: 0.954
f1: 0.292
3,49,coarse : 27.38 seconds
3,49,fine : 27.39 seconds
[[1464  450]
 [  16   80]]
acc: 0.768
f1: 0.256
[[1899   15]
 [  76   20]]
acc: 0.955
f1: 0.305
3,50,coarse : 29.4 seconds
3,50,fine : 29.41 seconds
[[1468  446]
 [  15   81]]
acc: 0.771
f1: 0.260
[[1899   15]
 [  75   21]]
acc: 0.955
f1: 0.318
3,51,coarse : 27.32 seconds
3,51,fine : 27.33 seconds
[[1478  436]
 [  15   81]]
acc: 0.776
f1: 0.264
[[1899   15]
 [  75   21]]
acc: 0.955
f1: 0.318
3,52,coarse : 27.04 seconds
3,52,fine : 27.05 seconds
[[1478  436]
 [  15   81]]
acc: 0.776
f1: 0.264
[[1899   15]
 [  75   21]]
acc: 0.955
f1: 0.318
3,53,coarse : 27.61 seconds
3,53,fine : 27.62 seconds
[[1475  439]
 [  15   81]]
acc: 0.774
f1: 0.263
[[1898   16]
 [  74   22]]
acc: 0.955
f1: 0.328
3,54,coarse : 26.94 seconds
3,54,fine : 26.95 seconds
[[1480  434]
 [  15   81]]
acc: 0.777
f1: 0.265
[[1898   16]
 [  73   23]]
acc: 0.956
f1: 0.341
3,55,coarse : 26.86 seconds
3,55,fine : 26.87 seconds
[[1474  440]
 [  15   81]]
acc: 0.774
f1: 0.263
[[1896   18]
 [  73   23]]
acc: 0.955
f1: 0.336
3,56,coarse : 27.21 seconds
3,56,fine : 27.22 seconds
[[1478  436]
 [  15   81]]
acc: 0.776
f1: 0.264
[[1894   20]
 [  73   23]]
acc: 0.954
f1: 0.331
3,57,coarse : 27.47 seconds
3,57,fine : 27.48 seconds
[[1475  439]
 [  14   82]]
acc: 0.775
f1: 0.266
[[1894   20]
 [  73   23]]
acc: 0.954
f1: 0.331
3,58,coarse : 27.19 seconds
3,58,fine : 27.2 seconds
[[1474  440]
 [  16   80]]
acc: 0.773
f1: 0.260
[[1894   20]
 [  73   23]]
acc: 0.954
f1: 0.331
3,59,coarse : 27.17 seconds
3,59,fine : 27.18 seconds
[[1476  438]
 [  17   79]]
acc: 0.774
f1: 0.258
[[1894   20]
 [  72   24]]
acc: 0.954
f1: 0.343
3,60,coarse : 27.13 seconds
3,60,fine : 27.14 seconds
[[1474  440]
 [  18   78]]
acc: 0.772
f1: 0.254
[[1895   19]
 [  72   24]]
acc: 0.955
f1: 0.345
3,61,coarse : 27.52 seconds
3,61,fine : 27.53 seconds
[[1478  436]
 [  17   79]]
acc: 0.775
f1: 0.259
[[1893   21]
 [  72   24]]
acc: 0.954
f1: 0.340
3,62,coarse : 27.12 seconds
3,62,fine : 27.13 seconds
[[1472  442]
 [  17   79]]
acc: 0.772
f1: 0.256
[[1893   21]
 [  73   23]]
acc: 0.953
f1: 0.329
3,63,coarse : 26.96 seconds
3,63,fine : 26.97 seconds
[[1480  434]
 [  18   78]]
acc: 0.775
f1: 0.257
[[1892   22]
 [  74   22]]
acc: 0.952
f1: 0.314
3,64,coarse : 26.97 seconds
3,64,fine : 26.98 seconds
[[1472  442]
 [  16   80]]
acc: 0.772
f1: 0.259
[[1891   23]
 [  73   23]]
acc: 0.952
f1: 0.324
3,65,coarse : 26.87 seconds
3,65,fine : 26.88 seconds
[[1471  443]
 [  16   80]]
acc: 0.772
f1: 0.258
[[1891   23]
 [  73   23]]
acc: 0.952
f1: 0.324
3,66,coarse : 27.32 seconds
3,66,fine : 27.33 seconds
[[1469  445]
 [  15   81]]
acc: 0.771
f1: 0.260
[[1891   23]
 [  73   23]]
acc: 0.952
f1: 0.324
3,67,coarse : 26.86 seconds
3,67,fine : 26.87 seconds
[[1466  448]
 [  16   80]]
acc: 0.769
f1: 0.256
[[1891   23]
 [  73   23]]
acc: 0.952
f1: 0.324
3,68,coarse : 26.65 seconds
3,68,fine : 26.66 seconds
[[1459  455]
 [  16   80]]
acc: 0.766
f1: 0.254
[[1890   24]
 [  73   23]]
acc: 0.952
f1: 0.322
3,69,coarse : 26.91 seconds
3,69,fine : 26.92 seconds
[[1462  452]
 [  15   81]]
acc: 0.768
f1: 0.258
[[1890   24]
 [  72   24]]
acc: 0.952
f1: 0.333
3,70,coarse : 27.36 seconds
3,70,fine : 27.37 seconds
[[1457  457]
 [  16   80]]
acc: 0.765
f1: 0.253
[[1890   24]
 [  71   25]]
acc: 0.953
f1: 0.345
3,71,coarse : 27.42 seconds
3,71,fine : 27.43 seconds
[[1454  460]
 [  17   79]]
acc: 0.763
f1: 0.249
[[1890   24]
 [  71   25]]
acc: 0.953
f1: 0.345
3,72,coarse : 27.7 seconds
3,72,fine : 27.71 seconds
[[1456  458]
 [  18   78]]
acc: 0.763
f1: 0.247
[[1890   24]
 [  71   25]]
acc: 0.953
f1: 0.345
3,73,coarse : 28.17 seconds
3,73,fine : 28.18 seconds
[[1458  456]
 [  16   80]]
acc: 0.765
f1: 0.253
[[1890   24]
 [  70   26]]
acc: 0.953
f1: 0.356
3,74,coarse : 28.47 seconds
3,74,fine : 28.48 seconds
[[1465  449]
 [  14   82]]
acc: 0.770
f1: 0.262
[[1890   24]
 [  71   25]]
acc: 0.953
f1: 0.345
3,75,coarse : 28.77 seconds
3,75,fine : 28.78 seconds
[[1464  450]
 [  14   82]]
acc: 0.769
f1: 0.261
[[1890   24]
 [  70   26]]
acc: 0.953
f1: 0.356
3,76,coarse : 28.6 seconds
3,76,fine : 28.61 seconds
[[1464  450]
 [  16   80]]
acc: 0.768
f1: 0.256
[[1890   24]
 [  70   26]]
acc: 0.953
f1: 0.356
3,77,coarse : 28.26 seconds
3,77,fine : 28.27 seconds
[[1467  447]
 [  16   80]]
acc: 0.770
f1: 0.257
[[1889   25]
 [  69   27]]
acc: 0.953
f1: 0.365
3,78,coarse : 28.81 seconds
3,78,fine : 28.82 seconds
[[1468  446]
 [  16   80]]
acc: 0.770
f1: 0.257
[[1889   25]
 [  69   27]]
acc: 0.953
f1: 0.365
3,79,coarse : 28.84 seconds
3,79,fine : 28.86 seconds
[[1469  445]
 [  16   80]]
acc: 0.771
f1: 0.258
[[1889   25]
 [  69   27]]
acc: 0.953
f1: 0.365
3,80,coarse : 29.53 seconds
3,80,fine : 29.54 seconds
[[1472  442]
 [  15   81]]
acc: 0.773
f1: 0.262
[[1888   26]
 [  68   28]]
acc: 0.953
f1: 0.373
3,81,coarse : 29.36 seconds
3,81,fine : 29.37 seconds
[[1473  441]
 [  15   81]]
acc: 0.773
f1: 0.262
[[1888   26]
 [  68   28]]
acc: 0.953
f1: 0.373
3,82,coarse : 29.41 seconds
3,82,fine : 29.42 seconds
[[1474  440]
 [  16   80]]
acc: 0.773
f1: 0.260
[[1887   27]
 [  69   27]]
acc: 0.952
f1: 0.360
3,83,coarse : 29.36 seconds
3,83,fine : 29.37 seconds
[[1471  443]
 [  16   80]]
acc: 0.772
f1: 0.258
[[1886   28]
 [  69   27]]
acc: 0.952
f1: 0.358
3,84,coarse : 29.03 seconds
3,84,fine : 29.05 seconds
[[1479  435]
 [  16   80]]
acc: 0.776
f1: 0.262
[[1886   28]
 [  69   27]]
acc: 0.952
f1: 0.358
3,85,coarse : 29.8 seconds
3,85,fine : 29.81 seconds
[[1480  434]
 [  16   80]]
acc: 0.776
f1: 0.262
[[1886   28]
 [  69   27]]
acc: 0.952
f1: 0.358
3,86,coarse : 29.17 seconds
3,86,fine : 29.19 seconds
[[1480  434]
 [  16   80]]
acc: 0.776
f1: 0.262
[[1886   28]
 [  68   28]]
acc: 0.952
f1: 0.368
3,87,coarse : 29.18 seconds
3,87,fine : 29.2 seconds
[[1477  437]
 [  17   79]]
acc: 0.774
f1: 0.258
[[1886   28]
 [  68   28]]
acc: 0.952
f1: 0.368
3,88,coarse : 28.66 seconds
3,88,fine : 28.67 seconds
[[1484  430]
 [  16   80]]
acc: 0.778
f1: 0.264
[[1886   28]
 [  68   28]]
acc: 0.952
f1: 0.368
3,89,coarse : 28.6 seconds
3,89,fine : 28.61 seconds
[[1491  423]
 [  18   78]]
acc: 0.781
f1: 0.261
[[1884   30]
 [  68   28]]
acc: 0.951
f1: 0.364
3,90,coarse : 27.95 seconds
3,90,fine : 27.96 seconds
[[1482  432]
 [  16   80]]
acc: 0.777
f1: 0.263
[[1883   31]
 [  68   28]]
acc: 0.951
f1: 0.361
3,91,coarse : 28.25 seconds
3,91,fine : 28.26 seconds
[[1481  433]
 [  16   80]]
acc: 0.777
f1: 0.263
[[1882   32]
 [  69   27]]
acc: 0.950
f1: 0.348
3,92,coarse : 27.54 seconds
3,92,fine : 27.56 seconds
[[1488  426]
 [  16   80]]
acc: 0.780
f1: 0.266
[[1883   31]
 [  66   30]]
acc: 0.952
f1: 0.382
3,93,coarse : 27.86 seconds
3,93,fine : 27.87 seconds
[[1485  429]
 [  16   80]]
acc: 0.779
f1: 0.264
[[1882   32]
 [  66   30]]
acc: 0.951
f1: 0.380
3,94,coarse : 28.61 seconds
3,94,fine : 28.62 seconds
[[1487  427]
 [  15   81]]
acc: 0.780
f1: 0.268
[[1880   34]
 [  66   30]]
acc: 0.950
f1: 0.375
3,95,coarse : 29.46 seconds
3,95,fine : 29.47 seconds
[[1490  424]
 [  15   81]]
acc: 0.782
f1: 0.270
[[1880   34]
 [  66   30]]
acc: 0.950
f1: 0.375
3,96,coarse : 29.58 seconds
3,96,fine : 29.59 seconds
[[1490  424]
 [  16   80]]
acc: 0.781
f1: 0.267
[[1880   34]
 [  65   31]]
acc: 0.951
f1: 0.385
3,97,coarse : 30.13 seconds
3,97,fine : 30.14 seconds
[[1492  422]
 [  16   80]]
acc: 0.782
f1: 0.268
[[1879   35]
 [  65   31]]
acc: 0.950
f1: 0.383
3,98,coarse : 29.76 seconds
3,98,fine : 29.77 seconds
[[1495  419]
 [  15   81]]
acc: 0.784
f1: 0.272
[[1878   36]
 [  64   32]]
acc: 0.950
f1: 0.390
3,99,coarse : 30.65 seconds
3,99,fine : 30.66 seconds
[[1493  421]
 [  15   81]]
acc: 0.783
f1: 0.271
[[1878   36]
 [  63   33]]
acc: 0.951
f1: 0.400
3,100,coarse : 32.35 seconds
3,100,fine : 32.36 seconds
[[1488  426]
 [  15   81]]
acc: 0.781
f1: 0.269
[[1878   36]
 [  64   32]]
acc: 0.950
f1: 0.390
3,101,coarse : 30.79 seconds
3,101,fine : 30.81 seconds
[[1490  424]
 [  16   80]]
acc: 0.781
f1: 0.267
[[1876   38]
 [  63   33]]
acc: 0.950
f1: 0.395
3,102,coarse : 31.12 seconds
3,102,fine : 31.13 seconds
[[1492  422]
 [  15   81]]
acc: 0.783
f1: 0.270
[[1877   37]
 [  62   34]]
acc: 0.951
f1: 0.407
3,103,coarse : 31.4 seconds
3,103,fine : 31.42 seconds
[[1492  422]
 [  15   81]]
acc: 0.783
f1: 0.270
[[1876   38]
 [  62   34]]
acc: 0.950
f1: 0.405
3,104,coarse : 31.2 seconds
3,104,fine : 31.21 seconds
[[1490  424]
 [  16   80]]
acc: 0.781
f1: 0.267
[[1876   38]
 [  64   32]]
acc: 0.949
f1: 0.386
3,105,coarse : 31.06 seconds
3,105,fine : 31.08 seconds
[[1492  422]
 [  16   80]]
acc: 0.782
f1: 0.268
[[1875   39]
 [  64   32]]
acc: 0.949
f1: 0.383
3,106,coarse : 31.56 seconds
3,106,fine : 31.57 seconds
[[1495  419]
 [  16   80]]
acc: 0.784
f1: 0.269
[[1875   39]
 [  64   32]]
acc: 0.949
f1: 0.383
3,107,coarse : 31.48 seconds
3,107,fine : 31.5 seconds
[[1496  418]
 [  15   81]]
acc: 0.785
f1: 0.272
[[1873   41]
 [  63   33]]
acc: 0.948
f1: 0.388
3,108,coarse : 31.65 seconds
3,108,fine : 31.66 seconds
[[1482  432]
 [  16   80]]
acc: 0.777
f1: 0.263
[[1873   41]
 [  63   33]]
acc: 0.948
f1: 0.388
3,109,coarse : 32.39 seconds
3,109,fine : 32.41 seconds
[[1483  431]
 [  16   80]]
acc: 0.778
f1: 0.264
[[1872   42]
 [  63   33]]
acc: 0.948
f1: 0.386
3,110,coarse : 31.92 seconds
3,110,fine : 31.93 seconds
[[1485  429]
 [  16   80]]
acc: 0.779
f1: 0.264
[[1871   43]
 [  61   35]]
acc: 0.948
f1: 0.402
3,111,coarse : 32.29 seconds
3,111,fine : 32.3 seconds
[[1485  429]
 [  16   80]]
acc: 0.779
f1: 0.264
[[1871   43]
 [  61   35]]
acc: 0.948
f1: 0.402
3,112,coarse : 32.2 seconds
3,112,fine : 32.22 seconds
[[1486  428]
 [  16   80]]
acc: 0.779
f1: 0.265
[[1871   43]
 [  61   35]]
acc: 0.948
f1: 0.402
3,113,coarse : 32.23 seconds
3,113,fine : 32.25 seconds
[[1482  432]
 [  16   80]]
acc: 0.777
f1: 0.263
[[1870   44]
 [  60   36]]
acc: 0.948
f1: 0.409
3,114,coarse : 32.41 seconds
3,114,fine : 32.43 seconds
[[1486  428]
 [  16   80]]
acc: 0.779
f1: 0.265
[[1869   45]
 [  61   35]]
acc: 0.947
f1: 0.398
3,115,coarse : 32.31 seconds
3,115,fine : 32.33 seconds
[[1488  426]
 [  16   80]]
acc: 0.780
f1: 0.266
[[1867   47]
 [  60   36]]
acc: 0.947
f1: 0.402
3,116,coarse : 32.82 seconds
3,116,fine : 32.84 seconds
[[1488  426]
 [  16   80]]
acc: 0.780
f1: 0.266
[[1866   48]
 [  59   37]]
acc: 0.947
f1: 0.409
3,117,coarse : 33.64 seconds
3,117,fine : 33.66 seconds
[[1491  423]
 [  16   80]]
acc: 0.782
f1: 0.267
[[1866   48]
 [  59   37]]
acc: 0.947
f1: 0.409
3,118,coarse : 33.06 seconds
3,118,fine : 33.08 seconds
[[1488  426]
 [  16   80]]
acc: 0.780
f1: 0.266
[[1865   49]
 [  57   39]]
acc: 0.947
f1: 0.424
3,119,coarse : 33.83 seconds
3,119,fine : 33.85 seconds
[[1494  420]
 [  16   80]]
acc: 0.783
f1: 0.268
[[1865   49]
 [  57   39]]
acc: 0.947
f1: 0.424
3,120,coarse : 33.57 seconds
3,120,fine : 33.59 seconds
[[1490  424]
 [  16   80]]
acc: 0.781
f1: 0.267
[[1868   46]
 [  58   38]]
acc: 0.948
f1: 0.422
3,121,coarse : 33.96 seconds
3,121,fine : 33.97 seconds
[[1496  418]
 [  16   80]]
acc: 0.784
f1: 0.269
[[1867   47]
 [  57   39]]
acc: 0.948
f1: 0.429
3,122,coarse : 34.54 seconds
3,122,fine : 34.56 seconds
[[1492  422]
 [  16   80]]
acc: 0.782
f1: 0.268
[[1867   47]
 [  56   40]]
acc: 0.949
f1: 0.437
3,123,coarse : 34.62 seconds
3,123,fine : 34.64 seconds
[[1496  418]
 [  16   80]]
acc: 0.784
f1: 0.269
[[1867   47]
 [  56   40]]
acc: 0.949
f1: 0.437
3,124,coarse : 34.54 seconds
3,124,fine : 34.56 seconds
[[1496  418]
 [  16   80]]
acc: 0.784
f1: 0.269
[[1865   49]
 [  56   40]]
acc: 0.948
f1: 0.432
3,125,coarse : 35.53 seconds
3,125,fine : 35.55 seconds
[[1495  419]
 [  16   80]]
acc: 0.784
f1: 0.269
[[1863   51]
 [  56   40]]
acc: 0.947
f1: 0.428
3,126,coarse : 35.49 seconds
3,126,fine : 35.5 seconds
[[1494  420]
 [  16   80]]
acc: 0.783
f1: 0.268
[[1864   50]
 [  57   39]]
acc: 0.947
f1: 0.422
3,127,coarse : 35.85 seconds
3,127,fine : 35.86 seconds
[[1490  424]
 [  16   80]]
acc: 0.781
f1: 0.267
[[1863   51]
 [  57   39]]
acc: 0.946
f1: 0.419
3,128,coarse : 34.61 seconds
3,128,fine : 34.63 seconds
[[1490  424]
 [  16   80]]
acc: 0.781
f1: 0.267
[[1863   51]
 [  57   39]]
acc: 0.946
f1: 0.419
3,129,coarse : 35.41 seconds
3,129,fine : 35.43 seconds
[[1491  423]
 [  16   80]]
acc: 0.782
f1: 0.267
[[1863   51]
 [  57   39]]
acc: 0.946
f1: 0.419
3,130,coarse : 34.85 seconds
3,130,fine : 34.87 seconds
[[1492  422]
 [  16   80]]
acc: 0.782
f1: 0.268
[[1863   51]
 [  57   39]]
acc: 0.946
f1: 0.419
3,131,coarse : 35.25 seconds
3,131,fine : 35.27 seconds
[[1489  425]
 [  15   81]]
acc: 0.781
f1: 0.269
[[1861   53]
 [  56   40]]
acc: 0.946
f1: 0.423
3,132,coarse : 34.95 seconds
3,132,fine : 34.97 seconds
[[1485  429]
 [  15   81]]
acc: 0.779
f1: 0.267
[[1861   53]
 [  56   40]]
acc: 0.946
f1: 0.423
3,133,coarse : 34.54 seconds
3,133,fine : 34.56 seconds
[[1480  434]
 [  15   81]]
acc: 0.777
f1: 0.265
[[1861   53]
 [  56   40]]
acc: 0.946
f1: 0.423
3,134,coarse : 35.2 seconds
3,134,fine : 35.22 seconds
[[1480  434]
 [  15   81]]
acc: 0.777
f1: 0.265
[[1860   54]
 [  56   40]]
acc: 0.945
f1: 0.421
3,135,coarse : 34.58 seconds
3,135,fine : 34.6 seconds
[[1482  432]
 [  15   81]]
acc: 0.778
f1: 0.266
[[1860   54]
 [  56   40]]
acc: 0.945
f1: 0.421
3,136,coarse : 34.39 seconds
3,136,fine : 34.41 seconds
[[1481  433]
 [  15   81]]
acc: 0.777
f1: 0.266
[[1860   54]
 [  56   40]]
acc: 0.945
f1: 0.421
3,137,coarse : 35.35 seconds
3,137,fine : 35.37 seconds
[[1470  444]
 [  15   81]]
acc: 0.772
f1: 0.261
[[1859   55]
 [  56   40]]
acc: 0.945
f1: 0.419
3,138,coarse : 35.0 seconds
3,138,fine : 35.02 seconds
[[1470  444]
 [  15   81]]
acc: 0.772
f1: 0.261
[[1858   56]
 [  56   40]]
acc: 0.944
f1: 0.417
3,139,coarse : 34.71 seconds
3,139,fine : 34.73 seconds
[[1472  442]
 [  15   81]]
acc: 0.773
f1: 0.262
[[1857   57]
 [  56   40]]
acc: 0.944
f1: 0.415
3,140,coarse : 34.61 seconds
3,140,fine : 34.63 seconds
[[1468  446]
 [  15   81]]
acc: 0.771
f1: 0.260
[[1857   57]
 [  56   40]]
acc: 0.944
f1: 0.415
3,141,coarse : 34.78 seconds
3,141,fine : 34.8 seconds
[[1468  446]
 [  15   81]]
acc: 0.771
f1: 0.260
[[1857   57]
 [  56   40]]
acc: 0.944
f1: 0.415
3,142,coarse : 35.78 seconds
3,142,fine : 35.8 seconds
[[1467  447]
 [  15   81]]
acc: 0.770
f1: 0.260
[[1857   57]
 [  56   40]]
acc: 0.944
f1: 0.415
3,143,coarse : 34.88 seconds
3,143,fine : 34.9 seconds
[[1466  448]
 [  15   81]]
acc: 0.770
f1: 0.259
[[1857   57]
 [  56   40]]
acc: 0.944
f1: 0.415
3,144,coarse : 35.77 seconds
3,144,fine : 35.79 seconds
[[1465  449]
 [  15   81]]
acc: 0.769
f1: 0.259
[[1855   59]
 [  55   41]]
acc: 0.943
f1: 0.418
3,145,coarse : 35.8 seconds
3,145,fine : 35.82 seconds
[[1464  450]
 [  15   81]]
acc: 0.769
f1: 0.258
[[1855   59]
 [  54   42]]
acc: 0.944
f1: 0.426
3,146,coarse : 36.96 seconds
3,146,fine : 36.98 seconds
[[1466  448]
 [  15   81]]
acc: 0.770
f1: 0.259
[[1855   59]
 [  54   42]]
acc: 0.944
f1: 0.426
3,147,coarse : 36.68 seconds
3,147,fine : 36.7 seconds
[[1467  447]
 [  15   81]]
acc: 0.770
f1: 0.260
[[1855   59]
 [  54   42]]
acc: 0.944
f1: 0.426
3,148,coarse : 36.88 seconds
3,148,fine : 36.9 seconds
[[1466  448]
 [  16   80]]
acc: 0.769
f1: 0.256
[[1854   60]
 [  54   42]]
acc: 0.943
f1: 0.424
3,149,coarse : 36.92 seconds
3,149,fine : 36.94 seconds
[[1465  449]
 [  15   81]]
acc: 0.769
f1: 0.259
[[1854   60]
 [  54   42]]
acc: 0.943
f1: 0.424
3,150,coarse : 38.76 seconds
3,150,fine : 38.78 seconds
[[1460  454]
 [  15   81]]
acc: 0.767
f1: 0.257
[[1854   60]
 [  54   42]]
acc: 0.943
f1: 0.424
3,151,coarse : 36.62 seconds
3,151,fine : 36.64 seconds
[[1459  455]
 [  15   81]]
acc: 0.766
f1: 0.256
[[1851   63]
 [  54   42]]
acc: 0.942
f1: 0.418
3,152,coarse : 36.29 seconds
3,152,fine : 36.31 seconds
[[1457  457]
 [  15   81]]
acc: 0.765
f1: 0.256
[[1850   64]
 [  54   42]]
acc: 0.941
f1: 0.416
3,153,coarse : 37.66 seconds
3,153,fine : 37.68 seconds
[[1458  456]
 [  15   81]]
acc: 0.766
f1: 0.256
[[1852   62]
 [  54   42]]
acc: 0.942
f1: 0.420
3,154,coarse : 37.6 seconds
3,154,fine : 37.62 seconds
[[1458  456]
 [  15   81]]
acc: 0.766
f1: 0.256
[[1851   63]
 [  54   42]]
acc: 0.942
f1: 0.418
3,155,coarse : 37.66 seconds
3,155,fine : 37.68 seconds
[[1459  455]
 [  15   81]]
acc: 0.766
f1: 0.256
[[1851   63]
 [  53   43]]
acc: 0.942
f1: 0.426
3,156,coarse : 38.94 seconds
3,156,fine : 38.96 seconds
[[1464  450]
 [  16   80]]
acc: 0.768
f1: 0.256
[[1851   63]
 [  53   43]]
acc: 0.942
f1: 0.426
3,157,coarse : 37.84 seconds
3,157,fine : 37.86 seconds
[[1465  449]
 [  16   80]]
acc: 0.769
f1: 0.256
[[1850   64]
 [  53   43]]
acc: 0.942
f1: 0.424
3,158,coarse : 38.57 seconds
3,158,fine : 38.59 seconds
[[1463  451]
 [  15   81]]
acc: 0.768
f1: 0.258
[[1852   62]
 [  52   44]]
acc: 0.943
f1: 0.436
3,159,coarse : 37.59 seconds
3,159,fine : 37.61 seconds
[[1465  449]
 [  16   80]]
acc: 0.769
f1: 0.256
[[1851   63]
 [  52   44]]
acc: 0.943
f1: 0.433
3,160,coarse : 38.56 seconds
3,160,fine : 38.58 seconds
[[1463  451]
 [  15   81]]
acc: 0.768
f1: 0.258
[[1851   63]
 [  52   44]]
acc: 0.943
f1: 0.433
3,161,coarse : 38.47 seconds
3,161,fine : 38.5 seconds
[[1459  455]
 [  16   80]]
acc: 0.766
f1: 0.254
[[1851   63]
 [  52   44]]
acc: 0.943
f1: 0.433
3,162,coarse : 38.85 seconds
3,162,fine : 38.87 seconds
[[1457  457]
 [  16   80]]
acc: 0.765
f1: 0.253
[[1851   63]
 [  52   44]]
acc: 0.943
f1: 0.433
3,163,coarse : 39.22 seconds
3,163,fine : 39.24 seconds
[[1456  458]
 [  16   80]]
acc: 0.764
f1: 0.252
[[1851   63]
 [  52   44]]
acc: 0.943
f1: 0.433
3,164,coarse : 39.34 seconds
3,164,fine : 39.37 seconds
[[1459  455]
 [  16   80]]
acc: 0.766
f1: 0.254
[[1851   63]
 [  52   44]]
acc: 0.943
f1: 0.433
3,165,coarse : 39.17 seconds
3,165,fine : 39.19 seconds
[[1459  455]
 [  16   80]]
acc: 0.766
f1: 0.254
[[1851   63]
 [  50   46]]
acc: 0.944
f1: 0.449
3,166,coarse : 39.32 seconds
3,166,fine : 39.34 seconds
[[1458  456]
 [  16   80]]
acc: 0.765
f1: 0.253
[[1850   64]
 [  49   47]]
acc: 0.944
f1: 0.454
3,167,coarse : 39.45 seconds
3,167,fine : 39.47 seconds
[[1458  456]
 [  16   80]]
acc: 0.765
f1: 0.253
[[1849   65]
 [  49   47]]
acc: 0.943
f1: 0.452
3,168,coarse : 39.33 seconds
3,168,fine : 39.35 seconds
[[1458  456]
 [  16   80]]
acc: 0.765
f1: 0.253
[[1849   65]
 [  48   48]]
acc: 0.944
f1: 0.459
3,169,coarse : 39.97 seconds
3,169,fine : 39.99 seconds
[[1455  459]
 [  16   80]]
acc: 0.764
f1: 0.252
[[1848   66]
 [  47   49]]
acc: 0.944
f1: 0.464
3,170,coarse : 39.8 seconds
3,170,fine : 39.82 seconds
[[1454  460]
 [  16   80]]
acc: 0.763
f1: 0.252
[[1846   68]
 [  47   49]]
acc: 0.943
f1: 0.460
3,171,coarse : 41.57 seconds
3,171,fine : 41.6 seconds
[[1457  457]
 [  16   80]]
acc: 0.765
f1: 0.253
[[1845   69]
 [  45   51]]
acc: 0.943
f1: 0.472
3,172,coarse : 38.65 seconds
3,172,fine : 38.67 seconds
