all           0      1    2    3    4    5    6    7    8    
1      2010   1914   1    19   32   19   1    11   6    7    
2      2010   1914   1    19   32   19   1    11   6    7    
3      2010   1914   1    19   32   19   1    11   5    8    
4      2010   1914   1    19   32   19   1    10   6    8    
5      2010   1914   1    18   33   19   1    10   6    8    
6      2010   1914   1    18   33   19   1    10   6    8    
7      2010   1913   2    18   33   19   1    10   6    8    
8      2010   1913   2    18   33   19   1    10   6    8    
9      2009   1913   2    18   32   19   2    10   6    7    
10     2009   1913   1    19   32   19   1    11   6    7    
Total  20098  19136  13   185  324  190  11   104  59   76   
train         0      1    2    3    4    5    6    7    8    
1      2010   1914   1    19   32   19   1    11   6    7    
2      2010   1914   1    19   32   19   1    11   6    7    
3      2010   1914   1    19   32   19   1    11   5    8    
4      2010   1914   1    19   32   19   1    10   6    8    
5      2010   1914   1    18   33   19   1    10   6    8    
6      2010   1914   1    18   33   19   1    10   6    8    
7      2010   1913   2    18   33   19   1    10   6    8    
8      2010   1913   2    18   33   19   1    10   6    8    
10     2009   1913   1    19   32   19   1    11   6    7    
Total  18089  17223  11   167  292  171  9    94   53   69   
test          0      1    2    3    4    5    6    7    8    
9      2009   1913   2    18   32   19   2    10   6    7    
Total  2009   1913   2    18   32   19   2    10   6    7    
train_mod     0      1    2    3    4    5    6    7    8    
1      2011   1914   1    19   32   19   2    11   6    7    
2      2010   1914   1    19   32   19   1    11   6    7    
3      2010   1914   1    19   32   19   1    11   5    8    
4      2010   1914   1    19   32   19   1    10   6    8    
5      2010   1914   1    18   33   19   1    10   6    8    
6      2010   1914   1    18   33   19   1    10   6    8    
7      2010   1913   2    18   33   19   1    10   6    8    
8      2010   1913   2    18   33   19   1    10   6    8    
10     2009   1913   1    19   32   19   1    11   6    7    
Total  18090  17223  11   167  292  171  10   94   53   69   
test_mod      0      1    2    3    4    5    6    7    8    
9      2008   1913   2    18   32   19   1    10   6    7    
Total  2008   1913   2    18   32   19   1    10   6    7    
Classes             
0         17223     
1         11        
2         167       
3         292       
4         171       
5         10        
6         94        
7         53        
8         69        
Total     18090     

Shape: 450       

[952, 10, 11, 16, 11, 10, 10, 10, 10]
Sum start => 1040
[[1263  650]
 [  20   75]]
acc: 0.666
f1: 0.183
[[1891   22]
 [  81   14]]
acc: 0.949
f1: 0.214
9,1,coarse : 26.93 seconds
9,1,fine : 26.93 seconds
[[1263  650]
 [  20   75]]
acc: 0.666
f1: 0.183
[[1891   22]
 [  81   14]]
acc: 0.949
f1: 0.214
9,2,coarse : 27.98 seconds
9,2,fine : 27.98 seconds
[[1280  633]
 [  21   74]]
acc: 0.674
f1: 0.185
[[1898   15]
 [  84   11]]
acc: 0.951
f1: 0.182
9,3,coarse : 3.09 seconds
9,3,fine : 3.09 seconds
[[1309  604]
 [  22   73]]
acc: 0.688
f1: 0.189
[[1903   10]
 [  85   10]]
acc: 0.953
f1: 0.174
9,4,coarse : 3.15 seconds
9,4,fine : 3.15 seconds
[[1307  606]
 [  21   74]]
acc: 0.688
f1: 0.191
[[1904    9]
 [  84   11]]
acc: 0.954
f1: 0.191
9,5,coarse : 3.26 seconds
9,5,fine : 3.26 seconds
[[1313  600]
 [  21   74]]
acc: 0.691
f1: 0.192
[[1902   11]
 [  82   13]]
acc: 0.954
f1: 0.218
9,6,coarse : 3.57 seconds
9,6,fine : 3.58 seconds
[[1330  583]
 [  22   73]]
acc: 0.699
f1: 0.194
[[1900   13]
 [  82   13]]
acc: 0.953
f1: 0.215
9,7,coarse : 3.52 seconds
9,7,fine : 3.52 seconds
[[1349  564]
 [  22   73]]
acc: 0.708
f1: 0.199
[[1900   13]
 [  83   12]]
acc: 0.952
f1: 0.200
9,8,coarse : 3.66 seconds
9,8,fine : 3.66 seconds
[[1359  554]
 [  20   75]]
acc: 0.714
f1: 0.207
[[1903   10]
 [  83   12]]
acc: 0.954
f1: 0.205
9,9,coarse : 3.69 seconds
9,9,fine : 3.7 seconds
[[1357  556]
 [  18   77]]
acc: 0.714
f1: 0.212
[[1900   13]
 [  83   12]]
acc: 0.952
f1: 0.200
9,10,coarse : 3.73 seconds
9,10,fine : 3.73 seconds
[[1367  546]
 [  20   75]]
acc: 0.718
f1: 0.209
[[1901   12]
 [  82   13]]
acc: 0.953
f1: 0.217
9,11,coarse : 3.83 seconds
9,11,fine : 3.84 seconds
[[1370  543]
 [  20   75]]
acc: 0.720
f1: 0.210
[[1902   11]
 [  82   13]]
acc: 0.954
f1: 0.218
9,12,coarse : 3.96 seconds
9,12,fine : 3.97 seconds
[[1378  535]
 [  20   75]]
acc: 0.724
f1: 0.213
[[1900   13]
 [  81   14]]
acc: 0.953
f1: 0.230
9,13,coarse : 4.07 seconds
9,13,fine : 4.07 seconds
[[1382  531]
 [  18   77]]
acc: 0.727
f1: 0.219
[[1899   14]
 [  82   13]]
acc: 0.952
f1: 0.213
9,14,coarse : 4.36 seconds
9,14,fine : 4.37 seconds
[[1383  530]
 [  16   79]]
acc: 0.728
f1: 0.224
[[1895   18]
 [  81   14]]
acc: 0.951
f1: 0.220
9,15,coarse : 4.69 seconds
9,15,fine : 4.7 seconds
[[1389  524]
 [  17   78]]
acc: 0.731
f1: 0.224
[[1892   21]
 [  79   16]]
acc: 0.950
f1: 0.242
9,16,coarse : 4.48 seconds
9,16,fine : 4.49 seconds
[[1386  527]
 [  18   77]]
acc: 0.729
f1: 0.220
[[1894   19]
 [  79   16]]
acc: 0.951
f1: 0.246
9,17,coarse : 4.73 seconds
9,17,fine : 4.73 seconds
[[1382  531]
 [  19   76]]
acc: 0.726
f1: 0.217
[[1895   18]
 [  78   17]]
acc: 0.952
f1: 0.262
9,18,coarse : 4.81 seconds
9,18,fine : 4.81 seconds
[[1397  516]
 [  19   76]]
acc: 0.734
f1: 0.221
[[1897   16]
 [  75   20]]
acc: 0.955
f1: 0.305
9,19,coarse : 4.84 seconds
9,19,fine : 4.84 seconds
[[1400  513]
 [  19   76]]
acc: 0.735
f1: 0.222
[[1900   13]
 [  75   20]]
acc: 0.956
f1: 0.312
9,20,coarse : 5.08 seconds
9,20,fine : 5.08 seconds
[[1397  516]
 [  20   75]]
acc: 0.733
f1: 0.219
[[1895   18]
 [  72   23]]
acc: 0.955
f1: 0.338
9,21,coarse : 5.16 seconds
9,21,fine : 5.16 seconds
[[1397  516]
 [  20   75]]
acc: 0.733
f1: 0.219
[[1894   19]
 [  73   22]]
acc: 0.954
f1: 0.324
9,22,coarse : 5.31 seconds
9,22,fine : 5.32 seconds
[[1385  528]
 [  20   75]]
acc: 0.727
f1: 0.215
[[1891   22]
 [  74   21]]
acc: 0.952
f1: 0.304
9,23,coarse : 5.51 seconds
9,23,fine : 5.52 seconds
[[1392  521]
 [  20   75]]
acc: 0.731
f1: 0.217
[[1888   25]
 [  71   24]]
acc: 0.952
f1: 0.333
9,24,coarse : 5.55 seconds
9,24,fine : 5.55 seconds
[[1398  515]
 [  20   75]]
acc: 0.734
f1: 0.219
[[1888   25]
 [  71   24]]
acc: 0.952
f1: 0.333
9,25,coarse : 5.77 seconds
9,25,fine : 5.77 seconds
[[1400  513]
 [  20   75]]
acc: 0.735
f1: 0.220
[[1887   26]
 [  73   22]]
acc: 0.951
f1: 0.308
9,26,coarse : 5.8 seconds
9,26,fine : 5.81 seconds
[[1397  516]
 [  20   75]]
acc: 0.733
f1: 0.219
[[1887   26]
 [  70   25]]
acc: 0.952
f1: 0.342
9,27,coarse : 5.85 seconds
9,27,fine : 5.86 seconds
[[1409  504]
 [  21   74]]
acc: 0.739
f1: 0.220
[[1885   28]
 [  73   22]]
acc: 0.950
f1: 0.303
9,28,coarse : 6.01 seconds
9,28,fine : 6.02 seconds
[[1410  503]
 [  22   73]]
acc: 0.739
f1: 0.218
[[1885   28]
 [  68   27]]
acc: 0.952
f1: 0.360
9,29,coarse : 6.14 seconds
9,29,fine : 6.14 seconds
[[1402  511]
 [  22   73]]
acc: 0.735
f1: 0.215
[[1886   27]
 [  69   26]]
acc: 0.952
f1: 0.351
9,30,coarse : 6.24 seconds
9,30,fine : 6.25 seconds
[[1409  504]
 [  23   72]]
acc: 0.738
f1: 0.215
[[1887   26]
 [  69   26]]
acc: 0.953
f1: 0.354
9,31,coarse : 6.35 seconds
9,31,fine : 6.35 seconds
[[1405  508]
 [  23   72]]
acc: 0.736
f1: 0.213
[[1888   25]
 [  70   25]]
acc: 0.953
f1: 0.345
9,32,coarse : 6.58 seconds
9,32,fine : 6.59 seconds
[[1415  498]
 [  22   73]]
acc: 0.741
f1: 0.219
[[1886   27]
 [  69   26]]
acc: 0.952
f1: 0.351
9,33,coarse : 6.61 seconds
9,33,fine : 6.61 seconds
[[1408  505]
 [  21   74]]
acc: 0.738
f1: 0.220
[[1883   30]
 [  68   27]]
acc: 0.951
f1: 0.355
9,34,coarse : 6.8 seconds
9,34,fine : 6.8 seconds
[[1413  500]
 [  21   74]]
acc: 0.741
f1: 0.221
[[1881   32]
 [  66   29]]
acc: 0.951
f1: 0.372
9,35,coarse : 6.82 seconds
9,35,fine : 6.82 seconds
[[1423  490]
 [  21   74]]
acc: 0.746
f1: 0.225
[[1879   34]
 [  66   29]]
acc: 0.950
f1: 0.367
9,36,coarse : 6.95 seconds
9,36,fine : 6.96 seconds
[[1427  486]
 [  23   72]]
acc: 0.747
f1: 0.221
[[1876   37]
 [  66   29]]
acc: 0.949
f1: 0.360
9,37,coarse : 7.15 seconds
9,37,fine : 7.15 seconds
[[1426  487]
 [  22   73]]
acc: 0.747
f1: 0.223
[[1876   37]
 [  65   30]]
acc: 0.949
f1: 0.370
9,38,coarse : 7.42 seconds
9,38,fine : 7.42 seconds
[[1419  494]
 [  21   74]]
acc: 0.744
f1: 0.223
[[1880   33]
 [  66   29]]
acc: 0.951
f1: 0.369
9,39,coarse : 7.37 seconds
9,39,fine : 7.38 seconds
[[1411  502]
 [  20   75]]
acc: 0.740
f1: 0.223
[[1877   36]
 [  64   31]]
acc: 0.950
f1: 0.383
9,40,coarse : 7.43 seconds
9,40,fine : 7.43 seconds
[[1417  496]
 [  21   74]]
acc: 0.743
f1: 0.223
[[1877   36]
 [  64   31]]
acc: 0.950
f1: 0.383
9,41,coarse : 7.52 seconds
9,41,fine : 7.53 seconds
[[1419  494]
 [  21   74]]
acc: 0.744
f1: 0.223
[[1875   38]
 [  64   31]]
acc: 0.949
f1: 0.378
9,42,coarse : 7.75 seconds
9,42,fine : 7.75 seconds
[[1424  489]
 [  22   73]]
acc: 0.746
f1: 0.222
[[1875   38]
 [  63   32]]
acc: 0.950
f1: 0.388
9,43,coarse : 7.87 seconds
9,43,fine : 7.87 seconds
[[1427  486]
 [  22   73]]
acc: 0.747
f1: 0.223
[[1876   37]
 [  64   31]]
acc: 0.950
f1: 0.380
9,44,coarse : 8.03 seconds
9,44,fine : 8.04 seconds
[[1431  482]
 [  22   73]]
acc: 0.749
f1: 0.225
[[1878   35]
 [  64   31]]
acc: 0.951
f1: 0.385
9,45,coarse : 8.27 seconds
9,45,fine : 8.28 seconds
[[1434  479]
 [  22   73]]
acc: 0.750
f1: 0.226
[[1879   34]
 [  64   31]]
acc: 0.951
f1: 0.388
9,46,coarse : 8.35 seconds
9,46,fine : 8.36 seconds
[[1441  472]
 [  21   74]]
acc: 0.754
f1: 0.231
[[1879   34]
 [  64   31]]
acc: 0.951
f1: 0.388
9,47,coarse : 8.5 seconds
9,47,fine : 8.51 seconds
[[1446  467]
 [  21   74]]
acc: 0.757
f1: 0.233
[[1877   36]
 [  65   30]]
acc: 0.950
f1: 0.373
9,48,coarse : 8.58 seconds
9,48,fine : 8.58 seconds
[[1448  465]
 [  22   73]]
acc: 0.757
f1: 0.231
[[1877   36]
 [  64   31]]
acc: 0.950
f1: 0.383
9,49,coarse : 8.72 seconds
9,49,fine : 8.72 seconds
[[1452  461]
 [  22   73]]
acc: 0.759
f1: 0.232
[[1876   37]
 [  65   30]]
acc: 0.949
f1: 0.370
9,50,coarse : 10.46 seconds
9,50,fine : 10.46 seconds
[[1439  474]
 [  23   72]]
acc: 0.752
f1: 0.225
[[1877   36]
 [  64   31]]
acc: 0.950
f1: 0.383
9,51,coarse : 8.92 seconds
9,51,fine : 8.93 seconds
[[1440  473]
 [  23   72]]
acc: 0.753
f1: 0.225
[[1875   38]
 [  65   30]]
acc: 0.949
f1: 0.368
9,52,coarse : 9.13 seconds
9,52,fine : 9.14 seconds
[[1441  472]
 [  23   72]]
acc: 0.753
f1: 0.225
[[1872   41]
 [  64   31]]
acc: 0.948
f1: 0.371
9,53,coarse : 9.15 seconds
9,53,fine : 9.16 seconds
[[1440  473]
 [  21   74]]
acc: 0.754
f1: 0.231
[[1871   42]
 [  63   32]]
acc: 0.948
f1: 0.379
9,54,coarse : 9.6 seconds
9,54,fine : 9.6 seconds
[[1424  489]
 [  21   74]]
acc: 0.746
f1: 0.225
[[1871   42]
 [  63   32]]
acc: 0.948
f1: 0.379
9,55,coarse : 9.5 seconds
9,55,fine : 9.5 seconds
[[1432  481]
 [  20   75]]
acc: 0.750
f1: 0.230
[[1872   41]
 [  62   33]]
acc: 0.949
f1: 0.391
9,56,coarse : 9.43 seconds
9,56,fine : 9.43 seconds
[[1435  478]
 [  20   75]]
acc: 0.752
f1: 0.231
[[1871   42]
 [  62   33]]
acc: 0.948
f1: 0.388
9,57,coarse : 9.59 seconds
9,57,fine : 9.6 seconds
[[1436  477]
 [  21   74]]
acc: 0.752
f1: 0.229
[[1871   42]
 [  61   34]]
acc: 0.949
f1: 0.398
9,58,coarse : 9.92 seconds
9,58,fine : 9.93 seconds
[[1435  478]
 [  21   74]]
acc: 0.751
f1: 0.229
[[1871   42]
 [  63   32]]
acc: 0.948
f1: 0.379
9,59,coarse : 9.99 seconds
9,59,fine : 10.0 seconds
[[1445  468]
 [  20   75]]
acc: 0.757
f1: 0.235
[[1870   43]
 [  62   33]]
acc: 0.948
f1: 0.386
9,60,coarse : 10.2 seconds
9,60,fine : 10.21 seconds
[[1442  471]
 [  22   73]]
acc: 0.754
f1: 0.228
[[1868   45]
 [  62   33]]
acc: 0.947
f1: 0.382
9,61,coarse : 10.47 seconds
9,61,fine : 10.48 seconds
[[1451  462]
 [  22   73]]
acc: 0.759
f1: 0.232
[[1870   43]
 [  60   35]]
acc: 0.949
f1: 0.405
9,62,coarse : 10.69 seconds
9,62,fine : 10.7 seconds
[[1447  466]
 [  22   73]]
acc: 0.757
f1: 0.230
[[1872   41]
 [  60   35]]
acc: 0.950
f1: 0.409
9,63,coarse : 10.69 seconds
9,63,fine : 10.7 seconds
[[1444  469]
 [  21   74]]
acc: 0.756
f1: 0.232
[[1870   43]
 [  57   38]]
acc: 0.950
f1: 0.432
9,64,coarse : 10.9 seconds
9,64,fine : 10.91 seconds
[[1445  468]
 [  23   72]]
acc: 0.755
f1: 0.227
[[1871   42]
 [  56   39]]
acc: 0.951
f1: 0.443
9,65,coarse : 11.02 seconds
9,65,fine : 11.03 seconds
[[1446  467]
 [  22   73]]
acc: 0.756
f1: 0.230
[[1871   42]
 [  56   39]]
acc: 0.951
f1: 0.443
9,66,coarse : 11.18 seconds
9,66,fine : 11.19 seconds
[[1437  476]
 [  22   73]]
acc: 0.752
f1: 0.227
[[1867   46]
 [  56   39]]
acc: 0.949
f1: 0.433
9,67,coarse : 11.15 seconds
9,67,fine : 11.16 seconds
[[1435  478]
 [  24   71]]
acc: 0.750
f1: 0.220
[[1868   45]
 [  55   40]]
acc: 0.950
f1: 0.444
9,68,coarse : 11.27 seconds
9,68,fine : 11.28 seconds
[[1442  471]
 [  23   72]]
acc: 0.754
f1: 0.226
[[1865   48]
 [  56   39]]
acc: 0.948
f1: 0.429
9,69,coarse : 11.37 seconds
9,69,fine : 11.38 seconds
[[1444  469]
 [  23   72]]
acc: 0.755
f1: 0.226
[[1867   46]
 [  55   40]]
acc: 0.950
f1: 0.442
9,70,coarse : 11.61 seconds
9,70,fine : 11.62 seconds
[[1441  472]
 [  21   74]]
acc: 0.754
f1: 0.231
[[1863   50]
 [  55   40]]
acc: 0.948
f1: 0.432
9,71,coarse : 11.71 seconds
9,71,fine : 11.72 seconds
[[1433  480]
 [  22   73]]
acc: 0.750
f1: 0.225
[[1866   47]
 [  56   39]]
acc: 0.949
f1: 0.431
9,72,coarse : 11.78 seconds
9,72,fine : 11.79 seconds
[[1440  473]
 [  22   73]]
acc: 0.753
f1: 0.228
[[1868   45]
 [  56   39]]
acc: 0.950
f1: 0.436
9,73,coarse : 11.99 seconds
9,73,fine : 12.0 seconds
[[1437  476]
 [  22   73]]
acc: 0.752
f1: 0.227
[[1866   47]
 [  54   41]]
acc: 0.950
f1: 0.448
9,74,coarse : 12.19 seconds
9,74,fine : 12.2 seconds
[[1439  474]
 [  21   74]]
acc: 0.753
f1: 0.230
[[1867   46]
 [  55   40]]
acc: 0.950
f1: 0.442
9,75,coarse : 12.09 seconds
9,75,fine : 12.1 seconds
[[1441  472]
 [  21   74]]
acc: 0.754
f1: 0.231
[[1866   47]
 [  55   40]]
acc: 0.949
f1: 0.440
9,76,coarse : 12.21 seconds
9,76,fine : 12.23 seconds
[[1438  475]
 [  19   76]]
acc: 0.754
f1: 0.235
[[1865   48]
 [  55   40]]
acc: 0.949
f1: 0.437
9,77,coarse : 12.23 seconds
9,77,fine : 12.24 seconds
[[1443  470]
 [  19   76]]
acc: 0.756
f1: 0.237
[[1865   48]
 [  55   40]]
acc: 0.949
f1: 0.437
9,78,coarse : 12.45 seconds
9,78,fine : 12.47 seconds
[[1447  466]
 [  19   76]]
acc: 0.758
f1: 0.239
[[1863   50]
 [  56   39]]
acc: 0.947
f1: 0.424
9,79,coarse : 12.84 seconds
9,79,fine : 12.85 seconds
[[1444  469]
 [  20   75]]
acc: 0.756
f1: 0.235
[[1863   50]
 [  55   40]]
acc: 0.948
f1: 0.432
9,80,coarse : 12.62 seconds
9,80,fine : 12.63 seconds
[[1451  462]
 [  20   75]]
acc: 0.760
f1: 0.237
[[1864   49]
 [  54   41]]
acc: 0.949
f1: 0.443
9,81,coarse : 12.51 seconds
9,81,fine : 12.52 seconds
[[1450  463]
 [  20   75]]
acc: 0.759
f1: 0.237
[[1864   49]
 [  53   42]]
acc: 0.949
f1: 0.452
9,82,coarse : 12.65 seconds
9,82,fine : 12.66 seconds
[[1454  459]
 [  20   75]]
acc: 0.761
f1: 0.238
[[1863   50]
 [  53   42]]
acc: 0.949
f1: 0.449
9,83,coarse : 12.75 seconds
9,83,fine : 12.76 seconds
[[1455  458]
 [  20   75]]
acc: 0.762
f1: 0.239
[[1862   51]
 [  53   42]]
acc: 0.948
f1: 0.447
9,84,coarse : 13.15 seconds
9,84,fine : 13.16 seconds
[[1454  459]
 [  21   74]]
acc: 0.761
f1: 0.236
[[1866   47]
 [  54   41]]
acc: 0.950
f1: 0.448
9,85,coarse : 13.36 seconds
9,85,fine : 13.37 seconds
[[1459  454]
 [  21   74]]
acc: 0.763
f1: 0.238
[[1867   46]
 [  54   41]]
acc: 0.950
f1: 0.451
9,86,coarse : 13.83 seconds
9,86,fine : 13.84 seconds
[[1462  451]
 [  21   74]]
acc: 0.765
f1: 0.239
[[1866   47]
 [  56   39]]
acc: 0.949
f1: 0.431
9,87,coarse : 13.79 seconds
9,87,fine : 13.8 seconds
[[1467  446]
 [  21   74]]
acc: 0.767
f1: 0.241
[[1865   48]
 [  55   40]]
acc: 0.949
f1: 0.437
9,88,coarse : 14.32 seconds
9,88,fine : 14.33 seconds
[[1463  450]
 [  20   75]]
acc: 0.766
f1: 0.242
[[1864   49]
 [  54   41]]
acc: 0.949
f1: 0.443
9,89,coarse : 14.06 seconds
9,89,fine : 14.08 seconds
[[1466  447]
 [  20   75]]
acc: 0.767
f1: 0.243
[[1864   49]
 [  55   40]]
acc: 0.948
f1: 0.435
9,90,coarse : 14.27 seconds
9,90,fine : 14.28 seconds
[[1466  447]
 [  20   75]]
acc: 0.767
f1: 0.243
[[1864   49]
 [  55   40]]
acc: 0.948
f1: 0.435
9,91,coarse : 14.65 seconds
9,91,fine : 14.66 seconds
[[1462  451]
 [  20   75]]
acc: 0.765
f1: 0.242
[[1865   48]
 [  55   40]]
acc: 0.949
f1: 0.437
9,92,coarse : 14.76 seconds
9,92,fine : 14.77 seconds
[[1461  452]
 [  20   75]]
acc: 0.765
f1: 0.241
[[1863   50]
 [  54   41]]
acc: 0.948
f1: 0.441
9,93,coarse : 14.76 seconds
9,93,fine : 14.77 seconds
[[1462  451]
 [  20   75]]
acc: 0.765
f1: 0.242
[[1862   51]
 [  54   41]]
acc: 0.948
f1: 0.439
9,94,coarse : 14.99 seconds
9,94,fine : 15.0 seconds
[[1464  449]
 [  21   74]]
acc: 0.766
f1: 0.239
[[1861   52]
 [  53   42]]
acc: 0.948
f1: 0.444
9,95,coarse : 14.84 seconds
9,95,fine : 14.85 seconds
[[1460  453]
 [  22   73]]
acc: 0.763
f1: 0.235
[[1860   53]
 [  53   42]]
acc: 0.947
f1: 0.442
9,96,coarse : 15.33 seconds
9,96,fine : 15.34 seconds
[[1464  449]
 [  22   73]]
acc: 0.765
f1: 0.237
[[1862   51]
 [  53   42]]
acc: 0.948
f1: 0.447
9,97,coarse : 15.44 seconds
9,97,fine : 15.45 seconds
[[1467  446]
 [  21   74]]
acc: 0.767
f1: 0.241
[[1863   50]
 [  54   41]]
acc: 0.948
f1: 0.441
9,98,coarse : 15.44 seconds
9,98,fine : 15.45 seconds
[[1457  456]
 [  22   73]]
acc: 0.762
f1: 0.234
[[1861   52]
 [  53   42]]
acc: 0.948
f1: 0.444
9,99,coarse : 15.86 seconds
9,99,fine : 15.88 seconds
[[1461  452]
 [  23   72]]
acc: 0.763
f1: 0.233
[[1861   52]
 [  53   42]]
acc: 0.948
f1: 0.444
9,100,coarse : 17.47 seconds
9,100,fine : 17.48 seconds
[[1464  449]
 [  21   74]]
acc: 0.766
f1: 0.239
[[1861   52]
 [  53   42]]
acc: 0.948
f1: 0.444
9,101,coarse : 15.92 seconds
9,101,fine : 15.93 seconds
[[1464  449]
 [  22   73]]
acc: 0.765
f1: 0.237
[[1861   52]
 [  54   41]]
acc: 0.947
f1: 0.436
9,102,coarse : 16.74 seconds
9,102,fine : 16.75 seconds
[[1466  447]
 [  23   72]]
acc: 0.766
f1: 0.235
[[1861   52]
 [  53   42]]
acc: 0.948
f1: 0.444
9,103,coarse : 16.75 seconds
9,103,fine : 16.77 seconds
[[1467  446]
 [  22   73]]
acc: 0.767
f1: 0.238
[[1860   53]
 [  54   41]]
acc: 0.947
f1: 0.434
9,104,coarse : 16.85 seconds
9,104,fine : 16.86 seconds
[[1473  440]
 [  20   75]]
acc: 0.771
f1: 0.246
[[1861   52]
 [  54   41]]
acc: 0.947
f1: 0.436
9,105,coarse : 16.81 seconds
9,105,fine : 16.82 seconds
[[1470  443]
 [  22   73]]
acc: 0.768
f1: 0.239
[[1862   51]
 [  54   41]]
acc: 0.948
f1: 0.439
9,106,coarse : 17.14 seconds
9,106,fine : 17.16 seconds
[[1470  443]
 [  20   75]]
acc: 0.769
f1: 0.245
[[1861   52]
 [  55   40]]
acc: 0.947
f1: 0.428
9,107,coarse : 17.58 seconds
9,107,fine : 17.6 seconds
[[1473  440]
 [  20   75]]
acc: 0.771
f1: 0.246
[[1860   53]
 [  53   42]]
acc: 0.947
f1: 0.442
9,108,coarse : 17.75 seconds
9,108,fine : 17.76 seconds
[[1476  437]
 [  21   74]]
acc: 0.772
f1: 0.244
[[1860   53]
 [  54   41]]
acc: 0.947
f1: 0.434
9,109,coarse : 17.59 seconds
9,109,fine : 17.61 seconds
[[1475  438]
 [  21   74]]
acc: 0.771
f1: 0.244
[[1859   54]
 [  55   40]]
acc: 0.946
f1: 0.423
9,110,coarse : 17.68 seconds
9,110,fine : 17.69 seconds
[[1478  435]
 [  21   74]]
acc: 0.773
f1: 0.245
[[1862   51]
 [  55   40]]
acc: 0.947
f1: 0.430
9,111,coarse : 17.41 seconds
9,111,fine : 17.43 seconds
[[1476  437]
 [  20   75]]
acc: 0.772
f1: 0.247
[[1861   52]
 [  52   43]]
acc: 0.948
f1: 0.453
9,112,coarse : 17.7 seconds
9,112,fine : 17.72 seconds
[[1473  440]
 [  22   73]]
acc: 0.770
f1: 0.240
[[1861   52]
 [  51   44]]
acc: 0.949
f1: 0.461
9,113,coarse : 18.01 seconds
9,113,fine : 18.03 seconds
[[1483  430]
 [  20   75]]
acc: 0.776
f1: 0.250
[[1862   51]
 [  52   43]]
acc: 0.949
f1: 0.455
9,114,coarse : 18.12 seconds
9,114,fine : 18.15 seconds
[[1480  433]
 [  21   74]]
acc: 0.774
f1: 0.246
[[1863   50]
 [  51   44]]
acc: 0.950
f1: 0.466
9,115,coarse : 18.71 seconds
9,115,fine : 18.72 seconds
[[1483  430]
 [  20   75]]
acc: 0.776
f1: 0.250
[[1863   50]
 [  54   41]]
acc: 0.948
f1: 0.441
9,116,coarse : 18.76 seconds
9,116,fine : 18.77 seconds
[[1483  430]
 [  21   74]]
acc: 0.775
f1: 0.247
[[1861   52]
 [  54   41]]
acc: 0.947
f1: 0.436
9,117,coarse : 19.28 seconds
9,117,fine : 19.3 seconds
[[1483  430]
 [  21   74]]
acc: 0.775
f1: 0.247
[[1862   51]
 [  55   40]]
acc: 0.947
f1: 0.430
9,118,coarse : 18.91 seconds
9,118,fine : 18.93 seconds
[[1483  430]
 [  21   74]]
acc: 0.775
f1: 0.247
[[1862   51]
 [  53   42]]
acc: 0.948
f1: 0.447
9,119,coarse : 19.02 seconds
9,119,fine : 19.04 seconds
[[1485  428]
 [  21   74]]
acc: 0.776
f1: 0.248
[[1862   51]
 [  53   42]]
acc: 0.948
f1: 0.447
9,120,coarse : 19.4 seconds
9,120,fine : 19.41 seconds
[[1490  423]
 [  21   74]]
acc: 0.779
f1: 0.250
[[1860   53]
 [  51   44]]
acc: 0.948
f1: 0.458
9,121,coarse : 19.34 seconds
9,121,fine : 19.36 seconds
[[1486  427]
 [  21   74]]
acc: 0.777
f1: 0.248
[[1859   54]
 [  52   43]]
acc: 0.947
f1: 0.448
9,122,coarse : 19.73 seconds
9,122,fine : 19.75 seconds
[[1482  431]
 [  21   74]]
acc: 0.775
f1: 0.247
[[1859   54]
 [  53   42]]
acc: 0.947
f1: 0.440
9,123,coarse : 20.3 seconds
9,123,fine : 20.32 seconds
[[1484  429]
 [  21   74]]
acc: 0.776
f1: 0.247
[[1860   53]
 [  54   41]]
acc: 0.947
f1: 0.434
9,124,coarse : 20.18 seconds
9,124,fine : 20.2 seconds
[[1483  430]
 [  21   74]]
acc: 0.775
f1: 0.247
[[1859   54]
 [  55   40]]
acc: 0.946
f1: 0.423
9,125,coarse : 20.19 seconds
9,125,fine : 20.21 seconds
[[1483  430]
 [  21   74]]
acc: 0.775
f1: 0.247
[[1854   59]
 [  54   41]]
acc: 0.944
f1: 0.421
9,126,coarse : 20.29 seconds
9,126,fine : 20.31 seconds
[[1486  427]
 [  21   74]]
acc: 0.777
f1: 0.248
[[1854   59]
 [  54   41]]
acc: 0.944
f1: 0.421
9,127,coarse : 20.75 seconds
9,127,fine : 20.77 seconds
[[1482  431]
 [  21   74]]
acc: 0.775
f1: 0.247
[[1855   58]
 [  54   41]]
acc: 0.944
f1: 0.423
9,128,coarse : 21.4 seconds
9,128,fine : 21.42 seconds
[[1485  428]
 [  21   74]]
acc: 0.776
f1: 0.248
[[1856   57]
 [  54   41]]
acc: 0.945
f1: 0.425
9,129,coarse : 21.59 seconds
9,129,fine : 21.61 seconds
[[1485  428]
 [  21   74]]
acc: 0.776
f1: 0.248
[[1856   57]
 [  54   41]]
acc: 0.945
f1: 0.425
9,130,coarse : 21.47 seconds
9,130,fine : 21.49 seconds
[[1483  430]
 [  22   73]]
acc: 0.775
f1: 0.244
[[1853   60]
 [  53   42]]
acc: 0.944
f1: 0.426
9,131,coarse : 21.76 seconds
9,131,fine : 21.77 seconds
[[1482  431]
 [  21   74]]
acc: 0.775
f1: 0.247
[[1854   59]
 [  53   42]]
acc: 0.944
f1: 0.429
9,132,coarse : 21.66 seconds
9,132,fine : 21.67 seconds
[[1481  432]
 [  21   74]]
acc: 0.774
f1: 0.246
[[1854   59]
 [  52   43]]
acc: 0.945
f1: 0.437
9,133,coarse : 21.98 seconds
9,133,fine : 22.0 seconds
[[1481  432]
 [  21   74]]
acc: 0.774
f1: 0.246
[[1855   58]
 [  53   42]]
acc: 0.945
f1: 0.431
9,134,coarse : 22.16 seconds
9,134,fine : 22.18 seconds
[[1485  428]
 [  22   73]]
acc: 0.776
f1: 0.245
[[1854   59]
 [  53   42]]
acc: 0.944
f1: 0.429
9,135,coarse : 21.74 seconds
9,135,fine : 21.76 seconds
[[1485  428]
 [  22   73]]
acc: 0.776
f1: 0.245
[[1859   54]
 [  53   42]]
acc: 0.947
f1: 0.440
9,136,coarse : 22.23 seconds
9,136,fine : 22.25 seconds
[[1485  428]
 [  20   75]]
acc: 0.777
f1: 0.251
[[1859   54]
 [  53   42]]
acc: 0.947
f1: 0.440
9,137,coarse : 22.36 seconds
9,137,fine : 22.38 seconds
[[1485  428]
 [  20   75]]
acc: 0.777
f1: 0.251
[[1858   55]
 [  52   43]]
acc: 0.947
f1: 0.446
9,138,coarse : 22.31 seconds
9,138,fine : 22.33 seconds
[[1485  428]
 [  20   75]]
acc: 0.777
f1: 0.251
[[1858   55]
 [  52   43]]
acc: 0.947
f1: 0.446
9,139,coarse : 22.43 seconds
9,139,fine : 22.45 seconds
[[1485  428]
 [  21   74]]
acc: 0.776
f1: 0.248
[[1859   54]
 [  53   42]]
acc: 0.947
f1: 0.440
9,140,coarse : 23.23 seconds
9,140,fine : 23.25 seconds
[[1478  435]
 [  21   74]]
acc: 0.773
f1: 0.245
[[1859   54]
 [  53   42]]
acc: 0.947
f1: 0.440
9,141,coarse : 23.52 seconds
9,141,fine : 23.54 seconds
[[1484  429]
 [  21   74]]
acc: 0.776
f1: 0.247
[[1853   60]
 [  53   42]]
acc: 0.944
f1: 0.426
9,142,coarse : 23.01 seconds
9,142,fine : 23.03 seconds
[[1482  431]
 [  22   73]]
acc: 0.774
f1: 0.244
[[1851   62]
 [  53   42]]
acc: 0.943
f1: 0.422
9,143,coarse : 23.58 seconds
9,143,fine : 23.6 seconds
[[1481  432]
 [  22   73]]
acc: 0.774
f1: 0.243
[[1853   60]
 [  54   41]]
acc: 0.943
f1: 0.418
9,144,coarse : 23.99 seconds
9,144,fine : 24.0 seconds
[[1487  426]
 [  21   74]]
acc: 0.777
f1: 0.249
[[1852   61]
 [  54   41]]
acc: 0.943
f1: 0.416
9,145,coarse : 23.49 seconds
9,145,fine : 23.51 seconds
[[1487  426]
 [  21   74]]
acc: 0.777
f1: 0.249
[[1854   59]
 [  55   40]]
acc: 0.943
f1: 0.412
9,146,coarse : 23.96 seconds
9,146,fine : 23.98 seconds
[[1487  426]
 [  21   74]]
acc: 0.777
f1: 0.249
[[1853   60]
 [  53   42]]
acc: 0.944
f1: 0.426
9,147,coarse : 23.82 seconds
9,147,fine : 23.83 seconds
[[1487  426]
 [  21   74]]
acc: 0.777
f1: 0.249
[[1852   61]
 [  51   44]]
acc: 0.944
f1: 0.440
9,148,coarse : 24.58 seconds
9,148,fine : 24.6 seconds
[[1488  425]
 [  23   72]]
acc: 0.777
f1: 0.243
[[1853   60]
 [  52   43]]
acc: 0.944
f1: 0.434
9,149,coarse : 24.12 seconds
9,149,fine : 24.14 seconds
[[1483  430]
 [  23   72]]
acc: 0.774
f1: 0.241
[[1852   61]
 [  51   44]]
acc: 0.944
f1: 0.440
9,150,coarse : 26.29 seconds
9,150,fine : 26.3 seconds
[[1481  432]
 [  22   73]]
acc: 0.774
f1: 0.243
[[1852   61]
 [  51   44]]
acc: 0.944
f1: 0.440
9,151,coarse : 24.63 seconds
9,151,fine : 24.65 seconds
[[1480  433]
 [  22   73]]
acc: 0.773
f1: 0.243
[[1853   60]
 [  51   44]]
acc: 0.945
f1: 0.442
9,152,coarse : 24.8 seconds
9,152,fine : 24.82 seconds
[[1479  434]
 [  22   73]]
acc: 0.773
f1: 0.243
[[1853   60]
 [  51   44]]
acc: 0.945
f1: 0.442
9,153,coarse : 25.27 seconds
9,153,fine : 25.28 seconds
[[1486  427]
 [  23   72]]
acc: 0.776
f1: 0.242
[[1853   60]
 [  50   45]]
acc: 0.945
f1: 0.450
9,154,coarse : 25.37 seconds
9,154,fine : 25.39 seconds
[[1478  435]
 [  22   73]]
acc: 0.772
f1: 0.242
[[1852   61]
 [  52   43]]
acc: 0.944
f1: 0.432
9,155,coarse : 25.8 seconds
9,155,fine : 25.82 seconds
[[1480  433]
 [  22   73]]
acc: 0.773
f1: 0.243
[[1854   59]
 [  53   42]]
acc: 0.944
f1: 0.429
9,156,coarse : 25.95 seconds
9,156,fine : 25.97 seconds
[[1478  435]
 [  22   73]]
acc: 0.772
f1: 0.242
[[1855   58]
 [  51   44]]
acc: 0.946
f1: 0.447
9,157,coarse : 25.95 seconds
9,157,fine : 25.97 seconds
[[1482  431]
 [  22   73]]
acc: 0.774
f1: 0.244
[[1855   58]
 [  51   44]]
acc: 0.946
f1: 0.447
9,158,coarse : 25.96 seconds
9,158,fine : 25.98 seconds
[[1485  428]
 [  23   72]]
acc: 0.775
f1: 0.242
[[1854   59]
 [  49   46]]
acc: 0.946
f1: 0.460
9,159,coarse : 24.95 seconds
9,159,fine : 24.97 seconds
[[1485  428]
 [  22   73]]
acc: 0.776
f1: 0.245
[[1854   59]
 [  48   47]]
acc: 0.947
f1: 0.468
9,160,coarse : 26.06 seconds
9,160,fine : 26.08 seconds
[[1479  434]
 [  22   73]]
acc: 0.773
f1: 0.243
[[1856   57]
 [  48   47]]
acc: 0.948
f1: 0.472
9,161,coarse : 26.36 seconds
9,161,fine : 26.38 seconds
[[1482  431]
 [  23   72]]
acc: 0.774
f1: 0.241
[[1856   57]
 [  48   47]]
acc: 0.948
f1: 0.472
9,162,coarse : 26.5 seconds
9,162,fine : 26.52 seconds
[[1481  432]
 [  23   72]]
acc: 0.773
f1: 0.240
[[1856   57]
 [  51   44]]
acc: 0.946
f1: 0.449
9,163,coarse : 26.49 seconds
9,163,fine : 26.51 seconds
[[1476  437]
 [  24   71]]
acc: 0.770
f1: 0.235
[[1855   58]
 [  51   44]]
acc: 0.946
f1: 0.447
9,164,coarse : 27.31 seconds
9,164,fine : 27.33 seconds
[[1476  437]
 [  24   71]]
acc: 0.770
f1: 0.235
[[1855   58]
 [  51   44]]
acc: 0.946
f1: 0.447
9,165,coarse : 27.35 seconds
9,165,fine : 27.37 seconds
[[1482  431]
 [  24   71]]
acc: 0.773
f1: 0.238
[[1854   59]
 [  51   44]]
acc: 0.945
f1: 0.444
9,166,coarse : 27.92 seconds
9,166,fine : 27.94 seconds
[[1484  429]
 [  24   71]]
acc: 0.774
f1: 0.239
[[1851   62]
 [  50   45]]
acc: 0.944
f1: 0.446
9,167,coarse : 27.88 seconds
9,167,fine : 27.9 seconds
[[1479  434]
 [  24   71]]
acc: 0.772
f1: 0.237
[[1852   61]
 [  50   45]]
acc: 0.945
f1: 0.448
9,168,coarse : 27.72 seconds
9,168,fine : 27.74 seconds
[[1478  435]
 [  24   71]]
acc: 0.771
f1: 0.236
[[1851   62]
 [  50   45]]
acc: 0.944
f1: 0.446
9,169,coarse : 27.98 seconds
9,169,fine : 28.0 seconds
[[1475  438]
 [  24   71]]
acc: 0.770
f1: 0.235
[[1852   61]
 [  50   45]]
acc: 0.945
f1: 0.448
9,170,coarse : 27.9 seconds
9,170,fine : 27.92 seconds
[[1476  437]
 [  24   71]]
acc: 0.770
f1: 0.235
[[1852   61]
 [  49   46]]
acc: 0.945
f1: 0.455
9,171,coarse : 27.84 seconds
9,171,fine : 27.86 seconds
[[1479  434]
 [  24   71]]
acc: 0.772
f1: 0.237
[[1851   62]
 [  50   45]]
acc: 0.944
f1: 0.446
9,172,coarse : 28.62 seconds
9,172,fine : 28.64 seconds
