all           0      1    2    3    4    5    6    7    8    
1      2010   1914   1    19   32   19   1    11   6    7    
2      2010   1914   1    19   32   19   1    11   6    7    
3      2010   1914   1    19   32   19   1    11   5    8    
4      2010   1914   1    19   32   19   1    10   6    8    
5      2010   1914   1    18   33   19   1    10   6    8    
6      2010   1914   1    18   33   19   1    10   6    8    
7      2010   1913   2    18   33   19   1    10   6    8    
8      2010   1913   2    18   33   19   1    10   6    8    
9      2009   1913   2    18   32   19   2    10   6    7    
10     2009   1913   1    19   32   19   1    11   6    7    
Total  20098  19136  13   185  324  190  11   104  59   76   
train         0      1    2    3    4    5    6    7    8    
1      2010   1914   1    19   32   19   1    11   6    7    
2      2010   1914   1    19   32   19   1    11   6    7    
3      2010   1914   1    19   32   19   1    11   5    8    
4      2010   1914   1    19   32   19   1    10   6    8    
5      2010   1914   1    18   33   19   1    10   6    8    
7      2010   1913   2    18   33   19   1    10   6    8    
8      2010   1913   2    18   33   19   1    10   6    8    
9      2009   1913   2    18   32   19   2    10   6    7    
10     2009   1913   1    19   32   19   1    11   6    7    
Total  18088  17222  12   167  291  171  10   94   53   68   
test          0      1    2    3    4    5    6    7    8    
6      2010   1914   1    18   33   19   1    10   6    8    
Total  2010   1914   1    18   33   19   1    10   6    8    
Classes             
0         17222     
1         12        
2         167       
3         291       
4         171       
5         10        
6         94        
7         53        
8         68        
Total     18088     

Shape: 450       

[952, 10, 11, 16, 11, 10, 10, 10, 10]
Sum start => 1040
[[1200  714]
 [  18   78]]
acc: 0.636
f1: 0.176
[[1865   49]
 [  87    9]]
acc: 0.932
f1: 0.117
6,1,coarse : 28.26 seconds
6,1,fine : 28.27 seconds
[[1200  714]
 [  18   78]]
acc: 0.636
f1: 0.176
[[1865   49]
 [  87    9]]
acc: 0.932
f1: 0.117
6,2,coarse : 29.64 seconds
6,2,fine : 29.64 seconds
[[1230  684]
 [  18   78]]
acc: 0.651
f1: 0.182
[[1878   36]
 [  87    9]]
acc: 0.939
f1: 0.128
6,3,coarse : 3.81 seconds
6,3,fine : 3.81 seconds
[[1261  653]
 [  18   78]]
acc: 0.666
f1: 0.189
[[1882   32]
 [  87    9]]
acc: 0.941
f1: 0.131
6,4,coarse : 3.99 seconds
6,4,fine : 4.0 seconds
[[1274  640]
 [  18   78]]
acc: 0.673
f1: 0.192
[[1882   32]
 [  88    8]]
acc: 0.940
f1: 0.118
6,5,coarse : 4.11 seconds
6,5,fine : 4.11 seconds
[[1267  647]
 [  18   78]]
acc: 0.669
f1: 0.190
[[1883   31]
 [  88    8]]
acc: 0.941
f1: 0.119
6,6,coarse : 4.29 seconds
6,6,fine : 4.3 seconds
[[1290  624]
 [  18   78]]
acc: 0.681
f1: 0.195
[[1883   31]
 [  89    7]]
acc: 0.940
f1: 0.104
6,7,coarse : 4.55 seconds
6,7,fine : 4.56 seconds
[[1307  607]
 [  18   78]]
acc: 0.689
f1: 0.200
[[1884   30]
 [  89    7]]
acc: 0.941
f1: 0.105
6,8,coarse : 4.56 seconds
6,8,fine : 4.57 seconds
[[1332  582]
 [  18   78]]
acc: 0.701
f1: 0.206
[[1889   25]
 [  91    5]]
acc: 0.942
f1: 0.079
6,9,coarse : 4.72 seconds
6,9,fine : 4.72 seconds
[[1334  580]
 [  19   77]]
acc: 0.702
f1: 0.205
[[1888   26]
 [  89    7]]
acc: 0.943
f1: 0.109
6,10,coarse : 4.92 seconds
6,10,fine : 4.93 seconds
[[1350  564]
 [  19   77]]
acc: 0.710
f1: 0.209
[[1888   26]
 [  88    8]]
acc: 0.943
f1: 0.123
6,11,coarse : 5.12 seconds
6,11,fine : 5.12 seconds
[[1353  561]
 [  19   77]]
acc: 0.711
f1: 0.210
[[1887   27]
 [  88    8]]
acc: 0.943
f1: 0.122
6,12,coarse : 5.23 seconds
6,12,fine : 5.24 seconds
[[1357  557]
 [  19   77]]
acc: 0.713
f1: 0.211
[[1887   27]
 [  88    8]]
acc: 0.943
f1: 0.122
6,13,coarse : 5.38 seconds
6,13,fine : 5.39 seconds
[[1363  551]
 [  19   77]]
acc: 0.716
f1: 0.213
[[1889   25]
 [  88    8]]
acc: 0.944
f1: 0.124
6,14,coarse : 5.6 seconds
6,14,fine : 5.6 seconds
[[1372  542]
 [  19   77]]
acc: 0.721
f1: 0.215
[[1890   24]
 [  88    8]]
acc: 0.944
f1: 0.125
6,15,coarse : 5.71 seconds
6,15,fine : 5.72 seconds
[[1379  535]
 [  20   76]]
acc: 0.724
f1: 0.215
[[1888   26]
 [  88    8]]
acc: 0.943
f1: 0.123
6,16,coarse : 5.88 seconds
6,16,fine : 5.88 seconds
[[1375  539]
 [  20   76]]
acc: 0.722
f1: 0.214
[[1890   24]
 [  89    7]]
acc: 0.944
f1: 0.110
6,17,coarse : 5.97 seconds
6,17,fine : 5.97 seconds
[[1395  519]
 [  20   76]]
acc: 0.732
f1: 0.220
[[1893   21]
 [  88    8]]
acc: 0.946
f1: 0.128
6,18,coarse : 6.11 seconds
6,18,fine : 6.12 seconds
[[1397  517]
 [  20   76]]
acc: 0.733
f1: 0.221
[[1891   23]
 [  87    9]]
acc: 0.945
f1: 0.141
6,19,coarse : 6.47 seconds
6,19,fine : 6.47 seconds
[[1389  525]
 [  21   75]]
acc: 0.728
f1: 0.216
[[1888   26]
 [  87    9]]
acc: 0.944
f1: 0.137
6,20,coarse : 6.48 seconds
6,20,fine : 6.49 seconds
[[1396  518]
 [  22   74]]
acc: 0.731
f1: 0.215
[[1888   26]
 [  87    9]]
acc: 0.944
f1: 0.137
6,21,coarse : 6.67 seconds
6,21,fine : 6.68 seconds
[[1407  507]
 [  22   74]]
acc: 0.737
f1: 0.219
[[1888   26]
 [  87    9]]
acc: 0.944
f1: 0.137
6,22,coarse : 6.76 seconds
6,22,fine : 6.77 seconds
[[1415  499]
 [  22   74]]
acc: 0.741
f1: 0.221
[[1889   25]
 [  86   10]]
acc: 0.945
f1: 0.153
6,23,coarse : 7.06 seconds
6,23,fine : 7.06 seconds
[[1422  492]
 [  22   74]]
acc: 0.744
f1: 0.224
[[1892   22]
 [  87    9]]
acc: 0.946
f1: 0.142
6,24,coarse : 7.32 seconds
6,24,fine : 7.32 seconds
[[1417  497]
 [  22   74]]
acc: 0.742
f1: 0.222
[[1893   21]
 [  83   13]]
acc: 0.948
f1: 0.200
6,25,coarse : 7.71 seconds
6,25,fine : 7.71 seconds
[[1421  493]
 [  22   74]]
acc: 0.744
f1: 0.223
[[1893   21]
 [  83   13]]
acc: 0.948
f1: 0.200
6,26,coarse : 7.78 seconds
6,26,fine : 7.79 seconds
[[1432  482]
 [  23   73]]
acc: 0.749
f1: 0.224
[[1891   23]
 [  83   13]]
acc: 0.947
f1: 0.197
6,27,coarse : 7.88 seconds
6,27,fine : 7.88 seconds
[[1439  475]
 [  23   73]]
acc: 0.752
f1: 0.227
[[1891   23]
 [  83   13]]
acc: 0.947
f1: 0.197
6,28,coarse : 7.94 seconds
6,28,fine : 7.95 seconds
[[1432  482]
 [  23   73]]
acc: 0.749
f1: 0.224
[[1887   27]
 [  80   16]]
acc: 0.947
f1: 0.230
6,29,coarse : 8.28 seconds
6,29,fine : 8.29 seconds
[[1423  491]
 [  23   73]]
acc: 0.744
f1: 0.221
[[1885   29]
 [  81   15]]
acc: 0.945
f1: 0.214
6,30,coarse : 8.36 seconds
6,30,fine : 8.36 seconds
[[1433  481]
 [  23   73]]
acc: 0.749
f1: 0.225
[[1887   27]
 [  81   15]]
acc: 0.946
f1: 0.217
6,31,coarse : 8.51 seconds
6,31,fine : 8.52 seconds
[[1426  488]
 [  24   72]]
acc: 0.745
f1: 0.220
[[1886   28]
 [  80   16]]
acc: 0.946
f1: 0.229
6,32,coarse : 8.74 seconds
6,32,fine : 8.75 seconds
[[1427  487]
 [  22   74]]
acc: 0.747
f1: 0.225
[[1880   34]
 [  78   18]]
acc: 0.944
f1: 0.243
6,33,coarse : 8.91 seconds
6,33,fine : 8.92 seconds
[[1429  485]
 [  22   74]]
acc: 0.748
f1: 0.226
[[1882   32]
 [  77   19]]
acc: 0.946
f1: 0.259
6,34,coarse : 9.17 seconds
6,34,fine : 9.17 seconds
[[1432  482]
 [  23   73]]
acc: 0.749
f1: 0.224
[[1885   29]
 [  77   19]]
acc: 0.947
f1: 0.264
6,35,coarse : 9.62 seconds
6,35,fine : 9.63 seconds
[[1433  481]
 [  23   73]]
acc: 0.749
f1: 0.225
[[1884   30]
 [  78   18]]
acc: 0.946
f1: 0.250
6,36,coarse : 9.53 seconds
6,36,fine : 9.54 seconds
[[1436  478]
 [  23   73]]
acc: 0.751
f1: 0.226
[[1885   29]
 [  76   20]]
acc: 0.948
f1: 0.276
6,37,coarse : 9.88 seconds
6,37,fine : 9.89 seconds
[[1439  475]
 [  23   73]]
acc: 0.752
f1: 0.227
[[1885   29]
 [  76   20]]
acc: 0.948
f1: 0.276
6,38,coarse : 10.1 seconds
6,38,fine : 10.11 seconds
[[1441  473]
 [  22   74]]
acc: 0.754
f1: 0.230
[[1882   32]
 [  76   20]]
acc: 0.946
f1: 0.270
6,39,coarse : 10.19 seconds
6,39,fine : 10.2 seconds
[[1444  470]
 [  21   75]]
acc: 0.756
f1: 0.234
[[1878   36]
 [  75   21]]
acc: 0.945
f1: 0.275
6,40,coarse : 10.36 seconds
6,40,fine : 10.36 seconds
[[1441  473]
 [  21   75]]
acc: 0.754
f1: 0.233
[[1878   36]
 [  73   23]]
acc: 0.946
f1: 0.297
6,41,coarse : 10.72 seconds
6,41,fine : 10.73 seconds
[[1447  467]
 [  21   75]]
acc: 0.757
f1: 0.235
[[1878   36]
 [  73   23]]
acc: 0.946
f1: 0.297
6,42,coarse : 10.75 seconds
6,42,fine : 10.76 seconds
[[1456  458]
 [  21   75]]
acc: 0.762
f1: 0.238
[[1878   36]
 [  73   23]]
acc: 0.946
f1: 0.297
6,43,coarse : 10.83 seconds
6,43,fine : 10.84 seconds
[[1456  458]
 [  20   76]]
acc: 0.762
f1: 0.241
[[1881   33]
 [  74   22]]
acc: 0.947
f1: 0.291
6,44,coarse : 10.95 seconds
6,44,fine : 10.96 seconds
[[1461  453]
 [  21   75]]
acc: 0.764
f1: 0.240
[[1876   38]
 [  74   22]]
acc: 0.944
f1: 0.282
6,45,coarse : 11.27 seconds
6,45,fine : 11.28 seconds
[[1466  448]
 [  20   76]]
acc: 0.767
f1: 0.245
[[1876   38]
 [  73   23]]
acc: 0.945
f1: 0.293
6,46,coarse : 11.48 seconds
6,46,fine : 11.49 seconds
[[1469  445]
 [  20   76]]
acc: 0.769
f1: 0.246
[[1876   38]
 [  73   23]]
acc: 0.945
f1: 0.293
6,47,coarse : 11.7 seconds
6,47,fine : 11.71 seconds
[[1473  441]
 [  20   76]]
acc: 0.771
f1: 0.248
[[1876   38]
 [  74   22]]
acc: 0.944
f1: 0.282
6,48,coarse : 11.88 seconds
6,48,fine : 11.89 seconds
[[1477  437]
 [  20   76]]
acc: 0.773
f1: 0.250
[[1874   40]
 [  73   23]]
acc: 0.944
f1: 0.289
6,49,coarse : 11.96 seconds
6,49,fine : 11.97 seconds
[[1475  439]
 [  20   76]]
acc: 0.772
f1: 0.249
[[1874   40]
 [  75   21]]
acc: 0.943
f1: 0.268
6,50,coarse : 14.07 seconds
6,50,fine : 14.08 seconds
[[1468  446]
 [  20   76]]
acc: 0.768
f1: 0.246
[[1874   40]
 [  74   22]]
acc: 0.943
f1: 0.278
6,51,coarse : 12.19 seconds
6,51,fine : 12.2 seconds
[[1467  447]
 [  20   76]]
acc: 0.768
f1: 0.246
[[1876   38]
 [  74   22]]
acc: 0.944
f1: 0.282
6,52,coarse : 12.79 seconds
6,52,fine : 12.8 seconds
[[1465  449]
 [  20   76]]
acc: 0.767
f1: 0.245
[[1876   38]
 [  73   23]]
acc: 0.945
f1: 0.293
6,53,coarse : 12.76 seconds
6,53,fine : 12.77 seconds
[[1467  447]
 [  20   76]]
acc: 0.768
f1: 0.246
[[1874   40]
 [  73   23]]
acc: 0.944
f1: 0.289
6,54,coarse : 12.96 seconds
6,54,fine : 12.97 seconds
[[1461  453]
 [  19   77]]
acc: 0.765
f1: 0.246
[[1873   41]
 [  73   23]]
acc: 0.943
f1: 0.287
6,55,coarse : 13.38 seconds
6,55,fine : 13.39 seconds
[[1460  454]
 [  19   77]]
acc: 0.765
f1: 0.246
[[1877   37]
 [  72   24]]
acc: 0.946
f1: 0.306
6,56,coarse : 13.28 seconds
6,56,fine : 13.29 seconds
[[1463  451]
 [  19   77]]
acc: 0.766
f1: 0.247
[[1873   41]
 [  72   24]]
acc: 0.944
f1: 0.298
6,57,coarse : 13.43 seconds
6,57,fine : 13.44 seconds
[[1463  451]
 [  19   77]]
acc: 0.766
f1: 0.247
[[1874   40]
 [  72   24]]
acc: 0.944
f1: 0.300
6,58,coarse : 13.54 seconds
6,58,fine : 13.55 seconds
[[1460  454]
 [  19   77]]
acc: 0.765
f1: 0.246
[[1874   40]
 [  71   25]]
acc: 0.945
f1: 0.311
6,59,coarse : 13.89 seconds
6,59,fine : 13.9 seconds
[[1465  449]
 [  19   77]]
acc: 0.767
f1: 0.248
[[1874   40]
 [  70   26]]
acc: 0.945
f1: 0.321
6,60,coarse : 13.89 seconds
6,60,fine : 13.91 seconds
[[1462  452]
 [  18   78]]
acc: 0.766
f1: 0.249
[[1872   42]
 [  71   25]]
acc: 0.944
f1: 0.307
6,61,coarse : 14.57 seconds
6,61,fine : 14.58 seconds
[[1465  449]
 [  18   78]]
acc: 0.768
f1: 0.250
[[1871   43]
 [  68   28]]
acc: 0.945
f1: 0.335
6,62,coarse : 14.77 seconds
6,62,fine : 14.78 seconds
[[1467  447]
 [  18   78]]
acc: 0.769
f1: 0.251
[[1865   49]
 [  67   29]]
acc: 0.942
f1: 0.333
6,63,coarse : 14.73 seconds
6,63,fine : 14.74 seconds
[[1475  439]
 [  18   78]]
acc: 0.773
f1: 0.254
[[1868   46]
 [  69   27]]
acc: 0.943
f1: 0.320
6,64,coarse : 15.26 seconds
6,64,fine : 15.27 seconds
[[1471  443]
 [  18   78]]
acc: 0.771
f1: 0.253
[[1869   45]
 [  68   28]]
acc: 0.944
f1: 0.331
6,65,coarse : 15.23 seconds
6,65,fine : 15.24 seconds
[[1474  440]
 [  18   78]]
acc: 0.772
f1: 0.254
[[1869   45]
 [  68   28]]
acc: 0.944
f1: 0.331
6,66,coarse : 15.8 seconds
6,66,fine : 15.81 seconds
[[1472  442]
 [  18   78]]
acc: 0.771
f1: 0.253
[[1872   42]
 [  67   29]]
acc: 0.946
f1: 0.347
6,67,coarse : 15.82 seconds
6,67,fine : 15.83 seconds
[[1477  437]
 [  18   78]]
acc: 0.774
f1: 0.255
[[1870   44]
 [  67   29]]
acc: 0.945
f1: 0.343
6,68,coarse : 16.18 seconds
6,68,fine : 16.19 seconds
[[1476  438]
 [  18   78]]
acc: 0.773
f1: 0.255
[[1871   43]
 [  67   29]]
acc: 0.945
f1: 0.345
6,69,coarse : 16.25 seconds
6,69,fine : 16.27 seconds
[[1479  435]
 [  18   78]]
acc: 0.775
f1: 0.256
[[1867   47]
 [  65   31]]
acc: 0.944
f1: 0.356
6,70,coarse : 16.18 seconds
6,70,fine : 16.19 seconds
[[1477  437]
 [  18   78]]
acc: 0.774
f1: 0.255
[[1867   47]
 [  65   31]]
acc: 0.944
f1: 0.356
6,71,coarse : 16.65 seconds
6,71,fine : 16.67 seconds
[[1477  437]
 [  19   77]]
acc: 0.773
f1: 0.252
[[1866   48]
 [  65   31]]
acc: 0.944
f1: 0.354
6,72,coarse : 16.67 seconds
6,72,fine : 16.68 seconds
[[1480  434]
 [  19   77]]
acc: 0.775
f1: 0.254
[[1866   48]
 [  65   31]]
acc: 0.944
f1: 0.354
6,73,coarse : 17.0 seconds
6,73,fine : 17.01 seconds
[[1481  433]
 [  18   78]]
acc: 0.776
f1: 0.257
[[1865   49]
 [  66   30]]
acc: 0.943
f1: 0.343
6,74,coarse : 17.17 seconds
6,74,fine : 17.18 seconds
[[1480  434]
 [  19   77]]
acc: 0.775
f1: 0.254
[[1868   46]
 [  65   31]]
acc: 0.945
f1: 0.358
6,75,coarse : 17.59 seconds
6,75,fine : 17.6 seconds
[[1475  439]
 [  19   77]]
acc: 0.772
f1: 0.252
[[1868   46]
 [  64   32]]
acc: 0.945
f1: 0.368
6,76,coarse : 17.36 seconds
6,76,fine : 17.38 seconds
[[1477  437]
 [  20   76]]
acc: 0.773
f1: 0.250
[[1871   43]
 [  65   31]]
acc: 0.946
f1: 0.365
6,77,coarse : 17.41 seconds
6,77,fine : 17.42 seconds
[[1477  437]
 [  21   75]]
acc: 0.772
f1: 0.247
[[1871   43]
 [  64   32]]
acc: 0.947
f1: 0.374
6,78,coarse : 17.87 seconds
6,78,fine : 17.88 seconds
[[1475  439]
 [  21   75]]
acc: 0.771
f1: 0.246
[[1872   42]
 [  61   35]]
acc: 0.949
f1: 0.405
6,79,coarse : 17.88 seconds
6,79,fine : 17.89 seconds
[[1468  446]
 [  21   75]]
acc: 0.768
f1: 0.243
[[1872   42]
 [  61   35]]
acc: 0.949
f1: 0.405
6,80,coarse : 18.45 seconds
6,80,fine : 18.46 seconds
[[1473  441]
 [  21   75]]
acc: 0.770
f1: 0.245
[[1872   42]
 [  62   34]]
acc: 0.948
f1: 0.395
6,81,coarse : 18.56 seconds
6,81,fine : 18.57 seconds
[[1475  439]
 [  18   78]]
acc: 0.773
f1: 0.254
[[1872   42]
 [  60   36]]
acc: 0.949
f1: 0.414
6,82,coarse : 18.79 seconds
6,82,fine : 18.8 seconds
[[1476  438]
 [  19   77]]
acc: 0.773
f1: 0.252
[[1869   45]
 [  60   36]]
acc: 0.948
f1: 0.407
6,83,coarse : 18.85 seconds
6,83,fine : 18.87 seconds
[[1479  435]
 [  19   77]]
acc: 0.774
f1: 0.253
[[1869   45]
 [  60   36]]
acc: 0.948
f1: 0.407
6,84,coarse : 18.73 seconds
6,84,fine : 18.74 seconds
[[1479  435]
 [  19   77]]
acc: 0.774
f1: 0.253
[[1870   44]
 [  59   37]]
acc: 0.949
f1: 0.418
6,85,coarse : 19.32 seconds
6,85,fine : 19.34 seconds
[[1482  432]
 [  20   76]]
acc: 0.775
f1: 0.252
[[1869   45]
 [  59   37]]
acc: 0.948
f1: 0.416
6,86,coarse : 19.84 seconds
6,86,fine : 19.86 seconds
[[1483  431]
 [  20   76]]
acc: 0.776
f1: 0.252
[[1870   44]
 [  59   37]]
acc: 0.949
f1: 0.418
6,87,coarse : 19.91 seconds
6,87,fine : 19.92 seconds
[[1481  433]
 [  20   76]]
acc: 0.775
f1: 0.251
[[1864   50]
 [  58   38]]
acc: 0.946
f1: 0.413
6,88,coarse : 19.99 seconds
6,88,fine : 20.0 seconds
[[1485  429]
 [  20   76]]
acc: 0.777
f1: 0.253
[[1859   55]
 [  57   39]]
acc: 0.944
f1: 0.411
6,89,coarse : 20.26 seconds
6,89,fine : 20.28 seconds
[[1485  429]
 [  20   76]]
acc: 0.777
f1: 0.253
[[1861   53]
 [  57   39]]
acc: 0.945
f1: 0.415
6,90,coarse : 20.27 seconds
6,90,fine : 20.28 seconds
[[1478  436]
 [  21   75]]
acc: 0.773
f1: 0.247
[[1864   50]
 [  57   39]]
acc: 0.947
f1: 0.422
6,91,coarse : 20.61 seconds
6,91,fine : 20.63 seconds
[[1477  437]
 [  22   74]]
acc: 0.772
f1: 0.244
[[1863   51]
 [  58   38]]
acc: 0.946
f1: 0.411
6,92,coarse : 21.24 seconds
6,92,fine : 21.25 seconds
[[1481  433]
 [  21   75]]
acc: 0.774
f1: 0.248
[[1863   51]
 [  58   38]]
acc: 0.946
f1: 0.411
6,93,coarse : 21.47 seconds
6,93,fine : 21.48 seconds
[[1481  433]
 [  21   75]]
acc: 0.774
f1: 0.248
[[1862   52]
 [  58   38]]
acc: 0.945
f1: 0.409
6,94,coarse : 21.6 seconds
6,94,fine : 21.62 seconds
[[1480  434]
 [  20   76]]
acc: 0.774
f1: 0.251
[[1862   52]
 [  57   39]]
acc: 0.946
f1: 0.417
6,95,coarse : 21.65 seconds
6,95,fine : 21.67 seconds
[[1478  436]
 [  21   75]]
acc: 0.773
f1: 0.247
[[1861   53]
 [  57   39]]
acc: 0.945
f1: 0.415
6,96,coarse : 21.59 seconds
6,96,fine : 21.61 seconds
[[1480  434]
 [  21   75]]
acc: 0.774
f1: 0.248
[[1863   51]
 [  57   39]]
acc: 0.946
f1: 0.419
6,97,coarse : 22.13 seconds
6,97,fine : 22.14 seconds
[[1480  434]
 [  21   75]]
acc: 0.774
f1: 0.248
[[1861   53]
 [  58   38]]
acc: 0.945
f1: 0.406
6,98,coarse : 22.32 seconds
6,98,fine : 22.33 seconds
[[1478  436]
 [  21   75]]
acc: 0.773
f1: 0.247
[[1864   50]
 [  57   39]]
acc: 0.947
f1: 0.422
6,99,coarse : 22.19 seconds
6,99,fine : 22.2 seconds
[[1467  447]
 [  21   75]]
acc: 0.767
f1: 0.243
[[1865   49]
 [  56   40]]
acc: 0.948
f1: 0.432
6,100,coarse : 23.83 seconds
6,100,fine : 23.84 seconds
[[1469  445]
 [  21   75]]
acc: 0.768
f1: 0.244
[[1861   53]
 [  56   40]]
acc: 0.946
f1: 0.423
6,101,coarse : 22.69 seconds
6,101,fine : 22.7 seconds
[[1472  442]
 [  21   75]]
acc: 0.770
f1: 0.245
[[1862   52]
 [  56   40]]
acc: 0.946
f1: 0.426
6,102,coarse : 23.06 seconds
6,102,fine : 23.08 seconds
[[1468  446]
 [  21   75]]
acc: 0.768
f1: 0.243
[[1861   53]
 [  56   40]]
acc: 0.946
f1: 0.423
6,103,coarse : 24.07 seconds
6,103,fine : 24.08 seconds
[[1469  445]
 [  21   75]]
acc: 0.768
f1: 0.244
[[1861   53]
 [  56   40]]
acc: 0.946
f1: 0.423
6,104,coarse : 23.56 seconds
6,104,fine : 23.58 seconds
[[1466  448]
 [  21   75]]
acc: 0.767
f1: 0.242
[[1861   53]
 [  57   39]]
acc: 0.945
f1: 0.415
6,105,coarse : 24.5 seconds
6,105,fine : 24.51 seconds
[[1471  443]
 [  21   75]]
acc: 0.769
f1: 0.244
[[1863   51]
 [  57   39]]
acc: 0.946
f1: 0.419
6,106,coarse : 24.43 seconds
6,106,fine : 24.45 seconds
[[1465  449]
 [  21   75]]
acc: 0.766
f1: 0.242
[[1863   51]
 [  57   39]]
acc: 0.946
f1: 0.419
6,107,coarse : 24.57 seconds
6,107,fine : 24.59 seconds
[[1467  447]
 [  21   75]]
acc: 0.767
f1: 0.243
[[1864   50]
 [  57   39]]
acc: 0.947
f1: 0.422
6,108,coarse : 25.31 seconds
6,108,fine : 25.33 seconds
[[1470  444]
 [  21   75]]
acc: 0.769
f1: 0.244
[[1863   51]
 [  57   39]]
acc: 0.946
f1: 0.419
6,109,coarse : 25.57 seconds
6,109,fine : 25.59 seconds
[[1472  442]
 [  21   75]]
acc: 0.770
f1: 0.245
[[1864   50]
 [  57   39]]
acc: 0.947
f1: 0.422
6,110,coarse : 24.99 seconds
6,110,fine : 25.01 seconds
[[1471  443]
 [  18   78]]
acc: 0.771
f1: 0.253
[[1861   53]
 [  57   39]]
acc: 0.945
f1: 0.415
6,111,coarse : 25.1 seconds
6,111,fine : 25.12 seconds
[[1473  441]
 [  20   76]]
acc: 0.771
f1: 0.248
[[1862   52]
 [  56   40]]
acc: 0.946
f1: 0.426
6,112,coarse : 25.15 seconds
6,112,fine : 25.16 seconds
[[1478  436]
 [  20   76]]
acc: 0.773
f1: 0.250
[[1860   54]
 [  55   41]]
acc: 0.946
f1: 0.429
6,113,coarse : 25.3 seconds
6,113,fine : 25.32 seconds
[[1482  432]
 [  20   76]]
acc: 0.775
f1: 0.252
[[1858   56]
 [  55   41]]
acc: 0.945
f1: 0.425
6,114,coarse : 25.81 seconds
6,114,fine : 25.83 seconds
[[1480  434]
 [  20   76]]
acc: 0.774
f1: 0.251
[[1860   54]
 [  55   41]]
acc: 0.946
f1: 0.429
6,115,coarse : 26.46 seconds
6,115,fine : 26.48 seconds
[[1478  436]
 [  20   76]]
acc: 0.773
f1: 0.250
[[1859   55]
 [  56   40]]
acc: 0.945
f1: 0.419
6,116,coarse : 26.17 seconds
6,116,fine : 26.19 seconds
[[1473  441]
 [  20   76]]
acc: 0.771
f1: 0.248
[[1859   55]
 [  56   40]]
acc: 0.945
f1: 0.419
6,117,coarse : 26.76 seconds
6,117,fine : 26.78 seconds
[[1476  438]
 [  20   76]]
acc: 0.772
f1: 0.249
[[1858   56]
 [  56   40]]
acc: 0.944
f1: 0.417
6,118,coarse : 27.41 seconds
6,118,fine : 27.42 seconds
[[1479  435]
 [  20   76]]
acc: 0.774
f1: 0.250
[[1858   56]
 [  56   40]]
acc: 0.944
f1: 0.417
6,119,coarse : 28.13 seconds
6,119,fine : 28.14 seconds
[[1474  440]
 [  20   76]]
acc: 0.771
f1: 0.248
[[1858   56]
 [  56   40]]
acc: 0.944
f1: 0.417
6,120,coarse : 27.77 seconds
6,120,fine : 27.78 seconds
[[1474  440]
 [  20   76]]
acc: 0.771
f1: 0.248
[[1855   59]
 [  56   40]]
acc: 0.943
f1: 0.410
6,121,coarse : 28.23 seconds
6,121,fine : 28.25 seconds
[[1468  446]
 [  20   76]]
acc: 0.768
f1: 0.246
[[1858   56]
 [  56   40]]
acc: 0.944
f1: 0.417
6,122,coarse : 28.38 seconds
6,122,fine : 28.4 seconds
[[1471  443]
 [  20   76]]
acc: 0.770
f1: 0.247
[[1858   56]
 [  54   42]]
acc: 0.945
f1: 0.433
6,123,coarse : 27.76 seconds
6,123,fine : 27.78 seconds
[[1471  443]
 [  20   76]]
acc: 0.770
f1: 0.247
[[1859   55]
 [  54   42]]
acc: 0.946
f1: 0.435
6,124,coarse : 28.78 seconds
6,124,fine : 28.8 seconds
[[1471  443]
 [  20   76]]
acc: 0.770
f1: 0.247
[[1859   55]
 [  53   43]]
acc: 0.946
f1: 0.443
6,125,coarse : 29.74 seconds
6,125,fine : 29.76 seconds
[[1470  444]
 [  20   76]]
acc: 0.769
f1: 0.247
[[1858   56]
 [  54   42]]
acc: 0.945
f1: 0.433
6,126,coarse : 29.1 seconds
6,126,fine : 29.12 seconds
[[1473  441]
 [  20   76]]
acc: 0.771
f1: 0.248
[[1856   58]
 [  54   42]]
acc: 0.944
f1: 0.429
6,127,coarse : 29.03 seconds
6,127,fine : 29.05 seconds
[[1477  437]
 [  20   76]]
acc: 0.773
f1: 0.250
[[1857   57]
 [  55   41]]
acc: 0.944
f1: 0.423
6,128,coarse : 30.05 seconds
6,128,fine : 30.07 seconds
[[1478  436]
 [  20   76]]
acc: 0.773
f1: 0.250
[[1858   56]
 [  55   41]]
acc: 0.945
f1: 0.425
6,129,coarse : 31.06 seconds
6,129,fine : 31.08 seconds
[[1481  433]
 [  19   77]]
acc: 0.775
f1: 0.254
[[1855   59]
 [  54   42]]
acc: 0.944
f1: 0.426
6,130,coarse : 30.65 seconds
6,130,fine : 30.67 seconds
[[1470  444]
 [  20   76]]
acc: 0.769
f1: 0.247
[[1854   60]
 [  54   42]]
acc: 0.943
f1: 0.424
6,131,coarse : 31.81 seconds
6,131,fine : 31.83 seconds
[[1472  442]
 [  20   76]]
acc: 0.770
f1: 0.248
[[1856   58]
 [  54   42]]
acc: 0.944
f1: 0.429
6,132,coarse : 30.93 seconds
6,132,fine : 30.95 seconds
[[1480  434]
 [  18   78]]
acc: 0.775
f1: 0.257
[[1855   59]
 [  54   42]]
acc: 0.944
f1: 0.426
6,133,coarse : 31.71 seconds
6,133,fine : 31.73 seconds
[[1479  435]
 [  20   76]]
acc: 0.774
f1: 0.250
[[1854   60]
 [  54   42]]
acc: 0.943
f1: 0.424
6,134,coarse : 31.75 seconds
6,134,fine : 31.76 seconds
[[1476  438]
 [  20   76]]
acc: 0.772
f1: 0.249
[[1855   59]
 [  54   42]]
acc: 0.944
f1: 0.426
6,135,coarse : 31.66 seconds
6,135,fine : 31.68 seconds
[[1476  438]
 [  20   76]]
acc: 0.772
f1: 0.249
[[1856   58]
 [  53   43]]
acc: 0.945
f1: 0.437
6,136,coarse : 31.79 seconds
6,136,fine : 31.81 seconds
[[1479  435]
 [  20   76]]
acc: 0.774
f1: 0.250
[[1858   56]
 [  53   43]]
acc: 0.946
f1: 0.441
6,137,coarse : 32.46 seconds
6,137,fine : 32.48 seconds
[[1477  437]
 [  19   77]]
acc: 0.773
f1: 0.252
[[1856   58]
 [  53   43]]
acc: 0.945
f1: 0.437
6,138,coarse : 32.19 seconds
6,138,fine : 32.21 seconds
[[1479  435]
 [  19   77]]
acc: 0.774
f1: 0.253
[[1858   56]
 [  52   44]]
acc: 0.946
f1: 0.449
6,139,coarse : 33.07 seconds
6,139,fine : 33.09 seconds
[[1477  437]
 [  18   78]]
acc: 0.774
f1: 0.255
[[1853   61]
 [  52   44]]
acc: 0.944
f1: 0.438
6,140,coarse : 33.08 seconds
6,140,fine : 33.1 seconds
[[1476  438]
 [  18   78]]
acc: 0.773
f1: 0.255
[[1853   61]
 [  52   44]]
acc: 0.944
f1: 0.438
6,141,coarse : 32.86 seconds
6,141,fine : 32.88 seconds
[[1477  437]
 [  18   78]]
acc: 0.774
f1: 0.255
[[1854   60]
 [  52   44]]
acc: 0.944
f1: 0.440
6,142,coarse : 33.74 seconds
6,142,fine : 33.76 seconds
[[1473  441]
 [  18   78]]
acc: 0.772
f1: 0.254
[[1854   60]
 [  52   44]]
acc: 0.944
f1: 0.440
6,143,coarse : 34.1 seconds
6,143,fine : 34.12 seconds
[[1467  447]
 [  18   78]]
acc: 0.769
f1: 0.251
[[1856   58]
 [  52   44]]
acc: 0.945
f1: 0.444
6,144,coarse : 33.57 seconds
6,144,fine : 33.59 seconds
[[1467  447]
 [  19   77]]
acc: 0.768
f1: 0.248
[[1855   59]
 [  52   44]]
acc: 0.945
f1: 0.442
6,145,coarse : 34.87 seconds
6,145,fine : 34.89 seconds
[[1470  444]
 [  19   77]]
acc: 0.770
f1: 0.250
[[1855   59]
 [  52   44]]
acc: 0.945
f1: 0.442
6,146,coarse : 35.43 seconds
6,146,fine : 35.45 seconds
[[1467  447]
 [  17   79]]
acc: 0.769
f1: 0.254
[[1854   60]
 [  52   44]]
acc: 0.944
f1: 0.440
6,147,coarse : 34.59 seconds
6,147,fine : 34.62 seconds
[[1462  452]
 [  18   78]]
acc: 0.766
f1: 0.249
[[1854   60]
 [  52   44]]
acc: 0.944
f1: 0.440
6,148,coarse : 35.03 seconds
6,148,fine : 35.05 seconds
[[1463  451]
 [  18   78]]
acc: 0.767
f1: 0.250
[[1854   60]
 [  53   43]]
acc: 0.944
f1: 0.432
6,149,coarse : 34.84 seconds
6,149,fine : 34.86 seconds
[[1463  451]
 [  18   78]]
acc: 0.767
f1: 0.250
[[1855   59]
 [  52   44]]
acc: 0.945
f1: 0.442
6,150,coarse : 36.72 seconds
6,150,fine : 36.74 seconds
[[1461  453]
 [  18   78]]
acc: 0.766
f1: 0.249
[[1857   57]
 [  52   44]]
acc: 0.946
f1: 0.447
6,151,coarse : 34.56 seconds
6,151,fine : 34.58 seconds
[[1463  451]
 [  18   78]]
acc: 0.767
f1: 0.250
[[1855   59]
 [  52   44]]
acc: 0.945
f1: 0.442
6,152,coarse : 35.61 seconds
6,152,fine : 35.63 seconds
[[1462  452]
 [  18   78]]
acc: 0.766
f1: 0.249
[[1855   59]
 [  52   44]]
acc: 0.945
f1: 0.442
6,153,coarse : 35.21 seconds
6,153,fine : 35.23 seconds
[[1461  453]
 [  18   78]]
acc: 0.766
f1: 0.249
[[1857   57]
 [  54   42]]
acc: 0.945
f1: 0.431
6,154,coarse : 35.8 seconds
6,154,fine : 35.83 seconds
[[1463  451]
 [  18   78]]
acc: 0.767
f1: 0.250
[[1857   57]
 [  53   43]]
acc: 0.945
f1: 0.439
6,155,coarse : 36.46 seconds
6,155,fine : 36.48 seconds
[[1466  448]
 [  18   78]]
acc: 0.768
f1: 0.251
[[1856   58]
 [  53   43]]
acc: 0.945
f1: 0.437
6,156,coarse : 35.91 seconds
6,156,fine : 35.93 seconds
[[1465  449]
 [  18   78]]
acc: 0.768
f1: 0.250
[[1858   56]
 [  53   43]]
acc: 0.946
f1: 0.441
6,157,coarse : 35.83 seconds
6,157,fine : 35.85 seconds
[[1465  449]
 [  18   78]]
acc: 0.768
f1: 0.250
[[1858   56]
 [  52   44]]
acc: 0.946
f1: 0.449
6,158,coarse : 36.13 seconds
6,158,fine : 36.15 seconds
[[1462  452]
 [  19   77]]
acc: 0.766
f1: 0.246
[[1858   56]
 [  51   45]]
acc: 0.947
f1: 0.457
6,159,coarse : 36.21 seconds
6,159,fine : 36.24 seconds
[[1462  452]
 [  19   77]]
acc: 0.766
f1: 0.246
[[1858   56]
 [  51   45]]
acc: 0.947
f1: 0.457
6,160,coarse : 36.86 seconds
6,160,fine : 36.89 seconds
[[1460  454]
 [  19   77]]
acc: 0.765
f1: 0.246
[[1855   59]
 [  51   45]]
acc: 0.945
f1: 0.450
6,161,coarse : 36.54 seconds
6,161,fine : 36.56 seconds
[[1460  454]
 [  19   77]]
acc: 0.765
f1: 0.246
[[1855   59]
 [  51   45]]
acc: 0.945
f1: 0.450
6,162,coarse : 37.26 seconds
6,162,fine : 37.28 seconds
[[1460  454]
 [  19   77]]
acc: 0.765
f1: 0.246
[[1855   59]
 [  50   46]]
acc: 0.946
f1: 0.458
6,163,coarse : 38.63 seconds
6,163,fine : 38.65 seconds
[[1463  451]
 [  20   76]]
acc: 0.766
f1: 0.244
[[1855   59]
 [  50   46]]
acc: 0.946
f1: 0.458
6,164,coarse : 38.54 seconds
6,164,fine : 38.57 seconds
[[1462  452]
 [  20   76]]
acc: 0.765
f1: 0.244
[[1855   59]
 [  50   46]]
acc: 0.946
f1: 0.458
6,165,coarse : 38.33 seconds
6,165,fine : 38.35 seconds
[[1460  454]
 [  20   76]]
acc: 0.764
f1: 0.243
[[1856   58]
 [  50   46]]
acc: 0.946
f1: 0.460
6,166,coarse : 38.92 seconds
6,166,fine : 38.94 seconds
[[1460  454]
 [  20   76]]
acc: 0.764
f1: 0.243
[[1855   59]
 [  50   46]]
acc: 0.946
f1: 0.458
6,167,coarse : 38.45 seconds
6,167,fine : 38.47 seconds
[[1465  449]
 [  20   76]]
acc: 0.767
f1: 0.245
[[1853   61]
 [  50   46]]
acc: 0.945
f1: 0.453
6,168,coarse : 39.37 seconds
6,168,fine : 39.39 seconds
[[1467  447]
 [  20   76]]
acc: 0.768
f1: 0.246
[[1852   62]
 [  50   46]]
acc: 0.944
f1: 0.451
6,169,coarse : 39.89 seconds
6,169,fine : 39.91 seconds
[[1469  445]
 [  20   76]]
acc: 0.769
f1: 0.246
[[1852   62]
 [  50   46]]
acc: 0.944
f1: 0.451
6,170,coarse : 40.22 seconds
6,170,fine : 40.24 seconds
[[1468  446]
 [  20   76]]
acc: 0.768
f1: 0.246
[[1852   62]
 [  50   46]]
acc: 0.944
f1: 0.451
6,171,coarse : 40.04 seconds
6,171,fine : 40.06 seconds
[[1471  443]
 [  20   76]]
acc: 0.770
f1: 0.247
[[1851   63]
 [  50   46]]
acc: 0.944
f1: 0.449
6,172,coarse : 39.8 seconds
6,172,fine : 39.82 seconds
