all           0      1    2    3    4    5    6    7    8    
1      2010   1914   1    19   32   19   1    11   6    7    
2      2010   1914   1    19   32   19   1    11   6    7    
3      2010   1914   1    19   32   19   1    11   5    8    
4      2010   1914   1    19   32   19   1    10   6    8    
5      2010   1914   1    18   33   19   1    10   6    8    
6      2010   1914   1    18   33   19   1    10   6    8    
7      2010   1913   2    18   33   19   1    10   6    8    
8      2010   1913   2    18   33   19   1    10   6    8    
9      2009   1913   2    18   32   19   2    10   6    7    
10     2009   1913   1    19   32   19   1    11   6    7    
Total  20098  19136  13   185  324  190  11   104  59   76   
train         0      1    2    3    4    5    6    7    8    
2      2010   1914   1    19   32   19   1    11   6    7    
3      2010   1914   1    19   32   19   1    11   5    8    
4      2010   1914   1    19   32   19   1    10   6    8    
5      2010   1914   1    18   33   19   1    10   6    8    
6      2010   1914   1    18   33   19   1    10   6    8    
7      2010   1913   2    18   33   19   1    10   6    8    
8      2010   1913   2    18   33   19   1    10   6    8    
9      2009   1913   2    18   32   19   2    10   6    7    
10     2009   1913   1    19   32   19   1    11   6    7    
Total  18088  17222  12   166  292  171  10   93   53   69   
test          0      1    2    3    4    5    6    7    8    
1      2010   1914   1    19   32   19   1    11   6    7    
Total  2010   1914   1    19   32   19   1    11   6    7    
Classes             
0         17222     
1         12        
2         166       
3         292       
4         171       
5         10        
6         93        
7         53        
8         69        
Total     18088     

Shape: 450       

[952, 10, 11, 16, 11, 10, 10, 10, 10]
Sum start => 1040
[[1262  652]
 [  16   80]]
acc: 0.668
f1: 0.193
[[1892   22]
 [  85   11]]
acc: 0.947
f1: 0.171
1,1,coarse : 27.37 seconds
1,1,fine : 27.37 seconds
[[1262  652]
 [  16   80]]
acc: 0.668
f1: 0.193
[[1892   22]
 [  85   11]]
acc: 0.947
f1: 0.171
1,2,coarse : 28.81 seconds
1,2,fine : 28.81 seconds
[[1279  635]
 [  15   81]]
acc: 0.677
f1: 0.200
[[1893   21]
 [  86   10]]
acc: 0.947
f1: 0.157
1,3,coarse : 3.19 seconds
1,3,fine : 3.19 seconds
[[1293  621]
 [  16   80]]
acc: 0.683
f1: 0.201
[[1894   20]
 [  85   11]]
acc: 0.948
f1: 0.173
1,4,coarse : 3.18 seconds
1,4,fine : 3.18 seconds
[[1318  596]
 [  18   78]]
acc: 0.695
f1: 0.203
[[1895   19]
 [  84   12]]
acc: 0.949
f1: 0.189
1,5,coarse : 3.26 seconds
1,5,fine : 3.26 seconds
[[1342  572]
 [  19   77]]
acc: 0.706
f1: 0.207
[[1894   20]
 [  84   12]]
acc: 0.948
f1: 0.188
1,6,coarse : 3.53 seconds
1,6,fine : 3.53 seconds
[[1362  552]
 [  19   77]]
acc: 0.716
f1: 0.212
[[1894   20]
 [  85   11]]
acc: 0.948
f1: 0.173
1,7,coarse : 3.71 seconds
1,7,fine : 3.72 seconds
[[1361  553]
 [  18   78]]
acc: 0.716
f1: 0.215
[[1890   24]
 [  84   12]]
acc: 0.946
f1: 0.182
1,8,coarse : 3.77 seconds
1,8,fine : 3.78 seconds
[[1363  551]
 [  17   79]]
acc: 0.717
f1: 0.218
[[1891   23]
 [  85   11]]
acc: 0.946
f1: 0.169
1,9,coarse : 3.92 seconds
1,9,fine : 3.93 seconds
[[1381  533]
 [  17   79]]
acc: 0.726
f1: 0.223
[[1886   28]
 [  80   16]]
acc: 0.946
f1: 0.229
1,10,coarse : 4.31 seconds
1,10,fine : 4.31 seconds
[[1382  532]
 [  15   81]]
acc: 0.728
f1: 0.228
[[1890   24]
 [  80   16]]
acc: 0.948
f1: 0.235
1,11,coarse : 4.3 seconds
1,11,fine : 4.31 seconds
[[1384  530]
 [  16   80]]
acc: 0.728
f1: 0.227
[[1889   25]
 [  81   15]]
acc: 0.947
f1: 0.221
1,12,coarse : 4.38 seconds
1,12,fine : 4.38 seconds
[[1361  553]
 [  16   80]]
acc: 0.717
f1: 0.219
[[1887   27]
 [  82   14]]
acc: 0.946
f1: 0.204
1,13,coarse : 4.52 seconds
1,13,fine : 4.52 seconds
[[1380  534]
 [  15   81]]
acc: 0.727
f1: 0.228
[[1888   26]
 [  81   15]]
acc: 0.947
f1: 0.219
1,14,coarse : 4.66 seconds
1,14,fine : 4.67 seconds
[[1385  529]
 [  15   81]]
acc: 0.729
f1: 0.229
[[1892   22]
 [  83   13]]
acc: 0.948
f1: 0.198
1,15,coarse : 4.67 seconds
1,15,fine : 4.67 seconds
[[1385  529]
 [  15   81]]
acc: 0.729
f1: 0.229
[[1885   29]
 [  81   15]]
acc: 0.945
f1: 0.214
1,16,coarse : 5.02 seconds
1,16,fine : 5.03 seconds
[[1397  517]
 [  15   81]]
acc: 0.735
f1: 0.233
[[1887   27]
 [  82   14]]
acc: 0.946
f1: 0.204
1,17,coarse : 5.19 seconds
1,17,fine : 5.2 seconds
[[1394  520]
 [  16   80]]
acc: 0.733
f1: 0.230
[[1885   29]
 [  80   16]]
acc: 0.946
f1: 0.227
1,18,coarse : 5.02 seconds
1,18,fine : 5.03 seconds
[[1402  512]
 [  16   80]]
acc: 0.737
f1: 0.233
[[1881   33]
 [  79   17]]
acc: 0.944
f1: 0.233
1,19,coarse : 5.36 seconds
1,19,fine : 5.37 seconds
[[1411  503]
 [  16   80]]
acc: 0.742
f1: 0.236
[[1884   30]
 [  79   17]]
acc: 0.946
f1: 0.238
1,20,coarse : 5.53 seconds
1,20,fine : 5.53 seconds
[[1400  514]
 [  17   79]]
acc: 0.736
f1: 0.229
[[1883   31]
 [  76   20]]
acc: 0.947
f1: 0.272
1,21,coarse : 5.54 seconds
1,21,fine : 5.54 seconds
[[1392  522]
 [  15   81]]
acc: 0.733
f1: 0.232
[[1885   29]
 [  77   19]]
acc: 0.947
f1: 0.264
1,22,coarse : 6.0 seconds
1,22,fine : 6.01 seconds
[[1395  519]
 [  15   81]]
acc: 0.734
f1: 0.233
[[1882   32]
 [  77   19]]
acc: 0.946
f1: 0.259
1,23,coarse : 5.75 seconds
1,23,fine : 5.75 seconds
[[1400  514]
 [  15   81]]
acc: 0.737
f1: 0.234
[[1882   32]
 [  77   19]]
acc: 0.946
f1: 0.259
1,24,coarse : 6.04 seconds
1,24,fine : 6.05 seconds
[[1380  534]
 [  15   81]]
acc: 0.727
f1: 0.228
[[1883   31]
 [  77   19]]
acc: 0.946
f1: 0.260
1,25,coarse : 6.19 seconds
1,25,fine : 6.2 seconds
[[1381  533]
 [  15   81]]
acc: 0.727
f1: 0.228
[[1883   31]
 [  76   20]]
acc: 0.947
f1: 0.272
1,26,coarse : 6.54 seconds
1,26,fine : 6.54 seconds
[[1375  539]
 [  13   83]]
acc: 0.725
f1: 0.231
[[1882   32]
 [  75   21]]
acc: 0.947
f1: 0.282
1,27,coarse : 6.56 seconds
1,27,fine : 6.57 seconds
[[1390  524]
 [  13   83]]
acc: 0.733
f1: 0.236
[[1883   31]
 [  74   22]]
acc: 0.948
f1: 0.295
1,28,coarse : 6.38 seconds
1,28,fine : 6.39 seconds
[[1395  519]
 [  13   83]]
acc: 0.735
f1: 0.238
[[1882   32]
 [  71   25]]
acc: 0.949
f1: 0.327
1,29,coarse : 6.64 seconds
1,29,fine : 6.65 seconds
[[1395  519]
 [  13   83]]
acc: 0.735
f1: 0.238
[[1881   33]
 [  69   27]]
acc: 0.949
f1: 0.346
1,30,coarse : 6.66 seconds
1,30,fine : 6.66 seconds
[[1399  515]
 [  13   83]]
acc: 0.737
f1: 0.239
[[1883   31]
 [  70   26]]
acc: 0.950
f1: 0.340
1,31,coarse : 7.43 seconds
1,31,fine : 7.44 seconds
[[1404  510]
 [  13   83]]
acc: 0.740
f1: 0.241
[[1883   31]
 [  68   28]]
acc: 0.951
f1: 0.361
1,32,coarse : 7.11 seconds
1,32,fine : 7.12 seconds
[[1401  513]
 [  13   83]]
acc: 0.738
f1: 0.240
[[1881   33]
 [  68   28]]
acc: 0.950
f1: 0.357
1,33,coarse : 7.35 seconds
1,33,fine : 7.36 seconds
[[1390  524]
 [  13   83]]
acc: 0.733
f1: 0.236
[[1881   33]
 [  68   28]]
acc: 0.950
f1: 0.357
1,34,coarse : 7.44 seconds
1,34,fine : 7.44 seconds
[[1381  533]
 [  13   83]]
acc: 0.728
f1: 0.233
[[1879   35]
 [  65   31]]
acc: 0.950
f1: 0.383
1,35,coarse : 7.94 seconds
1,35,fine : 7.95 seconds
[[1389  525]
 [  13   83]]
acc: 0.732
f1: 0.236
[[1878   36]
 [  66   30]]
acc: 0.949
f1: 0.370
1,36,coarse : 7.55 seconds
1,36,fine : 7.56 seconds
[[1398  516]
 [  13   83]]
acc: 0.737
f1: 0.239
[[1878   36]
 [  65   31]]
acc: 0.950
f1: 0.380
1,37,coarse : 7.89 seconds
1,37,fine : 7.9 seconds
[[1404  510]
 [  13   83]]
acc: 0.740
f1: 0.241
[[1871   43]
 [  62   34]]
acc: 0.948
f1: 0.393
1,38,coarse : 8.24 seconds
1,38,fine : 8.25 seconds
[[1414  500]
 [  13   83]]
acc: 0.745
f1: 0.244
[[1869   45]
 [  62   34]]
acc: 0.947
f1: 0.389
1,39,coarse : 8.47 seconds
1,39,fine : 8.48 seconds
[[1414  500]
 [  13   83]]
acc: 0.745
f1: 0.244
[[1873   41]
 [  61   35]]
acc: 0.949
f1: 0.407
1,40,coarse : 8.32 seconds
1,40,fine : 8.33 seconds
[[1416  498]
 [  13   83]]
acc: 0.746
f1: 0.245
[[1871   43]
 [  61   35]]
acc: 0.948
f1: 0.402
1,41,coarse : 8.51 seconds
1,41,fine : 8.52 seconds
[[1413  501]
 [  13   83]]
acc: 0.744
f1: 0.244
[[1871   43]
 [  61   35]]
acc: 0.948
f1: 0.402
1,42,coarse : 8.86 seconds
1,42,fine : 8.87 seconds
[[1416  498]
 [  13   83]]
acc: 0.746
f1: 0.245
[[1871   43]
 [  60   36]]
acc: 0.949
f1: 0.411
1,43,coarse : 8.72 seconds
1,43,fine : 8.73 seconds
[[1414  500]
 [  13   83]]
acc: 0.745
f1: 0.244
[[1867   47]
 [  59   37]]
acc: 0.947
f1: 0.411
1,44,coarse : 8.74 seconds
1,44,fine : 8.75 seconds
[[1407  507]
 [  13   83]]
acc: 0.741
f1: 0.242
[[1866   48]
 [  59   37]]
acc: 0.947
f1: 0.409
1,45,coarse : 9.2 seconds
1,45,fine : 9.21 seconds
[[1405  509]
 [  13   83]]
acc: 0.740
f1: 0.241
[[1868   46]
 [  59   37]]
acc: 0.948
f1: 0.413
1,46,coarse : 9.26 seconds
1,46,fine : 9.27 seconds
[[1404  510]
 [  13   83]]
acc: 0.740
f1: 0.241
[[1870   44]
 [  58   38]]
acc: 0.949
f1: 0.427
1,47,coarse : 9.14 seconds
1,47,fine : 9.15 seconds
[[1399  515]
 [  12   84]]
acc: 0.738
f1: 0.242
[[1870   44]
 [  58   38]]
acc: 0.949
f1: 0.427
1,48,coarse : 9.66 seconds
1,48,fine : 9.67 seconds
[[1399  515]
 [  12   84]]
acc: 0.738
f1: 0.242
[[1868   46]
 [  57   39]]
acc: 0.949
f1: 0.431
1,49,coarse : 9.78 seconds
1,49,fine : 9.79 seconds
[[1405  509]
 [  12   84]]
acc: 0.741
f1: 0.244
[[1866   48]
 [  58   38]]
acc: 0.947
f1: 0.418
1,50,coarse : 11.37 seconds
1,50,fine : 11.38 seconds
[[1407  507]
 [  12   84]]
acc: 0.742
f1: 0.245
[[1867   47]
 [  57   39]]
acc: 0.948
f1: 0.429
1,51,coarse : 9.91 seconds
1,51,fine : 9.92 seconds
[[1413  501]
 [  12   84]]
acc: 0.745
f1: 0.247
[[1863   51]
 [  58   38]]
acc: 0.946
f1: 0.411
1,52,coarse : 10.15 seconds
1,52,fine : 10.16 seconds
[[1414  500]
 [  13   83]]
acc: 0.745
f1: 0.244
[[1863   51]
 [  58   38]]
acc: 0.946
f1: 0.411
1,53,coarse : 10.49 seconds
1,53,fine : 10.5 seconds
[[1411  503]
 [  12   84]]
acc: 0.744
f1: 0.246
[[1861   53]
 [  57   39]]
acc: 0.945
f1: 0.415
1,54,coarse : 10.61 seconds
1,54,fine : 10.62 seconds
[[1410  504]
 [  12   84]]
acc: 0.743
f1: 0.246
[[1861   53]
 [  58   38]]
acc: 0.945
f1: 0.406
1,55,coarse : 10.32 seconds
1,55,fine : 10.33 seconds
[[1409  505]
 [  12   84]]
acc: 0.743
f1: 0.245
[[1859   55]
 [  53   43]]
acc: 0.946
f1: 0.443
1,56,coarse : 11.12 seconds
1,56,fine : 11.13 seconds
[[1403  511]
 [  11   85]]
acc: 0.740
f1: 0.246
[[1861   53]
 [  55   41]]
acc: 0.946
f1: 0.432
1,57,coarse : 10.96 seconds
1,57,fine : 10.97 seconds
[[1404  510]
 [  11   85]]
acc: 0.741
f1: 0.246
[[1859   55]
 [  56   40]]
acc: 0.945
f1: 0.419
1,58,coarse : 10.62 seconds
1,58,fine : 10.63 seconds
[[1405  509]
 [  12   84]]
acc: 0.741
f1: 0.244
[[1859   55]
 [  55   41]]
acc: 0.945
f1: 0.427
1,59,coarse : 11.13 seconds
1,59,fine : 11.15 seconds
[[1398  516]
 [  12   84]]
acc: 0.737
f1: 0.241
[[1859   55]
 [  55   41]]
acc: 0.945
f1: 0.427
1,60,coarse : 11.63 seconds
1,60,fine : 11.64 seconds
[[1399  515]
 [  12   84]]
acc: 0.738
f1: 0.242
[[1858   56]
 [  51   45]]
acc: 0.947
f1: 0.457
1,61,coarse : 11.78 seconds
1,61,fine : 11.79 seconds
[[1399  515]
 [  12   84]]
acc: 0.738
f1: 0.242
[[1858   56]
 [  49   47]]
acc: 0.948
f1: 0.472
1,62,coarse : 12.12 seconds
1,62,fine : 12.13 seconds
[[1399  515]
 [  12   84]]
acc: 0.738
f1: 0.242
[[1856   58]
 [  49   47]]
acc: 0.947
f1: 0.468
1,63,coarse : 11.86 seconds
1,63,fine : 11.88 seconds
[[1400  514]
 [  12   84]]
acc: 0.738
f1: 0.242
[[1855   59]
 [  49   47]]
acc: 0.946
f1: 0.465
1,64,coarse : 12.28 seconds
1,64,fine : 12.29 seconds
[[1404  510]
 [  12   84]]
acc: 0.740
f1: 0.243
[[1856   58]
 [  48   48]]
acc: 0.947
f1: 0.475
1,65,coarse : 12.66 seconds
1,65,fine : 12.67 seconds
[[1412  502]
 [  12   84]]
acc: 0.744
f1: 0.246
[[1855   59]
 [  47   49]]
acc: 0.947
f1: 0.480
1,66,coarse : 13.03 seconds
1,66,fine : 13.04 seconds
[[1411  503]
 [  12   84]]
acc: 0.744
f1: 0.246
[[1852   62]
 [  48   48]]
acc: 0.945
f1: 0.466
1,67,coarse : 13.07 seconds
1,67,fine : 13.08 seconds
[[1412  502]
 [  12   84]]
acc: 0.744
f1: 0.246
[[1851   63]
 [  47   49]]
acc: 0.945
f1: 0.471
1,68,coarse : 13.09 seconds
1,68,fine : 13.11 seconds
[[1415  499]
 [  12   84]]
acc: 0.746
f1: 0.247
[[1850   64]
 [  48   48]]
acc: 0.944
f1: 0.462
1,69,coarse : 13.36 seconds
1,69,fine : 13.37 seconds
[[1421  493]
 [  12   84]]
acc: 0.749
f1: 0.250
[[1848   66]
 [  46   50]]
acc: 0.944
f1: 0.472
1,70,coarse : 13.48 seconds
1,70,fine : 13.49 seconds
[[1423  491]
 [  12   84]]
acc: 0.750
f1: 0.250
[[1847   67]
 [  47   49]]
acc: 0.943
f1: 0.462
1,71,coarse : 13.7 seconds
1,71,fine : 13.71 seconds
[[1430  484]
 [  11   85]]
acc: 0.754
f1: 0.256
[[1848   66]
 [  45   51]]
acc: 0.945
f1: 0.479
1,72,coarse : 14.14 seconds
1,72,fine : 14.15 seconds
[[1430  484]
 [  11   85]]
acc: 0.754
f1: 0.256
[[1847   67]
 [  46   50]]
acc: 0.944
f1: 0.469
1,73,coarse : 13.62 seconds
1,73,fine : 13.64 seconds
[[1431  483]
 [  11   85]]
acc: 0.754
f1: 0.256
[[1844   70]
 [  47   49]]
acc: 0.942
f1: 0.456
1,74,coarse : 13.92 seconds
1,74,fine : 13.93 seconds
[[1430  484]
 [  11   85]]
acc: 0.754
f1: 0.256
[[1841   73]
 [  47   49]]
acc: 0.940
f1: 0.450
1,75,coarse : 14.06 seconds
1,75,fine : 14.08 seconds
[[1434  480]
 [  11   85]]
acc: 0.756
f1: 0.257
[[1842   72]
 [  47   49]]
acc: 0.941
f1: 0.452
1,76,coarse : 14.17 seconds
1,76,fine : 14.18 seconds
[[1431  483]
 [  12   84]]
acc: 0.754
f1: 0.253
[[1842   72]
 [  47   49]]
acc: 0.941
f1: 0.452
1,77,coarse : 13.92 seconds
1,77,fine : 13.93 seconds
[[1430  484]
 [  13   83]]
acc: 0.753
f1: 0.250
[[1843   71]
 [  48   48]]
acc: 0.941
f1: 0.447
1,78,coarse : 14.57 seconds
1,78,fine : 14.59 seconds
[[1429  485]
 [  12   84]]
acc: 0.753
f1: 0.253
[[1844   70]
 [  47   49]]
acc: 0.942
f1: 0.456
1,79,coarse : 13.9 seconds
1,79,fine : 13.92 seconds
[[1431  483]
 [  12   84]]
acc: 0.754
f1: 0.253
[[1844   70]
 [  46   50]]
acc: 0.942
f1: 0.463
1,80,coarse : 15.07 seconds
1,80,fine : 15.08 seconds
[[1429  485]
 [  12   84]]
acc: 0.753
f1: 0.253
[[1840   74]
 [  46   50]]
acc: 0.940
f1: 0.455
1,81,coarse : 14.33 seconds
1,81,fine : 14.34 seconds
[[1420  494]
 [  10   86]]
acc: 0.749
f1: 0.254
[[1840   74]
 [  46   50]]
acc: 0.940
f1: 0.455
1,82,coarse : 15.68 seconds
1,82,fine : 15.7 seconds
[[1425  489]
 [  11   85]]
acc: 0.751
f1: 0.254
[[1839   75]
 [  46   50]]
acc: 0.940
f1: 0.452
1,83,coarse : 15.16 seconds
1,83,fine : 15.17 seconds
[[1426  488]
 [  11   85]]
acc: 0.752
f1: 0.254
[[1838   76]
 [  46   50]]
acc: 0.939
f1: 0.450
1,84,coarse : 16.08 seconds
1,84,fine : 16.09 seconds
[[1433  481]
 [  11   85]]
acc: 0.755
f1: 0.257
[[1838   76]
 [  46   50]]
acc: 0.939
f1: 0.450
1,85,coarse : 16.18 seconds
1,85,fine : 16.19 seconds
[[1428  486]
 [  10   86]]
acc: 0.753
f1: 0.257
[[1841   73]
 [  46   50]]
acc: 0.941
f1: 0.457
1,86,coarse : 16.29 seconds
1,86,fine : 16.3 seconds
[[1426  488]
 [  10   86]]
acc: 0.752
f1: 0.257
[[1843   71]
 [  47   49]]
acc: 0.941
f1: 0.454
1,87,coarse : 17.06 seconds
1,87,fine : 17.08 seconds
[[1422  492]
 [   9   87]]
acc: 0.751
f1: 0.258
[[1843   71]
 [  46   50]]
acc: 0.942
f1: 0.461
1,88,coarse : 16.64 seconds
1,88,fine : 16.66 seconds
[[1421  493]
 [   9   87]]
acc: 0.750
f1: 0.257
[[1840   74]
 [  45   51]]
acc: 0.941
f1: 0.462
1,89,coarse : 17.49 seconds
1,89,fine : 17.5 seconds
[[1429  485]
 [   9   87]]
acc: 0.754
f1: 0.260
[[1842   72]
 [  43   53]]
acc: 0.943
f1: 0.480
1,90,coarse : 16.85 seconds
1,90,fine : 16.87 seconds
[[1426  488]
 [   9   87]]
acc: 0.753
f1: 0.259
[[1842   72]
 [  44   52]]
acc: 0.942
f1: 0.473
1,91,coarse : 18.01 seconds
1,91,fine : 18.03 seconds
[[1432  482]
 [   9   87]]
acc: 0.756
f1: 0.262
[[1845   69]
 [  44   52]]
acc: 0.944
f1: 0.479
1,92,coarse : 18.01 seconds
1,92,fine : 18.03 seconds
[[1431  483]
 [   9   87]]
acc: 0.755
f1: 0.261
[[1847   67]
 [  46   50]]
acc: 0.944
f1: 0.469
1,93,coarse : 17.44 seconds
1,93,fine : 17.45 seconds
[[1412  502]
 [   9   87]]
acc: 0.746
f1: 0.254
[[1847   67]
 [  46   50]]
acc: 0.944
f1: 0.469
1,94,coarse : 18.18 seconds
1,94,fine : 18.2 seconds
[[1419  495]
 [  10   86]]
acc: 0.749
f1: 0.254
[[1844   70]
 [  44   52]]
acc: 0.943
f1: 0.477
1,95,coarse : 17.21 seconds
1,95,fine : 17.22 seconds
[[1429  485]
 [  10   86]]
acc: 0.754
f1: 0.258
[[1844   70]
 [  44   52]]
acc: 0.943
f1: 0.477
1,96,coarse : 18.85 seconds
1,96,fine : 18.87 seconds
[[1428  486]
 [  10   86]]
acc: 0.753
f1: 0.257
[[1843   71]
 [  44   52]]
acc: 0.943
f1: 0.475
1,97,coarse : 19.52 seconds
1,97,fine : 19.54 seconds
[[1427  487]
 [  11   85]]
acc: 0.752
f1: 0.254
[[1843   71]
 [  43   53]]
acc: 0.943
f1: 0.482
1,98,coarse : 17.58 seconds
1,98,fine : 17.6 seconds
[[1420  494]
 [  10   86]]
acc: 0.749
f1: 0.254
[[1841   73]
 [  43   53]]
acc: 0.942
f1: 0.477
1,99,coarse : 19.86 seconds
1,99,fine : 19.87 seconds
[[1424  490]
 [  10   86]]
acc: 0.751
f1: 0.256
[[1841   73]
 [  42   54]]
acc: 0.943
f1: 0.484
1,100,coarse : 21.5 seconds
1,100,fine : 21.51 seconds
[[1435  479]
 [  10   86]]
acc: 0.757
f1: 0.260
[[1840   74]
 [  44   52]]
acc: 0.941
f1: 0.468
1,101,coarse : 18.11 seconds
1,101,fine : 18.13 seconds
[[1426  488]
 [  11   85]]
acc: 0.752
f1: 0.254
[[1840   74]
 [  43   53]]
acc: 0.942
f1: 0.475
1,102,coarse : 20.02 seconds
1,102,fine : 20.04 seconds
[[1422  492]
 [  11   85]]
acc: 0.750
f1: 0.253
[[1842   72]
 [  43   53]]
acc: 0.943
f1: 0.480
1,103,coarse : 20.34 seconds
1,103,fine : 20.36 seconds
[[1420  494]
 [  11   85]]
acc: 0.749
f1: 0.252
[[1840   74]
 [  43   53]]
acc: 0.942
f1: 0.475
1,104,coarse : 19.02 seconds
1,104,fine : 19.03 seconds
[[1419  495]
 [  11   85]]
acc: 0.748
f1: 0.251
[[1839   75]
 [  43   53]]
acc: 0.941
f1: 0.473
1,105,coarse : 21.2 seconds
1,105,fine : 21.22 seconds
[[1416  498]
 [  12   84]]
acc: 0.746
f1: 0.248
[[1839   75]
 [  42   54]]
acc: 0.942
f1: 0.480
1,106,coarse : 21.32 seconds
1,106,fine : 21.34 seconds
[[1418  496]
 [  12   84]]
acc: 0.747
f1: 0.249
[[1841   73]
 [  41   55]]
acc: 0.943
f1: 0.491
1,107,coarse : 19.82 seconds
1,107,fine : 19.83 seconds
[[1420  494]
 [  12   84]]
acc: 0.748
f1: 0.249
[[1841   73]
 [  41   55]]
acc: 0.943
f1: 0.491
1,108,coarse : 21.72 seconds
1,108,fine : 21.73 seconds
[[1423  491]
 [  11   85]]
acc: 0.750
f1: 0.253
[[1841   73]
 [  41   55]]
acc: 0.943
f1: 0.491
1,109,coarse : 21.62 seconds
1,109,fine : 21.63 seconds
[[1422  492]
 [  11   85]]
acc: 0.750
f1: 0.253
[[1841   73]
 [  43   53]]
acc: 0.942
f1: 0.477
1,110,coarse : 21.05 seconds
1,110,fine : 21.06 seconds
[[1423  491]
 [  12   84]]
acc: 0.750
f1: 0.250
[[1842   72]
 [  42   54]]
acc: 0.943
f1: 0.486
1,111,coarse : 21.28 seconds
1,111,fine : 21.3 seconds
[[1418  496]
 [  13   83]]
acc: 0.747
f1: 0.246
[[1842   72]
 [  42   54]]
acc: 0.943
f1: 0.486
1,112,coarse : 22.19 seconds
1,112,fine : 22.21 seconds
[[1423  491]
 [  13   83]]
acc: 0.749
f1: 0.248
[[1842   72]
 [  42   54]]
acc: 0.943
f1: 0.486
1,113,coarse : 21.66 seconds
1,113,fine : 21.68 seconds
[[1429  485]
 [  13   83]]
acc: 0.752
f1: 0.250
[[1842   72]
 [  42   54]]
acc: 0.943
f1: 0.486
1,114,coarse : 21.13 seconds
1,114,fine : 21.15 seconds
[[1429  485]
 [  12   84]]
acc: 0.753
f1: 0.253
[[1842   72]
 [  43   53]]
acc: 0.943
f1: 0.480
1,115,coarse : 21.97 seconds
1,115,fine : 21.99 seconds
[[1431  483]
 [  12   84]]
acc: 0.754
f1: 0.253
[[1841   73]
 [  42   54]]
acc: 0.943
f1: 0.484
1,116,coarse : 22.74 seconds
1,116,fine : 22.75 seconds
[[1431  483]
 [  13   83]]
acc: 0.753
f1: 0.251
[[1839   75]
 [  42   54]]
acc: 0.942
f1: 0.480
1,117,coarse : 22.37 seconds
1,117,fine : 22.39 seconds
[[1428  486]
 [  13   83]]
acc: 0.752
f1: 0.250
[[1839   75]
 [  41   55]]
acc: 0.942
f1: 0.487
1,118,coarse : 22.03 seconds
1,118,fine : 22.04 seconds
[[1426  488]
 [  13   83]]
acc: 0.751
f1: 0.249
[[1839   75]
 [  42   54]]
acc: 0.942
f1: 0.480
1,119,coarse : 23.61 seconds
1,119,fine : 23.62 seconds
[[1430  484]
 [  13   83]]
acc: 0.753
f1: 0.250
[[1838   76]
 [  43   53]]
acc: 0.941
f1: 0.471
1,120,coarse : 23.4 seconds
1,120,fine : 23.41 seconds
[[1432  482]
 [  12   84]]
acc: 0.754
f1: 0.254
[[1839   75]
 [  43   53]]
acc: 0.941
f1: 0.473
1,121,coarse : 23.31 seconds
1,121,fine : 23.33 seconds
[[1431  483]
 [  12   84]]
acc: 0.754
f1: 0.253
[[1838   76]
 [  43   53]]
acc: 0.941
f1: 0.471
1,122,coarse : 23.81 seconds
1,122,fine : 23.83 seconds
[[1432  482]
 [  12   84]]
acc: 0.754
f1: 0.254
[[1839   75]
 [  40   56]]
acc: 0.943
f1: 0.493
1,123,coarse : 24.15 seconds
1,123,fine : 24.17 seconds
[[1427  487]
 [  12   84]]
acc: 0.752
f1: 0.252
[[1839   75]
 [  41   55]]
acc: 0.942
f1: 0.487
1,124,coarse : 24.83 seconds
1,124,fine : 24.85 seconds
[[1427  487]
 [  13   83]]
acc: 0.751
f1: 0.249
[[1838   76]
 [  40   56]]
acc: 0.942
f1: 0.491
1,125,coarse : 25.67 seconds
1,125,fine : 25.69 seconds
[[1429  485]
 [  13   83]]
acc: 0.752
f1: 0.250
[[1838   76]
 [  39   57]]
acc: 0.943
f1: 0.498
1,126,coarse : 25.52 seconds
1,126,fine : 25.54 seconds
[[1437  477]
 [  13   83]]
acc: 0.756
f1: 0.253
[[1839   75]
 [  40   56]]
acc: 0.943
f1: 0.493
1,127,coarse : 25.75 seconds
1,127,fine : 25.77 seconds
[[1436  478]
 [  13   83]]
acc: 0.756
f1: 0.253
[[1836   78]
 [  39   57]]
acc: 0.942
f1: 0.494
1,128,coarse : 25.14 seconds
1,128,fine : 25.16 seconds
[[1435  479]
 [  13   83]]
acc: 0.755
f1: 0.252
[[1837   77]
 [  39   57]]
acc: 0.942
f1: 0.496
1,129,coarse : 25.9 seconds
1,129,fine : 25.92 seconds
[[1431  483]
 [  13   83]]
acc: 0.753
f1: 0.251
[[1837   77]
 [  41   55]]
acc: 0.941
f1: 0.482
1,130,coarse : 25.66 seconds
1,130,fine : 25.68 seconds
[[1434  480]
 [  13   83]]
acc: 0.755
f1: 0.252
[[1836   78]
 [  40   56]]
acc: 0.941
f1: 0.487
1,131,coarse : 26.51 seconds
1,131,fine : 26.53 seconds
[[1433  481]
 [  14   82]]
acc: 0.754
f1: 0.249
[[1833   81]
 [  41   55]]
acc: 0.939
f1: 0.474
1,132,coarse : 27.02 seconds
1,132,fine : 27.03 seconds
[[1430  484]
 [  12   84]]
acc: 0.753
f1: 0.253
[[1833   81]
 [  41   55]]
acc: 0.939
f1: 0.474
1,133,coarse : 27.28 seconds
1,133,fine : 27.3 seconds
[[1429  485]
 [  13   83]]
acc: 0.752
f1: 0.250
[[1834   80]
 [  41   55]]
acc: 0.940
f1: 0.476
1,134,coarse : 26.82 seconds
1,134,fine : 26.84 seconds
[[1428  486]
 [  13   83]]
acc: 0.752
f1: 0.250
[[1834   80]
 [  41   55]]
acc: 0.940
f1: 0.476
1,135,coarse : 27.16 seconds
1,135,fine : 27.18 seconds
[[1427  487]
 [  14   82]]
acc: 0.751
f1: 0.247
[[1833   81]
 [  41   55]]
acc: 0.939
f1: 0.474
1,136,coarse : 28.11 seconds
1,136,fine : 28.13 seconds
[[1428  486]
 [  14   82]]
acc: 0.751
f1: 0.247
[[1834   80]
 [  41   55]]
acc: 0.940
f1: 0.476
1,137,coarse : 28.16 seconds
1,137,fine : 28.18 seconds
[[1430  484]
 [  14   82]]
acc: 0.752
f1: 0.248
[[1830   84]
 [  41   55]]
acc: 0.938
f1: 0.468
1,138,coarse : 28.42 seconds
1,138,fine : 28.44 seconds
[[1423  491]
 [  14   82]]
acc: 0.749
f1: 0.245
[[1831   83]
 [  41   55]]
acc: 0.938
f1: 0.470
1,139,coarse : 28.87 seconds
1,139,fine : 28.89 seconds
[[1422  492]
 [  15   81]]
acc: 0.748
f1: 0.242
[[1831   83]
 [  41   55]]
acc: 0.938
f1: 0.470
1,140,coarse : 29.02 seconds
1,140,fine : 29.04 seconds
[[1424  490]
 [  14   82]]
acc: 0.749
f1: 0.246
[[1830   84]
 [  41   55]]
acc: 0.938
f1: 0.468
1,141,coarse : 28.25 seconds
1,141,fine : 28.27 seconds
[[1426  488]
 [  14   82]]
acc: 0.750
f1: 0.246
[[1834   80]
 [  39   57]]
acc: 0.941
f1: 0.489
1,142,coarse : 29.58 seconds
1,142,fine : 29.6 seconds
[[1430  484]
 [  13   83]]
acc: 0.753
f1: 0.250
[[1834   80]
 [  40   56]]
acc: 0.940
f1: 0.483
1,143,coarse : 29.75 seconds
1,143,fine : 29.77 seconds
[[1430  484]
 [  13   83]]
acc: 0.753
f1: 0.250
[[1835   79]
 [  39   57]]
acc: 0.941
f1: 0.491
1,144,coarse : 30.08 seconds
1,144,fine : 30.1 seconds
[[1430  484]
 [  13   83]]
acc: 0.753
f1: 0.250
[[1832   82]
 [  39   57]]
acc: 0.940
f1: 0.485
1,145,coarse : 29.86 seconds
1,145,fine : 29.88 seconds
[[1431  483]
 [  14   82]]
acc: 0.753
f1: 0.248
[[1832   82]
 [  39   57]]
acc: 0.940
f1: 0.485
1,146,coarse : 30.13 seconds
1,146,fine : 30.15 seconds
[[1433  481]
 [  13   83]]
acc: 0.754
f1: 0.252
[[1832   82]
 [  39   57]]
acc: 0.940
f1: 0.485
1,147,coarse : 30.24 seconds
1,147,fine : 30.26 seconds
[[1436  478]
 [  14   82]]
acc: 0.755
f1: 0.250
[[1832   82]
 [  39   57]]
acc: 0.940
f1: 0.485
1,148,coarse : 30.73 seconds
1,148,fine : 30.75 seconds
[[1434  480]
 [  14   82]]
acc: 0.754
f1: 0.249
[[1832   82]
 [  39   57]]
acc: 0.940
f1: 0.485
1,149,coarse : 31.31 seconds
1,149,fine : 31.33 seconds
[[1433  481]
 [  14   82]]
acc: 0.754
f1: 0.249
[[1833   81]
 [  39   57]]
acc: 0.940
f1: 0.487
1,150,coarse : 33.46 seconds
1,150,fine : 33.48 seconds
[[1434  480]
 [  13   83]]
acc: 0.755
f1: 0.252
[[1832   82]
 [  41   55]]
acc: 0.939
f1: 0.472
1,151,coarse : 31.27 seconds
1,151,fine : 31.29 seconds
[[1437  477]
 [  13   83]]
acc: 0.756
f1: 0.253
[[1835   79]
 [  40   56]]
acc: 0.941
f1: 0.485
1,152,coarse : 32.04 seconds
1,152,fine : 32.06 seconds
[[1430  484]
 [  13   83]]
acc: 0.753
f1: 0.250
[[1832   82]
 [  39   57]]
acc: 0.940
f1: 0.485
1,153,coarse : 32.17 seconds
1,153,fine : 32.19 seconds
[[1429  485]
 [  13   83]]
acc: 0.752
f1: 0.250
[[1833   81]
 [  39   57]]
acc: 0.940
f1: 0.487
1,154,coarse : 33.08 seconds
1,154,fine : 33.1 seconds
[[1430  484]
 [  13   83]]
acc: 0.753
f1: 0.250
[[1835   79]
 [  40   56]]
acc: 0.941
f1: 0.485
1,155,coarse : 32.52 seconds
1,155,fine : 32.54 seconds
[[1430  484]
 [  13   83]]
acc: 0.753
f1: 0.250
[[1835   79]
 [  42   54]]
acc: 0.940
f1: 0.472
1,156,coarse : 32.63 seconds
1,156,fine : 32.65 seconds
[[1431  483]
 [  13   83]]
acc: 0.753
f1: 0.251
[[1835   79]
 [  42   54]]
acc: 0.940
f1: 0.472
1,157,coarse : 32.96 seconds
1,157,fine : 32.98 seconds
[[1430  484]
 [  13   83]]
acc: 0.753
f1: 0.250
[[1834   80]
 [  42   54]]
acc: 0.939
f1: 0.470
1,158,coarse : 33.41 seconds
1,158,fine : 33.43 seconds
[[1435  479]
 [  13   83]]
acc: 0.755
f1: 0.252
[[1836   78]
 [  42   54]]
acc: 0.940
f1: 0.474
1,159,coarse : 33.69 seconds
1,159,fine : 33.71 seconds
[[1434  480]
 [  13   83]]
acc: 0.755
f1: 0.252
[[1836   78]
 [  42   54]]
acc: 0.940
f1: 0.474
1,160,coarse : 34.23 seconds
1,160,fine : 34.25 seconds
[[1431  483]
 [  13   83]]
acc: 0.753
f1: 0.251
[[1836   78]
 [  42   54]]
acc: 0.940
f1: 0.474
1,161,coarse : 34.98 seconds
1,161,fine : 35.0 seconds
[[1430  484]
 [  13   83]]
acc: 0.753
f1: 0.250
[[1837   77]
 [  42   54]]
acc: 0.941
f1: 0.476
1,162,coarse : 34.18 seconds
1,162,fine : 34.2 seconds
[[1433  481]
 [  14   82]]
acc: 0.754
f1: 0.249
[[1838   76]
 [  42   54]]
acc: 0.941
f1: 0.478
1,163,coarse : 34.44 seconds
1,163,fine : 34.46 seconds
[[1439  475]
 [  14   82]]
acc: 0.757
f1: 0.251
[[1836   78]
 [  42   54]]
acc: 0.940
f1: 0.474
1,164,coarse : 34.96 seconds
1,164,fine : 34.99 seconds
[[1432  482]
 [  13   83]]
acc: 0.754
f1: 0.251
[[1835   79]
 [  42   54]]
acc: 0.940
f1: 0.472
1,165,coarse : 34.56 seconds
1,165,fine : 34.58 seconds
[[1430  484]
 [  13   83]]
acc: 0.753
f1: 0.250
[[1833   81]
 [  42   54]]
acc: 0.939
f1: 0.468
1,166,coarse : 36.11 seconds
1,166,fine : 36.14 seconds
[[1431  483]
 [  13   83]]
acc: 0.753
f1: 0.251
[[1834   80]
 [  42   54]]
acc: 0.939
f1: 0.470
1,167,coarse : 35.69 seconds
1,167,fine : 35.72 seconds
[[1433  481]
 [  13   83]]
acc: 0.754
f1: 0.252
[[1834   80]
 [  42   54]]
acc: 0.939
f1: 0.470
1,168,coarse : 37.08 seconds
1,168,fine : 37.1 seconds
[[1434  480]
 [  13   83]]
acc: 0.755
f1: 0.252
[[1837   77]
 [  42   54]]
acc: 0.941
f1: 0.476
1,169,coarse : 36.67 seconds
1,169,fine : 36.69 seconds
[[1430  484]
 [  13   83]]
acc: 0.753
f1: 0.250
[[1838   76]
 [  42   54]]
acc: 0.941
f1: 0.478
1,170,coarse : 36.81 seconds
1,170,fine : 36.83 seconds
[[1433  481]
 [  13   83]]
acc: 0.754
f1: 0.252
[[1832   82]
 [  42   54]]
acc: 0.938
f1: 0.466
1,171,coarse : 36.82 seconds
1,171,fine : 36.84 seconds
[[1430  484]
 [  13   83]]
acc: 0.753
f1: 0.250
[[1837   77]
 [  42   54]]
acc: 0.941
f1: 0.476
1,172,coarse : 37.01 seconds
1,172,fine : 37.04 seconds
