all           0      1    2    3    4    5    6    7    8    
1      2010   1914   1    19   32   19   1    11   6    7    
2      2010   1914   1    19   32   19   1    11   6    7    
3      2010   1914   1    19   32   19   1    11   5    8    
4      2010   1914   1    19   32   19   1    10   6    8    
5      2010   1914   1    18   33   19   1    10   6    8    
6      2010   1914   1    18   33   19   1    10   6    8    
7      2010   1913   2    18   33   19   1    10   6    8    
8      2010   1913   2    18   33   19   1    10   6    8    
9      2009   1913   2    18   32   19   2    10   6    7    
10     2009   1913   1    19   32   19   1    11   6    7    
Total  20098  19136  13   185  324  190  11   104  59   76   
train         0      1    2    3    4    5    6    7    8    
1      2010   1914   1    19   32   19   1    11   6    7    
2      2010   1914   1    19   32   19   1    11   6    7    
3      2010   1914   1    19   32   19   1    11   5    8    
4      2010   1914   1    19   32   19   1    10   6    8    
5      2010   1914   1    18   33   19   1    10   6    8    
6      2010   1914   1    18   33   19   1    10   6    8    
7      2010   1913   2    18   33   19   1    10   6    8    
9      2009   1913   2    18   32   19   2    10   6    7    
10     2009   1913   1    19   32   19   1    11   6    7    
Total  18088  17223  11   167  291  171  10   94   53   68   
test          0      1    2    3    4    5    6    7    8    
8      2010   1913   2    18   33   19   1    10   6    8    
Total  2010   1913   2    18   33   19   1    10   6    8    
Classes             
0         17223     
1         11        
2         167       
3         291       
4         171       
5         10        
6         94        
7         53        
8         68        
Total     18088     

Shape: 450       

[952, 10, 11, 16, 11, 10, 10, 10, 10]
Sum start => 1040
[[1242  671]
 [  14   83]]
acc: 0.659
f1: 0.195
[[1870   43]
 [  91    6]]
acc: 0.933
f1: 0.082
8,1,coarse : 27.99 seconds
8,1,fine : 27.99 seconds
[[1242  671]
 [  14   83]]
acc: 0.659
f1: 0.195
[[1870   43]
 [  91    6]]
acc: 0.933
f1: 0.082
8,2,coarse : 29.3 seconds
8,2,fine : 29.3 seconds
[[1283  630]
 [  15   82]]
acc: 0.679
f1: 0.203
[[1880   33]
 [  92    5]]
acc: 0.938
f1: 0.074
8,3,coarse : 3.16 seconds
8,3,fine : 3.16 seconds
[[1259  654]
 [  13   84]]
acc: 0.668
f1: 0.201
[[1882   31]
 [  92    5]]
acc: 0.939
f1: 0.075
8,4,coarse : 3.1 seconds
8,4,fine : 3.1 seconds
[[1292  621]
 [  15   82]]
acc: 0.684
f1: 0.205
[[1884   29]
 [  92    5]]
acc: 0.940
f1: 0.076
8,5,coarse : 3.24 seconds
8,5,fine : 3.24 seconds
[[1319  594]
 [  15   82]]
acc: 0.697
f1: 0.212
[[1889   24]
 [  93    4]]
acc: 0.942
f1: 0.064
8,6,coarse : 3.39 seconds
8,6,fine : 3.4 seconds
[[1308  605]
 [  14   83]]
acc: 0.692
f1: 0.211
[[1890   23]
 [  92    5]]
acc: 0.943
f1: 0.080
8,7,coarse : 3.64 seconds
8,7,fine : 3.64 seconds
[[1327  586]
 [  15   82]]
acc: 0.701
f1: 0.214
[[1890   23]
 [  91    6]]
acc: 0.943
f1: 0.095
8,8,coarse : 3.61 seconds
8,8,fine : 3.61 seconds
[[1319  594]
 [  17   80]]
acc: 0.696
f1: 0.208
[[1889   24]
 [  89    8]]
acc: 0.944
f1: 0.124
8,9,coarse : 3.78 seconds
8,9,fine : 3.79 seconds
[[1341  572]
 [  16   81]]
acc: 0.707
f1: 0.216
[[1887   26]
 [  89    8]]
acc: 0.943
f1: 0.122
8,10,coarse : 4.14 seconds
8,10,fine : 4.15 seconds
[[1346  567]
 [  18   79]]
acc: 0.709
f1: 0.213
[[1887   26]
 [  89    8]]
acc: 0.943
f1: 0.122
8,11,coarse : 3.94 seconds
8,11,fine : 3.95 seconds
[[1340  573]
 [  17   80]]
acc: 0.706
f1: 0.213
[[1887   26]
 [  88    9]]
acc: 0.943
f1: 0.136
8,12,coarse : 4.11 seconds
8,12,fine : 4.12 seconds
[[1335  578]
 [  17   80]]
acc: 0.704
f1: 0.212
[[1889   24]
 [  87   10]]
acc: 0.945
f1: 0.153
8,13,coarse : 4.33 seconds
8,13,fine : 4.33 seconds
[[1348  565]
 [  17   80]]
acc: 0.710
f1: 0.216
[[1890   23]
 [  87   10]]
acc: 0.945
f1: 0.154
8,14,coarse : 4.52 seconds
8,14,fine : 4.52 seconds
[[1354  559]
 [  17   80]]
acc: 0.713
f1: 0.217
[[1891   22]
 [  87   10]]
acc: 0.946
f1: 0.155
8,15,coarse : 4.96 seconds
8,15,fine : 4.96 seconds
[[1361  552]
 [  16   81]]
acc: 0.717
f1: 0.222
[[1890   23]
 [  86   11]]
acc: 0.946
f1: 0.168
8,16,coarse : 4.82 seconds
8,16,fine : 4.82 seconds
[[1368  545]
 [  16   81]]
acc: 0.721
f1: 0.224
[[1889   24]
 [  85   12]]
acc: 0.946
f1: 0.180
8,17,coarse : 4.95 seconds
8,17,fine : 4.95 seconds
[[1376  537]
 [  16   81]]
acc: 0.725
f1: 0.227
[[1886   27]
 [  82   15]]
acc: 0.946
f1: 0.216
8,18,coarse : 4.79 seconds
8,18,fine : 4.8 seconds
[[1396  517]
 [  15   82]]
acc: 0.735
f1: 0.236
[[1885   28]
 [  81   16]]
acc: 0.946
f1: 0.227
8,19,coarse : 5.09 seconds
8,19,fine : 5.09 seconds
[[1400  513]
 [  18   79]]
acc: 0.736
f1: 0.229
[[1884   29]
 [  80   17]]
acc: 0.946
f1: 0.238
8,20,coarse : 5.19 seconds
8,20,fine : 5.19 seconds
[[1405  508]
 [  19   78]]
acc: 0.738
f1: 0.228
[[1885   28]
 [  82   15]]
acc: 0.945
f1: 0.214
8,21,coarse : 5.75 seconds
8,21,fine : 5.75 seconds
[[1419  494]
 [  20   77]]
acc: 0.744
f1: 0.231
[[1884   29]
 [  81   16]]
acc: 0.945
f1: 0.225
8,22,coarse : 5.63 seconds
8,22,fine : 5.63 seconds
[[1421  492]
 [  19   78]]
acc: 0.746
f1: 0.234
[[1881   32]
 [  81   16]]
acc: 0.944
f1: 0.221
8,23,coarse : 5.5 seconds
8,23,fine : 5.51 seconds
[[1413  500]
 [  17   80]]
acc: 0.743
f1: 0.236
[[1883   30]
 [  81   16]]
acc: 0.945
f1: 0.224
8,24,coarse : 5.56 seconds
8,24,fine : 5.56 seconds
[[1417  496]
 [  17   80]]
acc: 0.745
f1: 0.238
[[1878   35]
 [  79   18]]
acc: 0.943
f1: 0.240
8,25,coarse : 5.81 seconds
8,25,fine : 5.82 seconds
[[1417  496]
 [  18   79]]
acc: 0.744
f1: 0.235
[[1877   36]
 [  76   21]]
acc: 0.944
f1: 0.273
8,26,coarse : 6.02 seconds
8,26,fine : 6.03 seconds
[[1424  489]
 [  19   78]]
acc: 0.747
f1: 0.235
[[1877   36]
 [  74   23]]
acc: 0.945
f1: 0.295
8,27,coarse : 6.14 seconds
8,27,fine : 6.14 seconds
[[1434  479]
 [  17   80]]
acc: 0.753
f1: 0.244
[[1872   41]
 [  73   24]]
acc: 0.943
f1: 0.296
8,28,coarse : 6.08 seconds
8,28,fine : 6.09 seconds
[[1441  472]
 [  17   80]]
acc: 0.757
f1: 0.247
[[1876   37]
 [  72   25]]
acc: 0.946
f1: 0.314
8,29,coarse : 6.34 seconds
8,29,fine : 6.35 seconds
[[1447  466]
 [  18   79]]
acc: 0.759
f1: 0.246
[[1876   37]
 [  72   25]]
acc: 0.946
f1: 0.314
8,30,coarse : 6.41 seconds
8,30,fine : 6.42 seconds
[[1449  464]
 [  17   80]]
acc: 0.761
f1: 0.250
[[1867   46]
 [  72   25]]
acc: 0.941
f1: 0.298
8,31,coarse : 6.84 seconds
8,31,fine : 6.85 seconds
[[1464  449]
 [  17   80]]
acc: 0.768
f1: 0.256
[[1870   43]
 [  74   23]]
acc: 0.942
f1: 0.282
8,32,coarse : 6.6 seconds
8,32,fine : 6.61 seconds
[[1469  444]
 [  17   80]]
acc: 0.771
f1: 0.258
[[1868   45]
 [  72   25]]
acc: 0.942
f1: 0.299
8,33,coarse : 6.8 seconds
8,33,fine : 6.81 seconds
[[1470  443]
 [  16   81]]
acc: 0.772
f1: 0.261
[[1867   46]
 [  73   24]]
acc: 0.941
f1: 0.287
8,34,coarse : 6.99 seconds
8,34,fine : 6.99 seconds
[[1465  448]
 [  17   80]]
acc: 0.769
f1: 0.256
[[1866   47]
 [  72   25]]
acc: 0.941
f1: 0.296
8,35,coarse : 7.24 seconds
8,35,fine : 7.24 seconds
[[1472  441]
 [  17   80]]
acc: 0.772
f1: 0.259
[[1862   51]
 [  72   25]]
acc: 0.939
f1: 0.289
8,36,coarse : 7.08 seconds
8,36,fine : 7.08 seconds
[[1472  441]
 [  15   82]]
acc: 0.773
f1: 0.265
[[1864   49]
 [  72   25]]
acc: 0.940
f1: 0.292
8,37,coarse : 7.33 seconds
8,37,fine : 7.34 seconds
[[1475  438]
 [  15   82]]
acc: 0.775
f1: 0.266
[[1866   47]
 [  71   26]]
acc: 0.941
f1: 0.306
8,38,coarse : 7.6 seconds
8,38,fine : 7.62 seconds
[[1479  434]
 [  15   82]]
acc: 0.777
f1: 0.268
[[1867   46]
 [  72   25]]
acc: 0.941
f1: 0.298
8,39,coarse : 7.34 seconds
8,39,fine : 7.35 seconds
[[1478  435]
 [  15   82]]
acc: 0.776
f1: 0.267
[[1863   50]
 [  70   27]]
acc: 0.940
f1: 0.310
8,40,coarse : 7.61 seconds
8,40,fine : 7.62 seconds
[[1477  436]
 [  15   82]]
acc: 0.776
f1: 0.267
[[1867   46]
 [  70   27]]
acc: 0.942
f1: 0.318
8,41,coarse : 7.71 seconds
8,41,fine : 7.72 seconds
[[1478  435]
 [  16   81]]
acc: 0.776
f1: 0.264
[[1864   49]
 [  68   29]]
acc: 0.942
f1: 0.331
8,42,coarse : 8.25 seconds
8,42,fine : 8.25 seconds
[[1476  437]
 [  16   81]]
acc: 0.775
f1: 0.263
[[1865   48]
 [  68   29]]
acc: 0.942
f1: 0.333
8,43,coarse : 7.93 seconds
8,43,fine : 7.93 seconds
[[1483  430]
 [  16   81]]
acc: 0.778
f1: 0.266
[[1869   44]
 [  68   29]]
acc: 0.944
f1: 0.341
8,44,coarse : 8.06 seconds
8,44,fine : 8.07 seconds
[[1484  429]
 [  17   80]]
acc: 0.778
f1: 0.264
[[1862   51]
 [  68   29]]
acc: 0.941
f1: 0.328
8,45,coarse : 8.42 seconds
8,45,fine : 8.43 seconds
[[1473  440]
 [  16   81]]
acc: 0.773
f1: 0.262
[[1863   50]
 [  69   28]]
acc: 0.941
f1: 0.320
8,46,coarse : 8.57 seconds
8,46,fine : 8.58 seconds
[[1481  432]
 [  16   81]]
acc: 0.777
f1: 0.266
[[1861   52]
 [  70   27]]
acc: 0.939
f1: 0.307
8,47,coarse : 8.54 seconds
8,47,fine : 8.55 seconds
[[1485  428]
 [  17   80]]
acc: 0.779
f1: 0.264
[[1858   55]
 [  69   28]]
acc: 0.938
f1: 0.311
8,48,coarse : 8.9 seconds
8,48,fine : 8.91 seconds
[[1487  426]
 [  17   80]]
acc: 0.780
f1: 0.265
[[1856   57]
 [  69   28]]
acc: 0.937
f1: 0.308
8,49,coarse : 8.85 seconds
8,49,fine : 8.86 seconds
[[1488  425]
 [  17   80]]
acc: 0.780
f1: 0.266
[[1858   55]
 [  69   28]]
acc: 0.938
f1: 0.311
8,50,coarse : 10.55 seconds
8,50,fine : 10.56 seconds
[[1481  432]
 [  17   80]]
acc: 0.777
f1: 0.263
[[1855   58]
 [  69   28]]
acc: 0.937
f1: 0.306
8,51,coarse : 9.18 seconds
8,51,fine : 9.19 seconds
[[1465  448]
 [  17   80]]
acc: 0.769
f1: 0.256
[[1859   54]
 [  70   27]]
acc: 0.938
f1: 0.303
8,52,coarse : 9.37 seconds
8,52,fine : 9.38 seconds
[[1465  448]
 [  17   80]]
acc: 0.769
f1: 0.256
[[1858   55]
 [  69   28]]
acc: 0.938
f1: 0.311
8,53,coarse : 9.37 seconds
8,53,fine : 9.38 seconds
[[1464  449]
 [  18   79]]
acc: 0.768
f1: 0.253
[[1858   55]
 [  69   28]]
acc: 0.938
f1: 0.311
8,54,coarse : 9.59 seconds
8,54,fine : 9.59 seconds
[[1452  461]
 [  18   79]]
acc: 0.762
f1: 0.248
[[1857   56]
 [  69   28]]
acc: 0.938
f1: 0.309
8,55,coarse : 9.81 seconds
8,55,fine : 9.82 seconds
[[1451  462]
 [  18   79]]
acc: 0.761
f1: 0.248
[[1857   56]
 [  69   28]]
acc: 0.938
f1: 0.309
8,56,coarse : 9.74 seconds
8,56,fine : 9.75 seconds
[[1451  462]
 [  17   80]]
acc: 0.762
f1: 0.250
[[1858   55]
 [  70   27]]
acc: 0.938
f1: 0.302
8,57,coarse : 10.17 seconds
8,57,fine : 10.18 seconds
[[1450  463]
 [  17   80]]
acc: 0.761
f1: 0.250
[[1859   54]
 [  68   29]]
acc: 0.939
f1: 0.322
8,58,coarse : 10.02 seconds
8,58,fine : 10.03 seconds
[[1457  456]
 [  18   79]]
acc: 0.764
f1: 0.250
[[1858   55]
 [  66   31]]
acc: 0.940
f1: 0.339
8,59,coarse : 10.44 seconds
8,59,fine : 10.45 seconds
[[1453  460]
 [  16   81]]
acc: 0.763
f1: 0.254
[[1859   54]
 [  67   30]]
acc: 0.940
f1: 0.331
8,60,coarse : 10.44 seconds
8,60,fine : 10.45 seconds
[[1455  458]
 [  16   81]]
acc: 0.764
f1: 0.255
[[1861   52]
 [  67   30]]
acc: 0.941
f1: 0.335
8,61,coarse : 10.43 seconds
8,61,fine : 10.44 seconds
[[1457  456]
 [  15   82]]
acc: 0.766
f1: 0.258
[[1861   52]
 [  67   30]]
acc: 0.941
f1: 0.335
8,62,coarse : 10.87 seconds
8,62,fine : 10.88 seconds
[[1462  451]
 [  15   82]]
acc: 0.768
f1: 0.260
[[1854   59]
 [  64   33]]
acc: 0.939
f1: 0.349
8,63,coarse : 10.96 seconds
8,63,fine : 10.97 seconds
[[1455  458]
 [  15   82]]
acc: 0.765
f1: 0.257
[[1856   57]
 [  65   32]]
acc: 0.939
f1: 0.344
8,64,coarse : 11.14 seconds
8,64,fine : 11.14 seconds
[[1454  459]
 [  12   85]]
acc: 0.766
f1: 0.265
[[1854   59]
 [  65   32]]
acc: 0.938
f1: 0.340
8,65,coarse : 11.42 seconds
8,65,fine : 11.43 seconds
[[1451  462]
 [  14   83]]
acc: 0.763
f1: 0.259
[[1852   61]
 [  65   32]]
acc: 0.937
f1: 0.337
8,66,coarse : 11.44 seconds
8,66,fine : 11.45 seconds
[[1459  454]
 [  14   83]]
acc: 0.767
f1: 0.262
[[1852   61]
 [  66   31]]
acc: 0.937
f1: 0.328
8,67,coarse : 12.2 seconds
8,67,fine : 12.21 seconds
[[1453  460]
 [  14   83]]
acc: 0.764
f1: 0.259
[[1852   61]
 [  66   31]]
acc: 0.937
f1: 0.328
8,68,coarse : 11.84 seconds
8,68,fine : 11.86 seconds
[[1458  455]
 [  14   83]]
acc: 0.767
f1: 0.261
[[1856   57]
 [  65   32]]
acc: 0.939
f1: 0.344
8,69,coarse : 11.97 seconds
8,69,fine : 11.98 seconds
[[1461  452]
 [  13   84]]
acc: 0.769
f1: 0.265
[[1855   58]
 [  67   30]]
acc: 0.938
f1: 0.324
8,70,coarse : 12.13 seconds
8,70,fine : 12.14 seconds
[[1470  443]
 [  14   83]]
acc: 0.773
f1: 0.266
[[1851   62]
 [  65   32]]
acc: 0.937
f1: 0.335
8,71,coarse : 12.4 seconds
8,71,fine : 12.41 seconds
[[1472  441]
 [  15   82]]
acc: 0.773
f1: 0.265
[[1849   64]
 [  65   32]]
acc: 0.936
f1: 0.332
8,72,coarse : 12.16 seconds
8,72,fine : 12.17 seconds
[[1468  445]
 [  14   83]]
acc: 0.772
f1: 0.266
[[1848   65]
 [  65   32]]
acc: 0.935
f1: 0.330
8,73,coarse : 12.37 seconds
8,73,fine : 12.38 seconds
[[1471  442]
 [  14   83]]
acc: 0.773
f1: 0.267
[[1850   63]
 [  65   32]]
acc: 0.936
f1: 0.333
8,74,coarse : 12.29 seconds
8,74,fine : 12.31 seconds
[[1467  446]
 [  13   84]]
acc: 0.772
f1: 0.268
[[1851   62]
 [  65   32]]
acc: 0.937
f1: 0.335
8,75,coarse : 12.46 seconds
8,75,fine : 12.47 seconds
[[1473  440]
 [  13   84]]
acc: 0.775
f1: 0.271
[[1850   63]
 [  64   33]]
acc: 0.937
f1: 0.342
8,76,coarse : 12.79 seconds
8,76,fine : 12.8 seconds
[[1473  440]
 [  13   84]]
acc: 0.775
f1: 0.271
[[1850   63]
 [  63   34]]
acc: 0.937
f1: 0.351
8,77,coarse : 12.29 seconds
8,77,fine : 12.3 seconds
[[1473  440]
 [  14   83]]
acc: 0.774
f1: 0.268
[[1848   65]
 [  63   34]]
acc: 0.936
f1: 0.347
8,78,coarse : 12.47 seconds
8,78,fine : 12.48 seconds
[[1473  440]
 [  13   84]]
acc: 0.775
f1: 0.271
[[1848   65]
 [  64   33]]
acc: 0.936
f1: 0.338
8,79,coarse : 12.65 seconds
8,79,fine : 12.66 seconds
[[1475  438]
 [  15   82]]
acc: 0.775
f1: 0.266
[[1846   67]
 [  62   35]]
acc: 0.936
f1: 0.352
8,80,coarse : 13.12 seconds
8,80,fine : 13.13 seconds
[[1475  438]
 [  14   83]]
acc: 0.775
f1: 0.269
[[1851   62]
 [  65   32]]
acc: 0.937
f1: 0.335
8,81,coarse : 12.42 seconds
8,81,fine : 12.43 seconds
[[1475  438]
 [  15   82]]
acc: 0.775
f1: 0.266
[[1849   64]
 [  65   32]]
acc: 0.936
f1: 0.332
8,82,coarse : 13.69 seconds
8,82,fine : 13.7 seconds
[[1471  442]
 [  15   82]]
acc: 0.773
f1: 0.264
[[1848   65]
 [  63   34]]
acc: 0.936
f1: 0.347
8,83,coarse : 13.05 seconds
8,83,fine : 13.06 seconds
[[1474  439]
 [  15   82]]
acc: 0.774
f1: 0.265
[[1848   65]
 [  62   35]]
acc: 0.937
f1: 0.355
8,84,coarse : 13.56 seconds
8,84,fine : 13.58 seconds
[[1473  440]
 [  15   82]]
acc: 0.774
f1: 0.265
[[1849   64]
 [  62   35]]
acc: 0.937
f1: 0.357
8,85,coarse : 13.37 seconds
8,85,fine : 13.38 seconds
[[1469  444]
 [  15   82]]
acc: 0.772
f1: 0.263
[[1849   64]
 [  62   35]]
acc: 0.937
f1: 0.357
8,86,coarse : 14.38 seconds
8,86,fine : 14.39 seconds
[[1464  449]
 [  15   82]]
acc: 0.769
f1: 0.261
[[1847   66]
 [  61   36]]
acc: 0.937
f1: 0.362
8,87,coarse : 14.53 seconds
8,87,fine : 14.54 seconds
[[1462  451]
 [  15   82]]
acc: 0.768
f1: 0.260
[[1846   67]
 [  61   36]]
acc: 0.936
f1: 0.360
8,88,coarse : 14.84 seconds
8,88,fine : 14.86 seconds
[[1467  446]
 [  15   82]]
acc: 0.771
f1: 0.262
[[1845   68]
 [  61   36]]
acc: 0.936
f1: 0.358
8,89,coarse : 14.99 seconds
8,89,fine : 15.01 seconds
[[1464  449]
 [  15   82]]
acc: 0.769
f1: 0.261
[[1845   68]
 [  62   35]]
acc: 0.935
f1: 0.350
8,90,coarse : 15.14 seconds
8,90,fine : 15.15 seconds
[[1464  449]
 [  15   82]]
acc: 0.769
f1: 0.261
[[1847   66]
 [  63   34]]
acc: 0.936
f1: 0.345
8,91,coarse : 15.12 seconds
8,91,fine : 15.13 seconds
[[1468  445]
 [  15   82]]
acc: 0.771
f1: 0.263
[[1843   70]
 [  64   33]]
acc: 0.933
f1: 0.330
8,92,coarse : 15.15 seconds
8,92,fine : 15.16 seconds
[[1469  444]
 [  15   82]]
acc: 0.772
f1: 0.263
[[1845   68]
 [  63   34]]
acc: 0.935
f1: 0.342
8,93,coarse : 15.54 seconds
8,93,fine : 15.56 seconds
[[1471  442]
 [  15   82]]
acc: 0.773
f1: 0.264
[[1843   70]
 [  64   33]]
acc: 0.933
f1: 0.330
8,94,coarse : 15.7 seconds
8,94,fine : 15.72 seconds
[[1461  452]
 [  14   83]]
acc: 0.768
f1: 0.263
[[1842   71]
 [  63   34]]
acc: 0.933
f1: 0.337
8,95,coarse : 15.95 seconds
8,95,fine : 15.97 seconds
[[1464  449]
 [  14   83]]
acc: 0.770
f1: 0.264
[[1841   72]
 [  63   34]]
acc: 0.933
f1: 0.335
8,96,coarse : 16.11 seconds
8,96,fine : 16.12 seconds
[[1460  453]
 [  15   82]]
acc: 0.767
f1: 0.259
[[1839   74]
 [  63   34]]
acc: 0.932
f1: 0.332
8,97,coarse : 16.29 seconds
8,97,fine : 16.31 seconds
[[1466  447]
 [  14   83]]
acc: 0.771
f1: 0.265
[[1840   73]
 [  62   35]]
acc: 0.933
f1: 0.341
8,98,coarse : 16.3 seconds
8,98,fine : 16.32 seconds
[[1463  450]
 [  14   83]]
acc: 0.769
f1: 0.263
[[1838   75]
 [  62   35]]
acc: 0.932
f1: 0.338
8,99,coarse : 16.37 seconds
8,99,fine : 16.39 seconds
[[1468  445]
 [  15   82]]
acc: 0.771
f1: 0.263
[[1839   74]
 [  62   35]]
acc: 0.932
f1: 0.340
8,100,coarse : 18.15 seconds
8,100,fine : 18.16 seconds
[[1469  444]
 [  15   82]]
acc: 0.772
f1: 0.263
[[1841   72]
 [  62   35]]
acc: 0.933
f1: 0.343
8,101,coarse : 16.63 seconds
8,101,fine : 16.65 seconds
[[1473  440]
 [  15   82]]
acc: 0.774
f1: 0.265
[[1841   72]
 [  61   36]]
acc: 0.934
f1: 0.351
8,102,coarse : 17.07 seconds
8,102,fine : 17.08 seconds
[[1471  442]
 [  15   82]]
acc: 0.773
f1: 0.264
[[1843   70]
 [  61   36]]
acc: 0.935
f1: 0.355
8,103,coarse : 17.21 seconds
8,103,fine : 17.22 seconds
[[1468  445]
 [  15   82]]
acc: 0.771
f1: 0.263
[[1842   71]
 [  62   35]]
acc: 0.934
f1: 0.345
8,104,coarse : 17.25 seconds
8,104,fine : 17.26 seconds
[[1470  443]
 [  14   83]]
acc: 0.773
f1: 0.266
[[1841   72]
 [  62   35]]
acc: 0.933
f1: 0.343
8,105,coarse : 17.82 seconds
8,105,fine : 17.83 seconds
[[1467  446]
 [  14   83]]
acc: 0.771
f1: 0.265
[[1840   73]
 [  62   35]]
acc: 0.933
f1: 0.341
8,106,coarse : 17.84 seconds
8,106,fine : 17.86 seconds
[[1475  438]
 [  14   83]]
acc: 0.775
f1: 0.269
[[1837   76]
 [  62   35]]
acc: 0.931
f1: 0.337
8,107,coarse : 18.1 seconds
8,107,fine : 18.11 seconds
[[1473  440]
 [  14   83]]
acc: 0.774
f1: 0.268
[[1837   76]
 [  62   35]]
acc: 0.931
f1: 0.337
8,108,coarse : 17.66 seconds
8,108,fine : 17.67 seconds
[[1476  437]
 [  15   82]]
acc: 0.775
f1: 0.266
[[1838   75]
 [  62   35]]
acc: 0.932
f1: 0.338
8,109,coarse : 18.35 seconds
8,109,fine : 18.37 seconds
[[1476  437]
 [  13   84]]
acc: 0.776
f1: 0.272
[[1838   75]
 [  63   34]]
acc: 0.931
f1: 0.330
8,110,coarse : 18.89 seconds
8,110,fine : 18.91 seconds
[[1477  436]
 [  13   84]]
acc: 0.777
f1: 0.272
[[1838   75]
 [  61   36]]
acc: 0.932
f1: 0.346
8,111,coarse : 18.22 seconds
8,111,fine : 18.23 seconds
[[1479  434]
 [  13   84]]
acc: 0.778
f1: 0.273
[[1838   75]
 [  61   36]]
acc: 0.932
f1: 0.346
8,112,coarse : 19.2 seconds
8,112,fine : 19.21 seconds
[[1480  433]
 [  13   84]]
acc: 0.778
f1: 0.274
[[1837   76]
 [  61   36]]
acc: 0.932
f1: 0.344
8,113,coarse : 18.95 seconds
8,113,fine : 18.96 seconds
[[1480  433]
 [  13   84]]
acc: 0.778
f1: 0.274
[[1838   75]
 [  62   35]]
acc: 0.932
f1: 0.338
8,114,coarse : 18.96 seconds
8,114,fine : 18.98 seconds
[[1480  433]
 [  14   83]]
acc: 0.778
f1: 0.271
[[1837   76]
 [  61   36]]
acc: 0.932
f1: 0.344
8,115,coarse : 19.05 seconds
8,115,fine : 19.07 seconds
[[1476  437]
 [  14   83]]
acc: 0.776
f1: 0.269
[[1841   72]
 [  62   35]]
acc: 0.933
f1: 0.343
8,116,coarse : 19.3 seconds
8,116,fine : 19.32 seconds
[[1478  435]
 [  14   83]]
acc: 0.777
f1: 0.270
[[1840   73]
 [  62   35]]
acc: 0.933
f1: 0.341
8,117,coarse : 19.34 seconds
8,117,fine : 19.36 seconds
[[1481  432]
 [  14   83]]
acc: 0.778
f1: 0.271
[[1840   73]
 [  62   35]]
acc: 0.933
f1: 0.341
8,118,coarse : 19.64 seconds
8,118,fine : 19.65 seconds
[[1484  429]
 [  15   82]]
acc: 0.779
f1: 0.270
[[1842   71]
 [  61   36]]
acc: 0.934
f1: 0.353
8,119,coarse : 19.76 seconds
8,119,fine : 19.77 seconds
[[1488  425]
 [  15   82]]
acc: 0.781
f1: 0.272
[[1844   69]
 [  62   35]]
acc: 0.935
f1: 0.348
8,120,coarse : 20.1 seconds
8,120,fine : 20.12 seconds
[[1488  425]
 [  15   82]]
acc: 0.781
f1: 0.272
[[1844   69]
 [  61   36]]
acc: 0.935
f1: 0.356
8,121,coarse : 20.38 seconds
8,121,fine : 20.39 seconds
[[1486  427]
 [  14   83]]
acc: 0.781
f1: 0.273
[[1844   69]
 [  61   36]]
acc: 0.935
f1: 0.356
8,122,coarse : 20.63 seconds
8,122,fine : 20.65 seconds
[[1493  420]
 [  16   81]]
acc: 0.783
f1: 0.271
[[1843   70]
 [  60   37]]
acc: 0.935
f1: 0.363
8,123,coarse : 20.87 seconds
8,123,fine : 20.89 seconds
[[1491  422]
 [  15   82]]
acc: 0.783
f1: 0.273
[[1843   70]
 [  60   37]]
acc: 0.935
f1: 0.363
8,124,coarse : 21.02 seconds
8,124,fine : 21.04 seconds
[[1487  426]
 [  15   82]]
acc: 0.781
f1: 0.271
[[1844   69]
 [  59   38]]
acc: 0.936
f1: 0.373
8,125,coarse : 21.4 seconds
8,125,fine : 21.42 seconds
[[1487  426]
 [  15   82]]
acc: 0.781
f1: 0.271
[[1844   69]
 [  59   38]]
acc: 0.936
f1: 0.373
8,126,coarse : 21.48 seconds
8,126,fine : 21.5 seconds
[[1493  420]
 [  15   82]]
acc: 0.784
f1: 0.274
[[1846   67]
 [  60   37]]
acc: 0.937
f1: 0.368
8,127,coarse : 21.22 seconds
8,127,fine : 21.24 seconds
[[1496  417]
 [  15   82]]
acc: 0.785
f1: 0.275
[[1845   68]
 [  60   37]]
acc: 0.936
f1: 0.366
8,128,coarse : 21.73 seconds
8,128,fine : 21.74 seconds
[[1492  421]
 [  16   81]]
acc: 0.783
f1: 0.270
[[1843   70]
 [  60   37]]
acc: 0.935
f1: 0.363
8,129,coarse : 21.75 seconds
8,129,fine : 21.77 seconds
[[1489  424]
 [  15   82]]
acc: 0.782
f1: 0.272
[[1846   67]
 [  61   36]]
acc: 0.936
f1: 0.360
8,130,coarse : 22.36 seconds
8,130,fine : 22.38 seconds
[[1489  424]
 [  16   81]]
acc: 0.781
f1: 0.269
[[1845   68]
 [  62   35]]
acc: 0.935
f1: 0.350
8,131,coarse : 22.07 seconds
8,131,fine : 22.09 seconds
[[1487  426]
 [  16   81]]
acc: 0.780
f1: 0.268
[[1845   68]
 [  60   37]]
acc: 0.936
f1: 0.366
8,132,coarse : 21.8 seconds
8,132,fine : 21.82 seconds
[[1486  427]
 [  16   81]]
acc: 0.780
f1: 0.268
[[1844   69]
 [  60   37]]
acc: 0.936
f1: 0.365
8,133,coarse : 22.9 seconds
8,133,fine : 22.92 seconds
[[1491  422]
 [  16   81]]
acc: 0.782
f1: 0.270
[[1844   69]
 [  60   37]]
acc: 0.936
f1: 0.365
8,134,coarse : 23.09 seconds
8,134,fine : 23.11 seconds
[[1491  422]
 [  16   81]]
acc: 0.782
f1: 0.270
[[1844   69]
 [  60   37]]
acc: 0.936
f1: 0.365
8,135,coarse : 23.15 seconds
8,135,fine : 23.17 seconds
[[1487  426]
 [  16   81]]
acc: 0.780
f1: 0.268
[[1845   68]
 [  60   37]]
acc: 0.936
f1: 0.366
8,136,coarse : 23.1 seconds
8,136,fine : 23.12 seconds
[[1487  426]
 [  16   81]]
acc: 0.780
f1: 0.268
[[1844   69]
 [  60   37]]
acc: 0.936
f1: 0.365
8,137,coarse : 23.46 seconds
8,137,fine : 23.48 seconds
[[1486  427]
 [  16   81]]
acc: 0.780
f1: 0.268
[[1844   69]
 [  59   38]]
acc: 0.936
f1: 0.373
8,138,coarse : 23.57 seconds
8,138,fine : 23.59 seconds
[[1485  428]
 [  16   81]]
acc: 0.779
f1: 0.267
[[1844   69]
 [  59   38]]
acc: 0.936
f1: 0.373
8,139,coarse : 23.68 seconds
8,139,fine : 23.7 seconds
[[1482  431]
 [  16   81]]
acc: 0.778
f1: 0.266
[[1843   70]
 [  58   39]]
acc: 0.936
f1: 0.379
8,140,coarse : 23.89 seconds
8,140,fine : 23.91 seconds
[[1479  434]
 [  16   81]]
acc: 0.776
f1: 0.265
[[1844   69]
 [  58   39]]
acc: 0.937
f1: 0.380
8,141,coarse : 24.12 seconds
8,141,fine : 24.14 seconds
[[1480  433]
 [  16   81]]
acc: 0.777
f1: 0.265
[[1844   69]
 [  58   39]]
acc: 0.937
f1: 0.380
8,142,coarse : 23.58 seconds
8,142,fine : 23.6 seconds
[[1474  439]
 [  16   81]]
acc: 0.774
f1: 0.263
[[1842   71]
 [  58   39]]
acc: 0.936
f1: 0.377
8,143,coarse : 23.78 seconds
8,143,fine : 23.79 seconds
[[1482  431]
 [  16   81]]
acc: 0.778
f1: 0.266
[[1842   71]
 [  58   39]]
acc: 0.936
f1: 0.377
8,144,coarse : 24.58 seconds
8,144,fine : 24.6 seconds
[[1483  430]
 [  16   81]]
acc: 0.778
f1: 0.266
[[1842   71]
 [  58   39]]
acc: 0.936
f1: 0.377
8,145,coarse : 24.46 seconds
8,145,fine : 24.48 seconds
[[1482  431]
 [  16   81]]
acc: 0.778
f1: 0.266
[[1845   68]
 [  58   39]]
acc: 0.937
f1: 0.382
8,146,coarse : 24.88 seconds
8,146,fine : 24.89 seconds
[[1483  430]
 [  14   83]]
acc: 0.779
f1: 0.272
[[1845   68]
 [  57   40]]
acc: 0.938
f1: 0.390
8,147,coarse : 24.79 seconds
8,147,fine : 24.81 seconds
[[1480  433]
 [  15   82]]
acc: 0.777
f1: 0.268
[[1843   70]
 [  56   41]]
acc: 0.937
f1: 0.394
8,148,coarse : 24.69 seconds
8,148,fine : 24.71 seconds
[[1478  435]
 [  15   82]]
acc: 0.776
f1: 0.267
[[1846   67]
 [  56   41]]
acc: 0.939
f1: 0.400
8,149,coarse : 25.52 seconds
8,149,fine : 25.54 seconds
[[1475  438]
 [  15   82]]
acc: 0.775
f1: 0.266
[[1842   71]
 [  57   40]]
acc: 0.936
f1: 0.385
8,150,coarse : 26.92 seconds
8,150,fine : 26.94 seconds
[[1476  437]
 [  15   82]]
acc: 0.775
f1: 0.266
[[1843   70]
 [  57   40]]
acc: 0.937
f1: 0.386
8,151,coarse : 25.68 seconds
8,151,fine : 25.7 seconds
[[1477  436]
 [  14   83]]
acc: 0.776
f1: 0.269
[[1842   71]
 [  57   40]]
acc: 0.936
f1: 0.385
8,152,coarse : 25.43 seconds
8,152,fine : 25.45 seconds
[[1478  435]
 [  15   82]]
acc: 0.776
f1: 0.267
[[1843   70]
 [  57   40]]
acc: 0.937
f1: 0.386
8,153,coarse : 25.89 seconds
8,153,fine : 25.91 seconds
[[1479  434]
 [  15   82]]
acc: 0.777
f1: 0.268
[[1842   71]
 [  57   40]]
acc: 0.936
f1: 0.385
8,154,coarse : 26.57 seconds
8,154,fine : 26.6 seconds
[[1483  430]
 [  15   82]]
acc: 0.779
f1: 0.269
[[1840   73]
 [  57   40]]
acc: 0.935
f1: 0.381
8,155,coarse : 26.36 seconds
8,155,fine : 26.38 seconds
[[1484  429]
 [  14   83]]
acc: 0.780
f1: 0.273
[[1839   74]
 [  58   39]]
acc: 0.934
f1: 0.371
8,156,coarse : 26.9 seconds
8,156,fine : 26.92 seconds
[[1484  429]
 [  15   82]]
acc: 0.779
f1: 0.270
[[1838   75]
 [  58   39]]
acc: 0.934
f1: 0.370
8,157,coarse : 27.47 seconds
8,157,fine : 27.49 seconds
[[1482  431]
 [  15   82]]
acc: 0.778
f1: 0.269
[[1838   75]
 [  58   39]]
acc: 0.934
f1: 0.370
8,158,coarse : 27.1 seconds
8,158,fine : 27.12 seconds
[[1481  432]
 [  15   82]]
acc: 0.778
f1: 0.268
[[1840   73]
 [  57   40]]
acc: 0.935
f1: 0.381
8,159,coarse : 27.69 seconds
8,159,fine : 27.71 seconds
[[1484  429]
 [  14   83]]
acc: 0.780
f1: 0.273
[[1839   74]
 [  57   40]]
acc: 0.935
f1: 0.379
8,160,coarse : 27.83 seconds
8,160,fine : 27.85 seconds
[[1483  430]
 [  14   83]]
acc: 0.779
f1: 0.272
[[1838   75]
 [  58   39]]
acc: 0.934
f1: 0.370
8,161,coarse : 28.02 seconds
8,161,fine : 28.04 seconds
[[1484  429]
 [  14   83]]
acc: 0.780
f1: 0.273
[[1839   74]
 [  58   39]]
acc: 0.934
f1: 0.371
8,162,coarse : 28.11 seconds
8,162,fine : 28.13 seconds
[[1482  431]
 [  14   83]]
acc: 0.779
f1: 0.272
[[1838   75]
 [  58   39]]
acc: 0.934
f1: 0.370
8,163,coarse : 28.44 seconds
8,163,fine : 28.46 seconds
[[1489  424]
 [  14   83]]
acc: 0.782
f1: 0.275
[[1840   73]
 [  56   41]]
acc: 0.936
f1: 0.389
8,164,coarse : 28.33 seconds
8,164,fine : 28.35 seconds
[[1487  426]
 [  14   83]]
acc: 0.781
f1: 0.274
[[1840   73]
 [  56   41]]
acc: 0.936
f1: 0.389
8,165,coarse : 28.54 seconds
8,165,fine : 28.56 seconds
[[1485  428]
 [  14   83]]
acc: 0.780
f1: 0.273
[[1840   73]
 [  56   41]]
acc: 0.936
f1: 0.389
8,166,coarse : 28.92 seconds
8,166,fine : 28.95 seconds
[[1481  432]
 [  15   82]]
acc: 0.778
f1: 0.268
[[1842   71]
 [  57   40]]
acc: 0.936
f1: 0.385
8,167,coarse : 29.53 seconds
8,167,fine : 29.55 seconds
[[1480  433]
 [  15   82]]
acc: 0.777
f1: 0.268
[[1840   73]
 [  57   40]]
acc: 0.935
f1: 0.381
8,168,coarse : 29.42 seconds
8,168,fine : 29.44 seconds
[[1483  430]
 [  15   82]]
acc: 0.779
f1: 0.269
[[1840   73]
 [  57   40]]
acc: 0.935
f1: 0.381
8,169,coarse : 29.25 seconds
8,169,fine : 29.28 seconds
[[1483  430]
 [  15   82]]
acc: 0.779
f1: 0.269
[[1839   74]
 [  58   39]]
acc: 0.934
f1: 0.371
8,170,coarse : 30.51 seconds
8,170,fine : 30.53 seconds
[[1486  427]
 [  15   82]]
acc: 0.780
f1: 0.271
[[1840   73]
 [  58   39]]
acc: 0.935
f1: 0.373
8,171,coarse : 30.09 seconds
8,171,fine : 30.12 seconds
[[1485  428]
 [  15   82]]
acc: 0.780
f1: 0.270
[[1840   73]
 [  56   41]]
acc: 0.936
f1: 0.389
8,172,coarse : 30.43 seconds
8,172,fine : 30.45 seconds
