all           0      1    2    3    4    5    6    7    8    
1      2010   1914   1    19   32   19   1    11   6    7    
2      2010   1914   1    19   32   19   1    11   6    7    
3      2010   1914   1    19   32   19   1    11   5    8    
4      2010   1914   1    19   32   19   1    10   6    8    
5      2010   1914   1    18   33   19   1    10   6    8    
6      2010   1914   1    18   33   19   1    10   6    8    
7      2010   1913   2    18   33   19   1    10   6    8    
8      2010   1913   2    18   33   19   1    10   6    8    
9      2009   1913   2    18   32   19   2    10   6    7    
10     2009   1913   1    19   32   19   1    11   6    7    
Total  20098  19136  13   185  324  190  11   104  59   76   
train         0      1    2    3    4    5    6    7    8    
1      2010   1914   1    19   32   19   1    11   6    7    
3      2010   1914   1    19   32   19   1    11   5    8    
4      2010   1914   1    19   32   19   1    10   6    8    
5      2010   1914   1    18   33   19   1    10   6    8    
6      2010   1914   1    18   33   19   1    10   6    8    
7      2010   1913   2    18   33   19   1    10   6    8    
8      2010   1913   2    18   33   19   1    10   6    8    
9      2009   1913   2    18   32   19   2    10   6    7    
10     2009   1913   1    19   32   19   1    11   6    7    
Total  18088  17222  12   166  292  171  10   93   53   69   
test          0      1    2    3    4    5    6    7    8    
2      2010   1914   1    19   32   19   1    11   6    7    
Total  2010   1914   1    19   32   19   1    11   6    7    
Classes             
0         17222     
1         12        
2         166       
3         292       
4         171       
5         10        
6         93        
7         53        
8         69        
Total     18088     

Shape: 450       

[952, 10, 11, 16, 11, 10, 10, 10, 10]
Sum start => 1040
[[1402  512]
 [  25   71]]
acc: 0.733
f1: 0.209
[[1874   40]
 [  86   10]]
acc: 0.937
f1: 0.137
2,1,coarse : 39.68 seconds
2,1,fine : 39.69 seconds
[[1402  512]
 [  25   71]]
acc: 0.733
f1: 0.209
[[1874   40]
 [  86   10]]
acc: 0.937
f1: 0.137
2,2,coarse : 41.12 seconds
2,2,fine : 41.12 seconds
[[1431  483]
 [  25   71]]
acc: 0.747
f1: 0.218
[[1874   40]
 [  86   10]]
acc: 0.937
f1: 0.137
2,3,coarse : 4.24 seconds
2,3,fine : 4.24 seconds
[[1445  469]
 [  25   71]]
acc: 0.754
f1: 0.223
[[1877   37]
 [  88    8]]
acc: 0.938
f1: 0.113
2,4,coarse : 4.33 seconds
2,4,fine : 4.33 seconds
[[1465  449]
 [  27   69]]
acc: 0.763
f1: 0.225
[[1878   36]
 [  87    9]]
acc: 0.939
f1: 0.128
2,5,coarse : 4.57 seconds
2,5,fine : 4.57 seconds
[[1454  460]
 [  27   69]]
acc: 0.758
f1: 0.221
[[1880   34]
 [  88    8]]
acc: 0.939
f1: 0.116
2,6,coarse : 4.65 seconds
2,6,fine : 4.66 seconds
[[1455  459]
 [  27   69]]
acc: 0.758
f1: 0.221
[[1885   29]
 [  89    7]]
acc: 0.941
f1: 0.106
2,7,coarse : 5.04 seconds
2,7,fine : 5.04 seconds
[[1455  459]
 [  26   70]]
acc: 0.759
f1: 0.224
[[1887   27]
 [  88    8]]
acc: 0.943
f1: 0.122
2,8,coarse : 4.94 seconds
2,8,fine : 4.95 seconds
[[1462  452]
 [  27   69]]
acc: 0.762
f1: 0.224
[[1887   27]
 [  89    7]]
acc: 0.942
f1: 0.108
2,9,coarse : 5.24 seconds
2,9,fine : 5.24 seconds
[[1467  447]
 [  26   70]]
acc: 0.765
f1: 0.228
[[1886   28]
 [  89    7]]
acc: 0.942
f1: 0.107
2,10,coarse : 5.16 seconds
2,10,fine : 5.16 seconds
[[1469  445]
 [  28   68]]
acc: 0.765
f1: 0.223
[[1886   28]
 [  87    9]]
acc: 0.943
f1: 0.135
2,11,coarse : 5.67 seconds
2,11,fine : 5.67 seconds
[[1475  439]
 [  28   68]]
acc: 0.768
f1: 0.226
[[1883   31]
 [  86   10]]
acc: 0.942
f1: 0.146
2,12,coarse : 5.87 seconds
2,12,fine : 5.88 seconds
[[1471  443]
 [  28   68]]
acc: 0.766
f1: 0.224
[[1884   30]
 [  86   10]]
acc: 0.942
f1: 0.147
2,13,coarse : 6.11 seconds
2,13,fine : 6.12 seconds
[[1479  435]
 [  30   66]]
acc: 0.769
f1: 0.221
[[1885   29]
 [  85   11]]
acc: 0.943
f1: 0.162
2,14,coarse : 6.31 seconds
2,14,fine : 6.32 seconds
[[1472  442]
 [  26   70]]
acc: 0.767
f1: 0.230
[[1889   25]
 [  84   12]]
acc: 0.946
f1: 0.180
2,15,coarse : 6.3 seconds
2,15,fine : 6.3 seconds
[[1469  445]
 [  29   67]]
acc: 0.764
f1: 0.220
[[1890   24]
 [  84   12]]
acc: 0.946
f1: 0.182
2,16,coarse : 6.74 seconds
2,16,fine : 6.75 seconds
[[1477  437]
 [  29   67]]
acc: 0.768
f1: 0.223
[[1888   26]
 [  84   12]]
acc: 0.945
f1: 0.179
2,17,coarse : 6.83 seconds
2,17,fine : 6.83 seconds
[[1485  429]
 [  30   66]]
acc: 0.772
f1: 0.223
[[1891   23]
 [  83   13]]
acc: 0.947
f1: 0.197
2,18,coarse : 6.96 seconds
2,18,fine : 6.96 seconds
[[1482  432]
 [  30   66]]
acc: 0.770
f1: 0.222
[[1893   21]
 [  83   13]]
acc: 0.948
f1: 0.200
2,19,coarse : 7.09 seconds
2,19,fine : 7.09 seconds
[[1489  425]
 [  30   66]]
acc: 0.774
f1: 0.225
[[1890   24]
 [  83   13]]
acc: 0.947
f1: 0.195
2,20,coarse : 7.42 seconds
2,20,fine : 7.43 seconds
[[1488  426]
 [  29   67]]
acc: 0.774
f1: 0.228
[[1889   25]
 [  83   13]]
acc: 0.946
f1: 0.194
2,21,coarse : 7.6 seconds
2,21,fine : 7.6 seconds
[[1490  424]
 [  27   69]]
acc: 0.776
f1: 0.234
[[1891   23]
 [  84   12]]
acc: 0.947
f1: 0.183
2,22,coarse : 7.8 seconds
2,22,fine : 7.8 seconds
[[1498  416]
 [  30   66]]
acc: 0.778
f1: 0.228
[[1887   27]
 [  85   11]]
acc: 0.944
f1: 0.164
2,23,coarse : 7.91 seconds
2,23,fine : 7.91 seconds
[[1498  416]
 [  26   70]]
acc: 0.780
f1: 0.241
[[1887   27]
 [  87    9]]
acc: 0.943
f1: 0.136
2,24,coarse : 8.33 seconds
2,24,fine : 8.34 seconds
[[1494  420]
 [  25   71]]
acc: 0.779
f1: 0.242
[[1888   26]
 [  87    9]]
acc: 0.944
f1: 0.137
2,25,coarse : 8.57 seconds
2,25,fine : 8.57 seconds
[[1492  422]
 [  26   70]]
acc: 0.777
f1: 0.238
[[1886   28]
 [  84   12]]
acc: 0.944
f1: 0.176
2,26,coarse : 8.67 seconds
2,26,fine : 8.67 seconds
[[1490  424]
 [  27   69]]
acc: 0.776
f1: 0.234
[[1887   27]
 [  84   12]]
acc: 0.945
f1: 0.178
2,27,coarse : 8.62 seconds
2,27,fine : 8.63 seconds
[[1497  417]
 [  25   71]]
acc: 0.780
f1: 0.243
[[1887   27]
 [  84   12]]
acc: 0.945
f1: 0.178
2,28,coarse : 8.82 seconds
2,28,fine : 8.83 seconds
[[1496  418]
 [  25   71]]
acc: 0.780
f1: 0.243
[[1888   26]
 [  84   12]]
acc: 0.945
f1: 0.179
2,29,coarse : 9.12 seconds
2,29,fine : 9.13 seconds
[[1496  418]
 [  27   69]]
acc: 0.779
f1: 0.237
[[1886   28]
 [  78   18]]
acc: 0.947
f1: 0.254
2,30,coarse : 9.27 seconds
2,30,fine : 9.27 seconds
[[1498  416]
 [  25   71]]
acc: 0.781
f1: 0.244
[[1880   34]
 [  78   18]]
acc: 0.944
f1: 0.243
2,31,coarse : 9.3 seconds
2,31,fine : 9.31 seconds
[[1490  424]
 [  24   72]]
acc: 0.777
f1: 0.243
[[1881   33]
 [  79   17]]
acc: 0.944
f1: 0.233
2,32,coarse : 9.48 seconds
2,32,fine : 9.49 seconds
[[1497  417]
 [  24   72]]
acc: 0.781
f1: 0.246
[[1879   35]
 [  78   18]]
acc: 0.944
f1: 0.242
2,33,coarse : 9.86 seconds
2,33,fine : 9.86 seconds
[[1505  409]
 [  25   71]]
acc: 0.784
f1: 0.247
[[1878   36]
 [  78   18]]
acc: 0.943
f1: 0.240
2,34,coarse : 10.04 seconds
2,34,fine : 10.04 seconds
[[1507  407]
 [  25   71]]
acc: 0.785
f1: 0.247
[[1881   33]
 [  77   19]]
acc: 0.945
f1: 0.257
2,35,coarse : 10.12 seconds
2,35,fine : 10.13 seconds
[[1503  411]
 [  25   71]]
acc: 0.783
f1: 0.246
[[1882   32]
 [  77   19]]
acc: 0.946
f1: 0.259
2,36,coarse : 10.5 seconds
2,36,fine : 10.51 seconds
[[1507  407]
 [  25   71]]
acc: 0.785
f1: 0.247
[[1880   34]
 [  77   19]]
acc: 0.945
f1: 0.255
2,37,coarse : 11.03 seconds
2,37,fine : 11.04 seconds
[[1512  402]
 [  25   71]]
acc: 0.788
f1: 0.250
[[1876   38]
 [  76   20]]
acc: 0.943
f1: 0.260
2,38,coarse : 11.23 seconds
2,38,fine : 11.24 seconds
[[1510  404]
 [  25   71]]
acc: 0.787
f1: 0.249
[[1876   38]
 [  75   21]]
acc: 0.944
f1: 0.271
2,39,coarse : 10.89 seconds
2,39,fine : 10.89 seconds
[[1516  398]
 [  26   70]]
acc: 0.789
f1: 0.248
[[1876   38]
 [  73   23]]
acc: 0.945
f1: 0.293
2,40,coarse : 11.4 seconds
2,40,fine : 11.41 seconds
[[1517  397]
 [  26   70]]
acc: 0.790
f1: 0.249
[[1874   40]
 [  73   23]]
acc: 0.944
f1: 0.289
2,41,coarse : 11.85 seconds
2,41,fine : 11.88 seconds
[[1521  393]
 [  25   71]]
acc: 0.792
f1: 0.254
[[1875   39]
 [  74   22]]
acc: 0.944
f1: 0.280
2,42,coarse : 11.59 seconds
2,42,fine : 11.6 seconds
[[1523  391]
 [  25   71]]
acc: 0.793
f1: 0.254
[[1875   39]
 [  73   23]]
acc: 0.944
f1: 0.291
2,43,coarse : 11.95 seconds
2,43,fine : 11.96 seconds
[[1531  383]
 [  24   72]]
acc: 0.798
f1: 0.261
[[1875   39]
 [  74   22]]
acc: 0.944
f1: 0.280
2,44,coarse : 12.16 seconds
2,44,fine : 12.19 seconds
[[1529  385]
 [  23   73]]
acc: 0.797
f1: 0.264
[[1874   40]
 [  72   24]]
acc: 0.944
f1: 0.300
2,45,coarse : 12.35 seconds
2,45,fine : 12.35 seconds
[[1531  383]
 [  22   74]]
acc: 0.799
f1: 0.268
[[1874   40]
 [  73   23]]
acc: 0.944
f1: 0.289
2,46,coarse : 12.54 seconds
2,46,fine : 12.55 seconds
[[1520  394]
 [  23   73]]
acc: 0.793
f1: 0.259
[[1872   42]
 [  73   23]]
acc: 0.943
f1: 0.286
2,47,coarse : 12.95 seconds
2,47,fine : 12.96 seconds
[[1519  395]
 [  23   73]]
acc: 0.792
f1: 0.259
[[1873   41]
 [  73   23]]
acc: 0.943
f1: 0.287
2,48,coarse : 12.9 seconds
2,48,fine : 12.9 seconds
[[1520  394]
 [  23   73]]
acc: 0.793
f1: 0.259
[[1870   44]
 [  72   24]]
acc: 0.942
f1: 0.293
2,49,coarse : 13.25 seconds
2,49,fine : 13.26 seconds
[[1524  390]
 [  24   72]]
acc: 0.794
f1: 0.258
[[1870   44]
 [  74   22]]
acc: 0.941
f1: 0.272
2,50,coarse : 16.87 seconds
2,50,fine : 16.88 seconds
[[1513  401]
 [  25   71]]
acc: 0.788
f1: 0.250
[[1868   46]
 [  71   25]]
acc: 0.942
f1: 0.299
2,51,coarse : 13.67 seconds
2,51,fine : 13.67 seconds
[[1521  393]
 [  24   72]]
acc: 0.793
f1: 0.257
[[1868   46]
 [  70   26]]
acc: 0.942
f1: 0.310
2,52,coarse : 13.87 seconds
2,52,fine : 13.88 seconds
[[1518  396]
 [  24   72]]
acc: 0.791
f1: 0.255
[[1868   46]
 [  72   24]]
acc: 0.941
f1: 0.289
2,53,coarse : 14.73 seconds
2,53,fine : 14.73 seconds
[[1517  397]
 [  25   71]]
acc: 0.790
f1: 0.252
[[1865   49]
 [  70   26]]
acc: 0.941
f1: 0.304
2,54,coarse : 14.32 seconds
2,54,fine : 14.33 seconds
[[1524  390]
 [  25   71]]
acc: 0.794
f1: 0.255
[[1864   50]
 [  69   27]]
acc: 0.941
f1: 0.312
2,55,coarse : 14.87 seconds
2,55,fine : 14.88 seconds
[[1521  393]
 [  25   71]]
acc: 0.792
f1: 0.254
[[1867   47]
 [  71   25]]
acc: 0.941
f1: 0.298
2,56,coarse : 14.56 seconds
2,56,fine : 14.57 seconds
[[1527  387]
 [  26   70]]
acc: 0.795
f1: 0.253
[[1863   51]
 [  68   28]]
acc: 0.941
f1: 0.320
2,57,coarse : 14.73 seconds
2,57,fine : 14.73 seconds
[[1528  386]
 [  26   70]]
acc: 0.795
f1: 0.254
[[1862   52]
 [  68   28]]
acc: 0.940
f1: 0.318
2,58,coarse : 15.65 seconds
2,58,fine : 15.66 seconds
[[1530  384]
 [  26   70]]
acc: 0.796
f1: 0.255
[[1857   57]
 [  67   29]]
acc: 0.938
f1: 0.319
2,59,coarse : 14.93 seconds
2,59,fine : 14.94 seconds
[[1525  389]
 [  26   70]]
acc: 0.794
f1: 0.252
[[1858   56]
 [  66   30]]
acc: 0.939
f1: 0.330
2,60,coarse : 15.61 seconds
2,60,fine : 15.62 seconds
[[1530  384]
 [  26   70]]
acc: 0.796
f1: 0.255
[[1857   57]
 [  65   31]]
acc: 0.939
f1: 0.337
2,61,coarse : 15.83 seconds
2,61,fine : 15.84 seconds
[[1528  386]
 [  25   71]]
acc: 0.796
f1: 0.257
[[1855   59]
 [  65   31]]
acc: 0.938
f1: 0.333
2,62,coarse : 15.57 seconds
2,62,fine : 15.57 seconds
[[1527  387]
 [  25   71]]
acc: 0.795
f1: 0.256
[[1855   59]
 [  65   31]]
acc: 0.938
f1: 0.333
2,63,coarse : 16.66 seconds
2,63,fine : 16.66 seconds
[[1532  382]
 [  24   72]]
acc: 0.798
f1: 0.262
[[1858   56]
 [  63   33]]
acc: 0.941
f1: 0.357
2,64,coarse : 16.33 seconds
2,64,fine : 16.34 seconds
[[1529  385]
 [  24   72]]
acc: 0.797
f1: 0.260
[[1856   58]
 [  63   33]]
acc: 0.940
f1: 0.353
2,65,coarse : 17.07 seconds
2,65,fine : 17.08 seconds
[[1536  378]
 [  25   71]]
acc: 0.800
f1: 0.261
[[1858   56]
 [  63   33]]
acc: 0.941
f1: 0.357
2,66,coarse : 16.97 seconds
2,66,fine : 16.98 seconds
[[1533  381]
 [  24   72]]
acc: 0.799
f1: 0.262
[[1855   59]
 [  63   33]]
acc: 0.939
f1: 0.351
2,67,coarse : 17.67 seconds
2,67,fine : 17.68 seconds
[[1528  386]
 [  23   73]]
acc: 0.797
f1: 0.263
[[1853   61]
 [  62   34]]
acc: 0.939
f1: 0.356
2,68,coarse : 17.5 seconds
2,68,fine : 17.51 seconds
[[1533  381]
 [  23   73]]
acc: 0.799
f1: 0.265
[[1853   61]
 [  61   35]]
acc: 0.939
f1: 0.365
2,69,coarse : 17.8 seconds
2,69,fine : 17.81 seconds
[[1532  382]
 [  22   74]]
acc: 0.799
f1: 0.268
[[1851   63]
 [  61   35]]
acc: 0.938
f1: 0.361
2,70,coarse : 18.23 seconds
2,70,fine : 18.24 seconds
[[1529  385]
 [  23   73]]
acc: 0.797
f1: 0.264
[[1852   62]
 [  61   35]]
acc: 0.939
f1: 0.363
2,71,coarse : 18.33 seconds
2,71,fine : 18.34 seconds
[[1534  380]
 [  24   72]]
acc: 0.799
f1: 0.263
[[1853   61]
 [  60   36]]
acc: 0.940
f1: 0.373
2,72,coarse : 18.75 seconds
2,72,fine : 18.76 seconds
[[1535  379]
 [  24   72]]
acc: 0.800
f1: 0.263
[[1852   62]
 [  61   35]]
acc: 0.939
f1: 0.363
2,73,coarse : 19.26 seconds
2,73,fine : 19.27 seconds
[[1540  374]
 [  24   72]]
acc: 0.802
f1: 0.266
[[1852   62]
 [  59   37]]
acc: 0.940
f1: 0.379
2,74,coarse : 18.95 seconds
2,74,fine : 18.96 seconds
[[1538  376]
 [  24   72]]
acc: 0.801
f1: 0.265
[[1852   62]
 [  60   36]]
acc: 0.939
f1: 0.371
2,75,coarse : 18.86 seconds
2,75,fine : 18.87 seconds
[[1539  375]
 [  24   72]]
acc: 0.801
f1: 0.265
[[1854   60]
 [  60   36]]
acc: 0.940
f1: 0.375
2,76,coarse : 19.54 seconds
2,76,fine : 19.55 seconds
[[1539  375]
 [  24   72]]
acc: 0.801
f1: 0.265
[[1852   62]
 [  62   34]]
acc: 0.938
f1: 0.354
2,77,coarse : 17.95 seconds
2,77,fine : 17.96 seconds
[[1540  374]
 [  24   72]]
acc: 0.802
f1: 0.266
[[1852   62]
 [  62   34]]
acc: 0.938
f1: 0.354
2,78,coarse : 18.86 seconds
2,78,fine : 18.87 seconds
[[1544  370]
 [  24   72]]
acc: 0.804
f1: 0.268
[[1848   66]
 [  62   34]]
acc: 0.936
f1: 0.347
2,79,coarse : 19.3 seconds
2,79,fine : 19.31 seconds
[[1544  370]
 [  24   72]]
acc: 0.804
f1: 0.268
[[1856   58]
 [  60   36]]
acc: 0.941
f1: 0.379
2,80,coarse : 19.75 seconds
2,80,fine : 19.76 seconds
[[1542  372]
 [  23   73]]
acc: 0.803
f1: 0.270
[[1854   60]
 [  59   37]]
acc: 0.941
f1: 0.383
2,81,coarse : 19.9 seconds
2,81,fine : 19.91 seconds
[[1546  368]
 [  24   72]]
acc: 0.805
f1: 0.269
[[1852   62]
 [  59   37]]
acc: 0.940
f1: 0.379
2,82,coarse : 21.11 seconds
2,82,fine : 21.12 seconds
[[1543  371]
 [  24   72]]
acc: 0.803
f1: 0.267
[[1852   62]
 [  59   37]]
acc: 0.940
f1: 0.379
2,83,coarse : 20.85 seconds
2,83,fine : 20.86 seconds
[[1545  369]
 [  24   72]]
acc: 0.804
f1: 0.268
[[1854   60]
 [  59   37]]
acc: 0.941
f1: 0.383
2,84,coarse : 20.32 seconds
2,84,fine : 20.33 seconds
[[1548  366]
 [  24   72]]
acc: 0.806
f1: 0.270
[[1856   58]
 [  59   37]]
acc: 0.942
f1: 0.387
2,85,coarse : 21.31 seconds
2,85,fine : 21.32 seconds
[[1551  363]
 [  24   72]]
acc: 0.807
f1: 0.271
[[1855   59]
 [  58   38]]
acc: 0.942
f1: 0.394
2,86,coarse : 22.11 seconds
2,86,fine : 22.12 seconds
[[1550  364]
 [  24   72]]
acc: 0.807
f1: 0.271
[[1855   59]
 [  58   38]]
acc: 0.942
f1: 0.394
2,87,coarse : 22.7 seconds
2,87,fine : 22.71 seconds
[[1548  366]
 [  24   72]]
acc: 0.806
f1: 0.270
[[1853   61]
 [  59   37]]
acc: 0.940
f1: 0.381
2,88,coarse : 22.75 seconds
2,88,fine : 22.76 seconds
[[1544  370]
 [  25   71]]
acc: 0.803
f1: 0.264
[[1852   62]
 [  60   36]]
acc: 0.939
f1: 0.371
2,89,coarse : 23.47 seconds
2,89,fine : 23.48 seconds
[[1548  366]
 [  25   71]]
acc: 0.805
f1: 0.266
[[1854   60]
 [  60   36]]
acc: 0.940
f1: 0.375
2,90,coarse : 23.43 seconds
2,90,fine : 23.44 seconds
[[1544  370]
 [  24   72]]
acc: 0.804
f1: 0.268
[[1853   61]
 [  59   37]]
acc: 0.940
f1: 0.381
2,91,coarse : 23.35 seconds
2,91,fine : 23.36 seconds
[[1545  369]
 [  25   71]]
acc: 0.804
f1: 0.265
[[1852   62]
 [  58   38]]
acc: 0.940
f1: 0.388
2,92,coarse : 24.62 seconds
2,92,fine : 24.63 seconds
[[1551  363]
 [  24   72]]
acc: 0.807
f1: 0.271
[[1849   65]
 [  57   39]]
acc: 0.939
f1: 0.390
2,93,coarse : 24.32 seconds
2,93,fine : 24.33 seconds
[[1554  360]
 [  24   72]]
acc: 0.809
f1: 0.273
[[1851   63]
 [  58   38]]
acc: 0.940
f1: 0.386
2,94,coarse : 24.34 seconds
2,94,fine : 24.35 seconds
[[1553  361]
 [  24   72]]
acc: 0.808
f1: 0.272
[[1850   64]
 [  57   39]]
acc: 0.940
f1: 0.392
2,95,coarse : 24.97 seconds
2,95,fine : 24.98 seconds
[[1549  365]
 [  24   72]]
acc: 0.806
f1: 0.270
[[1851   63]
 [  56   40]]
acc: 0.941
f1: 0.402
2,96,coarse : 24.86 seconds
2,96,fine : 24.87 seconds
[[1547  367]
 [  24   72]]
acc: 0.805
f1: 0.269
[[1852   62]
 [  56   40]]
acc: 0.941
f1: 0.404
2,97,coarse : 25.42 seconds
2,97,fine : 25.43 seconds
[[1554  360]
 [  24   72]]
acc: 0.809
f1: 0.273
[[1850   64]
 [  56   40]]
acc: 0.940
f1: 0.400
2,98,coarse : 25.83 seconds
2,98,fine : 25.84 seconds
[[1555  359]
 [  24   72]]
acc: 0.809
f1: 0.273
[[1850   64]
 [  56   40]]
acc: 0.940
f1: 0.400
2,99,coarse : 26.48 seconds
2,99,fine : 26.5 seconds
[[1556  358]
 [  25   71]]
acc: 0.809
f1: 0.270
[[1850   64]
 [  58   38]]
acc: 0.939
f1: 0.384
2,100,coarse : 28.43 seconds
2,100,fine : 28.45 seconds
[[1563  351]
 [  25   71]]
acc: 0.813
f1: 0.274
[[1851   63]
 [  58   38]]
acc: 0.940
f1: 0.386
2,101,coarse : 27.5 seconds
2,101,fine : 27.51 seconds
[[1565  349]
 [  25   71]]
acc: 0.814
f1: 0.275
[[1852   62]
 [  58   38]]
acc: 0.940
f1: 0.388
2,102,coarse : 26.97 seconds
2,102,fine : 26.98 seconds
[[1564  350]
 [  25   71]]
acc: 0.813
f1: 0.275
[[1851   63]
 [  57   39]]
acc: 0.940
f1: 0.394
2,103,coarse : 27.42 seconds
2,103,fine : 27.43 seconds
[[1562  352]
 [  27   69]]
acc: 0.811
f1: 0.267
[[1851   63]
 [  57   39]]
acc: 0.940
f1: 0.394
2,104,coarse : 28.31 seconds
2,104,fine : 28.32 seconds
[[1560  354]
 [  26   70]]
acc: 0.811
f1: 0.269
[[1850   64]
 [  57   39]]
acc: 0.940
f1: 0.392
2,105,coarse : 27.19 seconds
2,105,fine : 27.2 seconds
[[1567  347]
 [  26   70]]
acc: 0.814
f1: 0.273
[[1851   63]
 [  58   38]]
acc: 0.940
f1: 0.386
2,106,coarse : 28.77 seconds
2,106,fine : 28.78 seconds
[[1562  352]
 [  27   69]]
acc: 0.811
f1: 0.267
[[1852   62]
 [  57   39]]
acc: 0.941
f1: 0.396
2,107,coarse : 28.52 seconds
2,107,fine : 28.53 seconds
[[1564  350]
 [  26   70]]
acc: 0.813
f1: 0.271
[[1852   62]
 [  57   39]]
acc: 0.941
f1: 0.396
2,108,coarse : 29.01 seconds
2,108,fine : 29.04 seconds
[[1565  349]
 [  26   70]]
acc: 0.813
f1: 0.272
[[1854   60]
 [  59   37]]
acc: 0.941
f1: 0.383
2,109,coarse : 29.59 seconds
2,109,fine : 29.6 seconds
[[1567  347]
 [  26   70]]
acc: 0.814
f1: 0.273
[[1852   62]
 [  58   38]]
acc: 0.940
f1: 0.388
2,110,coarse : 29.92 seconds
2,110,fine : 29.93 seconds
[[1562  352]
 [  26   70]]
acc: 0.812
f1: 0.270
[[1853   61]
 [  58   38]]
acc: 0.941
f1: 0.390
2,111,coarse : 29.27 seconds
2,111,fine : 29.28 seconds
[[1564  350]
 [  26   70]]
acc: 0.813
f1: 0.271
[[1855   59]
 [  56   40]]
acc: 0.943
f1: 0.410
2,112,coarse : 29.25 seconds
2,112,fine : 29.26 seconds
[[1569  345]
 [  27   69]]
acc: 0.815
f1: 0.271
[[1855   59]
 [  56   40]]
acc: 0.943
f1: 0.410
2,113,coarse : 29.89 seconds
2,113,fine : 29.9 seconds
[[1574  340]
 [  25   71]]
acc: 0.818
f1: 0.280
[[1852   62]
 [  58   38]]
acc: 0.940
f1: 0.388
2,114,coarse : 30.35 seconds
2,114,fine : 30.37 seconds
[[1568  346]
 [  26   70]]
acc: 0.815
f1: 0.273
[[1854   60]
 [  57   39]]
acc: 0.942
f1: 0.400
2,115,coarse : 30.38 seconds
2,115,fine : 30.4 seconds
[[1570  344]
 [  26   70]]
acc: 0.816
f1: 0.275
[[1855   59]
 [  57   39]]
acc: 0.942
f1: 0.402
2,116,coarse : 31.02 seconds
2,116,fine : 31.03 seconds
[[1568  346]
 [  27   69]]
acc: 0.814
f1: 0.270
[[1853   61]
 [  57   39]]
acc: 0.941
f1: 0.398
2,117,coarse : 30.5 seconds
2,117,fine : 30.51 seconds
[[1570  344]
 [  27   69]]
acc: 0.815
f1: 0.271
[[1854   60]
 [  56   40]]
acc: 0.942
f1: 0.408
2,118,coarse : 30.64 seconds
2,118,fine : 30.65 seconds
[[1574  340]
 [  27   69]]
acc: 0.817
f1: 0.273
[[1855   59]
 [  56   40]]
acc: 0.943
f1: 0.410
2,119,coarse : 30.56 seconds
2,119,fine : 30.57 seconds
[[1569  345]
 [  25   71]]
acc: 0.816
f1: 0.277
[[1855   59]
 [  56   40]]
acc: 0.943
f1: 0.410
2,120,coarse : 32.42 seconds
2,120,fine : 32.43 seconds
[[1578  336]
 [  26   70]]
acc: 0.820
f1: 0.279
[[1853   61]
 [  56   40]]
acc: 0.942
f1: 0.406
2,121,coarse : 32.33 seconds
2,121,fine : 32.34 seconds
[[1566  348]
 [  26   70]]
acc: 0.814
f1: 0.272
[[1851   63]
 [  56   40]]
acc: 0.941
f1: 0.402
2,122,coarse : 32.24 seconds
2,122,fine : 32.25 seconds
[[1561  353]
 [  25   71]]
acc: 0.812
f1: 0.273
[[1849   65]
 [  55   41]]
acc: 0.940
f1: 0.406
2,123,coarse : 33.76 seconds
2,123,fine : 33.77 seconds
[[1558  356]
 [  24   72]]
acc: 0.811
f1: 0.275
[[1849   65]
 [  55   41]]
acc: 0.940
f1: 0.406
2,124,coarse : 33.3 seconds
2,124,fine : 33.31 seconds
[[1560  354]
 [  25   71]]
acc: 0.811
f1: 0.273
[[1848   66]
 [  56   40]]
acc: 0.939
f1: 0.396
2,125,coarse : 34.28 seconds
2,125,fine : 34.3 seconds
[[1560  354]
 [  25   71]]
acc: 0.811
f1: 0.273
[[1845   69]
 [  56   40]]
acc: 0.938
f1: 0.390
2,126,coarse : 33.69 seconds
2,126,fine : 33.7 seconds
[[1563  351]
 [  25   71]]
acc: 0.813
f1: 0.274
[[1845   69]
 [  56   40]]
acc: 0.938
f1: 0.390
2,127,coarse : 34.86 seconds
2,127,fine : 34.87 seconds
[[1567  347]
 [  24   72]]
acc: 0.815
f1: 0.280
[[1846   68]
 [  55   41]]
acc: 0.939
f1: 0.400
2,128,coarse : 35.31 seconds
2,128,fine : 35.33 seconds
[[1566  348]
 [  24   72]]
acc: 0.815
f1: 0.279
[[1845   69]
 [  55   41]]
acc: 0.938
f1: 0.398
2,129,coarse : 35.69 seconds
2,129,fine : 35.7 seconds
[[1564  350]
 [  24   72]]
acc: 0.814
f1: 0.278
[[1846   68]
 [  55   41]]
acc: 0.939
f1: 0.400
2,130,coarse : 35.46 seconds
2,130,fine : 35.48 seconds
[[1565  349]
 [  24   72]]
acc: 0.814
f1: 0.279
[[1844   70]
 [  55   41]]
acc: 0.938
f1: 0.396
2,131,coarse : 36.11 seconds
2,131,fine : 36.12 seconds
[[1570  344]
 [  24   72]]
acc: 0.817
f1: 0.281
[[1846   68]
 [  55   41]]
acc: 0.939
f1: 0.400
2,132,coarse : 36.96 seconds
2,132,fine : 36.98 seconds
[[1574  340]
 [  24   72]]
acc: 0.819
f1: 0.283
[[1844   70]
 [  55   41]]
acc: 0.938
f1: 0.396
2,133,coarse : 37.12 seconds
2,133,fine : 37.13 seconds
[[1576  338]
 [  24   72]]
acc: 0.820
f1: 0.285
[[1845   69]
 [  55   41]]
acc: 0.938
f1: 0.398
2,134,coarse : 36.05 seconds
2,134,fine : 36.06 seconds
[[1573  341]
 [  24   72]]
acc: 0.818
f1: 0.283
[[1843   71]
 [  55   41]]
acc: 0.937
f1: 0.394
2,135,coarse : 36.38 seconds
2,135,fine : 36.4 seconds
[[1573  341]
 [  24   72]]
acc: 0.818
f1: 0.283
[[1843   71]
 [  55   41]]
acc: 0.937
f1: 0.394
2,136,coarse : 36.86 seconds
2,136,fine : 36.87 seconds
[[1571  343]
 [  25   71]]
acc: 0.817
f1: 0.278
[[1843   71]
 [  55   41]]
acc: 0.937
f1: 0.394
2,137,coarse : 37.6 seconds
2,137,fine : 37.62 seconds
[[1574  340]
 [  25   71]]
acc: 0.818
f1: 0.280
[[1843   71]
 [  55   41]]
acc: 0.937
f1: 0.394
2,138,coarse : 37.38 seconds
2,138,fine : 37.4 seconds
[[1574  340]
 [  25   71]]
acc: 0.818
f1: 0.280
[[1845   69]
 [  56   40]]
acc: 0.938
f1: 0.390
2,139,coarse : 37.69 seconds
2,139,fine : 37.71 seconds
[[1569  345]
 [  25   71]]
acc: 0.816
f1: 0.277
[[1841   73]
 [  56   40]]
acc: 0.936
f1: 0.383
2,140,coarse : 37.96 seconds
2,140,fine : 37.97 seconds
[[1567  347]
 [  24   72]]
acc: 0.815
f1: 0.280
[[1842   72]
 [  55   41]]
acc: 0.937
f1: 0.392
2,141,coarse : 38.42 seconds
2,141,fine : 38.44 seconds
[[1568  346]
 [  24   72]]
acc: 0.816
f1: 0.280
[[1839   75]
 [  55   41]]
acc: 0.935
f1: 0.387
2,142,coarse : 38.94 seconds
2,142,fine : 38.96 seconds
[[1568  346]
 [  23   73]]
acc: 0.816
f1: 0.283
[[1836   78]
 [  54   42]]
acc: 0.934
f1: 0.389
2,143,coarse : 39.0 seconds
2,143,fine : 39.01 seconds
[[1568  346]
 [  23   73]]
acc: 0.816
f1: 0.283
[[1839   75]
 [  54   42]]
acc: 0.936
f1: 0.394
2,144,coarse : 39.58 seconds
2,144,fine : 39.6 seconds
[[1571  343]
 [  22   74]]
acc: 0.818
f1: 0.288
[[1839   75]
 [  54   42]]
acc: 0.936
f1: 0.394
2,145,coarse : 39.5 seconds
2,145,fine : 39.52 seconds
[[1562  352]
 [  23   73]]
acc: 0.813
f1: 0.280
[[1839   75]
 [  54   42]]
acc: 0.936
f1: 0.394
2,146,coarse : 40.3 seconds
2,146,fine : 40.31 seconds
[[1564  350]
 [  22   74]]
acc: 0.815
f1: 0.285
[[1840   74]
 [  55   41]]
acc: 0.936
f1: 0.389
2,147,coarse : 40.02 seconds
2,147,fine : 40.03 seconds
[[1566  348]
 [  23   73]]
acc: 0.815
f1: 0.282
[[1839   75]
 [  55   41]]
acc: 0.935
f1: 0.387
2,148,coarse : 40.28 seconds
2,148,fine : 40.29 seconds
[[1566  348]
 [  23   73]]
acc: 0.815
f1: 0.282
[[1841   73]
 [  56   40]]
acc: 0.936
f1: 0.383
2,149,coarse : 40.87 seconds
2,149,fine : 40.89 seconds
[[1562  352]
 [  23   73]]
acc: 0.813
f1: 0.280
[[1841   73]
 [  55   41]]
acc: 0.936
f1: 0.390
2,150,coarse : 44.99 seconds
2,150,fine : 45.01 seconds
[[1559  355]
 [  23   73]]
acc: 0.812
f1: 0.279
[[1839   75]
 [  55   41]]
acc: 0.935
f1: 0.387
2,151,coarse : 41.81 seconds
2,151,fine : 41.83 seconds
[[1561  353]
 [  24   72]]
acc: 0.812
f1: 0.276
[[1841   73]
 [  55   41]]
acc: 0.936
f1: 0.390
2,152,coarse : 43.41 seconds
2,152,fine : 43.43 seconds
[[1560  354]
 [  23   73]]
acc: 0.812
f1: 0.279
[[1841   73]
 [  55   41]]
acc: 0.936
f1: 0.390
2,153,coarse : 42.73 seconds
2,153,fine : 42.75 seconds
[[1557  357]
 [  22   74]]
acc: 0.811
f1: 0.281
[[1841   73]
 [  55   41]]
acc: 0.936
f1: 0.390
2,154,coarse : 44.07 seconds
2,154,fine : 44.08 seconds
[[1559  355]
 [  22   74]]
acc: 0.812
f1: 0.282
[[1842   72]
 [  55   41]]
acc: 0.937
f1: 0.392
2,155,coarse : 42.84 seconds
2,155,fine : 42.85 seconds
[[1561  353]
 [  23   73]]
acc: 0.813
f1: 0.280
[[1844   70]
 [  58   38]]
acc: 0.936
f1: 0.373
2,156,coarse : 43.45 seconds
2,156,fine : 43.47 seconds
[[1557  357]
 [  23   73]]
acc: 0.811
f1: 0.278
[[1845   69]
 [  58   38]]
acc: 0.937
f1: 0.374
2,157,coarse : 44.46 seconds
2,157,fine : 44.48 seconds
[[1556  358]
 [  23   73]]
acc: 0.810
f1: 0.277
[[1843   71]
 [  57   39]]
acc: 0.936
f1: 0.379
2,158,coarse : 45.2 seconds
2,158,fine : 45.22 seconds
[[1558  356]
 [  23   73]]
acc: 0.811
f1: 0.278
[[1843   71]
 [  55   41]]
acc: 0.937
f1: 0.394
2,159,coarse : 45.86 seconds
2,159,fine : 45.88 seconds
[[1559  355]
 [  23   73]]
acc: 0.812
f1: 0.279
[[1845   69]
 [  55   41]]
acc: 0.938
f1: 0.398
2,160,coarse : 44.98 seconds
2,160,fine : 44.99 seconds
[[1563  351]
 [  24   72]]
acc: 0.813
f1: 0.277
[[1843   71]
 [  55   41]]
acc: 0.937
f1: 0.394
2,161,coarse : 45.04 seconds
2,161,fine : 45.06 seconds
[[1564  350]
 [  24   72]]
acc: 0.814
f1: 0.278
[[1845   69]
 [  54   42]]
acc: 0.939
f1: 0.406
2,162,coarse : 47.53 seconds
2,162,fine : 47.54 seconds
[[1563  351]
 [  24   72]]
acc: 0.813
f1: 0.277
[[1845   69]
 [  55   41]]
acc: 0.938
f1: 0.398
2,163,coarse : 46.48 seconds
2,163,fine : 46.5 seconds
[[1563  351]
 [  24   72]]
acc: 0.813
f1: 0.277
[[1843   71]
 [  55   41]]
acc: 0.937
f1: 0.394
2,164,coarse : 47.9 seconds
2,164,fine : 47.92 seconds
[[1565  349]
 [  23   73]]
acc: 0.815
f1: 0.282
[[1842   72]
 [  55   41]]
acc: 0.937
f1: 0.392
2,165,coarse : 46.6 seconds
2,165,fine : 46.62 seconds
[[1565  349]
 [  25   71]]
acc: 0.814
f1: 0.275
[[1841   73]
 [  52   44]]
acc: 0.938
f1: 0.413
2,166,coarse : 47.25 seconds
2,166,fine : 47.27 seconds
[[1562  352]
 [  23   73]]
acc: 0.813
f1: 0.280
[[1842   72]
 [  53   43]]
acc: 0.938
f1: 0.408
2,167,coarse : 47.16 seconds
2,167,fine : 47.18 seconds
[[1563  351]
 [  22   74]]
acc: 0.814
f1: 0.284
[[1843   71]
 [  53   43]]
acc: 0.938
f1: 0.410
2,168,coarse : 47.19 seconds
2,168,fine : 47.21 seconds
[[1561  353]
 [  24   72]]
acc: 0.812
f1: 0.276
[[1843   71]
 [  53   43]]
acc: 0.938
f1: 0.410
2,169,coarse : 48.04 seconds
2,169,fine : 48.06 seconds
[[1563  351]
 [  23   73]]
acc: 0.814
f1: 0.281
[[1841   73]
 [  54   42]]
acc: 0.937
f1: 0.398
2,170,coarse : 47.37 seconds
2,170,fine : 47.39 seconds
[[1557  357]
 [  24   72]]
acc: 0.810
f1: 0.274
[[1843   71]
 [  54   42]]
acc: 0.938
f1: 0.402
2,171,coarse : 49.77 seconds
2,171,fine : 49.79 seconds
[[1562  352]
 [  25   71]]
acc: 0.812
f1: 0.274
[[1842   72]
 [  54   42]]
acc: 0.937
f1: 0.400
2,172,coarse : 49.56 seconds
2,172,fine : 49.58 seconds
