all           0      1    2    3    4    5    6    7    8    
1      2010   1914   1    19   32   19   1    11   6    7    
2      2010   1914   1    19   32   19   1    11   6    7    
3      2010   1914   1    19   32   19   1    11   5    8    
4      2010   1914   1    19   32   19   1    10   6    8    
5      2010   1914   1    18   33   19   1    10   6    8    
6      2010   1914   1    18   33   19   1    10   6    8    
7      2010   1913   2    18   33   19   1    10   6    8    
8      2010   1913   2    18   33   19   1    10   6    8    
9      2009   1913   2    18   32   19   2    10   6    7    
10     2009   1913   1    19   32   19   1    11   6    7    
Total  20098  19136  13   185  324  190  11   104  59   76   
train         0      1    2    3    4    5    6    7    8    
1      2010   1914   1    19   32   19   1    11   6    7    
2      2010   1914   1    19   32   19   1    11   6    7    
3      2010   1914   1    19   32   19   1    11   5    8    
4      2010   1914   1    19   32   19   1    10   6    8    
5      2010   1914   1    18   33   19   1    10   6    8    
6      2010   1914   1    18   33   19   1    10   6    8    
7      2010   1913   2    18   33   19   1    10   6    8    
9      2009   1913   2    18   32   19   2    10   6    7    
10     2009   1913   1    19   32   19   1    11   6    7    
Total  18088  17223  11   167  291  171  10   94   53   68   
test          0      1    2    3    4    5    6    7    8    
8      2010   1913   2    18   33   19   1    10   6    8    
Total  2010   1913   2    18   33   19   1    10   6    8    
Classes             
0         17223     
1         11        
2         167       
3         291       
4         171       
5         10        
6         94        
7         53        
8         68        
Total     18088     

Shape: 450       

[952, 10, 11, 16, 11, 10, 10, 10, 10]
Sum start => 1040
[[1402  511]
 [  25   72]]
acc: 0.733
f1: 0.212
[[1875   38]
 [  89    8]]
acc: 0.937
f1: 0.112
8,1,coarse : 39.33 seconds
8,1,fine : 39.33 seconds
[[1402  511]
 [  25   72]]
acc: 0.733
f1: 0.212
[[1875   38]
 [  89    8]]
acc: 0.937
f1: 0.112
8,2,coarse : 40.62 seconds
8,2,fine : 40.62 seconds
[[1438  475]
 [  28   69]]
acc: 0.750
f1: 0.215
[[1897   16]
 [  93    4]]
acc: 0.946
f1: 0.068
8,3,coarse : 37.89 seconds
8,3,fine : 37.89 seconds
[[1443  470]
 [  27   70]]
acc: 0.753
f1: 0.220
[[1906    7]
 [  94    3]]
acc: 0.950
f1: 0.056
8,4,coarse : 38.24 seconds
8,4,fine : 38.24 seconds
[[1475  438]
 [  32   65]]
acc: 0.766
f1: 0.217
[[1907    6]
 [  93    4]]
acc: 0.951
f1: 0.075
8,5,coarse : 38.22 seconds
8,5,fine : 38.22 seconds
[[1486  427]
 [  30   67]]
acc: 0.773
f1: 0.227
[[1905    8]
 [  92    5]]
acc: 0.950
f1: 0.091
8,6,coarse : 37.25 seconds
8,6,fine : 37.26 seconds
[[1514  399]
 [  27   70]]
acc: 0.788
f1: 0.247
[[1908    5]
 [  92    5]]
acc: 0.952
f1: 0.093
8,7,coarse : 37.14 seconds
8,7,fine : 37.14 seconds
[[1534  379]
 [  26   71]]
acc: 0.799
f1: 0.260
[[1908    5]
 [  90    7]]
acc: 0.953
f1: 0.128
8,8,coarse : 38.51 seconds
8,8,fine : 38.51 seconds
[[1563  350]
 [  28   69]]
acc: 0.812
f1: 0.267
[[1907    6]
 [  89    8]]
acc: 0.953
f1: 0.144
8,9,coarse : 37.43 seconds
8,9,fine : 37.43 seconds
[[1567  346]
 [  25   72]]
acc: 0.815
f1: 0.280
[[1907    6]
 [  89    8]]
acc: 0.953
f1: 0.144
8,10,coarse : 37.25 seconds
8,10,fine : 37.26 seconds
[[1583  330]
 [  24   73]]
acc: 0.824
f1: 0.292
[[1905    8]
 [  88    9]]
acc: 0.952
f1: 0.158
8,11,coarse : 38.11 seconds
8,11,fine : 38.11 seconds
[[1586  327]
 [  26   71]]
acc: 0.824
f1: 0.287
[[1905    8]
 [  88    9]]
acc: 0.952
f1: 0.158
8,12,coarse : 37.46 seconds
8,12,fine : 37.46 seconds
[[1592  321]
 [  23   74]]
acc: 0.829
f1: 0.301
[[1905    8]
 [  89    8]]
acc: 0.952
f1: 0.142
8,13,coarse : 37.88 seconds
8,13,fine : 37.89 seconds
[[1598  315]
 [  22   75]]
acc: 0.832
f1: 0.308
[[1904    9]
 [  89    8]]
acc: 0.951
f1: 0.140
8,14,coarse : 37.74 seconds
8,14,fine : 37.74 seconds
[[1608  305]
 [  23   74]]
acc: 0.837
f1: 0.311
[[1904    9]
 [  88    9]]
acc: 0.952
f1: 0.157
8,15,coarse : 37.16 seconds
8,15,fine : 37.16 seconds
[[1617  296]
 [  25   72]]
acc: 0.840
f1: 0.310
[[1904    9]
 [  87   10]]
acc: 0.952
f1: 0.172
8,16,coarse : 36.9 seconds
8,16,fine : 36.91 seconds
[[1626  287]
 [  23   74]]
acc: 0.846
f1: 0.323
[[1905    8]
 [  88    9]]
acc: 0.952
f1: 0.158
8,17,coarse : 37.6 seconds
8,17,fine : 37.6 seconds
[[1623  290]
 [  25   72]]
acc: 0.843
f1: 0.314
[[1905    8]
 [  88    9]]
acc: 0.952
f1: 0.158
8,18,coarse : 37.55 seconds
8,18,fine : 37.55 seconds
[[1633  280]
 [  23   74]]
acc: 0.849
f1: 0.328
[[1906    7]
 [  88    9]]
acc: 0.953
f1: 0.159
8,19,coarse : 37.48 seconds
8,19,fine : 37.48 seconds
[[1627  286]
 [  23   74]]
acc: 0.846
f1: 0.324
[[1905    8]
 [  88    9]]
acc: 0.952
f1: 0.158
8,20,coarse : 37.92 seconds
8,20,fine : 37.93 seconds
[[1636  277]
 [  25   72]]
acc: 0.850
f1: 0.323
[[1905    8]
 [  88    9]]
acc: 0.952
f1: 0.158
8,21,coarse : 36.97 seconds
8,21,fine : 36.97 seconds
[[1635  278]
 [  25   72]]
acc: 0.849
f1: 0.322
[[1905    8]
 [  88    9]]
acc: 0.952
f1: 0.158
8,22,coarse : 36.75 seconds
8,22,fine : 36.75 seconds
[[1636  277]
 [  26   71]]
acc: 0.849
f1: 0.319
[[1905    8]
 [  88    9]]
acc: 0.952
f1: 0.158
8,23,coarse : 37.78 seconds
8,23,fine : 37.78 seconds
[[1634  279]
 [  26   71]]
acc: 0.848
f1: 0.318
[[1905    8]
 [  88    9]]
acc: 0.952
f1: 0.158
8,24,coarse : 37.07 seconds
8,24,fine : 37.07 seconds
[[1630  283]
 [  26   71]]
acc: 0.846
f1: 0.315
[[1906    7]
 [  88    9]]
acc: 0.953
f1: 0.159
8,25,coarse : 36.61 seconds
8,25,fine : 36.61 seconds
[[1629  284]
 [  25   72]]
acc: 0.846
f1: 0.318
[[1906    7]
 [  88    9]]
acc: 0.953
f1: 0.159
8,26,coarse : 37.46 seconds
8,26,fine : 37.46 seconds
[[1628  285]
 [  24   73]]
acc: 0.846
f1: 0.321
[[1906    7]
 [  88    9]]
acc: 0.953
f1: 0.159
8,27,coarse : 36.72 seconds
8,27,fine : 36.72 seconds
[[1631  282]
 [  26   71]]
acc: 0.847
f1: 0.316
[[1906    7]
 [  88    9]]
acc: 0.953
f1: 0.159
8,28,coarse : 36.75 seconds
8,28,fine : 36.76 seconds
[[1636  277]
 [  25   72]]
acc: 0.850
f1: 0.323
[[1906    7]
 [  88    9]]
acc: 0.953
f1: 0.159
8,29,coarse : 37.44 seconds
8,29,fine : 37.45 seconds
[[1640  273]
 [  26   71]]
acc: 0.851
f1: 0.322
[[1906    7]
 [  88    9]]
acc: 0.953
f1: 0.159
8,30,coarse : 36.78 seconds
8,30,fine : 36.78 seconds
[[1640  273]
 [  25   72]]
acc: 0.852
f1: 0.326
[[1906    7]
 [  87   10]]
acc: 0.953
f1: 0.175
8,31,coarse : 36.93 seconds
8,31,fine : 36.93 seconds
[[1635  278]
 [  25   72]]
acc: 0.849
f1: 0.322
[[1906    7]
 [  87   10]]
acc: 0.953
f1: 0.175
8,32,coarse : 36.66 seconds
8,32,fine : 36.66 seconds
[[1642  271]
 [  23   74]]
acc: 0.854
f1: 0.335
[[1906    7]
 [  87   10]]
acc: 0.953
f1: 0.175
8,33,coarse : 37.62 seconds
8,33,fine : 37.62 seconds
[[1642  271]
 [  23   74]]
acc: 0.854
f1: 0.335
[[1905    8]
 [  87   10]]
acc: 0.953
f1: 0.174
8,34,coarse : 37.96 seconds
8,34,fine : 37.97 seconds
[[1643  270]
 [  24   73]]
acc: 0.854
f1: 0.332
[[1905    8]
 [  86   11]]
acc: 0.953
f1: 0.190
8,35,coarse : 36.64 seconds
8,35,fine : 36.65 seconds
[[1646  267]
 [  24   73]]
acc: 0.855
f1: 0.334
[[1905    8]
 [  86   11]]
acc: 0.953
f1: 0.190
8,36,coarse : 37.59 seconds
8,36,fine : 37.59 seconds
[[1647  266]
 [  24   73]]
acc: 0.856
f1: 0.335
[[1904    9]
 [  86   11]]
acc: 0.953
f1: 0.188
8,37,coarse : 36.59 seconds
8,37,fine : 36.6 seconds
[[1647  266]
 [  24   73]]
acc: 0.856
f1: 0.335
[[1905    8]
 [  85   12]]
acc: 0.954
f1: 0.205
8,38,coarse : 37.08 seconds
8,38,fine : 37.08 seconds
[[1649  264]
 [  24   73]]
acc: 0.857
f1: 0.336
[[1904    9]
 [  86   11]]
acc: 0.953
f1: 0.188
8,39,coarse : 38.5 seconds
8,39,fine : 38.51 seconds
[[1649  264]
 [  24   73]]
acc: 0.857
f1: 0.336
[[1904    9]
 [  86   11]]
acc: 0.953
f1: 0.188
8,40,coarse : 39.55 seconds
8,40,fine : 39.56 seconds
[[1651  262]
 [  24   73]]
acc: 0.858
f1: 0.338
[[1904    9]
 [  84   13]]
acc: 0.954
f1: 0.218
8,41,coarse : 37.4 seconds
8,41,fine : 37.41 seconds
[[1651  262]
 [  24   73]]
acc: 0.858
f1: 0.338
[[1903   10]
 [  84   13]]
acc: 0.953
f1: 0.217
8,42,coarse : 36.95 seconds
8,42,fine : 36.96 seconds
[[1646  267]
 [  23   74]]
acc: 0.856
f1: 0.338
[[1902   11]
 [  84   13]]
acc: 0.953
f1: 0.215
8,43,coarse : 37.95 seconds
8,43,fine : 37.95 seconds
[[1646  267]
 [  22   75]]
acc: 0.856
f1: 0.342
[[1902   11]
 [  84   13]]
acc: 0.953
f1: 0.215
8,44,coarse : 37.32 seconds
8,44,fine : 37.33 seconds
[[1648  265]
 [  23   74]]
acc: 0.857
f1: 0.339
[[1902   11]
 [  83   14]]
acc: 0.953
f1: 0.230
8,45,coarse : 38.0 seconds
8,45,fine : 38.01 seconds
[[1647  266]
 [  24   73]]
acc: 0.856
f1: 0.335
[[1902   11]
 [  83   14]]
acc: 0.953
f1: 0.230
8,46,coarse : 36.97 seconds
8,46,fine : 36.97 seconds
[[1644  269]
 [  24   73]]
acc: 0.854
f1: 0.333
[[1903   10]
 [  84   13]]
acc: 0.953
f1: 0.217
8,47,coarse : 37.86 seconds
8,47,fine : 37.87 seconds
[[1644  269]
 [  24   73]]
acc: 0.854
f1: 0.333
[[1902   11]
 [  84   13]]
acc: 0.953
f1: 0.215
8,48,coarse : 36.94 seconds
8,48,fine : 36.94 seconds
[[1646  267]
 [  24   73]]
acc: 0.855
f1: 0.334
[[1903   10]
 [  82   15]]
acc: 0.954
f1: 0.246
8,49,coarse : 37.23 seconds
8,49,fine : 37.23 seconds
[[1648  265]
 [  23   74]]
acc: 0.857
f1: 0.339
[[1903   10]
 [  82   15]]
acc: 0.954
f1: 0.246
8,50,coarse : 42.13 seconds
8,50,fine : 42.14 seconds
[[1652  261]
 [  24   73]]
acc: 0.858
f1: 0.339
[[1902   11]
 [  82   15]]
acc: 0.954
f1: 0.244
8,51,coarse : 36.88 seconds
8,51,fine : 36.89 seconds
[[1649  264]
 [  23   74]]
acc: 0.857
f1: 0.340
[[1903   10]
 [  82   15]]
acc: 0.954
f1: 0.246
8,52,coarse : 37.31 seconds
8,52,fine : 37.32 seconds
[[1651  262]
 [  23   74]]
acc: 0.858
f1: 0.342
[[1901   12]
 [  81   16]]
acc: 0.954
f1: 0.256
8,53,coarse : 37.44 seconds
8,53,fine : 37.45 seconds
[[1652  261]
 [  24   73]]
acc: 0.858
f1: 0.339
[[1900   13]
 [  81   16]]
acc: 0.953
f1: 0.254
8,54,coarse : 36.77 seconds
8,54,fine : 36.78 seconds
[[1656  257]
 [  23   74]]
acc: 0.861
f1: 0.346
[[1900   13]
 [  81   16]]
acc: 0.953
f1: 0.254
8,55,coarse : 41.9 seconds
8,55,fine : 41.9 seconds
[[1653  260]
 [  24   73]]
acc: 0.859
f1: 0.340
[[1898   15]
 [  81   16]]
acc: 0.952
f1: 0.250
8,56,coarse : 39.86 seconds
8,56,fine : 39.86 seconds
[[1655  258]
 [  24   73]]
acc: 0.860
f1: 0.341
[[1897   16]
 [  81   16]]
acc: 0.952
f1: 0.248
8,57,coarse : 37.44 seconds
8,57,fine : 37.45 seconds
[[1651  262]
 [  24   73]]
acc: 0.858
f1: 0.338
[[1897   16]
 [  81   16]]
acc: 0.952
f1: 0.248
8,58,coarse : 37.17 seconds
8,58,fine : 37.18 seconds
[[1650  263]
 [  25   72]]
acc: 0.857
f1: 0.333
[[1897   16]
 [  81   16]]
acc: 0.952
f1: 0.248
8,59,coarse : 36.73 seconds
8,59,fine : 36.94 seconds
[[1651  262]
 [  25   72]]
acc: 0.857
f1: 0.334
[[1896   17]
 [  81   16]]
acc: 0.951
f1: 0.246
8,60,coarse : 37.23 seconds
8,60,fine : 37.24 seconds
[[1651  262]
 [  24   73]]
acc: 0.858
f1: 0.338
[[1896   17]
 [  81   16]]
acc: 0.951
f1: 0.246
8,61,coarse : 36.98 seconds
8,61,fine : 36.99 seconds
[[1650  263]
 [  24   73]]
acc: 0.857
f1: 0.337
[[1896   17]
 [  81   16]]
acc: 0.951
f1: 0.246
8,62,coarse : 38.62 seconds
8,62,fine : 38.63 seconds
[[1653  260]
 [  24   73]]
acc: 0.859
f1: 0.340
[[1895   18]
 [  81   16]]
acc: 0.951
f1: 0.244
8,63,coarse : 37.33 seconds
8,63,fine : 37.33 seconds
[[1650  263]
 [  24   73]]
acc: 0.857
f1: 0.337
[[1895   18]
 [  81   16]]
acc: 0.951
f1: 0.244
8,64,coarse : 37.62 seconds
8,64,fine : 37.63 seconds
[[1650  263]
 [  24   73]]
acc: 0.857
f1: 0.337
[[1895   18]
 [  81   16]]
acc: 0.951
f1: 0.244
8,65,coarse : 36.84 seconds
8,65,fine : 36.85 seconds
[[1652  261]
 [  24   73]]
acc: 0.858
f1: 0.339
[[1894   19]
 [  81   16]]
acc: 0.950
f1: 0.242
8,66,coarse : 38.41 seconds
8,66,fine : 38.42 seconds
[[1655  258]
 [  24   73]]
acc: 0.860
f1: 0.341
[[1893   20]
 [  81   16]]
acc: 0.950
f1: 0.241
8,67,coarse : 38.22 seconds
8,67,fine : 38.23 seconds
[[1646  267]
 [  23   74]]
acc: 0.856
f1: 0.338
[[1894   19]
 [  80   17]]
acc: 0.951
f1: 0.256
8,68,coarse : 38.15 seconds
8,68,fine : 38.16 seconds
[[1649  264]
 [  24   73]]
acc: 0.857
f1: 0.336
[[1893   20]
 [  80   17]]
acc: 0.950
f1: 0.254
8,69,coarse : 38.23 seconds
8,69,fine : 38.23 seconds
[[1649  264]
 [  24   73]]
acc: 0.857
f1: 0.336
[[1893   20]
 [  80   17]]
acc: 0.950
f1: 0.254
8,70,coarse : 38.49 seconds
8,70,fine : 38.5 seconds
[[1649  264]
 [  24   73]]
acc: 0.857
f1: 0.336
[[1893   20]
 [  80   17]]
acc: 0.950
f1: 0.254
8,71,coarse : 39.19 seconds
8,71,fine : 39.2 seconds
[[1651  262]
 [  24   73]]
acc: 0.858
f1: 0.338
[[1891   22]
 [  78   19]]
acc: 0.950
f1: 0.275
8,72,coarse : 37.84 seconds
8,72,fine : 37.85 seconds
[[1648  265]
 [  23   74]]
acc: 0.857
f1: 0.339
[[1891   22]
 [  77   20]]
acc: 0.951
f1: 0.288
8,73,coarse : 37.86 seconds
8,73,fine : 37.87 seconds
[[1648  265]
 [  23   74]]
acc: 0.857
f1: 0.339
[[1891   22]
 [  77   20]]
acc: 0.951
f1: 0.288
8,74,coarse : 39.39 seconds
8,74,fine : 39.4 seconds
[[1647  266]
 [  22   75]]
acc: 0.857
f1: 0.342
[[1891   22]
 [  77   20]]
acc: 0.951
f1: 0.288
8,75,coarse : 40.24 seconds
8,75,fine : 40.25 seconds
[[1652  261]
 [  22   75]]
acc: 0.859
f1: 0.346
[[1891   22]
 [  77   20]]
acc: 0.951
f1: 0.288
8,76,coarse : 39.29 seconds
8,76,fine : 39.3 seconds
[[1651  262]
 [  23   74]]
acc: 0.858
f1: 0.342
[[1891   22]
 [  77   20]]
acc: 0.951
f1: 0.288
8,77,coarse : 39.55 seconds
8,77,fine : 39.57 seconds
[[1652  261]
 [  23   74]]
acc: 0.859
f1: 0.343
[[1891   22]
 [  78   19]]
acc: 0.950
f1: 0.275
8,78,coarse : 36.61 seconds
8,78,fine : 36.62 seconds
[[1652  261]
 [  23   74]]
acc: 0.859
f1: 0.343
[[1891   22]
 [  78   19]]
acc: 0.950
f1: 0.275
8,79,coarse : 36.88 seconds
8,79,fine : 36.89 seconds
[[1652  261]
 [  24   73]]
acc: 0.858
f1: 0.339
[[1892   21]
 [  77   20]]
acc: 0.951
f1: 0.290
8,80,coarse : 38.5 seconds
8,80,fine : 38.51 seconds
[[1651  262]
 [  24   73]]
acc: 0.858
f1: 0.338
[[1892   21]
 [  78   19]]
acc: 0.951
f1: 0.277
8,81,coarse : 37.33 seconds
8,81,fine : 37.34 seconds
[[1650  263]
 [  25   72]]
acc: 0.857
f1: 0.333
[[1892   21]
 [  77   20]]
acc: 0.951
f1: 0.290
8,82,coarse : 37.73 seconds
8,82,fine : 37.74 seconds
[[1654  259]
 [  25   72]]
acc: 0.859
f1: 0.336
[[1891   22]
 [  77   20]]
acc: 0.951
f1: 0.288
8,83,coarse : 37.61 seconds
8,83,fine : 37.62 seconds
[[1649  264]
 [  24   73]]
acc: 0.857
f1: 0.336
[[1891   22]
 [  77   20]]
acc: 0.951
f1: 0.288
8,84,coarse : 36.2 seconds
8,84,fine : 36.21 seconds
[[1650  263]
 [  24   73]]
acc: 0.857
f1: 0.337
[[1890   23]
 [  76   21]]
acc: 0.951
f1: 0.298
8,85,coarse : 37.59 seconds
8,85,fine : 37.6 seconds
[[1649  264]
 [  23   74]]
acc: 0.857
f1: 0.340
[[1890   23]
 [  76   21]]
acc: 0.951
f1: 0.298
8,86,coarse : 38.08 seconds
8,86,fine : 38.09 seconds
[[1649  264]
 [  22   75]]
acc: 0.858
f1: 0.344
[[1889   24]
 [  76   21]]
acc: 0.950
f1: 0.296
8,87,coarse : 37.59 seconds
8,87,fine : 37.6 seconds
[[1648  265]
 [  23   74]]
acc: 0.857
f1: 0.339
[[1888   25]
 [  75   22]]
acc: 0.950
f1: 0.306
8,88,coarse : 37.16 seconds
8,88,fine : 37.17 seconds
[[1644  269]
 [  22   75]]
acc: 0.855
f1: 0.340
[[1888   25]
 [  74   23]]
acc: 0.951
f1: 0.317
8,89,coarse : 38.63 seconds
8,89,fine : 38.64 seconds
[[1641  272]
 [  24   73]]
acc: 0.853
f1: 0.330
[[1887   26]
 [  74   23]]
acc: 0.950
f1: 0.315
8,90,coarse : 37.89 seconds
8,90,fine : 37.9 seconds
[[1641  272]
 [  23   74]]
acc: 0.853
f1: 0.334
[[1886   27]
 [  73   24]]
acc: 0.950
f1: 0.324
8,91,coarse : 37.14 seconds
8,91,fine : 37.16 seconds
[[1641  272]
 [  23   74]]
acc: 0.853
f1: 0.334
[[1886   27]
 [  73   24]]
acc: 0.950
f1: 0.324
8,92,coarse : 38.41 seconds
8,92,fine : 38.42 seconds
[[1639  274]
 [  23   74]]
acc: 0.852
f1: 0.333
[[1884   29]
 [  73   24]]
acc: 0.949
f1: 0.320
8,93,coarse : 37.61 seconds
8,93,fine : 37.62 seconds
[[1641  272]
 [  22   75]]
acc: 0.854
f1: 0.338
[[1881   32]
 [  73   24]]
acc: 0.948
f1: 0.314
8,94,coarse : 38.34 seconds
8,94,fine : 38.35 seconds
[[1637  276]
 [  22   75]]
acc: 0.852
f1: 0.335
[[1880   33]
 [  73   24]]
acc: 0.947
f1: 0.312
8,95,coarse : 37.26 seconds
8,95,fine : 37.27 seconds
[[1636  277]
 [  22   75]]
acc: 0.851
f1: 0.334
[[1880   33]
 [  72   25]]
acc: 0.948
f1: 0.323
8,96,coarse : 38.83 seconds
8,96,fine : 38.84 seconds
[[1636  277]
 [  22   75]]
acc: 0.851
f1: 0.334
[[1880   33]
 [  70   27]]
acc: 0.949
f1: 0.344
8,97,coarse : 39.07 seconds
8,97,fine : 39.08 seconds
[[1637  276]
 [  22   75]]
acc: 0.852
f1: 0.335
[[1880   33]
 [  70   27]]
acc: 0.949
f1: 0.344
8,98,coarse : 39.07 seconds
8,98,fine : 39.08 seconds
[[1632  281]
 [  22   75]]
acc: 0.849
f1: 0.331
[[1880   33]
 [  70   27]]
acc: 0.949
f1: 0.344
8,99,coarse : 38.64 seconds
8,99,fine : 38.65 seconds
[[1633  280]
 [  23   74]]
acc: 0.849
f1: 0.328
[[1880   33]
 [  70   27]]
acc: 0.949
f1: 0.344
8,100,coarse : 40.6 seconds
8,100,fine : 40.61 seconds
[[1633  280]
 [  23   74]]
acc: 0.849
f1: 0.328
[[1879   34]
 [  71   26]]
acc: 0.948
f1: 0.331
8,101,coarse : 37.56 seconds
8,101,fine : 37.57 seconds
[[1632  281]
 [  23   74]]
acc: 0.849
f1: 0.327
[[1879   34]
 [  71   26]]
acc: 0.948
f1: 0.331
8,102,coarse : 38.96 seconds
8,102,fine : 38.98 seconds
[[1634  279]
 [  22   75]]
acc: 0.850
f1: 0.333
[[1877   36]
 [  71   26]]
acc: 0.947
f1: 0.327
8,103,coarse : 39.57 seconds
8,103,fine : 39.59 seconds
[[1632  281]
 [  22   75]]
acc: 0.849
f1: 0.331
[[1875   38]
 [  71   26]]
acc: 0.946
f1: 0.323
8,104,coarse : 39.26 seconds
8,104,fine : 39.28 seconds
[[1630  283]
 [  22   75]]
acc: 0.848
f1: 0.330
[[1875   38]
 [  70   27]]
acc: 0.946
f1: 0.333
8,105,coarse : 38.89 seconds
8,105,fine : 38.9 seconds
[[1633  280]
 [  22   75]]
acc: 0.850
f1: 0.332
[[1874   39]
 [  70   27]]
acc: 0.946
f1: 0.331
8,106,coarse : 38.39 seconds
8,106,fine : 38.4 seconds
[[1632  281]
 [  22   75]]
acc: 0.849
f1: 0.331
[[1874   39]
 [  70   27]]
acc: 0.946
f1: 0.331
8,107,coarse : 38.35 seconds
8,107,fine : 38.36 seconds
[[1631  282]
 [  22   75]]
acc: 0.849
f1: 0.330
[[1871   42]
 [  69   28]]
acc: 0.945
f1: 0.335
8,108,coarse : 38.84 seconds
8,108,fine : 38.85 seconds
[[1628  285]
 [  22   75]]
acc: 0.847
f1: 0.328
[[1872   41]
 [  69   28]]
acc: 0.945
f1: 0.337
8,109,coarse : 37.87 seconds
8,109,fine : 37.89 seconds
[[1629  284]
 [  22   75]]
acc: 0.848
f1: 0.329
[[1873   40]
 [  70   27]]
acc: 0.945
f1: 0.329
8,110,coarse : 39.23 seconds
8,110,fine : 39.28 seconds
[[1623  290]
 [  21   76]]
acc: 0.845
f1: 0.328
[[1871   42]
 [  70   27]]
acc: 0.944
f1: 0.325
8,111,coarse : 38.56 seconds
8,111,fine : 38.58 seconds
[[1622  291]
 [  21   76]]
acc: 0.845
f1: 0.328
[[1871   42]
 [  70   27]]
acc: 0.944
f1: 0.325
8,112,coarse : 38.69 seconds
8,112,fine : 38.73 seconds
[[1622  291]
 [  21   76]]
acc: 0.845
f1: 0.328
[[1870   43]
 [  70   27]]
acc: 0.944
f1: 0.323
8,113,coarse : 38.42 seconds
8,113,fine : 38.43 seconds
[[1621  292]
 [  21   76]]
acc: 0.844
f1: 0.327
[[1870   43]
 [  69   28]]
acc: 0.944
f1: 0.333
8,114,coarse : 38.75 seconds
8,114,fine : 38.76 seconds
[[1622  291]
 [  21   76]]
acc: 0.845
f1: 0.328
[[1870   43]
 [  68   29]]
acc: 0.945
f1: 0.343
8,115,coarse : 39.46 seconds
8,115,fine : 39.47 seconds
[[1621  292]
 [  21   76]]
acc: 0.844
f1: 0.327
[[1869   44]
 [  67   30]]
acc: 0.945
f1: 0.351
8,116,coarse : 39.03 seconds
8,116,fine : 39.05 seconds
[[1623  290]
 [  22   75]]
acc: 0.845
f1: 0.325
[[1871   42]
 [  66   31]]
acc: 0.946
f1: 0.365
8,117,coarse : 38.99 seconds
8,117,fine : 39.01 seconds
[[1623  290]
 [  21   76]]
acc: 0.845
f1: 0.328
[[1870   43]
 [  65   32]]
acc: 0.946
f1: 0.372
8,118,coarse : 39.83 seconds
8,118,fine : 39.84 seconds
[[1623  290]
 [  22   75]]
acc: 0.845
f1: 0.325
[[1869   44]
 [  65   32]]
acc: 0.946
f1: 0.370
8,119,coarse : 39.58 seconds
8,119,fine : 39.6 seconds
[[1622  291]
 [  21   76]]
acc: 0.845
f1: 0.328
[[1869   44]
 [  65   32]]
acc: 0.946
f1: 0.370
8,120,coarse : 39.23 seconds
8,120,fine : 39.25 seconds
[[1612  301]
 [  21   76]]
acc: 0.840
f1: 0.321
[[1869   44]
 [  65   32]]
acc: 0.946
f1: 0.370
8,121,coarse : 38.48 seconds
8,121,fine : 38.49 seconds
[[1614  299]
 [  21   76]]
acc: 0.841
f1: 0.322
[[1866   47]
 [  65   32]]
acc: 0.944
f1: 0.364
8,122,coarse : 39.49 seconds
8,122,fine : 39.5 seconds
[[1617  296]
 [  21   76]]
acc: 0.842
f1: 0.324
[[1866   47]
 [  65   32]]
acc: 0.944
f1: 0.364
8,123,coarse : 39.66 seconds
8,123,fine : 39.68 seconds
[[1618  295]
 [  22   75]]
acc: 0.842
f1: 0.321
[[1865   48]
 [  65   32]]
acc: 0.944
f1: 0.362
8,124,coarse : 40.92 seconds
8,124,fine : 40.93 seconds
[[1614  299]
 [  22   75]]
acc: 0.840
f1: 0.318
[[1866   47]
 [  64   33]]
acc: 0.945
f1: 0.373
8,125,coarse : 41.52 seconds
8,125,fine : 41.54 seconds
[[1613  300]
 [  22   75]]
acc: 0.840
f1: 0.318
[[1866   47]
 [  64   33]]
acc: 0.945
f1: 0.373
8,126,coarse : 40.37 seconds
8,126,fine : 40.38 seconds
[[1611  302]
 [  22   75]]
acc: 0.839
f1: 0.316
[[1864   49]
 [  65   32]]
acc: 0.943
f1: 0.360
8,127,coarse : 39.46 seconds
8,127,fine : 39.48 seconds
[[1611  302]
 [  22   75]]
acc: 0.839
f1: 0.316
[[1865   48]
 [  64   33]]
acc: 0.944
f1: 0.371
8,128,coarse : 40.39 seconds
8,128,fine : 40.41 seconds
[[1610  303]
 [  21   76]]
acc: 0.839
f1: 0.319
[[1863   50]
 [  64   33]]
acc: 0.943
f1: 0.367
8,129,coarse : 41.47 seconds
8,129,fine : 41.49 seconds
[[1610  303]
 [  21   76]]
acc: 0.839
f1: 0.319
[[1863   50]
 [  64   33]]
acc: 0.943
f1: 0.367
8,130,coarse : 41.06 seconds
8,130,fine : 41.07 seconds
[[1605  308]
 [  22   75]]
acc: 0.836
f1: 0.312
[[1863   50]
 [  64   33]]
acc: 0.943
f1: 0.367
8,131,coarse : 41.06 seconds
8,131,fine : 41.08 seconds
[[1607  306]
 [  22   75]]
acc: 0.837
f1: 0.314
[[1863   50]
 [  64   33]]
acc: 0.943
f1: 0.367
8,132,coarse : 40.68 seconds
8,132,fine : 40.7 seconds
[[1604  309]
 [  21   76]]
acc: 0.836
f1: 0.315
[[1862   51]
 [  64   33]]
acc: 0.943
f1: 0.365
8,133,coarse : 41.06 seconds
8,133,fine : 41.07 seconds
[[1601  312]
 [  21   76]]
acc: 0.834
f1: 0.313
[[1862   51]
 [  64   33]]
acc: 0.943
f1: 0.365
8,134,coarse : 42.57 seconds
8,134,fine : 42.59 seconds
[[1602  311]
 [  20   77]]
acc: 0.835
f1: 0.318
[[1861   52]
 [  63   34]]
acc: 0.943
f1: 0.372
8,135,coarse : 41.59 seconds
8,135,fine : 41.61 seconds
[[1604  309]
 [  21   76]]
acc: 0.836
f1: 0.315
[[1859   54]
 [  64   33]]
acc: 0.941
f1: 0.359
8,136,coarse : 39.77 seconds
8,136,fine : 39.78 seconds
[[1603  310]
 [  20   77]]
acc: 0.836
f1: 0.318
[[1860   53]
 [  62   35]]
acc: 0.943
f1: 0.378
8,137,coarse : 40.54 seconds
8,137,fine : 40.55 seconds
[[1598  315]
 [  20   77]]
acc: 0.833
f1: 0.315
[[1859   54]
 [  62   35]]
acc: 0.942
f1: 0.376
8,138,coarse : 39.65 seconds
8,138,fine : 39.66 seconds
[[1599  314]
 [  20   77]]
acc: 0.834
f1: 0.316
[[1859   54]
 [  62   35]]
acc: 0.942
f1: 0.376
8,139,coarse : 41.19 seconds
8,139,fine : 41.21 seconds
[[1600  313]
 [  20   77]]
acc: 0.834
f1: 0.316
[[1858   55]
 [  62   35]]
acc: 0.942
f1: 0.374
8,140,coarse : 42.58 seconds
8,140,fine : 42.59 seconds
[[1601  312]
 [  20   77]]
acc: 0.835
f1: 0.317
[[1858   55]
 [  62   35]]
acc: 0.942
f1: 0.374
8,141,coarse : 41.4 seconds
8,141,fine : 41.42 seconds
[[1601  312]
 [  20   77]]
acc: 0.835
f1: 0.317
[[1856   57]
 [  62   35]]
acc: 0.941
f1: 0.370
8,142,coarse : 40.48 seconds
8,142,fine : 40.5 seconds
[[1598  315]
 [  20   77]]
acc: 0.833
f1: 0.315
[[1855   58]
 [  61   36]]
acc: 0.941
f1: 0.377
8,143,coarse : 41.01 seconds
8,143,fine : 41.02 seconds
[[1595  318]
 [  21   76]]
acc: 0.831
f1: 0.310
[[1854   59]
 [  62   35]]
acc: 0.940
f1: 0.366
8,144,coarse : 40.85 seconds
8,144,fine : 40.87 seconds
[[1596  317]
 [  21   76]]
acc: 0.832
f1: 0.310
[[1853   60]
 [  61   36]]
acc: 0.940
f1: 0.373
8,145,coarse : 41.0 seconds
8,145,fine : 41.02 seconds
[[1592  321]
 [  20   77]]
acc: 0.830
f1: 0.311
[[1851   62]
 [  61   36]]
acc: 0.939
f1: 0.369
8,146,coarse : 42.51 seconds
8,146,fine : 42.53 seconds
[[1588  325]
 [  19   78]]
acc: 0.829
f1: 0.312
[[1850   63]
 [  62   35]]
acc: 0.938
f1: 0.359
8,147,coarse : 42.05 seconds
8,147,fine : 42.06 seconds
[[1588  325]
 [  19   78]]
acc: 0.829
f1: 0.312
[[1848   65]
 [  61   36]]
acc: 0.937
f1: 0.364
8,148,coarse : 42.16 seconds
8,148,fine : 42.18 seconds
[[1586  327]
 [  19   78]]
acc: 0.828
f1: 0.311
[[1848   65]
 [  61   36]]
acc: 0.937
f1: 0.364
8,149,coarse : 43.28 seconds
8,149,fine : 43.3 seconds
[[1585  328]
 [  19   78]]
acc: 0.827
f1: 0.310
[[1847   66]
 [  61   36]]
acc: 0.937
f1: 0.362
8,150,coarse : 44.97 seconds
8,150,fine : 44.98 seconds
[[1583  330]
 [  19   78]]
acc: 0.826
f1: 0.309
[[1846   67]
 [  61   36]]
acc: 0.936
f1: 0.360
8,151,coarse : 43.4 seconds
8,151,fine : 43.41 seconds
[[1579  334]
 [  19   78]]
acc: 0.824
f1: 0.306
[[1846   67]
 [  61   36]]
acc: 0.936
f1: 0.360
8,152,coarse : 43.47 seconds
8,152,fine : 43.49 seconds
[[1577  336]
 [  19   78]]
acc: 0.823
f1: 0.305
[[1843   70]
 [  61   36]]
acc: 0.935
f1: 0.355
8,153,coarse : 45.47 seconds
8,153,fine : 45.49 seconds
[[1575  338]
 [  19   78]]
acc: 0.822
f1: 0.304
[[1843   70]
 [  61   36]]
acc: 0.935
f1: 0.355
8,154,coarse : 42.13 seconds
8,154,fine : 42.14 seconds
[[1576  337]
 [  19   78]]
acc: 0.823
f1: 0.305
[[1842   71]
 [  61   36]]
acc: 0.934
f1: 0.353
8,155,coarse : 42.96 seconds
8,155,fine : 42.97 seconds
[[1575  338]
 [  19   78]]
acc: 0.822
f1: 0.304
[[1842   71]
 [  61   36]]
acc: 0.934
f1: 0.353
8,156,coarse : 45.5 seconds
8,156,fine : 45.52 seconds
[[1573  340]
 [  19   78]]
acc: 0.821
f1: 0.303
[[1842   71]
 [  61   36]]
acc: 0.934
f1: 0.353
8,157,coarse : 46.51 seconds
8,157,fine : 46.53 seconds
[[1573  340]
 [  19   78]]
acc: 0.821
f1: 0.303
[[1842   71]
 [  61   36]]
acc: 0.934
f1: 0.353
8,158,coarse : 46.84 seconds
8,158,fine : 46.85 seconds
[[1572  341]
 [  19   78]]
acc: 0.821
f1: 0.302
[[1841   72]
 [  61   36]]
acc: 0.934
f1: 0.351
8,159,coarse : 42.46 seconds
8,159,fine : 42.47 seconds
[[1570  343]
 [  19   78]]
acc: 0.820
f1: 0.301
[[1841   72]
 [  60   37]]
acc: 0.934
f1: 0.359
8,160,coarse : 43.64 seconds
8,160,fine : 43.66 seconds
[[1569  344]
 [  19   78]]
acc: 0.819
f1: 0.301
[[1840   73]
 [  59   38]]
acc: 0.934
f1: 0.365
8,161,coarse : 42.54 seconds
8,161,fine : 42.55 seconds
[[1569  344]
 [  19   78]]
acc: 0.819
f1: 0.301
[[1840   73]
 [  59   38]]
acc: 0.934
f1: 0.365
8,162,coarse : 42.68 seconds
8,162,fine : 42.7 seconds
[[1567  346]
 [  19   78]]
acc: 0.818
f1: 0.299
[[1841   72]
 [  59   38]]
acc: 0.935
f1: 0.367
8,163,coarse : 43.01 seconds
8,163,fine : 43.03 seconds
[[1572  341]
 [  19   78]]
acc: 0.821
f1: 0.302
[[1840   73]
 [  59   38]]
acc: 0.934
f1: 0.365
8,164,coarse : 42.64 seconds
8,164,fine : 42.65 seconds
[[1572  341]
 [  19   78]]
acc: 0.821
f1: 0.302
[[1840   73]
 [  59   38]]
acc: 0.934
f1: 0.365
8,165,coarse : 43.61 seconds
8,165,fine : 43.63 seconds
[[1569  344]
 [  19   78]]
acc: 0.819
f1: 0.301
[[1839   74]
 [  59   38]]
acc: 0.934
f1: 0.364
8,166,coarse : 43.39 seconds
8,166,fine : 43.41 seconds
[[1566  347]
 [  19   78]]
acc: 0.818
f1: 0.299
[[1839   74]
 [  57   40]]
acc: 0.935
f1: 0.379
8,167,coarse : 42.85 seconds
8,167,fine : 42.87 seconds
[[1568  345]
 [  18   79]]
acc: 0.819
f1: 0.303
[[1839   74]
 [  57   40]]
acc: 0.935
f1: 0.379
8,168,coarse : 43.93 seconds
8,168,fine : 43.95 seconds
[[1568  345]
 [  18   79]]
acc: 0.819
f1: 0.303
[[1838   75]
 [  57   40]]
acc: 0.934
f1: 0.377
8,169,coarse : 42.82 seconds
8,169,fine : 42.84 seconds
[[1566  347]
 [  19   78]]
acc: 0.818
f1: 0.299
[[1838   75]
 [  57   40]]
acc: 0.934
f1: 0.377
8,170,coarse : 44.04 seconds
8,170,fine : 44.06 seconds
[[1566  347]
 [  19   78]]
acc: 0.818
f1: 0.299
[[1838   75]
 [  57   40]]
acc: 0.934
f1: 0.377
8,171,coarse : 44.56 seconds
8,171,fine : 44.58 seconds
[[1556  357]
 [  18   79]]
acc: 0.813
f1: 0.296
[[1839   74]
 [  57   40]]
acc: 0.935
f1: 0.379
8,172,coarse : 44.08 seconds
8,172,fine : 44.1 seconds
