all           0      1    2    3    4    5    6    7    8    
1      2010   1914   1    19   32   19   1    11   6    7    
2      2010   1914   1    19   32   19   1    11   6    7    
3      2010   1914   1    19   32   19   1    11   5    8    
4      2010   1914   1    19   32   19   1    10   6    8    
5      2010   1914   1    18   33   19   1    10   6    8    
6      2010   1914   1    18   33   19   1    10   6    8    
7      2010   1913   2    18   33   19   1    10   6    8    
8      2010   1913   2    18   33   19   1    10   6    8    
9      2009   1913   2    18   32   19   2    10   6    7    
10     2009   1913   1    19   32   19   1    11   6    7    
Total  20098  19136  13   185  324  190  11   104  59   76   
train         0      1    2    3    4    5    6    7    8    
1      2010   1914   1    19   32   19   1    11   6    7    
3      2010   1914   1    19   32   19   1    11   5    8    
4      2010   1914   1    19   32   19   1    10   6    8    
5      2010   1914   1    18   33   19   1    10   6    8    
6      2010   1914   1    18   33   19   1    10   6    8    
7      2010   1913   2    18   33   19   1    10   6    8    
8      2010   1913   2    18   33   19   1    10   6    8    
9      2009   1913   2    18   32   19   2    10   6    7    
10     2009   1913   1    19   32   19   1    11   6    7    
Total  18088  17222  12   166  292  171  10   93   53   69   
test          0      1    2    3    4    5    6    7    8    
2      2010   1914   1    19   32   19   1    11   6    7    
Total  2010   1914   1    19   32   19   1    11   6    7    
Classes             
0         17222     
1         12        
2         166       
3         292       
4         171       
5         10        
6         93        
7         53        
8         69        
Total     18088     

Shape: 450       

[952, 10, 11, 16, 11, 10, 10, 10, 10]
Sum start => 1040
[[1396  518]
 [  25   71]]
acc: 0.730
f1: 0.207
[[1863   51]
 [  84   12]]
acc: 0.933
f1: 0.151
2,1,coarse : 40.33 seconds
2,1,fine : 40.34 seconds
[[1396  518]
 [  25   71]]
acc: 0.730
f1: 0.207
[[1863   51]
 [  84   12]]
acc: 0.933
f1: 0.151
2,2,coarse : 41.67 seconds
2,2,fine : 41.67 seconds
[[1438  476]
 [  24   72]]
acc: 0.751
f1: 0.224
[[1903   11]
 [  92    4]]
acc: 0.949
f1: 0.072
2,3,coarse : 37.73 seconds
2,3,fine : 37.74 seconds
[[1493  421]
 [  25   71]]
acc: 0.778
f1: 0.241
[[1911    3]
 [  95    1]]
acc: 0.951
f1: 0.020
2,4,coarse : 37.7 seconds
2,4,fine : 37.71 seconds
[[1525  389]
 [  26   70]]
acc: 0.794
f1: 0.252
[[1906    8]
 [  92    4]]
acc: 0.950
f1: 0.074
2,5,coarse : 38.33 seconds
2,5,fine : 38.34 seconds
[[1557  357]
 [  27   69]]
acc: 0.809
f1: 0.264
[[1909    5]
 [  93    3]]
acc: 0.951
f1: 0.058
2,6,coarse : 37.87 seconds
2,6,fine : 37.91 seconds
[[1577  337]
 [  27   69]]
acc: 0.819
f1: 0.275
[[1908    6]
 [  93    3]]
acc: 0.951
f1: 0.057
2,7,coarse : 37.82 seconds
2,7,fine : 37.84 seconds
[[1592  322]
 [  28   68]]
acc: 0.826
f1: 0.280
[[1906    8]
 [  93    3]]
acc: 0.950
f1: 0.056
2,8,coarse : 38.36 seconds
2,8,fine : 38.37 seconds
[[1593  321]
 [  28   68]]
acc: 0.826
f1: 0.280
[[1906    8]
 [  89    7]]
acc: 0.952
f1: 0.126
2,9,coarse : 37.32 seconds
2,9,fine : 37.32 seconds
[[1603  311]
 [  27   69]]
acc: 0.832
f1: 0.290
[[1905    9]
 [  90    6]]
acc: 0.951
f1: 0.108
2,10,coarse : 37.43 seconds
2,10,fine : 37.44 seconds
[[1608  306]
 [  27   69]]
acc: 0.834
f1: 0.293
[[1906    8]
 [  91    5]]
acc: 0.951
f1: 0.092
2,11,coarse : 38.36 seconds
2,11,fine : 38.38 seconds
[[1619  295]
 [  29   67]]
acc: 0.839
f1: 0.293
[[1906    8]
 [  91    5]]
acc: 0.951
f1: 0.092
2,12,coarse : 37.41 seconds
2,12,fine : 37.41 seconds
[[1617  297]
 [  28   68]]
acc: 0.838
f1: 0.295
[[1906    8]
 [  91    5]]
acc: 0.951
f1: 0.092
2,13,coarse : 37.35 seconds
2,13,fine : 37.35 seconds
[[1622  292]
 [  29   67]]
acc: 0.840
f1: 0.295
[[1907    7]
 [  92    4]]
acc: 0.951
f1: 0.075
2,14,coarse : 38.27 seconds
2,14,fine : 38.28 seconds
[[1627  287]
 [  29   67]]
acc: 0.843
f1: 0.298
[[1907    7]
 [  92    4]]
acc: 0.951
f1: 0.075
2,15,coarse : 37.12 seconds
2,15,fine : 37.12 seconds
[[1631  283]
 [  29   67]]
acc: 0.845
f1: 0.300
[[1908    6]
 [  91    5]]
acc: 0.952
f1: 0.093
2,16,coarse : 37.18 seconds
2,16,fine : 37.19 seconds
[[1630  284]
 [  28   68]]
acc: 0.845
f1: 0.304
[[1908    6]
 [  91    5]]
acc: 0.952
f1: 0.093
2,17,coarse : 37.92 seconds
2,17,fine : 38.13 seconds
[[1636  278]
 [  28   68]]
acc: 0.848
f1: 0.308
[[1907    7]
 [  91    5]]
acc: 0.951
f1: 0.093
2,18,coarse : 37.12 seconds
2,18,fine : 37.12 seconds
[[1647  267]
 [  27   69]]
acc: 0.854
f1: 0.319
[[1908    6]
 [  90    6]]
acc: 0.952
f1: 0.111
2,19,coarse : 37.04 seconds
2,19,fine : 37.04 seconds
[[1647  267]
 [  28   68]]
acc: 0.853
f1: 0.316
[[1908    6]
 [  90    6]]
acc: 0.952
f1: 0.111
2,20,coarse : 37.87 seconds
2,20,fine : 37.88 seconds
[[1654  260]
 [  28   68]]
acc: 0.857
f1: 0.321
[[1908    6]
 [  90    6]]
acc: 0.952
f1: 0.111
2,21,coarse : 36.97 seconds
2,21,fine : 37.07 seconds
[[1659  255]
 [  27   69]]
acc: 0.860
f1: 0.329
[[1907    7]
 [  90    6]]
acc: 0.952
f1: 0.110
2,22,coarse : 37.04 seconds
2,22,fine : 37.05 seconds
[[1660  254]
 [  28   68]]
acc: 0.860
f1: 0.325
[[1908    6]
 [  90    6]]
acc: 0.952
f1: 0.111
2,23,coarse : 37.5 seconds
2,23,fine : 37.5 seconds
[[1660  254]
 [  28   68]]
acc: 0.860
f1: 0.325
[[1907    7]
 [  89    7]]
acc: 0.952
f1: 0.127
2,24,coarse : 37.0 seconds
2,24,fine : 37.02 seconds
[[1670  244]
 [  26   70]]
acc: 0.866
f1: 0.341
[[1906    8]
 [  90    6]]
acc: 0.951
f1: 0.109
2,25,coarse : 36.82 seconds
2,25,fine : 36.84 seconds
[[1669  245]
 [  26   70]]
acc: 0.865
f1: 0.341
[[1907    7]
 [  89    7]]
acc: 0.952
f1: 0.127
2,26,coarse : 37.28 seconds
2,26,fine : 37.3 seconds
[[1669  245]
 [  26   70]]
acc: 0.865
f1: 0.341
[[1907    7]
 [  89    7]]
acc: 0.952
f1: 0.127
2,27,coarse : 36.73 seconds
2,27,fine : 36.75 seconds
[[1662  252]
 [  27   69]]
acc: 0.861
f1: 0.331
[[1907    7]
 [  89    7]]
acc: 0.952
f1: 0.127
2,28,coarse : 36.68 seconds
2,28,fine : 36.69 seconds
[[1667  247]
 [  27   69]]
acc: 0.864
f1: 0.335
[[1908    6]
 [  89    7]]
acc: 0.953
f1: 0.128
2,29,coarse : 37.85 seconds
2,29,fine : 37.86 seconds
[[1673  241]
 [  26   70]]
acc: 0.867
f1: 0.344
[[1907    7]
 [  88    8]]
acc: 0.953
f1: 0.144
2,30,coarse : 37.17 seconds
2,30,fine : 37.18 seconds
[[1677  237]
 [  26   70]]
acc: 0.869
f1: 0.347
[[1908    6]
 [  87    9]]
acc: 0.954
f1: 0.162
2,31,coarse : 37.82 seconds
2,31,fine : 37.83 seconds
[[1678  236]
 [  26   70]]
acc: 0.870
f1: 0.348
[[1907    7]
 [  87    9]]
acc: 0.953
f1: 0.161
2,32,coarse : 36.65 seconds
2,32,fine : 36.65 seconds
[[1678  236]
 [  27   69]]
acc: 0.869
f1: 0.344
[[1907    7]
 [  86   10]]
acc: 0.954
f1: 0.177
2,33,coarse : 37.96 seconds
2,33,fine : 37.97 seconds
[[1683  231]
 [  29   67]]
acc: 0.871
f1: 0.340
[[1907    7]
 [  85   11]]
acc: 0.954
f1: 0.193
2,34,coarse : 38.21 seconds
2,34,fine : 38.21 seconds
[[1667  247]
 [  27   69]]
acc: 0.864
f1: 0.335
[[1907    7]
 [  85   11]]
acc: 0.954
f1: 0.193
2,35,coarse : 37.85 seconds
2,35,fine : 37.86 seconds
[[1674  240]
 [  27   69]]
acc: 0.867
f1: 0.341
[[1907    7]
 [  85   11]]
acc: 0.954
f1: 0.193
2,36,coarse : 38.72 seconds
2,36,fine : 38.72 seconds
[[1676  238]
 [  28   68]]
acc: 0.868
f1: 0.338
[[1907    7]
 [  85   11]]
acc: 0.954
f1: 0.193
2,37,coarse : 38.16 seconds
2,37,fine : 38.17 seconds
[[1679  235]
 [  28   68]]
acc: 0.869
f1: 0.341
[[1906    8]
 [  85   11]]
acc: 0.954
f1: 0.191
2,38,coarse : 37.92 seconds
2,38,fine : 37.94 seconds
[[1668  246]
 [  27   69]]
acc: 0.864
f1: 0.336
[[1907    7]
 [  84   12]]
acc: 0.955
f1: 0.209
2,39,coarse : 37.65 seconds
2,39,fine : 37.66 seconds
[[1665  249]
 [  28   68]]
acc: 0.862
f1: 0.329
[[1905    9]
 [  84   12]]
acc: 0.954
f1: 0.205
2,40,coarse : 37.69 seconds
2,40,fine : 37.69 seconds
[[1671  243]
 [  28   68]]
acc: 0.865
f1: 0.334
[[1905    9]
 [  84   12]]
acc: 0.954
f1: 0.205
2,41,coarse : 37.17 seconds
2,41,fine : 37.18 seconds
[[1663  251]
 [  27   69]]
acc: 0.862
f1: 0.332
[[1904   10]
 [  84   12]]
acc: 0.953
f1: 0.203
2,42,coarse : 37.3 seconds
2,42,fine : 37.32 seconds
[[1660  254]
 [  26   70]]
acc: 0.861
f1: 0.333
[[1904   10]
 [  84   12]]
acc: 0.953
f1: 0.203
2,43,coarse : 38.68 seconds
2,43,fine : 38.69 seconds
[[1665  249]
 [  26   70]]
acc: 0.863
f1: 0.337
[[1902   12]
 [  84   12]]
acc: 0.952
f1: 0.200
2,44,coarse : 37.28 seconds
2,44,fine : 37.29 seconds
[[1668  246]
 [  26   70]]
acc: 0.865
f1: 0.340
[[1902   12]
 [  84   12]]
acc: 0.952
f1: 0.200
2,45,coarse : 37.82 seconds
2,45,fine : 37.83 seconds
[[1667  247]
 [  26   70]]
acc: 0.864
f1: 0.339
[[1901   13]
 [  84   12]]
acc: 0.952
f1: 0.198
2,46,coarse : 37.53 seconds
2,46,fine : 37.53 seconds
[[1668  246]
 [  26   70]]
acc: 0.865
f1: 0.340
[[1902   12]
 [  82   14]]
acc: 0.953
f1: 0.230
2,47,coarse : 38.47 seconds
2,47,fine : 38.48 seconds
[[1673  241]
 [  26   70]]
acc: 0.867
f1: 0.344
[[1901   13]
 [  81   15]]
acc: 0.953
f1: 0.242
2,48,coarse : 37.75 seconds
2,48,fine : 37.76 seconds
[[1673  241]
 [  26   70]]
acc: 0.867
f1: 0.344
[[1902   12]
 [  80   16]]
acc: 0.954
f1: 0.258
2,49,coarse : 37.81 seconds
2,49,fine : 37.83 seconds
[[1667  247]
 [  26   70]]
acc: 0.864
f1: 0.339
[[1901   13]
 [  80   16]]
acc: 0.954
f1: 0.256
2,50,coarse : 39.24 seconds
2,50,fine : 39.25 seconds
[[1664  250]
 [  26   70]]
acc: 0.863
f1: 0.337
[[1899   15]
 [  80   16]]
acc: 0.953
f1: 0.252
2,51,coarse : 36.93 seconds
2,51,fine : 36.94 seconds
[[1665  249]
 [  26   70]]
acc: 0.863
f1: 0.337
[[1899   15]
 [  80   16]]
acc: 0.953
f1: 0.252
2,52,coarse : 36.76 seconds
2,52,fine : 36.77 seconds
[[1667  247]
 [  27   69]]
acc: 0.864
f1: 0.335
[[1899   15]
 [  80   16]]
acc: 0.953
f1: 0.252
2,53,coarse : 37.41 seconds
2,53,fine : 37.43 seconds
[[1668  246]
 [  26   70]]
acc: 0.865
f1: 0.340
[[1895   19]
 [  80   16]]
acc: 0.951
f1: 0.244
2,54,coarse : 36.92 seconds
2,54,fine : 36.92 seconds
[[1662  252]
 [  27   69]]
acc: 0.861
f1: 0.331
[[1895   19]
 [  80   16]]
acc: 0.951
f1: 0.244
2,55,coarse : 37.14 seconds
2,55,fine : 37.16 seconds
[[1663  251]
 [  28   68]]
acc: 0.861
f1: 0.328
[[1895   19]
 [  80   16]]
acc: 0.951
f1: 0.244
2,56,coarse : 37.17 seconds
2,56,fine : 37.18 seconds
[[1668  246]
 [  27   69]]
acc: 0.864
f1: 0.336
[[1894   20]
 [  81   15]]
acc: 0.950
f1: 0.229
2,57,coarse : 37.8 seconds
2,57,fine : 37.8 seconds
[[1667  247]
 [  27   69]]
acc: 0.864
f1: 0.335
[[1894   20]
 [  81   15]]
acc: 0.950
f1: 0.229
2,58,coarse : 37.07 seconds
2,58,fine : 37.07 seconds
[[1668  246]
 [  27   69]]
acc: 0.864
f1: 0.336
[[1893   21]
 [  80   16]]
acc: 0.950
f1: 0.241
2,59,coarse : 36.7 seconds
2,59,fine : 36.71 seconds
[[1664  250]
 [  27   69]]
acc: 0.862
f1: 0.333
[[1894   20]
 [  80   16]]
acc: 0.950
f1: 0.242
2,60,coarse : 36.7 seconds
2,60,fine : 36.71 seconds
[[1669  245]
 [  27   69]]
acc: 0.865
f1: 0.337
[[1894   20]
 [  80   16]]
acc: 0.950
f1: 0.242
2,61,coarse : 36.95 seconds
2,61,fine : 36.97 seconds
[[1666  248]
 [  27   69]]
acc: 0.863
f1: 0.334
[[1894   20]
 [  80   16]]
acc: 0.950
f1: 0.242
2,62,coarse : 37.41 seconds
2,62,fine : 37.42 seconds
[[1671  243]
 [  27   69]]
acc: 0.866
f1: 0.338
[[1893   21]
 [  80   16]]
acc: 0.950
f1: 0.241
2,63,coarse : 37.06 seconds
2,63,fine : 37.08 seconds
[[1665  249]
 [  28   68]]
acc: 0.862
f1: 0.329
[[1892   22]
 [  79   17]]
acc: 0.950
f1: 0.252
2,64,coarse : 36.91 seconds
2,64,fine : 36.92 seconds
[[1666  248]
 [  28   68]]
acc: 0.863
f1: 0.330
[[1892   22]
 [  79   17]]
acc: 0.950
f1: 0.252
2,65,coarse : 37.14 seconds
2,65,fine : 37.16 seconds
[[1664  250]
 [  27   69]]
acc: 0.862
f1: 0.333
[[1891   23]
 [  79   17]]
acc: 0.949
f1: 0.250
2,66,coarse : 37.38 seconds
2,66,fine : 37.4 seconds
[[1664  250]
 [  27   69]]
acc: 0.862
f1: 0.333
[[1890   24]
 [  79   17]]
acc: 0.949
f1: 0.248
2,67,coarse : 36.68 seconds
2,67,fine : 36.7 seconds
[[1664  250]
 [  27   69]]
acc: 0.862
f1: 0.333
[[1890   24]
 [  79   17]]
acc: 0.949
f1: 0.248
2,68,coarse : 36.87 seconds
2,68,fine : 36.88 seconds
[[1661  253]
 [  26   70]]
acc: 0.861
f1: 0.334
[[1890   24]
 [  78   18]]
acc: 0.949
f1: 0.261
2,69,coarse : 36.9 seconds
2,69,fine : 36.92 seconds
[[1661  253]
 [  28   68]]
acc: 0.860
f1: 0.326
[[1890   24]
 [  77   19]]
acc: 0.950
f1: 0.273
2,70,coarse : 37.14 seconds
2,70,fine : 37.16 seconds
[[1654  260]
 [  28   68]]
acc: 0.857
f1: 0.321
[[1889   25]
 [  77   19]]
acc: 0.949
f1: 0.271
2,71,coarse : 37.95 seconds
2,71,fine : 37.96 seconds
[[1656  258]
 [  27   69]]
acc: 0.858
f1: 0.326
[[1889   25]
 [  77   19]]
acc: 0.949
f1: 0.271
2,72,coarse : 36.87 seconds
2,72,fine : 36.88 seconds
[[1661  253]
 [  27   69]]
acc: 0.861
f1: 0.330
[[1889   25]
 [  77   19]]
acc: 0.949
f1: 0.271
2,73,coarse : 37.04 seconds
2,73,fine : 37.05 seconds
[[1663  251]
 [  27   69]]
acc: 0.862
f1: 0.332
[[1889   25]
 [  77   19]]
acc: 0.949
f1: 0.271
2,74,coarse : 37.04 seconds
2,74,fine : 37.05 seconds
[[1664  250]
 [  27   69]]
acc: 0.862
f1: 0.333
[[1890   24]
 [  77   19]]
acc: 0.950
f1: 0.273
2,75,coarse : 37.48 seconds
2,75,fine : 37.49 seconds
[[1662  252]
 [  28   68]]
acc: 0.861
f1: 0.327
[[1890   24]
 [  77   19]]
acc: 0.950
f1: 0.273
2,76,coarse : 37.09 seconds
2,76,fine : 37.11 seconds
[[1661  253]
 [  28   68]]
acc: 0.860
f1: 0.326
[[1889   25]
 [  76   20]]
acc: 0.950
f1: 0.284
2,77,coarse : 36.68 seconds
2,77,fine : 36.69 seconds
[[1661  253]
 [  28   68]]
acc: 0.860
f1: 0.326
[[1889   25]
 [  74   22]]
acc: 0.951
f1: 0.308
2,78,coarse : 36.79 seconds
2,78,fine : 36.81 seconds
[[1659  255]
 [  28   68]]
acc: 0.859
f1: 0.325
[[1889   25]
 [  74   22]]
acc: 0.951
f1: 0.308
2,79,coarse : 36.55 seconds
2,79,fine : 36.56 seconds
[[1660  254]
 [  28   68]]
acc: 0.860
f1: 0.325
[[1888   26]
 [  74   22]]
acc: 0.950
f1: 0.306
2,80,coarse : 37.56 seconds
2,80,fine : 37.58 seconds
[[1655  259]
 [  28   68]]
acc: 0.857
f1: 0.322
[[1887   27]
 [  74   22]]
acc: 0.950
f1: 0.303
2,81,coarse : 36.08 seconds
2,81,fine : 36.09 seconds
[[1657  257]
 [  28   68]]
acc: 0.858
f1: 0.323
[[1887   27]
 [  74   22]]
acc: 0.950
f1: 0.303
2,82,coarse : 36.37 seconds
2,82,fine : 36.38 seconds
[[1654  260]
 [  28   68]]
acc: 0.857
f1: 0.321
[[1887   27]
 [  74   22]]
acc: 0.950
f1: 0.303
2,83,coarse : 36.83 seconds
2,83,fine : 36.84 seconds
[[1646  268]
 [  28   68]]
acc: 0.853
f1: 0.315
[[1887   27]
 [  74   22]]
acc: 0.950
f1: 0.303
2,84,coarse : 36.66 seconds
2,84,fine : 36.87 seconds
[[1646  268]
 [  27   69]]
acc: 0.853
f1: 0.319
[[1885   29]
 [  74   22]]
acc: 0.949
f1: 0.299
2,85,coarse : 37.19 seconds
2,85,fine : 37.21 seconds
[[1647  267]
 [  28   68]]
acc: 0.853
f1: 0.316
[[1885   29]
 [  74   22]]
acc: 0.949
f1: 0.299
2,86,coarse : 37.53 seconds
2,86,fine : 37.54 seconds
[[1646  268]
 [  27   69]]
acc: 0.853
f1: 0.319
[[1882   32]
 [  75   21]]
acc: 0.947
f1: 0.282
2,87,coarse : 37.53 seconds
2,87,fine : 37.54 seconds
[[1643  271]
 [  27   69]]
acc: 0.852
f1: 0.317
[[1882   32]
 [  74   22]]
acc: 0.947
f1: 0.293
2,88,coarse : 36.99 seconds
2,88,fine : 37.0 seconds
[[1644  270]
 [  27   69]]
acc: 0.852
f1: 0.317
[[1884   30]
 [  74   22]]
acc: 0.948
f1: 0.297
2,89,coarse : 37.38 seconds
2,89,fine : 37.39 seconds
[[1644  270]
 [  27   69]]
acc: 0.852
f1: 0.317
[[1883   31]
 [  74   22]]
acc: 0.948
f1: 0.295
2,90,coarse : 37.13 seconds
2,90,fine : 37.15 seconds
[[1644  270]
 [  26   70]]
acc: 0.853
f1: 0.321
[[1882   32]
 [  74   22]]
acc: 0.947
f1: 0.293
2,91,coarse : 37.78 seconds
2,91,fine : 37.79 seconds
[[1642  272]
 [  27   69]]
acc: 0.851
f1: 0.316
[[1880   34]
 [  73   23]]
acc: 0.947
f1: 0.301
2,92,coarse : 37.75 seconds
2,92,fine : 37.76 seconds
[[1641  273]
 [  26   70]]
acc: 0.851
f1: 0.319
[[1878   36]
 [  73   23]]
acc: 0.946
f1: 0.297
2,93,coarse : 36.59 seconds
2,93,fine : 36.61 seconds
[[1639  275]
 [  25   71]]
acc: 0.851
f1: 0.321
[[1878   36]
 [  73   23]]
acc: 0.946
f1: 0.297
2,94,coarse : 36.81 seconds
2,94,fine : 36.82 seconds
[[1637  277]
 [  25   71]]
acc: 0.850
f1: 0.320
[[1878   36]
 [  72   24]]
acc: 0.946
f1: 0.308
2,95,coarse : 36.75 seconds
2,95,fine : 36.77 seconds
[[1636  278]
 [  25   71]]
acc: 0.849
f1: 0.319
[[1875   39]
 [  72   24]]
acc: 0.945
f1: 0.302
2,96,coarse : 37.25 seconds
2,96,fine : 37.27 seconds
[[1636  278]
 [  25   71]]
acc: 0.849
f1: 0.319
[[1874   40]
 [  72   24]]
acc: 0.944
f1: 0.300
2,97,coarse : 36.9 seconds
2,97,fine : 36.91 seconds
[[1638  276]
 [  25   71]]
acc: 0.850
f1: 0.321
[[1873   41]
 [  72   24]]
acc: 0.944
f1: 0.298
2,98,coarse : 37.85 seconds
2,98,fine : 37.87 seconds
[[1638  276]
 [  26   70]]
acc: 0.850
f1: 0.317
[[1871   43]
 [  71   25]]
acc: 0.943
f1: 0.305
2,99,coarse : 37.15 seconds
2,99,fine : 37.16 seconds
[[1637  277]
 [  26   70]]
acc: 0.849
f1: 0.316
[[1873   41]
 [  72   24]]
acc: 0.944
f1: 0.298
2,100,coarse : 38.98 seconds
2,100,fine : 38.99 seconds
[[1634  280]
 [  26   70]]
acc: 0.848
f1: 0.314
[[1873   41]
 [  71   25]]
acc: 0.944
f1: 0.309
2,101,coarse : 36.84 seconds
2,101,fine : 36.87 seconds
[[1635  279]
 [  26   70]]
acc: 0.848
f1: 0.315
[[1873   41]
 [  71   25]]
acc: 0.944
f1: 0.309
2,102,coarse : 38.53 seconds
2,102,fine : 38.54 seconds
[[1634  280]
 [  26   70]]
acc: 0.848
f1: 0.314
[[1873   41]
 [  70   26]]
acc: 0.945
f1: 0.319
2,103,coarse : 37.36 seconds
2,103,fine : 37.37 seconds
[[1631  283]
 [  25   71]]
acc: 0.847
f1: 0.316
[[1872   42]
 [  70   26]]
acc: 0.944
f1: 0.317
2,104,coarse : 37.26 seconds
2,104,fine : 37.27 seconds
[[1634  280]
 [  25   71]]
acc: 0.848
f1: 0.318
[[1872   42]
 [  70   26]]
acc: 0.944
f1: 0.317
2,105,coarse : 37.29 seconds
2,105,fine : 37.31 seconds
[[1634  280]
 [  25   71]]
acc: 0.848
f1: 0.318
[[1872   42]
 [  70   26]]
acc: 0.944
f1: 0.317
2,106,coarse : 37.55 seconds
2,106,fine : 37.57 seconds
[[1631  283]
 [  25   71]]
acc: 0.847
f1: 0.316
[[1872   42]
 [  70   26]]
acc: 0.944
f1: 0.317
2,107,coarse : 37.37 seconds
2,107,fine : 37.39 seconds
[[1630  284]
 [  25   71]]
acc: 0.846
f1: 0.315
[[1872   42]
 [  70   26]]
acc: 0.944
f1: 0.317
2,108,coarse : 37.35 seconds
2,108,fine : 37.36 seconds
[[1629  285]
 [  25   71]]
acc: 0.846
f1: 0.314
[[1872   42]
 [  69   27]]
acc: 0.945
f1: 0.327
2,109,coarse : 37.57 seconds
2,109,fine : 37.59 seconds
[[1632  282]
 [  25   71]]
acc: 0.847
f1: 0.316
[[1872   42]
 [  70   26]]
acc: 0.944
f1: 0.317
2,110,coarse : 38.11 seconds
2,110,fine : 38.13 seconds
[[1629  285]
 [  25   71]]
acc: 0.846
f1: 0.314
[[1872   42]
 [  69   27]]
acc: 0.945
f1: 0.327
2,111,coarse : 37.74 seconds
2,111,fine : 37.75 seconds
[[1627  287]
 [  24   72]]
acc: 0.845
f1: 0.316
[[1872   42]
 [  68   28]]
acc: 0.945
f1: 0.337
2,112,coarse : 37.26 seconds
2,112,fine : 37.27 seconds
[[1627  287]
 [  24   72]]
acc: 0.845
f1: 0.316
[[1871   43]
 [  66   30]]
acc: 0.946
f1: 0.355
2,113,coarse : 37.64 seconds
2,113,fine : 37.65 seconds
[[1627  287]
 [  24   72]]
acc: 0.845
f1: 0.316
[[1870   44]
 [  66   30]]
acc: 0.945
f1: 0.353
2,114,coarse : 37.84 seconds
2,114,fine : 37.86 seconds
[[1628  286]
 [  24   72]]
acc: 0.846
f1: 0.317
[[1869   45]
 [  66   30]]
acc: 0.945
f1: 0.351
2,115,coarse : 38.8 seconds
2,115,fine : 38.82 seconds
[[1626  288]
 [  25   71]]
acc: 0.844
f1: 0.312
[[1866   48]
 [  64   32]]
acc: 0.944
f1: 0.364
2,116,coarse : 38.15 seconds
2,116,fine : 38.17 seconds
[[1623  291]
 [  25   71]]
acc: 0.843
f1: 0.310
[[1866   48]
 [  66   30]]
acc: 0.943
f1: 0.345
2,117,coarse : 38.49 seconds
2,117,fine : 38.51 seconds
[[1621  293]
 [  25   71]]
acc: 0.842
f1: 0.309
[[1864   50]
 [  64   32]]
acc: 0.943
f1: 0.360
2,118,coarse : 38.28 seconds
2,118,fine : 38.29 seconds
[[1621  293]
 [  25   71]]
acc: 0.842
f1: 0.309
[[1864   50]
 [  63   33]]
acc: 0.944
f1: 0.369
2,119,coarse : 37.94 seconds
2,119,fine : 37.96 seconds
[[1620  294]
 [  26   70]]
acc: 0.841
f1: 0.304
[[1865   49]
 [  62   34]]
acc: 0.945
f1: 0.380
2,120,coarse : 38.18 seconds
2,120,fine : 38.2 seconds
[[1619  295]
 [  24   72]]
acc: 0.841
f1: 0.311
[[1865   49]
 [  62   34]]
acc: 0.945
f1: 0.380
2,121,coarse : 38.34 seconds
2,121,fine : 38.36 seconds
[[1619  295]
 [  25   71]]
acc: 0.841
f1: 0.307
[[1864   50]
 [  63   33]]
acc: 0.944
f1: 0.369
2,122,coarse : 38.57 seconds
2,122,fine : 38.6 seconds
[[1616  298]
 [  26   70]]
acc: 0.839
f1: 0.302
[[1863   51]
 [  63   33]]
acc: 0.943
f1: 0.367
2,123,coarse : 38.05 seconds
2,123,fine : 38.06 seconds
[[1614  300]
 [  26   70]]
acc: 0.838
f1: 0.300
[[1864   50]
 [  63   33]]
acc: 0.944
f1: 0.369
2,124,coarse : 39.0 seconds
2,124,fine : 39.01 seconds
[[1614  300]
 [  26   70]]
acc: 0.838
f1: 0.300
[[1863   51]
 [  63   33]]
acc: 0.943
f1: 0.367
2,125,coarse : 38.64 seconds
2,125,fine : 38.67 seconds
[[1618  296]
 [  27   69]]
acc: 0.839
f1: 0.299
[[1864   50]
 [  63   33]]
acc: 0.944
f1: 0.369
2,126,coarse : 38.95 seconds
2,126,fine : 38.98 seconds
[[1615  299]
 [  27   69]]
acc: 0.838
f1: 0.297
[[1864   50]
 [  63   33]]
acc: 0.944
f1: 0.369
2,127,coarse : 38.37 seconds
2,127,fine : 38.39 seconds
[[1616  298]
 [  27   69]]
acc: 0.838
f1: 0.298
[[1863   51]
 [  63   33]]
acc: 0.943
f1: 0.367
2,128,coarse : 38.57 seconds
2,128,fine : 38.59 seconds
[[1616  298]
 [  26   70]]
acc: 0.839
f1: 0.302
[[1862   52]
 [  63   33]]
acc: 0.943
f1: 0.365
2,129,coarse : 39.12 seconds
2,129,fine : 39.15 seconds
[[1616  298]
 [  26   70]]
acc: 0.839
f1: 0.302
[[1860   54]
 [  63   33]]
acc: 0.942
f1: 0.361
2,130,coarse : 39.35 seconds
2,130,fine : 39.38 seconds
[[1616  298]
 [  27   69]]
acc: 0.838
f1: 0.298
[[1860   54]
 [  63   33]]
acc: 0.942
f1: 0.361
2,131,coarse : 39.25 seconds
2,131,fine : 39.27 seconds
[[1616  298]
 [  27   69]]
acc: 0.838
f1: 0.298
[[1859   55]
 [  62   34]]
acc: 0.942
f1: 0.368
2,132,coarse : 39.26 seconds
2,132,fine : 39.29 seconds
[[1613  301]
 [  27   69]]
acc: 0.837
f1: 0.296
[[1856   58]
 [  61   35]]
acc: 0.941
f1: 0.370
2,133,coarse : 39.93 seconds
2,133,fine : 39.94 seconds
[[1612  302]
 [  27   69]]
acc: 0.836
f1: 0.296
[[1855   59]
 [  61   35]]
acc: 0.940
f1: 0.368
2,134,coarse : 39.6 seconds
2,134,fine : 39.61 seconds
[[1614  300]
 [  27   69]]
acc: 0.837
f1: 0.297
[[1856   58]
 [  61   35]]
acc: 0.941
f1: 0.370
2,135,coarse : 39.64 seconds
2,135,fine : 39.65 seconds
[[1609  305]
 [  27   69]]
acc: 0.835
f1: 0.294
[[1857   57]
 [  62   34]]
acc: 0.941
f1: 0.364
2,136,coarse : 39.42 seconds
2,136,fine : 39.44 seconds
[[1609  305]
 [  26   70]]
acc: 0.835
f1: 0.297
[[1858   56]
 [  61   35]]
acc: 0.942
f1: 0.374
2,137,coarse : 39.65 seconds
2,137,fine : 39.67 seconds
[[1606  308]
 [  26   70]]
acc: 0.834
f1: 0.295
[[1857   57]
 [  61   35]]
acc: 0.941
f1: 0.372
2,138,coarse : 39.91 seconds
2,138,fine : 39.93 seconds
[[1608  306]
 [  26   70]]
acc: 0.835
f1: 0.297
[[1857   57]
 [  61   35]]
acc: 0.941
f1: 0.372
2,139,coarse : 39.61 seconds
2,139,fine : 39.62 seconds
[[1610  304]
 [  26   70]]
acc: 0.836
f1: 0.298
[[1856   58]
 [  61   35]]
acc: 0.941
f1: 0.370
2,140,coarse : 39.2 seconds
2,140,fine : 39.22 seconds
[[1608  306]
 [  25   71]]
acc: 0.835
f1: 0.300
[[1857   57]
 [  61   35]]
acc: 0.941
f1: 0.372
2,141,coarse : 40.61 seconds
2,141,fine : 40.62 seconds
[[1602  312]
 [  25   71]]
acc: 0.832
f1: 0.296
[[1855   59]
 [  61   35]]
acc: 0.940
f1: 0.368
2,142,coarse : 39.81 seconds
2,142,fine : 39.82 seconds
[[1599  315]
 [  26   70]]
acc: 0.830
f1: 0.291
[[1855   59]
 [  61   35]]
acc: 0.940
f1: 0.368
2,143,coarse : 40.84 seconds
2,143,fine : 40.86 seconds
[[1603  311]
 [  26   70]]
acc: 0.832
f1: 0.294
[[1853   61]
 [  61   35]]
acc: 0.939
f1: 0.365
2,144,coarse : 40.81 seconds
2,144,fine : 40.83 seconds
[[1599  315]
 [  26   70]]
acc: 0.830
f1: 0.291
[[1855   59]
 [  60   36]]
acc: 0.941
f1: 0.377
2,145,coarse : 41.03 seconds
2,145,fine : 41.05 seconds
[[1593  321]
 [  24   72]]
acc: 0.828
f1: 0.294
[[1852   62]
 [  60   36]]
acc: 0.939
f1: 0.371
2,146,coarse : 39.92 seconds
2,146,fine : 39.95 seconds
[[1589  325]
 [  24   72]]
acc: 0.826
f1: 0.292
[[1851   63]
 [  60   36]]
acc: 0.939
f1: 0.369
2,147,coarse : 40.57 seconds
2,147,fine : 40.59 seconds
[[1588  326]
 [  24   72]]
acc: 0.826
f1: 0.291
[[1851   63]
 [  60   36]]
acc: 0.939
f1: 0.369
2,148,coarse : 41.42 seconds
2,148,fine : 41.45 seconds
[[1587  327]
 [  24   72]]
acc: 0.825
f1: 0.291
[[1851   63]
 [  59   37]]
acc: 0.939
f1: 0.378
2,149,coarse : 39.95 seconds
2,149,fine : 39.98 seconds
[[1588  326]
 [  24   72]]
acc: 0.826
f1: 0.291
[[1851   63]
 [  59   37]]
acc: 0.939
f1: 0.378
2,150,coarse : 43.82 seconds
2,150,fine : 43.83 seconds
[[1586  328]
 [  24   72]]
acc: 0.825
f1: 0.290
[[1851   63]
 [  58   38]]
acc: 0.940
f1: 0.386
2,151,coarse : 41.02 seconds
2,151,fine : 41.05 seconds
[[1584  330]
 [  25   71]]
acc: 0.823
f1: 0.286
[[1849   65]
 [  58   38]]
acc: 0.939
f1: 0.382
2,152,coarse : 40.88 seconds
2,152,fine : 40.9 seconds
[[1584  330]
 [  24   72]]
acc: 0.824
f1: 0.289
[[1849   65]
 [  58   38]]
acc: 0.939
f1: 0.382
2,153,coarse : 40.76 seconds
2,153,fine : 40.78 seconds
[[1582  332]
 [  24   72]]
acc: 0.823
f1: 0.288
[[1849   65]
 [  58   38]]
acc: 0.939
f1: 0.382
2,154,coarse : 41.87 seconds
2,154,fine : 41.9 seconds
[[1581  333]
 [  24   72]]
acc: 0.822
f1: 0.287
[[1849   65]
 [  58   38]]
acc: 0.939
f1: 0.382
2,155,coarse : 41.35 seconds
2,155,fine : 41.38 seconds
[[1580  334]
 [  24   72]]
acc: 0.822
f1: 0.287
[[1848   66]
 [  57   39]]
acc: 0.939
f1: 0.388
2,156,coarse : 41.35 seconds
2,156,fine : 41.37 seconds
[[1581  333]
 [  25   71]]
acc: 0.822
f1: 0.284
[[1847   67]
 [  57   39]]
acc: 0.938
f1: 0.386
2,157,coarse : 41.35 seconds
2,157,fine : 41.38 seconds
[[1580  334]
 [  25   71]]
acc: 0.821
f1: 0.283
[[1847   67]
 [  56   40]]
acc: 0.939
f1: 0.394
2,158,coarse : 40.81 seconds
2,158,fine : 40.83 seconds
[[1580  334]
 [  25   71]]
acc: 0.821
f1: 0.283
[[1847   67]
 [  56   40]]
acc: 0.939
f1: 0.394
2,159,coarse : 41.15 seconds
2,159,fine : 41.16 seconds
[[1576  338]
 [  25   71]]
acc: 0.819
f1: 0.281
[[1846   68]
 [  56   40]]
acc: 0.938
f1: 0.392
2,160,coarse : 41.0 seconds
2,160,fine : 41.03 seconds
[[1576  338]
 [  25   71]]
acc: 0.819
f1: 0.281
[[1848   66]
 [  58   38]]
acc: 0.938
f1: 0.380
2,161,coarse : 42.6 seconds
2,161,fine : 42.63 seconds
[[1577  337]
 [  25   71]]
acc: 0.820
f1: 0.282
[[1849   65]
 [  57   39]]
acc: 0.939
f1: 0.390
2,162,coarse : 41.89 seconds
2,162,fine : 41.91 seconds
[[1575  339]
 [  25   71]]
acc: 0.819
f1: 0.281
[[1848   66]
 [  57   39]]
acc: 0.939
f1: 0.388
2,163,coarse : 41.64 seconds
2,163,fine : 41.66 seconds
[[1574  340]
 [  25   71]]
acc: 0.818
f1: 0.280
[[1847   67]
 [  57   39]]
acc: 0.938
f1: 0.386
2,164,coarse : 42.07 seconds
2,164,fine : 42.1 seconds
[[1574  340]
 [  25   71]]
acc: 0.818
f1: 0.280
[[1846   68]
 [  56   40]]
acc: 0.938
f1: 0.392
2,165,coarse : 41.71 seconds
2,165,fine : 41.73 seconds
[[1571  343]
 [  25   71]]
acc: 0.817
f1: 0.278
[[1845   69]
 [  56   40]]
acc: 0.938
f1: 0.390
2,166,coarse : 41.63 seconds
2,166,fine : 41.66 seconds
[[1570  344]
 [  25   71]]
acc: 0.816
f1: 0.278
[[1844   70]
 [  56   40]]
acc: 0.937
f1: 0.388
2,167,coarse : 41.82 seconds
2,167,fine : 41.84 seconds
[[1572  342]
 [  24   72]]
acc: 0.818
f1: 0.282
[[1843   71]
 [  56   40]]
acc: 0.937
f1: 0.386
2,168,coarse : 42.35 seconds
2,168,fine : 42.38 seconds
[[1573  341]
 [  24   72]]
acc: 0.818
f1: 0.283
[[1842   72]
 [  56   40]]
acc: 0.936
f1: 0.385
2,169,coarse : 41.57 seconds
2,169,fine : 41.6 seconds
[[1571  343]
 [  24   72]]
acc: 0.817
f1: 0.282
[[1842   72]
 [  56   40]]
acc: 0.936
f1: 0.385
2,170,coarse : 43.2 seconds
2,170,fine : 43.22 seconds
[[1562  352]
 [  24   72]]
acc: 0.813
f1: 0.277
[[1841   73]
 [  56   40]]
acc: 0.936
f1: 0.383
2,171,coarse : 42.87 seconds
2,171,fine : 42.89 seconds
[[1561  353]
 [  24   72]]
acc: 0.812
f1: 0.276
[[1840   74]
 [  55   41]]
acc: 0.936
f1: 0.389
2,172,coarse : 42.38 seconds
2,172,fine : 42.4 seconds
