all           0      1    2    3    4    5    6    7    8    
1      2010   1914   1    19   32   19   1    11   6    7    
2      2010   1914   1    19   32   19   1    11   6    7    
3      2010   1914   1    19   32   19   1    11   5    8    
4      2010   1914   1    19   32   19   1    10   6    8    
5      2010   1914   1    18   33   19   1    10   6    8    
6      2010   1914   1    18   33   19   1    10   6    8    
7      2010   1913   2    18   33   19   1    10   6    8    
8      2010   1913   2    18   33   19   1    10   6    8    
9      2009   1913   2    18   32   19   2    10   6    7    
10     2009   1913   1    19   32   19   1    11   6    7    
Total  20098  19136  13   185  324  190  11   104  59   76   
train         0      1    2    3    4    5    6    7    8    
1      2010   1914   1    19   32   19   1    11   6    7    
2      2010   1914   1    19   32   19   1    11   6    7    
3      2010   1914   1    19   32   19   1    11   5    8    
5      2010   1914   1    18   33   19   1    10   6    8    
6      2010   1914   1    18   33   19   1    10   6    8    
7      2010   1913   2    18   33   19   1    10   6    8    
8      2010   1913   2    18   33   19   1    10   6    8    
9      2009   1913   2    18   32   19   2    10   6    7    
10     2009   1913   1    19   32   19   1    11   6    7    
Total  18088  17222  12   166  292  171  10   94   53   68   
test          0      1    2    3    4    5    6    7    8    
4      2010   1914   1    19   32   19   1    10   6    8    
Total  2010   1914   1    19   32   19   1    10   6    8    
Classes             
0         17222     
1         12        
2         166       
3         292       
4         171       
5         10        
6         94        
7         53        
8         68        
Total     18088     

Shape: 450       

[952, 10, 11, 16, 11, 10, 10, 10, 10]
Sum start => 1040
[[1436  478]
 [  19   77]]
acc: 0.753
f1: 0.237
[[1886   28]
 [  88    8]]
acc: 0.942
f1: 0.121
4,1,coarse : 40.36 seconds
4,1,fine : 40.37 seconds
[[1436  478]
 [  19   77]]
acc: 0.753
f1: 0.237
[[1886   28]
 [  88    8]]
acc: 0.942
f1: 0.121
4,2,coarse : 41.71 seconds
4,2,fine : 41.72 seconds
[[1480  434]
 [  21   75]]
acc: 0.774
f1: 0.248
[[1904   10]
 [  92    4]]
acc: 0.949
f1: 0.073
4,3,coarse : 38.27 seconds
4,3,fine : 38.29 seconds
[[1514  400]
 [  24   72]]
acc: 0.789
f1: 0.254
[[1907    7]
 [  94    2]]
acc: 0.950
f1: 0.038
4,4,coarse : 38.57 seconds
4,4,fine : 38.58 seconds
[[1536  378]
 [  28   68]]
acc: 0.798
f1: 0.251
[[1909    5]
 [  93    3]]
acc: 0.951
f1: 0.058
4,5,coarse : 38.86 seconds
4,5,fine : 38.86 seconds
[[1551  363]
 [  29   67]]
acc: 0.805
f1: 0.255
[[1910    4]
 [  89    7]]
acc: 0.954
f1: 0.131
4,6,coarse : 38.1 seconds
4,6,fine : 38.1 seconds
[[1571  343]
 [  30   66]]
acc: 0.814
f1: 0.261
[[1907    7]
 [  88    8]]
acc: 0.953
f1: 0.144
4,7,coarse : 37.71 seconds
4,7,fine : 37.72 seconds
[[1575  339]
 [  32   64]]
acc: 0.815
f1: 0.257
[[1908    6]
 [  87    9]]
acc: 0.954
f1: 0.162
4,8,coarse : 38.28 seconds
4,8,fine : 38.28 seconds
[[1590  324]
 [  32   64]]
acc: 0.823
f1: 0.264
[[1907    7]
 [  88    8]]
acc: 0.953
f1: 0.144
4,9,coarse : 36.94 seconds
4,9,fine : 36.95 seconds
[[1593  321]
 [  32   64]]
acc: 0.824
f1: 0.266
[[1908    6]
 [  87    9]]
acc: 0.954
f1: 0.162
4,10,coarse : 37.11 seconds
4,10,fine : 37.11 seconds
[[1597  317]
 [  30   66]]
acc: 0.827
f1: 0.276
[[1909    5]
 [  86   10]]
acc: 0.955
f1: 0.180
4,11,coarse : 37.56 seconds
4,11,fine : 37.58 seconds
[[1607  307]
 [  29   67]]
acc: 0.833
f1: 0.285
[[1908    6]
 [  85   11]]
acc: 0.955
f1: 0.195
4,12,coarse : 37.26 seconds
4,12,fine : 37.27 seconds
[[1620  294]
 [  31   65]]
acc: 0.838
f1: 0.286
[[1907    7]
 [  84   12]]
acc: 0.955
f1: 0.209
4,13,coarse : 37.28 seconds
4,13,fine : 37.28 seconds
[[1620  294]
 [  29   67]]
acc: 0.839
f1: 0.293
[[1909    5]
 [  85   11]]
acc: 0.955
f1: 0.196
4,14,coarse : 37.64 seconds
4,14,fine : 37.65 seconds
[[1616  298]
 [  28   68]]
acc: 0.838
f1: 0.294
[[1907    7]
 [  85   11]]
acc: 0.954
f1: 0.193
4,15,coarse : 36.91 seconds
4,15,fine : 36.92 seconds
[[1620  294]
 [  27   69]]
acc: 0.840
f1: 0.301
[[1907    7]
 [  84   12]]
acc: 0.955
f1: 0.209
4,16,coarse : 37.48 seconds
4,16,fine : 37.49 seconds
[[1626  288]
 [  25   71]]
acc: 0.844
f1: 0.312
[[1907    7]
 [  82   14]]
acc: 0.956
f1: 0.239
4,17,coarse : 37.63 seconds
4,17,fine : 37.64 seconds
[[1634  280]
 [  24   72]]
acc: 0.849
f1: 0.321
[[1908    6]
 [  83   13]]
acc: 0.956
f1: 0.226
4,18,coarse : 37.3 seconds
4,18,fine : 37.31 seconds
[[1635  279]
 [  25   71]]
acc: 0.849
f1: 0.318
[[1910    4]
 [  82   14]]
acc: 0.957
f1: 0.246
4,19,coarse : 37.61 seconds
4,19,fine : 37.62 seconds
[[1639  275]
 [  24   72]]
acc: 0.851
f1: 0.325
[[1909    5]
 [  82   14]]
acc: 0.957
f1: 0.243
4,20,coarse : 37.59 seconds
4,20,fine : 37.6 seconds
[[1640  274]
 [  25   71]]
acc: 0.851
f1: 0.322
[[1908    6]
 [  80   16]]
acc: 0.957
f1: 0.271
4,21,coarse : 37.13 seconds
4,21,fine : 37.14 seconds
[[1637  277]
 [  23   73]]
acc: 0.851
f1: 0.327
[[1907    7]
 [  80   16]]
acc: 0.957
f1: 0.269
4,22,coarse : 37.04 seconds
4,22,fine : 37.05 seconds
[[1646  268]
 [  22   74]]
acc: 0.856
f1: 0.338
[[1907    7]
 [  82   14]]
acc: 0.956
f1: 0.239
4,23,coarse : 37.68 seconds
4,23,fine : 37.7 seconds
[[1625  289]
 [  22   74]]
acc: 0.845
f1: 0.322
[[1907    7]
 [  80   16]]
acc: 0.957
f1: 0.269
4,24,coarse : 37.09 seconds
4,24,fine : 37.1 seconds
[[1623  291]
 [  20   76]]
acc: 0.845
f1: 0.328
[[1907    7]
 [  81   15]]
acc: 0.956
f1: 0.254
4,25,coarse : 36.61 seconds
4,25,fine : 36.61 seconds
[[1611  303]
 [  22   74]]
acc: 0.838
f1: 0.313
[[1907    7]
 [  80   16]]
acc: 0.957
f1: 0.269
4,26,coarse : 37.43 seconds
4,26,fine : 37.44 seconds
[[1615  299]
 [  23   73]]
acc: 0.840
f1: 0.312
[[1907    7]
 [  79   17]]
acc: 0.957
f1: 0.283
4,27,coarse : 36.56 seconds
4,27,fine : 36.56 seconds
[[1617  297]
 [  23   73]]
acc: 0.841
f1: 0.313
[[1907    7]
 [  79   17]]
acc: 0.957
f1: 0.283
4,28,coarse : 36.36 seconds
4,28,fine : 36.37 seconds
[[1622  292]
 [  22   74]]
acc: 0.844
f1: 0.320
[[1907    7]
 [  79   17]]
acc: 0.957
f1: 0.283
4,29,coarse : 37.4 seconds
4,29,fine : 37.41 seconds
[[1638  276]
 [  21   75]]
acc: 0.852
f1: 0.336
[[1907    7]
 [  80   16]]
acc: 0.957
f1: 0.269
4,30,coarse : 36.45 seconds
4,30,fine : 36.46 seconds
[[1630  284]
 [  21   75]]
acc: 0.848
f1: 0.330
[[1907    7]
 [  80   16]]
acc: 0.957
f1: 0.269
4,31,coarse : 36.61 seconds
4,31,fine : 36.62 seconds
[[1635  279]
 [  21   75]]
acc: 0.851
f1: 0.333
[[1907    7]
 [  79   17]]
acc: 0.957
f1: 0.283
4,32,coarse : 36.61 seconds
4,32,fine : 36.63 seconds
[[1634  280]
 [  19   77]]
acc: 0.851
f1: 0.340
[[1907    7]
 [  79   17]]
acc: 0.957
f1: 0.283
4,33,coarse : 37.4 seconds
4,33,fine : 37.4 seconds
[[1634  280]
 [  21   75]]
acc: 0.850
f1: 0.333
[[1905    9]
 [  79   17]]
acc: 0.956
f1: 0.279
4,34,coarse : 36.77 seconds
4,34,fine : 36.78 seconds
[[1634  280]
 [  22   74]]
acc: 0.850
f1: 0.329
[[1905    9]
 [  79   17]]
acc: 0.956
f1: 0.279
4,35,coarse : 36.72 seconds
4,35,fine : 36.73 seconds
[[1635  279]
 [  22   74]]
acc: 0.850
f1: 0.330
[[1905    9]
 [  79   17]]
acc: 0.956
f1: 0.279
4,36,coarse : 37.39 seconds
4,36,fine : 37.4 seconds
[[1635  279]
 [  21   75]]
acc: 0.851
f1: 0.333
[[1905    9]
 [  79   17]]
acc: 0.956
f1: 0.279
4,37,coarse : 36.88 seconds
4,37,fine : 36.89 seconds
[[1636  278]
 [  22   74]]
acc: 0.851
f1: 0.330
[[1904   10]
 [  79   17]]
acc: 0.956
f1: 0.276
4,38,coarse : 36.85 seconds
4,38,fine : 36.86 seconds
[[1637  277]
 [  21   75]]
acc: 0.852
f1: 0.335
[[1904   10]
 [  79   17]]
acc: 0.956
f1: 0.276
4,39,coarse : 36.76 seconds
4,39,fine : 36.77 seconds
[[1634  280]
 [  20   76]]
acc: 0.851
f1: 0.336
[[1904   10]
 [  79   17]]
acc: 0.956
f1: 0.276
4,40,coarse : 37.46 seconds
4,40,fine : 37.47 seconds
[[1633  281]
 [  22   74]]
acc: 0.849
f1: 0.328
[[1903   11]
 [  79   17]]
acc: 0.955
f1: 0.274
4,41,coarse : 36.75 seconds
4,41,fine : 36.77 seconds
[[1635  279]
 [  22   74]]
acc: 0.850
f1: 0.330
[[1903   11]
 [  79   17]]
acc: 0.955
f1: 0.274
4,42,coarse : 36.49 seconds
4,42,fine : 36.5 seconds
[[1637  277]
 [  22   74]]
acc: 0.851
f1: 0.331
[[1903   11]
 [  79   17]]
acc: 0.955
f1: 0.274
4,43,coarse : 37.1 seconds
4,43,fine : 37.1 seconds
[[1636  278]
 [  23   73]]
acc: 0.850
f1: 0.327
[[1903   11]
 [  79   17]]
acc: 0.955
f1: 0.274
4,44,coarse : 36.6 seconds
4,44,fine : 36.61 seconds
[[1638  276]
 [  22   74]]
acc: 0.852
f1: 0.332
[[1903   11]
 [  79   17]]
acc: 0.955
f1: 0.274
4,45,coarse : 36.82 seconds
4,45,fine : 36.83 seconds
[[1637  277]
 [  23   73]]
acc: 0.851
f1: 0.327
[[1902   12]
 [  77   19]]
acc: 0.956
f1: 0.299
4,46,coarse : 36.72 seconds
4,46,fine : 36.74 seconds
[[1635  279]
 [  23   73]]
acc: 0.850
f1: 0.326
[[1901   13]
 [  78   18]]
acc: 0.955
f1: 0.283
4,47,coarse : 37.3 seconds
4,47,fine : 37.31 seconds
[[1636  278]
 [  22   74]]
acc: 0.851
f1: 0.330
[[1900   14]
 [  77   19]]
acc: 0.955
f1: 0.295
4,48,coarse : 36.39 seconds
4,48,fine : 36.4 seconds
[[1635  279]
 [  22   74]]
acc: 0.850
f1: 0.330
[[1900   14]
 [  77   19]]
acc: 0.955
f1: 0.295
4,49,coarse : 36.29 seconds
4,49,fine : 36.31 seconds
[[1645  269]
 [  22   74]]
acc: 0.855
f1: 0.337
[[1900   14]
 [  76   20]]
acc: 0.955
f1: 0.308
4,50,coarse : 39.72 seconds
4,50,fine : 39.72 seconds
[[1637  277]
 [  22   74]]
acc: 0.851
f1: 0.331
[[1899   15]
 [  76   20]]
acc: 0.955
f1: 0.305
4,51,coarse : 37.01 seconds
4,51,fine : 37.02 seconds
[[1642  272]
 [  22   74]]
acc: 0.854
f1: 0.335
[[1899   15]
 [  75   21]]
acc: 0.955
f1: 0.318
4,52,coarse : 37.22 seconds
4,52,fine : 37.24 seconds
[[1643  271]
 [  22   74]]
acc: 0.854
f1: 0.336
[[1899   15]
 [  74   22]]
acc: 0.956
f1: 0.331
4,53,coarse : 37.59 seconds
4,53,fine : 37.6 seconds
[[1640  274]
 [  22   74]]
acc: 0.853
f1: 0.333
[[1899   15]
 [  73   23]]
acc: 0.956
f1: 0.343
4,54,coarse : 37.1 seconds
4,54,fine : 37.22 seconds
[[1640  274]
 [  23   73]]
acc: 0.852
f1: 0.330
[[1899   15]
 [  73   23]]
acc: 0.956
f1: 0.343
4,55,coarse : 36.87 seconds
4,55,fine : 36.89 seconds
[[1640  274]
 [  23   73]]
acc: 0.852
f1: 0.330
[[1899   15]
 [  73   23]]
acc: 0.956
f1: 0.343
4,56,coarse : 37.12 seconds
4,56,fine : 37.13 seconds
[[1644  270]
 [  23   73]]
acc: 0.854
f1: 0.333
[[1898   16]
 [  72   24]]
acc: 0.956
f1: 0.353
4,57,coarse : 37.7 seconds
4,57,fine : 37.7 seconds
[[1636  278]
 [  21   75]]
acc: 0.851
f1: 0.334
[[1898   16]
 [  71   25]]
acc: 0.957
f1: 0.365
4,58,coarse : 36.82 seconds
4,58,fine : 36.84 seconds
[[1642  272]
 [  21   75]]
acc: 0.854
f1: 0.339
[[1897   17]
 [  71   25]]
acc: 0.956
f1: 0.362
4,59,coarse : 36.81 seconds
4,59,fine : 36.83 seconds
[[1642  272]
 [  20   76]]
acc: 0.855
f1: 0.342
[[1895   19]
 [  71   25]]
acc: 0.955
f1: 0.357
4,60,coarse : 36.51 seconds
4,60,fine : 36.52 seconds
[[1646  268]
 [  20   76]]
acc: 0.857
f1: 0.345
[[1895   19]
 [  71   25]]
acc: 0.955
f1: 0.357
4,61,coarse : 37.48 seconds
4,61,fine : 37.48 seconds
[[1645  269]
 [  23   73]]
acc: 0.855
f1: 0.333
[[1897   17]
 [  69   27]]
acc: 0.957
f1: 0.386
4,62,coarse : 37.81 seconds
4,62,fine : 37.82 seconds
[[1644  270]
 [  22   74]]
acc: 0.855
f1: 0.336
[[1895   19]
 [  69   27]]
acc: 0.956
f1: 0.380
4,63,coarse : 37.56 seconds
4,63,fine : 37.57 seconds
[[1645  269]
 [  22   74]]
acc: 0.855
f1: 0.337
[[1893   21]
 [  69   27]]
acc: 0.955
f1: 0.375
4,64,coarse : 37.42 seconds
4,64,fine : 37.42 seconds
[[1647  267]
 [  21   75]]
acc: 0.857
f1: 0.342
[[1896   18]
 [  69   27]]
acc: 0.957
f1: 0.383
4,65,coarse : 37.74 seconds
4,65,fine : 37.75 seconds
[[1641  273]
 [  20   76]]
acc: 0.854
f1: 0.342
[[1894   20]
 [  69   27]]
acc: 0.956
f1: 0.378
4,66,coarse : 38.53 seconds
4,66,fine : 38.54 seconds
[[1640  274]
 [  21   75]]
acc: 0.853
f1: 0.337
[[1894   20]
 [  69   27]]
acc: 0.956
f1: 0.378
4,67,coarse : 37.74 seconds
4,67,fine : 37.74 seconds
[[1637  277]
 [  20   76]]
acc: 0.852
f1: 0.339
[[1894   20]
 [  69   27]]
acc: 0.956
f1: 0.378
4,68,coarse : 37.15 seconds
4,68,fine : 37.17 seconds
[[1637  277]
 [  20   76]]
acc: 0.852
f1: 0.339
[[1893   21]
 [  68   28]]
acc: 0.956
f1: 0.386
4,69,coarse : 37.54 seconds
4,69,fine : 37.55 seconds
[[1639  275]
 [  22   74]]
acc: 0.852
f1: 0.333
[[1894   20]
 [  67   29]]
acc: 0.957
f1: 0.400
4,70,coarse : 38.46 seconds
4,70,fine : 38.46 seconds
[[1633  281]
 [  21   75]]
acc: 0.850
f1: 0.332
[[1893   21]
 [  65   31]]
acc: 0.957
f1: 0.419
4,71,coarse : 37.65 seconds
4,71,fine : 37.65 seconds
[[1634  280]
 [  21   75]]
acc: 0.850
f1: 0.333
[[1891   23]
 [  67   29]]
acc: 0.955
f1: 0.392
4,72,coarse : 38.11 seconds
4,72,fine : 38.13 seconds
[[1633  281]
 [  19   77]]
acc: 0.851
f1: 0.339
[[1891   23]
 [  65   31]]
acc: 0.956
f1: 0.413
4,73,coarse : 37.92 seconds
4,73,fine : 37.94 seconds
[[1631  283]
 [  18   78]]
acc: 0.850
f1: 0.341
[[1891   23]
 [  65   31]]
acc: 0.956
f1: 0.413
4,74,coarse : 37.43 seconds
4,74,fine : 37.45 seconds
[[1631  283]
 [  18   78]]
acc: 0.850
f1: 0.341
[[1892   22]
 [  65   31]]
acc: 0.957
f1: 0.416
4,75,coarse : 38.39 seconds
4,75,fine : 38.4 seconds
[[1634  280]
 [  20   76]]
acc: 0.851
f1: 0.336
[[1892   22]
 [  64   32]]
acc: 0.957
f1: 0.427
4,76,coarse : 38.01 seconds
4,76,fine : 38.06 seconds
[[1630  284]
 [  19   77]]
acc: 0.849
f1: 0.337
[[1891   23]
 [  64   32]]
acc: 0.957
f1: 0.424
4,77,coarse : 37.65 seconds
4,77,fine : 37.67 seconds
[[1631  283]
 [  19   77]]
acc: 0.850
f1: 0.338
[[1891   23]
 [  64   32]]
acc: 0.957
f1: 0.424
4,78,coarse : 36.84 seconds
4,78,fine : 36.85 seconds
[[1629  285]
 [  20   76]]
acc: 0.848
f1: 0.333
[[1890   24]
 [  64   32]]
acc: 0.956
f1: 0.421
4,79,coarse : 37.26 seconds
4,79,fine : 37.27 seconds
[[1628  286]
 [  20   76]]
acc: 0.848
f1: 0.332
[[1890   24]
 [  64   32]]
acc: 0.956
f1: 0.421
4,80,coarse : 38.17 seconds
4,80,fine : 38.18 seconds
[[1634  280]
 [  19   77]]
acc: 0.851
f1: 0.340
[[1889   25]
 [  64   32]]
acc: 0.956
f1: 0.418
4,81,coarse : 37.08 seconds
4,81,fine : 37.09 seconds
[[1636  278]
 [  20   76]]
acc: 0.852
f1: 0.338
[[1887   27]
 [  64   32]]
acc: 0.955
f1: 0.413
4,82,coarse : 37.19 seconds
4,82,fine : 37.21 seconds
[[1637  277]
 [  20   76]]
acc: 0.852
f1: 0.339
[[1887   27]
 [  64   32]]
acc: 0.955
f1: 0.413
4,83,coarse : 38.04 seconds
4,83,fine : 38.05 seconds
[[1635  279]
 [  18   78]]
acc: 0.852
f1: 0.344
[[1887   27]
 [  64   32]]
acc: 0.955
f1: 0.413
4,84,coarse : 37.12 seconds
4,84,fine : 37.14 seconds
[[1636  278]
 [  19   77]]
acc: 0.852
f1: 0.341
[[1887   27]
 [  64   32]]
acc: 0.955
f1: 0.413
4,85,coarse : 38.2 seconds
4,85,fine : 38.21 seconds
[[1636  278]
 [  19   77]]
acc: 0.852
f1: 0.341
[[1887   27]
 [  64   32]]
acc: 0.955
f1: 0.413
4,86,coarse : 37.98 seconds
4,86,fine : 37.99 seconds
[[1635  279]
 [  19   77]]
acc: 0.852
f1: 0.341
[[1887   27]
 [  64   32]]
acc: 0.955
f1: 0.413
4,87,coarse : 37.33 seconds
4,87,fine : 37.34 seconds
[[1633  281]
 [  19   77]]
acc: 0.851
f1: 0.339
[[1886   28]
 [  64   32]]
acc: 0.954
f1: 0.410
4,88,coarse : 37.87 seconds
4,88,fine : 37.88 seconds
[[1637  277]
 [  19   77]]
acc: 0.853
f1: 0.342
[[1885   29]
 [  64   32]]
acc: 0.954
f1: 0.408
4,89,coarse : 38.28 seconds
4,89,fine : 38.3 seconds
[[1637  277]
 [  19   77]]
acc: 0.853
f1: 0.342
[[1885   29]
 [  64   32]]
acc: 0.954
f1: 0.408
4,90,coarse : 37.95 seconds
4,90,fine : 37.96 seconds
[[1636  278]
 [  18   78]]
acc: 0.853
f1: 0.345
[[1885   29]
 [  64   32]]
acc: 0.954
f1: 0.408
4,91,coarse : 39.06 seconds
4,91,fine : 39.08 seconds
[[1638  276]
 [  20   76]]
acc: 0.853
f1: 0.339
[[1886   28]
 [  64   32]]
acc: 0.954
f1: 0.410
4,92,coarse : 38.14 seconds
4,92,fine : 38.15 seconds
[[1635  279]
 [  19   77]]
acc: 0.852
f1: 0.341
[[1885   29]
 [  64   32]]
acc: 0.954
f1: 0.408
4,93,coarse : 37.49 seconds
4,93,fine : 37.52 seconds
[[1635  279]
 [  19   77]]
acc: 0.852
f1: 0.341
[[1885   29]
 [  64   32]]
acc: 0.954
f1: 0.408
4,94,coarse : 37.05 seconds
4,94,fine : 37.07 seconds
[[1634  280]
 [  19   77]]
acc: 0.851
f1: 0.340
[[1882   32]
 [  62   34]]
acc: 0.953
f1: 0.420
4,95,coarse : 37.88 seconds
4,95,fine : 37.89 seconds
[[1631  283]
 [  20   76]]
acc: 0.849
f1: 0.334
[[1885   29]
 [  62   34]]
acc: 0.955
f1: 0.428
4,96,coarse : 37.67 seconds
4,96,fine : 37.68 seconds
[[1633  281]
 [  19   77]]
acc: 0.851
f1: 0.339
[[1884   30]
 [  62   34]]
acc: 0.954
f1: 0.425
4,97,coarse : 38.0 seconds
4,97,fine : 38.02 seconds
[[1633  281]
 [  19   77]]
acc: 0.851
f1: 0.339
[[1883   31]
 [  61   35]]
acc: 0.954
f1: 0.432
4,98,coarse : 37.95 seconds
4,98,fine : 37.96 seconds
[[1628  286]
 [  20   76]]
acc: 0.848
f1: 0.332
[[1881   33]
 [  61   35]]
acc: 0.953
f1: 0.427
4,99,coarse : 37.96 seconds
4,99,fine : 37.98 seconds
[[1631  283]
 [  18   78]]
acc: 0.850
f1: 0.341
[[1880   34]
 [  61   35]]
acc: 0.953
f1: 0.424
4,100,coarse : 39.9 seconds
4,100,fine : 39.91 seconds
[[1630  284]
 [  19   77]]
acc: 0.849
f1: 0.337
[[1880   34]
 [  60   36]]
acc: 0.953
f1: 0.434
4,101,coarse : 39.03 seconds
4,101,fine : 39.05 seconds
[[1630  284]
 [  18   78]]
acc: 0.850
f1: 0.341
[[1881   33]
 [  60   36]]
acc: 0.954
f1: 0.436
4,102,coarse : 38.54 seconds
4,102,fine : 38.56 seconds
[[1628  286]
 [  18   78]]
acc: 0.849
f1: 0.339
[[1881   33]
 [  60   36]]
acc: 0.954
f1: 0.436
4,103,coarse : 38.02 seconds
4,103,fine : 38.04 seconds
[[1628  286]
 [  18   78]]
acc: 0.849
f1: 0.339
[[1879   35]
 [  60   36]]
acc: 0.953
f1: 0.431
4,104,coarse : 37.84 seconds
4,104,fine : 37.85 seconds
[[1628  286]
 [  18   78]]
acc: 0.849
f1: 0.339
[[1879   35]
 [  60   36]]
acc: 0.953
f1: 0.431
4,105,coarse : 38.57 seconds
4,105,fine : 38.58 seconds
[[1624  290]
 [  18   78]]
acc: 0.847
f1: 0.336
[[1878   36]
 [  60   36]]
acc: 0.952
f1: 0.429
4,106,coarse : 39.41 seconds
4,106,fine : 39.43 seconds
[[1622  292]
 [  18   78]]
acc: 0.846
f1: 0.335
[[1878   36]
 [  60   36]]
acc: 0.952
f1: 0.429
4,107,coarse : 39.28 seconds
4,107,fine : 39.3 seconds
[[1619  295]
 [  18   78]]
acc: 0.844
f1: 0.333
[[1876   38]
 [  60   36]]
acc: 0.951
f1: 0.424
4,108,coarse : 39.28 seconds
4,108,fine : 39.3 seconds
[[1618  296]
 [  18   78]]
acc: 0.844
f1: 0.332
[[1876   38]
 [  60   36]]
acc: 0.951
f1: 0.424
4,109,coarse : 40.07 seconds
4,109,fine : 40.09 seconds
[[1618  296]
 [  19   77]]
acc: 0.843
f1: 0.328
[[1876   38]
 [  58   38]]
acc: 0.952
f1: 0.442
4,110,coarse : 39.45 seconds
4,110,fine : 39.47 seconds
[[1615  299]
 [  18   78]]
acc: 0.842
f1: 0.330
[[1876   38]
 [  59   37]]
acc: 0.952
f1: 0.433
4,111,coarse : 39.92 seconds
4,111,fine : 39.95 seconds
[[1614  300]
 [  18   78]]
acc: 0.842
f1: 0.329
[[1877   37]
 [  58   38]]
acc: 0.953
f1: 0.444
4,112,coarse : 39.32 seconds
4,112,fine : 39.35 seconds
[[1614  300]
 [  18   78]]
acc: 0.842
f1: 0.329
[[1877   37]
 [  59   37]]
acc: 0.952
f1: 0.435
4,113,coarse : 39.86 seconds
4,113,fine : 39.89 seconds
[[1613  301]
 [  19   77]]
acc: 0.841
f1: 0.325
[[1877   37]
 [  59   37]]
acc: 0.952
f1: 0.435
4,114,coarse : 39.29 seconds
4,114,fine : 39.32 seconds
[[1615  299]
 [  19   77]]
acc: 0.842
f1: 0.326
[[1875   39]
 [  56   40]]
acc: 0.953
f1: 0.457
4,115,coarse : 39.41 seconds
4,115,fine : 39.43 seconds
[[1615  299]
 [  19   77]]
acc: 0.842
f1: 0.326
[[1875   39]
 [  55   41]]
acc: 0.953
f1: 0.466
4,116,coarse : 39.39 seconds
4,116,fine : 39.4 seconds
[[1616  298]
 [  19   77]]
acc: 0.842
f1: 0.327
[[1874   40]
 [  55   41]]
acc: 0.953
f1: 0.463
4,117,coarse : 39.81 seconds
4,117,fine : 39.83 seconds
[[1613  301]
 [  19   77]]
acc: 0.841
f1: 0.325
[[1874   40]
 [  55   41]]
acc: 0.953
f1: 0.463
4,118,coarse : 39.14 seconds
4,118,fine : 39.15 seconds
[[1611  303]
 [  19   77]]
acc: 0.840
f1: 0.324
[[1874   40]
 [  55   41]]
acc: 0.953
f1: 0.463
4,119,coarse : 39.14 seconds
4,119,fine : 39.15 seconds
[[1611  303]
 [  19   77]]
acc: 0.840
f1: 0.324
[[1872   42]
 [  54   42]]
acc: 0.952
f1: 0.467
4,120,coarse : 39.47 seconds
4,120,fine : 39.48 seconds
[[1612  302]
 [  19   77]]
acc: 0.840
f1: 0.324
[[1872   42]
 [  54   42]]
acc: 0.952
f1: 0.467
4,121,coarse : 39.56 seconds
4,121,fine : 39.58 seconds
[[1611  303]
 [  19   77]]
acc: 0.840
f1: 0.324
[[1872   42]
 [  54   42]]
acc: 0.952
f1: 0.467
4,122,coarse : 40.17 seconds
4,122,fine : 40.18 seconds
[[1614  300]
 [  18   78]]
acc: 0.842
f1: 0.329
[[1872   42]
 [  55   41]]
acc: 0.952
f1: 0.458
4,123,coarse : 39.76 seconds
4,123,fine : 39.77 seconds
[[1616  298]
 [  18   78]]
acc: 0.843
f1: 0.331
[[1872   42]
 [  55   41]]
acc: 0.952
f1: 0.458
4,124,coarse : 40.25 seconds
4,124,fine : 40.27 seconds
[[1615  299]
 [  18   78]]
acc: 0.842
f1: 0.330
[[1872   42]
 [  54   42]]
acc: 0.952
f1: 0.467
4,125,coarse : 39.83 seconds
4,125,fine : 39.84 seconds
[[1615  299]
 [  18   78]]
acc: 0.842
f1: 0.330
[[1871   43]
 [  54   42]]
acc: 0.952
f1: 0.464
4,126,coarse : 39.32 seconds
4,126,fine : 39.38 seconds
[[1613  301]
 [  18   78]]
acc: 0.841
f1: 0.328
[[1871   43]
 [  54   42]]
acc: 0.952
f1: 0.464
4,127,coarse : 40.79 seconds
4,127,fine : 40.81 seconds
[[1605  309]
 [  20   76]]
acc: 0.836
f1: 0.316
[[1870   44]
 [  54   42]]
acc: 0.951
f1: 0.462
4,128,coarse : 40.44 seconds
4,128,fine : 40.46 seconds
[[1605  309]
 [  20   76]]
acc: 0.836
f1: 0.316
[[1869   45]
 [  54   42]]
acc: 0.951
f1: 0.459
4,129,coarse : 40.61 seconds
4,129,fine : 40.63 seconds
[[1604  310]
 [  20   76]]
acc: 0.836
f1: 0.315
[[1867   47]
 [  54   42]]
acc: 0.950
f1: 0.454
4,130,coarse : 40.22 seconds
4,130,fine : 40.24 seconds
[[1606  308]
 [  18   78]]
acc: 0.838
f1: 0.324
[[1867   47]
 [  54   42]]
acc: 0.950
f1: 0.454
4,131,coarse : 40.75 seconds
4,131,fine : 40.77 seconds
[[1604  310]
 [  18   78]]
acc: 0.837
f1: 0.322
[[1865   49]
 [  54   42]]
acc: 0.949
f1: 0.449
4,132,coarse : 41.01 seconds
4,132,fine : 41.04 seconds
[[1604  310]
 [  18   78]]
acc: 0.837
f1: 0.322
[[1868   46]
 [  53   43]]
acc: 0.951
f1: 0.465
4,133,coarse : 40.09 seconds
4,133,fine : 40.11 seconds
[[1600  314]
 [  17   79]]
acc: 0.835
f1: 0.323
[[1868   46]
 [  53   43]]
acc: 0.951
f1: 0.465
4,134,coarse : 40.61 seconds
4,134,fine : 40.65 seconds
[[1597  317]
 [  17   79]]
acc: 0.834
f1: 0.321
[[1867   47]
 [  53   43]]
acc: 0.950
f1: 0.462
4,135,coarse : 40.62 seconds
4,135,fine : 40.64 seconds
[[1597  317]
 [  17   79]]
acc: 0.834
f1: 0.321
[[1866   48]
 [  53   43]]
acc: 0.950
f1: 0.460
4,136,coarse : 40.45 seconds
4,136,fine : 40.47 seconds
[[1597  317]
 [  17   79]]
acc: 0.834
f1: 0.321
[[1868   46]
 [  52   44]]
acc: 0.951
f1: 0.473
4,137,coarse : 40.55 seconds
4,137,fine : 40.57 seconds
[[1597  317]
 [  18   78]]
acc: 0.833
f1: 0.318
[[1867   47]
 [  52   44]]
acc: 0.951
f1: 0.471
4,138,coarse : 40.11 seconds
4,138,fine : 40.13 seconds
[[1598  316]
 [  18   78]]
acc: 0.834
f1: 0.318
[[1867   47]
 [  51   45]]
acc: 0.951
f1: 0.479
4,139,coarse : 40.17 seconds
4,139,fine : 40.19 seconds
[[1597  317]
 [  18   78]]
acc: 0.833
f1: 0.318
[[1866   48]
 [  51   45]]
acc: 0.951
f1: 0.476
4,140,coarse : 41.35 seconds
4,140,fine : 41.36 seconds
[[1597  317]
 [  18   78]]
acc: 0.833
f1: 0.318
[[1866   48]
 [  51   45]]
acc: 0.951
f1: 0.476
4,141,coarse : 41.13 seconds
4,141,fine : 41.15 seconds
[[1594  320]
 [  18   78]]
acc: 0.832
f1: 0.316
[[1863   51]
 [  52   44]]
acc: 0.949
f1: 0.461
4,142,coarse : 42.15 seconds
4,142,fine : 42.16 seconds
[[1590  324]
 [  18   78]]
acc: 0.830
f1: 0.313
[[1862   52]
 [  52   44]]
acc: 0.948
f1: 0.458
4,143,coarse : 40.66 seconds
4,143,fine : 40.68 seconds
[[1592  322]
 [  18   78]]
acc: 0.831
f1: 0.315
[[1861   53]
 [  51   45]]
acc: 0.948
f1: 0.464
4,144,coarse : 41.22 seconds
4,144,fine : 41.24 seconds
[[1591  323]
 [  18   78]]
acc: 0.830
f1: 0.314
[[1861   53]
 [  51   45]]
acc: 0.948
f1: 0.464
4,145,coarse : 41.16 seconds
4,145,fine : 41.17 seconds
[[1596  318]
 [  16   80]]
acc: 0.834
f1: 0.324
[[1860   54]
 [  51   45]]
acc: 0.948
f1: 0.462
4,146,coarse : 40.79 seconds
4,146,fine : 40.8 seconds
[[1590  324]
 [  17   79]]
acc: 0.830
f1: 0.317
[[1860   54]
 [  51   45]]
acc: 0.948
f1: 0.462
4,147,coarse : 40.62 seconds
4,147,fine : 40.64 seconds
[[1590  324]
 [  16   80]]
acc: 0.831
f1: 0.320
[[1859   55]
 [  51   45]]
acc: 0.947
f1: 0.459
4,148,coarse : 42.81 seconds
4,148,fine : 42.84 seconds
[[1588  326]
 [  16   80]]
acc: 0.830
f1: 0.319
[[1857   57]
 [  51   45]]
acc: 0.946
f1: 0.455
4,149,coarse : 42.37 seconds
4,149,fine : 42.39 seconds
[[1588  326]
 [  16   80]]
acc: 0.830
f1: 0.319
[[1857   57]
 [  51   45]]
acc: 0.946
f1: 0.455
4,150,coarse : 44.17 seconds
4,150,fine : 44.19 seconds
[[1587  327]
 [  16   80]]
acc: 0.829
f1: 0.318
[[1857   57]
 [  51   45]]
acc: 0.946
f1: 0.455
4,151,coarse : 42.01 seconds
4,151,fine : 42.04 seconds
[[1589  325]
 [  16   80]]
acc: 0.830
f1: 0.319
[[1858   56]
 [  51   45]]
acc: 0.947
f1: 0.457
4,152,coarse : 42.14 seconds
4,152,fine : 42.16 seconds
[[1590  324]
 [  16   80]]
acc: 0.831
f1: 0.320
[[1857   57]
 [  51   45]]
acc: 0.946
f1: 0.455
4,153,coarse : 41.7 seconds
4,153,fine : 41.72 seconds
[[1589  325]
 [  16   80]]
acc: 0.830
f1: 0.319
[[1856   58]
 [  51   45]]
acc: 0.946
f1: 0.452
4,154,coarse : 42.64 seconds
4,154,fine : 42.66 seconds
[[1586  328]
 [  16   80]]
acc: 0.829
f1: 0.317
[[1855   59]
 [  51   45]]
acc: 0.945
f1: 0.450
4,155,coarse : 42.41 seconds
4,155,fine : 42.44 seconds
[[1586  328]
 [  16   80]]
acc: 0.829
f1: 0.317
[[1854   60]
 [  51   45]]
acc: 0.945
f1: 0.448
4,156,coarse : 41.76 seconds
4,156,fine : 41.79 seconds
[[1585  329]
 [  16   80]]
acc: 0.828
f1: 0.317
[[1857   57]
 [  51   45]]
acc: 0.946
f1: 0.455
4,157,coarse : 41.3 seconds
4,157,fine : 41.32 seconds
[[1584  330]
 [  16   80]]
acc: 0.828
f1: 0.316
[[1856   58]
 [  51   45]]
acc: 0.946
f1: 0.452
4,158,coarse : 42.17 seconds
4,158,fine : 42.19 seconds
[[1583  331]
 [  16   80]]
acc: 0.827
f1: 0.316
[[1858   56]
 [  51   45]]
acc: 0.947
f1: 0.457
4,159,coarse : 42.15 seconds
4,159,fine : 42.18 seconds
[[1580  334]
 [  16   80]]
acc: 0.826
f1: 0.314
[[1857   57]
 [  51   45]]
acc: 0.946
f1: 0.455
4,160,coarse : 41.98 seconds
4,160,fine : 41.99 seconds
[[1580  334]
 [  16   80]]
acc: 0.826
f1: 0.314
[[1857   57]
 [  50   46]]
acc: 0.947
f1: 0.462
4,161,coarse : 42.62 seconds
4,161,fine : 42.65 seconds
[[1580  334]
 [  16   80]]
acc: 0.826
f1: 0.314
[[1857   57]
 [  50   46]]
acc: 0.947
f1: 0.462
4,162,coarse : 42.52 seconds
4,162,fine : 42.54 seconds
[[1578  336]
 [  17   79]]
acc: 0.824
f1: 0.309
[[1857   57]
 [  50   46]]
acc: 0.947
f1: 0.462
4,163,coarse : 42.07 seconds
4,163,fine : 42.1 seconds
[[1576  338]
 [  17   79]]
acc: 0.823
f1: 0.308
[[1856   58]
 [  50   46]]
acc: 0.946
f1: 0.460
4,164,coarse : 42.11 seconds
4,164,fine : 42.14 seconds
[[1575  339]
 [  17   79]]
acc: 0.823
f1: 0.307
[[1856   58]
 [  50   46]]
acc: 0.946
f1: 0.460
4,165,coarse : 41.77 seconds
4,165,fine : 41.79 seconds
[[1576  338]
 [  17   79]]
acc: 0.823
f1: 0.308
[[1854   60]
 [  50   46]]
acc: 0.945
f1: 0.455
4,166,coarse : 41.79 seconds
4,166,fine : 41.82 seconds
[[1576  338]
 [  17   79]]
acc: 0.823
f1: 0.308
[[1854   60]
 [  50   46]]
acc: 0.945
f1: 0.455
4,167,coarse : 41.48 seconds
4,167,fine : 41.5 seconds
[[1572  342]
 [  17   79]]
acc: 0.821
f1: 0.306
[[1854   60]
 [  50   46]]
acc: 0.945
f1: 0.455
4,168,coarse : 43.28 seconds
4,168,fine : 43.31 seconds
[[1570  344]
 [  17   79]]
acc: 0.820
f1: 0.304
[[1854   60]
 [  50   46]]
acc: 0.945
f1: 0.455
4,169,coarse : 43.61 seconds
4,169,fine : 43.63 seconds
[[1570  344]
 [  17   79]]
acc: 0.820
f1: 0.304
[[1853   61]
 [  50   46]]
acc: 0.945
f1: 0.453
4,170,coarse : 43.57 seconds
4,170,fine : 43.6 seconds
[[1569  345]
 [  17   79]]
acc: 0.820
f1: 0.304
[[1852   62]
 [  50   46]]
acc: 0.944
f1: 0.451
4,171,coarse : 42.87 seconds
4,171,fine : 42.9 seconds
[[1572  342]
 [  16   80]]
acc: 0.822
f1: 0.309
[[1852   62]
 [  50   46]]
acc: 0.944
f1: 0.451
4,172,coarse : 42.9 seconds
4,172,fine : 42.93 seconds
