all           0      1    2    3    4    5    6    7    8    
1      2010   1914   1    19   32   19   1    11   6    7    
2      2010   1914   1    19   32   19   1    11   6    7    
3      2010   1914   1    19   32   19   1    11   5    8    
4      2010   1914   1    19   32   19   1    10   6    8    
5      2010   1914   1    18   33   19   1    10   6    8    
6      2010   1914   1    18   33   19   1    10   6    8    
7      2010   1913   2    18   33   19   1    10   6    8    
8      2010   1913   2    18   33   19   1    10   6    8    
9      2009   1913   2    18   32   19   2    10   6    7    
10     2009   1913   1    19   32   19   1    11   6    7    
Total  20098  19136  13   185  324  190  11   104  59   76   
train         0      1    2    3    4    5    6    7    8    
1      2010   1914   1    19   32   19   1    11   6    7    
2      2010   1914   1    19   32   19   1    11   6    7    
3      2010   1914   1    19   32   19   1    11   5    8    
4      2010   1914   1    19   32   19   1    10   6    8    
5      2010   1914   1    18   33   19   1    10   6    8    
6      2010   1914   1    18   33   19   1    10   6    8    
7      2010   1913   2    18   33   19   1    10   6    8    
8      2010   1913   2    18   33   19   1    10   6    8    
9      2009   1913   2    18   32   19   2    10   6    7    
Total  18089  17223  12   166  292  171  10   93   53   69   
test          0      1    2    3    4    5    6    7    8    
10     2009   1913   1    19   32   19   1    11   6    7    
Total  2009   1913   1    19   32   19   1    11   6    7    
Classes             
0         17223     
1         12        
2         166       
3         292       
4         171       
5         10        
6         93        
7         53        
8         69        
Total     18089     

Shape: 450       

[952, 10, 11, 16, 11, 10, 10, 10, 10]
Sum start => 1040
[[1397  516]
 [  17   79]]
acc: 0.735
f1: 0.229
[[1886   27]
 [  83   13]]
acc: 0.945
f1: 0.191
10,1,coarse : 41.08 seconds
10,1,fine : 41.08 seconds
[[1397  516]
 [  17   79]]
acc: 0.735
f1: 0.229
[[1886   27]
 [  83   13]]
acc: 0.945
f1: 0.191
10,2,coarse : 42.7 seconds
10,2,fine : 42.7 seconds
[[1403  510]
 [  18   78]]
acc: 0.737
f1: 0.228
[[1887   26]
 [  84   12]]
acc: 0.945
f1: 0.179
10,3,coarse : 5.05 seconds
10,3,fine : 5.06 seconds
[[1422  491]
 [  20   76]]
acc: 0.746
f1: 0.229
[[1890   23]
 [  86   10]]
acc: 0.946
f1: 0.155
10,4,coarse : 5.15 seconds
10,4,fine : 5.15 seconds
[[1427  486]
 [  21   75]]
acc: 0.748
f1: 0.228
[[1895   18]
 [  86   10]]
acc: 0.948
f1: 0.161
10,5,coarse : 5.34 seconds
10,5,fine : 5.34 seconds
[[1431  482]
 [  21   75]]
acc: 0.750
f1: 0.230
[[1898   15]
 [  87    9]]
acc: 0.949
f1: 0.150
10,6,coarse : 5.57 seconds
10,6,fine : 5.57 seconds
[[1440  473]
 [  21   75]]
acc: 0.754
f1: 0.233
[[1898   15]
 [  88    8]]
acc: 0.949
f1: 0.134
10,7,coarse : 5.86 seconds
10,7,fine : 5.86 seconds
[[1419  494]
 [  20   76]]
acc: 0.744
f1: 0.228
[[1900   13]
 [  88    8]]
acc: 0.950
f1: 0.137
10,8,coarse : 5.95 seconds
10,8,fine : 5.96 seconds
[[1429  484]
 [  20   76]]
acc: 0.749
f1: 0.232
[[1901   12]
 [  88    8]]
acc: 0.950
f1: 0.138
10,9,coarse : 6.13 seconds
10,9,fine : 6.13 seconds
[[1442  471]
 [  19   77]]
acc: 0.756
f1: 0.239
[[1902   11]
 [  88    8]]
acc: 0.951
f1: 0.139
10,10,coarse : 6.15 seconds
10,10,fine : 6.16 seconds
[[1451  462]
 [  20   76]]
acc: 0.760
f1: 0.240
[[1900   13]
 [  86   10]]
acc: 0.951
f1: 0.168
10,11,coarse : 6.59 seconds
10,11,fine : 6.59 seconds
[[1453  460]
 [  19   77]]
acc: 0.762
f1: 0.243
[[1895   18]
 [  82   14]]
acc: 0.950
f1: 0.219
10,12,coarse : 6.79 seconds
10,12,fine : 6.79 seconds
[[1466  447]
 [  19   77]]
acc: 0.768
f1: 0.248
[[1893   20]
 [  81   15]]
acc: 0.950
f1: 0.229
10,13,coarse : 6.92 seconds
10,13,fine : 6.92 seconds
[[1459  454]
 [  20   76]]
acc: 0.764
f1: 0.243
[[1891   22]
 [  81   15]]
acc: 0.949
f1: 0.226
10,14,coarse : 7.12 seconds
10,14,fine : 7.12 seconds
[[1457  456]
 [  19   77]]
acc: 0.764
f1: 0.245
[[1887   26]
 [  79   17]]
acc: 0.948
f1: 0.245
10,15,coarse : 7.5 seconds
10,15,fine : 7.51 seconds
[[1460  453]
 [  19   77]]
acc: 0.765
f1: 0.246
[[1888   25]
 [  79   17]]
acc: 0.948
f1: 0.246
10,16,coarse : 7.64 seconds
10,16,fine : 7.64 seconds
[[1469  444]
 [  20   76]]
acc: 0.769
f1: 0.247
[[1886   27]
 [  75   21]]
acc: 0.949
f1: 0.292
10,17,coarse : 7.73 seconds
10,17,fine : 7.74 seconds
[[1486  427]
 [  20   76]]
acc: 0.778
f1: 0.254
[[1886   27]
 [  74   22]]
acc: 0.950
f1: 0.303
10,18,coarse : 8.04 seconds
10,18,fine : 8.04 seconds
[[1498  415]
 [  20   76]]
acc: 0.783
f1: 0.259
[[1887   26]
 [  74   22]]
acc: 0.950
f1: 0.306
10,19,coarse : 8.45 seconds
10,19,fine : 8.46 seconds
[[1505  408]
 [  21   75]]
acc: 0.786
f1: 0.259
[[1888   25]
 [  74   22]]
acc: 0.951
f1: 0.308
10,20,coarse : 8.64 seconds
10,20,fine : 8.64 seconds
[[1495  418]
 [  21   75]]
acc: 0.781
f1: 0.255
[[1884   29]
 [  75   21]]
acc: 0.948
f1: 0.288
10,21,coarse : 8.62 seconds
10,21,fine : 8.63 seconds
[[1495  418]
 [  22   74]]
acc: 0.781
f1: 0.252
[[1878   35]
 [  72   24]]
acc: 0.947
f1: 0.310
10,22,coarse : 9.06 seconds
10,22,fine : 9.06 seconds
[[1499  414]
 [  21   75]]
acc: 0.783
f1: 0.256
[[1882   31]
 [  74   22]]
acc: 0.948
f1: 0.295
10,23,coarse : 9.06 seconds
10,23,fine : 9.06 seconds
[[1501  412]
 [  21   75]]
acc: 0.784
f1: 0.257
[[1886   27]
 [  78   18]]
acc: 0.948
f1: 0.255
10,24,coarse : 9.47 seconds
10,24,fine : 9.47 seconds
[[1496  417]
 [  21   75]]
acc: 0.782
f1: 0.255
[[1886   27]
 [  78   18]]
acc: 0.948
f1: 0.255
10,25,coarse : 9.67 seconds
10,25,fine : 9.67 seconds
[[1496  417]
 [  20   76]]
acc: 0.782
f1: 0.258
[[1883   30]
 [  77   19]]
acc: 0.947
f1: 0.262
10,26,coarse : 9.75 seconds
10,26,fine : 9.76 seconds
[[1503  410]
 [  20   76]]
acc: 0.786
f1: 0.261
[[1882   31]
 [  75   21]]
acc: 0.947
f1: 0.284
10,27,coarse : 10.01 seconds
10,27,fine : 10.02 seconds
[[1505  408]
 [  21   75]]
acc: 0.786
f1: 0.259
[[1881   32]
 [  72   24]]
acc: 0.948
f1: 0.316
10,28,coarse : 10.32 seconds
10,28,fine : 10.33 seconds
[[1509  404]
 [  21   75]]
acc: 0.788
f1: 0.261
[[1882   31]
 [  71   25]]
acc: 0.949
f1: 0.329
10,29,coarse : 10.62 seconds
10,29,fine : 10.72 seconds
[[1502  411]
 [  21   75]]
acc: 0.785
f1: 0.258
[[1879   34]
 [  72   24]]
acc: 0.947
f1: 0.312
10,30,coarse : 10.78 seconds
10,30,fine : 10.79 seconds
[[1505  408]
 [  22   74]]
acc: 0.786
f1: 0.256
[[1880   33]
 [  70   26]]
acc: 0.949
f1: 0.335
10,31,coarse : 11.03 seconds
10,31,fine : 11.03 seconds
[[1507  406]
 [  22   74]]
acc: 0.787
f1: 0.257
[[1885   28]
 [  68   28]]
acc: 0.952
f1: 0.368
10,32,coarse : 11.29 seconds
10,32,fine : 11.29 seconds
[[1516  397]
 [  22   74]]
acc: 0.791
f1: 0.261
[[1885   28]
 [  69   27]]
acc: 0.952
f1: 0.358
10,33,coarse : 11.62 seconds
10,33,fine : 11.63 seconds
[[1518  395]
 [  22   74]]
acc: 0.792
f1: 0.262
[[1880   33]
 [  67   29]]
acc: 0.950
f1: 0.367
10,34,coarse : 11.63 seconds
10,34,fine : 11.63 seconds
[[1508  405]
 [  20   76]]
acc: 0.788
f1: 0.263
[[1879   34]
 [  69   27]]
acc: 0.949
f1: 0.344
10,35,coarse : 11.76 seconds
10,35,fine : 11.77 seconds
[[1505  408]
 [  20   76]]
acc: 0.787
f1: 0.262
[[1881   32]
 [  69   27]]
acc: 0.950
f1: 0.348
10,36,coarse : 11.99 seconds
10,36,fine : 11.99 seconds
[[1511  402]
 [  20   76]]
acc: 0.790
f1: 0.265
[[1883   30]
 [  69   27]]
acc: 0.951
f1: 0.353
10,37,coarse : 12.28 seconds
10,37,fine : 12.29 seconds
[[1511  402]
 [  18   78]]
acc: 0.791
f1: 0.271
[[1882   31]
 [  69   27]]
acc: 0.950
f1: 0.351
10,38,coarse : 12.61 seconds
10,38,fine : 12.62 seconds
[[1512  401]
 [  17   79]]
acc: 0.792
f1: 0.274
[[1883   30]
 [  69   27]]
acc: 0.951
f1: 0.353
10,39,coarse : 12.69 seconds
10,39,fine : 12.7 seconds
[[1510  403]
 [  18   78]]
acc: 0.790
f1: 0.270
[[1884   29]
 [  69   27]]
acc: 0.951
f1: 0.355
10,40,coarse : 12.83 seconds
10,40,fine : 12.84 seconds
[[1512  401]
 [  18   78]]
acc: 0.791
f1: 0.271
[[1883   30]
 [  69   27]]
acc: 0.951
f1: 0.353
10,41,coarse : 13.15 seconds
10,41,fine : 13.15 seconds
[[1526  387]
 [  17   79]]
acc: 0.799
f1: 0.281
[[1883   30]
 [  70   26]]
acc: 0.950
f1: 0.342
10,42,coarse : 13.45 seconds
10,42,fine : 13.45 seconds
[[1519  394]
 [  18   78]]
acc: 0.795
f1: 0.275
[[1882   31]
 [  70   26]]
acc: 0.950
f1: 0.340
10,43,coarse : 13.75 seconds
10,43,fine : 13.75 seconds
[[1511  402]
 [  19   77]]
acc: 0.790
f1: 0.268
[[1881   32]
 [  70   26]]
acc: 0.949
f1: 0.338
10,44,coarse : 13.91 seconds
10,44,fine : 13.92 seconds
[[1519  394]
 [  19   77]]
acc: 0.794
f1: 0.272
[[1881   32]
 [  71   25]]
acc: 0.949
f1: 0.327
10,45,coarse : 14.48 seconds
10,45,fine : 14.48 seconds
[[1521  392]
 [  20   76]]
acc: 0.795
f1: 0.270
[[1880   33]
 [  69   27]]
acc: 0.949
f1: 0.346
10,46,coarse : 14.64 seconds
10,46,fine : 14.64 seconds
[[1512  401]
 [  18   78]]
acc: 0.791
f1: 0.271
[[1879   34]
 [  69   27]]
acc: 0.949
f1: 0.344
10,47,coarse : 14.71 seconds
10,47,fine : 14.71 seconds
[[1507  406]
 [  18   78]]
acc: 0.789
f1: 0.269
[[1879   34]
 [  70   26]]
acc: 0.948
f1: 0.333
10,48,coarse : 14.97 seconds
10,48,fine : 14.98 seconds
[[1511  402]
 [  18   78]]
acc: 0.791
f1: 0.271
[[1878   35]
 [  69   27]]
acc: 0.948
f1: 0.342
10,49,coarse : 15.76 seconds
10,49,fine : 15.77 seconds
[[1513  400]
 [  18   78]]
acc: 0.792
f1: 0.272
[[1879   34]
 [  69   27]]
acc: 0.949
f1: 0.344
10,50,coarse : 17.99 seconds
10,50,fine : 18.0 seconds
[[1514  399]
 [  17   79]]
acc: 0.793
f1: 0.275
[[1878   35]
 [  66   30]]
acc: 0.950
f1: 0.373
10,51,coarse : 16.14 seconds
10,51,fine : 16.15 seconds
[[1509  404]
 [  17   79]]
acc: 0.790
f1: 0.273
[[1877   36]
 [  66   30]]
acc: 0.949
f1: 0.370
10,52,coarse : 16.45 seconds
10,52,fine : 16.46 seconds
[[1507  406]
 [  18   78]]
acc: 0.789
f1: 0.269
[[1877   36]
 [  66   30]]
acc: 0.949
f1: 0.370
10,53,coarse : 16.43 seconds
10,53,fine : 16.43 seconds
[[1508  405]
 [  18   78]]
acc: 0.789
f1: 0.269
[[1875   38]
 [  66   30]]
acc: 0.948
f1: 0.366
10,54,coarse : 16.79 seconds
10,54,fine : 16.8 seconds
[[1508  405]
 [  16   80]]
acc: 0.790
f1: 0.275
[[1875   38]
 [  65   31]]
acc: 0.949
f1: 0.376
10,55,coarse : 16.96 seconds
10,55,fine : 16.97 seconds
[[1511  402]
 [  17   79]]
acc: 0.791
f1: 0.274
[[1874   39]
 [  66   30]]
acc: 0.948
f1: 0.364
10,56,coarse : 17.34 seconds
10,56,fine : 17.35 seconds
[[1515  398]
 [  17   79]]
acc: 0.793
f1: 0.276
[[1873   40]
 [  65   31]]
acc: 0.948
f1: 0.371
10,57,coarse : 17.93 seconds
10,57,fine : 17.93 seconds
[[1519  394]
 [  17   79]]
acc: 0.795
f1: 0.278
[[1872   41]
 [  65   31]]
acc: 0.947
f1: 0.369
10,58,coarse : 17.9 seconds
10,58,fine : 17.91 seconds
[[1519  394]
 [  17   79]]
acc: 0.795
f1: 0.278
[[1870   43]
 [  65   31]]
acc: 0.946
f1: 0.365
10,59,coarse : 18.27 seconds
10,59,fine : 18.31 seconds
[[1515  398]
 [  16   80]]
acc: 0.794
f1: 0.279
[[1871   42]
 [  64   32]]
acc: 0.947
f1: 0.376
10,60,coarse : 18.65 seconds
10,60,fine : 18.9 seconds
[[1520  393]
 [  16   80]]
acc: 0.796
f1: 0.281
[[1874   39]
 [  62   34]]
acc: 0.950
f1: 0.402
10,61,coarse : 18.68 seconds
10,61,fine : 18.69 seconds
[[1515  398]
 [  16   80]]
acc: 0.794
f1: 0.279
[[1875   38]
 [  62   34]]
acc: 0.950
f1: 0.405
10,62,coarse : 19.0 seconds
10,62,fine : 19.01 seconds
[[1519  394]
 [  16   80]]
acc: 0.796
f1: 0.281
[[1876   37]
 [  62   34]]
acc: 0.951
f1: 0.407
10,63,coarse : 18.71 seconds
10,63,fine : 18.72 seconds
[[1522  391]
 [  17   79]]
acc: 0.797
f1: 0.279
[[1875   38]
 [  61   35]]
acc: 0.951
f1: 0.414
10,64,coarse : 19.59 seconds
10,64,fine : 19.6 seconds
[[1519  394]
 [  17   79]]
acc: 0.795
f1: 0.278
[[1873   40]
 [  58   38]]
acc: 0.951
f1: 0.437
10,65,coarse : 19.47 seconds
10,65,fine : 19.48 seconds
[[1520  393]
 [  17   79]]
acc: 0.796
f1: 0.278
[[1873   40]
 [  57   39]]
acc: 0.952
f1: 0.446
10,66,coarse : 20.06 seconds
10,66,fine : 20.07 seconds
[[1520  393]
 [  17   79]]
acc: 0.796
f1: 0.278
[[1873   40]
 [  59   37]]
acc: 0.951
f1: 0.428
10,67,coarse : 19.92 seconds
10,67,fine : 19.93 seconds
[[1527  386]
 [  17   79]]
acc: 0.799
f1: 0.282
[[1871   42]
 [  58   38]]
acc: 0.950
f1: 0.432
10,68,coarse : 19.96 seconds
10,68,fine : 19.97 seconds
[[1524  389]
 [  17   79]]
acc: 0.798
f1: 0.280
[[1869   44]
 [  58   38]]
acc: 0.949
f1: 0.427
10,69,coarse : 20.35 seconds
10,69,fine : 20.36 seconds
[[1525  388]
 [  18   78]]
acc: 0.798
f1: 0.278
[[1870   43]
 [  60   36]]
acc: 0.949
f1: 0.411
10,70,coarse : 20.41 seconds
10,70,fine : 20.42 seconds
[[1533  380]
 [  18   78]]
acc: 0.802
f1: 0.282
[[1872   41]
 [  59   37]]
acc: 0.950
f1: 0.425
10,71,coarse : 20.24 seconds
10,71,fine : 20.25 seconds
[[1534  379]
 [  18   78]]
acc: 0.802
f1: 0.282
[[1873   40]
 [  57   39]]
acc: 0.952
f1: 0.446
10,72,coarse : 20.91 seconds
10,72,fine : 20.92 seconds
[[1537  376]
 [  18   78]]
acc: 0.804
f1: 0.284
[[1873   40]
 [  58   38]]
acc: 0.951
f1: 0.437
10,73,coarse : 21.3 seconds
10,73,fine : 21.31 seconds
[[1537  376]
 [  18   78]]
acc: 0.804
f1: 0.284
[[1870   43]
 [  58   38]]
acc: 0.950
f1: 0.429
10,74,coarse : 21.89 seconds
10,74,fine : 21.9 seconds
[[1532  381]
 [  17   79]]
acc: 0.802
f1: 0.284
[[1870   43]
 [  57   39]]
acc: 0.950
f1: 0.438
10,75,coarse : 22.21 seconds
10,75,fine : 22.22 seconds
[[1537  376]
 [  17   79]]
acc: 0.804
f1: 0.287
[[1871   42]
 [  57   39]]
acc: 0.951
f1: 0.441
10,76,coarse : 22.49 seconds
10,76,fine : 22.5 seconds
[[1539  374]
 [  17   79]]
acc: 0.805
f1: 0.288
[[1867   46]
 [  58   38]]
acc: 0.948
f1: 0.422
10,77,coarse : 22.25 seconds
10,77,fine : 22.26 seconds
[[1534  379]
 [  17   79]]
acc: 0.803
f1: 0.285
[[1868   45]
 [  58   38]]
acc: 0.949
f1: 0.425
10,78,coarse : 22.29 seconds
10,78,fine : 22.3 seconds
[[1542  371]
 [  18   78]]
acc: 0.806
f1: 0.286
[[1868   45]
 [  58   38]]
acc: 0.949
f1: 0.425
10,79,coarse : 23.27 seconds
10,79,fine : 23.28 seconds
[[1539  374]
 [  18   78]]
acc: 0.805
f1: 0.285
[[1868   45]
 [  58   38]]
acc: 0.949
f1: 0.425
10,80,coarse : 23.04 seconds
10,80,fine : 23.05 seconds
[[1540  373]
 [  18   78]]
acc: 0.805
f1: 0.285
[[1870   43]
 [  58   38]]
acc: 0.950
f1: 0.429
10,81,coarse : 23.08 seconds
10,81,fine : 23.09 seconds
[[1541  372]
 [  18   78]]
acc: 0.806
f1: 0.286
[[1868   45]
 [  53   43]]
acc: 0.951
f1: 0.467
10,82,coarse : 24.14 seconds
10,82,fine : 24.15 seconds
[[1547  366]
 [  17   79]]
acc: 0.809
f1: 0.292
[[1865   48]
 [  53   43]]
acc: 0.950
f1: 0.460
10,83,coarse : 23.81 seconds
10,83,fine : 23.82 seconds
[[1547  366]
 [  17   79]]
acc: 0.809
f1: 0.292
[[1865   48]
 [  52   44]]
acc: 0.950
f1: 0.468
10,84,coarse : 23.4 seconds
10,84,fine : 23.41 seconds
[[1543  370]
 [  17   79]]
acc: 0.807
f1: 0.290
[[1869   44]
 [  56   40]]
acc: 0.950
f1: 0.444
10,85,coarse : 24.86 seconds
10,85,fine : 24.87 seconds
[[1555  358]
 [  17   79]]
acc: 0.813
f1: 0.296
[[1868   45]
 [  54   42]]
acc: 0.951
f1: 0.459
10,86,coarse : 24.76 seconds
10,86,fine : 24.77 seconds
[[1545  368]
 [  17   79]]
acc: 0.808
f1: 0.291
[[1866   47]
 [  54   42]]
acc: 0.950
f1: 0.454
10,87,coarse : 25.56 seconds
10,87,fine : 25.57 seconds
[[1551  362]
 [  18   78]]
acc: 0.811
f1: 0.291
[[1866   47]
 [  53   43]]
acc: 0.950
f1: 0.462
10,88,coarse : 25.18 seconds
10,88,fine : 25.19 seconds
[[1550  363]
 [  19   77]]
acc: 0.810
f1: 0.287
[[1866   47]
 [  53   43]]
acc: 0.950
f1: 0.462
10,89,coarse : 25.94 seconds
10,89,fine : 25.95 seconds
[[1552  361]
 [  18   78]]
acc: 0.811
f1: 0.292
[[1864   49]
 [  53   43]]
acc: 0.949
f1: 0.457
10,90,coarse : 25.75 seconds
10,90,fine : 25.77 seconds
[[1557  356]
 [  18   78]]
acc: 0.814
f1: 0.294
[[1858   55]
 [  53   43]]
acc: 0.946
f1: 0.443
10,91,coarse : 26.54 seconds
10,91,fine : 26.55 seconds
[[1559  354]
 [  18   78]]
acc: 0.815
f1: 0.295
[[1859   54]
 [  52   44]]
acc: 0.947
f1: 0.454
10,92,coarse : 26.4 seconds
10,92,fine : 26.41 seconds
[[1558  355]
 [  18   78]]
acc: 0.814
f1: 0.295
[[1861   52]
 [  55   41]]
acc: 0.947
f1: 0.434
10,93,coarse : 27.07 seconds
10,93,fine : 27.08 seconds
[[1557  356]
 [  18   78]]
acc: 0.814
f1: 0.294
[[1861   52]
 [  57   39]]
acc: 0.946
f1: 0.417
10,94,coarse : 27.28 seconds
10,94,fine : 27.29 seconds
[[1559  354]
 [  18   78]]
acc: 0.815
f1: 0.295
[[1864   49]
 [  56   40]]
acc: 0.948
f1: 0.432
10,95,coarse : 28.17 seconds
10,95,fine : 28.18 seconds
[[1559  354]
 [  18   78]]
acc: 0.815
f1: 0.295
[[1865   48]
 [  55   41]]
acc: 0.949
f1: 0.443
10,96,coarse : 28.38 seconds
10,96,fine : 28.39 seconds
[[1559  354]
 [  18   78]]
acc: 0.815
f1: 0.295
[[1865   48]
 [  56   40]]
acc: 0.948
f1: 0.435
10,97,coarse : 28.58 seconds
10,97,fine : 28.59 seconds
[[1560  353]
 [  18   78]]
acc: 0.815
f1: 0.296
[[1862   51]
 [  57   39]]
acc: 0.946
f1: 0.419
10,98,coarse : 28.6 seconds
10,98,fine : 28.61 seconds
[[1560  353]
 [  18   78]]
acc: 0.815
f1: 0.296
[[1859   54]
 [  56   40]]
acc: 0.945
f1: 0.421
10,99,coarse : 28.66 seconds
10,99,fine : 28.67 seconds
[[1559  354]
 [  18   78]]
acc: 0.815
f1: 0.295
[[1863   50]
 [  59   37]]
acc: 0.946
f1: 0.404
10,100,coarse : 30.82 seconds
10,100,fine : 30.83 seconds
[[1560  353]
 [  18   78]]
acc: 0.815
f1: 0.296
[[1853   60]
 [  57   39]]
acc: 0.942
f1: 0.400
10,101,coarse : 29.46 seconds
10,101,fine : 29.47 seconds
[[1563  350]
 [  18   78]]
acc: 0.817
f1: 0.298
[[1853   60]
 [  55   41]]
acc: 0.943
f1: 0.416
10,102,coarse : 29.91 seconds
10,102,fine : 29.92 seconds
[[1555  358]
 [  19   77]]
acc: 0.812
f1: 0.290
[[1854   59]
 [  55   41]]
acc: 0.943
f1: 0.418
10,103,coarse : 30.04 seconds
10,103,fine : 30.05 seconds
[[1550  363]
 [  18   78]]
acc: 0.810
f1: 0.291
[[1855   58]
 [  54   42]]
acc: 0.944
f1: 0.429
10,104,coarse : 30.24 seconds
10,104,fine : 30.25 seconds
[[1550  363]
 [  18   78]]
acc: 0.810
f1: 0.291
[[1859   54]
 [  56   40]]
acc: 0.945
f1: 0.421
10,105,coarse : 31.35 seconds
10,105,fine : 31.36 seconds
[[1549  364]
 [  18   78]]
acc: 0.810
f1: 0.290
[[1859   54]
 [  56   40]]
acc: 0.945
f1: 0.421
10,106,coarse : 31.64 seconds
10,106,fine : 31.65 seconds
[[1552  361]
 [  18   78]]
acc: 0.811
f1: 0.292
[[1858   55]
 [  55   41]]
acc: 0.945
f1: 0.427
10,107,coarse : 31.15 seconds
10,107,fine : 31.16 seconds
[[1546  367]
 [  18   78]]
acc: 0.808
f1: 0.288
[[1856   57]
 [  55   41]]
acc: 0.944
f1: 0.423
10,108,coarse : 31.11 seconds
10,108,fine : 31.12 seconds
[[1549  364]
 [  18   78]]
acc: 0.810
f1: 0.290
[[1857   56]
 [  55   41]]
acc: 0.945
f1: 0.425
10,109,coarse : 32.07 seconds
10,109,fine : 32.08 seconds
[[1545  368]
 [  18   78]]
acc: 0.808
f1: 0.288
[[1857   56]
 [  55   41]]
acc: 0.945
f1: 0.425
10,110,coarse : 32.65 seconds
10,110,fine : 32.66 seconds
[[1548  365]
 [  18   78]]
acc: 0.809
f1: 0.289
[[1859   54]
 [  55   41]]
acc: 0.946
f1: 0.429
10,111,coarse : 33.08 seconds
10,111,fine : 33.09 seconds
[[1551  362]
 [  17   79]]
acc: 0.811
f1: 0.294
[[1860   53]
 [  55   41]]
acc: 0.946
f1: 0.432
10,112,coarse : 31.79 seconds
10,112,fine : 31.81 seconds
[[1551  362]
 [  17   79]]
acc: 0.811
f1: 0.294
[[1858   55]
 [  56   40]]
acc: 0.945
f1: 0.419
10,113,coarse : 32.69 seconds
10,113,fine : 32.7 seconds
[[1550  363]
 [  17   79]]
acc: 0.811
f1: 0.294
[[1858   55]
 [  56   40]]
acc: 0.945
f1: 0.419
10,114,coarse : 32.79 seconds
10,114,fine : 32.8 seconds
[[1554  359]
 [  17   79]]
acc: 0.813
f1: 0.296
[[1858   55]
 [  55   41]]
acc: 0.945
f1: 0.427
10,115,coarse : 33.53 seconds
10,115,fine : 33.54 seconds
[[1549  364]
 [  17   79]]
acc: 0.810
f1: 0.293
[[1862   51]
 [  56   40]]
acc: 0.947
f1: 0.428
10,116,coarse : 34.45 seconds
10,116,fine : 34.46 seconds
[[1550  363]
 [  17   79]]
acc: 0.811
f1: 0.294
[[1859   54]
 [  56   40]]
acc: 0.945
f1: 0.421
10,117,coarse : 34.26 seconds
10,117,fine : 34.28 seconds
[[1550  363]
 [  17   79]]
acc: 0.811
f1: 0.294
[[1859   54]
 [  54   42]]
acc: 0.946
f1: 0.438
10,118,coarse : 35.57 seconds
10,118,fine : 35.59 seconds
[[1551  362]
 [  16   80]]
acc: 0.812
f1: 0.297
[[1859   54]
 [  55   41]]
acc: 0.946
f1: 0.429
10,119,coarse : 33.98 seconds
10,119,fine : 34.0 seconds
[[1551  362]
 [  16   80]]
acc: 0.812
f1: 0.297
[[1856   57]
 [  53   43]]
acc: 0.945
f1: 0.439
10,120,coarse : 34.63 seconds
10,120,fine : 34.65 seconds
[[1554  359]
 [  16   80]]
acc: 0.813
f1: 0.299
[[1855   58]
 [  52   44]]
acc: 0.945
f1: 0.444
10,121,coarse : 35.05 seconds
10,121,fine : 35.07 seconds
[[1556  357]
 [  17   79]]
acc: 0.814
f1: 0.297
[[1855   58]
 [  52   44]]
acc: 0.945
f1: 0.444
10,122,coarse : 35.21 seconds
10,122,fine : 35.22 seconds
[[1560  353]
 [  17   79]]
acc: 0.816
f1: 0.299
[[1854   59]
 [  52   44]]
acc: 0.945
f1: 0.442
10,123,coarse : 35.04 seconds
10,123,fine : 35.05 seconds
[[1562  351]
 [  17   79]]
acc: 0.817
f1: 0.300
[[1854   59]
 [  52   44]]
acc: 0.945
f1: 0.442
10,124,coarse : 36.6 seconds
10,124,fine : 36.62 seconds
[[1557  356]
 [  16   80]]
acc: 0.815
f1: 0.301
[[1851   62]
 [  52   44]]
acc: 0.943
f1: 0.436
10,125,coarse : 35.99 seconds
10,125,fine : 36.01 seconds
[[1555  358]
 [  16   80]]
acc: 0.814
f1: 0.300
[[1857   56]
 [  52   44]]
acc: 0.946
f1: 0.449
10,126,coarse : 37.02 seconds
10,126,fine : 37.04 seconds
[[1558  355]
 [  16   80]]
acc: 0.815
f1: 0.301
[[1858   55]
 [  52   44]]
acc: 0.947
f1: 0.451
10,127,coarse : 37.0 seconds
10,127,fine : 37.02 seconds
[[1563  350]
 [  17   79]]
acc: 0.817
f1: 0.301
[[1856   57]
 [  56   40]]
acc: 0.944
f1: 0.415
10,128,coarse : 36.78 seconds
10,128,fine : 36.8 seconds
[[1557  356]
 [  17   79]]
acc: 0.814
f1: 0.298
[[1855   58]
 [  55   41]]
acc: 0.944
f1: 0.421
10,129,coarse : 37.38 seconds
10,129,fine : 37.39 seconds
[[1556  357]
 [  17   79]]
acc: 0.814
f1: 0.297
[[1857   56]
 [  56   40]]
acc: 0.944
f1: 0.417
10,130,coarse : 37.42 seconds
10,130,fine : 37.43 seconds
[[1556  357]
 [  16   80]]
acc: 0.814
f1: 0.300
[[1859   54]
 [  55   41]]
acc: 0.946
f1: 0.429
10,131,coarse : 39.35 seconds
10,131,fine : 39.36 seconds
[[1554  359]
 [  16   80]]
acc: 0.813
f1: 0.299
[[1859   54]
 [  55   41]]
acc: 0.946
f1: 0.429
10,132,coarse : 39.74 seconds
10,132,fine : 39.75 seconds
[[1553  360]
 [  16   80]]
acc: 0.813
f1: 0.299
[[1859   54]
 [  55   41]]
acc: 0.946
f1: 0.429
10,133,coarse : 39.96 seconds
10,133,fine : 39.98 seconds
[[1559  354]
 [  16   80]]
acc: 0.816
f1: 0.302
[[1857   56]
 [  54   42]]
acc: 0.945
f1: 0.433
10,134,coarse : 39.33 seconds
10,134,fine : 39.35 seconds
[[1556  357]
 [  16   80]]
acc: 0.814
f1: 0.300
[[1858   55]
 [  51   45]]
acc: 0.947
f1: 0.459
10,135,coarse : 40.47 seconds
10,135,fine : 40.49 seconds
[[1553  360]
 [  15   81]]
acc: 0.813
f1: 0.302
[[1857   56]
 [  53   43]]
acc: 0.946
f1: 0.441
10,136,coarse : 39.68 seconds
10,136,fine : 39.7 seconds
[[1552  361]
 [  17   79]]
acc: 0.812
f1: 0.295
[[1856   57]
 [  54   42]]
acc: 0.945
f1: 0.431
10,137,coarse : 40.5 seconds
10,137,fine : 40.52 seconds
[[1554  359]
 [  15   81]]
acc: 0.814
f1: 0.302
[[1857   56]
 [  54   42]]
acc: 0.945
f1: 0.433
10,138,coarse : 40.6 seconds
10,138,fine : 40.61 seconds
[[1551  362]
 [  16   80]]
acc: 0.812
f1: 0.297
[[1857   56]
 [  53   43]]
acc: 0.946
f1: 0.441
10,139,coarse : 41.38 seconds
10,139,fine : 41.4 seconds
[[1551  362]
 [  15   81]]
acc: 0.812
f1: 0.301
[[1857   56]
 [  53   43]]
acc: 0.946
f1: 0.441
10,140,coarse : 41.47 seconds
10,140,fine : 41.49 seconds
[[1553  360]
 [  16   80]]
acc: 0.813
f1: 0.299
[[1858   55]
 [  53   43]]
acc: 0.946
f1: 0.443
10,141,coarse : 41.83 seconds
10,141,fine : 41.85 seconds
[[1555  358]
 [  16   80]]
acc: 0.814
f1: 0.300
[[1857   56]
 [  54   42]]
acc: 0.945
f1: 0.433
10,142,coarse : 42.73 seconds
10,142,fine : 42.74 seconds
[[1556  357]
 [  16   80]]
acc: 0.814
f1: 0.300
[[1857   56]
 [  54   42]]
acc: 0.945
f1: 0.433
10,143,coarse : 42.73 seconds
10,143,fine : 42.75 seconds
[[1554  359]
 [  16   80]]
acc: 0.813
f1: 0.299
[[1858   55]
 [  54   42]]
acc: 0.946
f1: 0.435
10,144,coarse : 43.27 seconds
10,144,fine : 43.29 seconds
[[1555  358]
 [  16   80]]
acc: 0.814
f1: 0.300
[[1854   59]
 [  52   44]]
acc: 0.945
f1: 0.442
10,145,coarse : 42.9 seconds
10,145,fine : 42.92 seconds
[[1554  359]
 [  17   79]]
acc: 0.813
f1: 0.296
[[1855   58]
 [  53   43]]
acc: 0.945
f1: 0.437
10,146,coarse : 44.29 seconds
10,146,fine : 44.31 seconds
[[1554  359]
 [  16   80]]
acc: 0.813
f1: 0.299
[[1851   62]
 [  52   44]]
acc: 0.943
f1: 0.436
10,147,coarse : 44.41 seconds
10,147,fine : 44.43 seconds
[[1555  358]
 [  16   80]]
acc: 0.814
f1: 0.300
[[1853   60]
 [  51   45]]
acc: 0.945
f1: 0.448
10,148,coarse : 43.94 seconds
10,148,fine : 43.96 seconds
[[1557  356]
 [  18   78]]
acc: 0.814
f1: 0.294
[[1853   60]
 [  50   46]]
acc: 0.945
f1: 0.455
10,149,coarse : 44.29 seconds
10,149,fine : 44.3 seconds
[[1548  365]
 [  18   78]]
acc: 0.809
f1: 0.289
[[1853   60]
 [  50   46]]
acc: 0.945
f1: 0.455
10,150,coarse : 48.12 seconds
10,150,fine : 48.14 seconds
[[1550  363]
 [  17   79]]
acc: 0.811
f1: 0.294
[[1853   60]
 [  48   48]]
acc: 0.946
f1: 0.471
10,151,coarse : 47.3 seconds
10,151,fine : 47.32 seconds
[[1551  362]
 [  17   79]]
acc: 0.811
f1: 0.294
[[1853   60]
 [  48   48]]
acc: 0.946
f1: 0.471
10,152,coarse : 45.95 seconds
10,152,fine : 45.97 seconds
[[1552  361]
 [  17   79]]
acc: 0.812
f1: 0.295
[[1851   62]
 [  48   48]]
acc: 0.945
f1: 0.466
10,153,coarse : 45.28 seconds
10,153,fine : 45.29 seconds
[[1552  361]
 [  17   79]]
acc: 0.812
f1: 0.295
[[1850   63]
 [  50   46]]
acc: 0.944
f1: 0.449
10,154,coarse : 46.27 seconds
10,154,fine : 46.29 seconds
[[1552  361]
 [  17   79]]
acc: 0.812
f1: 0.295
[[1852   61]
 [  50   46]]
acc: 0.945
f1: 0.453
10,155,coarse : 47.31 seconds
10,155,fine : 47.32 seconds
[[1562  351]
 [  17   79]]
acc: 0.817
f1: 0.300
[[1852   61]
 [  50   46]]
acc: 0.945
f1: 0.453
10,156,coarse : 47.42 seconds
10,156,fine : 47.44 seconds
[[1560  353]
 [  18   78]]
acc: 0.815
f1: 0.296
[[1852   61]
 [  51   45]]
acc: 0.944
f1: 0.446
10,157,coarse : 46.41 seconds
10,157,fine : 46.43 seconds
[[1556  357]
 [  18   78]]
acc: 0.813
f1: 0.294
[[1853   60]
 [  51   45]]
acc: 0.945
f1: 0.448
10,158,coarse : 47.53 seconds
10,158,fine : 47.55 seconds
[[1553  360]
 [  17   79]]
acc: 0.812
f1: 0.295
[[1854   59]
 [  53   43]]
acc: 0.944
f1: 0.434
10,159,coarse : 47.49 seconds
10,159,fine : 47.5 seconds
[[1555  358]
 [  16   80]]
acc: 0.814
f1: 0.300
[[1854   59]
 [  51   45]]
acc: 0.945
f1: 0.450
10,160,coarse : 46.83 seconds
10,160,fine : 46.85 seconds
[[1554  359]
 [  16   80]]
acc: 0.813
f1: 0.299
[[1854   59]
 [  49   47]]
acc: 0.946
f1: 0.465
10,161,coarse : 47.97 seconds
10,161,fine : 47.99 seconds
[[1558  355]
 [  17   79]]
acc: 0.815
f1: 0.298
[[1853   60]
 [  48   48]]
acc: 0.946
f1: 0.471
10,162,coarse : 47.02 seconds
10,162,fine : 47.04 seconds
[[1558  355]
 [  17   79]]
acc: 0.815
f1: 0.298
[[1854   59]
 [  47   49]]
acc: 0.947
f1: 0.480
10,163,coarse : 48.74 seconds
10,163,fine : 48.75 seconds
[[1560  353]
 [  17   79]]
acc: 0.816
f1: 0.299
[[1852   61]
 [  47   49]]
acc: 0.946
f1: 0.476
10,164,coarse : 50.05 seconds
10,164,fine : 50.07 seconds
[[1559  354]
 [  15   81]]
acc: 0.816
f1: 0.305
[[1852   61]
 [  47   49]]
acc: 0.946
f1: 0.476
10,165,coarse : 49.74 seconds
10,165,fine : 49.75 seconds
[[1558  355]
 [  16   80]]
acc: 0.815
f1: 0.301
[[1852   61]
 [  47   49]]
acc: 0.946
f1: 0.476
10,166,coarse : 50.13 seconds
10,166,fine : 50.14 seconds
[[1558  355]
 [  16   80]]
acc: 0.815
f1: 0.301
[[1853   60]
 [  46   50]]
acc: 0.947
f1: 0.485
10,167,coarse : 51.03 seconds
10,167,fine : 51.05 seconds
[[1558  355]
 [  16   80]]
acc: 0.815
f1: 0.301
[[1855   58]
 [  46   50]]
acc: 0.948
f1: 0.490
10,168,coarse : 51.91 seconds
10,168,fine : 51.93 seconds
[[1557  356]
 [  16   80]]
acc: 0.815
f1: 0.301
[[1857   56]
 [  46   50]]
acc: 0.949
f1: 0.495
10,169,coarse : 51.56 seconds
10,169,fine : 51.58 seconds
[[1555  358]
 [  15   81]]
acc: 0.814
f1: 0.303
[[1857   56]
 [  46   50]]
acc: 0.949
f1: 0.495
10,170,coarse : 51.96 seconds
10,170,fine : 51.98 seconds
[[1551  362]
 [  16   80]]
acc: 0.812
f1: 0.297
[[1857   56]
 [  46   50]]
acc: 0.949
f1: 0.495
10,171,coarse : 49.37 seconds
10,171,fine : 49.39 seconds
[[1547  366]
 [  16   80]]
acc: 0.810
f1: 0.295
[[1856   57]
 [  46   50]]
acc: 0.949
f1: 0.493
10,172,coarse : 45.88 seconds
10,172,fine : 45.9 seconds
