all           0      1    2    3    4    5    6    7    8    
1      2010   1914   1    19   32   19   1    11   6    7    
2      2010   1914   1    19   32   19   1    11   6    7    
3      2010   1914   1    19   32   19   1    11   5    8    
4      2010   1914   1    19   32   19   1    10   6    8    
5      2010   1914   1    18   33   19   1    10   6    8    
6      2010   1914   1    18   33   19   1    10   6    8    
7      2010   1913   2    18   33   19   1    10   6    8    
8      2010   1913   2    18   33   19   1    10   6    8    
9      2009   1913   2    18   32   19   2    10   6    7    
10     2009   1913   1    19   32   19   1    11   6    7    
Total  20098  19136  13   185  324  190  11   104  59   76   
train         0      1    2    3    4    5    6    7    8    
1      2010   1914   1    19   32   19   1    11   6    7    
2      2010   1914   1    19   32   19   1    11   6    7    
3      2010   1914   1    19   32   19   1    11   5    8    
4      2010   1914   1    19   32   19   1    10   6    8    
5      2010   1914   1    18   33   19   1    10   6    8    
7      2010   1913   2    18   33   19   1    10   6    8    
8      2010   1913   2    18   33   19   1    10   6    8    
9      2009   1913   2    18   32   19   2    10   6    7    
10     2009   1913   1    19   32   19   1    11   6    7    
Total  18088  17222  12   167  291  171  10   94   53   68   
test          0      1    2    3    4    5    6    7    8    
6      2010   1914   1    18   33   19   1    10   6    8    
Total  2010   1914   1    18   33   19   1    10   6    8    
Classes             
0         17222     
1         12        
2         167       
3         291       
4         171       
5         10        
6         94        
7         53        
8         68        
Total     18088     

Shape: 450       

[952, 10, 11, 16, 11, 10, 10, 10, 10]
Sum start => 1040
[[1370  544]
 [  21   75]]
acc: 0.719
f1: 0.210
[[1871   43]
 [  87    9]]
acc: 0.935
f1: 0.122
6,1,coarse : 40.81 seconds
6,1,fine : 40.81 seconds
[[1370  544]
 [  21   75]]
acc: 0.719
f1: 0.210
[[1871   43]
 [  87    9]]
acc: 0.935
f1: 0.122
6,2,coarse : 42.32 seconds
6,2,fine : 42.32 seconds
[[1410  504]
 [  22   74]]
acc: 0.738
f1: 0.220
[[1901   13]
 [  93    3]]
acc: 0.947
f1: 0.054
6,3,coarse : 39.95 seconds
6,3,fine : 39.95 seconds
[[1432  482]
 [  25   71]]
acc: 0.748
f1: 0.219
[[1913    1]
 [  94    2]]
acc: 0.953
f1: 0.040
6,4,coarse : 39.97 seconds
6,4,fine : 39.97 seconds
[[1468  446]
 [  25   71]]
acc: 0.766
f1: 0.232
[[1910    4]
 [  93    3]]
acc: 0.952
f1: 0.058
6,5,coarse : 40.5 seconds
6,5,fine : 40.5 seconds
[[1479  435]
 [  25   71]]
acc: 0.771
f1: 0.236
[[1910    4]
 [  90    6]]
acc: 0.953
f1: 0.113
6,6,coarse : 39.42 seconds
6,6,fine : 39.42 seconds
[[1506  408]
 [  28   68]]
acc: 0.783
f1: 0.238
[[1910    4]
 [  90    6]]
acc: 0.953
f1: 0.113
6,7,coarse : 39.54 seconds
6,7,fine : 39.54 seconds
[[1511  403]
 [  25   71]]
acc: 0.787
f1: 0.249
[[1910    4]
 [  92    4]]
acc: 0.952
f1: 0.077
6,8,coarse : 40.49 seconds
6,8,fine : 40.49 seconds
[[1526  388]
 [  24   72]]
acc: 0.795
f1: 0.259
[[1910    4]
 [  91    5]]
acc: 0.953
f1: 0.095
6,9,coarse : 39.44 seconds
6,9,fine : 39.44 seconds
[[1536  378]
 [  25   71]]
acc: 0.800
f1: 0.261
[[1910    4]
 [  91    5]]
acc: 0.953
f1: 0.095
6,10,coarse : 39.33 seconds
6,10,fine : 39.33 seconds
[[1540  374]
 [  25   71]]
acc: 0.801
f1: 0.262
[[1910    4]
 [  88    8]]
acc: 0.954
f1: 0.148
6,11,coarse : 41.81 seconds
6,11,fine : 41.81 seconds
[[1553  361]
 [  25   71]]
acc: 0.808
f1: 0.269
[[1910    4]
 [  88    8]]
acc: 0.954
f1: 0.148
6,12,coarse : 39.62 seconds
6,12,fine : 39.62 seconds
[[1560  354]
 [  26   70]]
acc: 0.811
f1: 0.269
[[1909    5]
 [  88    8]]
acc: 0.954
f1: 0.147
6,13,coarse : 38.21 seconds
6,13,fine : 38.21 seconds
[[1575  339]
 [  26   70]]
acc: 0.818
f1: 0.277
[[1909    5]
 [  88    8]]
acc: 0.954
f1: 0.147
6,14,coarse : 39.61 seconds
6,14,fine : 39.61 seconds
[[1589  325]
 [  26   70]]
acc: 0.825
f1: 0.285
[[1909    5]
 [  86   10]]
acc: 0.955
f1: 0.180
6,15,coarse : 38.96 seconds
6,15,fine : 38.96 seconds
[[1577  337]
 [  26   70]]
acc: 0.819
f1: 0.278
[[1910    4]
 [  87    9]]
acc: 0.955
f1: 0.165
6,16,coarse : 38.88 seconds
6,16,fine : 38.88 seconds
[[1588  326]
 [  25   71]]
acc: 0.825
f1: 0.288
[[1908    6]
 [  86   10]]
acc: 0.954
f1: 0.179
6,17,coarse : 40.0 seconds
6,17,fine : 40.01 seconds
[[1591  323]
 [  25   71]]
acc: 0.827
f1: 0.290
[[1908    6]
 [  85   11]]
acc: 0.955
f1: 0.195
6,18,coarse : 39.35 seconds
6,18,fine : 39.35 seconds
[[1596  318]
 [  25   71]]
acc: 0.829
f1: 0.293
[[1908    6]
 [  85   11]]
acc: 0.955
f1: 0.195
6,19,coarse : 39.4 seconds
6,19,fine : 39.4 seconds
[[1607  307]
 [  23   73]]
acc: 0.836
f1: 0.307
[[1907    7]
 [  84   12]]
acc: 0.955
f1: 0.209
6,20,coarse : 39.6 seconds
6,20,fine : 39.61 seconds
[[1620  294]
 [  25   71]]
acc: 0.841
f1: 0.308
[[1908    6]
 [  85   11]]
acc: 0.955
f1: 0.195
6,21,coarse : 38.86 seconds
6,21,fine : 38.86 seconds
[[1618  296]
 [  24   72]]
acc: 0.841
f1: 0.310
[[1908    6]
 [  84   12]]
acc: 0.955
f1: 0.211
6,22,coarse : 38.9 seconds
6,22,fine : 38.9 seconds
[[1616  298]
 [  24   72]]
acc: 0.840
f1: 0.309
[[1906    8]
 [  84   12]]
acc: 0.954
f1: 0.207
6,23,coarse : 39.59 seconds
6,23,fine : 39.6 seconds
[[1625  289]
 [  26   70]]
acc: 0.843
f1: 0.308
[[1907    7]
 [  85   11]]
acc: 0.954
f1: 0.193
6,24,coarse : 38.93 seconds
6,24,fine : 38.94 seconds
[[1628  286]
 [  27   69]]
acc: 0.844
f1: 0.306
[[1907    7]
 [  84   12]]
acc: 0.955
f1: 0.209
6,25,coarse : 38.91 seconds
6,25,fine : 38.91 seconds
[[1621  293]
 [  26   70]]
acc: 0.841
f1: 0.305
[[1906    8]
 [  84   12]]
acc: 0.954
f1: 0.207
6,26,coarse : 39.63 seconds
6,26,fine : 39.63 seconds
[[1626  288]
 [  25   71]]
acc: 0.844
f1: 0.312
[[1906    8]
 [  83   13]]
acc: 0.955
f1: 0.222
6,27,coarse : 38.14 seconds
6,27,fine : 38.15 seconds
[[1629  285]
 [  25   71]]
acc: 0.846
f1: 0.314
[[1906    8]
 [  83   13]]
acc: 0.955
f1: 0.222
6,28,coarse : 38.2 seconds
6,28,fine : 38.2 seconds
[[1626  288]
 [  25   71]]
acc: 0.844
f1: 0.312
[[1906    8]
 [  83   13]]
acc: 0.955
f1: 0.222
6,29,coarse : 38.19 seconds
6,29,fine : 38.19 seconds
[[1627  287]
 [  26   70]]
acc: 0.844
f1: 0.309
[[1906    8]
 [  81   15]]
acc: 0.956
f1: 0.252
6,30,coarse : 38.99 seconds
6,30,fine : 38.99 seconds
[[1629  285]
 [  27   69]]
acc: 0.845
f1: 0.307
[[1906    8]
 [  81   15]]
acc: 0.956
f1: 0.252
6,31,coarse : 38.27 seconds
6,31,fine : 38.27 seconds
[[1634  280]
 [  28   68]]
acc: 0.847
f1: 0.306
[[1906    8]
 [  81   15]]
acc: 0.956
f1: 0.252
6,32,coarse : 38.46 seconds
6,32,fine : 38.46 seconds
[[1630  284]
 [  28   68]]
acc: 0.845
f1: 0.304
[[1906    8]
 [  81   15]]
acc: 0.956
f1: 0.252
6,33,coarse : 39.57 seconds
6,33,fine : 39.57 seconds
[[1632  282]
 [  27   69]]
acc: 0.846
f1: 0.309
[[1906    8]
 [  81   15]]
acc: 0.956
f1: 0.252
6,34,coarse : 38.48 seconds
6,34,fine : 38.49 seconds
[[1628  286]
 [  26   70]]
acc: 0.845
f1: 0.310
[[1906    8]
 [  81   15]]
acc: 0.956
f1: 0.252
6,35,coarse : 38.61 seconds
6,35,fine : 38.62 seconds
[[1626  288]
 [  25   71]]
acc: 0.844
f1: 0.312
[[1906    8]
 [  81   15]]
acc: 0.956
f1: 0.252
6,36,coarse : 39.49 seconds
6,36,fine : 39.5 seconds
[[1628  286]
 [  25   71]]
acc: 0.845
f1: 0.313
[[1906    8]
 [  81   15]]
acc: 0.956
f1: 0.252
6,37,coarse : 38.68 seconds
6,37,fine : 38.71 seconds
[[1631  283]
 [  26   70]]
acc: 0.846
f1: 0.312
[[1906    8]
 [  81   15]]
acc: 0.956
f1: 0.252
6,38,coarse : 38.8 seconds
6,38,fine : 38.81 seconds
[[1634  280]
 [  25   71]]
acc: 0.848
f1: 0.318
[[1906    8]
 [  80   16]]
acc: 0.956
f1: 0.267
6,39,coarse : 38.47 seconds
6,39,fine : 38.48 seconds
[[1632  282]
 [  25   71]]
acc: 0.847
f1: 0.316
[[1905    9]
 [  81   15]]
acc: 0.955
f1: 0.250
6,40,coarse : 39.39 seconds
6,40,fine : 39.4 seconds
[[1641  273]
 [  26   70]]
acc: 0.851
f1: 0.319
[[1906    8]
 [  80   16]]
acc: 0.956
f1: 0.267
6,41,coarse : 38.6 seconds
6,41,fine : 38.61 seconds
[[1641  273]
 [  26   70]]
acc: 0.851
f1: 0.319
[[1906    8]
 [  80   16]]
acc: 0.956
f1: 0.267
6,42,coarse : 38.91 seconds
6,42,fine : 38.92 seconds
[[1638  276]
 [  25   71]]
acc: 0.850
f1: 0.321
[[1904   10]
 [  80   16]]
acc: 0.955
f1: 0.262
6,43,coarse : 38.94 seconds
6,43,fine : 38.94 seconds
[[1639  275]
 [  25   71]]
acc: 0.851
f1: 0.321
[[1904   10]
 [  80   16]]
acc: 0.955
f1: 0.262
6,44,coarse : 38.54 seconds
6,44,fine : 38.55 seconds
[[1638  276]
 [  26   70]]
acc: 0.850
f1: 0.317
[[1904   10]
 [  80   16]]
acc: 0.955
f1: 0.262
6,45,coarse : 38.53 seconds
6,45,fine : 38.54 seconds
[[1634  280]
 [  26   70]]
acc: 0.848
f1: 0.314
[[1904   10]
 [  79   17]]
acc: 0.956
f1: 0.276
6,46,coarse : 38.31 seconds
6,46,fine : 38.32 seconds
[[1632  282]
 [  28   68]]
acc: 0.846
f1: 0.305
[[1903   11]
 [  79   17]]
acc: 0.955
f1: 0.274
6,47,coarse : 38.96 seconds
6,47,fine : 38.97 seconds
[[1634  280]
 [  28   68]]
acc: 0.847
f1: 0.306
[[1903   11]
 [  78   18]]
acc: 0.956
f1: 0.288
6,48,coarse : 38.44 seconds
6,48,fine : 38.45 seconds
[[1639  275]
 [  26   70]]
acc: 0.850
f1: 0.317
[[1904   10]
 [  79   17]]
acc: 0.956
f1: 0.276
6,49,coarse : 38.17 seconds
6,49,fine : 38.18 seconds
[[1637  277]
 [  26   70]]
acc: 0.849
f1: 0.316
[[1904   10]
 [  78   18]]
acc: 0.956
f1: 0.290
6,50,coarse : 41.79 seconds
6,50,fine : 41.79 seconds
[[1632  282]
 [  26   70]]
acc: 0.847
f1: 0.312
[[1904   10]
 [  78   18]]
acc: 0.956
f1: 0.290
6,51,coarse : 39.04 seconds
6,51,fine : 39.05 seconds
[[1640  274]
 [  26   70]]
acc: 0.851
f1: 0.318
[[1904   10]
 [  78   18]]
acc: 0.956
f1: 0.290
6,52,coarse : 39.18 seconds
6,52,fine : 39.19 seconds
[[1638  276]
 [  26   70]]
acc: 0.850
f1: 0.317
[[1904   10]
 [  78   18]]
acc: 0.956
f1: 0.290
6,53,coarse : 39.51 seconds
6,53,fine : 39.51 seconds
[[1635  279]
 [  26   70]]
acc: 0.848
f1: 0.315
[[1903   11]
 [  77   19]]
acc: 0.956
f1: 0.302
6,54,coarse : 38.22 seconds
6,54,fine : 38.23 seconds
[[1638  276]
 [  25   71]]
acc: 0.850
f1: 0.321
[[1902   12]
 [  77   19]]
acc: 0.956
f1: 0.299
6,55,coarse : 38.54 seconds
6,55,fine : 38.55 seconds
[[1641  273]
 [  26   70]]
acc: 0.851
f1: 0.319
[[1902   12]
 [  77   19]]
acc: 0.956
f1: 0.299
6,56,coarse : 38.9 seconds
6,56,fine : 38.9 seconds
[[1641  273]
 [  26   70]]
acc: 0.851
f1: 0.319
[[1902   12]
 [  77   19]]
acc: 0.956
f1: 0.299
6,57,coarse : 39.61 seconds
6,57,fine : 39.61 seconds
[[1642  272]
 [  26   70]]
acc: 0.852
f1: 0.320
[[1901   13]
 [  77   19]]
acc: 0.955
f1: 0.297
6,58,coarse : 39.36 seconds
6,58,fine : 39.36 seconds
[[1636  278]
 [  26   70]]
acc: 0.849
f1: 0.315
[[1900   14]
 [  77   19]]
acc: 0.955
f1: 0.295
6,59,coarse : 38.97 seconds
6,59,fine : 38.98 seconds
[[1634  280]
 [  25   71]]
acc: 0.848
f1: 0.318
[[1901   13]
 [  77   19]]
acc: 0.955
f1: 0.297
6,60,coarse : 38.97 seconds
6,60,fine : 38.98 seconds
[[1640  274]
 [  25   71]]
acc: 0.851
f1: 0.322
[[1900   14]
 [  77   19]]
acc: 0.955
f1: 0.295
6,61,coarse : 38.94 seconds
6,61,fine : 38.94 seconds
[[1641  273]
 [  25   71]]
acc: 0.852
f1: 0.323
[[1900   14]
 [  76   20]]
acc: 0.955
f1: 0.308
6,62,coarse : 39.29 seconds
6,62,fine : 39.29 seconds
[[1645  269]
 [  25   71]]
acc: 0.854
f1: 0.326
[[1899   15]
 [  75   21]]
acc: 0.955
f1: 0.318
6,63,coarse : 38.67 seconds
6,63,fine : 38.68 seconds
[[1646  268]
 [  25   71]]
acc: 0.854
f1: 0.326
[[1898   16]
 [  75   21]]
acc: 0.955
f1: 0.316
6,64,coarse : 38.68 seconds
6,64,fine : 38.68 seconds
[[1643  271]
 [  25   71]]
acc: 0.853
f1: 0.324
[[1898   16]
 [  75   21]]
acc: 0.955
f1: 0.316
6,65,coarse : 38.43 seconds
6,65,fine : 38.44 seconds
[[1640  274]
 [  26   70]]
acc: 0.851
f1: 0.318
[[1898   16]
 [  76   20]]
acc: 0.954
f1: 0.303
6,66,coarse : 39.64 seconds
6,66,fine : 39.65 seconds
[[1641  273]
 [  25   71]]
acc: 0.852
f1: 0.323
[[1897   17]
 [  75   21]]
acc: 0.954
f1: 0.313
6,67,coarse : 38.53 seconds
6,67,fine : 38.54 seconds
[[1638  276]
 [  26   70]]
acc: 0.850
f1: 0.317
[[1897   17]
 [  75   21]]
acc: 0.954
f1: 0.313
6,68,coarse : 38.45 seconds
6,68,fine : 38.46 seconds
[[1638  276]
 [  26   70]]
acc: 0.850
f1: 0.317
[[1896   18]
 [  75   21]]
acc: 0.954
f1: 0.311
6,69,coarse : 38.45 seconds
6,69,fine : 38.45 seconds
[[1639  275]
 [  25   71]]
acc: 0.851
f1: 0.321
[[1896   18]
 [  75   21]]
acc: 0.954
f1: 0.311
6,70,coarse : 38.56 seconds
6,70,fine : 38.57 seconds
[[1633  281]
 [  25   71]]
acc: 0.848
f1: 0.317
[[1895   19]
 [  73   23]]
acc: 0.954
f1: 0.333
6,71,coarse : 39.73 seconds
6,71,fine : 39.74 seconds
[[1636  278]
 [  25   71]]
acc: 0.849
f1: 0.319
[[1895   19]
 [  73   23]]
acc: 0.954
f1: 0.333
6,72,coarse : 38.42 seconds
6,72,fine : 38.42 seconds
[[1639  275]
 [  25   71]]
acc: 0.851
f1: 0.321
[[1895   19]
 [  72   24]]
acc: 0.955
f1: 0.345
6,73,coarse : 38.45 seconds
6,73,fine : 38.46 seconds
[[1637  277]
 [  26   70]]
acc: 0.849
f1: 0.316
[[1894   20]
 [  71   25]]
acc: 0.955
f1: 0.355
6,74,coarse : 38.7 seconds
6,74,fine : 38.71 seconds
[[1632  282]
 [  25   71]]
acc: 0.847
f1: 0.316
[[1894   20]
 [  71   25]]
acc: 0.955
f1: 0.355
6,75,coarse : 39.51 seconds
6,75,fine : 39.51 seconds
[[1631  283]
 [  26   70]]
acc: 0.846
f1: 0.312
[[1893   21]
 [  70   26]]
acc: 0.955
f1: 0.364
6,76,coarse : 38.69 seconds
6,76,fine : 38.7 seconds
[[1631  283]
 [  26   70]]
acc: 0.846
f1: 0.312
[[1894   20]
 [  72   24]]
acc: 0.954
f1: 0.343
6,77,coarse : 38.34 seconds
6,77,fine : 38.35 seconds
[[1631  283]
 [  26   70]]
acc: 0.846
f1: 0.312
[[1894   20]
 [  71   25]]
acc: 0.955
f1: 0.355
6,78,coarse : 38.16 seconds
6,78,fine : 38.17 seconds
[[1631  283]
 [  26   70]]
acc: 0.846
f1: 0.312
[[1893   21]
 [  70   26]]
acc: 0.955
f1: 0.364
6,79,coarse : 38.97 seconds
6,79,fine : 38.98 seconds
[[1631  283]
 [  26   70]]
acc: 0.846
f1: 0.312
[[1893   21]
 [  71   25]]
acc: 0.954
f1: 0.352
6,80,coarse : 39.83 seconds
6,80,fine : 39.84 seconds
[[1631  283]
 [  26   70]]
acc: 0.846
f1: 0.312
[[1893   21]
 [  68   28]]
acc: 0.956
f1: 0.386
6,81,coarse : 38.45 seconds
6,81,fine : 38.46 seconds
[[1631  283]
 [  26   70]]
acc: 0.846
f1: 0.312
[[1892   22]
 [  68   28]]
acc: 0.955
f1: 0.384
6,82,coarse : 38.39 seconds
6,82,fine : 38.4 seconds
[[1627  287]
 [  26   70]]
acc: 0.844
f1: 0.309
[[1892   22]
 [  69   27]]
acc: 0.955
f1: 0.372
6,83,coarse : 38.24 seconds
6,83,fine : 38.25 seconds
[[1626  288]
 [  27   69]]
acc: 0.843
f1: 0.305
[[1892   22]
 [  69   27]]
acc: 0.955
f1: 0.372
6,84,coarse : 39.0 seconds
6,84,fine : 39.01 seconds
[[1625  289]
 [  27   69]]
acc: 0.843
f1: 0.304
[[1891   23]
 [  69   27]]
acc: 0.954
f1: 0.370
6,85,coarse : 38.99 seconds
6,85,fine : 39.0 seconds
[[1625  289]
 [  27   69]]
acc: 0.843
f1: 0.304
[[1891   23]
 [  68   28]]
acc: 0.955
f1: 0.381
6,86,coarse : 39.58 seconds
6,86,fine : 39.59 seconds
[[1624  290]
 [  26   70]]
acc: 0.843
f1: 0.307
[[1891   23]
 [  68   28]]
acc: 0.955
f1: 0.381
6,87,coarse : 39.65 seconds
6,87,fine : 39.66 seconds
[[1621  293]
 [  26   70]]
acc: 0.841
f1: 0.305
[[1890   24]
 [  67   29]]
acc: 0.955
f1: 0.389
6,88,coarse : 39.82 seconds
6,88,fine : 39.83 seconds
[[1624  290]
 [  26   70]]
acc: 0.843
f1: 0.307
[[1890   24]
 [  67   29]]
acc: 0.955
f1: 0.389
6,89,coarse : 40.34 seconds
6,89,fine : 40.35 seconds
[[1624  290]
 [  26   70]]
acc: 0.843
f1: 0.307
[[1889   25]
 [  66   30]]
acc: 0.955
f1: 0.397
6,90,coarse : 39.46 seconds
6,90,fine : 39.47 seconds
[[1626  288]
 [  27   69]]
acc: 0.843
f1: 0.305
[[1889   25]
 [  64   32]]
acc: 0.956
f1: 0.418
6,91,coarse : 39.87 seconds
6,91,fine : 39.88 seconds
[[1626  288]
 [  26   70]]
acc: 0.844
f1: 0.308
[[1889   25]
 [  63   33]]
acc: 0.956
f1: 0.429
6,92,coarse : 40.31 seconds
6,92,fine : 40.32 seconds
[[1629  285]
 [  26   70]]
acc: 0.845
f1: 0.310
[[1888   26]
 [  63   33]]
acc: 0.956
f1: 0.426
6,93,coarse : 39.48 seconds
6,93,fine : 39.49 seconds
[[1628  286]
 [  25   71]]
acc: 0.845
f1: 0.313
[[1887   27]
 [  64   32]]
acc: 0.955
f1: 0.413
6,94,coarse : 39.89 seconds
6,94,fine : 39.9 seconds
[[1622  292]
 [  25   71]]
acc: 0.842
f1: 0.309
[[1886   28]
 [  64   32]]
acc: 0.954
f1: 0.410
6,95,coarse : 39.42 seconds
6,95,fine : 39.43 seconds
[[1622  292]
 [  25   71]]
acc: 0.842
f1: 0.309
[[1885   29]
 [  64   32]]
acc: 0.954
f1: 0.408
6,96,coarse : 38.43 seconds
6,96,fine : 38.44 seconds
[[1623  291]
 [  25   71]]
acc: 0.843
f1: 0.310
[[1887   27]
 [  62   34]]
acc: 0.956
f1: 0.433
6,97,coarse : 38.98 seconds
6,97,fine : 38.99 seconds
[[1623  291]
 [  25   71]]
acc: 0.843
f1: 0.310
[[1887   27]
 [  61   35]]
acc: 0.956
f1: 0.443
6,98,coarse : 40.16 seconds
6,98,fine : 40.18 seconds
[[1622  292]
 [  25   71]]
acc: 0.842
f1: 0.309
[[1887   27]
 [  60   36]]
acc: 0.957
f1: 0.453
6,99,coarse : 38.6 seconds
6,99,fine : 38.61 seconds
[[1620  294]
 [  24   72]]
acc: 0.842
f1: 0.312
[[1887   27]
 [  60   36]]
acc: 0.957
f1: 0.453
6,100,coarse : 40.39 seconds
6,100,fine : 40.4 seconds
[[1619  295]
 [  24   72]]
acc: 0.841
f1: 0.311
[[1886   28]
 [  60   36]]
acc: 0.956
f1: 0.450
6,101,coarse : 39.39 seconds
6,101,fine : 39.4 seconds
[[1618  296]
 [  24   72]]
acc: 0.841
f1: 0.310
[[1884   30]
 [  60   36]]
acc: 0.955
f1: 0.444
6,102,coarse : 39.57 seconds
6,102,fine : 39.58 seconds
[[1619  295]
 [  24   72]]
acc: 0.841
f1: 0.311
[[1883   31]
 [  59   37]]
acc: 0.955
f1: 0.451
6,103,coarse : 39.04 seconds
6,103,fine : 39.06 seconds
[[1618  296]
 [  24   72]]
acc: 0.841
f1: 0.310
[[1884   30]
 [  59   37]]
acc: 0.956
f1: 0.454
6,104,coarse : 39.65 seconds
6,104,fine : 39.66 seconds
[[1615  299]
 [  24   72]]
acc: 0.839
f1: 0.308
[[1883   31]
 [  59   37]]
acc: 0.955
f1: 0.451
6,105,coarse : 40.16 seconds
6,105,fine : 40.18 seconds
[[1614  300]
 [  24   72]]
acc: 0.839
f1: 0.308
[[1883   31]
 [  59   37]]
acc: 0.955
f1: 0.451
6,106,coarse : 40.2 seconds
6,106,fine : 40.21 seconds
[[1613  301]
 [  24   72]]
acc: 0.838
f1: 0.307
[[1882   32]
 [  59   37]]
acc: 0.955
f1: 0.448
6,107,coarse : 40.17 seconds
6,107,fine : 40.18 seconds
[[1615  299]
 [  24   72]]
acc: 0.839
f1: 0.308
[[1882   32]
 [  58   38]]
acc: 0.955
f1: 0.458
6,108,coarse : 40.46 seconds
6,108,fine : 40.47 seconds
[[1613  301]
 [  24   72]]
acc: 0.838
f1: 0.307
[[1882   32]
 [  57   39]]
acc: 0.956
f1: 0.467
6,109,coarse : 40.65 seconds
6,109,fine : 40.67 seconds
[[1613  301]
 [  24   72]]
acc: 0.838
f1: 0.307
[[1881   33]
 [  57   39]]
acc: 0.955
f1: 0.464
6,110,coarse : 41.78 seconds
6,110,fine : 41.8 seconds
[[1610  304]
 [  24   72]]
acc: 0.837
f1: 0.305
[[1881   33]
 [  57   39]]
acc: 0.955
f1: 0.464
6,111,coarse : 40.81 seconds
6,111,fine : 40.83 seconds
[[1611  303]
 [  24   72]]
acc: 0.837
f1: 0.306
[[1879   35]
 [  57   39]]
acc: 0.954
f1: 0.459
6,112,coarse : 40.81 seconds
6,112,fine : 40.82 seconds
[[1611  303]
 [  24   72]]
acc: 0.837
f1: 0.306
[[1884   30]
 [  58   38]]
acc: 0.956
f1: 0.463
6,113,coarse : 41.14 seconds
6,113,fine : 41.15 seconds
[[1612  302]
 [  24   72]]
acc: 0.838
f1: 0.306
[[1882   32]
 [  58   38]]
acc: 0.955
f1: 0.458
6,114,coarse : 41.25 seconds
6,114,fine : 41.27 seconds
[[1611  303]
 [  24   72]]
acc: 0.837
f1: 0.306
[[1882   32]
 [  57   39]]
acc: 0.956
f1: 0.467
6,115,coarse : 41.81 seconds
6,115,fine : 41.82 seconds
[[1611  303]
 [  24   72]]
acc: 0.837
f1: 0.306
[[1882   32]
 [  57   39]]
acc: 0.956
f1: 0.467
6,116,coarse : 41.83 seconds
6,116,fine : 41.85 seconds
[[1609  305]
 [  24   72]]
acc: 0.836
f1: 0.304
[[1879   35]
 [  57   39]]
acc: 0.954
f1: 0.459
6,117,coarse : 41.95 seconds
6,117,fine : 41.96 seconds
[[1610  304]
 [  24   72]]
acc: 0.837
f1: 0.305
[[1876   38]
 [  56   40]]
acc: 0.953
f1: 0.460
6,118,coarse : 42.17 seconds
6,118,fine : 42.19 seconds
[[1610  304]
 [  24   72]]
acc: 0.837
f1: 0.305
[[1874   40]
 [  57   39]]
acc: 0.952
f1: 0.446
6,119,coarse : 41.93 seconds
6,119,fine : 41.95 seconds
[[1612  302]
 [  24   72]]
acc: 0.838
f1: 0.306
[[1873   41]
 [  57   39]]
acc: 0.951
f1: 0.443
6,120,coarse : 42.11 seconds
6,120,fine : 42.13 seconds
[[1614  300]
 [  24   72]]
acc: 0.839
f1: 0.308
[[1872   42]
 [  56   40]]
acc: 0.951
f1: 0.449
6,121,coarse : 41.99 seconds
6,121,fine : 42.0 seconds
[[1612  302]
 [  24   72]]
acc: 0.838
f1: 0.306
[[1872   42]
 [  55   41]]
acc: 0.952
f1: 0.458
6,122,coarse : 42.4 seconds
6,122,fine : 42.41 seconds
[[1611  303]
 [  24   72]]
acc: 0.837
f1: 0.306
[[1871   43]
 [  55   41]]
acc: 0.951
f1: 0.456
6,123,coarse : 42.59 seconds
6,123,fine : 42.6 seconds
[[1605  309]
 [  23   73]]
acc: 0.835
f1: 0.305
[[1871   43]
 [  55   41]]
acc: 0.951
f1: 0.456
6,124,coarse : 42.63 seconds
6,124,fine : 42.64 seconds
[[1606  308]
 [  23   73]]
acc: 0.835
f1: 0.306
[[1870   44]
 [  55   41]]
acc: 0.951
f1: 0.453
6,125,coarse : 42.11 seconds
6,125,fine : 42.13 seconds
[[1605  309]
 [  23   73]]
acc: 0.835
f1: 0.305
[[1869   45]
 [  56   40]]
acc: 0.950
f1: 0.442
6,126,coarse : 42.09 seconds
6,126,fine : 42.1 seconds
[[1603  311]
 [  24   72]]
acc: 0.833
f1: 0.301
[[1868   46]
 [  55   41]]
acc: 0.950
f1: 0.448
6,127,coarse : 42.5 seconds
6,127,fine : 42.51 seconds
[[1602  312]
 [  24   72]]
acc: 0.833
f1: 0.300
[[1868   46]
 [  54   42]]
acc: 0.950
f1: 0.457
6,128,coarse : 42.7 seconds
6,128,fine : 42.71 seconds
[[1601  313]
 [  23   73]]
acc: 0.833
f1: 0.303
[[1869   45]
 [  55   41]]
acc: 0.950
f1: 0.451
6,129,coarse : 43.61 seconds
6,129,fine : 43.63 seconds
[[1602  312]
 [  23   73]]
acc: 0.833
f1: 0.304
[[1868   46]
 [  55   41]]
acc: 0.950
f1: 0.448
6,130,coarse : 42.52 seconds
6,130,fine : 42.54 seconds
[[1601  313]
 [  23   73]]
acc: 0.833
f1: 0.303
[[1867   47]
 [  55   41]]
acc: 0.949
f1: 0.446
6,131,coarse : 41.97 seconds
6,131,fine : 41.99 seconds
[[1600  314]
 [  23   73]]
acc: 0.832
f1: 0.302
[[1867   47]
 [  55   41]]
acc: 0.949
f1: 0.446
6,132,coarse : 42.78 seconds
6,132,fine : 42.8 seconds
[[1599  315]
 [  24   72]]
acc: 0.831
f1: 0.298
[[1867   47]
 [  55   41]]
acc: 0.949
f1: 0.446
6,133,coarse : 42.52 seconds
6,133,fine : 42.54 seconds
[[1599  315]
 [  23   73]]
acc: 0.832
f1: 0.302
[[1867   47]
 [  55   41]]
acc: 0.949
f1: 0.446
6,134,coarse : 43.01 seconds
6,134,fine : 43.02 seconds
[[1599  315]
 [  23   73]]
acc: 0.832
f1: 0.302
[[1867   47]
 [  54   42]]
acc: 0.950
f1: 0.454
6,135,coarse : 42.5 seconds
6,135,fine : 42.51 seconds
[[1596  318]
 [  22   74]]
acc: 0.831
f1: 0.303
[[1868   46]
 [  55   41]]
acc: 0.950
f1: 0.448
6,136,coarse : 42.64 seconds
6,136,fine : 42.66 seconds
[[1597  317]
 [  22   74]]
acc: 0.831
f1: 0.304
[[1867   47]
 [  55   41]]
acc: 0.949
f1: 0.446
6,137,coarse : 43.12 seconds
6,137,fine : 43.13 seconds
[[1593  321]
 [  23   73]]
acc: 0.829
f1: 0.298
[[1868   46]
 [  55   41]]
acc: 0.950
f1: 0.448
6,138,coarse : 43.02 seconds
6,138,fine : 43.04 seconds
[[1591  323]
 [  23   73]]
acc: 0.828
f1: 0.297
[[1868   46]
 [  55   41]]
acc: 0.950
f1: 0.448
6,139,coarse : 42.66 seconds
6,139,fine : 42.67 seconds
[[1591  323]
 [  23   73]]
acc: 0.828
f1: 0.297
[[1868   46]
 [  55   41]]
acc: 0.950
f1: 0.448
6,140,coarse : 42.83 seconds
6,140,fine : 42.85 seconds
[[1591  323]
 [  23   73]]
acc: 0.828
f1: 0.297
[[1864   50]
 [  54   42]]
acc: 0.948
f1: 0.447
6,141,coarse : 43.61 seconds
6,141,fine : 43.62 seconds
[[1593  321]
 [  23   73]]
acc: 0.829
f1: 0.298
[[1862   52]
 [  54   42]]
acc: 0.947
f1: 0.442
6,142,coarse : 42.58 seconds
6,142,fine : 42.63 seconds
[[1591  323]
 [  23   73]]
acc: 0.828
f1: 0.297
[[1862   52]
 [  54   42]]
acc: 0.947
f1: 0.442
6,143,coarse : 42.17 seconds
6,143,fine : 42.18 seconds
[[1589  325]
 [  23   73]]
acc: 0.827
f1: 0.296
[[1862   52]
 [  53   43]]
acc: 0.948
f1: 0.450
6,144,coarse : 43.47 seconds
6,144,fine : 43.49 seconds
[[1589  325]
 [  23   73]]
acc: 0.827
f1: 0.296
[[1861   53]
 [  52   44]]
acc: 0.948
f1: 0.456
6,145,coarse : 43.65 seconds
6,145,fine : 43.67 seconds
[[1590  324]
 [  23   73]]
acc: 0.827
f1: 0.296
[[1860   54]
 [  52   44]]
acc: 0.947
f1: 0.454
6,146,coarse : 43.37 seconds
6,146,fine : 43.39 seconds
[[1589  325]
 [  23   73]]
acc: 0.827
f1: 0.296
[[1860   54]
 [  52   44]]
acc: 0.947
f1: 0.454
6,147,coarse : 43.73 seconds
6,147,fine : 43.74 seconds
[[1587  327]
 [  23   73]]
acc: 0.826
f1: 0.294
[[1860   54]
 [  52   44]]
acc: 0.947
f1: 0.454
6,148,coarse : 43.96 seconds
6,148,fine : 43.98 seconds
[[1584  330]
 [  23   73]]
acc: 0.824
f1: 0.293
[[1859   55]
 [  52   44]]
acc: 0.947
f1: 0.451
6,149,coarse : 43.78 seconds
6,149,fine : 43.79 seconds
[[1583  331]
 [  23   73]]
acc: 0.824
f1: 0.292
[[1859   55]
 [  52   44]]
acc: 0.947
f1: 0.451
6,150,coarse : 47.52 seconds
6,150,fine : 47.54 seconds
[[1584  330]
 [  23   73]]
acc: 0.824
f1: 0.293
[[1859   55]
 [  52   44]]
acc: 0.947
f1: 0.451
6,151,coarse : 44.76 seconds
6,151,fine : 44.78 seconds
[[1584  330]
 [  23   73]]
acc: 0.824
f1: 0.293
[[1858   56]
 [  52   44]]
acc: 0.946
f1: 0.449
6,152,coarse : 44.85 seconds
6,152,fine : 44.87 seconds
[[1582  332]
 [  22   74]]
acc: 0.824
f1: 0.295
[[1858   56]
 [  51   45]]
acc: 0.947
f1: 0.457
6,153,coarse : 44.85 seconds
6,153,fine : 44.87 seconds
[[1579  335]
 [  22   74]]
acc: 0.822
f1: 0.293
[[1858   56]
 [  51   45]]
acc: 0.947
f1: 0.457
6,154,coarse : 45.81 seconds
6,154,fine : 45.83 seconds
[[1580  334]
 [  22   74]]
acc: 0.823
f1: 0.294
[[1858   56]
 [  51   45]]
acc: 0.947
f1: 0.457
6,155,coarse : 45.2 seconds
6,155,fine : 45.21 seconds
[[1579  335]
 [  22   74]]
acc: 0.822
f1: 0.293
[[1856   58]
 [  51   45]]
acc: 0.946
f1: 0.452
6,156,coarse : 45.18 seconds
6,156,fine : 45.2 seconds
[[1579  335]
 [  22   74]]
acc: 0.822
f1: 0.293
[[1856   58]
 [  51   45]]
acc: 0.946
f1: 0.452
6,157,coarse : 45.16 seconds
6,157,fine : 45.17 seconds
[[1579  335]
 [  22   74]]
acc: 0.822
f1: 0.293
[[1856   58]
 [  51   45]]
acc: 0.946
f1: 0.452
6,158,coarse : 45.35 seconds
6,158,fine : 45.36 seconds
[[1573  341]
 [  23   73]]
acc: 0.819
f1: 0.286
[[1858   56]
 [  51   45]]
acc: 0.947
f1: 0.457
6,159,coarse : 46.27 seconds
6,159,fine : 46.29 seconds
[[1570  344]
 [  23   73]]
acc: 0.817
f1: 0.285
[[1857   57]
 [  51   45]]
acc: 0.946
f1: 0.455
6,160,coarse : 46.23 seconds
6,160,fine : 46.25 seconds
[[1568  346]
 [  23   73]]
acc: 0.816
f1: 0.283
[[1856   58]
 [  51   45]]
acc: 0.946
f1: 0.452
6,161,coarse : 46.14 seconds
6,161,fine : 46.16 seconds
[[1567  347]
 [  23   73]]
acc: 0.816
f1: 0.283
[[1856   58]
 [  51   45]]
acc: 0.946
f1: 0.452
6,162,coarse : 45.98 seconds
6,162,fine : 46.0 seconds
[[1565  349]
 [  23   73]]
acc: 0.815
f1: 0.282
[[1854   60]
 [  50   46]]
acc: 0.945
f1: 0.455
6,163,coarse : 45.81 seconds
6,163,fine : 45.83 seconds
[[1567  347]
 [  23   73]]
acc: 0.816
f1: 0.283
[[1854   60]
 [  50   46]]
acc: 0.945
f1: 0.455
6,164,coarse : 45.32 seconds
6,164,fine : 45.34 seconds
[[1566  348]
 [  23   73]]
acc: 0.815
f1: 0.282
[[1854   60]
 [  50   46]]
acc: 0.945
f1: 0.455
6,165,coarse : 45.86 seconds
6,165,fine : 45.87 seconds
[[1563  351]
 [  23   73]]
acc: 0.814
f1: 0.281
[[1854   60]
 [  50   46]]
acc: 0.945
f1: 0.455
6,166,coarse : 46.05 seconds
6,166,fine : 46.07 seconds
[[1563  351]
 [  23   73]]
acc: 0.814
f1: 0.281
[[1853   61]
 [  50   46]]
acc: 0.945
f1: 0.453
6,167,coarse : 45.08 seconds
6,167,fine : 45.1 seconds
[[1563  351]
 [  23   73]]
acc: 0.814
f1: 0.281
[[1852   62]
 [  50   46]]
acc: 0.944
f1: 0.451
6,168,coarse : 46.14 seconds
6,168,fine : 46.16 seconds
[[1560  354]
 [  23   73]]
acc: 0.812
f1: 0.279
[[1852   62]
 [  50   46]]
acc: 0.944
f1: 0.451
6,169,coarse : 46.74 seconds
6,169,fine : 46.76 seconds
[[1560  354]
 [  23   73]]
acc: 0.812
f1: 0.279
[[1852   62]
 [  50   46]]
acc: 0.944
f1: 0.451
6,170,coarse : 45.89 seconds
6,170,fine : 45.91 seconds
[[1558  356]
 [  23   73]]
acc: 0.811
f1: 0.278
[[1852   62]
 [  50   46]]
acc: 0.944
f1: 0.451
6,171,coarse : 46.17 seconds
6,171,fine : 46.19 seconds
[[1559  355]
 [  23   73]]
acc: 0.812
f1: 0.279
[[1852   62]
 [  50   46]]
acc: 0.944
f1: 0.451
6,172,coarse : 46.54 seconds
6,172,fine : 46.56 seconds
