all           0      1    2    3    4    5    6    7    8    
1      2010   1914   1    19   32   19   1    11   6    7    
2      2010   1914   1    19   32   19   1    11   6    7    
3      2010   1914   1    19   32   19   1    11   5    8    
4      2010   1914   1    19   32   19   1    10   6    8    
5      2010   1914   1    18   33   19   1    10   6    8    
6      2010   1914   1    18   33   19   1    10   6    8    
7      2010   1913   2    18   33   19   1    10   6    8    
8      2010   1913   2    18   33   19   1    10   6    8    
9      2009   1913   2    18   32   19   2    10   6    7    
10     2009   1913   1    19   32   19   1    11   6    7    
Total  20098  19136  13   185  324  190  11   104  59   76   
train         0      1    2    3    4    5    6    7    8    
1      2010   1914   1    19   32   19   1    11   6    7    
2      2010   1914   1    19   32   19   1    11   6    7    
3      2010   1914   1    19   32   19   1    11   5    8    
4      2010   1914   1    19   32   19   1    10   6    8    
6      2010   1914   1    18   33   19   1    10   6    8    
7      2010   1913   2    18   33   19   1    10   6    8    
8      2010   1913   2    18   33   19   1    10   6    8    
9      2009   1913   2    18   32   19   2    10   6    7    
10     2009   1913   1    19   32   19   1    11   6    7    
Total  18088  17222  12   167  291  171  10   94   53   68   
test          0      1    2    3    4    5    6    7    8    
5      2010   1914   1    18   33   19   1    10   6    8    
Total  2010   1914   1    18   33   19   1    10   6    8    
Classes             
0         17222     
1         12        
2         167       
3         291       
4         171       
5         10        
6         94        
7         53        
8         68        
Total     18088     

Shape: 450       

[952, 10, 11, 16, 11, 10, 10, 10, 10]
Sum start => 1040
[[1445  469]
 [  20   76]]
acc: 0.757
f1: 0.237
[[1874   40]
 [  81   15]]
acc: 0.940
f1: 0.199
5,1,coarse : 41.15 seconds
5,1,fine : 41.15 seconds
[[1445  469]
 [  20   76]]
acc: 0.757
f1: 0.237
[[1874   40]
 [  81   15]]
acc: 0.940
f1: 0.199
5,2,coarse : 42.54 seconds
5,2,fine : 42.55 seconds
[[1491  423]
 [  21   75]]
acc: 0.779
f1: 0.253
[[1905    9]
 [  93    3]]
acc: 0.949
f1: 0.056
5,3,coarse : 39.53 seconds
5,3,fine : 39.54 seconds
[[1516  398]
 [  22   74]]
acc: 0.791
f1: 0.261
[[1909    5]
 [  92    4]]
acc: 0.952
f1: 0.076
5,4,coarse : 39.33 seconds
5,4,fine : 39.33 seconds
[[1545  369]
 [  23   73]]
acc: 0.805
f1: 0.271
[[1910    4]
 [  93    3]]
acc: 0.952
f1: 0.058
5,5,coarse : 40.25 seconds
5,5,fine : 40.26 seconds
[[1559  355]
 [  24   72]]
acc: 0.811
f1: 0.275
[[1912    2]
 [  92    4]]
acc: 0.953
f1: 0.078
5,6,coarse : 39.3 seconds
5,6,fine : 39.3 seconds
[[1587  327]
 [  25   71]]
acc: 0.825
f1: 0.287
[[1909    5]
 [  89    7]]
acc: 0.953
f1: 0.130
5,7,coarse : 39.36 seconds
5,7,fine : 39.36 seconds
[[1587  327]
 [  27   69]]
acc: 0.824
f1: 0.280
[[1911    3]
 [  88    8]]
acc: 0.955
f1: 0.150
5,8,coarse : 39.56 seconds
5,8,fine : 39.57 seconds
[[1602  312]
 [  29   67]]
acc: 0.830
f1: 0.282
[[1911    3]
 [  89    7]]
acc: 0.954
f1: 0.132
5,9,coarse : 38.8 seconds
5,9,fine : 38.8 seconds
[[1606  308]
 [  29   67]]
acc: 0.832
f1: 0.285
[[1912    2]
 [  88    8]]
acc: 0.955
f1: 0.151
5,10,coarse : 39.09 seconds
5,10,fine : 39.1 seconds
[[1603  311]
 [  27   69]]
acc: 0.832
f1: 0.290
[[1912    2]
 [  86   10]]
acc: 0.956
f1: 0.185
5,11,coarse : 38.95 seconds
5,11,fine : 38.95 seconds
[[1614  300]
 [  28   68]]
acc: 0.837
f1: 0.293
[[1913    1]
 [  86   10]]
acc: 0.957
f1: 0.187
5,12,coarse : 38.33 seconds
5,12,fine : 38.33 seconds
[[1620  294]
 [  26   70]]
acc: 0.841
f1: 0.304
[[1913    1]
 [  87    9]]
acc: 0.956
f1: 0.170
5,13,coarse : 38.55 seconds
5,13,fine : 38.56 seconds
[[1614  300]
 [  25   71]]
acc: 0.838
f1: 0.304
[[1913    1]
 [  86   10]]
acc: 0.957
f1: 0.187
5,14,coarse : 39.38 seconds
5,14,fine : 39.39 seconds
[[1619  295]
 [  25   71]]
acc: 0.841
f1: 0.307
[[1913    1]
 [  87    9]]
acc: 0.956
f1: 0.170
5,15,coarse : 38.48 seconds
5,15,fine : 38.48 seconds
[[1625  289]
 [  26   70]]
acc: 0.843
f1: 0.308
[[1913    1]
 [  88    8]]
acc: 0.956
f1: 0.152
5,16,coarse : 38.41 seconds
5,16,fine : 38.42 seconds
[[1627  287]
 [  30   66]]
acc: 0.842
f1: 0.294
[[1913    1]
 [  87    9]]
acc: 0.956
f1: 0.170
5,17,coarse : 38.5 seconds
5,17,fine : 38.5 seconds
[[1632  282]
 [  31   65]]
acc: 0.844
f1: 0.293
[[1913    1]
 [  87    9]]
acc: 0.956
f1: 0.170
5,18,coarse : 38.74 seconds
5,18,fine : 38.74 seconds
[[1628  286]
 [  31   65]]
acc: 0.842
f1: 0.291
[[1913    1]
 [  86   10]]
acc: 0.957
f1: 0.187
5,19,coarse : 38.0 seconds
5,19,fine : 38.0 seconds
[[1643  271]
 [  31   65]]
acc: 0.850
f1: 0.301
[[1912    2]
 [  84   12]]
acc: 0.957
f1: 0.218
5,20,coarse : 38.51 seconds
5,20,fine : 38.51 seconds
[[1647  267]
 [  30   66]]
acc: 0.852
f1: 0.308
[[1911    3]
 [  85   11]]
acc: 0.956
f1: 0.200
5,21,coarse : 37.58 seconds
5,21,fine : 37.58 seconds
[[1656  258]
 [  29   67]]
acc: 0.857
f1: 0.318
[[1912    2]
 [  85   11]]
acc: 0.957
f1: 0.202
5,22,coarse : 37.69 seconds
5,22,fine : 37.69 seconds
[[1659  255]
 [  29   67]]
acc: 0.859
f1: 0.321
[[1911    3]
 [  85   11]]
acc: 0.956
f1: 0.200
5,23,coarse : 38.92 seconds
5,23,fine : 38.92 seconds
[[1660  254]
 [  27   69]]
acc: 0.860
f1: 0.329
[[1911    3]
 [  85   11]]
acc: 0.956
f1: 0.200
5,24,coarse : 37.65 seconds
5,24,fine : 37.65 seconds
[[1664  250]
 [  26   70]]
acc: 0.863
f1: 0.337
[[1910    4]
 [  85   11]]
acc: 0.956
f1: 0.198
5,25,coarse : 37.9 seconds
5,25,fine : 37.9 seconds
[[1670  244]
 [  27   69]]
acc: 0.865
f1: 0.337
[[1910    4]
 [  85   11]]
acc: 0.956
f1: 0.198
5,26,coarse : 39.16 seconds
5,26,fine : 39.16 seconds
[[1667  247]
 [  26   70]]
acc: 0.864
f1: 0.339
[[1910    4]
 [  86   10]]
acc: 0.955
f1: 0.182
5,27,coarse : 37.39 seconds
5,27,fine : 37.4 seconds
[[1664  250]
 [  26   70]]
acc: 0.863
f1: 0.337
[[1910    4]
 [  85   11]]
acc: 0.956
f1: 0.198
5,28,coarse : 37.28 seconds
5,28,fine : 37.29 seconds
[[1660  254]
 [  28   68]]
acc: 0.860
f1: 0.325
[[1910    4]
 [  85   11]]
acc: 0.956
f1: 0.198
5,29,coarse : 38.46 seconds
5,29,fine : 38.47 seconds
[[1665  249]
 [  28   68]]
acc: 0.862
f1: 0.329
[[1909    5]
 [  85   11]]
acc: 0.955
f1: 0.196
5,30,coarse : 38.34 seconds
5,30,fine : 38.34 seconds
[[1677  237]
 [  28   68]]
acc: 0.868
f1: 0.339
[[1909    5]
 [  85   11]]
acc: 0.955
f1: 0.196
5,31,coarse : 38.59 seconds
5,31,fine : 38.59 seconds
[[1663  251]
 [  27   69]]
acc: 0.862
f1: 0.332
[[1909    5]
 [  85   11]]
acc: 0.955
f1: 0.196
5,32,coarse : 37.36 seconds
5,32,fine : 37.37 seconds
[[1670  244]
 [  27   69]]
acc: 0.865
f1: 0.337
[[1909    5]
 [  84   12]]
acc: 0.956
f1: 0.212
5,33,coarse : 37.9 seconds
5,33,fine : 37.91 seconds
[[1660  254]
 [  26   70]]
acc: 0.861
f1: 0.333
[[1909    5]
 [  83   13]]
acc: 0.956
f1: 0.228
5,34,coarse : 37.65 seconds
5,34,fine : 37.65 seconds
[[1658  256]
 [  28   68]]
acc: 0.859
f1: 0.324
[[1909    5]
 [  83   13]]
acc: 0.956
f1: 0.228
5,35,coarse : 37.55 seconds
5,35,fine : 37.56 seconds
[[1664  250]
 [  28   68]]
acc: 0.862
f1: 0.329
[[1909    5]
 [  83   13]]
acc: 0.956
f1: 0.228
5,36,coarse : 39.26 seconds
5,36,fine : 39.26 seconds
[[1659  255]
 [  27   69]]
acc: 0.860
f1: 0.329
[[1909    5]
 [  83   13]]
acc: 0.956
f1: 0.228
5,37,coarse : 38.49 seconds
5,37,fine : 38.5 seconds
[[1665  249]
 [  27   69]]
acc: 0.863
f1: 0.333
[[1909    5]
 [  81   15]]
acc: 0.957
f1: 0.259
5,38,coarse : 38.57 seconds
5,38,fine : 38.57 seconds
[[1669  245]
 [  27   69]]
acc: 0.865
f1: 0.337
[[1909    5]
 [  81   15]]
acc: 0.957
f1: 0.259
5,39,coarse : 38.41 seconds
5,39,fine : 38.41 seconds
[[1656  258]
 [  25   71]]
acc: 0.859
f1: 0.334
[[1909    5]
 [  81   15]]
acc: 0.957
f1: 0.259
5,40,coarse : 38.8 seconds
5,40,fine : 38.81 seconds
[[1665  249]
 [  25   71]]
acc: 0.864
f1: 0.341
[[1909    5]
 [  81   15]]
acc: 0.957
f1: 0.259
5,41,coarse : 38.39 seconds
5,41,fine : 38.4 seconds
[[1664  250]
 [  25   71]]
acc: 0.863
f1: 0.341
[[1909    5]
 [  80   16]]
acc: 0.958
f1: 0.274
5,42,coarse : 38.12 seconds
5,42,fine : 38.13 seconds
[[1664  250]
 [  24   72]]
acc: 0.864
f1: 0.344
[[1909    5]
 [  80   16]]
acc: 0.958
f1: 0.274
5,43,coarse : 39.83 seconds
5,43,fine : 39.84 seconds
[[1665  249]
 [  24   72]]
acc: 0.864
f1: 0.345
[[1908    6]
 [  80   16]]
acc: 0.957
f1: 0.271
5,44,coarse : 38.26 seconds
5,44,fine : 38.27 seconds
[[1668  246]
 [  23   73]]
acc: 0.866
f1: 0.352
[[1906    8]
 [  80   16]]
acc: 0.956
f1: 0.267
5,45,coarse : 38.0 seconds
5,45,fine : 38.01 seconds
[[1668  246]
 [  23   73]]
acc: 0.866
f1: 0.352
[[1905    9]
 [  79   17]]
acc: 0.956
f1: 0.279
5,46,coarse : 38.09 seconds
5,46,fine : 38.09 seconds
[[1671  243]
 [  24   72]]
acc: 0.867
f1: 0.350
[[1905    9]
 [  78   18]]
acc: 0.957
f1: 0.293
5,47,coarse : 39.61 seconds
5,47,fine : 39.62 seconds
[[1668  246]
 [  24   72]]
acc: 0.866
f1: 0.348
[[1905    9]
 [  78   18]]
acc: 0.957
f1: 0.293
5,48,coarse : 38.33 seconds
5,48,fine : 38.33 seconds
[[1670  244]
 [  22   74]]
acc: 0.868
f1: 0.357
[[1904   10]
 [  78   18]]
acc: 0.956
f1: 0.290
5,49,coarse : 38.3 seconds
5,49,fine : 38.3 seconds
[[1673  241]
 [  23   73]]
acc: 0.869
f1: 0.356
[[1905    9]
 [  77   19]]
acc: 0.957
f1: 0.306
5,50,coarse : 40.05 seconds
5,50,fine : 40.06 seconds
[[1674  240]
 [  22   74]]
acc: 0.870
f1: 0.361
[[1902   12]
 [  76   20]]
acc: 0.956
f1: 0.312
5,51,coarse : 38.43 seconds
5,51,fine : 38.44 seconds
[[1675  239]
 [  23   73]]
acc: 0.870
f1: 0.358
[[1902   12]
 [  76   20]]
acc: 0.956
f1: 0.312
5,52,coarse : 38.92 seconds
5,52,fine : 38.93 seconds
[[1672  242]
 [  22   74]]
acc: 0.869
f1: 0.359
[[1903   11]
 [  77   19]]
acc: 0.956
f1: 0.302
5,53,coarse : 38.96 seconds
5,53,fine : 38.97 seconds
[[1671  243]
 [  23   73]]
acc: 0.868
f1: 0.354
[[1903   11]
 [  77   19]]
acc: 0.956
f1: 0.302
5,54,coarse : 37.93 seconds
5,54,fine : 37.94 seconds
[[1674  240]
 [  22   74]]
acc: 0.870
f1: 0.361
[[1902   12]
 [  77   19]]
acc: 0.956
f1: 0.299
5,55,coarse : 39.85 seconds
5,55,fine : 39.86 seconds
[[1674  240]
 [  21   75]]
acc: 0.870
f1: 0.365
[[1902   12]
 [  76   20]]
acc: 0.956
f1: 0.312
5,56,coarse : 37.38 seconds
5,56,fine : 37.39 seconds
[[1673  241]
 [  22   74]]
acc: 0.869
f1: 0.360
[[1904   10]
 [  75   21]]
acc: 0.958
f1: 0.331
5,57,coarse : 38.03 seconds
5,57,fine : 38.04 seconds
[[1672  242]
 [  21   75]]
acc: 0.869
f1: 0.363
[[1903   11]
 [  75   21]]
acc: 0.957
f1: 0.328
5,58,coarse : 38.8 seconds
5,58,fine : 38.81 seconds
[[1671  243]
 [  22   74]]
acc: 0.868
f1: 0.358
[[1902   12]
 [  74   22]]
acc: 0.957
f1: 0.338
5,59,coarse : 37.54 seconds
5,59,fine : 37.55 seconds
[[1676  238]
 [  23   73]]
acc: 0.870
f1: 0.359
[[1899   15]
 [  73   23]]
acc: 0.956
f1: 0.343
5,60,coarse : 38.29 seconds
5,60,fine : 38.29 seconds
[[1675  239]
 [  22   74]]
acc: 0.870
f1: 0.362
[[1899   15]
 [  74   22]]
acc: 0.956
f1: 0.331
5,61,coarse : 41.0 seconds
5,61,fine : 41.01 seconds
[[1671  243]
 [  22   74]]
acc: 0.868
f1: 0.358
[[1898   16]
 [  73   23]]
acc: 0.956
f1: 0.341
5,62,coarse : 39.92 seconds
5,62,fine : 39.93 seconds
[[1672  242]
 [  22   74]]
acc: 0.869
f1: 0.359
[[1898   16]
 [  73   23]]
acc: 0.956
f1: 0.341
5,63,coarse : 37.68 seconds
5,63,fine : 37.69 seconds
[[1671  243]
 [  22   74]]
acc: 0.868
f1: 0.358
[[1898   16]
 [  73   23]]
acc: 0.956
f1: 0.341
5,64,coarse : 38.09 seconds
5,64,fine : 38.1 seconds
[[1670  244]
 [  25   71]]
acc: 0.866
f1: 0.345
[[1898   16]
 [  73   23]]
acc: 0.956
f1: 0.341
5,65,coarse : 38.43 seconds
5,65,fine : 38.43 seconds
[[1676  238]
 [  25   71]]
acc: 0.869
f1: 0.351
[[1898   16]
 [  72   24]]
acc: 0.956
f1: 0.353
5,66,coarse : 38.77 seconds
5,66,fine : 38.78 seconds
[[1676  238]
 [  23   73]]
acc: 0.870
f1: 0.359
[[1898   16]
 [  72   24]]
acc: 0.956
f1: 0.353
5,67,coarse : 38.16 seconds
5,67,fine : 38.17 seconds
[[1675  239]
 [  24   72]]
acc: 0.869
f1: 0.354
[[1898   16]
 [  72   24]]
acc: 0.956
f1: 0.353
5,68,coarse : 39.6 seconds
5,68,fine : 39.61 seconds
[[1673  241]
 [  25   71]]
acc: 0.868
f1: 0.348
[[1897   17]
 [  72   24]]
acc: 0.956
f1: 0.350
5,69,coarse : 40.37 seconds
5,69,fine : 40.38 seconds
[[1671  243]
 [  24   72]]
acc: 0.867
f1: 0.350
[[1898   16]
 [  72   24]]
acc: 0.956
f1: 0.353
5,70,coarse : 37.14 seconds
5,70,fine : 37.15 seconds
[[1667  247]
 [  23   73]]
acc: 0.866
f1: 0.351
[[1896   18]
 [  71   25]]
acc: 0.956
f1: 0.360
5,71,coarse : 38.42 seconds
5,71,fine : 38.43 seconds
[[1667  247]
 [  23   73]]
acc: 0.866
f1: 0.351
[[1896   18]
 [  70   26]]
acc: 0.956
f1: 0.371
5,72,coarse : 38.03 seconds
5,72,fine : 38.04 seconds
[[1665  249]
 [  23   73]]
acc: 0.865
f1: 0.349
[[1896   18]
 [  70   26]]
acc: 0.956
f1: 0.371
5,73,coarse : 38.97 seconds
5,73,fine : 38.98 seconds
[[1664  250]
 [  23   73]]
acc: 0.864
f1: 0.348
[[1896   18]
 [  70   26]]
acc: 0.956
f1: 0.371
5,74,coarse : 38.4 seconds
5,74,fine : 38.41 seconds
[[1665  249]
 [  23   73]]
acc: 0.865
f1: 0.349
[[1896   18]
 [  69   27]]
acc: 0.957
f1: 0.383
5,75,coarse : 38.8 seconds
5,75,fine : 38.81 seconds
[[1662  252]
 [  23   73]]
acc: 0.863
f1: 0.347
[[1896   18]
 [  69   27]]
acc: 0.957
f1: 0.383
5,76,coarse : 40.8 seconds
5,76,fine : 40.81 seconds
[[1662  252]
 [  23   73]]
acc: 0.863
f1: 0.347
[[1897   17]
 [  69   27]]
acc: 0.957
f1: 0.386
5,77,coarse : 37.81 seconds
5,77,fine : 37.82 seconds
[[1663  251]
 [  23   73]]
acc: 0.864
f1: 0.348
[[1895   19]
 [  69   27]]
acc: 0.956
f1: 0.380
5,78,coarse : 37.0 seconds
5,78,fine : 37.01 seconds
[[1659  255]
 [  22   74]]
acc: 0.862
f1: 0.348
[[1894   20]
 [  69   27]]
acc: 0.956
f1: 0.378
5,79,coarse : 37.65 seconds
5,79,fine : 37.66 seconds
[[1658  256]
 [  22   74]]
acc: 0.862
f1: 0.347
[[1895   19]
 [  69   27]]
acc: 0.956
f1: 0.380
5,80,coarse : 39.2 seconds
5,80,fine : 39.21 seconds
[[1656  258]
 [  23   73]]
acc: 0.860
f1: 0.342
[[1894   20]
 [  68   28]]
acc: 0.956
f1: 0.389
5,81,coarse : 37.82 seconds
5,81,fine : 37.83 seconds
[[1656  258]
 [  23   73]]
acc: 0.860
f1: 0.342
[[1894   20]
 [  68   28]]
acc: 0.956
f1: 0.389
5,82,coarse : 37.41 seconds
5,82,fine : 37.42 seconds
[[1657  257]
 [  22   74]]
acc: 0.861
f1: 0.347
[[1894   20]
 [  67   29]]
acc: 0.957
f1: 0.400
5,83,coarse : 38.42 seconds
5,83,fine : 38.43 seconds
[[1654  260]
 [  23   73]]
acc: 0.859
f1: 0.340
[[1893   21]
 [  66   30]]
acc: 0.957
f1: 0.408
5,84,coarse : 41.11 seconds
5,84,fine : 41.12 seconds
[[1653  261]
 [  22   74]]
acc: 0.859
f1: 0.343
[[1893   21]
 [  65   31]]
acc: 0.957
f1: 0.419
5,85,coarse : 37.9 seconds
5,85,fine : 37.91 seconds
[[1653  261]
 [  22   74]]
acc: 0.859
f1: 0.343
[[1892   22]
 [  65   31]]
acc: 0.957
f1: 0.416
5,86,coarse : 39.55 seconds
5,86,fine : 39.56 seconds
[[1653  261]
 [  22   74]]
acc: 0.859
f1: 0.343
[[1892   22]
 [  65   31]]
acc: 0.957
f1: 0.416
5,87,coarse : 39.33 seconds
5,87,fine : 39.34 seconds
[[1653  261]
 [  22   74]]
acc: 0.859
f1: 0.343
[[1891   23]
 [  65   31]]
acc: 0.956
f1: 0.413
5,88,coarse : 42.72 seconds
5,88,fine : 42.73 seconds
[[1654  260]
 [  22   74]]
acc: 0.860
f1: 0.344
[[1891   23]
 [  65   31]]
acc: 0.956
f1: 0.413
5,89,coarse : 41.24 seconds
5,89,fine : 41.25 seconds
[[1648  266]
 [  22   74]]
acc: 0.857
f1: 0.339
[[1891   23]
 [  64   32]]
acc: 0.957
f1: 0.424
5,90,coarse : 38.26 seconds
5,90,fine : 38.27 seconds
[[1652  262]
 [  22   74]]
acc: 0.859
f1: 0.343
[[1891   23]
 [  64   32]]
acc: 0.957
f1: 0.424
5,91,coarse : 38.2 seconds
5,91,fine : 38.21 seconds
[[1652  262]
 [  22   74]]
acc: 0.859
f1: 0.343
[[1891   23]
 [  64   32]]
acc: 0.957
f1: 0.424
5,92,coarse : 38.41 seconds
5,92,fine : 38.42 seconds
[[1650  264]
 [  22   74]]
acc: 0.858
f1: 0.341
[[1891   23]
 [  64   32]]
acc: 0.957
f1: 0.424
5,93,coarse : 38.06 seconds
5,93,fine : 38.07 seconds
[[1652  262]
 [  22   74]]
acc: 0.859
f1: 0.343
[[1891   23]
 [  64   32]]
acc: 0.957
f1: 0.424
5,94,coarse : 37.51 seconds
5,94,fine : 37.52 seconds
[[1651  263]
 [  22   74]]
acc: 0.858
f1: 0.342
[[1891   23]
 [  64   32]]
acc: 0.957
f1: 0.424
5,95,coarse : 38.37 seconds
5,95,fine : 38.38 seconds
[[1651  263]
 [  21   75]]
acc: 0.859
f1: 0.346
[[1891   23]
 [  64   32]]
acc: 0.957
f1: 0.424
5,96,coarse : 37.52 seconds
5,96,fine : 37.54 seconds
[[1652  262]
 [  22   74]]
acc: 0.859
f1: 0.343
[[1891   23]
 [  64   32]]
acc: 0.957
f1: 0.424
5,97,coarse : 38.46 seconds
5,97,fine : 38.47 seconds
[[1649  265]
 [  21   75]]
acc: 0.858
f1: 0.344
[[1890   24]
 [  64   32]]
acc: 0.956
f1: 0.421
5,98,coarse : 40.06 seconds
5,98,fine : 40.07 seconds
[[1652  262]
 [  21   75]]
acc: 0.859
f1: 0.346
[[1889   25]
 [  63   33]]
acc: 0.956
f1: 0.429
5,99,coarse : 37.37 seconds
5,99,fine : 37.38 seconds
[[1649  265]
 [  21   75]]
acc: 0.858
f1: 0.344
[[1888   26]
 [  63   33]]
acc: 0.956
f1: 0.426
5,100,coarse : 40.73 seconds
5,100,fine : 40.75 seconds
[[1653  261]
 [  22   74]]
acc: 0.859
f1: 0.343
[[1888   26]
 [  63   33]]
acc: 0.956
f1: 0.426
5,101,coarse : 38.23 seconds
5,101,fine : 38.24 seconds
[[1650  264]
 [  22   74]]
acc: 0.858
f1: 0.341
[[1887   27]
 [  63   33]]
acc: 0.955
f1: 0.423
5,102,coarse : 38.66 seconds
5,102,fine : 38.68 seconds
[[1651  263]
 [  22   74]]
acc: 0.858
f1: 0.342
[[1887   27]
 [  63   33]]
acc: 0.955
f1: 0.423
5,103,coarse : 37.42 seconds
5,103,fine : 37.43 seconds
[[1650  264]
 [  22   74]]
acc: 0.858
f1: 0.341
[[1887   27]
 [  63   33]]
acc: 0.955
f1: 0.423
5,104,coarse : 38.13 seconds
5,104,fine : 38.14 seconds
[[1650  264]
 [  22   74]]
acc: 0.858
f1: 0.341
[[1887   27]
 [  63   33]]
acc: 0.955
f1: 0.423
5,105,coarse : 38.2 seconds
5,105,fine : 38.21 seconds
[[1649  265]
 [  22   74]]
acc: 0.857
f1: 0.340
[[1886   28]
 [  63   33]]
acc: 0.955
f1: 0.420
5,106,coarse : 38.0 seconds
5,106,fine : 38.01 seconds
[[1651  263]
 [  22   74]]
acc: 0.858
f1: 0.342
[[1885   29]
 [  63   33]]
acc: 0.954
f1: 0.418
5,107,coarse : 39.96 seconds
5,107,fine : 39.97 seconds
[[1647  267]
 [  22   74]]
acc: 0.856
f1: 0.339
[[1884   30]
 [  63   33]]
acc: 0.954
f1: 0.415
5,108,coarse : 40.08 seconds
5,108,fine : 40.09 seconds
[[1644  270]
 [  22   74]]
acc: 0.855
f1: 0.336
[[1883   31]
 [  63   33]]
acc: 0.953
f1: 0.412
5,109,coarse : 37.24 seconds
5,109,fine : 37.26 seconds
[[1643  271]
 [  22   74]]
acc: 0.854
f1: 0.336
[[1881   33]
 [  63   33]]
acc: 0.952
f1: 0.407
5,110,coarse : 38.4 seconds
5,110,fine : 38.42 seconds
[[1641  273]
 [  22   74]]
acc: 0.853
f1: 0.334
[[1881   33]
 [  63   33]]
acc: 0.952
f1: 0.407
5,111,coarse : 39.25 seconds
5,111,fine : 39.26 seconds
[[1636  278]
 [  23   73]]
acc: 0.850
f1: 0.327
[[1880   34]
 [  63   33]]
acc: 0.952
f1: 0.405
5,112,coarse : 37.99 seconds
5,112,fine : 38.01 seconds
[[1636  278]
 [  22   74]]
acc: 0.851
f1: 0.330
[[1882   32]
 [  63   33]]
acc: 0.953
f1: 0.410
5,113,coarse : 38.53 seconds
5,113,fine : 38.55 seconds
[[1635  279]
 [  22   74]]
acc: 0.850
f1: 0.330
[[1882   32]
 [  62   34]]
acc: 0.953
f1: 0.420
5,114,coarse : 38.78 seconds
5,114,fine : 38.79 seconds
[[1635  279]
 [  21   75]]
acc: 0.851
f1: 0.333
[[1882   32]
 [  61   35]]
acc: 0.954
f1: 0.429
5,115,coarse : 39.97 seconds
5,115,fine : 39.98 seconds
[[1635  279]
 [  22   74]]
acc: 0.850
f1: 0.330
[[1880   34]
 [  61   35]]
acc: 0.953
f1: 0.424
5,116,coarse : 39.22 seconds
5,116,fine : 39.23 seconds
[[1631  283]
 [  21   75]]
acc: 0.849
f1: 0.330
[[1880   34]
 [  61   35]]
acc: 0.953
f1: 0.424
5,117,coarse : 40.31 seconds
5,117,fine : 40.33 seconds
[[1630  284]
 [  20   76]]
acc: 0.849
f1: 0.333
[[1878   36]
 [  61   35]]
acc: 0.952
f1: 0.419
5,118,coarse : 40.77 seconds
5,118,fine : 40.79 seconds
[[1630  284]
 [  19   77]]
acc: 0.849
f1: 0.337
[[1877   37]
 [  61   35]]
acc: 0.951
f1: 0.417
5,119,coarse : 38.02 seconds
5,119,fine : 38.04 seconds
[[1628  286]
 [  19   77]]
acc: 0.848
f1: 0.336
[[1877   37]
 [  61   35]]
acc: 0.951
f1: 0.417
5,120,coarse : 38.68 seconds
5,120,fine : 38.69 seconds
[[1627  287]
 [  19   77]]
acc: 0.848
f1: 0.335
[[1876   38]
 [  61   35]]
acc: 0.951
f1: 0.414
5,121,coarse : 38.39 seconds
5,121,fine : 38.4 seconds
[[1629  285]
 [  19   77]]
acc: 0.849
f1: 0.336
[[1876   38]
 [  61   35]]
acc: 0.951
f1: 0.414
5,122,coarse : 41.71 seconds
5,122,fine : 41.72 seconds
[[1624  290]
 [  20   76]]
acc: 0.846
f1: 0.329
[[1874   40]
 [  61   35]]
acc: 0.950
f1: 0.409
5,123,coarse : 39.42 seconds
5,123,fine : 39.44 seconds
[[1623  291]
 [  20   76]]
acc: 0.845
f1: 0.328
[[1874   40]
 [  60   36]]
acc: 0.950
f1: 0.419
5,124,coarse : 39.2 seconds
5,124,fine : 39.22 seconds
[[1625  289]
 [  19   77]]
acc: 0.847
f1: 0.333
[[1874   40]
 [  60   36]]
acc: 0.950
f1: 0.419
5,125,coarse : 38.88 seconds
5,125,fine : 38.9 seconds
[[1624  290]
 [  20   76]]
acc: 0.846
f1: 0.329
[[1874   40]
 [  60   36]]
acc: 0.950
f1: 0.419
5,126,coarse : 39.92 seconds
5,126,fine : 39.94 seconds
[[1623  291]
 [  20   76]]
acc: 0.845
f1: 0.328
[[1874   40]
 [  60   36]]
acc: 0.950
f1: 0.419
5,127,coarse : 41.02 seconds
5,127,fine : 41.03 seconds
[[1623  291]
 [  20   76]]
acc: 0.845
f1: 0.328
[[1873   41]
 [  60   36]]
acc: 0.950
f1: 0.416
5,128,coarse : 39.36 seconds
5,128,fine : 39.37 seconds
[[1621  293]
 [  19   77]]
acc: 0.845
f1: 0.330
[[1873   41]
 [  60   36]]
acc: 0.950
f1: 0.416
5,129,coarse : 40.73 seconds
5,129,fine : 40.75 seconds
[[1619  295]
 [  20   76]]
acc: 0.843
f1: 0.325
[[1871   43]
 [  60   36]]
acc: 0.949
f1: 0.411
5,130,coarse : 41.82 seconds
5,130,fine : 41.83 seconds
[[1620  294]
 [  20   76]]
acc: 0.844
f1: 0.326
[[1872   42]
 [  59   37]]
acc: 0.950
f1: 0.423
5,131,coarse : 40.29 seconds
5,131,fine : 40.3 seconds
[[1619  295]
 [  19   77]]
acc: 0.844
f1: 0.329
[[1872   42]
 [  59   37]]
acc: 0.950
f1: 0.423
5,132,coarse : 40.75 seconds
5,132,fine : 40.76 seconds
[[1616  298]
 [  19   77]]
acc: 0.842
f1: 0.327
[[1872   42]
 [  59   37]]
acc: 0.950
f1: 0.423
5,133,coarse : 41.43 seconds
5,133,fine : 41.45 seconds
[[1613  301]
 [  19   77]]
acc: 0.841
f1: 0.325
[[1872   42]
 [  59   37]]
acc: 0.950
f1: 0.423
5,134,coarse : 40.64 seconds
5,134,fine : 40.65 seconds
[[1613  301]
 [  19   77]]
acc: 0.841
f1: 0.325
[[1871   43]
 [  58   38]]
acc: 0.950
f1: 0.429
5,135,coarse : 41.19 seconds
5,135,fine : 41.21 seconds
[[1611  303]
 [  20   76]]
acc: 0.839
f1: 0.320
[[1871   43]
 [  58   38]]
acc: 0.950
f1: 0.429
5,136,coarse : 42.78 seconds
5,136,fine : 42.8 seconds
[[1607  307]
 [  20   76]]
acc: 0.837
f1: 0.317
[[1871   43]
 [  59   37]]
acc: 0.949
f1: 0.420
5,137,coarse : 40.49 seconds
5,137,fine : 40.5 seconds
[[1605  309]
 [  20   76]]
acc: 0.836
f1: 0.316
[[1870   44]
 [  59   37]]
acc: 0.949
f1: 0.418
5,138,coarse : 41.02 seconds
5,138,fine : 41.03 seconds
[[1601  313]
 [  21   75]]
acc: 0.834
f1: 0.310
[[1870   44]
 [  58   38]]
acc: 0.949
f1: 0.427
5,139,coarse : 41.52 seconds
5,139,fine : 41.54 seconds
[[1600  314]
 [  21   75]]
acc: 0.833
f1: 0.309
[[1870   44]
 [  58   38]]
acc: 0.949
f1: 0.427
5,140,coarse : 42.9 seconds
5,140,fine : 42.91 seconds
[[1596  318]
 [  20   76]]
acc: 0.832
f1: 0.310
[[1867   47]
 [  58   38]]
acc: 0.948
f1: 0.420
5,141,coarse : 40.77 seconds
5,141,fine : 40.79 seconds
[[1595  319]
 [  20   76]]
acc: 0.831
f1: 0.310
[[1866   48]
 [  58   38]]
acc: 0.947
f1: 0.418
5,142,coarse : 41.33 seconds
5,142,fine : 41.35 seconds
[[1600  314]
 [  20   76]]
acc: 0.834
f1: 0.313
[[1866   48]
 [  58   38]]
acc: 0.947
f1: 0.418
5,143,coarse : 41.12 seconds
5,143,fine : 41.13 seconds
[[1591  323]
 [  20   76]]
acc: 0.829
f1: 0.307
[[1868   46]
 [  58   38]]
acc: 0.948
f1: 0.422
5,144,coarse : 41.82 seconds
5,144,fine : 41.84 seconds
[[1592  322]
 [  19   77]]
acc: 0.830
f1: 0.311
[[1868   46]
 [  58   38]]
acc: 0.948
f1: 0.422
5,145,coarse : 42.19 seconds
5,145,fine : 42.2 seconds
[[1591  323]
 [  19   77]]
acc: 0.830
f1: 0.310
[[1869   45]
 [  58   38]]
acc: 0.949
f1: 0.425
5,146,coarse : 40.45 seconds
5,146,fine : 40.46 seconds
[[1590  324]
 [  19   77]]
acc: 0.829
f1: 0.310
[[1867   47]
 [  58   38]]
acc: 0.948
f1: 0.420
5,147,coarse : 40.77 seconds
5,147,fine : 40.79 seconds
[[1588  326]
 [  19   77]]
acc: 0.828
f1: 0.309
[[1867   47]
 [  58   38]]
acc: 0.948
f1: 0.420
5,148,coarse : 41.71 seconds
5,148,fine : 41.73 seconds
[[1588  326]
 [  19   77]]
acc: 0.828
f1: 0.309
[[1866   48]
 [  58   38]]
acc: 0.947
f1: 0.418
5,149,coarse : 40.88 seconds
5,149,fine : 40.89 seconds
[[1585  329]
 [  19   77]]
acc: 0.827
f1: 0.307
[[1866   48]
 [  58   38]]
acc: 0.947
f1: 0.418
5,150,coarse : 44.96 seconds
5,150,fine : 44.98 seconds
[[1586  328]
 [  19   77]]
acc: 0.827
f1: 0.307
[[1865   49]
 [  58   38]]
acc: 0.947
f1: 0.415
5,151,coarse : 42.13 seconds
5,151,fine : 42.15 seconds
[[1585  329]
 [  18   78]]
acc: 0.827
f1: 0.310
[[1863   51]
 [  58   38]]
acc: 0.946
f1: 0.411
5,152,coarse : 41.63 seconds
5,152,fine : 41.64 seconds
[[1584  330]
 [  18   78]]
acc: 0.827
f1: 0.310
[[1863   51]
 [  57   39]]
acc: 0.946
f1: 0.419
5,153,coarse : 43.05 seconds
5,153,fine : 43.06 seconds
[[1586  328]
 [  18   78]]
acc: 0.828
f1: 0.311
[[1863   51]
 [  57   39]]
acc: 0.946
f1: 0.419
5,154,coarse : 42.84 seconds
5,154,fine : 42.85 seconds
[[1585  329]
 [  18   78]]
acc: 0.827
f1: 0.310
[[1863   51]
 [  57   39]]
acc: 0.946
f1: 0.419
5,155,coarse : 41.41 seconds
5,155,fine : 41.43 seconds
[[1576  338]
 [  18   78]]
acc: 0.823
f1: 0.305
[[1863   51]
 [  57   39]]
acc: 0.946
f1: 0.419
5,156,coarse : 43.29 seconds
5,156,fine : 43.3 seconds
[[1581  333]
 [  18   78]]
acc: 0.825
f1: 0.308
[[1863   51]
 [  57   39]]
acc: 0.946
f1: 0.419
5,157,coarse : 42.15 seconds
5,157,fine : 42.17 seconds
[[1576  338]
 [  18   78]]
acc: 0.823
f1: 0.305
[[1862   52]
 [  57   39]]
acc: 0.946
f1: 0.417
5,158,coarse : 42.87 seconds
5,158,fine : 42.89 seconds
[[1571  343]
 [  18   78]]
acc: 0.820
f1: 0.302
[[1861   53]
 [  57   39]]
acc: 0.945
f1: 0.415
5,159,coarse : 44.56 seconds
5,159,fine : 44.58 seconds
[[1575  339]
 [  17   79]]
acc: 0.823
f1: 0.307
[[1859   55]
 [  57   39]]
acc: 0.944
f1: 0.411
5,160,coarse : 41.89 seconds
5,160,fine : 41.91 seconds
[[1575  339]
 [  17   79]]
acc: 0.823
f1: 0.307
[[1858   56]
 [  57   39]]
acc: 0.944
f1: 0.408
5,161,coarse : 42.35 seconds
5,161,fine : 42.37 seconds
[[1575  339]
 [  17   79]]
acc: 0.823
f1: 0.307
[[1857   57]
 [  57   39]]
acc: 0.943
f1: 0.406
5,162,coarse : 41.71 seconds
5,162,fine : 41.72 seconds
[[1576  338]
 [  17   79]]
acc: 0.823
f1: 0.308
[[1860   54]
 [  59   37]]
acc: 0.944
f1: 0.396
5,163,coarse : 42.12 seconds
5,163,fine : 42.14 seconds
[[1570  344]
 [  16   80]]
acc: 0.821
f1: 0.308
[[1860   54]
 [  59   37]]
acc: 0.944
f1: 0.396
5,164,coarse : 42.56 seconds
5,164,fine : 42.58 seconds
[[1569  345]
 [  16   80]]
acc: 0.820
f1: 0.307
[[1859   55]
 [  58   38]]
acc: 0.944
f1: 0.402
5,165,coarse : 44.25 seconds
5,165,fine : 44.27 seconds
[[1569  345]
 [  16   80]]
acc: 0.820
f1: 0.307
[[1859   55]
 [  58   38]]
acc: 0.944
f1: 0.402
5,166,coarse : 41.67 seconds
5,166,fine : 41.69 seconds
[[1568  346]
 [  16   80]]
acc: 0.820
f1: 0.307
[[1858   56]
 [  58   38]]
acc: 0.943
f1: 0.400
5,167,coarse : 41.25 seconds
5,167,fine : 41.27 seconds
[[1566  348]
 [  16   80]]
acc: 0.819
f1: 0.305
[[1858   56]
 [  58   38]]
acc: 0.943
f1: 0.400
5,168,coarse : 40.92 seconds
5,168,fine : 40.94 seconds
[[1566  348]
 [  16   80]]
acc: 0.819
f1: 0.305
[[1858   56]
 [  58   38]]
acc: 0.943
f1: 0.400
5,169,coarse : 42.48 seconds
5,169,fine : 42.5 seconds
[[1567  347]
 [  16   80]]
acc: 0.819
f1: 0.306
[[1857   57]
 [  57   39]]
acc: 0.943
f1: 0.406
5,170,coarse : 42.57 seconds
5,170,fine : 42.59 seconds
[[1567  347]
 [  16   80]]
acc: 0.819
f1: 0.306
[[1856   58]
 [  57   39]]
acc: 0.943
f1: 0.404
5,171,coarse : 42.64 seconds
5,171,fine : 42.66 seconds
[[1556  358]
 [  18   78]]
acc: 0.813
f1: 0.293
[[1856   58]
 [  57   39]]
acc: 0.943
f1: 0.404
5,172,coarse : 43.2 seconds
5,172,fine : 43.22 seconds
