all           0      1    2    3    4    5    6    7    8    
1      2010   1914   1    19   32   19   1    11   6    7    
2      2010   1914   1    19   32   19   1    11   6    7    
3      2010   1914   1    19   32   19   1    11   5    8    
4      2010   1914   1    19   32   19   1    10   6    8    
5      2010   1914   1    18   33   19   1    10   6    8    
6      2010   1914   1    18   33   19   1    10   6    8    
7      2010   1913   2    18   33   19   1    10   6    8    
8      2010   1913   2    18   33   19   1    10   6    8    
9      2009   1913   2    18   32   19   2    10   6    7    
10     2009   1913   1    19   32   19   1    11   6    7    
Total  20098  19136  13   185  324  190  11   104  59   76   
train         0      1    2    3    4    5    6    7    8    
1      2010   1914   1    19   32   19   1    11   6    7    
2      2010   1914   1    19   32   19   1    11   6    7    
3      2010   1914   1    19   32   19   1    11   5    8    
4      2010   1914   1    19   32   19   1    10   6    8    
5      2010   1914   1    18   33   19   1    10   6    8    
7      2010   1913   2    18   33   19   1    10   6    8    
8      2010   1913   2    18   33   19   1    10   6    8    
9      2009   1913   2    18   32   19   2    10   6    7    
10     2009   1913   1    19   32   19   1    11   6    7    
Total  18088  17222  12   167  291  171  10   94   53   68   
test          0      1    2    3    4    5    6    7    8    
6      2010   1914   1    18   33   19   1    10   6    8    
Total  2010   1914   1    18   33   19   1    10   6    8    
Classes             
0         17222     
1         12        
2         167       
3         291       
4         171       
5         10        
6         94        
7         53        
8         68        
Total     18088     

Shape: 450       

[952, 10, 11, 16, 11, 10, 10, 10, 10]
Sum start => 1040
[[1367  547]
 [  21   75]]
acc: 0.717
f1: 0.209
[[1874   40]
 [  87    9]]
acc: 0.937
f1: 0.124
6,1,coarse : 45.84 seconds
6,1,fine : 45.84 seconds
[[1367  547]
 [  21   75]]
acc: 0.717
f1: 0.209
[[1874   40]
 [  87    9]]
acc: 0.937
f1: 0.124
6,2,coarse : 47.38 seconds
6,2,fine : 47.38 seconds
[[1369  545]
 [  22   74]]
acc: 0.718
f1: 0.207
[[1881   33]
 [  87    9]]
acc: 0.940
f1: 0.130
6,3,coarse : 4.5 seconds
6,3,fine : 4.51 seconds
[[1364  550]
 [  22   74]]
acc: 0.715
f1: 0.206
[[1885   29]
 [  89    7]]
acc: 0.941
f1: 0.106
6,4,coarse : 4.71 seconds
6,4,fine : 4.71 seconds
[[1387  527]
 [  21   75]]
acc: 0.727
f1: 0.215
[[1885   29]
 [  90    6]]
acc: 0.941
f1: 0.092
6,5,coarse : 4.74 seconds
6,5,fine : 4.74 seconds
[[1386  528]
 [  21   75]]
acc: 0.727
f1: 0.215
[[1885   29]
 [  91    5]]
acc: 0.940
f1: 0.077
6,6,coarse : 4.95 seconds
6,6,fine : 4.95 seconds
[[1401  513]
 [  22   74]]
acc: 0.734
f1: 0.217
[[1889   25]
 [  89    7]]
acc: 0.943
f1: 0.109
6,7,coarse : 5.34 seconds
6,7,fine : 5.35 seconds
[[1407  507]
 [  21   75]]
acc: 0.737
f1: 0.221
[[1890   24]
 [  88    8]]
acc: 0.944
f1: 0.125
6,8,coarse : 5.42 seconds
6,8,fine : 5.42 seconds
[[1409  505]
 [  23   73]]
acc: 0.737
f1: 0.217
[[1888   26]
 [  87    9]]
acc: 0.944
f1: 0.137
6,9,coarse : 5.54 seconds
6,9,fine : 5.54 seconds
[[1404  510]
 [  23   73]]
acc: 0.735
f1: 0.215
[[1887   27]
 [  88    8]]
acc: 0.943
f1: 0.122
6,10,coarse : 5.57 seconds
6,10,fine : 5.58 seconds
[[1412  502]
 [  23   73]]
acc: 0.739
f1: 0.218
[[1890   24]
 [  88    8]]
acc: 0.944
f1: 0.125
6,11,coarse : 5.96 seconds
6,11,fine : 5.96 seconds
[[1413  501]
 [  23   73]]
acc: 0.739
f1: 0.218
[[1889   25]
 [  88    8]]
acc: 0.944
f1: 0.124
6,12,coarse : 6.08 seconds
6,12,fine : 6.08 seconds
[[1414  500]
 [  23   73]]
acc: 0.740
f1: 0.218
[[1889   25]
 [  89    7]]
acc: 0.943
f1: 0.109
6,13,coarse : 6.22 seconds
6,13,fine : 6.22 seconds
[[1435  479]
 [  24   72]]
acc: 0.750
f1: 0.223
[[1890   24]
 [  89    7]]
acc: 0.944
f1: 0.110
6,14,coarse : 6.65 seconds
6,14,fine : 6.65 seconds
[[1434  480]
 [  22   74]]
acc: 0.750
f1: 0.228
[[1887   27]
 [  89    7]]
acc: 0.942
f1: 0.108
6,15,coarse : 6.68 seconds
6,15,fine : 6.69 seconds
[[1443  471]
 [  24   72]]
acc: 0.754
f1: 0.225
[[1886   28]
 [  87    9]]
acc: 0.943
f1: 0.135
6,16,coarse : 6.7 seconds
6,16,fine : 6.71 seconds
[[1442  472]
 [  24   72]]
acc: 0.753
f1: 0.225
[[1885   29]
 [  87    9]]
acc: 0.942
f1: 0.134
6,17,coarse : 6.82 seconds
6,17,fine : 6.83 seconds
[[1446  468]
 [  23   73]]
acc: 0.756
f1: 0.229
[[1885   29]
 [  87    9]]
acc: 0.942
f1: 0.134
6,18,coarse : 7.1 seconds
6,18,fine : 7.1 seconds
[[1455  459]
 [  23   73]]
acc: 0.760
f1: 0.232
[[1885   29]
 [  80   16]]
acc: 0.946
f1: 0.227
6,19,coarse : 7.23 seconds
6,19,fine : 7.24 seconds
[[1461  453]
 [  23   73]]
acc: 0.763
f1: 0.235
[[1882   32]
 [  76   20]]
acc: 0.946
f1: 0.270
6,20,coarse : 7.71 seconds
6,20,fine : 7.72 seconds
[[1458  456]
 [  23   73]]
acc: 0.762
f1: 0.234
[[1882   32]
 [  75   21]]
acc: 0.947
f1: 0.282
6,21,coarse : 7.52 seconds
6,21,fine : 7.53 seconds
[[1473  441]
 [  23   73]]
acc: 0.769
f1: 0.239
[[1878   36]
 [  72   24]]
acc: 0.946
f1: 0.308
6,22,coarse : 7.79 seconds
6,22,fine : 7.79 seconds
[[1479  435]
 [  24   72]]
acc: 0.772
f1: 0.239
[[1884   30]
 [  77   19]]
acc: 0.947
f1: 0.262
6,23,coarse : 8.09 seconds
6,23,fine : 8.09 seconds
[[1478  436]
 [  24   72]]
acc: 0.771
f1: 0.238
[[1882   32]
 [  75   21]]
acc: 0.947
f1: 0.282
6,24,coarse : 8.34 seconds
6,24,fine : 8.34 seconds
[[1480  434]
 [  24   72]]
acc: 0.772
f1: 0.239
[[1877   37]
 [  73   23]]
acc: 0.945
f1: 0.295
6,25,coarse : 8.77 seconds
6,25,fine : 8.78 seconds
[[1484  430]
 [  25   71]]
acc: 0.774
f1: 0.238
[[1876   38]
 [  72   24]]
acc: 0.945
f1: 0.304
6,26,coarse : 8.76 seconds
6,26,fine : 8.77 seconds
[[1483  431]
 [  24   72]]
acc: 0.774
f1: 0.240
[[1880   34]
 [  75   21]]
acc: 0.946
f1: 0.278
6,27,coarse : 8.92 seconds
6,27,fine : 8.92 seconds
[[1488  426]
 [  26   70]]
acc: 0.775
f1: 0.236
[[1879   35]
 [  73   23]]
acc: 0.946
f1: 0.299
6,28,coarse : 8.85 seconds
6,28,fine : 8.85 seconds
[[1492  422]
 [  25   71]]
acc: 0.778
f1: 0.241
[[1878   36]
 [  73   23]]
acc: 0.946
f1: 0.297
6,29,coarse : 9.58 seconds
6,29,fine : 9.58 seconds
[[1498  416]
 [  26   70]]
acc: 0.780
f1: 0.241
[[1879   35]
 [  73   23]]
acc: 0.946
f1: 0.299
6,30,coarse : 9.46 seconds
6,30,fine : 9.46 seconds
[[1498  416]
 [  26   70]]
acc: 0.780
f1: 0.241
[[1880   34]
 [  72   24]]
acc: 0.947
f1: 0.312
6,31,coarse : 9.44 seconds
6,31,fine : 9.44 seconds
[[1500  414]
 [  25   71]]
acc: 0.782
f1: 0.244
[[1879   35]
 [  72   24]]
acc: 0.947
f1: 0.310
6,32,coarse : 9.53 seconds
6,32,fine : 9.53 seconds
[[1496  418]
 [  23   73]]
acc: 0.781
f1: 0.249
[[1877   37]
 [  70   26]]
acc: 0.947
f1: 0.327
6,33,coarse : 10.33 seconds
6,33,fine : 10.34 seconds
[[1499  415]
 [  23   73]]
acc: 0.782
f1: 0.250
[[1873   41]
 [  69   27]]
acc: 0.945
f1: 0.329
6,34,coarse : 9.87 seconds
6,34,fine : 9.87 seconds
[[1499  415]
 [  24   72]]
acc: 0.782
f1: 0.247
[[1876   38]
 [  70   26]]
acc: 0.946
f1: 0.325
6,35,coarse : 10.59 seconds
6,35,fine : 10.6 seconds
[[1499  415]
 [  23   73]]
acc: 0.782
f1: 0.250
[[1875   39]
 [  68   28]]
acc: 0.947
f1: 0.344
6,36,coarse : 10.44 seconds
6,36,fine : 10.45 seconds
[[1494  420]
 [  24   72]]
acc: 0.779
f1: 0.245
[[1873   41]
 [  67   29]]
acc: 0.946
f1: 0.349
6,37,coarse : 11.3 seconds
6,37,fine : 11.31 seconds
[[1505  409]
 [  24   72]]
acc: 0.785
f1: 0.250
[[1870   44]
 [  67   29]]
acc: 0.945
f1: 0.343
6,38,coarse : 11.11 seconds
6,38,fine : 11.11 seconds
[[1503  411]
 [  24   72]]
acc: 0.784
f1: 0.249
[[1866   48]
 [  67   29]]
acc: 0.943
f1: 0.335
6,39,coarse : 11.27 seconds
6,39,fine : 11.27 seconds
[[1505  409]
 [  24   72]]
acc: 0.785
f1: 0.250
[[1867   47]
 [  67   29]]
acc: 0.943
f1: 0.337
6,40,coarse : 11.78 seconds
6,40,fine : 11.79 seconds
[[1500  414]
 [  24   72]]
acc: 0.782
f1: 0.247
[[1867   47]
 [  67   29]]
acc: 0.943
f1: 0.337
6,41,coarse : 11.7 seconds
6,41,fine : 11.71 seconds
[[1507  407]
 [  24   72]]
acc: 0.786
f1: 0.250
[[1867   47]
 [  67   29]]
acc: 0.943
f1: 0.337
6,42,coarse : 11.71 seconds
6,42,fine : 11.72 seconds
[[1502  412]
 [  24   72]]
acc: 0.783
f1: 0.248
[[1868   46]
 [  67   29]]
acc: 0.944
f1: 0.339
6,43,coarse : 12.0 seconds
6,43,fine : 12.01 seconds
[[1502  412]
 [  23   73]]
acc: 0.784
f1: 0.251
[[1871   43]
 [  66   30]]
acc: 0.946
f1: 0.355
6,44,coarse : 12.41 seconds
6,44,fine : 12.42 seconds
[[1508  406]
 [  24   72]]
acc: 0.786
f1: 0.251
[[1872   42]
 [  65   31]]
acc: 0.947
f1: 0.367
6,45,coarse : 12.38 seconds
6,45,fine : 12.39 seconds
[[1507  407]
 [  24   72]]
acc: 0.786
f1: 0.250
[[1869   45]
 [  63   33]]
acc: 0.946
f1: 0.379
6,46,coarse : 12.87 seconds
6,46,fine : 12.88 seconds
[[1506  408]
 [  24   72]]
acc: 0.785
f1: 0.250
[[1872   42]
 [  63   33]]
acc: 0.948
f1: 0.386
6,47,coarse : 13.3 seconds
6,47,fine : 13.3 seconds
[[1513  401]
 [  24   72]]
acc: 0.789
f1: 0.253
[[1871   43]
 [  62   34]]
acc: 0.948
f1: 0.393
6,48,coarse : 13.14 seconds
6,48,fine : 13.15 seconds
[[1513  401]
 [  24   72]]
acc: 0.789
f1: 0.253
[[1871   43]
 [  62   34]]
acc: 0.948
f1: 0.393
6,49,coarse : 13.54 seconds
6,49,fine : 13.55 seconds
[[1514  400]
 [  24   72]]
acc: 0.789
f1: 0.254
[[1866   48]
 [  61   35]]
acc: 0.946
f1: 0.391
6,50,coarse : 16.0 seconds
6,50,fine : 16.0 seconds
[[1515  399]
 [  24   72]]
acc: 0.790
f1: 0.254
[[1867   47]
 [  63   33]]
acc: 0.945
f1: 0.375
6,51,coarse : 13.93 seconds
6,51,fine : 13.94 seconds
[[1519  395]
 [  24   72]]
acc: 0.792
f1: 0.256
[[1863   51]
 [  62   34]]
acc: 0.944
f1: 0.376
6,52,coarse : 14.01 seconds
6,52,fine : 14.02 seconds
[[1515  399]
 [  24   72]]
acc: 0.790
f1: 0.254
[[1862   52]
 [  62   34]]
acc: 0.943
f1: 0.374
6,53,coarse : 13.78 seconds
6,53,fine : 13.79 seconds
[[1519  395]
 [  24   72]]
acc: 0.792
f1: 0.256
[[1863   51]
 [  61   35]]
acc: 0.944
f1: 0.385
6,54,coarse : 14.46 seconds
6,54,fine : 14.46 seconds
[[1525  389]
 [  24   72]]
acc: 0.795
f1: 0.259
[[1861   53]
 [  61   35]]
acc: 0.943
f1: 0.380
6,55,coarse : 14.66 seconds
6,55,fine : 14.67 seconds
[[1521  393]
 [  24   72]]
acc: 0.793
f1: 0.257
[[1863   51]
 [  60   36]]
acc: 0.945
f1: 0.393
6,56,coarse : 14.89 seconds
6,56,fine : 14.9 seconds
[[1525  389]
 [  24   72]]
acc: 0.795
f1: 0.259
[[1866   48]
 [  61   35]]
acc: 0.946
f1: 0.391
6,57,coarse : 15.38 seconds
6,57,fine : 15.39 seconds
[[1524  390]
 [  25   71]]
acc: 0.794
f1: 0.255
[[1864   50]
 [  61   35]]
acc: 0.945
f1: 0.387
6,58,coarse : 15.79 seconds
6,58,fine : 15.8 seconds
[[1521  393]
 [  25   71]]
acc: 0.792
f1: 0.254
[[1861   53]
 [  60   36]]
acc: 0.944
f1: 0.389
6,59,coarse : 15.85 seconds
6,59,fine : 15.86 seconds
[[1524  390]
 [  25   71]]
acc: 0.794
f1: 0.255
[[1862   52]
 [  60   36]]
acc: 0.944
f1: 0.391
6,60,coarse : 16.59 seconds
6,60,fine : 16.6 seconds
[[1528  386]
 [  25   71]]
acc: 0.796
f1: 0.257
[[1863   51]
 [  61   35]]
acc: 0.944
f1: 0.385
6,61,coarse : 16.35 seconds
6,61,fine : 16.36 seconds
[[1528  386]
 [  25   71]]
acc: 0.796
f1: 0.257
[[1862   52]
 [  61   35]]
acc: 0.944
f1: 0.383
6,62,coarse : 16.67 seconds
6,62,fine : 16.68 seconds
[[1533  381]
 [  25   71]]
acc: 0.798
f1: 0.259
[[1864   50]
 [  60   36]]
acc: 0.945
f1: 0.396
6,63,coarse : 16.9 seconds
6,63,fine : 16.91 seconds
[[1521  393]
 [  26   70]]
acc: 0.792
f1: 0.250
[[1862   52]
 [  58   38]]
acc: 0.945
f1: 0.409
6,64,coarse : 17.13 seconds
6,64,fine : 17.14 seconds
[[1525  389]
 [  26   70]]
acc: 0.794
f1: 0.252
[[1861   53]
 [  58   38]]
acc: 0.945
f1: 0.406
6,65,coarse : 17.55 seconds
6,65,fine : 17.56 seconds
[[1528  386]
 [  25   71]]
acc: 0.796
f1: 0.257
[[1860   54]
 [  57   39]]
acc: 0.945
f1: 0.413
6,66,coarse : 17.72 seconds
6,66,fine : 17.73 seconds
[[1531  383]
 [  25   71]]
acc: 0.797
f1: 0.258
[[1860   54]
 [  57   39]]
acc: 0.945
f1: 0.413
6,67,coarse : 18.16 seconds
6,67,fine : 18.17 seconds
[[1531  383]
 [  25   71]]
acc: 0.797
f1: 0.258
[[1859   55]
 [  58   38]]
acc: 0.944
f1: 0.402
6,68,coarse : 17.89 seconds
6,68,fine : 17.9 seconds
[[1534  380]
 [  25   71]]
acc: 0.799
f1: 0.260
[[1858   56]
 [  58   38]]
acc: 0.943
f1: 0.400
6,69,coarse : 18.22 seconds
6,69,fine : 18.23 seconds
[[1531  383]
 [  25   71]]
acc: 0.797
f1: 0.258
[[1857   57]
 [  58   38]]
acc: 0.943
f1: 0.398
6,70,coarse : 18.22 seconds
6,70,fine : 18.23 seconds
[[1534  380]
 [  25   71]]
acc: 0.799
f1: 0.260
[[1855   59]
 [  58   38]]
acc: 0.942
f1: 0.394
6,71,coarse : 18.62 seconds
6,71,fine : 18.63 seconds
[[1533  381]
 [  25   71]]
acc: 0.798
f1: 0.259
[[1859   55]
 [  57   39]]
acc: 0.944
f1: 0.411
6,72,coarse : 19.12 seconds
6,72,fine : 23.04 seconds
[[1536  378]
 [  26   70]]
acc: 0.799
f1: 0.257
[[1853   61]
 [  57   39]]
acc: 0.941
f1: 0.398
6,73,coarse : 19.17 seconds
6,73,fine : 19.18 seconds
[[1536  378]
 [  24   72]]
acc: 0.800
f1: 0.264
[[1855   59]
 [  57   39]]
acc: 0.942
f1: 0.402
6,74,coarse : 19.12 seconds
6,74,fine : 19.13 seconds
[[1543  371]
 [  24   72]]
acc: 0.803
f1: 0.267
[[1853   61]
 [  57   39]]
acc: 0.941
f1: 0.398
6,75,coarse : 19.43 seconds
6,75,fine : 19.44 seconds
[[1538  376]
 [  24   72]]
acc: 0.801
f1: 0.265
[[1853   61]
 [  57   39]]
acc: 0.941
f1: 0.398
6,76,coarse : 19.43 seconds
6,76,fine : 19.44 seconds
[[1542  372]
 [  25   71]]
acc: 0.802
f1: 0.263
[[1854   60]
 [  56   40]]
acc: 0.942
f1: 0.408
6,77,coarse : 19.08 seconds
6,77,fine : 19.09 seconds
[[1527  387]
 [  24   72]]
acc: 0.796
f1: 0.259
[[1853   61]
 [  55   41]]
acc: 0.942
f1: 0.414
6,78,coarse : 18.98 seconds
6,78,fine : 19.0 seconds
[[1534  380]
 [  24   72]]
acc: 0.799
f1: 0.263
[[1856   58]
 [  56   40]]
acc: 0.943
f1: 0.412
6,79,coarse : 19.96 seconds
6,79,fine : 19.97 seconds
[[1535  379]
 [  22   74]]
acc: 0.800
f1: 0.270
[[1854   60]
 [  55   41]]
acc: 0.943
f1: 0.416
6,80,coarse : 19.41 seconds
6,80,fine : 19.42 seconds
[[1537  377]
 [  23   73]]
acc: 0.801
f1: 0.267
[[1855   59]
 [  56   40]]
acc: 0.943
f1: 0.410
6,81,coarse : 20.2 seconds
6,81,fine : 20.21 seconds
[[1536  378]
 [  23   73]]
acc: 0.800
f1: 0.267
[[1852   62]
 [  57   39]]
acc: 0.941
f1: 0.396
6,82,coarse : 19.74 seconds
6,82,fine : 19.75 seconds
[[1537  377]
 [  24   72]]
acc: 0.800
f1: 0.264
[[1852   62]
 [  56   40]]
acc: 0.941
f1: 0.404
6,83,coarse : 20.72 seconds
6,83,fine : 20.73 seconds
[[1535  379]
 [  24   72]]
acc: 0.800
f1: 0.263
[[1853   61]
 [  57   39]]
acc: 0.941
f1: 0.398
6,84,coarse : 20.63 seconds
6,84,fine : 20.64 seconds
[[1535  379]
 [  23   73]]
acc: 0.800
f1: 0.266
[[1857   57]
 [  57   39]]
acc: 0.943
f1: 0.406
6,85,coarse : 21.85 seconds
6,85,fine : 21.86 seconds
[[1537  377]
 [  24   72]]
acc: 0.800
f1: 0.264
[[1858   56]
 [  57   39]]
acc: 0.944
f1: 0.408
6,86,coarse : 21.82 seconds
6,86,fine : 21.83 seconds
[[1532  382]
 [  24   72]]
acc: 0.798
f1: 0.262
[[1860   54]
 [  57   39]]
acc: 0.945
f1: 0.413
6,87,coarse : 22.41 seconds
6,87,fine : 22.42 seconds
[[1533  381]
 [  24   72]]
acc: 0.799
f1: 0.262
[[1861   53]
 [  57   39]]
acc: 0.945
f1: 0.415
6,88,coarse : 22.59 seconds
6,88,fine : 22.6 seconds
[[1532  382]
 [  24   72]]
acc: 0.798
f1: 0.262
[[1859   55]
 [  57   39]]
acc: 0.944
f1: 0.411
6,89,coarse : 22.28 seconds
6,89,fine : 22.29 seconds
[[1531  383]
 [  24   72]]
acc: 0.798
f1: 0.261
[[1861   53]
 [  57   39]]
acc: 0.945
f1: 0.415
6,90,coarse : 23.74 seconds
6,90,fine : 23.75 seconds
[[1536  378]
 [  24   72]]
acc: 0.800
f1: 0.264
[[1859   55]
 [  57   39]]
acc: 0.944
f1: 0.411
6,91,coarse : 23.42 seconds
6,91,fine : 23.43 seconds
[[1535  379]
 [  24   72]]
acc: 0.800
f1: 0.263
[[1858   56]
 [  57   39]]
acc: 0.944
f1: 0.408
6,92,coarse : 23.48 seconds
6,92,fine : 23.49 seconds
[[1541  373]
 [  23   73]]
acc: 0.803
f1: 0.269
[[1857   57]
 [  56   40]]
acc: 0.944
f1: 0.415
6,93,coarse : 24.56 seconds
6,93,fine : 24.57 seconds
[[1537  377]
 [  23   73]]
acc: 0.801
f1: 0.267
[[1858   56]
 [  56   40]]
acc: 0.944
f1: 0.417
6,94,coarse : 23.82 seconds
6,94,fine : 23.83 seconds
[[1540  374]
 [  23   73]]
acc: 0.802
f1: 0.269
[[1857   57]
 [  56   40]]
acc: 0.944
f1: 0.415
6,95,coarse : 25.0 seconds
6,95,fine : 25.01 seconds
[[1543  371]
 [  23   73]]
acc: 0.804
f1: 0.270
[[1859   55]
 [  57   39]]
acc: 0.944
f1: 0.411
6,96,coarse : 24.54 seconds
6,96,fine : 24.56 seconds
[[1545  369]
 [  23   73]]
acc: 0.805
f1: 0.271
[[1859   55]
 [  58   38]]
acc: 0.944
f1: 0.402
6,97,coarse : 24.66 seconds
6,97,fine : 24.68 seconds
[[1545  369]
 [  23   73]]
acc: 0.805
f1: 0.271
[[1859   55]
 [  58   38]]
acc: 0.944
f1: 0.402
6,98,coarse : 25.31 seconds
6,98,fine : 25.32 seconds
[[1547  367]
 [  23   73]]
acc: 0.806
f1: 0.272
[[1859   55]
 [  57   39]]
acc: 0.944
f1: 0.411
6,99,coarse : 25.62 seconds
6,99,fine : 25.64 seconds
[[1546  368]
 [  23   73]]
acc: 0.805
f1: 0.272
[[1858   56]
 [  55   41]]
acc: 0.945
f1: 0.425
6,100,coarse : 27.68 seconds
6,100,fine : 27.7 seconds
[[1539  375]
 [  23   73]]
acc: 0.802
f1: 0.268
[[1859   55]
 [  55   41]]
acc: 0.945
f1: 0.427
6,101,coarse : 27.04 seconds
6,101,fine : 27.05 seconds
[[1537  377]
 [  22   74]]
acc: 0.801
f1: 0.271
[[1859   55]
 [  55   41]]
acc: 0.945
f1: 0.427
6,102,coarse : 27.41 seconds
6,102,fine : 27.43 seconds
[[1535  379]
 [  21   75]]
acc: 0.801
f1: 0.273
[[1858   56]
 [  56   40]]
acc: 0.944
f1: 0.417
6,103,coarse : 26.75 seconds
6,103,fine : 26.77 seconds
[[1537  377]
 [  21   75]]
acc: 0.802
f1: 0.274
[[1860   54]
 [  54   42]]
acc: 0.946
f1: 0.438
6,104,coarse : 27.97 seconds
6,104,fine : 27.98 seconds
[[1535  379]
 [  21   75]]
acc: 0.801
f1: 0.273
[[1860   54]
 [  53   43]]
acc: 0.947
f1: 0.446
6,105,coarse : 28.33 seconds
6,105,fine : 28.34 seconds
[[1534  380]
 [  21   75]]
acc: 0.800
f1: 0.272
[[1859   55]
 [  53   43]]
acc: 0.946
f1: 0.443
6,106,coarse : 28.76 seconds
6,106,fine : 28.78 seconds
[[1532  382]
 [  21   75]]
acc: 0.800
f1: 0.271
[[1858   56]
 [  53   43]]
acc: 0.946
f1: 0.441
6,107,coarse : 27.86 seconds
6,107,fine : 27.88 seconds
[[1527  387]
 [  21   75]]
acc: 0.797
f1: 0.269
[[1857   57]
 [  54   42]]
acc: 0.945
f1: 0.431
6,108,coarse : 29.86 seconds
6,108,fine : 29.87 seconds
[[1530  384]
 [  21   75]]
acc: 0.799
f1: 0.270
[[1858   56]
 [  53   43]]
acc: 0.946
f1: 0.441
6,109,coarse : 30.16 seconds
6,109,fine : 30.18 seconds
[[1529  385]
 [  21   75]]
acc: 0.798
f1: 0.270
[[1859   55]
 [  52   44]]
acc: 0.947
f1: 0.451
6,110,coarse : 29.83 seconds
6,110,fine : 29.85 seconds
[[1531  383]
 [  21   75]]
acc: 0.799
f1: 0.271
[[1858   56]
 [  54   42]]
acc: 0.945
f1: 0.433
6,111,coarse : 29.44 seconds
6,111,fine : 29.45 seconds
[[1527  387]
 [  21   75]]
acc: 0.797
f1: 0.269
[[1860   54]
 [  54   42]]
acc: 0.946
f1: 0.438
6,112,coarse : 30.21 seconds
6,112,fine : 30.22 seconds
[[1529  385]
 [  22   74]]
acc: 0.798
f1: 0.267
[[1858   56]
 [  54   42]]
acc: 0.945
f1: 0.433
6,113,coarse : 30.78 seconds
6,113,fine : 30.79 seconds
[[1533  381]
 [  22   74]]
acc: 0.800
f1: 0.269
[[1858   56]
 [  55   41]]
acc: 0.945
f1: 0.425
6,114,coarse : 30.92 seconds
6,114,fine : 30.93 seconds
[[1528  386]
 [  22   74]]
acc: 0.797
f1: 0.266
[[1858   56]
 [  55   41]]
acc: 0.945
f1: 0.425
6,115,coarse : 30.76 seconds
6,115,fine : 30.77 seconds
[[1533  381]
 [  22   74]]
acc: 0.800
f1: 0.269
[[1861   53]
 [  56   40]]
acc: 0.946
f1: 0.423
6,116,coarse : 31.76 seconds
6,116,fine : 31.78 seconds
[[1538  376]
 [  22   74]]
acc: 0.802
f1: 0.271
[[1858   56]
 [  54   42]]
acc: 0.945
f1: 0.433
6,117,coarse : 31.96 seconds
6,117,fine : 31.98 seconds
[[1532  382]
 [  22   74]]
acc: 0.799
f1: 0.268
[[1860   54]
 [  54   42]]
acc: 0.946
f1: 0.438
6,118,coarse : 32.01 seconds
6,118,fine : 32.03 seconds
[[1534  380]
 [  22   74]]
acc: 0.800
f1: 0.269
[[1861   53]
 [  54   42]]
acc: 0.947
f1: 0.440
6,119,coarse : 32.55 seconds
6,119,fine : 32.57 seconds
[[1536  378]
 [  22   74]]
acc: 0.801
f1: 0.270
[[1861   53]
 [  54   42]]
acc: 0.947
f1: 0.440
6,120,coarse : 32.24 seconds
6,120,fine : 32.26 seconds
[[1537  377]
 [  22   74]]
acc: 0.801
f1: 0.271
[[1860   54]
 [  53   43]]
acc: 0.947
f1: 0.446
6,121,coarse : 32.24 seconds
6,121,fine : 32.26 seconds
[[1536  378]
 [  22   74]]
acc: 0.801
f1: 0.270
[[1859   55]
 [  53   43]]
acc: 0.946
f1: 0.443
6,122,coarse : 33.19 seconds
6,122,fine : 33.24 seconds
[[1536  378]
 [  22   74]]
acc: 0.801
f1: 0.270
[[1860   54]
 [  52   44]]
acc: 0.947
f1: 0.454
6,123,coarse : 33.73 seconds
6,123,fine : 33.75 seconds
[[1537  377]
 [  22   74]]
acc: 0.801
f1: 0.271
[[1860   54]
 [  52   44]]
acc: 0.947
f1: 0.454
6,124,coarse : 34.29 seconds
6,124,fine : 34.31 seconds
[[1529  385]
 [  22   74]]
acc: 0.798
f1: 0.267
[[1857   57]
 [  53   43]]
acc: 0.945
f1: 0.439
6,125,coarse : 34.29 seconds
6,125,fine : 34.3 seconds
[[1535  379]
 [  22   74]]
acc: 0.800
f1: 0.270
[[1858   56]
 [  53   43]]
acc: 0.946
f1: 0.441
6,126,coarse : 34.45 seconds
6,126,fine : 34.47 seconds
[[1534  380]
 [  22   74]]
acc: 0.800
f1: 0.269
[[1859   55]
 [  53   43]]
acc: 0.946
f1: 0.443
6,127,coarse : 34.23 seconds
6,127,fine : 34.25 seconds
[[1533  381]
 [  22   74]]
acc: 0.800
f1: 0.269
[[1857   57]
 [  52   44]]
acc: 0.946
f1: 0.447
6,128,coarse : 34.9 seconds
6,128,fine : 34.92 seconds
[[1535  379]
 [  22   74]]
acc: 0.800
f1: 0.270
[[1858   56]
 [  52   44]]
acc: 0.946
f1: 0.449
6,129,coarse : 34.71 seconds
6,129,fine : 34.73 seconds
[[1537  377]
 [  22   74]]
acc: 0.801
f1: 0.271
[[1859   55]
 [  52   44]]
acc: 0.947
f1: 0.451
6,130,coarse : 35.91 seconds
6,130,fine : 35.93 seconds
[[1538  376]
 [  22   74]]
acc: 0.802
f1: 0.271
[[1857   57]
 [  51   45]]
acc: 0.946
f1: 0.455
6,131,coarse : 35.8 seconds
6,131,fine : 35.82 seconds
[[1535  379]
 [  22   74]]
acc: 0.800
f1: 0.270
[[1856   58]
 [  51   45]]
acc: 0.946
f1: 0.452
6,132,coarse : 36.07 seconds
6,132,fine : 36.09 seconds
[[1537  377]
 [  22   74]]
acc: 0.801
f1: 0.271
[[1857   57]
 [  51   45]]
acc: 0.946
f1: 0.455
6,133,coarse : 35.86 seconds
6,133,fine : 35.88 seconds
[[1542  372]
 [  22   74]]
acc: 0.804
f1: 0.273
[[1856   58]
 [  55   41]]
acc: 0.944
f1: 0.421
6,134,coarse : 36.9 seconds
6,134,fine : 36.91 seconds
[[1546  368]
 [  22   74]]
acc: 0.806
f1: 0.275
[[1854   60]
 [  54   42]]
acc: 0.943
f1: 0.424
6,135,coarse : 36.75 seconds
6,135,fine : 36.77 seconds
[[1542  372]
 [  22   74]]
acc: 0.804
f1: 0.273
[[1856   58]
 [  52   44]]
acc: 0.945
f1: 0.444
6,136,coarse : 37.18 seconds
6,136,fine : 37.2 seconds
[[1550  364]
 [  22   74]]
acc: 0.808
f1: 0.277
[[1856   58]
 [  53   43]]
acc: 0.945
f1: 0.437
6,137,coarse : 37.98 seconds
6,137,fine : 38.0 seconds
[[1542  372]
 [  22   74]]
acc: 0.804
f1: 0.273
[[1857   57]
 [  52   44]]
acc: 0.946
f1: 0.447
6,138,coarse : 38.25 seconds
6,138,fine : 38.27 seconds
[[1552  362]
 [  22   74]]
acc: 0.809
f1: 0.278
[[1858   56]
 [  52   44]]
acc: 0.946
f1: 0.449
6,139,coarse : 38.44 seconds
6,139,fine : 38.46 seconds
[[1549  365]
 [  22   74]]
acc: 0.807
f1: 0.277
[[1857   57]
 [  52   44]]
acc: 0.946
f1: 0.447
6,140,coarse : 38.62 seconds
6,140,fine : 38.63 seconds
[[1548  366]
 [  22   74]]
acc: 0.807
f1: 0.276
[[1859   55]
 [  53   43]]
acc: 0.946
f1: 0.443
6,141,coarse : 39.55 seconds
6,141,fine : 39.57 seconds
[[1552  362]
 [  22   74]]
acc: 0.809
f1: 0.278
[[1856   58]
 [  54   42]]
acc: 0.944
f1: 0.429
6,142,coarse : 38.78 seconds
6,142,fine : 38.8 seconds
[[1552  362]
 [  22   74]]
acc: 0.809
f1: 0.278
[[1855   59]
 [  54   42]]
acc: 0.944
f1: 0.426
6,143,coarse : 39.77 seconds
6,143,fine : 39.79 seconds
[[1550  364]
 [  22   74]]
acc: 0.808
f1: 0.277
[[1856   58]
 [  54   42]]
acc: 0.944
f1: 0.429
6,144,coarse : 40.03 seconds
6,144,fine : 40.05 seconds
[[1550  364]
 [  22   74]]
acc: 0.808
f1: 0.277
[[1856   58]
 [  54   42]]
acc: 0.944
f1: 0.429
6,145,coarse : 40.39 seconds
6,145,fine : 40.41 seconds
[[1548  366]
 [  21   75]]
acc: 0.807
f1: 0.279
[[1857   57]
 [  54   42]]
acc: 0.945
f1: 0.431
6,146,coarse : 40.97 seconds
6,146,fine : 40.98 seconds
[[1551  363]
 [  21   75]]
acc: 0.809
f1: 0.281
[[1855   59]
 [  54   42]]
acc: 0.944
f1: 0.426
6,147,coarse : 41.27 seconds
6,147,fine : 41.29 seconds
[[1553  361]
 [  21   75]]
acc: 0.810
f1: 0.282
[[1856   58]
 [  54   42]]
acc: 0.944
f1: 0.429
6,148,coarse : 41.06 seconds
6,148,fine : 41.08 seconds
[[1553  361]
 [  21   75]]
acc: 0.810
f1: 0.282
[[1857   57]
 [  55   41]]
acc: 0.944
f1: 0.423
6,149,coarse : 41.42 seconds
6,149,fine : 41.44 seconds
[[1552  362]
 [  21   75]]
acc: 0.809
f1: 0.281
[[1857   57]
 [  53   43]]
acc: 0.945
f1: 0.439
6,150,coarse : 43.59 seconds
6,150,fine : 43.61 seconds
[[1552  362]
 [  21   75]]
acc: 0.809
f1: 0.281
[[1854   60]
 [  53   43]]
acc: 0.944
f1: 0.432
6,151,coarse : 42.28 seconds
6,151,fine : 42.3 seconds
[[1551  363]
 [  21   75]]
acc: 0.809
f1: 0.281
[[1856   58]
 [  52   44]]
acc: 0.945
f1: 0.444
6,152,coarse : 42.92 seconds
6,152,fine : 42.94 seconds
[[1556  358]
 [  21   75]]
acc: 0.811
f1: 0.284
[[1854   60]
 [  52   44]]
acc: 0.944
f1: 0.440
6,153,coarse : 42.18 seconds
6,153,fine : 42.2 seconds
[[1556  358]
 [  21   75]]
acc: 0.811
f1: 0.284
[[1855   59]
 [  52   44]]
acc: 0.945
f1: 0.442
6,154,coarse : 43.57 seconds
6,154,fine : 43.58 seconds
[[1551  363]
 [  21   75]]
acc: 0.809
f1: 0.281
[[1854   60]
 [  52   44]]
acc: 0.944
f1: 0.440
6,155,coarse : 42.83 seconds
6,155,fine : 42.85 seconds
[[1553  361]
 [  21   75]]
acc: 0.810
f1: 0.282
[[1856   58]
 [  51   45]]
acc: 0.946
f1: 0.452
6,156,coarse : 42.67 seconds
6,156,fine : 42.69 seconds
[[1552  362]
 [  21   75]]
acc: 0.809
f1: 0.281
[[1853   61]
 [  50   46]]
acc: 0.945
f1: 0.453
6,157,coarse : 43.55 seconds
6,157,fine : 43.57 seconds
[[1549  365]
 [  22   74]]
acc: 0.807
f1: 0.277
[[1853   61]
 [  50   46]]
acc: 0.945
f1: 0.453
6,158,coarse : 44.94 seconds
6,158,fine : 44.96 seconds
[[1550  364]
 [  23   73]]
acc: 0.807
f1: 0.274
[[1851   63]
 [  51   45]]
acc: 0.943
f1: 0.441
6,159,coarse : 44.6 seconds
6,159,fine : 44.62 seconds
[[1551  363]
 [  23   73]]
acc: 0.808
f1: 0.274
[[1851   63]
 [  51   45]]
acc: 0.943
f1: 0.441
6,160,coarse : 45.22 seconds
6,160,fine : 45.24 seconds
[[1551  363]
 [  22   74]]
acc: 0.808
f1: 0.278
[[1851   63]
 [  50   46]]
acc: 0.944
f1: 0.449
6,161,coarse : 44.7 seconds
6,161,fine : 44.72 seconds
[[1550  364]
 [  23   73]]
acc: 0.807
f1: 0.274
[[1850   64]
 [  51   45]]
acc: 0.943
f1: 0.439
6,162,coarse : 45.1 seconds
6,162,fine : 45.12 seconds
[[1551  363]
 [  23   73]]
acc: 0.808
f1: 0.274
[[1852   62]
 [  50   46]]
acc: 0.944
f1: 0.451
6,163,coarse : 45.38 seconds
6,163,fine : 45.4 seconds
[[1547  367]
 [  21   75]]
acc: 0.807
f1: 0.279
[[1852   62]
 [  50   46]]
acc: 0.944
f1: 0.451
6,164,coarse : 46.83 seconds
6,164,fine : 46.85 seconds
[[1552  362]
 [  21   75]]
acc: 0.809
f1: 0.281
[[1852   62]
 [  50   46]]
acc: 0.944
f1: 0.451
6,165,coarse : 46.48 seconds
6,165,fine : 46.5 seconds
[[1551  363]
 [  22   74]]
acc: 0.808
f1: 0.278
[[1851   63]
 [  50   46]]
acc: 0.944
f1: 0.449
6,166,coarse : 46.63 seconds
6,166,fine : 46.65 seconds
[[1552  362]
 [  22   74]]
acc: 0.809
f1: 0.278
[[1852   62]
 [  50   46]]
acc: 0.944
f1: 0.451
6,167,coarse : 46.78 seconds
6,167,fine : 46.8 seconds
[[1554  360]
 [  22   74]]
acc: 0.810
f1: 0.279
[[1852   62]
 [  50   46]]
acc: 0.944
f1: 0.451
6,168,coarse : 47.72 seconds
6,168,fine : 47.74 seconds
[[1552  362]
 [  22   74]]
acc: 0.809
f1: 0.278
[[1853   61]
 [  50   46]]
acc: 0.945
f1: 0.453
6,169,coarse : 47.34 seconds
6,169,fine : 47.36 seconds
[[1555  359]
 [  23   73]]
acc: 0.810
f1: 0.277
[[1851   63]
 [  50   46]]
acc: 0.944
f1: 0.449
6,170,coarse : 48.62 seconds
6,170,fine : 48.64 seconds
[[1555  359]
 [  23   73]]
acc: 0.810
f1: 0.277
[[1850   64]
 [  50   46]]
acc: 0.943
f1: 0.447
6,171,coarse : 48.98 seconds
6,171,fine : 49.01 seconds
[[1557  357]
 [  23   73]]
acc: 0.811
f1: 0.278
[[1852   62]
 [  50   46]]
acc: 0.944
f1: 0.451
6,172,coarse : 48.93 seconds
6,172,fine : 48.95 seconds
