all           0      1    2    3    4    5    6    7    8    
1      2010   1914   1    19   32   19   1    11   6    7    
2      2010   1914   1    19   32   19   1    11   6    7    
3      2010   1914   1    19   32   19   1    11   5    8    
4      2010   1914   1    19   32   19   1    10   6    8    
5      2010   1914   1    18   33   19   1    10   6    8    
6      2010   1914   1    18   33   19   1    10   6    8    
7      2010   1913   2    18   33   19   1    10   6    8    
8      2010   1913   2    18   33   19   1    10   6    8    
9      2009   1913   2    18   32   19   2    10   6    7    
10     2009   1913   1    19   32   19   1    11   6    7    
Total  20098  19136  13   185  324  190  11   104  59   76   
train         0      1    2    3    4    5    6    7    8    
1      2010   1914   1    19   32   19   1    11   6    7    
2      2010   1914   1    19   32   19   1    11   6    7    
3      2010   1914   1    19   32   19   1    11   5    8    
4      2010   1914   1    19   32   19   1    10   6    8    
5      2010   1914   1    18   33   19   1    10   6    8    
6      2010   1914   1    18   33   19   1    10   6    8    
7      2010   1913   2    18   33   19   1    10   6    8    
8      2010   1913   2    18   33   19   1    10   6    8    
10     2009   1913   1    19   32   19   1    11   6    7    
Total  18089  17223  11   167  292  171  9    94   53   69   
test          0      1    2    3    4    5    6    7    8    
9      2009   1913   2    18   32   19   2    10   6    7    
Total  2009   1913   2    18   32   19   2    10   6    7    
train_mod     0      1    2    3    4    5    6    7    8    
1      2011   1914   1    19   32   19   2    11   6    7    
2      2010   1914   1    19   32   19   1    11   6    7    
3      2010   1914   1    19   32   19   1    11   5    8    
4      2010   1914   1    19   32   19   1    10   6    8    
5      2010   1914   1    18   33   19   1    10   6    8    
6      2010   1914   1    18   33   19   1    10   6    8    
7      2010   1913   2    18   33   19   1    10   6    8    
8      2010   1913   2    18   33   19   1    10   6    8    
10     2009   1913   1    19   32   19   1    11   6    7    
Total  18090  17223  11   167  292  171  10   94   53   69   
test_mod      0      1    2    3    4    5    6    7    8    
9      2008   1913   2    18   32   19   1    10   6    7    
Total  2008   1913   2    18   32   19   1    10   6    7    
Classes             
0         17223     
1         11        
2         167       
3         292       
4         171       
5         10        
6         94        
7         53        
8         69        
Total     18090     

Shape: 450       

[952, 10, 11, 16, 11, 10, 10, 10, 10]
Sum start => 1040
[[1399  514]
 [  26   69]]
acc: 0.731
f1: 0.204
[[1885   28]
 [  85   10]]
acc: 0.944
f1: 0.150
9,1,coarse : 42.29 seconds
9,1,fine : 42.29 seconds
[[1399  514]
 [  26   69]]
acc: 0.731
f1: 0.204
[[1885   28]
 [  85   10]]
acc: 0.944
f1: 0.150
9,2,coarse : 43.94 seconds
9,2,fine : 43.94 seconds
[[1430  483]
 [  29   66]]
acc: 0.745
f1: 0.205
[[1890   23]
 [  86    9]]
acc: 0.946
f1: 0.142
9,3,coarse : 4.65 seconds
9,3,fine : 4.66 seconds
[[1443  470]
 [  27   68]]
acc: 0.752
f1: 0.215
[[1893   20]
 [  87    8]]
acc: 0.947
f1: 0.130
9,4,coarse : 4.86 seconds
9,4,fine : 4.87 seconds
[[1431  482]
 [  26   69]]
acc: 0.747
f1: 0.214
[[1893   20]
 [  87    8]]
acc: 0.947
f1: 0.130
9,5,coarse : 5.05 seconds
9,5,fine : 5.05 seconds
[[1429  484]
 [  25   70]]
acc: 0.747
f1: 0.216
[[1891   22]
 [  87    8]]
acc: 0.946
f1: 0.128
9,6,coarse : 5.36 seconds
9,6,fine : 5.36 seconds
[[1426  487]
 [  25   70]]
acc: 0.745
f1: 0.215
[[1891   22]
 [  86    9]]
acc: 0.946
f1: 0.143
9,7,coarse : 5.3 seconds
9,7,fine : 5.31 seconds
[[1425  488]
 [  24   71]]
acc: 0.745
f1: 0.217
[[1890   23]
 [  86    9]]
acc: 0.946
f1: 0.142
9,8,coarse : 5.52 seconds
9,8,fine : 5.52 seconds
[[1446  467]
 [  25   70]]
acc: 0.755
f1: 0.222
[[1890   23]
 [  87    8]]
acc: 0.945
f1: 0.127
9,9,coarse : 5.86 seconds
9,9,fine : 5.87 seconds
[[1442  471]
 [  22   73]]
acc: 0.754
f1: 0.228
[[1893   20]
 [  84   11]]
acc: 0.948
f1: 0.175
9,10,coarse : 6.13 seconds
9,10,fine : 6.13 seconds
[[1444  469]
 [  23   72]]
acc: 0.755
f1: 0.226
[[1890   23]
 [  81   14]]
acc: 0.948
f1: 0.212
9,11,coarse : 6.72 seconds
9,11,fine : 6.72 seconds
[[1449  464]
 [  23   72]]
acc: 0.757
f1: 0.228
[[1885   28]
 [  80   15]]
acc: 0.946
f1: 0.217
9,12,coarse : 6.83 seconds
9,12,fine : 6.84 seconds
[[1453  460]
 [  25   70]]
acc: 0.758
f1: 0.224
[[1886   27]
 [  78   17]]
acc: 0.948
f1: 0.245
9,13,coarse : 7.0 seconds
9,13,fine : 7.01 seconds
[[1466  447]
 [  25   70]]
acc: 0.765
f1: 0.229
[[1888   25]
 [  78   17]]
acc: 0.949
f1: 0.248
9,14,coarse : 7.16 seconds
9,14,fine : 7.16 seconds
[[1471  442]
 [  25   70]]
acc: 0.767
f1: 0.231
[[1886   27]
 [  76   19]]
acc: 0.949
f1: 0.270
9,15,coarse : 7.36 seconds
9,15,fine : 7.36 seconds
[[1467  446]
 [  25   70]]
acc: 0.765
f1: 0.229
[[1888   25]
 [  77   18]]
acc: 0.949
f1: 0.261
9,16,coarse : 7.65 seconds
9,16,fine : 7.66 seconds
[[1479  434]
 [  26   69]]
acc: 0.771
f1: 0.231
[[1888   25]
 [  74   21]]
acc: 0.951
f1: 0.298
9,17,coarse : 7.84 seconds
9,17,fine : 7.84 seconds
[[1465  448]
 [  24   71]]
acc: 0.765
f1: 0.231
[[1888   25]
 [  72   23]]
acc: 0.952
f1: 0.322
9,18,coarse : 7.97 seconds
9,18,fine : 7.98 seconds
[[1471  442]
 [  25   70]]
acc: 0.767
f1: 0.231
[[1886   27]
 [  72   23]]
acc: 0.951
f1: 0.317
9,19,coarse : 8.21 seconds
9,19,fine : 8.21 seconds
[[1484  429]
 [  25   70]]
acc: 0.774
f1: 0.236
[[1886   27]
 [  71   24]]
acc: 0.951
f1: 0.329
9,20,coarse : 8.32 seconds
9,20,fine : 8.33 seconds
[[1486  427]
 [  27   68]]
acc: 0.774
f1: 0.231
[[1886   27]
 [  71   24]]
acc: 0.951
f1: 0.329
9,21,coarse : 8.66 seconds
9,21,fine : 8.66 seconds
[[1490  423]
 [  26   69]]
acc: 0.776
f1: 0.235
[[1886   27]
 [  70   25]]
acc: 0.952
f1: 0.340
9,22,coarse : 8.98 seconds
9,22,fine : 8.98 seconds
[[1498  415]
 [  25   70]]
acc: 0.781
f1: 0.241
[[1887   26]
 [  70   25]]
acc: 0.952
f1: 0.342
9,23,coarse : 9.17 seconds
9,23,fine : 9.18 seconds
[[1501  412]
 [  25   70]]
acc: 0.782
f1: 0.243
[[1883   30]
 [  70   25]]
acc: 0.950
f1: 0.333
9,24,coarse : 9.19 seconds
9,24,fine : 9.19 seconds
[[1495  418]
 [  24   71]]
acc: 0.780
f1: 0.243
[[1882   31]
 [  69   26]]
acc: 0.950
f1: 0.342
9,25,coarse : 9.53 seconds
9,25,fine : 9.53 seconds
[[1491  422]
 [  23   72]]
acc: 0.778
f1: 0.244
[[1884   29]
 [  67   28]]
acc: 0.952
f1: 0.368
9,26,coarse : 9.78 seconds
9,26,fine : 9.79 seconds
[[1499  414]
 [  22   73]]
acc: 0.783
f1: 0.251
[[1881   32]
 [  68   27]]
acc: 0.950
f1: 0.351
9,27,coarse : 9.9 seconds
9,27,fine : 9.9 seconds
[[1499  414]
 [  23   72]]
acc: 0.782
f1: 0.248
[[1881   32]
 [  67   28]]
acc: 0.951
f1: 0.361
9,28,coarse : 10.13 seconds
9,28,fine : 10.14 seconds
[[1502  411]
 [  24   71]]
acc: 0.783
f1: 0.246
[[1882   31]
 [  67   28]]
acc: 0.951
f1: 0.364
9,29,coarse : 10.32 seconds
9,29,fine : 10.41 seconds
[[1508  405]
 [  25   70]]
acc: 0.786
f1: 0.246
[[1879   34]
 [  66   29]]
acc: 0.950
f1: 0.367
9,30,coarse : 10.75 seconds
9,30,fine : 10.75 seconds
[[1518  395]
 [  24   71]]
acc: 0.791
f1: 0.253
[[1880   33]
 [  66   29]]
acc: 0.951
f1: 0.369
9,31,coarse : 11.0 seconds
9,31,fine : 11.0 seconds
[[1509  404]
 [  23   72]]
acc: 0.787
f1: 0.252
[[1881   32]
 [  68   27]]
acc: 0.950
f1: 0.351
9,32,coarse : 10.97 seconds
9,32,fine : 10.97 seconds
[[1515  398]
 [  23   72]]
acc: 0.790
f1: 0.255
[[1880   33]
 [  68   27]]
acc: 0.950
f1: 0.348
9,33,coarse : 11.53 seconds
9,33,fine : 11.53 seconds
[[1504  409]
 [  23   72]]
acc: 0.785
f1: 0.250
[[1880   33]
 [  69   26]]
acc: 0.949
f1: 0.338
9,34,coarse : 11.8 seconds
9,34,fine : 11.8 seconds
[[1511  402]
 [  22   73]]
acc: 0.789
f1: 0.256
[[1880   33]
 [  67   28]]
acc: 0.950
f1: 0.359
9,35,coarse : 11.78 seconds
9,35,fine : 11.78 seconds
[[1515  398]
 [  24   71]]
acc: 0.790
f1: 0.252
[[1878   35]
 [  68   27]]
acc: 0.949
f1: 0.344
9,36,coarse : 12.23 seconds
9,36,fine : 12.23 seconds
[[1515  398]
 [  25   70]]
acc: 0.789
f1: 0.249
[[1879   34]
 [  68   27]]
acc: 0.949
f1: 0.346
9,37,coarse : 12.29 seconds
9,37,fine : 12.29 seconds
[[1502  411]
 [  25   70]]
acc: 0.783
f1: 0.243
[[1876   37]
 [  68   27]]
acc: 0.948
f1: 0.340
9,38,coarse : 12.56 seconds
9,38,fine : 12.56 seconds
[[1504  409]
 [  24   71]]
acc: 0.784
f1: 0.247
[[1875   38]
 [  68   27]]
acc: 0.947
f1: 0.338
9,39,coarse : 12.7 seconds
9,39,fine : 12.7 seconds
[[1516  397]
 [  23   72]]
acc: 0.791
f1: 0.255
[[1874   39]
 [  67   28]]
acc: 0.947
f1: 0.346
9,40,coarse : 13.27 seconds
9,40,fine : 13.28 seconds
[[1521  392]
 [  24   71]]
acc: 0.793
f1: 0.254
[[1871   42]
 [  66   29]]
acc: 0.946
f1: 0.349
9,41,coarse : 13.36 seconds
9,41,fine : 13.36 seconds
[[1530  383]
 [  25   70]]
acc: 0.797
f1: 0.255
[[1872   41]
 [  66   29]]
acc: 0.947
f1: 0.352
9,42,coarse : 13.7 seconds
9,42,fine : 13.71 seconds
[[1532  381]
 [  25   70]]
acc: 0.798
f1: 0.256
[[1873   40]
 [  66   29]]
acc: 0.947
f1: 0.354
9,43,coarse : 13.89 seconds
9,43,fine : 13.9 seconds
[[1526  387]
 [  25   70]]
acc: 0.795
f1: 0.254
[[1871   42]
 [  65   30]]
acc: 0.947
f1: 0.359
9,44,coarse : 14.03 seconds
9,44,fine : 14.04 seconds
[[1525  388]
 [  27   68]]
acc: 0.793
f1: 0.247
[[1871   42]
 [  65   30]]
acc: 0.947
f1: 0.359
9,45,coarse : 14.5 seconds
9,45,fine : 14.51 seconds
[[1529  384]
 [  25   70]]
acc: 0.796
f1: 0.255
[[1870   43]
 [  66   29]]
acc: 0.946
f1: 0.347
9,46,coarse : 14.48 seconds
9,46,fine : 14.49 seconds
[[1526  387]
 [  27   68]]
acc: 0.794
f1: 0.247
[[1868   45]
 [  64   31]]
acc: 0.946
f1: 0.363
9,47,coarse : 14.6 seconds
9,47,fine : 14.61 seconds
[[1530  383]
 [  27   68]]
acc: 0.796
f1: 0.249
[[1869   44]
 [  65   30]]
acc: 0.946
f1: 0.355
9,48,coarse : 15.09 seconds
9,48,fine : 15.09 seconds
[[1532  381]
 [  27   68]]
acc: 0.797
f1: 0.250
[[1869   44]
 [  64   31]]
acc: 0.946
f1: 0.365
9,49,coarse : 15.11 seconds
9,49,fine : 15.12 seconds
[[1532  381]
 [  27   68]]
acc: 0.797
f1: 0.250
[[1870   43]
 [  65   30]]
acc: 0.946
f1: 0.357
9,50,coarse : 17.44 seconds
9,50,fine : 17.45 seconds
[[1535  378]
 [  27   68]]
acc: 0.798
f1: 0.251
[[1870   43]
 [  64   31]]
acc: 0.947
f1: 0.367
9,51,coarse : 16.06 seconds
9,51,fine : 16.07 seconds
[[1541  372]
 [  27   68]]
acc: 0.801
f1: 0.254
[[1869   44]
 [  63   32]]
acc: 0.947
f1: 0.374
9,52,coarse : 16.16 seconds
9,52,fine : 16.17 seconds
[[1538  375]
 [  27   68]]
acc: 0.800
f1: 0.253
[[1869   44]
 [  63   32]]
acc: 0.947
f1: 0.374
9,53,coarse : 16.68 seconds
9,53,fine : 16.68 seconds
[[1544  369]
 [  27   68]]
acc: 0.803
f1: 0.256
[[1871   42]
 [  63   32]]
acc: 0.948
f1: 0.379
9,54,coarse : 16.9 seconds
9,54,fine : 16.91 seconds
[[1539  374]
 [  26   69]]
acc: 0.801
f1: 0.257
[[1868   45]
 [  64   31]]
acc: 0.946
f1: 0.363
9,55,coarse : 17.3 seconds
9,55,fine : 17.3 seconds
[[1533  380]
 [  27   68]]
acc: 0.797
f1: 0.250
[[1870   43]
 [  65   30]]
acc: 0.946
f1: 0.357
9,56,coarse : 17.26 seconds
9,56,fine : 17.27 seconds
[[1536  377]
 [  27   68]]
acc: 0.799
f1: 0.252
[[1870   43]
 [  63   32]]
acc: 0.947
f1: 0.376
9,57,coarse : 17.85 seconds
9,57,fine : 17.85 seconds
[[1538  375]
 [  27   68]]
acc: 0.800
f1: 0.253
[[1870   43]
 [  64   31]]
acc: 0.947
f1: 0.367
9,58,coarse : 17.93 seconds
9,58,fine : 17.94 seconds
[[1533  380]
 [  27   68]]
acc: 0.797
f1: 0.250
[[1870   43]
 [  62   33]]
acc: 0.948
f1: 0.386
9,59,coarse : 18.22 seconds
9,59,fine : 18.23 seconds
[[1528  385]
 [  28   67]]
acc: 0.794
f1: 0.245
[[1867   46]
 [  62   33]]
acc: 0.946
f1: 0.379
9,60,coarse : 18.54 seconds
9,60,fine : 18.55 seconds
[[1526  387]
 [  27   68]]
acc: 0.794
f1: 0.247
[[1867   46]
 [  62   33]]
acc: 0.946
f1: 0.379
9,61,coarse : 18.92 seconds
9,61,fine : 18.93 seconds
[[1532  381]
 [  28   67]]
acc: 0.796
f1: 0.247
[[1865   48]
 [  63   32]]
acc: 0.945
f1: 0.366
9,62,coarse : 19.26 seconds
9,62,fine : 19.28 seconds
[[1524  389]
 [  27   68]]
acc: 0.793
f1: 0.246
[[1866   47]
 [  63   32]]
acc: 0.945
f1: 0.368
9,63,coarse : 19.36 seconds
9,63,fine : 19.4 seconds
[[1522  391]
 [  27   68]]
acc: 0.792
f1: 0.245
[[1867   46]
 [  62   33]]
acc: 0.946
f1: 0.379
9,64,coarse : 20.08 seconds
9,64,fine : 20.08 seconds
[[1523  390]
 [  27   68]]
acc: 0.792
f1: 0.246
[[1866   47]
 [  63   32]]
acc: 0.945
f1: 0.368
9,65,coarse : 20.31 seconds
9,65,fine : 20.32 seconds
[[1522  391]
 [  27   68]]
acc: 0.792
f1: 0.245
[[1864   49]
 [  60   35]]
acc: 0.946
f1: 0.391
9,66,coarse : 20.0 seconds
9,66,fine : 20.08 seconds
[[1524  389]
 [  27   68]]
acc: 0.793
f1: 0.246
[[1864   49]
 [  60   35]]
acc: 0.946
f1: 0.391
9,67,coarse : 20.13 seconds
9,67,fine : 20.13 seconds
[[1523  390]
 [  26   69]]
acc: 0.793
f1: 0.249
[[1860   53]
 [  61   34]]
acc: 0.943
f1: 0.374
9,68,coarse : 20.26 seconds
9,68,fine : 20.27 seconds
[[1517  396]
 [  27   68]]
acc: 0.789
f1: 0.243
[[1856   57]
 [  59   36]]
acc: 0.942
f1: 0.383
9,69,coarse : 20.93 seconds
9,69,fine : 20.94 seconds
[[1523  390]
 [  27   68]]
acc: 0.792
f1: 0.246
[[1858   55]
 [  61   34]]
acc: 0.942
f1: 0.370
9,70,coarse : 21.18 seconds
9,70,fine : 21.19 seconds
[[1529  384]
 [  27   68]]
acc: 0.795
f1: 0.249
[[1857   56]
 [  60   35]]
acc: 0.942
f1: 0.376
9,71,coarse : 21.21 seconds
9,71,fine : 21.21 seconds
[[1518  395]
 [  27   68]]
acc: 0.790
f1: 0.244
[[1857   56]
 [  60   35]]
acc: 0.942
f1: 0.376
9,72,coarse : 21.84 seconds
9,72,fine : 21.85 seconds
[[1523  390]
 [  26   69]]
acc: 0.793
f1: 0.249
[[1858   55]
 [  59   36]]
acc: 0.943
f1: 0.387
9,73,coarse : 21.81 seconds
9,73,fine : 21.82 seconds
[[1526  387]
 [  26   69]]
acc: 0.794
f1: 0.250
[[1860   53]
 [  59   36]]
acc: 0.944
f1: 0.391
9,74,coarse : 22.44 seconds
9,74,fine : 22.45 seconds
[[1529  384]
 [  26   69]]
acc: 0.796
f1: 0.252
[[1857   56]
 [  61   34]]
acc: 0.942
f1: 0.368
9,75,coarse : 22.5 seconds
9,75,fine : 22.51 seconds
[[1529  384]
 [  25   70]]
acc: 0.796
f1: 0.255
[[1859   54]
 [  60   35]]
acc: 0.943
f1: 0.380
9,76,coarse : 22.44 seconds
9,76,fine : 22.45 seconds
[[1528  385]
 [  25   70]]
acc: 0.796
f1: 0.255
[[1859   54]
 [  61   34]]
acc: 0.943
f1: 0.372
9,77,coarse : 22.09 seconds
9,77,fine : 22.1 seconds
[[1527  386]
 [  25   70]]
acc: 0.795
f1: 0.254
[[1858   55]
 [  60   35]]
acc: 0.943
f1: 0.378
9,78,coarse : 22.21 seconds
9,78,fine : 22.22 seconds
[[1523  390]
 [  25   70]]
acc: 0.793
f1: 0.252
[[1856   57]
 [  60   35]]
acc: 0.942
f1: 0.374
9,79,coarse : 23.26 seconds
9,79,fine : 23.27 seconds
[[1526  387]
 [  27   68]]
acc: 0.794
f1: 0.247
[[1857   56]
 [  59   36]]
acc: 0.943
f1: 0.385
9,80,coarse : 22.98 seconds
9,80,fine : 22.99 seconds
[[1528  385]
 [  27   68]]
acc: 0.795
f1: 0.248
[[1856   57]
 [  59   36]]
acc: 0.942
f1: 0.383
9,81,coarse : 22.4 seconds
9,81,fine : 22.41 seconds
[[1524  389]
 [  26   69]]
acc: 0.793
f1: 0.250
[[1857   56]
 [  59   36]]
acc: 0.943
f1: 0.385
9,82,coarse : 23.69 seconds
9,82,fine : 23.7 seconds
[[1523  390]
 [  26   69]]
acc: 0.793
f1: 0.249
[[1858   55]
 [  58   37]]
acc: 0.944
f1: 0.396
9,83,coarse : 24.29 seconds
9,83,fine : 24.3 seconds
[[1522  391]
 [  26   69]]
acc: 0.792
f1: 0.249
[[1858   55]
 [  58   37]]
acc: 0.944
f1: 0.396
9,84,coarse : 24.33 seconds
9,84,fine : 24.34 seconds
[[1520  393]
 [  26   69]]
acc: 0.791
f1: 0.248
[[1858   55]
 [  59   36]]
acc: 0.943
f1: 0.387
9,85,coarse : 25.4 seconds
9,85,fine : 25.41 seconds
[[1522  391]
 [  25   70]]
acc: 0.793
f1: 0.252
[[1861   52]
 [  59   36]]
acc: 0.945
f1: 0.393
9,86,coarse : 24.94 seconds
9,86,fine : 24.95 seconds
[[1523  390]
 [  25   70]]
acc: 0.793
f1: 0.252
[[1860   53]
 [  59   36]]
acc: 0.944
f1: 0.391
9,87,coarse : 25.75 seconds
9,87,fine : 25.76 seconds
[[1521  392]
 [  26   69]]
acc: 0.792
f1: 0.248
[[1858   55]
 [  58   37]]
acc: 0.944
f1: 0.396
9,88,coarse : 26.74 seconds
9,88,fine : 26.75 seconds
[[1525  388]
 [  25   70]]
acc: 0.794
f1: 0.253
[[1859   54]
 [  58   37]]
acc: 0.944
f1: 0.398
9,89,coarse : 26.3 seconds
9,89,fine : 26.31 seconds
[[1525  388]
 [  25   70]]
acc: 0.794
f1: 0.253
[[1861   52]
 [  58   37]]
acc: 0.945
f1: 0.402
9,90,coarse : 26.66 seconds
9,90,fine : 26.67 seconds
[[1522  391]
 [  25   70]]
acc: 0.793
f1: 0.252
[[1861   52]
 [  58   37]]
acc: 0.945
f1: 0.402
9,91,coarse : 26.88 seconds
9,91,fine : 26.89 seconds
[[1523  390]
 [  25   70]]
acc: 0.793
f1: 0.252
[[1860   53]
 [  59   36]]
acc: 0.944
f1: 0.391
9,92,coarse : 27.73 seconds
9,92,fine : 27.74 seconds
[[1521  392]
 [  25   70]]
acc: 0.792
f1: 0.251
[[1859   54]
 [  58   37]]
acc: 0.944
f1: 0.398
9,93,coarse : 27.73 seconds
9,93,fine : 27.74 seconds
[[1522  391]
 [  25   70]]
acc: 0.793
f1: 0.252
[[1859   54]
 [  58   37]]
acc: 0.944
f1: 0.398
9,94,coarse : 28.36 seconds
9,94,fine : 28.37 seconds
[[1514  399]
 [  25   70]]
acc: 0.789
f1: 0.248
[[1858   55]
 [  58   37]]
acc: 0.944
f1: 0.396
9,95,coarse : 27.46 seconds
9,95,fine : 27.47 seconds
[[1517  396]
 [  25   70]]
acc: 0.790
f1: 0.250
[[1856   57]
 [  59   36]]
acc: 0.942
f1: 0.383
9,96,coarse : 27.95 seconds
9,96,fine : 27.96 seconds
[[1518  395]
 [  25   70]]
acc: 0.791
f1: 0.250
[[1852   61]
 [  59   36]]
acc: 0.940
f1: 0.375
9,97,coarse : 27.6 seconds
9,97,fine : 27.62 seconds
[[1519  394]
 [  25   70]]
acc: 0.791
f1: 0.250
[[1855   58]
 [  59   36]]
acc: 0.942
f1: 0.381
9,98,coarse : 28.66 seconds
9,98,fine : 28.67 seconds
[[1519  394]
 [  25   70]]
acc: 0.791
f1: 0.250
[[1853   60]
 [  60   35]]
acc: 0.940
f1: 0.368
9,99,coarse : 28.81 seconds
9,99,fine : 28.82 seconds
[[1523  390]
 [  25   70]]
acc: 0.793
f1: 0.252
[[1855   58]
 [  61   34]]
acc: 0.941
f1: 0.364
9,100,coarse : 34.56 seconds
9,100,fine : 34.57 seconds
[[1523  390]
 [  25   70]]
acc: 0.793
f1: 0.252
[[1853   60]
 [  60   35]]
acc: 0.940
f1: 0.368
9,101,coarse : 30.05 seconds
9,101,fine : 30.06 seconds
[[1521  392]
 [  25   70]]
acc: 0.792
f1: 0.251
[[1848   65]
 [  59   36]]
acc: 0.938
f1: 0.367
9,102,coarse : 30.12 seconds
9,102,fine : 30.13 seconds
[[1522  391]
 [  25   70]]
acc: 0.793
f1: 0.252
[[1848   65]
 [  59   36]]
acc: 0.938
f1: 0.367
9,103,coarse : 31.26 seconds
9,103,fine : 31.27 seconds
[[1522  391]
 [  24   71]]
acc: 0.793
f1: 0.255
[[1852   61]
 [  60   35]]
acc: 0.940
f1: 0.366
9,104,coarse : 29.94 seconds
9,104,fine : 29.95 seconds
[[1523  390]
 [  24   71]]
acc: 0.794
f1: 0.255
[[1853   60]
 [  60   35]]
acc: 0.940
f1: 0.368
9,105,coarse : 31.29 seconds
9,105,fine : 31.3 seconds
[[1524  389]
 [  24   71]]
acc: 0.794
f1: 0.256
[[1854   59]
 [  59   36]]
acc: 0.941
f1: 0.379
9,106,coarse : 31.1 seconds
9,106,fine : 31.11 seconds
[[1525  388]
 [  25   70]]
acc: 0.794
f1: 0.253
[[1854   59]
 [  58   37]]
acc: 0.942
f1: 0.387
9,107,coarse : 31.34 seconds
9,107,fine : 31.35 seconds
[[1524  389]
 [  25   70]]
acc: 0.794
f1: 0.253
[[1855   58]
 [  55   40]]
acc: 0.944
f1: 0.415
9,108,coarse : 31.91 seconds
9,108,fine : 31.92 seconds
[[1522  391]
 [  25   70]]
acc: 0.793
f1: 0.252
[[1854   59]
 [  56   39]]
acc: 0.943
f1: 0.404
9,109,coarse : 32.29 seconds
9,109,fine : 32.3 seconds
[[1521  392]
 [  25   70]]
acc: 0.792
f1: 0.251
[[1856   57]
 [  55   40]]
acc: 0.944
f1: 0.417
9,110,coarse : 32.56 seconds
9,110,fine : 32.58 seconds
[[1524  389]
 [  25   70]]
acc: 0.794
f1: 0.253
[[1856   57]
 [  57   38]]
acc: 0.943
f1: 0.400
9,111,coarse : 33.33 seconds
9,111,fine : 33.34 seconds
[[1522  391]
 [  25   70]]
acc: 0.793
f1: 0.252
[[1858   55]
 [  56   39]]
acc: 0.945
f1: 0.413
9,112,coarse : 32.48 seconds
9,112,fine : 32.49 seconds
[[1521  392]
 [  24   71]]
acc: 0.793
f1: 0.254
[[1855   58]
 [  56   39]]
acc: 0.943
f1: 0.406
9,113,coarse : 33.53 seconds
9,113,fine : 33.54 seconds
[[1518  395]
 [  24   71]]
acc: 0.791
f1: 0.253
[[1856   57]
 [  56   39]]
acc: 0.944
f1: 0.408
9,114,coarse : 33.33 seconds
9,114,fine : 33.35 seconds
[[1523  390]
 [  25   70]]
acc: 0.793
f1: 0.252
[[1856   57]
 [  56   39]]
acc: 0.944
f1: 0.408
9,115,coarse : 33.92 seconds
9,115,fine : 33.94 seconds
[[1527  386]
 [  24   71]]
acc: 0.796
f1: 0.257
[[1856   57]
 [  56   39]]
acc: 0.944
f1: 0.408
9,116,coarse : 34.43 seconds
9,116,fine : 34.44 seconds
[[1529  384]
 [  24   71]]
acc: 0.797
f1: 0.258
[[1856   57]
 [  56   39]]
acc: 0.944
f1: 0.408
9,117,coarse : 34.43 seconds
9,117,fine : 34.44 seconds
[[1525  388]
 [  25   70]]
acc: 0.794
f1: 0.253
[[1856   57]
 [  56   39]]
acc: 0.944
f1: 0.408
9,118,coarse : 34.99 seconds
9,118,fine : 35.0 seconds
[[1527  386]
 [  25   70]]
acc: 0.795
f1: 0.254
[[1857   56]
 [  56   39]]
acc: 0.944
f1: 0.411
9,119,coarse : 35.15 seconds
9,119,fine : 35.16 seconds
[[1522  391]
 [  24   71]]
acc: 0.793
f1: 0.255
[[1856   57]
 [  57   38]]
acc: 0.943
f1: 0.400
9,120,coarse : 34.93 seconds
9,120,fine : 34.94 seconds
[[1521  392]
 [  24   71]]
acc: 0.793
f1: 0.254
[[1855   58]
 [  57   38]]
acc: 0.943
f1: 0.398
9,121,coarse : 36.28 seconds
9,121,fine : 36.3 seconds
[[1526  387]
 [  24   71]]
acc: 0.795
f1: 0.257
[[1855   58]
 [  56   39]]
acc: 0.943
f1: 0.406
9,122,coarse : 36.7 seconds
9,122,fine : 36.71 seconds
[[1529  384]
 [  24   71]]
acc: 0.797
f1: 0.258
[[1855   58]
 [  56   39]]
acc: 0.943
f1: 0.406
9,123,coarse : 36.93 seconds
9,123,fine : 36.94 seconds
[[1528  385]
 [  24   71]]
acc: 0.796
f1: 0.258
[[1855   58]
 [  56   39]]
acc: 0.943
f1: 0.406
9,124,coarse : 38.07 seconds
9,124,fine : 38.08 seconds
[[1528  385]
 [  24   71]]
acc: 0.796
f1: 0.258
[[1854   59]
 [  55   40]]
acc: 0.943
f1: 0.412
9,125,coarse : 37.57 seconds
9,125,fine : 37.59 seconds
[[1532  381]
 [  24   71]]
acc: 0.798
f1: 0.260
[[1852   61]
 [  55   40]]
acc: 0.942
f1: 0.408
9,126,coarse : 38.21 seconds
9,126,fine : 38.23 seconds
[[1536  377]
 [  24   71]]
acc: 0.800
f1: 0.262
[[1854   59]
 [  54   41]]
acc: 0.944
f1: 0.421
9,127,coarse : 39.09 seconds
9,127,fine : 39.11 seconds
[[1533  380]
 [  24   71]]
acc: 0.799
f1: 0.260
[[1854   59]
 [  55   40]]
acc: 0.943
f1: 0.412
9,128,coarse : 38.77 seconds
9,128,fine : 38.79 seconds
[[1534  379]
 [  24   71]]
acc: 0.799
f1: 0.261
[[1852   61]
 [  56   39]]
acc: 0.942
f1: 0.400
9,129,coarse : 39.44 seconds
9,129,fine : 39.46 seconds
[[1534  379]
 [  24   71]]
acc: 0.799
f1: 0.261
[[1854   59]
 [  56   39]]
acc: 0.943
f1: 0.404
9,130,coarse : 37.85 seconds
9,130,fine : 37.87 seconds
[[1536  377]
 [  28   67]]
acc: 0.798
f1: 0.249
[[1853   60]
 [  56   39]]
acc: 0.942
f1: 0.402
9,131,coarse : 39.65 seconds
9,131,fine : 39.66 seconds
[[1532  381]
 [  28   67]]
acc: 0.796
f1: 0.247
[[1854   59]
 [  55   40]]
acc: 0.943
f1: 0.412
9,132,coarse : 39.59 seconds
9,132,fine : 39.6 seconds
[[1537  376]
 [  27   68]]
acc: 0.799
f1: 0.252
[[1854   59]
 [  54   41]]
acc: 0.944
f1: 0.421
9,133,coarse : 39.77 seconds
9,133,fine : 39.79 seconds
[[1538  375]
 [  27   68]]
acc: 0.800
f1: 0.253
[[1854   59]
 [  55   40]]
acc: 0.943
f1: 0.412
9,134,coarse : 41.46 seconds
9,134,fine : 41.48 seconds
[[1534  379]
 [  26   69]]
acc: 0.798
f1: 0.254
[[1855   58]
 [  56   39]]
acc: 0.943
f1: 0.406
9,135,coarse : 41.11 seconds
9,135,fine : 41.13 seconds
[[1542  371]
 [  26   69]]
acc: 0.802
f1: 0.258
[[1854   59]
 [  55   40]]
acc: 0.943
f1: 0.412
9,136,coarse : 41.63 seconds
9,136,fine : 41.65 seconds
[[1545  368]
 [  26   69]]
acc: 0.804
f1: 0.259
[[1853   60]
 [  53   42]]
acc: 0.944
f1: 0.426
9,137,coarse : 41.94 seconds
9,137,fine : 41.95 seconds
[[1542  371]
 [  26   69]]
acc: 0.802
f1: 0.258
[[1852   61]
 [  52   43]]
acc: 0.944
f1: 0.432
9,138,coarse : 43.22 seconds
9,138,fine : 43.24 seconds
[[1545  368]
 [  26   69]]
acc: 0.804
f1: 0.259
[[1849   64]
 [  51   44]]
acc: 0.943
f1: 0.433
9,139,coarse : 40.92 seconds
9,139,fine : 40.94 seconds
[[1546  367]
 [  25   70]]
acc: 0.805
f1: 0.263
[[1850   63]
 [  52   43]]
acc: 0.943
f1: 0.428
9,140,coarse : 41.61 seconds
9,140,fine : 41.62 seconds
[[1547  366]
 [  25   70]]
acc: 0.805
f1: 0.264
[[1848   65]
 [  52   43]]
acc: 0.942
f1: 0.424
9,141,coarse : 42.01 seconds
9,141,fine : 42.03 seconds
[[1547  366]
 [  25   70]]
acc: 0.805
f1: 0.264
[[1848   65]
 [  51   44]]
acc: 0.942
f1: 0.431
9,142,coarse : 43.09 seconds
9,142,fine : 43.11 seconds
[[1546  367]
 [  26   69]]
acc: 0.804
f1: 0.260
[[1848   65]
 [  51   44]]
acc: 0.942
f1: 0.431
9,143,coarse : 42.55 seconds
9,143,fine : 42.56 seconds
[[1548  365]
 [  25   70]]
acc: 0.806
f1: 0.264
[[1850   63]
 [  52   43]]
acc: 0.943
f1: 0.428
9,144,coarse : 43.3 seconds
9,144,fine : 43.31 seconds
[[1546  367]
 [  25   70]]
acc: 0.805
f1: 0.263
[[1850   63]
 [  52   43]]
acc: 0.943
f1: 0.428
9,145,coarse : 42.72 seconds
9,145,fine : 42.73 seconds
[[1544  369]
 [  25   70]]
acc: 0.804
f1: 0.262
[[1850   63]
 [  51   44]]
acc: 0.943
f1: 0.436
9,146,coarse : 43.92 seconds
9,146,fine : 43.94 seconds
[[1548  365]
 [  25   70]]
acc: 0.806
f1: 0.264
[[1851   62]
 [  50   45]]
acc: 0.944
f1: 0.446
9,147,coarse : 44.72 seconds
9,147,fine : 44.74 seconds
[[1549  364]
 [  25   70]]
acc: 0.806
f1: 0.265
[[1851   62]
 [  49   46]]
acc: 0.945
f1: 0.453
9,148,coarse : 43.3 seconds
9,148,fine : 43.31 seconds
[[1553  360]
 [  25   70]]
acc: 0.808
f1: 0.267
[[1851   62]
 [  51   44]]
acc: 0.944
f1: 0.438
9,149,coarse : 44.59 seconds
9,149,fine : 44.61 seconds
[[1548  365]
 [  25   70]]
acc: 0.806
f1: 0.264
[[1850   63]
 [  51   44]]
acc: 0.943
f1: 0.436
9,150,coarse : 46.1 seconds
9,150,fine : 46.12 seconds
[[1549  364]
 [  25   70]]
acc: 0.806
f1: 0.265
[[1850   63]
 [  50   45]]
acc: 0.944
f1: 0.443
9,151,coarse : 45.89 seconds
9,151,fine : 45.91 seconds
[[1547  366]
 [  25   70]]
acc: 0.805
f1: 0.264
[[1848   65]
 [  50   45]]
acc: 0.943
f1: 0.439
9,152,coarse : 45.49 seconds
9,152,fine : 45.51 seconds
[[1549  364]
 [  26   69]]
acc: 0.806
f1: 0.261
[[1850   63]
 [  49   46]]
acc: 0.944
f1: 0.451
9,153,coarse : 45.92 seconds
9,153,fine : 45.93 seconds
[[1549  364]
 [  26   69]]
acc: 0.806
f1: 0.261
[[1854   59]
 [  50   45]]
acc: 0.946
f1: 0.452
9,154,coarse : 45.21 seconds
9,154,fine : 45.23 seconds
[[1551  362]
 [  26   69]]
acc: 0.807
f1: 0.262
[[1855   58]
 [  50   45]]
acc: 0.946
f1: 0.455
9,155,coarse : 46.24 seconds
9,155,fine : 46.25 seconds
[[1552  361]
 [  26   69]]
acc: 0.807
f1: 0.263
[[1850   63]
 [  51   44]]
acc: 0.943
f1: 0.436
9,156,coarse : 47.06 seconds
9,156,fine : 47.07 seconds
[[1548  365]
 [  27   68]]
acc: 0.805
f1: 0.258
[[1849   64]
 [  48   47]]
acc: 0.944
f1: 0.456
9,157,coarse : 47.1 seconds
9,157,fine : 47.12 seconds
[[1548  365]
 [  27   68]]
acc: 0.805
f1: 0.258
[[1850   63]
 [  48   47]]
acc: 0.945
f1: 0.459
9,158,coarse : 47.41 seconds
9,158,fine : 47.42 seconds
[[1549  364]
 [  27   68]]
acc: 0.805
f1: 0.258
[[1851   62]
 [  48   47]]
acc: 0.945
f1: 0.461
9,159,coarse : 47.44 seconds
9,159,fine : 47.46 seconds
[[1550  363]
 [  26   69]]
acc: 0.806
f1: 0.262
[[1851   62]
 [  49   46]]
acc: 0.945
f1: 0.453
9,160,coarse : 47.57 seconds
9,160,fine : 47.59 seconds
[[1548  365]
 [  26   69]]
acc: 0.805
f1: 0.261
[[1850   63]
 [  48   47]]
acc: 0.945
f1: 0.459
9,161,coarse : 48.41 seconds
9,161,fine : 48.43 seconds
[[1549  364]
 [  26   69]]
acc: 0.806
f1: 0.261
[[1851   62]
 [  48   47]]
acc: 0.945
f1: 0.461
9,162,coarse : 47.7 seconds
9,162,fine : 47.72 seconds
[[1548  365]
 [  27   68]]
acc: 0.805
f1: 0.258
[[1852   61]
 [  48   47]]
acc: 0.946
f1: 0.463
9,163,coarse : 47.91 seconds
9,163,fine : 47.93 seconds
[[1546  367]
 [  27   68]]
acc: 0.804
f1: 0.257
[[1851   62]
 [  49   46]]
acc: 0.945
f1: 0.453
9,164,coarse : 49.44 seconds
9,164,fine : 49.46 seconds
[[1548  365]
 [  27   68]]
acc: 0.805
f1: 0.258
[[1852   61]
 [  49   46]]
acc: 0.945
f1: 0.455
9,165,coarse : 48.75 seconds
9,165,fine : 48.76 seconds
[[1552  361]
 [  27   68]]
acc: 0.807
f1: 0.260
[[1850   63]
 [  49   46]]
acc: 0.944
f1: 0.451
9,166,coarse : 49.35 seconds
9,166,fine : 49.37 seconds
[[1552  361]
 [  26   69]]
acc: 0.807
f1: 0.263
[[1852   61]
 [  49   46]]
acc: 0.945
f1: 0.455
9,167,coarse : 49.49 seconds
9,167,fine : 49.51 seconds
[[1552  361]
 [  26   69]]
acc: 0.807
f1: 0.263
[[1851   62]
 [  50   45]]
acc: 0.944
f1: 0.446
9,168,coarse : 51.1 seconds
9,168,fine : 51.12 seconds
[[1552  361]
 [  26   69]]
acc: 0.807
f1: 0.263
[[1851   62]
 [  49   46]]
acc: 0.945
f1: 0.453
9,169,coarse : 49.79 seconds
9,169,fine : 49.81 seconds
[[1553  360]
 [  27   68]]
acc: 0.807
f1: 0.260
[[1851   62]
 [  49   46]]
acc: 0.945
f1: 0.453
9,170,coarse : 51.87 seconds
9,170,fine : 51.89 seconds
[[1555  358]
 [  27   68]]
acc: 0.808
f1: 0.261
[[1852   61]
 [  48   47]]
acc: 0.946
f1: 0.463
9,171,coarse : 52.42 seconds
9,171,fine : 52.44 seconds
[[1554  359]
 [  26   69]]
acc: 0.808
f1: 0.264
[[1852   61]
 [  49   46]]
acc: 0.945
f1: 0.455
9,172,coarse : 47.56 seconds
9,172,fine : 47.57 seconds
