all           0      1    2    3    4    5    6    7    8    
1      2010   1914   1    19   32   19   1    11   6    7    
2      2010   1914   1    19   32   19   1    11   6    7    
3      2010   1914   1    19   32   19   1    11   5    8    
4      2010   1914   1    19   32   19   1    10   6    8    
5      2010   1914   1    18   33   19   1    10   6    8    
6      2010   1914   1    18   33   19   1    10   6    8    
7      2010   1913   2    18   33   19   1    10   6    8    
8      2010   1913   2    18   33   19   1    10   6    8    
9      2009   1913   2    18   32   19   2    10   6    7    
10     2009   1913   1    19   32   19   1    11   6    7    
Total  20098  19136  13   185  324  190  11   104  59   76   
train         0      1    2    3    4    5    6    7    8    
1      2010   1914   1    19   32   19   1    11   6    7    
2      2010   1914   1    19   32   19   1    11   6    7    
3      2010   1914   1    19   32   19   1    11   5    8    
4      2010   1914   1    19   32   19   1    10   6    8    
6      2010   1914   1    18   33   19   1    10   6    8    
7      2010   1913   2    18   33   19   1    10   6    8    
8      2010   1913   2    18   33   19   1    10   6    8    
9      2009   1913   2    18   32   19   2    10   6    7    
10     2009   1913   1    19   32   19   1    11   6    7    
Total  18088  17222  12   167  291  171  10   94   53   68   
test          0      1    2    3    4    5    6    7    8    
5      2010   1914   1    18   33   19   1    10   6    8    
Total  2010   1914   1    18   33   19   1    10   6    8    
Classes             
0         17222     
1         12        
2         167       
3         291       
4         171       
5         10        
6         94        
7         53        
8         68        
Total     18088     

Shape: 450       

[952, 10, 11, 16, 11, 10, 10, 10, 10]
Sum start => 1040
[[1433  481]
 [  19   77]]
acc: 0.751
f1: 0.235
[[1878   36]
 [  79   17]]
acc: 0.943
f1: 0.228
5,1,coarse : 40.14 seconds
5,1,fine : 40.14 seconds
[[1433  481]
 [  19   77]]
acc: 0.751
f1: 0.235
[[1878   36]
 [  79   17]]
acc: 0.943
f1: 0.228
5,2,coarse : 41.65 seconds
5,2,fine : 41.65 seconds
[[1457  457]
 [  22   74]]
acc: 0.762
f1: 0.236
[[1878   36]
 [  81   15]]
acc: 0.942
f1: 0.204
5,3,coarse : 4.53 seconds
5,3,fine : 4.54 seconds
[[1467  447]
 [  20   76]]
acc: 0.768
f1: 0.246
[[1881   33]
 [  82   14]]
acc: 0.943
f1: 0.196
5,4,coarse : 5.58 seconds
5,4,fine : 5.59 seconds
[[1480  434]
 [  22   74]]
acc: 0.773
f1: 0.245
[[1886   28]
 [  82   14]]
acc: 0.945
f1: 0.203
5,5,coarse : 5.35 seconds
5,5,fine : 5.35 seconds
[[1483  431]
 [  20   76]]
acc: 0.776
f1: 0.252
[[1891   23]
 [  82   14]]
acc: 0.948
f1: 0.211
5,6,coarse : 5.46 seconds
5,6,fine : 5.47 seconds
[[1496  418]
 [  20   76]]
acc: 0.782
f1: 0.258
[[1894   20]
 [  81   15]]
acc: 0.950
f1: 0.229
5,7,coarse : 5.94 seconds
5,7,fine : 5.95 seconds
[[1492  422]
 [  19   77]]
acc: 0.781
f1: 0.259
[[1895   19]
 [  84   12]]
acc: 0.949
f1: 0.189
5,8,coarse : 6.05 seconds
5,8,fine : 6.06 seconds
[[1495  419]
 [  19   77]]
acc: 0.782
f1: 0.260
[[1900   14]
 [  87    9]]
acc: 0.950
f1: 0.151
5,9,coarse : 6.58 seconds
5,9,fine : 6.59 seconds
[[1502  412]
 [  19   77]]
acc: 0.786
f1: 0.263
[[1899   15]
 [  84   12]]
acc: 0.951
f1: 0.195
5,10,coarse : 6.5 seconds
5,10,fine : 6.51 seconds
[[1515  399]
 [  21   75]]
acc: 0.791
f1: 0.263
[[1899   15]
 [  86   10]]
acc: 0.950
f1: 0.165
5,11,coarse : 6.54 seconds
5,11,fine : 6.55 seconds
[[1518  396]
 [  21   75]]
acc: 0.793
f1: 0.265
[[1898   16]
 [  86   10]]
acc: 0.949
f1: 0.164
5,12,coarse : 7.11 seconds
5,12,fine : 7.22 seconds
[[1508  406]
 [  22   74]]
acc: 0.787
f1: 0.257
[[1894   20]
 [  83   13]]
acc: 0.949
f1: 0.202
5,13,coarse : 7.09 seconds
5,13,fine : 7.1 seconds
[[1514  400]
 [  20   76]]
acc: 0.791
f1: 0.266
[[1895   19]
 [  82   14]]
acc: 0.950
f1: 0.217
5,14,coarse : 7.37 seconds
5,14,fine : 7.37 seconds
[[1512  402]
 [  20   76]]
acc: 0.790
f1: 0.265
[[1895   19]
 [  81   15]]
acc: 0.950
f1: 0.231
5,15,coarse : 7.92 seconds
5,15,fine : 7.93 seconds
[[1512  402]
 [  19   77]]
acc: 0.791
f1: 0.268
[[1897   17]
 [  82   14]]
acc: 0.951
f1: 0.220
5,16,coarse : 8.03 seconds
5,16,fine : 8.04 seconds
[[1503  411]
 [  19   77]]
acc: 0.786
f1: 0.264
[[1894   20]
 [  82   14]]
acc: 0.949
f1: 0.215
5,17,coarse : 7.99 seconds
5,17,fine : 8.0 seconds
[[1513  401]
 [  19   77]]
acc: 0.791
f1: 0.268
[[1893   21]
 [  80   16]]
acc: 0.950
f1: 0.241
5,18,coarse : 7.97 seconds
5,18,fine : 7.98 seconds
[[1523  391]
 [  19   77]]
acc: 0.796
f1: 0.273
[[1892   22]
 [  80   16]]
acc: 0.949
f1: 0.239
5,19,coarse : 8.49 seconds
5,19,fine : 8.5 seconds
[[1514  400]
 [  19   77]]
acc: 0.792
f1: 0.269
[[1888   26]
 [  82   14]]
acc: 0.946
f1: 0.206
5,20,coarse : 8.7 seconds
5,20,fine : 8.7 seconds
[[1517  397]
 [  19   77]]
acc: 0.793
f1: 0.270
[[1888   26]
 [  79   17]]
acc: 0.948
f1: 0.245
5,21,coarse : 8.49 seconds
5,21,fine : 8.5 seconds
[[1517  397]
 [  18   78]]
acc: 0.794
f1: 0.273
[[1885   29]
 [  80   16]]
acc: 0.946
f1: 0.227
5,22,coarse : 9.07 seconds
5,22,fine : 9.08 seconds
[[1516  398]
 [  18   78]]
acc: 0.793
f1: 0.273
[[1883   31]
 [  79   17]]
acc: 0.945
f1: 0.236
5,23,coarse : 9.09 seconds
5,23,fine : 9.1 seconds
[[1516  398]
 [  18   78]]
acc: 0.793
f1: 0.273
[[1882   32]
 [  80   16]]
acc: 0.944
f1: 0.222
5,24,coarse : 9.51 seconds
5,24,fine : 9.52 seconds
[[1517  397]
 [  17   79]]
acc: 0.794
f1: 0.276
[[1886   28]
 [  80   16]]
acc: 0.946
f1: 0.229
5,25,coarse : 9.54 seconds
5,25,fine : 9.65 seconds
[[1524  390]
 [  17   79]]
acc: 0.798
f1: 0.280
[[1882   32]
 [  80   16]]
acc: 0.944
f1: 0.222
5,26,coarse : 10.31 seconds
5,26,fine : 10.32 seconds
[[1513  401]
 [  17   79]]
acc: 0.792
f1: 0.274
[[1882   32]
 [  80   16]]
acc: 0.944
f1: 0.222
5,27,coarse : 10.74 seconds
5,27,fine : 10.75 seconds
[[1514  400]
 [  17   79]]
acc: 0.793
f1: 0.275
[[1880   34]
 [  80   16]]
acc: 0.943
f1: 0.219
5,28,coarse : 10.64 seconds
5,28,fine : 10.65 seconds
[[1519  395]
 [  17   79]]
acc: 0.795
f1: 0.277
[[1880   34]
 [  79   17]]
acc: 0.944
f1: 0.231
5,29,coarse : 10.46 seconds
5,29,fine : 10.46 seconds
[[1527  387]
 [  17   79]]
acc: 0.799
f1: 0.281
[[1876   38]
 [  79   17]]
acc: 0.942
f1: 0.225
5,30,coarse : 10.62 seconds
5,30,fine : 10.62 seconds
[[1531  383]
 [  16   80]]
acc: 0.801
f1: 0.286
[[1875   39]
 [  79   17]]
acc: 0.941
f1: 0.224
5,31,coarse : 11.24 seconds
5,31,fine : 11.25 seconds
[[1530  384]
 [  16   80]]
acc: 0.801
f1: 0.286
[[1877   37]
 [  79   17]]
acc: 0.942
f1: 0.227
5,32,coarse : 11.0 seconds
5,32,fine : 11.01 seconds
[[1529  385]
 [  16   80]]
acc: 0.800
f1: 0.285
[[1878   36]
 [  79   17]]
acc: 0.943
f1: 0.228
5,33,coarse : 11.43 seconds
5,33,fine : 11.44 seconds
[[1528  386]
 [  16   80]]
acc: 0.800
f1: 0.285
[[1879   35]
 [  79   17]]
acc: 0.943
f1: 0.230
5,34,coarse : 12.14 seconds
5,34,fine : 12.15 seconds
[[1530  384]
 [  16   80]]
acc: 0.801
f1: 0.286
[[1878   36]
 [  78   18]]
acc: 0.943
f1: 0.240
5,35,coarse : 12.73 seconds
5,35,fine : 12.74 seconds
[[1527  387]
 [  16   80]]
acc: 0.800
f1: 0.284
[[1880   34]
 [  78   18]]
acc: 0.944
f1: 0.243
5,36,coarse : 12.68 seconds
5,36,fine : 12.69 seconds
[[1524  390]
 [  16   80]]
acc: 0.798
f1: 0.283
[[1879   35]
 [  77   19]]
acc: 0.944
f1: 0.253
5,37,coarse : 12.83 seconds
5,37,fine : 12.84 seconds
[[1530  384]
 [  16   80]]
acc: 0.801
f1: 0.286
[[1876   38]
 [  74   22]]
acc: 0.944
f1: 0.282
5,38,coarse : 12.91 seconds
5,38,fine : 12.92 seconds
[[1534  380]
 [  16   80]]
acc: 0.803
f1: 0.288
[[1881   33]
 [  74   22]]
acc: 0.947
f1: 0.291
5,39,coarse : 13.14 seconds
5,39,fine : 13.16 seconds
[[1533  381]
 [  16   80]]
acc: 0.802
f1: 0.287
[[1881   33]
 [  72   24]]
acc: 0.948
f1: 0.314
5,40,coarse : 11.91 seconds
5,40,fine : 11.92 seconds
[[1528  386]
 [  16   80]]
acc: 0.800
f1: 0.285
[[1875   39]
 [  70   26]]
acc: 0.946
f1: 0.323
5,41,coarse : 11.43 seconds
5,41,fine : 11.43 seconds
[[1539  375]
 [  16   80]]
acc: 0.805
f1: 0.290
[[1876   38]
 [  70   26]]
acc: 0.946
f1: 0.325
5,42,coarse : 11.42 seconds
5,42,fine : 11.43 seconds
[[1535  379]
 [  16   80]]
acc: 0.803
f1: 0.288
[[1873   41]
 [  70   26]]
acc: 0.945
f1: 0.319
5,43,coarse : 11.94 seconds
5,43,fine : 11.95 seconds
[[1531  383]
 [  16   80]]
acc: 0.801
f1: 0.286
[[1871   43]
 [  70   26]]
acc: 0.944
f1: 0.315
5,44,coarse : 12.09 seconds
5,44,fine : 12.1 seconds
[[1532  382]
 [  16   80]]
acc: 0.802
f1: 0.287
[[1870   44]
 [  71   25]]
acc: 0.943
f1: 0.303
5,45,coarse : 12.14 seconds
5,45,fine : 12.16 seconds
[[1531  383]
 [  16   80]]
acc: 0.801
f1: 0.286
[[1871   43]
 [  69   27]]
acc: 0.944
f1: 0.325
5,46,coarse : 12.1 seconds
5,46,fine : 12.11 seconds
[[1529  385]
 [  15   81]]
acc: 0.801
f1: 0.288
[[1872   42]
 [  69   27]]
acc: 0.945
f1: 0.327
5,47,coarse : 12.71 seconds
5,47,fine : 12.72 seconds
[[1528  386]
 [  16   80]]
acc: 0.800
f1: 0.285
[[1864   50]
 [  70   26]]
acc: 0.940
f1: 0.302
5,48,coarse : 13.47 seconds
5,48,fine : 13.48 seconds
[[1525  389]
 [  16   80]]
acc: 0.799
f1: 0.283
[[1866   48]
 [  69   27]]
acc: 0.942
f1: 0.316
5,49,coarse : 13.07 seconds
5,49,fine : 13.07 seconds
[[1525  389]
 [  16   80]]
acc: 0.799
f1: 0.283
[[1868   46]
 [  67   29]]
acc: 0.944
f1: 0.339
5,50,coarse : 15.63 seconds
5,50,fine : 15.64 seconds
[[1530  384]
 [  16   80]]
acc: 0.801
f1: 0.286
[[1871   43]
 [  69   27]]
acc: 0.944
f1: 0.325
5,51,coarse : 13.65 seconds
5,51,fine : 13.67 seconds
[[1528  386]
 [  16   80]]
acc: 0.800
f1: 0.285
[[1871   43]
 [  69   27]]
acc: 0.944
f1: 0.325
5,52,coarse : 14.73 seconds
5,52,fine : 14.74 seconds
[[1528  386]
 [  17   79]]
acc: 0.800
f1: 0.282
[[1873   41]
 [  69   27]]
acc: 0.945
f1: 0.329
5,53,coarse : 15.33 seconds
5,53,fine : 15.34 seconds
[[1527  387]
 [  17   79]]
acc: 0.799
f1: 0.281
[[1871   43]
 [  69   27]]
acc: 0.944
f1: 0.325
5,54,coarse : 15.04 seconds
5,54,fine : 15.05 seconds
[[1529  385]
 [  17   79]]
acc: 0.800
f1: 0.282
[[1872   42]
 [  67   29]]
acc: 0.946
f1: 0.347
5,55,coarse : 15.21 seconds
5,55,fine : 15.22 seconds
[[1527  387]
 [  17   79]]
acc: 0.799
f1: 0.281
[[1868   46]
 [  67   29]]
acc: 0.944
f1: 0.339
5,56,coarse : 15.61 seconds
5,56,fine : 15.62 seconds
[[1526  388]
 [  17   79]]
acc: 0.799
f1: 0.281
[[1867   47]
 [  66   30]]
acc: 0.944
f1: 0.347
5,57,coarse : 15.64 seconds
5,57,fine : 15.66 seconds
[[1526  388]
 [  17   79]]
acc: 0.799
f1: 0.281
[[1867   47]
 [  66   30]]
acc: 0.944
f1: 0.347
5,58,coarse : 15.47 seconds
5,58,fine : 15.49 seconds
[[1528  386]
 [  17   79]]
acc: 0.800
f1: 0.282
[[1867   47]
 [  66   30]]
acc: 0.944
f1: 0.347
5,59,coarse : 16.94 seconds
5,59,fine : 16.95 seconds
[[1525  389]
 [  17   79]]
acc: 0.798
f1: 0.280
[[1868   46]
 [  65   31]]
acc: 0.945
f1: 0.358
5,60,coarse : 17.13 seconds
5,60,fine : 17.14 seconds
[[1528  386]
 [  17   79]]
acc: 0.800
f1: 0.282
[[1864   50]
 [  63   33]]
acc: 0.944
f1: 0.369
5,61,coarse : 16.52 seconds
5,61,fine : 16.53 seconds
[[1525  389]
 [  17   79]]
acc: 0.798
f1: 0.280
[[1868   46]
 [  64   32]]
acc: 0.945
f1: 0.368
5,62,coarse : 16.78 seconds
5,62,fine : 16.8 seconds
[[1532  382]
 [  17   79]]
acc: 0.801
f1: 0.284
[[1866   48]
 [  63   33]]
acc: 0.945
f1: 0.373
5,63,coarse : 16.65 seconds
5,63,fine : 16.67 seconds
[[1527  387]
 [  17   79]]
acc: 0.799
f1: 0.281
[[1865   49]
 [  62   34]]
acc: 0.945
f1: 0.380
5,64,coarse : 16.66 seconds
5,64,fine : 16.67 seconds
[[1525  389]
 [  17   79]]
acc: 0.798
f1: 0.280
[[1866   48]
 [  63   33]]
acc: 0.945
f1: 0.373
5,65,coarse : 17.48 seconds
5,65,fine : 17.49 seconds
[[1525  389]
 [  17   79]]
acc: 0.798
f1: 0.280
[[1866   48]
 [  62   34]]
acc: 0.945
f1: 0.382
5,66,coarse : 18.59 seconds
5,66,fine : 18.6 seconds
[[1526  388]
 [  17   79]]
acc: 0.799
f1: 0.281
[[1866   48]
 [  63   33]]
acc: 0.945
f1: 0.373
5,67,coarse : 18.43 seconds
5,67,fine : 18.44 seconds
[[1528  386]
 [  17   79]]
acc: 0.800
f1: 0.282
[[1866   48]
 [  63   33]]
acc: 0.945
f1: 0.373
5,68,coarse : 18.71 seconds
5,68,fine : 18.73 seconds
[[1525  389]
 [  17   79]]
acc: 0.798
f1: 0.280
[[1864   50]
 [  63   33]]
acc: 0.944
f1: 0.369
5,69,coarse : 19.06 seconds
5,69,fine : 19.07 seconds
[[1530  384]
 [  18   78]]
acc: 0.800
f1: 0.280
[[1857   57]
 [  65   31]]
acc: 0.939
f1: 0.337
5,70,coarse : 18.98 seconds
5,70,fine : 18.99 seconds
[[1531  383]
 [  18   78]]
acc: 0.800
f1: 0.280
[[1862   52]
 [  66   30]]
acc: 0.941
f1: 0.337
5,71,coarse : 18.42 seconds
5,71,fine : 18.43 seconds
[[1532  382]
 [  18   78]]
acc: 0.801
f1: 0.281
[[1861   53]
 [  66   30]]
acc: 0.941
f1: 0.335
5,72,coarse : 19.17 seconds
5,72,fine : 19.18 seconds
[[1533  381]
 [  18   78]]
acc: 0.801
f1: 0.281
[[1860   54]
 [  65   31]]
acc: 0.941
f1: 0.343
5,73,coarse : 18.98 seconds
5,73,fine : 18.99 seconds
[[1529  385]
 [  18   78]]
acc: 0.800
f1: 0.279
[[1862   52]
 [  65   31]]
acc: 0.942
f1: 0.346
5,74,coarse : 19.02 seconds
5,74,fine : 19.03 seconds
[[1532  382]
 [  18   78]]
acc: 0.801
f1: 0.281
[[1862   52]
 [  65   31]]
acc: 0.942
f1: 0.346
5,75,coarse : 20.21 seconds
5,75,fine : 20.22 seconds
[[1535  379]
 [  18   78]]
acc: 0.802
f1: 0.282
[[1861   53]
 [  65   31]]
acc: 0.941
f1: 0.344
5,76,coarse : 20.7 seconds
5,76,fine : 20.71 seconds
[[1535  379]
 [  18   78]]
acc: 0.802
f1: 0.282
[[1862   52]
 [  63   33]]
acc: 0.943
f1: 0.365
5,77,coarse : 19.66 seconds
5,77,fine : 19.68 seconds
[[1529  385]
 [  18   78]]
acc: 0.800
f1: 0.279
[[1864   50]
 [  64   32]]
acc: 0.943
f1: 0.360
5,78,coarse : 19.35 seconds
5,78,fine : 19.37 seconds
[[1535  379]
 [  18   78]]
acc: 0.802
f1: 0.282
[[1863   51]
 [  65   31]]
acc: 0.942
f1: 0.348
5,79,coarse : 20.01 seconds
5,79,fine : 20.02 seconds
[[1536  378]
 [  18   78]]
acc: 0.803
f1: 0.283
[[1860   54]
 [  63   33]]
acc: 0.942
f1: 0.361
5,80,coarse : 19.82 seconds
5,80,fine : 19.83 seconds
[[1536  378]
 [  18   78]]
acc: 0.803
f1: 0.283
[[1860   54]
 [  63   33]]
acc: 0.942
f1: 0.361
5,81,coarse : 21.57 seconds
5,81,fine : 21.59 seconds
[[1534  380]
 [  18   78]]
acc: 0.802
f1: 0.282
[[1859   55]
 [  63   33]]
acc: 0.941
f1: 0.359
5,82,coarse : 21.44 seconds
5,82,fine : 21.45 seconds
[[1535  379]
 [  18   78]]
acc: 0.802
f1: 0.282
[[1861   53]
 [  63   33]]
acc: 0.942
f1: 0.363
5,83,coarse : 22.36 seconds
5,83,fine : 22.38 seconds
[[1541  373]
 [  18   78]]
acc: 0.805
f1: 0.285
[[1859   55]
 [  63   33]]
acc: 0.941
f1: 0.359
5,84,coarse : 21.91 seconds
5,84,fine : 21.92 seconds
[[1541  373]
 [  18   78]]
acc: 0.805
f1: 0.285
[[1859   55]
 [  61   35]]
acc: 0.942
f1: 0.376
5,85,coarse : 23.5 seconds
5,85,fine : 23.51 seconds
[[1543  371]
 [  18   78]]
acc: 0.806
f1: 0.286
[[1860   54]
 [  63   33]]
acc: 0.942
f1: 0.361
5,86,coarse : 22.66 seconds
5,86,fine : 22.67 seconds
[[1541  373]
 [  19   77]]
acc: 0.805
f1: 0.282
[[1858   56]
 [  63   33]]
acc: 0.941
f1: 0.357
5,87,coarse : 22.45 seconds
5,87,fine : 22.46 seconds
[[1542  372]
 [  18   78]]
acc: 0.806
f1: 0.286
[[1859   55]
 [  63   33]]
acc: 0.941
f1: 0.359
5,88,coarse : 22.08 seconds
5,88,fine : 22.09 seconds
[[1543  371]
 [  18   78]]
acc: 0.806
f1: 0.286
[[1859   55]
 [  64   32]]
acc: 0.941
f1: 0.350
5,89,coarse : 22.92 seconds
5,89,fine : 22.94 seconds
[[1546  368]
 [  18   78]]
acc: 0.808
f1: 0.288
[[1858   56]
 [  64   32]]
acc: 0.940
f1: 0.348
5,90,coarse : 23.45 seconds
5,90,fine : 23.46 seconds
[[1548  366]
 [  19   77]]
acc: 0.808
f1: 0.286
[[1858   56]
 [  62   34]]
acc: 0.941
f1: 0.366
5,91,coarse : 23.02 seconds
5,91,fine : 23.03 seconds
[[1551  363]
 [  18   78]]
acc: 0.810
f1: 0.291
[[1857   57]
 [  62   34]]
acc: 0.941
f1: 0.364
5,92,coarse : 24.88 seconds
5,92,fine : 24.9 seconds
[[1555  359]
 [  19   77]]
acc: 0.812
f1: 0.289
[[1858   56]
 [  62   34]]
acc: 0.941
f1: 0.366
5,93,coarse : 27.67 seconds
5,93,fine : 27.69 seconds
[[1546  368]
 [  18   78]]
acc: 0.808
f1: 0.288
[[1860   54]
 [  61   35]]
acc: 0.943
f1: 0.378
5,94,coarse : 27.7 seconds
5,94,fine : 27.71 seconds
[[1545  369]
 [  18   78]]
acc: 0.807
f1: 0.287
[[1859   55]
 [  61   35]]
acc: 0.942
f1: 0.376
5,95,coarse : 28.38 seconds
5,95,fine : 28.4 seconds
[[1549  365]
 [  18   78]]
acc: 0.809
f1: 0.289
[[1859   55]
 [  61   35]]
acc: 0.942
f1: 0.376
5,96,coarse : 28.69 seconds
5,96,fine : 28.7 seconds
[[1550  364]
 [  18   78]]
acc: 0.810
f1: 0.290
[[1859   55]
 [  61   35]]
acc: 0.942
f1: 0.376
5,97,coarse : 30.63 seconds
5,97,fine : 30.64 seconds
[[1549  365]
 [  18   78]]
acc: 0.809
f1: 0.289
[[1859   55]
 [  60   36]]
acc: 0.943
f1: 0.385
5,98,coarse : 31.1 seconds
5,98,fine : 31.12 seconds
[[1550  364]
 [  19   77]]
acc: 0.809
f1: 0.287
[[1857   57]
 [  60   36]]
acc: 0.942
f1: 0.381
5,99,coarse : 31.52 seconds
5,99,fine : 31.54 seconds
[[1549  365]
 [  18   78]]
acc: 0.809
f1: 0.289
[[1860   54]
 [  62   34]]
acc: 0.942
f1: 0.370
5,100,coarse : 32.24 seconds
5,100,fine : 32.26 seconds
[[1552  362]
 [  19   77]]
acc: 0.810
f1: 0.288
[[1859   55]
 [  61   35]]
acc: 0.942
f1: 0.376
5,101,coarse : 30.27 seconds
5,101,fine : 30.28 seconds
[[1547  367]
 [  19   77]]
acc: 0.808
f1: 0.285
[[1858   56]
 [  61   35]]
acc: 0.942
f1: 0.374
5,102,coarse : 30.14 seconds
5,102,fine : 30.16 seconds
[[1546  368]
 [  19   77]]
acc: 0.807
f1: 0.285
[[1859   55]
 [  62   34]]
acc: 0.942
f1: 0.368
5,103,coarse : 29.85 seconds
5,103,fine : 29.86 seconds
[[1544  370]
 [  18   78]]
acc: 0.807
f1: 0.287
[[1858   56]
 [  61   35]]
acc: 0.942
f1: 0.374
5,104,coarse : 30.37 seconds
5,104,fine : 30.39 seconds
[[1548  366]
 [  17   79]]
acc: 0.809
f1: 0.292
[[1857   57]
 [  61   35]]
acc: 0.941
f1: 0.372
5,105,coarse : 31.39 seconds
5,105,fine : 31.4 seconds
[[1547  367]
 [  17   79]]
acc: 0.809
f1: 0.292
[[1859   55]
 [  61   35]]
acc: 0.942
f1: 0.376
5,106,coarse : 29.85 seconds
5,106,fine : 29.86 seconds
[[1539  375]
 [  16   80]]
acc: 0.805
f1: 0.290
[[1856   58]
 [  60   36]]
acc: 0.941
f1: 0.379
5,107,coarse : 32.85 seconds
5,107,fine : 32.87 seconds
[[1541  373]
 [  17   79]]
acc: 0.806
f1: 0.288
[[1856   58]
 [  60   36]]
acc: 0.941
f1: 0.379
5,108,coarse : 32.2 seconds
5,108,fine : 32.22 seconds
[[1543  371]
 [  17   79]]
acc: 0.807
f1: 0.289
[[1854   60]
 [  60   36]]
acc: 0.940
f1: 0.375
5,109,coarse : 33.18 seconds
5,109,fine : 33.19 seconds
[[1541  373]
 [  17   79]]
acc: 0.806
f1: 0.288
[[1853   61]
 [  60   36]]
acc: 0.940
f1: 0.373
5,110,coarse : 31.81 seconds
5,110,fine : 31.83 seconds
[[1549  365]
 [  17   79]]
acc: 0.810
f1: 0.293
[[1854   60]
 [  60   36]]
acc: 0.940
f1: 0.375
5,111,coarse : 27.58 seconds
5,111,fine : 27.59 seconds
[[1551  363]
 [  19   77]]
acc: 0.810
f1: 0.287
[[1855   59]
 [  61   35]]
acc: 0.940
f1: 0.368
5,112,coarse : 27.69 seconds
5,112,fine : 27.7 seconds
[[1548  366]
 [  19   77]]
acc: 0.808
f1: 0.286
[[1854   60]
 [  61   35]]
acc: 0.940
f1: 0.366
5,113,coarse : 28.5 seconds
5,113,fine : 28.52 seconds
[[1547  367]
 [  19   77]]
acc: 0.808
f1: 0.285
[[1854   60]
 [  61   35]]
acc: 0.940
f1: 0.366
5,114,coarse : 29.02 seconds
5,114,fine : 29.04 seconds
[[1549  365]
 [  19   77]]
acc: 0.809
f1: 0.286
[[1852   62]
 [  61   35]]
acc: 0.939
f1: 0.363
5,115,coarse : 28.88 seconds
5,115,fine : 28.93 seconds
[[1542  372]
 [  18   78]]
acc: 0.806
f1: 0.286
[[1855   59]
 [  61   35]]
acc: 0.940
f1: 0.368
5,116,coarse : 30.26 seconds
5,116,fine : 30.28 seconds
[[1541  373]
 [  18   78]]
acc: 0.805
f1: 0.285
[[1855   59]
 [  61   35]]
acc: 0.940
f1: 0.368
5,117,coarse : 29.87 seconds
5,117,fine : 29.88 seconds
[[1541  373]
 [  18   78]]
acc: 0.805
f1: 0.285
[[1856   58]
 [  61   35]]
acc: 0.941
f1: 0.370
5,118,coarse : 30.75 seconds
5,118,fine : 30.77 seconds
[[1548  366]
 [  18   78]]
acc: 0.809
f1: 0.289
[[1857   57]
 [  61   35]]
acc: 0.941
f1: 0.372
5,119,coarse : 30.34 seconds
5,119,fine : 30.36 seconds
[[1548  366]
 [  19   77]]
acc: 0.808
f1: 0.286
[[1856   58]
 [  61   35]]
acc: 0.941
f1: 0.370
5,120,coarse : 30.15 seconds
5,120,fine : 30.17 seconds
[[1544  370]
 [  19   77]]
acc: 0.806
f1: 0.284
[[1856   58]
 [  62   34]]
acc: 0.940
f1: 0.362
5,121,coarse : 31.45 seconds
5,121,fine : 31.46 seconds
[[1545  369]
 [  17   79]]
acc: 0.808
f1: 0.290
[[1856   58]
 [  62   34]]
acc: 0.940
f1: 0.362
5,122,coarse : 31.24 seconds
5,122,fine : 31.26 seconds
[[1544  370]
 [  18   78]]
acc: 0.807
f1: 0.287
[[1858   56]
 [  61   35]]
acc: 0.942
f1: 0.374
5,123,coarse : 31.86 seconds
5,123,fine : 31.87 seconds
[[1545  369]
 [  18   78]]
acc: 0.807
f1: 0.287
[[1859   55]
 [  61   35]]
acc: 0.942
f1: 0.376
5,124,coarse : 31.66 seconds
5,124,fine : 31.67 seconds
[[1548  366]
 [  18   78]]
acc: 0.809
f1: 0.289
[[1858   56]
 [  62   34]]
acc: 0.941
f1: 0.366
5,125,coarse : 31.64 seconds
5,125,fine : 31.66 seconds
[[1547  367]
 [  18   78]]
acc: 0.808
f1: 0.288
[[1860   54]
 [  62   34]]
acc: 0.942
f1: 0.370
5,126,coarse : 33.39 seconds
5,126,fine : 33.41 seconds
[[1546  368]
 [  18   78]]
acc: 0.808
f1: 0.288
[[1861   53]
 [  62   34]]
acc: 0.943
f1: 0.372
5,127,coarse : 32.85 seconds
5,127,fine : 32.86 seconds
[[1546  368]
 [  18   78]]
acc: 0.808
f1: 0.288
[[1860   54]
 [  60   36]]
acc: 0.943
f1: 0.387
5,128,coarse : 33.1 seconds
5,128,fine : 33.12 seconds
[[1548  366]
 [  18   78]]
acc: 0.809
f1: 0.289
[[1861   53]
 [  60   36]]
acc: 0.944
f1: 0.389
5,129,coarse : 34.16 seconds
5,129,fine : 34.18 seconds
[[1548  366]
 [  17   79]]
acc: 0.809
f1: 0.292
[[1859   55]
 [  60   36]]
acc: 0.943
f1: 0.385
5,130,coarse : 34.92 seconds
5,130,fine : 34.94 seconds
[[1550  364]
 [  17   79]]
acc: 0.810
f1: 0.293
[[1861   53]
 [  59   37]]
acc: 0.944
f1: 0.398
5,131,coarse : 34.56 seconds
5,131,fine : 34.58 seconds
[[1548  366]
 [  17   79]]
acc: 0.809
f1: 0.292
[[1857   57]
 [  58   38]]
acc: 0.943
f1: 0.398
5,132,coarse : 33.92 seconds
5,132,fine : 33.94 seconds
[[1549  365]
 [  17   79]]
acc: 0.810
f1: 0.293
[[1854   60]
 [  58   38]]
acc: 0.941
f1: 0.392
5,133,coarse : 34.3 seconds
5,133,fine : 34.32 seconds
[[1549  365]
 [  17   79]]
acc: 0.810
f1: 0.293
[[1855   59]
 [  58   38]]
acc: 0.942
f1: 0.394
5,134,coarse : 34.14 seconds
5,134,fine : 34.16 seconds
[[1549  365]
 [  18   78]]
acc: 0.809
f1: 0.289
[[1855   59]
 [  58   38]]
acc: 0.942
f1: 0.394
5,135,coarse : 33.51 seconds
5,135,fine : 33.53 seconds
[[1554  360]
 [  18   78]]
acc: 0.812
f1: 0.292
[[1853   61]
 [  58   38]]
acc: 0.941
f1: 0.390
5,136,coarse : 35.3 seconds
5,136,fine : 35.31 seconds
[[1558  356]
 [  18   78]]
acc: 0.814
f1: 0.294
[[1852   62]
 [  59   37]]
acc: 0.940
f1: 0.379
5,137,coarse : 35.49 seconds
5,137,fine : 35.51 seconds
[[1557  357]
 [  18   78]]
acc: 0.813
f1: 0.294
[[1853   61]
 [  59   37]]
acc: 0.940
f1: 0.381
5,138,coarse : 35.05 seconds
5,138,fine : 35.07 seconds
[[1558  356]
 [  18   78]]
acc: 0.814
f1: 0.294
[[1853   61]
 [  59   37]]
acc: 0.940
f1: 0.381
5,139,coarse : 36.28 seconds
5,139,fine : 36.3 seconds
[[1557  357]
 [  18   78]]
acc: 0.813
f1: 0.294
[[1855   59]
 [  59   37]]
acc: 0.941
f1: 0.385
5,140,coarse : 36.37 seconds
5,140,fine : 36.39 seconds
[[1555  359]
 [  18   78]]
acc: 0.812
f1: 0.293
[[1856   58]
 [  59   37]]
acc: 0.942
f1: 0.387
5,141,coarse : 36.65 seconds
5,141,fine : 36.67 seconds
[[1554  360]
 [  18   78]]
acc: 0.812
f1: 0.292
[[1857   57]
 [  59   37]]
acc: 0.942
f1: 0.389
5,142,coarse : 37.77 seconds
5,142,fine : 37.8 seconds
[[1550  364]
 [  18   78]]
acc: 0.810
f1: 0.290
[[1858   56]
 [  59   37]]
acc: 0.943
f1: 0.392
5,143,coarse : 38.77 seconds
5,143,fine : 38.79 seconds
[[1550  364]
 [  18   78]]
acc: 0.810
f1: 0.290
[[1858   56]
 [  59   37]]
acc: 0.943
f1: 0.392
5,144,coarse : 38.28 seconds
5,144,fine : 38.3 seconds
[[1550  364]
 [  17   79]]
acc: 0.810
f1: 0.293
[[1857   57]
 [  59   37]]
acc: 0.942
f1: 0.389
5,145,coarse : 39.31 seconds
5,145,fine : 39.33 seconds
[[1549  365]
 [  18   78]]
acc: 0.809
f1: 0.289
[[1857   57]
 [  59   37]]
acc: 0.942
f1: 0.389
5,146,coarse : 39.49 seconds
5,146,fine : 39.51 seconds
[[1551  363]
 [  18   78]]
acc: 0.810
f1: 0.291
[[1856   58]
 [  59   37]]
acc: 0.942
f1: 0.387
5,147,coarse : 38.59 seconds
5,147,fine : 38.62 seconds
[[1551  363]
 [  17   79]]
acc: 0.811
f1: 0.294
[[1854   60]
 [  59   37]]
acc: 0.941
f1: 0.383
5,148,coarse : 38.95 seconds
5,148,fine : 38.97 seconds
[[1546  368]
 [  18   78]]
acc: 0.808
f1: 0.288
[[1856   58]
 [  59   37]]
acc: 0.942
f1: 0.387
5,149,coarse : 39.31 seconds
5,149,fine : 39.33 seconds
[[1549  365]
 [  18   78]]
acc: 0.809
f1: 0.289
[[1855   59]
 [  59   37]]
acc: 0.941
f1: 0.385
5,150,coarse : 41.87 seconds
5,150,fine : 41.89 seconds
[[1556  358]
 [  17   79]]
acc: 0.813
f1: 0.296
[[1858   56]
 [  59   37]]
acc: 0.943
f1: 0.392
5,151,coarse : 39.79 seconds
5,151,fine : 39.81 seconds
[[1555  359]
 [  17   79]]
acc: 0.813
f1: 0.296
[[1858   56]
 [  59   37]]
acc: 0.943
f1: 0.392
5,152,coarse : 39.9 seconds
5,152,fine : 39.93 seconds
[[1557  357]
 [  17   79]]
acc: 0.814
f1: 0.297
[[1855   59]
 [  58   38]]
acc: 0.942
f1: 0.394
5,153,coarse : 40.12 seconds
5,153,fine : 40.14 seconds
[[1556  358]
 [  17   79]]
acc: 0.813
f1: 0.296
[[1858   56]
 [  59   37]]
acc: 0.943
f1: 0.392
5,154,coarse : 42.52 seconds
5,154,fine : 42.55 seconds
[[1556  358]
 [  18   78]]
acc: 0.813
f1: 0.293
[[1856   58]
 [  59   37]]
acc: 0.942
f1: 0.387
5,155,coarse : 42.24 seconds
5,155,fine : 42.26 seconds
[[1554  360]
 [  19   77]]
acc: 0.811
f1: 0.289
[[1855   59]
 [  59   37]]
acc: 0.941
f1: 0.385
5,156,coarse : 40.86 seconds
5,156,fine : 40.89 seconds
[[1550  364]
 [  19   77]]
acc: 0.809
f1: 0.287
[[1854   60]
 [  59   37]]
acc: 0.941
f1: 0.383
5,157,coarse : 42.4 seconds
5,157,fine : 42.42 seconds
[[1549  365]
 [  19   77]]
acc: 0.809
f1: 0.286
[[1856   58]
 [  59   37]]
acc: 0.942
f1: 0.387
5,158,coarse : 42.74 seconds
5,158,fine : 42.76 seconds
[[1550  364]
 [  18   78]]
acc: 0.810
f1: 0.290
[[1856   58]
 [  59   37]]
acc: 0.942
f1: 0.387
5,159,coarse : 42.18 seconds
5,159,fine : 42.2 seconds
[[1551  363]
 [  18   78]]
acc: 0.810
f1: 0.291
[[1855   59]
 [  59   37]]
acc: 0.941
f1: 0.385
5,160,coarse : 44.61 seconds
5,160,fine : 44.62 seconds
[[1550  364]
 [  19   77]]
acc: 0.809
f1: 0.287
[[1853   61]
 [  59   37]]
acc: 0.940
f1: 0.381
5,161,coarse : 44.1 seconds
5,161,fine : 44.12 seconds
[[1551  363]
 [  19   77]]
acc: 0.810
f1: 0.287
[[1854   60]
 [  59   37]]
acc: 0.941
f1: 0.383
5,162,coarse : 43.91 seconds
5,162,fine : 43.93 seconds
[[1557  357]
 [  18   78]]
acc: 0.813
f1: 0.294
[[1854   60]
 [  59   37]]
acc: 0.941
f1: 0.383
5,163,coarse : 42.62 seconds
5,163,fine : 42.64 seconds
[[1556  358]
 [  19   77]]
acc: 0.812
f1: 0.290
[[1853   61]
 [  59   37]]
acc: 0.940
f1: 0.381
5,164,coarse : 42.15 seconds
5,164,fine : 42.16 seconds
[[1555  359]
 [  19   77]]
acc: 0.812
f1: 0.289
[[1853   61]
 [  59   37]]
acc: 0.940
f1: 0.381
5,165,coarse : 44.22 seconds
5,165,fine : 44.24 seconds
[[1558  356]
 [  17   79]]
acc: 0.814
f1: 0.298
[[1853   61]
 [  59   37]]
acc: 0.940
f1: 0.381
5,166,coarse : 43.83 seconds
5,166,fine : 43.85 seconds
[[1561  353]
 [  17   79]]
acc: 0.816
f1: 0.299
[[1853   61]
 [  58   38]]
acc: 0.941
f1: 0.390
5,167,coarse : 42.59 seconds
5,167,fine : 42.62 seconds
[[1558  356]
 [  17   79]]
acc: 0.814
f1: 0.298
[[1853   61]
 [  58   38]]
acc: 0.941
f1: 0.390
5,168,coarse : 45.11 seconds
5,168,fine : 45.14 seconds
[[1559  355]
 [  19   77]]
acc: 0.814
f1: 0.292
[[1854   60]
 [  58   38]]
acc: 0.941
f1: 0.392
5,169,coarse : 46.09 seconds
5,169,fine : 46.11 seconds
[[1554  360]
 [  17   79]]
acc: 0.812
f1: 0.295
[[1853   61]
 [  57   39]]
acc: 0.941
f1: 0.398
5,170,coarse : 44.98 seconds
5,170,fine : 45.0 seconds
[[1553  361]
 [  17   79]]
acc: 0.812
f1: 0.295
[[1856   58]
 [  57   39]]
acc: 0.943
f1: 0.404
5,171,coarse : 46.06 seconds
5,171,fine : 46.08 seconds
[[1557  357]
 [  17   79]]
acc: 0.814
f1: 0.297
[[1856   58]
 [  56   40]]
acc: 0.943
f1: 0.412
5,172,coarse : 45.52 seconds
5,172,fine : 45.54 seconds
