all           0      1    2    3    4    5    6    7    8    
1      2010   1914   1    19   32   19   1    11   6    7    
2      2010   1914   1    19   32   19   1    11   6    7    
3      2010   1914   1    19   32   19   1    11   5    8    
4      2010   1914   1    19   32   19   1    10   6    8    
5      2010   1914   1    18   33   19   1    10   6    8    
6      2010   1914   1    18   33   19   1    10   6    8    
7      2010   1913   2    18   33   19   1    10   6    8    
8      2010   1913   2    18   33   19   1    10   6    8    
9      2009   1913   2    18   32   19   2    10   6    7    
10     2009   1913   1    19   32   19   1    11   6    7    
Total  20098  19136  13   185  324  190  11   104  59   76   
train         0      1    2    3    4    5    6    7    8    
1      2010   1914   1    19   32   19   1    11   6    7    
2      2010   1914   1    19   32   19   1    11   6    7    
3      2010   1914   1    19   32   19   1    11   5    8    
4      2010   1914   1    19   32   19   1    10   6    8    
6      2010   1914   1    18   33   19   1    10   6    8    
7      2010   1913   2    18   33   19   1    10   6    8    
8      2010   1913   2    18   33   19   1    10   6    8    
9      2009   1913   2    18   32   19   2    10   6    7    
10     2009   1913   1    19   32   19   1    11   6    7    
Total  18088  17222  12   167  291  171  10   94   53   68   
test          0      1    2    3    4    5    6    7    8    
5      2010   1914   1    18   33   19   1    10   6    8    
Total  2010   1914   1    18   33   19   1    10   6    8    
Classes             
0         17222     
1         12        
2         167       
3         291       
4         171       
5         10        
6         94        
7         53        
8         68        
Total     18088     

Shape: 450       

[952, 10, 11, 16, 11, 10, 10, 10, 10]
Sum start => 1040
[[1444  470]
 [  20   76]]
acc: 0.756
f1: 0.237
[[1878   36]
 [  80   16]]
acc: 0.942
f1: 0.216
5,1,coarse : 45.92 seconds
5,1,fine : 45.93 seconds
[[1444  470]
 [  20   76]]
acc: 0.756
f1: 0.237
[[1878   36]
 [  80   16]]
acc: 0.942
f1: 0.216
5,2,coarse : 47.67 seconds
5,2,fine : 47.68 seconds
[[1442  472]
 [  20   76]]
acc: 0.755
f1: 0.236
[[1888   26]
 [  82   14]]
acc: 0.946
f1: 0.206
5,3,coarse : 4.98 seconds
5,3,fine : 4.98 seconds
[[1447  467]
 [  20   76]]
acc: 0.758
f1: 0.238
[[1889   25]
 [  82   14]]
acc: 0.947
f1: 0.207
5,4,coarse : 5.19 seconds
5,4,fine : 5.19 seconds
[[1458  456]
 [  21   75]]
acc: 0.763
f1: 0.239
[[1892   22]
 [  83   13]]
acc: 0.948
f1: 0.198
5,5,coarse : 5.72 seconds
5,5,fine : 5.73 seconds
[[1470  444]
 [  21   75]]
acc: 0.769
f1: 0.244
[[1895   19]
 [  84   12]]
acc: 0.949
f1: 0.189
5,6,coarse : 5.55 seconds
5,6,fine : 5.55 seconds
[[1457  457]
 [  20   76]]
acc: 0.763
f1: 0.242
[[1897   17]
 [  86   10]]
acc: 0.949
f1: 0.163
5,7,coarse : 5.77 seconds
5,7,fine : 5.77 seconds
[[1462  452]
 [  21   75]]
acc: 0.765
f1: 0.241
[[1896   18]
 [  86   10]]
acc: 0.948
f1: 0.161
5,8,coarse : 5.85 seconds
5,8,fine : 5.86 seconds
[[1476  438]
 [  20   76]]
acc: 0.772
f1: 0.249
[[1895   19]
 [  87    9]]
acc: 0.947
f1: 0.145
5,9,coarse : 5.96 seconds
5,9,fine : 5.97 seconds
[[1483  431]
 [  21   75]]
acc: 0.775
f1: 0.249
[[1896   18]
 [  88    8]]
acc: 0.947
f1: 0.131
5,10,coarse : 6.04 seconds
5,10,fine : 6.05 seconds
[[1478  436]
 [  21   75]]
acc: 0.773
f1: 0.247
[[1903   11]
 [  89    7]]
acc: 0.950
f1: 0.123
5,11,coarse : 6.33 seconds
5,11,fine : 6.34 seconds
[[1487  427]
 [  21   75]]
acc: 0.777
f1: 0.251
[[1902   12]
 [  88    8]]
acc: 0.950
f1: 0.138
5,12,coarse : 6.6 seconds
5,12,fine : 6.61 seconds
[[1489  425]
 [  21   75]]
acc: 0.778
f1: 0.252
[[1902   12]
 [  87    9]]
acc: 0.951
f1: 0.154
5,13,coarse : 6.77 seconds
5,13,fine : 6.78 seconds
[[1492  422]
 [  21   75]]
acc: 0.780
f1: 0.253
[[1904   10]
 [  85   11]]
acc: 0.953
f1: 0.188
5,14,coarse : 7.06 seconds
5,14,fine : 7.07 seconds
[[1494  420]
 [  21   75]]
acc: 0.781
f1: 0.254
[[1904   10]
 [  84   12]]
acc: 0.953
f1: 0.203
5,15,coarse : 7.25 seconds
5,15,fine : 7.26 seconds
[[1482  432]
 [  22   74]]
acc: 0.774
f1: 0.246
[[1904   10]
 [  84   12]]
acc: 0.953
f1: 0.203
5,16,coarse : 7.49 seconds
5,16,fine : 7.5 seconds
[[1478  436]
 [  19   77]]
acc: 0.774
f1: 0.253
[[1903   11]
 [  83   13]]
acc: 0.953
f1: 0.217
5,17,coarse : 7.74 seconds
5,17,fine : 7.75 seconds
[[1484  430]
 [  19   77]]
acc: 0.777
f1: 0.255
[[1903   11]
 [  84   12]]
acc: 0.953
f1: 0.202
5,18,coarse : 7.87 seconds
5,18,fine : 7.88 seconds
[[1486  428]
 [  20   76]]
acc: 0.777
f1: 0.253
[[1903   11]
 [  84   12]]
acc: 0.953
f1: 0.202
5,19,coarse : 7.98 seconds
5,19,fine : 7.99 seconds
[[1495  419]
 [  20   76]]
acc: 0.782
f1: 0.257
[[1903   11]
 [  84   12]]
acc: 0.953
f1: 0.202
5,20,coarse : 8.22 seconds
5,20,fine : 8.22 seconds
[[1498  416]
 [  20   76]]
acc: 0.783
f1: 0.259
[[1904   10]
 [  85   11]]
acc: 0.953
f1: 0.188
5,21,coarse : 8.49 seconds
5,21,fine : 8.5 seconds
[[1509  405]
 [  20   76]]
acc: 0.789
f1: 0.263
[[1904   10]
 [  84   12]]
acc: 0.953
f1: 0.203
5,22,coarse : 8.86 seconds
5,22,fine : 8.87 seconds
[[1510  404]
 [  21   75]]
acc: 0.789
f1: 0.261
[[1904   10]
 [  83   13]]
acc: 0.954
f1: 0.218
5,23,coarse : 8.96 seconds
5,23,fine : 8.97 seconds
[[1515  399]
 [  21   75]]
acc: 0.791
f1: 0.263
[[1903   11]
 [  84   12]]
acc: 0.953
f1: 0.202
5,24,coarse : 9.13 seconds
5,24,fine : 9.14 seconds
[[1507  407]
 [  21   75]]
acc: 0.787
f1: 0.260
[[1903   11]
 [  81   15]]
acc: 0.954
f1: 0.246
5,25,coarse : 9.35 seconds
5,25,fine : 9.36 seconds
[[1506  408]
 [  21   75]]
acc: 0.787
f1: 0.259
[[1901   13]
 [  79   17]]
acc: 0.954
f1: 0.270
5,26,coarse : 9.57 seconds
5,26,fine : 9.58 seconds
[[1496  418]
 [  20   76]]
acc: 0.782
f1: 0.258
[[1902   12]
 [  80   16]]
acc: 0.954
f1: 0.258
5,27,coarse : 9.98 seconds
5,27,fine : 9.99 seconds
[[1491  423]
 [  20   76]]
acc: 0.780
f1: 0.255
[[1900   14]
 [  80   16]]
acc: 0.953
f1: 0.254
5,28,coarse : 10.8 seconds
5,28,fine : 10.81 seconds
[[1492  422]
 [  20   76]]
acc: 0.780
f1: 0.256
[[1900   14]
 [  78   18]]
acc: 0.954
f1: 0.281
5,29,coarse : 10.1 seconds
5,29,fine : 10.11 seconds
[[1501  413]
 [  21   75]]
acc: 0.784
f1: 0.257
[[1899   15]
 [  77   19]]
acc: 0.954
f1: 0.292
5,30,coarse : 10.28 seconds
5,30,fine : 10.29 seconds
[[1508  406]
 [  21   75]]
acc: 0.788
f1: 0.260
[[1898   16]
 [  77   19]]
acc: 0.954
f1: 0.290
5,31,coarse : 10.57 seconds
5,31,fine : 10.58 seconds
[[1512  402]
 [  20   76]]
acc: 0.790
f1: 0.265
[[1898   16]
 [  77   19]]
acc: 0.954
f1: 0.290
5,32,coarse : 10.74 seconds
5,32,fine : 10.77 seconds
[[1511  403]
 [  24   72]]
acc: 0.788
f1: 0.252
[[1897   17]
 [  77   19]]
acc: 0.953
f1: 0.288
5,33,coarse : 11.04 seconds
5,33,fine : 11.05 seconds
[[1508  406]
 [  24   72]]
acc: 0.786
f1: 0.251
[[1896   18]
 [  78   18]]
acc: 0.952
f1: 0.273
5,34,coarse : 11.52 seconds
5,34,fine : 11.53 seconds
[[1507  407]
 [  23   73]]
acc: 0.786
f1: 0.253
[[1898   16]
 [  76   20]]
acc: 0.954
f1: 0.303
5,35,coarse : 11.54 seconds
5,35,fine : 11.55 seconds
[[1517  397]
 [  24   72]]
acc: 0.791
f1: 0.255
[[1897   17]
 [  75   21]]
acc: 0.954
f1: 0.313
5,36,coarse : 12.14 seconds
5,36,fine : 12.15 seconds
[[1511  403]
 [  23   73]]
acc: 0.788
f1: 0.255
[[1897   17]
 [  76   20]]
acc: 0.954
f1: 0.301
5,37,coarse : 11.91 seconds
5,37,fine : 11.91 seconds
[[1512  402]
 [  22   74]]
acc: 0.789
f1: 0.259
[[1894   20]
 [  76   20]]
acc: 0.952
f1: 0.294
5,38,coarse : 12.15 seconds
5,38,fine : 12.16 seconds
[[1511  403]
 [  22   74]]
acc: 0.789
f1: 0.258
[[1895   19]
 [  75   21]]
acc: 0.953
f1: 0.309
5,39,coarse : 12.38 seconds
5,39,fine : 12.39 seconds
[[1505  409]
 [  23   73]]
acc: 0.785
f1: 0.253
[[1897   17]
 [  76   20]]
acc: 0.954
f1: 0.301
5,40,coarse : 12.59 seconds
5,40,fine : 12.6 seconds
[[1505  409]
 [  23   73]]
acc: 0.785
f1: 0.253
[[1897   17]
 [  76   20]]
acc: 0.954
f1: 0.301
5,41,coarse : 13.05 seconds
5,41,fine : 13.06 seconds
[[1514  400]
 [  24   72]]
acc: 0.789
f1: 0.254
[[1892   22]
 [  75   21]]
acc: 0.952
f1: 0.302
5,42,coarse : 12.94 seconds
5,42,fine : 12.95 seconds
[[1513  401]
 [  22   74]]
acc: 0.790
f1: 0.259
[[1894   20]
 [  76   20]]
acc: 0.952
f1: 0.294
5,43,coarse : 13.86 seconds
5,43,fine : 13.87 seconds
[[1517  397]
 [  22   74]]
acc: 0.792
f1: 0.261
[[1891   23]
 [  77   19]]
acc: 0.950
f1: 0.275
5,44,coarse : 13.5 seconds
5,44,fine : 13.51 seconds
[[1519  395]
 [  23   73]]
acc: 0.792
f1: 0.259
[[1891   23]
 [  76   20]]
acc: 0.951
f1: 0.288
5,45,coarse : 13.72 seconds
5,45,fine : 13.72 seconds
[[1525  389]
 [  23   73]]
acc: 0.795
f1: 0.262
[[1892   22]
 [  76   20]]
acc: 0.951
f1: 0.290
5,46,coarse : 14.14 seconds
5,46,fine : 14.15 seconds
[[1519  395]
 [  23   73]]
acc: 0.792
f1: 0.259
[[1893   21]
 [  76   20]]
acc: 0.952
f1: 0.292
5,47,coarse : 14.47 seconds
5,47,fine : 14.48 seconds
[[1514  400]
 [  22   74]]
acc: 0.790
f1: 0.260
[[1891   23]
 [  75   21]]
acc: 0.951
f1: 0.300
5,48,coarse : 14.68 seconds
5,48,fine : 14.69 seconds
[[1519  395]
 [  21   75]]
acc: 0.793
f1: 0.265
[[1891   23]
 [  74   22]]
acc: 0.952
f1: 0.312
5,49,coarse : 15.23 seconds
5,49,fine : 15.24 seconds
[[1527  387]
 [  22   74]]
acc: 0.797
f1: 0.266
[[1888   26]
 [  72   24]]
acc: 0.951
f1: 0.329
5,50,coarse : 17.73 seconds
5,50,fine : 17.74 seconds
[[1527  387]
 [  23   73]]
acc: 0.796
f1: 0.263
[[1889   25]
 [  71   25]]
acc: 0.952
f1: 0.342
5,51,coarse : 15.23 seconds
5,51,fine : 15.25 seconds
[[1528  386]
 [  21   75]]
acc: 0.798
f1: 0.269
[[1889   25]
 [  71   25]]
acc: 0.952
f1: 0.342
5,52,coarse : 15.49 seconds
5,52,fine : 15.5 seconds
[[1523  391]
 [  21   75]]
acc: 0.795
f1: 0.267
[[1882   32]
 [  71   25]]
acc: 0.949
f1: 0.327
5,53,coarse : 16.05 seconds
5,53,fine : 16.06 seconds
[[1519  395]
 [  20   76]]
acc: 0.794
f1: 0.268
[[1880   34]
 [  71   25]]
acc: 0.948
f1: 0.323
5,54,coarse : 16.49 seconds
5,54,fine : 16.51 seconds
[[1519  395]
 [  19   77]]
acc: 0.794
f1: 0.271
[[1878   36]
 [  69   27]]
acc: 0.948
f1: 0.340
5,55,coarse : 16.92 seconds
5,55,fine : 16.93 seconds
[[1520  394]
 [  19   77]]
acc: 0.795
f1: 0.272
[[1882   32]
 [  69   27]]
acc: 0.950
f1: 0.348
5,56,coarse : 16.62 seconds
5,56,fine : 16.63 seconds
[[1516  398]
 [  19   77]]
acc: 0.793
f1: 0.270
[[1879   35]
 [  67   29]]
acc: 0.949
f1: 0.362
5,57,coarse : 17.29 seconds
5,57,fine : 17.31 seconds
[[1521  393]
 [  19   77]]
acc: 0.795
f1: 0.272
[[1876   38]
 [  69   27]]
acc: 0.947
f1: 0.335
5,58,coarse : 17.56 seconds
5,58,fine : 17.57 seconds
[[1523  391]
 [  19   77]]
acc: 0.796
f1: 0.273
[[1875   39]
 [  68   28]]
acc: 0.947
f1: 0.344
5,59,coarse : 17.5 seconds
5,59,fine : 17.51 seconds
[[1528  386]
 [  19   77]]
acc: 0.799
f1: 0.275
[[1877   37]
 [  68   28]]
acc: 0.948
f1: 0.348
5,60,coarse : 17.86 seconds
5,60,fine : 17.87 seconds
[[1522  392]
 [  19   77]]
acc: 0.796
f1: 0.273
[[1880   34]
 [  69   27]]
acc: 0.949
f1: 0.344
5,61,coarse : 17.9 seconds
5,61,fine : 17.91 seconds
[[1523  391]
 [  19   77]]
acc: 0.796
f1: 0.273
[[1877   37]
 [  68   28]]
acc: 0.948
f1: 0.348
5,62,coarse : 17.9 seconds
5,62,fine : 17.91 seconds
[[1523  391]
 [  19   77]]
acc: 0.796
f1: 0.273
[[1877   37]
 [  68   28]]
acc: 0.948
f1: 0.348
5,63,coarse : 18.56 seconds
5,63,fine : 18.57 seconds
[[1525  389]
 [  19   77]]
acc: 0.797
f1: 0.274
[[1877   37]
 [  69   27]]
acc: 0.947
f1: 0.338
5,64,coarse : 19.02 seconds
5,64,fine : 19.04 seconds
[[1524  390]
 [  19   77]]
acc: 0.797
f1: 0.274
[[1878   36]
 [  69   27]]
acc: 0.948
f1: 0.340
5,65,coarse : 19.52 seconds
5,65,fine : 19.53 seconds
[[1525  389]
 [  19   77]]
acc: 0.797
f1: 0.274
[[1879   35]
 [  69   27]]
acc: 0.948
f1: 0.342
5,66,coarse : 19.34 seconds
5,66,fine : 19.4 seconds
[[1533  381]
 [  19   77]]
acc: 0.801
f1: 0.278
[[1880   34]
 [  70   26]]
acc: 0.948
f1: 0.333
5,67,coarse : 19.54 seconds
5,67,fine : 19.55 seconds
[[1532  382]
 [  19   77]]
acc: 0.800
f1: 0.277
[[1882   32]
 [  69   27]]
acc: 0.950
f1: 0.348
5,68,coarse : 19.7 seconds
5,68,fine : 19.72 seconds
[[1533  381]
 [  19   77]]
acc: 0.801
f1: 0.278
[[1882   32]
 [  69   27]]
acc: 0.950
f1: 0.348
5,69,coarse : 19.71 seconds
5,69,fine : 19.72 seconds
[[1527  387]
 [  18   78]]
acc: 0.799
f1: 0.278
[[1882   32]
 [  69   27]]
acc: 0.950
f1: 0.348
5,70,coarse : 20.39 seconds
5,70,fine : 20.4 seconds
[[1530  384]
 [  18   78]]
acc: 0.800
f1: 0.280
[[1880   34]
 [  69   27]]
acc: 0.949
f1: 0.344
5,71,coarse : 20.94 seconds
5,71,fine : 20.95 seconds
[[1530  384]
 [  19   77]]
acc: 0.800
f1: 0.276
[[1880   34]
 [  69   27]]
acc: 0.949
f1: 0.344
5,72,coarse : 21.37 seconds
5,72,fine : 21.38 seconds
[[1534  380]
 [  19   77]]
acc: 0.801
f1: 0.278
[[1881   33]
 [  68   28]]
acc: 0.950
f1: 0.357
5,73,coarse : 21.48 seconds
5,73,fine : 21.5 seconds
[[1539  375]
 [  19   77]]
acc: 0.804
f1: 0.281
[[1879   35]
 [  68   28]]
acc: 0.949
f1: 0.352
5,74,coarse : 21.61 seconds
5,74,fine : 21.63 seconds
[[1538  376]
 [  19   77]]
acc: 0.803
f1: 0.281
[[1877   37]
 [  68   28]]
acc: 0.948
f1: 0.348
5,75,coarse : 21.98 seconds
5,75,fine : 21.99 seconds
[[1532  382]
 [  19   77]]
acc: 0.800
f1: 0.277
[[1880   34]
 [  68   28]]
acc: 0.949
f1: 0.354
5,76,coarse : 21.83 seconds
5,76,fine : 21.84 seconds
[[1535  379]
 [  19   77]]
acc: 0.802
f1: 0.279
[[1875   39]
 [  67   29]]
acc: 0.947
f1: 0.354
5,77,coarse : 20.84 seconds
5,77,fine : 20.86 seconds
[[1535  379]
 [  19   77]]
acc: 0.802
f1: 0.279
[[1872   42]
 [  67   29]]
acc: 0.946
f1: 0.347
5,78,coarse : 20.99 seconds
5,78,fine : 21.01 seconds
[[1536  378]
 [  19   77]]
acc: 0.802
f1: 0.279
[[1873   41]
 [  67   29]]
acc: 0.946
f1: 0.349
5,79,coarse : 22.18 seconds
5,79,fine : 22.19 seconds
[[1539  375]
 [  19   77]]
acc: 0.804
f1: 0.281
[[1875   39]
 [  66   30]]
acc: 0.948
f1: 0.364
5,80,coarse : 21.86 seconds
5,80,fine : 21.87 seconds
[[1536  378]
 [  19   77]]
acc: 0.802
f1: 0.279
[[1875   39]
 [  66   30]]
acc: 0.948
f1: 0.364
5,81,coarse : 21.89 seconds
5,81,fine : 21.9 seconds
[[1542  372]
 [  19   77]]
acc: 0.805
f1: 0.283
[[1871   43]
 [  65   31]]
acc: 0.946
f1: 0.365
5,82,coarse : 22.99 seconds
5,82,fine : 23.01 seconds
[[1547  367]
 [  19   77]]
acc: 0.808
f1: 0.285
[[1872   42]
 [  65   31]]
acc: 0.947
f1: 0.367
5,83,coarse : 22.46 seconds
5,83,fine : 22.51 seconds
[[1549  365]
 [  19   77]]
acc: 0.809
f1: 0.286
[[1873   41]
 [  65   31]]
acc: 0.947
f1: 0.369
5,84,coarse : 23.0 seconds
5,84,fine : 23.01 seconds
[[1548  366]
 [  19   77]]
acc: 0.808
f1: 0.286
[[1871   43]
 [  64   32]]
acc: 0.947
f1: 0.374
5,85,coarse : 22.85 seconds
5,85,fine : 22.86 seconds
[[1550  364]
 [  19   77]]
acc: 0.809
f1: 0.287
[[1866   48]
 [  64   32]]
acc: 0.944
f1: 0.364
5,86,coarse : 23.65 seconds
5,86,fine : 23.67 seconds
[[1545  369]
 [  19   77]]
acc: 0.807
f1: 0.284
[[1868   46]
 [  65   31]]
acc: 0.945
f1: 0.358
5,87,coarse : 24.5 seconds
5,87,fine : 24.54 seconds
[[1546  368]
 [  19   77]]
acc: 0.807
f1: 0.285
[[1866   48]
 [  64   32]]
acc: 0.944
f1: 0.364
5,88,coarse : 24.25 seconds
5,88,fine : 24.27 seconds
[[1547  367]
 [  19   77]]
acc: 0.808
f1: 0.285
[[1868   46]
 [  66   30]]
acc: 0.944
f1: 0.349
5,89,coarse : 25.31 seconds
5,89,fine : 25.32 seconds
[[1548  366]
 [  19   77]]
acc: 0.808
f1: 0.286
[[1872   42]
 [  65   31]]
acc: 0.947
f1: 0.367
5,90,coarse : 24.68 seconds
5,90,fine : 24.69 seconds
[[1548  366]
 [  19   77]]
acc: 0.808
f1: 0.286
[[1871   43]
 [  64   32]]
acc: 0.947
f1: 0.374
5,91,coarse : 25.41 seconds
5,91,fine : 25.43 seconds
[[1548  366]
 [  19   77]]
acc: 0.808
f1: 0.286
[[1871   43]
 [  65   31]]
acc: 0.946
f1: 0.365
5,92,coarse : 25.96 seconds
5,92,fine : 25.98 seconds
[[1543  371]
 [  19   77]]
acc: 0.806
f1: 0.283
[[1869   45]
 [  64   32]]
acc: 0.946
f1: 0.370
5,93,coarse : 26.17 seconds
5,93,fine : 26.18 seconds
[[1543  371]
 [  19   77]]
acc: 0.806
f1: 0.283
[[1867   47]
 [  63   33]]
acc: 0.945
f1: 0.375
5,94,coarse : 26.22 seconds
5,94,fine : 26.24 seconds
[[1542  372]
 [  19   77]]
acc: 0.805
f1: 0.283
[[1869   45]
 [  63   33]]
acc: 0.946
f1: 0.379
5,95,coarse : 26.97 seconds
5,95,fine : 26.99 seconds
[[1543  371]
 [  19   77]]
acc: 0.806
f1: 0.283
[[1870   44]
 [  63   33]]
acc: 0.947
f1: 0.382
5,96,coarse : 27.06 seconds
5,96,fine : 27.08 seconds
[[1546  368]
 [  19   77]]
acc: 0.807
f1: 0.285
[[1867   47]
 [  62   34]]
acc: 0.946
f1: 0.384
5,97,coarse : 26.84 seconds
5,97,fine : 26.86 seconds
[[1546  368]
 [  19   77]]
acc: 0.807
f1: 0.285
[[1866   48]
 [  63   33]]
acc: 0.945
f1: 0.373
5,98,coarse : 27.74 seconds
5,98,fine : 27.76 seconds
[[1543  371]
 [  19   77]]
acc: 0.806
f1: 0.283
[[1866   48]
 [  62   34]]
acc: 0.945
f1: 0.382
5,99,coarse : 27.77 seconds
5,99,fine : 27.78 seconds
[[1552  362]
 [  19   77]]
acc: 0.810
f1: 0.288
[[1864   50]
 [  61   35]]
acc: 0.945
f1: 0.387
5,100,coarse : 29.88 seconds
5,100,fine : 29.89 seconds
[[1552  362]
 [  19   77]]
acc: 0.810
f1: 0.288
[[1870   44]
 [  62   34]]
acc: 0.947
f1: 0.391
5,101,coarse : 28.34 seconds
5,101,fine : 28.36 seconds
[[1556  358]
 [  19   77]]
acc: 0.812
f1: 0.290
[[1869   45]
 [  62   34]]
acc: 0.947
f1: 0.389
5,102,coarse : 29.5 seconds
5,102,fine : 29.51 seconds
[[1555  359]
 [  19   77]]
acc: 0.812
f1: 0.289
[[1870   44]
 [  62   34]]
acc: 0.947
f1: 0.391
5,103,coarse : 29.16 seconds
5,103,fine : 29.18 seconds
[[1547  367]
 [  19   77]]
acc: 0.808
f1: 0.285
[[1871   43]
 [  62   34]]
acc: 0.948
f1: 0.393
5,104,coarse : 29.35 seconds
5,104,fine : 29.36 seconds
[[1551  363]
 [  19   77]]
acc: 0.810
f1: 0.287
[[1868   46]
 [  62   34]]
acc: 0.946
f1: 0.386
5,105,coarse : 29.37 seconds
5,105,fine : 29.39 seconds
[[1549  365]
 [  19   77]]
acc: 0.809
f1: 0.286
[[1866   48]
 [  62   34]]
acc: 0.945
f1: 0.382
5,106,coarse : 30.17 seconds
5,106,fine : 30.18 seconds
[[1549  365]
 [  19   77]]
acc: 0.809
f1: 0.286
[[1866   48]
 [  62   34]]
acc: 0.945
f1: 0.382
5,107,coarse : 30.4 seconds
5,107,fine : 30.41 seconds
[[1549  365]
 [  19   77]]
acc: 0.809
f1: 0.286
[[1866   48]
 [  62   34]]
acc: 0.945
f1: 0.382
5,108,coarse : 30.47 seconds
5,108,fine : 30.49 seconds
[[1550  364]
 [  19   77]]
acc: 0.809
f1: 0.287
[[1862   52]
 [  62   34]]
acc: 0.943
f1: 0.374
5,109,coarse : 31.4 seconds
5,109,fine : 31.42 seconds
[[1549  365]
 [  18   78]]
acc: 0.809
f1: 0.289
[[1866   48]
 [  62   34]]
acc: 0.945
f1: 0.382
5,110,coarse : 31.65 seconds
5,110,fine : 31.67 seconds
[[1550  364]
 [  18   78]]
acc: 0.810
f1: 0.290
[[1867   47]
 [  63   33]]
acc: 0.945
f1: 0.375
5,111,coarse : 31.15 seconds
5,111,fine : 31.16 seconds
[[1548  366]
 [  18   78]]
acc: 0.809
f1: 0.289
[[1866   48]
 [  63   33]]
acc: 0.945
f1: 0.373
5,112,coarse : 32.03 seconds
5,112,fine : 32.05 seconds
[[1547  367]
 [  18   78]]
acc: 0.808
f1: 0.288
[[1867   47]
 [  63   33]]
acc: 0.945
f1: 0.375
5,113,coarse : 32.18 seconds
5,113,fine : 32.19 seconds
[[1553  361]
 [  18   78]]
acc: 0.811
f1: 0.292
[[1865   49]
 [  63   33]]
acc: 0.944
f1: 0.371
5,114,coarse : 32.03 seconds
5,114,fine : 32.05 seconds
[[1553  361]
 [  18   78]]
acc: 0.811
f1: 0.292
[[1865   49]
 [  63   33]]
acc: 0.944
f1: 0.371
5,115,coarse : 31.76 seconds
5,115,fine : 31.78 seconds
[[1549  365]
 [  18   78]]
acc: 0.809
f1: 0.289
[[1863   51]
 [  62   34]]
acc: 0.944
f1: 0.376
5,116,coarse : 31.82 seconds
5,116,fine : 31.84 seconds
[[1547  367]
 [  18   78]]
acc: 0.808
f1: 0.288
[[1863   51]
 [  62   34]]
acc: 0.944
f1: 0.376
5,117,coarse : 32.23 seconds
5,117,fine : 32.25 seconds
[[1538  376]
 [  20   76]]
acc: 0.803
f1: 0.277
[[1863   51]
 [  62   34]]
acc: 0.944
f1: 0.376
5,118,coarse : 32.98 seconds
5,118,fine : 33.0 seconds
[[1538  376]
 [  19   77]]
acc: 0.803
f1: 0.281
[[1860   54]
 [  62   34]]
acc: 0.942
f1: 0.370
5,119,coarse : 34.11 seconds
5,119,fine : 34.13 seconds
[[1543  371]
 [  19   77]]
acc: 0.806
f1: 0.283
[[1860   54]
 [  61   35]]
acc: 0.943
f1: 0.378
5,120,coarse : 33.0 seconds
5,120,fine : 33.01 seconds
[[1548  366]
 [  20   76]]
acc: 0.808
f1: 0.283
[[1860   54]
 [  61   35]]
acc: 0.943
f1: 0.378
5,121,coarse : 34.73 seconds
5,121,fine : 34.74 seconds
[[1550  364]
 [  20   76]]
acc: 0.809
f1: 0.284
[[1854   60]
 [  61   35]]
acc: 0.940
f1: 0.366
5,122,coarse : 35.23 seconds
5,122,fine : 35.25 seconds
[[1551  363]
 [  20   76]]
acc: 0.809
f1: 0.284
[[1852   62]
 [  62   34]]
acc: 0.938
f1: 0.354
5,123,coarse : 34.65 seconds
5,123,fine : 34.66 seconds
[[1552  362]
 [  20   76]]
acc: 0.810
f1: 0.285
[[1854   60]
 [  61   35]]
acc: 0.940
f1: 0.366
5,124,coarse : 33.95 seconds
5,124,fine : 33.97 seconds
[[1552  362]
 [  20   76]]
acc: 0.810
f1: 0.285
[[1855   59]
 [  60   36]]
acc: 0.941
f1: 0.377
5,125,coarse : 35.19 seconds
5,125,fine : 35.21 seconds
[[1551  363]
 [  20   76]]
acc: 0.809
f1: 0.284
[[1854   60]
 [  60   36]]
acc: 0.940
f1: 0.375
5,126,coarse : 35.71 seconds
5,126,fine : 35.73 seconds
[[1553  361]
 [  20   76]]
acc: 0.810
f1: 0.285
[[1854   60]
 [  60   36]]
acc: 0.940
f1: 0.375
5,127,coarse : 35.58 seconds
5,127,fine : 35.6 seconds
[[1552  362]
 [  20   76]]
acc: 0.810
f1: 0.285
[[1854   60]
 [  60   36]]
acc: 0.940
f1: 0.375
5,128,coarse : 36.0 seconds
5,128,fine : 36.02 seconds
[[1551  363]
 [  19   77]]
acc: 0.810
f1: 0.287
[[1857   57]
 [  60   36]]
acc: 0.942
f1: 0.381
5,129,coarse : 37.04 seconds
5,129,fine : 37.07 seconds
[[1552  362]
 [  19   77]]
acc: 0.810
f1: 0.288
[[1857   57]
 [  60   36]]
acc: 0.942
f1: 0.381
5,130,coarse : 36.75 seconds
5,130,fine : 36.77 seconds
[[1554  360]
 [  19   77]]
acc: 0.811
f1: 0.289
[[1855   59]
 [  60   36]]
acc: 0.941
f1: 0.377
5,131,coarse : 37.67 seconds
5,131,fine : 37.69 seconds
[[1556  358]
 [  20   76]]
acc: 0.812
f1: 0.287
[[1855   59]
 [  60   36]]
acc: 0.941
f1: 0.377
5,132,coarse : 37.96 seconds
5,132,fine : 37.98 seconds
[[1557  357]
 [  20   76]]
acc: 0.812
f1: 0.287
[[1855   59]
 [  60   36]]
acc: 0.941
f1: 0.377
5,133,coarse : 38.31 seconds
5,133,fine : 38.33 seconds
[[1554  360]
 [  19   77]]
acc: 0.811
f1: 0.289
[[1856   58]
 [  60   36]]
acc: 0.941
f1: 0.379
5,134,coarse : 38.3 seconds
5,134,fine : 38.32 seconds
[[1555  359]
 [  19   77]]
acc: 0.812
f1: 0.289
[[1856   58]
 [  59   37]]
acc: 0.942
f1: 0.387
5,135,coarse : 39.19 seconds
5,135,fine : 39.21 seconds
[[1552  362]
 [  19   77]]
acc: 0.810
f1: 0.288
[[1856   58]
 [  60   36]]
acc: 0.941
f1: 0.379
5,136,coarse : 39.56 seconds
5,136,fine : 39.58 seconds
[[1555  359]
 [  19   77]]
acc: 0.812
f1: 0.289
[[1855   59]
 [  61   35]]
acc: 0.940
f1: 0.368
5,137,coarse : 39.92 seconds
5,137,fine : 39.95 seconds
[[1558  356]
 [  19   77]]
acc: 0.813
f1: 0.291
[[1856   58]
 [  60   36]]
acc: 0.941
f1: 0.379
5,138,coarse : 40.37 seconds
5,138,fine : 40.39 seconds
[[1559  355]
 [  21   75]]
acc: 0.813
f1: 0.285
[[1856   58]
 [  59   37]]
acc: 0.942
f1: 0.387
5,139,coarse : 40.15 seconds
5,139,fine : 40.17 seconds
[[1553  361]
 [  19   77]]
acc: 0.811
f1: 0.288
[[1856   58]
 [  59   37]]
acc: 0.942
f1: 0.387
5,140,coarse : 39.73 seconds
5,140,fine : 39.75 seconds
[[1551  363]
 [  19   77]]
acc: 0.810
f1: 0.287
[[1856   58]
 [  59   37]]
acc: 0.942
f1: 0.387
5,141,coarse : 40.72 seconds
5,141,fine : 40.74 seconds
[[1553  361]
 [  18   78]]
acc: 0.811
f1: 0.292
[[1856   58]
 [  58   38]]
acc: 0.942
f1: 0.396
5,142,coarse : 40.53 seconds
5,142,fine : 40.55 seconds
[[1554  360]
 [  19   77]]
acc: 0.811
f1: 0.289
[[1857   57]
 [  58   38]]
acc: 0.943
f1: 0.398
5,143,coarse : 40.43 seconds
5,143,fine : 40.45 seconds
[[1549  365]
 [  19   77]]
acc: 0.809
f1: 0.286
[[1859   55]
 [  59   37]]
acc: 0.943
f1: 0.394
5,144,coarse : 41.39 seconds
5,144,fine : 41.42 seconds
[[1554  360]
 [  20   76]]
acc: 0.811
f1: 0.286
[[1858   56]
 [  60   36]]
acc: 0.942
f1: 0.383
5,145,coarse : 40.87 seconds
5,145,fine : 40.89 seconds
[[1552  362]
 [  19   77]]
acc: 0.810
f1: 0.288
[[1857   57]
 [  59   37]]
acc: 0.942
f1: 0.389
5,146,coarse : 42.47 seconds
5,146,fine : 42.49 seconds
[[1552  362]
 [  19   77]]
acc: 0.810
f1: 0.288
[[1857   57]
 [  58   38]]
acc: 0.943
f1: 0.398
5,147,coarse : 42.36 seconds
5,147,fine : 42.38 seconds
[[1556  358]
 [  19   77]]
acc: 0.812
f1: 0.290
[[1860   54]
 [  60   36]]
acc: 0.943
f1: 0.387
5,148,coarse : 42.21 seconds
5,148,fine : 42.22 seconds
[[1553  361]
 [  19   77]]
acc: 0.811
f1: 0.288
[[1859   55]
 [  59   37]]
acc: 0.943
f1: 0.394
5,149,coarse : 40.71 seconds
5,149,fine : 40.72 seconds
[[1552  362]
 [  18   78]]
acc: 0.811
f1: 0.291
[[1858   56]
 [  58   38]]
acc: 0.943
f1: 0.400
5,150,coarse : 39.84 seconds
5,150,fine : 39.86 seconds
[[1548  366]
 [  18   78]]
acc: 0.809
f1: 0.289
[[1858   56]
 [  60   36]]
acc: 0.942
f1: 0.383
5,151,coarse : 39.01 seconds
5,151,fine : 39.03 seconds
[[1549  365]
 [  18   78]]
acc: 0.809
f1: 0.289
[[1858   56]
 [  60   36]]
acc: 0.942
f1: 0.383
5,152,coarse : 41.8 seconds
5,152,fine : 41.82 seconds
[[1553  361]
 [  18   78]]
acc: 0.811
f1: 0.292
[[1859   55]
 [  59   37]]
acc: 0.943
f1: 0.394
5,153,coarse : 43.67 seconds
5,153,fine : 43.69 seconds
[[1552  362]
 [  18   78]]
acc: 0.811
f1: 0.291
[[1859   55]
 [  59   37]]
acc: 0.943
f1: 0.394
5,154,coarse : 43.91 seconds
5,154,fine : 43.93 seconds
[[1553  361]
 [  18   78]]
acc: 0.811
f1: 0.292
[[1860   54]
 [  59   37]]
acc: 0.944
f1: 0.396
5,155,coarse : 44.92 seconds
5,155,fine : 44.94 seconds
[[1556  358]
 [  19   77]]
acc: 0.812
f1: 0.290
[[1857   57]
 [  58   38]]
acc: 0.943
f1: 0.398
5,156,coarse : 45.38 seconds
5,156,fine : 45.4 seconds
[[1550  364]
 [  19   77]]
acc: 0.809
f1: 0.287
[[1860   54]
 [  58   38]]
acc: 0.944
f1: 0.404
5,157,coarse : 45.42 seconds
5,157,fine : 45.45 seconds
[[1551  363]
 [  18   78]]
acc: 0.810
f1: 0.291
[[1860   54]
 [  57   39]]
acc: 0.945
f1: 0.413
5,158,coarse : 44.88 seconds
5,158,fine : 44.91 seconds
[[1554  360]
 [  19   77]]
acc: 0.811
f1: 0.289
[[1859   55]
 [  57   39]]
acc: 0.944
f1: 0.411
5,159,coarse : 46.18 seconds
5,159,fine : 46.85 seconds
[[1560  354]
 [  19   77]]
acc: 0.814
f1: 0.292
[[1858   56]
 [  57   39]]
acc: 0.944
f1: 0.408
5,160,coarse : 47.21 seconds
5,160,fine : 47.23 seconds
[[1560  354]
 [  19   77]]
acc: 0.814
f1: 0.292
[[1858   56]
 [  59   37]]
acc: 0.943
f1: 0.392
5,161,coarse : 47.1 seconds
5,161,fine : 47.12 seconds
[[1553  361]
 [  18   78]]
acc: 0.811
f1: 0.292
[[1860   54]
 [  58   38]]
acc: 0.944
f1: 0.404
5,162,coarse : 47.07 seconds
5,162,fine : 47.1 seconds
[[1551  363]
 [  17   79]]
acc: 0.811
f1: 0.294
[[1860   54]
 [  58   38]]
acc: 0.944
f1: 0.404
5,163,coarse : 47.22 seconds
5,163,fine : 47.24 seconds
[[1552  362]
 [  17   79]]
acc: 0.811
f1: 0.294
[[1859   55]
 [  59   37]]
acc: 0.943
f1: 0.394
5,164,coarse : 48.51 seconds
5,164,fine : 48.54 seconds
[[1548  366]
 [  17   79]]
acc: 0.809
f1: 0.292
[[1858   56]
 [  59   37]]
acc: 0.943
f1: 0.392
5,165,coarse : 48.3 seconds
5,165,fine : 48.33 seconds
[[1549  365]
 [  17   79]]
acc: 0.810
f1: 0.293
[[1859   55]
 [  59   37]]
acc: 0.943
f1: 0.394
5,166,coarse : 47.64 seconds
5,166,fine : 47.66 seconds
[[1552  362]
 [  18   78]]
acc: 0.811
f1: 0.291
[[1859   55]
 [  58   38]]
acc: 0.944
f1: 0.402
5,167,coarse : 48.42 seconds
5,167,fine : 48.44 seconds
[[1552  362]
 [  17   79]]
acc: 0.811
f1: 0.294
[[1859   55]
 [  58   38]]
acc: 0.944
f1: 0.402
5,168,coarse : 47.47 seconds
5,168,fine : 47.49 seconds
[[1553  361]
 [  17   79]]
acc: 0.812
f1: 0.295
[[1858   56]
 [  58   38]]
acc: 0.943
f1: 0.400
5,169,coarse : 48.04 seconds
5,169,fine : 48.06 seconds
[[1553  361]
 [  17   79]]
acc: 0.812
f1: 0.295
[[1859   55]
 [  57   39]]
acc: 0.944
f1: 0.411
5,170,coarse : 47.98 seconds
5,170,fine : 48.0 seconds
[[1556  358]
 [  18   78]]
acc: 0.813
f1: 0.293
[[1856   58]
 [  56   40]]
acc: 0.943
f1: 0.412
5,171,coarse : 49.27 seconds
5,171,fine : 49.29 seconds
[[1558  356]
 [  18   78]]
acc: 0.814
f1: 0.294
[[1856   58]
 [  56   40]]
acc: 0.943
f1: 0.412
5,172,coarse : 49.84 seconds
5,172,fine : 49.86 seconds
