all           0      1    2    3    4    5    6    7    8    
1      2010   1914   1    19   32   19   1    11   6    7    
2      2010   1914   1    19   32   19   1    11   6    7    
3      2010   1914   1    19   32   19   1    11   5    8    
4      2010   1914   1    19   32   19   1    10   6    8    
5      2010   1914   1    18   33   19   1    10   6    8    
6      2010   1914   1    18   33   19   1    10   6    8    
7      2010   1913   2    18   33   19   1    10   6    8    
8      2010   1913   2    18   33   19   1    10   6    8    
9      2009   1913   2    18   32   19   2    10   6    7    
10     2009   1913   1    19   32   19   1    11   6    7    
Total  20098  19136  13   185  324  190  11   104  59   76   
train         0      1    2    3    4    5    6    7    8    
1      2010   1914   1    19   32   19   1    11   6    7    
2      2010   1914   1    19   32   19   1    11   6    7    
3      2010   1914   1    19   32   19   1    11   5    8    
5      2010   1914   1    18   33   19   1    10   6    8    
6      2010   1914   1    18   33   19   1    10   6    8    
7      2010   1913   2    18   33   19   1    10   6    8    
8      2010   1913   2    18   33   19   1    10   6    8    
9      2009   1913   2    18   32   19   2    10   6    7    
10     2009   1913   1    19   32   19   1    11   6    7    
Total  18088  17222  12   166  292  171  10   94   53   68   
test          0      1    2    3    4    5    6    7    8    
4      2010   1914   1    19   32   19   1    10   6    8    
Total  2010   1914   1    19   32   19   1    10   6    8    
Classes             
0         17222     
1         12        
2         166       
3         292       
4         171       
5         10        
6         94        
7         53        
8         68        
Total     18088     

Shape: 450       

[952, 10, 11, 16, 11, 10, 10, 10, 10]
Sum start => 1040
[[1418  496]
 [  21   75]]
acc: 0.743
f1: 0.225
[[1882   32]
 [  86   10]]
acc: 0.941
f1: 0.145
4,1,coarse : 39.56 seconds
4,1,fine : 39.57 seconds
[[1418  496]
 [  21   75]]
acc: 0.743
f1: 0.225
[[1882   32]
 [  86   10]]
acc: 0.941
f1: 0.145
4,2,coarse : 41.08 seconds
4,2,fine : 41.09 seconds
[[1450  464]
 [  21   75]]
acc: 0.759
f1: 0.236
[[1885   29]
 [  87    9]]
acc: 0.942
f1: 0.134
4,3,coarse : 4.34 seconds
4,3,fine : 4.35 seconds
[[1459  455]
 [  22   74]]
acc: 0.763
f1: 0.237
[[1888   26]
 [  88    8]]
acc: 0.943
f1: 0.123
4,4,coarse : 5.63 seconds
4,4,fine : 5.64 seconds
[[1466  448]
 [  24   72]]
acc: 0.765
f1: 0.234
[[1893   21]
 [  87    9]]
acc: 0.946
f1: 0.143
4,5,coarse : 5.49 seconds
4,5,fine : 5.49 seconds
[[1485  429]
 [  25   71]]
acc: 0.774
f1: 0.238
[[1895   19]
 [  87    9]]
acc: 0.947
f1: 0.145
4,6,coarse : 5.51 seconds
4,6,fine : 5.52 seconds
[[1491  423]
 [  24   72]]
acc: 0.778
f1: 0.244
[[1896   18]
 [  87    9]]
acc: 0.948
f1: 0.146
4,7,coarse : 6.11 seconds
4,7,fine : 6.12 seconds
[[1510  404]
 [  24   72]]
acc: 0.787
f1: 0.252
[[1895   19]
 [  86   10]]
acc: 0.948
f1: 0.160
4,8,coarse : 5.95 seconds
4,8,fine : 5.95 seconds
[[1503  411]
 [  23   73]]
acc: 0.784
f1: 0.252
[[1895   19]
 [  85   11]]
acc: 0.948
f1: 0.175
4,9,coarse : 6.54 seconds
4,9,fine : 6.55 seconds
[[1495  419]
 [  24   72]]
acc: 0.780
f1: 0.245
[[1894   20]
 [  85   11]]
acc: 0.948
f1: 0.173
4,10,coarse : 6.52 seconds
4,10,fine : 6.53 seconds
[[1496  418]
 [  24   72]]
acc: 0.780
f1: 0.246
[[1896   18]
 [  86   10]]
acc: 0.948
f1: 0.161
4,11,coarse : 6.72 seconds
4,11,fine : 6.73 seconds
[[1497  417]
 [  23   73]]
acc: 0.781
f1: 0.249
[[1893   21]
 [  84   12]]
acc: 0.948
f1: 0.186
4,12,coarse : 7.08 seconds
4,12,fine : 7.22 seconds
[[1500  414]
 [  22   74]]
acc: 0.783
f1: 0.253
[[1892   22]
 [  81   15]]
acc: 0.949
f1: 0.226
4,13,coarse : 7.02 seconds
4,13,fine : 7.03 seconds
[[1492  422]
 [  22   74]]
acc: 0.779
f1: 0.250
[[1893   21]
 [  81   15]]
acc: 0.949
f1: 0.227
4,14,coarse : 7.52 seconds
4,14,fine : 7.53 seconds
[[1493  421]
 [  23   73]]
acc: 0.779
f1: 0.247
[[1889   25]
 [  80   16]]
acc: 0.948
f1: 0.234
4,15,coarse : 8.12 seconds
4,15,fine : 8.13 seconds
[[1497  417]
 [  19   77]]
acc: 0.783
f1: 0.261
[[1886   28]
 [  80   16]]
acc: 0.946
f1: 0.229
4,16,coarse : 8.29 seconds
4,16,fine : 8.3 seconds
[[1501  413]
 [  19   77]]
acc: 0.785
f1: 0.263
[[1887   27]
 [  79   17]]
acc: 0.947
f1: 0.243
4,17,coarse : 8.01 seconds
4,17,fine : 8.02 seconds
[[1503  411]
 [  21   75]]
acc: 0.785
f1: 0.258
[[1889   25]
 [  78   18]]
acc: 0.949
f1: 0.259
4,18,coarse : 8.24 seconds
4,18,fine : 8.25 seconds
[[1513  401]
 [  21   75]]
acc: 0.790
f1: 0.262
[[1892   22]
 [  77   19]]
acc: 0.951
f1: 0.277
4,19,coarse : 8.81 seconds
4,19,fine : 8.82 seconds
[[1497  417]
 [  20   76]]
acc: 0.783
f1: 0.258
[[1889   25]
 [  77   19]]
acc: 0.949
f1: 0.271
4,20,coarse : 9.1 seconds
4,20,fine : 9.11 seconds
[[1495  419]
 [  20   76]]
acc: 0.782
f1: 0.257
[[1888   26]
 [  76   20]]
acc: 0.949
f1: 0.282
4,21,coarse : 8.62 seconds
4,21,fine : 8.63 seconds
[[1494  420]
 [  20   76]]
acc: 0.781
f1: 0.257
[[1892   22]
 [  77   19]]
acc: 0.951
f1: 0.277
4,22,coarse : 9.41 seconds
4,22,fine : 9.42 seconds
[[1503  411]
 [  19   77]]
acc: 0.786
f1: 0.264
[[1889   25]
 [  75   21]]
acc: 0.950
f1: 0.296
4,23,coarse : 9.29 seconds
4,23,fine : 9.3 seconds
[[1490  424]
 [  18   78]]
acc: 0.780
f1: 0.261
[[1886   28]
 [  76   20]]
acc: 0.948
f1: 0.278
4,24,coarse : 10.05 seconds
4,24,fine : 10.06 seconds
[[1502  412]
 [  17   79]]
acc: 0.787
f1: 0.269
[[1886   28]
 [  76   20]]
acc: 0.948
f1: 0.278
4,25,coarse : 9.5 seconds
4,25,fine : 9.5 seconds
[[1492  422]
 [  16   80]]
acc: 0.782
f1: 0.268
[[1883   31]
 [  74   22]]
acc: 0.948
f1: 0.295
4,26,coarse : 10.19 seconds
4,26,fine : 10.2 seconds
[[1493  421]
 [  16   80]]
acc: 0.783
f1: 0.268
[[1884   30]
 [  74   22]]
acc: 0.948
f1: 0.297
4,27,coarse : 10.44 seconds
4,27,fine : 10.45 seconds
[[1497  417]
 [  15   81]]
acc: 0.785
f1: 0.273
[[1881   33]
 [  73   23]]
acc: 0.947
f1: 0.303
4,28,coarse : 10.71 seconds
4,28,fine : 10.72 seconds
[[1505  409]
 [  16   80]]
acc: 0.789
f1: 0.274
[[1880   34]
 [  73   23]]
acc: 0.947
f1: 0.301
4,29,coarse : 11.24 seconds
4,29,fine : 11.25 seconds
[[1514  400]
 [  15   81]]
acc: 0.794
f1: 0.281
[[1880   34]
 [  73   23]]
acc: 0.947
f1: 0.301
4,30,coarse : 10.79 seconds
4,30,fine : 10.8 seconds
[[1513  401]
 [  16   80]]
acc: 0.793
f1: 0.277
[[1881   33]
 [  72   24]]
acc: 0.948
f1: 0.314
4,31,coarse : 11.43 seconds
4,31,fine : 11.44 seconds
[[1513  401]
 [  16   80]]
acc: 0.793
f1: 0.277
[[1881   33]
 [  72   24]]
acc: 0.948
f1: 0.314
4,32,coarse : 12.0 seconds
4,32,fine : 12.01 seconds
[[1510  404]
 [  16   80]]
acc: 0.791
f1: 0.276
[[1880   34]
 [  72   24]]
acc: 0.947
f1: 0.312
4,33,coarse : 11.69 seconds
4,33,fine : 11.71 seconds
[[1510  404]
 [  16   80]]
acc: 0.791
f1: 0.276
[[1880   34]
 [  72   24]]
acc: 0.947
f1: 0.312
4,34,coarse : 12.57 seconds
4,34,fine : 12.58 seconds
[[1514  400]
 [  14   82]]
acc: 0.794
f1: 0.284
[[1881   33]
 [  70   26]]
acc: 0.949
f1: 0.335
4,35,coarse : 12.56 seconds
4,35,fine : 12.57 seconds
[[1520  394]
 [  15   81]]
acc: 0.797
f1: 0.284
[[1878   36]
 [  68   28]]
acc: 0.948
f1: 0.350
4,36,coarse : 12.6 seconds
4,36,fine : 12.61 seconds
[[1527  387]
 [  15   81]]
acc: 0.800
f1: 0.287
[[1880   34]
 [  68   28]]
acc: 0.949
f1: 0.354
4,37,coarse : 13.07 seconds
4,37,fine : 13.08 seconds
[[1524  390]
 [  15   81]]
acc: 0.799
f1: 0.286
[[1879   35]
 [  68   28]]
acc: 0.949
f1: 0.352
4,38,coarse : 13.34 seconds
4,38,fine : 13.34 seconds
[[1525  389]
 [  14   82]]
acc: 0.800
f1: 0.289
[[1879   35]
 [  68   28]]
acc: 0.949
f1: 0.352
4,39,coarse : 13.23 seconds
4,39,fine : 13.24 seconds
[[1533  381]
 [  15   81]]
acc: 0.803
f1: 0.290
[[1878   36]
 [  68   28]]
acc: 0.948
f1: 0.350
4,40,coarse : 11.55 seconds
4,40,fine : 11.56 seconds
[[1542  372]
 [  14   82]]
acc: 0.808
f1: 0.298
[[1878   36]
 [  68   28]]
acc: 0.948
f1: 0.350
4,41,coarse : 11.6 seconds
4,41,fine : 11.61 seconds
[[1532  382]
 [  14   82]]
acc: 0.803
f1: 0.293
[[1875   39]
 [  68   28]]
acc: 0.947
f1: 0.344
4,42,coarse : 11.98 seconds
4,42,fine : 11.99 seconds
[[1531  383]
 [  14   82]]
acc: 0.802
f1: 0.292
[[1873   41]
 [  68   28]]
acc: 0.946
f1: 0.339
4,43,coarse : 12.18 seconds
4,43,fine : 12.19 seconds
[[1531  383]
 [  14   82]]
acc: 0.802
f1: 0.292
[[1875   39]
 [  69   27]]
acc: 0.946
f1: 0.333
4,44,coarse : 12.57 seconds
4,44,fine : 12.58 seconds
[[1523  391]
 [  14   82]]
acc: 0.799
f1: 0.288
[[1873   41]
 [  69   27]]
acc: 0.945
f1: 0.329
4,45,coarse : 12.72 seconds
4,45,fine : 12.73 seconds
[[1528  386]
 [  14   82]]
acc: 0.801
f1: 0.291
[[1868   46]
 [  69   27]]
acc: 0.943
f1: 0.320
4,46,coarse : 13.02 seconds
4,46,fine : 13.03 seconds
[[1524  390]
 [  14   82]]
acc: 0.799
f1: 0.289
[[1867   47]
 [  67   29]]
acc: 0.943
f1: 0.337
4,47,coarse : 12.89 seconds
4,47,fine : 12.89 seconds
[[1534  380]
 [  14   82]]
acc: 0.804
f1: 0.294
[[1866   48]
 [  66   30]]
acc: 0.943
f1: 0.345
4,48,coarse : 13.28 seconds
4,48,fine : 13.29 seconds
[[1537  377]
 [  14   82]]
acc: 0.805
f1: 0.295
[[1868   46]
 [  66   30]]
acc: 0.944
f1: 0.349
4,49,coarse : 13.48 seconds
4,49,fine : 13.5 seconds
[[1534  380]
 [  15   81]]
acc: 0.803
f1: 0.291
[[1870   44]
 [  66   30]]
acc: 0.945
f1: 0.353
4,50,coarse : 16.09 seconds
4,50,fine : 16.1 seconds
[[1538  376]
 [  15   81]]
acc: 0.805
f1: 0.293
[[1870   44]
 [  65   31]]
acc: 0.946
f1: 0.363
4,51,coarse : 14.17 seconds
4,51,fine : 14.17 seconds
[[1538  376]
 [  16   80]]
acc: 0.805
f1: 0.290
[[1868   46]
 [  64   32]]
acc: 0.945
f1: 0.368
4,52,coarse : 15.46 seconds
4,52,fine : 15.47 seconds
[[1540  374]
 [  17   79]]
acc: 0.805
f1: 0.288
[[1866   48]
 [  63   33]]
acc: 0.945
f1: 0.373
4,53,coarse : 14.95 seconds
4,53,fine : 14.96 seconds
[[1542  372]
 [  16   80]]
acc: 0.807
f1: 0.292
[[1866   48]
 [  63   33]]
acc: 0.945
f1: 0.373
4,54,coarse : 14.93 seconds
4,54,fine : 14.93 seconds
[[1544  370]
 [  16   80]]
acc: 0.808
f1: 0.293
[[1866   48]
 [  62   34]]
acc: 0.945
f1: 0.382
4,55,coarse : 15.24 seconds
4,55,fine : 15.25 seconds
[[1546  368]
 [  16   80]]
acc: 0.809
f1: 0.294
[[1863   51]
 [  62   34]]
acc: 0.944
f1: 0.376
4,56,coarse : 15.45 seconds
4,56,fine : 15.46 seconds
[[1545  369]
 [  16   80]]
acc: 0.808
f1: 0.294
[[1864   50]
 [  63   33]]
acc: 0.944
f1: 0.369
4,57,coarse : 15.53 seconds
4,57,fine : 15.54 seconds
[[1546  368]
 [  18   78]]
acc: 0.808
f1: 0.288
[[1863   51]
 [  63   33]]
acc: 0.943
f1: 0.367
4,58,coarse : 16.51 seconds
4,58,fine : 16.52 seconds
[[1546  368]
 [  17   79]]
acc: 0.808
f1: 0.291
[[1865   49]
 [  62   34]]
acc: 0.945
f1: 0.380
4,59,coarse : 16.94 seconds
4,59,fine : 16.95 seconds
[[1546  368]
 [  17   79]]
acc: 0.808
f1: 0.291
[[1861   53]
 [  63   33]]
acc: 0.942
f1: 0.363
4,60,coarse : 16.29 seconds
4,60,fine : 16.3 seconds
[[1550  364]
 [  17   79]]
acc: 0.810
f1: 0.293
[[1864   50]
 [  63   33]]
acc: 0.944
f1: 0.369
4,61,coarse : 16.37 seconds
4,61,fine : 16.38 seconds
[[1551  363]
 [  17   79]]
acc: 0.811
f1: 0.294
[[1866   48]
 [  63   33]]
acc: 0.945
f1: 0.373
4,62,coarse : 16.43 seconds
4,62,fine : 16.45 seconds
[[1551  363]
 [  17   79]]
acc: 0.811
f1: 0.294
[[1867   47]
 [  63   33]]
acc: 0.945
f1: 0.375
4,63,coarse : 16.85 seconds
4,63,fine : 16.86 seconds
[[1558  356]
 [  17   79]]
acc: 0.814
f1: 0.298
[[1866   48]
 [  63   33]]
acc: 0.945
f1: 0.373
4,64,coarse : 17.14 seconds
4,64,fine : 17.15 seconds
[[1551  363]
 [  17   79]]
acc: 0.811
f1: 0.294
[[1867   47]
 [  62   34]]
acc: 0.946
f1: 0.384
4,65,coarse : 17.85 seconds
4,65,fine : 17.87 seconds
[[1548  366]
 [  18   78]]
acc: 0.809
f1: 0.289
[[1866   48]
 [  62   34]]
acc: 0.945
f1: 0.382
4,66,coarse : 18.04 seconds
4,66,fine : 18.05 seconds
[[1548  366]
 [  18   78]]
acc: 0.809
f1: 0.289
[[1865   49]
 [  62   34]]
acc: 0.945
f1: 0.380
4,67,coarse : 18.45 seconds
4,67,fine : 18.48 seconds
[[1552  362]
 [  18   78]]
acc: 0.811
f1: 0.291
[[1861   53]
 [  59   37]]
acc: 0.944
f1: 0.398
4,68,coarse : 18.88 seconds
4,68,fine : 18.89 seconds
[[1557  357]
 [  18   78]]
acc: 0.813
f1: 0.294
[[1862   52]
 [  59   37]]
acc: 0.945
f1: 0.400
4,69,coarse : 19.04 seconds
4,69,fine : 19.05 seconds
[[1547  367]
 [  18   78]]
acc: 0.808
f1: 0.288
[[1862   52]
 [  59   37]]
acc: 0.945
f1: 0.400
4,70,coarse : 18.71 seconds
4,70,fine : 18.72 seconds
[[1547  367]
 [  18   78]]
acc: 0.808
f1: 0.288
[[1861   53]
 [  59   37]]
acc: 0.944
f1: 0.398
4,71,coarse : 18.74 seconds
4,71,fine : 18.76 seconds
[[1549  365]
 [  17   79]]
acc: 0.810
f1: 0.293
[[1862   52]
 [  59   37]]
acc: 0.945
f1: 0.400
4,72,coarse : 19.71 seconds
4,72,fine : 19.73 seconds
[[1553  361]
 [  18   78]]
acc: 0.811
f1: 0.292
[[1860   54]
 [  60   36]]
acc: 0.943
f1: 0.387
4,73,coarse : 18.82 seconds
4,73,fine : 18.83 seconds
[[1555  359]
 [  18   78]]
acc: 0.812
f1: 0.293
[[1861   53]
 [  60   36]]
acc: 0.944
f1: 0.389
4,74,coarse : 19.77 seconds
4,74,fine : 19.79 seconds
[[1559  355]
 [  18   78]]
acc: 0.814
f1: 0.295
[[1862   52]
 [  60   36]]
acc: 0.944
f1: 0.391
4,75,coarse : 20.85 seconds
4,75,fine : 20.86 seconds
[[1556  358]
 [  18   78]]
acc: 0.813
f1: 0.293
[[1863   51]
 [  60   36]]
acc: 0.945
f1: 0.393
4,76,coarse : 20.11 seconds
4,76,fine : 20.12 seconds
[[1555  359]
 [  17   79]]
acc: 0.813
f1: 0.296
[[1864   50]
 [  60   36]]
acc: 0.945
f1: 0.396
4,77,coarse : 19.89 seconds
4,77,fine : 19.9 seconds
[[1553  361]
 [  18   78]]
acc: 0.811
f1: 0.292
[[1862   52]
 [  59   37]]
acc: 0.945
f1: 0.400
4,78,coarse : 19.74 seconds
4,78,fine : 19.75 seconds
[[1558  356]
 [  18   78]]
acc: 0.814
f1: 0.294
[[1863   51]
 [  59   37]]
acc: 0.945
f1: 0.402
4,79,coarse : 20.67 seconds
4,79,fine : 20.68 seconds
[[1561  353]
 [  18   78]]
acc: 0.815
f1: 0.296
[[1863   51]
 [  59   37]]
acc: 0.945
f1: 0.402
4,80,coarse : 20.96 seconds
4,80,fine : 20.97 seconds
[[1557  357]
 [  19   77]]
acc: 0.813
f1: 0.291
[[1864   50]
 [  57   39]]
acc: 0.947
f1: 0.422
4,81,coarse : 21.47 seconds
4,81,fine : 21.48 seconds
[[1559  355]
 [  19   77]]
acc: 0.814
f1: 0.292
[[1864   50]
 [  59   37]]
acc: 0.946
f1: 0.404
4,82,coarse : 22.36 seconds
4,82,fine : 22.37 seconds
[[1560  354]
 [  19   77]]
acc: 0.814
f1: 0.292
[[1863   51]
 [  58   38]]
acc: 0.946
f1: 0.411
4,83,coarse : 22.53 seconds
4,83,fine : 22.54 seconds
[[1560  354]
 [  18   78]]
acc: 0.815
f1: 0.295
[[1864   50]
 [  59   37]]
acc: 0.946
f1: 0.404
4,84,coarse : 23.1 seconds
4,84,fine : 23.11 seconds
[[1561  353]
 [  19   77]]
acc: 0.815
f1: 0.293
[[1863   51]
 [  59   37]]
acc: 0.945
f1: 0.402
4,85,coarse : 22.7 seconds
4,85,fine : 22.72 seconds
[[1559  355]
 [  18   78]]
acc: 0.814
f1: 0.295
[[1864   50]
 [  58   38]]
acc: 0.946
f1: 0.413
4,86,coarse : 21.74 seconds
4,86,fine : 21.75 seconds
[[1554  360]
 [  18   78]]
acc: 0.812
f1: 0.292
[[1862   52]
 [  57   39]]
acc: 0.946
f1: 0.417
4,87,coarse : 22.83 seconds
4,87,fine : 22.84 seconds
[[1555  359]
 [  18   78]]
acc: 0.812
f1: 0.293
[[1862   52]
 [  57   39]]
acc: 0.946
f1: 0.417
4,88,coarse : 22.95 seconds
4,88,fine : 22.96 seconds
[[1554  360]
 [  17   79]]
acc: 0.812
f1: 0.295
[[1863   51]
 [  57   39]]
acc: 0.946
f1: 0.419
4,89,coarse : 24.46 seconds
4,89,fine : 24.48 seconds
[[1554  360]
 [  16   80]]
acc: 0.813
f1: 0.299
[[1863   51]
 [  55   41]]
acc: 0.947
f1: 0.436
4,90,coarse : 23.88 seconds
4,90,fine : 23.9 seconds
[[1555  359]
 [  16   80]]
acc: 0.813
f1: 0.299
[[1863   51]
 [  55   41]]
acc: 0.947
f1: 0.436
4,91,coarse : 23.99 seconds
4,91,fine : 24.01 seconds
[[1559  355]
 [  16   80]]
acc: 0.815
f1: 0.301
[[1863   51]
 [  55   41]]
acc: 0.947
f1: 0.436
4,92,coarse : 27.71 seconds
4,92,fine : 27.73 seconds
[[1563  351]
 [  16   80]]
acc: 0.817
f1: 0.304
[[1861   53]
 [  55   41]]
acc: 0.946
f1: 0.432
4,93,coarse : 28.35 seconds
4,93,fine : 28.37 seconds
[[1561  353]
 [  16   80]]
acc: 0.816
f1: 0.302
[[1861   53]
 [  55   41]]
acc: 0.946
f1: 0.432
4,94,coarse : 28.21 seconds
4,94,fine : 28.23 seconds
[[1565  349]
 [  16   80]]
acc: 0.818
f1: 0.305
[[1863   51]
 [  55   41]]
acc: 0.947
f1: 0.436
4,95,coarse : 28.33 seconds
4,95,fine : 28.34 seconds
[[1561  353]
 [  16   80]]
acc: 0.816
f1: 0.302
[[1861   53]
 [  55   41]]
acc: 0.946
f1: 0.432
4,96,coarse : 30.31 seconds
4,96,fine : 30.32 seconds
[[1560  354]
 [  16   80]]
acc: 0.816
f1: 0.302
[[1861   53]
 [  55   41]]
acc: 0.946
f1: 0.432
4,97,coarse : 30.16 seconds
4,97,fine : 30.17 seconds
[[1559  355]
 [  17   79]]
acc: 0.815
f1: 0.298
[[1860   54]
 [  55   41]]
acc: 0.946
f1: 0.429
4,98,coarse : 30.69 seconds
4,98,fine : 30.71 seconds
[[1560  354]
 [  17   79]]
acc: 0.815
f1: 0.299
[[1860   54]
 [  55   41]]
acc: 0.946
f1: 0.429
4,99,coarse : 31.58 seconds
4,99,fine : 31.59 seconds
[[1560  354]
 [  17   79]]
acc: 0.815
f1: 0.299
[[1860   54]
 [  54   42]]
acc: 0.946
f1: 0.438
4,100,coarse : 33.42 seconds
4,100,fine : 33.44 seconds
[[1560  354]
 [  18   78]]
acc: 0.815
f1: 0.295
[[1860   54]
 [  54   42]]
acc: 0.946
f1: 0.438
4,101,coarse : 31.5 seconds
4,101,fine : 31.52 seconds
[[1564  350]
 [  17   79]]
acc: 0.817
f1: 0.301
[[1859   55]
 [  55   41]]
acc: 0.945
f1: 0.427
4,102,coarse : 31.55 seconds
4,102,fine : 31.56 seconds
[[1559  355]
 [  17   79]]
acc: 0.815
f1: 0.298
[[1859   55]
 [  55   41]]
acc: 0.945
f1: 0.427
4,103,coarse : 31.74 seconds
4,103,fine : 31.75 seconds
[[1562  352]
 [  16   80]]
acc: 0.817
f1: 0.303
[[1859   55]
 [  55   41]]
acc: 0.945
f1: 0.427
4,104,coarse : 32.49 seconds
4,104,fine : 32.5 seconds
[[1561  353]
 [  16   80]]
acc: 0.816
f1: 0.302
[[1859   55]
 [  55   41]]
acc: 0.945
f1: 0.427
4,105,coarse : 31.09 seconds
4,105,fine : 31.1 seconds
[[1560  354]
 [  16   80]]
acc: 0.816
f1: 0.302
[[1859   55]
 [  52   44]]
acc: 0.947
f1: 0.451
4,106,coarse : 34.01 seconds
4,106,fine : 34.03 seconds
[[1559  355]
 [  18   78]]
acc: 0.814
f1: 0.295
[[1859   55]
 [  52   44]]
acc: 0.947
f1: 0.451
4,107,coarse : 34.01 seconds
4,107,fine : 34.03 seconds
[[1561  353]
 [  18   78]]
acc: 0.815
f1: 0.296
[[1856   58]
 [  51   45]]
acc: 0.946
f1: 0.452
4,108,coarse : 35.29 seconds
4,108,fine : 35.3 seconds
[[1562  352]
 [  17   79]]
acc: 0.816
f1: 0.300
[[1856   58]
 [  51   45]]
acc: 0.946
f1: 0.452
4,109,coarse : 31.54 seconds
4,109,fine : 31.56 seconds
[[1559  355]
 [  17   79]]
acc: 0.815
f1: 0.298
[[1858   56]
 [  51   45]]
acc: 0.947
f1: 0.457
4,110,coarse : 28.55 seconds
4,110,fine : 28.56 seconds
[[1563  351]
 [  18   78]]
acc: 0.816
f1: 0.297
[[1858   56]
 [  51   45]]
acc: 0.947
f1: 0.457
4,111,coarse : 28.31 seconds
4,111,fine : 28.33 seconds
[[1563  351]
 [  17   79]]
acc: 0.817
f1: 0.300
[[1858   56]
 [  51   45]]
acc: 0.947
f1: 0.457
4,112,coarse : 28.85 seconds
4,112,fine : 28.86 seconds
[[1563  351]
 [  17   79]]
acc: 0.817
f1: 0.300
[[1856   58]
 [  51   45]]
acc: 0.946
f1: 0.452
4,113,coarse : 29.6 seconds
4,113,fine : 29.62 seconds
[[1561  353]
 [  17   79]]
acc: 0.816
f1: 0.299
[[1856   58]
 [  51   45]]
acc: 0.946
f1: 0.452
4,114,coarse : 30.29 seconds
4,114,fine : 30.3 seconds
[[1562  352]
 [  17   79]]
acc: 0.816
f1: 0.300
[[1855   59]
 [  51   45]]
acc: 0.945
f1: 0.450
4,115,coarse : 29.72 seconds
4,115,fine : 29.74 seconds
[[1561  353]
 [  17   79]]
acc: 0.816
f1: 0.299
[[1854   60]
 [  51   45]]
acc: 0.945
f1: 0.448
4,116,coarse : 29.78 seconds
4,116,fine : 29.79 seconds
[[1565  349]
 [  17   79]]
acc: 0.818
f1: 0.302
[[1854   60]
 [  51   45]]
acc: 0.945
f1: 0.448
4,117,coarse : 29.72 seconds
4,117,fine : 29.74 seconds
[[1572  342]
 [  17   79]]
acc: 0.821
f1: 0.306
[[1856   58]
 [  51   45]]
acc: 0.946
f1: 0.452
4,118,coarse : 30.43 seconds
4,118,fine : 30.45 seconds
[[1573  341]
 [  17   79]]
acc: 0.822
f1: 0.306
[[1855   59]
 [  51   45]]
acc: 0.945
f1: 0.450
4,119,coarse : 30.4 seconds
4,119,fine : 30.41 seconds
[[1575  339]
 [  17   79]]
acc: 0.823
f1: 0.307
[[1855   59]
 [  50   46]]
acc: 0.946
f1: 0.458
4,120,coarse : 31.04 seconds
4,120,fine : 31.06 seconds
[[1575  339]
 [  18   78]]
acc: 0.822
f1: 0.304
[[1854   60]
 [  51   45]]
acc: 0.945
f1: 0.448
4,121,coarse : 31.77 seconds
4,121,fine : 31.79 seconds
[[1572  342]
 [  18   78]]
acc: 0.821
f1: 0.302
[[1854   60]
 [  50   46]]
acc: 0.945
f1: 0.455
4,122,coarse : 30.99 seconds
4,122,fine : 31.0 seconds
[[1563  351]
 [  17   79]]
acc: 0.817
f1: 0.300
[[1857   57]
 [  50   46]]
acc: 0.947
f1: 0.462
4,123,coarse : 31.72 seconds
4,123,fine : 31.74 seconds
[[1562  352]
 [  17   79]]
acc: 0.816
f1: 0.300
[[1857   57]
 [  51   45]]
acc: 0.946
f1: 0.455
4,124,coarse : 32.63 seconds
4,124,fine : 32.65 seconds
[[1565  349]
 [  17   79]]
acc: 0.818
f1: 0.302
[[1855   59]
 [  50   46]]
acc: 0.946
f1: 0.458
4,125,coarse : 32.6 seconds
4,125,fine : 32.62 seconds
[[1564  350]
 [  17   79]]
acc: 0.817
f1: 0.301
[[1854   60]
 [  50   46]]
acc: 0.945
f1: 0.455
4,126,coarse : 32.55 seconds
4,126,fine : 32.57 seconds
[[1564  350]
 [  17   79]]
acc: 0.817
f1: 0.301
[[1855   59]
 [  52   44]]
acc: 0.945
f1: 0.442
4,127,coarse : 33.0 seconds
4,127,fine : 33.02 seconds
[[1564  350]
 [  17   79]]
acc: 0.817
f1: 0.301
[[1851   63]
 [  53   43]]
acc: 0.942
f1: 0.426
4,128,coarse : 34.21 seconds
4,128,fine : 34.23 seconds
[[1560  354]
 [  17   79]]
acc: 0.815
f1: 0.299
[[1851   63]
 [  52   44]]
acc: 0.943
f1: 0.433
4,129,coarse : 34.68 seconds
4,129,fine : 34.7 seconds
[[1566  348]
 [  17   79]]
acc: 0.818
f1: 0.302
[[1851   63]
 [  51   45]]
acc: 0.943
f1: 0.441
4,130,coarse : 34.05 seconds
4,130,fine : 34.06 seconds
[[1566  348]
 [  16   80]]
acc: 0.819
f1: 0.305
[[1847   67]
 [  51   45]]
acc: 0.941
f1: 0.433
4,131,coarse : 34.79 seconds
4,131,fine : 34.81 seconds
[[1567  347]
 [  17   79]]
acc: 0.819
f1: 0.303
[[1848   66]
 [  51   45]]
acc: 0.942
f1: 0.435
4,132,coarse : 35.67 seconds
4,132,fine : 35.71 seconds
[[1566  348]
 [  16   80]]
acc: 0.819
f1: 0.305
[[1848   66]
 [  51   45]]
acc: 0.942
f1: 0.435
4,133,coarse : 34.94 seconds
4,133,fine : 34.96 seconds
[[1560  354]
 [  17   79]]
acc: 0.815
f1: 0.299
[[1850   64]
 [  51   45]]
acc: 0.943
f1: 0.439
4,134,coarse : 34.74 seconds
4,134,fine : 34.75 seconds
[[1557  357]
 [  16   80]]
acc: 0.814
f1: 0.300
[[1851   63]
 [  51   45]]
acc: 0.943
f1: 0.441
4,135,coarse : 35.85 seconds
4,135,fine : 35.87 seconds
[[1562  352]
 [  16   80]]
acc: 0.817
f1: 0.303
[[1848   66]
 [  51   45]]
acc: 0.942
f1: 0.435
4,136,coarse : 36.34 seconds
4,136,fine : 36.36 seconds
[[1561  353]
 [  16   80]]
acc: 0.816
f1: 0.302
[[1848   66]
 [  52   44]]
acc: 0.941
f1: 0.427
4,137,coarse : 36.12 seconds
4,137,fine : 36.14 seconds
[[1559  355]
 [  16   80]]
acc: 0.815
f1: 0.301
[[1849   65]
 [  51   45]]
acc: 0.942
f1: 0.437
4,138,coarse : 35.78 seconds
4,138,fine : 35.82 seconds
[[1561  353]
 [  17   79]]
acc: 0.816
f1: 0.299
[[1848   66]
 [  51   45]]
acc: 0.942
f1: 0.435
4,139,coarse : 36.15 seconds
4,139,fine : 36.18 seconds
[[1562  352]
 [  17   79]]
acc: 0.816
f1: 0.300
[[1845   69]
 [  52   44]]
acc: 0.940
f1: 0.421
4,140,coarse : 36.8 seconds
4,140,fine : 36.82 seconds
[[1565  349]
 [  17   79]]
acc: 0.818
f1: 0.302
[[1844   70]
 [  52   44]]
acc: 0.939
f1: 0.419
4,141,coarse : 37.68 seconds
4,141,fine : 37.7 seconds
[[1562  352]
 [  17   79]]
acc: 0.816
f1: 0.300
[[1847   67]
 [  52   44]]
acc: 0.941
f1: 0.425
4,142,coarse : 39.27 seconds
4,142,fine : 39.29 seconds
[[1560  354]
 [  16   80]]
acc: 0.816
f1: 0.302
[[1848   66]
 [  52   44]]
acc: 0.941
f1: 0.427
4,143,coarse : 38.9 seconds
4,143,fine : 38.92 seconds
[[1564  350]
 [  16   80]]
acc: 0.818
f1: 0.304
[[1849   65]
 [  52   44]]
acc: 0.942
f1: 0.429
4,144,coarse : 38.11 seconds
4,144,fine : 38.13 seconds
[[1566  348]
 [  16   80]]
acc: 0.819
f1: 0.305
[[1848   66]
 [  52   44]]
acc: 0.941
f1: 0.427
4,145,coarse : 38.86 seconds
4,145,fine : 38.89 seconds
[[1565  349]
 [  16   80]]
acc: 0.818
f1: 0.305
[[1846   68]
 [  50   46]]
acc: 0.941
f1: 0.438
4,146,coarse : 39.19 seconds
4,146,fine : 39.21 seconds
[[1566  348]
 [  16   80]]
acc: 0.819
f1: 0.305
[[1845   69]
 [  50   46]]
acc: 0.941
f1: 0.436
4,147,coarse : 39.18 seconds
4,147,fine : 39.2 seconds
[[1565  349]
 [  16   80]]
acc: 0.818
f1: 0.305
[[1845   69]
 [  51   45]]
acc: 0.940
f1: 0.429
4,148,coarse : 39.31 seconds
4,148,fine : 39.33 seconds
[[1564  350]
 [  17   79]]
acc: 0.817
f1: 0.301
[[1846   68]
 [  51   45]]
acc: 0.941
f1: 0.431
4,149,coarse : 39.37 seconds
4,149,fine : 39.39 seconds
[[1560  354]
 [  17   79]]
acc: 0.815
f1: 0.299
[[1844   70]
 [  51   45]]
acc: 0.940
f1: 0.427
4,150,coarse : 41.72 seconds
4,150,fine : 41.74 seconds
[[1561  353]
 [  16   80]]
acc: 0.816
f1: 0.302
[[1840   74]
 [  51   45]]
acc: 0.938
f1: 0.419
4,151,coarse : 39.78 seconds
4,151,fine : 39.8 seconds
[[1560  354]
 [  16   80]]
acc: 0.816
f1: 0.302
[[1839   75]
 [  51   45]]
acc: 0.937
f1: 0.417
4,152,coarse : 39.95 seconds
4,152,fine : 39.97 seconds
[[1557  357]
 [  16   80]]
acc: 0.814
f1: 0.300
[[1839   75]
 [  50   46]]
acc: 0.938
f1: 0.424
4,153,coarse : 42.14 seconds
4,153,fine : 42.16 seconds
[[1559  355]
 [  16   80]]
acc: 0.815
f1: 0.301
[[1842   72]
 [  50   46]]
acc: 0.939
f1: 0.430
4,154,coarse : 40.66 seconds
4,154,fine : 40.68 seconds
[[1563  351]
 [  16   80]]
acc: 0.817
f1: 0.304
[[1842   72]
 [  49   47]]
acc: 0.940
f1: 0.437
4,155,coarse : 40.85 seconds
4,155,fine : 40.87 seconds
[[1558  356]
 [  16   80]]
acc: 0.815
f1: 0.301
[[1844   70]
 [  49   47]]
acc: 0.941
f1: 0.441
4,156,coarse : 40.67 seconds
4,156,fine : 40.68 seconds
[[1559  355]
 [  16   80]]
acc: 0.815
f1: 0.301
[[1843   71]
 [  48   48]]
acc: 0.941
f1: 0.447
4,157,coarse : 41.13 seconds
4,157,fine : 41.15 seconds
[[1560  354]
 [  16   80]]
acc: 0.816
f1: 0.302
[[1845   69]
 [  48   48]]
acc: 0.942
f1: 0.451
4,158,coarse : 41.11 seconds
4,158,fine : 41.13 seconds
[[1561  353]
 [  16   80]]
acc: 0.816
f1: 0.302
[[1844   70]
 [  48   48]]
acc: 0.941
f1: 0.449
4,159,coarse : 42.87 seconds
4,159,fine : 42.89 seconds
[[1563  351]
 [  16   80]]
acc: 0.817
f1: 0.304
[[1844   70]
 [  48   48]]
acc: 0.941
f1: 0.449
4,160,coarse : 42.06 seconds
4,160,fine : 42.08 seconds
[[1560  354]
 [  17   79]]
acc: 0.815
f1: 0.299
[[1845   69]
 [  48   48]]
acc: 0.942
f1: 0.451
4,161,coarse : 43.13 seconds
4,161,fine : 43.15 seconds
[[1566  348]
 [  17   79]]
acc: 0.818
f1: 0.302
[[1844   70]
 [  47   49]]
acc: 0.942
f1: 0.456
4,162,coarse : 42.34 seconds
4,162,fine : 42.37 seconds
[[1566  348]
 [  16   80]]
acc: 0.819
f1: 0.305
[[1844   70]
 [  48   48]]
acc: 0.941
f1: 0.449
4,163,coarse : 42.12 seconds
4,163,fine : 42.14 seconds
[[1570  344]
 [  16   80]]
acc: 0.821
f1: 0.308
[[1844   70]
 [  48   48]]
acc: 0.941
f1: 0.449
4,164,coarse : 43.79 seconds
4,164,fine : 43.81 seconds
[[1568  346]
 [  16   80]]
acc: 0.820
f1: 0.307
[[1845   69]
 [  47   49]]
acc: 0.942
f1: 0.458
4,165,coarse : 43.31 seconds
4,165,fine : 43.33 seconds
[[1572  342]
 [  16   80]]
acc: 0.822
f1: 0.309
[[1846   68]
 [  47   49]]
acc: 0.943
f1: 0.460
4,166,coarse : 42.83 seconds
4,166,fine : 42.85 seconds
[[1569  345]
 [  16   80]]
acc: 0.820
f1: 0.307
[[1846   68]
 [  48   48]]
acc: 0.942
f1: 0.453
4,167,coarse : 45.77 seconds
4,167,fine : 45.79 seconds
[[1572  342]
 [  16   80]]
acc: 0.822
f1: 0.309
[[1846   68]
 [  47   49]]
acc: 0.943
f1: 0.460
4,168,coarse : 44.67 seconds
4,168,fine : 44.7 seconds
[[1572  342]
 [  17   79]]
acc: 0.821
f1: 0.306
[[1846   68]
 [  47   49]]
acc: 0.943
f1: 0.460
4,169,coarse : 46.05 seconds
4,169,fine : 46.08 seconds
[[1571  343]
 [  17   79]]
acc: 0.821
f1: 0.305
[[1851   63]
 [  49   47]]
acc: 0.944
f1: 0.456
4,170,coarse : 46.79 seconds
4,170,fine : 46.81 seconds
[[1571  343]
 [  16   80]]
acc: 0.821
f1: 0.308
[[1851   63]
 [  50   46]]
acc: 0.944
f1: 0.449
4,171,coarse : 45.91 seconds
4,171,fine : 45.92 seconds
[[1571  343]
 [  16   80]]
acc: 0.821
f1: 0.308
[[1847   67]
 [  49   47]]
acc: 0.942
f1: 0.448
4,172,coarse : 43.56 seconds
4,172,fine : 43.58 seconds
