all           0      1    2    3    4    5    6    7    8    
1      2010   1914   1    19   32   19   1    11   6    7    
2      2010   1914   1    19   32   19   1    11   6    7    
3      2010   1914   1    19   32   19   1    11   5    8    
4      2010   1914   1    19   32   19   1    10   6    8    
5      2010   1914   1    18   33   19   1    10   6    8    
6      2010   1914   1    18   33   19   1    10   6    8    
7      2010   1913   2    18   33   19   1    10   6    8    
8      2010   1913   2    18   33   19   1    10   6    8    
9      2009   1913   2    18   32   19   2    10   6    7    
10     2009   1913   1    19   32   19   1    11   6    7    
Total  20098  19136  13   185  324  190  11   104  59   76   
train         0      1    2    3    4    5    6    7    8    
1      2010   1914   1    19   32   19   1    11   6    7    
3      2010   1914   1    19   32   19   1    11   5    8    
4      2010   1914   1    19   32   19   1    10   6    8    
5      2010   1914   1    18   33   19   1    10   6    8    
6      2010   1914   1    18   33   19   1    10   6    8    
7      2010   1913   2    18   33   19   1    10   6    8    
8      2010   1913   2    18   33   19   1    10   6    8    
9      2009   1913   2    18   32   19   2    10   6    7    
10     2009   1913   1    19   32   19   1    11   6    7    
Total  18088  17222  12   166  292  171  10   93   53   69   
test          0      1    2    3    4    5    6    7    8    
2      2010   1914   1    19   32   19   1    11   6    7    
Total  2010   1914   1    19   32   19   1    11   6    7    
Classes             
0         17222     
1         12        
2         166       
3         292       
4         171       
5         10        
6         93        
7         53        
8         69        
Total     18088     

Shape: 450       

[952, 10, 11, 16, 11, 10, 10, 10, 10]
Sum start => 1040
[[1345  569]
 [  20   76]]
acc: 0.707
f1: 0.205
[[1880   34]
 [  87    9]]
acc: 0.940
f1: 0.129
2,1,coarse : 27.43 seconds
2,1,fine : 27.44 seconds
[[1345  569]
 [  20   76]]
acc: 0.707
f1: 0.205
[[1880   34]
 [  87    9]]
acc: 0.940
f1: 0.129
2,2,coarse : 28.49 seconds
2,2,fine : 28.49 seconds
[[1363  551]
 [  23   73]]
acc: 0.714
f1: 0.203
[[1891   23]
 [  89    7]]
acc: 0.944
f1: 0.111
2,3,coarse : 3.08 seconds
2,3,fine : 3.08 seconds
[[1377  537]
 [  24   72]]
acc: 0.721
f1: 0.204
[[1890   24]
 [  89    7]]
acc: 0.944
f1: 0.110
2,4,coarse : 3.16 seconds
2,4,fine : 3.17 seconds
[[1403  511]
 [  23   73]]
acc: 0.734
f1: 0.215
[[1890   24]
 [  89    7]]
acc: 0.944
f1: 0.110
2,5,coarse : 3.29 seconds
2,5,fine : 3.29 seconds
[[1390  524]
 [  24   72]]
acc: 0.727
f1: 0.208
[[1890   24]
 [  88    8]]
acc: 0.944
f1: 0.125
2,6,coarse : 3.48 seconds
2,6,fine : 3.48 seconds
[[1397  517]
 [  21   75]]
acc: 0.732
f1: 0.218
[[1891   23]
 [  88    8]]
acc: 0.945
f1: 0.126
2,7,coarse : 3.56 seconds
2,7,fine : 3.57 seconds
[[1402  512]
 [  21   75]]
acc: 0.735
f1: 0.220
[[1894   20]
 [  88    8]]
acc: 0.946
f1: 0.129
2,8,coarse : 3.71 seconds
2,8,fine : 3.72 seconds
[[1409  505]
 [  22   74]]
acc: 0.738
f1: 0.219
[[1898   16]
 [  87    9]]
acc: 0.949
f1: 0.149
2,9,coarse : 3.91 seconds
2,9,fine : 3.91 seconds
[[1395  519]
 [  21   75]]
acc: 0.731
f1: 0.217
[[1896   18]
 [  87    9]]
acc: 0.948
f1: 0.146
2,10,coarse : 3.98 seconds
2,10,fine : 3.99 seconds
[[1389  525]
 [  21   75]]
acc: 0.728
f1: 0.216
[[1894   20]
 [  87    9]]
acc: 0.947
f1: 0.144
2,11,coarse : 4.11 seconds
2,11,fine : 4.12 seconds
[[1408  506]
 [  22   74]]
acc: 0.737
f1: 0.219
[[1893   21]
 [  87    9]]
acc: 0.946
f1: 0.143
2,12,coarse : 4.23 seconds
2,12,fine : 4.24 seconds
[[1418  496]
 [  21   75]]
acc: 0.743
f1: 0.225
[[1896   18]
 [  87    9]]
acc: 0.948
f1: 0.146
2,13,coarse : 4.39 seconds
2,13,fine : 4.4 seconds
[[1409  505]
 [  22   74]]
acc: 0.738
f1: 0.219
[[1897   17]
 [  87    9]]
acc: 0.948
f1: 0.148
2,14,coarse : 4.53 seconds
2,14,fine : 4.53 seconds
[[1412  502]
 [  22   74]]
acc: 0.739
f1: 0.220
[[1897   17]
 [  89    7]]
acc: 0.947
f1: 0.117
2,15,coarse : 4.56 seconds
2,15,fine : 4.56 seconds
[[1413  501]
 [  23   73]]
acc: 0.739
f1: 0.218
[[1896   18]
 [  88    8]]
acc: 0.947
f1: 0.131
2,16,coarse : 4.68 seconds
2,16,fine : 4.69 seconds
[[1413  501]
 [  22   74]]
acc: 0.740
f1: 0.221
[[1896   18]
 [  88    8]]
acc: 0.947
f1: 0.131
2,17,coarse : 4.87 seconds
2,17,fine : 4.88 seconds
[[1432  482]
 [  22   74]]
acc: 0.749
f1: 0.227
[[1895   19]
 [  88    8]]
acc: 0.947
f1: 0.130
2,18,coarse : 4.88 seconds
2,18,fine : 4.88 seconds
[[1429  485]
 [  22   74]]
acc: 0.748
f1: 0.226
[[1893   21]
 [  88    8]]
acc: 0.946
f1: 0.128
2,19,coarse : 5.12 seconds
2,19,fine : 5.13 seconds
[[1428  486]
 [  22   74]]
acc: 0.747
f1: 0.226
[[1889   25]
 [  88    8]]
acc: 0.944
f1: 0.124
2,20,coarse : 5.12 seconds
2,20,fine : 5.12 seconds
[[1437  477]
 [  24   72]]
acc: 0.751
f1: 0.223
[[1891   23]
 [  87    9]]
acc: 0.945
f1: 0.141
2,21,coarse : 5.35 seconds
2,21,fine : 5.35 seconds
[[1427  487]
 [  22   74]]
acc: 0.747
f1: 0.225
[[1891   23]
 [  86   10]]
acc: 0.946
f1: 0.155
2,22,coarse : 5.53 seconds
2,22,fine : 5.54 seconds
[[1433  481]
 [  22   74]]
acc: 0.750
f1: 0.227
[[1890   24]
 [  85   11]]
acc: 0.946
f1: 0.168
2,23,coarse : 5.59 seconds
2,23,fine : 5.6 seconds
[[1440  474]
 [  22   74]]
acc: 0.753
f1: 0.230
[[1888   26]
 [  85   11]]
acc: 0.945
f1: 0.165
2,24,coarse : 5.71 seconds
2,24,fine : 5.71 seconds
[[1445  469]
 [  23   73]]
acc: 0.755
f1: 0.229
[[1888   26]
 [  84   12]]
acc: 0.945
f1: 0.179
2,25,coarse : 5.76 seconds
2,25,fine : 5.76 seconds
[[1426  488]
 [  22   74]]
acc: 0.746
f1: 0.225
[[1889   25]
 [  83   13]]
acc: 0.946
f1: 0.194
2,26,coarse : 6.06 seconds
2,26,fine : 6.07 seconds
[[1428  486]
 [  21   75]]
acc: 0.748
f1: 0.228
[[1887   27]
 [  84   12]]
acc: 0.945
f1: 0.178
2,27,coarse : 6.16 seconds
2,27,fine : 6.17 seconds
[[1432  482]
 [  22   74]]
acc: 0.749
f1: 0.227
[[1888   26]
 [  83   13]]
acc: 0.946
f1: 0.193
2,28,coarse : 6.15 seconds
2,28,fine : 6.16 seconds
[[1439  475]
 [  23   73]]
acc: 0.752
f1: 0.227
[[1887   27]
 [  80   16]]
acc: 0.947
f1: 0.230
2,29,coarse : 6.41 seconds
2,29,fine : 6.42 seconds
[[1428  486]
 [  21   75]]
acc: 0.748
f1: 0.228
[[1890   24]
 [  79   17]]
acc: 0.949
f1: 0.248
2,30,coarse : 6.71 seconds
2,30,fine : 6.72 seconds
[[1442  472]
 [  21   75]]
acc: 0.755
f1: 0.233
[[1890   24]
 [  79   17]]
acc: 0.949
f1: 0.248
2,31,coarse : 6.9 seconds
2,31,fine : 6.9 seconds
[[1444  470]
 [  22   74]]
acc: 0.755
f1: 0.231
[[1888   26]
 [  78   18]]
acc: 0.948
f1: 0.257
2,32,coarse : 6.88 seconds
2,32,fine : 6.89 seconds
[[1450  464]
 [  22   74]]
acc: 0.758
f1: 0.233
[[1889   25]
 [  77   19]]
acc: 0.949
f1: 0.271
2,33,coarse : 7.03 seconds
2,33,fine : 7.04 seconds
[[1459  455]
 [  23   73]]
acc: 0.762
f1: 0.234
[[1893   21]
 [  78   18]]
acc: 0.951
f1: 0.267
2,34,coarse : 7.12 seconds
2,34,fine : 7.13 seconds
[[1448  466]
 [  23   73]]
acc: 0.757
f1: 0.230
[[1891   23]
 [  78   18]]
acc: 0.950
f1: 0.263
2,35,coarse : 7.33 seconds
2,35,fine : 7.33 seconds
[[1436  478]
 [  22   74]]
acc: 0.751
f1: 0.228
[[1894   20]
 [  79   17]]
acc: 0.951
f1: 0.256
2,36,coarse : 7.39 seconds
2,36,fine : 7.4 seconds
[[1429  485]
 [  23   73]]
acc: 0.747
f1: 0.223
[[1891   23]
 [  79   17]]
acc: 0.949
f1: 0.250
2,37,coarse : 7.65 seconds
2,37,fine : 7.66 seconds
[[1423  491]
 [  24   72]]
acc: 0.744
f1: 0.219
[[1888   26]
 [  79   17]]
acc: 0.948
f1: 0.245
2,38,coarse : 7.75 seconds
2,38,fine : 7.76 seconds
[[1428  486]
 [  23   73]]
acc: 0.747
f1: 0.223
[[1888   26]
 [  78   18]]
acc: 0.948
f1: 0.257
2,39,coarse : 7.89 seconds
2,39,fine : 7.9 seconds
[[1423  491]
 [  23   73]]
acc: 0.744
f1: 0.221
[[1886   28]
 [  77   19]]
acc: 0.948
f1: 0.266
2,40,coarse : 7.96 seconds
2,40,fine : 7.97 seconds
[[1420  494]
 [  23   73]]
acc: 0.743
f1: 0.220
[[1882   32]
 [  77   19]]
acc: 0.946
f1: 0.259
2,41,coarse : 8.1 seconds
2,41,fine : 8.11 seconds
[[1420  494]
 [  24   72]]
acc: 0.742
f1: 0.218
[[1883   31]
 [  78   18]]
acc: 0.946
f1: 0.248
2,42,coarse : 8.33 seconds
2,42,fine : 8.34 seconds
[[1427  487]
 [  24   72]]
acc: 0.746
f1: 0.220
[[1886   28]
 [  78   18]]
acc: 0.947
f1: 0.254
2,43,coarse : 8.58 seconds
2,43,fine : 8.59 seconds
[[1431  483]
 [  23   73]]
acc: 0.748
f1: 0.224
[[1882   32]
 [  77   19]]
acc: 0.946
f1: 0.259
2,44,coarse : 8.67 seconds
2,44,fine : 8.68 seconds
[[1429  485]
 [  23   73]]
acc: 0.747
f1: 0.223
[[1880   34]
 [  75   21]]
acc: 0.946
f1: 0.278
2,45,coarse : 8.87 seconds
2,45,fine : 8.88 seconds
[[1430  484]
 [  23   73]]
acc: 0.748
f1: 0.224
[[1880   34]
 [  74   22]]
acc: 0.946
f1: 0.289
2,46,coarse : 9.0 seconds
2,46,fine : 9.01 seconds
[[1433  481]
 [  23   73]]
acc: 0.749
f1: 0.225
[[1881   33]
 [  74   22]]
acc: 0.947
f1: 0.291
2,47,coarse : 9.01 seconds
2,47,fine : 9.02 seconds
[[1431  483]
 [  23   73]]
acc: 0.748
f1: 0.224
[[1881   33]
 [  74   22]]
acc: 0.947
f1: 0.291
2,48,coarse : 9.23 seconds
2,48,fine : 9.24 seconds
[[1430  484]
 [  23   73]]
acc: 0.748
f1: 0.224
[[1883   31]
 [  73   23]]
acc: 0.948
f1: 0.307
2,49,coarse : 9.42 seconds
2,49,fine : 9.43 seconds
[[1433  481]
 [  23   73]]
acc: 0.749
f1: 0.225
[[1882   32]
 [  73   23]]
acc: 0.948
f1: 0.305
2,50,coarse : 11.62 seconds
2,50,fine : 11.62 seconds
[[1435  479]
 [  23   73]]
acc: 0.750
f1: 0.225
[[1881   33]
 [  73   23]]
acc: 0.947
f1: 0.303
2,51,coarse : 9.52 seconds
2,51,fine : 9.53 seconds
[[1428  486]
 [  22   74]]
acc: 0.747
f1: 0.226
[[1882   32]
 [  72   24]]
acc: 0.948
f1: 0.316
2,52,coarse : 9.94 seconds
2,52,fine : 9.95 seconds
[[1434  480]
 [  22   74]]
acc: 0.750
f1: 0.228
[[1884   30]
 [  70   26]]
acc: 0.950
f1: 0.342
2,53,coarse : 9.93 seconds
2,53,fine : 9.94 seconds
[[1442  472]
 [  21   75]]
acc: 0.755
f1: 0.233
[[1883   31]
 [  70   26]]
acc: 0.950
f1: 0.340
2,54,coarse : 10.19 seconds
2,54,fine : 10.2 seconds
[[1441  473]
 [  22   74]]
acc: 0.754
f1: 0.230
[[1884   30]
 [  69   27]]
acc: 0.951
f1: 0.353
2,55,coarse : 10.35 seconds
2,55,fine : 10.36 seconds
[[1441  473]
 [  22   74]]
acc: 0.754
f1: 0.230
[[1885   29]
 [  70   26]]
acc: 0.951
f1: 0.344
2,56,coarse : 10.39 seconds
2,56,fine : 10.39 seconds
[[1437  477]
 [  22   74]]
acc: 0.752
f1: 0.229
[[1883   31]
 [  70   26]]
acc: 0.950
f1: 0.340
2,57,coarse : 10.35 seconds
2,57,fine : 10.36 seconds
[[1440  474]
 [  21   75]]
acc: 0.754
f1: 0.233
[[1883   31]
 [  68   28]]
acc: 0.951
f1: 0.361
2,58,coarse : 10.84 seconds
2,58,fine : 10.85 seconds
[[1442  472]
 [  22   74]]
acc: 0.754
f1: 0.231
[[1883   31]
 [  68   28]]
acc: 0.951
f1: 0.361
2,59,coarse : 11.14 seconds
2,59,fine : 11.15 seconds
[[1435  479]
 [  22   74]]
acc: 0.751
f1: 0.228
[[1882   32]
 [  68   28]]
acc: 0.950
f1: 0.359
2,60,coarse : 11.16 seconds
2,60,fine : 11.17 seconds
[[1437  477]
 [  22   74]]
acc: 0.752
f1: 0.229
[[1883   31]
 [  68   28]]
acc: 0.951
f1: 0.361
2,61,coarse : 11.2 seconds
2,61,fine : 11.21 seconds
[[1442  472]
 [  22   74]]
acc: 0.754
f1: 0.231
[[1882   32]
 [  69   27]]
acc: 0.950
f1: 0.348
2,62,coarse : 11.38 seconds
2,62,fine : 11.39 seconds
[[1434  480]
 [  22   74]]
acc: 0.750
f1: 0.228
[[1883   31]
 [  68   28]]
acc: 0.951
f1: 0.361
2,63,coarse : 11.63 seconds
2,63,fine : 11.64 seconds
[[1440  474]
 [  21   75]]
acc: 0.754
f1: 0.233
[[1881   33]
 [  68   28]]
acc: 0.950
f1: 0.357
2,64,coarse : 12.02 seconds
2,64,fine : 12.03 seconds
[[1443  471]
 [  21   75]]
acc: 0.755
f1: 0.234
[[1881   33]
 [  68   28]]
acc: 0.950
f1: 0.357
2,65,coarse : 11.86 seconds
2,65,fine : 11.87 seconds
[[1445  469]
 [  24   72]]
acc: 0.755
f1: 0.226
[[1878   36]
 [  66   30]]
acc: 0.949
f1: 0.370
2,66,coarse : 11.91 seconds
2,66,fine : 11.92 seconds
[[1449  465]
 [  24   72]]
acc: 0.757
f1: 0.227
[[1878   36]
 [  67   29]]
acc: 0.949
f1: 0.360
2,67,coarse : 12.33 seconds
2,67,fine : 12.34 seconds
[[1452  462]
 [  23   73]]
acc: 0.759
f1: 0.231
[[1875   39]
 [  67   29]]
acc: 0.947
f1: 0.354
2,68,coarse : 12.51 seconds
2,68,fine : 12.52 seconds
[[1447  467]
 [  24   72]]
acc: 0.756
f1: 0.227
[[1877   37]
 [  67   29]]
acc: 0.948
f1: 0.358
2,69,coarse : 12.53 seconds
2,69,fine : 12.54 seconds
[[1452  462]
 [  24   72]]
acc: 0.758
f1: 0.229
[[1876   38]
 [  68   28]]
acc: 0.947
f1: 0.346
2,70,coarse : 12.89 seconds
2,70,fine : 12.9 seconds
[[1456  458]
 [  24   72]]
acc: 0.760
f1: 0.230
[[1876   38]
 [  69   27]]
acc: 0.947
f1: 0.335
2,71,coarse : 13.07 seconds
2,71,fine : 13.09 seconds
[[1450  464]
 [  22   74]]
acc: 0.758
f1: 0.233
[[1875   39]
 [  68   28]]
acc: 0.947
f1: 0.344
2,72,coarse : 13.14 seconds
2,72,fine : 13.15 seconds
[[1459  455]
 [  22   74]]
acc: 0.763
f1: 0.237
[[1875   39]
 [  67   29]]
acc: 0.947
f1: 0.354
2,73,coarse : 13.05 seconds
2,73,fine : 13.07 seconds
[[1455  459]
 [  21   75]]
acc: 0.761
f1: 0.238
[[1874   40]
 [  68   28]]
acc: 0.946
f1: 0.341
2,74,coarse : 13.2 seconds
2,74,fine : 13.21 seconds
[[1459  455]
 [  20   76]]
acc: 0.764
f1: 0.242
[[1872   42]
 [  68   28]]
acc: 0.945
f1: 0.337
2,75,coarse : 13.46 seconds
2,75,fine : 13.48 seconds
[[1458  456]
 [  18   78]]
acc: 0.764
f1: 0.248
[[1873   41]
 [  68   28]]
acc: 0.946
f1: 0.339
2,76,coarse : 13.4 seconds
2,76,fine : 13.41 seconds
[[1456  458]
 [  19   77]]
acc: 0.763
f1: 0.244
[[1872   42]
 [  69   27]]
acc: 0.945
f1: 0.327
2,77,coarse : 13.38 seconds
2,77,fine : 13.39 seconds
[[1461  453]
 [  21   75]]
acc: 0.764
f1: 0.240
[[1869   45]
 [  68   28]]
acc: 0.944
f1: 0.331
2,78,coarse : 13.26 seconds
2,78,fine : 13.27 seconds
[[1460  454]
 [  20   76]]
acc: 0.764
f1: 0.243
[[1870   44]
 [  67   29]]
acc: 0.945
f1: 0.343
2,79,coarse : 13.68 seconds
2,79,fine : 13.69 seconds
[[1457  457]
 [  22   74]]
acc: 0.762
f1: 0.236
[[1870   44]
 [  66   30]]
acc: 0.945
f1: 0.353
2,80,coarse : 13.76 seconds
2,80,fine : 13.77 seconds
[[1455  459]
 [  20   76]]
acc: 0.762
f1: 0.241
[[1870   44]
 [  67   29]]
acc: 0.945
f1: 0.343
2,81,coarse : 13.49 seconds
2,81,fine : 13.5 seconds
[[1456  458]
 [  20   76]]
acc: 0.762
f1: 0.241
[[1872   42]
 [  65   31]]
acc: 0.947
f1: 0.367
2,82,coarse : 14.56 seconds
2,82,fine : 14.57 seconds
[[1456  458]
 [  20   76]]
acc: 0.762
f1: 0.241
[[1871   43]
 [  64   32]]
acc: 0.947
f1: 0.374
2,83,coarse : 14.13 seconds
2,83,fine : 14.14 seconds
[[1457  457]
 [  20   76]]
acc: 0.763
f1: 0.242
[[1870   44]
 [  63   33]]
acc: 0.947
f1: 0.382
2,84,coarse : 14.55 seconds
2,84,fine : 14.57 seconds
[[1461  453]
 [  21   75]]
acc: 0.764
f1: 0.240
[[1868   46]
 [  62   34]]
acc: 0.946
f1: 0.386
2,85,coarse : 14.91 seconds
2,85,fine : 14.92 seconds
[[1463  451]
 [  21   75]]
acc: 0.765
f1: 0.241
[[1868   46]
 [  63   33]]
acc: 0.946
f1: 0.377
2,86,coarse : 15.31 seconds
2,86,fine : 15.32 seconds
[[1459  455]
 [  21   75]]
acc: 0.763
f1: 0.240
[[1868   46]
 [  63   33]]
acc: 0.946
f1: 0.377
2,87,coarse : 15.68 seconds
2,87,fine : 15.69 seconds
[[1467  447]
 [  22   74]]
acc: 0.767
f1: 0.240
[[1868   46]
 [  62   34]]
acc: 0.946
f1: 0.386
2,88,coarse : 15.46 seconds
2,88,fine : 15.47 seconds
[[1469  445]
 [  22   74]]
acc: 0.768
f1: 0.241
[[1869   45]
 [  63   33]]
acc: 0.946
f1: 0.379
2,89,coarse : 15.84 seconds
2,89,fine : 15.85 seconds
[[1470  444]
 [  22   74]]
acc: 0.768
f1: 0.241
[[1868   46]
 [  64   32]]
acc: 0.945
f1: 0.368
2,90,coarse : 15.62 seconds
2,90,fine : 15.63 seconds
[[1465  449]
 [  21   75]]
acc: 0.766
f1: 0.242
[[1869   45]
 [  61   35]]
acc: 0.947
f1: 0.398
2,91,coarse : 16.37 seconds
2,91,fine : 16.38 seconds
[[1461  453]
 [  19   77]]
acc: 0.765
f1: 0.246
[[1869   45]
 [  61   35]]
acc: 0.947
f1: 0.398
2,92,coarse : 16.35 seconds
2,92,fine : 16.36 seconds
[[1466  448]
 [  20   76]]
acc: 0.767
f1: 0.245
[[1867   47]
 [  59   37]]
acc: 0.947
f1: 0.411
2,93,coarse : 16.58 seconds
2,93,fine : 16.59 seconds
[[1467  447]
 [  20   76]]
acc: 0.768
f1: 0.246
[[1863   51]
 [  58   38]]
acc: 0.946
f1: 0.411
2,94,coarse : 17.0 seconds
2,94,fine : 17.01 seconds
[[1467  447]
 [  20   76]]
acc: 0.768
f1: 0.246
[[1862   52]
 [  58   38]]
acc: 0.945
f1: 0.409
2,95,coarse : 16.82 seconds
2,95,fine : 16.84 seconds
[[1467  447]
 [  20   76]]
acc: 0.768
f1: 0.246
[[1860   54]
 [  58   38]]
acc: 0.944
f1: 0.404
2,96,coarse : 17.3 seconds
2,96,fine : 17.32 seconds
[[1472  442]
 [  20   76]]
acc: 0.770
f1: 0.248
[[1858   56]
 [  59   37]]
acc: 0.943
f1: 0.392
2,97,coarse : 17.21 seconds
2,97,fine : 17.23 seconds
[[1467  447]
 [  20   76]]
acc: 0.768
f1: 0.246
[[1862   52]
 [  58   38]]
acc: 0.945
f1: 0.409
2,98,coarse : 17.88 seconds
2,98,fine : 17.89 seconds
[[1469  445]
 [  20   76]]
acc: 0.769
f1: 0.246
[[1858   56]
 [  58   38]]
acc: 0.943
f1: 0.400
2,99,coarse : 17.77 seconds
2,99,fine : 17.79 seconds
[[1469  445]
 [  20   76]]
acc: 0.769
f1: 0.246
[[1859   55]
 [  58   38]]
acc: 0.944
f1: 0.402
2,100,coarse : 19.67 seconds
2,100,fine : 19.68 seconds
[[1461  453]
 [  20   76]]
acc: 0.765
f1: 0.243
[[1857   57]
 [  56   40]]
acc: 0.944
f1: 0.415
2,101,coarse : 18.37 seconds
2,101,fine : 18.39 seconds
[[1464  450]
 [  20   76]]
acc: 0.766
f1: 0.244
[[1856   58]
 [  56   40]]
acc: 0.943
f1: 0.412
2,102,coarse : 18.56 seconds
2,102,fine : 18.57 seconds
[[1465  449]
 [  20   76]]
acc: 0.767
f1: 0.245
[[1857   57]
 [  57   39]]
acc: 0.943
f1: 0.406
2,103,coarse : 18.97 seconds
2,103,fine : 18.98 seconds
[[1468  446]
 [  20   76]]
acc: 0.768
f1: 0.246
[[1856   58]
 [  58   38]]
acc: 0.942
f1: 0.396
2,104,coarse : 18.35 seconds
2,104,fine : 18.37 seconds
[[1466  448]
 [  20   76]]
acc: 0.767
f1: 0.245
[[1857   57]
 [  58   38]]
acc: 0.943
f1: 0.398
2,105,coarse : 18.84 seconds
2,105,fine : 18.85 seconds
[[1465  449]
 [  20   76]]
acc: 0.767
f1: 0.245
[[1856   58]
 [  57   39]]
acc: 0.943
f1: 0.404
2,106,coarse : 18.78 seconds
2,106,fine : 18.79 seconds
[[1466  448]
 [  20   76]]
acc: 0.767
f1: 0.245
[[1856   58]
 [  57   39]]
acc: 0.943
f1: 0.404
2,107,coarse : 18.99 seconds
2,107,fine : 19.0 seconds
[[1466  448]
 [  20   76]]
acc: 0.767
f1: 0.245
[[1855   59]
 [  56   40]]
acc: 0.943
f1: 0.410
2,108,coarse : 19.64 seconds
2,108,fine : 19.65 seconds
[[1469  445]
 [  20   76]]
acc: 0.769
f1: 0.246
[[1851   63]
 [  54   42]]
acc: 0.942
f1: 0.418
2,109,coarse : 19.82 seconds
2,109,fine : 19.83 seconds
[[1471  443]
 [  20   76]]
acc: 0.770
f1: 0.247
[[1851   63]
 [  56   40]]
acc: 0.941
f1: 0.402
2,110,coarse : 20.06 seconds
2,110,fine : 20.08 seconds
[[1466  448]
 [  21   75]]
acc: 0.767
f1: 0.242
[[1849   65]
 [  54   42]]
acc: 0.941
f1: 0.414
2,111,coarse : 20.0 seconds
2,111,fine : 20.02 seconds
[[1466  448]
 [  21   75]]
acc: 0.767
f1: 0.242
[[1850   64]
 [  55   41]]
acc: 0.941
f1: 0.408
2,112,coarse : 19.91 seconds
2,112,fine : 19.92 seconds
[[1466  448]
 [  21   75]]
acc: 0.767
f1: 0.242
[[1852   62]
 [  54   42]]
acc: 0.942
f1: 0.420
2,113,coarse : 19.96 seconds
2,113,fine : 19.98 seconds
[[1466  448]
 [  21   75]]
acc: 0.767
f1: 0.242
[[1852   62]
 [  56   40]]
acc: 0.941
f1: 0.404
2,114,coarse : 20.1 seconds
2,114,fine : 20.12 seconds
[[1464  450]
 [  21   75]]
acc: 0.766
f1: 0.242
[[1850   64]
 [  56   40]]
acc: 0.940
f1: 0.400
2,115,coarse : 20.49 seconds
2,115,fine : 20.51 seconds
[[1465  449]
 [  20   76]]
acc: 0.767
f1: 0.245
[[1848   66]
 [  55   41]]
acc: 0.940
f1: 0.404
2,116,coarse : 20.54 seconds
2,116,fine : 20.56 seconds
[[1463  451]
 [  20   76]]
acc: 0.766
f1: 0.244
[[1845   69]
 [  58   38]]
acc: 0.937
f1: 0.374
2,117,coarse : 20.88 seconds
2,117,fine : 20.89 seconds
[[1463  451]
 [  20   76]]
acc: 0.766
f1: 0.244
[[1845   69]
 [  59   37]]
acc: 0.936
f1: 0.366
2,118,coarse : 21.01 seconds
2,118,fine : 21.03 seconds
[[1472  442]
 [  21   75]]
acc: 0.770
f1: 0.245
[[1849   65]
 [  58   38]]
acc: 0.939
f1: 0.382
2,119,coarse : 21.55 seconds
2,119,fine : 21.56 seconds
[[1475  439]
 [  20   76]]
acc: 0.772
f1: 0.249
[[1848   66]
 [  59   37]]
acc: 0.938
f1: 0.372
2,120,coarse : 21.16 seconds
2,120,fine : 21.18 seconds
[[1469  445]
 [  21   75]]
acc: 0.768
f1: 0.244
[[1848   66]
 [  58   38]]
acc: 0.938
f1: 0.380
2,121,coarse : 21.18 seconds
2,121,fine : 21.2 seconds
[[1466  448]
 [  21   75]]
acc: 0.767
f1: 0.242
[[1846   68]
 [  58   38]]
acc: 0.937
f1: 0.376
2,122,coarse : 21.19 seconds
2,122,fine : 21.21 seconds
[[1470  444]
 [  21   75]]
acc: 0.769
f1: 0.244
[[1846   68]
 [  57   39]]
acc: 0.938
f1: 0.384
2,123,coarse : 21.91 seconds
2,123,fine : 21.93 seconds
[[1472  442]
 [  21   75]]
acc: 0.770
f1: 0.245
[[1847   67]
 [  57   39]]
acc: 0.938
f1: 0.386
2,124,coarse : 21.63 seconds
2,124,fine : 21.64 seconds
[[1470  444]
 [  21   75]]
acc: 0.769
f1: 0.244
[[1850   64]
 [  56   40]]
acc: 0.940
f1: 0.400
2,125,coarse : 22.26 seconds
2,125,fine : 22.28 seconds
[[1471  443]
 [  21   75]]
acc: 0.769
f1: 0.244
[[1846   68]
 [  56   40]]
acc: 0.938
f1: 0.392
2,126,coarse : 22.59 seconds
2,126,fine : 22.61 seconds
[[1472  442]
 [  22   74]]
acc: 0.769
f1: 0.242
[[1846   68]
 [  57   39]]
acc: 0.938
f1: 0.384
2,127,coarse : 22.38 seconds
2,127,fine : 22.39 seconds
[[1476  438]
 [  22   74]]
acc: 0.771
f1: 0.243
[[1845   69]
 [  57   39]]
acc: 0.937
f1: 0.382
2,128,coarse : 22.37 seconds
2,128,fine : 22.39 seconds
[[1466  448]
 [  22   74]]
acc: 0.766
f1: 0.239
[[1845   69]
 [  56   40]]
acc: 0.938
f1: 0.390
2,129,coarse : 22.83 seconds
2,129,fine : 22.84 seconds
[[1469  445]
 [  21   75]]
acc: 0.768
f1: 0.244
[[1845   69]
 [  56   40]]
acc: 0.938
f1: 0.390
2,130,coarse : 22.68 seconds
2,130,fine : 22.7 seconds
[[1466  448]
 [  22   74]]
acc: 0.766
f1: 0.239
[[1845   69]
 [  56   40]]
acc: 0.938
f1: 0.390
2,131,coarse : 23.04 seconds
2,131,fine : 23.06 seconds
[[1463  451]
 [  22   74]]
acc: 0.765
f1: 0.238
[[1845   69]
 [  55   41]]
acc: 0.938
f1: 0.398
2,132,coarse : 23.36 seconds
2,132,fine : 23.38 seconds
[[1467  447]
 [  21   75]]
acc: 0.767
f1: 0.243
[[1846   68]
 [  56   40]]
acc: 0.938
f1: 0.392
2,133,coarse : 23.31 seconds
2,133,fine : 23.33 seconds
[[1466  448]
 [  20   76]]
acc: 0.767
f1: 0.245
[[1849   65]
 [  56   40]]
acc: 0.940
f1: 0.398
2,134,coarse : 24.36 seconds
2,134,fine : 24.37 seconds
[[1467  447]
 [  22   74]]
acc: 0.767
f1: 0.240
[[1847   67]
 [  54   42]]
acc: 0.940
f1: 0.410
2,135,coarse : 24.15 seconds
2,135,fine : 24.17 seconds
[[1465  449]
 [  20   76]]
acc: 0.767
f1: 0.245
[[1847   67]
 [  55   41]]
acc: 0.939
f1: 0.402
2,136,coarse : 23.36 seconds
2,136,fine : 23.38 seconds
[[1466  448]
 [  19   77]]
acc: 0.768
f1: 0.248
[[1846   68]
 [  53   43]]
acc: 0.940
f1: 0.415
2,137,coarse : 23.45 seconds
2,137,fine : 23.47 seconds
[[1464  450]
 [  20   76]]
acc: 0.766
f1: 0.244
[[1844   70]
 [  55   41]]
acc: 0.938
f1: 0.396
2,138,coarse : 24.76 seconds
2,138,fine : 24.77 seconds
[[1468  446]
 [  20   76]]
acc: 0.768
f1: 0.246
[[1845   69]
 [  55   41]]
acc: 0.938
f1: 0.398
2,139,coarse : 24.21 seconds
2,139,fine : 24.22 seconds
[[1464  450]
 [  20   76]]
acc: 0.766
f1: 0.244
[[1845   69]
 [  56   40]]
acc: 0.938
f1: 0.390
2,140,coarse : 25.01 seconds
2,140,fine : 25.03 seconds
[[1465  449]
 [  20   76]]
acc: 0.767
f1: 0.245
[[1845   69]
 [  56   40]]
acc: 0.938
f1: 0.390
2,141,coarse : 24.92 seconds
2,141,fine : 24.94 seconds
[[1469  445]
 [  20   76]]
acc: 0.769
f1: 0.246
[[1845   69]
 [  56   40]]
acc: 0.938
f1: 0.390
2,142,coarse : 25.38 seconds
2,142,fine : 25.4 seconds
[[1465  449]
 [  20   76]]
acc: 0.767
f1: 0.245
[[1844   70]
 [  56   40]]
acc: 0.937
f1: 0.388
2,143,coarse : 25.33 seconds
2,143,fine : 25.35 seconds
[[1464  450]
 [  21   75]]
acc: 0.766
f1: 0.242
[[1847   67]
 [  55   41]]
acc: 0.939
f1: 0.402
2,144,coarse : 25.24 seconds
2,144,fine : 25.26 seconds
[[1473  441]
 [  20   76]]
acc: 0.771
f1: 0.248
[[1848   66]
 [  55   41]]
acc: 0.940
f1: 0.404
2,145,coarse : 25.78 seconds
2,145,fine : 25.8 seconds
[[1472  442]
 [  20   76]]
acc: 0.770
f1: 0.248
[[1843   71]
 [  55   41]]
acc: 0.937
f1: 0.394
2,146,coarse : 26.42 seconds
2,146,fine : 26.44 seconds
[[1477  437]
 [  20   76]]
acc: 0.773
f1: 0.250
[[1843   71]
 [  57   39]]
acc: 0.936
f1: 0.379
2,147,coarse : 26.28 seconds
2,147,fine : 26.3 seconds
[[1477  437]
 [  20   76]]
acc: 0.773
f1: 0.250
[[1845   69]
 [  56   40]]
acc: 0.938
f1: 0.390
2,148,coarse : 26.86 seconds
2,148,fine : 26.88 seconds
[[1473  441]
 [  20   76]]
acc: 0.771
f1: 0.248
[[1846   68]
 [  56   40]]
acc: 0.938
f1: 0.392
2,149,coarse : 27.04 seconds
2,149,fine : 27.06 seconds
[[1472  442]
 [  20   76]]
acc: 0.770
f1: 0.248
[[1843   71]
 [  56   40]]
acc: 0.937
f1: 0.386
2,150,coarse : 28.63 seconds
2,150,fine : 28.65 seconds
[[1473  441]
 [  20   76]]
acc: 0.771
f1: 0.248
[[1841   73]
 [  56   40]]
acc: 0.936
f1: 0.383
2,151,coarse : 26.61 seconds
2,151,fine : 26.63 seconds
[[1470  444]
 [  20   76]]
acc: 0.769
f1: 0.247
[[1842   72]
 [  56   40]]
acc: 0.936
f1: 0.385
2,152,coarse : 27.66 seconds
2,152,fine : 27.68 seconds
[[1471  443]
 [  20   76]]
acc: 0.770
f1: 0.247
[[1839   75]
 [  55   41]]
acc: 0.935
f1: 0.387
2,153,coarse : 27.22 seconds
2,153,fine : 27.24 seconds
[[1471  443]
 [  20   76]]
acc: 0.770
f1: 0.247
[[1839   75]
 [  54   42]]
acc: 0.936
f1: 0.394
2,154,coarse : 27.96 seconds
2,154,fine : 27.98 seconds
[[1473  441]
 [  20   76]]
acc: 0.771
f1: 0.248
[[1840   74]
 [  54   42]]
acc: 0.936
f1: 0.396
2,155,coarse : 27.45 seconds
2,155,fine : 27.47 seconds
[[1474  440]
 [  20   76]]
acc: 0.771
f1: 0.248
[[1842   72]
 [  53   43]]
acc: 0.938
f1: 0.408
2,156,coarse : 28.04 seconds
2,156,fine : 28.06 seconds
[[1476  438]
 [  19   77]]
acc: 0.773
f1: 0.252
[[1841   73]
 [  54   42]]
acc: 0.937
f1: 0.398
2,157,coarse : 27.93 seconds
2,157,fine : 27.95 seconds
[[1476  438]
 [  19   77]]
acc: 0.773
f1: 0.252
[[1841   73]
 [  53   43]]
acc: 0.937
f1: 0.406
2,158,coarse : 28.32 seconds
2,158,fine : 28.34 seconds
[[1478  436]
 [  19   77]]
acc: 0.774
f1: 0.253
[[1841   73]
 [  53   43]]
acc: 0.937
f1: 0.406
2,159,coarse : 28.25 seconds
2,159,fine : 28.27 seconds
[[1473  441]
 [  20   76]]
acc: 0.771
f1: 0.248
[[1840   74]
 [  54   42]]
acc: 0.936
f1: 0.396
2,160,coarse : 28.65 seconds
2,160,fine : 28.67 seconds
[[1474  440]
 [  20   76]]
acc: 0.771
f1: 0.248
[[1841   73]
 [  55   41]]
acc: 0.936
f1: 0.390
2,161,coarse : 29.09 seconds
2,161,fine : 29.11 seconds
[[1473  441]
 [  21   75]]
acc: 0.770
f1: 0.245
[[1839   75]
 [  55   41]]
acc: 0.935
f1: 0.387
2,162,coarse : 29.09 seconds
2,162,fine : 29.11 seconds
[[1475  439]
 [  21   75]]
acc: 0.771
f1: 0.246
[[1839   75]
 [  55   41]]
acc: 0.935
f1: 0.387
2,163,coarse : 28.86 seconds
2,163,fine : 28.88 seconds
[[1476  438]
 [  20   76]]
acc: 0.772
f1: 0.249
[[1839   75]
 [  55   41]]
acc: 0.935
f1: 0.387
2,164,coarse : 29.33 seconds
2,164,fine : 29.35 seconds
[[1475  439]
 [  20   76]]
acc: 0.772
f1: 0.249
[[1839   75]
 [  55   41]]
acc: 0.935
f1: 0.387
2,165,coarse : 28.8 seconds
2,165,fine : 28.82 seconds
[[1472  442]
 [  20   76]]
acc: 0.770
f1: 0.248
[[1838   76]
 [  55   41]]
acc: 0.935
f1: 0.385
2,166,coarse : 29.43 seconds
2,166,fine : 29.46 seconds
[[1472  442]
 [  20   76]]
acc: 0.770
f1: 0.248
[[1841   73]
 [  55   41]]
acc: 0.936
f1: 0.390
2,167,coarse : 29.74 seconds
2,167,fine : 29.76 seconds
[[1471  443]
 [  20   76]]
acc: 0.770
f1: 0.247
[[1841   73]
 [  56   40]]
acc: 0.936
f1: 0.383
2,168,coarse : 29.93 seconds
2,168,fine : 29.95 seconds
[[1471  443]
 [  20   76]]
acc: 0.770
f1: 0.247
[[1840   74]
 [  56   40]]
acc: 0.935
f1: 0.381
2,169,coarse : 29.88 seconds
2,169,fine : 29.9 seconds
[[1472  442]
 [  20   76]]
acc: 0.770
f1: 0.248
[[1842   72]
 [  56   40]]
acc: 0.936
f1: 0.385
2,170,coarse : 30.12 seconds
2,170,fine : 30.15 seconds
[[1474  440]
 [  20   76]]
acc: 0.771
f1: 0.248
[[1840   74]
 [  56   40]]
acc: 0.935
f1: 0.381
2,171,coarse : 30.12 seconds
2,171,fine : 30.14 seconds
[[1474  440]
 [  20   76]]
acc: 0.771
f1: 0.248
[[1840   74]
 [  55   41]]
acc: 0.936
f1: 0.389
2,172,coarse : 29.91 seconds
2,172,fine : 29.93 seconds
