all           0      1    2    3    4    5    6    7    8    
1      2010   1914   1    19   32   19   1    11   6    7    
2      2010   1914   1    19   32   19   1    11   6    7    
3      2010   1914   1    19   32   19   1    11   5    8    
4      2010   1914   1    19   32   19   1    10   6    8    
5      2010   1914   1    18   33   19   1    10   6    8    
6      2010   1914   1    18   33   19   1    10   6    8    
7      2010   1913   2    18   33   19   1    10   6    8    
8      2010   1913   2    18   33   19   1    10   6    8    
9      2009   1913   2    18   32   19   2    10   6    7    
10     2009   1913   1    19   32   19   1    11   6    7    
Total  20098  19136  13   185  324  190  11   104  59   76   
train         0      1    2    3    4    5    6    7    8    
2      2010   1914   1    19   32   19   1    11   6    7    
3      2010   1914   1    19   32   19   1    11   5    8    
4      2010   1914   1    19   32   19   1    10   6    8    
5      2010   1914   1    18   33   19   1    10   6    8    
6      2010   1914   1    18   33   19   1    10   6    8    
7      2010   1913   2    18   33   19   1    10   6    8    
8      2010   1913   2    18   33   19   1    10   6    8    
9      2009   1913   2    18   32   19   2    10   6    7    
10     2009   1913   1    19   32   19   1    11   6    7    
Total  18088  17222  12   166  292  171  10   93   53   69   
test          0      1    2    3    4    5    6    7    8    
1      2010   1914   1    19   32   19   1    11   6    7    
Total  2010   1914   1    19   32   19   1    11   6    7    
Classes             
0         17222     
1         12        
2         166       
3         292       
4         171       
5         10        
6         93        
7         53        
8         69        
Total     18088     

Shape: 450       

[952, 10, 11, 16, 11, 10, 10, 10, 10]
Sum start => 1040
[[1232  682]
 [  15   81]]
acc: 0.653
f1: 0.189
[[1891   23]
 [  84   12]]
acc: 0.947
f1: 0.183
1,1,coarse : 27.75 seconds
1,1,fine : 27.75 seconds
[[1232  682]
 [  15   81]]
acc: 0.653
f1: 0.189
[[1891   23]
 [  84   12]]
acc: 0.947
f1: 0.183
1,2,coarse : 29.36 seconds
1,2,fine : 29.36 seconds
[[1265  649]
 [  15   81]]
acc: 0.670
f1: 0.196
[[1908    6]
 [  93    3]]
acc: 0.951
f1: 0.057
1,3,coarse : 27.68 seconds
1,3,fine : 27.69 seconds
[[1289  625]
 [  16   80]]
acc: 0.681
f1: 0.200
[[1909    5]
 [  91    5]]
acc: 0.952
f1: 0.094
1,4,coarse : 27.98 seconds
1,4,fine : 27.99 seconds
[[1310  604]
 [  16   80]]
acc: 0.692
f1: 0.205
[[1910    4]
 [  92    4]]
acc: 0.952
f1: 0.077
1,5,coarse : 28.15 seconds
1,5,fine : 28.16 seconds
[[1312  602]
 [  16   80]]
acc: 0.693
f1: 0.206
[[1911    3]
 [  90    6]]
acc: 0.954
f1: 0.114
1,6,coarse : 27.3 seconds
1,6,fine : 27.3 seconds
[[1340  574]
 [  17   79]]
acc: 0.706
f1: 0.211
[[1911    3]
 [  89    7]]
acc: 0.954
f1: 0.132
1,7,coarse : 27.69 seconds
1,7,fine : 27.7 seconds
[[1334  580]
 [  18   78]]
acc: 0.702
f1: 0.207
[[1911    3]
 [  91    5]]
acc: 0.953
f1: 0.096
1,8,coarse : 27.76 seconds
1,8,fine : 27.77 seconds
[[1328  586]
 [  18   78]]
acc: 0.700
f1: 0.205
[[1911    3]
 [  92    4]]
acc: 0.953
f1: 0.078
1,9,coarse : 27.12 seconds
1,9,fine : 27.12 seconds
[[1354  560]
 [  18   78]]
acc: 0.712
f1: 0.213
[[1909    5]
 [  89    7]]
acc: 0.953
f1: 0.130
1,10,coarse : 27.09 seconds
1,10,fine : 27.09 seconds
[[1371  543]
 [  17   79]]
acc: 0.721
f1: 0.220
[[1910    4]
 [  90    6]]
acc: 0.953
f1: 0.113
1,11,coarse : 27.92 seconds
1,11,fine : 27.93 seconds
[[1382  532]
 [  18   78]]
acc: 0.726
f1: 0.221
[[1910    4]
 [  89    7]]
acc: 0.954
f1: 0.131
1,12,coarse : 26.92 seconds
1,12,fine : 26.93 seconds
[[1400  514]
 [  18   78]]
acc: 0.735
f1: 0.227
[[1909    5]
 [  88    8]]
acc: 0.954
f1: 0.147
1,13,coarse : 27.0 seconds
1,13,fine : 27.01 seconds
[[1406  508]
 [  18   78]]
acc: 0.738
f1: 0.229
[[1910    4]
 [  87    9]]
acc: 0.955
f1: 0.165
1,14,coarse : 27.7 seconds
1,14,fine : 27.71 seconds
[[1412  502]
 [  18   78]]
acc: 0.741
f1: 0.231
[[1909    5]
 [  84   12]]
acc: 0.956
f1: 0.212
1,15,coarse : 26.71 seconds
1,15,fine : 26.72 seconds
[[1408  506]
 [  18   78]]
acc: 0.739
f1: 0.229
[[1910    4]
 [  82   14]]
acc: 0.957
f1: 0.246
1,16,coarse : 26.55 seconds
1,16,fine : 26.55 seconds
[[1418  496]
 [  17   79]]
acc: 0.745
f1: 0.235
[[1910    4]
 [  84   12]]
acc: 0.956
f1: 0.214
1,17,coarse : 27.14 seconds
1,17,fine : 27.14 seconds
[[1413  501]
 [  17   79]]
acc: 0.742
f1: 0.234
[[1909    5]
 [  84   12]]
acc: 0.956
f1: 0.212
1,18,coarse : 26.43 seconds
1,18,fine : 26.44 seconds
[[1423  491]
 [  17   79]]
acc: 0.747
f1: 0.237
[[1908    6]
 [  83   13]]
acc: 0.956
f1: 0.226
1,19,coarse : 26.44 seconds
1,19,fine : 26.44 seconds
[[1421  493]
 [  17   79]]
acc: 0.746
f1: 0.237
[[1909    5]
 [  83   13]]
acc: 0.956
f1: 0.228
1,20,coarse : 27.01 seconds
1,20,fine : 27.02 seconds
[[1429  485]
 [  16   80]]
acc: 0.751
f1: 0.242
[[1909    5]
 [  84   12]]
acc: 0.956
f1: 0.212
1,21,coarse : 26.22 seconds
1,21,fine : 26.23 seconds
[[1418  496]
 [  16   80]]
acc: 0.745
f1: 0.238
[[1909    5]
 [  83   13]]
acc: 0.956
f1: 0.228
1,22,coarse : 26.42 seconds
1,22,fine : 26.43 seconds
[[1414  500]
 [  14   82]]
acc: 0.744
f1: 0.242
[[1908    6]
 [  84   12]]
acc: 0.955
f1: 0.211
1,23,coarse : 26.8 seconds
1,23,fine : 26.8 seconds
[[1430  484]
 [  15   81]]
acc: 0.752
f1: 0.245
[[1908    6]
 [  85   11]]
acc: 0.955
f1: 0.195
1,24,coarse : 26.3 seconds
1,24,fine : 26.3 seconds
[[1423  491]
 [  15   81]]
acc: 0.748
f1: 0.243
[[1908    6]
 [  86   10]]
acc: 0.954
f1: 0.179
1,25,coarse : 26.6 seconds
1,25,fine : 26.61 seconds
[[1434  480]
 [  16   80]]
acc: 0.753
f1: 0.244
[[1908    6]
 [  86   10]]
acc: 0.954
f1: 0.179
1,26,coarse : 26.85 seconds
1,26,fine : 26.86 seconds
[[1417  497]
 [  15   81]]
acc: 0.745
f1: 0.240
[[1908    6]
 [  82   14]]
acc: 0.956
f1: 0.241
1,27,coarse : 26.48 seconds
1,27,fine : 26.49 seconds
[[1427  487]
 [  15   81]]
acc: 0.750
f1: 0.244
[[1909    5]
 [  81   15]]
acc: 0.957
f1: 0.259
1,28,coarse : 26.67 seconds
1,28,fine : 26.68 seconds
[[1433  481]
 [  14   82]]
acc: 0.754
f1: 0.249
[[1907    7]
 [  82   14]]
acc: 0.956
f1: 0.239
1,29,coarse : 26.74 seconds
1,29,fine : 26.75 seconds
[[1437  477]
 [  14   82]]
acc: 0.756
f1: 0.250
[[1908    6]
 [  82   14]]
acc: 0.956
f1: 0.241
1,30,coarse : 26.37 seconds
1,30,fine : 26.37 seconds
[[1445  469]
 [  15   81]]
acc: 0.759
f1: 0.251
[[1906    8]
 [  82   14]]
acc: 0.955
f1: 0.237
1,31,coarse : 26.23 seconds
1,31,fine : 26.24 seconds
[[1440  474]
 [  15   81]]
acc: 0.757
f1: 0.249
[[1907    7]
 [  81   15]]
acc: 0.956
f1: 0.254
1,32,coarse : 26.1 seconds
1,32,fine : 26.11 seconds
[[1438  476]
 [  15   81]]
acc: 0.756
f1: 0.248
[[1907    7]
 [  81   15]]
acc: 0.956
f1: 0.254
1,33,coarse : 26.89 seconds
1,33,fine : 26.9 seconds
[[1449  465]
 [  15   81]]
acc: 0.761
f1: 0.252
[[1905    9]
 [  80   16]]
acc: 0.956
f1: 0.264
1,34,coarse : 26.2 seconds
1,34,fine : 26.21 seconds
[[1448  466]
 [  15   81]]
acc: 0.761
f1: 0.252
[[1904   10]
 [  80   16]]
acc: 0.955
f1: 0.262
1,35,coarse : 26.52 seconds
1,35,fine : 26.53 seconds
[[1450  464]
 [  15   81]]
acc: 0.762
f1: 0.253
[[1904   10]
 [  80   16]]
acc: 0.955
f1: 0.262
1,36,coarse : 26.87 seconds
1,36,fine : 26.88 seconds
[[1447  467]
 [  14   82]]
acc: 0.761
f1: 0.254
[[1904   10]
 [  80   16]]
acc: 0.955
f1: 0.262
1,37,coarse : 26.41 seconds
1,37,fine : 26.42 seconds
[[1447  467]
 [  14   82]]
acc: 0.761
f1: 0.254
[[1903   11]
 [  79   17]]
acc: 0.955
f1: 0.274
1,38,coarse : 26.52 seconds
1,38,fine : 26.53 seconds
[[1451  463]
 [  14   82]]
acc: 0.763
f1: 0.256
[[1903   11]
 [  79   17]]
acc: 0.955
f1: 0.274
1,39,coarse : 26.63 seconds
1,39,fine : 26.64 seconds
[[1455  459]
 [  14   82]]
acc: 0.765
f1: 0.257
[[1903   11]
 [  78   18]]
acc: 0.956
f1: 0.288
1,40,coarse : 26.99 seconds
1,40,fine : 27.0 seconds
[[1447  467]
 [  14   82]]
acc: 0.761
f1: 0.254
[[1902   12]
 [  75   21]]
acc: 0.957
f1: 0.326
1,41,coarse : 26.61 seconds
1,41,fine : 26.62 seconds
[[1452  462]
 [  14   82]]
acc: 0.763
f1: 0.256
[[1901   13]
 [  74   22]]
acc: 0.957
f1: 0.336
1,42,coarse : 26.59 seconds
1,42,fine : 26.6 seconds
[[1445  469]
 [  14   82]]
acc: 0.760
f1: 0.253
[[1901   13]
 [  74   22]]
acc: 0.957
f1: 0.336
1,43,coarse : 26.86 seconds
1,43,fine : 26.87 seconds
[[1443  471]
 [  13   83]]
acc: 0.759
f1: 0.255
[[1901   13]
 [  74   22]]
acc: 0.957
f1: 0.336
1,44,coarse : 26.53 seconds
1,44,fine : 26.54 seconds
[[1447  467]
 [  13   83]]
acc: 0.761
f1: 0.257
[[1899   15]
 [  74   22]]
acc: 0.956
f1: 0.331
1,45,coarse : 26.5 seconds
1,45,fine : 26.51 seconds
[[1442  472]
 [  12   84]]
acc: 0.759
f1: 0.258
[[1898   16]
 [  74   22]]
acc: 0.955
f1: 0.328
1,46,coarse : 26.51 seconds
1,46,fine : 26.52 seconds
[[1437  477]
 [  13   83]]
acc: 0.756
f1: 0.253
[[1900   14]
 [  74   22]]
acc: 0.956
f1: 0.333
1,47,coarse : 27.35 seconds
1,47,fine : 27.36 seconds
[[1443  471]
 [  12   84]]
acc: 0.760
f1: 0.258
[[1901   13]
 [  74   22]]
acc: 0.957
f1: 0.336
1,48,coarse : 26.88 seconds
1,48,fine : 26.89 seconds
[[1444  470]
 [  12   84]]
acc: 0.760
f1: 0.258
[[1899   15]
 [  73   23]]
acc: 0.956
f1: 0.343
1,49,coarse : 26.57 seconds
1,49,fine : 26.58 seconds
[[1443  471]
 [  13   83]]
acc: 0.759
f1: 0.255
[[1899   15]
 [  73   23]]
acc: 0.956
f1: 0.343
1,50,coarse : 28.86 seconds
1,50,fine : 28.86 seconds
[[1444  470]
 [  13   83]]
acc: 0.760
f1: 0.256
[[1899   15]
 [  73   23]]
acc: 0.956
f1: 0.343
1,51,coarse : 26.54 seconds
1,51,fine : 26.55 seconds
[[1439  475]
 [  13   83]]
acc: 0.757
f1: 0.254
[[1898   16]
 [  73   23]]
acc: 0.956
f1: 0.341
1,52,coarse : 26.7 seconds
1,52,fine : 26.71 seconds
[[1440  474]
 [  13   83]]
acc: 0.758
f1: 0.254
[[1898   16]
 [  73   23]]
acc: 0.956
f1: 0.341
1,53,coarse : 27.51 seconds
1,53,fine : 27.52 seconds
[[1440  474]
 [  11   85]]
acc: 0.759
f1: 0.260
[[1898   16]
 [  71   25]]
acc: 0.957
f1: 0.365
1,54,coarse : 27.0 seconds
1,54,fine : 27.01 seconds
[[1440  474]
 [  13   83]]
acc: 0.758
f1: 0.254
[[1898   16]
 [  71   25]]
acc: 0.957
f1: 0.365
1,55,coarse : 27.29 seconds
1,55,fine : 27.3 seconds
[[1437  477]
 [  12   84]]
acc: 0.757
f1: 0.256
[[1896   18]
 [  69   27]]
acc: 0.957
f1: 0.383
1,56,coarse : 27.76 seconds
1,56,fine : 27.77 seconds
[[1445  469]
 [  13   83]]
acc: 0.760
f1: 0.256
[[1897   17]
 [  69   27]]
acc: 0.957
f1: 0.386
1,57,coarse : 28.11 seconds
1,57,fine : 28.12 seconds
[[1433  481]
 [  10   86]]
acc: 0.756
f1: 0.259
[[1894   20]
 [  69   27]]
acc: 0.956
f1: 0.378
1,58,coarse : 28.18 seconds
1,58,fine : 28.19 seconds
[[1438  476]
 [  10   86]]
acc: 0.758
f1: 0.261
[[1894   20]
 [  69   27]]
acc: 0.956
f1: 0.378
1,59,coarse : 27.94 seconds
1,59,fine : 27.95 seconds
[[1439  475]
 [  10   86]]
acc: 0.759
f1: 0.262
[[1895   19]
 [  68   28]]
acc: 0.957
f1: 0.392
1,60,coarse : 27.86 seconds
1,60,fine : 27.87 seconds
[[1430  484]
 [  10   86]]
acc: 0.754
f1: 0.258
[[1894   20]
 [  67   29]]
acc: 0.957
f1: 0.400
1,61,coarse : 28.59 seconds
1,61,fine : 28.6 seconds
[[1429  485]
 [  12   84]]
acc: 0.753
f1: 0.253
[[1894   20]
 [  67   29]]
acc: 0.957
f1: 0.400
1,62,coarse : 27.89 seconds
1,62,fine : 27.9 seconds
[[1430  484]
 [  11   85]]
acc: 0.754
f1: 0.256
[[1893   21]
 [  67   29]]
acc: 0.956
f1: 0.397
1,63,coarse : 27.69 seconds
1,63,fine : 27.7 seconds
[[1427  487]
 [  10   86]]
acc: 0.753
f1: 0.257
[[1893   21]
 [  67   29]]
acc: 0.956
f1: 0.397
1,64,coarse : 27.49 seconds
1,64,fine : 27.5 seconds
[[1421  493]
 [   9   87]]
acc: 0.750
f1: 0.257
[[1892   22]
 [  67   29]]
acc: 0.956
f1: 0.395
1,65,coarse : 27.87 seconds
1,65,fine : 27.88 seconds
[[1421  493]
 [  10   86]]
acc: 0.750
f1: 0.255
[[1892   22]
 [  66   30]]
acc: 0.956
f1: 0.405
1,66,coarse : 28.5 seconds
1,66,fine : 28.51 seconds
[[1422  492]
 [  10   86]]
acc: 0.750
f1: 0.255
[[1891   23]
 [  66   30]]
acc: 0.956
f1: 0.403
1,67,coarse : 28.17 seconds
1,67,fine : 28.19 seconds
[[1422  492]
 [  10   86]]
acc: 0.750
f1: 0.255
[[1890   24]
 [  65   31]]
acc: 0.956
f1: 0.411
1,68,coarse : 28.43 seconds
1,68,fine : 28.44 seconds
[[1425  489]
 [  10   86]]
acc: 0.752
f1: 0.256
[[1890   24]
 [  65   31]]
acc: 0.956
f1: 0.411
1,69,coarse : 28.63 seconds
1,69,fine : 28.64 seconds
[[1429  485]
 [   9   87]]
acc: 0.754
f1: 0.260
[[1890   24]
 [  65   31]]
acc: 0.956
f1: 0.411
1,70,coarse : 28.58 seconds
1,70,fine : 28.6 seconds
[[1432  482]
 [  11   85]]
acc: 0.755
f1: 0.256
[[1889   25]
 [  64   32]]
acc: 0.956
f1: 0.418
1,71,coarse : 27.78 seconds
1,71,fine : 27.79 seconds
[[1434  480]
 [   9   87]]
acc: 0.757
f1: 0.262
[[1889   25]
 [  63   33]]
acc: 0.956
f1: 0.429
1,72,coarse : 28.1 seconds
1,72,fine : 28.11 seconds
[[1440  474]
 [   9   87]]
acc: 0.760
f1: 0.265
[[1888   26]
 [  63   33]]
acc: 0.956
f1: 0.426
1,73,coarse : 27.66 seconds
1,73,fine : 27.67 seconds
[[1438  476]
 [  10   86]]
acc: 0.758
f1: 0.261
[[1888   26]
 [  63   33]]
acc: 0.956
f1: 0.426
1,74,coarse : 27.35 seconds
1,74,fine : 27.36 seconds
[[1439  475]
 [  12   84]]
acc: 0.758
f1: 0.256
[[1888   26]
 [  62   34]]
acc: 0.956
f1: 0.436
1,75,coarse : 27.1 seconds
1,75,fine : 27.11 seconds
[[1441  473]
 [  10   86]]
acc: 0.760
f1: 0.263
[[1886   28]
 [  60   36]]
acc: 0.956
f1: 0.450
1,76,coarse : 26.48 seconds
1,76,fine : 26.49 seconds
[[1442  472]
 [  10   86]]
acc: 0.760
f1: 0.263
[[1886   28]
 [  59   37]]
acc: 0.957
f1: 0.460
1,77,coarse : 27.39 seconds
1,77,fine : 27.4 seconds
[[1446  468]
 [  10   86]]
acc: 0.762
f1: 0.265
[[1884   30]
 [  59   37]]
acc: 0.956
f1: 0.454
1,78,coarse : 27.95 seconds
1,78,fine : 27.96 seconds
[[1438  476]
 [  11   85]]
acc: 0.758
f1: 0.259
[[1884   30]
 [  59   37]]
acc: 0.956
f1: 0.454
1,79,coarse : 28.81 seconds
1,79,fine : 28.82 seconds
[[1438  476]
 [  12   84]]
acc: 0.757
f1: 0.256
[[1882   32]
 [  59   37]]
acc: 0.955
f1: 0.448
1,80,coarse : 29.14 seconds
1,80,fine : 29.16 seconds
[[1437  477]
 [  12   84]]
acc: 0.757
f1: 0.256
[[1881   33]
 [  59   37]]
acc: 0.954
f1: 0.446
1,81,coarse : 28.93 seconds
1,81,fine : 28.94 seconds
[[1438  476]
 [  12   84]]
acc: 0.757
f1: 0.256
[[1880   34]
 [  59   37]]
acc: 0.954
f1: 0.443
1,82,coarse : 29.58 seconds
1,82,fine : 29.59 seconds
[[1443  471]
 [  12   84]]
acc: 0.760
f1: 0.258
[[1878   36]
 [  58   38]]
acc: 0.953
f1: 0.447
1,83,coarse : 29.54 seconds
1,83,fine : 29.55 seconds
[[1442  472]
 [  11   85]]
acc: 0.760
f1: 0.260
[[1878   36]
 [  58   38]]
acc: 0.953
f1: 0.447
1,84,coarse : 30.1 seconds
1,84,fine : 30.11 seconds
[[1442  472]
 [  12   84]]
acc: 0.759
f1: 0.258
[[1878   36]
 [  58   38]]
acc: 0.953
f1: 0.447
1,85,coarse : 30.39 seconds
1,85,fine : 30.4 seconds
[[1436  478]
 [  10   86]]
acc: 0.757
f1: 0.261
[[1877   37]
 [  57   39]]
acc: 0.953
f1: 0.453
1,86,coarse : 29.93 seconds
1,86,fine : 29.94 seconds
[[1437  477]
 [  11   85]]
acc: 0.757
f1: 0.258
[[1875   39]
 [  58   38]]
acc: 0.952
f1: 0.439
1,87,coarse : 29.63 seconds
1,87,fine : 29.64 seconds
[[1440  474]
 [  11   85]]
acc: 0.759
f1: 0.260
[[1873   41]
 [  58   38]]
acc: 0.951
f1: 0.434
1,88,coarse : 29.94 seconds
1,88,fine : 29.95 seconds
[[1438  476]
 [  10   86]]
acc: 0.758
f1: 0.261
[[1873   41]
 [  59   37]]
acc: 0.950
f1: 0.425
1,89,coarse : 30.19 seconds
1,89,fine : 30.2 seconds
[[1441  473]
 [  11   85]]
acc: 0.759
f1: 0.260
[[1872   42]
 [  59   37]]
acc: 0.950
f1: 0.423
1,90,coarse : 30.04 seconds
1,90,fine : 30.05 seconds
[[1446  468]
 [  11   85]]
acc: 0.762
f1: 0.262
[[1871   43]
 [  57   39]]
acc: 0.950
f1: 0.438
1,91,coarse : 31.08 seconds
1,91,fine : 31.09 seconds
[[1446  468]
 [  10   86]]
acc: 0.762
f1: 0.265
[[1870   44]
 [  57   39]]
acc: 0.950
f1: 0.436
1,92,coarse : 30.52 seconds
1,92,fine : 30.53 seconds
[[1453  461]
 [  11   85]]
acc: 0.765
f1: 0.265
[[1870   44]
 [  57   39]]
acc: 0.950
f1: 0.436
1,93,coarse : 30.49 seconds
1,93,fine : 30.5 seconds
[[1455  459]
 [  11   85]]
acc: 0.766
f1: 0.266
[[1868   46]
 [  56   40]]
acc: 0.949
f1: 0.440
1,94,coarse : 30.5 seconds
1,94,fine : 30.51 seconds
[[1453  461]
 [  10   86]]
acc: 0.766
f1: 0.267
[[1868   46]
 [  56   40]]
acc: 0.949
f1: 0.440
1,95,coarse : 30.25 seconds
1,95,fine : 30.27 seconds
[[1446  468]
 [   9   87]]
acc: 0.763
f1: 0.267
[[1867   47]
 [  55   41]]
acc: 0.949
f1: 0.446
1,96,coarse : 30.15 seconds
1,96,fine : 30.17 seconds
[[1447  467]
 [   9   87]]
acc: 0.763
f1: 0.268
[[1867   47]
 [  54   42]]
acc: 0.950
f1: 0.454
1,97,coarse : 30.59 seconds
1,97,fine : 30.6 seconds
[[1450  464]
 [   9   87]]
acc: 0.765
f1: 0.269
[[1866   48]
 [  55   41]]
acc: 0.949
f1: 0.443
1,98,coarse : 30.68 seconds
1,98,fine : 30.69 seconds
[[1449  465]
 [  10   86]]
acc: 0.764
f1: 0.266
[[1866   48]
 [  54   42]]
acc: 0.949
f1: 0.452
1,99,coarse : 30.6 seconds
1,99,fine : 30.62 seconds
[[1452  462]
 [  11   85]]
acc: 0.765
f1: 0.264
[[1866   48]
 [  53   43]]
acc: 0.950
f1: 0.460
1,100,coarse : 32.24 seconds
1,100,fine : 32.25 seconds
[[1452  462]
 [  10   86]]
acc: 0.765
f1: 0.267
[[1866   48]
 [  52   44]]
acc: 0.950
f1: 0.468
1,101,coarse : 30.1 seconds
1,101,fine : 30.11 seconds
[[1450  464]
 [  11   85]]
acc: 0.764
f1: 0.264
[[1865   49]
 [  52   44]]
acc: 0.950
f1: 0.466
1,102,coarse : 30.65 seconds
1,102,fine : 30.67 seconds
[[1444  470]
 [  10   86]]
acc: 0.761
f1: 0.264
[[1865   49]
 [  51   45]]
acc: 0.950
f1: 0.474
1,103,coarse : 29.69 seconds
1,103,fine : 29.7 seconds
[[1449  465]
 [  10   86]]
acc: 0.764
f1: 0.266
[[1865   49]
 [  51   45]]
acc: 0.950
f1: 0.474
1,104,coarse : 29.53 seconds
1,104,fine : 29.54 seconds
[[1453  461]
 [  10   86]]
acc: 0.766
f1: 0.267
[[1863   51]
 [  50   46]]
acc: 0.950
f1: 0.477
1,105,coarse : 29.48 seconds
1,105,fine : 29.5 seconds
[[1451  463]
 [  10   86]]
acc: 0.765
f1: 0.267
[[1863   51]
 [  50   46]]
acc: 0.950
f1: 0.477
1,106,coarse : 30.02 seconds
1,106,fine : 30.03 seconds
[[1443  471]
 [  10   86]]
acc: 0.761
f1: 0.263
[[1862   52]
 [  50   46]]
acc: 0.949
f1: 0.474
1,107,coarse : 30.43 seconds
1,107,fine : 30.45 seconds
[[1447  467]
 [  11   85]]
acc: 0.762
f1: 0.262
[[1863   51]
 [  50   46]]
acc: 0.950
f1: 0.477
1,108,coarse : 31.03 seconds
1,108,fine : 31.05 seconds
[[1447  467]
 [  11   85]]
acc: 0.762
f1: 0.262
[[1863   51]
 [  50   46]]
acc: 0.950
f1: 0.477
1,109,coarse : 31.7 seconds
1,109,fine : 31.72 seconds
[[1445  469]
 [  11   85]]
acc: 0.761
f1: 0.262
[[1863   51]
 [  50   46]]
acc: 0.950
f1: 0.477
1,110,coarse : 31.69 seconds
1,110,fine : 31.7 seconds
[[1446  468]
 [  11   85]]
acc: 0.762
f1: 0.262
[[1863   51]
 [  50   46]]
acc: 0.950
f1: 0.477
1,111,coarse : 31.79 seconds
1,111,fine : 31.8 seconds
[[1444  470]
 [  11   85]]
acc: 0.761
f1: 0.261
[[1863   51]
 [  50   46]]
acc: 0.950
f1: 0.477
1,112,coarse : 32.01 seconds
1,112,fine : 32.03 seconds
[[1438  476]
 [  11   85]]
acc: 0.758
f1: 0.259
[[1863   51]
 [  50   46]]
acc: 0.950
f1: 0.477
1,113,coarse : 32.35 seconds
1,113,fine : 32.37 seconds
[[1437  477]
 [  11   85]]
acc: 0.757
f1: 0.258
[[1863   51]
 [  50   46]]
acc: 0.950
f1: 0.477
1,114,coarse : 32.51 seconds
1,114,fine : 32.53 seconds
[[1438  476]
 [  11   85]]
acc: 0.758
f1: 0.259
[[1862   52]
 [  50   46]]
acc: 0.949
f1: 0.474
1,115,coarse : 32.67 seconds
1,115,fine : 32.69 seconds
[[1436  478]
 [  11   85]]
acc: 0.757
f1: 0.258
[[1862   52]
 [  50   46]]
acc: 0.949
f1: 0.474
1,116,coarse : 32.79 seconds
1,116,fine : 32.8 seconds
[[1436  478]
 [  11   85]]
acc: 0.757
f1: 0.258
[[1860   54]
 [  50   46]]
acc: 0.948
f1: 0.469
1,117,coarse : 33.41 seconds
1,117,fine : 33.42 seconds
[[1439  475]
 [  11   85]]
acc: 0.758
f1: 0.259
[[1860   54]
 [  50   46]]
acc: 0.948
f1: 0.469
1,118,coarse : 33.24 seconds
1,118,fine : 33.26 seconds
[[1441  473]
 [  11   85]]
acc: 0.759
f1: 0.260
[[1860   54]
 [  50   46]]
acc: 0.948
f1: 0.469
1,119,coarse : 33.1 seconds
1,119,fine : 33.12 seconds
[[1443  471]
 [  11   85]]
acc: 0.760
f1: 0.261
[[1860   54]
 [  50   46]]
acc: 0.948
f1: 0.469
1,120,coarse : 33.86 seconds
1,120,fine : 33.88 seconds
[[1444  470]
 [  11   85]]
acc: 0.761
f1: 0.261
[[1860   54]
 [  50   46]]
acc: 0.948
f1: 0.469
1,121,coarse : 34.11 seconds
1,121,fine : 34.12 seconds
[[1445  469]
 [  10   86]]
acc: 0.762
f1: 0.264
[[1860   54]
 [  48   48]]
acc: 0.949
f1: 0.485
1,122,coarse : 34.1 seconds
1,122,fine : 34.11 seconds
[[1439  475]
 [  11   85]]
acc: 0.758
f1: 0.259
[[1859   55]
 [  47   49]]
acc: 0.949
f1: 0.490
1,123,coarse : 34.33 seconds
1,123,fine : 34.35 seconds
[[1440  474]
 [  11   85]]
acc: 0.759
f1: 0.260
[[1858   56]
 [  47   49]]
acc: 0.949
f1: 0.488
1,124,coarse : 34.71 seconds
1,124,fine : 34.73 seconds
[[1441  473]
 [  11   85]]
acc: 0.759
f1: 0.260
[[1858   56]
 [  47   49]]
acc: 0.949
f1: 0.488
1,125,coarse : 34.61 seconds
1,125,fine : 34.63 seconds
[[1439  475]
 [  11   85]]
acc: 0.758
f1: 0.259
[[1858   56]
 [  47   49]]
acc: 0.949
f1: 0.488
1,126,coarse : 34.89 seconds
1,126,fine : 34.91 seconds
[[1442  472]
 [  11   85]]
acc: 0.760
f1: 0.260
[[1857   57]
 [  45   51]]
acc: 0.949
f1: 0.500
1,127,coarse : 35.22 seconds
1,127,fine : 35.24 seconds
[[1434  480]
 [  11   85]]
acc: 0.756
f1: 0.257
[[1857   57]
 [  44   52]]
acc: 0.950
f1: 0.507
1,128,coarse : 36.11 seconds
1,128,fine : 36.13 seconds
[[1436  478]
 [  12   84]]
acc: 0.756
f1: 0.255
[[1857   57]
 [  43   53]]
acc: 0.950
f1: 0.515
1,129,coarse : 35.42 seconds
1,129,fine : 35.44 seconds
[[1436  478]
 [  12   84]]
acc: 0.756
f1: 0.255
[[1857   57]
 [  43   53]]
acc: 0.950
f1: 0.515
1,130,coarse : 35.49 seconds
1,130,fine : 35.5 seconds
[[1433  481]
 [  11   85]]
acc: 0.755
f1: 0.257
[[1857   57]
 [  43   53]]
acc: 0.950
f1: 0.515
1,131,coarse : 35.38 seconds
1,131,fine : 35.39 seconds
[[1428  486]
 [  11   85]]
acc: 0.753
f1: 0.255
[[1856   58]
 [  44   52]]
acc: 0.949
f1: 0.505
1,132,coarse : 35.02 seconds
1,132,fine : 35.04 seconds
[[1428  486]
 [  11   85]]
acc: 0.753
f1: 0.255
[[1856   58]
 [  43   53]]
acc: 0.950
f1: 0.512
1,133,coarse : 35.85 seconds
1,133,fine : 35.87 seconds
[[1429  485]
 [  11   85]]
acc: 0.753
f1: 0.255
[[1856   58]
 [  43   53]]
acc: 0.950
f1: 0.512
1,134,coarse : 35.72 seconds
1,134,fine : 35.74 seconds
[[1431  483]
 [  11   85]]
acc: 0.754
f1: 0.256
[[1856   58]
 [  43   53]]
acc: 0.950
f1: 0.512
1,135,coarse : 36.18 seconds
1,135,fine : 36.2 seconds
[[1430  484]
 [  11   85]]
acc: 0.754
f1: 0.256
[[1856   58]
 [  43   53]]
acc: 0.950
f1: 0.512
1,136,coarse : 36.53 seconds
1,136,fine : 36.55 seconds
[[1426  488]
 [  11   85]]
acc: 0.752
f1: 0.254
[[1855   59]
 [  43   53]]
acc: 0.949
f1: 0.510
1,137,coarse : 36.09 seconds
1,137,fine : 36.11 seconds
[[1426  488]
 [  12   84]]
acc: 0.751
f1: 0.251
[[1855   59]
 [  43   53]]
acc: 0.949
f1: 0.510
1,138,coarse : 36.54 seconds
1,138,fine : 36.56 seconds
[[1431  483]
 [  12   84]]
acc: 0.754
f1: 0.253
[[1855   59]
 [  43   53]]
acc: 0.949
f1: 0.510
1,139,coarse : 35.61 seconds
1,139,fine : 35.63 seconds
[[1433  481]
 [  12   84]]
acc: 0.755
f1: 0.254
[[1854   60]
 [  43   53]]
acc: 0.949
f1: 0.507
1,140,coarse : 36.03 seconds
1,140,fine : 36.05 seconds
[[1436  478]
 [  12   84]]
acc: 0.756
f1: 0.255
[[1853   61]
 [  43   53]]
acc: 0.948
f1: 0.505
1,141,coarse : 36.54 seconds
1,141,fine : 36.56 seconds
[[1437  477]
 [  12   84]]
acc: 0.757
f1: 0.256
[[1853   61]
 [  43   53]]
acc: 0.948
f1: 0.505
1,142,coarse : 37.35 seconds
1,142,fine : 37.37 seconds
[[1435  479]
 [  13   83]]
acc: 0.755
f1: 0.252
[[1853   61]
 [  43   53]]
acc: 0.948
f1: 0.505
1,143,coarse : 36.16 seconds
1,143,fine : 36.18 seconds
[[1428  486]
 [  13   83]]
acc: 0.752
f1: 0.250
[[1853   61]
 [  43   53]]
acc: 0.948
f1: 0.505
1,144,coarse : 37.95 seconds
1,144,fine : 37.97 seconds
[[1429  485]
 [  13   83]]
acc: 0.752
f1: 0.250
[[1850   64]
 [  43   53]]
acc: 0.947
f1: 0.498
1,145,coarse : 37.72 seconds
1,145,fine : 37.74 seconds
[[1430  484]
 [  13   83]]
acc: 0.753
f1: 0.250
[[1850   64]
 [  43   53]]
acc: 0.947
f1: 0.498
1,146,coarse : 37.37 seconds
1,146,fine : 37.39 seconds
[[1425  489]
 [  11   85]]
acc: 0.751
f1: 0.254
[[1850   64]
 [  43   53]]
acc: 0.947
f1: 0.498
1,147,coarse : 37.86 seconds
1,147,fine : 37.88 seconds
[[1422  492]
 [  12   84]]
acc: 0.749
f1: 0.250
[[1848   66]
 [  43   53]]
acc: 0.946
f1: 0.493
1,148,coarse : 38.71 seconds
1,148,fine : 38.73 seconds
[[1422  492]
 [  12   84]]
acc: 0.749
f1: 0.250
[[1848   66]
 [  43   53]]
acc: 0.946
f1: 0.493
1,149,coarse : 38.04 seconds
1,149,fine : 38.06 seconds
[[1428  486]
 [  11   85]]
acc: 0.753
f1: 0.255
[[1848   66]
 [  43   53]]
acc: 0.946
f1: 0.493
1,150,coarse : 39.98 seconds
1,150,fine : 40.0 seconds
[[1425  489]
 [  11   85]]
acc: 0.751
f1: 0.254
[[1848   66]
 [  43   53]]
acc: 0.946
f1: 0.493
1,151,coarse : 38.47 seconds
1,151,fine : 38.49 seconds
[[1422  492]
 [  11   85]]
acc: 0.750
f1: 0.253
[[1848   66]
 [  43   53]]
acc: 0.946
f1: 0.493
1,152,coarse : 38.11 seconds
1,152,fine : 38.13 seconds
[[1415  499]
 [  11   85]]
acc: 0.746
f1: 0.250
[[1847   67]
 [  42   54]]
acc: 0.946
f1: 0.498
1,153,coarse : 38.24 seconds
1,153,fine : 38.26 seconds
[[1414  500]
 [  11   85]]
acc: 0.746
f1: 0.250
[[1846   68]
 [  42   54]]
acc: 0.945
f1: 0.495
1,154,coarse : 39.01 seconds
1,154,fine : 39.03 seconds
[[1414  500]
 [  11   85]]
acc: 0.746
f1: 0.250
[[1846   68]
 [  42   54]]
acc: 0.945
f1: 0.495
1,155,coarse : 38.23 seconds
1,155,fine : 38.25 seconds
[[1419  495]
 [  11   85]]
acc: 0.748
f1: 0.251
[[1846   68]
 [  41   55]]
acc: 0.946
f1: 0.502
1,156,coarse : 38.31 seconds
1,156,fine : 38.33 seconds
[[1418  496]
 [  11   85]]
acc: 0.748
f1: 0.251
[[1844   70]
 [  41   55]]
acc: 0.945
f1: 0.498
1,157,coarse : 39.03 seconds
1,157,fine : 39.05 seconds
[[1418  496]
 [  11   85]]
acc: 0.748
f1: 0.251
[[1843   71]
 [  41   55]]
acc: 0.944
f1: 0.495
1,158,coarse : 38.56 seconds
1,158,fine : 38.58 seconds
[[1417  497]
 [  12   84]]
acc: 0.747
f1: 0.248
[[1841   73]
 [  41   55]]
acc: 0.943
f1: 0.491
1,159,coarse : 38.6 seconds
1,159,fine : 38.62 seconds
[[1417  497]
 [  11   85]]
acc: 0.747
f1: 0.251
[[1842   72]
 [  41   55]]
acc: 0.944
f1: 0.493
1,160,coarse : 39.81 seconds
1,160,fine : 39.83 seconds
[[1422  492]
 [  13   83]]
acc: 0.749
f1: 0.247
[[1841   73]
 [  41   55]]
acc: 0.943
f1: 0.491
1,161,coarse : 39.62 seconds
1,161,fine : 39.64 seconds
[[1422  492]
 [  13   83]]
acc: 0.749
f1: 0.247
[[1840   74]
 [  41   55]]
acc: 0.943
f1: 0.489
1,162,coarse : 40.0 seconds
1,162,fine : 40.03 seconds
[[1423  491]
 [  13   83]]
acc: 0.749
f1: 0.248
[[1840   74]
 [  41   55]]
acc: 0.943
f1: 0.489
1,163,coarse : 39.5 seconds
1,163,fine : 39.52 seconds
[[1419  495]
 [  13   83]]
acc: 0.747
f1: 0.246
[[1840   74]
 [  42   54]]
acc: 0.942
f1: 0.482
1,164,coarse : 39.84 seconds
1,164,fine : 39.86 seconds
[[1418  496]
 [  13   83]]
acc: 0.747
f1: 0.246
[[1840   74]
 [  42   54]]
acc: 0.942
f1: 0.482
1,165,coarse : 39.87 seconds
1,165,fine : 39.89 seconds
[[1427  487]
 [  13   83]]
acc: 0.751
f1: 0.249
[[1839   75]
 [  42   54]]
acc: 0.942
f1: 0.480
1,166,coarse : 40.46 seconds
1,166,fine : 40.48 seconds
[[1424  490]
 [  13   83]]
acc: 0.750
f1: 0.248
[[1839   75]
 [  42   54]]
acc: 0.942
f1: 0.480
1,167,coarse : 40.48 seconds
1,167,fine : 40.51 seconds
[[1424  490]
 [  13   83]]
acc: 0.750
f1: 0.248
[[1838   76]
 [  42   54]]
acc: 0.941
f1: 0.478
1,168,coarse : 39.96 seconds
1,168,fine : 39.98 seconds
[[1425  489]
 [  13   83]]
acc: 0.750
f1: 0.249
[[1838   76]
 [  42   54]]
acc: 0.941
f1: 0.478
1,169,coarse : 40.03 seconds
1,169,fine : 40.06 seconds
[[1422  492]
 [  13   83]]
acc: 0.749
f1: 0.247
[[1838   76]
 [  42   54]]
acc: 0.941
f1: 0.478
1,170,coarse : 40.77 seconds
1,170,fine : 40.79 seconds
[[1421  493]
 [  13   83]]
acc: 0.748
f1: 0.247
[[1837   77]
 [  42   54]]
acc: 0.941
f1: 0.476
1,171,coarse : 39.22 seconds
1,171,fine : 39.24 seconds
[[1412  502]
 [  13   83]]
acc: 0.744
f1: 0.244
[[1835   79]
 [  42   54]]
acc: 0.940
f1: 0.472
1,172,coarse : 35.23 seconds
1,172,fine : 35.26 seconds
