all           0      1    2    3    4    5    6    7    8    
1      2010   1914   1    19   32   19   1    11   6    7    
2      2010   1914   1    19   32   19   1    11   6    7    
3      2010   1914   1    19   32   19   1    11   5    8    
4      2010   1914   1    19   32   19   1    10   6    8    
5      2010   1914   1    18   33   19   1    10   6    8    
6      2010   1914   1    18   33   19   1    10   6    8    
7      2010   1913   2    18   33   19   1    10   6    8    
8      2010   1913   2    18   33   19   1    10   6    8    
9      2009   1913   2    18   32   19   2    10   6    7    
10     2009   1913   1    19   32   19   1    11   6    7    
Total  20098  19136  13   185  324  190  11   104  59   76   
train         0      1    2    3    4    5    6    7    8    
1      2010   1914   1    19   32   19   1    11   6    7    
2      2010   1914   1    19   32   19   1    11   6    7    
3      2010   1914   1    19   32   19   1    11   5    8    
4      2010   1914   1    19   32   19   1    10   6    8    
5      2010   1914   1    18   33   19   1    10   6    8    
6      2010   1914   1    18   33   19   1    10   6    8    
7      2010   1913   2    18   33   19   1    10   6    8    
9      2009   1913   2    18   32   19   2    10   6    7    
10     2009   1913   1    19   32   19   1    11   6    7    
Total  18088  17223  11   167  291  171  10   94   53   68   
test          0      1    2    3    4    5    6    7    8    
8      2010   1913   2    18   33   19   1    10   6    8    
Total  2010   1913   2    18   33   19   1    10   6    8    
Classes             
0         17223     
1         11        
2         167       
3         291       
4         171       
5         10        
6         94        
7         53        
8         68        
Total     18088     

Shape: 450       

[952, 10, 11, 16, 11, 10, 10, 10, 10]
Sum start => 1040
[[1230  683]
 [  16   81]]
acc: 0.652
f1: 0.188
[[1872   41]
 [  92    5]]
acc: 0.934
f1: 0.070
8,1,coarse : 27.22 seconds
8,1,fine : 27.22 seconds
[[1230  683]
 [  16   81]]
acc: 0.652
f1: 0.188
[[1872   41]
 [  92    5]]
acc: 0.934
f1: 0.070
8,2,coarse : 28.22 seconds
8,2,fine : 28.23 seconds
[[1272  641]
 [  17   80]]
acc: 0.673
f1: 0.196
[[1897   16]
 [  93    4]]
acc: 0.946
f1: 0.068
8,3,coarse : 26.22 seconds
8,3,fine : 26.22 seconds
[[1286  627]
 [  18   79]]
acc: 0.679
f1: 0.197
[[1904    9]
 [  96    1]]
acc: 0.948
f1: 0.019
8,4,coarse : 26.26 seconds
8,4,fine : 26.26 seconds
[[1296  617]
 [  18   79]]
acc: 0.684
f1: 0.199
[[1906    7]
 [  96    1]]
acc: 0.949
f1: 0.019
8,5,coarse : 26.7 seconds
8,5,fine : 26.7 seconds
[[1299  614]
 [  17   80]]
acc: 0.686
f1: 0.202
[[1901   12]
 [  95    2]]
acc: 0.947
f1: 0.036
8,6,coarse : 26.19 seconds
8,6,fine : 26.19 seconds
[[1304  609]
 [  17   80]]
acc: 0.689
f1: 0.204
[[1904    9]
 [  94    3]]
acc: 0.949
f1: 0.055
8,7,coarse : 26.0 seconds
8,7,fine : 26.01 seconds
[[1316  597]
 [  17   80]]
acc: 0.695
f1: 0.207
[[1905    8]
 [  93    4]]
acc: 0.950
f1: 0.073
8,8,coarse : 26.82 seconds
8,8,fine : 26.82 seconds
[[1337  576]
 [  17   80]]
acc: 0.705
f1: 0.212
[[1906    7]
 [  91    6]]
acc: 0.951
f1: 0.109
8,9,coarse : 26.47 seconds
8,9,fine : 26.47 seconds
[[1356  557]
 [  18   79]]
acc: 0.714
f1: 0.216
[[1905    8]
 [  90    7]]
acc: 0.951
f1: 0.125
8,10,coarse : 26.58 seconds
8,10,fine : 26.58 seconds
[[1368  545]
 [  18   79]]
acc: 0.720
f1: 0.219
[[1904    9]
 [  88    9]]
acc: 0.952
f1: 0.157
8,11,coarse : 27.04 seconds
8,11,fine : 27.04 seconds
[[1377  536]
 [  18   79]]
acc: 0.724
f1: 0.222
[[1903   10]
 [  88    9]]
acc: 0.951
f1: 0.155
8,12,coarse : 26.92 seconds
8,12,fine : 26.93 seconds
[[1397  516]
 [  18   79]]
acc: 0.734
f1: 0.228
[[1903   10]
 [  88    9]]
acc: 0.951
f1: 0.155
8,13,coarse : 26.61 seconds
8,13,fine : 26.62 seconds
[[1411  502]
 [  18   79]]
acc: 0.741
f1: 0.233
[[1903   10]
 [  86   11]]
acc: 0.952
f1: 0.186
8,14,coarse : 27.0 seconds
8,14,fine : 27.0 seconds
[[1406  507]
 [  18   79]]
acc: 0.739
f1: 0.231
[[1904    9]
 [  89    8]]
acc: 0.951
f1: 0.140
8,15,coarse : 26.51 seconds
8,15,fine : 26.51 seconds
[[1413  500]
 [  18   79]]
acc: 0.742
f1: 0.234
[[1904    9]
 [  90    7]]
acc: 0.951
f1: 0.124
8,16,coarse : 26.58 seconds
8,16,fine : 26.59 seconds
[[1405  508]
 [  19   78]]
acc: 0.738
f1: 0.228
[[1904    9]
 [  88    9]]
acc: 0.952
f1: 0.157
8,17,coarse : 27.03 seconds
8,17,fine : 27.03 seconds
[[1397  516]
 [  18   79]]
acc: 0.734
f1: 0.228
[[1904    9]
 [  88    9]]
acc: 0.952
f1: 0.157
8,18,coarse : 26.49 seconds
8,18,fine : 26.5 seconds
[[1407  506]
 [  18   79]]
acc: 0.739
f1: 0.232
[[1905    8]
 [  88    9]]
acc: 0.952
f1: 0.158
8,19,coarse : 26.47 seconds
8,19,fine : 26.47 seconds
[[1410  503]
 [  17   80]]
acc: 0.741
f1: 0.235
[[1905    8]
 [  88    9]]
acc: 0.952
f1: 0.158
8,20,coarse : 26.93 seconds
8,20,fine : 26.93 seconds
[[1419  494]
 [  18   79]]
acc: 0.745
f1: 0.236
[[1905    8]
 [  88    9]]
acc: 0.952
f1: 0.158
8,21,coarse : 26.52 seconds
8,21,fine : 26.52 seconds
[[1422  491]
 [  17   80]]
acc: 0.747
f1: 0.240
[[1905    8]
 [  88    9]]
acc: 0.952
f1: 0.158
8,22,coarse : 26.54 seconds
8,22,fine : 26.55 seconds
[[1423  490]
 [  17   80]]
acc: 0.748
f1: 0.240
[[1905    8]
 [  88    9]]
acc: 0.952
f1: 0.158
8,23,coarse : 26.98 seconds
8,23,fine : 26.99 seconds
[[1424  489]
 [  16   81]]
acc: 0.749
f1: 0.243
[[1906    7]
 [  88    9]]
acc: 0.953
f1: 0.159
8,24,coarse : 26.45 seconds
8,24,fine : 26.46 seconds
[[1421  492]
 [  15   82]]
acc: 0.748
f1: 0.244
[[1906    7]
 [  88    9]]
acc: 0.953
f1: 0.159
8,25,coarse : 26.44 seconds
8,25,fine : 26.44 seconds
[[1418  495]
 [  15   82]]
acc: 0.746
f1: 0.243
[[1906    7]
 [  88    9]]
acc: 0.953
f1: 0.159
8,26,coarse : 26.91 seconds
8,26,fine : 26.92 seconds
[[1429  484]
 [  16   81]]
acc: 0.751
f1: 0.245
[[1906    7]
 [  88    9]]
acc: 0.953
f1: 0.159
8,27,coarse : 26.82 seconds
8,27,fine : 26.82 seconds
[[1435  478]
 [  15   82]]
acc: 0.755
f1: 0.250
[[1906    7]
 [  88    9]]
acc: 0.953
f1: 0.159
8,28,coarse : 26.67 seconds
8,28,fine : 26.67 seconds
[[1440  473]
 [  15   82]]
acc: 0.757
f1: 0.252
[[1906    7]
 [  87   10]]
acc: 0.953
f1: 0.175
8,29,coarse : 27.05 seconds
8,29,fine : 27.06 seconds
[[1444  469]
 [  15   82]]
acc: 0.759
f1: 0.253
[[1906    7]
 [  88    9]]
acc: 0.953
f1: 0.159
8,30,coarse : 26.81 seconds
8,30,fine : 26.82 seconds
[[1438  475]
 [  15   82]]
acc: 0.756
f1: 0.251
[[1906    7]
 [  87   10]]
acc: 0.953
f1: 0.175
8,31,coarse : 26.67 seconds
8,31,fine : 26.68 seconds
[[1438  475]
 [  15   82]]
acc: 0.756
f1: 0.251
[[1906    7]
 [  88    9]]
acc: 0.953
f1: 0.159
8,32,coarse : 26.8 seconds
8,32,fine : 26.8 seconds
[[1443  470]
 [  15   82]]
acc: 0.759
f1: 0.253
[[1905    8]
 [  86   11]]
acc: 0.953
f1: 0.190
8,33,coarse : 27.26 seconds
8,33,fine : 27.26 seconds
[[1443  470]
 [  16   81]]
acc: 0.758
f1: 0.250
[[1904    9]
 [  85   12]]
acc: 0.953
f1: 0.203
8,34,coarse : 26.78 seconds
8,34,fine : 26.79 seconds
[[1451  462]
 [  15   82]]
acc: 0.763
f1: 0.256
[[1904    9]
 [  85   12]]
acc: 0.953
f1: 0.203
8,35,coarse : 26.74 seconds
8,35,fine : 26.74 seconds
[[1446  467]
 [  16   81]]
acc: 0.760
f1: 0.251
[[1904    9]
 [  85   12]]
acc: 0.953
f1: 0.203
8,36,coarse : 27.25 seconds
8,36,fine : 27.26 seconds
[[1445  468]
 [  15   82]]
acc: 0.760
f1: 0.253
[[1903   10]
 [  85   12]]
acc: 0.953
f1: 0.202
8,37,coarse : 26.81 seconds
8,37,fine : 26.81 seconds
[[1442  471]
 [  16   81]]
acc: 0.758
f1: 0.250
[[1903   10]
 [  84   13]]
acc: 0.953
f1: 0.217
8,38,coarse : 26.64 seconds
8,38,fine : 26.64 seconds
[[1440  473]
 [  16   81]]
acc: 0.757
f1: 0.249
[[1903   10]
 [  84   13]]
acc: 0.953
f1: 0.217
8,39,coarse : 26.74 seconds
8,39,fine : 26.75 seconds
[[1433  480]
 [  14   83]]
acc: 0.754
f1: 0.252
[[1903   10]
 [  84   13]]
acc: 0.953
f1: 0.217
8,40,coarse : 27.13 seconds
8,40,fine : 27.13 seconds
[[1426  487]
 [  14   83]]
acc: 0.751
f1: 0.249
[[1903   10]
 [  83   14]]
acc: 0.954
f1: 0.231
8,41,coarse : 26.78 seconds
8,41,fine : 26.79 seconds
[[1432  481]
 [  14   83]]
acc: 0.754
f1: 0.251
[[1903   10]
 [  83   14]]
acc: 0.954
f1: 0.231
8,42,coarse : 26.75 seconds
8,42,fine : 26.76 seconds
[[1438  475]
 [  14   83]]
acc: 0.757
f1: 0.253
[[1902   11]
 [  83   14]]
acc: 0.953
f1: 0.230
8,43,coarse : 27.06 seconds
8,43,fine : 27.06 seconds
[[1430  483]
 [  14   83]]
acc: 0.753
f1: 0.250
[[1902   11]
 [  82   15]]
acc: 0.954
f1: 0.244
8,44,coarse : 26.68 seconds
8,44,fine : 26.69 seconds
[[1437  476]
 [  14   83]]
acc: 0.756
f1: 0.253
[[1903   10]
 [  83   14]]
acc: 0.954
f1: 0.231
8,45,coarse : 26.85 seconds
8,45,fine : 26.86 seconds
[[1436  477]
 [  15   82]]
acc: 0.755
f1: 0.250
[[1903   10]
 [  83   14]]
acc: 0.954
f1: 0.231
8,46,coarse : 26.56 seconds
8,46,fine : 26.57 seconds
[[1441  472]
 [  15   82]]
acc: 0.758
f1: 0.252
[[1902   11]
 [  83   14]]
acc: 0.953
f1: 0.230
8,47,coarse : 27.1 seconds
8,47,fine : 27.11 seconds
[[1432  481]
 [  14   83]]
acc: 0.754
f1: 0.251
[[1901   12]
 [  83   14]]
acc: 0.953
f1: 0.228
8,48,coarse : 26.74 seconds
8,48,fine : 26.75 seconds
[[1441  472]
 [  14   83]]
acc: 0.758
f1: 0.255
[[1901   12]
 [  82   15]]
acc: 0.953
f1: 0.242
8,49,coarse : 26.85 seconds
8,49,fine : 26.86 seconds
[[1440  473]
 [  12   85]]
acc: 0.759
f1: 0.260
[[1901   12]
 [  82   15]]
acc: 0.953
f1: 0.242
8,50,coarse : 29.06 seconds
8,50,fine : 29.07 seconds
[[1439  474]
 [  13   84]]
acc: 0.758
f1: 0.256
[[1900   13]
 [  82   15]]
acc: 0.953
f1: 0.240
8,51,coarse : 26.72 seconds
8,51,fine : 26.73 seconds
[[1439  474]
 [  12   85]]
acc: 0.758
f1: 0.259
[[1900   13]
 [  81   16]]
acc: 0.953
f1: 0.254
8,52,coarse : 26.94 seconds
8,52,fine : 26.95 seconds
[[1439  474]
 [  12   85]]
acc: 0.758
f1: 0.259
[[1898   15]
 [  81   16]]
acc: 0.952
f1: 0.250
8,53,coarse : 27.33 seconds
8,53,fine : 27.34 seconds
[[1442  471]
 [  12   85]]
acc: 0.760
f1: 0.260
[[1898   15]
 [  81   16]]
acc: 0.952
f1: 0.250
8,54,coarse : 27.19 seconds
8,54,fine : 27.2 seconds
[[1451  462]
 [  12   85]]
acc: 0.764
f1: 0.264
[[1898   15]
 [  81   16]]
acc: 0.952
f1: 0.250
8,55,coarse : 26.96 seconds
8,55,fine : 26.97 seconds
[[1443  470]
 [  12   85]]
acc: 0.760
f1: 0.261
[[1896   17]
 [  81   16]]
acc: 0.951
f1: 0.246
8,56,coarse : 27.18 seconds
8,56,fine : 27.19 seconds
[[1445  468]
 [  12   85]]
acc: 0.761
f1: 0.262
[[1897   16]
 [  81   16]]
acc: 0.952
f1: 0.248
8,57,coarse : 27.72 seconds
8,57,fine : 27.73 seconds
[[1452  461]
 [  12   85]]
acc: 0.765
f1: 0.264
[[1897   16]
 [  81   16]]
acc: 0.952
f1: 0.248
8,58,coarse : 27.1 seconds
8,58,fine : 27.13 seconds
[[1451  462]
 [  12   85]]
acc: 0.764
f1: 0.264
[[1895   18]
 [  81   16]]
acc: 0.951
f1: 0.244
8,59,coarse : 27.2 seconds
8,59,fine : 27.21 seconds
[[1454  459]
 [  12   85]]
acc: 0.766
f1: 0.265
[[1895   18]
 [  81   16]]
acc: 0.951
f1: 0.244
8,60,coarse : 27.06 seconds
8,60,fine : 27.07 seconds
[[1448  465]
 [  12   85]]
acc: 0.763
f1: 0.263
[[1895   18]
 [  81   16]]
acc: 0.951
f1: 0.244
8,61,coarse : 27.11 seconds
8,61,fine : 27.12 seconds
[[1449  464]
 [  12   85]]
acc: 0.763
f1: 0.263
[[1895   18]
 [  81   16]]
acc: 0.951
f1: 0.244
8,62,coarse : 27.91 seconds
8,62,fine : 27.92 seconds
[[1450  463]
 [  12   85]]
acc: 0.764
f1: 0.264
[[1895   18]
 [  81   16]]
acc: 0.951
f1: 0.244
8,63,coarse : 27.09 seconds
8,63,fine : 27.1 seconds
[[1461  452]
 [  12   85]]
acc: 0.769
f1: 0.268
[[1895   18]
 [  81   16]]
acc: 0.951
f1: 0.244
8,64,coarse : 27.27 seconds
8,64,fine : 27.28 seconds
[[1457  456]
 [  12   85]]
acc: 0.767
f1: 0.266
[[1894   19]
 [  81   16]]
acc: 0.950
f1: 0.242
8,65,coarse : 27.15 seconds
8,65,fine : 27.16 seconds
[[1457  456]
 [  13   84]]
acc: 0.767
f1: 0.264
[[1894   19]
 [  81   16]]
acc: 0.950
f1: 0.242
8,66,coarse : 27.92 seconds
8,66,fine : 27.93 seconds
[[1451  462]
 [  12   85]]
acc: 0.764
f1: 0.264
[[1895   18]
 [  80   17]]
acc: 0.951
f1: 0.258
8,67,coarse : 27.35 seconds
8,67,fine : 27.36 seconds
[[1453  460]
 [  12   85]]
acc: 0.765
f1: 0.265
[[1894   19]
 [  79   18]]
acc: 0.951
f1: 0.269
8,68,coarse : 27.35 seconds
8,68,fine : 27.37 seconds
[[1452  461]
 [  12   85]]
acc: 0.765
f1: 0.264
[[1894   19]
 [  79   18]]
acc: 0.951
f1: 0.269
8,69,coarse : 27.26 seconds
8,69,fine : 27.27 seconds
[[1446  467]
 [  12   85]]
acc: 0.762
f1: 0.262
[[1894   19]
 [  79   18]]
acc: 0.951
f1: 0.269
8,70,coarse : 27.55 seconds
8,70,fine : 27.56 seconds
[[1443  470]
 [  12   85]]
acc: 0.760
f1: 0.261
[[1894   19]
 [  79   18]]
acc: 0.951
f1: 0.269
8,71,coarse : 27.78 seconds
8,71,fine : 27.79 seconds
[[1443  470]
 [  12   85]]
acc: 0.760
f1: 0.261
[[1894   19]
 [  79   18]]
acc: 0.951
f1: 0.269
8,72,coarse : 27.43 seconds
8,72,fine : 27.44 seconds
[[1445  468]
 [  12   85]]
acc: 0.761
f1: 0.262
[[1894   19]
 [  78   19]]
acc: 0.952
f1: 0.281
8,73,coarse : 27.39 seconds
8,73,fine : 27.4 seconds
[[1444  469]
 [  12   85]]
acc: 0.761
f1: 0.261
[[1893   20]
 [  78   19]]
acc: 0.951
f1: 0.279
8,74,coarse : 27.62 seconds
8,74,fine : 27.64 seconds
[[1451  462]
 [  12   85]]
acc: 0.764
f1: 0.264
[[1892   21]
 [  78   19]]
acc: 0.951
f1: 0.277
8,75,coarse : 27.75 seconds
8,75,fine : 27.76 seconds
[[1451  462]
 [  12   85]]
acc: 0.764
f1: 0.264
[[1892   21]
 [  78   19]]
acc: 0.951
f1: 0.277
8,76,coarse : 27.59 seconds
8,76,fine : 27.6 seconds
[[1457  456]
 [  12   85]]
acc: 0.767
f1: 0.266
[[1892   21]
 [  79   18]]
acc: 0.950
f1: 0.265
8,77,coarse : 27.35 seconds
8,77,fine : 27.36 seconds
[[1453  460]
 [  12   85]]
acc: 0.765
f1: 0.265
[[1892   21]
 [  79   18]]
acc: 0.950
f1: 0.265
8,78,coarse : 27.32 seconds
8,78,fine : 27.33 seconds
[[1452  461]
 [  12   85]]
acc: 0.765
f1: 0.264
[[1891   22]
 [  78   19]]
acc: 0.950
f1: 0.275
8,79,coarse : 27.6 seconds
8,79,fine : 27.62 seconds
[[1456  457]
 [  12   85]]
acc: 0.767
f1: 0.266
[[1891   22]
 [  78   19]]
acc: 0.950
f1: 0.275
8,80,coarse : 27.77 seconds
8,80,fine : 27.78 seconds
[[1459  454]
 [  12   85]]
acc: 0.768
f1: 0.267
[[1890   23]
 [  77   20]]
acc: 0.950
f1: 0.286
8,81,coarse : 27.19 seconds
8,81,fine : 27.2 seconds
[[1460  453]
 [  12   85]]
acc: 0.769
f1: 0.268
[[1890   23]
 [  77   20]]
acc: 0.950
f1: 0.286
8,82,coarse : 27.34 seconds
8,82,fine : 27.35 seconds
[[1455  458]
 [  12   85]]
acc: 0.766
f1: 0.266
[[1889   24]
 [  77   20]]
acc: 0.950
f1: 0.284
8,83,coarse : 27.14 seconds
8,83,fine : 27.16 seconds
[[1455  458]
 [  12   85]]
acc: 0.766
f1: 0.266
[[1889   24]
 [  76   21]]
acc: 0.950
f1: 0.296
8,84,coarse : 27.57 seconds
8,84,fine : 27.58 seconds
[[1456  457]
 [  12   85]]
acc: 0.767
f1: 0.266
[[1888   25]
 [  76   21]]
acc: 0.950
f1: 0.294
8,85,coarse : 28.01 seconds
8,85,fine : 28.02 seconds
[[1452  461]
 [  12   85]]
acc: 0.765
f1: 0.264
[[1887   26]
 [  76   21]]
acc: 0.949
f1: 0.292
8,86,coarse : 28.1 seconds
8,86,fine : 28.11 seconds
[[1458  455]
 [  12   85]]
acc: 0.768
f1: 0.267
[[1887   26]
 [  76   21]]
acc: 0.949
f1: 0.292
8,87,coarse : 27.68 seconds
8,87,fine : 27.69 seconds
[[1459  454]
 [  12   85]]
acc: 0.768
f1: 0.267
[[1886   27]
 [  75   22]]
acc: 0.949
f1: 0.301
8,88,coarse : 27.88 seconds
8,88,fine : 27.89 seconds
[[1467  446]
 [  12   85]]
acc: 0.772
f1: 0.271
[[1885   28]
 [  74   23]]
acc: 0.949
f1: 0.311
8,89,coarse : 27.98 seconds
8,89,fine : 27.99 seconds
[[1472  441]
 [  12   85]]
acc: 0.775
f1: 0.273
[[1884   29]
 [  74   23]]
acc: 0.949
f1: 0.309
8,90,coarse : 27.63 seconds
8,90,fine : 27.64 seconds
[[1467  446]
 [  12   85]]
acc: 0.772
f1: 0.271
[[1883   30]
 [  74   23]]
acc: 0.948
f1: 0.307
8,91,coarse : 27.72 seconds
8,91,fine : 27.73 seconds
[[1472  441]
 [  12   85]]
acc: 0.775
f1: 0.273
[[1883   30]
 [  74   23]]
acc: 0.948
f1: 0.307
8,92,coarse : 28.06 seconds
8,92,fine : 28.07 seconds
[[1469  444]
 [  12   85]]
acc: 0.773
f1: 0.272
[[1882   31]
 [  74   23]]
acc: 0.948
f1: 0.305
8,93,coarse : 27.44 seconds
8,93,fine : 27.45 seconds
[[1478  435]
 [  12   85]]
acc: 0.778
f1: 0.276
[[1880   33]
 [  72   25]]
acc: 0.948
f1: 0.323
8,94,coarse : 28.2 seconds
8,94,fine : 28.21 seconds
[[1476  437]
 [  12   85]]
acc: 0.777
f1: 0.275
[[1881   32]
 [  71   26]]
acc: 0.949
f1: 0.335
8,95,coarse : 27.5 seconds
8,95,fine : 27.52 seconds
[[1487  426]
 [  12   85]]
acc: 0.782
f1: 0.280
[[1880   33]
 [  70   27]]
acc: 0.949
f1: 0.344
8,96,coarse : 27.89 seconds
8,96,fine : 27.9 seconds
[[1483  430]
 [  12   85]]
acc: 0.780
f1: 0.278
[[1880   33]
 [  70   27]]
acc: 0.949
f1: 0.344
8,97,coarse : 28.08 seconds
8,97,fine : 28.1 seconds
[[1482  431]
 [  12   85]]
acc: 0.780
f1: 0.277
[[1878   35]
 [  70   27]]
acc: 0.948
f1: 0.340
8,98,coarse : 29.22 seconds
8,98,fine : 29.24 seconds
[[1484  429]
 [  12   85]]
acc: 0.781
f1: 0.278
[[1878   35]
 [  70   27]]
acc: 0.948
f1: 0.340
8,99,coarse : 28.0 seconds
8,99,fine : 28.02 seconds
[[1477  436]
 [  13   84]]
acc: 0.777
f1: 0.272
[[1879   34]
 [  71   26]]
acc: 0.948
f1: 0.331
8,100,coarse : 30.2 seconds
8,100,fine : 30.21 seconds
[[1474  439]
 [  13   84]]
acc: 0.775
f1: 0.271
[[1879   34]
 [  70   27]]
acc: 0.948
f1: 0.342
8,101,coarse : 28.04 seconds
8,101,fine : 28.06 seconds
[[1476  437]
 [  12   85]]
acc: 0.777
f1: 0.275
[[1879   34]
 [  70   27]]
acc: 0.948
f1: 0.342
8,102,coarse : 28.87 seconds
8,102,fine : 28.88 seconds
[[1468  445]
 [  14   83]]
acc: 0.772
f1: 0.266
[[1877   36]
 [  70   27]]
acc: 0.947
f1: 0.338
8,103,coarse : 28.29 seconds
8,103,fine : 28.31 seconds
[[1470  443]
 [  14   83]]
acc: 0.773
f1: 0.266
[[1877   36]
 [  70   27]]
acc: 0.947
f1: 0.338
8,104,coarse : 28.42 seconds
8,104,fine : 28.44 seconds
[[1465  448]
 [  14   83]]
acc: 0.770
f1: 0.264
[[1875   38]
 [  70   27]]
acc: 0.946
f1: 0.333
8,105,coarse : 27.98 seconds
8,105,fine : 27.99 seconds
[[1467  446]
 [  13   84]]
acc: 0.772
f1: 0.268
[[1875   38]
 [  70   27]]
acc: 0.946
f1: 0.333
8,106,coarse : 26.77 seconds
8,106,fine : 26.78 seconds
[[1465  448]
 [  14   83]]
acc: 0.770
f1: 0.264
[[1875   38]
 [  69   28]]
acc: 0.947
f1: 0.344
8,107,coarse : 26.54 seconds
8,107,fine : 26.56 seconds
[[1462  451]
 [  13   84]]
acc: 0.769
f1: 0.266
[[1873   40]
 [  69   28]]
acc: 0.946
f1: 0.339
8,108,coarse : 26.64 seconds
8,108,fine : 26.66 seconds
[[1467  446]
 [  14   83]]
acc: 0.771
f1: 0.265
[[1874   39]
 [  69   28]]
acc: 0.946
f1: 0.341
8,109,coarse : 26.81 seconds
8,109,fine : 26.82 seconds
[[1469  444]
 [  14   83]]
acc: 0.772
f1: 0.266
[[1873   40]
 [  69   28]]
acc: 0.946
f1: 0.339
8,110,coarse : 27.07 seconds
8,110,fine : 27.08 seconds
[[1467  446]
 [  14   83]]
acc: 0.771
f1: 0.265
[[1872   41]
 [  69   28]]
acc: 0.945
f1: 0.337
8,111,coarse : 27.0 seconds
8,111,fine : 27.02 seconds
[[1466  447]
 [  14   83]]
acc: 0.771
f1: 0.265
[[1872   41]
 [  68   29]]
acc: 0.946
f1: 0.347
8,112,coarse : 26.88 seconds
8,112,fine : 26.9 seconds
[[1468  445]
 [  13   84]]
acc: 0.772
f1: 0.268
[[1872   41]
 [  68   29]]
acc: 0.946
f1: 0.347
8,113,coarse : 26.56 seconds
8,113,fine : 26.57 seconds
[[1468  445]
 [  13   84]]
acc: 0.772
f1: 0.268
[[1871   42]
 [  67   30]]
acc: 0.946
f1: 0.355
8,114,coarse : 27.0 seconds
8,114,fine : 27.02 seconds
[[1464  449]
 [  13   84]]
acc: 0.770
f1: 0.267
[[1871   42]
 [  67   30]]
acc: 0.946
f1: 0.355
8,115,coarse : 26.7 seconds
8,115,fine : 26.72 seconds
[[1463  450]
 [  13   84]]
acc: 0.770
f1: 0.266
[[1870   43]
 [  67   30]]
acc: 0.945
f1: 0.353
8,116,coarse : 26.65 seconds
8,116,fine : 26.66 seconds
[[1470  443]
 [  13   84]]
acc: 0.773
f1: 0.269
[[1870   43]
 [  65   32]]
acc: 0.946
f1: 0.372
8,117,coarse : 26.78 seconds
8,117,fine : 26.8 seconds
[[1470  443]
 [  13   84]]
acc: 0.773
f1: 0.269
[[1870   43]
 [  65   32]]
acc: 0.946
f1: 0.372
8,118,coarse : 27.04 seconds
8,118,fine : 27.06 seconds
[[1471  442]
 [  12   85]]
acc: 0.774
f1: 0.272
[[1871   42]
 [  65   32]]
acc: 0.947
f1: 0.374
8,119,coarse : 26.84 seconds
8,119,fine : 26.85 seconds
[[1475  438]
 [  14   83]]
acc: 0.775
f1: 0.269
[[1869   44]
 [  65   32]]
acc: 0.946
f1: 0.370
8,120,coarse : 26.89 seconds
8,120,fine : 26.92 seconds
[[1470  443]
 [  14   83]]
acc: 0.773
f1: 0.266
[[1867   46]
 [  65   32]]
acc: 0.945
f1: 0.366
8,121,coarse : 26.88 seconds
8,121,fine : 26.9 seconds
[[1474  439]
 [  15   82]]
acc: 0.774
f1: 0.265
[[1867   46]
 [  65   32]]
acc: 0.945
f1: 0.366
8,122,coarse : 27.08 seconds
8,122,fine : 27.09 seconds
[[1475  438]
 [  14   83]]
acc: 0.775
f1: 0.269
[[1868   45]
 [  63   34]]
acc: 0.946
f1: 0.386
8,123,coarse : 27.04 seconds
8,123,fine : 27.05 seconds
[[1476  437]
 [  14   83]]
acc: 0.776
f1: 0.269
[[1866   47]
 [  63   34]]
acc: 0.945
f1: 0.382
8,124,coarse : 27.07 seconds
8,124,fine : 27.08 seconds
[[1474  439]
 [  15   82]]
acc: 0.774
f1: 0.265
[[1866   47]
 [  63   34]]
acc: 0.945
f1: 0.382
8,125,coarse : 26.97 seconds
8,125,fine : 26.99 seconds
[[1473  440]
 [  15   82]]
acc: 0.774
f1: 0.265
[[1866   47]
 [  63   34]]
acc: 0.945
f1: 0.382
8,126,coarse : 27.47 seconds
8,126,fine : 27.49 seconds
[[1475  438]
 [  15   82]]
acc: 0.775
f1: 0.266
[[1864   49]
 [  63   34]]
acc: 0.944
f1: 0.378
8,127,coarse : 27.16 seconds
8,127,fine : 27.18 seconds
[[1478  435]
 [  15   82]]
acc: 0.776
f1: 0.267
[[1864   49]
 [  64   33]]
acc: 0.944
f1: 0.369
8,128,coarse : 27.39 seconds
8,128,fine : 27.41 seconds
[[1476  437]
 [  15   82]]
acc: 0.775
f1: 0.266
[[1861   52]
 [  64   33]]
acc: 0.942
f1: 0.363
8,129,coarse : 27.66 seconds
8,129,fine : 27.68 seconds
[[1478  435]
 [  15   82]]
acc: 0.776
f1: 0.267
[[1861   52]
 [  63   34]]
acc: 0.943
f1: 0.372
8,130,coarse : 27.47 seconds
8,130,fine : 27.49 seconds
[[1479  434]
 [  15   82]]
acc: 0.777
f1: 0.268
[[1861   52]
 [  63   34]]
acc: 0.943
f1: 0.372
8,131,coarse : 27.79 seconds
8,131,fine : 27.81 seconds
[[1473  440]
 [  15   82]]
acc: 0.774
f1: 0.265
[[1861   52]
 [  63   34]]
acc: 0.943
f1: 0.372
8,132,coarse : 27.27 seconds
8,132,fine : 27.29 seconds
[[1474  439]
 [  15   82]]
acc: 0.774
f1: 0.265
[[1860   53]
 [  63   34]]
acc: 0.942
f1: 0.370
8,133,coarse : 27.78 seconds
8,133,fine : 27.79 seconds
[[1475  438]
 [  15   82]]
acc: 0.775
f1: 0.266
[[1860   53]
 [  63   34]]
acc: 0.942
f1: 0.370
8,134,coarse : 27.22 seconds
8,134,fine : 27.24 seconds
[[1477  436]
 [  15   82]]
acc: 0.776
f1: 0.267
[[1860   53]
 [  63   34]]
acc: 0.942
f1: 0.370
8,135,coarse : 27.3 seconds
8,135,fine : 27.32 seconds
[[1477  436]
 [  15   82]]
acc: 0.776
f1: 0.267
[[1857   56]
 [  62   35]]
acc: 0.941
f1: 0.372
8,136,coarse : 27.37 seconds
8,136,fine : 27.39 seconds
[[1475  438]
 [  15   82]]
acc: 0.775
f1: 0.266
[[1856   57]
 [  62   35]]
acc: 0.941
f1: 0.370
8,137,coarse : 27.43 seconds
8,137,fine : 27.46 seconds
[[1475  438]
 [  15   82]]
acc: 0.775
f1: 0.266
[[1856   57]
 [  61   36]]
acc: 0.941
f1: 0.379
8,138,coarse : 27.53 seconds
8,138,fine : 27.55 seconds
[[1466  447]
 [  15   82]]
acc: 0.770
f1: 0.262
[[1855   58]
 [  61   36]]
acc: 0.941
f1: 0.377
8,139,coarse : 27.57 seconds
8,139,fine : 27.59 seconds
[[1466  447]
 [  15   82]]
acc: 0.770
f1: 0.262
[[1856   57]
 [  61   36]]
acc: 0.941
f1: 0.379
8,140,coarse : 27.97 seconds
8,140,fine : 27.99 seconds
[[1466  447]
 [  14   83]]
acc: 0.771
f1: 0.265
[[1858   55]
 [  62   35]]
acc: 0.942
f1: 0.374
8,141,coarse : 28.0 seconds
8,141,fine : 28.02 seconds
[[1461  452]
 [  13   84]]
acc: 0.769
f1: 0.265
[[1857   56]
 [  62   35]]
acc: 0.941
f1: 0.372
8,142,coarse : 27.89 seconds
8,142,fine : 27.91 seconds
[[1460  453]
 [  14   83]]
acc: 0.768
f1: 0.262
[[1855   58]
 [  62   35]]
acc: 0.940
f1: 0.368
8,143,coarse : 28.05 seconds
8,143,fine : 28.07 seconds
[[1460  453]
 [  14   83]]
acc: 0.768
f1: 0.262
[[1855   58]
 [  62   35]]
acc: 0.940
f1: 0.368
8,144,coarse : 27.8 seconds
8,144,fine : 27.82 seconds
[[1458  455]
 [  13   84]]
acc: 0.767
f1: 0.264
[[1853   60]
 [  62   35]]
acc: 0.939
f1: 0.365
8,145,coarse : 28.36 seconds
8,145,fine : 28.38 seconds
[[1459  454]
 [  13   84]]
acc: 0.768
f1: 0.265
[[1851   62]
 [  62   35]]
acc: 0.938
f1: 0.361
8,146,coarse : 28.93 seconds
8,146,fine : 28.95 seconds
[[1459  454]
 [  15   82]]
acc: 0.767
f1: 0.259
[[1850   63]
 [  62   35]]
acc: 0.938
f1: 0.359
8,147,coarse : 28.3 seconds
8,147,fine : 28.32 seconds
[[1458  455]
 [  14   83]]
acc: 0.767
f1: 0.261
[[1848   65]
 [  62   35]]
acc: 0.937
f1: 0.355
8,148,coarse : 28.62 seconds
8,148,fine : 28.63 seconds
[[1457  456]
 [  14   83]]
acc: 0.766
f1: 0.261
[[1848   65]
 [  62   35]]
acc: 0.937
f1: 0.355
8,149,coarse : 27.98 seconds
8,149,fine : 28.0 seconds
[[1456  457]
 [  13   84]]
acc: 0.766
f1: 0.263
[[1848   65]
 [  62   35]]
acc: 0.937
f1: 0.355
8,150,coarse : 29.74 seconds
8,150,fine : 29.76 seconds
[[1453  460]
 [  15   82]]
acc: 0.764
f1: 0.257
[[1846   67]
 [  61   36]]
acc: 0.936
f1: 0.360
8,151,coarse : 28.12 seconds
8,151,fine : 28.14 seconds
[[1458  455]
 [  15   82]]
acc: 0.766
f1: 0.259
[[1846   67]
 [  61   36]]
acc: 0.936
f1: 0.360
8,152,coarse : 28.44 seconds
8,152,fine : 28.46 seconds
[[1461  452]
 [  15   82]]
acc: 0.768
f1: 0.260
[[1843   70]
 [  61   36]]
acc: 0.935
f1: 0.355
8,153,coarse : 28.26 seconds
8,153,fine : 28.27 seconds
[[1459  454]
 [  15   82]]
acc: 0.767
f1: 0.259
[[1843   70]
 [  61   36]]
acc: 0.935
f1: 0.355
8,154,coarse : 28.12 seconds
8,154,fine : 28.14 seconds
[[1461  452]
 [  15   82]]
acc: 0.768
f1: 0.260
[[1843   70]
 [  61   36]]
acc: 0.935
f1: 0.355
8,155,coarse : 28.57 seconds
8,155,fine : 28.59 seconds
[[1464  449]
 [  15   82]]
acc: 0.769
f1: 0.261
[[1842   71]
 [  61   36]]
acc: 0.934
f1: 0.353
8,156,coarse : 28.56 seconds
8,156,fine : 28.58 seconds
[[1463  450]
 [  15   82]]
acc: 0.769
f1: 0.261
[[1842   71]
 [  61   36]]
acc: 0.934
f1: 0.353
8,157,coarse : 28.48 seconds
8,157,fine : 28.5 seconds
[[1468  445]
 [  15   82]]
acc: 0.771
f1: 0.263
[[1842   71]
 [  61   36]]
acc: 0.934
f1: 0.353
8,158,coarse : 28.96 seconds
8,158,fine : 28.98 seconds
[[1466  447]
 [  16   81]]
acc: 0.770
f1: 0.259
[[1841   72]
 [  61   36]]
acc: 0.934
f1: 0.351
8,159,coarse : 29.21 seconds
8,159,fine : 29.23 seconds
[[1468  445]
 [  16   81]]
acc: 0.771
f1: 0.260
[[1841   72]
 [  60   37]]
acc: 0.934
f1: 0.359
8,160,coarse : 29.02 seconds
8,160,fine : 29.04 seconds
[[1468  445]
 [  16   81]]
acc: 0.771
f1: 0.260
[[1840   73]
 [  59   38]]
acc: 0.934
f1: 0.365
8,161,coarse : 28.52 seconds
8,161,fine : 28.54 seconds
[[1473  440]
 [  15   82]]
acc: 0.774
f1: 0.265
[[1840   73]
 [  59   38]]
acc: 0.934
f1: 0.365
8,162,coarse : 28.51 seconds
8,162,fine : 28.53 seconds
[[1470  443]
 [  15   82]]
acc: 0.772
f1: 0.264
[[1841   72]
 [  59   38]]
acc: 0.935
f1: 0.367
8,163,coarse : 28.63 seconds
8,163,fine : 28.65 seconds
[[1467  446]
 [  15   82]]
acc: 0.771
f1: 0.262
[[1840   73]
 [  59   38]]
acc: 0.934
f1: 0.365
8,164,coarse : 28.85 seconds
8,164,fine : 28.87 seconds
[[1468  445]
 [  15   82]]
acc: 0.771
f1: 0.263
[[1840   73]
 [  59   38]]
acc: 0.934
f1: 0.365
8,165,coarse : 29.15 seconds
8,165,fine : 29.17 seconds
[[1471  442]
 [  15   82]]
acc: 0.773
f1: 0.264
[[1839   74]
 [  59   38]]
acc: 0.934
f1: 0.364
8,166,coarse : 28.71 seconds
8,166,fine : 28.73 seconds
[[1473  440]
 [  15   82]]
acc: 0.774
f1: 0.265
[[1839   74]
 [  57   40]]
acc: 0.935
f1: 0.379
8,167,coarse : 28.76 seconds
8,167,fine : 28.78 seconds
[[1475  438]
 [  15   82]]
acc: 0.775
f1: 0.266
[[1839   74]
 [  57   40]]
acc: 0.935
f1: 0.379
8,168,coarse : 28.63 seconds
8,168,fine : 28.65 seconds
[[1475  438]
 [  15   82]]
acc: 0.775
f1: 0.266
[[1838   75]
 [  57   40]]
acc: 0.934
f1: 0.377
8,169,coarse : 28.77 seconds
8,169,fine : 28.79 seconds
[[1474  439]
 [  15   82]]
acc: 0.774
f1: 0.265
[[1838   75]
 [  57   40]]
acc: 0.934
f1: 0.377
8,170,coarse : 29.0 seconds
8,170,fine : 29.02 seconds
[[1473  440]
 [  15   82]]
acc: 0.774
f1: 0.265
[[1838   75]
 [  57   40]]
acc: 0.934
f1: 0.377
8,171,coarse : 29.41 seconds
8,171,fine : 29.43 seconds
[[1475  438]
 [  15   82]]
acc: 0.775
f1: 0.266
[[1839   74]
 [  57   40]]
acc: 0.935
f1: 0.379
8,172,coarse : 30.1 seconds
8,172,fine : 30.13 seconds
