all           0      1    2    3    4    5    6    7    8    
1      2010   1914   1    19   32   19   1    11   6    7    
2      2010   1914   1    19   32   19   1    11   6    7    
3      2010   1914   1    19   32   19   1    11   5    8    
4      2010   1914   1    19   32   19   1    10   6    8    
5      2010   1914   1    18   33   19   1    10   6    8    
6      2010   1914   1    18   33   19   1    10   6    8    
7      2010   1913   2    18   33   19   1    10   6    8    
8      2010   1913   2    18   33   19   1    10   6    8    
9      2009   1913   2    18   32   19   2    10   6    7    
10     2009   1913   1    19   32   19   1    11   6    7    
Total  20098  19136  13   185  324  190  11   104  59   76   
train         0      1    2    3    4    5    6    7    8    
2      2010   1914   1    19   32   19   1    11   6    7    
3      2010   1914   1    19   32   19   1    11   5    8    
4      2010   1914   1    19   32   19   1    10   6    8    
5      2010   1914   1    18   33   19   1    10   6    8    
6      2010   1914   1    18   33   19   1    10   6    8    
7      2010   1913   2    18   33   19   1    10   6    8    
8      2010   1913   2    18   33   19   1    10   6    8    
9      2009   1913   2    18   32   19   2    10   6    7    
10     2009   1913   1    19   32   19   1    11   6    7    
Total  18088  17222  12   166  292  171  10   93   53   69   
test          0      1    2    3    4    5    6    7    8    
1      2010   1914   1    19   32   19   1    11   6    7    
Total  2010   1914   1    19   32   19   1    11   6    7    
Classes             
0         17222     
1         12        
2         166       
3         292       
4         171       
5         10        
6         93        
7         53        
8         69        
Total     18088     

Shape: 450       

[952, 10, 11, 16, 11, 10, 10, 10, 10]
Sum start => 1040
[[1191  723]
 [  16   80]]
acc: 0.632
f1: 0.178
[[1887   27]
 [  85   11]]
acc: 0.944
f1: 0.164
1,1,coarse : 27.67 seconds
1,1,fine : 27.68 seconds
[[1191  723]
 [  16   80]]
acc: 0.632
f1: 0.178
[[1887   27]
 [  85   11]]
acc: 0.944
f1: 0.164
1,2,coarse : 29.25 seconds
1,2,fine : 29.25 seconds
[[1236  678]
 [  16   80]]
acc: 0.655
f1: 0.187
[[1892   22]
 [  85   11]]
acc: 0.947
f1: 0.171
1,3,coarse : 3.57 seconds
1,3,fine : 3.57 seconds
[[1263  651]
 [  16   80]]
acc: 0.668
f1: 0.193
[[1892   22]
 [  85   11]]
acc: 0.947
f1: 0.171
1,4,coarse : 3.66 seconds
1,4,fine : 3.67 seconds
[[1289  625]
 [  16   80]]
acc: 0.681
f1: 0.200
[[1898   16]
 [  87    9]]
acc: 0.949
f1: 0.149
1,5,coarse : 3.78 seconds
1,5,fine : 3.79 seconds
[[1305  609]
 [  16   80]]
acc: 0.689
f1: 0.204
[[1902   12]
 [  88    8]]
acc: 0.950
f1: 0.138
1,6,coarse : 4.13 seconds
1,6,fine : 4.13 seconds
[[1303  611]
 [  16   80]]
acc: 0.688
f1: 0.203
[[1902   12]
 [  88    8]]
acc: 0.950
f1: 0.138
1,7,coarse : 4.14 seconds
1,7,fine : 4.14 seconds
[[1320  594]
 [  16   80]]
acc: 0.697
f1: 0.208
[[1902   12]
 [  88    8]]
acc: 0.950
f1: 0.138
1,8,coarse : 4.11 seconds
1,8,fine : 4.12 seconds
[[1318  596]
 [  16   80]]
acc: 0.696
f1: 0.207
[[1903   11]
 [  90    6]]
acc: 0.950
f1: 0.106
1,9,coarse : 4.39 seconds
1,9,fine : 4.4 seconds
[[1332  582]
 [  16   80]]
acc: 0.702
f1: 0.211
[[1903   11]
 [  89    7]]
acc: 0.950
f1: 0.123
1,10,coarse : 4.67 seconds
1,10,fine : 4.68 seconds
[[1334  580]
 [  16   80]]
acc: 0.703
f1: 0.212
[[1903   11]
 [  89    7]]
acc: 0.950
f1: 0.123
1,11,coarse : 4.58 seconds
1,11,fine : 4.58 seconds
[[1334  580]
 [  16   80]]
acc: 0.703
f1: 0.212
[[1903   11]
 [  88    8]]
acc: 0.951
f1: 0.139
1,12,coarse : 4.68 seconds
1,12,fine : 4.68 seconds
[[1354  560]
 [  15   81]]
acc: 0.714
f1: 0.220
[[1904   10]
 [  87    9]]
acc: 0.952
f1: 0.157
1,13,coarse : 4.99 seconds
1,13,fine : 5.0 seconds
[[1338  576]
 [  16   80]]
acc: 0.705
f1: 0.213
[[1901   13]
 [  90    6]]
acc: 0.949
f1: 0.104
1,14,coarse : 5.11 seconds
1,14,fine : 5.12 seconds
[[1343  571]
 [  16   80]]
acc: 0.708
f1: 0.214
[[1904   10]
 [  84   12]]
acc: 0.953
f1: 0.203
1,15,coarse : 5.21 seconds
1,15,fine : 5.22 seconds
[[1347  567]
 [  16   80]]
acc: 0.710
f1: 0.215
[[1904   10]
 [  83   13]]
acc: 0.954
f1: 0.218
1,16,coarse : 5.39 seconds
1,16,fine : 5.4 seconds
[[1347  567]
 [  16   80]]
acc: 0.710
f1: 0.215
[[1904   10]
 [  83   13]]
acc: 0.954
f1: 0.218
1,17,coarse : 5.43 seconds
1,17,fine : 5.43 seconds
[[1330  584]
 [  16   80]]
acc: 0.701
f1: 0.211
[[1904   10]
 [  83   13]]
acc: 0.954
f1: 0.218
1,18,coarse : 5.8 seconds
1,18,fine : 5.8 seconds
[[1348  566]
 [  15   81]]
acc: 0.711
f1: 0.218
[[1902   12]
 [  83   13]]
acc: 0.953
f1: 0.215
1,19,coarse : 5.75 seconds
1,19,fine : 5.76 seconds
[[1342  572]
 [  15   81]]
acc: 0.708
f1: 0.216
[[1898   16]
 [  78   18]]
acc: 0.953
f1: 0.277
1,20,coarse : 5.85 seconds
1,20,fine : 5.86 seconds
[[1343  571]
 [  15   81]]
acc: 0.708
f1: 0.217
[[1897   17]
 [  79   17]]
acc: 0.952
f1: 0.262
1,21,coarse : 6.36 seconds
1,21,fine : 6.36 seconds
[[1336  578]
 [  14   82]]
acc: 0.705
f1: 0.217
[[1894   20]
 [  81   15]]
acc: 0.950
f1: 0.229
1,22,coarse : 6.31 seconds
1,22,fine : 6.31 seconds
[[1332  582]
 [  15   81]]
acc: 0.703
f1: 0.213
[[1896   18]
 [  81   15]]
acc: 0.951
f1: 0.233
1,23,coarse : 6.59 seconds
1,23,fine : 6.59 seconds
[[1344  570]
 [  15   81]]
acc: 0.709
f1: 0.217
[[1895   19]
 [  78   18]]
acc: 0.952
f1: 0.271
1,24,coarse : 6.61 seconds
1,24,fine : 6.62 seconds
[[1352  562]
 [  15   81]]
acc: 0.713
f1: 0.219
[[1897   17]
 [  79   17]]
acc: 0.952
f1: 0.262
1,25,coarse : 7.09 seconds
1,25,fine : 7.09 seconds
[[1358  556]
 [  14   82]]
acc: 0.716
f1: 0.223
[[1892   22]
 [  76   20]]
acc: 0.951
f1: 0.290
1,26,coarse : 6.89 seconds
1,26,fine : 6.89 seconds
[[1369  545]
 [  14   82]]
acc: 0.722
f1: 0.227
[[1897   17]
 [  76   20]]
acc: 0.954
f1: 0.301
1,27,coarse : 7.18 seconds
1,27,fine : 7.19 seconds
[[1351  563]
 [  14   82]]
acc: 0.713
f1: 0.221
[[1893   21]
 [  78   18]]
acc: 0.951
f1: 0.267
1,28,coarse : 7.24 seconds
1,28,fine : 7.25 seconds
[[1358  556]
 [  14   82]]
acc: 0.716
f1: 0.223
[[1893   21]
 [  73   23]]
acc: 0.953
f1: 0.329
1,29,coarse : 7.78 seconds
1,29,fine : 7.79 seconds
[[1352  562]
 [  14   82]]
acc: 0.713
f1: 0.222
[[1893   21]
 [  73   23]]
acc: 0.953
f1: 0.329
1,30,coarse : 7.58 seconds
1,30,fine : 7.59 seconds
[[1359  555]
 [  14   82]]
acc: 0.717
f1: 0.224
[[1893   21]
 [  72   24]]
acc: 0.954
f1: 0.340
1,31,coarse : 7.8 seconds
1,31,fine : 7.81 seconds
[[1355  559]
 [  12   84]]
acc: 0.716
f1: 0.227
[[1893   21]
 [  72   24]]
acc: 0.954
f1: 0.340
1,32,coarse : 7.97 seconds
1,32,fine : 7.98 seconds
[[1366  548]
 [  12   84]]
acc: 0.721
f1: 0.231
[[1892   22]
 [  74   22]]
acc: 0.952
f1: 0.314
1,33,coarse : 8.37 seconds
1,33,fine : 8.38 seconds
[[1363  551]
 [  14   82]]
acc: 0.719
f1: 0.225
[[1893   21]
 [  73   23]]
acc: 0.953
f1: 0.329
1,34,coarse : 8.26 seconds
1,34,fine : 8.26 seconds
[[1369  545]
 [  15   81]]
acc: 0.721
f1: 0.224
[[1891   23]
 [  72   24]]
acc: 0.953
f1: 0.336
1,35,coarse : 8.4 seconds
1,35,fine : 8.41 seconds
[[1375  539]
 [  15   81]]
acc: 0.724
f1: 0.226
[[1879   35]
 [  69   27]]
acc: 0.948
f1: 0.342
1,36,coarse : 8.48 seconds
1,36,fine : 8.49 seconds
[[1380  534]
 [  15   81]]
acc: 0.727
f1: 0.228
[[1876   38]
 [  65   31]]
acc: 0.949
f1: 0.376
1,37,coarse : 8.8 seconds
1,37,fine : 8.8 seconds
[[1377  537]
 [  15   81]]
acc: 0.725
f1: 0.227
[[1873   41]
 [  64   32]]
acc: 0.948
f1: 0.379
1,38,coarse : 8.83 seconds
1,38,fine : 8.84 seconds
[[1381  533]
 [  15   81]]
acc: 0.727
f1: 0.228
[[1870   44]
 [  62   34]]
acc: 0.947
f1: 0.391
1,39,coarse : 8.88 seconds
1,39,fine : 8.89 seconds
[[1383  531]
 [  14   82]]
acc: 0.729
f1: 0.231
[[1868   46]
 [  60   36]]
acc: 0.947
f1: 0.404
1,40,coarse : 9.52 seconds
1,40,fine : 9.53 seconds
[[1373  541]
 [  15   81]]
acc: 0.723
f1: 0.226
[[1869   45]
 [  61   35]]
acc: 0.947
f1: 0.398
1,41,coarse : 9.29 seconds
1,41,fine : 9.3 seconds
[[1370  544]
 [  15   81]]
acc: 0.722
f1: 0.225
[[1870   44]
 [  58   38]]
acc: 0.949
f1: 0.427
1,42,coarse : 9.45 seconds
1,42,fine : 9.45 seconds
[[1363  551]
 [  15   81]]
acc: 0.718
f1: 0.223
[[1870   44]
 [  58   38]]
acc: 0.949
f1: 0.427
1,43,coarse : 9.98 seconds
1,43,fine : 9.99 seconds
[[1367  547]
 [  15   81]]
acc: 0.720
f1: 0.224
[[1872   42]
 [  57   39]]
acc: 0.951
f1: 0.441
1,44,coarse : 9.83 seconds
1,44,fine : 9.84 seconds
[[1368  546]
 [  15   81]]
acc: 0.721
f1: 0.224
[[1870   44]
 [  57   39]]
acc: 0.950
f1: 0.436
1,45,coarse : 10.06 seconds
1,45,fine : 10.07 seconds
[[1374  540]
 [  15   81]]
acc: 0.724
f1: 0.226
[[1869   45]
 [  57   39]]
acc: 0.949
f1: 0.433
1,46,coarse : 10.51 seconds
1,46,fine : 10.51 seconds
[[1370  544]
 [  15   81]]
acc: 0.722
f1: 0.225
[[1869   45]
 [  57   39]]
acc: 0.949
f1: 0.433
1,47,coarse : 10.11 seconds
1,47,fine : 10.12 seconds
[[1378  536]
 [  15   81]]
acc: 0.726
f1: 0.227
[[1868   46]
 [  56   40]]
acc: 0.949
f1: 0.440
1,48,coarse : 10.61 seconds
1,48,fine : 10.62 seconds
[[1375  539]
 [  15   81]]
acc: 0.724
f1: 0.226
[[1869   45]
 [  56   40]]
acc: 0.950
f1: 0.442
1,49,coarse : 11.22 seconds
1,49,fine : 11.23 seconds
[[1372  542]
 [  15   81]]
acc: 0.723
f1: 0.225
[[1866   48]
 [  58   38]]
acc: 0.947
f1: 0.418
1,50,coarse : 12.67 seconds
1,50,fine : 12.68 seconds
[[1379  535]
 [  15   81]]
acc: 0.726
f1: 0.228
[[1867   47]
 [  59   37]]
acc: 0.947
f1: 0.411
1,51,coarse : 11.2 seconds
1,51,fine : 11.21 seconds
[[1369  545]
 [  15   81]]
acc: 0.721
f1: 0.224
[[1866   48]
 [  59   37]]
acc: 0.947
f1: 0.409
1,52,coarse : 10.93 seconds
1,52,fine : 10.94 seconds
[[1368  546]
 [  15   81]]
acc: 0.721
f1: 0.224
[[1866   48]
 [  57   39]]
acc: 0.948
f1: 0.426
1,53,coarse : 11.4 seconds
1,53,fine : 11.41 seconds
[[1365  549]
 [  14   82]]
acc: 0.720
f1: 0.226
[[1864   50]
 [  57   39]]
acc: 0.947
f1: 0.422
1,54,coarse : 11.86 seconds
1,54,fine : 11.87 seconds
[[1371  543]
 [  14   82]]
acc: 0.723
f1: 0.227
[[1863   51]
 [  57   39]]
acc: 0.946
f1: 0.419
1,55,coarse : 11.58 seconds
1,55,fine : 11.59 seconds
[[1367  547]
 [  15   81]]
acc: 0.720
f1: 0.224
[[1860   54]
 [  54   42]]
acc: 0.946
f1: 0.438
1,56,coarse : 12.04 seconds
1,56,fine : 12.05 seconds
[[1380  534]
 [  15   81]]
acc: 0.727
f1: 0.228
[[1861   53]
 [  56   40]]
acc: 0.946
f1: 0.423
1,57,coarse : 11.89 seconds
1,57,fine : 11.9 seconds
[[1386  528]
 [  15   81]]
acc: 0.730
f1: 0.230
[[1861   53]
 [  56   40]]
acc: 0.946
f1: 0.423
1,58,coarse : 12.36 seconds
1,58,fine : 12.37 seconds
[[1388  526]
 [  15   81]]
acc: 0.731
f1: 0.230
[[1863   51]
 [  53   43]]
acc: 0.948
f1: 0.453
1,59,coarse : 12.94 seconds
1,59,fine : 12.96 seconds
[[1382  532]
 [  15   81]]
acc: 0.728
f1: 0.228
[[1861   53]
 [  54   42]]
acc: 0.947
f1: 0.440
1,60,coarse : 12.82 seconds
1,60,fine : 12.83 seconds
[[1382  532]
 [  15   81]]
acc: 0.728
f1: 0.228
[[1862   52]
 [  54   42]]
acc: 0.947
f1: 0.442
1,61,coarse : 13.31 seconds
1,61,fine : 13.32 seconds
[[1385  529]
 [  15   81]]
acc: 0.729
f1: 0.229
[[1860   54]
 [  54   42]]
acc: 0.946
f1: 0.438
1,62,coarse : 13.23 seconds
1,62,fine : 13.24 seconds
[[1392  522]
 [  15   81]]
acc: 0.733
f1: 0.232
[[1859   55]
 [  53   43]]
acc: 0.946
f1: 0.443
1,63,coarse : 13.39 seconds
1,63,fine : 13.41 seconds
[[1383  531]
 [  15   81]]
acc: 0.728
f1: 0.229
[[1859   55]
 [  53   43]]
acc: 0.946
f1: 0.443
1,64,coarse : 13.34 seconds
1,64,fine : 13.35 seconds
[[1384  530]
 [  15   81]]
acc: 0.729
f1: 0.229
[[1856   58]
 [  53   43]]
acc: 0.945
f1: 0.437
1,65,coarse : 13.3 seconds
1,65,fine : 13.31 seconds
[[1386  528]
 [  15   81]]
acc: 0.730
f1: 0.230
[[1858   56]
 [  52   44]]
acc: 0.946
f1: 0.449
1,66,coarse : 14.19 seconds
1,66,fine : 14.2 seconds
[[1386  528]
 [  15   81]]
acc: 0.730
f1: 0.230
[[1857   57]
 [  51   45]]
acc: 0.946
f1: 0.455
1,67,coarse : 13.87 seconds
1,67,fine : 13.88 seconds
[[1391  523]
 [  15   81]]
acc: 0.732
f1: 0.231
[[1858   56]
 [  49   47]]
acc: 0.948
f1: 0.472
1,68,coarse : 14.67 seconds
1,68,fine : 14.68 seconds
[[1397  517]
 [  15   81]]
acc: 0.735
f1: 0.233
[[1856   58]
 [  50   46]]
acc: 0.946
f1: 0.460
1,69,coarse : 14.25 seconds
1,69,fine : 14.26 seconds
[[1400  514]
 [  15   81]]
acc: 0.737
f1: 0.234
[[1856   58]
 [  49   47]]
acc: 0.947
f1: 0.468
1,70,coarse : 14.87 seconds
1,70,fine : 14.89 seconds
[[1407  507]
 [  15   81]]
acc: 0.740
f1: 0.237
[[1855   59]
 [  50   46]]
acc: 0.946
f1: 0.458
1,71,coarse : 14.36 seconds
1,71,fine : 14.37 seconds
[[1408  506]
 [  15   81]]
acc: 0.741
f1: 0.237
[[1851   63]
 [  48   48]]
acc: 0.945
f1: 0.464
1,72,coarse : 15.31 seconds
1,72,fine : 15.32 seconds
[[1402  512]
 [  15   81]]
acc: 0.738
f1: 0.235
[[1852   62]
 [  48   48]]
acc: 0.945
f1: 0.466
1,73,coarse : 15.05 seconds
1,73,fine : 15.06 seconds
[[1406  508]
 [  15   81]]
acc: 0.740
f1: 0.236
[[1852   62]
 [  48   48]]
acc: 0.945
f1: 0.466
1,74,coarse : 16.26 seconds
1,74,fine : 16.27 seconds
[[1409  505]
 [  15   81]]
acc: 0.741
f1: 0.238
[[1848   66]
 [  47   49]]
acc: 0.944
f1: 0.464
1,75,coarse : 15.11 seconds
1,75,fine : 15.12 seconds
[[1404  510]
 [  15   81]]
acc: 0.739
f1: 0.236
[[1848   66]
 [  47   49]]
acc: 0.944
f1: 0.464
1,76,coarse : 15.66 seconds
1,76,fine : 15.67 seconds
[[1406  508]
 [  15   81]]
acc: 0.740
f1: 0.236
[[1848   66]
 [  47   49]]
acc: 0.944
f1: 0.464
1,77,coarse : 15.74 seconds
1,77,fine : 15.75 seconds
[[1405  509]
 [  15   81]]
acc: 0.739
f1: 0.236
[[1848   66]
 [  47   49]]
acc: 0.944
f1: 0.464
1,78,coarse : 16.25 seconds
1,78,fine : 16.27 seconds
[[1406  508]
 [  16   80]]
acc: 0.739
f1: 0.234
[[1848   66]
 [  47   49]]
acc: 0.944
f1: 0.464
1,79,coarse : 16.05 seconds
1,79,fine : 16.06 seconds
[[1405  509]
 [  16   80]]
acc: 0.739
f1: 0.234
[[1848   66]
 [  47   49]]
acc: 0.944
f1: 0.464
1,80,coarse : 16.58 seconds
1,80,fine : 16.59 seconds
[[1407  507]
 [  16   80]]
acc: 0.740
f1: 0.234
[[1847   67]
 [  46   50]]
acc: 0.944
f1: 0.469
1,81,coarse : 16.84 seconds
1,81,fine : 16.85 seconds
[[1405  509]
 [  15   81]]
acc: 0.739
f1: 0.236
[[1849   65]
 [  46   50]]
acc: 0.945
f1: 0.474
1,82,coarse : 16.76 seconds
1,82,fine : 16.77 seconds
[[1405  509]
 [  16   80]]
acc: 0.739
f1: 0.234
[[1848   66]
 [  46   50]]
acc: 0.944
f1: 0.472
1,83,coarse : 17.67 seconds
1,83,fine : 17.68 seconds
[[1409  505]
 [  16   80]]
acc: 0.741
f1: 0.235
[[1846   68]
 [  44   52]]
acc: 0.944
f1: 0.481
1,84,coarse : 16.84 seconds
1,84,fine : 16.85 seconds
[[1410  504]
 [  15   81]]
acc: 0.742
f1: 0.238
[[1846   68]
 [  44   52]]
acc: 0.944
f1: 0.481
1,85,coarse : 18.09 seconds
1,85,fine : 18.1 seconds
[[1407  507]
 [  15   81]]
acc: 0.740
f1: 0.237
[[1844   70]
 [  43   53]]
acc: 0.944
f1: 0.484
1,86,coarse : 17.66 seconds
1,86,fine : 17.67 seconds
[[1410  504]
 [  14   82]]
acc: 0.742
f1: 0.240
[[1845   69]
 [  43   53]]
acc: 0.944
f1: 0.486
1,87,coarse : 18.32 seconds
1,87,fine : 18.33 seconds
[[1413  501]
 [  14   82]]
acc: 0.744
f1: 0.242
[[1843   71]
 [  45   51]]
acc: 0.942
f1: 0.468
1,88,coarse : 18.52 seconds
1,88,fine : 18.54 seconds
[[1405  509]
 [  14   82]]
acc: 0.740
f1: 0.239
[[1844   70]
 [  45   51]]
acc: 0.943
f1: 0.470
1,89,coarse : 18.53 seconds
1,89,fine : 18.54 seconds
[[1397  517]
 [  14   82]]
acc: 0.736
f1: 0.236
[[1845   69]
 [  45   51]]
acc: 0.943
f1: 0.472
1,90,coarse : 18.93 seconds
1,90,fine : 18.94 seconds
[[1406  508]
 [  14   82]]
acc: 0.740
f1: 0.239
[[1845   69]
 [  44   52]]
acc: 0.944
f1: 0.479
1,91,coarse : 19.29 seconds
1,91,fine : 19.3 seconds
[[1407  507]
 [  15   81]]
acc: 0.740
f1: 0.237
[[1845   69]
 [  46   50]]
acc: 0.943
f1: 0.465
1,92,coarse : 18.81 seconds
1,92,fine : 18.82 seconds
[[1411  503]
 [  15   81]]
acc: 0.742
f1: 0.238
[[1843   71]
 [  44   52]]
acc: 0.943
f1: 0.475
1,93,coarse : 20.07 seconds
1,93,fine : 20.09 seconds
[[1409  505]
 [  15   81]]
acc: 0.741
f1: 0.238
[[1846   68]
 [  45   51]]
acc: 0.944
f1: 0.474
1,94,coarse : 20.01 seconds
1,94,fine : 20.03 seconds
[[1410  504]
 [  15   81]]
acc: 0.742
f1: 0.238
[[1842   72]
 [  43   53]]
acc: 0.943
f1: 0.480
1,95,coarse : 19.71 seconds
1,95,fine : 19.73 seconds
[[1416  498]
 [  15   81]]
acc: 0.745
f1: 0.240
[[1842   72]
 [  43   53]]
acc: 0.943
f1: 0.480
1,96,coarse : 20.05 seconds
1,96,fine : 20.06 seconds
[[1411  503]
 [  15   81]]
acc: 0.742
f1: 0.238
[[1840   74]
 [  43   53]]
acc: 0.942
f1: 0.475
1,97,coarse : 20.02 seconds
1,97,fine : 20.03 seconds
[[1413  501]
 [  15   81]]
acc: 0.743
f1: 0.239
[[1840   74]
 [  43   53]]
acc: 0.942
f1: 0.475
1,98,coarse : 20.31 seconds
1,98,fine : 20.32 seconds
[[1406  508]
 [  15   81]]
acc: 0.740
f1: 0.236
[[1841   73]
 [  43   53]]
acc: 0.942
f1: 0.477
1,99,coarse : 21.05 seconds
1,99,fine : 21.06 seconds
[[1412  502]
 [  14   82]]
acc: 0.743
f1: 0.241
[[1838   76]
 [  43   53]]
acc: 0.941
f1: 0.471
1,100,coarse : 22.8 seconds
1,100,fine : 22.81 seconds
[[1412  502]
 [  14   82]]
acc: 0.743
f1: 0.241
[[1843   71]
 [  43   53]]
acc: 0.943
f1: 0.482
1,101,coarse : 20.41 seconds
1,101,fine : 20.43 seconds
[[1408  506]
 [  14   82]]
acc: 0.741
f1: 0.240
[[1838   76]
 [  43   53]]
acc: 0.941
f1: 0.471
1,102,coarse : 21.86 seconds
1,102,fine : 21.87 seconds
[[1405  509]
 [  14   82]]
acc: 0.740
f1: 0.239
[[1837   77]
 [  42   54]]
acc: 0.941
f1: 0.476
1,103,coarse : 22.36 seconds
1,103,fine : 22.37 seconds
[[1406  508]
 [  13   83]]
acc: 0.741
f1: 0.242
[[1836   78]
 [  41   55]]
acc: 0.941
f1: 0.480
1,104,coarse : 21.46 seconds
1,104,fine : 21.47 seconds
[[1413  501]
 [  14   82]]
acc: 0.744
f1: 0.242
[[1836   78]
 [  41   55]]
acc: 0.941
f1: 0.480
1,105,coarse : 22.34 seconds
1,105,fine : 22.36 seconds
[[1402  512]
 [  14   82]]
acc: 0.738
f1: 0.238
[[1834   80]
 [  41   55]]
acc: 0.940
f1: 0.476
1,106,coarse : 22.09 seconds
1,106,fine : 22.1 seconds
[[1408  506]
 [  14   82]]
acc: 0.741
f1: 0.240
[[1835   79]
 [  42   54]]
acc: 0.940
f1: 0.472
1,107,coarse : 22.49 seconds
1,107,fine : 22.51 seconds
[[1406  508]
 [  14   82]]
acc: 0.740
f1: 0.239
[[1835   79]
 [  42   54]]
acc: 0.940
f1: 0.472
1,108,coarse : 21.65 seconds
1,108,fine : 21.67 seconds
[[1410  504]
 [  14   82]]
acc: 0.742
f1: 0.240
[[1835   79]
 [  42   54]]
acc: 0.940
f1: 0.472
1,109,coarse : 22.71 seconds
1,109,fine : 22.72 seconds
[[1408  506]
 [  15   81]]
acc: 0.741
f1: 0.237
[[1835   79]
 [  43   53]]
acc: 0.939
f1: 0.465
1,110,coarse : 23.43 seconds
1,110,fine : 23.44 seconds
[[1409  505]
 [  15   81]]
acc: 0.741
f1: 0.238
[[1837   77]
 [  43   53]]
acc: 0.940
f1: 0.469
1,111,coarse : 22.95 seconds
1,111,fine : 22.97 seconds
[[1412  502]
 [  15   81]]
acc: 0.743
f1: 0.239
[[1840   74]
 [  43   53]]
acc: 0.942
f1: 0.475
1,112,coarse : 22.76 seconds
1,112,fine : 22.77 seconds
[[1410  504]
 [  15   81]]
acc: 0.742
f1: 0.238
[[1843   71]
 [  43   53]]
acc: 0.943
f1: 0.482
1,113,coarse : 23.95 seconds
1,113,fine : 23.97 seconds
[[1406  508]
 [  14   82]]
acc: 0.740
f1: 0.239
[[1843   71]
 [  43   53]]
acc: 0.943
f1: 0.482
1,114,coarse : 25.18 seconds
1,114,fine : 25.2 seconds
[[1409  505]
 [  15   81]]
acc: 0.741
f1: 0.238
[[1842   72]
 [  43   53]]
acc: 0.943
f1: 0.480
1,115,coarse : 24.15 seconds
1,115,fine : 24.16 seconds
[[1403  511]
 [  14   82]]
acc: 0.739
f1: 0.238
[[1839   75]
 [  43   53]]
acc: 0.941
f1: 0.473
1,116,coarse : 23.78 seconds
1,116,fine : 23.8 seconds
[[1406  508]
 [  12   84]]
acc: 0.741
f1: 0.244
[[1838   76]
 [  43   53]]
acc: 0.941
f1: 0.471
1,117,coarse : 25.23 seconds
1,117,fine : 25.25 seconds
[[1407  507]
 [  13   83]]
acc: 0.741
f1: 0.242
[[1839   75]
 [  41   55]]
acc: 0.942
f1: 0.487
1,118,coarse : 25.1 seconds
1,118,fine : 25.11 seconds
[[1413  501]
 [  12   84]]
acc: 0.745
f1: 0.247
[[1839   75]
 [  41   55]]
acc: 0.942
f1: 0.487
1,119,coarse : 26.09 seconds
1,119,fine : 26.11 seconds
[[1410  504]
 [  11   85]]
acc: 0.744
f1: 0.248
[[1836   78]
 [  41   55]]
acc: 0.941
f1: 0.480
1,120,coarse : 25.15 seconds
1,120,fine : 25.17 seconds
[[1411  503]
 [  11   85]]
acc: 0.744
f1: 0.249
[[1835   79]
 [  41   55]]
acc: 0.940
f1: 0.478
1,121,coarse : 25.23 seconds
1,121,fine : 25.25 seconds
[[1401  513]
 [  11   85]]
acc: 0.739
f1: 0.245
[[1839   75]
 [  41   55]]
acc: 0.942
f1: 0.487
1,122,coarse : 25.92 seconds
1,122,fine : 25.94 seconds
[[1405  509]
 [  11   85]]
acc: 0.741
f1: 0.246
[[1838   76]
 [  41   55]]
acc: 0.942
f1: 0.485
1,123,coarse : 26.69 seconds
1,123,fine : 26.71 seconds
[[1401  513]
 [  10   86]]
acc: 0.740
f1: 0.247
[[1838   76]
 [  40   56]]
acc: 0.942
f1: 0.491
1,124,coarse : 26.7 seconds
1,124,fine : 26.72 seconds
[[1403  511]
 [  10   86]]
acc: 0.741
f1: 0.248
[[1837   77]
 [  40   56]]
acc: 0.942
f1: 0.489
1,125,coarse : 27.1 seconds
1,125,fine : 27.12 seconds
[[1395  519]
 [  10   86]]
acc: 0.737
f1: 0.245
[[1837   77]
 [  39   57]]
acc: 0.942
f1: 0.496
1,126,coarse : 26.53 seconds
1,126,fine : 26.55 seconds
[[1401  513]
 [  11   85]]
acc: 0.739
f1: 0.245
[[1837   77]
 [  38   58]]
acc: 0.943
f1: 0.502
1,127,coarse : 27.04 seconds
1,127,fine : 27.06 seconds
[[1402  512]
 [  11   85]]
acc: 0.740
f1: 0.245
[[1833   81]
 [  38   58]]
acc: 0.941
f1: 0.494
1,128,coarse : 28.14 seconds
1,128,fine : 28.16 seconds
[[1404  510]
 [  11   85]]
acc: 0.741
f1: 0.246
[[1836   78]
 [  39   57]]
acc: 0.942
f1: 0.494
1,129,coarse : 28.03 seconds
1,129,fine : 28.04 seconds
[[1404  510]
 [  11   85]]
acc: 0.741
f1: 0.246
[[1836   78]
 [  39   57]]
acc: 0.942
f1: 0.494
1,130,coarse : 29.09 seconds
1,130,fine : 29.11 seconds
[[1408  506]
 [  11   85]]
acc: 0.743
f1: 0.247
[[1832   82]
 [  39   57]]
acc: 0.940
f1: 0.485
1,131,coarse : 29.31 seconds
1,131,fine : 29.33 seconds
[[1409  505]
 [  11   85]]
acc: 0.743
f1: 0.248
[[1833   81]
 [  39   57]]
acc: 0.940
f1: 0.487
1,132,coarse : 29.64 seconds
1,132,fine : 29.66 seconds
[[1410  504]
 [  11   85]]
acc: 0.744
f1: 0.248
[[1836   78]
 [  39   57]]
acc: 0.942
f1: 0.494
1,133,coarse : 29.49 seconds
1,133,fine : 29.51 seconds
[[1409  505]
 [  11   85]]
acc: 0.743
f1: 0.248
[[1838   76]
 [  39   57]]
acc: 0.943
f1: 0.498
1,134,coarse : 29.34 seconds
1,134,fine : 29.36 seconds
[[1408  506]
 [  11   85]]
acc: 0.743
f1: 0.247
[[1836   78]
 [  39   57]]
acc: 0.942
f1: 0.494
1,135,coarse : 29.62 seconds
1,135,fine : 29.64 seconds
[[1408  506]
 [  11   85]]
acc: 0.743
f1: 0.247
[[1837   77]
 [  40   56]]
acc: 0.942
f1: 0.489
1,136,coarse : 28.82 seconds
1,136,fine : 28.84 seconds
[[1407  507]
 [  12   84]]
acc: 0.742
f1: 0.245
[[1838   76]
 [  39   57]]
acc: 0.943
f1: 0.498
1,137,coarse : 29.02 seconds
1,137,fine : 29.04 seconds
[[1409  505]
 [  12   84]]
acc: 0.743
f1: 0.245
[[1837   77]
 [  39   57]]
acc: 0.942
f1: 0.496
1,138,coarse : 29.44 seconds
1,138,fine : 29.46 seconds
[[1410  504]
 [  12   84]]
acc: 0.743
f1: 0.246
[[1837   77]
 [  39   57]]
acc: 0.942
f1: 0.496
1,139,coarse : 30.22 seconds
1,139,fine : 30.24 seconds
[[1409  505]
 [  12   84]]
acc: 0.743
f1: 0.245
[[1837   77]
 [  38   58]]
acc: 0.943
f1: 0.502
1,140,coarse : 30.03 seconds
1,140,fine : 30.05 seconds
[[1409  505]
 [  12   84]]
acc: 0.743
f1: 0.245
[[1837   77]
 [  38   58]]
acc: 0.943
f1: 0.502
1,141,coarse : 30.56 seconds
1,141,fine : 30.58 seconds
[[1414  500]
 [  12   84]]
acc: 0.745
f1: 0.247
[[1837   77]
 [  38   58]]
acc: 0.943
f1: 0.502
1,142,coarse : 31.56 seconds
1,142,fine : 31.58 seconds
[[1411  503]
 [  12   84]]
acc: 0.744
f1: 0.246
[[1839   75]
 [  39   57]]
acc: 0.943
f1: 0.500
1,143,coarse : 30.34 seconds
1,143,fine : 30.36 seconds
[[1409  505]
 [  12   84]]
acc: 0.743
f1: 0.245
[[1839   75]
 [  41   55]]
acc: 0.942
f1: 0.487
1,144,coarse : 31.26 seconds
1,144,fine : 31.28 seconds
[[1406  508]
 [  12   84]]
acc: 0.741
f1: 0.244
[[1840   74]
 [  39   57]]
acc: 0.944
f1: 0.502
1,145,coarse : 31.88 seconds
1,145,fine : 31.9 seconds
[[1406  508]
 [  13   83]]
acc: 0.741
f1: 0.242
[[1839   75]
 [  40   56]]
acc: 0.943
f1: 0.493
1,146,coarse : 31.67 seconds
1,146,fine : 31.69 seconds
[[1402  512]
 [  13   83]]
acc: 0.739
f1: 0.240
[[1839   75]
 [  41   55]]
acc: 0.942
f1: 0.487
1,147,coarse : 33.14 seconds
1,147,fine : 33.17 seconds
[[1405  509]
 [  13   83]]
acc: 0.740
f1: 0.241
[[1834   80]
 [  40   56]]
acc: 0.940
f1: 0.483
1,148,coarse : 33.04 seconds
1,148,fine : 33.06 seconds
[[1403  511]
 [  13   83]]
acc: 0.739
f1: 0.241
[[1834   80]
 [  41   55]]
acc: 0.940
f1: 0.476
1,149,coarse : 33.38 seconds
1,149,fine : 33.4 seconds
[[1404  510]
 [  13   83]]
acc: 0.740
f1: 0.241
[[1835   79]
 [  40   56]]
acc: 0.941
f1: 0.485
1,150,coarse : 34.71 seconds
1,150,fine : 34.73 seconds
[[1408  506]
 [  13   83]]
acc: 0.742
f1: 0.242
[[1834   80]
 [  40   56]]
acc: 0.940
f1: 0.483
1,151,coarse : 33.4 seconds
1,151,fine : 33.42 seconds
[[1409  505]
 [  13   83]]
acc: 0.742
f1: 0.243
[[1833   81]
 [  39   57]]
acc: 0.940
f1: 0.487
1,152,coarse : 34.43 seconds
1,152,fine : 34.45 seconds
[[1413  501]
 [  13   83]]
acc: 0.744
f1: 0.244
[[1832   82]
 [  39   57]]
acc: 0.940
f1: 0.485
1,153,coarse : 33.24 seconds
1,153,fine : 33.26 seconds
[[1412  502]
 [  13   83]]
acc: 0.744
f1: 0.244
[[1831   83]
 [  39   57]]
acc: 0.939
f1: 0.483
1,154,coarse : 34.21 seconds
1,154,fine : 34.23 seconds
[[1409  505]
 [  12   84]]
acc: 0.743
f1: 0.245
[[1832   82]
 [  40   56]]
acc: 0.939
f1: 0.479
1,155,coarse : 34.9 seconds
1,155,fine : 34.92 seconds
[[1409  505]
 [  13   83]]
acc: 0.742
f1: 0.243
[[1832   82]
 [  41   55]]
acc: 0.939
f1: 0.472
1,156,coarse : 34.28 seconds
1,156,fine : 34.3 seconds
[[1411  503]
 [  12   84]]
acc: 0.744
f1: 0.246
[[1833   81]
 [  41   55]]
acc: 0.939
f1: 0.474
1,157,coarse : 35.7 seconds
1,157,fine : 35.73 seconds
[[1400  514]
 [  12   84]]
acc: 0.738
f1: 0.242
[[1833   81]
 [  41   55]]
acc: 0.939
f1: 0.474
1,158,coarse : 35.55 seconds
1,158,fine : 35.57 seconds
[[1406  508]
 [  13   83]]
acc: 0.741
f1: 0.242
[[1834   80]
 [  41   55]]
acc: 0.940
f1: 0.476
1,159,coarse : 34.47 seconds
1,159,fine : 34.49 seconds
[[1410  504]
 [  12   84]]
acc: 0.743
f1: 0.246
[[1834   80]
 [  41   55]]
acc: 0.940
f1: 0.476
1,160,coarse : 35.46 seconds
1,160,fine : 35.48 seconds
[[1406  508]
 [  13   83]]
acc: 0.741
f1: 0.242
[[1834   80]
 [  41   55]]
acc: 0.940
f1: 0.476
1,161,coarse : 35.9 seconds
1,161,fine : 35.92 seconds
[[1407  507]
 [  13   83]]
acc: 0.741
f1: 0.242
[[1839   75]
 [  42   54]]
acc: 0.942
f1: 0.480
1,162,coarse : 36.26 seconds
1,162,fine : 36.28 seconds
[[1409  505]
 [  13   83]]
acc: 0.742
f1: 0.243
[[1839   75]
 [  42   54]]
acc: 0.942
f1: 0.480
1,163,coarse : 37.08 seconds
1,163,fine : 37.1 seconds
[[1412  502]
 [  13   83]]
acc: 0.744
f1: 0.244
[[1839   75]
 [  42   54]]
acc: 0.942
f1: 0.480
1,164,coarse : 37.83 seconds
1,164,fine : 37.85 seconds
[[1413  501]
 [  13   83]]
acc: 0.744
f1: 0.244
[[1838   76]
 [  42   54]]
acc: 0.941
f1: 0.478
1,165,coarse : 37.17 seconds
1,165,fine : 37.2 seconds
[[1409  505]
 [  13   83]]
acc: 0.742
f1: 0.243
[[1836   78]
 [  42   54]]
acc: 0.940
f1: 0.474
1,166,coarse : 36.97 seconds
1,166,fine : 37.0 seconds
[[1410  504]
 [  13   83]]
acc: 0.743
f1: 0.243
[[1836   78]
 [  42   54]]
acc: 0.940
f1: 0.474
1,167,coarse : 37.78 seconds
1,167,fine : 37.8 seconds
[[1407  507]
 [  13   83]]
acc: 0.741
f1: 0.242
[[1834   80]
 [  42   54]]
acc: 0.939
f1: 0.470
1,168,coarse : 37.63 seconds
1,168,fine : 37.65 seconds
[[1406  508]
 [  13   83]]
acc: 0.741
f1: 0.242
[[1834   80]
 [  42   54]]
acc: 0.939
f1: 0.470
1,169,coarse : 37.73 seconds
1,169,fine : 37.76 seconds
[[1411  503]
 [  13   83]]
acc: 0.743
f1: 0.243
[[1831   83]
 [  42   54]]
acc: 0.938
f1: 0.464
1,170,coarse : 38.89 seconds
1,170,fine : 38.91 seconds
[[1411  503]
 [  13   83]]
acc: 0.743
f1: 0.243
[[1832   82]
 [  42   54]]
acc: 0.938
f1: 0.466
1,171,coarse : 38.75 seconds
1,171,fine : 38.77 seconds
[[1411  503]
 [  13   83]]
acc: 0.743
f1: 0.243
[[1834   80]
 [  42   54]]
acc: 0.939
f1: 0.470
1,172,coarse : 39.66 seconds
1,172,fine : 39.68 seconds
