all           0      1    2    3    4    5    6    7    8    
1      2010   1914   1    19   32   19   1    11   6    7    
2      2010   1914   1    19   32   19   1    11   6    7    
3      2010   1914   1    19   32   19   1    11   5    8    
4      2010   1914   1    19   32   19   1    10   6    8    
5      2010   1914   1    18   33   19   1    10   6    8    
6      2010   1914   1    18   33   19   1    10   6    8    
7      2010   1913   2    18   33   19   1    10   6    8    
8      2010   1913   2    18   33   19   1    10   6    8    
9      2009   1913   2    18   32   19   2    10   6    7    
10     2009   1913   1    19   32   19   1    11   6    7    
Total  20098  19136  13   185  324  190  11   104  59   76   
train         0      1    2    3    4    5    6    7    8    
1      2010   1914   1    19   32   19   1    11   6    7    
2      2010   1914   1    19   32   19   1    11   6    7    
3      2010   1914   1    19   32   19   1    11   5    8    
4      2010   1914   1    19   32   19   1    10   6    8    
5      2010   1914   1    18   33   19   1    10   6    8    
6      2010   1914   1    18   33   19   1    10   6    8    
8      2010   1913   2    18   33   19   1    10   6    8    
9      2009   1913   2    18   32   19   2    10   6    7    
10     2009   1913   1    19   32   19   1    11   6    7    
Total  18088  17223  11   167  291  171  10   94   53   68   
test          0      1    2    3    4    5    6    7    8    
7      2010   1913   2    18   33   19   1    10   6    8    
Total  2010   1913   2    18   33   19   1    10   6    8    
Classes             
0         17223     
1         11        
2         167       
3         291       
4         171       
5         10        
6         94        
7         53        
8         68        
Total     18088     

Shape: 450       

[952, 10, 11, 16, 11, 10, 10, 10, 10]
Sum start => 1040
[[1300  613]
 [  19   78]]
acc: 0.686
f1: 0.198
[[1885   28]
 [  89    8]]
acc: 0.942
f1: 0.120
7,1,coarse : 27.59 seconds
7,1,fine : 27.6 seconds
[[1300  613]
 [  19   78]]
acc: 0.686
f1: 0.198
[[1885   28]
 [  89    8]]
acc: 0.942
f1: 0.120
7,2,coarse : 28.6 seconds
7,2,fine : 28.6 seconds
[[1368  545]
 [  19   78]]
acc: 0.719
f1: 0.217
[[1904    9]
 [  94    3]]
acc: 0.949
f1: 0.055
7,3,coarse : 26.53 seconds
7,3,fine : 26.53 seconds
[[1400  513]
 [  19   78]]
acc: 0.735
f1: 0.227
[[1908    5]
 [  94    3]]
acc: 0.951
f1: 0.057
7,4,coarse : 26.53 seconds
7,4,fine : 26.53 seconds
[[1406  507]
 [  22   75]]
acc: 0.737
f1: 0.221
[[1909    4]
 [  95    2]]
acc: 0.951
f1: 0.039
7,5,coarse : 26.77 seconds
7,5,fine : 26.77 seconds
[[1442  471]
 [  22   75]]
acc: 0.755
f1: 0.233
[[1909    4]
 [  95    2]]
acc: 0.951
f1: 0.039
7,6,coarse : 26.39 seconds
7,6,fine : 26.39 seconds
[[1414  499]
 [  20   77]]
acc: 0.742
f1: 0.229
[[1906    7]
 [  93    4]]
acc: 0.950
f1: 0.074
7,7,coarse : 26.4 seconds
7,7,fine : 26.4 seconds
[[1410  503]
 [  21   76]]
acc: 0.739
f1: 0.225
[[1905    8]
 [  91    6]]
acc: 0.951
f1: 0.108
7,8,coarse : 27.1 seconds
7,8,fine : 27.1 seconds
[[1418  495]
 [  21   76]]
acc: 0.743
f1: 0.228
[[1906    7]
 [  89    8]]
acc: 0.952
f1: 0.143
7,9,coarse : 26.82 seconds
7,9,fine : 26.83 seconds
[[1432  481]
 [  22   75]]
acc: 0.750
f1: 0.230
[[1906    7]
 [  91    6]]
acc: 0.951
f1: 0.109
7,10,coarse : 27.02 seconds
7,10,fine : 27.02 seconds
[[1446  467]
 [  23   74]]
acc: 0.756
f1: 0.232
[[1905    8]
 [  93    4]]
acc: 0.950
f1: 0.073
7,11,coarse : 27.47 seconds
7,11,fine : 27.47 seconds
[[1463  450]
 [  24   73]]
acc: 0.764
f1: 0.235
[[1905    8]
 [  91    6]]
acc: 0.951
f1: 0.108
7,12,coarse : 27.03 seconds
7,12,fine : 27.03 seconds
[[1453  460]
 [  24   73]]
acc: 0.759
f1: 0.232
[[1904    9]
 [  88    9]]
acc: 0.952
f1: 0.157
7,13,coarse : 26.92 seconds
7,13,fine : 26.93 seconds
[[1453  460]
 [  24   73]]
acc: 0.759
f1: 0.232
[[1904    9]
 [  89    8]]
acc: 0.951
f1: 0.140
7,14,coarse : 27.57 seconds
7,14,fine : 27.57 seconds
[[1460  453]
 [  23   74]]
acc: 0.763
f1: 0.237
[[1904    9]
 [  90    7]]
acc: 0.951
f1: 0.124
7,15,coarse : 27.23 seconds
7,15,fine : 27.24 seconds
[[1456  457]
 [  23   74]]
acc: 0.761
f1: 0.236
[[1904    9]
 [  90    7]]
acc: 0.951
f1: 0.124
7,16,coarse : 27.06 seconds
7,16,fine : 27.06 seconds
[[1460  453]
 [  23   74]]
acc: 0.763
f1: 0.237
[[1906    7]
 [  86   11]]
acc: 0.954
f1: 0.191
7,17,coarse : 27.42 seconds
7,17,fine : 27.42 seconds
[[1466  447]
 [  23   74]]
acc: 0.766
f1: 0.239
[[1906    7]
 [  86   11]]
acc: 0.954
f1: 0.191
7,18,coarse : 27.08 seconds
7,18,fine : 27.09 seconds
[[1471  442]
 [  22   75]]
acc: 0.769
f1: 0.244
[[1905    8]
 [  84   13]]
acc: 0.954
f1: 0.220
7,19,coarse : 26.95 seconds
7,19,fine : 26.95 seconds
[[1463  450]
 [  19   78]]
acc: 0.767
f1: 0.250
[[1904    9]
 [  83   14]]
acc: 0.954
f1: 0.233
7,20,coarse : 27.43 seconds
7,20,fine : 27.44 seconds
[[1475  438]
 [  21   76]]
acc: 0.772
f1: 0.249
[[1905    8]
 [  84   13]]
acc: 0.954
f1: 0.220
7,21,coarse : 26.88 seconds
7,21,fine : 26.88 seconds
[[1476  437]
 [  21   76]]
acc: 0.772
f1: 0.249
[[1906    7]
 [  84   13]]
acc: 0.955
f1: 0.222
7,22,coarse : 27.0 seconds
7,22,fine : 27.0 seconds
[[1481  432]
 [  24   73]]
acc: 0.773
f1: 0.243
[[1905    8]
 [  83   14]]
acc: 0.955
f1: 0.235
7,23,coarse : 27.25 seconds
7,23,fine : 27.25 seconds
[[1471  442]
 [  21   76]]
acc: 0.770
f1: 0.247
[[1905    8]
 [  83   14]]
acc: 0.955
f1: 0.235
7,24,coarse : 26.84 seconds
7,24,fine : 26.85 seconds
[[1484  429]
 [  23   74]]
acc: 0.775
f1: 0.247
[[1905    8]
 [  83   14]]
acc: 0.955
f1: 0.235
7,25,coarse : 26.85 seconds
7,25,fine : 26.85 seconds
[[1494  419]
 [  23   74]]
acc: 0.780
f1: 0.251
[[1905    8]
 [  83   14]]
acc: 0.955
f1: 0.235
7,26,coarse : 27.31 seconds
7,26,fine : 27.32 seconds
[[1504  409]
 [  23   74]]
acc: 0.785
f1: 0.255
[[1905    8]
 [  83   14]]
acc: 0.955
f1: 0.235
7,27,coarse : 27.0 seconds
7,27,fine : 27.01 seconds
[[1507  406]
 [  23   74]]
acc: 0.787
f1: 0.256
[[1904    9]
 [  83   14]]
acc: 0.954
f1: 0.233
7,28,coarse : 26.99 seconds
7,28,fine : 27.0 seconds
[[1506  407]
 [  20   77]]
acc: 0.788
f1: 0.265
[[1904    9]
 [  83   14]]
acc: 0.954
f1: 0.233
7,29,coarse : 26.9 seconds
7,29,fine : 26.9 seconds
[[1504  409]
 [  19   78]]
acc: 0.787
f1: 0.267
[[1905    8]
 [  82   15]]
acc: 0.955
f1: 0.250
7,30,coarse : 27.25 seconds
7,30,fine : 27.26 seconds
[[1517  396]
 [  21   76]]
acc: 0.793
f1: 0.267
[[1904    9]
 [  81   16]]
acc: 0.955
f1: 0.262
7,31,coarse : 27.11 seconds
7,31,fine : 27.11 seconds
[[1507  406]
 [  21   76]]
acc: 0.788
f1: 0.263
[[1904    9]
 [  81   16]]
acc: 0.955
f1: 0.262
7,32,coarse : 27.02 seconds
7,32,fine : 27.03 seconds
[[1507  406]
 [  22   75]]
acc: 0.787
f1: 0.260
[[1904    9]
 [  81   16]]
acc: 0.955
f1: 0.262
7,33,coarse : 27.65 seconds
7,33,fine : 27.66 seconds
[[1505  408]
 [  22   75]]
acc: 0.786
f1: 0.259
[[1904    9]
 [  81   16]]
acc: 0.955
f1: 0.262
7,34,coarse : 26.94 seconds
7,34,fine : 26.94 seconds
[[1516  397]
 [  21   76]]
acc: 0.792
f1: 0.267
[[1904    9]
 [  80   17]]
acc: 0.956
f1: 0.276
7,35,coarse : 27.05 seconds
7,35,fine : 27.06 seconds
[[1510  403]
 [  21   76]]
acc: 0.789
f1: 0.264
[[1905    8]
 [  80   17]]
acc: 0.956
f1: 0.279
7,36,coarse : 27.3 seconds
7,36,fine : 27.31 seconds
[[1499  414]
 [  20   77]]
acc: 0.784
f1: 0.262
[[1905    8]
 [  80   17]]
acc: 0.956
f1: 0.279
7,37,coarse : 27.0 seconds
7,37,fine : 27.0 seconds
[[1504  409]
 [  19   78]]
acc: 0.787
f1: 0.267
[[1905    8]
 [  80   17]]
acc: 0.956
f1: 0.279
7,38,coarse : 27.03 seconds
7,38,fine : 27.04 seconds
[[1512  401]
 [  20   77]]
acc: 0.791
f1: 0.268
[[1905    8]
 [  80   17]]
acc: 0.956
f1: 0.279
7,39,coarse : 26.91 seconds
7,39,fine : 26.92 seconds
[[1507  406]
 [  20   77]]
acc: 0.788
f1: 0.266
[[1905    8]
 [  80   17]]
acc: 0.956
f1: 0.279
7,40,coarse : 27.47 seconds
7,40,fine : 27.48 seconds
[[1505  408]
 [  18   79]]
acc: 0.788
f1: 0.271
[[1904    9]
 [  79   18]]
acc: 0.956
f1: 0.290
7,41,coarse : 26.9 seconds
7,41,fine : 26.9 seconds
[[1504  409]
 [  20   77]]
acc: 0.787
f1: 0.264
[[1905    8]
 [  79   18]]
acc: 0.957
f1: 0.293
7,42,coarse : 27.01 seconds
7,42,fine : 27.02 seconds
[[1510  403]
 [  20   77]]
acc: 0.790
f1: 0.267
[[1904    9]
 [  78   19]]
acc: 0.957
f1: 0.304
7,43,coarse : 27.44 seconds
7,43,fine : 27.45 seconds
[[1518  395]
 [  20   77]]
acc: 0.794
f1: 0.271
[[1904    9]
 [  78   19]]
acc: 0.957
f1: 0.304
7,44,coarse : 26.99 seconds
7,44,fine : 27.0 seconds
[[1512  401]
 [  20   77]]
acc: 0.791
f1: 0.268
[[1904    9]
 [  77   20]]
acc: 0.957
f1: 0.317
7,45,coarse : 27.07 seconds
7,45,fine : 27.08 seconds
[[1524  389]
 [  20   77]]
acc: 0.797
f1: 0.274
[[1904    9]
 [  77   20]]
acc: 0.957
f1: 0.317
7,46,coarse : 27.29 seconds
7,46,fine : 27.3 seconds
[[1517  396]
 [  20   77]]
acc: 0.793
f1: 0.270
[[1903   10]
 [  77   20]]
acc: 0.957
f1: 0.315
7,47,coarse : 27.49 seconds
7,47,fine : 27.5 seconds
[[1516  397]
 [  20   77]]
acc: 0.793
f1: 0.270
[[1902   11]
 [  77   20]]
acc: 0.956
f1: 0.312
7,48,coarse : 27.22 seconds
7,48,fine : 27.23 seconds
[[1509  404]
 [  20   77]]
acc: 0.789
f1: 0.266
[[1902   11]
 [  77   20]]
acc: 0.956
f1: 0.312
7,49,coarse : 27.31 seconds
7,49,fine : 27.31 seconds
[[1513  400]
 [  20   77]]
acc: 0.791
f1: 0.268
[[1902   11]
 [  77   20]]
acc: 0.956
f1: 0.312
7,50,coarse : 29.28 seconds
7,50,fine : 29.28 seconds
[[1512  401]
 [  19   78]]
acc: 0.791
f1: 0.271
[[1902   11]
 [  77   20]]
acc: 0.956
f1: 0.312
7,51,coarse : 27.05 seconds
7,51,fine : 27.06 seconds
[[1514  399]
 [  19   78]]
acc: 0.792
f1: 0.272
[[1902   11]
 [  77   20]]
acc: 0.956
f1: 0.312
7,52,coarse : 27.2 seconds
7,52,fine : 27.21 seconds
[[1506  407]
 [  18   79]]
acc: 0.789
f1: 0.271
[[1902   11]
 [  77   20]]
acc: 0.956
f1: 0.312
7,53,coarse : 27.77 seconds
7,53,fine : 27.78 seconds
[[1508  405]
 [  19   78]]
acc: 0.789
f1: 0.269
[[1902   11]
 [  77   20]]
acc: 0.956
f1: 0.312
7,54,coarse : 27.32 seconds
7,54,fine : 27.33 seconds
[[1505  408]
 [  20   77]]
acc: 0.787
f1: 0.265
[[1902   11]
 [  77   20]]
acc: 0.956
f1: 0.312
7,55,coarse : 27.32 seconds
7,55,fine : 27.33 seconds
[[1512  401]
 [  20   77]]
acc: 0.791
f1: 0.268
[[1901   12]
 [  77   20]]
acc: 0.956
f1: 0.310
7,56,coarse : 27.42 seconds
7,56,fine : 27.43 seconds
[[1513  400]
 [  20   77]]
acc: 0.791
f1: 0.268
[[1901   12]
 [  78   19]]
acc: 0.955
f1: 0.297
7,57,coarse : 27.56 seconds
7,57,fine : 27.57 seconds
[[1509  404]
 [  18   79]]
acc: 0.790
f1: 0.272
[[1900   13]
 [  77   20]]
acc: 0.955
f1: 0.308
7,58,coarse : 27.14 seconds
7,58,fine : 27.15 seconds
[[1517  396]
 [  18   79]]
acc: 0.794
f1: 0.276
[[1900   13]
 [  76   21]]
acc: 0.956
f1: 0.321
7,59,coarse : 27.67 seconds
7,59,fine : 27.68 seconds
[[1513  400]
 [  19   78]]
acc: 0.792
f1: 0.271
[[1900   13]
 [  76   21]]
acc: 0.956
f1: 0.321
7,60,coarse : 27.47 seconds
7,60,fine : 27.48 seconds
[[1510  403]
 [  19   78]]
acc: 0.790
f1: 0.270
[[1899   14]
 [  76   21]]
acc: 0.955
f1: 0.318
7,61,coarse : 27.37 seconds
7,61,fine : 27.38 seconds
[[1514  399]
 [  19   78]]
acc: 0.792
f1: 0.272
[[1899   14]
 [  76   21]]
acc: 0.955
f1: 0.318
7,62,coarse : 27.94 seconds
7,62,fine : 27.95 seconds
[[1514  399]
 [  19   78]]
acc: 0.792
f1: 0.272
[[1899   14]
 [  76   21]]
acc: 0.955
f1: 0.318
7,63,coarse : 27.52 seconds
7,63,fine : 27.53 seconds
[[1510  403]
 [  19   78]]
acc: 0.790
f1: 0.270
[[1899   14]
 [  76   21]]
acc: 0.955
f1: 0.318
7,64,coarse : 27.75 seconds
7,64,fine : 27.77 seconds
[[1504  409]
 [  19   78]]
acc: 0.787
f1: 0.267
[[1898   15]
 [  74   23]]
acc: 0.956
f1: 0.341
7,65,coarse : 27.57 seconds
7,65,fine : 27.58 seconds
[[1503  410]
 [  18   79]]
acc: 0.787
f1: 0.270
[[1898   15]
 [  73   24]]
acc: 0.956
f1: 0.353
7,66,coarse : 27.84 seconds
7,66,fine : 27.85 seconds
[[1493  420]
 [  18   79]]
acc: 0.782
f1: 0.265
[[1897   16]
 [  73   24]]
acc: 0.956
f1: 0.350
7,67,coarse : 27.73 seconds
7,67,fine : 27.75 seconds
[[1488  425]
 [  19   78]]
acc: 0.779
f1: 0.260
[[1897   16]
 [  73   24]]
acc: 0.956
f1: 0.350
7,68,coarse : 27.29 seconds
7,68,fine : 27.3 seconds
[[1491  422]
 [  19   78]]
acc: 0.781
f1: 0.261
[[1897   16]
 [  73   24]]
acc: 0.956
f1: 0.350
7,69,coarse : 27.71 seconds
7,69,fine : 27.72 seconds
[[1489  424]
 [  19   78]]
acc: 0.780
f1: 0.260
[[1897   16]
 [  72   25]]
acc: 0.956
f1: 0.362
7,70,coarse : 27.64 seconds
7,70,fine : 27.66 seconds
[[1489  424]
 [  18   79]]
acc: 0.780
f1: 0.263
[[1897   16]
 [  72   25]]
acc: 0.956
f1: 0.362
7,71,coarse : 27.96 seconds
7,71,fine : 27.98 seconds
[[1490  423]
 [  19   78]]
acc: 0.780
f1: 0.261
[[1897   16]
 [  72   25]]
acc: 0.956
f1: 0.362
7,72,coarse : 28.03 seconds
7,72,fine : 28.04 seconds
[[1487  426]
 [  19   78]]
acc: 0.779
f1: 0.260
[[1897   16]
 [  72   25]]
acc: 0.956
f1: 0.362
7,73,coarse : 27.78 seconds
7,73,fine : 27.79 seconds
[[1488  425]
 [  18   79]]
acc: 0.780
f1: 0.263
[[1895   18]
 [  72   25]]
acc: 0.955
f1: 0.357
7,74,coarse : 27.71 seconds
7,74,fine : 27.73 seconds
[[1485  428]
 [  19   78]]
acc: 0.778
f1: 0.259
[[1895   18]
 [  72   25]]
acc: 0.955
f1: 0.357
7,75,coarse : 27.59 seconds
7,75,fine : 27.6 seconds
[[1491  422]
 [  19   78]]
acc: 0.781
f1: 0.261
[[1896   17]
 [  72   25]]
acc: 0.956
f1: 0.360
7,76,coarse : 27.56 seconds
7,76,fine : 27.57 seconds
[[1492  421]
 [  19   78]]
acc: 0.781
f1: 0.262
[[1895   18]
 [  72   25]]
acc: 0.955
f1: 0.357
7,77,coarse : 27.51 seconds
7,77,fine : 27.52 seconds
[[1493  420]
 [  19   78]]
acc: 0.782
f1: 0.262
[[1895   18]
 [  72   25]]
acc: 0.955
f1: 0.357
7,78,coarse : 27.41 seconds
7,78,fine : 27.42 seconds
[[1496  417]
 [  19   78]]
acc: 0.783
f1: 0.264
[[1895   18]
 [  71   26]]
acc: 0.956
f1: 0.369
7,79,coarse : 27.64 seconds
7,79,fine : 27.65 seconds
[[1492  421]
 [  19   78]]
acc: 0.781
f1: 0.262
[[1892   21]
 [  71   26]]
acc: 0.954
f1: 0.361
7,80,coarse : 27.62 seconds
7,80,fine : 27.63 seconds
[[1493  420]
 [  19   78]]
acc: 0.782
f1: 0.262
[[1891   22]
 [  71   26]]
acc: 0.954
f1: 0.359
7,81,coarse : 27.21 seconds
7,81,fine : 27.22 seconds
[[1496  417]
 [  19   78]]
acc: 0.783
f1: 0.264
[[1892   21]
 [  70   27]]
acc: 0.955
f1: 0.372
7,82,coarse : 27.73 seconds
7,82,fine : 27.75 seconds
[[1494  419]
 [  19   78]]
acc: 0.782
f1: 0.263
[[1892   21]
 [  70   27]]
acc: 0.955
f1: 0.372
7,83,coarse : 27.21 seconds
7,83,fine : 27.23 seconds
[[1494  419]
 [  19   78]]
acc: 0.782
f1: 0.263
[[1891   22]
 [  70   27]]
acc: 0.954
f1: 0.370
7,84,coarse : 27.28 seconds
7,84,fine : 27.29 seconds
[[1496  417]
 [  19   78]]
acc: 0.783
f1: 0.264
[[1890   23]
 [  70   27]]
acc: 0.954
f1: 0.367
7,85,coarse : 27.42 seconds
7,85,fine : 27.44 seconds
[[1499  414]
 [  19   78]]
acc: 0.785
f1: 0.265
[[1891   22]
 [  70   27]]
acc: 0.954
f1: 0.370
7,86,coarse : 28.02 seconds
7,86,fine : 28.03 seconds
[[1503  410]
 [  19   78]]
acc: 0.787
f1: 0.267
[[1890   23]
 [  70   27]]
acc: 0.954
f1: 0.367
7,87,coarse : 27.63 seconds
7,87,fine : 27.65 seconds
[[1507  406]
 [  19   78]]
acc: 0.789
f1: 0.269
[[1890   23]
 [  70   27]]
acc: 0.954
f1: 0.367
7,88,coarse : 27.67 seconds
7,88,fine : 27.68 seconds
[[1508  405]
 [  19   78]]
acc: 0.789
f1: 0.269
[[1892   21]
 [  70   27]]
acc: 0.955
f1: 0.372
7,89,coarse : 27.78 seconds
7,89,fine : 27.79 seconds
[[1508  405]
 [  20   77]]
acc: 0.789
f1: 0.266
[[1892   21]
 [  70   27]]
acc: 0.955
f1: 0.372
7,90,coarse : 28.18 seconds
7,90,fine : 28.2 seconds
[[1510  403]
 [  20   77]]
acc: 0.790
f1: 0.267
[[1891   22]
 [  69   28]]
acc: 0.955
f1: 0.381
7,91,coarse : 27.89 seconds
7,91,fine : 27.9 seconds
[[1507  406]
 [  20   77]]
acc: 0.788
f1: 0.266
[[1891   22]
 [  69   28]]
acc: 0.955
f1: 0.381
7,92,coarse : 28.14 seconds
7,92,fine : 28.16 seconds
[[1511  402]
 [  20   77]]
acc: 0.790
f1: 0.267
[[1890   23]
 [  68   29]]
acc: 0.955
f1: 0.389
7,93,coarse : 27.81 seconds
7,93,fine : 27.83 seconds
[[1512  401]
 [  20   77]]
acc: 0.791
f1: 0.268
[[1890   23]
 [  68   29]]
acc: 0.955
f1: 0.389
7,94,coarse : 27.89 seconds
7,94,fine : 27.91 seconds
[[1513  400]
 [  19   78]]
acc: 0.792
f1: 0.271
[[1889   24]
 [  67   30]]
acc: 0.955
f1: 0.397
7,95,coarse : 27.94 seconds
7,95,fine : 27.95 seconds
[[1515  398]
 [  18   79]]
acc: 0.793
f1: 0.275
[[1889   24]
 [  67   30]]
acc: 0.955
f1: 0.397
7,96,coarse : 28.65 seconds
7,96,fine : 28.67 seconds
[[1514  399]
 [  18   79]]
acc: 0.793
f1: 0.275
[[1889   24]
 [  67   30]]
acc: 0.955
f1: 0.397
7,97,coarse : 28.27 seconds
7,97,fine : 28.28 seconds
[[1507  406]
 [  18   79]]
acc: 0.789
f1: 0.271
[[1889   24]
 [  67   30]]
acc: 0.955
f1: 0.397
7,98,coarse : 28.6 seconds
7,98,fine : 28.61 seconds
[[1511  402]
 [  18   79]]
acc: 0.791
f1: 0.273
[[1889   24]
 [  67   30]]
acc: 0.955
f1: 0.397
7,99,coarse : 27.71 seconds
7,99,fine : 27.72 seconds
[[1514  399]
 [  18   79]]
acc: 0.793
f1: 0.275
[[1889   24]
 [  67   30]]
acc: 0.955
f1: 0.397
7,100,coarse : 29.55 seconds
7,100,fine : 29.56 seconds
[[1507  406]
 [  18   79]]
acc: 0.789
f1: 0.271
[[1888   25]
 [  67   30]]
acc: 0.954
f1: 0.395
7,101,coarse : 28.28 seconds
7,101,fine : 28.29 seconds
[[1507  406]
 [  18   79]]
acc: 0.789
f1: 0.271
[[1887   26]
 [  66   31]]
acc: 0.954
f1: 0.403
7,102,coarse : 28.65 seconds
7,102,fine : 28.67 seconds
[[1509  404]
 [  18   79]]
acc: 0.790
f1: 0.272
[[1886   27]
 [  65   32]]
acc: 0.954
f1: 0.410
7,103,coarse : 28.2 seconds
7,103,fine : 28.22 seconds
[[1504  409]
 [  18   79]]
acc: 0.788
f1: 0.270
[[1887   26]
 [  65   32]]
acc: 0.955
f1: 0.413
7,104,coarse : 28.3 seconds
7,104,fine : 28.31 seconds
[[1502  411]
 [  18   79]]
acc: 0.787
f1: 0.269
[[1887   26]
 [  65   32]]
acc: 0.955
f1: 0.413
7,105,coarse : 27.48 seconds
7,105,fine : 27.5 seconds
[[1501  412]
 [  18   79]]
acc: 0.786
f1: 0.269
[[1887   26]
 [  65   32]]
acc: 0.955
f1: 0.413
7,106,coarse : 26.55 seconds
7,106,fine : 26.56 seconds
[[1497  416]
 [  18   79]]
acc: 0.784
f1: 0.267
[[1887   26]
 [  64   33]]
acc: 0.955
f1: 0.423
7,107,coarse : 26.18 seconds
7,107,fine : 26.19 seconds
[[1500  413]
 [  19   78]]
acc: 0.785
f1: 0.265
[[1886   27]
 [  65   32]]
acc: 0.954
f1: 0.410
7,108,coarse : 26.11 seconds
7,108,fine : 26.12 seconds
[[1496  417]
 [  19   78]]
acc: 0.783
f1: 0.264
[[1886   27]
 [  65   32]]
acc: 0.954
f1: 0.410
7,109,coarse : 26.34 seconds
7,109,fine : 26.35 seconds
[[1499  414]
 [  19   78]]
acc: 0.785
f1: 0.265
[[1887   26]
 [  64   33]]
acc: 0.955
f1: 0.423
7,110,coarse : 27.05 seconds
7,110,fine : 27.06 seconds
[[1500  413]
 [  19   78]]
acc: 0.785
f1: 0.265
[[1887   26]
 [  64   33]]
acc: 0.955
f1: 0.423
7,111,coarse : 26.63 seconds
7,111,fine : 26.64 seconds
[[1500  413]
 [  19   78]]
acc: 0.785
f1: 0.265
[[1887   26]
 [  64   33]]
acc: 0.955
f1: 0.423
7,112,coarse : 26.24 seconds
7,112,fine : 26.26 seconds
[[1497  416]
 [  19   78]]
acc: 0.784
f1: 0.264
[[1886   27]
 [  64   33]]
acc: 0.955
f1: 0.420
7,113,coarse : 26.69 seconds
7,113,fine : 26.7 seconds
[[1498  415]
 [  20   77]]
acc: 0.784
f1: 0.261
[[1886   27]
 [  65   32]]
acc: 0.954
f1: 0.410
7,114,coarse : 26.83 seconds
7,114,fine : 26.85 seconds
[[1496  417]
 [  20   77]]
acc: 0.783
f1: 0.261
[[1885   28]
 [  64   33]]
acc: 0.954
f1: 0.418
7,115,coarse : 26.79 seconds
7,115,fine : 26.81 seconds
[[1496  417]
 [  20   77]]
acc: 0.783
f1: 0.261
[[1885   28]
 [  63   34]]
acc: 0.955
f1: 0.428
7,116,coarse : 26.86 seconds
7,116,fine : 26.87 seconds
[[1492  421]
 [  20   77]]
acc: 0.781
f1: 0.259
[[1885   28]
 [  63   34]]
acc: 0.955
f1: 0.428
7,117,coarse : 26.86 seconds
7,117,fine : 26.88 seconds
[[1491  422]
 [  20   77]]
acc: 0.780
f1: 0.258
[[1884   29]
 [  63   34]]
acc: 0.954
f1: 0.425
7,118,coarse : 27.4 seconds
7,118,fine : 27.42 seconds
[[1496  417]
 [  20   77]]
acc: 0.783
f1: 0.261
[[1883   30]
 [  62   35]]
acc: 0.954
f1: 0.432
7,119,coarse : 26.85 seconds
7,119,fine : 26.86 seconds
[[1497  416]
 [  20   77]]
acc: 0.783
f1: 0.261
[[1882   31]
 [  62   35]]
acc: 0.954
f1: 0.429
7,120,coarse : 27.0 seconds
7,120,fine : 27.01 seconds
[[1498  415]
 [  20   77]]
acc: 0.784
f1: 0.261
[[1882   31]
 [  62   35]]
acc: 0.954
f1: 0.429
7,121,coarse : 27.39 seconds
7,121,fine : 27.41 seconds
[[1500  413]
 [  20   77]]
acc: 0.785
f1: 0.262
[[1884   29]
 [  64   33]]
acc: 0.954
f1: 0.415
7,122,coarse : 26.92 seconds
7,122,fine : 26.94 seconds
[[1503  410]
 [  20   77]]
acc: 0.786
f1: 0.264
[[1883   30]
 [  64   33]]
acc: 0.953
f1: 0.412
7,123,coarse : 27.14 seconds
7,123,fine : 27.16 seconds
[[1503  410]
 [  20   77]]
acc: 0.786
f1: 0.264
[[1883   30]
 [  63   34]]
acc: 0.954
f1: 0.422
7,124,coarse : 27.06 seconds
7,124,fine : 27.08 seconds
[[1503  410]
 [  20   77]]
acc: 0.786
f1: 0.264
[[1883   30]
 [  63   34]]
acc: 0.954
f1: 0.422
7,125,coarse : 27.24 seconds
7,125,fine : 27.26 seconds
[[1506  407]
 [  20   77]]
acc: 0.788
f1: 0.265
[[1882   31]
 [  63   34]]
acc: 0.953
f1: 0.420
7,126,coarse : 27.22 seconds
7,126,fine : 27.23 seconds
[[1504  409]
 [  20   77]]
acc: 0.787
f1: 0.264
[[1883   30]
 [  63   34]]
acc: 0.954
f1: 0.422
7,127,coarse : 27.27 seconds
7,127,fine : 27.29 seconds
[[1506  407]
 [  20   77]]
acc: 0.788
f1: 0.265
[[1882   31]
 [  63   34]]
acc: 0.953
f1: 0.420
7,128,coarse : 27.33 seconds
7,128,fine : 27.35 seconds
[[1505  408]
 [  20   77]]
acc: 0.787
f1: 0.265
[[1882   31]
 [  64   33]]
acc: 0.953
f1: 0.410
7,129,coarse : 27.84 seconds
7,129,fine : 27.85 seconds
[[1502  411]
 [  20   77]]
acc: 0.786
f1: 0.263
[[1882   31]
 [  63   34]]
acc: 0.953
f1: 0.420
7,130,coarse : 27.72 seconds
7,130,fine : 27.74 seconds
[[1501  412]
 [  20   77]]
acc: 0.785
f1: 0.263
[[1881   32]
 [  62   35]]
acc: 0.953
f1: 0.427
7,131,coarse : 28.06 seconds
7,131,fine : 28.08 seconds
[[1503  410]
 [  20   77]]
acc: 0.786
f1: 0.264
[[1879   34]
 [  63   34]]
acc: 0.952
f1: 0.412
7,132,coarse : 27.86 seconds
7,132,fine : 27.88 seconds
[[1498  415]
 [  19   78]]
acc: 0.784
f1: 0.264
[[1881   32]
 [  63   34]]
acc: 0.953
f1: 0.417
7,133,coarse : 27.44 seconds
7,133,fine : 27.46 seconds
[[1493  420]
 [  20   77]]
acc: 0.781
f1: 0.259
[[1881   32]
 [  64   33]]
acc: 0.952
f1: 0.407
7,134,coarse : 28.18 seconds
7,134,fine : 28.19 seconds
[[1488  425]
 [  19   78]]
acc: 0.779
f1: 0.260
[[1880   33]
 [  63   34]]
acc: 0.952
f1: 0.415
7,135,coarse : 28.05 seconds
7,135,fine : 28.06 seconds
[[1491  422]
 [  19   78]]
acc: 0.781
f1: 0.261
[[1880   33]
 [  63   34]]
acc: 0.952
f1: 0.415
7,136,coarse : 27.9 seconds
7,136,fine : 27.91 seconds
[[1489  424]
 [  19   78]]
acc: 0.780
f1: 0.260
[[1880   33]
 [  63   34]]
acc: 0.952
f1: 0.415
7,137,coarse : 28.08 seconds
7,137,fine : 28.09 seconds
[[1494  419]
 [  19   78]]
acc: 0.782
f1: 0.263
[[1879   34]
 [  63   34]]
acc: 0.952
f1: 0.412
7,138,coarse : 27.72 seconds
7,138,fine : 27.75 seconds
[[1493  420]
 [  19   78]]
acc: 0.782
f1: 0.262
[[1878   35]
 [  63   34]]
acc: 0.951
f1: 0.410
7,139,coarse : 28.19 seconds
7,139,fine : 28.21 seconds
[[1494  419]
 [  19   78]]
acc: 0.782
f1: 0.263
[[1875   38]
 [  63   34]]
acc: 0.950
f1: 0.402
7,140,coarse : 28.44 seconds
7,140,fine : 28.46 seconds
[[1496  417]
 [  19   78]]
acc: 0.783
f1: 0.264
[[1875   38]
 [  62   35]]
acc: 0.950
f1: 0.412
7,141,coarse : 28.63 seconds
7,141,fine : 28.64 seconds
[[1489  424]
 [  19   78]]
acc: 0.780
f1: 0.260
[[1875   38]
 [  63   34]]
acc: 0.950
f1: 0.402
7,142,coarse : 27.65 seconds
7,142,fine : 27.67 seconds
[[1491  422]
 [  19   78]]
acc: 0.781
f1: 0.261
[[1875   38]
 [  63   34]]
acc: 0.950
f1: 0.402
7,143,coarse : 28.39 seconds
7,143,fine : 28.41 seconds
[[1490  423]
 [  19   78]]
acc: 0.780
f1: 0.261
[[1875   38]
 [  62   35]]
acc: 0.950
f1: 0.412
7,144,coarse : 28.48 seconds
7,144,fine : 28.5 seconds
[[1483  430]
 [  18   79]]
acc: 0.777
f1: 0.261
[[1875   38]
 [  62   35]]
acc: 0.950
f1: 0.412
7,145,coarse : 28.88 seconds
7,145,fine : 28.89 seconds
[[1484  429]
 [  18   79]]
acc: 0.778
f1: 0.261
[[1875   38]
 [  62   35]]
acc: 0.950
f1: 0.412
7,146,coarse : 29.09 seconds
7,146,fine : 29.1 seconds
[[1475  438]
 [  18   79]]
acc: 0.773
f1: 0.257
[[1874   39]
 [  62   35]]
acc: 0.950
f1: 0.409
7,147,coarse : 29.32 seconds
7,147,fine : 29.34 seconds
[[1480  433]
 [  18   79]]
acc: 0.776
f1: 0.259
[[1874   39]
 [  62   35]]
acc: 0.950
f1: 0.409
7,148,coarse : 29.13 seconds
7,148,fine : 29.17 seconds
[[1480  433]
 [  18   79]]
acc: 0.776
f1: 0.259
[[1873   40]
 [  62   35]]
acc: 0.949
f1: 0.407
7,149,coarse : 29.15 seconds
7,149,fine : 29.16 seconds
[[1483  430]
 [  17   80]]
acc: 0.778
f1: 0.264
[[1873   40]
 [  61   36]]
acc: 0.950
f1: 0.416
7,150,coarse : 30.45 seconds
7,150,fine : 30.46 seconds
[[1485  428]
 [  19   78]]
acc: 0.778
f1: 0.259
[[1873   40]
 [  61   36]]
acc: 0.950
f1: 0.416
7,151,coarse : 28.67 seconds
7,151,fine : 28.69 seconds
[[1485  428]
 [  19   78]]
acc: 0.778
f1: 0.259
[[1871   42]
 [  60   37]]
acc: 0.949
f1: 0.420
7,152,coarse : 28.95 seconds
7,152,fine : 28.97 seconds
[[1488  425]
 [  18   79]]
acc: 0.780
f1: 0.263
[[1871   42]
 [  60   37]]
acc: 0.949
f1: 0.420
7,153,coarse : 28.84 seconds
7,153,fine : 28.86 seconds
[[1489  424]
 [  18   79]]
acc: 0.780
f1: 0.263
[[1871   42]
 [  60   37]]
acc: 0.949
f1: 0.420
7,154,coarse : 28.9 seconds
7,154,fine : 28.92 seconds
[[1490  423]
 [  18   79]]
acc: 0.781
f1: 0.264
[[1872   41]
 [  59   38]]
acc: 0.950
f1: 0.432
7,155,coarse : 29.25 seconds
7,155,fine : 29.27 seconds
[[1490  423]
 [  18   79]]
acc: 0.781
f1: 0.264
[[1871   42]
 [  59   38]]
acc: 0.950
f1: 0.429
7,156,coarse : 28.73 seconds
7,156,fine : 28.75 seconds
[[1492  421]
 [  18   79]]
acc: 0.782
f1: 0.265
[[1871   42]
 [  59   38]]
acc: 0.950
f1: 0.429
7,157,coarse : 29.03 seconds
7,157,fine : 29.05 seconds
[[1485  428]
 [  18   79]]
acc: 0.778
f1: 0.262
[[1871   42]
 [  59   38]]
acc: 0.950
f1: 0.429
7,158,coarse : 28.87 seconds
7,158,fine : 28.89 seconds
[[1486  427]
 [  18   79]]
acc: 0.779
f1: 0.262
[[1870   43]
 [  59   38]]
acc: 0.949
f1: 0.427
7,159,coarse : 28.88 seconds
7,159,fine : 28.9 seconds
[[1487  426]
 [  17   80]]
acc: 0.780
f1: 0.265
[[1869   44]
 [  58   39]]
acc: 0.949
f1: 0.433
7,160,coarse : 28.74 seconds
7,160,fine : 28.76 seconds
[[1486  427]
 [  17   80]]
acc: 0.779
f1: 0.265
[[1867   46]
 [  57   40]]
acc: 0.949
f1: 0.437
7,161,coarse : 28.71 seconds
7,161,fine : 28.73 seconds
[[1488  425]
 [  17   80]]
acc: 0.780
f1: 0.266
[[1867   46]
 [  57   40]]
acc: 0.949
f1: 0.437
7,162,coarse : 28.75 seconds
7,162,fine : 28.77 seconds
[[1486  427]
 [  17   80]]
acc: 0.779
f1: 0.265
[[1867   46]
 [  57   40]]
acc: 0.949
f1: 0.437
7,163,coarse : 28.87 seconds
7,163,fine : 28.89 seconds
[[1490  423]
 [  17   80]]
acc: 0.781
f1: 0.267
[[1866   47]
 [  56   41]]
acc: 0.949
f1: 0.443
7,164,coarse : 28.59 seconds
7,164,fine : 28.62 seconds
[[1488  425]
 [  17   80]]
acc: 0.780
f1: 0.266
[[1866   47]
 [  57   40]]
acc: 0.948
f1: 0.435
7,165,coarse : 28.62 seconds
7,165,fine : 28.64 seconds
[[1489  424]
 [  17   80]]
acc: 0.781
f1: 0.266
[[1866   47]
 [  57   40]]
acc: 0.948
f1: 0.435
7,166,coarse : 28.87 seconds
7,166,fine : 28.89 seconds
[[1491  422]
 [  17   80]]
acc: 0.782
f1: 0.267
[[1866   47]
 [  57   40]]
acc: 0.948
f1: 0.435
7,167,coarse : 28.79 seconds
7,167,fine : 28.81 seconds
[[1492  421]
 [  17   80]]
acc: 0.782
f1: 0.268
[[1866   47]
 [  57   40]]
acc: 0.948
f1: 0.435
7,168,coarse : 29.0 seconds
7,168,fine : 29.02 seconds
[[1494  419]
 [  17   80]]
acc: 0.783
f1: 0.268
[[1866   47]
 [  56   41]]
acc: 0.949
f1: 0.443
7,169,coarse : 28.54 seconds
7,169,fine : 28.56 seconds
[[1493  420]
 [  17   80]]
acc: 0.783
f1: 0.268
[[1864   49]
 [  55   42]]
acc: 0.948
f1: 0.447
7,170,coarse : 28.36 seconds
7,170,fine : 28.39 seconds
[[1494  419]
 [  17   80]]
acc: 0.783
f1: 0.268
[[1863   50]
 [  55   42]]
acc: 0.948
f1: 0.444
7,171,coarse : 30.21 seconds
7,171,fine : 30.23 seconds
[[1490  423]
 [  18   79]]
acc: 0.781
f1: 0.264
[[1862   51]
 [  55   42]]
acc: 0.947
f1: 0.442
7,172,coarse : 29.18 seconds
7,172,fine : 29.2 seconds
