all           0      1    2    3    4    5    6    7    8    
1      2010   1914   1    19   32   19   1    11   6    7    
2      2010   1914   1    19   32   19   1    11   6    7    
3      2010   1914   1    19   32   19   1    11   5    8    
4      2010   1914   1    19   32   19   1    10   6    8    
5      2010   1914   1    18   33   19   1    10   6    8    
6      2010   1914   1    18   33   19   1    10   6    8    
7      2010   1913   2    18   33   19   1    10   6    8    
8      2010   1913   2    18   33   19   1    10   6    8    
9      2009   1913   2    18   32   19   2    10   6    7    
10     2009   1913   1    19   32   19   1    11   6    7    
Total  20098  19136  13   185  324  190  11   104  59   76   
train         0      1    2    3    4    5    6    7    8    
1      2010   1914   1    19   32   19   1    11   6    7    
2      2010   1914   1    19   32   19   1    11   6    7    
4      2010   1914   1    19   32   19   1    10   6    8    
5      2010   1914   1    18   33   19   1    10   6    8    
6      2010   1914   1    18   33   19   1    10   6    8    
7      2010   1913   2    18   33   19   1    10   6    8    
8      2010   1913   2    18   33   19   1    10   6    8    
9      2009   1913   2    18   32   19   2    10   6    7    
10     2009   1913   1    19   32   19   1    11   6    7    
Total  18088  17222  12   166  292  171  10   93   54   68   
test          0      1    2    3    4    5    6    7    8    
3      2010   1914   1    19   32   19   1    11   5    8    
Total  2010   1914   1    19   32   19   1    11   5    8    
Classes             
0         17222     
1         12        
2         166       
3         292       
4         171       
5         10        
6         93        
7         54        
8         68        
Total     18088     

Shape: 450       

[952, 10, 11, 16, 11, 10, 10, 10, 10]
Sum start => 1040
[[1301  613]
 [  17   79]]
acc: 0.687
f1: 0.201
[[1889   25]
 [  84   12]]
acc: 0.946
f1: 0.180
3,1,coarse : 27.47 seconds
3,1,fine : 27.47 seconds
[[1301  613]
 [  17   79]]
acc: 0.687
f1: 0.201
[[1889   25]
 [  84   12]]
acc: 0.946
f1: 0.180
3,2,coarse : 29.0 seconds
3,2,fine : 29.0 seconds
[[1317  597]
 [  17   79]]
acc: 0.695
f1: 0.205
[[1893   21]
 [  84   12]]
acc: 0.948
f1: 0.186
3,3,coarse : 3.85 seconds
3,3,fine : 3.85 seconds
[[1356  558]
 [  17   79]]
acc: 0.714
f1: 0.216
[[1895   19]
 [  84   12]]
acc: 0.949
f1: 0.189
3,4,coarse : 3.99 seconds
3,4,fine : 3.99 seconds
[[1356  558]
 [  18   78]]
acc: 0.713
f1: 0.213
[[1897   17]
 [  84   12]]
acc: 0.950
f1: 0.192
3,5,coarse : 4.19 seconds
3,5,fine : 4.19 seconds
[[1356  558]
 [  18   78]]
acc: 0.713
f1: 0.213
[[1898   16]
 [  85   11]]
acc: 0.950
f1: 0.179
3,6,coarse : 4.35 seconds
3,6,fine : 4.35 seconds
[[1381  533]
 [  18   78]]
acc: 0.726
f1: 0.221
[[1898   16]
 [  84   12]]
acc: 0.950
f1: 0.194
3,7,coarse : 4.48 seconds
3,7,fine : 4.49 seconds
[[1389  525]
 [  18   78]]
acc: 0.730
f1: 0.223
[[1898   16]
 [  84   12]]
acc: 0.950
f1: 0.194
3,8,coarse : 4.62 seconds
3,8,fine : 4.63 seconds
[[1385  529]
 [  18   78]]
acc: 0.728
f1: 0.222
[[1899   15]
 [  85   11]]
acc: 0.950
f1: 0.180
3,9,coarse : 4.79 seconds
3,9,fine : 4.8 seconds
[[1388  526]
 [  18   78]]
acc: 0.729
f1: 0.223
[[1897   17]
 [  86   10]]
acc: 0.949
f1: 0.163
3,10,coarse : 5.01 seconds
3,10,fine : 5.01 seconds
[[1375  539]
 [  17   79]]
acc: 0.723
f1: 0.221
[[1897   17]
 [  85   11]]
acc: 0.949
f1: 0.177
3,11,coarse : 5.16 seconds
3,11,fine : 5.16 seconds
[[1385  529]
 [  18   78]]
acc: 0.728
f1: 0.222
[[1897   17]
 [  85   11]]
acc: 0.949
f1: 0.177
3,12,coarse : 5.3 seconds
3,12,fine : 5.31 seconds
[[1396  518]
 [  18   78]]
acc: 0.733
f1: 0.225
[[1895   19]
 [  86   10]]
acc: 0.948
f1: 0.160
3,13,coarse : 5.45 seconds
3,13,fine : 5.46 seconds
[[1404  510]
 [  19   77]]
acc: 0.737
f1: 0.225
[[1897   17]
 [  88    8]]
acc: 0.948
f1: 0.132
3,14,coarse : 5.6 seconds
3,14,fine : 5.61 seconds
[[1397  517]
 [  15   81]]
acc: 0.735
f1: 0.233
[[1897   17]
 [  87    9]]
acc: 0.948
f1: 0.148
3,15,coarse : 5.7 seconds
3,15,fine : 5.71 seconds
[[1395  519]
 [  19   77]]
acc: 0.732
f1: 0.223
[[1896   18]
 [  87    9]]
acc: 0.948
f1: 0.146
3,16,coarse : 6.05 seconds
3,16,fine : 6.06 seconds
[[1402  512]
 [  15   81]]
acc: 0.738
f1: 0.235
[[1897   17]
 [  87    9]]
acc: 0.948
f1: 0.148
3,17,coarse : 6.2 seconds
3,17,fine : 6.2 seconds
[[1411  503]
 [  15   81]]
acc: 0.742
f1: 0.238
[[1900   14]
 [  88    8]]
acc: 0.949
f1: 0.136
3,18,coarse : 6.35 seconds
3,18,fine : 6.35 seconds
[[1411  503]
 [  17   79]]
acc: 0.741
f1: 0.233
[[1896   18]
 [  88    8]]
acc: 0.947
f1: 0.131
3,19,coarse : 6.54 seconds
3,19,fine : 6.55 seconds
[[1416  498]
 [  18   78]]
acc: 0.743
f1: 0.232
[[1896   18]
 [  86   10]]
acc: 0.948
f1: 0.161
3,20,coarse : 6.79 seconds
3,20,fine : 6.79 seconds
[[1423  491]
 [  18   78]]
acc: 0.747
f1: 0.235
[[1895   19]
 [  86   10]]
acc: 0.948
f1: 0.160
3,21,coarse : 6.9 seconds
3,21,fine : 6.91 seconds
[[1422  492]
 [  15   81]]
acc: 0.748
f1: 0.242
[[1895   19]
 [  86   10]]
acc: 0.948
f1: 0.160
3,22,coarse : 6.97 seconds
3,22,fine : 6.98 seconds
[[1412  502]
 [  17   79]]
acc: 0.742
f1: 0.233
[[1894   20]
 [  86   10]]
acc: 0.947
f1: 0.159
3,23,coarse : 7.16 seconds
3,23,fine : 7.17 seconds
[[1408  506]
 [  18   78]]
acc: 0.739
f1: 0.229
[[1895   19]
 [  85   11]]
acc: 0.948
f1: 0.175
3,24,coarse : 7.47 seconds
3,24,fine : 7.47 seconds
[[1412  502]
 [  16   80]]
acc: 0.742
f1: 0.236
[[1894   20]
 [  85   11]]
acc: 0.948
f1: 0.173
3,25,coarse : 7.73 seconds
3,25,fine : 7.73 seconds
[[1391  523]
 [  16   80]]
acc: 0.732
f1: 0.229
[[1889   25]
 [  85   11]]
acc: 0.945
f1: 0.167
3,26,coarse : 7.71 seconds
3,26,fine : 7.71 seconds
[[1404  510]
 [  17   79]]
acc: 0.738
f1: 0.231
[[1890   24]
 [  85   11]]
acc: 0.946
f1: 0.168
3,27,coarse : 7.83 seconds
3,27,fine : 7.83 seconds
[[1409  505]
 [  17   79]]
acc: 0.740
f1: 0.232
[[1890   24]
 [  85   11]]
acc: 0.946
f1: 0.168
3,28,coarse : 8.11 seconds
3,28,fine : 8.11 seconds
[[1414  500]
 [  17   79]]
acc: 0.743
f1: 0.234
[[1889   25]
 [  84   12]]
acc: 0.946
f1: 0.180
3,29,coarse : 8.23 seconds
3,29,fine : 8.24 seconds
[[1406  508]
 [  17   79]]
acc: 0.739
f1: 0.231
[[1888   26]
 [  83   13]]
acc: 0.946
f1: 0.193
3,30,coarse : 8.27 seconds
3,30,fine : 8.27 seconds
[[1395  519]
 [  16   80]]
acc: 0.734
f1: 0.230
[[1887   27]
 [  82   14]]
acc: 0.946
f1: 0.204
3,31,coarse : 8.59 seconds
3,31,fine : 8.59 seconds
[[1407  507]
 [  17   79]]
acc: 0.739
f1: 0.232
[[1888   26]
 [  82   14]]
acc: 0.946
f1: 0.206
3,32,coarse : 8.59 seconds
3,32,fine : 8.6 seconds
[[1403  511]
 [  17   79]]
acc: 0.737
f1: 0.230
[[1889   25]
 [  82   14]]
acc: 0.947
f1: 0.207
3,33,coarse : 8.88 seconds
3,33,fine : 8.89 seconds
[[1401  513]
 [  17   79]]
acc: 0.736
f1: 0.230
[[1885   29]
 [  82   14]]
acc: 0.945
f1: 0.201
3,34,coarse : 9.07 seconds
3,34,fine : 9.08 seconds
[[1403  511]
 [  17   79]]
acc: 0.737
f1: 0.230
[[1884   30]
 [  82   14]]
acc: 0.944
f1: 0.200
3,35,coarse : 9.22 seconds
3,35,fine : 9.23 seconds
[[1410  504]
 [  16   80]]
acc: 0.741
f1: 0.235
[[1879   35]
 [  81   15]]
acc: 0.942
f1: 0.205
3,36,coarse : 9.56 seconds
3,36,fine : 9.57 seconds
[[1416  498]
 [  16   80]]
acc: 0.744
f1: 0.237
[[1879   35]
 [  80   16]]
acc: 0.943
f1: 0.218
3,37,coarse : 9.59 seconds
3,37,fine : 9.6 seconds
[[1409  505]
 [  16   80]]
acc: 0.741
f1: 0.235
[[1879   35]
 [  80   16]]
acc: 0.943
f1: 0.218
3,38,coarse : 10.04 seconds
3,38,fine : 10.05 seconds
[[1417  497]
 [  16   80]]
acc: 0.745
f1: 0.238
[[1881   33]
 [  80   16]]
acc: 0.944
f1: 0.221
3,39,coarse : 10.19 seconds
3,39,fine : 10.2 seconds
[[1418  496]
 [  16   80]]
acc: 0.745
f1: 0.238
[[1881   33]
 [  80   16]]
acc: 0.944
f1: 0.221
3,40,coarse : 10.34 seconds
3,40,fine : 10.35 seconds
[[1421  493]
 [  16   80]]
acc: 0.747
f1: 0.239
[[1878   36]
 [  79   17]]
acc: 0.943
f1: 0.228
3,41,coarse : 10.54 seconds
3,41,fine : 10.55 seconds
[[1426  488]
 [  16   80]]
acc: 0.749
f1: 0.241
[[1878   36]
 [  77   19]]
acc: 0.944
f1: 0.252
3,42,coarse : 10.67 seconds
3,42,fine : 10.67 seconds
[[1429  485]
 [  15   81]]
acc: 0.751
f1: 0.245
[[1878   36]
 [  77   19]]
acc: 0.944
f1: 0.252
3,43,coarse : 10.8 seconds
3,43,fine : 10.81 seconds
[[1428  486]
 [  15   81]]
acc: 0.751
f1: 0.244
[[1878   36]
 [  76   20]]
acc: 0.944
f1: 0.263
3,44,coarse : 11.0 seconds
3,44,fine : 11.01 seconds
[[1424  490]
 [  16   80]]
acc: 0.748
f1: 0.240
[[1879   35]
 [  75   21]]
acc: 0.945
f1: 0.276
3,45,coarse : 11.23 seconds
3,45,fine : 11.24 seconds
[[1425  489]
 [  16   80]]
acc: 0.749
f1: 0.241
[[1877   37]
 [  76   20]]
acc: 0.944
f1: 0.261
3,46,coarse : 11.51 seconds
3,46,fine : 11.52 seconds
[[1426  488]
 [  16   80]]
acc: 0.749
f1: 0.241
[[1877   37]
 [  73   23]]
acc: 0.945
f1: 0.295
3,47,coarse : 11.83 seconds
3,47,fine : 11.84 seconds
[[1425  489]
 [  15   81]]
acc: 0.749
f1: 0.243
[[1875   39]
 [  72   24]]
acc: 0.945
f1: 0.302
3,48,coarse : 11.76 seconds
3,48,fine : 11.77 seconds
[[1423  491]
 [  15   81]]
acc: 0.748
f1: 0.243
[[1876   38]
 [  71   25]]
acc: 0.946
f1: 0.314
3,49,coarse : 12.06 seconds
3,49,fine : 12.07 seconds
[[1426  488]
 [  15   81]]
acc: 0.750
f1: 0.244
[[1875   39]
 [  71   25]]
acc: 0.945
f1: 0.312
3,50,coarse : 13.73 seconds
3,50,fine : 13.74 seconds
[[1426  488]
 [  14   82]]
acc: 0.750
f1: 0.246
[[1874   40]
 [  69   27]]
acc: 0.946
f1: 0.331
3,51,coarse : 12.21 seconds
3,51,fine : 12.22 seconds
[[1423  491]
 [  14   82]]
acc: 0.749
f1: 0.245
[[1874   40]
 [  67   29]]
acc: 0.947
f1: 0.352
3,52,coarse : 12.58 seconds
3,52,fine : 12.59 seconds
[[1427  487]
 [  14   82]]
acc: 0.751
f1: 0.247
[[1874   40]
 [  68   28]]
acc: 0.946
f1: 0.341
3,53,coarse : 12.76 seconds
3,53,fine : 12.77 seconds
[[1427  487]
 [  14   82]]
acc: 0.751
f1: 0.247
[[1873   41]
 [  68   28]]
acc: 0.946
f1: 0.339
3,54,coarse : 12.85 seconds
3,54,fine : 12.86 seconds
[[1429  485]
 [  14   82]]
acc: 0.752
f1: 0.247
[[1875   39]
 [  65   31]]
acc: 0.948
f1: 0.373
3,55,coarse : 13.18 seconds
3,55,fine : 13.19 seconds
[[1429  485]
 [  14   82]]
acc: 0.752
f1: 0.247
[[1875   39]
 [  61   35]]
acc: 0.950
f1: 0.412
3,56,coarse : 13.83 seconds
3,56,fine : 13.84 seconds
[[1428  486]
 [  15   81]]
acc: 0.751
f1: 0.244
[[1874   40]
 [  64   32]]
acc: 0.948
f1: 0.381
3,57,coarse : 13.62 seconds
3,57,fine : 13.63 seconds
[[1428  486]
 [  14   82]]
acc: 0.751
f1: 0.247
[[1875   39]
 [  65   31]]
acc: 0.948
f1: 0.373
3,58,coarse : 13.94 seconds
3,58,fine : 13.95 seconds
[[1436  478]
 [  14   82]]
acc: 0.755
f1: 0.250
[[1876   38]
 [  65   31]]
acc: 0.949
f1: 0.376
3,59,coarse : 14.27 seconds
3,59,fine : 14.28 seconds
[[1439  475]
 [  14   82]]
acc: 0.757
f1: 0.251
[[1876   38]
 [  66   30]]
acc: 0.948
f1: 0.366
3,60,coarse : 14.49 seconds
3,60,fine : 14.5 seconds
[[1444  470]
 [  13   83]]
acc: 0.760
f1: 0.256
[[1875   39]
 [  66   30]]
acc: 0.948
f1: 0.364
3,61,coarse : 14.61 seconds
3,61,fine : 14.62 seconds
[[1448  466]
 [  13   83]]
acc: 0.762
f1: 0.257
[[1874   40]
 [  65   31]]
acc: 0.948
f1: 0.371
3,62,coarse : 14.9 seconds
3,62,fine : 14.91 seconds
[[1454  460]
 [  14   82]]
acc: 0.764
f1: 0.257
[[1874   40]
 [  63   33]]
acc: 0.949
f1: 0.391
3,63,coarse : 14.77 seconds
3,63,fine : 14.78 seconds
[[1453  461]
 [  14   82]]
acc: 0.764
f1: 0.257
[[1874   40]
 [  63   33]]
acc: 0.949
f1: 0.391
3,64,coarse : 15.02 seconds
3,64,fine : 15.03 seconds
[[1454  460]
 [  13   83]]
acc: 0.765
f1: 0.260
[[1870   44]
 [  63   33]]
acc: 0.947
f1: 0.382
3,65,coarse : 15.27 seconds
3,65,fine : 15.28 seconds
[[1455  459]
 [  13   83]]
acc: 0.765
f1: 0.260
[[1868   46]
 [  62   34]]
acc: 0.946
f1: 0.386
3,66,coarse : 15.68 seconds
3,66,fine : 15.69 seconds
[[1460  454]
 [  13   83]]
acc: 0.768
f1: 0.262
[[1867   47]
 [  62   34]]
acc: 0.946
f1: 0.384
3,67,coarse : 15.78 seconds
3,67,fine : 15.79 seconds
[[1461  453]
 [  13   83]]
acc: 0.768
f1: 0.263
[[1867   47]
 [  62   34]]
acc: 0.946
f1: 0.384
3,68,coarse : 15.92 seconds
3,68,fine : 15.93 seconds
[[1463  451]
 [  13   83]]
acc: 0.769
f1: 0.263
[[1867   47]
 [  57   39]]
acc: 0.948
f1: 0.429
3,69,coarse : 16.19 seconds
3,69,fine : 16.2 seconds
[[1453  461]
 [  13   83]]
acc: 0.764
f1: 0.259
[[1865   49]
 [  58   38]]
acc: 0.947
f1: 0.415
3,70,coarse : 16.48 seconds
3,70,fine : 16.49 seconds
[[1446  468]
 [  13   83]]
acc: 0.761
f1: 0.257
[[1865   49]
 [  58   38]]
acc: 0.947
f1: 0.415
3,71,coarse : 16.54 seconds
3,71,fine : 16.55 seconds
[[1454  460]
 [  13   83]]
acc: 0.765
f1: 0.260
[[1868   46]
 [  57   39]]
acc: 0.949
f1: 0.431
3,72,coarse : 16.52 seconds
3,72,fine : 16.53 seconds
[[1451  463]
 [  13   83]]
acc: 0.763
f1: 0.259
[[1867   47]
 [  58   38]]
acc: 0.948
f1: 0.420
3,73,coarse : 16.96 seconds
3,73,fine : 16.97 seconds
[[1455  459]
 [  13   83]]
acc: 0.765
f1: 0.260
[[1867   47]
 [  58   38]]
acc: 0.948
f1: 0.420
3,74,coarse : 17.36 seconds
3,74,fine : 17.37 seconds
[[1459  455]
 [  13   83]]
acc: 0.767
f1: 0.262
[[1868   46]
 [  57   39]]
acc: 0.949
f1: 0.431
3,75,coarse : 17.5 seconds
3,75,fine : 17.51 seconds
[[1462  452]
 [  14   82]]
acc: 0.768
f1: 0.260
[[1866   48]
 [  59   37]]
acc: 0.947
f1: 0.409
3,76,coarse : 17.19 seconds
3,76,fine : 17.2 seconds
[[1465  449]
 [  14   82]]
acc: 0.770
f1: 0.262
[[1862   52]
 [  59   37]]
acc: 0.945
f1: 0.400
3,77,coarse : 17.7 seconds
3,77,fine : 17.71 seconds
[[1475  439]
 [  14   82]]
acc: 0.775
f1: 0.266
[[1864   50]
 [  57   39]]
acc: 0.947
f1: 0.422
3,78,coarse : 18.05 seconds
3,78,fine : 18.06 seconds
[[1476  438]
 [  13   83]]
acc: 0.776
f1: 0.269
[[1863   51]
 [  56   40]]
acc: 0.947
f1: 0.428
3,79,coarse : 18.28 seconds
3,79,fine : 18.29 seconds
[[1477  437]
 [  13   83]]
acc: 0.776
f1: 0.269
[[1863   51]
 [  56   40]]
acc: 0.947
f1: 0.428
3,80,coarse : 18.26 seconds
3,80,fine : 18.27 seconds
[[1482  432]
 [  14   82]]
acc: 0.778
f1: 0.269
[[1862   52]
 [  56   40]]
acc: 0.946
f1: 0.426
3,81,coarse : 18.47 seconds
3,81,fine : 18.49 seconds
[[1480  434]
 [  14   82]]
acc: 0.777
f1: 0.268
[[1862   52]
 [  56   40]]
acc: 0.946
f1: 0.426
3,82,coarse : 18.25 seconds
3,82,fine : 18.26 seconds
[[1480  434]
 [  14   82]]
acc: 0.777
f1: 0.268
[[1861   53]
 [  54   42]]
acc: 0.947
f1: 0.440
3,83,coarse : 18.89 seconds
3,83,fine : 18.9 seconds
[[1480  434]
 [  14   82]]
acc: 0.777
f1: 0.268
[[1860   54]
 [  54   42]]
acc: 0.946
f1: 0.438
3,84,coarse : 19.13 seconds
3,84,fine : 19.14 seconds
[[1472  442]
 [  14   82]]
acc: 0.773
f1: 0.265
[[1859   55]
 [  55   41]]
acc: 0.945
f1: 0.427
3,85,coarse : 19.63 seconds
3,85,fine : 19.64 seconds
[[1475  439]
 [  14   82]]
acc: 0.775
f1: 0.266
[[1859   55]
 [  56   40]]
acc: 0.945
f1: 0.419
3,86,coarse : 19.54 seconds
3,86,fine : 19.55 seconds
[[1477  437]
 [  14   82]]
acc: 0.776
f1: 0.267
[[1862   52]
 [  56   40]]
acc: 0.946
f1: 0.426
3,87,coarse : 20.12 seconds
3,87,fine : 20.13 seconds
[[1477  437]
 [  14   82]]
acc: 0.776
f1: 0.267
[[1861   53]
 [  55   41]]
acc: 0.946
f1: 0.432
3,88,coarse : 20.32 seconds
3,88,fine : 20.33 seconds
[[1477  437]
 [  14   82]]
acc: 0.776
f1: 0.267
[[1860   54]
 [  55   41]]
acc: 0.946
f1: 0.429
3,89,coarse : 20.41 seconds
3,89,fine : 20.43 seconds
[[1479  435]
 [  14   82]]
acc: 0.777
f1: 0.268
[[1856   58]
 [  53   43]]
acc: 0.945
f1: 0.437
3,90,coarse : 20.13 seconds
3,90,fine : 20.15 seconds
[[1478  436]
 [  14   82]]
acc: 0.776
f1: 0.267
[[1857   57]
 [  54   42]]
acc: 0.945
f1: 0.431
3,91,coarse : 20.69 seconds
3,91,fine : 20.7 seconds
[[1483  431]
 [  14   82]]
acc: 0.779
f1: 0.269
[[1853   61]
 [  54   42]]
acc: 0.943
f1: 0.422
3,92,coarse : 21.05 seconds
3,92,fine : 21.06 seconds
[[1472  442]
 [  14   82]]
acc: 0.773
f1: 0.265
[[1856   58]
 [  54   42]]
acc: 0.944
f1: 0.429
3,93,coarse : 20.78 seconds
3,93,fine : 20.79 seconds
[[1472  442]
 [  16   80]]
acc: 0.772
f1: 0.259
[[1853   61]
 [  54   42]]
acc: 0.943
f1: 0.422
3,94,coarse : 21.44 seconds
3,94,fine : 21.46 seconds
[[1472  442]
 [  16   80]]
acc: 0.772
f1: 0.259
[[1853   61]
 [  54   42]]
acc: 0.943
f1: 0.422
3,95,coarse : 21.39 seconds
3,95,fine : 21.4 seconds
[[1472  442]
 [  16   80]]
acc: 0.772
f1: 0.259
[[1850   64]
 [  54   42]]
acc: 0.941
f1: 0.416
3,96,coarse : 21.88 seconds
3,96,fine : 21.89 seconds
[[1476  438]
 [  16   80]]
acc: 0.774
f1: 0.261
[[1849   65]
 [  55   41]]
acc: 0.940
f1: 0.406
3,97,coarse : 23.12 seconds
3,97,fine : 23.13 seconds
[[1475  439]
 [  16   80]]
acc: 0.774
f1: 0.260
[[1849   65]
 [  55   41]]
acc: 0.940
f1: 0.406
3,98,coarse : 22.56 seconds
3,98,fine : 22.58 seconds
[[1476  438]
 [  16   80]]
acc: 0.774
f1: 0.261
[[1848   66]
 [  54   42]]
acc: 0.940
f1: 0.412
3,99,coarse : 22.56 seconds
3,99,fine : 22.58 seconds
[[1475  439]
 [  16   80]]
acc: 0.774
f1: 0.260
[[1845   69]
 [  54   42]]
acc: 0.939
f1: 0.406
3,100,coarse : 24.3 seconds
3,100,fine : 24.32 seconds
[[1478  436]
 [  16   80]]
acc: 0.775
f1: 0.261
[[1845   69]
 [  56   40]]
acc: 0.938
f1: 0.390
3,101,coarse : 23.25 seconds
3,101,fine : 23.26 seconds
[[1485  429]
 [  16   80]]
acc: 0.779
f1: 0.264
[[1846   68]
 [  56   40]]
acc: 0.938
f1: 0.392
3,102,coarse : 23.57 seconds
3,102,fine : 23.59 seconds
[[1484  430]
 [  15   81]]
acc: 0.779
f1: 0.267
[[1848   66]
 [  54   42]]
acc: 0.940
f1: 0.412
3,103,coarse : 24.05 seconds
3,103,fine : 24.06 seconds
[[1485  429]
 [  15   81]]
acc: 0.779
f1: 0.267
[[1849   65]
 [  53   43]]
acc: 0.941
f1: 0.422
3,104,coarse : 24.31 seconds
3,104,fine : 24.33 seconds
[[1479  435]
 [  16   80]]
acc: 0.776
f1: 0.262
[[1850   64]
 [  54   42]]
acc: 0.941
f1: 0.416
3,105,coarse : 24.77 seconds
3,105,fine : 24.79 seconds
[[1479  435]
 [  16   80]]
acc: 0.776
f1: 0.262
[[1850   64]
 [  55   41]]
acc: 0.941
f1: 0.408
3,106,coarse : 24.63 seconds
3,106,fine : 24.64 seconds
[[1482  432]
 [  16   80]]
acc: 0.777
f1: 0.263
[[1850   64]
 [  54   42]]
acc: 0.941
f1: 0.416
3,107,coarse : 24.38 seconds
3,107,fine : 24.4 seconds
[[1482  432]
 [  16   80]]
acc: 0.777
f1: 0.263
[[1850   64]
 [  52   44]]
acc: 0.942
f1: 0.431
3,108,coarse : 24.78 seconds
3,108,fine : 24.8 seconds
[[1483  431]
 [  16   80]]
acc: 0.778
f1: 0.264
[[1851   63]
 [  53   43]]
acc: 0.942
f1: 0.426
3,109,coarse : 25.68 seconds
3,109,fine : 25.7 seconds
[[1481  433]
 [  16   80]]
acc: 0.777
f1: 0.263
[[1852   62]
 [  54   42]]
acc: 0.942
f1: 0.420
3,110,coarse : 25.61 seconds
3,110,fine : 25.62 seconds
[[1482  432]
 [  16   80]]
acc: 0.777
f1: 0.263
[[1851   63]
 [  53   43]]
acc: 0.942
f1: 0.426
3,111,coarse : 25.42 seconds
3,111,fine : 25.43 seconds
[[1482  432]
 [  16   80]]
acc: 0.777
f1: 0.263
[[1852   62]
 [  52   44]]
acc: 0.943
f1: 0.436
3,112,coarse : 26.34 seconds
3,112,fine : 26.35 seconds
[[1479  435]
 [  16   80]]
acc: 0.776
f1: 0.262
[[1852   62]
 [  52   44]]
acc: 0.943
f1: 0.436
3,113,coarse : 26.87 seconds
3,113,fine : 26.89 seconds
[[1473  441]
 [  16   80]]
acc: 0.773
f1: 0.259
[[1851   63]
 [  52   44]]
acc: 0.943
f1: 0.433
3,114,coarse : 26.53 seconds
3,114,fine : 26.54 seconds
[[1474  440]
 [  16   80]]
acc: 0.773
f1: 0.260
[[1850   64]
 [  52   44]]
acc: 0.942
f1: 0.431
3,115,coarse : 27.36 seconds
3,115,fine : 27.38 seconds
[[1477  437]
 [  16   80]]
acc: 0.775
f1: 0.261
[[1849   65]
 [  52   44]]
acc: 0.942
f1: 0.429
3,116,coarse : 26.97 seconds
3,116,fine : 26.99 seconds
[[1477  437]
 [  16   80]]
acc: 0.775
f1: 0.261
[[1850   64]
 [  52   44]]
acc: 0.942
f1: 0.431
3,117,coarse : 28.4 seconds
3,117,fine : 28.41 seconds
[[1480  434]
 [  16   80]]
acc: 0.776
f1: 0.262
[[1850   64]
 [  51   45]]
acc: 0.943
f1: 0.439
3,118,coarse : 27.3 seconds
3,118,fine : 27.32 seconds
[[1479  435]
 [  16   80]]
acc: 0.776
f1: 0.262
[[1848   66]
 [  51   45]]
acc: 0.942
f1: 0.435
3,119,coarse : 27.61 seconds
3,119,fine : 27.63 seconds
[[1481  433]
 [  16   80]]
acc: 0.777
f1: 0.263
[[1847   67]
 [  50   46]]
acc: 0.942
f1: 0.440
3,120,coarse : 27.5 seconds
3,120,fine : 27.52 seconds
[[1478  436]
 [  16   80]]
acc: 0.775
f1: 0.261
[[1848   66]
 [  51   45]]
acc: 0.942
f1: 0.435
3,121,coarse : 28.82 seconds
3,121,fine : 28.84 seconds
[[1478  436]
 [  16   80]]
acc: 0.775
f1: 0.261
[[1847   67]
 [  53   43]]
acc: 0.940
f1: 0.417
3,122,coarse : 29.02 seconds
3,122,fine : 29.03 seconds
[[1482  432]
 [  16   80]]
acc: 0.777
f1: 0.263
[[1849   65]
 [  53   43]]
acc: 0.941
f1: 0.422
3,123,coarse : 30.01 seconds
3,123,fine : 30.02 seconds
[[1482  432]
 [  16   80]]
acc: 0.777
f1: 0.263
[[1848   66]
 [  53   43]]
acc: 0.941
f1: 0.420
3,124,coarse : 29.33 seconds
3,124,fine : 29.34 seconds
[[1487  427]
 [  15   81]]
acc: 0.780
f1: 0.268
[[1847   67]
 [  54   42]]
acc: 0.940
f1: 0.410
3,125,coarse : 29.44 seconds
3,125,fine : 29.46 seconds
[[1484  430]
 [  15   81]]
acc: 0.779
f1: 0.267
[[1849   65]
 [  54   42]]
acc: 0.941
f1: 0.414
3,126,coarse : 29.73 seconds
3,126,fine : 29.75 seconds
[[1478  436]
 [  15   81]]
acc: 0.776
f1: 0.264
[[1855   59]
 [  53   43]]
acc: 0.944
f1: 0.434
3,127,coarse : 29.74 seconds
3,127,fine : 29.75 seconds
[[1483  431]
 [  14   82]]
acc: 0.779
f1: 0.269
[[1855   59]
 [  53   43]]
acc: 0.944
f1: 0.434
3,128,coarse : 30.49 seconds
3,128,fine : 30.51 seconds
[[1473  441]
 [  14   82]]
acc: 0.774
f1: 0.265
[[1854   60]
 [  53   43]]
acc: 0.944
f1: 0.432
3,129,coarse : 30.07 seconds
3,129,fine : 30.09 seconds
[[1474  440]
 [  14   82]]
acc: 0.774
f1: 0.265
[[1849   65]
 [  51   45]]
acc: 0.942
f1: 0.437
3,130,coarse : 30.42 seconds
3,130,fine : 30.44 seconds
[[1472  442]
 [  14   82]]
acc: 0.773
f1: 0.265
[[1849   65]
 [  51   45]]
acc: 0.942
f1: 0.437
3,131,coarse : 30.72 seconds
3,131,fine : 30.73 seconds
[[1475  439]
 [  14   82]]
acc: 0.775
f1: 0.266
[[1848   66]
 [  51   45]]
acc: 0.942
f1: 0.435
3,132,coarse : 31.23 seconds
3,132,fine : 31.25 seconds
[[1479  435]
 [  14   82]]
acc: 0.777
f1: 0.268
[[1850   64]
 [  53   43]]
acc: 0.942
f1: 0.424
3,133,coarse : 31.58 seconds
3,133,fine : 31.6 seconds
[[1481  433]
 [  14   82]]
acc: 0.778
f1: 0.268
[[1851   63]
 [  51   45]]
acc: 0.943
f1: 0.441
3,134,coarse : 31.69 seconds
3,134,fine : 31.71 seconds
[[1479  435]
 [  16   80]]
acc: 0.776
f1: 0.262
[[1852   62]
 [  51   45]]
acc: 0.944
f1: 0.443
3,135,coarse : 31.91 seconds
3,135,fine : 31.93 seconds
[[1482  432]
 [  16   80]]
acc: 0.777
f1: 0.263
[[1851   63]
 [  52   44]]
acc: 0.943
f1: 0.433
3,136,coarse : 32.36 seconds
3,136,fine : 32.38 seconds
[[1483  431]
 [  16   80]]
acc: 0.778
f1: 0.264
[[1853   61]
 [  52   44]]
acc: 0.944
f1: 0.438
3,137,coarse : 31.61 seconds
3,137,fine : 31.63 seconds
[[1479  435]
 [  16   80]]
acc: 0.776
f1: 0.262
[[1852   62]
 [  52   44]]
acc: 0.943
f1: 0.436
3,138,coarse : 31.97 seconds
3,138,fine : 31.99 seconds
[[1479  435]
 [  16   80]]
acc: 0.776
f1: 0.262
[[1851   63]
 [  51   45]]
acc: 0.943
f1: 0.441
3,139,coarse : 32.29 seconds
3,139,fine : 32.31 seconds
[[1480  434]
 [  16   80]]
acc: 0.776
f1: 0.262
[[1850   64]
 [  51   45]]
acc: 0.943
f1: 0.439
3,140,coarse : 32.9 seconds
3,140,fine : 32.92 seconds
[[1481  433]
 [  16   80]]
acc: 0.777
f1: 0.263
[[1850   64]
 [  51   45]]
acc: 0.943
f1: 0.439
3,141,coarse : 33.1 seconds
3,141,fine : 33.12 seconds
[[1481  433]
 [  16   80]]
acc: 0.777
f1: 0.263
[[1851   63]
 [  51   45]]
acc: 0.943
f1: 0.441
3,142,coarse : 33.58 seconds
3,142,fine : 33.6 seconds
[[1479  435]
 [  16   80]]
acc: 0.776
f1: 0.262
[[1851   63]
 [  53   43]]
acc: 0.942
f1: 0.426
3,143,coarse : 33.19 seconds
3,143,fine : 33.21 seconds
[[1480  434]
 [  16   80]]
acc: 0.776
f1: 0.262
[[1853   61]
 [  52   44]]
acc: 0.944
f1: 0.438
3,144,coarse : 33.84 seconds
3,144,fine : 33.86 seconds
[[1479  435]
 [  16   80]]
acc: 0.776
f1: 0.262
[[1851   63]
 [  52   44]]
acc: 0.943
f1: 0.433
3,145,coarse : 33.93 seconds
3,145,fine : 33.95 seconds
[[1482  432]
 [  16   80]]
acc: 0.777
f1: 0.263
[[1851   63]
 [  52   44]]
acc: 0.943
f1: 0.433
3,146,coarse : 34.62 seconds
3,146,fine : 34.64 seconds
[[1479  435]
 [  16   80]]
acc: 0.776
f1: 0.262
[[1851   63]
 [  53   43]]
acc: 0.942
f1: 0.426
3,147,coarse : 34.82 seconds
3,147,fine : 34.84 seconds
[[1479  435]
 [  16   80]]
acc: 0.776
f1: 0.262
[[1850   64]
 [  53   43]]
acc: 0.942
f1: 0.424
3,148,coarse : 34.85 seconds
3,148,fine : 34.87 seconds
[[1474  440]
 [  14   82]]
acc: 0.774
f1: 0.265
[[1848   66]
 [  53   43]]
acc: 0.941
f1: 0.420
3,149,coarse : 34.64 seconds
3,149,fine : 34.66 seconds
[[1475  439]
 [  15   81]]
acc: 0.774
f1: 0.263
[[1847   67]
 [  52   44]]
acc: 0.941
f1: 0.425
3,150,coarse : 37.0 seconds
3,150,fine : 37.02 seconds
[[1471  443]
 [  16   80]]
acc: 0.772
f1: 0.258
[[1846   68]
 [  50   46]]
acc: 0.941
f1: 0.438
3,151,coarse : 35.67 seconds
3,151,fine : 35.69 seconds
[[1475  439]
 [  15   81]]
acc: 0.774
f1: 0.263
[[1847   67]
 [  51   45]]
acc: 0.941
f1: 0.433
3,152,coarse : 35.4 seconds
3,152,fine : 35.42 seconds
[[1478  436]
 [  14   82]]
acc: 0.776
f1: 0.267
[[1847   67]
 [  50   46]]
acc: 0.942
f1: 0.440
3,153,coarse : 36.13 seconds
3,153,fine : 36.16 seconds
[[1482  432]
 [  15   81]]
acc: 0.778
f1: 0.266
[[1846   68]
 [  50   46]]
acc: 0.941
f1: 0.438
3,154,coarse : 36.36 seconds
3,154,fine : 36.39 seconds
[[1485  429]
 [  15   81]]
acc: 0.779
f1: 0.267
[[1847   67]
 [  49   47]]
acc: 0.942
f1: 0.448
3,155,coarse : 36.76 seconds
3,155,fine : 36.78 seconds
[[1482  432]
 [  15   81]]
acc: 0.778
f1: 0.266
[[1847   67]
 [  49   47]]
acc: 0.942
f1: 0.448
3,156,coarse : 37.11 seconds
3,156,fine : 37.13 seconds
[[1482  432]
 [  15   81]]
acc: 0.778
f1: 0.266
[[1847   67]
 [  49   47]]
acc: 0.942
f1: 0.448
3,157,coarse : 36.19 seconds
3,157,fine : 36.21 seconds
[[1483  431]
 [  15   81]]
acc: 0.778
f1: 0.266
[[1847   67]
 [  49   47]]
acc: 0.942
f1: 0.448
3,158,coarse : 36.47 seconds
3,158,fine : 36.49 seconds
[[1483  431]
 [  15   81]]
acc: 0.778
f1: 0.266
[[1846   68]
 [  48   48]]
acc: 0.942
f1: 0.453
3,159,coarse : 37.7 seconds
3,159,fine : 37.72 seconds
[[1483  431]
 [  15   81]]
acc: 0.778
f1: 0.266
[[1844   70]
 [  47   49]]
acc: 0.942
f1: 0.456
3,160,coarse : 37.8 seconds
3,160,fine : 37.83 seconds
[[1484  430]
 [  16   80]]
acc: 0.778
f1: 0.264
[[1842   72]
 [  45   51]]
acc: 0.942
f1: 0.466
3,161,coarse : 37.55 seconds
3,161,fine : 37.57 seconds
[[1483  431]
 [  16   80]]
acc: 0.778
f1: 0.264
[[1843   71]
 [  45   51]]
acc: 0.942
f1: 0.468
3,162,coarse : 39.08 seconds
3,162,fine : 39.1 seconds
[[1487  427]
 [  16   80]]
acc: 0.780
f1: 0.265
[[1844   70]
 [  46   50]]
acc: 0.942
f1: 0.463
3,163,coarse : 39.2 seconds
3,163,fine : 39.22 seconds
[[1485  429]
 [  16   80]]
acc: 0.779
f1: 0.264
[[1843   71]
 [  46   50]]
acc: 0.942
f1: 0.461
3,164,coarse : 38.68 seconds
3,164,fine : 38.7 seconds
[[1485  429]
 [  16   80]]
acc: 0.779
f1: 0.264
[[1843   71]
 [  46   50]]
acc: 0.942
f1: 0.461
3,165,coarse : 38.72 seconds
3,165,fine : 38.75 seconds
[[1483  431]
 [  16   80]]
acc: 0.778
f1: 0.264
[[1847   67]
 [  46   50]]
acc: 0.944
f1: 0.469
3,166,coarse : 38.42 seconds
3,166,fine : 38.45 seconds
[[1484  430]
 [  16   80]]
acc: 0.778
f1: 0.264
[[1845   69]
 [  47   49]]
acc: 0.942
f1: 0.458
3,167,coarse : 37.86 seconds
3,167,fine : 37.88 seconds
[[1483  431]
 [  16   80]]
acc: 0.778
f1: 0.264
[[1847   67]
 [  47   49]]
acc: 0.943
f1: 0.462
3,168,coarse : 39.19 seconds
3,168,fine : 39.21 seconds
[[1487  427]
 [  16   80]]
acc: 0.780
f1: 0.265
[[1844   70]
 [  47   49]]
acc: 0.942
f1: 0.456
3,169,coarse : 39.47 seconds
3,169,fine : 39.5 seconds
[[1486  428]
 [  16   80]]
acc: 0.779
f1: 0.265
[[1845   69]
 [  47   49]]
acc: 0.942
f1: 0.458
3,170,coarse : 39.57 seconds
3,170,fine : 39.59 seconds
[[1482  432]
 [  16   80]]
acc: 0.777
f1: 0.263
[[1844   70]
 [  47   49]]
acc: 0.942
f1: 0.456
3,171,coarse : 40.96 seconds
3,171,fine : 40.99 seconds
[[1482  432]
 [  16   80]]
acc: 0.777
f1: 0.263
[[1843   71]
 [  45   51]]
acc: 0.942
f1: 0.468
3,172,coarse : 29.96 seconds
3,172,fine : 29.98 seconds
