all           0      1    2    3    4    5    6    7    8    
1      2010   1914   1    19   32   19   1    11   6    7    
2      2010   1914   1    19   32   19   1    11   6    7    
3      2010   1914   1    19   32   19   1    11   5    8    
4      2010   1914   1    19   32   19   1    10   6    8    
5      2010   1914   1    18   33   19   1    10   6    8    
6      2010   1914   1    18   33   19   1    10   6    8    
7      2010   1913   2    18   33   19   1    10   6    8    
8      2010   1913   2    18   33   19   1    10   6    8    
9      2009   1913   2    18   32   19   2    10   6    7    
10     2009   1913   1    19   32   19   1    11   6    7    
Total  20098  19136  13   185  324  190  11   104  59   76   
train         0      1    2    3    4    5    6    7    8    
1      2010   1914   1    19   32   19   1    11   6    7    
2      2010   1914   1    19   32   19   1    11   6    7    
3      2010   1914   1    19   32   19   1    11   5    8    
4      2010   1914   1    19   32   19   1    10   6    8    
5      2010   1914   1    18   33   19   1    10   6    8    
6      2010   1914   1    18   33   19   1    10   6    8    
7      2010   1913   2    18   33   19   1    10   6    8    
9      2009   1913   2    18   32   19   2    10   6    7    
10     2009   1913   1    19   32   19   1    11   6    7    
Total  18088  17223  11   167  291  171  10   94   53   68   
test          0      1    2    3    4    5    6    7    8    
8      2010   1913   2    18   33   19   1    10   6    8    
Total  2010   1913   2    18   33   19   1    10   6    8    
Classes             
0         17223     
1         11        
2         167       
3         291       
4         171       
5         10        
6         94        
7         53        
8         68        
Total     18088     

Shape: 450       

[952, 10, 11, 16, 11, 10, 10, 10, 10]
Sum start => 1040
[[1315  598]
 [  20   77]]
acc: 0.693
f1: 0.199
[[1877   36]
 [  90    7]]
acc: 0.937
f1: 0.100
8,1,coarse : 27.69 seconds
8,1,fine : 27.7 seconds
[[1315  598]
 [  20   77]]
acc: 0.693
f1: 0.199
[[1877   36]
 [  90    7]]
acc: 0.937
f1: 0.100
8,2,coarse : 28.87 seconds
8,2,fine : 28.87 seconds
[[1316  597]
 [  17   80]]
acc: 0.695
f1: 0.207
[[1878   35]
 [  90    7]]
acc: 0.938
f1: 0.101
8,3,coarse : 3.28 seconds
8,3,fine : 3.28 seconds
[[1340  573]
 [  18   79]]
acc: 0.706
f1: 0.211
[[1883   30]
 [  91    6]]
acc: 0.940
f1: 0.090
8,4,coarse : 3.41 seconds
8,4,fine : 3.41 seconds
[[1366  547]
 [  18   79]]
acc: 0.719
f1: 0.219
[[1887   26]
 [  90    7]]
acc: 0.942
f1: 0.108
8,5,coarse : 3.47 seconds
8,5,fine : 3.47 seconds
[[1382  531]
 [  17   80]]
acc: 0.727
f1: 0.226
[[1887   26]
 [  90    7]]
acc: 0.942
f1: 0.108
8,6,coarse : 3.51 seconds
8,6,fine : 3.51 seconds
[[1398  515]
 [  19   78]]
acc: 0.734
f1: 0.226
[[1887   26]
 [  90    7]]
acc: 0.942
f1: 0.108
8,7,coarse : 3.66 seconds
8,7,fine : 3.67 seconds
[[1407  506]
 [  19   78]]
acc: 0.739
f1: 0.229
[[1890   23]
 [  90    7]]
acc: 0.944
f1: 0.110
8,8,coarse : 3.7 seconds
8,8,fine : 3.7 seconds
[[1422  491]
 [  18   79]]
acc: 0.747
f1: 0.237
[[1891   22]
 [  91    6]]
acc: 0.944
f1: 0.096
8,9,coarse : 3.93 seconds
8,9,fine : 3.93 seconds
[[1438  475]
 [  19   78]]
acc: 0.754
f1: 0.240
[[1890   23]
 [  89    8]]
acc: 0.944
f1: 0.125
8,10,coarse : 4.05 seconds
8,10,fine : 4.05 seconds
[[1454  459]
 [  19   78]]
acc: 0.762
f1: 0.246
[[1890   23]
 [  87   10]]
acc: 0.945
f1: 0.154
8,11,coarse : 4.14 seconds
8,11,fine : 4.14 seconds
[[1451  462]
 [  19   78]]
acc: 0.761
f1: 0.245
[[1890   23]
 [  86   11]]
acc: 0.946
f1: 0.168
8,12,coarse : 4.37 seconds
8,12,fine : 4.38 seconds
[[1456  457]
 [  17   80]]
acc: 0.764
f1: 0.252
[[1889   24]
 [  86   11]]
acc: 0.945
f1: 0.167
8,13,coarse : 4.45 seconds
8,13,fine : 4.46 seconds
[[1461  452]
 [  17   80]]
acc: 0.767
f1: 0.254
[[1888   25]
 [  85   12]]
acc: 0.945
f1: 0.179
8,14,coarse : 4.64 seconds
8,14,fine : 4.64 seconds
[[1462  451]
 [  16   81]]
acc: 0.768
f1: 0.258
[[1886   27]
 [  84   13]]
acc: 0.945
f1: 0.190
8,15,coarse : 4.76 seconds
8,15,fine : 4.76 seconds
[[1434  479]
 [  17   80]]
acc: 0.753
f1: 0.244
[[1882   31]
 [  83   14]]
acc: 0.943
f1: 0.197
8,16,coarse : 4.95 seconds
8,16,fine : 4.96 seconds
[[1447  466]
 [  17   80]]
acc: 0.760
f1: 0.249
[[1884   29]
 [  83   14]]
acc: 0.944
f1: 0.200
8,17,coarse : 5.0 seconds
8,17,fine : 5.01 seconds
[[1461  452]
 [  17   80]]
acc: 0.767
f1: 0.254
[[1885   28]
 [  83   14]]
acc: 0.945
f1: 0.201
8,18,coarse : 5.14 seconds
8,18,fine : 5.15 seconds
[[1469  444]
 [  17   80]]
acc: 0.771
f1: 0.258
[[1884   29]
 [  81   16]]
acc: 0.945
f1: 0.225
8,19,coarse : 5.24 seconds
8,19,fine : 5.25 seconds
[[1456  457]
 [  17   80]]
acc: 0.764
f1: 0.252
[[1884   29]
 [  80   17]]
acc: 0.946
f1: 0.238
8,20,coarse : 5.38 seconds
8,20,fine : 5.39 seconds
[[1464  449]
 [  17   80]]
acc: 0.768
f1: 0.256
[[1880   33]
 [  79   18]]
acc: 0.944
f1: 0.243
8,21,coarse : 5.56 seconds
8,21,fine : 5.56 seconds
[[1464  449]
 [  16   81]]
acc: 0.769
f1: 0.258
[[1882   31]
 [  79   18]]
acc: 0.945
f1: 0.247
8,22,coarse : 5.75 seconds
8,22,fine : 5.76 seconds
[[1470  443]
 [  16   81]]
acc: 0.772
f1: 0.261
[[1881   32]
 [  78   19]]
acc: 0.945
f1: 0.257
8,23,coarse : 5.78 seconds
8,23,fine : 5.78 seconds
[[1478  435]
 [  16   81]]
acc: 0.776
f1: 0.264
[[1881   32]
 [  78   19]]
acc: 0.945
f1: 0.257
8,24,coarse : 5.89 seconds
8,24,fine : 5.89 seconds
[[1476  437]
 [  16   81]]
acc: 0.775
f1: 0.263
[[1881   32]
 [  78   19]]
acc: 0.945
f1: 0.257
8,25,coarse : 5.88 seconds
8,25,fine : 5.89 seconds
[[1474  439]
 [  15   82]]
acc: 0.774
f1: 0.265
[[1881   32]
 [  78   19]]
acc: 0.945
f1: 0.257
8,26,coarse : 6.29 seconds
8,26,fine : 6.29 seconds
[[1474  439]
 [  14   83]]
acc: 0.775
f1: 0.268
[[1881   32]
 [  78   19]]
acc: 0.945
f1: 0.257
8,27,coarse : 6.26 seconds
8,27,fine : 6.26 seconds
[[1480  433]
 [  14   83]]
acc: 0.778
f1: 0.271
[[1876   37]
 [  78   19]]
acc: 0.943
f1: 0.248
8,28,coarse : 6.35 seconds
8,28,fine : 6.36 seconds
[[1487  426]
 [  17   80]]
acc: 0.780
f1: 0.265
[[1876   37]
 [  78   19]]
acc: 0.943
f1: 0.248
8,29,coarse : 6.34 seconds
8,29,fine : 6.35 seconds
[[1488  425]
 [  15   82]]
acc: 0.781
f1: 0.272
[[1878   35]
 [  77   20]]
acc: 0.944
f1: 0.263
8,30,coarse : 6.56 seconds
8,30,fine : 6.57 seconds
[[1487  426]
 [  15   82]]
acc: 0.781
f1: 0.271
[[1875   38]
 [  77   20]]
acc: 0.943
f1: 0.258
8,31,coarse : 6.69 seconds
8,31,fine : 6.69 seconds
[[1483  430]
 [  17   80]]
acc: 0.778
f1: 0.264
[[1872   41]
 [  77   20]]
acc: 0.941
f1: 0.253
8,32,coarse : 6.96 seconds
8,32,fine : 6.96 seconds
[[1487  426]
 [  17   80]]
acc: 0.780
f1: 0.265
[[1875   38]
 [  77   20]]
acc: 0.943
f1: 0.258
8,33,coarse : 7.1 seconds
8,33,fine : 7.11 seconds
[[1479  434]
 [  16   81]]
acc: 0.776
f1: 0.265
[[1875   38]
 [  76   21]]
acc: 0.943
f1: 0.269
8,34,coarse : 7.32 seconds
8,34,fine : 7.33 seconds
[[1476  437]
 [  16   81]]
acc: 0.775
f1: 0.263
[[1866   47]
 [  72   25]]
acc: 0.941
f1: 0.296
8,35,coarse : 7.57 seconds
8,35,fine : 7.57 seconds
[[1475  438]
 [  17   80]]
acc: 0.774
f1: 0.260
[[1863   50]
 [  74   23]]
acc: 0.938
f1: 0.271
8,36,coarse : 7.5 seconds
8,36,fine : 7.5 seconds
[[1477  436]
 [  19   78]]
acc: 0.774
f1: 0.255
[[1861   52]
 [  73   24]]
acc: 0.938
f1: 0.277
8,37,coarse : 7.65 seconds
8,37,fine : 7.66 seconds
[[1488  425]
 [  19   78]]
acc: 0.779
f1: 0.260
[[1860   53]
 [  72   25]]
acc: 0.938
f1: 0.286
8,38,coarse : 7.85 seconds
8,38,fine : 7.86 seconds
[[1477  436]
 [  17   80]]
acc: 0.775
f1: 0.261
[[1858   55]
 [  71   26]]
acc: 0.937
f1: 0.292
8,39,coarse : 7.92 seconds
8,39,fine : 7.93 seconds
[[1471  442]
 [  18   79]]
acc: 0.771
f1: 0.256
[[1859   54]
 [  72   25]]
acc: 0.937
f1: 0.284
8,40,coarse : 7.78 seconds
8,40,fine : 7.79 seconds
[[1469  444]
 [  17   80]]
acc: 0.771
f1: 0.258
[[1862   51]
 [  72   25]]
acc: 0.939
f1: 0.289
8,41,coarse : 8.01 seconds
8,41,fine : 8.02 seconds
[[1477  436]
 [  18   79]]
acc: 0.774
f1: 0.258
[[1861   52]
 [  73   24]]
acc: 0.938
f1: 0.277
8,42,coarse : 8.42 seconds
8,42,fine : 8.43 seconds
[[1471  442]
 [  17   80]]
acc: 0.772
f1: 0.258
[[1862   51]
 [  72   25]]
acc: 0.939
f1: 0.289
8,43,coarse : 8.45 seconds
8,43,fine : 8.46 seconds
[[1472  441]
 [  15   82]]
acc: 0.773
f1: 0.265
[[1863   50]
 [  73   24]]
acc: 0.939
f1: 0.281
8,44,coarse : 8.72 seconds
8,44,fine : 8.72 seconds
[[1473  440]
 [  15   82]]
acc: 0.774
f1: 0.265
[[1861   52]
 [  71   26]]
acc: 0.939
f1: 0.297
8,45,coarse : 8.76 seconds
8,45,fine : 8.77 seconds
[[1471  442]
 [  16   81]]
acc: 0.772
f1: 0.261
[[1861   52]
 [  71   26]]
acc: 0.939
f1: 0.297
8,46,coarse : 8.82 seconds
8,46,fine : 8.83 seconds
[[1476  437]
 [  16   81]]
acc: 0.775
f1: 0.263
[[1861   52]
 [  72   25]]
acc: 0.938
f1: 0.287
8,47,coarse : 9.12 seconds
8,47,fine : 9.12 seconds
[[1475  438]
 [  17   80]]
acc: 0.774
f1: 0.260
[[1865   48]
 [  72   25]]
acc: 0.940
f1: 0.294
8,48,coarse : 9.19 seconds
8,48,fine : 9.2 seconds
[[1481  432]
 [  16   81]]
acc: 0.777
f1: 0.266
[[1865   48]
 [  73   24]]
acc: 0.940
f1: 0.284
8,49,coarse : 9.22 seconds
8,49,fine : 9.22 seconds
[[1474  439]
 [  16   81]]
acc: 0.774
f1: 0.263
[[1864   49]
 [  69   28]]
acc: 0.941
f1: 0.322
8,50,coarse : 11.07 seconds
8,50,fine : 11.08 seconds
[[1479  434]
 [  17   80]]
acc: 0.776
f1: 0.262
[[1863   50]
 [  69   28]]
acc: 0.941
f1: 0.320
8,51,coarse : 9.42 seconds
8,51,fine : 9.43 seconds
[[1487  426]
 [  17   80]]
acc: 0.780
f1: 0.265
[[1865   48]
 [  69   28]]
acc: 0.942
f1: 0.324
8,52,coarse : 9.69 seconds
8,52,fine : 9.7 seconds
[[1479  434]
 [  18   79]]
acc: 0.775
f1: 0.259
[[1864   49]
 [  69   28]]
acc: 0.941
f1: 0.322
8,53,coarse : 9.89 seconds
8,53,fine : 9.9 seconds
[[1475  438]
 [  16   81]]
acc: 0.774
f1: 0.263
[[1863   50]
 [  69   28]]
acc: 0.941
f1: 0.320
8,54,coarse : 10.04 seconds
8,54,fine : 10.05 seconds
[[1478  435]
 [  16   81]]
acc: 0.776
f1: 0.264
[[1861   52]
 [  69   28]]
acc: 0.940
f1: 0.316
8,55,coarse : 10.17 seconds
8,55,fine : 10.18 seconds
[[1479  434]
 [  16   81]]
acc: 0.776
f1: 0.265
[[1861   52]
 [  70   27]]
acc: 0.939
f1: 0.307
8,56,coarse : 10.44 seconds
8,56,fine : 10.45 seconds
[[1479  434]
 [  16   81]]
acc: 0.776
f1: 0.265
[[1862   51]
 [  70   27]]
acc: 0.940
f1: 0.309
8,57,coarse : 10.42 seconds
8,57,fine : 10.43 seconds
[[1477  436]
 [  18   79]]
acc: 0.774
f1: 0.258
[[1861   52]
 [  70   27]]
acc: 0.939
f1: 0.307
8,58,coarse : 10.63 seconds
8,58,fine : 10.64 seconds
[[1474  439]
 [  16   81]]
acc: 0.774
f1: 0.263
[[1861   52]
 [  71   26]]
acc: 0.939
f1: 0.297
8,59,coarse : 10.9 seconds
8,59,fine : 10.91 seconds
[[1481  432]
 [  17   80]]
acc: 0.777
f1: 0.263
[[1859   54]
 [  71   26]]
acc: 0.938
f1: 0.294
8,60,coarse : 10.92 seconds
8,60,fine : 10.93 seconds
[[1485  428]
 [  18   79]]
acc: 0.778
f1: 0.262
[[1859   54]
 [  71   26]]
acc: 0.938
f1: 0.294
8,61,coarse : 10.98 seconds
8,61,fine : 10.99 seconds
[[1480  433]
 [  16   81]]
acc: 0.777
f1: 0.265
[[1856   57]
 [  69   28]]
acc: 0.937
f1: 0.308
8,62,coarse : 11.34 seconds
8,62,fine : 11.35 seconds
[[1477  436]
 [  17   80]]
acc: 0.775
f1: 0.261
[[1851   62]
 [  70   27]]
acc: 0.934
f1: 0.290
8,63,coarse : 11.47 seconds
8,63,fine : 11.48 seconds
[[1473  440]
 [  19   78]]
acc: 0.772
f1: 0.254
[[1852   61]
 [  69   28]]
acc: 0.935
f1: 0.301
8,64,coarse : 11.49 seconds
8,64,fine : 11.5 seconds
[[1480  433]
 [  18   79]]
acc: 0.776
f1: 0.259
[[1856   57]
 [  69   28]]
acc: 0.937
f1: 0.308
8,65,coarse : 11.92 seconds
8,65,fine : 11.93 seconds
[[1481  432]
 [  16   81]]
acc: 0.777
f1: 0.266
[[1857   56]
 [  69   28]]
acc: 0.938
f1: 0.309
8,66,coarse : 11.91 seconds
8,66,fine : 11.92 seconds
[[1475  438]
 [  16   81]]
acc: 0.774
f1: 0.263
[[1855   58]
 [  69   28]]
acc: 0.937
f1: 0.306
8,67,coarse : 12.01 seconds
8,67,fine : 12.03 seconds
[[1475  438]
 [  16   81]]
acc: 0.774
f1: 0.263
[[1852   61]
 [  67   30]]
acc: 0.936
f1: 0.319
8,68,coarse : 11.94 seconds
8,68,fine : 11.95 seconds
[[1475  438]
 [  16   81]]
acc: 0.774
f1: 0.263
[[1851   62]
 [  67   30]]
acc: 0.936
f1: 0.317
8,69,coarse : 12.08 seconds
8,69,fine : 12.09 seconds
[[1474  439]
 [  16   81]]
acc: 0.774
f1: 0.263
[[1854   59]
 [  67   30]]
acc: 0.937
f1: 0.323
8,70,coarse : 12.39 seconds
8,70,fine : 12.4 seconds
[[1481  432]
 [  15   82]]
acc: 0.778
f1: 0.268
[[1850   63]
 [  68   29]]
acc: 0.935
f1: 0.307
8,71,coarse : 12.45 seconds
8,71,fine : 12.46 seconds
[[1486  427]
 [  16   81]]
acc: 0.780
f1: 0.268
[[1850   63]
 [  67   30]]
acc: 0.935
f1: 0.316
8,72,coarse : 12.46 seconds
8,72,fine : 12.47 seconds
[[1489  424]
 [  16   81]]
acc: 0.781
f1: 0.269
[[1851   62]
 [  67   30]]
acc: 0.936
f1: 0.317
8,73,coarse : 12.78 seconds
8,73,fine : 12.79 seconds
[[1493  420]
 [  16   81]]
acc: 0.783
f1: 0.271
[[1849   64]
 [  67   30]]
acc: 0.935
f1: 0.314
8,74,coarse : 13.04 seconds
8,74,fine : 13.05 seconds
[[1493  420]
 [  17   80]]
acc: 0.783
f1: 0.268
[[1849   64]
 [  66   31]]
acc: 0.935
f1: 0.323
8,75,coarse : 13.11 seconds
8,75,fine : 13.12 seconds
[[1496  417]
 [  16   81]]
acc: 0.785
f1: 0.272
[[1850   63]
 [  67   30]]
acc: 0.935
f1: 0.316
8,76,coarse : 12.88 seconds
8,76,fine : 12.9 seconds
[[1498  415]
 [  16   81]]
acc: 0.786
f1: 0.273
[[1849   64]
 [  66   31]]
acc: 0.935
f1: 0.323
8,77,coarse : 12.54 seconds
8,77,fine : 12.55 seconds
[[1492  421]
 [  15   82]]
acc: 0.783
f1: 0.273
[[1850   63]
 [  66   31]]
acc: 0.936
f1: 0.325
8,78,coarse : 12.8 seconds
8,78,fine : 12.81 seconds
[[1494  419]
 [  14   83]]
acc: 0.785
f1: 0.277
[[1848   65]
 [  67   30]]
acc: 0.934
f1: 0.312
8,79,coarse : 13.36 seconds
8,79,fine : 13.37 seconds
[[1483  430]
 [  15   82]]
acc: 0.779
f1: 0.269
[[1851   62]
 [  65   32]]
acc: 0.937
f1: 0.335
8,80,coarse : 13.21 seconds
8,80,fine : 13.23 seconds
[[1482  431]
 [  15   82]]
acc: 0.778
f1: 0.269
[[1846   67]
 [  65   32]]
acc: 0.934
f1: 0.327
8,81,coarse : 13.42 seconds
8,81,fine : 13.43 seconds
[[1484  429]
 [  14   83]]
acc: 0.780
f1: 0.273
[[1848   65]
 [  66   31]]
acc: 0.935
f1: 0.321
8,82,coarse : 13.87 seconds
8,82,fine : 13.88 seconds
[[1487  426]
 [  15   82]]
acc: 0.781
f1: 0.271
[[1849   64]
 [  64   33]]
acc: 0.936
f1: 0.340
8,83,coarse : 13.69 seconds
8,83,fine : 13.7 seconds
[[1483  430]
 [  15   82]]
acc: 0.779
f1: 0.269
[[1843   70]
 [  64   33]]
acc: 0.933
f1: 0.330
8,84,coarse : 14.09 seconds
8,84,fine : 14.1 seconds
[[1473  440]
 [  16   81]]
acc: 0.773
f1: 0.262
[[1845   68]
 [  64   33]]
acc: 0.934
f1: 0.333
8,85,coarse : 14.42 seconds
8,85,fine : 14.43 seconds
[[1471  442]
 [  16   81]]
acc: 0.772
f1: 0.261
[[1844   69]
 [  65   32]]
acc: 0.933
f1: 0.323
8,86,coarse : 14.7 seconds
8,86,fine : 14.72 seconds
[[1476  437]
 [  17   80]]
acc: 0.774
f1: 0.261
[[1843   70]
 [  63   34]]
acc: 0.934
f1: 0.338
8,87,coarse : 14.97 seconds
8,87,fine : 14.98 seconds
[[1478  435]
 [  16   81]]
acc: 0.776
f1: 0.264
[[1840   73]
 [  64   33]]
acc: 0.932
f1: 0.325
8,88,coarse : 14.89 seconds
8,88,fine : 14.9 seconds
[[1481  432]
 [  16   81]]
acc: 0.777
f1: 0.266
[[1843   70]
 [  63   34]]
acc: 0.934
f1: 0.338
8,89,coarse : 15.26 seconds
8,89,fine : 15.28 seconds
[[1476  437]
 [  15   82]]
acc: 0.775
f1: 0.266
[[1842   71]
 [  66   31]]
acc: 0.932
f1: 0.312
8,90,coarse : 15.08 seconds
8,90,fine : 15.09 seconds
[[1467  446]
 [  15   82]]
acc: 0.771
f1: 0.262
[[1846   67]
 [  64   33]]
acc: 0.935
f1: 0.335
8,91,coarse : 15.69 seconds
8,91,fine : 15.71 seconds
[[1463  450]
 [  14   83]]
acc: 0.769
f1: 0.263
[[1845   68]
 [  64   33]]
acc: 0.934
f1: 0.333
8,92,coarse : 15.54 seconds
8,92,fine : 15.55 seconds
[[1464  449]
 [  15   82]]
acc: 0.769
f1: 0.261
[[1847   66]
 [  63   34]]
acc: 0.936
f1: 0.345
8,93,coarse : 15.72 seconds
8,93,fine : 15.74 seconds
[[1463  450]
 [  14   83]]
acc: 0.769
f1: 0.263
[[1848   65]
 [  63   34]]
acc: 0.936
f1: 0.347
8,94,coarse : 15.63 seconds
8,94,fine : 15.64 seconds
[[1467  446]
 [  14   83]]
acc: 0.771
f1: 0.265
[[1850   63]
 [  63   34]]
acc: 0.937
f1: 0.351
8,95,coarse : 16.7 seconds
8,95,fine : 16.72 seconds
[[1467  446]
 [  14   83]]
acc: 0.771
f1: 0.265
[[1847   66]
 [  63   34]]
acc: 0.936
f1: 0.345
8,96,coarse : 16.57 seconds
8,96,fine : 16.59 seconds
[[1469  444]
 [  14   83]]
acc: 0.772
f1: 0.266
[[1846   67]
 [  63   34]]
acc: 0.935
f1: 0.343
8,97,coarse : 17.01 seconds
8,97,fine : 17.02 seconds
[[1457  456]
 [  14   83]]
acc: 0.766
f1: 0.261
[[1845   68]
 [  63   34]]
acc: 0.935
f1: 0.342
8,98,coarse : 17.04 seconds
8,98,fine : 17.05 seconds
[[1464  449]
 [  14   83]]
acc: 0.770
f1: 0.264
[[1847   66]
 [  63   34]]
acc: 0.936
f1: 0.345
8,99,coarse : 16.72 seconds
8,99,fine : 16.73 seconds
[[1471  442]
 [  14   83]]
acc: 0.773
f1: 0.267
[[1847   66]
 [  63   34]]
acc: 0.936
f1: 0.345
8,100,coarse : 18.46 seconds
8,100,fine : 18.47 seconds
[[1473  440]
 [  14   83]]
acc: 0.774
f1: 0.268
[[1845   68]
 [  63   34]]
acc: 0.935
f1: 0.342
8,101,coarse : 17.6 seconds
8,101,fine : 17.62 seconds
[[1466  447]
 [  15   82]]
acc: 0.770
f1: 0.262
[[1845   68]
 [  63   34]]
acc: 0.935
f1: 0.342
8,102,coarse : 17.41 seconds
8,102,fine : 17.43 seconds
[[1478  435]
 [  16   81]]
acc: 0.776
f1: 0.264
[[1844   69]
 [  63   34]]
acc: 0.934
f1: 0.340
8,103,coarse : 18.3 seconds
8,103,fine : 18.32 seconds
[[1477  436]
 [  16   81]]
acc: 0.775
f1: 0.264
[[1842   71]
 [  63   34]]
acc: 0.933
f1: 0.337
8,104,coarse : 18.12 seconds
8,104,fine : 18.13 seconds
[[1482  431]
 [  16   81]]
acc: 0.778
f1: 0.266
[[1844   69]
 [  64   33]]
acc: 0.934
f1: 0.332
8,105,coarse : 18.53 seconds
8,105,fine : 18.54 seconds
[[1482  431]
 [  15   82]]
acc: 0.778
f1: 0.269
[[1846   67]
 [  64   33]]
acc: 0.935
f1: 0.335
8,106,coarse : 18.83 seconds
8,106,fine : 18.84 seconds
[[1482  431]
 [  16   81]]
acc: 0.778
f1: 0.266
[[1846   67]
 [  63   34]]
acc: 0.935
f1: 0.343
8,107,coarse : 18.71 seconds
8,107,fine : 18.72 seconds
[[1477  436]
 [  15   82]]
acc: 0.776
f1: 0.267
[[1846   67]
 [  63   34]]
acc: 0.935
f1: 0.343
8,108,coarse : 19.21 seconds
8,108,fine : 19.23 seconds
[[1479  434]
 [  15   82]]
acc: 0.777
f1: 0.268
[[1845   68]
 [  63   34]]
acc: 0.935
f1: 0.342
8,109,coarse : 19.22 seconds
8,109,fine : 19.23 seconds
[[1479  434]
 [  15   82]]
acc: 0.777
f1: 0.268
[[1843   70]
 [  61   36]]
acc: 0.935
f1: 0.355
8,110,coarse : 19.43 seconds
8,110,fine : 19.44 seconds
[[1482  431]
 [  15   82]]
acc: 0.778
f1: 0.269
[[1845   68]
 [  61   36]]
acc: 0.936
f1: 0.358
8,111,coarse : 18.74 seconds
8,111,fine : 18.75 seconds
[[1485  428]
 [  15   82]]
acc: 0.780
f1: 0.270
[[1844   69]
 [  61   36]]
acc: 0.935
f1: 0.356
8,112,coarse : 19.63 seconds
8,112,fine : 19.64 seconds
[[1482  431]
 [  15   82]]
acc: 0.778
f1: 0.269
[[1843   70]
 [  61   36]]
acc: 0.935
f1: 0.355
8,113,coarse : 19.59 seconds
8,113,fine : 19.61 seconds
[[1480  433]
 [  15   82]]
acc: 0.777
f1: 0.268
[[1843   70]
 [  62   35]]
acc: 0.934
f1: 0.347
8,114,coarse : 19.74 seconds
8,114,fine : 19.76 seconds
[[1482  431]
 [  15   82]]
acc: 0.778
f1: 0.269
[[1841   72]
 [  62   35]]
acc: 0.933
f1: 0.343
8,115,coarse : 19.98 seconds
8,115,fine : 19.99 seconds
[[1487  426]
 [  15   82]]
acc: 0.781
f1: 0.271
[[1838   75]
 [  60   37]]
acc: 0.933
f1: 0.354
8,116,coarse : 20.47 seconds
8,116,fine : 20.49 seconds
[[1490  423]
 [  15   82]]
acc: 0.782
f1: 0.272
[[1840   73]
 [  61   36]]
acc: 0.933
f1: 0.350
8,117,coarse : 20.43 seconds
8,117,fine : 20.44 seconds
[[1492  421]
 [  15   82]]
acc: 0.783
f1: 0.273
[[1837   76]
 [  61   36]]
acc: 0.932
f1: 0.344
8,118,coarse : 20.73 seconds
8,118,fine : 20.75 seconds
[[1493  420]
 [  15   82]]
acc: 0.784
f1: 0.274
[[1840   73]
 [  62   35]]
acc: 0.933
f1: 0.341
8,119,coarse : 21.59 seconds
8,119,fine : 21.6 seconds
[[1495  418]
 [  15   82]]
acc: 0.785
f1: 0.275
[[1840   73]
 [  62   35]]
acc: 0.933
f1: 0.341
8,120,coarse : 21.08 seconds
8,120,fine : 21.1 seconds
[[1496  417]
 [  15   82]]
acc: 0.785
f1: 0.275
[[1841   72]
 [  62   35]]
acc: 0.933
f1: 0.343
8,121,coarse : 21.2 seconds
8,121,fine : 21.22 seconds
[[1499  414]
 [  16   81]]
acc: 0.786
f1: 0.274
[[1840   73]
 [  61   36]]
acc: 0.933
f1: 0.350
8,122,coarse : 21.22 seconds
8,122,fine : 21.24 seconds
[[1496  417]
 [  16   81]]
acc: 0.785
f1: 0.272
[[1841   72]
 [  61   36]]
acc: 0.934
f1: 0.351
8,123,coarse : 21.55 seconds
8,123,fine : 21.57 seconds
[[1499  414]
 [  16   81]]
acc: 0.786
f1: 0.274
[[1845   68]
 [  61   36]]
acc: 0.936
f1: 0.358
8,124,coarse : 21.59 seconds
8,124,fine : 21.61 seconds
[[1500  413]
 [  16   81]]
acc: 0.787
f1: 0.274
[[1841   72]
 [  62   35]]
acc: 0.933
f1: 0.343
8,125,coarse : 21.57 seconds
8,125,fine : 21.58 seconds
[[1502  411]
 [  16   81]]
acc: 0.788
f1: 0.275
[[1844   69]
 [  61   36]]
acc: 0.935
f1: 0.356
8,126,coarse : 21.56 seconds
8,126,fine : 21.58 seconds
[[1503  410]
 [  16   81]]
acc: 0.788
f1: 0.276
[[1843   70]
 [  61   36]]
acc: 0.935
f1: 0.355
8,127,coarse : 22.9 seconds
8,127,fine : 22.92 seconds
[[1500  413]
 [  16   81]]
acc: 0.787
f1: 0.274
[[1844   69]
 [  60   37]]
acc: 0.936
f1: 0.365
8,128,coarse : 22.66 seconds
8,128,fine : 22.68 seconds
[[1503  410]
 [  16   81]]
acc: 0.788
f1: 0.276
[[1841   72]
 [  61   36]]
acc: 0.934
f1: 0.351
8,129,coarse : 22.32 seconds
8,129,fine : 22.33 seconds
[[1506  407]
 [  16   81]]
acc: 0.790
f1: 0.277
[[1842   71]
 [  60   37]]
acc: 0.935
f1: 0.361
8,130,coarse : 22.34 seconds
8,130,fine : 22.36 seconds
[[1506  407]
 [  16   81]]
acc: 0.790
f1: 0.277
[[1842   71]
 [  59   38]]
acc: 0.935
f1: 0.369
8,131,coarse : 22.76 seconds
8,131,fine : 22.78 seconds
[[1507  406]
 [  16   81]]
acc: 0.790
f1: 0.277
[[1841   72]
 [  57   40]]
acc: 0.936
f1: 0.383
8,132,coarse : 22.87 seconds
8,132,fine : 22.89 seconds
[[1508  405]
 [  16   81]]
acc: 0.791
f1: 0.278
[[1840   73]
 [  57   40]]
acc: 0.935
f1: 0.381
8,133,coarse : 23.26 seconds
8,133,fine : 23.28 seconds
[[1495  418]
 [  16   81]]
acc: 0.784
f1: 0.272
[[1841   72]
 [  58   39]]
acc: 0.935
f1: 0.375
8,134,coarse : 23.27 seconds
8,134,fine : 23.29 seconds
[[1498  415]
 [  16   81]]
acc: 0.786
f1: 0.273
[[1843   70]
 [  57   40]]
acc: 0.937
f1: 0.386
8,135,coarse : 23.56 seconds
8,135,fine : 23.58 seconds
[[1498  415]
 [  16   81]]
acc: 0.786
f1: 0.273
[[1841   72]
 [  57   40]]
acc: 0.936
f1: 0.383
8,136,coarse : 24.28 seconds
8,136,fine : 24.3 seconds
[[1504  409]
 [  16   81]]
acc: 0.789
f1: 0.276
[[1840   73]
 [  57   40]]
acc: 0.935
f1: 0.381
8,137,coarse : 24.3 seconds
8,137,fine : 24.32 seconds
[[1504  409]
 [  16   81]]
acc: 0.789
f1: 0.276
[[1838   75]
 [  58   39]]
acc: 0.934
f1: 0.370
8,138,coarse : 23.78 seconds
8,138,fine : 23.8 seconds
[[1505  408]
 [  16   81]]
acc: 0.789
f1: 0.276
[[1839   74]
 [  58   39]]
acc: 0.934
f1: 0.371
8,139,coarse : 23.57 seconds
8,139,fine : 23.59 seconds
[[1505  408]
 [  16   81]]
acc: 0.789
f1: 0.276
[[1838   75]
 [  58   39]]
acc: 0.934
f1: 0.370
8,140,coarse : 24.2 seconds
8,140,fine : 24.22 seconds
[[1503  410]
 [  16   81]]
acc: 0.788
f1: 0.276
[[1835   78]
 [  57   40]]
acc: 0.933
f1: 0.372
8,141,coarse : 24.69 seconds
8,141,fine : 24.71 seconds
[[1503  410]
 [  16   81]]
acc: 0.788
f1: 0.276
[[1836   77]
 [  57   40]]
acc: 0.933
f1: 0.374
8,142,coarse : 24.55 seconds
8,142,fine : 24.57 seconds
[[1505  408]
 [  16   81]]
acc: 0.789
f1: 0.276
[[1837   76]
 [  57   40]]
acc: 0.934
f1: 0.376
8,143,coarse : 25.03 seconds
8,143,fine : 25.05 seconds
[[1505  408]
 [  16   81]]
acc: 0.789
f1: 0.276
[[1837   76]
 [  58   39]]
acc: 0.933
f1: 0.368
8,144,coarse : 25.27 seconds
8,144,fine : 25.29 seconds
[[1504  409]
 [  16   81]]
acc: 0.789
f1: 0.276
[[1837   76]
 [  57   40]]
acc: 0.934
f1: 0.376
8,145,coarse : 25.14 seconds
8,145,fine : 25.16 seconds
[[1510  403]
 [  16   81]]
acc: 0.792
f1: 0.279
[[1835   78]
 [  57   40]]
acc: 0.933
f1: 0.372
8,146,coarse : 26.32 seconds
8,146,fine : 26.34 seconds
[[1502  411]
 [  16   81]]
acc: 0.788
f1: 0.275
[[1837   76]
 [  57   40]]
acc: 0.934
f1: 0.376
8,147,coarse : 25.84 seconds
8,147,fine : 25.86 seconds
[[1504  409]
 [  16   81]]
acc: 0.789
f1: 0.276
[[1837   76]
 [  55   42]]
acc: 0.935
f1: 0.391
8,148,coarse : 26.54 seconds
8,148,fine : 26.56 seconds
[[1507  406]
 [  16   81]]
acc: 0.790
f1: 0.277
[[1839   74]
 [  56   41]]
acc: 0.935
f1: 0.387
8,149,coarse : 26.63 seconds
8,149,fine : 26.65 seconds
[[1508  405]
 [  16   81]]
acc: 0.791
f1: 0.278
[[1839   74]
 [  56   41]]
acc: 0.935
f1: 0.387
8,150,coarse : 27.77 seconds
8,150,fine : 27.79 seconds
[[1509  404]
 [  16   81]]
acc: 0.791
f1: 0.278
[[1837   76]
 [  57   40]]
acc: 0.934
f1: 0.376
8,151,coarse : 26.43 seconds
8,151,fine : 26.45 seconds
[[1507  406]
 [  16   81]]
acc: 0.790
f1: 0.277
[[1839   74]
 [  57   40]]
acc: 0.935
f1: 0.379
8,152,coarse : 26.91 seconds
8,152,fine : 26.93 seconds
[[1509  404]
 [  16   81]]
acc: 0.791
f1: 0.278
[[1837   76]
 [  57   40]]
acc: 0.934
f1: 0.376
8,153,coarse : 26.55 seconds
8,153,fine : 26.57 seconds
[[1508  405]
 [  16   81]]
acc: 0.791
f1: 0.278
[[1834   79]
 [  56   41]]
acc: 0.933
f1: 0.378
8,154,coarse : 27.48 seconds
8,154,fine : 27.5 seconds
[[1504  409]
 [  16   81]]
acc: 0.789
f1: 0.276
[[1837   76]
 [  57   40]]
acc: 0.934
f1: 0.376
8,155,coarse : 27.32 seconds
8,155,fine : 27.34 seconds
[[1502  411]
 [  16   81]]
acc: 0.788
f1: 0.275
[[1834   79]
 [  56   41]]
acc: 0.933
f1: 0.378
8,156,coarse : 27.29 seconds
8,156,fine : 27.31 seconds
[[1502  411]
 [  16   81]]
acc: 0.788
f1: 0.275
[[1835   78]
 [  56   41]]
acc: 0.933
f1: 0.380
8,157,coarse : 27.22 seconds
8,157,fine : 27.25 seconds
[[1508  405]
 [  16   81]]
acc: 0.791
f1: 0.278
[[1836   77]
 [  56   41]]
acc: 0.934
f1: 0.381
8,158,coarse : 27.83 seconds
8,158,fine : 27.85 seconds
[[1510  403]
 [  16   81]]
acc: 0.792
f1: 0.279
[[1837   76]
 [  57   40]]
acc: 0.934
f1: 0.376
8,159,coarse : 27.52 seconds
8,159,fine : 27.55 seconds
[[1505  408]
 [  16   81]]
acc: 0.789
f1: 0.276
[[1837   76]
 [  57   40]]
acc: 0.934
f1: 0.376
8,160,coarse : 27.66 seconds
8,160,fine : 27.68 seconds
[[1505  408]
 [  16   81]]
acc: 0.789
f1: 0.276
[[1840   73]
 [  57   40]]
acc: 0.935
f1: 0.381
8,161,coarse : 28.91 seconds
8,161,fine : 28.93 seconds
[[1501  412]
 [  16   81]]
acc: 0.787
f1: 0.275
[[1841   72]
 [  57   40]]
acc: 0.936
f1: 0.383
8,162,coarse : 28.05 seconds
8,162,fine : 28.08 seconds
[[1506  407]
 [  16   81]]
acc: 0.790
f1: 0.277
[[1841   72]
 [  57   40]]
acc: 0.936
f1: 0.383
8,163,coarse : 28.7 seconds
8,163,fine : 28.72 seconds
[[1508  405]
 [  16   81]]
acc: 0.791
f1: 0.278
[[1840   73]
 [  57   40]]
acc: 0.935
f1: 0.381
8,164,coarse : 28.5 seconds
8,164,fine : 28.53 seconds
[[1507  406]
 [  16   81]]
acc: 0.790
f1: 0.277
[[1841   72]
 [  57   40]]
acc: 0.936
f1: 0.383
8,165,coarse : 27.92 seconds
8,165,fine : 27.94 seconds
[[1508  405]
 [  15   82]]
acc: 0.791
f1: 0.281
[[1842   71]
 [  57   40]]
acc: 0.936
f1: 0.385
8,166,coarse : 29.16 seconds
8,166,fine : 29.19 seconds
[[1512  401]
 [  15   82]]
acc: 0.793
f1: 0.283
[[1842   71]
 [  57   40]]
acc: 0.936
f1: 0.385
8,167,coarse : 29.38 seconds
8,167,fine : 29.4 seconds
[[1513  400]
 [  15   82]]
acc: 0.794
f1: 0.283
[[1842   71]
 [  58   39]]
acc: 0.936
f1: 0.377
8,168,coarse : 29.59 seconds
8,168,fine : 29.61 seconds
[[1512  401]
 [  15   82]]
acc: 0.793
f1: 0.283
[[1840   73]
 [  57   40]]
acc: 0.935
f1: 0.381
8,169,coarse : 29.48 seconds
8,169,fine : 29.5 seconds
[[1515  398]
 [  15   82]]
acc: 0.795
f1: 0.284
[[1839   74]
 [  57   40]]
acc: 0.935
f1: 0.379
8,170,coarse : 29.66 seconds
8,170,fine : 29.68 seconds
[[1511  402]
 [  15   82]]
acc: 0.793
f1: 0.282
[[1839   74]
 [  56   41]]
acc: 0.935
f1: 0.387
8,171,coarse : 29.97 seconds
8,171,fine : 29.99 seconds
[[1513  400]
 [  15   82]]
acc: 0.794
f1: 0.283
[[1839   74]
 [  56   41]]
acc: 0.935
f1: 0.387
8,172,coarse : 29.2 seconds
8,172,fine : 29.22 seconds
