all           0      1    2    3    4    5    6    7    8    
1      2010   1914   1    19   32   19   1    11   6    7    
2      2010   1914   1    19   32   19   1    11   6    7    
3      2010   1914   1    19   32   19   1    11   5    8    
4      2010   1914   1    19   32   19   1    10   6    8    
5      2010   1914   1    18   33   19   1    10   6    8    
6      2010   1914   1    18   33   19   1    10   6    8    
7      2010   1913   2    18   33   19   1    10   6    8    
8      2010   1913   2    18   33   19   1    10   6    8    
9      2009   1913   2    18   32   19   2    10   6    7    
10     2009   1913   1    19   32   19   1    11   6    7    
Total  20098  19136  13   185  324  190  11   104  59   76   
train         0      1    2    3    4    5    6    7    8    
1      2010   1914   1    19   32   19   1    11   6    7    
2      2010   1914   1    19   32   19   1    11   6    7    
3      2010   1914   1    19   32   19   1    11   5    8    
4      2010   1914   1    19   32   19   1    10   6    8    
5      2010   1914   1    18   33   19   1    10   6    8    
6      2010   1914   1    18   33   19   1    10   6    8    
7      2010   1913   2    18   33   19   1    10   6    8    
9      2009   1913   2    18   32   19   2    10   6    7    
10     2009   1913   1    19   32   19   1    11   6    7    
Total  18088  17223  11   167  291  171  10   94   53   68   
test          0      1    2    3    4    5    6    7    8    
8      2010   1913   2    18   33   19   1    10   6    8    
Total  2010   1913   2    18   33   19   1    10   6    8    
Classes             
0         17223     
1         11        
2         167       
3         291       
4         171       
5         10        
6         94        
7         53        
8         68        
Total     18088     

Shape: 450       

[952, 10, 11, 16, 11, 10, 10, 10, 10]
Sum start => 1040
[[1297  616]
 [  20   77]]
acc: 0.684
f1: 0.195
[[1875   38]
 [  90    7]]
acc: 0.936
f1: 0.099
8,1,coarse : 27.26 seconds
8,1,fine : 27.27 seconds
[[1297  616]
 [  20   77]]
acc: 0.684
f1: 0.195
[[1875   38]
 [  90    7]]
acc: 0.936
f1: 0.099
8,2,coarse : 28.39 seconds
8,2,fine : 28.39 seconds
[[1302  611]
 [  18   79]]
acc: 0.687
f1: 0.201
[[1895   18]
 [  92    5]]
acc: 0.945
f1: 0.083
8,3,coarse : 26.91 seconds
8,3,fine : 26.91 seconds
[[1328  585]
 [  20   77]]
acc: 0.699
f1: 0.203
[[1903   10]
 [  93    4]]
acc: 0.949
f1: 0.072
8,4,coarse : 27.01 seconds
8,4,fine : 27.02 seconds
[[1350  563]
 [  20   77]]
acc: 0.710
f1: 0.209
[[1904    9]
 [  93    4]]
acc: 0.949
f1: 0.073
8,5,coarse : 27.43 seconds
8,5,fine : 27.44 seconds
[[1378  535]
 [  21   76]]
acc: 0.723
f1: 0.215
[[1905    8]
 [  91    6]]
acc: 0.951
f1: 0.108
8,6,coarse : 26.76 seconds
8,6,fine : 26.76 seconds
[[1401  512]
 [  21   76]]
acc: 0.735
f1: 0.222
[[1906    7]
 [  91    6]]
acc: 0.951
f1: 0.109
8,7,coarse : 26.92 seconds
8,7,fine : 26.93 seconds
[[1428  485]
 [  21   76]]
acc: 0.748
f1: 0.231
[[1904    9]
 [  89    8]]
acc: 0.951
f1: 0.140
8,8,coarse : 27.11 seconds
8,8,fine : 27.12 seconds
[[1436  477]
 [  23   74]]
acc: 0.751
f1: 0.228
[[1903   10]
 [  89    8]]
acc: 0.951
f1: 0.139
8,9,coarse : 26.6 seconds
8,9,fine : 26.6 seconds
[[1455  458]
 [  23   74]]
acc: 0.761
f1: 0.235
[[1903   10]
 [  88    9]]
acc: 0.951
f1: 0.155
8,10,coarse : 26.69 seconds
8,10,fine : 26.7 seconds
[[1463  450]
 [  21   76]]
acc: 0.766
f1: 0.244
[[1905    8]
 [  88    9]]
acc: 0.952
f1: 0.158
8,11,coarse : 26.91 seconds
8,11,fine : 26.91 seconds
[[1477  436]
 [  20   77]]
acc: 0.773
f1: 0.252
[[1904    9]
 [  89    8]]
acc: 0.951
f1: 0.140
8,12,coarse : 26.48 seconds
8,12,fine : 26.48 seconds
[[1485  428]
 [  22   75]]
acc: 0.776
f1: 0.250
[[1904    9]
 [  88    9]]
acc: 0.952
f1: 0.157
8,13,coarse : 26.51 seconds
8,13,fine : 26.52 seconds
[[1503  410]
 [  21   76]]
acc: 0.786
f1: 0.261
[[1904    9]
 [  88    9]]
acc: 0.952
f1: 0.157
8,14,coarse : 26.86 seconds
8,14,fine : 26.86 seconds
[[1509  404]
 [  21   76]]
acc: 0.789
f1: 0.263
[[1904    9]
 [  88    9]]
acc: 0.952
f1: 0.157
8,15,coarse : 26.44 seconds
8,15,fine : 26.44 seconds
[[1513  400]
 [  22   75]]
acc: 0.790
f1: 0.262
[[1904    9]
 [  87   10]]
acc: 0.952
f1: 0.172
8,16,coarse : 26.43 seconds
8,16,fine : 26.44 seconds
[[1524  389]
 [  19   78]]
acc: 0.797
f1: 0.277
[[1904    9]
 [  87   10]]
acc: 0.952
f1: 0.172
8,17,coarse : 26.7 seconds
8,17,fine : 26.7 seconds
[[1526  387]
 [  21   76]]
acc: 0.797
f1: 0.271
[[1904    9]
 [  88    9]]
acc: 0.952
f1: 0.157
8,18,coarse : 26.27 seconds
8,18,fine : 26.27 seconds
[[1538  375]
 [  21   76]]
acc: 0.803
f1: 0.277
[[1904    9]
 [  88    9]]
acc: 0.952
f1: 0.157
8,19,coarse : 26.28 seconds
8,19,fine : 26.29 seconds
[[1552  361]
 [  21   76]]
acc: 0.810
f1: 0.285
[[1904    9]
 [  88    9]]
acc: 0.952
f1: 0.157
8,20,coarse : 26.69 seconds
8,20,fine : 26.7 seconds
[[1557  356]
 [  21   76]]
acc: 0.812
f1: 0.287
[[1904    9]
 [  88    9]]
acc: 0.952
f1: 0.157
8,21,coarse : 26.33 seconds
8,21,fine : 26.34 seconds
[[1551  362]
 [  21   76]]
acc: 0.809
f1: 0.284
[[1904    9]
 [  88    9]]
acc: 0.952
f1: 0.157
8,22,coarse : 26.31 seconds
8,22,fine : 26.31 seconds
[[1543  370]
 [  21   76]]
acc: 0.805
f1: 0.280
[[1904    9]
 [  88    9]]
acc: 0.952
f1: 0.157
8,23,coarse : 26.66 seconds
8,23,fine : 26.66 seconds
[[1555  358]
 [  22   75]]
acc: 0.811
f1: 0.283
[[1904    9]
 [  88    9]]
acc: 0.952
f1: 0.157
8,24,coarse : 26.27 seconds
8,24,fine : 26.28 seconds
[[1556  357]
 [  21   76]]
acc: 0.812
f1: 0.287
[[1904    9]
 [  88    9]]
acc: 0.952
f1: 0.157
8,25,coarse : 26.13 seconds
8,25,fine : 26.13 seconds
[[1551  362]
 [  21   76]]
acc: 0.809
f1: 0.284
[[1905    8]
 [  88    9]]
acc: 0.952
f1: 0.158
8,26,coarse : 26.7 seconds
8,26,fine : 26.71 seconds
[[1553  360]
 [  21   76]]
acc: 0.810
f1: 0.285
[[1905    8]
 [  88    9]]
acc: 0.952
f1: 0.158
8,27,coarse : 26.34 seconds
8,27,fine : 26.34 seconds
[[1554  359]
 [  19   78]]
acc: 0.812
f1: 0.292
[[1905    8]
 [  88    9]]
acc: 0.952
f1: 0.158
8,28,coarse : 26.19 seconds
8,28,fine : 26.19 seconds
[[1556  357]
 [  19   78]]
acc: 0.813
f1: 0.293
[[1905    8]
 [  88    9]]
acc: 0.952
f1: 0.158
8,29,coarse : 26.64 seconds
8,29,fine : 26.65 seconds
[[1556  357]
 [  20   77]]
acc: 0.812
f1: 0.290
[[1905    8]
 [  87   10]]
acc: 0.953
f1: 0.174
8,30,coarse : 26.25 seconds
8,30,fine : 26.26 seconds
[[1560  353]
 [  22   75]]
acc: 0.813
f1: 0.286
[[1905    8]
 [  87   10]]
acc: 0.953
f1: 0.174
8,31,coarse : 26.29 seconds
8,31,fine : 26.29 seconds
[[1550  363]
 [  24   73]]
acc: 0.807
f1: 0.274
[[1904    9]
 [  87   10]]
acc: 0.952
f1: 0.172
8,32,coarse : 26.24 seconds
8,32,fine : 26.24 seconds
[[1555  358]
 [  25   72]]
acc: 0.809
f1: 0.273
[[1904    9]
 [  87   10]]
acc: 0.952
f1: 0.172
8,33,coarse : 26.57 seconds
8,33,fine : 26.58 seconds
[[1564  349]
 [  26   71]]
acc: 0.813
f1: 0.275
[[1904    9]
 [  86   11]]
acc: 0.953
f1: 0.188
8,34,coarse : 26.17 seconds
8,34,fine : 26.18 seconds
[[1559  354]
 [  25   72]]
acc: 0.811
f1: 0.275
[[1904    9]
 [  86   11]]
acc: 0.953
f1: 0.188
8,35,coarse : 26.22 seconds
8,35,fine : 26.23 seconds
[[1561  352]
 [  24   73]]
acc: 0.813
f1: 0.280
[[1904    9]
 [  86   11]]
acc: 0.953
f1: 0.188
8,36,coarse : 26.68 seconds
8,36,fine : 26.69 seconds
[[1555  358]
 [  21   76]]
acc: 0.811
f1: 0.286
[[1905    8]
 [  85   12]]
acc: 0.954
f1: 0.205
8,37,coarse : 26.27 seconds
8,37,fine : 26.27 seconds
[[1555  358]
 [  22   75]]
acc: 0.811
f1: 0.283
[[1905    8]
 [  85   12]]
acc: 0.954
f1: 0.205
8,38,coarse : 26.28 seconds
8,38,fine : 26.29 seconds
[[1554  359]
 [  24   73]]
acc: 0.809
f1: 0.276
[[1903   10]
 [  84   13]]
acc: 0.953
f1: 0.217
8,39,coarse : 26.29 seconds
8,39,fine : 26.3 seconds
[[1552  361]
 [  22   75]]
acc: 0.809
f1: 0.281
[[1903   10]
 [  84   13]]
acc: 0.953
f1: 0.217
8,40,coarse : 26.8 seconds
8,40,fine : 26.8 seconds
[[1555  358]
 [  22   75]]
acc: 0.811
f1: 0.283
[[1902   11]
 [  84   13]]
acc: 0.953
f1: 0.215
8,41,coarse : 26.2 seconds
8,41,fine : 26.2 seconds
[[1561  352]
 [  20   77]]
acc: 0.815
f1: 0.293
[[1903   10]
 [  84   13]]
acc: 0.953
f1: 0.217
8,42,coarse : 26.23 seconds
8,42,fine : 26.24 seconds
[[1558  355]
 [  22   75]]
acc: 0.812
f1: 0.285
[[1903   10]
 [  84   13]]
acc: 0.953
f1: 0.217
8,43,coarse : 26.6 seconds
8,43,fine : 26.61 seconds
[[1560  353]
 [  22   75]]
acc: 0.813
f1: 0.286
[[1902   11]
 [  84   13]]
acc: 0.953
f1: 0.215
8,44,coarse : 26.22 seconds
8,44,fine : 26.22 seconds
[[1565  348]
 [  21   76]]
acc: 0.816
f1: 0.292
[[1902   11]
 [  84   13]]
acc: 0.953
f1: 0.215
8,45,coarse : 26.29 seconds
8,45,fine : 26.3 seconds
[[1552  361]
 [  20   77]]
acc: 0.810
f1: 0.288
[[1901   12]
 [  83   14]]
acc: 0.953
f1: 0.228
8,46,coarse : 26.06 seconds
8,46,fine : 26.07 seconds
[[1558  355]
 [  20   77]]
acc: 0.813
f1: 0.291
[[1901   12]
 [  83   14]]
acc: 0.953
f1: 0.228
8,47,coarse : 26.61 seconds
8,47,fine : 26.62 seconds
[[1563  350]
 [  20   77]]
acc: 0.816
f1: 0.294
[[1901   12]
 [  83   14]]
acc: 0.953
f1: 0.228
8,48,coarse : 26.09 seconds
8,48,fine : 26.1 seconds
[[1560  353]
 [  21   76]]
acc: 0.814
f1: 0.289
[[1901   12]
 [  83   14]]
acc: 0.953
f1: 0.228
8,49,coarse : 26.07 seconds
8,49,fine : 26.07 seconds
[[1559  354]
 [  21   76]]
acc: 0.813
f1: 0.288
[[1901   12]
 [  82   15]]
acc: 0.953
f1: 0.242
8,50,coarse : 28.01 seconds
8,50,fine : 28.01 seconds
[[1552  361]
 [  21   76]]
acc: 0.810
f1: 0.285
[[1902   11]
 [  83   14]]
acc: 0.953
f1: 0.230
8,51,coarse : 26.02 seconds
8,51,fine : 26.03 seconds
[[1541  372]
 [  20   77]]
acc: 0.805
f1: 0.282
[[1900   13]
 [  82   15]]
acc: 0.953
f1: 0.240
8,52,coarse : 26.2 seconds
8,52,fine : 26.2 seconds
[[1550  363]
 [  20   77]]
acc: 0.809
f1: 0.287
[[1901   12]
 [  82   15]]
acc: 0.953
f1: 0.242
8,53,coarse : 26.52 seconds
8,53,fine : 26.53 seconds
[[1556  357]
 [  20   77]]
acc: 0.812
f1: 0.290
[[1898   15]
 [  81   16]]
acc: 0.952
f1: 0.250
8,54,coarse : 26.17 seconds
8,54,fine : 26.17 seconds
[[1555  358]
 [  20   77]]
acc: 0.812
f1: 0.289
[[1898   15]
 [  81   16]]
acc: 0.952
f1: 0.250
8,55,coarse : 26.27 seconds
8,55,fine : 26.28 seconds
[[1559  354]
 [  21   76]]
acc: 0.813
f1: 0.288
[[1898   15]
 [  81   16]]
acc: 0.952
f1: 0.250
8,56,coarse : 26.08 seconds
8,56,fine : 26.09 seconds
[[1556  357]
 [  19   78]]
acc: 0.813
f1: 0.293
[[1897   16]
 [  81   16]]
acc: 0.952
f1: 0.248
8,57,coarse : 26.6 seconds
8,57,fine : 26.61 seconds
[[1553  360]
 [  20   77]]
acc: 0.811
f1: 0.288
[[1896   17]
 [  81   16]]
acc: 0.951
f1: 0.246
8,58,coarse : 26.15 seconds
8,58,fine : 26.16 seconds
[[1558  355]
 [  19   78]]
acc: 0.814
f1: 0.294
[[1895   18]
 [  81   16]]
acc: 0.951
f1: 0.244
8,59,coarse : 26.33 seconds
8,59,fine : 26.34 seconds
[[1557  356]
 [  19   78]]
acc: 0.813
f1: 0.294
[[1896   17]
 [  81   16]]
acc: 0.951
f1: 0.246
8,60,coarse : 26.31 seconds
8,60,fine : 26.32 seconds
[[1557  356]
 [  20   77]]
acc: 0.813
f1: 0.291
[[1896   17]
 [  81   16]]
acc: 0.951
f1: 0.246
8,61,coarse : 26.74 seconds
8,61,fine : 26.75 seconds
[[1556  357]
 [  20   77]]
acc: 0.812
f1: 0.290
[[1895   18]
 [  81   16]]
acc: 0.951
f1: 0.244
8,62,coarse : 26.25 seconds
8,62,fine : 26.26 seconds
[[1561  352]
 [  19   78]]
acc: 0.815
f1: 0.296
[[1895   18]
 [  81   16]]
acc: 0.951
f1: 0.244
8,63,coarse : 26.42 seconds
8,63,fine : 26.43 seconds
[[1563  350]
 [  18   79]]
acc: 0.817
f1: 0.300
[[1895   18]
 [  81   16]]
acc: 0.951
f1: 0.244
8,64,coarse : 26.45 seconds
8,64,fine : 26.46 seconds
[[1556  357]
 [  19   78]]
acc: 0.813
f1: 0.293
[[1894   19]
 [  81   16]]
acc: 0.950
f1: 0.242
8,65,coarse : 26.22 seconds
8,65,fine : 26.23 seconds
[[1550  363]
 [  19   78]]
acc: 0.810
f1: 0.290
[[1894   19]
 [  80   17]]
acc: 0.951
f1: 0.256
8,66,coarse : 26.6 seconds
8,66,fine : 26.61 seconds
[[1557  356]
 [  19   78]]
acc: 0.813
f1: 0.294
[[1894   19]
 [  81   16]]
acc: 0.950
f1: 0.242
8,67,coarse : 26.04 seconds
8,67,fine : 26.04 seconds
[[1557  356]
 [  20   77]]
acc: 0.813
f1: 0.291
[[1894   19]
 [  81   16]]
acc: 0.950
f1: 0.242
8,68,coarse : 26.25 seconds
8,68,fine : 26.26 seconds
[[1560  353]
 [  19   78]]
acc: 0.815
f1: 0.295
[[1894   19]
 [  81   16]]
acc: 0.950
f1: 0.242
8,69,coarse : 26.31 seconds
8,69,fine : 26.32 seconds
[[1564  349]
 [  19   78]]
acc: 0.817
f1: 0.298
[[1893   20]
 [  80   17]]
acc: 0.950
f1: 0.254
8,70,coarse : 26.47 seconds
8,70,fine : 26.48 seconds
[[1566  347]
 [  19   78]]
acc: 0.818
f1: 0.299
[[1893   20]
 [  79   18]]
acc: 0.951
f1: 0.267
8,71,coarse : 26.36 seconds
8,71,fine : 26.37 seconds
[[1561  352]
 [  20   77]]
acc: 0.815
f1: 0.293
[[1892   21]
 [  78   19]]
acc: 0.951
f1: 0.277
8,72,coarse : 26.13 seconds
8,72,fine : 26.14 seconds
[[1560  353]
 [  20   77]]
acc: 0.814
f1: 0.292
[[1892   21]
 [  78   19]]
acc: 0.951
f1: 0.277
8,73,coarse : 26.41 seconds
8,73,fine : 26.42 seconds
[[1565  348]
 [  20   77]]
acc: 0.817
f1: 0.295
[[1892   21]
 [  78   19]]
acc: 0.951
f1: 0.277
8,74,coarse : 26.6 seconds
8,74,fine : 26.61 seconds
[[1563  350]
 [  19   78]]
acc: 0.816
f1: 0.297
[[1891   22]
 [  77   20]]
acc: 0.951
f1: 0.288
8,75,coarse : 26.89 seconds
8,75,fine : 26.9 seconds
[[1565  348]
 [  19   78]]
acc: 0.817
f1: 0.298
[[1890   23]
 [  77   20]]
acc: 0.950
f1: 0.286
8,76,coarse : 26.22 seconds
8,76,fine : 26.23 seconds
[[1563  350]
 [  18   79]]
acc: 0.817
f1: 0.300
[[1890   23]
 [  77   20]]
acc: 0.950
f1: 0.286
8,77,coarse : 25.83 seconds
8,77,fine : 25.84 seconds
[[1563  350]
 [  19   78]]
acc: 0.816
f1: 0.297
[[1890   23]
 [  76   21]]
acc: 0.951
f1: 0.298
8,78,coarse : 25.83 seconds
8,78,fine : 25.84 seconds
[[1560  353]
 [  18   79]]
acc: 0.815
f1: 0.299
[[1887   26]
 [  75   22]]
acc: 0.950
f1: 0.303
8,79,coarse : 26.06 seconds
8,79,fine : 26.07 seconds
[[1559  354]
 [  18   79]]
acc: 0.815
f1: 0.298
[[1886   27]
 [  74   23]]
acc: 0.950
f1: 0.313
8,80,coarse : 26.57 seconds
8,80,fine : 26.58 seconds
[[1566  347]
 [  18   79]]
acc: 0.818
f1: 0.302
[[1886   27]
 [  74   23]]
acc: 0.950
f1: 0.313
8,81,coarse : 25.99 seconds
8,81,fine : 26.0 seconds
[[1565  348]
 [  18   79]]
acc: 0.818
f1: 0.302
[[1886   27]
 [  74   23]]
acc: 0.950
f1: 0.313
8,82,coarse : 26.1 seconds
8,82,fine : 26.12 seconds
[[1565  348]
 [  18   79]]
acc: 0.818
f1: 0.302
[[1889   24]
 [  76   21]]
acc: 0.950
f1: 0.296
8,83,coarse : 26.29 seconds
8,83,fine : 26.3 seconds
[[1567  346]
 [  19   78]]
acc: 0.818
f1: 0.299
[[1888   25]
 [  76   21]]
acc: 0.950
f1: 0.294
8,84,coarse : 25.68 seconds
8,84,fine : 25.7 seconds
[[1569  344]
 [  20   77]]
acc: 0.819
f1: 0.297
[[1888   25]
 [  75   22]]
acc: 0.950
f1: 0.306
8,85,coarse : 26.94 seconds
8,85,fine : 26.96 seconds
[[1568  345]
 [  20   77]]
acc: 0.818
f1: 0.297
[[1889   24]
 [  75   22]]
acc: 0.951
f1: 0.308
8,86,coarse : 26.16 seconds
8,86,fine : 26.18 seconds
[[1563  350]
 [  19   78]]
acc: 0.816
f1: 0.297
[[1888   25]
 [  74   23]]
acc: 0.951
f1: 0.317
8,87,coarse : 26.38 seconds
8,87,fine : 26.39 seconds
[[1562  351]
 [  18   79]]
acc: 0.816
f1: 0.300
[[1888   25]
 [  73   24]]
acc: 0.951
f1: 0.329
8,88,coarse : 26.42 seconds
8,88,fine : 26.43 seconds
[[1559  354]
 [  18   79]]
acc: 0.815
f1: 0.298
[[1887   26]
 [  72   25]]
acc: 0.951
f1: 0.338
8,89,coarse : 26.49 seconds
8,89,fine : 26.5 seconds
[[1560  353]
 [  19   78]]
acc: 0.815
f1: 0.295
[[1887   26]
 [  72   25]]
acc: 0.951
f1: 0.338
8,90,coarse : 26.14 seconds
8,90,fine : 26.15 seconds
[[1564  349]
 [  18   79]]
acc: 0.817
f1: 0.301
[[1885   28]
 [  72   25]]
acc: 0.950
f1: 0.333
8,91,coarse : 26.68 seconds
8,91,fine : 26.69 seconds
[[1558  355]
 [  18   79]]
acc: 0.814
f1: 0.298
[[1884   29]
 [  72   25]]
acc: 0.950
f1: 0.331
8,92,coarse : 26.24 seconds
8,92,fine : 26.26 seconds
[[1563  350]
 [  19   78]]
acc: 0.816
f1: 0.297
[[1883   30]
 [  72   25]]
acc: 0.949
f1: 0.329
8,93,coarse : 25.79 seconds
8,93,fine : 25.8 seconds
[[1564  349]
 [  18   79]]
acc: 0.817
f1: 0.301
[[1880   33]
 [  72   25]]
acc: 0.948
f1: 0.323
8,94,coarse : 26.47 seconds
8,94,fine : 26.48 seconds
[[1564  349]
 [  19   78]]
acc: 0.817
f1: 0.298
[[1881   32]
 [  72   25]]
acc: 0.948
f1: 0.325
8,95,coarse : 26.09 seconds
8,95,fine : 26.1 seconds
[[1563  350]
 [  19   78]]
acc: 0.816
f1: 0.297
[[1880   33]
 [  72   25]]
acc: 0.948
f1: 0.323
8,96,coarse : 26.02 seconds
8,96,fine : 26.03 seconds
[[1567  346]
 [  19   78]]
acc: 0.818
f1: 0.299
[[1880   33]
 [  71   26]]
acc: 0.948
f1: 0.333
8,97,coarse : 26.46 seconds
8,97,fine : 26.48 seconds
[[1569  344]
 [  19   78]]
acc: 0.819
f1: 0.301
[[1880   33]
 [  70   27]]
acc: 0.949
f1: 0.344
8,98,coarse : 26.36 seconds
8,98,fine : 26.37 seconds
[[1571  342]
 [  19   78]]
acc: 0.820
f1: 0.302
[[1878   35]
 [  69   28]]
acc: 0.948
f1: 0.350
8,99,coarse : 26.11 seconds
8,99,fine : 26.13 seconds
[[1572  341]
 [  19   78]]
acc: 0.821
f1: 0.302
[[1878   35]
 [  69   28]]
acc: 0.948
f1: 0.350
8,100,coarse : 27.85 seconds
8,100,fine : 27.86 seconds
[[1569  344]
 [  19   78]]
acc: 0.819
f1: 0.301
[[1880   33]
 [  69   28]]
acc: 0.949
f1: 0.354
8,101,coarse : 26.39 seconds
8,101,fine : 26.4 seconds
[[1567  346]
 [  19   78]]
acc: 0.818
f1: 0.299
[[1879   34]
 [  69   28]]
acc: 0.949
f1: 0.352
8,102,coarse : 26.67 seconds
8,102,fine : 26.69 seconds
[[1568  345]
 [  19   78]]
acc: 0.819
f1: 0.300
[[1880   33]
 [  69   28]]
acc: 0.949
f1: 0.354
8,103,coarse : 26.31 seconds
8,103,fine : 26.33 seconds
[[1566  347]
 [  18   79]]
acc: 0.818
f1: 0.302
[[1879   34]
 [  69   28]]
acc: 0.949
f1: 0.352
8,104,coarse : 26.24 seconds
8,104,fine : 26.25 seconds
[[1564  349]
 [  18   79]]
acc: 0.817
f1: 0.301
[[1876   37]
 [  69   28]]
acc: 0.947
f1: 0.346
8,105,coarse : 26.13 seconds
8,105,fine : 26.14 seconds
[[1565  348]
 [  18   79]]
acc: 0.818
f1: 0.302
[[1875   38]
 [  69   28]]
acc: 0.947
f1: 0.344
8,106,coarse : 26.59 seconds
8,106,fine : 26.6 seconds
[[1569  344]
 [  18   79]]
acc: 0.820
f1: 0.304
[[1875   38]
 [  68   29]]
acc: 0.947
f1: 0.354
8,107,coarse : 26.39 seconds
8,107,fine : 26.4 seconds
[[1567  346]
 [  18   79]]
acc: 0.819
f1: 0.303
[[1875   38]
 [  67   30]]
acc: 0.948
f1: 0.364
8,108,coarse : 26.34 seconds
8,108,fine : 26.35 seconds
[[1562  351]
 [  18   79]]
acc: 0.816
f1: 0.300
[[1872   41]
 [  70   27]]
acc: 0.945
f1: 0.327
8,109,coarse : 26.72 seconds
8,109,fine : 26.74 seconds
[[1552  361]
 [  18   79]]
acc: 0.811
f1: 0.294
[[1872   41]
 [  69   28]]
acc: 0.945
f1: 0.337
8,110,coarse : 26.4 seconds
8,110,fine : 26.42 seconds
[[1556  357]
 [  19   78]]
acc: 0.813
f1: 0.293
[[1870   43]
 [  68   29]]
acc: 0.945
f1: 0.343
8,111,coarse : 26.42 seconds
8,111,fine : 26.44 seconds
[[1553  360]
 [  19   78]]
acc: 0.811
f1: 0.292
[[1870   43]
 [  67   30]]
acc: 0.945
f1: 0.353
8,112,coarse : 26.37 seconds
8,112,fine : 26.38 seconds
[[1552  361]
 [  19   78]]
acc: 0.811
f1: 0.291
[[1870   43]
 [  67   30]]
acc: 0.945
f1: 0.353
8,113,coarse : 26.68 seconds
8,113,fine : 26.69 seconds
[[1553  360]
 [  19   78]]
acc: 0.811
f1: 0.292
[[1870   43]
 [  67   30]]
acc: 0.945
f1: 0.353
8,114,coarse : 26.75 seconds
8,114,fine : 26.76 seconds
[[1550  363]
 [  19   78]]
acc: 0.810
f1: 0.290
[[1870   43]
 [  67   30]]
acc: 0.945
f1: 0.353
8,115,coarse : 27.0 seconds
8,115,fine : 27.01 seconds
[[1551  362]
 [  19   78]]
acc: 0.810
f1: 0.291
[[1869   44]
 [  66   31]]
acc: 0.945
f1: 0.360
8,116,coarse : 26.94 seconds
8,116,fine : 26.95 seconds
[[1549  364]
 [  19   78]]
acc: 0.809
f1: 0.289
[[1868   45]
 [  66   31]]
acc: 0.945
f1: 0.358
8,117,coarse : 27.47 seconds
8,117,fine : 27.49 seconds
[[1534  379]
 [  19   78]]
acc: 0.802
f1: 0.282
[[1868   45]
 [  66   31]]
acc: 0.945
f1: 0.358
8,118,coarse : 26.74 seconds
8,118,fine : 26.76 seconds
[[1542  371]
 [  19   78]]
acc: 0.806
f1: 0.286
[[1868   45]
 [  66   31]]
acc: 0.945
f1: 0.358
8,119,coarse : 26.87 seconds
8,119,fine : 26.89 seconds
[[1538  375]
 [  19   78]]
acc: 0.804
f1: 0.284
[[1866   47]
 [  66   31]]
acc: 0.944
f1: 0.354
8,120,coarse : 26.92 seconds
8,120,fine : 26.94 seconds
[[1538  375]
 [  19   78]]
acc: 0.804
f1: 0.284
[[1865   48]
 [  65   32]]
acc: 0.944
f1: 0.362
8,121,coarse : 26.81 seconds
8,121,fine : 26.82 seconds
[[1538  375]
 [  19   78]]
acc: 0.804
f1: 0.284
[[1864   49]
 [  65   32]]
acc: 0.943
f1: 0.360
8,122,coarse : 26.88 seconds
8,122,fine : 26.9 seconds
[[1542  371]
 [  18   79]]
acc: 0.806
f1: 0.289
[[1864   49]
 [  65   32]]
acc: 0.943
f1: 0.360
8,123,coarse : 27.28 seconds
8,123,fine : 27.29 seconds
[[1545  368]
 [  17   80]]
acc: 0.808
f1: 0.294
[[1864   49]
 [  64   33]]
acc: 0.944
f1: 0.369
8,124,coarse : 27.29 seconds
8,124,fine : 27.3 seconds
[[1541  372]
 [  17   80]]
acc: 0.806
f1: 0.291
[[1864   49]
 [  64   33]]
acc: 0.944
f1: 0.369
8,125,coarse : 26.92 seconds
8,125,fine : 26.94 seconds
[[1548  365]
 [  17   80]]
acc: 0.810
f1: 0.295
[[1863   50]
 [  64   33]]
acc: 0.943
f1: 0.367
8,126,coarse : 26.61 seconds
8,126,fine : 26.63 seconds
[[1546  367]
 [  17   80]]
acc: 0.809
f1: 0.294
[[1863   50]
 [  64   33]]
acc: 0.943
f1: 0.367
8,127,coarse : 27.74 seconds
8,127,fine : 27.75 seconds
[[1541  372]
 [  17   80]]
acc: 0.806
f1: 0.291
[[1864   49]
 [  63   34]]
acc: 0.944
f1: 0.378
8,128,coarse : 27.32 seconds
8,128,fine : 27.34 seconds
[[1544  369]
 [  17   80]]
acc: 0.808
f1: 0.293
[[1863   50]
 [  63   34]]
acc: 0.944
f1: 0.376
8,129,coarse : 27.31 seconds
8,129,fine : 27.32 seconds
[[1540  373]
 [  18   79]]
acc: 0.805
f1: 0.288
[[1863   50]
 [  63   34]]
acc: 0.944
f1: 0.376
8,130,coarse : 27.29 seconds
8,130,fine : 27.3 seconds
[[1540  373]
 [  18   79]]
acc: 0.805
f1: 0.288
[[1863   50]
 [  63   34]]
acc: 0.944
f1: 0.376
8,131,coarse : 27.73 seconds
8,131,fine : 27.74 seconds
[[1539  374]
 [  17   80]]
acc: 0.805
f1: 0.290
[[1862   51]
 [  63   34]]
acc: 0.943
f1: 0.374
8,132,coarse : 27.43 seconds
8,132,fine : 27.44 seconds
[[1539  374]
 [  17   80]]
acc: 0.805
f1: 0.290
[[1862   51]
 [  63   34]]
acc: 0.943
f1: 0.374
8,133,coarse : 27.44 seconds
8,133,fine : 27.46 seconds
[[1536  377]
 [  18   79]]
acc: 0.803
f1: 0.286
[[1861   52]
 [  62   35]]
acc: 0.943
f1: 0.380
8,134,coarse : 27.63 seconds
8,134,fine : 27.64 seconds
[[1535  378]
 [  18   79]]
acc: 0.803
f1: 0.285
[[1859   54]
 [  62   35]]
acc: 0.942
f1: 0.376
8,135,coarse : 27.54 seconds
8,135,fine : 27.56 seconds
[[1536  377]
 [  18   79]]
acc: 0.803
f1: 0.286
[[1858   55]
 [  62   35]]
acc: 0.942
f1: 0.374
8,136,coarse : 27.65 seconds
8,136,fine : 27.67 seconds
[[1531  382]
 [  18   79]]
acc: 0.801
f1: 0.283
[[1859   54]
 [  62   35]]
acc: 0.942
f1: 0.376
8,137,coarse : 27.35 seconds
8,137,fine : 27.36 seconds
[[1532  381]
 [  18   79]]
acc: 0.801
f1: 0.284
[[1859   54]
 [  63   34]]
acc: 0.942
f1: 0.368
8,138,coarse : 27.48 seconds
8,138,fine : 27.5 seconds
[[1531  382]
 [  18   79]]
acc: 0.801
f1: 0.283
[[1860   53]
 [  63   34]]
acc: 0.942
f1: 0.370
8,139,coarse : 27.31 seconds
8,139,fine : 27.32 seconds
[[1529  384]
 [  17   80]]
acc: 0.800
f1: 0.285
[[1859   54]
 [  63   34]]
acc: 0.942
f1: 0.368
8,140,coarse : 27.98 seconds
8,140,fine : 28.0 seconds
[[1534  379]
 [  17   80]]
acc: 0.803
f1: 0.288
[[1859   54]
 [  63   34]]
acc: 0.942
f1: 0.368
8,141,coarse : 27.21 seconds
8,141,fine : 27.23 seconds
[[1532  381]
 [  17   80]]
acc: 0.802
f1: 0.287
[[1856   57]
 [  62   35]]
acc: 0.941
f1: 0.370
8,142,coarse : 27.74 seconds
8,142,fine : 27.76 seconds
[[1527  386]
 [  17   80]]
acc: 0.800
f1: 0.284
[[1855   58]
 [  62   35]]
acc: 0.940
f1: 0.368
8,143,coarse : 28.07 seconds
8,143,fine : 28.09 seconds
[[1524  389]
 [  17   80]]
acc: 0.798
f1: 0.283
[[1855   58]
 [  62   35]]
acc: 0.940
f1: 0.368
8,144,coarse : 28.46 seconds
8,144,fine : 28.48 seconds
[[1526  387]
 [  17   80]]
acc: 0.799
f1: 0.284
[[1854   59]
 [  62   35]]
acc: 0.940
f1: 0.366
8,145,coarse : 27.96 seconds
8,145,fine : 27.98 seconds
[[1526  387]
 [  17   80]]
acc: 0.799
f1: 0.284
[[1854   59]
 [  62   35]]
acc: 0.940
f1: 0.366
8,146,coarse : 28.46 seconds
8,146,fine : 28.48 seconds
[[1529  384]
 [  18   79]]
acc: 0.800
f1: 0.282
[[1853   60]
 [  62   35]]
acc: 0.939
f1: 0.365
8,147,coarse : 28.4 seconds
8,147,fine : 28.42 seconds
[[1528  385]
 [  18   79]]
acc: 0.800
f1: 0.282
[[1853   60]
 [  62   35]]
acc: 0.939
f1: 0.365
8,148,coarse : 28.56 seconds
8,148,fine : 28.58 seconds
[[1524  389]
 [  18   79]]
acc: 0.798
f1: 0.280
[[1850   63]
 [  62   35]]
acc: 0.938
f1: 0.359
8,149,coarse : 28.31 seconds
8,149,fine : 28.33 seconds
[[1521  392]
 [  18   79]]
acc: 0.796
f1: 0.278
[[1849   64]
 [  62   35]]
acc: 0.937
f1: 0.357
8,150,coarse : 30.14 seconds
8,150,fine : 30.16 seconds
[[1522  391]
 [  17   80]]
acc: 0.797
f1: 0.282
[[1849   64]
 [  62   35]]
acc: 0.937
f1: 0.357
8,151,coarse : 28.06 seconds
8,151,fine : 28.08 seconds
[[1521  392]
 [  17   80]]
acc: 0.797
f1: 0.281
[[1847   66]
 [  62   35]]
acc: 0.936
f1: 0.354
8,152,coarse : 28.32 seconds
8,152,fine : 28.34 seconds
[[1523  390]
 [  17   80]]
acc: 0.798
f1: 0.282
[[1846   67]
 [  62   35]]
acc: 0.936
f1: 0.352
8,153,coarse : 29.18 seconds
8,153,fine : 29.2 seconds
[[1523  390]
 [  17   80]]
acc: 0.798
f1: 0.282
[[1846   67]
 [  62   35]]
acc: 0.936
f1: 0.352
8,154,coarse : 28.46 seconds
8,154,fine : 28.48 seconds
[[1518  395]
 [  17   80]]
acc: 0.795
f1: 0.280
[[1845   68]
 [  62   35]]
acc: 0.935
f1: 0.350
8,155,coarse : 28.89 seconds
8,155,fine : 28.91 seconds
[[1522  391]
 [  17   80]]
acc: 0.797
f1: 0.282
[[1846   67]
 [  62   35]]
acc: 0.936
f1: 0.352
8,156,coarse : 28.66 seconds
8,156,fine : 28.68 seconds
[[1521  392]
 [  17   80]]
acc: 0.797
f1: 0.281
[[1843   70]
 [  60   37]]
acc: 0.935
f1: 0.363
8,157,coarse : 28.49 seconds
8,157,fine : 28.51 seconds
[[1520  393]
 [  17   80]]
acc: 0.796
f1: 0.281
[[1843   70]
 [  60   37]]
acc: 0.935
f1: 0.363
8,158,coarse : 29.01 seconds
8,158,fine : 29.03 seconds
[[1520  393]
 [  17   80]]
acc: 0.796
f1: 0.281
[[1843   70]
 [  60   37]]
acc: 0.935
f1: 0.363
8,159,coarse : 29.03 seconds
8,159,fine : 29.05 seconds
[[1518  395]
 [  16   81]]
acc: 0.796
f1: 0.283
[[1843   70]
 [  58   39]]
acc: 0.936
f1: 0.379
8,160,coarse : 28.6 seconds
8,160,fine : 28.62 seconds
[[1515  398]
 [  16   81]]
acc: 0.794
f1: 0.281
[[1843   70]
 [  58   39]]
acc: 0.936
f1: 0.379
8,161,coarse : 28.93 seconds
8,161,fine : 28.95 seconds
[[1515  398]
 [  16   81]]
acc: 0.794
f1: 0.281
[[1841   72]
 [  58   39]]
acc: 0.935
f1: 0.375
8,162,coarse : 29.37 seconds
8,162,fine : 29.39 seconds
[[1520  393]
 [  16   81]]
acc: 0.797
f1: 0.284
[[1840   73]
 [  58   39]]
acc: 0.935
f1: 0.373
8,163,coarse : 28.8 seconds
8,163,fine : 28.82 seconds
[[1519  394]
 [  16   81]]
acc: 0.796
f1: 0.283
[[1841   72]
 [  57   40]]
acc: 0.936
f1: 0.383
8,164,coarse : 28.9 seconds
8,164,fine : 28.92 seconds
[[1519  394]
 [  16   81]]
acc: 0.796
f1: 0.283
[[1841   72]
 [  57   40]]
acc: 0.936
f1: 0.383
8,165,coarse : 28.98 seconds
8,165,fine : 29.0 seconds
[[1521  392]
 [  15   82]]
acc: 0.798
f1: 0.287
[[1839   74]
 [  59   38]]
acc: 0.934
f1: 0.364
8,166,coarse : 29.01 seconds
8,166,fine : 29.03 seconds
[[1522  391]
 [  15   82]]
acc: 0.798
f1: 0.288
[[1839   74]
 [  57   40]]
acc: 0.935
f1: 0.379
8,167,coarse : 29.16 seconds
8,167,fine : 29.18 seconds
[[1518  395]
 [  16   81]]
acc: 0.796
f1: 0.283
[[1839   74]
 [  57   40]]
acc: 0.935
f1: 0.379
8,168,coarse : 28.92 seconds
8,168,fine : 28.94 seconds
[[1520  393]
 [  15   82]]
acc: 0.797
f1: 0.287
[[1838   75]
 [  57   40]]
acc: 0.934
f1: 0.377
8,169,coarse : 29.05 seconds
8,169,fine : 29.07 seconds
[[1522  391]
 [  15   82]]
acc: 0.798
f1: 0.288
[[1838   75]
 [  57   40]]
acc: 0.934
f1: 0.377
8,170,coarse : 29.42 seconds
8,170,fine : 29.46 seconds
[[1521  392]
 [  15   82]]
acc: 0.798
f1: 0.287
[[1838   75]
 [  57   40]]
acc: 0.934
f1: 0.377
8,171,coarse : 29.44 seconds
8,171,fine : 29.46 seconds
[[1513  400]
 [  15   82]]
acc: 0.794
f1: 0.283
[[1839   74]
 [  57   40]]
acc: 0.935
f1: 0.379
8,172,coarse : 28.77 seconds
8,172,fine : 28.79 seconds
