all           0      1    2    3    4    5    6    7    8    
1      2010   1914   1    19   32   19   1    11   6    7    
2      2010   1914   1    19   32   19   1    11   6    7    
3      2010   1914   1    19   32   19   1    11   5    8    
4      2010   1914   1    19   32   19   1    10   6    8    
5      2010   1914   1    18   33   19   1    10   6    8    
6      2010   1914   1    18   33   19   1    10   6    8    
7      2010   1913   2    18   33   19   1    10   6    8    
8      2010   1913   2    18   33   19   1    10   6    8    
9      2009   1913   2    18   32   19   2    10   6    7    
10     2009   1913   1    19   32   19   1    11   6    7    
Total  20098  19136  13   185  324  190  11   104  59   76   
train         0      1    2    3    4    5    6    7    8    
1      2010   1914   1    19   32   19   1    11   6    7    
2      2010   1914   1    19   32   19   1    11   6    7    
3      2010   1914   1    19   32   19   1    11   5    8    
4      2010   1914   1    19   32   19   1    10   6    8    
6      2010   1914   1    18   33   19   1    10   6    8    
7      2010   1913   2    18   33   19   1    10   6    8    
8      2010   1913   2    18   33   19   1    10   6    8    
9      2009   1913   2    18   32   19   2    10   6    7    
10     2009   1913   1    19   32   19   1    11   6    7    
Total  18088  17222  12   167  291  171  10   94   53   68   
test          0      1    2    3    4    5    6    7    8    
5      2010   1914   1    18   33   19   1    10   6    8    
Total  2010   1914   1    18   33   19   1    10   6    8    
Classes             
0         17222     
1         12        
2         167       
3         291       
4         171       
5         10        
6         94        
7         53        
8         68        
Total     18088     

Shape: 450       

[952, 10, 11, 16, 11, 10, 10, 10, 10]
Sum start => 1040
[[1372  542]
 [  20   76]]
acc: 0.720
f1: 0.213
[[1880   34]
 [  83   13]]
acc: 0.942
f1: 0.182
5,1,coarse : 27.18 seconds
5,1,fine : 27.18 seconds
[[1372  542]
 [  20   76]]
acc: 0.720
f1: 0.213
[[1880   34]
 [  83   13]]
acc: 0.942
f1: 0.182
5,2,coarse : 28.76 seconds
5,2,fine : 28.76 seconds
[[1402  512]
 [  21   75]]
acc: 0.735
f1: 0.220
[[1906    8]
 [  93    3]]
acc: 0.950
f1: 0.056
5,3,coarse : 28.07 seconds
5,3,fine : 28.08 seconds
[[1427  487]
 [  21   75]]
acc: 0.747
f1: 0.228
[[1911    3]
 [  92    4]]
acc: 0.953
f1: 0.078
5,4,coarse : 28.32 seconds
5,4,fine : 28.32 seconds
[[1477  437]
 [  23   73]]
acc: 0.771
f1: 0.241
[[1911    3]
 [  93    3]]
acc: 0.952
f1: 0.059
5,5,coarse : 28.88 seconds
5,5,fine : 28.88 seconds
[[1499  415]
 [  24   72]]
acc: 0.782
f1: 0.247
[[1910    4]
 [  92    4]]
acc: 0.952
f1: 0.077
5,6,coarse : 28.28 seconds
5,6,fine : 28.28 seconds
[[1511  403]
 [  26   70]]
acc: 0.787
f1: 0.246
[[1910    4]
 [  88    8]]
acc: 0.954
f1: 0.148
5,7,coarse : 28.28 seconds
5,7,fine : 28.28 seconds
[[1515  399]
 [  23   73]]
acc: 0.790
f1: 0.257
[[1911    3]
 [  88    8]]
acc: 0.955
f1: 0.150
5,8,coarse : 29.03 seconds
5,8,fine : 29.04 seconds
[[1515  399]
 [  23   73]]
acc: 0.790
f1: 0.257
[[1910    4]
 [  88    8]]
acc: 0.954
f1: 0.148
5,9,coarse : 28.26 seconds
5,9,fine : 28.27 seconds
[[1529  385]
 [  21   75]]
acc: 0.798
f1: 0.270
[[1912    2]
 [  88    8]]
acc: 0.955
f1: 0.151
5,10,coarse : 28.34 seconds
5,10,fine : 28.35 seconds
[[1545  369]
 [  22   74]]
acc: 0.805
f1: 0.275
[[1911    3]
 [  87    9]]
acc: 0.955
f1: 0.167
5,11,coarse : 28.66 seconds
5,11,fine : 28.67 seconds
[[1541  373]
 [  23   73]]
acc: 0.803
f1: 0.269
[[1912    2]
 [  87    9]]
acc: 0.956
f1: 0.168
5,12,coarse : 28.26 seconds
5,12,fine : 28.26 seconds
[[1558  356]
 [  22   74]]
acc: 0.812
f1: 0.281
[[1912    2]
 [  87    9]]
acc: 0.956
f1: 0.168
5,13,coarse : 27.99 seconds
5,13,fine : 27.99 seconds
[[1569  345]
 [  23   73]]
acc: 0.817
f1: 0.284
[[1913    1]
 [  87    9]]
acc: 0.956
f1: 0.170
5,14,coarse : 28.7 seconds
5,14,fine : 28.71 seconds
[[1576  338]
 [  23   73]]
acc: 0.820
f1: 0.288
[[1913    1]
 [  86   10]]
acc: 0.957
f1: 0.187
5,15,coarse : 28.42 seconds
5,15,fine : 28.43 seconds
[[1585  329]
 [  23   73]]
acc: 0.825
f1: 0.293
[[1913    1]
 [  85   11]]
acc: 0.957
f1: 0.204
5,16,coarse : 28.28 seconds
5,16,fine : 28.28 seconds
[[1586  328]
 [  21   75]]
acc: 0.826
f1: 0.301
[[1913    1]
 [  86   10]]
acc: 0.957
f1: 0.187
5,17,coarse : 28.89 seconds
5,17,fine : 28.9 seconds
[[1581  333]
 [  22   74]]
acc: 0.823
f1: 0.294
[[1912    2]
 [  85   11]]
acc: 0.957
f1: 0.202
5,18,coarse : 28.51 seconds
5,18,fine : 28.52 seconds
[[1579  335]
 [  22   74]]
acc: 0.822
f1: 0.293
[[1911    3]
 [  85   11]]
acc: 0.956
f1: 0.200
5,19,coarse : 28.05 seconds
5,19,fine : 28.06 seconds
[[1579  335]
 [  22   74]]
acc: 0.822
f1: 0.293
[[1911    3]
 [  84   12]]
acc: 0.957
f1: 0.216
5,20,coarse : 29.0 seconds
5,20,fine : 29.01 seconds
[[1572  342]
 [  23   73]]
acc: 0.818
f1: 0.286
[[1912    2]
 [  85   11]]
acc: 0.957
f1: 0.202
5,21,coarse : 28.27 seconds
5,21,fine : 28.28 seconds
[[1575  339]
 [  21   75]]
acc: 0.821
f1: 0.294
[[1911    3]
 [  86   10]]
acc: 0.956
f1: 0.183
5,22,coarse : 28.58 seconds
5,22,fine : 28.58 seconds
[[1583  331]
 [  21   75]]
acc: 0.825
f1: 0.299
[[1912    2]
 [  85   11]]
acc: 0.957
f1: 0.202
5,23,coarse : 28.85 seconds
5,23,fine : 28.86 seconds
[[1594  320]
 [  21   75]]
acc: 0.830
f1: 0.305
[[1909    5]
 [  85   11]]
acc: 0.955
f1: 0.196
5,24,coarse : 28.48 seconds
5,24,fine : 28.49 seconds
[[1584  330]
 [  19   77]]
acc: 0.826
f1: 0.306
[[1910    4]
 [  86   10]]
acc: 0.955
f1: 0.182
5,25,coarse : 28.66 seconds
5,25,fine : 28.67 seconds
[[1584  330]
 [  20   76]]
acc: 0.826
f1: 0.303
[[1910    4]
 [  86   10]]
acc: 0.955
f1: 0.182
5,26,coarse : 29.17 seconds
5,26,fine : 29.17 seconds
[[1587  327]
 [  19   77]]
acc: 0.828
f1: 0.308
[[1910    4]
 [  86   10]]
acc: 0.955
f1: 0.182
5,27,coarse : 28.9 seconds
5,27,fine : 28.91 seconds
[[1598  316]
 [  20   76]]
acc: 0.833
f1: 0.311
[[1910    4]
 [  85   11]]
acc: 0.956
f1: 0.198
5,28,coarse : 28.84 seconds
5,28,fine : 28.85 seconds
[[1600  314]
 [  18   78]]
acc: 0.835
f1: 0.320
[[1909    5]
 [  86   10]]
acc: 0.955
f1: 0.180
5,29,coarse : 29.16 seconds
5,29,fine : 29.17 seconds
[[1601  313]
 [  18   78]]
acc: 0.835
f1: 0.320
[[1909    5]
 [  85   11]]
acc: 0.955
f1: 0.196
5,30,coarse : 28.52 seconds
5,30,fine : 28.52 seconds
[[1596  318]
 [  18   78]]
acc: 0.833
f1: 0.317
[[1909    5]
 [  84   12]]
acc: 0.956
f1: 0.212
5,31,coarse : 28.78 seconds
5,31,fine : 28.78 seconds
[[1596  318]
 [  18   78]]
acc: 0.833
f1: 0.317
[[1909    5]
 [  85   11]]
acc: 0.955
f1: 0.196
5,32,coarse : 28.75 seconds
5,32,fine : 28.76 seconds
[[1590  324]
 [  17   79]]
acc: 0.830
f1: 0.317
[[1909    5]
 [  85   11]]
acc: 0.955
f1: 0.196
5,33,coarse : 28.96 seconds
5,33,fine : 28.97 seconds
[[1598  316]
 [  18   78]]
acc: 0.834
f1: 0.318
[[1909    5]
 [  85   11]]
acc: 0.955
f1: 0.196
5,34,coarse : 28.85 seconds
5,34,fine : 28.86 seconds
[[1592  322]
 [  19   77]]
acc: 0.830
f1: 0.311
[[1908    6]
 [  83   13]]
acc: 0.956
f1: 0.226
5,35,coarse : 28.79 seconds
5,35,fine : 28.79 seconds
[[1597  317]
 [  21   75]]
acc: 0.832
f1: 0.307
[[1908    6]
 [  82   14]]
acc: 0.956
f1: 0.241
5,36,coarse : 29.5 seconds
5,36,fine : 29.51 seconds
[[1601  313]
 [  20   76]]
acc: 0.834
f1: 0.313
[[1908    6]
 [  81   15]]
acc: 0.957
f1: 0.256
5,37,coarse : 28.97 seconds
5,37,fine : 28.98 seconds
[[1607  307]
 [  21   75]]
acc: 0.837
f1: 0.314
[[1908    6]
 [  81   15]]
acc: 0.957
f1: 0.256
5,38,coarse : 28.73 seconds
5,38,fine : 28.74 seconds
[[1611  303]
 [  21   75]]
acc: 0.839
f1: 0.316
[[1908    6]
 [  80   16]]
acc: 0.957
f1: 0.271
5,39,coarse : 29.02 seconds
5,39,fine : 29.03 seconds
[[1619  295]
 [  21   75]]
acc: 0.843
f1: 0.322
[[1908    6]
 [  80   16]]
acc: 0.957
f1: 0.271
5,40,coarse : 29.43 seconds
5,40,fine : 29.43 seconds
[[1614  300]
 [  20   76]]
acc: 0.841
f1: 0.322
[[1908    6]
 [  80   16]]
acc: 0.957
f1: 0.271
5,41,coarse : 28.96 seconds
5,41,fine : 28.96 seconds
[[1619  295]
 [  20   76]]
acc: 0.843
f1: 0.325
[[1908    6]
 [  80   16]]
acc: 0.957
f1: 0.271
5,42,coarse : 29.24 seconds
5,42,fine : 29.25 seconds
[[1615  299]
 [  22   74]]
acc: 0.840
f1: 0.316
[[1908    6]
 [  80   16]]
acc: 0.957
f1: 0.271
5,43,coarse : 29.52 seconds
5,43,fine : 29.53 seconds
[[1613  301]
 [  20   76]]
acc: 0.840
f1: 0.321
[[1907    7]
 [  78   18]]
acc: 0.958
f1: 0.298
5,44,coarse : 29.17 seconds
5,44,fine : 29.18 seconds
[[1608  306]
 [  22   74]]
acc: 0.837
f1: 0.311
[[1907    7]
 [  78   18]]
acc: 0.958
f1: 0.298
5,45,coarse : 28.85 seconds
5,45,fine : 28.86 seconds
[[1611  303]
 [  22   74]]
acc: 0.838
f1: 0.313
[[1906    8]
 [  78   18]]
acc: 0.957
f1: 0.295
5,46,coarse : 29.27 seconds
5,46,fine : 29.28 seconds
[[1602  312]
 [  20   76]]
acc: 0.835
f1: 0.314
[[1906    8]
 [  78   18]]
acc: 0.957
f1: 0.295
5,47,coarse : 29.9 seconds
5,47,fine : 29.91 seconds
[[1606  308]
 [  19   77]]
acc: 0.837
f1: 0.320
[[1906    8]
 [  78   18]]
acc: 0.957
f1: 0.295
5,48,coarse : 29.01 seconds
5,48,fine : 29.02 seconds
[[1601  313]
 [  19   77]]
acc: 0.835
f1: 0.317
[[1905    9]
 [  78   18]]
acc: 0.957
f1: 0.293
5,49,coarse : 29.11 seconds
5,49,fine : 29.12 seconds
[[1595  319]
 [  20   76]]
acc: 0.831
f1: 0.310
[[1905    9]
 [  78   18]]
acc: 0.957
f1: 0.293
5,50,coarse : 31.83 seconds
5,50,fine : 31.83 seconds
[[1599  315]
 [  20   76]]
acc: 0.833
f1: 0.312
[[1905    9]
 [  78   18]]
acc: 0.957
f1: 0.293
5,51,coarse : 29.26 seconds
5,51,fine : 29.27 seconds
[[1601  313]
 [  20   76]]
acc: 0.834
f1: 0.313
[[1905    9]
 [  78   18]]
acc: 0.957
f1: 0.293
5,52,coarse : 29.56 seconds
5,52,fine : 29.57 seconds
[[1597  317]
 [  19   77]]
acc: 0.833
f1: 0.314
[[1905    9]
 [  78   18]]
acc: 0.957
f1: 0.293
5,53,coarse : 29.92 seconds
5,53,fine : 29.93 seconds
[[1595  319]
 [  20   76]]
acc: 0.831
f1: 0.310
[[1905    9]
 [  77   19]]
acc: 0.957
f1: 0.306
5,54,coarse : 29.55 seconds
5,54,fine : 29.56 seconds
[[1590  324]
 [  19   77]]
acc: 0.829
f1: 0.310
[[1904   10]
 [  76   20]]
acc: 0.957
f1: 0.317
5,55,coarse : 29.54 seconds
5,55,fine : 29.55 seconds
[[1587  327]
 [  19   77]]
acc: 0.828
f1: 0.308
[[1904   10]
 [  75   21]]
acc: 0.958
f1: 0.331
5,56,coarse : 29.51 seconds
5,56,fine : 29.52 seconds
[[1588  326]
 [  19   77]]
acc: 0.828
f1: 0.309
[[1903   11]
 [  75   21]]
acc: 0.957
f1: 0.328
5,57,coarse : 30.15 seconds
5,57,fine : 30.16 seconds
[[1586  328]
 [  19   77]]
acc: 0.827
f1: 0.307
[[1903   11]
 [  75   21]]
acc: 0.957
f1: 0.328
5,58,coarse : 29.54 seconds
5,58,fine : 29.55 seconds
[[1589  325]
 [  19   77]]
acc: 0.829
f1: 0.309
[[1901   13]
 [  72   24]]
acc: 0.958
f1: 0.361
5,59,coarse : 29.81 seconds
5,59,fine : 29.82 seconds
[[1592  322]
 [  18   78]]
acc: 0.831
f1: 0.315
[[1901   13]
 [  73   23]]
acc: 0.957
f1: 0.348
5,60,coarse : 29.8 seconds
5,60,fine : 29.81 seconds
[[1592  322]
 [  18   78]]
acc: 0.831
f1: 0.315
[[1900   14]
 [  72   24]]
acc: 0.957
f1: 0.358
5,61,coarse : 29.84 seconds
5,61,fine : 29.85 seconds
[[1587  327]
 [  18   78]]
acc: 0.828
f1: 0.311
[[1900   14]
 [  72   24]]
acc: 0.957
f1: 0.358
5,62,coarse : 30.46 seconds
5,62,fine : 30.47 seconds
[[1589  325]
 [  18   78]]
acc: 0.829
f1: 0.313
[[1899   15]
 [  72   24]]
acc: 0.957
f1: 0.356
5,63,coarse : 29.56 seconds
5,63,fine : 29.57 seconds
[[1592  322]
 [  19   77]]
acc: 0.830
f1: 0.311
[[1899   15]
 [  72   24]]
acc: 0.957
f1: 0.356
5,64,coarse : 29.7 seconds
5,64,fine : 29.71 seconds
[[1592  322]
 [  19   77]]
acc: 0.830
f1: 0.311
[[1898   16]
 [  72   24]]
acc: 0.956
f1: 0.353
5,65,coarse : 29.64 seconds
5,65,fine : 29.65 seconds
[[1586  328]
 [  19   77]]
acc: 0.827
f1: 0.307
[[1900   14]
 [  72   24]]
acc: 0.957
f1: 0.358
5,66,coarse : 30.32 seconds
5,66,fine : 30.33 seconds
[[1592  322]
 [  19   77]]
acc: 0.830
f1: 0.311
[[1901   13]
 [  73   23]]
acc: 0.957
f1: 0.348
5,67,coarse : 30.01 seconds
5,67,fine : 30.02 seconds
[[1595  319]
 [  19   77]]
acc: 0.832
f1: 0.313
[[1900   14]
 [  73   23]]
acc: 0.957
f1: 0.346
5,68,coarse : 29.96 seconds
5,68,fine : 29.97 seconds
[[1587  327]
 [  19   77]]
acc: 0.828
f1: 0.308
[[1900   14]
 [  72   24]]
acc: 0.957
f1: 0.358
5,69,coarse : 30.17 seconds
5,69,fine : 30.18 seconds
[[1584  330]
 [  19   77]]
acc: 0.826
f1: 0.306
[[1898   16]
 [  71   25]]
acc: 0.957
f1: 0.365
5,70,coarse : 30.39 seconds
5,70,fine : 30.4 seconds
[[1588  326]
 [  19   77]]
acc: 0.828
f1: 0.309
[[1900   14]
 [  72   24]]
acc: 0.957
f1: 0.358
5,71,coarse : 31.03 seconds
5,71,fine : 31.05 seconds
[[1590  324]
 [  20   76]]
acc: 0.829
f1: 0.306
[[1899   15]
 [  71   25]]
acc: 0.957
f1: 0.368
5,72,coarse : 30.43 seconds
5,72,fine : 30.44 seconds
[[1591  323]
 [  20   76]]
acc: 0.829
f1: 0.307
[[1898   16]
 [  71   25]]
acc: 0.957
f1: 0.365
5,73,coarse : 30.49 seconds
5,73,fine : 30.5 seconds
[[1594  320]
 [  20   76]]
acc: 0.831
f1: 0.309
[[1896   18]
 [  71   25]]
acc: 0.956
f1: 0.360
5,74,coarse : 30.48 seconds
5,74,fine : 30.49 seconds
[[1585  329]
 [  20   76]]
acc: 0.826
f1: 0.303
[[1896   18]
 [  70   26]]
acc: 0.956
f1: 0.371
5,75,coarse : 30.72 seconds
5,75,fine : 30.74 seconds
[[1586  328]
 [  20   76]]
acc: 0.827
f1: 0.304
[[1895   19]
 [  69   27]]
acc: 0.956
f1: 0.380
5,76,coarse : 30.04 seconds
5,76,fine : 30.05 seconds
[[1586  328]
 [  20   76]]
acc: 0.827
f1: 0.304
[[1895   19]
 [  69   27]]
acc: 0.956
f1: 0.380
5,77,coarse : 30.06 seconds
5,77,fine : 30.07 seconds
[[1587  327]
 [  20   76]]
acc: 0.827
f1: 0.305
[[1895   19]
 [  69   27]]
acc: 0.956
f1: 0.380
5,78,coarse : 30.14 seconds
5,78,fine : 30.15 seconds
[[1584  330]
 [  19   77]]
acc: 0.826
f1: 0.306
[[1895   19]
 [  69   27]]
acc: 0.956
f1: 0.380
5,79,coarse : 30.64 seconds
5,79,fine : 30.65 seconds
[[1589  325]
 [  20   76]]
acc: 0.828
f1: 0.306
[[1894   20]
 [  69   27]]
acc: 0.956
f1: 0.378
5,80,coarse : 31.0 seconds
5,80,fine : 31.01 seconds
[[1587  327]
 [  20   76]]
acc: 0.827
f1: 0.305
[[1894   20]
 [  69   27]]
acc: 0.956
f1: 0.378
5,81,coarse : 30.76 seconds
5,81,fine : 30.77 seconds
[[1586  328]
 [  20   76]]
acc: 0.827
f1: 0.304
[[1892   22]
 [  68   28]]
acc: 0.955
f1: 0.384
5,82,coarse : 30.72 seconds
5,82,fine : 30.73 seconds
[[1586  328]
 [  21   75]]
acc: 0.826
f1: 0.301
[[1892   22]
 [  67   29]]
acc: 0.956
f1: 0.395
5,83,coarse : 31.12 seconds
5,83,fine : 31.13 seconds
[[1587  327]
 [  21   75]]
acc: 0.827
f1: 0.301
[[1892   22]
 [  66   30]]
acc: 0.956
f1: 0.405
5,84,coarse : 31.04 seconds
5,84,fine : 31.05 seconds
[[1589  325]
 [  19   77]]
acc: 0.829
f1: 0.309
[[1892   22]
 [  66   30]]
acc: 0.956
f1: 0.405
5,85,coarse : 31.11 seconds
5,85,fine : 31.13 seconds
[[1587  327]
 [  20   76]]
acc: 0.827
f1: 0.305
[[1892   22]
 [  66   30]]
acc: 0.956
f1: 0.405
5,86,coarse : 32.38 seconds
5,86,fine : 32.39 seconds
[[1591  323]
 [  19   77]]
acc: 0.830
f1: 0.310
[[1892   22]
 [  66   30]]
acc: 0.956
f1: 0.405
5,87,coarse : 31.99 seconds
5,87,fine : 32.01 seconds
[[1593  321]
 [  19   77]]
acc: 0.831
f1: 0.312
[[1892   22]
 [  65   31]]
acc: 0.957
f1: 0.416
5,88,coarse : 31.7 seconds
5,88,fine : 31.72 seconds
[[1593  321]
 [  19   77]]
acc: 0.831
f1: 0.312
[[1892   22]
 [  65   31]]
acc: 0.957
f1: 0.416
5,89,coarse : 32.02 seconds
5,89,fine : 32.04 seconds
[[1590  324]
 [  18   78]]
acc: 0.830
f1: 0.313
[[1891   23]
 [  65   31]]
acc: 0.956
f1: 0.413
5,90,coarse : 31.85 seconds
5,90,fine : 31.86 seconds
[[1588  326]
 [  17   79]]
acc: 0.829
f1: 0.315
[[1890   24]
 [  64   32]]
acc: 0.956
f1: 0.421
5,91,coarse : 31.69 seconds
5,91,fine : 31.71 seconds
[[1583  331]
 [  18   78]]
acc: 0.826
f1: 0.309
[[1889   25]
 [  64   32]]
acc: 0.956
f1: 0.418
5,92,coarse : 32.78 seconds
5,92,fine : 32.8 seconds
[[1582  332]
 [  18   78]]
acc: 0.826
f1: 0.308
[[1889   25]
 [  63   33]]
acc: 0.956
f1: 0.429
5,93,coarse : 31.97 seconds
5,93,fine : 31.98 seconds
[[1582  332]
 [  17   79]]
acc: 0.826
f1: 0.312
[[1891   23]
 [  63   33]]
acc: 0.957
f1: 0.434
5,94,coarse : 31.76 seconds
5,94,fine : 31.77 seconds
[[1585  329]
 [  18   78]]
acc: 0.827
f1: 0.310
[[1890   24]
 [  63   33]]
acc: 0.957
f1: 0.431
5,95,coarse : 31.08 seconds
5,95,fine : 31.09 seconds
[[1580  334]
 [  19   77]]
acc: 0.824
f1: 0.304
[[1890   24]
 [  63   33]]
acc: 0.957
f1: 0.431
5,96,coarse : 31.71 seconds
5,96,fine : 31.73 seconds
[[1580  334]
 [  18   78]]
acc: 0.825
f1: 0.307
[[1889   25]
 [  63   33]]
acc: 0.956
f1: 0.429
5,97,coarse : 31.65 seconds
5,97,fine : 31.67 seconds
[[1582  332]
 [  17   79]]
acc: 0.826
f1: 0.312
[[1890   24]
 [  63   33]]
acc: 0.957
f1: 0.431
5,98,coarse : 32.74 seconds
5,98,fine : 32.76 seconds
[[1582  332]
 [  17   79]]
acc: 0.826
f1: 0.312
[[1889   25]
 [  63   33]]
acc: 0.956
f1: 0.429
5,99,coarse : 31.62 seconds
5,99,fine : 31.64 seconds
[[1583  331]
 [  18   78]]
acc: 0.826
f1: 0.309
[[1889   25]
 [  63   33]]
acc: 0.956
f1: 0.429
5,100,coarse : 34.45 seconds
5,100,fine : 34.46 seconds
[[1578  336]
 [  19   77]]
acc: 0.823
f1: 0.303
[[1889   25]
 [  63   33]]
acc: 0.956
f1: 0.429
5,101,coarse : 32.07 seconds
5,101,fine : 32.09 seconds
[[1578  336]
 [  19   77]]
acc: 0.823
f1: 0.303
[[1888   26]
 [  63   33]]
acc: 0.956
f1: 0.426
5,102,coarse : 32.73 seconds
5,102,fine : 32.75 seconds
[[1575  339]
 [  19   77]]
acc: 0.822
f1: 0.301
[[1887   27]
 [  63   33]]
acc: 0.955
f1: 0.423
5,103,coarse : 32.67 seconds
5,103,fine : 32.69 seconds
[[1573  341]
 [  18   78]]
acc: 0.821
f1: 0.303
[[1887   27]
 [  63   33]]
acc: 0.955
f1: 0.423
5,104,coarse : 28.34 seconds
5,104,fine : 28.36 seconds
[[1574  340]
 [  19   77]]
acc: 0.821
f1: 0.300
[[1886   28]
 [  63   33]]
acc: 0.955
f1: 0.420
5,105,coarse : 26.7 seconds
5,105,fine : 26.71 seconds
[[1576  338]
 [  18   78]]
acc: 0.823
f1: 0.305
[[1885   29]
 [  63   33]]
acc: 0.954
f1: 0.418
5,106,coarse : 26.83 seconds
5,106,fine : 26.85 seconds
[[1575  339]
 [  18   78]]
acc: 0.822
f1: 0.304
[[1884   30]
 [  63   33]]
acc: 0.954
f1: 0.415
5,107,coarse : 25.99 seconds
5,107,fine : 26.0 seconds
[[1576  338]
 [  18   78]]
acc: 0.823
f1: 0.305
[[1884   30]
 [  63   33]]
acc: 0.954
f1: 0.415
5,108,coarse : 26.33 seconds
5,108,fine : 26.35 seconds
[[1573  341]
 [  18   78]]
acc: 0.821
f1: 0.303
[[1884   30]
 [  63   33]]
acc: 0.954
f1: 0.415
5,109,coarse : 27.02 seconds
5,109,fine : 27.04 seconds
[[1571  343]
 [  19   77]]
acc: 0.820
f1: 0.298
[[1884   30]
 [  63   33]]
acc: 0.954
f1: 0.415
5,110,coarse : 27.1 seconds
5,110,fine : 27.12 seconds
[[1567  347]
 [  19   77]]
acc: 0.818
f1: 0.296
[[1884   30]
 [  63   33]]
acc: 0.954
f1: 0.415
5,111,coarse : 26.8 seconds
5,111,fine : 26.81 seconds
[[1574  340]
 [  18   78]]
acc: 0.822
f1: 0.304
[[1884   30]
 [  63   33]]
acc: 0.954
f1: 0.415
5,112,coarse : 26.35 seconds
5,112,fine : 26.37 seconds
[[1571  343]
 [  18   78]]
acc: 0.820
f1: 0.302
[[1884   30]
 [  63   33]]
acc: 0.954
f1: 0.415
5,113,coarse : 26.89 seconds
5,113,fine : 26.9 seconds
[[1568  346]
 [  18   78]]
acc: 0.819
f1: 0.300
[[1883   31]
 [  62   34]]
acc: 0.954
f1: 0.422
5,114,coarse : 26.65 seconds
5,114,fine : 26.67 seconds
[[1566  348]
 [  17   79]]
acc: 0.818
f1: 0.302
[[1880   34]
 [  61   35]]
acc: 0.953
f1: 0.424
5,115,coarse : 26.95 seconds
5,115,fine : 26.97 seconds
[[1566  348]
 [  19   77]]
acc: 0.817
f1: 0.296
[[1878   36]
 [  61   35]]
acc: 0.952
f1: 0.419
5,116,coarse : 27.11 seconds
5,116,fine : 27.13 seconds
[[1566  348]
 [  18   78]]
acc: 0.818
f1: 0.299
[[1877   37]
 [  61   35]]
acc: 0.951
f1: 0.417
5,117,coarse : 27.02 seconds
5,117,fine : 27.04 seconds
[[1566  348]
 [  18   78]]
acc: 0.818
f1: 0.299
[[1877   37]
 [  61   35]]
acc: 0.951
f1: 0.417
5,118,coarse : 27.82 seconds
5,118,fine : 27.84 seconds
[[1564  350]
 [  18   78]]
acc: 0.817
f1: 0.298
[[1877   37]
 [  61   35]]
acc: 0.951
f1: 0.417
5,119,coarse : 27.16 seconds
5,119,fine : 27.18 seconds
[[1559  355]
 [  18   78]]
acc: 0.814
f1: 0.295
[[1877   37]
 [  61   35]]
acc: 0.951
f1: 0.417
5,120,coarse : 27.57 seconds
5,120,fine : 27.58 seconds
[[1560  354]
 [  18   78]]
acc: 0.815
f1: 0.295
[[1877   37]
 [  61   35]]
acc: 0.951
f1: 0.417
5,121,coarse : 27.44 seconds
5,121,fine : 27.45 seconds
[[1559  355]
 [  18   78]]
acc: 0.814
f1: 0.295
[[1875   39]
 [  61   35]]
acc: 0.950
f1: 0.412
5,122,coarse : 27.79 seconds
5,122,fine : 27.81 seconds
[[1557  357]
 [  18   78]]
acc: 0.813
f1: 0.294
[[1875   39]
 [  61   35]]
acc: 0.950
f1: 0.412
5,123,coarse : 27.46 seconds
5,123,fine : 27.47 seconds
[[1557  357]
 [  18   78]]
acc: 0.813
f1: 0.294
[[1875   39]
 [  61   35]]
acc: 0.950
f1: 0.412
5,124,coarse : 27.8 seconds
5,124,fine : 27.82 seconds
[[1556  358]
 [  18   78]]
acc: 0.813
f1: 0.293
[[1875   39]
 [  61   35]]
acc: 0.950
f1: 0.412
5,125,coarse : 28.0 seconds
5,125,fine : 28.01 seconds
[[1556  358]
 [  18   78]]
acc: 0.813
f1: 0.293
[[1875   39]
 [  61   35]]
acc: 0.950
f1: 0.412
5,126,coarse : 27.87 seconds
5,126,fine : 27.88 seconds
[[1552  362]
 [  18   78]]
acc: 0.811
f1: 0.291
[[1875   39]
 [  61   35]]
acc: 0.950
f1: 0.412
5,127,coarse : 28.32 seconds
5,127,fine : 28.34 seconds
[[1555  359]
 [  18   78]]
acc: 0.812
f1: 0.293
[[1875   39]
 [  61   35]]
acc: 0.950
f1: 0.412
5,128,coarse : 28.02 seconds
5,128,fine : 28.04 seconds
[[1548  366]
 [  18   78]]
acc: 0.809
f1: 0.289
[[1875   39]
 [  61   35]]
acc: 0.950
f1: 0.412
5,129,coarse : 28.35 seconds
5,129,fine : 28.37 seconds
[[1548  366]
 [  18   78]]
acc: 0.809
f1: 0.289
[[1872   42]
 [  59   37]]
acc: 0.950
f1: 0.423
5,130,coarse : 28.11 seconds
5,130,fine : 28.13 seconds
[[1547  367]
 [  18   78]]
acc: 0.808
f1: 0.288
[[1871   43]
 [  59   37]]
acc: 0.949
f1: 0.420
5,131,coarse : 27.89 seconds
5,131,fine : 27.9 seconds
[[1550  364]
 [  18   78]]
acc: 0.810
f1: 0.290
[[1873   41]
 [  60   36]]
acc: 0.950
f1: 0.416
5,132,coarse : 27.94 seconds
5,132,fine : 27.96 seconds
[[1549  365]
 [  18   78]]
acc: 0.809
f1: 0.289
[[1873   41]
 [  59   37]]
acc: 0.950
f1: 0.425
5,133,coarse : 28.85 seconds
5,133,fine : 28.87 seconds
[[1550  364]
 [  18   78]]
acc: 0.810
f1: 0.290
[[1872   42]
 [  59   37]]
acc: 0.950
f1: 0.423
5,134,coarse : 28.25 seconds
5,134,fine : 28.27 seconds
[[1541  373]
 [  16   80]]
acc: 0.806
f1: 0.291
[[1872   42]
 [  59   37]]
acc: 0.950
f1: 0.423
5,135,coarse : 28.0 seconds
5,135,fine : 28.02 seconds
[[1542  372]
 [  16   80]]
acc: 0.807
f1: 0.292
[[1871   43]
 [  59   37]]
acc: 0.949
f1: 0.420
5,136,coarse : 28.8 seconds
5,136,fine : 28.81 seconds
[[1541  373]
 [  17   79]]
acc: 0.806
f1: 0.288
[[1870   44]
 [  59   37]]
acc: 0.949
f1: 0.418
5,137,coarse : 28.56 seconds
5,137,fine : 28.58 seconds
[[1537  377]
 [  17   79]]
acc: 0.804
f1: 0.286
[[1870   44]
 [  59   37]]
acc: 0.949
f1: 0.418
5,138,coarse : 29.2 seconds
5,138,fine : 29.22 seconds
[[1541  373]
 [  16   80]]
acc: 0.806
f1: 0.291
[[1869   45]
 [  58   38]]
acc: 0.949
f1: 0.425
5,139,coarse : 28.55 seconds
5,139,fine : 28.57 seconds
[[1541  373]
 [  16   80]]
acc: 0.806
f1: 0.291
[[1869   45]
 [  58   38]]
acc: 0.949
f1: 0.425
5,140,coarse : 29.19 seconds
5,140,fine : 29.21 seconds
[[1537  377]
 [  16   80]]
acc: 0.804
f1: 0.289
[[1868   46]
 [  58   38]]
acc: 0.948
f1: 0.422
5,141,coarse : 28.89 seconds
5,141,fine : 28.91 seconds
[[1538  376]
 [  16   80]]
acc: 0.805
f1: 0.290
[[1866   48]
 [  58   38]]
acc: 0.947
f1: 0.418
5,142,coarse : 28.82 seconds
5,142,fine : 28.83 seconds
[[1536  378]
 [  16   80]]
acc: 0.804
f1: 0.289
[[1866   48]
 [  58   38]]
acc: 0.947
f1: 0.418
5,143,coarse : 28.91 seconds
5,143,fine : 28.93 seconds
[[1541  373]
 [  15   81]]
acc: 0.807
f1: 0.295
[[1867   47]
 [  59   37]]
acc: 0.947
f1: 0.411
5,144,coarse : 28.61 seconds
5,144,fine : 28.63 seconds
[[1543  371]
 [  15   81]]
acc: 0.808
f1: 0.296
[[1867   47]
 [  59   37]]
acc: 0.947
f1: 0.411
5,145,coarse : 29.8 seconds
5,145,fine : 29.82 seconds
[[1541  373]
 [  15   81]]
acc: 0.807
f1: 0.295
[[1867   47]
 [  59   37]]
acc: 0.947
f1: 0.411
5,146,coarse : 29.05 seconds
5,146,fine : 29.07 seconds
[[1541  373]
 [  15   81]]
acc: 0.807
f1: 0.295
[[1867   47]
 [  58   38]]
acc: 0.948
f1: 0.420
5,147,coarse : 29.32 seconds
5,147,fine : 29.34 seconds
[[1540  374]
 [  15   81]]
acc: 0.806
f1: 0.294
[[1867   47]
 [  58   38]]
acc: 0.948
f1: 0.420
5,148,coarse : 29.98 seconds
5,148,fine : 30.0 seconds
[[1541  373]
 [  15   81]]
acc: 0.807
f1: 0.295
[[1866   48]
 [  57   39]]
acc: 0.948
f1: 0.426
5,149,coarse : 29.65 seconds
5,149,fine : 29.67 seconds
[[1541  373]
 [  15   81]]
acc: 0.807
f1: 0.295
[[1864   50]
 [  58   38]]
acc: 0.946
f1: 0.413
5,150,coarse : 31.14 seconds
5,150,fine : 31.15 seconds
[[1537  377]
 [  15   81]]
acc: 0.805
f1: 0.292
[[1863   51]
 [  58   38]]
acc: 0.946
f1: 0.411
5,151,coarse : 29.22 seconds
5,151,fine : 29.24 seconds
[[1535  379]
 [  15   81]]
acc: 0.804
f1: 0.291
[[1863   51]
 [  58   38]]
acc: 0.946
f1: 0.411
5,152,coarse : 29.58 seconds
5,152,fine : 29.6 seconds
[[1537  377]
 [  14   82]]
acc: 0.805
f1: 0.295
[[1863   51]
 [  58   38]]
acc: 0.946
f1: 0.411
5,153,coarse : 29.71 seconds
5,153,fine : 29.73 seconds
[[1536  378]
 [  15   81]]
acc: 0.804
f1: 0.292
[[1863   51]
 [  58   38]]
acc: 0.946
f1: 0.411
5,154,coarse : 30.11 seconds
5,154,fine : 30.13 seconds
[[1534  380]
 [  15   81]]
acc: 0.803
f1: 0.291
[[1863   51]
 [  58   38]]
acc: 0.946
f1: 0.411
5,155,coarse : 30.39 seconds
5,155,fine : 30.41 seconds
[[1533  381]
 [  15   81]]
acc: 0.803
f1: 0.290
[[1861   53]
 [  58   38]]
acc: 0.945
f1: 0.406
5,156,coarse : 30.28 seconds
5,156,fine : 30.3 seconds
[[1529  385]
 [  15   81]]
acc: 0.801
f1: 0.288
[[1861   53]
 [  56   40]]
acc: 0.946
f1: 0.423
5,157,coarse : 29.89 seconds
5,157,fine : 29.91 seconds
[[1531  383]
 [  14   82]]
acc: 0.802
f1: 0.292
[[1860   54]
 [  56   40]]
acc: 0.945
f1: 0.421
5,158,coarse : 29.44 seconds
5,158,fine : 29.46 seconds
[[1525  389]
 [  15   81]]
acc: 0.799
f1: 0.286
[[1860   54]
 [  56   40]]
acc: 0.945
f1: 0.421
5,159,coarse : 29.38 seconds
5,159,fine : 29.4 seconds
[[1520  394]
 [  15   81]]
acc: 0.797
f1: 0.284
[[1859   55]
 [  56   40]]
acc: 0.945
f1: 0.419
5,160,coarse : 30.24 seconds
5,160,fine : 30.26 seconds
[[1520  394]
 [  15   81]]
acc: 0.797
f1: 0.284
[[1859   55]
 [  56   40]]
acc: 0.945
f1: 0.419
5,161,coarse : 30.29 seconds
5,161,fine : 30.31 seconds
[[1521  393]
 [  14   82]]
acc: 0.798
f1: 0.287
[[1860   54]
 [  58   38]]
acc: 0.944
f1: 0.404
5,162,coarse : 30.29 seconds
5,162,fine : 30.31 seconds
[[1518  396]
 [  14   82]]
acc: 0.796
f1: 0.286
[[1860   54]
 [  59   37]]
acc: 0.944
f1: 0.396
5,163,coarse : 30.79 seconds
5,163,fine : 30.81 seconds
[[1521  393]
 [  15   81]]
acc: 0.797
f1: 0.284
[[1860   54]
 [  59   37]]
acc: 0.944
f1: 0.396
5,164,coarse : 30.47 seconds
5,164,fine : 30.49 seconds
[[1521  393]
 [  15   81]]
acc: 0.797
f1: 0.284
[[1860   54]
 [  58   38]]
acc: 0.944
f1: 0.404
5,165,coarse : 30.1 seconds
5,165,fine : 30.12 seconds
[[1522  392]
 [  15   81]]
acc: 0.798
f1: 0.285
[[1859   55]
 [  58   38]]
acc: 0.944
f1: 0.402
5,166,coarse : 30.46 seconds
5,166,fine : 30.48 seconds
[[1520  394]
 [  15   81]]
acc: 0.797
f1: 0.284
[[1858   56]
 [  58   38]]
acc: 0.943
f1: 0.400
5,167,coarse : 29.89 seconds
5,167,fine : 29.91 seconds
[[1520  394]
 [  15   81]]
acc: 0.797
f1: 0.284
[[1858   56]
 [  58   38]]
acc: 0.943
f1: 0.400
5,168,coarse : 30.06 seconds
5,168,fine : 30.08 seconds
[[1516  398]
 [  14   82]]
acc: 0.795
f1: 0.285
[[1858   56]
 [  58   38]]
acc: 0.943
f1: 0.400
5,169,coarse : 30.89 seconds
5,169,fine : 30.91 seconds
[[1516  398]
 [  14   82]]
acc: 0.795
f1: 0.285
[[1857   57]
 [  57   39]]
acc: 0.943
f1: 0.406
5,170,coarse : 31.07 seconds
5,170,fine : 31.09 seconds
[[1517  397]
 [  15   81]]
acc: 0.795
f1: 0.282
[[1856   58]
 [  57   39]]
acc: 0.943
f1: 0.404
5,171,coarse : 30.72 seconds
5,171,fine : 30.74 seconds
[[1507  407]
 [  16   80]]
acc: 0.790
f1: 0.274
[[1856   58]
 [  57   39]]
acc: 0.943
f1: 0.404
5,172,coarse : 31.17 seconds
5,172,fine : 31.2 seconds
