all           0      1    2    3    4    5    6    7    8    
1      2010   1914   1    19   32   19   1    11   6    7    
2      2010   1914   1    19   32   19   1    11   6    7    
3      2010   1914   1    19   32   19   1    11   5    8    
4      2010   1914   1    19   32   19   1    10   6    8    
5      2010   1914   1    18   33   19   1    10   6    8    
6      2010   1914   1    18   33   19   1    10   6    8    
7      2010   1913   2    18   33   19   1    10   6    8    
8      2010   1913   2    18   33   19   1    10   6    8    
9      2009   1913   2    18   32   19   2    10   6    7    
10     2009   1913   1    19   32   19   1    11   6    7    
Total  20098  19136  13   185  324  190  11   104  59   76   
train         0      1    2    3    4    5    6    7    8    
1      2010   1914   1    19   32   19   1    11   6    7    
2      2010   1914   1    19   32   19   1    11   6    7    
3      2010   1914   1    19   32   19   1    11   5    8    
4      2010   1914   1    19   32   19   1    10   6    8    
5      2010   1914   1    18   33   19   1    10   6    8    
6      2010   1914   1    18   33   19   1    10   6    8    
8      2010   1913   2    18   33   19   1    10   6    8    
9      2009   1913   2    18   32   19   2    10   6    7    
10     2009   1913   1    19   32   19   1    11   6    7    
Total  18088  17223  11   167  291  171  10   94   53   68   
test          0      1    2    3    4    5    6    7    8    
7      2010   1913   2    18   33   19   1    10   6    8    
Total  2010   1913   2    18   33   19   1    10   6    8    
Classes             
0         17223     
1         11        
2         167       
3         291       
4         171       
5         10        
6         94        
7         53        
8         68        
Total     18088     

Shape: 450       

[952, 10, 11, 16, 11, 10, 10, 10, 10]
Sum start => 1040
[[1349  564]
 [  19   78]]
acc: 0.710
f1: 0.211
[[1887   26]
 [  90    7]]
acc: 0.942
f1: 0.108
7,1,coarse : 27.37 seconds
7,1,fine : 27.38 seconds
[[1349  564]
 [  19   78]]
acc: 0.710
f1: 0.211
[[1887   26]
 [  90    7]]
acc: 0.942
f1: 0.108
7,2,coarse : 28.59 seconds
7,2,fine : 28.6 seconds
[[1380  533]
 [  21   76]]
acc: 0.724
f1: 0.215
[[1894   19]
 [  89    8]]
acc: 0.946
f1: 0.129
7,3,coarse : 3.3 seconds
7,3,fine : 3.3 seconds
[[1399  514]
 [  21   76]]
acc: 0.734
f1: 0.221
[[1895   18]
 [  92    5]]
acc: 0.945
f1: 0.083
7,4,coarse : 3.43 seconds
7,4,fine : 3.43 seconds
[[1425  488]
 [  21   76]]
acc: 0.747
f1: 0.230
[[1897   16]
 [  93    4]]
acc: 0.946
f1: 0.068
7,5,coarse : 3.4 seconds
7,5,fine : 3.4 seconds
[[1464  449]
 [  22   75]]
acc: 0.766
f1: 0.242
[[1898   15]
 [  93    4]]
acc: 0.946
f1: 0.069
7,6,coarse : 3.5 seconds
7,6,fine : 3.5 seconds
[[1474  439]
 [  22   75]]
acc: 0.771
f1: 0.245
[[1900   13]
 [  93    4]]
acc: 0.947
f1: 0.070
7,7,coarse : 3.73 seconds
7,7,fine : 3.74 seconds
[[1448  465]
 [  22   75]]
acc: 0.758
f1: 0.235
[[1900   13]
 [  93    4]]
acc: 0.947
f1: 0.070
7,8,coarse : 3.75 seconds
7,8,fine : 3.75 seconds
[[1457  456]
 [  21   76]]
acc: 0.763
f1: 0.242
[[1900   13]
 [  93    4]]
acc: 0.947
f1: 0.070
7,9,coarse : 3.89 seconds
7,9,fine : 3.9 seconds
[[1439  474]
 [  20   77]]
acc: 0.754
f1: 0.238
[[1899   14]
 [  93    4]]
acc: 0.947
f1: 0.070
7,10,coarse : 3.99 seconds
7,10,fine : 4.0 seconds
[[1457  456]
 [  21   76]]
acc: 0.763
f1: 0.242
[[1898   15]
 [  93    4]]
acc: 0.946
f1: 0.069
7,11,coarse : 4.09 seconds
7,11,fine : 4.1 seconds
[[1454  459]
 [  21   76]]
acc: 0.761
f1: 0.241
[[1897   16]
 [  92    5]]
acc: 0.946
f1: 0.085
7,12,coarse : 4.33 seconds
7,12,fine : 4.34 seconds
[[1458  455]
 [  19   78]]
acc: 0.764
f1: 0.248
[[1897   16]
 [  91    6]]
acc: 0.947
f1: 0.101
7,13,coarse : 4.46 seconds
7,13,fine : 4.46 seconds
[[1460  453]
 [  21   76]]
acc: 0.764
f1: 0.243
[[1897   16]
 [  91    6]]
acc: 0.947
f1: 0.101
7,14,coarse : 4.58 seconds
7,14,fine : 4.59 seconds
[[1449  464]
 [  21   76]]
acc: 0.759
f1: 0.239
[[1898   15]
 [  91    6]]
acc: 0.947
f1: 0.102
7,15,coarse : 4.86 seconds
7,15,fine : 4.87 seconds
[[1465  448]
 [  21   76]]
acc: 0.767
f1: 0.245
[[1895   18]
 [  91    6]]
acc: 0.946
f1: 0.099
7,16,coarse : 4.95 seconds
7,16,fine : 4.95 seconds
[[1449  464]
 [  19   78]]
acc: 0.760
f1: 0.244
[[1895   18]
 [  90    7]]
acc: 0.946
f1: 0.115
7,17,coarse : 5.05 seconds
7,17,fine : 5.06 seconds
[[1461  452]
 [  19   78]]
acc: 0.766
f1: 0.249
[[1894   19]
 [  88    9]]
acc: 0.947
f1: 0.144
7,18,coarse : 5.18 seconds
7,18,fine : 5.19 seconds
[[1461  452]
 [  19   78]]
acc: 0.766
f1: 0.249
[[1895   18]
 [  89    8]]
acc: 0.947
f1: 0.130
7,19,coarse : 5.33 seconds
7,19,fine : 5.34 seconds
[[1456  457]
 [  18   79]]
acc: 0.764
f1: 0.250
[[1895   18]
 [  89    8]]
acc: 0.947
f1: 0.130
7,20,coarse : 5.47 seconds
7,20,fine : 5.47 seconds
[[1457  456]
 [  16   81]]
acc: 0.765
f1: 0.256
[[1898   15]
 [  88    9]]
acc: 0.949
f1: 0.149
7,21,coarse : 5.6 seconds
7,21,fine : 5.61 seconds
[[1458  455]
 [  16   81]]
acc: 0.766
f1: 0.256
[[1894   19]
 [  88    9]]
acc: 0.947
f1: 0.144
7,22,coarse : 5.69 seconds
7,22,fine : 5.7 seconds
[[1436  477]
 [  17   80]]
acc: 0.754
f1: 0.245
[[1893   20]
 [  89    8]]
acc: 0.946
f1: 0.128
7,23,coarse : 5.81 seconds
7,23,fine : 5.81 seconds
[[1448  465]
 [  16   81]]
acc: 0.761
f1: 0.252
[[1891   22]
 [  88    9]]
acc: 0.945
f1: 0.141
7,24,coarse : 5.97 seconds
7,24,fine : 5.97 seconds
[[1455  458]
 [  17   80]]
acc: 0.764
f1: 0.252
[[1895   18]
 [  87   10]]
acc: 0.948
f1: 0.160
7,25,coarse : 5.99 seconds
7,25,fine : 5.99 seconds
[[1444  469]
 [  16   81]]
acc: 0.759
f1: 0.250
[[1894   19]
 [  83   14]]
acc: 0.949
f1: 0.215
7,26,coarse : 6.13 seconds
7,26,fine : 6.13 seconds
[[1449  464]
 [  16   81]]
acc: 0.761
f1: 0.252
[[1889   24]
 [  83   14]]
acc: 0.947
f1: 0.207
7,27,coarse : 6.26 seconds
7,27,fine : 6.27 seconds
[[1456  457]
 [  17   80]]
acc: 0.764
f1: 0.252
[[1887   26]
 [  81   16]]
acc: 0.947
f1: 0.230
7,28,coarse : 6.33 seconds
7,28,fine : 6.33 seconds
[[1460  453]
 [  18   79]]
acc: 0.766
f1: 0.251
[[1890   23]
 [  81   16]]
acc: 0.948
f1: 0.235
7,29,coarse : 6.42 seconds
7,29,fine : 6.43 seconds
[[1467  446]
 [  21   76]]
acc: 0.768
f1: 0.246
[[1888   25]
 [  81   16]]
acc: 0.947
f1: 0.232
7,30,coarse : 6.57 seconds
7,30,fine : 6.57 seconds
[[1477  436]
 [  21   76]]
acc: 0.773
f1: 0.250
[[1891   22]
 [  80   17]]
acc: 0.949
f1: 0.250
7,31,coarse : 6.71 seconds
7,31,fine : 6.71 seconds
[[1483  430]
 [  21   76]]
acc: 0.776
f1: 0.252
[[1891   22]
 [  80   17]]
acc: 0.949
f1: 0.250
7,32,coarse : 7.06 seconds
7,32,fine : 7.07 seconds
[[1490  423]
 [  20   77]]
acc: 0.780
f1: 0.258
[[1891   22]
 [  80   17]]
acc: 0.949
f1: 0.250
7,33,coarse : 7.2 seconds
7,33,fine : 7.2 seconds
[[1505  408]
 [  20   77]]
acc: 0.787
f1: 0.265
[[1892   21]
 [  80   17]]
acc: 0.950
f1: 0.252
7,34,coarse : 7.13 seconds
7,34,fine : 7.13 seconds
[[1498  415]
 [  21   76]]
acc: 0.783
f1: 0.259
[[1891   22]
 [  79   18]]
acc: 0.950
f1: 0.263
7,35,coarse : 7.42 seconds
7,35,fine : 7.42 seconds
[[1487  426]
 [  19   78]]
acc: 0.779
f1: 0.260
[[1890   23]
 [  78   19]]
acc: 0.950
f1: 0.273
7,36,coarse : 7.47 seconds
7,36,fine : 7.48 seconds
[[1494  419]
 [  21   76]]
acc: 0.781
f1: 0.257
[[1886   27]
 [  77   20]]
acc: 0.948
f1: 0.278
7,37,coarse : 7.66 seconds
7,37,fine : 7.66 seconds
[[1498  415]
 [  20   77]]
acc: 0.784
f1: 0.261
[[1887   26]
 [  77   20]]
acc: 0.949
f1: 0.280
7,38,coarse : 7.89 seconds
7,38,fine : 7.9 seconds
[[1496  417]
 [  21   76]]
acc: 0.782
f1: 0.258
[[1886   27]
 [  75   22]]
acc: 0.949
f1: 0.301
7,39,coarse : 7.92 seconds
7,39,fine : 7.93 seconds
[[1498  415]
 [  21   76]]
acc: 0.783
f1: 0.259
[[1885   28]
 [  76   21]]
acc: 0.948
f1: 0.288
7,40,coarse : 8.03 seconds
7,40,fine : 8.04 seconds
[[1488  425]
 [  21   76]]
acc: 0.778
f1: 0.254
[[1883   30]
 [  74   23]]
acc: 0.948
f1: 0.307
7,41,coarse : 8.16 seconds
7,41,fine : 8.17 seconds
[[1490  423]
 [  22   75]]
acc: 0.779
f1: 0.252
[[1882   31]
 [  74   23]]
acc: 0.948
f1: 0.305
7,42,coarse : 8.33 seconds
7,42,fine : 8.34 seconds
[[1491  422]
 [  22   75]]
acc: 0.779
f1: 0.253
[[1879   34]
 [  71   26]]
acc: 0.948
f1: 0.331
7,43,coarse : 8.39 seconds
7,43,fine : 8.4 seconds
[[1489  424]
 [  22   75]]
acc: 0.778
f1: 0.252
[[1879   34]
 [  72   25]]
acc: 0.947
f1: 0.321
7,44,coarse : 8.57 seconds
7,44,fine : 8.58 seconds
[[1494  419]
 [  22   75]]
acc: 0.781
f1: 0.254
[[1882   31]
 [  72   25]]
acc: 0.949
f1: 0.327
7,45,coarse : 8.77 seconds
7,45,fine : 8.78 seconds
[[1496  417]
 [  22   75]]
acc: 0.782
f1: 0.255
[[1884   29]
 [  72   25]]
acc: 0.950
f1: 0.331
7,46,coarse : 8.87 seconds
7,46,fine : 8.88 seconds
[[1499  414]
 [  22   75]]
acc: 0.783
f1: 0.256
[[1882   31]
 [  72   25]]
acc: 0.949
f1: 0.327
7,47,coarse : 8.95 seconds
7,47,fine : 8.95 seconds
[[1493  420]
 [  21   76]]
acc: 0.781
f1: 0.256
[[1884   29]
 [  72   25]]
acc: 0.950
f1: 0.331
7,48,coarse : 9.29 seconds
7,48,fine : 9.3 seconds
[[1496  417]
 [  21   76]]
acc: 0.782
f1: 0.258
[[1880   33]
 [  73   24]]
acc: 0.947
f1: 0.312
7,49,coarse : 9.26 seconds
7,49,fine : 9.27 seconds
[[1503  410]
 [  22   75]]
acc: 0.785
f1: 0.258
[[1879   34]
 [  72   25]]
acc: 0.947
f1: 0.321
7,50,coarse : 11.12 seconds
7,50,fine : 11.12 seconds
[[1503  410]
 [  22   75]]
acc: 0.785
f1: 0.258
[[1879   34]
 [  73   24]]
acc: 0.947
f1: 0.310
7,51,coarse : 9.53 seconds
7,51,fine : 9.54 seconds
[[1505  408]
 [  23   74]]
acc: 0.786
f1: 0.256
[[1877   36]
 [  71   26]]
acc: 0.947
f1: 0.327
7,52,coarse : 9.78 seconds
7,52,fine : 9.79 seconds
[[1506  407]
 [  23   74]]
acc: 0.786
f1: 0.256
[[1876   37]
 [  73   24]]
acc: 0.945
f1: 0.304
7,53,coarse : 9.85 seconds
7,53,fine : 9.86 seconds
[[1506  407]
 [  23   74]]
acc: 0.786
f1: 0.256
[[1880   33]
 [  72   25]]
acc: 0.948
f1: 0.323
7,54,coarse : 10.2 seconds
7,54,fine : 10.21 seconds
[[1508  405]
 [  23   74]]
acc: 0.787
f1: 0.257
[[1879   34]
 [  69   28]]
acc: 0.949
f1: 0.352
7,55,coarse : 10.3 seconds
7,55,fine : 10.31 seconds
[[1510  403]
 [  23   74]]
acc: 0.788
f1: 0.258
[[1879   34]
 [  68   29]]
acc: 0.949
f1: 0.362
7,56,coarse : 10.51 seconds
7,56,fine : 10.52 seconds
[[1506  407]
 [  23   74]]
acc: 0.786
f1: 0.256
[[1879   34]
 [  68   29]]
acc: 0.949
f1: 0.362
7,57,coarse : 10.36 seconds
7,57,fine : 10.37 seconds
[[1509  404]
 [  23   74]]
acc: 0.788
f1: 0.257
[[1876   37]
 [  68   29]]
acc: 0.948
f1: 0.356
7,58,coarse : 10.75 seconds
7,58,fine : 10.76 seconds
[[1507  406]
 [  23   74]]
acc: 0.787
f1: 0.256
[[1876   37]
 [  66   31]]
acc: 0.949
f1: 0.376
7,59,coarse : 10.8 seconds
7,59,fine : 10.81 seconds
[[1502  411]
 [  23   74]]
acc: 0.784
f1: 0.254
[[1877   36]
 [  66   31]]
acc: 0.949
f1: 0.378
7,60,coarse : 10.95 seconds
7,60,fine : 10.96 seconds
[[1505  408]
 [  23   74]]
acc: 0.786
f1: 0.256
[[1879   34]
 [  68   29]]
acc: 0.949
f1: 0.362
7,61,coarse : 11.01 seconds
7,61,fine : 11.02 seconds
[[1507  406]
 [  24   73]]
acc: 0.786
f1: 0.253
[[1877   36]
 [  67   30]]
acc: 0.949
f1: 0.368
7,62,coarse : 11.21 seconds
7,62,fine : 11.22 seconds
[[1509  404]
 [  24   73]]
acc: 0.787
f1: 0.254
[[1874   39]
 [  66   31]]
acc: 0.948
f1: 0.371
7,63,coarse : 11.27 seconds
7,63,fine : 11.28 seconds
[[1510  403]
 [  23   74]]
acc: 0.788
f1: 0.258
[[1877   36]
 [  67   30]]
acc: 0.949
f1: 0.368
7,64,coarse : 11.72 seconds
7,64,fine : 11.73 seconds
[[1506  407]
 [  23   74]]
acc: 0.786
f1: 0.256
[[1873   40]
 [  66   31]]
acc: 0.947
f1: 0.369
7,65,coarse : 11.65 seconds
7,65,fine : 11.66 seconds
[[1516  397]
 [  23   74]]
acc: 0.791
f1: 0.261
[[1874   39]
 [  66   31]]
acc: 0.948
f1: 0.371
7,66,coarse : 12.06 seconds
7,66,fine : 12.07 seconds
[[1510  403]
 [  23   74]]
acc: 0.788
f1: 0.258
[[1875   38]
 [  66   31]]
acc: 0.948
f1: 0.373
7,67,coarse : 11.8 seconds
7,67,fine : 11.81 seconds
[[1513  400]
 [  23   74]]
acc: 0.790
f1: 0.259
[[1877   36]
 [  66   31]]
acc: 0.949
f1: 0.378
7,68,coarse : 12.02 seconds
7,68,fine : 12.03 seconds
[[1514  399]
 [  23   74]]
acc: 0.790
f1: 0.260
[[1875   38]
 [  65   32]]
acc: 0.949
f1: 0.383
7,69,coarse : 12.34 seconds
7,69,fine : 12.35 seconds
[[1517  396]
 [  23   74]]
acc: 0.792
f1: 0.261
[[1874   39]
 [  65   32]]
acc: 0.948
f1: 0.381
7,70,coarse : 12.38 seconds
7,70,fine : 12.39 seconds
[[1505  408]
 [  24   73]]
acc: 0.785
f1: 0.253
[[1875   38]
 [  65   32]]
acc: 0.949
f1: 0.383
7,71,coarse : 12.61 seconds
7,71,fine : 12.62 seconds
[[1511  402]
 [  23   74]]
acc: 0.789
f1: 0.258
[[1877   36]
 [  63   34]]
acc: 0.951
f1: 0.407
7,72,coarse : 12.71 seconds
7,72,fine : 12.73 seconds
[[1513  400]
 [  24   73]]
acc: 0.789
f1: 0.256
[[1874   39]
 [  63   34]]
acc: 0.949
f1: 0.400
7,73,coarse : 12.82 seconds
7,73,fine : 12.83 seconds
[[1513  400]
 [  24   73]]
acc: 0.789
f1: 0.256
[[1875   38]
 [  63   34]]
acc: 0.950
f1: 0.402
7,74,coarse : 12.89 seconds
7,74,fine : 12.9 seconds
[[1513  400]
 [  24   73]]
acc: 0.789
f1: 0.256
[[1875   38]
 [  63   34]]
acc: 0.950
f1: 0.402
7,75,coarse : 12.99 seconds
7,75,fine : 13.0 seconds
[[1512  401]
 [  24   73]]
acc: 0.789
f1: 0.256
[[1875   38]
 [  62   35]]
acc: 0.950
f1: 0.412
7,76,coarse : 12.99 seconds
7,76,fine : 13.0 seconds
[[1512  401]
 [  23   74]]
acc: 0.789
f1: 0.259
[[1874   39]
 [  62   35]]
acc: 0.950
f1: 0.409
7,77,coarse : 13.04 seconds
7,77,fine : 13.06 seconds
[[1515  398]
 [  24   73]]
acc: 0.790
f1: 0.257
[[1873   40]
 [  62   35]]
acc: 0.949
f1: 0.407
7,78,coarse : 12.89 seconds
7,78,fine : 12.9 seconds
[[1512  401]
 [  24   73]]
acc: 0.789
f1: 0.256
[[1874   39]
 [  64   33]]
acc: 0.949
f1: 0.391
7,79,coarse : 13.29 seconds
7,79,fine : 13.3 seconds
[[1520  393]
 [  23   74]]
acc: 0.793
f1: 0.262
[[1874   39]
 [  64   33]]
acc: 0.949
f1: 0.391
7,80,coarse : 13.38 seconds
7,80,fine : 13.39 seconds
[[1518  395]
 [  23   74]]
acc: 0.792
f1: 0.261
[[1873   40]
 [  62   35]]
acc: 0.949
f1: 0.407
7,81,coarse : 13.06 seconds
7,81,fine : 13.07 seconds
[[1519  394]
 [  23   74]]
acc: 0.793
f1: 0.262
[[1873   40]
 [  62   35]]
acc: 0.949
f1: 0.407
7,82,coarse : 13.7 seconds
7,82,fine : 13.71 seconds
[[1521  392]
 [  22   75]]
acc: 0.794
f1: 0.266
[[1875   38]
 [  62   35]]
acc: 0.950
f1: 0.412
7,83,coarse : 13.58 seconds
7,83,fine : 13.59 seconds
[[1518  395]
 [  22   75]]
acc: 0.793
f1: 0.265
[[1871   42]
 [  61   36]]
acc: 0.949
f1: 0.411
7,84,coarse : 13.95 seconds
7,84,fine : 13.96 seconds
[[1525  388]
 [  22   75]]
acc: 0.796
f1: 0.268
[[1872   41]
 [  62   35]]
acc: 0.949
f1: 0.405
7,85,coarse : 14.21 seconds
7,85,fine : 14.23 seconds
[[1526  387]
 [  22   75]]
acc: 0.797
f1: 0.268
[[1873   40]
 [  63   34]]
acc: 0.949
f1: 0.398
7,86,coarse : 14.56 seconds
7,86,fine : 14.58 seconds
[[1529  384]
 [  23   74]]
acc: 0.798
f1: 0.267
[[1874   39]
 [  63   34]]
acc: 0.949
f1: 0.400
7,87,coarse : 14.92 seconds
7,87,fine : 14.93 seconds
[[1529  384]
 [  22   75]]
acc: 0.798
f1: 0.270
[[1871   42]
 [  63   34]]
acc: 0.948
f1: 0.393
7,88,coarse : 15.19 seconds
7,88,fine : 15.2 seconds
[[1528  385]
 [  22   75]]
acc: 0.798
f1: 0.269
[[1872   41]
 [  61   36]]
acc: 0.949
f1: 0.414
7,89,coarse : 15.23 seconds
7,89,fine : 15.24 seconds
[[1525  388]
 [  22   75]]
acc: 0.796
f1: 0.268
[[1872   41]
 [  63   34]]
acc: 0.948
f1: 0.395
7,90,coarse : 15.18 seconds
7,90,fine : 15.19 seconds
[[1516  397]
 [  22   75]]
acc: 0.792
f1: 0.264
[[1871   42]
 [  64   33]]
acc: 0.947
f1: 0.384
7,91,coarse : 15.64 seconds
7,91,fine : 15.65 seconds
[[1515  398]
 [  22   75]]
acc: 0.791
f1: 0.263
[[1870   43]
 [  63   34]]
acc: 0.947
f1: 0.391
7,92,coarse : 15.87 seconds
7,92,fine : 15.88 seconds
[[1515  398]
 [  22   75]]
acc: 0.791
f1: 0.263
[[1870   43]
 [  61   36]]
acc: 0.948
f1: 0.409
7,93,coarse : 16.07 seconds
7,93,fine : 16.09 seconds
[[1516  397]
 [  22   75]]
acc: 0.792
f1: 0.264
[[1876   37]
 [  61   36]]
acc: 0.951
f1: 0.424
7,94,coarse : 15.86 seconds
7,94,fine : 15.88 seconds
[[1519  394]
 [  21   76]]
acc: 0.794
f1: 0.268
[[1875   38]
 [  58   39]]
acc: 0.952
f1: 0.448
7,95,coarse : 16.04 seconds
7,95,fine : 16.06 seconds
[[1516  397]
 [  21   76]]
acc: 0.792
f1: 0.267
[[1871   42]
 [  60   37]]
acc: 0.949
f1: 0.420
7,96,coarse : 16.34 seconds
7,96,fine : 16.35 seconds
[[1518  395]
 [  22   75]]
acc: 0.793
f1: 0.265
[[1870   43]
 [  62   35]]
acc: 0.948
f1: 0.400
7,97,coarse : 16.42 seconds
7,97,fine : 16.44 seconds
[[1518  395]
 [  21   76]]
acc: 0.793
f1: 0.268
[[1870   43]
 [  62   35]]
acc: 0.948
f1: 0.400
7,98,coarse : 16.65 seconds
7,98,fine : 16.67 seconds
[[1521  392]
 [  21   76]]
acc: 0.795
f1: 0.269
[[1870   43]
 [  62   35]]
acc: 0.948
f1: 0.400
7,99,coarse : 17.04 seconds
7,99,fine : 17.06 seconds
[[1523  390]
 [  21   76]]
acc: 0.796
f1: 0.270
[[1870   43]
 [  59   38]]
acc: 0.949
f1: 0.427
7,100,coarse : 18.59 seconds
7,100,fine : 18.6 seconds
[[1522  391]
 [  21   76]]
acc: 0.795
f1: 0.270
[[1871   42]
 [  57   40]]
acc: 0.951
f1: 0.447
7,101,coarse : 17.42 seconds
7,101,fine : 17.43 seconds
[[1519  394]
 [  21   76]]
acc: 0.794
f1: 0.268
[[1871   42]
 [  56   41]]
acc: 0.951
f1: 0.456
7,102,coarse : 18.17 seconds
7,102,fine : 18.18 seconds
[[1518  395]
 [  21   76]]
acc: 0.793
f1: 0.268
[[1871   42]
 [  55   42]]
acc: 0.952
f1: 0.464
7,103,coarse : 18.07 seconds
7,103,fine : 18.08 seconds
[[1524  389]
 [  21   76]]
acc: 0.796
f1: 0.270
[[1871   42]
 [  56   41]]
acc: 0.951
f1: 0.456
7,104,coarse : 18.17 seconds
7,104,fine : 18.19 seconds
[[1523  390]
 [  21   76]]
acc: 0.796
f1: 0.270
[[1876   37]
 [  57   40]]
acc: 0.953
f1: 0.460
7,105,coarse : 18.54 seconds
7,105,fine : 18.56 seconds
[[1527  386]
 [  21   76]]
acc: 0.798
f1: 0.272
[[1875   38]
 [  57   40]]
acc: 0.953
f1: 0.457
7,106,coarse : 18.72 seconds
7,106,fine : 18.73 seconds
[[1526  387]
 [  21   76]]
acc: 0.797
f1: 0.271
[[1870   43]
 [  58   39]]
acc: 0.950
f1: 0.436
7,107,coarse : 18.7 seconds
7,107,fine : 18.71 seconds
[[1526  387]
 [  21   76]]
acc: 0.797
f1: 0.271
[[1870   43]
 [  59   38]]
acc: 0.949
f1: 0.427
7,108,coarse : 18.75 seconds
7,108,fine : 18.77 seconds
[[1529  384]
 [  21   76]]
acc: 0.799
f1: 0.273
[[1869   44]
 [  54   43]]
acc: 0.951
f1: 0.467
7,109,coarse : 19.21 seconds
7,109,fine : 19.22 seconds
[[1527  386]
 [  21   76]]
acc: 0.798
f1: 0.272
[[1869   44]
 [  54   43]]
acc: 0.951
f1: 0.467
7,110,coarse : 19.12 seconds
7,110,fine : 19.14 seconds
[[1523  390]
 [  21   76]]
acc: 0.796
f1: 0.270
[[1869   44]
 [  54   43]]
acc: 0.951
f1: 0.467
7,111,coarse : 19.66 seconds
7,111,fine : 19.67 seconds
[[1522  391]
 [  21   76]]
acc: 0.795
f1: 0.270
[[1873   40]
 [  56   41]]
acc: 0.952
f1: 0.461
7,112,coarse : 19.02 seconds
7,112,fine : 19.04 seconds
[[1527  386]
 [  21   76]]
acc: 0.798
f1: 0.272
[[1868   45]
 [  56   41]]
acc: 0.950
f1: 0.448
7,113,coarse : 19.19 seconds
7,113,fine : 19.2 seconds
[[1528  385]
 [  21   76]]
acc: 0.798
f1: 0.272
[[1868   45]
 [  56   41]]
acc: 0.950
f1: 0.448
7,114,coarse : 19.37 seconds
7,114,fine : 19.39 seconds
[[1529  384]
 [  21   76]]
acc: 0.799
f1: 0.273
[[1869   44]
 [  56   41]]
acc: 0.950
f1: 0.451
7,115,coarse : 19.52 seconds
7,115,fine : 19.54 seconds
[[1526  387]
 [  21   76]]
acc: 0.797
f1: 0.271
[[1868   45]
 [  55   42]]
acc: 0.950
f1: 0.457
7,116,coarse : 19.81 seconds
7,116,fine : 19.82 seconds
[[1534  379]
 [  21   76]]
acc: 0.801
f1: 0.275
[[1865   48]
 [  55   42]]
acc: 0.949
f1: 0.449
7,117,coarse : 20.01 seconds
7,117,fine : 20.03 seconds
[[1533  380]
 [  21   76]]
acc: 0.800
f1: 0.275
[[1864   49]
 [  56   41]]
acc: 0.948
f1: 0.439
7,118,coarse : 19.96 seconds
7,118,fine : 19.98 seconds
[[1534  379]
 [  21   76]]
acc: 0.801
f1: 0.275
[[1867   46]
 [  55   42]]
acc: 0.950
f1: 0.454
7,119,coarse : 20.81 seconds
7,119,fine : 20.82 seconds
[[1539  374]
 [  21   76]]
acc: 0.803
f1: 0.278
[[1867   46]
 [  55   42]]
acc: 0.950
f1: 0.454
7,120,coarse : 20.73 seconds
7,120,fine : 20.75 seconds
[[1535  378]
 [  21   76]]
acc: 0.801
f1: 0.276
[[1868   45]
 [  55   42]]
acc: 0.950
f1: 0.457
7,121,coarse : 20.27 seconds
7,121,fine : 20.29 seconds
[[1539  374]
 [  22   75]]
acc: 0.803
f1: 0.275
[[1868   45]
 [  56   41]]
acc: 0.950
f1: 0.448
7,122,coarse : 20.89 seconds
7,122,fine : 20.91 seconds
[[1533  380]
 [  22   75]]
acc: 0.800
f1: 0.272
[[1869   44]
 [  54   43]]
acc: 0.951
f1: 0.467
7,123,coarse : 20.97 seconds
7,123,fine : 20.99 seconds
[[1537  376]
 [  22   75]]
acc: 0.802
f1: 0.274
[[1867   46]
 [  54   43]]
acc: 0.950
f1: 0.462
7,124,coarse : 21.37 seconds
7,124,fine : 21.39 seconds
[[1538  375]
 [  22   75]]
acc: 0.802
f1: 0.274
[[1867   46]
 [  54   43]]
acc: 0.950
f1: 0.462
7,125,coarse : 20.74 seconds
7,125,fine : 20.76 seconds
[[1539  374]
 [  22   75]]
acc: 0.803
f1: 0.275
[[1866   47]
 [  53   44]]
acc: 0.950
f1: 0.468
7,126,coarse : 21.28 seconds
7,126,fine : 21.3 seconds
[[1539  374]
 [  22   75]]
acc: 0.803
f1: 0.275
[[1867   46]
 [  54   43]]
acc: 0.950
f1: 0.462
7,127,coarse : 22.06 seconds
7,127,fine : 22.08 seconds
[[1539  374]
 [  22   75]]
acc: 0.803
f1: 0.275
[[1867   46]
 [  54   43]]
acc: 0.950
f1: 0.462
7,128,coarse : 21.76 seconds
7,128,fine : 21.78 seconds
[[1543  370]
 [  22   75]]
acc: 0.805
f1: 0.277
[[1868   45]
 [  54   43]]
acc: 0.951
f1: 0.465
7,129,coarse : 22.49 seconds
7,129,fine : 22.5 seconds
[[1541  372]
 [  22   75]]
acc: 0.804
f1: 0.276
[[1869   44]
 [  54   43]]
acc: 0.951
f1: 0.467
7,130,coarse : 22.21 seconds
7,130,fine : 22.23 seconds
[[1545  368]
 [  22   75]]
acc: 0.806
f1: 0.278
[[1868   45]
 [  55   42]]
acc: 0.950
f1: 0.457
7,131,coarse : 22.29 seconds
7,131,fine : 22.31 seconds
[[1541  372]
 [  21   76]]
acc: 0.804
f1: 0.279
[[1869   44]
 [  56   41]]
acc: 0.950
f1: 0.451
7,132,coarse : 23.15 seconds
7,132,fine : 23.17 seconds
[[1538  375]
 [  22   75]]
acc: 0.802
f1: 0.274
[[1868   45]
 [  55   42]]
acc: 0.950
f1: 0.457
7,133,coarse : 23.69 seconds
7,133,fine : 23.7 seconds
[[1539  374]
 [  21   76]]
acc: 0.803
f1: 0.278
[[1866   47]
 [  53   44]]
acc: 0.950
f1: 0.468
7,134,coarse : 23.76 seconds
7,134,fine : 23.79 seconds
[[1540  373]
 [  22   75]]
acc: 0.803
f1: 0.275
[[1867   46]
 [  54   43]]
acc: 0.950
f1: 0.462
7,135,coarse : 23.56 seconds
7,135,fine : 23.58 seconds
[[1542  371]
 [  22   75]]
acc: 0.804
f1: 0.276
[[1867   46]
 [  54   43]]
acc: 0.950
f1: 0.462
7,136,coarse : 23.65 seconds
7,136,fine : 23.67 seconds
[[1540  373]
 [  22   75]]
acc: 0.803
f1: 0.275
[[1867   46]
 [  53   44]]
acc: 0.951
f1: 0.471
7,137,coarse : 23.95 seconds
7,137,fine : 23.97 seconds
[[1540  373]
 [  22   75]]
acc: 0.803
f1: 0.275
[[1870   43]
 [  53   44]]
acc: 0.952
f1: 0.478
7,138,coarse : 24.11 seconds
7,138,fine : 24.13 seconds
[[1540  373]
 [  22   75]]
acc: 0.803
f1: 0.275
[[1871   42]
 [  53   44]]
acc: 0.953
f1: 0.481
7,139,coarse : 24.21 seconds
7,139,fine : 24.23 seconds
[[1542  371]
 [  22   75]]
acc: 0.804
f1: 0.276
[[1869   44]
 [  55   42]]
acc: 0.951
f1: 0.459
7,140,coarse : 24.07 seconds
7,140,fine : 24.09 seconds
[[1544  369]
 [  22   75]]
acc: 0.805
f1: 0.277
[[1867   46]
 [  55   42]]
acc: 0.950
f1: 0.454
7,141,coarse : 24.68 seconds
7,141,fine : 24.7 seconds
[[1546  367]
 [  22   75]]
acc: 0.806
f1: 0.278
[[1870   43]
 [  52   45]]
acc: 0.953
f1: 0.486
7,142,coarse : 25.31 seconds
7,142,fine : 25.33 seconds
[[1549  364]
 [  22   75]]
acc: 0.808
f1: 0.280
[[1870   43]
 [  54   43]]
acc: 0.952
f1: 0.470
7,143,coarse : 25.34 seconds
7,143,fine : 25.36 seconds
[[1548  365]
 [  20   77]]
acc: 0.808
f1: 0.286
[[1869   44]
 [  53   44]]
acc: 0.952
f1: 0.476
7,144,coarse : 24.98 seconds
7,144,fine : 25.0 seconds
[[1545  368]
 [  21   76]]
acc: 0.806
f1: 0.281
[[1869   44]
 [  52   45]]
acc: 0.952
f1: 0.484
7,145,coarse : 25.02 seconds
7,145,fine : 25.04 seconds
[[1543  370]
 [  20   77]]
acc: 0.806
f1: 0.283
[[1871   42]
 [  55   42]]
acc: 0.952
f1: 0.464
7,146,coarse : 25.55 seconds
7,146,fine : 25.57 seconds
[[1541  372]
 [  20   77]]
acc: 0.805
f1: 0.282
[[1872   41]
 [  55   42]]
acc: 0.952
f1: 0.467
7,147,coarse : 25.82 seconds
7,147,fine : 25.84 seconds
[[1542  371]
 [  20   77]]
acc: 0.805
f1: 0.283
[[1870   43]
 [  56   41]]
acc: 0.951
f1: 0.453
7,148,coarse : 25.91 seconds
7,148,fine : 25.93 seconds
[[1540  373]
 [  21   76]]
acc: 0.804
f1: 0.278
[[1871   42]
 [  55   42]]
acc: 0.952
f1: 0.464
7,149,coarse : 26.38 seconds
7,149,fine : 26.4 seconds
[[1541  372]
 [  21   76]]
acc: 0.804
f1: 0.279
[[1868   45]
 [  54   43]]
acc: 0.951
f1: 0.465
7,150,coarse : 28.25 seconds
7,150,fine : 28.27 seconds
[[1537  376]
 [  21   76]]
acc: 0.802
f1: 0.277
[[1868   45]
 [  53   44]]
acc: 0.951
f1: 0.473
7,151,coarse : 26.26 seconds
7,151,fine : 26.28 seconds
[[1528  385]
 [  20   77]]
acc: 0.799
f1: 0.275
[[1866   47]
 [  53   44]]
acc: 0.950
f1: 0.468
7,152,coarse : 26.58 seconds
7,152,fine : 26.6 seconds
[[1529  384]
 [  20   77]]
acc: 0.799
f1: 0.276
[[1866   47]
 [  52   45]]
acc: 0.951
f1: 0.476
7,153,coarse : 26.51 seconds
7,153,fine : 26.53 seconds
[[1535  378]
 [  19   78]]
acc: 0.802
f1: 0.282
[[1866   47]
 [  53   44]]
acc: 0.950
f1: 0.468
7,154,coarse : 27.01 seconds
7,154,fine : 27.03 seconds
[[1534  379]
 [  19   78]]
acc: 0.802
f1: 0.282
[[1868   45]
 [  53   44]]
acc: 0.951
f1: 0.473
7,155,coarse : 27.5 seconds
7,155,fine : 27.52 seconds
[[1536  377]
 [  19   78]]
acc: 0.803
f1: 0.283
[[1866   47]
 [  53   44]]
acc: 0.950
f1: 0.468
7,156,coarse : 27.67 seconds
7,156,fine : 27.69 seconds
[[1538  375]
 [  19   78]]
acc: 0.804
f1: 0.284
[[1868   45]
 [  53   44]]
acc: 0.951
f1: 0.473
7,157,coarse : 27.98 seconds
7,157,fine : 28.0 seconds
[[1537  376]
 [  19   78]]
acc: 0.803
f1: 0.283
[[1868   45]
 [  53   44]]
acc: 0.951
f1: 0.473
7,158,coarse : 27.95 seconds
7,158,fine : 27.97 seconds
[[1543  370]
 [  19   78]]
acc: 0.806
f1: 0.286
[[1867   46]
 [  54   43]]
acc: 0.950
f1: 0.462
7,159,coarse : 27.62 seconds
7,159,fine : 27.64 seconds
[[1542  371]
 [  19   78]]
acc: 0.806
f1: 0.286
[[1865   48]
 [  52   45]]
acc: 0.950
f1: 0.474
7,160,coarse : 27.9 seconds
7,160,fine : 27.92 seconds
[[1541  372]
 [  19   78]]
acc: 0.805
f1: 0.285
[[1867   46]
 [  54   43]]
acc: 0.950
f1: 0.462
7,161,coarse : 27.98 seconds
7,161,fine : 28.0 seconds
[[1545  368]
 [  19   78]]
acc: 0.807
f1: 0.287
[[1867   46]
 [  54   43]]
acc: 0.950
f1: 0.462
7,162,coarse : 28.98 seconds
7,162,fine : 29.0 seconds
[[1543  370]
 [  19   78]]
acc: 0.806
f1: 0.286
[[1865   48]
 [  54   43]]
acc: 0.949
f1: 0.457
7,163,coarse : 28.95 seconds
7,163,fine : 28.97 seconds
[[1540  373]
 [  20   77]]
acc: 0.804
f1: 0.282
[[1864   49]
 [  56   41]]
acc: 0.948
f1: 0.439
7,164,coarse : 28.77 seconds
7,164,fine : 28.79 seconds
[[1539  374]
 [  20   77]]
acc: 0.804
f1: 0.281
[[1864   49]
 [  56   41]]
acc: 0.948
f1: 0.439
7,165,coarse : 29.85 seconds
7,165,fine : 29.87 seconds
[[1538  375]
 [  20   77]]
acc: 0.803
f1: 0.281
[[1866   47]
 [  56   41]]
acc: 0.949
f1: 0.443
7,166,coarse : 29.32 seconds
7,166,fine : 29.34 seconds
[[1539  374]
 [  20   77]]
acc: 0.804
f1: 0.281
[[1865   48]
 [  56   41]]
acc: 0.948
f1: 0.441
7,167,coarse : 28.51 seconds
7,167,fine : 28.53 seconds
[[1540  373]
 [  20   77]]
acc: 0.804
f1: 0.282
[[1864   49]
 [  55   42]]
acc: 0.948
f1: 0.447
7,168,coarse : 29.05 seconds
7,168,fine : 29.07 seconds
[[1537  376]
 [  20   77]]
acc: 0.803
f1: 0.280
[[1866   47]
 [  55   42]]
acc: 0.949
f1: 0.452
7,169,coarse : 29.89 seconds
7,169,fine : 29.92 seconds
[[1539  374]
 [  20   77]]
acc: 0.804
f1: 0.281
[[1867   46]
 [  55   42]]
acc: 0.950
f1: 0.454
7,170,coarse : 30.11 seconds
7,170,fine : 30.14 seconds
[[1538  375]
 [  20   77]]
acc: 0.803
f1: 0.281
[[1866   47]
 [  55   42]]
acc: 0.949
f1: 0.452
7,171,coarse : 30.51 seconds
7,171,fine : 30.54 seconds
[[1538  375]
 [  20   77]]
acc: 0.803
f1: 0.281
[[1861   52]
 [  55   42]]
acc: 0.947
f1: 0.440
7,172,coarse : 29.34 seconds
7,172,fine : 29.36 seconds
