all           0      1    2    3    4    5    6    7    8    
1      2010   1914   1    19   32   19   1    11   6    7    
2      2010   1914   1    19   32   19   1    11   6    7    
3      2010   1914   1    19   32   19   1    11   5    8    
4      2010   1914   1    19   32   19   1    10   6    8    
5      2010   1914   1    18   33   19   1    10   6    8    
6      2010   1914   1    18   33   19   1    10   6    8    
7      2010   1913   2    18   33   19   1    10   6    8    
8      2010   1913   2    18   33   19   1    10   6    8    
9      2009   1913   2    18   32   19   2    10   6    7    
10     2009   1913   1    19   32   19   1    11   6    7    
Total  20098  19136  13   185  324  190  11   104  59   76   
train         0      1    2    3    4    5    6    7    8    
1      2010   1914   1    19   32   19   1    11   6    7    
2      2010   1914   1    19   32   19   1    11   6    7    
3      2010   1914   1    19   32   19   1    11   5    8    
4      2010   1914   1    19   32   19   1    10   6    8    
5      2010   1914   1    18   33   19   1    10   6    8    
6      2010   1914   1    18   33   19   1    10   6    8    
7      2010   1913   2    18   33   19   1    10   6    8    
8      2010   1913   2    18   33   19   1    10   6    8    
9      2009   1913   2    18   32   19   2    10   6    7    
Total  18089  17223  12   166  292  171  10   93   53   69   
test          0      1    2    3    4    5    6    7    8    
10     2009   1913   1    19   32   19   1    11   6    7    
Total  2009   1913   1    19   32   19   1    11   6    7    
Classes             
0         17223     
1         12        
2         166       
3         292       
4         171       
5         10        
6         93        
7         53        
8         69        
Total     18089     

Shape: 450       

[952, 10, 11, 16, 11, 10, 10, 10, 10]
Sum start => 1040
[[1345  568]
 [  17   79]]
acc: 0.709
f1: 0.213
[[1884   29]
 [  84   12]]
acc: 0.944
f1: 0.175
10,1,coarse : 27.29 seconds
10,1,fine : 27.29 seconds
[[1345  568]
 [  17   79]]
acc: 0.709
f1: 0.213
[[1884   29]
 [  84   12]]
acc: 0.944
f1: 0.175
10,2,coarse : 28.51 seconds
10,2,fine : 28.52 seconds
[[1365  548]
 [  17   79]]
acc: 0.719
f1: 0.219
[[1904    9]
 [  89    7]]
acc: 0.951
f1: 0.125
10,3,coarse : 27.23 seconds
10,3,fine : 27.24 seconds
[[1411  502]
 [  18   78]]
acc: 0.741
f1: 0.231
[[1905    8]
 [  88    8]]
acc: 0.952
f1: 0.143
10,4,coarse : 27.57 seconds
10,4,fine : 27.57 seconds
[[1416  497]
 [  17   79]]
acc: 0.744
f1: 0.235
[[1908    5]
 [  90    6]]
acc: 0.953
f1: 0.112
10,5,coarse : 28.06 seconds
10,5,fine : 28.07 seconds
[[1429  484]
 [  16   80]]
acc: 0.751
f1: 0.242
[[1909    4]
 [  88    8]]
acc: 0.954
f1: 0.148
10,6,coarse : 27.73 seconds
10,6,fine : 27.73 seconds
[[1447  466]
 [  16   80]]
acc: 0.760
f1: 0.249
[[1908    5]
 [  90    6]]
acc: 0.953
f1: 0.112
10,7,coarse : 27.93 seconds
10,7,fine : 27.93 seconds
[[1471  442]
 [  20   76]]
acc: 0.770
f1: 0.248
[[1909    4]
 [  87    9]]
acc: 0.955
f1: 0.165
10,8,coarse : 28.26 seconds
10,8,fine : 28.26 seconds
[[1473  440]
 [  22   74]]
acc: 0.770
f1: 0.243
[[1908    5]
 [  87    9]]
acc: 0.954
f1: 0.164
10,9,coarse : 27.88 seconds
10,9,fine : 27.88 seconds
[[1469  444]
 [  19   77]]
acc: 0.770
f1: 0.250
[[1907    6]
 [  87    9]]
acc: 0.954
f1: 0.162
10,10,coarse : 27.69 seconds
10,10,fine : 27.69 seconds
[[1468  445]
 [  16   80]]
acc: 0.771
f1: 0.258
[[1911    2]
 [  87    9]]
acc: 0.956
f1: 0.168
10,11,coarse : 28.14 seconds
10,11,fine : 28.14 seconds
[[1483  430]
 [  16   80]]
acc: 0.778
f1: 0.264
[[1909    4]
 [  87    9]]
acc: 0.955
f1: 0.165
10,12,coarse : 28.0 seconds
10,12,fine : 28.0 seconds
[[1490  423]
 [  17   79]]
acc: 0.781
f1: 0.264
[[1909    4]
 [  86   10]]
acc: 0.955
f1: 0.182
10,13,coarse : 27.64 seconds
10,13,fine : 27.65 seconds
[[1494  419]
 [  16   80]]
acc: 0.783
f1: 0.269
[[1910    3]
 [  85   11]]
acc: 0.956
f1: 0.200
10,14,coarse : 28.2 seconds
10,14,fine : 28.2 seconds
[[1495  418]
 [  18   78]]
acc: 0.783
f1: 0.264
[[1909    4]
 [  86   10]]
acc: 0.955
f1: 0.182
10,15,coarse : 27.73 seconds
10,15,fine : 27.73 seconds
[[1502  411]
 [  18   78]]
acc: 0.786
f1: 0.267
[[1909    4]
 [  87    9]]
acc: 0.955
f1: 0.165
10,16,coarse : 27.83 seconds
10,16,fine : 27.83 seconds
[[1500  413]
 [  17   79]]
acc: 0.786
f1: 0.269
[[1909    4]
 [  86   10]]
acc: 0.955
f1: 0.182
10,17,coarse : 28.03 seconds
10,17,fine : 28.04 seconds
[[1511  402]
 [  16   80]]
acc: 0.792
f1: 0.277
[[1909    4]
 [  83   13]]
acc: 0.957
f1: 0.230
10,18,coarse : 27.71 seconds
10,18,fine : 27.72 seconds
[[1505  408]
 [  16   80]]
acc: 0.789
f1: 0.274
[[1909    4]
 [  84   12]]
acc: 0.956
f1: 0.214
10,19,coarse : 27.68 seconds
10,19,fine : 27.68 seconds
[[1510  403]
 [  16   80]]
acc: 0.791
f1: 0.276
[[1908    5]
 [  84   12]]
acc: 0.956
f1: 0.212
10,20,coarse : 28.13 seconds
10,20,fine : 28.14 seconds
[[1512  401]
 [  16   80]]
acc: 0.792
f1: 0.277
[[1908    5]
 [  83   13]]
acc: 0.956
f1: 0.228
10,21,coarse : 27.91 seconds
10,21,fine : 27.92 seconds
[[1520  393]
 [  15   81]]
acc: 0.797
f1: 0.284
[[1908    5]
 [  82   14]]
acc: 0.957
f1: 0.243
10,22,coarse : 27.71 seconds
10,22,fine : 27.72 seconds
[[1518  395]
 [  16   80]]
acc: 0.795
f1: 0.280
[[1908    5]
 [  81   15]]
acc: 0.957
f1: 0.259
10,23,coarse : 28.17 seconds
10,23,fine : 28.17 seconds
[[1522  391]
 [  15   81]]
acc: 0.798
f1: 0.285
[[1908    5]
 [  81   15]]
acc: 0.957
f1: 0.259
10,24,coarse : 27.75 seconds
10,24,fine : 27.76 seconds
[[1513  400]
 [  16   80]]
acc: 0.793
f1: 0.278
[[1908    5]
 [  81   15]]
acc: 0.957
f1: 0.259
10,25,coarse : 27.84 seconds
10,25,fine : 27.84 seconds
[[1520  393]
 [  16   80]]
acc: 0.796
f1: 0.281
[[1908    5]
 [  80   16]]
acc: 0.958
f1: 0.274
10,26,coarse : 28.19 seconds
10,26,fine : 28.19 seconds
[[1522  391]
 [  16   80]]
acc: 0.797
f1: 0.282
[[1906    7]
 [  80   16]]
acc: 0.957
f1: 0.269
10,27,coarse : 27.9 seconds
10,27,fine : 27.9 seconds
[[1529  384]
 [  16   80]]
acc: 0.801
f1: 0.286
[[1907    6]
 [  80   16]]
acc: 0.957
f1: 0.271
10,28,coarse : 27.88 seconds
10,28,fine : 27.88 seconds
[[1524  389]
 [  15   81]]
acc: 0.799
f1: 0.286
[[1906    7]
 [  80   16]]
acc: 0.957
f1: 0.269
10,29,coarse : 27.83 seconds
10,29,fine : 27.83 seconds
[[1531  382]
 [  15   81]]
acc: 0.802
f1: 0.290
[[1906    7]
 [  80   16]]
acc: 0.957
f1: 0.269
10,30,coarse : 28.3 seconds
10,30,fine : 28.31 seconds
[[1530  383]
 [  15   81]]
acc: 0.802
f1: 0.289
[[1906    7]
 [  80   16]]
acc: 0.957
f1: 0.269
10,31,coarse : 27.54 seconds
10,31,fine : 27.54 seconds
[[1520  393]
 [  16   80]]
acc: 0.796
f1: 0.281
[[1905    8]
 [  80   16]]
acc: 0.956
f1: 0.267
10,32,coarse : 27.58 seconds
10,32,fine : 27.59 seconds
[[1524  389]
 [  16   80]]
acc: 0.798
f1: 0.283
[[1905    8]
 [  80   16]]
acc: 0.956
f1: 0.267
10,33,coarse : 28.23 seconds
10,33,fine : 28.24 seconds
[[1524  389]
 [  16   80]]
acc: 0.798
f1: 0.283
[[1905    8]
 [  78   18]]
acc: 0.957
f1: 0.295
10,34,coarse : 27.86 seconds
10,34,fine : 27.87 seconds
[[1525  388]
 [  16   80]]
acc: 0.799
f1: 0.284
[[1905    8]
 [  78   18]]
acc: 0.957
f1: 0.295
10,35,coarse : 27.56 seconds
10,35,fine : 27.56 seconds
[[1528  385]
 [  16   80]]
acc: 0.800
f1: 0.285
[[1905    8]
 [  77   19]]
acc: 0.958
f1: 0.309
10,36,coarse : 28.03 seconds
10,36,fine : 28.03 seconds
[[1528  385]
 [  16   80]]
acc: 0.800
f1: 0.285
[[1905    8]
 [  76   20]]
acc: 0.958
f1: 0.323
10,37,coarse : 27.65 seconds
10,37,fine : 27.65 seconds
[[1528  385]
 [  16   80]]
acc: 0.800
f1: 0.285
[[1905    8]
 [  76   20]]
acc: 0.958
f1: 0.323
10,38,coarse : 27.64 seconds
10,38,fine : 27.65 seconds
[[1534  379]
 [  16   80]]
acc: 0.803
f1: 0.288
[[1904    9]
 [  76   20]]
acc: 0.958
f1: 0.320
10,39,coarse : 27.73 seconds
10,39,fine : 27.74 seconds
[[1532  381]
 [  16   80]]
acc: 0.802
f1: 0.287
[[1904    9]
 [  76   20]]
acc: 0.958
f1: 0.320
10,40,coarse : 28.1 seconds
10,40,fine : 28.1 seconds
[[1531  382]
 [  16   80]]
acc: 0.802
f1: 0.287
[[1903   10]
 [  76   20]]
acc: 0.957
f1: 0.317
10,41,coarse : 27.82 seconds
10,41,fine : 27.83 seconds
[[1527  386]
 [  16   80]]
acc: 0.800
f1: 0.285
[[1903   10]
 [  75   21]]
acc: 0.958
f1: 0.331
10,42,coarse : 27.54 seconds
10,42,fine : 27.55 seconds
[[1526  387]
 [  16   80]]
acc: 0.799
f1: 0.284
[[1903   10]
 [  75   21]]
acc: 0.958
f1: 0.331
10,43,coarse : 28.01 seconds
10,43,fine : 28.02 seconds
[[1526  387]
 [  16   80]]
acc: 0.799
f1: 0.284
[[1903   10]
 [  77   19]]
acc: 0.957
f1: 0.304
10,44,coarse : 27.85 seconds
10,44,fine : 27.86 seconds
[[1526  387]
 [  15   81]]
acc: 0.800
f1: 0.287
[[1904    9]
 [  74   22]]
acc: 0.959
f1: 0.346
10,45,coarse : 27.76 seconds
10,45,fine : 27.77 seconds
[[1529  384]
 [  15   81]]
acc: 0.801
f1: 0.289
[[1902   11]
 [  73   23]]
acc: 0.958
f1: 0.354
10,46,coarse : 27.88 seconds
10,46,fine : 27.89 seconds
[[1530  383]
 [  16   80]]
acc: 0.801
f1: 0.286
[[1902   11]
 [  73   23]]
acc: 0.958
f1: 0.354
10,47,coarse : 28.2 seconds
10,47,fine : 28.21 seconds
[[1529  384]
 [  15   81]]
acc: 0.801
f1: 0.289
[[1902   11]
 [  74   22]]
acc: 0.958
f1: 0.341
10,48,coarse : 27.57 seconds
10,48,fine : 27.58 seconds
[[1536  377]
 [  16   80]]
acc: 0.804
f1: 0.289
[[1902   11]
 [  74   22]]
acc: 0.958
f1: 0.341
10,49,coarse : 27.95 seconds
10,49,fine : 27.96 seconds
[[1540  373]
 [  16   80]]
acc: 0.806
f1: 0.291
[[1902   11]
 [  74   22]]
acc: 0.958
f1: 0.341
10,50,coarse : 30.24 seconds
10,50,fine : 30.25 seconds
[[1541  372]
 [  16   80]]
acc: 0.807
f1: 0.292
[[1902   11]
 [  74   22]]
acc: 0.958
f1: 0.341
10,51,coarse : 27.86 seconds
10,51,fine : 27.87 seconds
[[1533  380]
 [  16   80]]
acc: 0.803
f1: 0.288
[[1902   11]
 [  73   23]]
acc: 0.958
f1: 0.354
10,52,coarse : 27.81 seconds
10,52,fine : 27.83 seconds
[[1534  379]
 [  16   80]]
acc: 0.803
f1: 0.288
[[1899   14]
 [  73   23]]
acc: 0.957
f1: 0.346
10,53,coarse : 28.31 seconds
10,53,fine : 28.32 seconds
[[1531  382]
 [  16   80]]
acc: 0.802
f1: 0.287
[[1897   16]
 [  73   23]]
acc: 0.956
f1: 0.341
10,54,coarse : 27.72 seconds
10,54,fine : 27.73 seconds
[[1526  387]
 [  16   80]]
acc: 0.799
f1: 0.284
[[1898   15]
 [  73   23]]
acc: 0.956
f1: 0.343
10,55,coarse : 27.71 seconds
10,55,fine : 27.72 seconds
[[1533  380]
 [  16   80]]
acc: 0.803
f1: 0.288
[[1897   16]
 [  73   23]]
acc: 0.956
f1: 0.341
10,56,coarse : 27.79 seconds
10,56,fine : 27.8 seconds
[[1533  380]
 [  16   80]]
acc: 0.803
f1: 0.288
[[1896   17]
 [  73   23]]
acc: 0.955
f1: 0.338
10,57,coarse : 28.22 seconds
10,57,fine : 28.23 seconds
[[1540  373]
 [  16   80]]
acc: 0.806
f1: 0.291
[[1896   17]
 [  73   23]]
acc: 0.955
f1: 0.338
10,58,coarse : 27.65 seconds
10,58,fine : 27.66 seconds
[[1539  374]
 [  16   80]]
acc: 0.806
f1: 0.291
[[1894   19]
 [  72   24]]
acc: 0.955
f1: 0.345
10,59,coarse : 27.78 seconds
10,59,fine : 27.79 seconds
[[1538  375]
 [  16   80]]
acc: 0.805
f1: 0.290
[[1894   19]
 [  72   24]]
acc: 0.955
f1: 0.345
10,60,coarse : 27.88 seconds
10,60,fine : 27.89 seconds
[[1547  366]
 [  16   80]]
acc: 0.810
f1: 0.295
[[1895   18]
 [  72   24]]
acc: 0.955
f1: 0.348
10,61,coarse : 27.77 seconds
10,61,fine : 27.78 seconds
[[1541  372]
 [  16   80]]
acc: 0.807
f1: 0.292
[[1895   18]
 [  71   25]]
acc: 0.956
f1: 0.360
10,62,coarse : 28.07 seconds
10,62,fine : 28.09 seconds
[[1536  377]
 [  16   80]]
acc: 0.804
f1: 0.289
[[1894   19]
 [  71   25]]
acc: 0.955
f1: 0.357
10,63,coarse : 27.81 seconds
10,63,fine : 27.82 seconds
[[1537  376]
 [  16   80]]
acc: 0.805
f1: 0.290
[[1894   19]
 [  71   25]]
acc: 0.955
f1: 0.357
10,64,coarse : 27.78 seconds
10,64,fine : 27.79 seconds
[[1543  370]
 [  16   80]]
acc: 0.808
f1: 0.293
[[1896   17]
 [  71   25]]
acc: 0.956
f1: 0.362
10,65,coarse : 27.62 seconds
10,65,fine : 27.63 seconds
[[1547  366]
 [  16   80]]
acc: 0.810
f1: 0.295
[[1895   18]
 [  70   26]]
acc: 0.956
f1: 0.371
10,66,coarse : 28.28 seconds
10,66,fine : 28.3 seconds
[[1541  372]
 [  16   80]]
acc: 0.807
f1: 0.292
[[1896   17]
 [  69   27]]
acc: 0.957
f1: 0.386
10,67,coarse : 28.16 seconds
10,67,fine : 28.17 seconds
[[1548  365]
 [  16   80]]
acc: 0.810
f1: 0.296
[[1895   18]
 [  69   27]]
acc: 0.957
f1: 0.383
10,68,coarse : 27.94 seconds
10,68,fine : 27.95 seconds
[[1543  370]
 [  16   80]]
acc: 0.808
f1: 0.293
[[1894   19]
 [  69   27]]
acc: 0.956
f1: 0.380
10,69,coarse : 28.17 seconds
10,69,fine : 28.18 seconds
[[1548  365]
 [  17   79]]
acc: 0.810
f1: 0.293
[[1894   19]
 [  71   25]]
acc: 0.955
f1: 0.357
10,70,coarse : 27.64 seconds
10,70,fine : 27.65 seconds
[[1537  376]
 [  16   80]]
acc: 0.805
f1: 0.290
[[1894   19]
 [  70   26]]
acc: 0.956
f1: 0.369
10,71,coarse : 28.16 seconds
10,71,fine : 28.17 seconds
[[1536  377]
 [  17   79]]
acc: 0.804
f1: 0.286
[[1894   19]
 [  67   29]]
acc: 0.957
f1: 0.403
10,72,coarse : 27.68 seconds
10,72,fine : 27.69 seconds
[[1533  380]
 [  16   80]]
acc: 0.803
f1: 0.288
[[1894   19]
 [  67   29]]
acc: 0.957
f1: 0.403
10,73,coarse : 27.57 seconds
10,73,fine : 27.58 seconds
[[1535  378]
 [  16   80]]
acc: 0.804
f1: 0.289
[[1893   20]
 [  67   29]]
acc: 0.957
f1: 0.400
10,74,coarse : 27.7 seconds
10,74,fine : 27.71 seconds
[[1536  377]
 [  16   80]]
acc: 0.804
f1: 0.289
[[1893   20]
 [  66   30]]
acc: 0.957
f1: 0.411
10,75,coarse : 28.06 seconds
10,75,fine : 28.07 seconds
[[1538  375]
 [  16   80]]
acc: 0.805
f1: 0.290
[[1893   20]
 [  64   32]]
acc: 0.958
f1: 0.432
10,76,coarse : 27.15 seconds
10,76,fine : 27.16 seconds
[[1538  375]
 [  17   79]]
acc: 0.805
f1: 0.287
[[1893   20]
 [  64   32]]
acc: 0.958
f1: 0.432
10,77,coarse : 27.63 seconds
10,77,fine : 27.64 seconds
[[1541  372]
 [  17   79]]
acc: 0.806
f1: 0.289
[[1893   20]
 [  64   32]]
acc: 0.958
f1: 0.432
10,78,coarse : 27.71 seconds
10,78,fine : 27.72 seconds
[[1539  374]
 [  17   79]]
acc: 0.805
f1: 0.288
[[1892   21]
 [  64   32]]
acc: 0.958
f1: 0.430
10,79,coarse : 27.61 seconds
10,79,fine : 27.64 seconds
[[1539  374]
 [  16   80]]
acc: 0.806
f1: 0.291
[[1892   21]
 [  64   32]]
acc: 0.958
f1: 0.430
10,80,coarse : 28.41 seconds
10,80,fine : 28.42 seconds
[[1543  370]
 [  16   80]]
acc: 0.808
f1: 0.293
[[1891   22]
 [  64   32]]
acc: 0.957
f1: 0.427
10,81,coarse : 27.2 seconds
10,81,fine : 27.21 seconds
[[1542  371]
 [  16   80]]
acc: 0.807
f1: 0.293
[[1891   22]
 [  64   32]]
acc: 0.957
f1: 0.427
10,82,coarse : 27.48 seconds
10,82,fine : 27.49 seconds
[[1546  367]
 [  16   80]]
acc: 0.809
f1: 0.295
[[1890   23]
 [  64   32]]
acc: 0.957
f1: 0.424
10,83,coarse : 27.98 seconds
10,83,fine : 27.99 seconds
[[1543  370]
 [  16   80]]
acc: 0.808
f1: 0.293
[[1889   24]
 [  64   32]]
acc: 0.956
f1: 0.421
10,84,coarse : 27.24 seconds
10,84,fine : 27.26 seconds
[[1544  369]
 [  16   80]]
acc: 0.808
f1: 0.294
[[1888   25]
 [  64   32]]
acc: 0.956
f1: 0.418
10,85,coarse : 28.22 seconds
10,85,fine : 28.23 seconds
[[1537  376]
 [  16   80]]
acc: 0.805
f1: 0.290
[[1888   25]
 [  64   32]]
acc: 0.956
f1: 0.418
10,86,coarse : 28.41 seconds
10,86,fine : 28.42 seconds
[[1535  378]
 [  16   80]]
acc: 0.804
f1: 0.289
[[1886   27]
 [  63   33]]
acc: 0.955
f1: 0.423
10,87,coarse : 27.8 seconds
10,87,fine : 27.82 seconds
[[1536  377]
 [  16   80]]
acc: 0.804
f1: 0.289
[[1886   27]
 [  63   33]]
acc: 0.955
f1: 0.423
10,88,coarse : 28.24 seconds
10,88,fine : 28.26 seconds
[[1535  378]
 [  16   80]]
acc: 0.804
f1: 0.289
[[1886   27]
 [  63   33]]
acc: 0.955
f1: 0.423
10,89,coarse : 28.25 seconds
10,89,fine : 28.26 seconds
[[1538  375]
 [  16   80]]
acc: 0.805
f1: 0.290
[[1887   26]
 [  63   33]]
acc: 0.956
f1: 0.426
10,90,coarse : 28.34 seconds
10,90,fine : 28.35 seconds
[[1535  378]
 [  16   80]]
acc: 0.804
f1: 0.289
[[1886   27]
 [  63   33]]
acc: 0.955
f1: 0.423
10,91,coarse : 28.1 seconds
10,91,fine : 28.12 seconds
[[1537  376]
 [  16   80]]
acc: 0.805
f1: 0.290
[[1886   27]
 [  62   34]]
acc: 0.956
f1: 0.433
10,92,coarse : 28.39 seconds
10,92,fine : 28.4 seconds
[[1539  374]
 [  16   80]]
acc: 0.806
f1: 0.291
[[1886   27]
 [  62   34]]
acc: 0.956
f1: 0.433
10,93,coarse : 27.73 seconds
10,93,fine : 27.75 seconds
[[1537  376]
 [  17   79]]
acc: 0.804
f1: 0.287
[[1886   27]
 [  62   34]]
acc: 0.956
f1: 0.433
10,94,coarse : 27.69 seconds
10,94,fine : 27.71 seconds
[[1537  376]
 [  17   79]]
acc: 0.804
f1: 0.287
[[1886   27]
 [  62   34]]
acc: 0.956
f1: 0.433
10,95,coarse : 27.63 seconds
10,95,fine : 27.65 seconds
[[1536  377]
 [  17   79]]
acc: 0.804
f1: 0.286
[[1886   27]
 [  62   34]]
acc: 0.956
f1: 0.433
10,96,coarse : 27.91 seconds
10,96,fine : 27.92 seconds
[[1537  376]
 [  17   79]]
acc: 0.804
f1: 0.287
[[1884   29]
 [  62   34]]
acc: 0.955
f1: 0.428
10,97,coarse : 27.74 seconds
10,97,fine : 27.76 seconds
[[1541  372]
 [  18   78]]
acc: 0.806
f1: 0.286
[[1883   30]
 [  62   34]]
acc: 0.954
f1: 0.425
10,98,coarse : 28.13 seconds
10,98,fine : 28.15 seconds
[[1541  372]
 [  18   78]]
acc: 0.806
f1: 0.286
[[1883   30]
 [  61   35]]
acc: 0.955
f1: 0.435
10,99,coarse : 25.62 seconds
10,99,fine : 25.65 seconds
[[1540  373]
 [  18   78]]
acc: 0.805
f1: 0.285
[[1883   30]
 [  61   35]]
acc: 0.955
f1: 0.435
10,100,coarse : 27.48 seconds
10,100,fine : 27.49 seconds
[[1541  372]
 [  18   78]]
acc: 0.806
f1: 0.286
[[1883   30]
 [  61   35]]
acc: 0.955
f1: 0.435
10,101,coarse : 25.35 seconds
10,101,fine : 25.36 seconds
[[1539  374]
 [  18   78]]
acc: 0.805
f1: 0.285
[[1883   30]
 [  61   35]]
acc: 0.955
f1: 0.435
10,102,coarse : 25.94 seconds
10,102,fine : 25.95 seconds
[[1540  373]
 [  18   78]]
acc: 0.805
f1: 0.285
[[1884   29]
 [  61   35]]
acc: 0.955
f1: 0.438
10,103,coarse : 25.36 seconds
10,103,fine : 25.38 seconds
[[1534  379]
 [  18   78]]
acc: 0.802
f1: 0.282
[[1883   30]
 [  61   35]]
acc: 0.955
f1: 0.435
10,104,coarse : 25.56 seconds
10,104,fine : 25.58 seconds
[[1537  376]
 [  18   78]]
acc: 0.804
f1: 0.284
[[1882   31]
 [  61   35]]
acc: 0.954
f1: 0.432
10,105,coarse : 25.4 seconds
10,105,fine : 25.42 seconds
[[1536  377]
 [  18   78]]
acc: 0.803
f1: 0.283
[[1879   34]
 [  61   35]]
acc: 0.953
f1: 0.424
10,106,coarse : 25.47 seconds
10,106,fine : 25.48 seconds
[[1536  377]
 [  18   78]]
acc: 0.803
f1: 0.283
[[1879   34]
 [  61   35]]
acc: 0.953
f1: 0.424
10,107,coarse : 25.94 seconds
10,107,fine : 25.96 seconds
[[1538  375]
 [  18   78]]
acc: 0.804
f1: 0.284
[[1878   35]
 [  61   35]]
acc: 0.952
f1: 0.422
10,108,coarse : 25.69 seconds
10,108,fine : 25.71 seconds
[[1540  373]
 [  18   78]]
acc: 0.805
f1: 0.285
[[1878   35]
 [  61   35]]
acc: 0.952
f1: 0.422
10,109,coarse : 25.85 seconds
10,109,fine : 25.87 seconds
[[1540  373]
 [  18   78]]
acc: 0.805
f1: 0.285
[[1878   35]
 [  61   35]]
acc: 0.952
f1: 0.422
10,110,coarse : 26.14 seconds
10,110,fine : 26.15 seconds
[[1538  375]
 [  18   78]]
acc: 0.804
f1: 0.284
[[1877   36]
 [  61   35]]
acc: 0.952
f1: 0.419
10,111,coarse : 25.83 seconds
10,111,fine : 25.85 seconds
[[1534  379]
 [  18   78]]
acc: 0.802
f1: 0.282
[[1877   36]
 [  61   35]]
acc: 0.952
f1: 0.419
10,112,coarse : 25.75 seconds
10,112,fine : 25.77 seconds
[[1534  379]
 [  18   78]]
acc: 0.802
f1: 0.282
[[1879   34]
 [  61   35]]
acc: 0.953
f1: 0.424
10,113,coarse : 25.81 seconds
10,113,fine : 25.82 seconds
[[1534  379]
 [  17   79]]
acc: 0.803
f1: 0.285
[[1879   34]
 [  61   35]]
acc: 0.953
f1: 0.424
10,114,coarse : 25.88 seconds
10,114,fine : 25.9 seconds
[[1533  380]
 [  16   80]]
acc: 0.803
f1: 0.288
[[1879   34]
 [  61   35]]
acc: 0.953
f1: 0.424
10,115,coarse : 26.06 seconds
10,115,fine : 26.07 seconds
[[1527  386]
 [  16   80]]
acc: 0.800
f1: 0.285
[[1879   34]
 [  60   36]]
acc: 0.953
f1: 0.434
10,116,coarse : 26.12 seconds
10,116,fine : 26.14 seconds
[[1531  382]
 [  16   80]]
acc: 0.802
f1: 0.287
[[1879   34]
 [  60   36]]
acc: 0.953
f1: 0.434
10,117,coarse : 25.89 seconds
10,117,fine : 25.91 seconds
[[1531  382]
 [  16   80]]
acc: 0.802
f1: 0.287
[[1877   36]
 [  59   37]]
acc: 0.953
f1: 0.438
10,118,coarse : 26.24 seconds
10,118,fine : 26.26 seconds
[[1531  382]
 [  16   80]]
acc: 0.802
f1: 0.287
[[1878   35]
 [  59   37]]
acc: 0.953
f1: 0.440
10,119,coarse : 25.68 seconds
10,119,fine : 25.69 seconds
[[1530  383]
 [  16   80]]
acc: 0.801
f1: 0.286
[[1877   36]
 [  58   38]]
acc: 0.953
f1: 0.447
10,120,coarse : 25.83 seconds
10,120,fine : 25.85 seconds
[[1528  385]
 [  16   80]]
acc: 0.800
f1: 0.285
[[1876   37]
 [  58   38]]
acc: 0.953
f1: 0.444
10,121,coarse : 25.81 seconds
10,121,fine : 25.82 seconds
[[1531  382]
 [  16   80]]
acc: 0.802
f1: 0.287
[[1875   38]
 [  58   38]]
acc: 0.952
f1: 0.442
10,122,coarse : 26.2 seconds
10,122,fine : 26.21 seconds
[[1529  384]
 [  16   80]]
acc: 0.801
f1: 0.286
[[1875   38]
 [  58   38]]
acc: 0.952
f1: 0.442
10,123,coarse : 26.56 seconds
10,123,fine : 26.58 seconds
[[1530  383]
 [  16   80]]
acc: 0.801
f1: 0.286
[[1874   39]
 [  59   37]]
acc: 0.951
f1: 0.430
10,124,coarse : 26.28 seconds
10,124,fine : 26.29 seconds
[[1528  385]
 [  16   80]]
acc: 0.800
f1: 0.285
[[1873   40]
 [  59   37]]
acc: 0.951
f1: 0.428
10,125,coarse : 26.35 seconds
10,125,fine : 26.36 seconds
[[1531  382]
 [  16   80]]
acc: 0.802
f1: 0.287
[[1873   40]
 [  59   37]]
acc: 0.951
f1: 0.428
10,126,coarse : 26.11 seconds
10,126,fine : 26.13 seconds
[[1530  383]
 [  16   80]]
acc: 0.801
f1: 0.286
[[1873   40]
 [  59   37]]
acc: 0.951
f1: 0.428
10,127,coarse : 26.2 seconds
10,127,fine : 26.22 seconds
[[1527  386]
 [  16   80]]
acc: 0.800
f1: 0.285
[[1873   40]
 [  59   37]]
acc: 0.951
f1: 0.428
10,128,coarse : 26.94 seconds
10,128,fine : 26.96 seconds
[[1525  388]
 [  16   80]]
acc: 0.799
f1: 0.284
[[1873   40]
 [  59   37]]
acc: 0.951
f1: 0.428
10,129,coarse : 27.35 seconds
10,129,fine : 27.37 seconds
[[1523  390]
 [  16   80]]
acc: 0.798
f1: 0.283
[[1873   40]
 [  58   38]]
acc: 0.951
f1: 0.437
10,130,coarse : 26.78 seconds
10,130,fine : 26.8 seconds
[[1526  387]
 [  16   80]]
acc: 0.799
f1: 0.284
[[1874   39]
 [  58   38]]
acc: 0.952
f1: 0.439
10,131,coarse : 26.62 seconds
10,131,fine : 26.63 seconds
[[1526  387]
 [  16   80]]
acc: 0.799
f1: 0.284
[[1873   40]
 [  58   38]]
acc: 0.951
f1: 0.437
10,132,coarse : 26.66 seconds
10,132,fine : 26.68 seconds
[[1524  389]
 [  16   80]]
acc: 0.798
f1: 0.283
[[1873   40]
 [  58   38]]
acc: 0.951
f1: 0.437
10,133,coarse : 26.99 seconds
10,133,fine : 27.01 seconds
[[1524  389]
 [  16   80]]
acc: 0.798
f1: 0.283
[[1873   40]
 [  58   38]]
acc: 0.951
f1: 0.437
10,134,coarse : 27.27 seconds
10,134,fine : 27.29 seconds
[[1517  396]
 [  16   80]]
acc: 0.795
f1: 0.280
[[1873   40]
 [  57   39]]
acc: 0.952
f1: 0.446
10,135,coarse : 26.77 seconds
10,135,fine : 26.79 seconds
[[1517  396]
 [  16   80]]
acc: 0.795
f1: 0.280
[[1872   41]
 [  56   40]]
acc: 0.952
f1: 0.452
10,136,coarse : 27.49 seconds
10,136,fine : 27.5 seconds
[[1519  394]
 [  16   80]]
acc: 0.796
f1: 0.281
[[1872   41]
 [  56   40]]
acc: 0.952
f1: 0.452
10,137,coarse : 26.91 seconds
10,137,fine : 26.93 seconds
[[1519  394]
 [  16   80]]
acc: 0.796
f1: 0.281
[[1872   41]
 [  56   40]]
acc: 0.952
f1: 0.452
10,138,coarse : 27.0 seconds
10,138,fine : 27.02 seconds
[[1517  396]
 [  16   80]]
acc: 0.795
f1: 0.280
[[1872   41]
 [  55   41]]
acc: 0.952
f1: 0.461
10,139,coarse : 27.03 seconds
10,139,fine : 27.06 seconds
[[1518  395]
 [  16   80]]
acc: 0.795
f1: 0.280
[[1872   41]
 [  54   42]]
acc: 0.953
f1: 0.469
10,140,coarse : 27.34 seconds
10,140,fine : 27.35 seconds
[[1515  398]
 [  16   80]]
acc: 0.794
f1: 0.279
[[1871   42]
 [  54   42]]
acc: 0.952
f1: 0.467
10,141,coarse : 27.09 seconds
10,141,fine : 27.1 seconds
[[1508  405]
 [  16   80]]
acc: 0.790
f1: 0.275
[[1871   42]
 [  54   42]]
acc: 0.952
f1: 0.467
10,142,coarse : 27.51 seconds
10,142,fine : 27.53 seconds
[[1522  391]
 [  16   80]]
acc: 0.797
f1: 0.282
[[1870   43]
 [  54   42]]
acc: 0.952
f1: 0.464
10,143,coarse : 27.56 seconds
10,143,fine : 27.58 seconds
[[1517  396]
 [  16   80]]
acc: 0.795
f1: 0.280
[[1867   46]
 [  54   42]]
acc: 0.950
f1: 0.457
10,144,coarse : 27.8 seconds
10,144,fine : 27.82 seconds
[[1515  398]
 [  16   80]]
acc: 0.794
f1: 0.279
[[1866   47]
 [  54   42]]
acc: 0.950
f1: 0.454
10,145,coarse : 27.45 seconds
10,145,fine : 27.46 seconds
[[1515  398]
 [  16   80]]
acc: 0.794
f1: 0.279
[[1865   48]
 [  53   43]]
acc: 0.950
f1: 0.460
10,146,coarse : 27.65 seconds
10,146,fine : 27.67 seconds
[[1516  397]
 [  16   80]]
acc: 0.794
f1: 0.279
[[1865   48]
 [  53   43]]
acc: 0.950
f1: 0.460
10,147,coarse : 27.44 seconds
10,147,fine : 27.46 seconds
[[1515  398]
 [  16   80]]
acc: 0.794
f1: 0.279
[[1865   48]
 [  53   43]]
acc: 0.950
f1: 0.460
10,148,coarse : 27.72 seconds
10,148,fine : 27.74 seconds
[[1515  398]
 [  16   80]]
acc: 0.794
f1: 0.279
[[1865   48]
 [  53   43]]
acc: 0.950
f1: 0.460
10,149,coarse : 27.81 seconds
10,149,fine : 27.83 seconds
[[1514  399]
 [  16   80]]
acc: 0.793
f1: 0.278
[[1865   48]
 [  53   43]]
acc: 0.950
f1: 0.460
10,150,coarse : 30.18 seconds
10,150,fine : 30.19 seconds
[[1513  400]
 [  16   80]]
acc: 0.793
f1: 0.278
[[1864   49]
 [  53   43]]
acc: 0.949
f1: 0.457
10,151,coarse : 27.83 seconds
10,151,fine : 27.85 seconds
[[1514  399]
 [  16   80]]
acc: 0.793
f1: 0.278
[[1864   49]
 [  52   44]]
acc: 0.950
f1: 0.466
10,152,coarse : 27.65 seconds
10,152,fine : 27.67 seconds
[[1508  405]
 [  16   80]]
acc: 0.790
f1: 0.275
[[1864   49]
 [  52   44]]
acc: 0.950
f1: 0.466
10,153,coarse : 27.09 seconds
10,153,fine : 27.11 seconds
[[1505  408]
 [  16   80]]
acc: 0.789
f1: 0.274
[[1864   49]
 [  52   44]]
acc: 0.950
f1: 0.466
10,154,coarse : 27.81 seconds
10,154,fine : 27.83 seconds
[[1506  407]
 [  16   80]]
acc: 0.789
f1: 0.274
[[1863   50]
 [  51   45]]
acc: 0.950
f1: 0.471
10,155,coarse : 27.47 seconds
10,155,fine : 27.49 seconds
[[1502  411]
 [  16   80]]
acc: 0.787
f1: 0.273
[[1863   50]
 [  51   45]]
acc: 0.950
f1: 0.471
10,156,coarse : 28.03 seconds
10,156,fine : 28.05 seconds
[[1503  410]
 [  16   80]]
acc: 0.788
f1: 0.273
[[1863   50]
 [  51   45]]
acc: 0.950
f1: 0.471
10,157,coarse : 27.87 seconds
10,157,fine : 27.89 seconds
[[1503  410]
 [  16   80]]
acc: 0.788
f1: 0.273
[[1862   51]
 [  50   46]]
acc: 0.950
f1: 0.477
10,158,coarse : 27.83 seconds
10,158,fine : 27.84 seconds
[[1503  410]
 [  16   80]]
acc: 0.788
f1: 0.273
[[1862   51]
 [  50   46]]
acc: 0.950
f1: 0.477
10,159,coarse : 27.94 seconds
10,159,fine : 27.96 seconds
[[1505  408]
 [  16   80]]
acc: 0.789
f1: 0.274
[[1862   51]
 [  50   46]]
acc: 0.950
f1: 0.477
10,160,coarse : 27.88 seconds
10,160,fine : 27.9 seconds
[[1505  408]
 [  16   80]]
acc: 0.789
f1: 0.274
[[1862   51]
 [  50   46]]
acc: 0.950
f1: 0.477
10,161,coarse : 28.04 seconds
10,161,fine : 28.06 seconds
[[1503  410]
 [  16   80]]
acc: 0.788
f1: 0.273
[[1861   52]
 [  50   46]]
acc: 0.949
f1: 0.474
10,162,coarse : 27.59 seconds
10,162,fine : 27.61 seconds
[[1502  411]
 [  16   80]]
acc: 0.787
f1: 0.273
[[1862   51]
 [  48   48]]
acc: 0.951
f1: 0.492
10,163,coarse : 27.49 seconds
10,163,fine : 27.51 seconds
[[1501  412]
 [  16   80]]
acc: 0.787
f1: 0.272
[[1861   52]
 [  49   47]]
acc: 0.950
f1: 0.482
10,164,coarse : 27.62 seconds
10,164,fine : 27.64 seconds
[[1502  411]
 [  16   80]]
acc: 0.787
f1: 0.273
[[1858   55]
 [  49   47]]
acc: 0.948
f1: 0.475
10,165,coarse : 28.23 seconds
10,165,fine : 28.25 seconds
[[1499  414]
 [  16   80]]
acc: 0.786
f1: 0.271
[[1858   55]
 [  49   47]]
acc: 0.948
f1: 0.475
10,166,coarse : 27.61 seconds
10,166,fine : 27.75 seconds
[[1499  414]
 [  16   80]]
acc: 0.786
f1: 0.271
[[1858   55]
 [  49   47]]
acc: 0.948
f1: 0.475
10,167,coarse : 28.02 seconds
10,167,fine : 28.04 seconds
[[1499  414]
 [  16   80]]
acc: 0.786
f1: 0.271
[[1858   55]
 [  47   49]]
acc: 0.949
f1: 0.490
10,168,coarse : 27.74 seconds
10,168,fine : 27.76 seconds
[[1502  411]
 [  16   80]]
acc: 0.787
f1: 0.273
[[1858   55]
 [  47   49]]
acc: 0.949
f1: 0.490
10,169,coarse : 28.08 seconds
10,169,fine : 28.1 seconds
[[1498  415]
 [  16   80]]
acc: 0.785
f1: 0.271
[[1857   56]
 [  47   49]]
acc: 0.949
f1: 0.488
10,170,coarse : 29.4 seconds
10,170,fine : 29.42 seconds
[[1496  417]
 [  16   80]]
acc: 0.784
f1: 0.270
[[1857   56]
 [  47   49]]
acc: 0.949
f1: 0.488
10,171,coarse : 29.39 seconds
10,171,fine : 29.41 seconds
[[1493  420]
 [  15   81]]
acc: 0.783
f1: 0.271
[[1856   57]
 [  47   49]]
acc: 0.948
f1: 0.485
10,172,coarse : 29.17 seconds
10,172,fine : 29.19 seconds
