all           0      1    2    3    4    5    6    7    8    
1      2010   1914   1    19   32   19   1    11   6    7    
2      2010   1914   1    19   32   19   1    11   6    7    
3      2010   1914   1    19   32   19   1    11   5    8    
4      2010   1914   1    19   32   19   1    10   6    8    
5      2010   1914   1    18   33   19   1    10   6    8    
6      2010   1914   1    18   33   19   1    10   6    8    
7      2010   1913   2    18   33   19   1    10   6    8    
8      2010   1913   2    18   33   19   1    10   6    8    
9      2009   1913   2    18   32   19   2    10   6    7    
10     2009   1913   1    19   32   19   1    11   6    7    
Total  20098  19136  13   185  324  190  11   104  59   76   
train         0      1    2    3    4    5    6    7    8    
1      2010   1914   1    19   32   19   1    11   6    7    
2      2010   1914   1    19   32   19   1    11   6    7    
3      2010   1914   1    19   32   19   1    11   5    8    
4      2010   1914   1    19   32   19   1    10   6    8    
6      2010   1914   1    18   33   19   1    10   6    8    
7      2010   1913   2    18   33   19   1    10   6    8    
8      2010   1913   2    18   33   19   1    10   6    8    
9      2009   1913   2    18   32   19   2    10   6    7    
10     2009   1913   1    19   32   19   1    11   6    7    
Total  18088  17222  12   167  291  171  10   94   53   68   
test          0      1    2    3    4    5    6    7    8    
5      2010   1914   1    18   33   19   1    10   6    8    
Total  2010   1914   1    18   33   19   1    10   6    8    
Classes             
0         17222     
1         12        
2         167       
3         291       
4         171       
5         10        
6         94        
7         53        
8         68        
Total     18088     

Shape: 450       

[952, 10, 11, 16, 11, 10, 10, 10, 10]
Sum start => 1040
[[1336  578]
 [  19   77]]
acc: 0.703
f1: 0.205
[[1883   31]
 [  79   17]]
acc: 0.945
f1: 0.236
5,1,coarse : 29.26 seconds
5,1,fine : 29.27 seconds
[[1336  578]
 [  19   77]]
acc: 0.703
f1: 0.205
[[1883   31]
 [  79   17]]
acc: 0.945
f1: 0.236
5,2,coarse : 30.51 seconds
5,2,fine : 30.51 seconds
[[1338  576]
 [  19   77]]
acc: 0.704
f1: 0.206
[[1883   31]
 [  79   17]]
acc: 0.945
f1: 0.236
5,3,coarse : 3.65 seconds
5,3,fine : 3.65 seconds
[[1356  558]
 [  19   77]]
acc: 0.713
f1: 0.211
[[1884   30]
 [  82   14]]
acc: 0.944
f1: 0.200
5,4,coarse : 3.87 seconds
5,4,fine : 3.87 seconds
[[1379  535]
 [  20   76]]
acc: 0.724
f1: 0.215
[[1893   21]
 [  82   14]]
acc: 0.949
f1: 0.214
5,5,coarse : 4.0 seconds
5,5,fine : 4.0 seconds
[[1381  533]
 [  18   78]]
acc: 0.726
f1: 0.221
[[1895   19]
 [  85   11]]
acc: 0.948
f1: 0.175
5,6,coarse : 4.25 seconds
5,6,fine : 4.26 seconds
[[1377  537]
 [  20   76]]
acc: 0.723
f1: 0.214
[[1896   18]
 [  84   12]]
acc: 0.949
f1: 0.190
5,7,coarse : 4.33 seconds
5,7,fine : 4.34 seconds
[[1385  529]
 [  22   74]]
acc: 0.726
f1: 0.212
[[1899   15]
 [  84   12]]
acc: 0.951
f1: 0.195
5,8,coarse : 4.6 seconds
5,8,fine : 4.6 seconds
[[1412  502]
 [  22   74]]
acc: 0.739
f1: 0.220
[[1899   15]
 [  84   12]]
acc: 0.951
f1: 0.195
5,9,coarse : 4.64 seconds
5,9,fine : 4.64 seconds
[[1428  486]
 [  22   74]]
acc: 0.747
f1: 0.226
[[1898   16]
 [  84   12]]
acc: 0.950
f1: 0.194
5,10,coarse : 4.82 seconds
5,10,fine : 4.83 seconds
[[1424  490]
 [  22   74]]
acc: 0.745
f1: 0.224
[[1897   17]
 [  83   13]]
acc: 0.950
f1: 0.206
5,11,coarse : 5.05 seconds
5,11,fine : 5.06 seconds
[[1429  485]
 [  22   74]]
acc: 0.748
f1: 0.226
[[1898   16]
 [  83   13]]
acc: 0.951
f1: 0.208
5,12,coarse : 5.18 seconds
5,12,fine : 5.18 seconds
[[1429  485]
 [  22   74]]
acc: 0.748
f1: 0.226
[[1898   16]
 [  84   12]]
acc: 0.950
f1: 0.194
5,13,coarse : 5.44 seconds
5,13,fine : 5.44 seconds
[[1438  476]
 [  22   74]]
acc: 0.752
f1: 0.229
[[1898   16]
 [  83   13]]
acc: 0.951
f1: 0.208
5,14,coarse : 5.57 seconds
5,14,fine : 5.58 seconds
[[1446  468]
 [  22   74]]
acc: 0.756
f1: 0.232
[[1896   18]
 [  83   13]]
acc: 0.950
f1: 0.205
5,15,coarse : 5.8 seconds
5,15,fine : 5.81 seconds
[[1454  460]
 [  22   74]]
acc: 0.760
f1: 0.235
[[1897   17]
 [  84   12]]
acc: 0.950
f1: 0.192
5,16,coarse : 5.92 seconds
5,16,fine : 5.93 seconds
[[1460  454]
 [  23   73]]
acc: 0.763
f1: 0.234
[[1897   17]
 [  81   15]]
acc: 0.951
f1: 0.234
5,17,coarse : 6.12 seconds
5,17,fine : 6.13 seconds
[[1467  447]
 [  22   74]]
acc: 0.767
f1: 0.240
[[1896   18]
 [  81   15]]
acc: 0.951
f1: 0.233
5,18,coarse : 6.28 seconds
5,18,fine : 6.28 seconds
[[1462  452]
 [  22   74]]
acc: 0.764
f1: 0.238
[[1895   19]
 [  81   15]]
acc: 0.950
f1: 0.231
5,19,coarse : 6.41 seconds
5,19,fine : 6.42 seconds
[[1461  453]
 [  21   75]]
acc: 0.764
f1: 0.240
[[1894   20]
 [  80   16]]
acc: 0.950
f1: 0.242
5,20,coarse : 6.74 seconds
5,20,fine : 6.74 seconds
[[1465  449]
 [  22   74]]
acc: 0.766
f1: 0.239
[[1894   20]
 [  80   16]]
acc: 0.950
f1: 0.242
5,21,coarse : 6.96 seconds
5,21,fine : 6.97 seconds
[[1469  445]
 [  21   75]]
acc: 0.768
f1: 0.244
[[1894   20]
 [  80   16]]
acc: 0.950
f1: 0.242
5,22,coarse : 6.99 seconds
5,22,fine : 7.0 seconds
[[1465  449]
 [  21   75]]
acc: 0.766
f1: 0.242
[[1896   18]
 [  80   16]]
acc: 0.951
f1: 0.246
5,23,coarse : 7.18 seconds
5,23,fine : 7.18 seconds
[[1464  450]
 [  20   76]]
acc: 0.766
f1: 0.244
[[1896   18]
 [  79   17]]
acc: 0.952
f1: 0.260
5,24,coarse : 7.45 seconds
5,24,fine : 7.45 seconds
[[1462  452]
 [  19   77]]
acc: 0.766
f1: 0.246
[[1895   19]
 [  80   16]]
acc: 0.951
f1: 0.244
5,25,coarse : 7.56 seconds
5,25,fine : 7.56 seconds
[[1459  455]
 [  20   76]]
acc: 0.764
f1: 0.242
[[1895   19]
 [  80   16]]
acc: 0.951
f1: 0.244
5,26,coarse : 7.62 seconds
5,26,fine : 7.62 seconds
[[1458  456]
 [  20   76]]
acc: 0.763
f1: 0.242
[[1897   17]
 [  80   16]]
acc: 0.952
f1: 0.248
5,27,coarse : 7.76 seconds
5,27,fine : 7.77 seconds
[[1456  458]
 [  20   76]]
acc: 0.762
f1: 0.241
[[1894   20]
 [  77   19]]
acc: 0.952
f1: 0.281
5,28,coarse : 7.99 seconds
5,28,fine : 8.0 seconds
[[1452  462]
 [  20   76]]
acc: 0.760
f1: 0.240
[[1893   21]
 [  78   18]]
acc: 0.951
f1: 0.267
5,29,coarse : 8.16 seconds
5,29,fine : 8.17 seconds
[[1457  457]
 [  22   74]]
acc: 0.762
f1: 0.236
[[1890   24]
 [  78   18]]
acc: 0.949
f1: 0.261
5,30,coarse : 8.26 seconds
5,30,fine : 8.27 seconds
[[1454  460]
 [  21   75]]
acc: 0.761
f1: 0.238
[[1890   24]
 [  77   19]]
acc: 0.950
f1: 0.273
5,31,coarse : 8.53 seconds
5,31,fine : 8.54 seconds
[[1455  459]
 [  19   77]]
acc: 0.762
f1: 0.244
[[1889   25]
 [  78   18]]
acc: 0.949
f1: 0.259
5,32,coarse : 8.79 seconds
5,32,fine : 8.8 seconds
[[1451  463]
 [  19   77]]
acc: 0.760
f1: 0.242
[[1887   27]
 [  76   20]]
acc: 0.949
f1: 0.280
5,33,coarse : 8.93 seconds
5,33,fine : 8.94 seconds
[[1456  458]
 [  19   77]]
acc: 0.763
f1: 0.244
[[1887   27]
 [  76   20]]
acc: 0.949
f1: 0.280
5,34,coarse : 9.19 seconds
5,34,fine : 9.2 seconds
[[1456  458]
 [  20   76]]
acc: 0.762
f1: 0.241
[[1885   29]
 [  76   20]]
acc: 0.948
f1: 0.276
5,35,coarse : 9.18 seconds
5,35,fine : 9.2 seconds
[[1462  452]
 [  19   77]]
acc: 0.766
f1: 0.246
[[1885   29]
 [  74   22]]
acc: 0.949
f1: 0.299
5,36,coarse : 9.55 seconds
5,36,fine : 9.56 seconds
[[1470  444]
 [  19   77]]
acc: 0.770
f1: 0.250
[[1885   29]
 [  74   22]]
acc: 0.949
f1: 0.299
5,37,coarse : 9.7 seconds
5,37,fine : 9.71 seconds
[[1473  441]
 [  19   77]]
acc: 0.771
f1: 0.251
[[1882   32]
 [  74   22]]
acc: 0.947
f1: 0.293
5,38,coarse : 9.86 seconds
5,38,fine : 9.87 seconds
[[1474  440]
 [  20   76]]
acc: 0.771
f1: 0.248
[[1883   31]
 [  75   21]]
acc: 0.947
f1: 0.284
5,39,coarse : 9.87 seconds
5,39,fine : 9.88 seconds
[[1475  439]
 [  20   76]]
acc: 0.772
f1: 0.249
[[1882   32]
 [  74   22]]
acc: 0.947
f1: 0.293
5,40,coarse : 10.38 seconds
5,40,fine : 10.38 seconds
[[1477  437]
 [  19   77]]
acc: 0.773
f1: 0.252
[[1881   33]
 [  75   21]]
acc: 0.946
f1: 0.280
5,41,coarse : 10.33 seconds
5,41,fine : 10.34 seconds
[[1475  439]
 [  18   78]]
acc: 0.773
f1: 0.254
[[1879   35]
 [  71   25]]
acc: 0.947
f1: 0.321
5,42,coarse : 10.53 seconds
5,42,fine : 10.54 seconds
[[1483  431]
 [  18   78]]
acc: 0.777
f1: 0.258
[[1880   34]
 [  70   26]]
acc: 0.948
f1: 0.333
5,43,coarse : 10.73 seconds
5,43,fine : 10.74 seconds
[[1482  432]
 [  18   78]]
acc: 0.776
f1: 0.257
[[1880   34]
 [  69   27]]
acc: 0.949
f1: 0.344
5,44,coarse : 11.03 seconds
5,44,fine : 11.04 seconds
[[1487  427]
 [  19   77]]
acc: 0.778
f1: 0.257
[[1880   34]
 [  69   27]]
acc: 0.949
f1: 0.344
5,45,coarse : 11.15 seconds
5,45,fine : 11.16 seconds
[[1484  430]
 [  18   78]]
acc: 0.777
f1: 0.258
[[1877   37]
 [  69   27]]
acc: 0.947
f1: 0.338
5,46,coarse : 11.53 seconds
5,46,fine : 11.54 seconds
[[1483  431]
 [  18   78]]
acc: 0.777
f1: 0.258
[[1879   35]
 [  70   26]]
acc: 0.948
f1: 0.331
5,47,coarse : 11.59 seconds
5,47,fine : 11.6 seconds
[[1483  431]
 [  18   78]]
acc: 0.777
f1: 0.258
[[1879   35]
 [  69   27]]
acc: 0.948
f1: 0.342
5,48,coarse : 11.88 seconds
5,48,fine : 11.88 seconds
[[1485  429]
 [  18   78]]
acc: 0.778
f1: 0.259
[[1875   39]
 [  69   27]]
acc: 0.946
f1: 0.333
5,49,coarse : 11.8 seconds
5,49,fine : 11.81 seconds
[[1484  430]
 [  18   78]]
acc: 0.777
f1: 0.258
[[1870   44]
 [  72   24]]
acc: 0.942
f1: 0.293
5,50,coarse : 14.0 seconds
5,50,fine : 14.0 seconds
[[1492  422]
 [  17   79]]
acc: 0.782
f1: 0.265
[[1870   44]
 [  72   24]]
acc: 0.942
f1: 0.293
5,51,coarse : 12.19 seconds
5,51,fine : 12.2 seconds
[[1490  424]
 [  17   79]]
acc: 0.781
f1: 0.264
[[1869   45]
 [  73   23]]
acc: 0.941
f1: 0.280
5,52,coarse : 12.64 seconds
5,52,fine : 12.65 seconds
[[1486  428]
 [  17   79]]
acc: 0.779
f1: 0.262
[[1869   45]
 [  72   24]]
acc: 0.942
f1: 0.291
5,53,coarse : 12.92 seconds
5,53,fine : 12.93 seconds
[[1487  427]
 [  17   79]]
acc: 0.779
f1: 0.262
[[1866   48]
 [  72   24]]
acc: 0.940
f1: 0.286
5,54,coarse : 13.17 seconds
5,54,fine : 13.18 seconds
[[1493  421]
 [  17   79]]
acc: 0.782
f1: 0.265
[[1867   47]
 [  72   24]]
acc: 0.941
f1: 0.287
5,55,coarse : 13.3 seconds
5,55,fine : 13.31 seconds
[[1500  414]
 [  17   79]]
acc: 0.786
f1: 0.268
[[1867   47]
 [  71   25]]
acc: 0.941
f1: 0.298
5,56,coarse : 13.5 seconds
5,56,fine : 13.51 seconds
[[1504  410]
 [  17   79]]
acc: 0.788
f1: 0.270
[[1866   48]
 [  71   25]]
acc: 0.941
f1: 0.296
5,57,coarse : 13.59 seconds
5,57,fine : 13.6 seconds
[[1501  413]
 [  17   79]]
acc: 0.786
f1: 0.269
[[1866   48]
 [  71   25]]
acc: 0.941
f1: 0.296
5,58,coarse : 13.93 seconds
5,58,fine : 13.94 seconds
[[1506  408]
 [  17   79]]
acc: 0.789
f1: 0.271
[[1870   44]
 [  70   26]]
acc: 0.943
f1: 0.313
5,59,coarse : 14.35 seconds
5,59,fine : 14.36 seconds
[[1504  410]
 [  17   79]]
acc: 0.788
f1: 0.270
[[1869   45]
 [  70   26]]
acc: 0.943
f1: 0.311
5,60,coarse : 14.18 seconds
5,60,fine : 14.19 seconds
[[1505  409]
 [  18   78]]
acc: 0.788
f1: 0.268
[[1870   44]
 [  70   26]]
acc: 0.943
f1: 0.313
5,61,coarse : 14.52 seconds
5,61,fine : 14.53 seconds
[[1508  406]
 [  18   78]]
acc: 0.789
f1: 0.269
[[1870   44]
 [  70   26]]
acc: 0.943
f1: 0.313
5,62,coarse : 14.61 seconds
5,62,fine : 14.62 seconds
[[1504  410]
 [  18   78]]
acc: 0.787
f1: 0.267
[[1870   44]
 [  70   26]]
acc: 0.943
f1: 0.313
5,63,coarse : 14.96 seconds
5,63,fine : 14.97 seconds
[[1510  404]
 [  18   78]]
acc: 0.790
f1: 0.270
[[1870   44]
 [  70   26]]
acc: 0.943
f1: 0.313
5,64,coarse : 15.32 seconds
5,64,fine : 15.33 seconds
[[1511  403]
 [  19   77]]
acc: 0.790
f1: 0.267
[[1870   44]
 [  71   25]]
acc: 0.943
f1: 0.303
5,65,coarse : 15.44 seconds
5,65,fine : 15.45 seconds
[[1513  401]
 [  19   77]]
acc: 0.791
f1: 0.268
[[1870   44]
 [  71   25]]
acc: 0.943
f1: 0.303
5,66,coarse : 15.63 seconds
5,66,fine : 15.64 seconds
[[1513  401]
 [  19   77]]
acc: 0.791
f1: 0.268
[[1870   44]
 [  71   25]]
acc: 0.943
f1: 0.303
5,67,coarse : 16.14 seconds
5,67,fine : 16.15 seconds
[[1510  404]
 [  20   76]]
acc: 0.789
f1: 0.264
[[1869   45]
 [  70   26]]
acc: 0.943
f1: 0.311
5,68,coarse : 16.32 seconds
5,68,fine : 16.33 seconds
[[1520  394]
 [  20   76]]
acc: 0.794
f1: 0.269
[[1870   44]
 [  68   28]]
acc: 0.944
f1: 0.333
5,69,coarse : 16.5 seconds
5,69,fine : 16.51 seconds
[[1518  396]
 [  20   76]]
acc: 0.793
f1: 0.268
[[1872   42]
 [  67   29]]
acc: 0.946
f1: 0.347
5,70,coarse : 16.24 seconds
5,70,fine : 16.25 seconds
[[1516  398]
 [  20   76]]
acc: 0.792
f1: 0.267
[[1871   43]
 [  67   29]]
acc: 0.945
f1: 0.345
5,71,coarse : 16.57 seconds
5,71,fine : 16.58 seconds
[[1518  396]
 [  20   76]]
acc: 0.793
f1: 0.268
[[1872   42]
 [  68   28]]
acc: 0.945
f1: 0.337
5,72,coarse : 17.12 seconds
5,72,fine : 17.13 seconds
[[1516  398]
 [  20   76]]
acc: 0.792
f1: 0.267
[[1871   43]
 [  68   28]]
acc: 0.945
f1: 0.335
5,73,coarse : 16.69 seconds
5,73,fine : 16.71 seconds
[[1517  397]
 [  20   76]]
acc: 0.793
f1: 0.267
[[1867   47]
 [  70   26]]
acc: 0.942
f1: 0.308
5,74,coarse : 16.29 seconds
5,74,fine : 16.3 seconds
[[1518  396]
 [  19   77]]
acc: 0.794
f1: 0.271
[[1867   47]
 [  69   27]]
acc: 0.942
f1: 0.318
5,75,coarse : 17.18 seconds
5,75,fine : 17.19 seconds
[[1525  389]
 [  19   77]]
acc: 0.797
f1: 0.274
[[1868   46]
 [  68   28]]
acc: 0.943
f1: 0.329
5,76,coarse : 17.47 seconds
5,76,fine : 17.49 seconds
[[1530  384]
 [  19   77]]
acc: 0.800
f1: 0.276
[[1867   47]
 [  67   29]]
acc: 0.943
f1: 0.337
5,77,coarse : 16.96 seconds
5,77,fine : 16.98 seconds
[[1529  385]
 [  18   78]]
acc: 0.800
f1: 0.279
[[1869   45]
 [  68   28]]
acc: 0.944
f1: 0.331
5,78,coarse : 17.06 seconds
5,78,fine : 17.07 seconds
[[1527  387]
 [  19   77]]
acc: 0.798
f1: 0.275
[[1868   46]
 [  67   29]]
acc: 0.944
f1: 0.339
5,79,coarse : 17.94 seconds
5,79,fine : 17.95 seconds
[[1529  385]
 [  18   78]]
acc: 0.800
f1: 0.279
[[1868   46]
 [  68   28]]
acc: 0.943
f1: 0.329
5,80,coarse : 18.4 seconds
5,80,fine : 18.41 seconds
[[1529  385]
 [  18   78]]
acc: 0.800
f1: 0.279
[[1869   45]
 [  67   29]]
acc: 0.944
f1: 0.341
5,81,coarse : 18.29 seconds
5,81,fine : 18.3 seconds
[[1533  381]
 [  18   78]]
acc: 0.801
f1: 0.281
[[1867   47]
 [  67   29]]
acc: 0.943
f1: 0.337
5,82,coarse : 18.55 seconds
5,82,fine : 18.56 seconds
[[1535  379]
 [  18   78]]
acc: 0.802
f1: 0.282
[[1867   47]
 [  65   31]]
acc: 0.944
f1: 0.356
5,83,coarse : 18.68 seconds
5,83,fine : 18.69 seconds
[[1531  383]
 [  18   78]]
acc: 0.800
f1: 0.280
[[1867   47]
 [  66   30]]
acc: 0.944
f1: 0.347
5,84,coarse : 19.21 seconds
5,84,fine : 19.23 seconds
[[1530  384]
 [  18   78]]
acc: 0.800
f1: 0.280
[[1866   48]
 [  66   30]]
acc: 0.943
f1: 0.345
5,85,coarse : 19.38 seconds
5,85,fine : 19.4 seconds
[[1533  381]
 [  18   78]]
acc: 0.801
f1: 0.281
[[1867   47]
 [  66   30]]
acc: 0.944
f1: 0.347
5,86,coarse : 19.81 seconds
5,86,fine : 19.82 seconds
[[1535  379]
 [  19   77]]
acc: 0.802
f1: 0.279
[[1866   48]
 [  65   31]]
acc: 0.944
f1: 0.354
5,87,coarse : 19.5 seconds
5,87,fine : 19.51 seconds
[[1543  371]
 [  19   77]]
acc: 0.806
f1: 0.283
[[1866   48]
 [  65   31]]
acc: 0.944
f1: 0.354
5,88,coarse : 20.28 seconds
5,88,fine : 20.29 seconds
[[1539  375]
 [  18   78]]
acc: 0.804
f1: 0.284
[[1869   45]
 [  64   32]]
acc: 0.946
f1: 0.370
5,89,coarse : 20.01 seconds
5,89,fine : 20.02 seconds
[[1531  383]
 [  18   78]]
acc: 0.800
f1: 0.280
[[1869   45]
 [  64   32]]
acc: 0.946
f1: 0.370
5,90,coarse : 20.51 seconds
5,90,fine : 20.52 seconds
[[1527  387]
 [  18   78]]
acc: 0.799
f1: 0.278
[[1868   46]
 [  64   32]]
acc: 0.945
f1: 0.368
5,91,coarse : 20.52 seconds
5,91,fine : 20.53 seconds
[[1536  378]
 [  19   77]]
acc: 0.802
f1: 0.279
[[1868   46]
 [  64   32]]
acc: 0.945
f1: 0.368
5,92,coarse : 20.26 seconds
5,92,fine : 20.27 seconds
[[1529  385]
 [  20   76]]
acc: 0.799
f1: 0.273
[[1868   46]
 [  64   32]]
acc: 0.945
f1: 0.368
5,93,coarse : 21.81 seconds
5,93,fine : 21.82 seconds
[[1532  382]
 [  19   77]]
acc: 0.800
f1: 0.277
[[1866   48]
 [  64   32]]
acc: 0.944
f1: 0.364
5,94,coarse : 21.08 seconds
5,94,fine : 21.09 seconds
[[1531  383]
 [  19   77]]
acc: 0.800
f1: 0.277
[[1864   50]
 [  64   32]]
acc: 0.943
f1: 0.360
5,95,coarse : 21.62 seconds
5,95,fine : 21.63 seconds
[[1530  384]
 [  19   77]]
acc: 0.800
f1: 0.276
[[1863   51]
 [  64   32]]
acc: 0.943
f1: 0.358
5,96,coarse : 21.8 seconds
5,96,fine : 21.81 seconds
[[1529  385]
 [  19   77]]
acc: 0.799
f1: 0.276
[[1864   50]
 [  64   32]]
acc: 0.943
f1: 0.360
5,97,coarse : 21.62 seconds
5,97,fine : 21.64 seconds
[[1532  382]
 [  19   77]]
acc: 0.800
f1: 0.277
[[1861   53]
 [  63   33]]
acc: 0.942
f1: 0.363
5,98,coarse : 22.22 seconds
5,98,fine : 22.23 seconds
[[1534  380]
 [  19   77]]
acc: 0.801
f1: 0.278
[[1861   53]
 [  62   34]]
acc: 0.943
f1: 0.372
5,99,coarse : 22.77 seconds
5,99,fine : 22.79 seconds
[[1532  382]
 [  20   76]]
acc: 0.800
f1: 0.274
[[1862   52]
 [  62   34]]
acc: 0.943
f1: 0.374
5,100,coarse : 24.22 seconds
5,100,fine : 24.23 seconds
[[1532  382]
 [  20   76]]
acc: 0.800
f1: 0.274
[[1862   52]
 [  62   34]]
acc: 0.943
f1: 0.374
5,101,coarse : 23.06 seconds
5,101,fine : 23.08 seconds
[[1536  378]
 [  20   76]]
acc: 0.802
f1: 0.276
[[1861   53]
 [  62   34]]
acc: 0.943
f1: 0.372
5,102,coarse : 23.14 seconds
5,102,fine : 23.16 seconds
[[1534  380]
 [  20   76]]
acc: 0.801
f1: 0.275
[[1861   53]
 [  62   34]]
acc: 0.943
f1: 0.372
5,103,coarse : 23.61 seconds
5,103,fine : 23.63 seconds
[[1541  373]
 [  19   77]]
acc: 0.805
f1: 0.282
[[1863   51]
 [  62   34]]
acc: 0.944
f1: 0.376
5,104,coarse : 23.64 seconds
5,104,fine : 23.66 seconds
[[1530  384]
 [  18   78]]
acc: 0.800
f1: 0.280
[[1864   50]
 [  62   34]]
acc: 0.944
f1: 0.378
5,105,coarse : 23.77 seconds
5,105,fine : 23.79 seconds
[[1531  383]
 [  18   78]]
acc: 0.800
f1: 0.280
[[1863   51]
 [  62   34]]
acc: 0.944
f1: 0.376
5,106,coarse : 24.01 seconds
5,106,fine : 24.03 seconds
[[1534  380]
 [  18   78]]
acc: 0.802
f1: 0.282
[[1864   50]
 [  62   34]]
acc: 0.944
f1: 0.378
5,107,coarse : 24.46 seconds
5,107,fine : 24.48 seconds
[[1534  380]
 [  18   78]]
acc: 0.802
f1: 0.282
[[1863   51]
 [  62   34]]
acc: 0.944
f1: 0.376
5,108,coarse : 24.49 seconds
5,108,fine : 24.51 seconds
[[1527  387]
 [  18   78]]
acc: 0.799
f1: 0.278
[[1862   52]
 [  62   34]]
acc: 0.943
f1: 0.374
5,109,coarse : 25.66 seconds
5,109,fine : 25.68 seconds
[[1523  391]
 [  18   78]]
acc: 0.797
f1: 0.276
[[1861   53]
 [  62   34]]
acc: 0.943
f1: 0.372
5,110,coarse : 25.62 seconds
5,110,fine : 25.63 seconds
[[1524  390]
 [  18   78]]
acc: 0.797
f1: 0.277
[[1863   51]
 [  62   34]]
acc: 0.944
f1: 0.376
5,111,coarse : 26.37 seconds
5,111,fine : 26.39 seconds
[[1522  392]
 [  18   78]]
acc: 0.796
f1: 0.276
[[1863   51]
 [  61   35]]
acc: 0.944
f1: 0.385
5,112,coarse : 26.16 seconds
5,112,fine : 26.18 seconds
[[1526  388]
 [  18   78]]
acc: 0.798
f1: 0.278
[[1865   49]
 [  62   34]]
acc: 0.945
f1: 0.380
5,113,coarse : 26.09 seconds
5,113,fine : 26.11 seconds
[[1530  384]
 [  18   78]]
acc: 0.800
f1: 0.280
[[1862   52]
 [  62   34]]
acc: 0.943
f1: 0.374
5,114,coarse : 26.87 seconds
5,114,fine : 26.88 seconds
[[1527  387]
 [  18   78]]
acc: 0.799
f1: 0.278
[[1862   52]
 [  62   34]]
acc: 0.943
f1: 0.374
5,115,coarse : 26.6 seconds
5,115,fine : 26.62 seconds
[[1526  388]
 [  19   77]]
acc: 0.798
f1: 0.275
[[1858   56]
 [  61   35]]
acc: 0.942
f1: 0.374
5,116,coarse : 26.29 seconds
5,116,fine : 26.3 seconds
[[1528  386]
 [  19   77]]
acc: 0.799
f1: 0.275
[[1856   58]
 [  61   35]]
acc: 0.941
f1: 0.370
5,117,coarse : 26.68 seconds
5,117,fine : 26.7 seconds
[[1531  383]
 [  19   77]]
acc: 0.800
f1: 0.277
[[1859   55]
 [  61   35]]
acc: 0.942
f1: 0.376
5,118,coarse : 26.82 seconds
5,118,fine : 26.84 seconds
[[1530  384]
 [  19   77]]
acc: 0.800
f1: 0.276
[[1858   56]
 [  60   36]]
acc: 0.942
f1: 0.383
5,119,coarse : 27.01 seconds
5,119,fine : 27.03 seconds
[[1532  382]
 [  19   77]]
acc: 0.800
f1: 0.277
[[1858   56]
 [  61   35]]
acc: 0.942
f1: 0.374
5,120,coarse : 27.57 seconds
5,120,fine : 27.59 seconds
[[1531  383]
 [  18   78]]
acc: 0.800
f1: 0.280
[[1858   56]
 [  61   35]]
acc: 0.942
f1: 0.374
5,121,coarse : 27.13 seconds
5,121,fine : 27.15 seconds
[[1533  381]
 [  18   78]]
acc: 0.801
f1: 0.281
[[1859   55]
 [  61   35]]
acc: 0.942
f1: 0.376
5,122,coarse : 27.31 seconds
5,122,fine : 27.32 seconds
[[1534  380]
 [  18   78]]
acc: 0.802
f1: 0.282
[[1859   55]
 [  61   35]]
acc: 0.942
f1: 0.376
5,123,coarse : 28.6 seconds
5,123,fine : 28.62 seconds
[[1537  377]
 [  18   78]]
acc: 0.803
f1: 0.283
[[1862   52]
 [  61   35]]
acc: 0.944
f1: 0.383
5,124,coarse : 28.42 seconds
5,124,fine : 28.44 seconds
[[1536  378]
 [  19   77]]
acc: 0.802
f1: 0.279
[[1863   51]
 [  61   35]]
acc: 0.944
f1: 0.385
5,125,coarse : 29.14 seconds
5,125,fine : 29.16 seconds
[[1538  376]
 [  19   77]]
acc: 0.803
f1: 0.281
[[1862   52]
 [  61   35]]
acc: 0.944
f1: 0.383
5,126,coarse : 29.34 seconds
5,126,fine : 29.36 seconds
[[1542  372]
 [  19   77]]
acc: 0.805
f1: 0.283
[[1862   52]
 [  61   35]]
acc: 0.944
f1: 0.383
5,127,coarse : 28.79 seconds
5,127,fine : 28.81 seconds
[[1541  373]
 [  20   76]]
acc: 0.804
f1: 0.279
[[1858   56]
 [  61   35]]
acc: 0.942
f1: 0.374
5,128,coarse : 29.43 seconds
5,128,fine : 29.44 seconds
[[1541  373]
 [  18   78]]
acc: 0.805
f1: 0.285
[[1856   58]
 [  61   35]]
acc: 0.941
f1: 0.370
5,129,coarse : 29.65 seconds
5,129,fine : 29.67 seconds
[[1535  379]
 [  19   77]]
acc: 0.802
f1: 0.279
[[1853   61]
 [  61   35]]
acc: 0.939
f1: 0.365
5,130,coarse : 30.26 seconds
5,130,fine : 30.28 seconds
[[1537  377]
 [  19   77]]
acc: 0.803
f1: 0.280
[[1855   59]
 [  58   38]]
acc: 0.942
f1: 0.394
5,131,coarse : 29.33 seconds
5,131,fine : 29.35 seconds
[[1538  376]
 [  18   78]]
acc: 0.804
f1: 0.284
[[1859   55]
 [  59   37]]
acc: 0.943
f1: 0.394
5,132,coarse : 30.5 seconds
5,132,fine : 30.52 seconds
[[1539  375]
 [  18   78]]
acc: 0.804
f1: 0.284
[[1858   56]
 [  58   38]]
acc: 0.943
f1: 0.400
5,133,coarse : 29.72 seconds
5,133,fine : 29.74 seconds
[[1540  374]
 [  18   78]]
acc: 0.805
f1: 0.285
[[1858   56]
 [  59   37]]
acc: 0.943
f1: 0.392
5,134,coarse : 30.79 seconds
5,134,fine : 30.81 seconds
[[1542  372]
 [  18   78]]
acc: 0.806
f1: 0.286
[[1857   57]
 [  58   38]]
acc: 0.943
f1: 0.398
5,135,coarse : 31.03 seconds
5,135,fine : 31.05 seconds
[[1538  376]
 [  16   80]]
acc: 0.805
f1: 0.290
[[1858   56]
 [  59   37]]
acc: 0.943
f1: 0.392
5,136,coarse : 30.55 seconds
5,136,fine : 30.57 seconds
[[1538  376]
 [  16   80]]
acc: 0.805
f1: 0.290
[[1855   59]
 [  60   36]]
acc: 0.941
f1: 0.377
5,137,coarse : 31.62 seconds
5,137,fine : 31.64 seconds
[[1538  376]
 [  16   80]]
acc: 0.805
f1: 0.290
[[1855   59]
 [  60   36]]
acc: 0.941
f1: 0.377
5,138,coarse : 32.26 seconds
5,138,fine : 32.28 seconds
[[1538  376]
 [  16   80]]
acc: 0.805
f1: 0.290
[[1855   59]
 [  60   36]]
acc: 0.941
f1: 0.377
5,139,coarse : 32.21 seconds
5,139,fine : 32.23 seconds
[[1538  376]
 [  15   81]]
acc: 0.805
f1: 0.293
[[1854   60]
 [  60   36]]
acc: 0.940
f1: 0.375
5,140,coarse : 32.49 seconds
5,140,fine : 32.51 seconds
[[1538  376]
 [  17   79]]
acc: 0.804
f1: 0.287
[[1854   60]
 [  59   37]]
acc: 0.941
f1: 0.383
5,141,coarse : 32.45 seconds
5,141,fine : 32.47 seconds
[[1537  377]
 [  17   79]]
acc: 0.804
f1: 0.286
[[1851   63]
 [  59   37]]
acc: 0.939
f1: 0.378
5,142,coarse : 32.44 seconds
5,142,fine : 32.46 seconds
[[1538  376]
 [  17   79]]
acc: 0.804
f1: 0.287
[[1852   62]
 [  60   36]]
acc: 0.939
f1: 0.371
5,143,coarse : 33.04 seconds
5,143,fine : 33.06 seconds
[[1536  378]
 [  16   80]]
acc: 0.804
f1: 0.289
[[1852   62]
 [  59   37]]
acc: 0.940
f1: 0.379
5,144,coarse : 32.5 seconds
5,144,fine : 32.52 seconds
[[1538  376]
 [  16   80]]
acc: 0.805
f1: 0.290
[[1852   62]
 [  60   36]]
acc: 0.939
f1: 0.371
5,145,coarse : 33.73 seconds
5,145,fine : 33.75 seconds
[[1539  375]
 [  16   80]]
acc: 0.805
f1: 0.290
[[1851   63]
 [  60   36]]
acc: 0.939
f1: 0.369
5,146,coarse : 34.17 seconds
5,146,fine : 34.19 seconds
[[1539  375]
 [  17   79]]
acc: 0.805
f1: 0.287
[[1851   63]
 [  59   37]]
acc: 0.939
f1: 0.378
5,147,coarse : 34.11 seconds
5,147,fine : 34.13 seconds
[[1531  383]
 [  17   79]]
acc: 0.801
f1: 0.283
[[1852   62]
 [  58   38]]
acc: 0.940
f1: 0.388
5,148,coarse : 34.1 seconds
5,148,fine : 34.12 seconds
[[1537  377]
 [  16   80]]
acc: 0.804
f1: 0.289
[[1851   63]
 [  58   38]]
acc: 0.940
f1: 0.386
5,149,coarse : 33.77 seconds
5,149,fine : 33.79 seconds
[[1533  381]
 [  18   78]]
acc: 0.801
f1: 0.281
[[1851   63]
 [  58   38]]
acc: 0.940
f1: 0.386
5,150,coarse : 36.67 seconds
5,150,fine : 36.69 seconds
[[1534  380]
 [  17   79]]
acc: 0.802
f1: 0.285
[[1852   62]
 [  58   38]]
acc: 0.940
f1: 0.388
5,151,coarse : 34.5 seconds
5,151,fine : 34.52 seconds
[[1539  375]
 [  17   79]]
acc: 0.805
f1: 0.287
[[1853   61]
 [  58   38]]
acc: 0.941
f1: 0.390
5,152,coarse : 35.53 seconds
5,152,fine : 35.55 seconds
[[1541  373]
 [  16   80]]
acc: 0.806
f1: 0.291
[[1856   58]
 [  58   38]]
acc: 0.942
f1: 0.396
5,153,coarse : 35.62 seconds
5,153,fine : 35.64 seconds
[[1540  374]
 [  16   80]]
acc: 0.806
f1: 0.291
[[1856   58]
 [  58   38]]
acc: 0.942
f1: 0.396
5,154,coarse : 34.62 seconds
5,154,fine : 34.64 seconds
[[1544  370]
 [  16   80]]
acc: 0.808
f1: 0.293
[[1855   59]
 [  58   38]]
acc: 0.942
f1: 0.394
5,155,coarse : 36.32 seconds
5,155,fine : 36.34 seconds
[[1544  370]
 [  16   80]]
acc: 0.808
f1: 0.293
[[1854   60]
 [  58   38]]
acc: 0.941
f1: 0.392
5,156,coarse : 36.22 seconds
5,156,fine : 36.24 seconds
[[1541  373]
 [  16   80]]
acc: 0.806
f1: 0.291
[[1852   62]
 [  58   38]]
acc: 0.940
f1: 0.388
5,157,coarse : 36.01 seconds
5,157,fine : 36.03 seconds
[[1538  376]
 [  16   80]]
acc: 0.805
f1: 0.290
[[1849   65]
 [  57   39]]
acc: 0.939
f1: 0.390
5,158,coarse : 36.79 seconds
5,158,fine : 36.81 seconds
[[1534  380]
 [  16   80]]
acc: 0.803
f1: 0.288
[[1851   63]
 [  57   39]]
acc: 0.940
f1: 0.394
5,159,coarse : 37.59 seconds
5,159,fine : 37.62 seconds
[[1530  384]
 [  16   80]]
acc: 0.801
f1: 0.286
[[1853   61]
 [  57   39]]
acc: 0.941
f1: 0.398
5,160,coarse : 37.35 seconds
5,160,fine : 37.37 seconds
[[1529  385]
 [  16   80]]
acc: 0.800
f1: 0.285
[[1853   61]
 [  58   38]]
acc: 0.941
f1: 0.390
5,161,coarse : 37.78 seconds
5,161,fine : 37.8 seconds
[[1521  393]
 [  17   79]]
acc: 0.796
f1: 0.278
[[1853   61]
 [  58   38]]
acc: 0.941
f1: 0.390
5,162,coarse : 37.92 seconds
5,162,fine : 37.95 seconds
[[1523  391]
 [  16   80]]
acc: 0.798
f1: 0.282
[[1852   62]
 [  57   39]]
acc: 0.941
f1: 0.396
5,163,coarse : 37.44 seconds
5,163,fine : 37.46 seconds
[[1523  391]
 [  15   81]]
acc: 0.798
f1: 0.285
[[1853   61]
 [  58   38]]
acc: 0.941
f1: 0.390
5,164,coarse : 38.75 seconds
5,164,fine : 38.78 seconds
[[1518  396]
 [  14   82]]
acc: 0.796
f1: 0.286
[[1854   60]
 [  58   38]]
acc: 0.941
f1: 0.392
5,165,coarse : 38.67 seconds
5,165,fine : 38.69 seconds
[[1519  395]
 [  14   82]]
acc: 0.797
f1: 0.286
[[1856   58]
 [  58   38]]
acc: 0.942
f1: 0.396
5,166,coarse : 39.58 seconds
5,166,fine : 39.6 seconds
[[1517  397]
 [  14   82]]
acc: 0.796
f1: 0.285
[[1853   61]
 [  57   39]]
acc: 0.941
f1: 0.398
5,167,coarse : 39.13 seconds
5,167,fine : 39.15 seconds
[[1512  402]
 [  14   82]]
acc: 0.793
f1: 0.283
[[1855   59]
 [  58   38]]
acc: 0.942
f1: 0.394
5,168,coarse : 39.53 seconds
5,168,fine : 39.55 seconds
[[1514  400]
 [  14   82]]
acc: 0.794
f1: 0.284
[[1854   60]
 [  57   39]]
acc: 0.942
f1: 0.400
5,169,coarse : 39.81 seconds
5,169,fine : 39.84 seconds
[[1509  405]
 [  15   81]]
acc: 0.791
f1: 0.278
[[1855   59]
 [  57   39]]
acc: 0.942
f1: 0.402
5,170,coarse : 39.14 seconds
5,170,fine : 39.16 seconds
[[1510  404]
 [  15   81]]
acc: 0.792
f1: 0.279
[[1857   57]
 [  57   39]]
acc: 0.943
f1: 0.406
5,171,coarse : 39.67 seconds
5,171,fine : 39.69 seconds
[[1507  407]
 [  16   80]]
acc: 0.790
f1: 0.274
[[1856   58]
 [  56   40]]
acc: 0.943
f1: 0.412
5,172,coarse : 41.27 seconds
5,172,fine : 41.3 seconds
