all           0      1    2    3    4    5    6    7    8    
1      2010   1914   1    19   32   19   1    11   6    7    
2      2010   1914   1    19   32   19   1    11   6    7    
3      2010   1914   1    19   32   19   1    11   5    8    
4      2010   1914   1    19   32   19   1    10   6    8    
5      2010   1914   1    18   33   19   1    10   6    8    
6      2010   1914   1    18   33   19   1    10   6    8    
7      2010   1913   2    18   33   19   1    10   6    8    
8      2010   1913   2    18   33   19   1    10   6    8    
9      2009   1913   2    18   32   19   2    10   6    7    
10     2009   1913   1    19   32   19   1    11   6    7    
Total  20098  19136  13   185  324  190  11   104  59   76   
train         0      1    2    3    4    5    6    7    8    
1      2010   1914   1    19   32   19   1    11   6    7    
2      2010   1914   1    19   32   19   1    11   6    7    
3      2010   1914   1    19   32   19   1    11   5    8    
4      2010   1914   1    19   32   19   1    10   6    8    
5      2010   1914   1    18   33   19   1    10   6    8    
7      2010   1913   2    18   33   19   1    10   6    8    
8      2010   1913   2    18   33   19   1    10   6    8    
9      2009   1913   2    18   32   19   2    10   6    7    
10     2009   1913   1    19   32   19   1    11   6    7    
Total  18088  17222  12   167  291  171  10   94   53   68   
test          0      1    2    3    4    5    6    7    8    
6      2010   1914   1    18   33   19   1    10   6    8    
Total  2010   1914   1    18   33   19   1    10   6    8    
Classes             
0         17222     
1         12        
2         167       
3         291       
4         171       
5         10        
6         94        
7         53        
8         68        
Total     18088     

Shape: 450       

[952, 10, 11, 16, 11, 10, 10, 10, 10]
Sum start => 1040
[[1308  606]
 [  22   74]]
acc: 0.688
f1: 0.191
[[1868   46]
 [  87    9]]
acc: 0.934
f1: 0.119
6,1,coarse : 28.23 seconds
6,1,fine : 28.23 seconds
[[1308  606]
 [  22   74]]
acc: 0.688
f1: 0.191
[[1868   46]
 [  87    9]]
acc: 0.934
f1: 0.119
6,2,coarse : 29.66 seconds
6,2,fine : 29.67 seconds
[[1330  584]
 [  23   73]]
acc: 0.698
f1: 0.194
[[1898   16]
 [  93    3]]
acc: 0.946
f1: 0.052
6,3,coarse : 28.64 seconds
6,3,fine : 28.64 seconds
[[1363  551]
 [  24   72]]
acc: 0.714
f1: 0.200
[[1911    3]
 [  94    2]]
acc: 0.952
f1: 0.040
6,4,coarse : 28.45 seconds
6,4,fine : 28.46 seconds
[[1386  528]
 [  25   71]]
acc: 0.725
f1: 0.204
[[1911    3]
 [  95    1]]
acc: 0.951
f1: 0.020
6,5,coarse : 29.02 seconds
6,5,fine : 29.02 seconds
[[1421  493]
 [  26   70]]
acc: 0.742
f1: 0.212
[[1908    6]
 [  94    2]]
acc: 0.950
f1: 0.038
6,6,coarse : 28.55 seconds
6,6,fine : 28.56 seconds
[[1433  481]
 [  24   72]]
acc: 0.749
f1: 0.222
[[1911    3]
 [  94    2]]
acc: 0.952
f1: 0.040
6,7,coarse : 28.79 seconds
6,7,fine : 28.8 seconds
[[1432  482]
 [  23   73]]
acc: 0.749
f1: 0.224
[[1908    6]
 [  93    3]]
acc: 0.951
f1: 0.057
6,8,coarse : 29.13 seconds
6,8,fine : 29.13 seconds
[[1448  466]
 [  24   72]]
acc: 0.756
f1: 0.227
[[1908    6]
 [  92    4]]
acc: 0.951
f1: 0.075
6,9,coarse : 28.79 seconds
6,9,fine : 28.79 seconds
[[1482  432]
 [  26   70]]
acc: 0.772
f1: 0.234
[[1906    8]
 [  92    4]]
acc: 0.950
f1: 0.074
6,10,coarse : 28.61 seconds
6,10,fine : 28.62 seconds
[[1480  434]
 [  28   68]]
acc: 0.770
f1: 0.227
[[1906    8]
 [  89    7]]
acc: 0.952
f1: 0.126
6,11,coarse : 29.23 seconds
6,11,fine : 29.24 seconds
[[1494  420]
 [  29   67]]
acc: 0.777
f1: 0.230
[[1907    7]
 [  89    7]]
acc: 0.952
f1: 0.127
6,12,coarse : 28.55 seconds
6,12,fine : 28.55 seconds
[[1516  398]
 [  29   67]]
acc: 0.788
f1: 0.239
[[1908    6]
 [  88    8]]
acc: 0.953
f1: 0.145
6,13,coarse : 28.41 seconds
6,13,fine : 28.42 seconds
[[1504  410]
 [  28   68]]
acc: 0.782
f1: 0.237
[[1907    7]
 [  86   10]]
acc: 0.954
f1: 0.177
6,14,coarse : 29.2 seconds
6,14,fine : 29.21 seconds
[[1500  414]
 [  26   70]]
acc: 0.781
f1: 0.241
[[1908    6]
 [  86   10]]
acc: 0.954
f1: 0.179
6,15,coarse : 28.59 seconds
6,15,fine : 28.6 seconds
[[1518  396]
 [  26   70]]
acc: 0.790
f1: 0.249
[[1908    6]
 [  87    9]]
acc: 0.954
f1: 0.162
6,16,coarse : 28.57 seconds
6,16,fine : 28.57 seconds
[[1520  394]
 [  29   67]]
acc: 0.790
f1: 0.241
[[1909    5]
 [  87    9]]
acc: 0.954
f1: 0.164
6,17,coarse : 28.88 seconds
6,17,fine : 28.89 seconds
[[1526  388]
 [  28   68]]
acc: 0.793
f1: 0.246
[[1908    6]
 [  88    8]]
acc: 0.953
f1: 0.145
6,18,coarse : 28.58 seconds
6,18,fine : 28.59 seconds
[[1526  388]
 [  25   71]]
acc: 0.795
f1: 0.256
[[1907    7]
 [  87    9]]
acc: 0.953
f1: 0.161
6,19,coarse : 28.8 seconds
6,19,fine : 28.81 seconds
[[1523  391]
 [  25   71]]
acc: 0.793
f1: 0.254
[[1906    8]
 [  87    9]]
acc: 0.953
f1: 0.159
6,20,coarse : 29.15 seconds
6,20,fine : 29.15 seconds
[[1535  379]
 [  26   70]]
acc: 0.799
f1: 0.257
[[1907    7]
 [  87    9]]
acc: 0.953
f1: 0.161
6,21,coarse : 28.34 seconds
6,21,fine : 28.34 seconds
[[1542  372]
 [  26   70]]
acc: 0.802
f1: 0.260
[[1907    7]
 [  86   10]]
acc: 0.954
f1: 0.177
6,22,coarse : 28.51 seconds
6,22,fine : 28.52 seconds
[[1535  379]
 [  24   72]]
acc: 0.800
f1: 0.263
[[1906    8]
 [  87    9]]
acc: 0.953
f1: 0.159
6,23,coarse : 29.15 seconds
6,23,fine : 29.15 seconds
[[1537  377]
 [  23   73]]
acc: 0.801
f1: 0.267
[[1906    8]
 [  86   10]]
acc: 0.953
f1: 0.175
6,24,coarse : 28.81 seconds
6,24,fine : 28.82 seconds
[[1538  376]
 [  25   71]]
acc: 0.800
f1: 0.262
[[1906    8]
 [  85   11]]
acc: 0.954
f1: 0.191
6,25,coarse : 28.8 seconds
6,25,fine : 28.8 seconds
[[1539  375]
 [  24   72]]
acc: 0.801
f1: 0.265
[[1906    8]
 [  84   12]]
acc: 0.954
f1: 0.207
6,26,coarse : 29.11 seconds
6,26,fine : 29.11 seconds
[[1529  385]
 [  24   72]]
acc: 0.797
f1: 0.260
[[1905    9]
 [  84   12]]
acc: 0.954
f1: 0.205
6,27,coarse : 28.6 seconds
6,27,fine : 28.61 seconds
[[1538  376]
 [  23   73]]
acc: 0.801
f1: 0.268
[[1905    9]
 [  83   13]]
acc: 0.954
f1: 0.220
6,28,coarse : 28.87 seconds
6,28,fine : 28.87 seconds
[[1533  381]
 [  22   74]]
acc: 0.800
f1: 0.269
[[1906    8]
 [  84   12]]
acc: 0.954
f1: 0.207
6,29,coarse : 29.42 seconds
6,29,fine : 29.43 seconds
[[1515  399]
 [  24   72]]
acc: 0.790
f1: 0.254
[[1906    8]
 [  84   12]]
acc: 0.954
f1: 0.207
6,30,coarse : 28.77 seconds
6,30,fine : 28.77 seconds
[[1524  390]
 [  24   72]]
acc: 0.794
f1: 0.258
[[1906    8]
 [  85   11]]
acc: 0.954
f1: 0.191
6,31,coarse : 28.68 seconds
6,31,fine : 28.69 seconds
[[1533  381]
 [  23   73]]
acc: 0.799
f1: 0.265
[[1906    8]
 [  85   11]]
acc: 0.954
f1: 0.191
6,32,coarse : 28.79 seconds
6,32,fine : 28.8 seconds
[[1531  383]
 [  22   74]]
acc: 0.799
f1: 0.268
[[1906    8]
 [  85   11]]
acc: 0.954
f1: 0.191
6,33,coarse : 29.4 seconds
6,33,fine : 29.41 seconds
[[1532  382]
 [  21   75]]
acc: 0.800
f1: 0.271
[[1907    7]
 [  84   12]]
acc: 0.955
f1: 0.209
6,34,coarse : 28.7 seconds
6,34,fine : 28.71 seconds
[[1532  382]
 [  22   74]]
acc: 0.799
f1: 0.268
[[1906    8]
 [  83   13]]
acc: 0.955
f1: 0.222
6,35,coarse : 29.21 seconds
6,35,fine : 29.22 seconds
[[1534  380]
 [  23   73]]
acc: 0.800
f1: 0.266
[[1905    9]
 [  82   14]]
acc: 0.955
f1: 0.235
6,36,coarse : 29.69 seconds
6,36,fine : 29.7 seconds
[[1537  377]
 [  23   73]]
acc: 0.801
f1: 0.267
[[1905    9]
 [  82   14]]
acc: 0.955
f1: 0.235
6,37,coarse : 29.1 seconds
6,37,fine : 29.11 seconds
[[1533  381]
 [  24   72]]
acc: 0.799
f1: 0.262
[[1906    8]
 [  82   14]]
acc: 0.955
f1: 0.237
6,38,coarse : 29.06 seconds
6,38,fine : 29.07 seconds
[[1542  372]
 [  24   72]]
acc: 0.803
f1: 0.267
[[1906    8]
 [  82   14]]
acc: 0.955
f1: 0.237
6,39,coarse : 29.14 seconds
6,39,fine : 29.15 seconds
[[1544  370]
 [  24   72]]
acc: 0.804
f1: 0.268
[[1907    7]
 [  82   14]]
acc: 0.956
f1: 0.239
6,40,coarse : 29.61 seconds
6,40,fine : 29.62 seconds
[[1544  370]
 [  25   71]]
acc: 0.803
f1: 0.264
[[1905    9]
 [  82   14]]
acc: 0.955
f1: 0.235
6,41,coarse : 29.12 seconds
6,41,fine : 29.13 seconds
[[1544  370]
 [  24   72]]
acc: 0.804
f1: 0.268
[[1903   11]
 [  82   14]]
acc: 0.954
f1: 0.231
6,42,coarse : 28.91 seconds
6,42,fine : 28.91 seconds
[[1547  367]
 [  24   72]]
acc: 0.805
f1: 0.269
[[1903   11]
 [  82   14]]
acc: 0.954
f1: 0.231
6,43,coarse : 29.6 seconds
6,43,fine : 29.6 seconds
[[1540  374]
 [  23   73]]
acc: 0.802
f1: 0.269
[[1904   10]
 [  81   15]]
acc: 0.955
f1: 0.248
6,44,coarse : 28.93 seconds
6,44,fine : 28.94 seconds
[[1539  375]
 [  22   74]]
acc: 0.802
f1: 0.272
[[1903   11]
 [  81   15]]
acc: 0.954
f1: 0.246
6,45,coarse : 29.32 seconds
6,45,fine : 29.33 seconds
[[1546  368]
 [  22   74]]
acc: 0.806
f1: 0.275
[[1902   12]
 [  79   17]]
acc: 0.955
f1: 0.272
6,46,coarse : 29.33 seconds
6,46,fine : 29.33 seconds
[[1544  370]
 [  22   74]]
acc: 0.805
f1: 0.274
[[1903   11]
 [  79   17]]
acc: 0.955
f1: 0.274
6,47,coarse : 29.57 seconds
6,47,fine : 29.58 seconds
[[1542  372]
 [  22   74]]
acc: 0.804
f1: 0.273
[[1902   12]
 [  80   16]]
acc: 0.954
f1: 0.258
6,48,coarse : 29.22 seconds
6,48,fine : 29.23 seconds
[[1532  382]
 [  23   73]]
acc: 0.799
f1: 0.265
[[1902   12]
 [  79   17]]
acc: 0.955
f1: 0.272
6,49,coarse : 29.47 seconds
6,49,fine : 29.48 seconds
[[1538  376]
 [  22   74]]
acc: 0.802
f1: 0.271
[[1903   11]
 [  79   17]]
acc: 0.955
f1: 0.274
6,50,coarse : 31.99 seconds
6,50,fine : 32.0 seconds
[[1545  369]
 [  22   74]]
acc: 0.805
f1: 0.275
[[1903   11]
 [  78   18]]
acc: 0.956
f1: 0.288
6,51,coarse : 29.54 seconds
6,51,fine : 29.55 seconds
[[1548  366]
 [  22   74]]
acc: 0.807
f1: 0.276
[[1903   11]
 [  78   18]]
acc: 0.956
f1: 0.288
6,52,coarse : 29.94 seconds
6,52,fine : 29.95 seconds
[[1549  365]
 [  22   74]]
acc: 0.807
f1: 0.277
[[1903   11]
 [  78   18]]
acc: 0.956
f1: 0.288
6,53,coarse : 30.32 seconds
6,53,fine : 30.33 seconds
[[1551  363]
 [  23   73]]
acc: 0.808
f1: 0.274
[[1902   12]
 [  78   18]]
acc: 0.955
f1: 0.286
6,54,coarse : 29.84 seconds
6,54,fine : 29.85 seconds
[[1551  363]
 [  23   73]]
acc: 0.808
f1: 0.274
[[1901   13]
 [  78   18]]
acc: 0.955
f1: 0.283
6,55,coarse : 29.55 seconds
6,55,fine : 29.56 seconds
[[1549  365]
 [  23   73]]
acc: 0.807
f1: 0.273
[[1900   14]
 [  78   18]]
acc: 0.954
f1: 0.281
6,56,coarse : 29.73 seconds
6,56,fine : 29.74 seconds
[[1555  359]
 [  22   74]]
acc: 0.810
f1: 0.280
[[1901   13]
 [  78   18]]
acc: 0.955
f1: 0.283
6,57,coarse : 30.28 seconds
6,57,fine : 30.29 seconds
[[1553  361]
 [  23   73]]
acc: 0.809
f1: 0.275
[[1901   13]
 [  78   18]]
acc: 0.955
f1: 0.283
6,58,coarse : 30.02 seconds
6,58,fine : 30.03 seconds
[[1557  357]
 [  23   73]]
acc: 0.811
f1: 0.278
[[1901   13]
 [  77   19]]
acc: 0.955
f1: 0.297
6,59,coarse : 29.57 seconds
6,59,fine : 29.58 seconds
[[1555  359]
 [  23   73]]
acc: 0.810
f1: 0.277
[[1900   14]
 [  77   19]]
acc: 0.955
f1: 0.295
6,60,coarse : 29.58 seconds
6,60,fine : 29.59 seconds
[[1559  355]
 [  23   73]]
acc: 0.812
f1: 0.279
[[1900   14]
 [  77   19]]
acc: 0.955
f1: 0.295
6,61,coarse : 30.21 seconds
6,61,fine : 30.22 seconds
[[1559  355]
 [  21   75]]
acc: 0.813
f1: 0.285
[[1898   16]
 [  77   19]]
acc: 0.954
f1: 0.290
6,62,coarse : 30.3 seconds
6,62,fine : 30.31 seconds
[[1557  357]
 [  21   75]]
acc: 0.812
f1: 0.284
[[1898   16]
 [  75   21]]
acc: 0.955
f1: 0.316
6,63,coarse : 29.89 seconds
6,63,fine : 29.9 seconds
[[1561  353]
 [  21   75]]
acc: 0.814
f1: 0.286
[[1897   17]
 [  75   21]]
acc: 0.954
f1: 0.313
6,64,coarse : 30.2 seconds
6,64,fine : 30.21 seconds
[[1562  352]
 [  21   75]]
acc: 0.814
f1: 0.287
[[1897   17]
 [  74   22]]
acc: 0.955
f1: 0.326
6,65,coarse : 30.35 seconds
6,65,fine : 30.36 seconds
[[1558  356]
 [  23   73]]
acc: 0.811
f1: 0.278
[[1898   16]
 [  76   20]]
acc: 0.954
f1: 0.303
6,66,coarse : 30.65 seconds
6,66,fine : 30.66 seconds
[[1554  360]
 [  23   73]]
acc: 0.809
f1: 0.276
[[1898   16]
 [  75   21]]
acc: 0.955
f1: 0.316
6,67,coarse : 29.96 seconds
6,67,fine : 29.98 seconds
[[1554  360]
 [  22   74]]
acc: 0.810
f1: 0.279
[[1897   17]
 [  75   21]]
acc: 0.954
f1: 0.313
6,68,coarse : 29.85 seconds
6,68,fine : 29.86 seconds
[[1550  364]
 [  22   74]]
acc: 0.808
f1: 0.277
[[1897   17]
 [  75   21]]
acc: 0.954
f1: 0.313
6,69,coarse : 30.52 seconds
6,69,fine : 30.53 seconds
[[1549  365]
 [  21   75]]
acc: 0.808
f1: 0.280
[[1896   18]
 [  75   21]]
acc: 0.954
f1: 0.311
6,70,coarse : 30.64 seconds
6,70,fine : 30.65 seconds
[[1550  364]
 [  22   74]]
acc: 0.808
f1: 0.277
[[1894   20]
 [  75   21]]
acc: 0.953
f1: 0.307
6,71,coarse : 30.75 seconds
6,71,fine : 30.76 seconds
[[1549  365]
 [  22   74]]
acc: 0.807
f1: 0.277
[[1894   20]
 [  75   21]]
acc: 0.953
f1: 0.307
6,72,coarse : 30.82 seconds
6,72,fine : 30.83 seconds
[[1550  364]
 [  22   74]]
acc: 0.808
f1: 0.277
[[1895   19]
 [  75   21]]
acc: 0.953
f1: 0.309
6,73,coarse : 30.68 seconds
6,73,fine : 30.69 seconds
[[1553  361]
 [  22   74]]
acc: 0.809
f1: 0.279
[[1894   20]
 [  74   22]]
acc: 0.953
f1: 0.319
6,74,coarse : 30.78 seconds
6,74,fine : 30.79 seconds
[[1555  359]
 [  22   74]]
acc: 0.810
f1: 0.280
[[1894   20]
 [  73   23]]
acc: 0.954
f1: 0.331
6,75,coarse : 31.35 seconds
6,75,fine : 31.36 seconds
[[1558  356]
 [  23   73]]
acc: 0.811
f1: 0.278
[[1894   20]
 [  73   23]]
acc: 0.954
f1: 0.331
6,76,coarse : 30.32 seconds
6,76,fine : 30.34 seconds
[[1558  356]
 [  23   73]]
acc: 0.811
f1: 0.278
[[1892   22]
 [  72   24]]
acc: 0.953
f1: 0.338
6,77,coarse : 30.59 seconds
6,77,fine : 30.61 seconds
[[1565  349]
 [  23   73]]
acc: 0.815
f1: 0.282
[[1892   22]
 [  71   25]]
acc: 0.954
f1: 0.350
6,78,coarse : 30.71 seconds
6,78,fine : 30.72 seconds
[[1563  351]
 [  23   73]]
acc: 0.814
f1: 0.281
[[1891   23]
 [  71   25]]
acc: 0.953
f1: 0.347
6,79,coarse : 29.96 seconds
6,79,fine : 29.97 seconds
[[1558  356]
 [  23   73]]
acc: 0.811
f1: 0.278
[[1891   23]
 [  71   25]]
acc: 0.953
f1: 0.347
6,80,coarse : 31.36 seconds
6,80,fine : 31.37 seconds
[[1560  354]
 [  23   73]]
acc: 0.812
f1: 0.279
[[1891   23]
 [  71   25]]
acc: 0.953
f1: 0.347
6,81,coarse : 30.52 seconds
6,81,fine : 30.53 seconds
[[1562  352]
 [  23   73]]
acc: 0.813
f1: 0.280
[[1891   23]
 [  71   25]]
acc: 0.953
f1: 0.347
6,82,coarse : 30.71 seconds
6,82,fine : 30.72 seconds
[[1562  352]
 [  23   73]]
acc: 0.813
f1: 0.280
[[1891   23]
 [  70   26]]
acc: 0.954
f1: 0.359
6,83,coarse : 30.45 seconds
6,83,fine : 30.46 seconds
[[1561  353]
 [  23   73]]
acc: 0.813
f1: 0.280
[[1889   25]
 [  70   26]]
acc: 0.953
f1: 0.354
6,84,coarse : 30.32 seconds
6,84,fine : 30.33 seconds
[[1559  355]
 [  23   73]]
acc: 0.812
f1: 0.279
[[1889   25]
 [  70   26]]
acc: 0.953
f1: 0.354
6,85,coarse : 31.12 seconds
6,85,fine : 31.13 seconds
[[1556  358]
 [  23   73]]
acc: 0.810
f1: 0.277
[[1888   26]
 [  69   27]]
acc: 0.953
f1: 0.362
6,86,coarse : 31.4 seconds
6,86,fine : 31.41 seconds
[[1557  357]
 [  23   73]]
acc: 0.811
f1: 0.278
[[1888   26]
 [  67   29]]
acc: 0.954
f1: 0.384
6,87,coarse : 31.27 seconds
6,87,fine : 31.28 seconds
[[1560  354]
 [  22   74]]
acc: 0.813
f1: 0.282
[[1888   26]
 [  67   29]]
acc: 0.954
f1: 0.384
6,88,coarse : 31.04 seconds
6,88,fine : 31.05 seconds
[[1562  352]
 [  22   74]]
acc: 0.814
f1: 0.284
[[1888   26]
 [  66   30]]
acc: 0.954
f1: 0.395
6,89,coarse : 31.18 seconds
6,89,fine : 31.2 seconds
[[1559  355]
 [  22   74]]
acc: 0.812
f1: 0.282
[[1888   26]
 [  66   30]]
acc: 0.954
f1: 0.395
6,90,coarse : 31.51 seconds
6,90,fine : 31.52 seconds
[[1560  354]
 [  22   74]]
acc: 0.813
f1: 0.282
[[1888   26]
 [  65   31]]
acc: 0.955
f1: 0.405
6,91,coarse : 32.0 seconds
6,91,fine : 32.01 seconds
[[1567  347]
 [  22   74]]
acc: 0.816
f1: 0.286
[[1887   27]
 [  65   31]]
acc: 0.954
f1: 0.403
6,92,coarse : 32.69 seconds
6,92,fine : 32.71 seconds
[[1570  344]
 [  22   74]]
acc: 0.818
f1: 0.288
[[1887   27]
 [  64   32]]
acc: 0.955
f1: 0.413
6,93,coarse : 32.26 seconds
6,93,fine : 32.27 seconds
[[1570  344]
 [  22   74]]
acc: 0.818
f1: 0.288
[[1887   27]
 [  64   32]]
acc: 0.955
f1: 0.413
6,94,coarse : 32.28 seconds
6,94,fine : 32.29 seconds
[[1571  343]
 [  22   74]]
acc: 0.818
f1: 0.288
[[1887   27]
 [  64   32]]
acc: 0.955
f1: 0.413
6,95,coarse : 31.47 seconds
6,95,fine : 31.48 seconds
[[1569  345]
 [  22   74]]
acc: 0.817
f1: 0.287
[[1887   27]
 [  64   32]]
acc: 0.955
f1: 0.413
6,96,coarse : 31.64 seconds
6,96,fine : 31.65 seconds
[[1571  343]
 [  22   74]]
acc: 0.818
f1: 0.288
[[1883   31]
 [  64   32]]
acc: 0.953
f1: 0.403
6,97,coarse : 32.04 seconds
6,97,fine : 32.05 seconds
[[1569  345]
 [  22   74]]
acc: 0.817
f1: 0.287
[[1883   31]
 [  63   33]]
acc: 0.953
f1: 0.412
6,98,coarse : 32.33 seconds
6,98,fine : 32.34 seconds
[[1572  342]
 [  22   74]]
acc: 0.819
f1: 0.289
[[1882   32]
 [  62   34]]
acc: 0.953
f1: 0.420
6,99,coarse : 32.1 seconds
6,99,fine : 32.11 seconds
[[1569  345]
 [  22   74]]
acc: 0.817
f1: 0.287
[[1880   34]
 [  62   34]]
acc: 0.952
f1: 0.415
6,100,coarse : 33.92 seconds
6,100,fine : 33.93 seconds
[[1568  346]
 [  23   73]]
acc: 0.816
f1: 0.283
[[1880   34]
 [  62   34]]
acc: 0.952
f1: 0.415
6,101,coarse : 32.33 seconds
6,101,fine : 32.34 seconds
[[1567  347]
 [  22   74]]
acc: 0.816
f1: 0.286
[[1880   34]
 [  61   35]]
acc: 0.953
f1: 0.424
6,102,coarse : 33.2 seconds
6,102,fine : 33.22 seconds
[[1568  346]
 [  24   72]]
acc: 0.816
f1: 0.280
[[1880   34]
 [  59   37]]
acc: 0.954
f1: 0.443
6,103,coarse : 32.82 seconds
6,103,fine : 32.83 seconds
[[1570  344]
 [  23   73]]
acc: 0.817
f1: 0.285
[[1879   35]
 [  58   38]]
acc: 0.954
f1: 0.450
6,104,coarse : 26.78 seconds
6,104,fine : 26.8 seconds
[[1568  346]
 [  24   72]]
acc: 0.816
f1: 0.280
[[1879   35]
 [  58   38]]
acc: 0.954
f1: 0.450
6,105,coarse : 27.02 seconds
6,105,fine : 27.03 seconds
[[1568  346]
 [  22   74]]
acc: 0.817
f1: 0.287
[[1879   35]
 [  56   40]]
acc: 0.955
f1: 0.468
6,106,coarse : 26.75 seconds
6,106,fine : 26.77 seconds
[[1564  350]
 [  22   74]]
acc: 0.815
f1: 0.285
[[1879   35]
 [  56   40]]
acc: 0.955
f1: 0.468
6,107,coarse : 27.09 seconds
6,107,fine : 27.1 seconds
[[1566  348]
 [  23   73]]
acc: 0.815
f1: 0.282
[[1879   35]
 [  56   40]]
acc: 0.955
f1: 0.468
6,108,coarse : 27.02 seconds
6,108,fine : 27.03 seconds
[[1567  347]
 [  23   73]]
acc: 0.816
f1: 0.283
[[1878   36]
 [  56   40]]
acc: 0.954
f1: 0.465
6,109,coarse : 26.94 seconds
6,109,fine : 26.95 seconds
[[1567  347]
 [  22   74]]
acc: 0.816
f1: 0.286
[[1878   36]
 [  56   40]]
acc: 0.954
f1: 0.465
6,110,coarse : 27.49 seconds
6,110,fine : 27.51 seconds
[[1568  346]
 [  22   74]]
acc: 0.817
f1: 0.287
[[1877   37]
 [  56   40]]
acc: 0.954
f1: 0.462
6,111,coarse : 27.28 seconds
6,111,fine : 27.29 seconds
[[1565  349]
 [  22   74]]
acc: 0.815
f1: 0.285
[[1879   35]
 [  56   40]]
acc: 0.955
f1: 0.468
6,112,coarse : 27.39 seconds
6,112,fine : 27.41 seconds
[[1565  349]
 [  22   74]]
acc: 0.815
f1: 0.285
[[1878   36]
 [  56   40]]
acc: 0.954
f1: 0.465
6,113,coarse : 26.97 seconds
6,113,fine : 26.98 seconds
[[1565  349]
 [  22   74]]
acc: 0.815
f1: 0.285
[[1879   35]
 [  56   40]]
acc: 0.955
f1: 0.468
6,114,coarse : 26.86 seconds
6,114,fine : 26.88 seconds
[[1566  348]
 [  22   74]]
acc: 0.816
f1: 0.286
[[1880   34]
 [  56   40]]
acc: 0.955
f1: 0.471
6,115,coarse : 27.28 seconds
6,115,fine : 27.3 seconds
[[1562  352]
 [  22   74]]
acc: 0.814
f1: 0.284
[[1880   34]
 [  55   41]]
acc: 0.956
f1: 0.480
6,116,coarse : 27.33 seconds
6,116,fine : 27.35 seconds
[[1560  354]
 [  22   74]]
acc: 0.813
f1: 0.282
[[1878   36]
 [  55   41]]
acc: 0.955
f1: 0.474
6,117,coarse : 27.38 seconds
6,117,fine : 27.39 seconds
[[1557  357]
 [  22   74]]
acc: 0.811
f1: 0.281
[[1879   35]
 [  57   39]]
acc: 0.954
f1: 0.459
6,118,coarse : 28.26 seconds
6,118,fine : 28.27 seconds
[[1552  362]
 [  22   74]]
acc: 0.809
f1: 0.278
[[1876   38]
 [  56   40]]
acc: 0.953
f1: 0.460
6,119,coarse : 27.25 seconds
6,119,fine : 27.26 seconds
[[1554  360]
 [  22   74]]
acc: 0.810
f1: 0.279
[[1874   40]
 [  56   40]]
acc: 0.952
f1: 0.455
6,120,coarse : 27.66 seconds
6,120,fine : 27.68 seconds
[[1553  361]
 [  22   74]]
acc: 0.809
f1: 0.279
[[1873   41]
 [  56   40]]
acc: 0.952
f1: 0.452
6,121,coarse : 27.3 seconds
6,121,fine : 27.31 seconds
[[1553  361]
 [  22   74]]
acc: 0.809
f1: 0.279
[[1875   39]
 [  56   40]]
acc: 0.953
f1: 0.457
6,122,coarse : 27.82 seconds
6,122,fine : 27.83 seconds
[[1553  361]
 [  22   74]]
acc: 0.809
f1: 0.279
[[1874   40]
 [  56   40]]
acc: 0.952
f1: 0.455
6,123,coarse : 27.59 seconds
6,123,fine : 27.61 seconds
[[1549  365]
 [  22   74]]
acc: 0.807
f1: 0.277
[[1874   40]
 [  56   40]]
acc: 0.952
f1: 0.455
6,124,coarse : 27.82 seconds
6,124,fine : 27.83 seconds
[[1542  372]
 [  22   74]]
acc: 0.804
f1: 0.273
[[1873   41]
 [  56   40]]
acc: 0.952
f1: 0.452
6,125,coarse : 27.4 seconds
6,125,fine : 27.42 seconds
[[1543  371]
 [  22   74]]
acc: 0.804
f1: 0.274
[[1872   42]
 [  55   41]]
acc: 0.952
f1: 0.458
6,126,coarse : 27.79 seconds
6,126,fine : 27.81 seconds
[[1544  370]
 [  22   74]]
acc: 0.805
f1: 0.274
[[1869   45]
 [  55   41]]
acc: 0.950
f1: 0.451
6,127,coarse : 27.65 seconds
6,127,fine : 27.67 seconds
[[1542  372]
 [  23   73]]
acc: 0.803
f1: 0.270
[[1868   46]
 [  54   42]]
acc: 0.950
f1: 0.457
6,128,coarse : 27.87 seconds
6,128,fine : 27.89 seconds
[[1541  373]
 [  23   73]]
acc: 0.803
f1: 0.269
[[1866   48]
 [  54   42]]
acc: 0.949
f1: 0.452
6,129,coarse : 28.4 seconds
6,129,fine : 28.41 seconds
[[1535  379]
 [  22   74]]
acc: 0.800
f1: 0.270
[[1870   44]
 [  54   42]]
acc: 0.951
f1: 0.462
6,130,coarse : 28.36 seconds
6,130,fine : 28.38 seconds
[[1535  379]
 [  22   74]]
acc: 0.800
f1: 0.270
[[1870   44]
 [  54   42]]
acc: 0.951
f1: 0.462
6,131,coarse : 28.27 seconds
6,131,fine : 28.29 seconds
[[1534  380]
 [  21   75]]
acc: 0.800
f1: 0.272
[[1868   46]
 [  54   42]]
acc: 0.950
f1: 0.457
6,132,coarse : 28.07 seconds
6,132,fine : 28.09 seconds
[[1535  379]
 [  21   75]]
acc: 0.801
f1: 0.273
[[1868   46]
 [  54   42]]
acc: 0.950
f1: 0.457
6,133,coarse : 28.56 seconds
6,133,fine : 28.58 seconds
[[1540  374]
 [  22   74]]
acc: 0.803
f1: 0.272
[[1867   47]
 [  54   42]]
acc: 0.950
f1: 0.454
6,134,coarse : 28.2 seconds
6,134,fine : 28.21 seconds
[[1542  372]
 [  22   74]]
acc: 0.804
f1: 0.273
[[1870   44]
 [  54   42]]
acc: 0.951
f1: 0.462
6,135,coarse : 27.97 seconds
6,135,fine : 27.99 seconds
[[1542  372]
 [  22   74]]
acc: 0.804
f1: 0.273
[[1868   46]
 [  54   42]]
acc: 0.950
f1: 0.457
6,136,coarse : 27.99 seconds
6,136,fine : 28.01 seconds
[[1544  370]
 [  22   74]]
acc: 0.805
f1: 0.274
[[1868   46]
 [  55   41]]
acc: 0.950
f1: 0.448
6,137,coarse : 27.83 seconds
6,137,fine : 27.85 seconds
[[1547  367]
 [  21   75]]
acc: 0.807
f1: 0.279
[[1866   48]
 [  55   41]]
acc: 0.949
f1: 0.443
6,138,coarse : 28.3 seconds
6,138,fine : 28.32 seconds
[[1550  364]
 [  21   75]]
acc: 0.808
f1: 0.280
[[1866   48]
 [  55   41]]
acc: 0.949
f1: 0.443
6,139,coarse : 28.68 seconds
6,139,fine : 28.7 seconds
[[1544  370]
 [  20   76]]
acc: 0.806
f1: 0.280
[[1866   48]
 [  55   41]]
acc: 0.949
f1: 0.443
6,140,coarse : 28.58 seconds
6,140,fine : 28.59 seconds
[[1530  384]
 [  21   75]]
acc: 0.799
f1: 0.270
[[1863   51]
 [  53   43]]
acc: 0.948
f1: 0.453
6,141,coarse : 29.18 seconds
6,141,fine : 29.2 seconds
[[1529  385]
 [  21   75]]
acc: 0.798
f1: 0.270
[[1863   51]
 [  53   43]]
acc: 0.948
f1: 0.453
6,142,coarse : 28.93 seconds
6,142,fine : 28.95 seconds
[[1527  387]
 [  20   76]]
acc: 0.798
f1: 0.272
[[1863   51]
 [  52   44]]
acc: 0.949
f1: 0.461
6,143,coarse : 29.0 seconds
6,143,fine : 29.02 seconds
[[1528  386]
 [  20   76]]
acc: 0.798
f1: 0.272
[[1863   51]
 [  52   44]]
acc: 0.949
f1: 0.461
6,144,coarse : 28.61 seconds
6,144,fine : 28.63 seconds
[[1525  389]
 [  20   76]]
acc: 0.797
f1: 0.271
[[1862   52]
 [  52   44]]
acc: 0.948
f1: 0.458
6,145,coarse : 29.18 seconds
6,145,fine : 29.2 seconds
[[1526  388]
 [  21   75]]
acc: 0.797
f1: 0.268
[[1861   53]
 [  52   44]]
acc: 0.948
f1: 0.456
6,146,coarse : 29.32 seconds
6,146,fine : 29.34 seconds
[[1523  391]
 [  21   75]]
acc: 0.795
f1: 0.267
[[1859   55]
 [  52   44]]
acc: 0.947
f1: 0.451
6,147,coarse : 29.73 seconds
6,147,fine : 29.75 seconds
[[1523  391]
 [  21   75]]
acc: 0.795
f1: 0.267
[[1859   55]
 [  52   44]]
acc: 0.947
f1: 0.451
6,148,coarse : 30.43 seconds
6,148,fine : 30.45 seconds
[[1522  392]
 [  21   75]]
acc: 0.795
f1: 0.266
[[1859   55]
 [  52   44]]
acc: 0.947
f1: 0.451
6,149,coarse : 29.7 seconds
6,149,fine : 29.72 seconds
[[1525  389]
 [  21   75]]
acc: 0.796
f1: 0.268
[[1859   55]
 [  52   44]]
acc: 0.947
f1: 0.451
6,150,coarse : 31.87 seconds
6,150,fine : 31.89 seconds
[[1523  391]
 [  21   75]]
acc: 0.795
f1: 0.267
[[1859   55]
 [  52   44]]
acc: 0.947
f1: 0.451
6,151,coarse : 29.26 seconds
6,151,fine : 29.28 seconds
[[1521  393]
 [  22   74]]
acc: 0.794
f1: 0.263
[[1859   55]
 [  52   44]]
acc: 0.947
f1: 0.451
6,152,coarse : 29.77 seconds
6,152,fine : 29.79 seconds
[[1519  395]
 [  22   74]]
acc: 0.793
f1: 0.262
[[1859   55]
 [  52   44]]
acc: 0.947
f1: 0.451
6,153,coarse : 30.16 seconds
6,153,fine : 30.18 seconds
[[1522  392]
 [  22   74]]
acc: 0.794
f1: 0.263
[[1858   56]
 [  52   44]]
acc: 0.946
f1: 0.449
6,154,coarse : 30.18 seconds
6,154,fine : 30.2 seconds
[[1516  398]
 [  22   74]]
acc: 0.791
f1: 0.261
[[1856   58]
 [  52   44]]
acc: 0.945
f1: 0.444
6,155,coarse : 30.58 seconds
6,155,fine : 30.6 seconds
[[1518  396]
 [  22   74]]
acc: 0.792
f1: 0.261
[[1855   59]
 [  52   44]]
acc: 0.945
f1: 0.442
6,156,coarse : 29.43 seconds
6,156,fine : 29.45 seconds
[[1517  397]
 [  22   74]]
acc: 0.792
f1: 0.261
[[1854   60]
 [  52   44]]
acc: 0.944
f1: 0.440
6,157,coarse : 29.94 seconds
6,157,fine : 29.96 seconds
[[1516  398]
 [  22   74]]
acc: 0.791
f1: 0.261
[[1854   60]
 [  52   44]]
acc: 0.944
f1: 0.440
6,158,coarse : 30.61 seconds
6,158,fine : 30.63 seconds
[[1514  400]
 [  22   74]]
acc: 0.790
f1: 0.260
[[1854   60]
 [  52   44]]
acc: 0.944
f1: 0.440
6,159,coarse : 30.89 seconds
6,159,fine : 30.91 seconds
[[1515  399]
 [  22   74]]
acc: 0.791
f1: 0.260
[[1857   57]
 [  51   45]]
acc: 0.946
f1: 0.455
6,160,coarse : 30.41 seconds
6,160,fine : 30.43 seconds
[[1512  402]
 [  22   74]]
acc: 0.789
f1: 0.259
[[1855   59]
 [  51   45]]
acc: 0.945
f1: 0.450
6,161,coarse : 30.89 seconds
6,161,fine : 30.91 seconds
[[1515  399]
 [  22   74]]
acc: 0.791
f1: 0.260
[[1855   59]
 [  50   46]]
acc: 0.946
f1: 0.458
6,162,coarse : 30.99 seconds
6,162,fine : 31.02 seconds
[[1516  398]
 [  22   74]]
acc: 0.791
f1: 0.261
[[1853   61]
 [  50   46]]
acc: 0.945
f1: 0.453
6,163,coarse : 30.88 seconds
6,163,fine : 30.9 seconds
[[1514  400]
 [  22   74]]
acc: 0.790
f1: 0.260
[[1852   62]
 [  50   46]]
acc: 0.944
f1: 0.451
6,164,coarse : 30.72 seconds
6,164,fine : 30.75 seconds
[[1513  401]
 [  22   74]]
acc: 0.790
f1: 0.259
[[1852   62]
 [  50   46]]
acc: 0.944
f1: 0.451
6,165,coarse : 30.84 seconds
6,165,fine : 30.86 seconds
[[1514  400]
 [  22   74]]
acc: 0.790
f1: 0.260
[[1852   62]
 [  50   46]]
acc: 0.944
f1: 0.451
6,166,coarse : 30.72 seconds
6,166,fine : 30.74 seconds
[[1514  400]
 [  22   74]]
acc: 0.790
f1: 0.260
[[1852   62]
 [  50   46]]
acc: 0.944
f1: 0.451
6,167,coarse : 31.09 seconds
6,167,fine : 31.11 seconds
[[1513  401]
 [  22   74]]
acc: 0.790
f1: 0.259
[[1852   62]
 [  50   46]]
acc: 0.944
f1: 0.451
6,168,coarse : 31.55 seconds
6,168,fine : 31.57 seconds
[[1513  401]
 [  22   74]]
acc: 0.790
f1: 0.259
[[1852   62]
 [  50   46]]
acc: 0.944
f1: 0.451
6,169,coarse : 31.01 seconds
6,169,fine : 31.03 seconds
[[1513  401]
 [  22   74]]
acc: 0.790
f1: 0.259
[[1852   62]
 [  50   46]]
acc: 0.944
f1: 0.451
6,170,coarse : 31.07 seconds
6,170,fine : 31.09 seconds
[[1512  402]
 [  21   75]]
acc: 0.790
f1: 0.262
[[1852   62]
 [  50   46]]
acc: 0.944
f1: 0.451
6,171,coarse : 30.92 seconds
6,171,fine : 30.94 seconds
[[1510  404]
 [  20   76]]
acc: 0.789
f1: 0.264
[[1852   62]
 [  50   46]]
acc: 0.944
f1: 0.451
6,172,coarse : 27.99 seconds
6,172,fine : 28.01 seconds
