all           0      1    2    3    4    5    6    7    8    
1      2010   1914   1    19   32   19   1    11   6    7    
2      2010   1914   1    19   32   19   1    11   6    7    
3      2010   1914   1    19   32   19   1    11   5    8    
4      2010   1914   1    19   32   19   1    10   6    8    
5      2010   1914   1    18   33   19   1    10   6    8    
6      2010   1914   1    18   33   19   1    10   6    8    
7      2010   1913   2    18   33   19   1    10   6    8    
8      2010   1913   2    18   33   19   1    10   6    8    
9      2009   1913   2    18   32   19   2    10   6    7    
10     2009   1913   1    19   32   19   1    11   6    7    
Total  20098  19136  13   185  324  190  11   104  59   76   
train         0      1    2    3    4    5    6    7    8    
1      2010   1914   1    19   32   19   1    11   6    7    
2      2010   1914   1    19   32   19   1    11   6    7    
3      2010   1914   1    19   32   19   1    11   5    8    
4      2010   1914   1    19   32   19   1    10   6    8    
5      2010   1914   1    18   33   19   1    10   6    8    
6      2010   1914   1    18   33   19   1    10   6    8    
7      2010   1913   2    18   33   19   1    10   6    8    
8      2010   1913   2    18   33   19   1    10   6    8    
10     2009   1913   1    19   32   19   1    11   6    7    
Total  18089  17223  11   167  292  171  9    94   53   69   
test          0      1    2    3    4    5    6    7    8    
9      2009   1913   2    18   32   19   2    10   6    7    
Total  2009   1913   2    18   32   19   2    10   6    7    
train_mod     0      1    2    3    4    5    6    7    8    
1      2011   1914   1    19   32   19   2    11   6    7    
2      2010   1914   1    19   32   19   1    11   6    7    
3      2010   1914   1    19   32   19   1    11   5    8    
4      2010   1914   1    19   32   19   1    10   6    8    
5      2010   1914   1    18   33   19   1    10   6    8    
6      2010   1914   1    18   33   19   1    10   6    8    
7      2010   1913   2    18   33   19   1    10   6    8    
8      2010   1913   2    18   33   19   1    10   6    8    
10     2009   1913   1    19   32   19   1    11   6    7    
Total  18090  17223  11   167  292  171  10   94   53   69   
test_mod      0      1    2    3    4    5    6    7    8    
9      2008   1913   2    18   32   19   1    10   6    7    
Total  2008   1913   2    18   32   19   1    10   6    7    
Classes             
0         17223     
1         11        
2         167       
3         292       
4         171       
5         10        
6         94        
7         53        
8         69        
Total     18090     

Shape: 450       

[952, 10, 11, 16, 11, 10, 10, 10, 10]
Sum start => 1040
[[1383  530]
 [  24   71]]
acc: 0.724
f1: 0.204
[[1889   24]
 [  85   10]]
acc: 0.946
f1: 0.155
9,1,coarse : 27.35 seconds
9,1,fine : 27.35 seconds
[[1383  530]
 [  24   71]]
acc: 0.724
f1: 0.204
[[1889   24]
 [  85   10]]
acc: 0.946
f1: 0.155
9,2,coarse : 28.55 seconds
9,2,fine : 28.55 seconds
[[1396  517]
 [  25   70]]
acc: 0.730
f1: 0.205
[[1893   20]
 [  85   10]]
acc: 0.948
f1: 0.160
9,3,coarse : 3.28 seconds
9,3,fine : 3.28 seconds
[[1407  506]
 [  24   71]]
acc: 0.736
f1: 0.211
[[1893   20]
 [  85   10]]
acc: 0.948
f1: 0.160
9,4,coarse : 3.32 seconds
9,4,fine : 3.32 seconds
[[1405  508]
 [  23   72]]
acc: 0.736
f1: 0.213
[[1896   17]
 [  84   11]]
acc: 0.950
f1: 0.179
9,5,coarse : 3.52 seconds
9,5,fine : 3.52 seconds
[[1402  511]
 [  24   71]]
acc: 0.734
f1: 0.210
[[1895   18]
 [  84   11]]
acc: 0.949
f1: 0.177
9,6,coarse : 3.49 seconds
9,6,fine : 3.5 seconds
[[1417  496]
 [  24   71]]
acc: 0.741
f1: 0.215
[[1897   16]
 [  83   12]]
acc: 0.951
f1: 0.195
9,7,coarse : 3.71 seconds
9,7,fine : 3.71 seconds
[[1408  505]
 [  23   72]]
acc: 0.737
f1: 0.214
[[1896   17]
 [  82   13]]
acc: 0.951
f1: 0.208
9,8,coarse : 3.73 seconds
9,8,fine : 3.73 seconds
[[1399  514]
 [  23   72]]
acc: 0.733
f1: 0.211
[[1896   17]
 [  82   13]]
acc: 0.951
f1: 0.208
9,9,coarse : 3.85 seconds
9,9,fine : 3.86 seconds
[[1413  500]
 [  23   72]]
acc: 0.740
f1: 0.216
[[1895   18]
 [  82   13]]
acc: 0.950
f1: 0.206
9,10,coarse : 4.02 seconds
9,10,fine : 4.03 seconds
[[1421  492]
 [  25   70]]
acc: 0.743
f1: 0.213
[[1896   17]
 [  82   13]]
acc: 0.951
f1: 0.208
9,11,coarse : 4.1 seconds
9,11,fine : 4.11 seconds
[[1425  488]
 [  25   70]]
acc: 0.745
f1: 0.214
[[1897   16]
 [  81   14]]
acc: 0.952
f1: 0.224
9,12,coarse : 4.4 seconds
9,12,fine : 4.4 seconds
[[1425  488]
 [  24   71]]
acc: 0.745
f1: 0.217
[[1897   16]
 [  81   14]]
acc: 0.952
f1: 0.224
9,13,coarse : 4.41 seconds
9,13,fine : 4.42 seconds
[[1418  495]
 [  25   70]]
acc: 0.741
f1: 0.212
[[1896   17]
 [  81   14]]
acc: 0.951
f1: 0.222
9,14,coarse : 4.61 seconds
9,14,fine : 4.62 seconds
[[1429  484]
 [  26   69]]
acc: 0.746
f1: 0.213
[[1894   19]
 [  80   15]]
acc: 0.951
f1: 0.233
9,15,coarse : 4.73 seconds
9,15,fine : 4.73 seconds
[[1432  481]
 [  26   69]]
acc: 0.748
f1: 0.214
[[1893   20]
 [  79   16]]
acc: 0.951
f1: 0.244
9,16,coarse : 4.91 seconds
9,16,fine : 4.92 seconds
[[1438  475]
 [  25   70]]
acc: 0.751
f1: 0.219
[[1894   19]
 [  78   17]]
acc: 0.952
f1: 0.260
9,17,coarse : 5.12 seconds
9,17,fine : 5.12 seconds
[[1427  486]
 [  23   72]]
acc: 0.747
f1: 0.221
[[1895   18]
 [  79   16]]
acc: 0.952
f1: 0.248
9,18,coarse : 5.05 seconds
9,18,fine : 5.05 seconds
[[1435  478]
 [  22   73]]
acc: 0.751
f1: 0.226
[[1895   18]
 [  77   18]]
acc: 0.953
f1: 0.275
9,19,coarse : 5.22 seconds
9,19,fine : 5.22 seconds
[[1448  465]
 [  23   72]]
acc: 0.757
f1: 0.228
[[1893   20]
 [  76   19]]
acc: 0.952
f1: 0.284
9,20,coarse : 5.39 seconds
9,20,fine : 5.4 seconds
[[1431  482]
 [  24   71]]
acc: 0.748
f1: 0.219
[[1893   20]
 [  77   18]]
acc: 0.952
f1: 0.271
9,21,coarse : 5.6 seconds
9,21,fine : 5.61 seconds
[[1448  465]
 [  23   72]]
acc: 0.757
f1: 0.228
[[1893   20]
 [  76   19]]
acc: 0.952
f1: 0.284
9,22,coarse : 5.64 seconds
9,22,fine : 5.65 seconds
[[1453  460]
 [  23   72]]
acc: 0.759
f1: 0.230
[[1892   21]
 [  75   20]]
acc: 0.952
f1: 0.294
9,23,coarse : 5.72 seconds
9,23,fine : 5.73 seconds
[[1463  450]
 [  23   72]]
acc: 0.764
f1: 0.233
[[1892   21]
 [  75   20]]
acc: 0.952
f1: 0.294
9,24,coarse : 5.7 seconds
9,24,fine : 5.7 seconds
[[1465  448]
 [  24   71]]
acc: 0.765
f1: 0.231
[[1892   21]
 [  75   20]]
acc: 0.952
f1: 0.294
9,25,coarse : 5.87 seconds
9,25,fine : 5.88 seconds
[[1467  446]
 [  23   72]]
acc: 0.766
f1: 0.235
[[1891   22]
 [  75   20]]
acc: 0.952
f1: 0.292
9,26,coarse : 6.1 seconds
9,26,fine : 6.11 seconds
[[1473  440]
 [  22   73]]
acc: 0.770
f1: 0.240
[[1892   21]
 [  73   22]]
acc: 0.953
f1: 0.319
9,27,coarse : 6.22 seconds
9,27,fine : 6.23 seconds
[[1466  447]
 [  23   72]]
acc: 0.766
f1: 0.235
[[1892   21]
 [  70   25]]
acc: 0.955
f1: 0.355
9,28,coarse : 6.39 seconds
9,28,fine : 6.39 seconds
[[1464  449]
 [  21   74]]
acc: 0.766
f1: 0.239
[[1890   23]
 [  69   26]]
acc: 0.954
f1: 0.361
9,29,coarse : 6.41 seconds
9,29,fine : 6.42 seconds
[[1470  443]
 [  23   72]]
acc: 0.768
f1: 0.236
[[1891   22]
 [  69   26]]
acc: 0.955
f1: 0.364
9,30,coarse : 6.59 seconds
9,30,fine : 6.59 seconds
[[1469  444]
 [  24   71]]
acc: 0.767
f1: 0.233
[[1890   23]
 [  66   29]]
acc: 0.956
f1: 0.395
9,31,coarse : 6.76 seconds
9,31,fine : 6.77 seconds
[[1476  437]
 [  24   71]]
acc: 0.770
f1: 0.235
[[1890   23]
 [  66   29]]
acc: 0.956
f1: 0.395
9,32,coarse : 6.82 seconds
9,32,fine : 6.82 seconds
[[1472  441]
 [  22   73]]
acc: 0.769
f1: 0.240
[[1887   26]
 [  69   26]]
acc: 0.953
f1: 0.354
9,33,coarse : 7.02 seconds
9,33,fine : 7.03 seconds
[[1471  442]
 [  22   73]]
acc: 0.769
f1: 0.239
[[1884   29]
 [  68   27]]
acc: 0.952
f1: 0.358
9,34,coarse : 6.9 seconds
9,34,fine : 6.9 seconds
[[1466  447]
 [  23   72]]
acc: 0.766
f1: 0.235
[[1884   29]
 [  67   28]]
acc: 0.952
f1: 0.368
9,35,coarse : 7.43 seconds
9,35,fine : 7.44 seconds
[[1460  453]
 [  23   72]]
acc: 0.763
f1: 0.232
[[1886   27]
 [  69   26]]
acc: 0.952
f1: 0.351
9,36,coarse : 7.42 seconds
9,36,fine : 7.42 seconds
[[1453  460]
 [  23   72]]
acc: 0.759
f1: 0.230
[[1882   31]
 [  68   27]]
acc: 0.951
f1: 0.353
9,37,coarse : 7.46 seconds
9,37,fine : 7.47 seconds
[[1467  446]
 [  23   72]]
acc: 0.766
f1: 0.235
[[1884   29]
 [  69   26]]
acc: 0.951
f1: 0.347
9,38,coarse : 7.62 seconds
9,38,fine : 7.63 seconds
[[1466  447]
 [  24   71]]
acc: 0.765
f1: 0.232
[[1883   30]
 [  67   28]]
acc: 0.952
f1: 0.366
9,39,coarse : 7.91 seconds
9,39,fine : 7.92 seconds
[[1465  448]
 [  24   71]]
acc: 0.765
f1: 0.231
[[1882   31]
 [  67   28]]
acc: 0.951
f1: 0.364
9,40,coarse : 8.0 seconds
9,40,fine : 8.01 seconds
[[1460  453]
 [  24   71]]
acc: 0.762
f1: 0.229
[[1882   31]
 [  67   28]]
acc: 0.951
f1: 0.364
9,41,coarse : 8.19 seconds
9,41,fine : 8.2 seconds
[[1460  453]
 [  23   72]]
acc: 0.763
f1: 0.232
[[1881   32]
 [  68   27]]
acc: 0.950
f1: 0.351
9,42,coarse : 8.38 seconds
9,42,fine : 8.39 seconds
[[1463  450]
 [  23   72]]
acc: 0.764
f1: 0.233
[[1878   35]
 [  66   29]]
acc: 0.950
f1: 0.365
9,43,coarse : 8.5 seconds
9,43,fine : 8.51 seconds
[[1464  449]
 [  24   71]]
acc: 0.764
f1: 0.231
[[1880   33]
 [  65   30]]
acc: 0.951
f1: 0.380
9,44,coarse : 8.6 seconds
9,44,fine : 8.61 seconds
[[1461  452]
 [  25   70]]
acc: 0.762
f1: 0.227
[[1880   33]
 [  64   31]]
acc: 0.952
f1: 0.390
9,45,coarse : 8.56 seconds
9,45,fine : 8.57 seconds
[[1465  448]
 [  22   73]]
acc: 0.766
f1: 0.237
[[1878   35]
 [  63   32]]
acc: 0.951
f1: 0.395
9,46,coarse : 8.8 seconds
9,46,fine : 8.81 seconds
[[1471  442]
 [  22   73]]
acc: 0.769
f1: 0.239
[[1876   37]
 [  63   32]]
acc: 0.950
f1: 0.390
9,47,coarse : 8.88 seconds
9,47,fine : 8.89 seconds
[[1473  440]
 [  22   73]]
acc: 0.770
f1: 0.240
[[1872   41]
 [  62   33]]
acc: 0.949
f1: 0.391
9,48,coarse : 9.06 seconds
9,48,fine : 9.06 seconds
[[1469  444]
 [  21   74]]
acc: 0.768
f1: 0.241
[[1872   41]
 [  61   34]]
acc: 0.949
f1: 0.400
9,49,coarse : 9.17 seconds
9,49,fine : 9.18 seconds
[[1472  441]
 [  23   72]]
acc: 0.769
f1: 0.237
[[1876   37]
 [  62   33]]
acc: 0.951
f1: 0.400
9,50,coarse : 11.29 seconds
9,50,fine : 11.3 seconds
[[1471  442]
 [  23   72]]
acc: 0.768
f1: 0.236
[[1875   38]
 [  62   33]]
acc: 0.950
f1: 0.398
9,51,coarse : 9.58 seconds
9,51,fine : 9.59 seconds
[[1472  441]
 [  23   72]]
acc: 0.769
f1: 0.237
[[1876   37]
 [  62   33]]
acc: 0.951
f1: 0.400
9,52,coarse : 9.79 seconds
9,52,fine : 9.8 seconds
[[1478  435]
 [  23   72]]
acc: 0.772
f1: 0.239
[[1878   35]
 [  61   34]]
acc: 0.952
f1: 0.415
9,53,coarse : 9.77 seconds
9,53,fine : 9.78 seconds
[[1467  446]
 [  23   72]]
acc: 0.766
f1: 0.235
[[1876   37]
 [  62   33]]
acc: 0.951
f1: 0.400
9,54,coarse : 9.88 seconds
9,54,fine : 9.89 seconds
[[1470  443]
 [  23   72]]
acc: 0.768
f1: 0.236
[[1876   37]
 [  61   34]]
acc: 0.951
f1: 0.410
9,55,coarse : 9.87 seconds
9,55,fine : 9.88 seconds
[[1471  442]
 [  23   72]]
acc: 0.768
f1: 0.236
[[1876   37]
 [  60   35]]
acc: 0.952
f1: 0.419
9,56,coarse : 10.24 seconds
9,56,fine : 10.25 seconds
[[1467  446]
 [  22   73]]
acc: 0.767
f1: 0.238
[[1874   39]
 [  58   37]]
acc: 0.952
f1: 0.433
9,57,coarse : 10.59 seconds
9,57,fine : 10.6 seconds
[[1474  439]
 [  22   73]]
acc: 0.770
f1: 0.241
[[1871   42]
 [  59   36]]
acc: 0.950
f1: 0.416
9,58,coarse : 10.48 seconds
9,58,fine : 10.49 seconds
[[1478  435]
 [  23   72]]
acc: 0.772
f1: 0.239
[[1872   41]
 [  59   36]]
acc: 0.950
f1: 0.419
9,59,coarse : 10.45 seconds
9,59,fine : 10.46 seconds
[[1483  430]
 [  24   71]]
acc: 0.774
f1: 0.238
[[1870   43]
 [  58   37]]
acc: 0.950
f1: 0.423
9,60,coarse : 10.58 seconds
9,60,fine : 10.59 seconds
[[1486  427]
 [  24   71]]
acc: 0.775
f1: 0.239
[[1871   42]
 [  60   35]]
acc: 0.949
f1: 0.407
9,61,coarse : 11.02 seconds
9,61,fine : 11.03 seconds
[[1487  426]
 [  24   71]]
acc: 0.776
f1: 0.240
[[1871   42]
 [  60   35]]
acc: 0.949
f1: 0.407
9,62,coarse : 11.23 seconds
9,62,fine : 11.24 seconds
[[1479  434]
 [  24   71]]
acc: 0.772
f1: 0.237
[[1871   42]
 [  60   35]]
acc: 0.949
f1: 0.407
9,63,coarse : 11.31 seconds
9,63,fine : 11.32 seconds
[[1481  432]
 [  24   71]]
acc: 0.773
f1: 0.237
[[1867   46]
 [  59   36]]
acc: 0.948
f1: 0.407
9,64,coarse : 11.28 seconds
9,64,fine : 11.29 seconds
[[1487  426]
 [  25   70]]
acc: 0.775
f1: 0.237
[[1865   48]
 [  61   34]]
acc: 0.946
f1: 0.384
9,65,coarse : 11.59 seconds
9,65,fine : 11.6 seconds
[[1483  430]
 [  26   69]]
acc: 0.773
f1: 0.232
[[1866   47]
 [  60   35]]
acc: 0.947
f1: 0.395
9,66,coarse : 11.69 seconds
9,66,fine : 11.7 seconds
[[1485  428]
 [  25   70]]
acc: 0.774
f1: 0.236
[[1865   48]
 [  60   35]]
acc: 0.946
f1: 0.393
9,67,coarse : 12.13 seconds
9,67,fine : 12.14 seconds
[[1479  434]
 [  25   70]]
acc: 0.771
f1: 0.234
[[1867   46]
 [  60   35]]
acc: 0.947
f1: 0.398
9,68,coarse : 11.98 seconds
9,68,fine : 11.99 seconds
[[1486  427]
 [  25   70]]
acc: 0.775
f1: 0.236
[[1865   48]
 [  59   36]]
acc: 0.947
f1: 0.402
9,69,coarse : 12.31 seconds
9,69,fine : 12.32 seconds
[[1487  426]
 [  25   70]]
acc: 0.775
f1: 0.237
[[1862   51]
 [  58   37]]
acc: 0.946
f1: 0.404
9,70,coarse : 12.29 seconds
9,70,fine : 12.3 seconds
[[1492  421]
 [  26   69]]
acc: 0.777
f1: 0.236
[[1863   50]
 [  56   39]]
acc: 0.947
f1: 0.424
9,71,coarse : 12.26 seconds
9,71,fine : 12.27 seconds
[[1487  426]
 [  24   71]]
acc: 0.776
f1: 0.240
[[1863   50]
 [  56   39]]
acc: 0.947
f1: 0.424
9,72,coarse : 12.57 seconds
9,72,fine : 12.58 seconds
[[1488  425]
 [  24   71]]
acc: 0.776
f1: 0.240
[[1865   48]
 [  56   39]]
acc: 0.948
f1: 0.429
9,73,coarse : 12.56 seconds
9,73,fine : 12.57 seconds
[[1491  422]
 [  26   69]]
acc: 0.777
f1: 0.235
[[1866   47]
 [  56   39]]
acc: 0.949
f1: 0.431
9,74,coarse : 12.78 seconds
9,74,fine : 12.79 seconds
[[1493  420]
 [  27   68]]
acc: 0.777
f1: 0.233
[[1863   50]
 [  58   37]]
acc: 0.946
f1: 0.407
9,75,coarse : 12.9 seconds
9,75,fine : 12.91 seconds
[[1497  416]
 [  27   68]]
acc: 0.779
f1: 0.235
[[1863   50]
 [  58   37]]
acc: 0.946
f1: 0.407
9,76,coarse : 12.92 seconds
9,76,fine : 12.93 seconds
[[1498  415]
 [  27   68]]
acc: 0.780
f1: 0.235
[[1861   52]
 [  57   38]]
acc: 0.946
f1: 0.411
9,77,coarse : 12.94 seconds
9,77,fine : 12.95 seconds
[[1500  413]
 [  27   68]]
acc: 0.781
f1: 0.236
[[1864   49]
 [  57   38]]
acc: 0.947
f1: 0.418
9,78,coarse : 13.02 seconds
9,78,fine : 13.03 seconds
[[1503  410]
 [  26   69]]
acc: 0.783
f1: 0.240
[[1864   49]
 [  57   38]]
acc: 0.947
f1: 0.418
9,79,coarse : 13.0 seconds
9,79,fine : 13.01 seconds
[[1502  411]
 [  26   69]]
acc: 0.782
f1: 0.240
[[1865   48]
 [  58   37]]
acc: 0.947
f1: 0.411
9,80,coarse : 13.26 seconds
9,80,fine : 13.27 seconds
[[1500  413]
 [  27   68]]
acc: 0.781
f1: 0.236
[[1865   48]
 [  59   36]]
acc: 0.947
f1: 0.402
9,81,coarse : 13.37 seconds
9,81,fine : 13.39 seconds
[[1495  418]
 [  27   68]]
acc: 0.778
f1: 0.234
[[1866   47]
 [  57   38]]
acc: 0.948
f1: 0.422
9,82,coarse : 13.7 seconds
9,82,fine : 13.71 seconds
[[1502  411]
 [  27   68]]
acc: 0.782
f1: 0.237
[[1865   48]
 [  57   38]]
acc: 0.948
f1: 0.420
9,83,coarse : 13.58 seconds
9,83,fine : 13.59 seconds
[[1507  406]
 [  27   68]]
acc: 0.784
f1: 0.239
[[1865   48]
 [  57   38]]
acc: 0.948
f1: 0.420
9,84,coarse : 13.77 seconds
9,84,fine : 13.78 seconds
[[1500  413]
 [  27   68]]
acc: 0.781
f1: 0.236
[[1862   51]
 [  57   38]]
acc: 0.946
f1: 0.413
9,85,coarse : 14.2 seconds
9,85,fine : 14.22 seconds
[[1506  407]
 [  26   69]]
acc: 0.784
f1: 0.242
[[1861   52]
 [  57   38]]
acc: 0.946
f1: 0.411
9,86,coarse : 14.83 seconds
9,86,fine : 14.84 seconds
[[1499  414]
 [  25   70]]
acc: 0.781
f1: 0.242
[[1862   51]
 [  56   39]]
acc: 0.947
f1: 0.422
9,87,coarse : 14.62 seconds
9,87,fine : 14.63 seconds
[[1505  408]
 [  25   70]]
acc: 0.784
f1: 0.244
[[1861   52]
 [  56   39]]
acc: 0.946
f1: 0.419
9,88,coarse : 15.15 seconds
9,88,fine : 15.16 seconds
[[1506  407]
 [  24   71]]
acc: 0.785
f1: 0.248
[[1861   52]
 [  56   39]]
acc: 0.946
f1: 0.419
9,89,coarse : 14.91 seconds
9,89,fine : 14.93 seconds
[[1501  412]
 [  25   70]]
acc: 0.782
f1: 0.243
[[1860   53]
 [  56   39]]
acc: 0.946
f1: 0.417
9,90,coarse : 15.13 seconds
9,90,fine : 15.15 seconds
[[1502  411]
 [  25   70]]
acc: 0.783
f1: 0.243
[[1860   53]
 [  56   39]]
acc: 0.946
f1: 0.417
9,91,coarse : 14.86 seconds
9,91,fine : 14.87 seconds
[[1507  406]
 [  25   70]]
acc: 0.785
f1: 0.245
[[1863   50]
 [  55   40]]
acc: 0.948
f1: 0.432
9,92,coarse : 15.59 seconds
9,92,fine : 15.61 seconds
[[1509  404]
 [  25   70]]
acc: 0.786
f1: 0.246
[[1856   57]
 [  55   40]]
acc: 0.944
f1: 0.417
9,93,coarse : 15.81 seconds
9,93,fine : 15.82 seconds
[[1505  408]
 [  24   71]]
acc: 0.785
f1: 0.247
[[1855   58]
 [  54   41]]
acc: 0.944
f1: 0.423
9,94,coarse : 15.99 seconds
9,94,fine : 16.0 seconds
[[1504  409]
 [  24   71]]
acc: 0.784
f1: 0.247
[[1856   57]
 [  54   41]]
acc: 0.945
f1: 0.425
9,95,coarse : 16.28 seconds
9,95,fine : 16.3 seconds
[[1505  408]
 [  25   70]]
acc: 0.784
f1: 0.244
[[1855   58]
 [  54   41]]
acc: 0.944
f1: 0.423
9,96,coarse : 16.3 seconds
9,96,fine : 16.31 seconds
[[1509  404]
 [  26   69]]
acc: 0.786
f1: 0.243
[[1855   58]
 [  55   40]]
acc: 0.944
f1: 0.415
9,97,coarse : 16.62 seconds
9,97,fine : 16.64 seconds
[[1512  401]
 [  26   69]]
acc: 0.787
f1: 0.244
[[1852   61]
 [  56   39]]
acc: 0.942
f1: 0.400
9,98,coarse : 16.41 seconds
9,98,fine : 16.43 seconds
[[1514  399]
 [  26   69]]
acc: 0.788
f1: 0.245
[[1851   62]
 [  53   42]]
acc: 0.943
f1: 0.422
9,99,coarse : 17.28 seconds
9,99,fine : 17.3 seconds
[[1511  402]
 [  26   69]]
acc: 0.787
f1: 0.244
[[1850   63]
 [  53   42]]
acc: 0.942
f1: 0.420
9,100,coarse : 19.48 seconds
9,100,fine : 19.49 seconds
[[1512  401]
 [  26   69]]
acc: 0.787
f1: 0.244
[[1851   62]
 [  52   43]]
acc: 0.943
f1: 0.430
9,101,coarse : 17.23 seconds
9,101,fine : 17.24 seconds
[[1500  413]
 [  25   70]]
acc: 0.782
f1: 0.242
[[1850   63]
 [  52   43]]
acc: 0.943
f1: 0.428
9,102,coarse : 17.6 seconds
9,102,fine : 17.61 seconds
[[1500  413]
 [  26   69]]
acc: 0.781
f1: 0.239
[[1850   63]
 [  52   43]]
acc: 0.943
f1: 0.428
9,103,coarse : 17.65 seconds
9,103,fine : 17.66 seconds
[[1498  415]
 [  25   70]]
acc: 0.781
f1: 0.241
[[1851   62]
 [  52   43]]
acc: 0.943
f1: 0.430
9,104,coarse : 17.57 seconds
9,104,fine : 17.59 seconds
[[1501  412]
 [  25   70]]
acc: 0.782
f1: 0.243
[[1853   60]
 [  53   42]]
acc: 0.944
f1: 0.426
9,105,coarse : 18.1 seconds
9,105,fine : 18.12 seconds
[[1501  412]
 [  25   70]]
acc: 0.782
f1: 0.243
[[1848   65]
 [  51   44]]
acc: 0.942
f1: 0.431
9,106,coarse : 18.07 seconds
9,106,fine : 18.09 seconds
[[1502  411]
 [  25   70]]
acc: 0.783
f1: 0.243
[[1847   66]
 [  51   44]]
acc: 0.942
f1: 0.429
9,107,coarse : 18.14 seconds
9,107,fine : 18.16 seconds
[[1504  409]
 [  25   70]]
acc: 0.784
f1: 0.244
[[1847   66]
 [  51   44]]
acc: 0.942
f1: 0.429
9,108,coarse : 18.38 seconds
9,108,fine : 18.4 seconds
[[1508  405]
 [  25   70]]
acc: 0.786
f1: 0.246
[[1848   65]
 [  51   44]]
acc: 0.942
f1: 0.431
9,109,coarse : 18.39 seconds
9,109,fine : 18.4 seconds
[[1500  413]
 [  25   70]]
acc: 0.782
f1: 0.242
[[1849   64]
 [  51   44]]
acc: 0.943
f1: 0.433
9,110,coarse : 18.42 seconds
9,110,fine : 18.44 seconds
[[1498  415]
 [  25   70]]
acc: 0.781
f1: 0.241
[[1853   60]
 [  50   45]]
acc: 0.945
f1: 0.450
9,111,coarse : 18.61 seconds
9,111,fine : 18.63 seconds
[[1496  417]
 [  25   70]]
acc: 0.780
f1: 0.241
[[1853   60]
 [  50   45]]
acc: 0.945
f1: 0.450
9,112,coarse : 18.95 seconds
9,112,fine : 18.97 seconds
[[1501  412]
 [  25   70]]
acc: 0.782
f1: 0.243
[[1854   59]
 [  51   44]]
acc: 0.945
f1: 0.444
9,113,coarse : 18.19 seconds
9,113,fine : 18.21 seconds
[[1498  415]
 [  25   70]]
acc: 0.781
f1: 0.241
[[1853   60]
 [  51   44]]
acc: 0.945
f1: 0.442
9,114,coarse : 18.39 seconds
9,114,fine : 18.4 seconds
[[1500  413]
 [  25   70]]
acc: 0.782
f1: 0.242
[[1854   59]
 [  52   43]]
acc: 0.945
f1: 0.437
9,115,coarse : 18.77 seconds
9,115,fine : 18.78 seconds
[[1503  410]
 [  25   70]]
acc: 0.783
f1: 0.243
[[1854   59]
 [  52   43]]
acc: 0.945
f1: 0.437
9,116,coarse : 19.4 seconds
9,116,fine : 19.42 seconds
[[1496  417]
 [  25   70]]
acc: 0.780
f1: 0.241
[[1854   59]
 [  52   43]]
acc: 0.945
f1: 0.437
9,117,coarse : 19.24 seconds
9,117,fine : 19.26 seconds
[[1496  417]
 [  26   69]]
acc: 0.779
f1: 0.238
[[1858   55]
 [  52   43]]
acc: 0.947
f1: 0.446
9,118,coarse : 19.21 seconds
9,118,fine : 19.22 seconds
[[1499  414]
 [  25   70]]
acc: 0.781
f1: 0.242
[[1857   56]
 [  53   42]]
acc: 0.946
f1: 0.435
9,119,coarse : 20.18 seconds
9,119,fine : 20.2 seconds
[[1496  417]
 [  25   70]]
acc: 0.780
f1: 0.241
[[1858   55]
 [  52   43]]
acc: 0.947
f1: 0.446
9,120,coarse : 20.26 seconds
9,120,fine : 20.27 seconds
[[1498  415]
 [  25   70]]
acc: 0.781
f1: 0.241
[[1859   54]
 [  53   42]]
acc: 0.947
f1: 0.440
9,121,coarse : 21.01 seconds
9,121,fine : 21.03 seconds
[[1494  419]
 [  25   70]]
acc: 0.779
f1: 0.240
[[1861   52]
 [  53   42]]
acc: 0.948
f1: 0.444
9,122,coarse : 20.56 seconds
9,122,fine : 20.57 seconds
[[1496  417]
 [  25   70]]
acc: 0.780
f1: 0.241
[[1858   55]
 [  53   42]]
acc: 0.946
f1: 0.437
9,123,coarse : 20.79 seconds
9,123,fine : 20.81 seconds
[[1499  414]
 [  24   71]]
acc: 0.782
f1: 0.245
[[1859   54]
 [  55   40]]
acc: 0.946
f1: 0.423
9,124,coarse : 21.04 seconds
9,124,fine : 21.06 seconds
[[1501  412]
 [  25   70]]
acc: 0.782
f1: 0.243
[[1859   54]
 [  56   39]]
acc: 0.945
f1: 0.415
9,125,coarse : 21.13 seconds
9,125,fine : 21.15 seconds
[[1502  411]
 [  24   71]]
acc: 0.783
f1: 0.246
[[1857   56]
 [  54   41]]
acc: 0.945
f1: 0.427
9,126,coarse : 21.59 seconds
9,126,fine : 21.61 seconds
[[1502  411]
 [  23   72]]
acc: 0.784
f1: 0.249
[[1857   56]
 [  54   41]]
acc: 0.945
f1: 0.427
9,127,coarse : 21.92 seconds
9,127,fine : 21.94 seconds
[[1503  410]
 [  23   72]]
acc: 0.784
f1: 0.250
[[1855   58]
 [  55   40]]
acc: 0.944
f1: 0.415
9,128,coarse : 21.26 seconds
9,128,fine : 21.27 seconds
[[1493  420]
 [  23   72]]
acc: 0.779
f1: 0.245
[[1854   59]
 [  54   41]]
acc: 0.944
f1: 0.421
9,129,coarse : 22.0 seconds
9,129,fine : 22.01 seconds
[[1494  419]
 [  23   72]]
acc: 0.780
f1: 0.246
[[1855   58]
 [  54   41]]
acc: 0.944
f1: 0.423
9,130,coarse : 22.7 seconds
9,130,fine : 22.72 seconds
[[1501  412]
 [  23   72]]
acc: 0.783
f1: 0.249
[[1853   60]
 [  52   43]]
acc: 0.944
f1: 0.434
9,131,coarse : 22.32 seconds
9,131,fine : 22.34 seconds
[[1496  417]
 [  22   73]]
acc: 0.781
f1: 0.250
[[1850   63]
 [  52   43]]
acc: 0.943
f1: 0.428
9,132,coarse : 23.08 seconds
9,132,fine : 23.09 seconds
[[1499  414]
 [  23   72]]
acc: 0.782
f1: 0.248
[[1851   62]
 [  51   44]]
acc: 0.944
f1: 0.438
9,133,coarse : 23.24 seconds
9,133,fine : 23.26 seconds
[[1495  418]
 [  23   72]]
acc: 0.780
f1: 0.246
[[1850   63]
 [  52   43]]
acc: 0.943
f1: 0.428
9,134,coarse : 23.26 seconds
9,134,fine : 23.28 seconds
[[1498  415]
 [  23   72]]
acc: 0.782
f1: 0.247
[[1851   62]
 [  52   43]]
acc: 0.943
f1: 0.430
9,135,coarse : 23.71 seconds
9,135,fine : 23.73 seconds
[[1498  415]
 [  23   72]]
acc: 0.782
f1: 0.247
[[1850   63]
 [  52   43]]
acc: 0.943
f1: 0.428
9,136,coarse : 23.41 seconds
9,136,fine : 23.43 seconds
[[1498  415]
 [  24   71]]
acc: 0.781
f1: 0.244
[[1851   62]
 [  53   42]]
acc: 0.943
f1: 0.422
9,137,coarse : 23.69 seconds
9,137,fine : 23.71 seconds
[[1496  417]
 [  24   71]]
acc: 0.780
f1: 0.244
[[1850   63]
 [  52   43]]
acc: 0.943
f1: 0.428
9,138,coarse : 23.82 seconds
9,138,fine : 23.85 seconds
[[1499  414]
 [  24   71]]
acc: 0.782
f1: 0.245
[[1850   63]
 [  52   43]]
acc: 0.943
f1: 0.428
9,139,coarse : 24.35 seconds
9,139,fine : 24.37 seconds
[[1496  417]
 [  22   73]]
acc: 0.781
f1: 0.250
[[1851   62]
 [  52   43]]
acc: 0.943
f1: 0.430
9,140,coarse : 24.12 seconds
9,140,fine : 24.14 seconds
[[1503  410]
 [  24   71]]
acc: 0.784
f1: 0.247
[[1851   62]
 [  52   43]]
acc: 0.943
f1: 0.430
9,141,coarse : 24.82 seconds
9,141,fine : 24.84 seconds
[[1500  413]
 [  23   72]]
acc: 0.783
f1: 0.248
[[1851   62]
 [  51   44]]
acc: 0.944
f1: 0.438
9,142,coarse : 24.24 seconds
9,142,fine : 24.26 seconds
[[1499  414]
 [  23   72]]
acc: 0.782
f1: 0.248
[[1852   61]
 [  51   44]]
acc: 0.944
f1: 0.440
9,143,coarse : 24.76 seconds
9,143,fine : 24.78 seconds
[[1492  421]
 [  23   72]]
acc: 0.779
f1: 0.245
[[1851   62]
 [  52   43]]
acc: 0.943
f1: 0.430
9,144,coarse : 25.17 seconds
9,144,fine : 25.19 seconds
[[1496  417]
 [  23   72]]
acc: 0.781
f1: 0.247
[[1853   60]
 [  51   44]]
acc: 0.945
f1: 0.442
9,145,coarse : 25.44 seconds
9,145,fine : 25.46 seconds
[[1499  414]
 [  22   73]]
acc: 0.783
f1: 0.251
[[1851   62]
 [  51   44]]
acc: 0.944
f1: 0.438
9,146,coarse : 25.54 seconds
9,146,fine : 25.56 seconds
[[1503  410]
 [  22   73]]
acc: 0.785
f1: 0.253
[[1851   62]
 [  51   44]]
acc: 0.944
f1: 0.438
9,147,coarse : 25.4 seconds
9,147,fine : 25.42 seconds
[[1501  412]
 [  22   73]]
acc: 0.784
f1: 0.252
[[1850   63]
 [  51   44]]
acc: 0.943
f1: 0.436
9,148,coarse : 25.73 seconds
9,148,fine : 25.75 seconds
[[1502  411]
 [  22   73]]
acc: 0.784
f1: 0.252
[[1849   64]
 [  51   44]]
acc: 0.943
f1: 0.433
9,149,coarse : 25.27 seconds
9,149,fine : 25.29 seconds
[[1501  412]
 [  22   73]]
acc: 0.784
f1: 0.252
[[1850   63]
 [  51   44]]
acc: 0.943
f1: 0.436
9,150,coarse : 27.77 seconds
9,150,fine : 27.78 seconds
[[1502  411]
 [  22   73]]
acc: 0.784
f1: 0.252
[[1851   62]
 [  50   45]]
acc: 0.944
f1: 0.446
9,151,coarse : 25.7 seconds
9,151,fine : 25.72 seconds
[[1505  408]
 [  22   73]]
acc: 0.786
f1: 0.253
[[1854   59]
 [  51   44]]
acc: 0.945
f1: 0.444
9,152,coarse : 26.24 seconds
9,152,fine : 26.26 seconds
[[1504  409]
 [  22   73]]
acc: 0.785
f1: 0.253
[[1852   61]
 [  50   45]]
acc: 0.945
f1: 0.448
9,153,coarse : 26.29 seconds
9,153,fine : 26.31 seconds
[[1504  409]
 [  22   73]]
acc: 0.785
f1: 0.253
[[1852   61]
 [  51   44]]
acc: 0.944
f1: 0.440
9,154,coarse : 26.13 seconds
9,154,fine : 26.16 seconds
[[1502  411]
 [  22   73]]
acc: 0.784
f1: 0.252
[[1852   61]
 [  51   44]]
acc: 0.944
f1: 0.440
9,155,coarse : 26.75 seconds
9,155,fine : 26.77 seconds
[[1502  411]
 [  22   73]]
acc: 0.784
f1: 0.252
[[1852   61]
 [  51   44]]
acc: 0.944
f1: 0.440
9,156,coarse : 27.06 seconds
9,156,fine : 27.08 seconds
[[1502  411]
 [  23   72]]
acc: 0.784
f1: 0.249
[[1854   59]
 [  52   43]]
acc: 0.945
f1: 0.437
9,157,coarse : 27.46 seconds
9,157,fine : 27.48 seconds
[[1501  412]
 [  23   72]]
acc: 0.783
f1: 0.249
[[1852   61]
 [  52   43]]
acc: 0.944
f1: 0.432
9,158,coarse : 27.64 seconds
9,158,fine : 27.66 seconds
[[1507  406]
 [  23   72]]
acc: 0.786
f1: 0.251
[[1851   62]
 [  51   44]]
acc: 0.944
f1: 0.438
9,159,coarse : 27.83 seconds
9,159,fine : 27.85 seconds
[[1506  407]
 [  23   72]]
acc: 0.786
f1: 0.251
[[1851   62]
 [  51   44]]
acc: 0.944
f1: 0.438
9,160,coarse : 27.83 seconds
9,160,fine : 27.85 seconds
[[1506  407]
 [  23   72]]
acc: 0.786
f1: 0.251
[[1851   62]
 [  51   44]]
acc: 0.944
f1: 0.438
9,161,coarse : 27.36 seconds
9,161,fine : 27.38 seconds
[[1507  406]
 [  23   72]]
acc: 0.786
f1: 0.251
[[1852   61]
 [  51   44]]
acc: 0.944
f1: 0.440
9,162,coarse : 28.25 seconds
9,162,fine : 28.27 seconds
[[1507  406]
 [  23   72]]
acc: 0.786
f1: 0.251
[[1852   61]
 [  50   45]]
acc: 0.945
f1: 0.448
9,163,coarse : 28.61 seconds
9,163,fine : 28.63 seconds
[[1505  408]
 [  23   72]]
acc: 0.785
f1: 0.250
[[1851   62]
 [  50   45]]
acc: 0.944
f1: 0.446
9,164,coarse : 28.81 seconds
9,164,fine : 28.83 seconds
[[1507  406]
 [  23   72]]
acc: 0.786
f1: 0.251
[[1850   63]
 [  50   45]]
acc: 0.944
f1: 0.443
9,165,coarse : 28.17 seconds
9,165,fine : 28.19 seconds
[[1507  406]
 [  23   72]]
acc: 0.786
f1: 0.251
[[1848   65]
 [  49   46]]
acc: 0.943
f1: 0.447
9,166,coarse : 29.17 seconds
9,166,fine : 29.19 seconds
[[1509  404]
 [  24   71]]
acc: 0.787
f1: 0.249
[[1848   65]
 [  51   44]]
acc: 0.942
f1: 0.431
9,167,coarse : 29.61 seconds
9,167,fine : 29.64 seconds
[[1509  404]
 [  24   71]]
acc: 0.787
f1: 0.249
[[1851   62]
 [  50   45]]
acc: 0.944
f1: 0.446
9,168,coarse : 29.73 seconds
9,168,fine : 29.75 seconds
[[1512  401]
 [  23   72]]
acc: 0.789
f1: 0.254
[[1851   62]
 [  50   45]]
acc: 0.944
f1: 0.446
9,169,coarse : 29.17 seconds
9,169,fine : 29.19 seconds
[[1511  402]
 [  23   72]]
acc: 0.788
f1: 0.253
[[1850   63]
 [  50   45]]
acc: 0.944
f1: 0.443
9,170,coarse : 30.34 seconds
9,170,fine : 30.36 seconds
[[1508  405]
 [  24   71]]
acc: 0.786
f1: 0.249
[[1851   62]
 [  50   45]]
acc: 0.944
f1: 0.446
9,171,coarse : 30.91 seconds
9,171,fine : 30.93 seconds
[[1510  403]
 [  24   71]]
acc: 0.787
f1: 0.250
[[1851   62]
 [  50   45]]
acc: 0.944
f1: 0.446
9,172,coarse : 30.76 seconds
9,172,fine : 30.78 seconds
