all           0      1    2    3    4    5    6    7    8    
1      2010   1914   1    19   32   19   1    11   6    7    
2      2010   1914   1    19   32   19   1    11   6    7    
3      2010   1914   1    19   32   19   1    11   5    8    
4      2010   1914   1    19   32   19   1    10   6    8    
5      2010   1914   1    18   33   19   1    10   6    8    
6      2010   1914   1    18   33   19   1    10   6    8    
7      2010   1913   2    18   33   19   1    10   6    8    
8      2010   1913   2    18   33   19   1    10   6    8    
9      2009   1913   2    18   32   19   2    10   6    7    
10     2009   1913   1    19   32   19   1    11   6    7    
Total  20098  19136  13   185  324  190  11   104  59   76   
train         0      1    2    3    4    5    6    7    8    
1      2010   1914   1    19   32   19   1    11   6    7    
2      2010   1914   1    19   32   19   1    11   6    7    
3      2010   1914   1    19   32   19   1    11   5    8    
4      2010   1914   1    19   32   19   1    10   6    8    
5      2010   1914   1    18   33   19   1    10   6    8    
6      2010   1914   1    18   33   19   1    10   6    8    
7      2010   1913   2    18   33   19   1    10   6    8    
8      2010   1913   2    18   33   19   1    10   6    8    
9      2009   1913   2    18   32   19   2    10   6    7    
Total  18089  17223  12   166  292  171  10   93   53   69   
test          0      1    2    3    4    5    6    7    8    
10     2009   1913   1    19   32   19   1    11   6    7    
Total  2009   1913   1    19   32   19   1    11   6    7    
Classes             
0         17223     
1         12        
2         166       
3         292       
4         171       
5         10        
6         93        
7         53        
8         69        
Total     18089     

Shape: 450       

[952, 10, 11, 16, 11, 10, 10, 10, 10]
Sum start => 1040
[[1427  486]
 [  22   74]]
acc: 0.747
f1: 0.226
[[1886   27]
 [  85   11]]
acc: 0.944
f1: 0.164
10,1,coarse : 38.79 seconds
10,1,fine : 38.82 seconds
[[1427  486]
 [  22   74]]
acc: 0.747
f1: 0.226
[[1886   27]
 [  85   11]]
acc: 0.944
f1: 0.164
10,2,coarse : 40.93 seconds
10,2,fine : 40.93 seconds
[[1437  476]
 [  22   74]]
acc: 0.752
f1: 0.229
[[1887   26]
 [  85   11]]
acc: 0.945
f1: 0.165
10,3,coarse : 34.81 seconds
10,3,fine : 34.81 seconds
[[1438  475]
 [  23   73]]
acc: 0.752
f1: 0.227
[[1883   30]
 [  85   11]]
acc: 0.943
f1: 0.161
10,4,coarse : 34.72 seconds
10,4,fine : 34.72 seconds
[[1441  472]
 [  23   73]]
acc: 0.754
f1: 0.228
[[1882   31]
 [  84   12]]
acc: 0.943
f1: 0.173
10,5,coarse : 35.5 seconds
10,5,fine : 35.5 seconds
[[1437  476]
 [  23   73]]
acc: 0.752
f1: 0.226
[[1878   35]
 [  85   11]]
acc: 0.940
f1: 0.155
10,6,coarse : 34.85 seconds
10,6,fine : 34.86 seconds
[[1444  469]
 [  24   72]]
acc: 0.755
f1: 0.226
[[1878   35]
 [  85   11]]
acc: 0.940
f1: 0.155
10,7,coarse : 34.94 seconds
10,7,fine : 34.94 seconds
[[1442  471]
 [  25   71]]
acc: 0.753
f1: 0.223
[[1876   37]
 [  85   11]]
acc: 0.939
f1: 0.153
10,8,coarse : 35.68 seconds
10,8,fine : 35.69 seconds
[[1439  474]
 [  25   71]]
acc: 0.752
f1: 0.222
[[1878   35]
 [  85   11]]
acc: 0.940
f1: 0.155
10,9,coarse : 35.02 seconds
10,9,fine : 35.02 seconds
[[1442  471]
 [  25   71]]
acc: 0.753
f1: 0.223
[[1875   38]
 [  83   13]]
acc: 0.940
f1: 0.177
10,10,coarse : 35.17 seconds
10,10,fine : 35.17 seconds
[[1444  469]
 [  25   71]]
acc: 0.754
f1: 0.223
[[1871   42]
 [  82   14]]
acc: 0.938
f1: 0.184
10,11,coarse : 35.81 seconds
10,11,fine : 35.81 seconds
[[1440  473]
 [  25   71]]
acc: 0.752
f1: 0.222
[[1870   43]
 [  82   14]]
acc: 0.938
f1: 0.183
10,12,coarse : 35.29 seconds
10,12,fine : 35.3 seconds
[[1438  475]
 [  25   71]]
acc: 0.751
f1: 0.221
[[1868   45]
 [  80   16]]
acc: 0.938
f1: 0.204
10,13,coarse : 35.53 seconds
10,13,fine : 35.53 seconds
[[1439  474]
 [  25   71]]
acc: 0.752
f1: 0.222
[[1863   50]
 [  80   16]]
acc: 0.935
f1: 0.198
10,14,coarse : 36.08 seconds
10,14,fine : 36.09 seconds
[[1436  477]
 [  25   71]]
acc: 0.750
f1: 0.220
[[1864   49]
 [  78   18]]
acc: 0.937
f1: 0.221
10,15,coarse : 35.6 seconds
10,15,fine : 35.6 seconds
[[1439  474]
 [  25   71]]
acc: 0.752
f1: 0.222
[[1861   52]
 [  78   18]]
acc: 0.935
f1: 0.217
10,16,coarse : 35.39 seconds
10,16,fine : 35.39 seconds
[[1435  478]
 [  25   71]]
acc: 0.750
f1: 0.220
[[1861   52]
 [  78   18]]
acc: 0.935
f1: 0.217
10,17,coarse : 36.3 seconds
10,17,fine : 36.31 seconds
[[1439  474]
 [  25   71]]
acc: 0.752
f1: 0.222
[[1857   56]
 [  78   18]]
acc: 0.933
f1: 0.212
10,18,coarse : 35.73 seconds
10,18,fine : 35.74 seconds
[[1436  477]
 [  25   71]]
acc: 0.750
f1: 0.220
[[1860   53]
 [  78   18]]
acc: 0.935
f1: 0.216
10,19,coarse : 35.89 seconds
10,19,fine : 35.89 seconds
[[1433  480]
 [  25   71]]
acc: 0.749
f1: 0.219
[[1857   56]
 [  76   20]]
acc: 0.934
f1: 0.233
10,20,coarse : 36.58 seconds
10,20,fine : 36.58 seconds
[[1429  484]
 [  25   71]]
acc: 0.747
f1: 0.218
[[1858   55]
 [  76   20]]
acc: 0.935
f1: 0.234
10,21,coarse : 35.99 seconds
10,21,fine : 35.99 seconds
[[1425  488]
 [  25   71]]
acc: 0.745
f1: 0.217
[[1857   56]
 [  76   20]]
acc: 0.934
f1: 0.233
10,22,coarse : 36.06 seconds
10,22,fine : 36.07 seconds
[[1419  494]
 [  22   74]]
acc: 0.743
f1: 0.223
[[1856   57]
 [  76   20]]
acc: 0.934
f1: 0.231
10,23,coarse : 36.71 seconds
10,23,fine : 36.72 seconds
[[1419  494]
 [  22   74]]
acc: 0.743
f1: 0.223
[[1853   60]
 [  75   21]]
acc: 0.933
f1: 0.237
10,24,coarse : 36.37 seconds
10,24,fine : 36.38 seconds
[[1415  498]
 [  22   74]]
acc: 0.741
f1: 0.222
[[1854   59]
 [  75   21]]
acc: 0.933
f1: 0.239
10,25,coarse : 36.19 seconds
10,25,fine : 36.2 seconds
[[1409  504]
 [  23   73]]
acc: 0.738
f1: 0.217
[[1852   61]
 [  75   21]]
acc: 0.932
f1: 0.236
10,26,coarse : 36.94 seconds
10,26,fine : 36.94 seconds
[[1403  510]
 [  22   74]]
acc: 0.735
f1: 0.218
[[1853   60]
 [  76   20]]
acc: 0.932
f1: 0.227
10,27,coarse : 36.67 seconds
10,27,fine : 36.67 seconds
[[1402  511]
 [  21   75]]
acc: 0.735
f1: 0.220
[[1853   60]
 [  77   19]]
acc: 0.932
f1: 0.217
10,28,coarse : 36.51 seconds
10,28,fine : 36.51 seconds
[[1398  515]
 [  21   75]]
acc: 0.733
f1: 0.219
[[1851   62]
 [  77   19]]
acc: 0.931
f1: 0.215
10,29,coarse : 36.79 seconds
10,29,fine : 36.8 seconds
[[1397  516]
 [  21   75]]
acc: 0.733
f1: 0.218
[[1850   63]
 [  77   19]]
acc: 0.930
f1: 0.213
10,30,coarse : 36.38 seconds
10,30,fine : 36.38 seconds
[[1392  521]
 [  21   75]]
acc: 0.730
f1: 0.217
[[1849   64]
 [  76   20]]
acc: 0.930
f1: 0.222
10,31,coarse : 36.7 seconds
10,31,fine : 36.71 seconds
[[1389  524]
 [  21   75]]
acc: 0.729
f1: 0.216
[[1849   64]
 [  76   20]]
acc: 0.930
f1: 0.222
10,32,coarse : 36.82 seconds
10,32,fine : 36.83 seconds
[[1390  523]
 [  21   75]]
acc: 0.729
f1: 0.216
[[1847   66]
 [  73   23]]
acc: 0.931
f1: 0.249
10,33,coarse : 37.26 seconds
10,33,fine : 37.26 seconds
[[1382  531]
 [  21   75]]
acc: 0.725
f1: 0.214
[[1846   67]
 [  72   24]]
acc: 0.931
f1: 0.257
10,34,coarse : 36.78 seconds
10,34,fine : 36.79 seconds
[[1383  530]
 [  21   75]]
acc: 0.726
f1: 0.214
[[1846   67]
 [  71   25]]
acc: 0.931
f1: 0.266
10,35,coarse : 37.08 seconds
10,35,fine : 37.09 seconds
[[1378  535]
 [  21   75]]
acc: 0.723
f1: 0.212
[[1844   69]
 [  71   25]]
acc: 0.930
f1: 0.263
10,36,coarse : 37.85 seconds
10,36,fine : 37.86 seconds
[[1377  536]
 [  21   75]]
acc: 0.723
f1: 0.212
[[1843   70]
 [  70   26]]
acc: 0.930
f1: 0.271
10,37,coarse : 37.51 seconds
10,37,fine : 37.52 seconds
[[1372  541]
 [  20   76]]
acc: 0.721
f1: 0.213
[[1844   69]
 [  69   27]]
acc: 0.931
f1: 0.281
10,38,coarse : 37.69 seconds
10,38,fine : 37.7 seconds
[[1370  543]
 [  20   76]]
acc: 0.720
f1: 0.213
[[1842   71]
 [  69   27]]
acc: 0.930
f1: 0.278
10,39,coarse : 37.46 seconds
10,39,fine : 37.48 seconds
[[1368  545]
 [  20   76]]
acc: 0.719
f1: 0.212
[[1840   73]
 [  69   27]]
acc: 0.929
f1: 0.276
10,40,coarse : 38.41 seconds
10,40,fine : 38.43 seconds
[[1365  548]
 [  20   76]]
acc: 0.717
f1: 0.211
[[1838   75]
 [  69   27]]
acc: 0.928
f1: 0.273
10,41,coarse : 37.81 seconds
10,41,fine : 37.82 seconds
[[1362  551]
 [  20   76]]
acc: 0.716
f1: 0.210
[[1834   79]
 [  71   25]]
acc: 0.925
f1: 0.250
10,42,coarse : 37.74 seconds
10,42,fine : 37.75 seconds
[[1360  553]
 [  20   76]]
acc: 0.715
f1: 0.210
[[1835   78]
 [  70   26]]
acc: 0.926
f1: 0.260
10,43,coarse : 38.66 seconds
10,43,fine : 38.67 seconds
[[1355  558]
 [  20   76]]
acc: 0.712
f1: 0.208
[[1832   81]
 [  70   26]]
acc: 0.925
f1: 0.256
10,44,coarse : 38.21 seconds
10,44,fine : 38.22 seconds
[[1356  557]
 [  20   76]]
acc: 0.713
f1: 0.209
[[1832   81]
 [  69   27]]
acc: 0.925
f1: 0.265
10,45,coarse : 37.96 seconds
10,45,fine : 37.97 seconds
[[1355  558]
 [  19   77]]
acc: 0.713
f1: 0.211
[[1831   82]
 [  69   27]]
acc: 0.925
f1: 0.263
10,46,coarse : 38.11 seconds
10,46,fine : 38.11 seconds
[[1354  559]
 [  19   77]]
acc: 0.712
f1: 0.210
[[1830   83]
 [  68   28]]
acc: 0.925
f1: 0.271
10,47,coarse : 38.99 seconds
10,47,fine : 39.0 seconds
[[1352  561]
 [  19   77]]
acc: 0.711
f1: 0.210
[[1831   82]
 [  68   28]]
acc: 0.925
f1: 0.272
10,48,coarse : 38.33 seconds
10,48,fine : 38.34 seconds
[[1352  561]
 [  19   77]]
acc: 0.711
f1: 0.210
[[1832   81]
 [  69   27]]
acc: 0.925
f1: 0.265
10,49,coarse : 38.22 seconds
10,49,fine : 38.24 seconds
[[1350  563]
 [  20   76]]
acc: 0.710
f1: 0.207
[[1835   78]
 [  70   26]]
acc: 0.926
f1: 0.260
10,50,coarse : 41.71 seconds
10,50,fine : 41.72 seconds
[[1348  565]
 [  20   76]]
acc: 0.709
f1: 0.206
[[1837   76]
 [  70   26]]
acc: 0.927
f1: 0.263
10,51,coarse : 38.55 seconds
10,51,fine : 38.56 seconds
[[1342  571]
 [  20   76]]
acc: 0.706
f1: 0.205
[[1836   77]
 [  68   28]]
acc: 0.928
f1: 0.279
10,52,coarse : 38.73 seconds
10,52,fine : 38.74 seconds
[[1343  570]
 [  20   76]]
acc: 0.706
f1: 0.205
[[1836   77]
 [  67   29]]
acc: 0.928
f1: 0.287
10,53,coarse : 39.64 seconds
10,53,fine : 39.65 seconds
[[1343  570]
 [  20   76]]
acc: 0.706
f1: 0.205
[[1835   78]
 [  67   29]]
acc: 0.928
f1: 0.286
10,54,coarse : 38.84 seconds
10,54,fine : 38.85 seconds
[[1346  567]
 [  21   75]]
acc: 0.707
f1: 0.203
[[1834   79]
 [  66   30]]
acc: 0.928
f1: 0.293
10,55,coarse : 39.4 seconds
10,55,fine : 39.41 seconds
[[1345  568]
 [  21   75]]
acc: 0.707
f1: 0.203
[[1828   85]
 [  66   30]]
acc: 0.925
f1: 0.284
10,56,coarse : 39.52 seconds
10,56,fine : 39.54 seconds
[[1348  565]
 [  21   75]]
acc: 0.708
f1: 0.204
[[1826   87]
 [  66   30]]
acc: 0.924
f1: 0.282
10,57,coarse : 40.3 seconds
10,57,fine : 40.31 seconds
[[1351  562]
 [  20   76]]
acc: 0.710
f1: 0.207
[[1824   89]
 [  66   30]]
acc: 0.923
f1: 0.279
10,58,coarse : 40.08 seconds
10,58,fine : 40.09 seconds
[[1353  560]
 [  20   76]]
acc: 0.711
f1: 0.208
[[1823   90]
 [  66   30]]
acc: 0.922
f1: 0.278
10,59,coarse : 39.79 seconds
10,59,fine : 39.8 seconds
[[1352  561]
 [  21   75]]
acc: 0.710
f1: 0.205
[[1822   91]
 [  66   30]]
acc: 0.922
f1: 0.276
10,60,coarse : 40.53 seconds
10,60,fine : 40.54 seconds
[[1357  556]
 [  22   74]]
acc: 0.712
f1: 0.204
[[1819   94]
 [  66   30]]
acc: 0.920
f1: 0.273
10,61,coarse : 40.1 seconds
10,61,fine : 40.12 seconds
[[1361  552]
 [  23   73]]
acc: 0.714
f1: 0.202
[[1819   94]
 [  66   30]]
acc: 0.920
f1: 0.273
10,62,coarse : 41.12 seconds
10,62,fine : 41.13 seconds
[[1362  551]
 [  23   73]]
acc: 0.714
f1: 0.203
[[1817   96]
 [  66   30]]
acc: 0.919
f1: 0.270
10,63,coarse : 40.7 seconds
10,63,fine : 40.71 seconds
[[1361  552]
 [  23   73]]
acc: 0.714
f1: 0.202
[[1815   98]
 [  66   30]]
acc: 0.918
f1: 0.268
10,64,coarse : 40.68 seconds
10,64,fine : 40.69 seconds
[[1362  551]
 [  23   73]]
acc: 0.714
f1: 0.203
[[1808  105]
 [  66   30]]
acc: 0.915
f1: 0.260
10,65,coarse : 40.63 seconds
10,65,fine : 40.64 seconds
[[1360  553]
 [  23   73]]
acc: 0.713
f1: 0.202
[[1806  107]
 [  66   30]]
acc: 0.914
f1: 0.258
10,66,coarse : 41.16 seconds
10,66,fine : 41.17 seconds
[[1358  555]
 [  23   73]]
acc: 0.712
f1: 0.202
[[1805  108]
 [  65   31]]
acc: 0.914
f1: 0.264
10,67,coarse : 41.25 seconds
10,67,fine : 41.26 seconds
[[1359  554]
 [  22   74]]
acc: 0.713
f1: 0.204
[[1803  110]
 [  66   30]]
acc: 0.912
f1: 0.254
10,68,coarse : 40.09 seconds
10,68,fine : 40.1 seconds
[[1362  551]
 [  22   74]]
acc: 0.715
f1: 0.205
[[1803  110]
 [  64   32]]
acc: 0.913
f1: 0.269
10,69,coarse : 40.73 seconds
10,69,fine : 40.74 seconds
[[1366  547]
 [  22   74]]
acc: 0.717
f1: 0.206
[[1804  109]
 [  63   33]]
acc: 0.914
f1: 0.277
10,70,coarse : 40.74 seconds
10,70,fine : 40.75 seconds
[[1366  547]
 [  22   74]]
acc: 0.717
f1: 0.206
[[1805  108]
 [  64   32]]
acc: 0.914
f1: 0.271
10,71,coarse : 41.9 seconds
10,71,fine : 41.91 seconds
[[1366  547]
 [  22   74]]
acc: 0.717
f1: 0.206
[[1801  112]
 [  64   32]]
acc: 0.912
f1: 0.267
10,72,coarse : 41.23 seconds
10,72,fine : 41.24 seconds
[[1364  549]
 [  22   74]]
acc: 0.716
f1: 0.206
[[1800  113]
 [  62   34]]
acc: 0.913
f1: 0.280
10,73,coarse : 41.21 seconds
10,73,fine : 41.22 seconds
[[1365  548]
 [  22   74]]
acc: 0.716
f1: 0.206
[[1798  115]
 [  62   34]]
acc: 0.912
f1: 0.278
10,74,coarse : 41.2 seconds
10,74,fine : 41.21 seconds
[[1370  543]
 [  22   74]]
acc: 0.719
f1: 0.208
[[1797  116]
 [  62   34]]
acc: 0.911
f1: 0.276
10,75,coarse : 41.97 seconds
10,75,fine : 41.98 seconds
[[1373  540]
 [  22   74]]
acc: 0.720
f1: 0.208
[[1797  116]
 [  62   34]]
acc: 0.911
f1: 0.276
10,76,coarse : 41.14 seconds
10,76,fine : 41.15 seconds
[[1376  537]
 [  22   74]]
acc: 0.722
f1: 0.209
[[1797  116]
 [  62   34]]
acc: 0.911
f1: 0.276
10,77,coarse : 41.99 seconds
10,77,fine : 42.0 seconds
[[1379  534]
 [  23   73]]
acc: 0.723
f1: 0.208
[[1797  116]
 [  62   34]]
acc: 0.911
f1: 0.276
10,78,coarse : 42.11 seconds
10,78,fine : 42.12 seconds
[[1384  529]
 [  23   73]]
acc: 0.725
f1: 0.209
[[1795  118]
 [  62   34]]
acc: 0.910
f1: 0.274
10,79,coarse : 42.02 seconds
10,79,fine : 42.03 seconds
[[1388  525]
 [  23   73]]
acc: 0.727
f1: 0.210
[[1792  121]
 [  62   34]]
acc: 0.909
f1: 0.271
10,80,coarse : 42.98 seconds
10,80,fine : 42.99 seconds
[[1394  519]
 [  23   73]]
acc: 0.730
f1: 0.212
[[1792  121]
 [  62   34]]
acc: 0.909
f1: 0.271
10,81,coarse : 41.95 seconds
10,81,fine : 41.96 seconds
[[1395  518]
 [  23   73]]
acc: 0.731
f1: 0.213
[[1789  124]
 [  61   35]]
acc: 0.908
f1: 0.275
10,82,coarse : 42.37 seconds
10,82,fine : 42.38 seconds
[[1400  513]
 [  21   75]]
acc: 0.734
f1: 0.219
[[1787  126]
 [  61   35]]
acc: 0.907
f1: 0.272
10,83,coarse : 42.29 seconds
10,83,fine : 42.3 seconds
[[1399  514]
 [  21   75]]
acc: 0.734
f1: 0.219
[[1779  134]
 [  61   35]]
acc: 0.903
f1: 0.264
10,84,coarse : 41.92 seconds
10,84,fine : 41.93 seconds
[[1402  511]
 [  21   75]]
acc: 0.735
f1: 0.220
[[1780  133]
 [  60   36]]
acc: 0.904
f1: 0.272
10,85,coarse : 42.59 seconds
10,85,fine : 42.6 seconds
[[1404  509]
 [  21   75]]
acc: 0.736
f1: 0.221
[[1778  135]
 [  60   36]]
acc: 0.903
f1: 0.270
10,86,coarse : 43.26 seconds
10,86,fine : 43.27 seconds
[[1408  505]
 [  22   74]]
acc: 0.738
f1: 0.219
[[1780  133]
 [  60   36]]
acc: 0.904
f1: 0.272
10,87,coarse : 43.76 seconds
10,87,fine : 43.77 seconds
[[1407  506]
 [  23   73]]
acc: 0.737
f1: 0.216
[[1778  135]
 [  60   36]]
acc: 0.903
f1: 0.270
10,88,coarse : 43.3 seconds
10,88,fine : 43.31 seconds
[[1411  502]
 [  23   73]]
acc: 0.739
f1: 0.218
[[1778  135]
 [  59   37]]
acc: 0.903
f1: 0.276
10,89,coarse : 43.35 seconds
10,89,fine : 43.36 seconds
[[1418  495]
 [  24   72]]
acc: 0.742
f1: 0.217
[[1777  136]
 [  59   37]]
acc: 0.903
f1: 0.275
10,90,coarse : 43.55 seconds
10,90,fine : 43.56 seconds
[[1419  494]
 [  24   72]]
acc: 0.742
f1: 0.218
[[1776  137]
 [  59   37]]
acc: 0.902
f1: 0.274
10,91,coarse : 43.46 seconds
10,91,fine : 43.47 seconds
[[1423  490]
 [  25   71]]
acc: 0.744
f1: 0.216
[[1776  137]
 [  60   36]]
acc: 0.902
f1: 0.268
10,92,coarse : 45.1 seconds
10,92,fine : 45.12 seconds
[[1429  484]
 [  25   71]]
acc: 0.747
f1: 0.218
[[1776  137]
 [  59   37]]
acc: 0.902
f1: 0.274
10,93,coarse : 44.1 seconds
10,93,fine : 44.11 seconds
[[1436  477]
 [  25   71]]
acc: 0.750
f1: 0.220
[[1771  142]
 [  58   38]]
acc: 0.900
f1: 0.275
10,94,coarse : 45.06 seconds
10,94,fine : 45.08 seconds
[[1443  470]
 [  27   69]]
acc: 0.753
f1: 0.217
[[1771  142]
 [  58   38]]
acc: 0.900
f1: 0.275
10,95,coarse : 45.33 seconds
10,95,fine : 45.34 seconds
[[1443  470]
 [  25   71]]
acc: 0.754
f1: 0.223
[[1770  143]
 [  58   38]]
acc: 0.900
f1: 0.274
10,96,coarse : 44.96 seconds
10,96,fine : 44.97 seconds
[[1446  467]
 [  26   70]]
acc: 0.755
f1: 0.221
[[1762  151]
 [  56   40]]
acc: 0.897
f1: 0.279
10,97,coarse : 45.17 seconds
10,97,fine : 45.19 seconds
[[1456  457]
 [  27   69]]
acc: 0.759
f1: 0.222
[[1761  152]
 [  56   40]]
acc: 0.896
f1: 0.278
10,98,coarse : 45.83 seconds
10,98,fine : 45.85 seconds
[[1461  452]
 [  27   69]]
acc: 0.762
f1: 0.224
[[1761  152]
 [  56   40]]
acc: 0.896
f1: 0.278
10,99,coarse : 44.58 seconds
10,99,fine : 44.59 seconds
[[1465  448]
 [  27   69]]
acc: 0.764
f1: 0.225
[[1763  150]
 [  55   41]]
acc: 0.898
f1: 0.286
10,100,coarse : 47.16 seconds
10,100,fine : 47.17 seconds
[[1471  442]
 [  28   68]]
acc: 0.766
f1: 0.224
[[1765  148]
 [  55   41]]
acc: 0.899
f1: 0.288
10,101,coarse : 44.69 seconds
10,101,fine : 44.7 seconds
[[1485  428]
 [  29   67]]
acc: 0.773
f1: 0.227
[[1764  149]
 [  56   40]]
acc: 0.898
f1: 0.281
10,102,coarse : 45.21 seconds
10,102,fine : 45.23 seconds
[[1489  424]
 [  29   67]]
acc: 0.775
f1: 0.228
[[1771  142]
 [  56   40]]
acc: 0.901
f1: 0.288
10,103,coarse : 45.3 seconds
10,103,fine : 45.31 seconds
[[1496  417]
 [  30   66]]
acc: 0.778
f1: 0.228
[[1771  142]
 [  55   41]]
acc: 0.902
f1: 0.294
10,104,coarse : 45.38 seconds
10,104,fine : 45.39 seconds
[[1504  409]
 [  31   65]]
acc: 0.781
f1: 0.228
[[1771  142]
 [  54   42]]
acc: 0.902
f1: 0.300
10,105,coarse : 46.0 seconds
10,105,fine : 46.01 seconds
[[1504  409]
 [  31   65]]
acc: 0.781
f1: 0.228
[[1775  138]
 [  51   45]]
acc: 0.906
f1: 0.323
10,106,coarse : 45.44 seconds
10,106,fine : 45.46 seconds
[[1510  403]
 [  31   65]]
acc: 0.784
f1: 0.230
[[1775  138]
 [  50   46]]
acc: 0.906
f1: 0.329
10,107,coarse : 46.1 seconds
10,107,fine : 46.11 seconds
[[1513  400]
 [  31   65]]
acc: 0.785
f1: 0.232
[[1773  140]
 [  48   48]]
acc: 0.906
f1: 0.338
10,108,coarse : 45.98 seconds
10,108,fine : 45.99 seconds
[[1519  394]
 [  31   65]]
acc: 0.788
f1: 0.234
[[1773  140]
 [  50   46]]
acc: 0.905
f1: 0.326
10,109,coarse : 46.52 seconds
10,109,fine : 46.53 seconds
[[1521  392]
 [  31   65]]
acc: 0.789
f1: 0.235
[[1769  144]
 [  51   45]]
acc: 0.903
f1: 0.316
10,110,coarse : 46.83 seconds
10,110,fine : 46.85 seconds
[[1527  386]
 [  33   63]]
acc: 0.791
f1: 0.231
[[1765  148]
 [  51   45]]
acc: 0.901
f1: 0.311
10,111,coarse : 45.84 seconds
10,111,fine : 45.85 seconds
[[1532  381]
 [  33   63]]
acc: 0.794
f1: 0.233
[[1747  166]
 [  49   47]]
acc: 0.893
f1: 0.304
10,112,coarse : 45.34 seconds
10,112,fine : 45.36 seconds
[[1534  379]
 [  33   63]]
acc: 0.795
f1: 0.234
[[1741  172]
 [  46   50]]
acc: 0.891
f1: 0.314
10,113,coarse : 45.6 seconds
10,113,fine : 45.61 seconds
[[1536  377]
 [  33   63]]
acc: 0.796
f1: 0.235
[[1739  174]
 [  46   50]]
acc: 0.890
f1: 0.313
10,114,coarse : 46.05 seconds
10,114,fine : 46.07 seconds
[[1541  372]
 [  34   62]]
acc: 0.798
f1: 0.234
[[1742  171]
 [  44   52]]
acc: 0.893
f1: 0.326
10,115,coarse : 46.23 seconds
10,115,fine : 46.24 seconds
[[1545  368]
 [  34   62]]
acc: 0.800
f1: 0.236
[[1740  173]
 [  43   53]]
acc: 0.892
f1: 0.329
10,116,coarse : 46.18 seconds
10,116,fine : 46.2 seconds
[[1548  365]
 [  34   62]]
acc: 0.801
f1: 0.237
[[1726  187]
 [  43   53]]
acc: 0.886
f1: 0.315
10,117,coarse : 46.22 seconds
10,117,fine : 46.24 seconds
[[1552  361]
 [  34   62]]
acc: 0.803
f1: 0.239
[[1730  183]
 [  42   54]]
acc: 0.888
f1: 0.324
10,118,coarse : 47.9 seconds
10,118,fine : 47.92 seconds
[[1556  357]
 [  34   62]]
acc: 0.805
f1: 0.241
[[1723  190]
 [  43   53]]
acc: 0.884
f1: 0.313
10,119,coarse : 47.19 seconds
10,119,fine : 47.21 seconds
[[1556  357]
 [  34   62]]
acc: 0.805
f1: 0.241
[[1710  203]
 [  36   60]]
acc: 0.881
f1: 0.334
10,120,coarse : 47.94 seconds
10,120,fine : 47.95 seconds
[[1556  357]
 [  34   62]]
acc: 0.805
f1: 0.241
[[1681  232]
 [  33   63]]
acc: 0.868
f1: 0.322
10,121,coarse : 47.59 seconds
10,121,fine : 47.61 seconds
[[1559  354]
 [  34   62]]
acc: 0.807
f1: 0.242
[[1667  246]
 [  33   63]]
acc: 0.861
f1: 0.311
10,122,coarse : 47.45 seconds
10,122,fine : 47.47 seconds
[[1561  352]
 [  34   62]]
acc: 0.808
f1: 0.243
[[1661  252]
 [  33   63]]
acc: 0.858
f1: 0.307
10,123,coarse : 47.44 seconds
10,123,fine : 47.46 seconds
[[1564  349]
 [  34   62]]
acc: 0.809
f1: 0.245
[[1662  251]
 [  33   63]]
acc: 0.859
f1: 0.307
10,124,coarse : 48.28 seconds
10,124,fine : 48.29 seconds
[[1567  346]
 [  34   62]]
acc: 0.811
f1: 0.246
[[1661  252]
 [  33   63]]
acc: 0.858
f1: 0.307
10,125,coarse : 48.76 seconds
10,125,fine : 48.78 seconds
[[1574  339]
 [  35   61]]
acc: 0.814
f1: 0.246
[[1662  251]
 [  33   63]]
acc: 0.859
f1: 0.307
10,126,coarse : 48.66 seconds
10,126,fine : 48.67 seconds
[[1571  342]
 [  35   61]]
acc: 0.812
f1: 0.244
[[1664  249]
 [  33   63]]
acc: 0.860
f1: 0.309
10,127,coarse : 48.58 seconds
10,127,fine : 48.6 seconds
[[1578  335]
 [  35   61]]
acc: 0.816
f1: 0.248
[[1666  247]
 [  34   62]]
acc: 0.860
f1: 0.306
10,128,coarse : 48.31 seconds
10,128,fine : 48.32 seconds
[[1574  339]
 [  35   61]]
acc: 0.814
f1: 0.246
[[1670  243]
 [  34   62]]
acc: 0.862
f1: 0.309
10,129,coarse : 48.85 seconds
10,129,fine : 48.86 seconds
[[1573  340]
 [  33   63]]
acc: 0.814
f1: 0.253
[[1669  244]
 [  34   62]]
acc: 0.862
f1: 0.308
10,130,coarse : 48.99 seconds
10,130,fine : 49.01 seconds
[[1564  349]
 [  31   65]]
acc: 0.811
f1: 0.255
[[1672  241]
 [  34   62]]
acc: 0.863
f1: 0.311
10,131,coarse : 49.17 seconds
10,131,fine : 49.18 seconds
[[1535  378]
 [  27   69]]
acc: 0.798
f1: 0.254
[[1673  240]
 [  35   61]]
acc: 0.863
f1: 0.307
10,132,coarse : 49.87 seconds
10,132,fine : 49.89 seconds
[[1509  404]
 [  25   71]]
acc: 0.786
f1: 0.249
[[1675  238]
 [  35   61]]
acc: 0.864
f1: 0.309
10,133,coarse : 49.44 seconds
10,133,fine : 49.45 seconds
[[1494  419]
 [  21   75]]
acc: 0.781
f1: 0.254
[[1676  237]
 [  35   61]]
acc: 0.865
f1: 0.310
10,134,coarse : 49.03 seconds
10,134,fine : 49.04 seconds
[[1487  426]
 [  21   75]]
acc: 0.778
f1: 0.251
[[1678  235]
 [  35   61]]
acc: 0.866
f1: 0.311
10,135,coarse : 49.31 seconds
10,135,fine : 49.32 seconds
[[1481  432]
 [  21   75]]
acc: 0.775
f1: 0.249
[[1689  224]
 [  35   61]]
acc: 0.871
f1: 0.320
10,136,coarse : 49.01 seconds
10,136,fine : 49.03 seconds
[[1487  426]
 [  20   76]]
acc: 0.778
f1: 0.254
[[1682  231]
 [  35   61]]
acc: 0.868
f1: 0.314
10,137,coarse : 49.5 seconds
10,137,fine : 49.51 seconds
[[1489  424]
 [  21   75]]
acc: 0.778
f1: 0.252
[[1689  224]
 [  37   59]]
acc: 0.870
f1: 0.311
10,138,coarse : 49.54 seconds
10,138,fine : 49.55 seconds
[[1495  418]
 [  21   75]]
acc: 0.781
f1: 0.255
[[1698  215]
 [  36   60]]
acc: 0.875
f1: 0.323
10,139,coarse : 51.03 seconds
10,139,fine : 51.04 seconds
[[1496  417]
 [  21   75]]
acc: 0.782
f1: 0.255
[[1706  207]
 [  37   59]]
acc: 0.879
f1: 0.326
10,140,coarse : 49.99 seconds
10,140,fine : 50.01 seconds
[[1496  417]
 [  19   77]]
acc: 0.783
f1: 0.261
[[1710  203]
 [  37   59]]
acc: 0.881
f1: 0.330
10,141,coarse : 49.52 seconds
10,141,fine : 49.53 seconds
[[1493  420]
 [  19   77]]
acc: 0.781
f1: 0.260
[[1716  197]
 [  37   59]]
acc: 0.884
f1: 0.335
10,142,coarse : 50.02 seconds
10,142,fine : 50.04 seconds
[[1495  418]
 [  17   79]]
acc: 0.783
f1: 0.266
[[1719  194]
 [  37   59]]
acc: 0.885
f1: 0.338
10,143,coarse : 50.87 seconds
10,143,fine : 50.88 seconds
[[1492  421]
 [  17   79]]
acc: 0.782
f1: 0.265
[[1726  187]
 [  39   57]]
acc: 0.888
f1: 0.335
10,144,coarse : 50.19 seconds
10,144,fine : 50.21 seconds
[[1473  440]
 [  18   78]]
acc: 0.772
f1: 0.254
[[1733  180]
 [  39   57]]
acc: 0.891
f1: 0.342
10,145,coarse : 50.41 seconds
10,145,fine : 50.42 seconds
[[1427  486]
 [  15   81]]
acc: 0.751
f1: 0.244
[[1738  175]
 [  39   57]]
acc: 0.893
f1: 0.348
10,146,coarse : 51.26 seconds
10,146,fine : 51.27 seconds
[[1413  500]
 [  14   82]]
acc: 0.744
f1: 0.242
[[1744  169]
 [  39   57]]
acc: 0.896
f1: 0.354
10,147,coarse : 51.28 seconds
10,147,fine : 51.3 seconds
[[1410  503]
 [  14   82]]
acc: 0.743
f1: 0.241
[[1744  169]
 [  40   56]]
acc: 0.896
f1: 0.349
10,148,coarse : 51.93 seconds
10,148,fine : 51.95 seconds
[[1412  501]
 [  14   82]]
acc: 0.744
f1: 0.242
[[1748  165]
 [  40   56]]
acc: 0.898
f1: 0.353
10,149,coarse : 53.01 seconds
10,149,fine : 53.03 seconds
[[1415  498]
 [  14   82]]
acc: 0.745
f1: 0.243
[[1754  159]
 [  40   56]]
acc: 0.901
f1: 0.360
10,150,coarse : 56.71 seconds
10,150,fine : 56.73 seconds
[[1423  490]
 [  14   82]]
acc: 0.749
f1: 0.246
[[1760  153]
 [  41   55]]
acc: 0.903
f1: 0.362
10,151,coarse : 53.61 seconds
10,151,fine : 53.63 seconds
[[1428  485]
 [  14   82]]
acc: 0.752
f1: 0.247
[[1763  150]
 [  42   54]]
acc: 0.904
f1: 0.360
10,152,coarse : 54.0 seconds
10,152,fine : 54.02 seconds
[[1430  483]
 [  13   83]]
acc: 0.753
f1: 0.251
[[1766  147]
 [  43   53]]
acc: 0.905
f1: 0.358
10,153,coarse : 53.96 seconds
10,153,fine : 53.97 seconds
[[1434  479]
 [  13   83]]
acc: 0.755
f1: 0.252
[[1770  143]
 [  43   53]]
acc: 0.907
f1: 0.363
10,154,coarse : 53.2 seconds
10,154,fine : 53.22 seconds
[[1438  475]
 [  13   83]]
acc: 0.757
f1: 0.254
[[1773  140]
 [  43   53]]
acc: 0.909
f1: 0.367
10,155,coarse : 53.78 seconds
10,155,fine : 53.8 seconds
[[1447  466]
 [  14   82]]
acc: 0.761
f1: 0.255
[[1776  137]
 [  44   52]]
acc: 0.910
f1: 0.365
10,156,coarse : 53.45 seconds
10,156,fine : 53.47 seconds
[[1450  463]
 [  14   82]]
acc: 0.763
f1: 0.256
[[1782  131]
 [  45   51]]
acc: 0.912
f1: 0.367
10,157,coarse : 53.77 seconds
10,157,fine : 53.79 seconds
[[1461  452]
 [  14   82]]
acc: 0.768
f1: 0.260
[[1783  130]
 [  46   50]]
acc: 0.912
f1: 0.362
10,158,coarse : 54.16 seconds
10,158,fine : 54.18 seconds
[[1464  449]
 [  14   82]]
acc: 0.770
f1: 0.262
[[1787  126]
 [  46   50]]
acc: 0.914
f1: 0.368
10,159,coarse : 53.99 seconds
10,159,fine : 54.01 seconds
[[1469  444]
 [  15   81]]
acc: 0.772
f1: 0.261
[[1790  123]
 [  46   50]]
acc: 0.916
f1: 0.372
10,160,coarse : 54.13 seconds
10,160,fine : 54.15 seconds
[[1470  443]
 [  15   81]]
acc: 0.772
f1: 0.261
[[1793  120]
 [  46   50]]
acc: 0.917
f1: 0.376
10,161,coarse : 54.32 seconds
10,161,fine : 54.34 seconds
[[1476  437]
 [  15   81]]
acc: 0.775
f1: 0.264
[[1800  113]
 [  46   50]]
acc: 0.921
f1: 0.386
10,162,coarse : 55.4 seconds
10,162,fine : 55.42 seconds
[[1480  433]
 [  16   80]]
acc: 0.777
f1: 0.263
[[1805  108]
 [  47   49]]
acc: 0.923
f1: 0.387
10,163,coarse : 56.65 seconds
10,163,fine : 56.67 seconds
[[1482  431]
 [  16   80]]
acc: 0.778
f1: 0.264
[[1807  106]
 [  47   49]]
acc: 0.924
f1: 0.390
10,164,coarse : 56.65 seconds
10,164,fine : 56.67 seconds
[[1486  427]
 [  16   80]]
acc: 0.779
f1: 0.265
[[1814   99]
 [  47   49]]
acc: 0.927
f1: 0.402
10,165,coarse : 57.33 seconds
10,165,fine : 57.35 seconds
[[1488  425]
 [  16   80]]
acc: 0.780
f1: 0.266
[[1821   92]
 [  50   46]]
acc: 0.929
f1: 0.393
10,166,coarse : 57.45 seconds
10,166,fine : 57.47 seconds
[[1494  419]
 [  16   80]]
acc: 0.783
f1: 0.269
[[1823   90]
 [  50   46]]
acc: 0.930
f1: 0.397
10,167,coarse : 57.64 seconds
10,167,fine : 57.66 seconds
[[1495  418]
 [  17   79]]
acc: 0.783
f1: 0.266
[[1825   88]
 [  50   46]]
acc: 0.931
f1: 0.400
10,168,coarse : 58.54 seconds
10,168,fine : 58.56 seconds
[[1498  415]
 [  18   78]]
acc: 0.784
f1: 0.265
[[1828   85]
 [  50   46]]
acc: 0.933
f1: 0.405
10,169,coarse : 56.05 seconds
10,169,fine : 56.08 seconds
[[1499  414]
 [  18   78]]
acc: 0.785
f1: 0.265
[[1834   79]
 [  50   46]]
acc: 0.936
f1: 0.416
10,170,coarse : 56.98 seconds
10,170,fine : 57.0 seconds
[[1501  412]
 [  18   78]]
acc: 0.786
f1: 0.266
[[1836   77]
 [  50   46]]
acc: 0.937
f1: 0.420
10,171,coarse : 58.72 seconds
10,171,fine : 58.74 seconds
[[1492  421]
 [  16   80]]
acc: 0.782
f1: 0.268
[[1843   70]
 [  51   45]]
acc: 0.940
f1: 0.427
10,172,coarse : 57.54 seconds
10,172,fine : 57.56 seconds
