all           0      1    2    3    4    5    6    7    8    
1      2010   1914   1    19   32   19   1    11   6    7    
2      2010   1914   1    19   32   19   1    11   6    7    
3      2010   1914   1    19   32   19   1    11   5    8    
4      2010   1914   1    19   32   19   1    10   6    8    
5      2010   1914   1    18   33   19   1    10   6    8    
6      2010   1914   1    18   33   19   1    10   6    8    
7      2010   1913   2    18   33   19   1    10   6    8    
8      2010   1913   2    18   33   19   1    10   6    8    
9      2009   1913   2    18   32   19   2    10   6    7    
10     2009   1913   1    19   32   19   1    11   6    7    
Total  20098  19136  13   185  324  190  11   104  59   76   
train         0      1    2    3    4    5    6    7    8    
1      2010   1914   1    19   32   19   1    11   6    7    
2      2010   1914   1    19   32   19   1    11   6    7    
3      2010   1914   1    19   32   19   1    11   5    8    
4      2010   1914   1    19   32   19   1    10   6    8    
5      2010   1914   1    18   33   19   1    10   6    8    
6      2010   1914   1    18   33   19   1    10   6    8    
7      2010   1913   2    18   33   19   1    10   6    8    
8      2010   1913   2    18   33   19   1    10   6    8    
10     2009   1913   1    19   32   19   1    11   6    7    
Total  18089  17223  11   167  292  171  9    94   53   69   
test          0      1    2    3    4    5    6    7    8    
9      2009   1913   2    18   32   19   2    10   6    7    
Total  2009   1913   2    18   32   19   2    10   6    7    
train_mod     0      1    2    3    4    5    6    7    8    
1      2011   1914   1    19   32   19   2    11   6    7    
2      2010   1914   1    19   32   19   1    11   6    7    
3      2010   1914   1    19   32   19   1    11   5    8    
4      2010   1914   1    19   32   19   1    10   6    8    
5      2010   1914   1    18   33   19   1    10   6    8    
6      2010   1914   1    18   33   19   1    10   6    8    
7      2010   1913   2    18   33   19   1    10   6    8    
8      2010   1913   2    18   33   19   1    10   6    8    
10     2009   1913   1    19   32   19   1    11   6    7    
Total  18090  17223  11   167  292  171  10   94   53   69   
test_mod      0      1    2    3    4    5    6    7    8    
9      2008   1913   2    18   32   19   1    10   6    7    
Total  2008   1913   2    18   32   19   1    10   6    7    
Classes             
0         17223     
1         11        
2         167       
3         292       
4         171       
5         10        
6         94        
7         53        
8         69        
Total     18090     

Shape: 450       

[952, 10, 11, 16, 11, 10, 10, 10, 10]
Sum start => 1040
[[1451  462]
 [  24   71]]
acc: 0.758
f1: 0.226
[[1888   25]
 [  87    8]]
acc: 0.944
f1: 0.125
9,1,coarse : 37.2 seconds
9,1,fine : 37.2 seconds
[[1451  462]
 [  24   71]]
acc: 0.758
f1: 0.226
[[1888   25]
 [  87    8]]
acc: 0.944
f1: 0.125
9,2,coarse : 39.3 seconds
9,2,fine : 39.31 seconds
[[1458  455]
 [  25   70]]
acc: 0.761
f1: 0.226
[[1890   23]
 [  86    9]]
acc: 0.946
f1: 0.142
9,3,coarse : 4.98 seconds
9,3,fine : 4.99 seconds
[[1447  466]
 [  26   69]]
acc: 0.755
f1: 0.219
[[1890   23]
 [  87    8]]
acc: 0.945
f1: 0.127
9,4,coarse : 5.21 seconds
9,4,fine : 5.21 seconds
[[1461  452]
 [  26   69]]
acc: 0.762
f1: 0.224
[[1893   20]
 [  88    7]]
acc: 0.946
f1: 0.115
9,5,coarse : 5.4 seconds
9,5,fine : 5.4 seconds
[[1468  445]
 [  26   69]]
acc: 0.765
f1: 0.227
[[1894   19]
 [  86    9]]
acc: 0.948
f1: 0.146
9,6,coarse : 5.65 seconds
9,6,fine : 5.66 seconds
[[1455  458]
 [  27   68]]
acc: 0.758
f1: 0.219
[[1894   19]
 [  87    8]]
acc: 0.947
f1: 0.131
9,7,coarse : 5.99 seconds
9,7,fine : 6.0 seconds
[[1463  450]
 [  28   67]]
acc: 0.762
f1: 0.219
[[1893   20]
 [  86    9]]
acc: 0.947
f1: 0.145
9,8,coarse : 6.22 seconds
9,8,fine : 6.23 seconds
[[1470  443]
 [  26   69]]
acc: 0.766
f1: 0.227
[[1892   21]
 [  84   11]]
acc: 0.948
f1: 0.173
9,9,coarse : 6.41 seconds
9,9,fine : 6.42 seconds
[[1486  427]
 [  26   69]]
acc: 0.774
f1: 0.234
[[1895   18]
 [  80   15]]
acc: 0.951
f1: 0.234
9,10,coarse : 6.53 seconds
9,10,fine : 6.54 seconds
[[1477  436]
 [  26   69]]
acc: 0.770
f1: 0.230
[[1892   21]
 [  79   16]]
acc: 0.950
f1: 0.242
9,11,coarse : 6.87 seconds
9,11,fine : 6.88 seconds
[[1476  437]
 [  25   70]]
acc: 0.770
f1: 0.233
[[1890   23]
 [  82   13]]
acc: 0.948
f1: 0.198
9,12,coarse : 7.01 seconds
9,12,fine : 7.02 seconds
[[1478  435]
 [  27   68]]
acc: 0.770
f1: 0.227
[[1889   24]
 [  83   12]]
acc: 0.947
f1: 0.183
9,13,coarse : 7.25 seconds
9,13,fine : 7.25 seconds
[[1476  437]
 [  27   68]]
acc: 0.769
f1: 0.227
[[1893   20]
 [  79   16]]
acc: 0.951
f1: 0.244
9,14,coarse : 7.47 seconds
9,14,fine : 7.48 seconds
[[1485  428]
 [  26   69]]
acc: 0.774
f1: 0.233
[[1890   23]
 [  79   16]]
acc: 0.949
f1: 0.239
9,15,coarse : 7.82 seconds
9,15,fine : 7.82 seconds
[[1496  417]
 [  27   68]]
acc: 0.779
f1: 0.234
[[1887   26]
 [  75   20]]
acc: 0.950
f1: 0.284
9,16,coarse : 8.05 seconds
9,16,fine : 8.05 seconds
[[1491  422]
 [  26   69]]
acc: 0.777
f1: 0.235
[[1887   26]
 [  72   23]]
acc: 0.951
f1: 0.319
9,17,coarse : 8.07 seconds
9,17,fine : 8.08 seconds
[[1487  426]
 [  25   70]]
acc: 0.775
f1: 0.237
[[1886   27]
 [  73   22]]
acc: 0.950
f1: 0.306
9,18,coarse : 8.58 seconds
9,18,fine : 8.58 seconds
[[1480  433]
 [  24   71]]
acc: 0.772
f1: 0.237
[[1885   28]
 [  70   25]]
acc: 0.951
f1: 0.338
9,19,coarse : 8.78 seconds
9,19,fine : 8.78 seconds
[[1490  423]
 [  24   71]]
acc: 0.777
f1: 0.241
[[1879   34]
 [  67   28]]
acc: 0.950
f1: 0.357
9,20,coarse : 9.1 seconds
9,20,fine : 9.1 seconds
[[1497  416]
 [  24   71]]
acc: 0.781
f1: 0.244
[[1877   36]
 [  67   28]]
acc: 0.949
f1: 0.352
9,21,coarse : 9.25 seconds
9,21,fine : 9.26 seconds
[[1478  435]
 [  24   71]]
acc: 0.771
f1: 0.236
[[1885   28]
 [  72   23]]
acc: 0.950
f1: 0.315
9,22,coarse : 9.43 seconds
9,22,fine : 9.44 seconds
[[1472  441]
 [  25   70]]
acc: 0.768
f1: 0.231
[[1884   29]
 [  71   24]]
acc: 0.950
f1: 0.324
9,23,coarse : 9.73 seconds
9,23,fine : 9.73 seconds
[[1478  435]
 [  24   71]]
acc: 0.771
f1: 0.236
[[1884   29]
 [  71   24]]
acc: 0.950
f1: 0.324
9,24,coarse : 9.98 seconds
9,24,fine : 9.98 seconds
[[1480  433]
 [  24   71]]
acc: 0.772
f1: 0.237
[[1881   32]
 [  69   26]]
acc: 0.950
f1: 0.340
9,25,coarse : 10.32 seconds
9,25,fine : 10.33 seconds
[[1485  428]
 [  25   70]]
acc: 0.774
f1: 0.236
[[1878   35]
 [  69   26]]
acc: 0.948
f1: 0.333
9,26,coarse : 10.43 seconds
9,26,fine : 10.44 seconds
[[1489  424]
 [  25   70]]
acc: 0.776
f1: 0.238
[[1878   35]
 [  68   27]]
acc: 0.949
f1: 0.344
9,27,coarse : 10.55 seconds
9,27,fine : 10.56 seconds
[[1486  427]
 [  25   70]]
acc: 0.775
f1: 0.236
[[1872   41]
 [  66   29]]
acc: 0.947
f1: 0.352
9,28,coarse : 10.92 seconds
9,28,fine : 10.93 seconds
[[1496  417]
 [  25   70]]
acc: 0.780
f1: 0.241
[[1872   41]
 [  66   29]]
acc: 0.947
f1: 0.352
9,29,coarse : 11.2 seconds
9,29,fine : 11.2 seconds
[[1500  413]
 [  24   71]]
acc: 0.782
f1: 0.245
[[1871   42]
 [  65   30]]
acc: 0.947
f1: 0.359
9,30,coarse : 11.66 seconds
9,30,fine : 11.67 seconds
[[1498  415]
 [  24   71]]
acc: 0.781
f1: 0.244
[[1867   46]
 [  63   32]]
acc: 0.946
f1: 0.370
9,31,coarse : 11.98 seconds
9,31,fine : 11.98 seconds
[[1502  411]
 [  25   70]]
acc: 0.783
f1: 0.243
[[1870   43]
 [  65   30]]
acc: 0.946
f1: 0.357
9,32,coarse : 12.31 seconds
9,32,fine : 12.32 seconds
[[1501  412]
 [  25   70]]
acc: 0.782
f1: 0.243
[[1867   46]
 [  63   32]]
acc: 0.946
f1: 0.370
9,33,coarse : 12.56 seconds
9,33,fine : 12.57 seconds
[[1506  407]
 [  25   70]]
acc: 0.785
f1: 0.245
[[1866   47]
 [  65   30]]
acc: 0.944
f1: 0.349
9,34,coarse : 12.68 seconds
9,34,fine : 12.69 seconds
[[1496  417]
 [  24   71]]
acc: 0.780
f1: 0.244
[[1867   46]
 [  64   31]]
acc: 0.945
f1: 0.360
9,35,coarse : 13.15 seconds
9,35,fine : 13.16 seconds
[[1496  417]
 [  25   70]]
acc: 0.780
f1: 0.241
[[1867   46]
 [  64   31]]
acc: 0.945
f1: 0.360
9,36,coarse : 13.37 seconds
9,36,fine : 13.38 seconds
[[1487  426]
 [  25   70]]
acc: 0.775
f1: 0.237
[[1864   49]
 [  63   32]]
acc: 0.944
f1: 0.364
9,37,coarse : 13.68 seconds
9,37,fine : 13.69 seconds
[[1499  414]
 [  23   72]]
acc: 0.782
f1: 0.248
[[1862   51]
 [  64   31]]
acc: 0.943
f1: 0.350
9,38,coarse : 13.87 seconds
9,38,fine : 13.88 seconds
[[1502  411]
 [  23   72]]
acc: 0.784
f1: 0.249
[[1861   52]
 [  62   33]]
acc: 0.943
f1: 0.367
9,39,coarse : 14.3 seconds
9,39,fine : 14.31 seconds
[[1503  410]
 [  23   72]]
acc: 0.784
f1: 0.250
[[1861   52]
 [  64   31]]
acc: 0.942
f1: 0.348
9,40,coarse : 13.96 seconds
9,40,fine : 13.97 seconds
[[1499  414]
 [  23   72]]
acc: 0.782
f1: 0.248
[[1861   52]
 [  65   30]]
acc: 0.942
f1: 0.339
9,41,coarse : 14.79 seconds
9,41,fine : 14.8 seconds
[[1499  414]
 [  22   73]]
acc: 0.783
f1: 0.251
[[1870   43]
 [  64   31]]
acc: 0.947
f1: 0.367
9,42,coarse : 14.82 seconds
9,42,fine : 14.82 seconds
[[1489  424]
 [  22   73]]
acc: 0.778
f1: 0.247
[[1872   41]
 [  65   30]]
acc: 0.947
f1: 0.361
9,43,coarse : 15.22 seconds
9,43,fine : 15.23 seconds
[[1477  436]
 [  21   74]]
acc: 0.772
f1: 0.245
[[1865   48]
 [  64   31]]
acc: 0.944
f1: 0.356
9,44,coarse : 15.16 seconds
9,44,fine : 15.16 seconds
[[1477  436]
 [  20   75]]
acc: 0.773
f1: 0.248
[[1867   46]
 [  63   32]]
acc: 0.946
f1: 0.370
9,45,coarse : 15.51 seconds
9,45,fine : 15.52 seconds
[[1482  431]
 [  21   74]]
acc: 0.775
f1: 0.247
[[1866   47]
 [  64   31]]
acc: 0.945
f1: 0.358
9,46,coarse : 15.86 seconds
9,46,fine : 15.87 seconds
[[1484  429]
 [  22   73]]
acc: 0.775
f1: 0.245
[[1867   46]
 [  64   31]]
acc: 0.945
f1: 0.360
9,47,coarse : 16.18 seconds
9,47,fine : 16.19 seconds
[[1480  433]
 [  24   71]]
acc: 0.772
f1: 0.237
[[1866   47]
 [  66   29]]
acc: 0.944
f1: 0.339
9,48,coarse : 16.43 seconds
9,48,fine : 16.44 seconds
[[1488  425]
 [  24   71]]
acc: 0.776
f1: 0.240
[[1866   47]
 [  66   29]]
acc: 0.944
f1: 0.339
9,49,coarse : 16.62 seconds
9,49,fine : 16.63 seconds
[[1490  423]
 [  24   71]]
acc: 0.777
f1: 0.241
[[1865   48]
 [  66   29]]
acc: 0.943
f1: 0.337
9,50,coarse : 19.04 seconds
9,50,fine : 19.04 seconds
[[1476  437]
 [  23   72]]
acc: 0.771
f1: 0.238
[[1867   46]
 [  67   28]]
acc: 0.944
f1: 0.331
9,51,coarse : 17.17 seconds
9,51,fine : 17.18 seconds
[[1477  436]
 [  24   71]]
acc: 0.771
f1: 0.236
[[1862   51]
 [  66   29]]
acc: 0.942
f1: 0.331
9,52,coarse : 17.19 seconds
9,52,fine : 17.2 seconds
[[1482  431]
 [  24   71]]
acc: 0.773
f1: 0.238
[[1861   52]
 [  65   30]]
acc: 0.942
f1: 0.339
9,53,coarse : 17.69 seconds
9,53,fine : 17.7 seconds
[[1478  435]
 [  24   71]]
acc: 0.771
f1: 0.236
[[1858   55]
 [  65   30]]
acc: 0.940
f1: 0.333
9,54,coarse : 18.13 seconds
9,54,fine : 18.14 seconds
[[1475  438]
 [  24   71]]
acc: 0.770
f1: 0.235
[[1863   50]
 [  64   31]]
acc: 0.943
f1: 0.352
9,55,coarse : 18.56 seconds
9,55,fine : 18.57 seconds
[[1478  435]
 [  25   70]]
acc: 0.771
f1: 0.233
[[1862   51]
 [  62   33]]
acc: 0.944
f1: 0.369
9,56,coarse : 18.63 seconds
9,56,fine : 18.64 seconds
[[1477  436]
 [  25   70]]
acc: 0.770
f1: 0.233
[[1861   52]
 [  61   34]]
acc: 0.944
f1: 0.376
9,57,coarse : 19.23 seconds
9,57,fine : 19.24 seconds
[[1480  433]
 [  24   71]]
acc: 0.772
f1: 0.237
[[1859   54]
 [  61   34]]
acc: 0.943
f1: 0.372
9,58,coarse : 19.2 seconds
9,58,fine : 19.21 seconds
[[1484  429]
 [  24   71]]
acc: 0.774
f1: 0.239
[[1860   53]
 [  60   35]]
acc: 0.944
f1: 0.383
9,59,coarse : 19.37 seconds
9,59,fine : 19.38 seconds
[[1485  428]
 [  24   71]]
acc: 0.775
f1: 0.239
[[1859   54]
 [  61   34]]
acc: 0.943
f1: 0.372
9,60,coarse : 19.5 seconds
9,60,fine : 19.51 seconds
[[1474  439]
 [  24   71]]
acc: 0.769
f1: 0.235
[[1860   53]
 [  62   33]]
acc: 0.943
f1: 0.365
9,61,coarse : 19.55 seconds
9,61,fine : 19.55 seconds
[[1472  441]
 [  23   72]]
acc: 0.769
f1: 0.237
[[1862   51]
 [  62   33]]
acc: 0.944
f1: 0.369
9,62,coarse : 20.06 seconds
9,62,fine : 20.07 seconds
[[1482  431]
 [  23   72]]
acc: 0.774
f1: 0.241
[[1860   53]
 [  61   34]]
acc: 0.943
f1: 0.374
9,63,coarse : 20.8 seconds
9,63,fine : 20.81 seconds
[[1484  429]
 [  23   72]]
acc: 0.775
f1: 0.242
[[1860   53]
 [  60   35]]
acc: 0.944
f1: 0.383
9,64,coarse : 21.16 seconds
9,64,fine : 21.16 seconds
[[1485  428]
 [  24   71]]
acc: 0.775
f1: 0.239
[[1858   55]
 [  58   37]]
acc: 0.944
f1: 0.396
9,65,coarse : 21.24 seconds
9,65,fine : 21.26 seconds
[[1478  435]
 [  23   72]]
acc: 0.772
f1: 0.239
[[1853   60]
 [  58   37]]
acc: 0.941
f1: 0.385
9,66,coarse : 21.31 seconds
9,66,fine : 21.32 seconds
[[1482  431]
 [  23   72]]
acc: 0.774
f1: 0.241
[[1854   59]
 [  60   35]]
acc: 0.941
f1: 0.370
9,67,coarse : 21.27 seconds
9,67,fine : 21.28 seconds
[[1482  431]
 [  23   72]]
acc: 0.774
f1: 0.241
[[1854   59]
 [  60   35]]
acc: 0.941
f1: 0.370
9,68,coarse : 21.99 seconds
9,68,fine : 22.0 seconds
[[1484  429]
 [  23   72]]
acc: 0.775
f1: 0.242
[[1854   59]
 [  61   34]]
acc: 0.940
f1: 0.362
9,69,coarse : 22.34 seconds
9,69,fine : 22.35 seconds
[[1479  434]
 [  23   72]]
acc: 0.772
f1: 0.240
[[1859   54]
 [  60   35]]
acc: 0.943
f1: 0.380
9,70,coarse : 22.24 seconds
9,70,fine : 22.25 seconds
[[1481  432]
 [  23   72]]
acc: 0.773
f1: 0.240
[[1859   54]
 [  59   36]]
acc: 0.944
f1: 0.389
9,71,coarse : 22.86 seconds
9,71,fine : 22.87 seconds
[[1483  430]
 [  23   72]]
acc: 0.774
f1: 0.241
[[1856   57]
 [  58   37]]
acc: 0.943
f1: 0.392
9,72,coarse : 22.2 seconds
9,72,fine : 22.21 seconds
[[1488  425]
 [  23   72]]
acc: 0.777
f1: 0.243
[[1858   55]
 [  57   38]]
acc: 0.944
f1: 0.404
9,73,coarse : 23.36 seconds
9,73,fine : 23.37 seconds
[[1493  420]
 [  23   72]]
acc: 0.779
f1: 0.245
[[1856   57]
 [  58   37]]
acc: 0.943
f1: 0.392
9,74,coarse : 22.99 seconds
9,74,fine : 23.0 seconds
[[1487  426]
 [  23   72]]
acc: 0.776
f1: 0.243
[[1856   57]
 [  58   37]]
acc: 0.943
f1: 0.392
9,75,coarse : 23.71 seconds
9,75,fine : 23.72 seconds
[[1488  425]
 [  24   71]]
acc: 0.776
f1: 0.240
[[1856   57]
 [  58   37]]
acc: 0.943
f1: 0.392
9,76,coarse : 24.56 seconds
9,76,fine : 24.57 seconds
[[1481  432]
 [  23   72]]
acc: 0.773
f1: 0.240
[[1854   59]
 [  57   38]]
acc: 0.942
f1: 0.396
9,77,coarse : 24.49 seconds
9,77,fine : 24.5 seconds
[[1482  431]
 [  23   72]]
acc: 0.774
f1: 0.241
[[1856   57]
 [  57   38]]
acc: 0.943
f1: 0.400
9,78,coarse : 24.79 seconds
9,78,fine : 24.8 seconds
[[1482  431]
 [  23   72]]
acc: 0.774
f1: 0.241
[[1855   58]
 [  57   38]]
acc: 0.943
f1: 0.398
9,79,coarse : 24.43 seconds
9,79,fine : 24.44 seconds
[[1469  444]
 [  21   74]]
acc: 0.768
f1: 0.241
[[1856   57]
 [  57   38]]
acc: 0.943
f1: 0.400
9,80,coarse : 24.74 seconds
9,80,fine : 24.75 seconds
[[1467  446]
 [  20   75]]
acc: 0.768
f1: 0.244
[[1856   57]
 [  56   39]]
acc: 0.944
f1: 0.408
9,81,coarse : 24.45 seconds
9,81,fine : 24.46 seconds
[[1470  443]
 [  22   73]]
acc: 0.768
f1: 0.239
[[1859   54]
 [  54   41]]
acc: 0.946
f1: 0.432
9,82,coarse : 25.06 seconds
9,82,fine : 25.07 seconds
[[1471  442]
 [  21   74]]
acc: 0.769
f1: 0.242
[[1857   56]
 [  54   41]]
acc: 0.945
f1: 0.427
9,83,coarse : 25.64 seconds
9,83,fine : 25.65 seconds
[[1478  435]
 [  21   74]]
acc: 0.773
f1: 0.245
[[1859   54]
 [  56   39]]
acc: 0.945
f1: 0.415
9,84,coarse : 26.47 seconds
9,84,fine : 26.48 seconds
[[1481  432]
 [  21   74]]
acc: 0.774
f1: 0.246
[[1860   53]
 [  55   40]]
acc: 0.946
f1: 0.426
9,85,coarse : 26.61 seconds
9,85,fine : 26.62 seconds
[[1482  431]
 [  22   73]]
acc: 0.774
f1: 0.244
[[1861   52]
 [  55   40]]
acc: 0.947
f1: 0.428
9,86,coarse : 27.39 seconds
9,86,fine : 27.4 seconds
[[1482  431]
 [  22   73]]
acc: 0.774
f1: 0.244
[[1858   55]
 [  55   40]]
acc: 0.945
f1: 0.421
9,87,coarse : 28.19 seconds
9,87,fine : 28.21 seconds
[[1485  428]
 [  22   73]]
acc: 0.776
f1: 0.245
[[1862   51]
 [  56   39]]
acc: 0.947
f1: 0.422
9,88,coarse : 27.74 seconds
9,88,fine : 27.75 seconds
[[1486  427]
 [  21   74]]
acc: 0.777
f1: 0.248
[[1861   52]
 [  56   39]]
acc: 0.946
f1: 0.419
9,89,coarse : 28.04 seconds
9,89,fine : 28.06 seconds
[[1487  426]
 [  22   73]]
acc: 0.777
f1: 0.246
[[1861   52]
 [  54   41]]
acc: 0.947
f1: 0.436
9,90,coarse : 28.53 seconds
9,90,fine : 28.54 seconds
[[1480  433]
 [  22   73]]
acc: 0.773
f1: 0.243
[[1861   52]
 [  56   39]]
acc: 0.946
f1: 0.419
9,91,coarse : 29.4 seconds
9,91,fine : 29.41 seconds
[[1477  436]
 [  22   73]]
acc: 0.772
f1: 0.242
[[1860   53]
 [  57   38]]
acc: 0.945
f1: 0.409
9,92,coarse : 29.55 seconds
9,92,fine : 29.56 seconds
[[1479  434]
 [  22   73]]
acc: 0.773
f1: 0.243
[[1859   54]
 [  57   38]]
acc: 0.945
f1: 0.406
9,93,coarse : 29.79 seconds
9,93,fine : 29.8 seconds
[[1479  434]
 [  22   73]]
acc: 0.773
f1: 0.243
[[1858   55]
 [  59   36]]
acc: 0.943
f1: 0.387
9,94,coarse : 30.52 seconds
9,94,fine : 30.54 seconds
[[1472  441]
 [  23   72]]
acc: 0.769
f1: 0.237
[[1858   55]
 [  59   36]]
acc: 0.943
f1: 0.387
9,95,coarse : 31.22 seconds
9,95,fine : 31.24 seconds
[[1474  439]
 [  23   72]]
acc: 0.770
f1: 0.238
[[1858   55]
 [  58   37]]
acc: 0.944
f1: 0.396
9,96,coarse : 31.44 seconds
9,96,fine : 31.45 seconds
[[1473  440]
 [  23   72]]
acc: 0.769
f1: 0.237
[[1858   55]
 [  57   38]]
acc: 0.944
f1: 0.404
9,97,coarse : 31.61 seconds
9,97,fine : 31.62 seconds
[[1472  441]
 [  23   72]]
acc: 0.769
f1: 0.237
[[1858   55]
 [  54   41]]
acc: 0.946
f1: 0.429
9,98,coarse : 31.88 seconds
9,98,fine : 31.89 seconds
[[1473  440]
 [  21   74]]
acc: 0.770
f1: 0.243
[[1858   55]
 [  56   39]]
acc: 0.945
f1: 0.413
9,99,coarse : 31.27 seconds
9,99,fine : 31.28 seconds
[[1472  441]
 [  21   74]]
acc: 0.770
f1: 0.243
[[1860   53]
 [  56   39]]
acc: 0.946
f1: 0.417
9,100,coarse : 33.35 seconds
9,100,fine : 33.36 seconds
[[1473  440]
 [  21   74]]
acc: 0.770
f1: 0.243
[[1860   53]
 [  55   40]]
acc: 0.946
f1: 0.426
9,101,coarse : 32.19 seconds
9,101,fine : 32.21 seconds
[[1470  443]
 [  20   75]]
acc: 0.769
f1: 0.245
[[1860   53]
 [  55   40]]
acc: 0.946
f1: 0.426
9,102,coarse : 32.91 seconds
9,102,fine : 32.92 seconds
[[1470  443]
 [  21   74]]
acc: 0.769
f1: 0.242
[[1859   54]
 [  56   39]]
acc: 0.945
f1: 0.415
9,103,coarse : 33.28 seconds
9,103,fine : 33.3 seconds
[[1474  439]
 [  21   74]]
acc: 0.771
f1: 0.243
[[1858   55]
 [  56   39]]
acc: 0.945
f1: 0.413
9,104,coarse : 32.61 seconds
9,104,fine : 32.62 seconds
[[1477  436]
 [  21   74]]
acc: 0.772
f1: 0.245
[[1855   58]
 [  58   37]]
acc: 0.942
f1: 0.389
9,105,coarse : 34.11 seconds
9,105,fine : 34.13 seconds
[[1478  435]
 [  21   74]]
acc: 0.773
f1: 0.245
[[1853   60]
 [  57   38]]
acc: 0.942
f1: 0.394
9,106,coarse : 34.03 seconds
9,106,fine : 34.04 seconds
[[1478  435]
 [  22   73]]
acc: 0.772
f1: 0.242
[[1856   57]
 [  56   39]]
acc: 0.944
f1: 0.408
9,107,coarse : 35.04 seconds
9,107,fine : 35.06 seconds
[[1480  433]
 [  22   73]]
acc: 0.773
f1: 0.243
[[1857   56]
 [  57   38]]
acc: 0.944
f1: 0.402
9,108,coarse : 35.19 seconds
9,108,fine : 35.2 seconds
[[1478  435]
 [  22   73]]
acc: 0.772
f1: 0.242
[[1857   56]
 [  57   38]]
acc: 0.944
f1: 0.402
9,109,coarse : 35.18 seconds
9,109,fine : 35.2 seconds
[[1480  433]
 [  22   73]]
acc: 0.773
f1: 0.243
[[1857   56]
 [  57   38]]
acc: 0.944
f1: 0.402
9,110,coarse : 35.64 seconds
9,110,fine : 35.65 seconds
[[1479  434]
 [  23   72]]
acc: 0.772
f1: 0.240
[[1857   56]
 [  57   38]]
acc: 0.944
f1: 0.402
9,111,coarse : 35.59 seconds
9,111,fine : 35.6 seconds
[[1478  435]
 [  23   72]]
acc: 0.772
f1: 0.239
[[1855   58]
 [  57   38]]
acc: 0.943
f1: 0.398
9,112,coarse : 36.04 seconds
9,112,fine : 36.05 seconds
[[1478  435]
 [  23   72]]
acc: 0.772
f1: 0.239
[[1856   57]
 [  56   39]]
acc: 0.944
f1: 0.408
9,113,coarse : 35.84 seconds
9,113,fine : 35.85 seconds
[[1479  434]
 [  23   72]]
acc: 0.772
f1: 0.240
[[1856   57]
 [  57   38]]
acc: 0.943
f1: 0.400
9,114,coarse : 36.73 seconds
9,114,fine : 36.74 seconds
[[1479  434]
 [  23   72]]
acc: 0.772
f1: 0.240
[[1855   58]
 [  55   40]]
acc: 0.944
f1: 0.415
9,115,coarse : 37.02 seconds
9,115,fine : 37.03 seconds
[[1482  431]
 [  23   72]]
acc: 0.774
f1: 0.241
[[1855   58]
 [  55   40]]
acc: 0.944
f1: 0.415
9,116,coarse : 36.99 seconds
9,116,fine : 37.0 seconds
[[1483  430]
 [  22   73]]
acc: 0.775
f1: 0.244
[[1857   56]
 [  55   40]]
acc: 0.945
f1: 0.419
9,117,coarse : 36.46 seconds
9,117,fine : 36.47 seconds
[[1482  431]
 [  22   73]]
acc: 0.774
f1: 0.244
[[1856   57]
 [  55   40]]
acc: 0.944
f1: 0.417
9,118,coarse : 37.26 seconds
9,118,fine : 37.28 seconds
[[1486  427]
 [  23   72]]
acc: 0.776
f1: 0.242
[[1857   56]
 [  56   39]]
acc: 0.944
f1: 0.411
9,119,coarse : 37.79 seconds
9,119,fine : 37.81 seconds
[[1484  429]
 [  23   72]]
acc: 0.775
f1: 0.242
[[1855   58]
 [  57   38]]
acc: 0.943
f1: 0.398
9,120,coarse : 38.39 seconds
9,120,fine : 38.4 seconds
[[1479  434]
 [  23   72]]
acc: 0.772
f1: 0.240
[[1853   60]
 [  58   37]]
acc: 0.941
f1: 0.385
9,121,coarse : 45.21 seconds
9,121,fine : 45.22 seconds
[[1482  431]
 [  23   72]]
acc: 0.774
f1: 0.241
[[1857   56]
 [  56   39]]
acc: 0.944
f1: 0.411
9,122,coarse : 44.72 seconds
9,122,fine : 44.73 seconds
[[1481  432]
 [  23   72]]
acc: 0.773
f1: 0.240
[[1859   54]
 [  56   39]]
acc: 0.945
f1: 0.415
9,123,coarse : 45.82 seconds
9,123,fine : 45.83 seconds
[[1482  431]
 [  23   72]]
acc: 0.774
f1: 0.241
[[1859   54]
 [  58   37]]
acc: 0.944
f1: 0.398
9,124,coarse : 46.1 seconds
9,124,fine : 46.11 seconds
[[1478  435]
 [  22   73]]
acc: 0.772
f1: 0.242
[[1858   55]
 [  57   38]]
acc: 0.944
f1: 0.404
9,125,coarse : 46.3 seconds
9,125,fine : 46.31 seconds
[[1477  436]
 [  22   73]]
acc: 0.772
f1: 0.242
[[1859   54]
 [  60   35]]
acc: 0.943
f1: 0.380
9,126,coarse : 46.54 seconds
9,126,fine : 46.56 seconds
[[1472  441]
 [  22   73]]
acc: 0.769
f1: 0.240
[[1858   55]
 [  60   35]]
acc: 0.943
f1: 0.378
9,127,coarse : 47.13 seconds
9,127,fine : 47.15 seconds
[[1473  440]
 [  22   73]]
acc: 0.770
f1: 0.240
[[1855   58]
 [  60   35]]
acc: 0.941
f1: 0.372
9,128,coarse : 47.43 seconds
9,128,fine : 47.45 seconds
[[1473  440]
 [  22   73]]
acc: 0.770
f1: 0.240
[[1855   58]
 [  59   36]]
acc: 0.942
f1: 0.381
9,129,coarse : 46.67 seconds
9,129,fine : 46.69 seconds
[[1473  440]
 [  22   73]]
acc: 0.770
f1: 0.240
[[1856   57]
 [  57   38]]
acc: 0.943
f1: 0.400
9,130,coarse : 47.8 seconds
9,130,fine : 47.82 seconds
[[1477  436]
 [  22   73]]
acc: 0.772
f1: 0.242
[[1857   56]
 [  57   38]]
acc: 0.944
f1: 0.402
9,131,coarse : 48.83 seconds
9,131,fine : 48.85 seconds
[[1476  437]
 [  22   73]]
acc: 0.771
f1: 0.241
[[1856   57]
 [  59   36]]
acc: 0.942
f1: 0.383
9,132,coarse : 48.96 seconds
9,132,fine : 48.97 seconds
[[1478  435]
 [  22   73]]
acc: 0.772
f1: 0.242
[[1855   58]
 [  58   37]]
acc: 0.942
f1: 0.389
9,133,coarse : 49.96 seconds
9,133,fine : 49.98 seconds
[[1478  435]
 [  22   73]]
acc: 0.772
f1: 0.242
[[1853   60]
 [  59   36]]
acc: 0.941
f1: 0.377
9,134,coarse : 50.42 seconds
9,134,fine : 50.44 seconds
[[1476  437]
 [  22   73]]
acc: 0.771
f1: 0.241
[[1853   60]
 [  58   37]]
acc: 0.941
f1: 0.385
9,135,coarse : 49.85 seconds
9,135,fine : 49.87 seconds
[[1473  440]
 [  22   73]]
acc: 0.770
f1: 0.240
[[1852   61]
 [  57   38]]
acc: 0.941
f1: 0.392
9,136,coarse : 51.3 seconds
9,136,fine : 51.32 seconds
[[1474  439]
 [  22   73]]
acc: 0.770
f1: 0.241
[[1852   61]
 [  57   38]]
acc: 0.941
f1: 0.392
9,137,coarse : 51.19 seconds
9,137,fine : 51.21 seconds
[[1470  443]
 [  21   74]]
acc: 0.769
f1: 0.242
[[1850   63]
 [  57   38]]
acc: 0.940
f1: 0.388
9,138,coarse : 52.75 seconds
9,138,fine : 52.77 seconds
[[1467  446]
 [  20   75]]
acc: 0.768
f1: 0.244
[[1850   63]
 [  57   38]]
acc: 0.940
f1: 0.388
9,139,coarse : 53.58 seconds
9,139,fine : 53.6 seconds
[[1466  447]
 [  21   74]]
acc: 0.767
f1: 0.240
[[1852   61]
 [  58   37]]
acc: 0.941
f1: 0.383
9,140,coarse : 52.5 seconds
9,140,fine : 52.52 seconds
[[1467  446]
 [  22   73]]
acc: 0.767
f1: 0.238
[[1853   60]
 [  54   41]]
acc: 0.943
f1: 0.418
9,141,coarse : 52.26 seconds
9,141,fine : 52.27 seconds
[[1467  446]
 [  22   73]]
acc: 0.767
f1: 0.238
[[1851   62]
 [  53   42]]
acc: 0.943
f1: 0.422
9,142,coarse : 52.82 seconds
9,142,fine : 52.84 seconds
[[1463  450]
 [  21   74]]
acc: 0.765
f1: 0.239
[[1852   61]
 [  53   42]]
acc: 0.943
f1: 0.424
9,143,coarse : 53.96 seconds
9,143,fine : 53.98 seconds
[[1464  449]
 [  21   74]]
acc: 0.766
f1: 0.239
[[1851   62]
 [  53   42]]
acc: 0.943
f1: 0.422
9,144,coarse : 53.87 seconds
9,144,fine : 53.89 seconds
[[1465  448]
 [  21   74]]
acc: 0.766
f1: 0.240
[[1851   62]
 [  53   42]]
acc: 0.943
f1: 0.422
9,145,coarse : 54.78 seconds
9,145,fine : 54.8 seconds
[[1466  447]
 [  21   74]]
acc: 0.767
f1: 0.240
[[1851   62]
 [  53   42]]
acc: 0.943
f1: 0.422
9,146,coarse : 54.48 seconds
9,146,fine : 54.49 seconds
[[1467  446]
 [  21   74]]
acc: 0.767
f1: 0.241
[[1849   64]
 [  53   42]]
acc: 0.942
f1: 0.418
9,147,coarse : 54.82 seconds
9,147,fine : 54.83 seconds
[[1464  449]
 [  22   73]]
acc: 0.765
f1: 0.237
[[1851   62]
 [  53   42]]
acc: 0.943
f1: 0.422
9,148,coarse : 53.78 seconds
9,148,fine : 53.8 seconds
[[1468  445]
 [  22   73]]
acc: 0.767
f1: 0.238
[[1851   62]
 [  52   43]]
acc: 0.943
f1: 0.430
9,149,coarse : 56.05 seconds
9,149,fine : 56.07 seconds
[[1467  446]
 [  23   72]]
acc: 0.766
f1: 0.235
[[1851   62]
 [  53   42]]
acc: 0.943
f1: 0.422
9,150,coarse : 56.46 seconds
9,150,fine : 56.48 seconds
[[1465  448]
 [  22   73]]
acc: 0.766
f1: 0.237
[[1851   62]
 [  53   42]]
acc: 0.943
f1: 0.422
9,151,coarse : 55.91 seconds
9,151,fine : 55.93 seconds
[[1475  438]
 [  22   73]]
acc: 0.771
f1: 0.241
[[1852   61]
 [  51   44]]
acc: 0.944
f1: 0.440
9,152,coarse : 55.76 seconds
9,152,fine : 55.79 seconds
[[1469  444]
 [  22   73]]
acc: 0.768
f1: 0.239
[[1851   62]
 [  50   45]]
acc: 0.944
f1: 0.446
9,153,coarse : 55.57 seconds
9,153,fine : 55.58 seconds
[[1466  447]
 [  22   73]]
acc: 0.766
f1: 0.237
[[1851   62]
 [  50   45]]
acc: 0.944
f1: 0.446
9,154,coarse : 56.61 seconds
9,154,fine : 56.63 seconds
[[1466  447]
 [  23   72]]
acc: 0.766
f1: 0.235
[[1851   62]
 [  50   45]]
acc: 0.944
f1: 0.446
9,155,coarse : 58.06 seconds
9,155,fine : 58.07 seconds
[[1465  448]
 [  23   72]]
acc: 0.765
f1: 0.234
[[1851   62]
 [  50   45]]
acc: 0.944
f1: 0.446
9,156,coarse : 58.88 seconds
9,156,fine : 58.9 seconds
[[1465  448]
 [  23   72]]
acc: 0.765
f1: 0.234
[[1851   62]
 [  50   45]]
acc: 0.944
f1: 0.446
9,157,coarse : 58.83 seconds
9,157,fine : 58.84 seconds
[[1464  449]
 [  23   72]]
acc: 0.765
f1: 0.234
[[1850   63]
 [  51   44]]
acc: 0.943
f1: 0.436
9,158,coarse : 58.51 seconds
9,158,fine : 58.52 seconds
[[1475  438]
 [  22   73]]
acc: 0.771
f1: 0.241
[[1851   62]
 [  51   44]]
acc: 0.944
f1: 0.438
9,159,coarse : 58.8 seconds
9,159,fine : 58.82 seconds
[[1473  440]
 [  23   72]]
acc: 0.769
f1: 0.237
[[1850   63]
 [  51   44]]
acc: 0.943
f1: 0.436
9,160,coarse : 59.68 seconds
9,160,fine : 59.7 seconds
[[1467  446]
 [  23   72]]
acc: 0.766
f1: 0.235
[[1849   64]
 [  51   44]]
acc: 0.943
f1: 0.433
9,161,coarse : 60.62 seconds
9,161,fine : 60.64 seconds
[[1469  444]
 [  23   72]]
acc: 0.767
f1: 0.236
[[1849   64]
 [  51   44]]
acc: 0.943
f1: 0.433
9,162,coarse : 60.8 seconds
9,162,fine : 60.82 seconds
[[1472  441]
 [  23   72]]
acc: 0.769
f1: 0.237
[[1850   63]
 [  52   43]]
acc: 0.943
f1: 0.428
9,163,coarse : 59.5 seconds
9,163,fine : 59.52 seconds
[[1469  444]
 [  24   71]]
acc: 0.767
f1: 0.233
[[1850   63]
 [  52   43]]
acc: 0.943
f1: 0.428
9,164,coarse : 61.7 seconds
9,164,fine : 61.72 seconds
[[1471  442]
 [  24   71]]
acc: 0.768
f1: 0.234
[[1851   62]
 [  51   44]]
acc: 0.944
f1: 0.438
9,165,coarse : 61.09 seconds
9,165,fine : 61.1 seconds
[[1469  444]
 [  23   72]]
acc: 0.767
f1: 0.236
[[1853   60]
 [  51   44]]
acc: 0.945
f1: 0.442
9,166,coarse : 61.71 seconds
9,166,fine : 61.73 seconds
[[1462  451]
 [  22   73]]
acc: 0.764
f1: 0.236
[[1852   61]
 [  50   45]]
acc: 0.945
f1: 0.448
9,167,coarse : 62.27 seconds
9,167,fine : 62.29 seconds
[[1461  452]
 [  23   72]]
acc: 0.763
f1: 0.233
[[1852   61]
 [  50   45]]
acc: 0.945
f1: 0.448
9,168,coarse : 61.99 seconds
9,168,fine : 62.01 seconds
[[1457  456]
 [  23   72]]
acc: 0.761
f1: 0.231
[[1851   62]
 [  51   44]]
acc: 0.944
f1: 0.438
9,169,coarse : 63.32 seconds
9,169,fine : 63.34 seconds
[[1460  453]
 [  24   71]]
acc: 0.762
f1: 0.229
[[1851   62]
 [  52   43]]
acc: 0.943
f1: 0.430
9,170,coarse : 62.45 seconds
9,170,fine : 62.47 seconds
[[1455  458]
 [  25   70]]
acc: 0.759
f1: 0.225
[[1851   62]
 [  52   43]]
acc: 0.943
f1: 0.430
9,171,coarse : 65.11 seconds
9,171,fine : 65.13 seconds
[[1455  458]
 [  24   71]]
acc: 0.760
f1: 0.228
[[1852   61]
 [  53   42]]
acc: 0.943
f1: 0.424
9,172,coarse : 64.35 seconds
9,172,fine : 64.37 seconds
