all           0      1    2    3    4    5    6    7    8    
1      2010   1914   1    19   32   19   1    11   6    7    
2      2010   1914   1    19   32   19   1    11   6    7    
3      2010   1914   1    19   32   19   1    11   5    8    
4      2010   1914   1    19   32   19   1    10   6    8    
5      2010   1914   1    18   33   19   1    10   6    8    
6      2010   1914   1    18   33   19   1    10   6    8    
7      2010   1913   2    18   33   19   1    10   6    8    
8      2010   1913   2    18   33   19   1    10   6    8    
9      2009   1913   2    18   32   19   2    10   6    7    
10     2009   1913   1    19   32   19   1    11   6    7    
Total  20098  19136  13   185  324  190  11   104  59   76   
train         0      1    2    3    4    5    6    7    8    
1      2010   1914   1    19   32   19   1    11   6    7    
2      2010   1914   1    19   32   19   1    11   6    7    
3      2010   1914   1    19   32   19   1    11   5    8    
4      2010   1914   1    19   32   19   1    10   6    8    
5      2010   1914   1    18   33   19   1    10   6    8    
7      2010   1913   2    18   33   19   1    10   6    8    
8      2010   1913   2    18   33   19   1    10   6    8    
9      2009   1913   2    18   32   19   2    10   6    7    
10     2009   1913   1    19   32   19   1    11   6    7    
Total  18088  17222  12   167  291  171  10   94   53   68   
test          0      1    2    3    4    5    6    7    8    
6      2010   1914   1    18   33   19   1    10   6    8    
Total  2010   1914   1    18   33   19   1    10   6    8    
Classes             
0         17222     
1         12        
2         167       
3         291       
4         171       
5         10        
6         94        
7         53        
8         68        
Total     18088     

Shape: 450       

[952, 10, 11, 16, 11, 10, 10, 10, 10]
Sum start => 1040
[[1381  533]
 [  21   75]]
acc: 0.724
f1: 0.213
[[1878   36]
 [  81   15]]
acc: 0.942
f1: 0.204
6,1,coarse : 30.64 seconds
6,1,fine : 30.64 seconds
[[1381  533]
 [  21   75]]
acc: 0.724
f1: 0.213
[[1878   36]
 [  81   15]]
acc: 0.942
f1: 0.204
6,2,coarse : 32.0 seconds
6,2,fine : 32.0 seconds
[[1405  509]
 [  22   74]]
acc: 0.736
f1: 0.218
[[1877   37]
 [  82   14]]
acc: 0.941
f1: 0.190
6,3,coarse : 3.72 seconds
6,3,fine : 3.72 seconds
[[1394  520]
 [  20   76]]
acc: 0.731
f1: 0.220
[[1879   35]
 [  82   14]]
acc: 0.942
f1: 0.193
6,4,coarse : 3.93 seconds
6,4,fine : 3.94 seconds
[[1405  509]
 [  20   76]]
acc: 0.737
f1: 0.223
[[1880   34]
 [  81   15]]
acc: 0.943
f1: 0.207
6,5,coarse : 4.03 seconds
6,5,fine : 4.03 seconds
[[1408  506]
 [  19   77]]
acc: 0.739
f1: 0.227
[[1881   33]
 [  84   12]]
acc: 0.942
f1: 0.170
6,6,coarse : 4.36 seconds
6,6,fine : 4.36 seconds
[[1403  511]
 [  19   77]]
acc: 0.736
f1: 0.225
[[1881   33]
 [  85   11]]
acc: 0.941
f1: 0.157
6,7,coarse : 4.4 seconds
6,7,fine : 4.4 seconds
[[1395  519]
 [  19   77]]
acc: 0.732
f1: 0.223
[[1883   31]
 [  85   11]]
acc: 0.942
f1: 0.159
6,8,coarse : 4.45 seconds
6,8,fine : 4.45 seconds
[[1381  533]
 [  18   78]]
acc: 0.726
f1: 0.221
[[1883   31]
 [  84   12]]
acc: 0.943
f1: 0.173
6,9,coarse : 4.75 seconds
6,9,fine : 4.75 seconds
[[1388  526]
 [  16   80]]
acc: 0.730
f1: 0.228
[[1884   30]
 [  85   11]]
acc: 0.943
f1: 0.161
6,10,coarse : 4.77 seconds
6,10,fine : 4.77 seconds
[[1407  507]
 [  16   80]]
acc: 0.740
f1: 0.234
[[1880   34]
 [  82   14]]
acc: 0.942
f1: 0.194
6,11,coarse : 5.04 seconds
6,11,fine : 5.04 seconds
[[1390  524]
 [  18   78]]
acc: 0.730
f1: 0.223
[[1883   31]
 [  83   13]]
acc: 0.943
f1: 0.186
6,12,coarse : 5.05 seconds
6,12,fine : 5.06 seconds
[[1395  519]
 [  17   79]]
acc: 0.733
f1: 0.228
[[1884   30]
 [  83   13]]
acc: 0.944
f1: 0.187
6,13,coarse : 5.24 seconds
6,13,fine : 5.25 seconds
[[1398  516]
 [  16   80]]
acc: 0.735
f1: 0.231
[[1884   30]
 [  82   14]]
acc: 0.944
f1: 0.200
6,14,coarse : 5.4 seconds
6,14,fine : 5.41 seconds
[[1401  513]
 [  19   77]]
acc: 0.735
f1: 0.224
[[1887   27]
 [  82   14]]
acc: 0.946
f1: 0.204
6,15,coarse : 5.55 seconds
6,15,fine : 5.55 seconds
[[1407  507]
 [  19   77]]
acc: 0.738
f1: 0.226
[[1877   37]
 [  79   17]]
acc: 0.942
f1: 0.227
6,16,coarse : 5.78 seconds
6,16,fine : 5.78 seconds
[[1402  512]
 [  19   77]]
acc: 0.736
f1: 0.225
[[1881   33]
 [  79   17]]
acc: 0.944
f1: 0.233
6,17,coarse : 5.97 seconds
6,17,fine : 5.97 seconds
[[1409  505]
 [  19   77]]
acc: 0.739
f1: 0.227
[[1883   31]
 [  82   14]]
acc: 0.944
f1: 0.199
6,18,coarse : 6.03 seconds
6,18,fine : 6.03 seconds
[[1417  497]
 [  19   77]]
acc: 0.743
f1: 0.230
[[1879   35]
 [  81   15]]
acc: 0.942
f1: 0.205
6,19,coarse : 6.12 seconds
6,19,fine : 6.13 seconds
[[1415  499]
 [  20   76]]
acc: 0.742
f1: 0.227
[[1882   32]
 [  80   16]]
acc: 0.944
f1: 0.222
6,20,coarse : 6.32 seconds
6,20,fine : 6.33 seconds
[[1412  502]
 [  20   76]]
acc: 0.740
f1: 0.226
[[1882   32]
 [  79   17]]
acc: 0.945
f1: 0.234
6,21,coarse : 6.48 seconds
6,21,fine : 6.48 seconds
[[1421  493]
 [  19   77]]
acc: 0.745
f1: 0.231
[[1883   31]
 [  81   15]]
acc: 0.944
f1: 0.211
6,22,coarse : 6.57 seconds
6,22,fine : 6.57 seconds
[[1428  486]
 [  19   77]]
acc: 0.749
f1: 0.234
[[1880   34]
 [  81   15]]
acc: 0.943
f1: 0.207
6,23,coarse : 6.66 seconds
6,23,fine : 6.67 seconds
[[1425  489]
 [  19   77]]
acc: 0.747
f1: 0.233
[[1878   36]
 [  81   15]]
acc: 0.942
f1: 0.204
6,24,coarse : 6.92 seconds
6,24,fine : 6.93 seconds
[[1430  484]
 [  18   78]]
acc: 0.750
f1: 0.237
[[1879   35]
 [  79   17]]
acc: 0.943
f1: 0.230
6,25,coarse : 7.18 seconds
6,25,fine : 7.19 seconds
[[1434  480]
 [  19   77]]
acc: 0.752
f1: 0.236
[[1878   36]
 [  77   19]]
acc: 0.944
f1: 0.252
6,26,coarse : 7.35 seconds
6,26,fine : 7.36 seconds
[[1436  478]
 [  20   76]]
acc: 0.752
f1: 0.234
[[1879   35]
 [  78   18]]
acc: 0.944
f1: 0.242
6,27,coarse : 7.45 seconds
6,27,fine : 7.46 seconds
[[1439  475]
 [  20   76]]
acc: 0.754
f1: 0.235
[[1874   40]
 [  77   19]]
acc: 0.942
f1: 0.245
6,28,coarse : 7.61 seconds
6,28,fine : 7.61 seconds
[[1431  483]
 [  20   76]]
acc: 0.750
f1: 0.232
[[1876   38]
 [  75   21]]
acc: 0.944
f1: 0.271
6,29,coarse : 7.59 seconds
6,29,fine : 7.6 seconds
[[1438  476]
 [  19   77]]
acc: 0.754
f1: 0.237
[[1873   41]
 [  73   23]]
acc: 0.943
f1: 0.287
6,30,coarse : 7.75 seconds
6,30,fine : 7.76 seconds
[[1438  476]
 [  17   79]]
acc: 0.755
f1: 0.243
[[1872   42]
 [  70   26]]
acc: 0.944
f1: 0.317
6,31,coarse : 7.86 seconds
6,31,fine : 7.87 seconds
[[1430  484]
 [  15   81]]
acc: 0.752
f1: 0.245
[[1868   46]
 [  69   27]]
acc: 0.943
f1: 0.320
6,32,coarse : 8.13 seconds
6,32,fine : 8.14 seconds
[[1438  476]
 [  16   80]]
acc: 0.755
f1: 0.245
[[1868   46]
 [  68   28]]
acc: 0.943
f1: 0.329
6,33,coarse : 8.23 seconds
6,33,fine : 8.24 seconds
[[1439  475]
 [  16   80]]
acc: 0.756
f1: 0.246
[[1870   44]
 [  69   27]]
acc: 0.944
f1: 0.323
6,34,coarse : 8.55 seconds
6,34,fine : 8.56 seconds
[[1441  473]
 [  15   81]]
acc: 0.757
f1: 0.249
[[1870   44]
 [  69   27]]
acc: 0.944
f1: 0.323
6,35,coarse : 8.68 seconds
6,35,fine : 8.69 seconds
[[1446  468]
 [  16   80]]
acc: 0.759
f1: 0.248
[[1871   43]
 [  70   26]]
acc: 0.944
f1: 0.315
6,36,coarse : 8.89 seconds
6,36,fine : 8.89 seconds
[[1440  474]
 [  13   83]]
acc: 0.758
f1: 0.254
[[1874   40]
 [  70   26]]
acc: 0.945
f1: 0.321
6,37,coarse : 9.03 seconds
6,37,fine : 9.04 seconds
[[1448  466]
 [  14   82]]
acc: 0.761
f1: 0.255
[[1874   40]
 [  68   28]]
acc: 0.946
f1: 0.341
6,38,coarse : 9.09 seconds
6,38,fine : 9.09 seconds
[[1451  463]
 [  13   83]]
acc: 0.763
f1: 0.259
[[1869   45]
 [  70   26]]
acc: 0.943
f1: 0.311
6,39,coarse : 9.38 seconds
6,39,fine : 9.39 seconds
[[1449  465]
 [  14   82]]
acc: 0.762
f1: 0.255
[[1869   45]
 [  68   28]]
acc: 0.944
f1: 0.331
6,40,coarse : 9.49 seconds
6,40,fine : 9.49 seconds
[[1451  463]
 [  14   82]]
acc: 0.763
f1: 0.256
[[1869   45]
 [  66   30]]
acc: 0.945
f1: 0.351
6,41,coarse : 9.75 seconds
6,41,fine : 9.75 seconds
[[1440  474]
 [  16   80]]
acc: 0.756
f1: 0.246
[[1869   45]
 [  69   27]]
acc: 0.943
f1: 0.321
6,42,coarse : 9.6 seconds
6,42,fine : 9.61 seconds
[[1442  472]
 [  16   80]]
acc: 0.757
f1: 0.247
[[1867   47]
 [  67   29]]
acc: 0.943
f1: 0.337
6,43,coarse : 10.04 seconds
6,43,fine : 10.04 seconds
[[1445  469]
 [  15   81]]
acc: 0.759
f1: 0.251
[[1866   48]
 [  66   30]]
acc: 0.943
f1: 0.345
6,44,coarse : 9.93 seconds
6,44,fine : 9.94 seconds
[[1448  466]
 [  14   82]]
acc: 0.761
f1: 0.255
[[1864   50]
 [  67   29]]
acc: 0.942
f1: 0.331
6,45,coarse : 10.34 seconds
6,45,fine : 10.34 seconds
[[1449  465]
 [  14   82]]
acc: 0.762
f1: 0.255
[[1865   49]
 [  66   30]]
acc: 0.943
f1: 0.343
6,46,coarse : 10.25 seconds
6,46,fine : 10.26 seconds
[[1455  459]
 [  15   81]]
acc: 0.764
f1: 0.255
[[1864   50]
 [  64   32]]
acc: 0.943
f1: 0.360
6,47,coarse : 10.63 seconds
6,47,fine : 10.63 seconds
[[1463  451]
 [  17   79]]
acc: 0.767
f1: 0.252
[[1863   51]
 [  64   32]]
acc: 0.943
f1: 0.358
6,48,coarse : 10.74 seconds
6,48,fine : 10.75 seconds
[[1466  448]
 [  17   79]]
acc: 0.769
f1: 0.254
[[1863   51]
 [  64   32]]
acc: 0.943
f1: 0.358
6,49,coarse : 11.03 seconds
6,49,fine : 11.03 seconds
[[1471  443]
 [  17   79]]
acc: 0.771
f1: 0.256
[[1864   50]
 [  63   33]]
acc: 0.944
f1: 0.369
6,50,coarse : 12.86 seconds
6,50,fine : 12.87 seconds
[[1474  440]
 [  18   78]]
acc: 0.772
f1: 0.254
[[1864   50]
 [  64   32]]
acc: 0.943
f1: 0.360
6,51,coarse : 11.46 seconds
6,51,fine : 11.46 seconds
[[1470  444]
 [  18   78]]
acc: 0.770
f1: 0.252
[[1863   51]
 [  62   34]]
acc: 0.944
f1: 0.376
6,52,coarse : 11.46 seconds
6,52,fine : 11.46 seconds
[[1471  443]
 [  17   79]]
acc: 0.771
f1: 0.256
[[1865   49]
 [  60   36]]
acc: 0.946
f1: 0.398
6,53,coarse : 11.61 seconds
6,53,fine : 11.61 seconds
[[1469  445]
 [  17   79]]
acc: 0.770
f1: 0.255
[[1867   47]
 [  60   36]]
acc: 0.947
f1: 0.402
6,54,coarse : 11.6 seconds
6,54,fine : 11.61 seconds
[[1473  441]
 [  17   79]]
acc: 0.772
f1: 0.256
[[1864   50]
 [  59   37]]
acc: 0.946
f1: 0.404
6,55,coarse : 11.95 seconds
6,55,fine : 11.96 seconds
[[1465  449]
 [  17   79]]
acc: 0.768
f1: 0.253
[[1861   53]
 [  58   38]]
acc: 0.945
f1: 0.406
6,56,coarse : 12.13 seconds
6,56,fine : 12.13 seconds
[[1466  448]
 [  17   79]]
acc: 0.769
f1: 0.254
[[1863   51]
 [  59   37]]
acc: 0.945
f1: 0.402
6,57,coarse : 12.25 seconds
6,57,fine : 12.26 seconds
[[1471  443]
 [  17   79]]
acc: 0.771
f1: 0.256
[[1860   54]
 [  55   41]]
acc: 0.946
f1: 0.429
6,58,coarse : 12.4 seconds
6,58,fine : 12.41 seconds
[[1475  439]
 [  17   79]]
acc: 0.773
f1: 0.257
[[1858   56]
 [  60   36]]
acc: 0.942
f1: 0.383
6,59,coarse : 12.55 seconds
6,59,fine : 12.55 seconds
[[1476  438]
 [  17   79]]
acc: 0.774
f1: 0.258
[[1857   57]
 [  60   36]]
acc: 0.942
f1: 0.381
6,60,coarse : 13.32 seconds
6,60,fine : 13.32 seconds
[[1476  438]
 [  16   80]]
acc: 0.774
f1: 0.261
[[1859   55]
 [  61   35]]
acc: 0.942
f1: 0.376
6,61,coarse : 13.31 seconds
6,61,fine : 13.32 seconds
[[1476  438]
 [  17   79]]
acc: 0.774
f1: 0.258
[[1860   54]
 [  61   35]]
acc: 0.943
f1: 0.378
6,62,coarse : 13.43 seconds
6,62,fine : 13.44 seconds
[[1474  440]
 [  18   78]]
acc: 0.772
f1: 0.254
[[1863   51]
 [  58   38]]
acc: 0.946
f1: 0.411
6,63,coarse : 13.38 seconds
6,63,fine : 13.39 seconds
[[1467  447]
 [  17   79]]
acc: 0.769
f1: 0.254
[[1862   52]
 [  58   38]]
acc: 0.945
f1: 0.409
6,64,coarse : 13.69 seconds
6,64,fine : 13.7 seconds
[[1474  440]
 [  17   79]]
acc: 0.773
f1: 0.257
[[1857   57]
 [  58   38]]
acc: 0.943
f1: 0.398
6,65,coarse : 13.92 seconds
6,65,fine : 13.93 seconds
[[1476  438]
 [  17   79]]
acc: 0.774
f1: 0.258
[[1858   56]
 [  58   38]]
acc: 0.943
f1: 0.400
6,66,coarse : 13.84 seconds
6,66,fine : 13.85 seconds
[[1479  435]
 [  17   79]]
acc: 0.775
f1: 0.259
[[1857   57]
 [  59   37]]
acc: 0.942
f1: 0.389
6,67,coarse : 14.05 seconds
6,67,fine : 14.05 seconds
[[1483  431]
 [  17   79]]
acc: 0.777
f1: 0.261
[[1856   58]
 [  59   37]]
acc: 0.942
f1: 0.387
6,68,coarse : 14.31 seconds
6,68,fine : 14.32 seconds
[[1483  431]
 [  16   80]]
acc: 0.778
f1: 0.264
[[1853   61]
 [  60   36]]
acc: 0.940
f1: 0.373
6,69,coarse : 14.38 seconds
6,69,fine : 14.39 seconds
[[1480  434]
 [  15   81]]
acc: 0.777
f1: 0.265
[[1855   59]
 [  60   36]]
acc: 0.941
f1: 0.377
6,70,coarse : 15.06 seconds
6,70,fine : 15.07 seconds
[[1483  431]
 [  17   79]]
acc: 0.777
f1: 0.261
[[1856   58]
 [  60   36]]
acc: 0.941
f1: 0.379
6,71,coarse : 14.88 seconds
6,71,fine : 14.89 seconds
[[1486  428]
 [  19   77]]
acc: 0.778
f1: 0.256
[[1856   58]
 [  61   35]]
acc: 0.941
f1: 0.370
6,72,coarse : 15.09 seconds
6,72,fine : 15.1 seconds
[[1484  430]
 [  17   79]]
acc: 0.778
f1: 0.261
[[1857   57]
 [  59   37]]
acc: 0.942
f1: 0.389
6,73,coarse : 15.5 seconds
6,73,fine : 15.51 seconds
[[1489  425]
 [  17   79]]
acc: 0.780
f1: 0.263
[[1856   58]
 [  60   36]]
acc: 0.941
f1: 0.379
6,74,coarse : 15.55 seconds
6,74,fine : 15.55 seconds
[[1491  423]
 [  18   78]]
acc: 0.781
f1: 0.261
[[1857   57]
 [  60   36]]
acc: 0.942
f1: 0.381
6,75,coarse : 15.55 seconds
6,75,fine : 15.56 seconds
[[1492  422]
 [  19   77]]
acc: 0.781
f1: 0.259
[[1860   54]
 [  60   36]]
acc: 0.943
f1: 0.387
6,76,coarse : 15.91 seconds
6,76,fine : 15.92 seconds
[[1485  429]
 [  19   77]]
acc: 0.777
f1: 0.256
[[1857   57]
 [  60   36]]
acc: 0.942
f1: 0.381
6,77,coarse : 15.51 seconds
6,77,fine : 15.52 seconds
[[1484  430]
 [  18   78]]
acc: 0.777
f1: 0.258
[[1858   56]
 [  59   37]]
acc: 0.943
f1: 0.392
6,78,coarse : 15.9 seconds
6,78,fine : 15.91 seconds
[[1487  427]
 [  17   79]]
acc: 0.779
f1: 0.262
[[1856   58]
 [  59   37]]
acc: 0.942
f1: 0.387
6,79,coarse : 16.34 seconds
6,79,fine : 16.35 seconds
[[1494  420]
 [  17   79]]
acc: 0.783
f1: 0.266
[[1857   57]
 [  58   38]]
acc: 0.943
f1: 0.398
6,80,coarse : 16.91 seconds
6,80,fine : 16.92 seconds
[[1490  424]
 [  17   79]]
acc: 0.781
f1: 0.264
[[1853   61]
 [  58   38]]
acc: 0.941
f1: 0.390
6,81,coarse : 16.61 seconds
6,81,fine : 16.62 seconds
[[1495  419]
 [  17   79]]
acc: 0.783
f1: 0.266
[[1855   59]
 [  57   39]]
acc: 0.942
f1: 0.402
6,82,coarse : 17.18 seconds
6,82,fine : 17.19 seconds
[[1496  418]
 [  18   78]]
acc: 0.783
f1: 0.264
[[1855   59]
 [  58   38]]
acc: 0.942
f1: 0.394
6,83,coarse : 16.6 seconds
6,83,fine : 16.61 seconds
[[1501  413]
 [  18   78]]
acc: 0.786
f1: 0.266
[[1853   61]
 [  57   39]]
acc: 0.941
f1: 0.398
6,84,coarse : 17.25 seconds
6,84,fine : 17.26 seconds
[[1500  414]
 [  19   77]]
acc: 0.785
f1: 0.262
[[1856   58]
 [  56   40]]
acc: 0.943
f1: 0.412
6,85,coarse : 17.4 seconds
6,85,fine : 17.41 seconds
[[1505  409]
 [  20   76]]
acc: 0.787
f1: 0.262
[[1855   59]
 [  56   40]]
acc: 0.943
f1: 0.410
6,86,coarse : 17.43 seconds
6,86,fine : 17.44 seconds
[[1495  419]
 [  19   77]]
acc: 0.782
f1: 0.260
[[1850   64]
 [  55   41]]
acc: 0.941
f1: 0.408
6,87,coarse : 18.22 seconds
6,87,fine : 18.23 seconds
[[1496  418]
 [  20   76]]
acc: 0.782
f1: 0.258
[[1850   64]
 [  54   42]]
acc: 0.941
f1: 0.416
6,88,coarse : 18.38 seconds
6,88,fine : 18.4 seconds
[[1498  416]
 [  19   77]]
acc: 0.784
f1: 0.261
[[1850   64]
 [  55   41]]
acc: 0.941
f1: 0.408
6,89,coarse : 18.25 seconds
6,89,fine : 18.26 seconds
[[1507  407]
 [  18   78]]
acc: 0.789
f1: 0.269
[[1852   62]
 [  54   42]]
acc: 0.942
f1: 0.420
6,90,coarse : 18.55 seconds
6,90,fine : 18.56 seconds
[[1511  403]
 [  19   77]]
acc: 0.790
f1: 0.267
[[1851   63]
 [  54   42]]
acc: 0.942
f1: 0.418
6,91,coarse : 19.26 seconds
6,91,fine : 19.27 seconds
[[1516  398]
 [  18   78]]
acc: 0.793
f1: 0.273
[[1848   66]
 [  52   44]]
acc: 0.941
f1: 0.427
6,92,coarse : 19.55 seconds
6,92,fine : 19.56 seconds
[[1516  398]
 [  18   78]]
acc: 0.793
f1: 0.273
[[1845   69]
 [  52   44]]
acc: 0.940
f1: 0.421
6,93,coarse : 19.85 seconds
6,93,fine : 19.86 seconds
[[1519  395]
 [  18   78]]
acc: 0.795
f1: 0.274
[[1844   70]
 [  51   45]]
acc: 0.940
f1: 0.427
6,94,coarse : 20.26 seconds
6,94,fine : 20.27 seconds
[[1505  409]
 [  19   77]]
acc: 0.787
f1: 0.265
[[1844   70]
 [  52   44]]
acc: 0.939
f1: 0.419
6,95,coarse : 20.18 seconds
6,95,fine : 20.19 seconds
[[1507  407]
 [  18   78]]
acc: 0.789
f1: 0.269
[[1845   69]
 [  51   45]]
acc: 0.940
f1: 0.429
6,96,coarse : 20.36 seconds
6,96,fine : 20.37 seconds
[[1506  408]
 [  19   77]]
acc: 0.788
f1: 0.265
[[1844   70]
 [  50   46]]
acc: 0.940
f1: 0.434
6,97,coarse : 20.58 seconds
6,97,fine : 20.59 seconds
[[1509  405]
 [  20   76]]
acc: 0.789
f1: 0.263
[[1842   72]
 [  50   46]]
acc: 0.939
f1: 0.430
6,98,coarse : 20.99 seconds
6,98,fine : 21.0 seconds
[[1498  416]
 [  19   77]]
acc: 0.784
f1: 0.261
[[1842   72]
 [  49   47]]
acc: 0.940
f1: 0.437
6,99,coarse : 21.58 seconds
6,99,fine : 21.59 seconds
[[1502  412]
 [  19   77]]
acc: 0.786
f1: 0.263
[[1847   67]
 [  48   48]]
acc: 0.943
f1: 0.455
6,100,coarse : 22.41 seconds
6,100,fine : 22.42 seconds
[[1509  405]
 [  19   77]]
acc: 0.789
f1: 0.266
[[1847   67]
 [  48   48]]
acc: 0.943
f1: 0.455
6,101,coarse : 21.4 seconds
6,101,fine : 21.41 seconds
[[1501  413]
 [  19   77]]
acc: 0.785
f1: 0.263
[[1848   66]
 [  50   46]]
acc: 0.942
f1: 0.442
6,102,coarse : 21.8 seconds
6,102,fine : 21.81 seconds
[[1503  411]
 [  19   77]]
acc: 0.786
f1: 0.264
[[1849   65]
 [  51   45]]
acc: 0.942
f1: 0.437
6,103,coarse : 22.31 seconds
6,103,fine : 22.33 seconds
[[1501  413]
 [  18   78]]
acc: 0.786
f1: 0.266
[[1851   63]
 [  51   45]]
acc: 0.943
f1: 0.441
6,104,coarse : 22.05 seconds
6,104,fine : 22.06 seconds
[[1499  415]
 [  18   78]]
acc: 0.785
f1: 0.265
[[1850   64]
 [  51   45]]
acc: 0.943
f1: 0.439
6,105,coarse : 22.27 seconds
6,105,fine : 22.28 seconds
[[1501  413]
 [  18   78]]
acc: 0.786
f1: 0.266
[[1849   65]
 [  52   44]]
acc: 0.942
f1: 0.429
6,106,coarse : 22.49 seconds
6,106,fine : 22.64 seconds
[[1503  411]
 [  18   78]]
acc: 0.787
f1: 0.267
[[1851   63]
 [  49   47]]
acc: 0.944
f1: 0.456
6,107,coarse : 23.23 seconds
6,107,fine : 23.24 seconds
[[1504  410]
 [  19   77]]
acc: 0.787
f1: 0.264
[[1852   62]
 [  48   48]]
acc: 0.945
f1: 0.466
6,108,coarse : 23.06 seconds
6,108,fine : 23.07 seconds
[[1508  406]
 [  18   78]]
acc: 0.789
f1: 0.269
[[1853   61]
 [  48   48]]
acc: 0.946
f1: 0.468
6,109,coarse : 23.04 seconds
6,109,fine : 23.05 seconds
[[1505  409]
 [  18   78]]
acc: 0.788
f1: 0.268
[[1853   61]
 [  49   47]]
acc: 0.945
f1: 0.461
6,110,coarse : 23.79 seconds
6,110,fine : 23.8 seconds
[[1503  411]
 [  18   78]]
acc: 0.787
f1: 0.267
[[1852   62]
 [  49   47]]
acc: 0.945
f1: 0.459
6,111,coarse : 22.79 seconds
6,111,fine : 22.8 seconds
[[1503  411]
 [  18   78]]
acc: 0.787
f1: 0.267
[[1850   64]
 [  50   46]]
acc: 0.943
f1: 0.447
6,112,coarse : 23.67 seconds
6,112,fine : 23.68 seconds
[[1502  412]
 [  18   78]]
acc: 0.786
f1: 0.266
[[1851   63]
 [  50   46]]
acc: 0.944
f1: 0.449
6,113,coarse : 23.15 seconds
6,113,fine : 23.16 seconds
[[1504  410]
 [  18   78]]
acc: 0.787
f1: 0.267
[[1851   63]
 [  50   46]]
acc: 0.944
f1: 0.449
6,114,coarse : 23.83 seconds
6,114,fine : 23.84 seconds
[[1496  418]
 [  18   78]]
acc: 0.783
f1: 0.264
[[1851   63]
 [  49   47]]
acc: 0.944
f1: 0.456
6,115,coarse : 23.04 seconds
6,115,fine : 23.06 seconds
[[1498  416]
 [  17   79]]
acc: 0.785
f1: 0.267
[[1855   59]
 [  46   50]]
acc: 0.948
f1: 0.488
6,116,coarse : 24.31 seconds
6,116,fine : 24.32 seconds
[[1498  416]
 [  18   78]]
acc: 0.784
f1: 0.264
[[1855   59]
 [  48   48]]
acc: 0.947
f1: 0.473
6,117,coarse : 24.17 seconds
6,117,fine : 24.18 seconds
[[1509  405]
 [  18   78]]
acc: 0.790
f1: 0.269
[[1855   59]
 [  49   47]]
acc: 0.946
f1: 0.465
6,118,coarse : 24.58 seconds
6,118,fine : 24.6 seconds
[[1504  410]
 [  18   78]]
acc: 0.787
f1: 0.267
[[1853   61]
 [  48   48]]
acc: 0.946
f1: 0.468
6,119,coarse : 24.79 seconds
6,119,fine : 24.8 seconds
[[1505  409]
 [  18   78]]
acc: 0.788
f1: 0.268
[[1854   60]
 [  49   47]]
acc: 0.946
f1: 0.463
6,120,coarse : 24.35 seconds
6,120,fine : 24.36 seconds
[[1509  405]
 [  18   78]]
acc: 0.790
f1: 0.269
[[1853   61]
 [  49   47]]
acc: 0.945
f1: 0.461
6,121,coarse : 25.09 seconds
6,121,fine : 25.11 seconds
[[1507  407]
 [  18   78]]
acc: 0.789
f1: 0.269
[[1853   61]
 [  49   47]]
acc: 0.945
f1: 0.461
6,122,coarse : 25.58 seconds
6,122,fine : 25.59 seconds
[[1507  407]
 [  18   78]]
acc: 0.789
f1: 0.269
[[1852   62]
 [  48   48]]
acc: 0.945
f1: 0.466
6,123,coarse : 26.04 seconds
6,123,fine : 26.05 seconds
[[1509  405]
 [  18   78]]
acc: 0.790
f1: 0.269
[[1856   58]
 [  49   47]]
acc: 0.947
f1: 0.468
6,124,coarse : 25.33 seconds
6,124,fine : 25.34 seconds
[[1511  403]
 [  18   78]]
acc: 0.791
f1: 0.270
[[1856   58]
 [  50   46]]
acc: 0.946
f1: 0.460
6,125,coarse : 26.02 seconds
6,125,fine : 26.03 seconds
[[1505  409]
 [  17   79]]
acc: 0.788
f1: 0.271
[[1855   59]
 [  50   46]]
acc: 0.946
f1: 0.458
6,126,coarse : 26.4 seconds
6,126,fine : 26.41 seconds
[[1506  408]
 [  17   79]]
acc: 0.789
f1: 0.271
[[1856   58]
 [  51   45]]
acc: 0.946
f1: 0.452
6,127,coarse : 26.05 seconds
6,127,fine : 26.06 seconds
[[1507  407]
 [  17   79]]
acc: 0.789
f1: 0.271
[[1856   58]
 [  51   45]]
acc: 0.946
f1: 0.452
6,128,coarse : 26.75 seconds
6,128,fine : 26.76 seconds
[[1506  408]
 [  17   79]]
acc: 0.789
f1: 0.271
[[1856   58]
 [  50   46]]
acc: 0.946
f1: 0.460
6,129,coarse : 26.69 seconds
6,129,fine : 26.75 seconds
[[1508  406]
 [  17   79]]
acc: 0.790
f1: 0.272
[[1853   61]
 [  52   44]]
acc: 0.944
f1: 0.438
6,130,coarse : 26.89 seconds
6,130,fine : 26.91 seconds
[[1506  408]
 [  17   79]]
acc: 0.789
f1: 0.271
[[1855   59]
 [  51   45]]
acc: 0.945
f1: 0.450
6,131,coarse : 27.44 seconds
6,131,fine : 27.45 seconds
[[1508  406]
 [  17   79]]
acc: 0.790
f1: 0.272
[[1852   62]
 [  48   48]]
acc: 0.945
f1: 0.466
6,132,coarse : 27.3 seconds
6,132,fine : 27.31 seconds
[[1493  421]
 [  17   79]]
acc: 0.782
f1: 0.265
[[1855   59]
 [  49   47]]
acc: 0.946
f1: 0.465
6,133,coarse : 27.76 seconds
6,133,fine : 27.77 seconds
[[1496  418]
 [  17   79]]
acc: 0.784
f1: 0.266
[[1851   63]
 [  51   45]]
acc: 0.943
f1: 0.441
6,134,coarse : 27.97 seconds
6,134,fine : 27.98 seconds
[[1497  417]
 [  17   79]]
acc: 0.784
f1: 0.267
[[1854   60]
 [  52   44]]
acc: 0.944
f1: 0.440
6,135,coarse : 28.14 seconds
6,135,fine : 28.15 seconds
[[1495  419]
 [  18   78]]
acc: 0.783
f1: 0.263
[[1854   60]
 [  50   46]]
acc: 0.945
f1: 0.455
6,136,coarse : 28.27 seconds
6,136,fine : 28.28 seconds
[[1493  421]
 [  18   78]]
acc: 0.782
f1: 0.262
[[1854   60]
 [  50   46]]
acc: 0.945
f1: 0.455
6,137,coarse : 28.57 seconds
6,137,fine : 28.6 seconds
[[1492  422]
 [  17   79]]
acc: 0.782
f1: 0.265
[[1853   61]
 [  50   46]]
acc: 0.945
f1: 0.453
6,138,coarse : 28.42 seconds
6,138,fine : 28.43 seconds
[[1498  416]
 [  16   80]]
acc: 0.785
f1: 0.270
[[1852   62]
 [  49   47]]
acc: 0.945
f1: 0.459
6,139,coarse : 29.28 seconds
6,139,fine : 29.29 seconds
[[1498  416]
 [  16   80]]
acc: 0.785
f1: 0.270
[[1855   59]
 [  50   46]]
acc: 0.946
f1: 0.458
6,140,coarse : 28.57 seconds
6,140,fine : 28.59 seconds
[[1499  415]
 [  16   80]]
acc: 0.786
f1: 0.271
[[1855   59]
 [  50   46]]
acc: 0.946
f1: 0.458
6,141,coarse : 29.6 seconds
6,141,fine : 29.61 seconds
[[1501  413]
 [  16   80]]
acc: 0.787
f1: 0.272
[[1855   59]
 [  51   45]]
acc: 0.945
f1: 0.450
6,142,coarse : 29.83 seconds
6,142,fine : 29.84 seconds
[[1500  414]
 [  16   80]]
acc: 0.786
f1: 0.271
[[1855   59]
 [  50   46]]
acc: 0.946
f1: 0.458
6,143,coarse : 29.85 seconds
6,143,fine : 29.86 seconds
[[1501  413]
 [  16   80]]
acc: 0.787
f1: 0.272
[[1855   59]
 [  50   46]]
acc: 0.946
f1: 0.458
6,144,coarse : 29.74 seconds
6,144,fine : 29.95 seconds
[[1502  412]
 [  16   80]]
acc: 0.787
f1: 0.272
[[1856   58]
 [  50   46]]
acc: 0.946
f1: 0.460
6,145,coarse : 29.96 seconds
6,145,fine : 29.98 seconds
[[1504  410]
 [  16   80]]
acc: 0.788
f1: 0.273
[[1854   60]
 [  51   45]]
acc: 0.945
f1: 0.448
6,146,coarse : 30.59 seconds
6,146,fine : 30.61 seconds
[[1506  408]
 [  17   79]]
acc: 0.789
f1: 0.271
[[1853   61]
 [  50   46]]
acc: 0.945
f1: 0.453
6,147,coarse : 30.99 seconds
6,147,fine : 31.01 seconds
[[1507  407]
 [  16   80]]
acc: 0.790
f1: 0.274
[[1851   63]
 [  49   47]]
acc: 0.944
f1: 0.456
6,148,coarse : 31.48 seconds
6,148,fine : 31.49 seconds
[[1507  407]
 [  17   79]]
acc: 0.789
f1: 0.271
[[1853   61]
 [  48   48]]
acc: 0.946
f1: 0.468
6,149,coarse : 32.07 seconds
6,149,fine : 32.09 seconds
[[1509  405]
 [  17   79]]
acc: 0.790
f1: 0.272
[[1850   64]
 [  48   48]]
acc: 0.944
f1: 0.462
6,150,coarse : 33.92 seconds
6,150,fine : 33.93 seconds
[[1506  408]
 [  17   79]]
acc: 0.789
f1: 0.271
[[1852   62]
 [  48   48]]
acc: 0.945
f1: 0.466
6,151,coarse : 31.2 seconds
6,151,fine : 31.21 seconds
[[1508  406]
 [  17   79]]
acc: 0.790
f1: 0.272
[[1849   65]
 [  46   50]]
acc: 0.945
f1: 0.474
6,152,coarse : 31.48 seconds
6,152,fine : 31.5 seconds
[[1504  410]
 [  17   79]]
acc: 0.788
f1: 0.270
[[1850   64]
 [  45   51]]
acc: 0.946
f1: 0.483
6,153,coarse : 32.17 seconds
6,153,fine : 32.18 seconds
[[1499  415]
 [  17   79]]
acc: 0.785
f1: 0.268
[[1848   66]
 [  45   51]]
acc: 0.945
f1: 0.479
6,154,coarse : 32.27 seconds
6,154,fine : 32.28 seconds
[[1500  414]
 [  17   79]]
acc: 0.786
f1: 0.268
[[1846   68]
 [  46   50]]
acc: 0.943
f1: 0.467
6,155,coarse : 32.24 seconds
6,155,fine : 32.26 seconds
[[1499  415]
 [  16   80]]
acc: 0.786
f1: 0.271
[[1847   67]
 [  46   50]]
acc: 0.944
f1: 0.469
6,156,coarse : 31.33 seconds
6,156,fine : 31.34 seconds
[[1494  420]
 [  16   80]]
acc: 0.783
f1: 0.268
[[1847   67]
 [  47   49]]
acc: 0.943
f1: 0.462
6,157,coarse : 32.05 seconds
6,157,fine : 32.07 seconds
[[1498  416]
 [  16   80]]
acc: 0.785
f1: 0.270
[[1844   70]
 [  46   50]]
acc: 0.942
f1: 0.463
6,158,coarse : 32.97 seconds
6,158,fine : 32.98 seconds
[[1496  418]
 [  16   80]]
acc: 0.784
f1: 0.269
[[1844   70]
 [  46   50]]
acc: 0.942
f1: 0.463
6,159,coarse : 32.72 seconds
6,159,fine : 32.73 seconds
[[1499  415]
 [  16   80]]
acc: 0.786
f1: 0.271
[[1847   67]
 [  46   50]]
acc: 0.944
f1: 0.469
6,160,coarse : 33.39 seconds
6,160,fine : 33.41 seconds
[[1498  416]
 [  16   80]]
acc: 0.785
f1: 0.270
[[1848   66]
 [  44   52]]
acc: 0.945
f1: 0.486
6,161,coarse : 33.78 seconds
6,161,fine : 33.8 seconds
[[1502  412]
 [  16   80]]
acc: 0.787
f1: 0.272
[[1846   68]
 [  44   52]]
acc: 0.944
f1: 0.481
6,162,coarse : 33.89 seconds
6,162,fine : 33.91 seconds
[[1498  416]
 [  16   80]]
acc: 0.785
f1: 0.270
[[1849   65]
 [  44   52]]
acc: 0.946
f1: 0.488
6,163,coarse : 33.55 seconds
6,163,fine : 33.57 seconds
[[1499  415]
 [  16   80]]
acc: 0.786
f1: 0.271
[[1849   65]
 [  45   51]]
acc: 0.945
f1: 0.481
6,164,coarse : 34.78 seconds
6,164,fine : 34.79 seconds
[[1503  411]
 [  16   80]]
acc: 0.788
f1: 0.273
[[1849   65]
 [  45   51]]
acc: 0.945
f1: 0.481
6,165,coarse : 35.18 seconds
6,165,fine : 35.2 seconds
[[1500  414]
 [  16   80]]
acc: 0.786
f1: 0.271
[[1848   66]
 [  45   51]]
acc: 0.945
f1: 0.479
6,166,coarse : 36.14 seconds
6,166,fine : 36.15 seconds
[[1499  415]
 [  16   80]]
acc: 0.786
f1: 0.271
[[1850   64]
 [  45   51]]
acc: 0.946
f1: 0.483
6,167,coarse : 36.98 seconds
6,167,fine : 37.0 seconds
[[1499  415]
 [  16   80]]
acc: 0.786
f1: 0.271
[[1850   64]
 [  45   51]]
acc: 0.946
f1: 0.483
6,168,coarse : 35.43 seconds
6,168,fine : 35.45 seconds
[[1504  410]
 [  15   81]]
acc: 0.789
f1: 0.276
[[1850   64]
 [  45   51]]
acc: 0.946
f1: 0.483
6,169,coarse : 35.02 seconds
6,169,fine : 35.04 seconds
[[1501  413]
 [  16   80]]
acc: 0.787
f1: 0.272
[[1851   63]
 [  45   51]]
acc: 0.946
f1: 0.486
6,170,coarse : 35.72 seconds
6,170,fine : 35.74 seconds
[[1499  415]
 [  15   81]]
acc: 0.786
f1: 0.274
[[1851   63]
 [  45   51]]
acc: 0.946
f1: 0.486
6,171,coarse : 35.51 seconds
6,171,fine : 35.53 seconds
[[1503  411]
 [  15   81]]
acc: 0.788
f1: 0.276
[[1848   66]
 [  47   49]]
acc: 0.944
f1: 0.464
6,172,coarse : 36.25 seconds
6,172,fine : 36.27 seconds
