all           0      1    2    3    4    5    6    7    8    
1      2010   1914   1    19   32   19   1    11   6    7    
2      2010   1914   1    19   32   19   1    11   6    7    
3      2010   1914   1    19   32   19   1    11   5    8    
4      2010   1914   1    19   32   19   1    10   6    8    
5      2010   1914   1    18   33   19   1    10   6    8    
6      2010   1914   1    18   33   19   1    10   6    8    
7      2010   1913   2    18   33   19   1    10   6    8    
8      2010   1913   2    18   33   19   1    10   6    8    
9      2009   1913   2    18   32   19   2    10   6    7    
10     2009   1913   1    19   32   19   1    11   6    7    
Total  20098  19136  13   185  324  190  11   104  59   76   
train         0      1    2    3    4    5    6    7    8    
1      2010   1914   1    19   32   19   1    11   6    7    
2      2010   1914   1    19   32   19   1    11   6    7    
3      2010   1914   1    19   32   19   1    11   5    8    
5      2010   1914   1    18   33   19   1    10   6    8    
6      2010   1914   1    18   33   19   1    10   6    8    
7      2010   1913   2    18   33   19   1    10   6    8    
8      2010   1913   2    18   33   19   1    10   6    8    
9      2009   1913   2    18   32   19   2    10   6    7    
10     2009   1913   1    19   32   19   1    11   6    7    
Total  18088  17222  12   166  292  171  10   94   53   68   
test          0      1    2    3    4    5    6    7    8    
4      2010   1914   1    19   32   19   1    10   6    8    
Total  2010   1914   1    19   32   19   1    10   6    8    
Classes             
0         17222     
1         12        
2         166       
3         292       
4         171       
5         10        
6         94        
7         53        
8         68        
Total     18088     

Shape: 450       

[952, 10, 11, 16, 11, 10, 10, 10, 10]
Sum start => 1040
[[1338  576]
 [  28   68]]
acc: 0.700
f1: 0.184
[[1888   26]
 [  89    7]]
acc: 0.943
f1: 0.109
4,1,coarse : 38.33 seconds
4,1,fine : 38.33 seconds
[[1338  576]
 [  28   68]]
acc: 0.700
f1: 0.184
[[1888   26]
 [  89    7]]
acc: 0.943
f1: 0.109
4,2,coarse : 40.67 seconds
4,2,fine : 40.68 seconds
[[1347  567]
 [  28   68]]
acc: 0.704
f1: 0.186
[[1883   31]
 [  86   10]]
acc: 0.942
f1: 0.146
4,3,coarse : 33.63 seconds
4,3,fine : 33.64 seconds
[[1351  563]
 [  26   70]]
acc: 0.707
f1: 0.192
[[1877   37]
 [  86   10]]
acc: 0.939
f1: 0.140
4,4,coarse : 33.66 seconds
4,4,fine : 33.67 seconds
[[1350  564]
 [  27   69]]
acc: 0.706
f1: 0.189
[[1874   40]
 [  86   10]]
acc: 0.937
f1: 0.137
4,5,coarse : 34.48 seconds
4,5,fine : 34.48 seconds
[[1350  564]
 [  26   70]]
acc: 0.706
f1: 0.192
[[1871   43]
 [  84   12]]
acc: 0.937
f1: 0.159
4,6,coarse : 33.65 seconds
4,6,fine : 33.65 seconds
[[1341  573]
 [  27   69]]
acc: 0.701
f1: 0.187
[[1869   45]
 [  83   13]]
acc: 0.936
f1: 0.169
4,7,coarse : 33.84 seconds
4,7,fine : 33.84 seconds
[[1346  568]
 [  27   69]]
acc: 0.704
f1: 0.188
[[1862   52]
 [  79   17]]
acc: 0.935
f1: 0.206
4,8,coarse : 34.42 seconds
4,8,fine : 34.43 seconds
[[1348  566]
 [  27   69]]
acc: 0.705
f1: 0.189
[[1863   51]
 [  79   17]]
acc: 0.935
f1: 0.207
4,9,coarse : 34.02 seconds
4,9,fine : 34.03 seconds
[[1351  563]
 [  28   68]]
acc: 0.706
f1: 0.187
[[1860   54]
 [  76   20]]
acc: 0.935
f1: 0.235
4,10,coarse : 34.16 seconds
4,10,fine : 34.16 seconds
[[1342  572]
 [  28   68]]
acc: 0.701
f1: 0.185
[[1858   56]
 [  76   20]]
acc: 0.934
f1: 0.233
4,11,coarse : 34.69 seconds
4,11,fine : 34.69 seconds
[[1328  586]
 [  27   69]]
acc: 0.695
f1: 0.184
[[1853   61]
 [  75   21]]
acc: 0.932
f1: 0.236
4,12,coarse : 34.29 seconds
4,12,fine : 34.29 seconds
[[1321  593]
 [  29   67]]
acc: 0.691
f1: 0.177
[[1851   63]
 [  72   24]]
acc: 0.933
f1: 0.262
4,13,coarse : 34.13 seconds
4,13,fine : 34.14 seconds
[[1324  590]
 [  29   67]]
acc: 0.692
f1: 0.178
[[1843   71]
 [  71   25]]
acc: 0.929
f1: 0.260
4,14,coarse : 35.02 seconds
4,14,fine : 35.02 seconds
[[1318  596]
 [  28   68]]
acc: 0.690
f1: 0.179
[[1827   87]
 [  68   28]]
acc: 0.923
f1: 0.265
4,15,coarse : 34.29 seconds
4,15,fine : 34.3 seconds
[[1314  600]
 [  29   67]]
acc: 0.687
f1: 0.176
[[1825   89]
 [  67   29]]
acc: 0.922
f1: 0.271
4,16,coarse : 34.21 seconds
4,16,fine : 34.21 seconds
[[1305  609]
 [  29   67]]
acc: 0.683
f1: 0.174
[[1824   90]
 [  66   30]]
acc: 0.922
f1: 0.278
4,17,coarse : 35.23 seconds
4,17,fine : 35.23 seconds
[[1301  613]
 [  30   66]]
acc: 0.680
f1: 0.170
[[1828   86]
 [  66   30]]
acc: 0.924
f1: 0.283
4,18,coarse : 34.47 seconds
4,18,fine : 34.48 seconds
[[1300  614]
 [  29   67]]
acc: 0.680
f1: 0.172
[[1825   89]
 [  65   31]]
acc: 0.923
f1: 0.287
4,19,coarse : 34.68 seconds
4,19,fine : 34.69 seconds
[[1304  610]
 [  30   66]]
acc: 0.682
f1: 0.171
[[1816   98]
 [  65   31]]
acc: 0.919
f1: 0.276
4,20,coarse : 35.38 seconds
4,20,fine : 35.38 seconds
[[1300  614]
 [  30   66]]
acc: 0.680
f1: 0.170
[[1809  105]
 [  62   34]]
acc: 0.917
f1: 0.289
4,21,coarse : 34.7 seconds
4,21,fine : 34.71 seconds
[[1298  616]
 [  30   66]]
acc: 0.679
f1: 0.170
[[1807  107]
 [  60   36]]
acc: 0.917
f1: 0.301
4,22,coarse : 35.91 seconds
4,22,fine : 35.92 seconds
[[1292  622]
 [  29   67]]
acc: 0.676
f1: 0.171
[[1805  109]
 [  59   37]]
acc: 0.916
f1: 0.306
4,23,coarse : 36.77 seconds
4,23,fine : 36.77 seconds
[[1286  628]
 [  30   66]]
acc: 0.673
f1: 0.167
[[1805  109]
 [  58   38]]
acc: 0.917
f1: 0.313
4,24,coarse : 35.4 seconds
4,24,fine : 35.41 seconds
[[1280  634]
 [  29   67]]
acc: 0.670
f1: 0.168
[[1801  113]
 [  55   41]]
acc: 0.916
f1: 0.328
4,25,coarse : 36.69 seconds
4,25,fine : 36.69 seconds
[[1273  641]
 [  30   66]]
acc: 0.666
f1: 0.164
[[1802  112]
 [  56   40]]
acc: 0.916
f1: 0.323
4,26,coarse : 36.89 seconds
4,26,fine : 36.89 seconds
[[1271  643]
 [  29   67]]
acc: 0.666
f1: 0.166
[[1804  110]
 [  56   40]]
acc: 0.917
f1: 0.325
4,27,coarse : 36.67 seconds
4,27,fine : 36.67 seconds
[[1267  647]
 [  31   65]]
acc: 0.663
f1: 0.161
[[1806  108]
 [  56   40]]
acc: 0.918
f1: 0.328
4,28,coarse : 37.04 seconds
4,28,fine : 37.04 seconds
[[1265  649]
 [  29   67]]
acc: 0.663
f1: 0.165
[[1806  108]
 [  56   40]]
acc: 0.918
f1: 0.328
4,29,coarse : 37.55 seconds
4,29,fine : 37.55 seconds
[[1262  652]
 [  29   67]]
acc: 0.661
f1: 0.164
[[1803  111]
 [  56   40]]
acc: 0.917
f1: 0.324
4,30,coarse : 37.21 seconds
4,30,fine : 37.21 seconds
[[1256  658]
 [  28   68]]
acc: 0.659
f1: 0.165
[[1804  110]
 [  56   40]]
acc: 0.917
f1: 0.325
4,31,coarse : 37.73 seconds
4,31,fine : 37.74 seconds
[[1251  663]
 [  29   67]]
acc: 0.656
f1: 0.162
[[1803  111]
 [  56   40]]
acc: 0.917
f1: 0.324
4,32,coarse : 37.7 seconds
4,32,fine : 37.7 seconds
[[1244  670]
 [  29   67]]
acc: 0.652
f1: 0.161
[[1805  109]
 [  56   40]]
acc: 0.918
f1: 0.327
4,33,coarse : 38.25 seconds
4,33,fine : 38.26 seconds
[[1242  672]
 [  29   67]]
acc: 0.651
f1: 0.160
[[1805  109]
 [  56   40]]
acc: 0.918
f1: 0.327
4,34,coarse : 37.6 seconds
4,34,fine : 37.61 seconds
[[1237  677]
 [  28   68]]
acc: 0.649
f1: 0.162
[[1800  114]
 [  54   42]]
acc: 0.916
f1: 0.333
4,35,coarse : 37.85 seconds
4,35,fine : 37.86 seconds
[[1238  676]
 [  28   68]]
acc: 0.650
f1: 0.162
[[1801  113]
 [  54   42]]
acc: 0.917
f1: 0.335
4,36,coarse : 38.91 seconds
4,36,fine : 38.92 seconds
[[1237  677]
 [  28   68]]
acc: 0.649
f1: 0.162
[[1799  115]
 [  53   43]]
acc: 0.916
f1: 0.339
4,37,coarse : 37.85 seconds
4,37,fine : 37.85 seconds
[[1231  683]
 [  28   68]]
acc: 0.646
f1: 0.161
[[1799  115]
 [  53   43]]
acc: 0.916
f1: 0.339
4,38,coarse : 37.5 seconds
4,38,fine : 37.51 seconds
[[1235  679]
 [  27   69]]
acc: 0.649
f1: 0.164
[[1794  120]
 [  53   43]]
acc: 0.914
f1: 0.332
4,39,coarse : 39.06 seconds
4,39,fine : 39.07 seconds
[[1231  683]
 [  27   69]]
acc: 0.647
f1: 0.163
[[1792  122]
 [  53   43]]
acc: 0.913
f1: 0.330
4,40,coarse : 39.37 seconds
4,40,fine : 39.38 seconds
[[1238  676]
 [  28   68]]
acc: 0.650
f1: 0.162
[[1787  127]
 [  53   43]]
acc: 0.910
f1: 0.323
4,41,coarse : 38.69 seconds
4,41,fine : 38.7 seconds
[[1238  676]
 [  28   68]]
acc: 0.650
f1: 0.162
[[1788  126]
 [  53   43]]
acc: 0.911
f1: 0.325
4,42,coarse : 38.27 seconds
4,42,fine : 38.28 seconds
[[1234  680]
 [  28   68]]
acc: 0.648
f1: 0.161
[[1789  125]
 [  53   43]]
acc: 0.911
f1: 0.326
4,43,coarse : 39.0 seconds
4,43,fine : 39.01 seconds
[[1238  676]
 [  28   68]]
acc: 0.650
f1: 0.162
[[1789  125]
 [  53   43]]
acc: 0.911
f1: 0.326
4,44,coarse : 38.97 seconds
4,44,fine : 38.98 seconds
[[1239  675]
 [  28   68]]
acc: 0.650
f1: 0.162
[[1787  127]
 [  53   43]]
acc: 0.910
f1: 0.323
4,45,coarse : 38.35 seconds
4,45,fine : 38.36 seconds
[[1242  672]
 [  28   68]]
acc: 0.652
f1: 0.163
[[1785  129]
 [  53   43]]
acc: 0.909
f1: 0.321
4,46,coarse : 39.27 seconds
4,46,fine : 39.28 seconds
[[1240  674]
 [  28   68]]
acc: 0.651
f1: 0.162
[[1779  135]
 [  53   43]]
acc: 0.906
f1: 0.314
4,47,coarse : 39.62 seconds
4,47,fine : 39.63 seconds
[[1238  676]
 [  28   68]]
acc: 0.650
f1: 0.162
[[1780  134]
 [  53   43]]
acc: 0.907
f1: 0.315
4,48,coarse : 39.9 seconds
4,48,fine : 39.9 seconds
[[1238  676]
 [  28   68]]
acc: 0.650
f1: 0.162
[[1779  135]
 [  52   44]]
acc: 0.907
f1: 0.320
4,49,coarse : 40.27 seconds
4,49,fine : 40.28 seconds
[[1236  678]
 [  28   68]]
acc: 0.649
f1: 0.162
[[1765  149]
 [  50   46]]
acc: 0.901
f1: 0.316
4,50,coarse : 43.46 seconds
4,50,fine : 43.47 seconds
[[1240  674]
 [  28   68]]
acc: 0.651
f1: 0.162
[[1767  147]
 [  50   46]]
acc: 0.902
f1: 0.318
4,51,coarse : 39.81 seconds
4,51,fine : 39.82 seconds
[[1250  664]
 [  28   68]]
acc: 0.656
f1: 0.164
[[1758  156]
 [  48   48]]
acc: 0.899
f1: 0.320
4,52,coarse : 39.71 seconds
4,52,fine : 39.71 seconds
[[1247  667]
 [  28   68]]
acc: 0.654
f1: 0.164
[[1753  161]
 [  47   49]]
acc: 0.897
f1: 0.320
4,53,coarse : 40.39 seconds
4,53,fine : 40.4 seconds
[[1246  668]
 [  28   68]]
acc: 0.654
f1: 0.163
[[1736  178]
 [  45   51]]
acc: 0.889
f1: 0.314
4,54,coarse : 40.67 seconds
4,54,fine : 40.68 seconds
[[1247  667]
 [  28   68]]
acc: 0.654
f1: 0.164
[[1736  178]
 [  47   49]]
acc: 0.888
f1: 0.303
4,55,coarse : 40.38 seconds
4,55,fine : 40.39 seconds
[[1250  664]
 [  28   68]]
acc: 0.656
f1: 0.164
[[1720  194]
 [  46   50]]
acc: 0.881
f1: 0.294
4,56,coarse : 40.53 seconds
4,56,fine : 40.54 seconds
[[1251  663]
 [  28   68]]
acc: 0.656
f1: 0.164
[[1692  222]
 [  40   56]]
acc: 0.870
f1: 0.299
4,57,coarse : 40.95 seconds
4,57,fine : 40.96 seconds
[[1248  666]
 [  27   69]]
acc: 0.655
f1: 0.166
[[1665  249]
 [  37   59]]
acc: 0.858
f1: 0.292
4,58,coarse : 40.75 seconds
4,58,fine : 40.76 seconds
[[1248  666]
 [  28   68]]
acc: 0.655
f1: 0.164
[[1657  257]
 [  34   62]]
acc: 0.855
f1: 0.299
4,59,coarse : 40.43 seconds
4,59,fine : 40.44 seconds
[[1250  664]
 [  28   68]]
acc: 0.656
f1: 0.164
[[1618  296]
 [  36   60]]
acc: 0.835
f1: 0.265
4,60,coarse : 40.08 seconds
4,60,fine : 40.09 seconds
[[1245  669]
 [  28   68]]
acc: 0.653
f1: 0.163
[[1619  295]
 [  36   60]]
acc: 0.835
f1: 0.266
4,61,coarse : 40.0 seconds
4,61,fine : 40.0 seconds
[[1241  673]
 [  27   69]]
acc: 0.652
f1: 0.165
[[1614  300]
 [  36   60]]
acc: 0.833
f1: 0.263
4,62,coarse : 41.37 seconds
4,62,fine : 41.38 seconds
[[1242  672]
 [  27   69]]
acc: 0.652
f1: 0.165
[[1594  320]
 [  34   62]]
acc: 0.824
f1: 0.259
4,63,coarse : 40.5 seconds
4,63,fine : 40.51 seconds
[[1228  686]
 [  27   69]]
acc: 0.645
f1: 0.162
[[1579  335]
 [  35   61]]
acc: 0.816
f1: 0.248
4,64,coarse : 41.02 seconds
4,64,fine : 41.03 seconds
[[1213  701]
 [  27   69]]
acc: 0.638
f1: 0.159
[[1551  363]
 [  34   62]]
acc: 0.802
f1: 0.238
4,65,coarse : 41.21 seconds
4,65,fine : 41.22 seconds
[[1211  703]
 [  27   69]]
acc: 0.637
f1: 0.159
[[1545  369]
 [  33   63]]
acc: 0.800
f1: 0.239
4,66,coarse : 43.26 seconds
4,66,fine : 43.27 seconds
[[1212  702]
 [  27   69]]
acc: 0.637
f1: 0.159
[[1550  364]
 [  34   62]]
acc: 0.802
f1: 0.238
4,67,coarse : 41.68 seconds
4,67,fine : 41.69 seconds
[[1208  706]
 [  26   70]]
acc: 0.636
f1: 0.161
[[1551  363]
 [  33   63]]
acc: 0.803
f1: 0.241
4,68,coarse : 38.03 seconds
4,68,fine : 38.04 seconds
[[1204  710]
 [  26   70]]
acc: 0.634
f1: 0.160
[[1548  366]
 [  32   64]]
acc: 0.802
f1: 0.243
4,69,coarse : 38.16 seconds
4,69,fine : 38.17 seconds
[[1202  712]
 [  27   69]]
acc: 0.632
f1: 0.157
[[1548  366]
 [  32   64]]
acc: 0.802
f1: 0.243
4,70,coarse : 38.86 seconds
4,70,fine : 38.86 seconds
[[1196  718]
 [  26   70]]
acc: 0.630
f1: 0.158
[[1555  359]
 [  33   63]]
acc: 0.805
f1: 0.243
4,71,coarse : 43.21 seconds
4,71,fine : 43.22 seconds
[[1194  720]
 [  26   70]]
acc: 0.629
f1: 0.158
[[1550  364]
 [  33   63]]
acc: 0.802
f1: 0.241
4,72,coarse : 42.58 seconds
4,72,fine : 42.59 seconds
[[1189  725]
 [  26   70]]
acc: 0.626
f1: 0.157
[[1550  364]
 [  33   63]]
acc: 0.802
f1: 0.241
4,73,coarse : 42.98 seconds
4,73,fine : 42.99 seconds
[[1186  728]
 [  25   71]]
acc: 0.625
f1: 0.159
[[1550  364]
 [  33   63]]
acc: 0.802
f1: 0.241
4,74,coarse : 43.57 seconds
4,74,fine : 43.58 seconds
[[1182  732]
 [  25   71]]
acc: 0.623
f1: 0.158
[[1546  368]
 [  33   63]]
acc: 0.800
f1: 0.239
4,75,coarse : 43.24 seconds
4,75,fine : 43.25 seconds
[[1186  728]
 [  25   71]]
acc: 0.625
f1: 0.159
[[1544  370]
 [  33   63]]
acc: 0.800
f1: 0.238
4,76,coarse : 42.68 seconds
4,76,fine : 42.7 seconds
[[1187  727]
 [  25   71]]
acc: 0.626
f1: 0.159
[[1544  370]
 [  33   63]]
acc: 0.800
f1: 0.238
4,77,coarse : 43.25 seconds
4,77,fine : 43.26 seconds
[[1190  724]
 [  25   71]]
acc: 0.627
f1: 0.159
[[1542  372]
 [  33   63]]
acc: 0.799
f1: 0.237
4,78,coarse : 43.47 seconds
4,78,fine : 43.48 seconds
[[1193  721]
 [  26   70]]
acc: 0.628
f1: 0.158
[[1537  377]
 [  32   64]]
acc: 0.797
f1: 0.238
4,79,coarse : 42.87 seconds
4,79,fine : 42.89 seconds
[[1196  718]
 [  26   70]]
acc: 0.630
f1: 0.158
[[1539  375]
 [  32   64]]
acc: 0.798
f1: 0.239
4,80,coarse : 44.28 seconds
4,80,fine : 44.29 seconds
[[1192  722]
 [  24   72]]
acc: 0.629
f1: 0.162
[[1536  378]
 [  32   64]]
acc: 0.796
f1: 0.238
4,81,coarse : 44.3 seconds
4,81,fine : 44.31 seconds
[[1184  730]
 [  23   73]]
acc: 0.625
f1: 0.162
[[1535  379]
 [  32   64]]
acc: 0.796
f1: 0.237
4,82,coarse : 43.64 seconds
4,82,fine : 43.65 seconds
[[1172  742]
 [  23   73]]
acc: 0.619
f1: 0.160
[[1532  382]
 [  32   64]]
acc: 0.794
f1: 0.236
4,83,coarse : 43.7 seconds
4,83,fine : 43.71 seconds
[[1158  756]
 [  21   75]]
acc: 0.613
f1: 0.162
[[1531  383]
 [  32   64]]
acc: 0.794
f1: 0.236
4,84,coarse : 43.5 seconds
4,84,fine : 43.52 seconds
[[1162  752]
 [  22   74]]
acc: 0.615
f1: 0.161
[[1532  382]
 [  31   65]]
acc: 0.795
f1: 0.239
4,85,coarse : 43.67 seconds
4,85,fine : 43.68 seconds
[[1166  748]
 [  22   74]]
acc: 0.617
f1: 0.161
[[1530  384]
 [  31   65]]
acc: 0.794
f1: 0.239
4,86,coarse : 45.59 seconds
4,86,fine : 45.6 seconds
[[1168  746]
 [  21   75]]
acc: 0.618
f1: 0.164
[[1527  387]
 [  29   67]]
acc: 0.793
f1: 0.244
4,87,coarse : 43.9 seconds
4,87,fine : 43.92 seconds
[[1177  737]
 [  22   74]]
acc: 0.622
f1: 0.163
[[1516  398]
 [  30   66]]
acc: 0.787
f1: 0.236
4,88,coarse : 44.41 seconds
4,88,fine : 44.42 seconds
[[1179  735]
 [  22   74]]
acc: 0.623
f1: 0.164
[[1513  401]
 [  30   66]]
acc: 0.786
f1: 0.234
4,89,coarse : 41.45 seconds
4,89,fine : 41.46 seconds
[[1182  732]
 [  22   74]]
acc: 0.625
f1: 0.164
[[1515  399]
 [  31   65]]
acc: 0.786
f1: 0.232
4,90,coarse : 41.06 seconds
4,90,fine : 41.07 seconds
[[1184  730]
 [  22   74]]
acc: 0.626
f1: 0.164
[[1515  399]
 [  31   65]]
acc: 0.786
f1: 0.232
4,91,coarse : 41.92 seconds
4,91,fine : 41.93 seconds
[[1192  722]
 [  22   74]]
acc: 0.630
f1: 0.166
[[1518  396]
 [  32   64]]
acc: 0.787
f1: 0.230
4,92,coarse : 47.29 seconds
4,92,fine : 47.31 seconds
[[1198  716]
 [  23   73]]
acc: 0.632
f1: 0.165
[[1518  396]
 [  33   63]]
acc: 0.787
f1: 0.227
4,93,coarse : 46.45 seconds
4,93,fine : 46.46 seconds
[[1205  709]
 [  22   74]]
acc: 0.636
f1: 0.168
[[1519  395]
 [  32   64]]
acc: 0.788
f1: 0.231
4,94,coarse : 46.82 seconds
4,94,fine : 46.83 seconds
[[1213  701]
 [  22   74]]
acc: 0.640
f1: 0.170
[[1517  397]
 [  32   64]]
acc: 0.787
f1: 0.230
4,95,coarse : 47.28 seconds
4,95,fine : 47.3 seconds
[[1215  699]
 [  22   74]]
acc: 0.641
f1: 0.170
[[1520  394]
 [  31   65]]
acc: 0.789
f1: 0.234
4,96,coarse : 46.75 seconds
4,96,fine : 46.76 seconds
[[1219  695]
 [  22   74]]
acc: 0.643
f1: 0.171
[[1521  393]
 [  33   63]]
acc: 0.788
f1: 0.228
4,97,coarse : 47.57 seconds
4,97,fine : 47.59 seconds
[[1225  689]
 [  22   74]]
acc: 0.646
f1: 0.172
[[1523  391]
 [  33   63]]
acc: 0.789
f1: 0.229
4,98,coarse : 48.72 seconds
4,98,fine : 48.74 seconds
[[1235  679]
 [  22   74]]
acc: 0.651
f1: 0.174
[[1526  388]
 [  32   64]]
acc: 0.791
f1: 0.234
4,99,coarse : 48.22 seconds
4,99,fine : 48.24 seconds
[[1241  673]
 [  22   74]]
acc: 0.654
f1: 0.176
[[1528  386]
 [  32   64]]
acc: 0.792
f1: 0.234
4,100,coarse : 50.42 seconds
4,100,fine : 50.43 seconds
[[1241  673]
 [  22   74]]
acc: 0.654
f1: 0.176
[[1533  381]
 [  32   64]]
acc: 0.795
f1: 0.237
4,101,coarse : 47.13 seconds
4,101,fine : 47.14 seconds
[[1244  670]
 [  21   75]]
acc: 0.656
f1: 0.178
[[1534  380]
 [  32   64]]
acc: 0.795
f1: 0.237
4,102,coarse : 48.03 seconds
4,102,fine : 48.04 seconds
[[1239  675]
 [  21   75]]
acc: 0.654
f1: 0.177
[[1535  379]
 [  32   64]]
acc: 0.796
f1: 0.237
4,103,coarse : 47.75 seconds
4,103,fine : 47.76 seconds
[[1237  677]
 [  20   76]]
acc: 0.653
f1: 0.179
[[1541  373]
 [  32   64]]
acc: 0.799
f1: 0.240
4,104,coarse : 48.81 seconds
4,104,fine : 48.83 seconds
[[1228  686]
 [  20   76]]
acc: 0.649
f1: 0.177
[[1546  368]
 [  32   64]]
acc: 0.801
f1: 0.242
4,105,coarse : 48.21 seconds
4,105,fine : 48.22 seconds
[[1222  692]
 [  20   76]]
acc: 0.646
f1: 0.176
[[1547  367]
 [  32   64]]
acc: 0.801
f1: 0.243
4,106,coarse : 49.59 seconds
4,106,fine : 49.6 seconds
[[1224  690]
 [  20   76]]
acc: 0.647
f1: 0.176
[[1548  366]
 [  31   65]]
acc: 0.802
f1: 0.247
4,107,coarse : 49.41 seconds
4,107,fine : 49.42 seconds
[[1227  687]
 [  20   76]]
acc: 0.648
f1: 0.177
[[1551  363]
 [  31   65]]
acc: 0.804
f1: 0.248
4,108,coarse : 49.45 seconds
4,108,fine : 49.47 seconds
[[1240  674]
 [  20   76]]
acc: 0.655
f1: 0.180
[[1553  361]
 [  32   64]]
acc: 0.804
f1: 0.246
4,109,coarse : 45.74 seconds
4,109,fine : 45.75 seconds
[[1254  660]
 [  19   77]]
acc: 0.662
f1: 0.185
[[1557  357]
 [  32   64]]
acc: 0.806
f1: 0.248
4,110,coarse : 45.11 seconds
4,110,fine : 45.13 seconds
[[1246  668]
 [  19   77]]
acc: 0.658
f1: 0.183
[[1560  354]
 [  32   64]]
acc: 0.808
f1: 0.249
4,111,coarse : 45.69 seconds
4,111,fine : 45.71 seconds
[[1247  667]
 [  18   78]]
acc: 0.659
f1: 0.185
[[1562  352]
 [  32   64]]
acc: 0.809
f1: 0.250
4,112,coarse : 51.0 seconds
4,112,fine : 51.01 seconds
[[1256  658]
 [  18   78]]
acc: 0.664
f1: 0.188
[[1566  348]
 [  32   64]]
acc: 0.811
f1: 0.252
4,113,coarse : 50.74 seconds
4,113,fine : 50.76 seconds
[[1261  653]
 [  18   78]]
acc: 0.666
f1: 0.189
[[1572  342]
 [  32   64]]
acc: 0.814
f1: 0.255
4,114,coarse : 50.87 seconds
4,114,fine : 50.88 seconds
[[1262  652]
 [  19   77]]
acc: 0.666
f1: 0.187
[[1579  335]
 [  33   63]]
acc: 0.817
f1: 0.255
4,115,coarse : 51.77 seconds
4,115,fine : 51.78 seconds
[[1262  652]
 [  19   77]]
acc: 0.666
f1: 0.187
[[1587  327]
 [  33   63]]
acc: 0.821
f1: 0.259
4,116,coarse : 51.6 seconds
4,116,fine : 51.62 seconds
[[1269  645]
 [  19   77]]
acc: 0.670
f1: 0.188
[[1594  320]
 [  33   63]]
acc: 0.824
f1: 0.263
4,117,coarse : 50.88 seconds
4,117,fine : 50.89 seconds
[[1264  650]
 [  19   77]]
acc: 0.667
f1: 0.187
[[1599  315]
 [  33   63]]
acc: 0.827
f1: 0.266
4,118,coarse : 51.51 seconds
4,118,fine : 51.53 seconds
[[1270  644]
 [  20   76]]
acc: 0.670
f1: 0.186
[[1601  313]
 [  33   63]]
acc: 0.828
f1: 0.267
4,119,coarse : 52.53 seconds
4,119,fine : 52.54 seconds
[[1264  650]
 [  20   76]]
acc: 0.667
f1: 0.185
[[1608  306]
 [  33   63]]
acc: 0.831
f1: 0.271
4,120,coarse : 52.55 seconds
4,120,fine : 52.57 seconds
[[1270  644]
 [  20   76]]
acc: 0.670
f1: 0.186
[[1609  305]
 [  33   63]]
acc: 0.832
f1: 0.272
4,121,coarse : 52.53 seconds
4,121,fine : 52.54 seconds
[[1271  643]
 [  20   76]]
acc: 0.670
f1: 0.187
[[1615  299]
 [  33   63]]
acc: 0.835
f1: 0.275
4,122,coarse : 53.35 seconds
4,122,fine : 53.36 seconds
[[1274  640]
 [  21   75]]
acc: 0.671
f1: 0.185
[[1620  294]
 [  33   63]]
acc: 0.837
f1: 0.278
4,123,coarse : 53.28 seconds
4,123,fine : 53.3 seconds
[[1280  634]
 [  21   75]]
acc: 0.674
f1: 0.186
[[1628  286]
 [  33   63]]
acc: 0.841
f1: 0.283
4,124,coarse : 53.13 seconds
4,124,fine : 53.14 seconds
[[1291  623]
 [  21   75]]
acc: 0.680
f1: 0.189
[[1631  283]
 [  34   62]]
acc: 0.842
f1: 0.281
4,125,coarse : 53.94 seconds
4,125,fine : 53.96 seconds
[[1300  614]
 [  21   75]]
acc: 0.684
f1: 0.191
[[1637  277]
 [  34   62]]
acc: 0.845
f1: 0.285
4,126,coarse : 53.59 seconds
4,126,fine : 53.6 seconds
[[1307  607]
 [  21   75]]
acc: 0.688
f1: 0.193
[[1643  271]
 [  35   61]]
acc: 0.848
f1: 0.285
4,127,coarse : 53.73 seconds
4,127,fine : 53.74 seconds
[[1308  606]
 [  21   75]]
acc: 0.688
f1: 0.193
[[1654  260]
 [  34   62]]
acc: 0.854
f1: 0.297
4,128,coarse : 49.21 seconds
4,128,fine : 49.23 seconds
[[1315  599]
 [  20   76]]
acc: 0.692
f1: 0.197
[[1654  260]
 [  34   62]]
acc: 0.854
f1: 0.297
4,129,coarse : 49.09 seconds
4,129,fine : 49.1 seconds
[[1328  586]
 [  22   74]]
acc: 0.698
f1: 0.196
[[1657  257]
 [  34   62]]
acc: 0.855
f1: 0.299
4,130,coarse : 54.39 seconds
4,130,fine : 54.4 seconds
[[1333  581]
 [  21   75]]
acc: 0.700
f1: 0.199
[[1660  254]
 [  35   61]]
acc: 0.856
f1: 0.297
4,131,coarse : 55.11 seconds
4,131,fine : 55.13 seconds
[[1336  578]
 [  21   75]]
acc: 0.702
f1: 0.200
[[1667  247]
 [  34   62]]
acc: 0.860
f1: 0.306
4,132,coarse : 54.87 seconds
4,132,fine : 54.89 seconds
[[1341  573]
 [  21   75]]
acc: 0.704
f1: 0.202
[[1671  243]
 [  34   62]]
acc: 0.862
f1: 0.309
4,133,coarse : 55.43 seconds
4,133,fine : 55.44 seconds
[[1341  573]
 [  21   75]]
acc: 0.704
f1: 0.202
[[1682  232]
 [  34   62]]
acc: 0.868
f1: 0.318
4,134,coarse : 56.38 seconds
4,134,fine : 56.39 seconds
[[1346  568]
 [  21   75]]
acc: 0.707
f1: 0.203
[[1689  225]
 [  34   62]]
acc: 0.871
f1: 0.324
4,135,coarse : 56.5 seconds
4,135,fine : 56.52 seconds
[[1353  561]
 [  22   74]]
acc: 0.710
f1: 0.202
[[1692  222]
 [  34   62]]
acc: 0.873
f1: 0.326
4,136,coarse : 57.56 seconds
4,136,fine : 57.58 seconds
[[1357  557]
 [  22   74]]
acc: 0.712
f1: 0.204
[[1696  218]
 [  35   61]]
acc: 0.874
f1: 0.325
4,137,coarse : 55.74 seconds
4,137,fine : 55.75 seconds
[[1360  554]
 [  21   75]]
acc: 0.714
f1: 0.207
[[1698  216]
 [  36   60]]
acc: 0.875
f1: 0.323
4,138,coarse : 56.73 seconds
4,138,fine : 56.74 seconds
[[1359  555]
 [  22   74]]
acc: 0.713
f1: 0.204
[[1708  206]
 [  36   60]]
acc: 0.880
f1: 0.331
4,139,coarse : 57.47 seconds
4,139,fine : 57.49 seconds
[[1371  543]
 [  22   74]]
acc: 0.719
f1: 0.208
[[1712  202]
 [  36   60]]
acc: 0.882
f1: 0.335
4,140,coarse : 57.53 seconds
4,140,fine : 57.55 seconds
[[1371  543]
 [  22   74]]
acc: 0.719
f1: 0.208
[[1716  198]
 [  36   60]]
acc: 0.884
f1: 0.339
4,141,coarse : 58.99 seconds
4,141,fine : 59.0 seconds
[[1379  535]
 [  22   74]]
acc: 0.723
f1: 0.210
[[1721  193]
 [  37   59]]
acc: 0.886
f1: 0.339
4,142,coarse : 57.28 seconds
4,142,fine : 57.3 seconds
[[1385  529]
 [  22   74]]
acc: 0.726
f1: 0.212
[[1729  185]
 [  38   58]]
acc: 0.889
f1: 0.342
4,143,coarse : 58.2 seconds
4,143,fine : 58.21 seconds
[[1387  527]
 [  24   72]]
acc: 0.726
f1: 0.207
[[1733  181]
 [  37   59]]
acc: 0.892
f1: 0.351
4,144,coarse : 52.49 seconds
4,144,fine : 52.51 seconds
[[1395  519]
 [  24   72]]
acc: 0.730
f1: 0.210
[[1747  167]
 [  37   59]]
acc: 0.899
f1: 0.366
4,145,coarse : 50.39 seconds
4,145,fine : 50.4 seconds
[[1401  513]
 [  24   72]]
acc: 0.733
f1: 0.211
[[1748  166]
 [  38   58]]
acc: 0.899
f1: 0.362
4,146,coarse : 51.25 seconds
4,146,fine : 51.27 seconds
[[1403  511]
 [  24   72]]
acc: 0.734
f1: 0.212
[[1750  164]
 [  37   59]]
acc: 0.900
f1: 0.370
4,147,coarse : 58.29 seconds
4,147,fine : 58.3 seconds
[[1410  504]
 [  24   72]]
acc: 0.737
f1: 0.214
[[1756  158]
 [  38   58]]
acc: 0.902
f1: 0.372
4,148,coarse : 56.83 seconds
4,148,fine : 56.85 seconds
[[1416  498]
 [  24   72]]
acc: 0.740
f1: 0.216
[[1763  151]
 [  38   58]]
acc: 0.906
f1: 0.380
4,149,coarse : 57.77 seconds
4,149,fine : 57.79 seconds
[[1419  495]
 [  23   73]]
acc: 0.742
f1: 0.220
[[1766  148]
 [  38   58]]
acc: 0.907
f1: 0.384
4,150,coarse : 59.45 seconds
4,150,fine : 59.46 seconds
[[1426  488]
 [  23   73]]
acc: 0.746
f1: 0.222
[[1772  142]
 [  38   58]]
acc: 0.910
f1: 0.392
4,151,coarse : 56.96 seconds
4,151,fine : 56.98 seconds
[[1428  486]
 [  23   73]]
acc: 0.747
f1: 0.223
[[1776  138]
 [  38   58]]
acc: 0.912
f1: 0.397
4,152,coarse : 59.24 seconds
4,152,fine : 59.25 seconds
[[1435  479]
 [  23   73]]
acc: 0.750
f1: 0.225
[[1781  133]
 [  38   58]]
acc: 0.915
f1: 0.404
4,153,coarse : 59.31 seconds
4,153,fine : 59.32 seconds
[[1441  473]
 [  23   73]]
acc: 0.753
f1: 0.227
[[1786  128]
 [  38   58]]
acc: 0.917
f1: 0.411
4,154,coarse : 59.5 seconds
4,154,fine : 59.52 seconds
[[1448  466]
 [  23   73]]
acc: 0.757
f1: 0.230
[[1790  124]
 [  38   58]]
acc: 0.919
f1: 0.417
4,155,coarse : 59.87 seconds
4,155,fine : 59.89 seconds
[[1450  464]
 [  23   73]]
acc: 0.758
f1: 0.231
[[1790  124]
 [  38   58]]
acc: 0.919
f1: 0.417
4,156,coarse : 58.97 seconds
4,156,fine : 58.99 seconds
[[1451  463]
 [  23   73]]
acc: 0.758
f1: 0.231
[[1794  120]
 [  39   57]]
acc: 0.921
f1: 0.418
4,157,coarse : 60.3 seconds
4,157,fine : 60.31 seconds
[[1459  455]
 [  23   73]]
acc: 0.762
f1: 0.234
[[1799  115]
 [  40   56]]
acc: 0.923
f1: 0.419
4,158,coarse : 59.57 seconds
4,158,fine : 59.58 seconds
[[1461  453]
 [  23   73]]
acc: 0.763
f1: 0.235
[[1801  113]
 [  40   56]]
acc: 0.924
f1: 0.423
4,159,coarse : 59.74 seconds
4,159,fine : 59.76 seconds
[[1471  443]
 [  23   73]]
acc: 0.768
f1: 0.239
[[1802  112]
 [  40   56]]
acc: 0.924
f1: 0.424
4,160,coarse : 61.09 seconds
4,160,fine : 61.1 seconds
[[1476  438]
 [  23   73]]
acc: 0.771
f1: 0.241
[[1802  112]
 [  42   54]]
acc: 0.923
f1: 0.412
4,161,coarse : 61.78 seconds
4,161,fine : 61.8 seconds
[[1482  432]
 [  23   73]]
acc: 0.774
f1: 0.243
[[1810  104]
 [  42   54]]
acc: 0.927
f1: 0.425
4,162,coarse : 59.46 seconds
4,162,fine : 59.48 seconds
[[1483  431]
 [  23   73]]
acc: 0.774
f1: 0.243
[[1815   99]
 [  42   54]]
acc: 0.930
f1: 0.434
4,163,coarse : 61.41 seconds
4,163,fine : 61.43 seconds
[[1486  428]
 [  23   73]]
acc: 0.776
f1: 0.245
[[1820   94]
 [  41   55]]
acc: 0.933
f1: 0.449
4,164,coarse : 62.67 seconds
4,164,fine : 62.69 seconds
[[1489  425]
 [  23   73]]
acc: 0.777
f1: 0.246
[[1823   91]
 [  43   53]]
acc: 0.933
f1: 0.442
4,165,coarse : 59.23 seconds
4,165,fine : 59.25 seconds
[[1498  416]
 [  23   73]]
acc: 0.782
f1: 0.250
[[1827   87]
 [  43   53]]
acc: 0.935
f1: 0.449
4,166,coarse : 57.5 seconds
4,166,fine : 57.52 seconds
[[1500  414]
 [  23   73]]
acc: 0.783
f1: 0.250
[[1830   84]
 [  44   52]]
acc: 0.936
f1: 0.448
4,167,coarse : 57.42 seconds
4,167,fine : 57.45 seconds
[[1503  411]
 [  23   73]]
acc: 0.784
f1: 0.252
[[1829   85]
 [  44   52]]
acc: 0.936
f1: 0.446
4,168,coarse : 57.08 seconds
4,168,fine : 57.09 seconds
[[1503  411]
 [  23   73]]
acc: 0.784
f1: 0.252
[[1833   81]
 [  46   50]]
acc: 0.937
f1: 0.441
4,169,coarse : 58.87 seconds
4,169,fine : 58.89 seconds
[[1504  410]
 [  23   73]]
acc: 0.785
f1: 0.252
[[1836   78]
 [  47   49]]
acc: 0.938
f1: 0.439
4,170,coarse : 58.43 seconds
4,170,fine : 58.45 seconds
[[1496  418]
 [  23   73]]
acc: 0.781
f1: 0.249
[[1834   80]
 [  48   48]]
acc: 0.936
f1: 0.429
4,171,coarse : 58.77 seconds
4,171,fine : 58.8 seconds
[[1495  419]
 [  22   74]]
acc: 0.781
f1: 0.251
[[1840   74]
 [  48   48]]
acc: 0.939
f1: 0.440
4,172,coarse : 58.96 seconds
4,172,fine : 58.97 seconds
