all           0      1    2    3    4    5    6    7    8    
1      2010   1914   1    19   32   19   1    11   6    7    
2      2010   1914   1    19   32   19   1    11   6    7    
3      2010   1914   1    19   32   19   1    11   5    8    
4      2010   1914   1    19   32   19   1    10   6    8    
5      2010   1914   1    18   33   19   1    10   6    8    
6      2010   1914   1    18   33   19   1    10   6    8    
7      2010   1913   2    18   33   19   1    10   6    8    
8      2010   1913   2    18   33   19   1    10   6    8    
9      2009   1913   2    18   32   19   2    10   6    7    
10     2009   1913   1    19   32   19   1    11   6    7    
Total  20098  19136  13   185  324  190  11   104  59   76   
train         0      1    2    3    4    5    6    7    8    
1      2010   1914   1    19   32   19   1    11   6    7    
2      2010   1914   1    19   32   19   1    11   6    7    
3      2010   1914   1    19   32   19   1    11   5    8    
5      2010   1914   1    18   33   19   1    10   6    8    
6      2010   1914   1    18   33   19   1    10   6    8    
7      2010   1913   2    18   33   19   1    10   6    8    
8      2010   1913   2    18   33   19   1    10   6    8    
9      2009   1913   2    18   32   19   2    10   6    7    
10     2009   1913   1    19   32   19   1    11   6    7    
Total  18088  17222  12   166  292  171  10   94   53   68   
test          0      1    2    3    4    5    6    7    8    
4      2010   1914   1    19   32   19   1    10   6    8    
Total  2010   1914   1    19   32   19   1    10   6    8    
Classes             
0         17222     
1         12        
2         166       
3         292       
4         171       
5         10        
6         94        
7         53        
8         68        
Total     18088     

Shape: 450       

[952, 10, 11, 16, 11, 10, 10, 10, 10]
Sum start => 1040
[[1802  112]
 [  67   29]]
acc: 0.911
f1: 0.245
[[1834   80]
 [  82   14]]
acc: 0.919
f1: 0.147
4,1,coarse : 40.11 seconds
4,1,fine : 40.11 seconds
[[1802  112]
 [  67   29]]
acc: 0.911
f1: 0.245
[[1834   80]
 [  82   14]]
acc: 0.919
f1: 0.147
4,2,coarse : 41.67 seconds
4,2,fine : 41.67 seconds
[[1802  112]
 [  66   30]]
acc: 0.911
f1: 0.252
[[1801  113]
 [  79   17]]
acc: 0.904
f1: 0.150
4,3,coarse : 40.27 seconds
4,3,fine : 40.27 seconds
[[1763  151]
 [  63   33]]
acc: 0.894
f1: 0.236
[[1788  126]
 [  78   18]]
acc: 0.899
f1: 0.150
4,4,coarse : 38.76 seconds
4,4,fine : 38.77 seconds
[[1678  236]
 [  54   42]]
acc: 0.856
f1: 0.225
[[1771  143]
 [  74   22]]
acc: 0.892
f1: 0.169
4,5,coarse : 39.8 seconds
4,5,fine : 39.8 seconds
[[1760  154]
 [  64   32]]
acc: 0.892
f1: 0.227
[[1665  249]
 [  61   35]]
acc: 0.846
f1: 0.184
4,6,coarse : 40.01 seconds
4,6,fine : 40.01 seconds
[[1699  215]
 [  58   38]]
acc: 0.864
f1: 0.218
[[1789  125]
 [  69   27]]
acc: 0.903
f1: 0.218
4,7,coarse : 39.26 seconds
4,7,fine : 39.26 seconds
[[1693  221]
 [  57   39]]
acc: 0.862
f1: 0.219
[[1783  131]
 [  68   28]]
acc: 0.901
f1: 0.220
4,8,coarse : 39.53 seconds
4,8,fine : 39.54 seconds
[[1620  294]
 [  47   49]]
acc: 0.830
f1: 0.223
[[1786  128]
 [  69   27]]
acc: 0.902
f1: 0.215
4,9,coarse : 38.84 seconds
4,9,fine : 38.84 seconds
[[1588  326]
 [  44   52]]
acc: 0.816
f1: 0.219
[[1786  128]
 [  68   28]]
acc: 0.902
f1: 0.222
4,10,coarse : 38.77 seconds
4,10,fine : 38.77 seconds
[[1527  387]
 [  36   60]]
acc: 0.790
f1: 0.221
[[1790  124]
 [  70   26]]
acc: 0.903
f1: 0.211
4,11,coarse : 39.51 seconds
4,11,fine : 39.51 seconds
[[1446  468]
 [  31   65]]
acc: 0.752
f1: 0.207
[[1794  120]
 [  69   27]]
acc: 0.906
f1: 0.222
4,12,coarse : 39.01 seconds
4,12,fine : 39.01 seconds
[[1421  493]
 [  30   66]]
acc: 0.740
f1: 0.202
[[1783  131]
 [  68   28]]
acc: 0.901
f1: 0.220
4,13,coarse : 38.47 seconds
4,13,fine : 38.48 seconds
[[1324  590]
 [  25   71]]
acc: 0.694
f1: 0.188
[[1758  156]
 [  64   32]]
acc: 0.891
f1: 0.225
4,14,coarse : 39.44 seconds
4,14,fine : 39.45 seconds
[[1324  590]
 [  25   71]]
acc: 0.694
f1: 0.188
[[1746  168]
 [  63   33]]
acc: 0.885
f1: 0.222
4,15,coarse : 38.55 seconds
4,15,fine : 38.55 seconds
[[1298  616]
 [  25   71]]
acc: 0.681
f1: 0.181
[[1747  167]
 [  63   33]]
acc: 0.886
f1: 0.223
4,16,coarse : 40.31 seconds
4,16,fine : 40.32 seconds
[[1248  666]
 [  24   72]]
acc: 0.657
f1: 0.173
[[1811  103]
 [  70   26]]
acc: 0.914
f1: 0.231
4,17,coarse : 39.56 seconds
4,17,fine : 39.56 seconds
[[1325  589]
 [  26   70]]
acc: 0.694
f1: 0.185
[[1796  118]
 [  68   28]]
acc: 0.907
f1: 0.231
4,18,coarse : 38.71 seconds
4,18,fine : 38.72 seconds
[[1246  668]
 [  24   72]]
acc: 0.656
f1: 0.172
[[1754  160]
 [  60   36]]
acc: 0.891
f1: 0.247
4,19,coarse : 38.52 seconds
4,19,fine : 38.52 seconds
[[1248  666]
 [  24   72]]
acc: 0.657
f1: 0.173
[[1744  170]
 [  57   39]]
acc: 0.887
f1: 0.256
4,20,coarse : 40.58 seconds
4,20,fine : 40.58 seconds
[[1314  600]
 [  27   69]]
acc: 0.688
f1: 0.180
[[1785  129]
 [  68   28]]
acc: 0.902
f1: 0.221
4,21,coarse : 40.43 seconds
4,21,fine : 40.43 seconds
[[1280  634]
 [  25   71]]
acc: 0.672
f1: 0.177
[[1744  170]
 [  57   39]]
acc: 0.887
f1: 0.256
4,22,coarse : 39.72 seconds
4,22,fine : 39.72 seconds
[[1250  664]
 [  22   74]]
acc: 0.659
f1: 0.177
[[1740  174]
 [  57   39]]
acc: 0.885
f1: 0.252
4,23,coarse : 39.14 seconds
4,23,fine : 39.14 seconds
[[1278  636]
 [  22   74]]
acc: 0.673
f1: 0.184
[[1740  174]
 [  56   40]]
acc: 0.886
f1: 0.258
4,24,coarse : 38.45 seconds
4,24,fine : 38.46 seconds
[[1265  649]
 [  22   74]]
acc: 0.666
f1: 0.181
[[1732  182]
 [  55   41]]
acc: 0.882
f1: 0.257
4,25,coarse : 39.06 seconds
4,25,fine : 39.07 seconds
[[1356  558]
 [  29   67]]
acc: 0.708
f1: 0.186
[[1732  182]
 [  57   39]]
acc: 0.881
f1: 0.246
4,26,coarse : 40.4 seconds
4,26,fine : 40.4 seconds
[[1276  638]
 [  26   70]]
acc: 0.670
f1: 0.174
[[1733  181]
 [  56   40]]
acc: 0.882
f1: 0.252
4,27,coarse : 39.4 seconds
4,27,fine : 39.41 seconds
[[1291  623]
 [  27   69]]
acc: 0.677
f1: 0.175
[[1729  185]
 [  53   43]]
acc: 0.882
f1: 0.265
4,28,coarse : 39.98 seconds
4,28,fine : 39.99 seconds
[[1270  644]
 [  24   72]]
acc: 0.668
f1: 0.177
[[1737  177]
 [  57   39]]
acc: 0.884
f1: 0.250
4,29,coarse : 40.22 seconds
4,29,fine : 40.23 seconds
[[1258  656]
 [  23   73]]
acc: 0.662
f1: 0.177
[[1735  179]
 [  56   40]]
acc: 0.883
f1: 0.254
4,30,coarse : 38.86 seconds
4,30,fine : 38.87 seconds
[[1252  662]
 [  23   73]]
acc: 0.659
f1: 0.176
[[1736  178]
 [  55   41]]
acc: 0.884
f1: 0.260
4,31,coarse : 39.06 seconds
4,31,fine : 39.06 seconds
[[1238  676]
 [  21   75]]
acc: 0.653
f1: 0.177
[[1757  157]
 [  61   35]]
acc: 0.892
f1: 0.243
4,32,coarse : 39.16 seconds
4,32,fine : 39.16 seconds
[[1337  577]
 [  28   68]]
acc: 0.699
f1: 0.184
[[1740  174]
 [  55   41]]
acc: 0.886
f1: 0.264
4,33,coarse : 39.58 seconds
4,33,fine : 39.58 seconds
[[1338  576]
 [  29   67]]
acc: 0.699
f1: 0.181
[[1746  168]
 [  57   39]]
acc: 0.888
f1: 0.257
4,34,coarse : 38.99 seconds
4,34,fine : 38.99 seconds
[[1252  662]
 [  24   72]]
acc: 0.659
f1: 0.173
[[1739  175]
 [  57   39]]
acc: 0.885
f1: 0.252
4,35,coarse : 38.67 seconds
4,35,fine : 38.68 seconds
[[1309  605]
 [  22   74]]
acc: 0.688
f1: 0.191
[[1738  176]
 [  57   39]]
acc: 0.884
f1: 0.251
4,36,coarse : 42.18 seconds
4,36,fine : 42.19 seconds
[[1299  615]
 [  22   74]]
acc: 0.683
f1: 0.189
[[1759  155]
 [  61   35]]
acc: 0.893
f1: 0.245
4,37,coarse : 41.19 seconds
4,37,fine : 41.2 seconds
[[1289  625]
 [  22   74]]
acc: 0.678
f1: 0.186
[[1757  157]
 [  61   35]]
acc: 0.892
f1: 0.243
4,38,coarse : 39.01 seconds
4,38,fine : 39.02 seconds
[[1341  573]
 [  27   69]]
acc: 0.701
f1: 0.187
[[1761  153]
 [  61   35]]
acc: 0.894
f1: 0.246
4,39,coarse : 38.93 seconds
4,39,fine : 38.94 seconds
[[1357  557]
 [  28   68]]
acc: 0.709
f1: 0.189
[[1756  158]
 [  60   36]]
acc: 0.892
f1: 0.248
4,40,coarse : 39.97 seconds
4,40,fine : 39.98 seconds
[[1333  581]
 [  29   67]]
acc: 0.697
f1: 0.180
[[1752  162]
 [  59   37]]
acc: 0.890
f1: 0.251
4,41,coarse : 39.23 seconds
4,41,fine : 39.24 seconds
[[1354  560]
 [  29   67]]
acc: 0.707
f1: 0.185
[[1746  168]
 [  58   38]]
acc: 0.888
f1: 0.252
4,42,coarse : 39.52 seconds
4,42,fine : 39.53 seconds
[[1379  535]
 [  30   66]]
acc: 0.719
f1: 0.189
[[1742  172]
 [  57   39]]
acc: 0.886
f1: 0.254
4,43,coarse : 40.68 seconds
4,43,fine : 40.69 seconds
[[1367  547]
 [  29   67]]
acc: 0.713
f1: 0.189
[[1741  173]
 [  57   39]]
acc: 0.886
f1: 0.253
4,44,coarse : 39.84 seconds
4,44,fine : 39.84 seconds
[[1373  541]
 [  29   67]]
acc: 0.716
f1: 0.190
[[1732  182]
 [  56   40]]
acc: 0.882
f1: 0.252
4,45,coarse : 39.41 seconds
4,45,fine : 39.42 seconds
[[1403  511]
 [  29   67]]
acc: 0.731
f1: 0.199
[[1741  173]
 [  59   37]]
acc: 0.885
f1: 0.242
4,46,coarse : 40.04 seconds
4,46,fine : 40.05 seconds
[[1402  512]
 [  30   66]]
acc: 0.730
f1: 0.196
[[1740  174]
 [  58   38]]
acc: 0.885
f1: 0.247
4,47,coarse : 40.95 seconds
4,47,fine : 40.96 seconds
[[1345  569]
 [  27   69]]
acc: 0.703
f1: 0.188
[[1723  191]
 [  55   41]]
acc: 0.878
f1: 0.250
4,48,coarse : 40.05 seconds
4,48,fine : 40.06 seconds
[[1325  589]
 [  27   69]]
acc: 0.694
f1: 0.183
[[1724  190]
 [  56   40]]
acc: 0.878
f1: 0.245
4,49,coarse : 40.17 seconds
4,49,fine : 40.18 seconds
[[1346  568]
 [  28   68]]
acc: 0.703
f1: 0.186
[[1758  156]
 [  60   36]]
acc: 0.893
f1: 0.250
4,50,coarse : 43.19 seconds
4,50,fine : 43.19 seconds
[[1308  606]
 [  24   72]]
acc: 0.687
f1: 0.186
[[1761  153]
 [  58   38]]
acc: 0.895
f1: 0.265
4,51,coarse : 40.19 seconds
4,51,fine : 40.2 seconds
[[1286  628]
 [  24   72]]
acc: 0.676
f1: 0.181
[[1755  159]
 [  59   37]]
acc: 0.892
f1: 0.253
4,52,coarse : 39.56 seconds
4,52,fine : 39.57 seconds
[[1209  705]
 [  21   75]]
acc: 0.639
f1: 0.171
[[1750  164]
 [  57   39]]
acc: 0.890
f1: 0.261
4,53,coarse : 42.0 seconds
4,53,fine : 42.01 seconds
[[1296  618]
 [  25   71]]
acc: 0.680
f1: 0.181
[[1744  170]
 [  57   39]]
acc: 0.887
f1: 0.256
4,54,coarse : 42.08 seconds
4,54,fine : 42.09 seconds
[[1264  650]
 [  24   72]]
acc: 0.665
f1: 0.176
[[1759  155]
 [  61   35]]
acc: 0.893
f1: 0.245
4,55,coarse : 42.3 seconds
4,55,fine : 42.31 seconds
[[1231  683]
 [  24   72]]
acc: 0.648
f1: 0.169
[[1755  159]
 [  60   36]]
acc: 0.891
f1: 0.247
4,56,coarse : 41.95 seconds
4,56,fine : 41.96 seconds
[[1259  655]
 [  24   72]]
acc: 0.662
f1: 0.175
[[1750  164]
 [  59   37]]
acc: 0.889
f1: 0.249
4,57,coarse : 40.13 seconds
4,57,fine : 40.14 seconds
[[1254  660]
 [  24   72]]
acc: 0.660
f1: 0.174
[[1746  168]
 [  59   37]]
acc: 0.887
f1: 0.246
4,58,coarse : 40.12 seconds
4,58,fine : 40.13 seconds
[[1250  664]
 [  24   72]]
acc: 0.658
f1: 0.173
[[1738  176]
 [  59   37]]
acc: 0.883
f1: 0.239
4,59,coarse : 39.73 seconds
4,59,fine : 39.73 seconds
[[1101  813]
 [  20   76]]
acc: 0.586
f1: 0.154
[[1750  164]
 [  58   38]]
acc: 0.890
f1: 0.255
4,60,coarse : 40.21 seconds
4,60,fine : 40.22 seconds
[[1124  790]
 [  22   74]]
acc: 0.596
f1: 0.154
[[1751  163]
 [  60   36]]
acc: 0.889
f1: 0.244
4,61,coarse : 40.18 seconds
4,61,fine : 40.19 seconds
[[1218  696]
 [  23   73]]
acc: 0.642
f1: 0.169
[[1751  163]
 [  59   37]]
acc: 0.890
f1: 0.250
4,62,coarse : 38.95 seconds
4,62,fine : 38.96 seconds
[[1217  697]
 [  23   73]]
acc: 0.642
f1: 0.169
[[1749  165]
 [  58   38]]
acc: 0.889
f1: 0.254
4,63,coarse : 39.75 seconds
4,63,fine : 39.75 seconds
[[1195  719]
 [  22   74]]
acc: 0.631
f1: 0.166
[[1746  168]
 [  56   40]]
acc: 0.889
f1: 0.263
4,64,coarse : 39.31 seconds
4,64,fine : 39.32 seconds
[[1216  698]
 [  22   74]]
acc: 0.642
f1: 0.171
[[1774  140]
 [  60   36]]
acc: 0.900
f1: 0.265
4,65,coarse : 39.03 seconds
4,65,fine : 39.04 seconds
[[1261  653]
 [  24   72]]
acc: 0.663
f1: 0.175
[[1768  146]
 [  60   36]]
acc: 0.898
f1: 0.259
4,66,coarse : 40.91 seconds
4,66,fine : 40.92 seconds
[[1249  665]
 [  23   73]]
acc: 0.658
f1: 0.175
[[1741  173]
 [  58   38]]
acc: 0.885
f1: 0.248
4,67,coarse : 40.4 seconds
4,67,fine : 40.41 seconds
[[1158  756]
 [  21   75]]
acc: 0.613
f1: 0.162
[[1738  176]
 [  58   38]]
acc: 0.884
f1: 0.245
4,68,coarse : 39.23 seconds
4,68,fine : 39.24 seconds
[[1093  821]
 [  21   75]]
acc: 0.581
f1: 0.151
[[1741  173]
 [  59   37]]
acc: 0.885
f1: 0.242
4,69,coarse : 39.6 seconds
4,69,fine : 39.61 seconds
[[1047  867]
 [  21   75]]
acc: 0.558
f1: 0.145
[[1743  171]
 [  60   36]]
acc: 0.885
f1: 0.238
4,70,coarse : 40.32 seconds
4,70,fine : 40.33 seconds
[[1091  823]
 [  20   76]]
acc: 0.581
f1: 0.153
[[1736  178]
 [  58   38]]
acc: 0.883
f1: 0.244
4,71,coarse : 39.49 seconds
4,71,fine : 39.5 seconds
[[1054  860]
 [  20   76]]
acc: 0.562
f1: 0.147
[[1730  184]
 [  54   42]]
acc: 0.882
f1: 0.261
4,72,coarse : 39.99 seconds
4,72,fine : 40.0 seconds
[[1129  785]
 [  20   76]]
acc: 0.600
f1: 0.159
[[1723  191]
 [  53   43]]
acc: 0.879
f1: 0.261
4,73,coarse : 40.37 seconds
4,73,fine : 40.38 seconds
[[1158  756]
 [  21   75]]
acc: 0.613
f1: 0.162
[[1725  189]
 [  53   43]]
acc: 0.880
f1: 0.262
4,74,coarse : 39.98 seconds
4,74,fine : 39.99 seconds
[[1107  807]
 [  20   76]]
acc: 0.589
f1: 0.155
[[1730  184]
 [  52   44]]
acc: 0.883
f1: 0.272
4,75,coarse : 41.9 seconds
4,75,fine : 41.91 seconds
[[1202  712]
 [  23   73]]
acc: 0.634
f1: 0.166
[[1680  234]
 [  44   52]]
acc: 0.862
f1: 0.272
4,76,coarse : 40.06 seconds
4,76,fine : 40.07 seconds
[[1097  817]
 [  19   77]]
acc: 0.584
f1: 0.156
[[1690  224]
 [  44   52]]
acc: 0.867
f1: 0.280
4,77,coarse : 39.99 seconds
4,77,fine : 40.0 seconds
[[1126  788]
 [  19   77]]
acc: 0.599
f1: 0.160
[[1688  226]
 [  44   52]]
acc: 0.866
f1: 0.278
4,78,coarse : 40.02 seconds
4,78,fine : 40.03 seconds
[[1124  790]
 [  19   77]]
acc: 0.598
f1: 0.160
[[1692  222]
 [  45   51]]
acc: 0.867
f1: 0.276
4,79,coarse : 41.14 seconds
4,79,fine : 41.15 seconds
[[1152  762]
 [  19   77]]
acc: 0.611
f1: 0.165
[[1660  254]
 [  38   58]]
acc: 0.855
f1: 0.284
4,80,coarse : 41.8 seconds
4,80,fine : 41.81 seconds
[[1143  771]
 [  19   77]]
acc: 0.607
f1: 0.163
[[1674  240]
 [  42   54]]
acc: 0.860
f1: 0.277
4,81,coarse : 41.13 seconds
4,81,fine : 41.14 seconds
[[1069  845]
 [  17   79]]
acc: 0.571
f1: 0.155
[[1666  248]
 [  41   55]]
acc: 0.856
f1: 0.276
4,82,coarse : 40.09 seconds
4,82,fine : 40.1 seconds
[[1039  875]
 [  16   80]]
acc: 0.557
f1: 0.152
[[1728  186]
 [  48   48]]
acc: 0.884
f1: 0.291
4,83,coarse : 39.48 seconds
4,83,fine : 39.49 seconds
[[1012  902]
 [  16   80]]
acc: 0.543
f1: 0.148
[[1723  191]
 [  49   47]]
acc: 0.881
f1: 0.281
4,84,coarse : 40.26 seconds
4,84,fine : 40.27 seconds
[[993 921]
 [ 16  80]]
acc: 0.534
f1: 0.146
[[1696  218]
 [  45   51]]
acc: 0.869
f1: 0.279
4,85,coarse : 41.07 seconds
4,85,fine : 41.08 seconds
[[948 966]
 [ 15  81]]
acc: 0.512
f1: 0.142
[[1703  211]
 [  46   50]]
acc: 0.872
f1: 0.280
4,86,coarse : 40.76 seconds
4,86,fine : 40.77 seconds
[[974 940]
 [ 16  80]]
acc: 0.524
f1: 0.143
[[1712  202]
 [  48   48]]
acc: 0.876
f1: 0.277
4,87,coarse : 40.79 seconds
4,87,fine : 40.8 seconds
[[985 929]
 [ 16  80]]
acc: 0.530
f1: 0.145
[[1738  176]
 [  52   44]]
acc: 0.887
f1: 0.278
4,88,coarse : 40.85 seconds
4,88,fine : 40.86 seconds
[[988 926]
 [ 16  80]]
acc: 0.531
f1: 0.145
[[1739  175]
 [  51   45]]
acc: 0.888
f1: 0.285
4,89,coarse : 40.5 seconds
4,89,fine : 40.51 seconds
[[992 922]
 [ 16  80]]
acc: 0.533
f1: 0.146
[[1685  229]
 [  42   54]]
acc: 0.865
f1: 0.285
4,90,coarse : 41.0 seconds
4,90,fine : 41.01 seconds
[[1058  856]
 [  16   80]]
acc: 0.566
f1: 0.155
[[1685  229]
 [  53   43]]
acc: 0.860
f1: 0.234
4,91,coarse : 41.42 seconds
4,91,fine : 41.45 seconds
[[978 936]
 [ 15  81]]
acc: 0.527
f1: 0.146
[[1730  184]
 [  50   46]]
acc: 0.884
f1: 0.282
4,92,coarse : 40.87 seconds
4,92,fine : 40.88 seconds
[[979 935]
 [ 14  82]]
acc: 0.528
f1: 0.147
[[1597  317]
 [  55   41]]
acc: 0.815
f1: 0.181
4,93,coarse : 41.32 seconds
4,93,fine : 41.34 seconds
[[964 950]
 [ 14  82]]
acc: 0.520
f1: 0.145
[[1593  321]
 [  55   41]]
acc: 0.813
f1: 0.179
4,94,coarse : 41.63 seconds
4,94,fine : 41.64 seconds
[[962 952]
 [ 14  82]]
acc: 0.519
f1: 0.145
[[1561  353]
 [  51   45]]
acc: 0.799
f1: 0.182
4,95,coarse : 40.34 seconds
4,95,fine : 40.35 seconds
[[1008  906]
 [  15   81]]
acc: 0.542
f1: 0.150
[[1558  356]
 [  50   46]]
acc: 0.798
f1: 0.185
4,96,coarse : 41.05 seconds
4,96,fine : 41.06 seconds
[[1043  871]
 [  15   81]]
acc: 0.559
f1: 0.155
[[1581  333]
 [  55   41]]
acc: 0.807
f1: 0.174
4,97,coarse : 41.99 seconds
4,97,fine : 42.0 seconds
[[1042  872]
 [  15   81]]
acc: 0.559
f1: 0.154
[[1598  316]
 [  56   40]]
acc: 0.815
f1: 0.177
4,98,coarse : 42.6 seconds
4,98,fine : 42.61 seconds
[[1078  836]
 [  15   81]]
acc: 0.577
f1: 0.160
[[1593  321]
 [  55   41]]
acc: 0.813
f1: 0.179
4,99,coarse : 43.02 seconds
4,99,fine : 43.04 seconds
[[1115  799]
 [  16   80]]
acc: 0.595
f1: 0.164
[[1558  356]
 [  46   50]]
acc: 0.800
f1: 0.199
4,100,coarse : 43.08 seconds
4,100,fine : 43.09 seconds
[[1117  797]
 [  17   79]]
acc: 0.595
f1: 0.163
[[1548  366]
 [  47   49]]
acc: 0.795
f1: 0.192
4,101,coarse : 41.34 seconds
4,101,fine : 41.36 seconds
[[1115  799]
 [  16   80]]
acc: 0.595
f1: 0.164
[[1550  364]
 [  46   50]]
acc: 0.796
f1: 0.196
4,102,coarse : 42.76 seconds
4,102,fine : 42.77 seconds
[[1046  868]
 [  16   80]]
acc: 0.560
f1: 0.153
[[1603  311]
 [  49   47]]
acc: 0.821
f1: 0.207
4,103,coarse : 43.24 seconds
4,103,fine : 43.26 seconds
[[1031  883]
 [  15   81]]
acc: 0.553
f1: 0.153
[[1608  306]
 [  51   45]]
acc: 0.822
f1: 0.201
4,104,coarse : 42.24 seconds
4,104,fine : 42.27 seconds
[[1074  840]
 [  16   80]]
acc: 0.574
f1: 0.157
[[1551  363]
 [  46   50]]
acc: 0.797
f1: 0.196
4,105,coarse : 42.78 seconds
4,105,fine : 42.79 seconds
[[1120  794]
 [  16   80]]
acc: 0.597
f1: 0.165
[[1515  399]
 [  43   53]]
acc: 0.780
f1: 0.193
4,106,coarse : 42.51 seconds
4,106,fine : 42.53 seconds
[[1116  798]
 [  16   80]]
acc: 0.595
f1: 0.164
[[1524  390]
 [  43   53]]
acc: 0.785
f1: 0.197
4,107,coarse : 43.18 seconds
4,107,fine : 43.2 seconds
[[1112  802]
 [  16   80]]
acc: 0.593
f1: 0.164
[[1587  327]
 [  53   43]]
acc: 0.811
f1: 0.185
4,108,coarse : 42.69 seconds
4,108,fine : 42.7 seconds
[[1086  828]
 [  16   80]]
acc: 0.580
f1: 0.159
[[1597  317]
 [  53   43]]
acc: 0.816
f1: 0.189
4,109,coarse : 43.35 seconds
4,109,fine : 43.36 seconds
[[1092  822]
 [  16   80]]
acc: 0.583
f1: 0.160
[[1604  310]
 [  55   41]]
acc: 0.818
f1: 0.183
4,110,coarse : 42.79 seconds
4,110,fine : 42.8 seconds
[[1135  779]
 [  17   79]]
acc: 0.604
f1: 0.166
[[1548  366]
 [  46   50]]
acc: 0.795
f1: 0.195
4,111,coarse : 41.63 seconds
4,111,fine : 41.64 seconds
[[1166  748]
 [  17   79]]
acc: 0.619
f1: 0.171
[[1564  350]
 [  49   47]]
acc: 0.801
f1: 0.191
4,112,coarse : 47.88 seconds
4,112,fine : 47.92 seconds
[[1120  794]
 [  17   79]]
acc: 0.597
f1: 0.163
[[1625  289]
 [  53   43]]
acc: 0.830
f1: 0.201
4,113,coarse : 44.23 seconds
4,113,fine : 44.25 seconds
[[1157  757]
 [  17   79]]
acc: 0.615
f1: 0.170
[[1626  288]
 [  57   39]]
acc: 0.828
f1: 0.184
4,114,coarse : 43.23 seconds
4,114,fine : 43.25 seconds
[[1113  801]
 [  18   78]]
acc: 0.593
f1: 0.160
[[1626  288]
 [  55   41]]
acc: 0.829
f1: 0.193
4,115,coarse : 42.72 seconds
4,115,fine : 42.74 seconds
[[1048  866]
 [  15   81]]
acc: 0.562
f1: 0.155
[[1627  287]
 [  56   40]]
acc: 0.829
f1: 0.189
4,116,coarse : 43.77 seconds
4,116,fine : 43.78 seconds
[[1024  890]
 [  13   83]]
acc: 0.551
f1: 0.155
[[1638  276]
 [  56   40]]
acc: 0.835
f1: 0.194
4,117,coarse : 44.42 seconds
4,117,fine : 44.46 seconds
[[970 944]
 [ 12  84]]
acc: 0.524
f1: 0.149
[[1609  305]
 [  52   44]]
acc: 0.822
f1: 0.198
4,118,coarse : 43.39 seconds
4,118,fine : 43.4 seconds
[[916 998]
 [ 12  84]]
acc: 0.498
f1: 0.143
[[1614  300]
 [  49   47]]
acc: 0.826
f1: 0.212
4,119,coarse : 43.87 seconds
4,119,fine : 43.89 seconds
[[984 930]
 [ 13  83]]
acc: 0.531
f1: 0.150
[[1571  343]
 [  46   50]]
acc: 0.806
f1: 0.204
4,120,coarse : 43.77 seconds
4,120,fine : 43.78 seconds
[[946 968]
 [ 13  83]]
acc: 0.512
f1: 0.145
[[1570  344]
 [  46   50]]
acc: 0.806
f1: 0.204
4,121,coarse : 43.26 seconds
4,121,fine : 43.28 seconds
[[938 976]
 [ 14  82]]
acc: 0.507
f1: 0.142
[[1572  342]
 [  46   50]]
acc: 0.807
f1: 0.205
4,122,coarse : 44.98 seconds
4,122,fine : 45.01 seconds
[[939 975]
 [ 14  82]]
acc: 0.508
f1: 0.142
[[1593  321]
 [  52   44]]
acc: 0.814
f1: 0.191
4,123,coarse : 43.78 seconds
4,123,fine : 43.8 seconds
[[987 927]
 [ 14  82]]
acc: 0.532
f1: 0.148
[[1542  372]
 [  45   51]]
acc: 0.793
f1: 0.197
4,124,coarse : 44.85 seconds
4,124,fine : 44.86 seconds
[[977 937]
 [ 14  82]]
acc: 0.527
f1: 0.147
[[1569  345]
 [  49   47]]
acc: 0.804
f1: 0.193
4,125,coarse : 45.85 seconds
4,125,fine : 45.95 seconds
[[987 927]
 [ 15  81]]
acc: 0.531
f1: 0.147
[[1528  386]
 [  40   56]]
acc: 0.788
f1: 0.208
4,126,coarse : 45.51 seconds
4,126,fine : 45.53 seconds
[[967 947]
 [ 15  81]]
acc: 0.521
f1: 0.144
[[1573  341]
 [  47   49]]
acc: 0.807
f1: 0.202
4,127,coarse : 45.23 seconds
4,127,fine : 45.25 seconds
[[1016  898]
 [  15   81]]
acc: 0.546
f1: 0.151
[[1559  355]
 [  45   51]]
acc: 0.801
f1: 0.203
4,128,coarse : 44.61 seconds
4,128,fine : 44.65 seconds
[[1032  882]
 [  15   81]]
acc: 0.554
f1: 0.153
[[1616  298]
 [  46   50]]
acc: 0.829
f1: 0.225
4,129,coarse : 51.6 seconds
4,129,fine : 51.62 seconds
[[1017  897]
 [  15   81]]
acc: 0.546
f1: 0.151
[[1638  276]
 [  47   49]]
acc: 0.839
f1: 0.233
4,130,coarse : 51.01 seconds
4,130,fine : 51.03 seconds
[[1025  889]
 [  15   81]]
acc: 0.550
f1: 0.152
[[1638  276]
 [  47   49]]
acc: 0.839
f1: 0.233
4,131,coarse : 49.73 seconds
4,131,fine : 49.74 seconds
[[1052  862]
 [  15   81]]
acc: 0.564
f1: 0.156
[[1582  332]
 [  38   58]]
acc: 0.816
f1: 0.239
4,132,coarse : 44.01 seconds
4,132,fine : 44.04 seconds
[[1046  868]
 [  15   81]]
acc: 0.561
f1: 0.155
[[1562  352]
 [  38   58]]
acc: 0.806
f1: 0.229
4,133,coarse : 44.65 seconds
4,133,fine : 44.67 seconds
[[1011  903]
 [  15   81]]
acc: 0.543
f1: 0.150
[[1553  361]
 [  38   58]]
acc: 0.801
f1: 0.225
4,134,coarse : 44.81 seconds
4,134,fine : 44.82 seconds
[[1030  884]
 [  15   81]]
acc: 0.553
f1: 0.153
[[1516  398]
 [  37   59]]
acc: 0.784
f1: 0.213
4,135,coarse : 44.3 seconds
4,135,fine : 44.32 seconds
[[984 930]
 [ 15  81]]
acc: 0.530
f1: 0.146
[[1539  375]
 [  39   57]]
acc: 0.794
f1: 0.216
4,136,coarse : 44.4 seconds
4,136,fine : 44.42 seconds
[[963 951]
 [ 14  82]]
acc: 0.520
f1: 0.145
[[1574  340]
 [  40   56]]
acc: 0.811
f1: 0.228
4,137,coarse : 44.34 seconds
4,137,fine : 44.39 seconds
[[941 973]
 [ 14  82]]
acc: 0.509
f1: 0.142
[[1592  322]
 [  40   56]]
acc: 0.820
f1: 0.236
4,138,coarse : 44.55 seconds
4,138,fine : 44.57 seconds
[[946 968]
 [ 15  81]]
acc: 0.511
f1: 0.141
[[1621  293]
 [  43   53]]
acc: 0.833
f1: 0.240
4,139,coarse : 44.48 seconds
4,139,fine : 44.49 seconds
[[915 999]
 [ 14  82]]
acc: 0.496
f1: 0.139
[[1633  281]
 [  42   54]]
acc: 0.839
f1: 0.251
4,140,coarse : 45.44 seconds
4,140,fine : 45.54 seconds
[[ 877 1037]
 [  13   83]]
acc: 0.478
f1: 0.137
[[1624  290]
 [  42   54]]
acc: 0.835
f1: 0.245
4,141,coarse : 44.59 seconds
4,141,fine : 44.61 seconds
[[ 856 1058]
 [  13   83]]
acc: 0.467
f1: 0.134
[[1621  293]
 [  42   54]]
acc: 0.833
f1: 0.244
4,142,coarse : 45.69 seconds
4,142,fine : 45.71 seconds
[[ 845 1069]
 [  12   84]]
acc: 0.462
f1: 0.135
[[1627  287]
 [  44   52]]
acc: 0.835
f1: 0.239
4,143,coarse : 44.42 seconds
4,143,fine : 44.44 seconds
[[ 855 1059]
 [  12   84]]
acc: 0.467
f1: 0.136
[[1682  232]
 [  49   47]]
acc: 0.860
f1: 0.251
4,144,coarse : 44.44 seconds
4,144,fine : 44.46 seconds
[[ 848 1066]
 [  12   84]]
acc: 0.464
f1: 0.135
[[1650  264]
 [  44   52]]
acc: 0.847
f1: 0.252
4,145,coarse : 44.84 seconds
4,145,fine : 44.85 seconds
[[926 988]
 [ 14  82]]
acc: 0.501
f1: 0.141
[[1629  285]
 [  40   56]]
acc: 0.838
f1: 0.256
4,146,coarse : 44.93 seconds
4,146,fine : 44.94 seconds
[[966 948]
 [ 14  82]]
acc: 0.521
f1: 0.146
[[1625  289]
 [  41   55]]
acc: 0.836
f1: 0.250
4,147,coarse : 45.54 seconds
4,147,fine : 45.55 seconds
[[980 934]
 [ 14  82]]
acc: 0.528
f1: 0.147
[[1630  284]
 [  43   53]]
acc: 0.837
f1: 0.245
4,148,coarse : 45.79 seconds
4,148,fine : 45.81 seconds
[[1018  896]
 [  14   82]]
acc: 0.547
f1: 0.153
[[1637  277]
 [  42   54]]
acc: 0.841
f1: 0.253
4,149,coarse : 45.43 seconds
4,149,fine : 45.45 seconds
[[1050  864]
 [  14   82]]
acc: 0.563
f1: 0.157
[[1673  241]
 [  50   46]]
acc: 0.855
f1: 0.240
4,150,coarse : 47.37 seconds
4,150,fine : 47.39 seconds
[[1032  882]
 [  14   82]]
acc: 0.554
f1: 0.155
[[1715  199]
 [  51   45]]
acc: 0.876
f1: 0.265
4,151,coarse : 44.55 seconds
4,151,fine : 44.57 seconds
[[1113  801]
 [  14   82]]
acc: 0.595
f1: 0.168
[[1717  197]
 [  51   45]]
acc: 0.877
f1: 0.266
4,152,coarse : 46.67 seconds
4,152,fine : 46.7 seconds
[[1133  781]
 [  14   82]]
acc: 0.604
f1: 0.171
[[1709  205]
 [  53   43]]
acc: 0.872
f1: 0.250
4,153,coarse : 45.26 seconds
4,153,fine : 45.28 seconds
[[1180  734]
 [  14   82]]
acc: 0.628
f1: 0.180
[[1697  217]
 [  48   48]]
acc: 0.868
f1: 0.266
4,154,coarse : 44.9 seconds
4,154,fine : 44.92 seconds
[[1206  708]
 [  15   81]]
acc: 0.640
f1: 0.183
[[1703  211]
 [  48   48]]
acc: 0.871
f1: 0.270
4,155,coarse : 45.17 seconds
4,155,fine : 45.19 seconds
[[1207  707]
 [  15   81]]
acc: 0.641
f1: 0.183
[[1708  206]
 [  50   46]]
acc: 0.873
f1: 0.264
4,156,coarse : 44.99 seconds
4,156,fine : 45.01 seconds
[[1181  733]
 [  15   81]]
acc: 0.628
f1: 0.178
[[1734  180]
 [  53   43]]
acc: 0.884
f1: 0.270
4,157,coarse : 45.54 seconds
4,157,fine : 45.56 seconds
[[1232  682]
 [  17   79]]
acc: 0.652
f1: 0.184
[[1702  212]
 [  48   48]]
acc: 0.871
f1: 0.270
4,158,coarse : 44.48 seconds
4,158,fine : 44.5 seconds
[[1224  690]
 [  17   79]]
acc: 0.648
f1: 0.183
[[1684  230]
 [  46   50]]
acc: 0.863
f1: 0.266
4,159,coarse : 44.77 seconds
4,159,fine : 44.81 seconds
[[1224  690]
 [  16   80]]
acc: 0.649
f1: 0.185
[[1683  231]
 [  44   52]]
acc: 0.863
f1: 0.274
4,160,coarse : 43.85 seconds
4,160,fine : 43.87 seconds
[[1246  668]
 [  17   79]]
acc: 0.659
f1: 0.187
[[1725  189]
 [  47   49]]
acc: 0.883
f1: 0.293
4,161,coarse : 45.86 seconds
4,161,fine : 45.88 seconds
[[1264  650]
 [  17   79]]
acc: 0.668
f1: 0.192
[[1745  169]
 [  49   47]]
acc: 0.892
f1: 0.301
4,162,coarse : 46.16 seconds
4,162,fine : 46.17 seconds
[[1322  592]
 [  17   79]]
acc: 0.697
f1: 0.206
[[1812  102]
 [  60   36]]
acc: 0.919
f1: 0.308
4,163,coarse : 45.89 seconds
4,163,fine : 45.91 seconds
[[1302  612]
 [  17   79]]
acc: 0.687
f1: 0.201
[[1808  106]
 [  59   37]]
acc: 0.918
f1: 0.310
4,164,coarse : 44.43 seconds
4,164,fine : 44.44 seconds
[[1412  502]
 [  17   79]]
acc: 0.742
f1: 0.233
[[1803  111]
 [  57   39]]
acc: 0.916
f1: 0.317
4,165,coarse : 46.73 seconds
4,165,fine : 46.75 seconds
[[1453  461]
 [  18   78]]
acc: 0.762
f1: 0.246
[[1818   96]
 [  60   36]]
acc: 0.922
f1: 0.316
4,166,coarse : 44.47 seconds
4,166,fine : 44.48 seconds
[[1462  452]
 [  19   77]]
acc: 0.766
f1: 0.246
[[1858   56]
 [  68   28]]
acc: 0.938
f1: 0.311
4,167,coarse : 44.78 seconds
4,167,fine : 44.8 seconds
[[1516  398]
 [  20   76]]
acc: 0.792
f1: 0.267
[[1864   50]
 [  68   28]]
acc: 0.941
f1: 0.322
4,168,coarse : 44.03 seconds
4,168,fine : 44.05 seconds
[[1553  361]
 [  23   73]]
acc: 0.809
f1: 0.275
[[1870   44]
 [  71   25]]
acc: 0.943
f1: 0.303
4,169,coarse : 47.01 seconds
4,169,fine : 47.03 seconds
[[1517  397]
 [  20   76]]
acc: 0.793
f1: 0.267
[[1871   43]
 [  70   26]]
acc: 0.944
f1: 0.315
4,170,coarse : 46.72 seconds
4,170,fine : 46.74 seconds
[[1512  402]
 [  20   76]]
acc: 0.790
f1: 0.265
[[1880   34]
 [  73   23]]
acc: 0.947
f1: 0.301
4,171,coarse : 45.78 seconds
4,171,fine : 45.79 seconds
[[1616  298]
 [  23   73]]
acc: 0.840
f1: 0.313
[[1887   27]
 [  78   18]]
acc: 0.948
f1: 0.255
4,172,coarse : 43.56 seconds
4,172,fine : 43.58 seconds
