all           0      1    2    3    4    5    6    7    8    
1      2010   1914   1    19   32   19   1    11   6    7    
2      2010   1914   1    19   32   19   1    11   6    7    
3      2010   1914   1    19   32   19   1    11   5    8    
4      2010   1914   1    19   32   19   1    10   6    8    
5      2010   1914   1    18   33   19   1    10   6    8    
6      2010   1914   1    18   33   19   1    10   6    8    
7      2010   1913   2    18   33   19   1    10   6    8    
8      2010   1913   2    18   33   19   1    10   6    8    
9      2009   1913   2    18   32   19   2    10   6    7    
10     2009   1913   1    19   32   19   1    11   6    7    
Total  20098  19136  13   185  324  190  11   104  59   76   
train         0      1    2    3    4    5    6    7    8    
2      2010   1914   1    19   32   19   1    11   6    7    
3      2010   1914   1    19   32   19   1    11   5    8    
4      2010   1914   1    19   32   19   1    10   6    8    
5      2010   1914   1    18   33   19   1    10   6    8    
6      2010   1914   1    18   33   19   1    10   6    8    
7      2010   1913   2    18   33   19   1    10   6    8    
8      2010   1913   2    18   33   19   1    10   6    8    
9      2009   1913   2    18   32   19   2    10   6    7    
10     2009   1913   1    19   32   19   1    11   6    7    
Total  18088  17222  12   166  292  171  10   93   53   69   
test          0      1    2    3    4    5    6    7    8    
1      2010   1914   1    19   32   19   1    11   6    7    
Total  2010   1914   1    19   32   19   1    11   6    7    
Classes             
0         17222     
1         12        
2         166       
3         292       
4         171       
5         10        
6         93        
7         53        
8         69        
Total     18088     

Shape: 450       

[952, 10, 11, 16, 11, 10, 10, 10, 10]
Sum start => 1040
[[ 477 1437]
 [   3   93]]
acc: 0.284
f1: 0.114
[[1021  893]
 [  32   64]]
acc: 0.540
f1: 0.122
1,1,coarse : 40.82 seconds
1,1,fine : 40.84 seconds
[[ 477 1437]
 [   3   93]]
acc: 0.284
f1: 0.114
[[1021  893]
 [  32   64]]
acc: 0.540
f1: 0.122
1,2,coarse : 42.36 seconds
1,2,fine : 42.36 seconds
[[ 682 1232]
 [   5   91]]
acc: 0.385
f1: 0.128
[[1061  853]
 [  32   64]]
acc: 0.560
f1: 0.126
1,3,coarse : 4.48 seconds
1,3,fine : 4.48 seconds
[[ 774 1140]
 [   5   91]]
acc: 0.430
f1: 0.137
[[1091  823]
 [  31   65]]
acc: 0.575
f1: 0.132
1,4,coarse : 4.63 seconds
1,4,fine : 4.63 seconds
[[ 644 1270]
 [   5   91]]
acc: 0.366
f1: 0.125
[[1108  806]
 [  32   64]]
acc: 0.583
f1: 0.133
1,5,coarse : 4.87 seconds
1,5,fine : 4.87 seconds
[[ 641 1273]
 [   5   91]]
acc: 0.364
f1: 0.125
[[1098  816]
 [  30   66]]
acc: 0.579
f1: 0.135
1,6,coarse : 5.01 seconds
1,6,fine : 5.01 seconds
[[ 711 1203]
 [   5   91]]
acc: 0.399
f1: 0.131
[[1144  770]
 [  27   69]]
acc: 0.603
f1: 0.148
1,7,coarse : 5.04 seconds
1,7,fine : 5.04 seconds
[[ 669 1245]
 [   5   91]]
acc: 0.378
f1: 0.127
[[1093  821]
 [  25   71]]
acc: 0.579
f1: 0.144
1,8,coarse : 5.24 seconds
1,8,fine : 5.24 seconds
[[ 561 1353]
 [   5   91]]
acc: 0.324
f1: 0.118
[[1057  857]
 [  22   74]]
acc: 0.563
f1: 0.144
1,9,coarse : 5.31 seconds
1,9,fine : 5.31 seconds
[[ 588 1326]
 [   5   91]]
acc: 0.338
f1: 0.120
[[1063  851]
 [  22   74]]
acc: 0.566
f1: 0.145
1,10,coarse : 5.49 seconds
1,10,fine : 5.49 seconds
[[ 480 1434]
 [   4   92]]
acc: 0.285
f1: 0.113
[[1085  829]
 [  20   76]]
acc: 0.578
f1: 0.152
1,11,coarse : 5.68 seconds
1,11,fine : 5.69 seconds
[[ 460 1454]
 [   4   92]]
acc: 0.275
f1: 0.112
[[1115  799]
 [  19   77]]
acc: 0.593
f1: 0.158
1,12,coarse : 5.89 seconds
1,12,fine : 5.89 seconds
[[ 309 1605]
 [   2   94]]
acc: 0.200
f1: 0.105
[[1116  798]
 [  16   80]]
acc: 0.595
f1: 0.164
1,13,coarse : 5.99 seconds
1,13,fine : 5.99 seconds
[[ 322 1592]
 [   2   94]]
acc: 0.207
f1: 0.105
[[1119  795]
 [  16   80]]
acc: 0.597
f1: 0.165
1,14,coarse : 6.36 seconds
1,14,fine : 6.36 seconds
[[ 244 1670]
 [   1   95]]
acc: 0.169
f1: 0.102
[[1087  827]
 [  14   82]]
acc: 0.582
f1: 0.163
1,15,coarse : 6.42 seconds
1,15,fine : 6.43 seconds
[[ 233 1681]
 [   1   95]]
acc: 0.163
f1: 0.101
[[978 936]
 [ 11  85]]
acc: 0.529
f1: 0.152
1,16,coarse : 6.61 seconds
1,16,fine : 6.62 seconds
[[ 214 1700]
 [   1   95]]
acc: 0.154
f1: 0.100
[[1005  909]
 [  12   84]]
acc: 0.542
f1: 0.154
1,17,coarse : 6.72 seconds
1,17,fine : 6.73 seconds
[[ 290 1624]
 [   1   95]]
acc: 0.192
f1: 0.105
[[947 967]
 [ 12  84]]
acc: 0.513
f1: 0.146
1,18,coarse : 6.97 seconds
1,18,fine : 6.98 seconds
[[ 299 1615]
 [   1   95]]
acc: 0.196
f1: 0.105
[[1068  846]
 [  11   85]]
acc: 0.574
f1: 0.166
1,19,coarse : 7.15 seconds
1,19,fine : 7.15 seconds
[[ 316 1598]
 [   1   95]]
acc: 0.204
f1: 0.106
[[1102  812]
 [  11   85]]
acc: 0.591
f1: 0.171
1,20,coarse : 7.28 seconds
1,20,fine : 7.29 seconds
[[ 343 1571]
 [   1   95]]
acc: 0.218
f1: 0.108
[[984 930]
 [  9  87]]
acc: 0.533
f1: 0.156
1,21,coarse : 7.47 seconds
1,21,fine : 7.48 seconds
[[ 369 1545]
 [   1   95]]
acc: 0.231
f1: 0.109
[[962 952]
 [  8  88]]
acc: 0.522
f1: 0.155
1,22,coarse : 7.6 seconds
1,22,fine : 7.6 seconds
[[ 394 1520]
 [   2   94]]
acc: 0.243
f1: 0.110
[[1010  904]
 [   9   87]]
acc: 0.546
f1: 0.160
1,23,coarse : 8.01 seconds
1,23,fine : 8.01 seconds
[[ 344 1570]
 [   1   95]]
acc: 0.218
f1: 0.108
[[ 875 1039]
 [   7   89]]
acc: 0.480
f1: 0.145
1,24,coarse : 8.12 seconds
1,24,fine : 8.12 seconds
[[ 326 1588]
 [   1   95]]
acc: 0.209
f1: 0.107
[[ 871 1043]
 [   8   88]]
acc: 0.477
f1: 0.143
1,25,coarse : 8.53 seconds
1,25,fine : 8.54 seconds
[[ 357 1557]
 [   2   94]]
acc: 0.224
f1: 0.108
[[ 798 1116]
 [   6   90]]
acc: 0.442
f1: 0.138
1,26,coarse : 8.57 seconds
1,26,fine : 8.58 seconds
[[ 390 1524]
 [   2   94]]
acc: 0.241
f1: 0.110
[[ 681 1233]
 [   4   92]]
acc: 0.385
f1: 0.129
1,27,coarse : 8.63 seconds
1,27,fine : 8.63 seconds
[[ 351 1563]
 [   2   94]]
acc: 0.221
f1: 0.107
[[ 818 1096]
 [   5   91]]
acc: 0.452
f1: 0.142
1,28,coarse : 8.75 seconds
1,28,fine : 8.75 seconds
[[ 360 1554]
 [   2   94]]
acc: 0.226
f1: 0.108
[[ 787 1127]
 [   5   91]]
acc: 0.437
f1: 0.139
1,29,coarse : 9.17 seconds
1,29,fine : 9.18 seconds
[[ 453 1461]
 [   2   94]]
acc: 0.272
f1: 0.114
[[ 782 1132]
 [   5   91]]
acc: 0.434
f1: 0.138
1,30,coarse : 9.29 seconds
1,30,fine : 9.29 seconds
[[ 437 1477]
 [   2   94]]
acc: 0.264
f1: 0.113
[[ 763 1151]
 [   4   92]]
acc: 0.425
f1: 0.137
1,31,coarse : 9.55 seconds
1,31,fine : 9.56 seconds
[[ 469 1445]
 [   2   94]]
acc: 0.280
f1: 0.115
[[1809  105]
 [  71   25]]
acc: 0.912
f1: 0.221
1,32,coarse : 9.44 seconds
1,32,fine : 9.45 seconds
[[ 488 1426]
 [   3   93]]
acc: 0.289
f1: 0.115
[[1809  105]
 [  71   25]]
acc: 0.912
f1: 0.221
1,33,coarse : 9.6 seconds
1,33,fine : 9.61 seconds
[[ 510 1404]
 [   3   93]]
acc: 0.300
f1: 0.117
[[1803  111]
 [  70   26]]
acc: 0.910
f1: 0.223
1,34,coarse : 9.95 seconds
1,34,fine : 9.95 seconds
[[ 554 1360]
 [   4   92]]
acc: 0.321
f1: 0.119
[[1809  105]
 [  68   28]]
acc: 0.914
f1: 0.245
1,35,coarse : 10.25 seconds
1,35,fine : 10.26 seconds
[[ 532 1382]
 [   4   92]]
acc: 0.310
f1: 0.117
[[1806  108]
 [  66   30]]
acc: 0.913
f1: 0.256
1,36,coarse : 10.52 seconds
1,36,fine : 10.53 seconds
[[ 526 1388]
 [   4   92]]
acc: 0.307
f1: 0.117
[[1804  110]
 [  66   30]]
acc: 0.912
f1: 0.254
1,37,coarse : 10.7 seconds
1,37,fine : 10.7 seconds
[[ 526 1388]
 [   4   92]]
acc: 0.307
f1: 0.117
[[1805  109]
 [  70   26]]
acc: 0.911
f1: 0.225
1,38,coarse : 10.8 seconds
1,38,fine : 10.8 seconds
[[ 490 1424]
 [   4   92]]
acc: 0.290
f1: 0.114
[[1804  110]
 [  68   28]]
acc: 0.911
f1: 0.239
1,39,coarse : 11.28 seconds
1,39,fine : 11.29 seconds
[[ 438 1476]
 [   2   94]]
acc: 0.265
f1: 0.113
[[1799  115]
 [  68   28]]
acc: 0.909
f1: 0.234
1,40,coarse : 10.98 seconds
1,40,fine : 10.99 seconds
[[ 428 1486]
 [   2   94]]
acc: 0.260
f1: 0.112
[[1794  120]
 [  60   36]]
acc: 0.910
f1: 0.286
1,41,coarse : 11.65 seconds
1,41,fine : 11.66 seconds
[[ 439 1475]
 [   2   94]]
acc: 0.265
f1: 0.113
[[1800  114]
 [  59   37]]
acc: 0.914
f1: 0.300
1,42,coarse : 11.64 seconds
1,42,fine : 11.65 seconds
[[ 444 1470]
 [   2   94]]
acc: 0.268
f1: 0.113
[[1807  107]
 [  69   27]]
acc: 0.912
f1: 0.235
1,43,coarse : 11.81 seconds
1,43,fine : 11.82 seconds
[[ 592 1322]
 [   4   92]]
acc: 0.340
f1: 0.122
[[1810  104]
 [  68   28]]
acc: 0.914
f1: 0.246
1,44,coarse : 12.2 seconds
1,44,fine : 12.21 seconds
[[ 593 1321]
 [   4   92]]
acc: 0.341
f1: 0.122
[[1806  108]
 [  67   29]]
acc: 0.913
f1: 0.249
1,45,coarse : 12.39 seconds
1,45,fine : 12.4 seconds
[[ 609 1305]
 [   4   92]]
acc: 0.349
f1: 0.123
[[1798  116]
 [  61   35]]
acc: 0.912
f1: 0.283
1,46,coarse : 12.49 seconds
1,46,fine : 12.49 seconds
[[ 557 1357]
 [   4   92]]
acc: 0.323
f1: 0.119
[[1803  111]
 [  65   31]]
acc: 0.912
f1: 0.261
1,47,coarse : 12.46 seconds
1,47,fine : 12.47 seconds
[[ 569 1345]
 [   4   92]]
acc: 0.329
f1: 0.120
[[1842   72]
 [  83   13]]
acc: 0.923
f1: 0.144
1,48,coarse : 13.08 seconds
1,48,fine : 13.09 seconds
[[ 550 1364]
 [   4   92]]
acc: 0.319
f1: 0.119
[[1843   71]
 [  83   13]]
acc: 0.923
f1: 0.144
1,49,coarse : 12.98 seconds
1,49,fine : 12.99 seconds
[[ 617 1297]
 [   5   91]]
acc: 0.352
f1: 0.123
[[1844   70]
 [  84   12]]
acc: 0.923
f1: 0.135
1,50,coarse : 15.03 seconds
1,50,fine : 15.04 seconds
[[ 667 1247]
 [   5   91]]
acc: 0.377
f1: 0.127
[[1843   71]
 [  85   11]]
acc: 0.922
f1: 0.124
1,51,coarse : 13.1 seconds
1,51,fine : 13.1 seconds
[[ 646 1268]
 [   5   91]]
acc: 0.367
f1: 0.125
[[1843   71]
 [  84   12]]
acc: 0.923
f1: 0.134
1,52,coarse : 13.76 seconds
1,52,fine : 13.77 seconds
[[ 662 1252]
 [   5   91]]
acc: 0.375
f1: 0.126
[[1842   72]
 [  83   13]]
acc: 0.923
f1: 0.144
1,53,coarse : 13.57 seconds
1,53,fine : 13.57 seconds
[[ 686 1228]
 [   5   91]]
acc: 0.387
f1: 0.129
[[1842   72]
 [  81   15]]
acc: 0.924
f1: 0.164
1,54,coarse : 13.93 seconds
1,54,fine : 13.94 seconds
[[ 738 1176]
 [   7   89]]
acc: 0.411
f1: 0.131
[[1843   71]
 [  81   15]]
acc: 0.924
f1: 0.165
1,55,coarse : 13.79 seconds
1,55,fine : 13.79 seconds
[[ 718 1196]
 [   6   90]]
acc: 0.402
f1: 0.130
[[1843   71]
 [  78   18]]
acc: 0.926
f1: 0.195
1,56,coarse : 14.51 seconds
1,56,fine : 14.52 seconds
[[ 692 1222]
 [   5   91]]
acc: 0.390
f1: 0.129
[[1842   72]
 [  77   19]]
acc: 0.926
f1: 0.203
1,57,coarse : 14.7 seconds
1,57,fine : 14.7 seconds
[[ 765 1149]
 [   7   89]]
acc: 0.425
f1: 0.133
[[1842   72]
 [  77   19]]
acc: 0.926
f1: 0.203
1,58,coarse : 15.01 seconds
1,58,fine : 15.02 seconds
[[ 731 1183]
 [   6   90]]
acc: 0.408
f1: 0.131
[[1841   73]
 [  76   20]]
acc: 0.926
f1: 0.212
1,59,coarse : 15.52 seconds
1,59,fine : 15.53 seconds
[[ 676 1238]
 [   4   92]]
acc: 0.382
f1: 0.129
[[1840   74]
 [  75   21]]
acc: 0.926
f1: 0.220
1,60,coarse : 15.31 seconds
1,60,fine : 15.32 seconds
[[ 774 1140]
 [   6   90]]
acc: 0.430
f1: 0.136
[[1842   72]
 [  78   18]]
acc: 0.925
f1: 0.194
1,61,coarse : 15.66 seconds
1,61,fine : 15.67 seconds
[[944 970]
 [  8  88]]
acc: 0.513
f1: 0.153
[[1842   72]
 [  77   19]]
acc: 0.926
f1: 0.203
1,62,coarse : 16.27 seconds
1,62,fine : 16.28 seconds
[[959 955]
 [  8  88]]
acc: 0.521
f1: 0.155
[[1842   72]
 [  72   24]]
acc: 0.928
f1: 0.250
1,63,coarse : 15.85 seconds
1,63,fine : 15.86 seconds
[[1294  620]
 [  10   86]]
acc: 0.687
f1: 0.214
[[1842   72]
 [  72   24]]
acc: 0.928
f1: 0.250
1,64,coarse : 16.19 seconds
1,64,fine : 16.2 seconds
[[1374  540]
 [  12   84]]
acc: 0.725
f1: 0.233
[[1846   68]
 [  73   23]]
acc: 0.930
f1: 0.246
1,65,coarse : 15.97 seconds
1,65,fine : 15.98 seconds
[[1397  517]
 [  13   83]]
acc: 0.736
f1: 0.239
[[1842   72]
 [  71   25]]
acc: 0.929
f1: 0.259
1,66,coarse : 16.29 seconds
1,66,fine : 16.3 seconds
[[1257  657]
 [  10   86]]
acc: 0.668
f1: 0.205
[[1840   74]
 [  71   25]]
acc: 0.928
f1: 0.256
1,67,coarse : 16.53 seconds
1,67,fine : 16.54 seconds
[[1267  647]
 [  10   86]]
acc: 0.673
f1: 0.207
[[1840   74]
 [  73   23]]
acc: 0.927
f1: 0.238
1,68,coarse : 16.85 seconds
1,68,fine : 16.86 seconds
[[1256  658]
 [  11   85]]
acc: 0.667
f1: 0.203
[[1839   75]
 [  73   23]]
acc: 0.926
f1: 0.237
1,69,coarse : 17.41 seconds
1,69,fine : 17.42 seconds
[[1277  637]
 [  11   85]]
acc: 0.678
f1: 0.208
[[1841   73]
 [  74   22]]
acc: 0.927
f1: 0.230
1,70,coarse : 17.6 seconds
1,70,fine : 17.61 seconds
[[1326  588]
 [  10   86]]
acc: 0.702
f1: 0.223
[[1840   74]
 [  72   24]]
acc: 0.927
f1: 0.247
1,71,coarse : 17.47 seconds
1,71,fine : 17.48 seconds
[[1319  595]
 [  11   85]]
acc: 0.699
f1: 0.219
[[1840   74]
 [  72   24]]
acc: 0.927
f1: 0.247
1,72,coarse : 17.14 seconds
1,72,fine : 17.15 seconds
[[1323  591]
 [  12   84]]
acc: 0.700
f1: 0.218
[[1843   71]
 [  72   24]]
acc: 0.929
f1: 0.251
1,73,coarse : 17.5 seconds
1,73,fine : 17.51 seconds
[[1327  587]
 [  11   85]]
acc: 0.702
f1: 0.221
[[1843   71]
 [  72   24]]
acc: 0.929
f1: 0.251
1,74,coarse : 17.75 seconds
1,74,fine : 17.76 seconds
[[1384  530]
 [  12   84]]
acc: 0.730
f1: 0.237
[[1834   80]
 [  65   31]]
acc: 0.928
f1: 0.300
1,75,coarse : 17.76 seconds
1,75,fine : 17.77 seconds
[[1407  507]
 [  12   84]]
acc: 0.742
f1: 0.245
[[1834   80]
 [  64   32]]
acc: 0.928
f1: 0.308
1,76,coarse : 18.13 seconds
1,76,fine : 18.14 seconds
[[1443  471]
 [  12   84]]
acc: 0.760
f1: 0.258
[[1836   78]
 [  65   31]]
acc: 0.929
f1: 0.302
1,77,coarse : 17.68 seconds
1,77,fine : 17.69 seconds
[[1277  637]
 [  11   85]]
acc: 0.678
f1: 0.208
[[1837   77]
 [  68   28]]
acc: 0.928
f1: 0.279
1,78,coarse : 17.7 seconds
1,78,fine : 17.71 seconds
[[1306  608]
 [  11   85]]
acc: 0.692
f1: 0.215
[[1838   76]
 [  68   28]]
acc: 0.928
f1: 0.280
1,79,coarse : 18.61 seconds
1,79,fine : 18.62 seconds
[[1241  673]
 [  10   86]]
acc: 0.660
f1: 0.201
[[1834   80]
 [  66   30]]
acc: 0.927
f1: 0.291
1,80,coarse : 18.84 seconds
1,80,fine : 18.85 seconds
[[1225  689]
 [  10   86]]
acc: 0.652
f1: 0.197
[[1835   79]
 [  67   29]]
acc: 0.927
f1: 0.284
1,81,coarse : 19.62 seconds
1,81,fine : 19.63 seconds
[[1180  734]
 [  10   86]]
acc: 0.630
f1: 0.188
[[1832   82]
 [  66   30]]
acc: 0.926
f1: 0.288
1,82,coarse : 20.24 seconds
1,82,fine : 20.25 seconds
[[1176  738]
 [  10   86]]
acc: 0.628
f1: 0.187
[[1826   88]
 [  64   32]]
acc: 0.924
f1: 0.296
1,83,coarse : 19.88 seconds
1,83,fine : 19.89 seconds
[[1184  730]
 [  11   85]]
acc: 0.631
f1: 0.187
[[1826   88]
 [  62   34]]
acc: 0.925
f1: 0.312
1,84,coarse : 20.11 seconds
1,84,fine : 20.12 seconds
[[1136  778]
 [  10   86]]
acc: 0.608
f1: 0.179
[[1823   91]
 [  62   34]]
acc: 0.924
f1: 0.308
1,85,coarse : 20.1 seconds
1,85,fine : 20.11 seconds
[[1040  874]
 [   9   87]]
acc: 0.561
f1: 0.165
[[1822   92]
 [  61   35]]
acc: 0.924
f1: 0.314
1,86,coarse : 21.19 seconds
1,86,fine : 21.2 seconds
[[1016  898]
 [   9   87]]
acc: 0.549
f1: 0.161
[[1826   88]
 [  64   32]]
acc: 0.924
f1: 0.296
1,87,coarse : 21.82 seconds
1,87,fine : 21.83 seconds
[[1021  893]
 [   9   87]]
acc: 0.551
f1: 0.162
[[1822   92]
 [  70   26]]
acc: 0.919
f1: 0.243
1,88,coarse : 21.48 seconds
1,88,fine : 21.49 seconds
[[1055  859]
 [  10   86]]
acc: 0.568
f1: 0.165
[[1827   87]
 [  72   24]]
acc: 0.921
f1: 0.232
1,89,coarse : 22.35 seconds
1,89,fine : 22.36 seconds
[[1131  783]
 [  10   86]]
acc: 0.605
f1: 0.178
[[1818   96]
 [  70   26]]
acc: 0.917
f1: 0.239
1,90,coarse : 22.35 seconds
1,90,fine : 22.37 seconds
[[1087  827]
 [  10   86]]
acc: 0.584
f1: 0.170
[[1816   98]
 [  70   26]]
acc: 0.916
f1: 0.236
1,91,coarse : 21.82 seconds
1,91,fine : 21.83 seconds
[[1081  833]
 [  10   86]]
acc: 0.581
f1: 0.169
[[1819   95]
 [  72   24]]
acc: 0.917
f1: 0.223
1,92,coarse : 22.45 seconds
1,92,fine : 22.46 seconds
[[1055  859]
 [  10   86]]
acc: 0.568
f1: 0.165
[[1821   93]
 [  73   23]]
acc: 0.917
f1: 0.217
1,93,coarse : 22.76 seconds
1,93,fine : 22.78 seconds
[[1062  852]
 [  10   86]]
acc: 0.571
f1: 0.166
[[1821   93]
 [  73   23]]
acc: 0.917
f1: 0.217
1,94,coarse : 22.67 seconds
1,94,fine : 22.69 seconds
[[1071  843]
 [  10   86]]
acc: 0.576
f1: 0.168
[[1817   97]
 [  71   25]]
acc: 0.916
f1: 0.229
1,95,coarse : 22.63 seconds
1,95,fine : 22.64 seconds
[[1088  826]
 [  10   86]]
acc: 0.584
f1: 0.171
[[1817   97]
 [  71   25]]
acc: 0.916
f1: 0.229
1,96,coarse : 23.15 seconds
1,96,fine : 23.16 seconds
[[1039  875]
 [  10   86]]
acc: 0.560
f1: 0.163
[[1817   97]
 [  70   26]]
acc: 0.917
f1: 0.237
1,97,coarse : 24.56 seconds
1,97,fine : 24.57 seconds
[[1017  897]
 [   9   87]]
acc: 0.549
f1: 0.161
[[1817   97]
 [  71   25]]
acc: 0.916
f1: 0.229
1,98,coarse : 25.04 seconds
1,98,fine : 25.05 seconds
[[1020  894]
 [   9   87]]
acc: 0.551
f1: 0.162
[[1812  102]
 [  69   27]]
acc: 0.915
f1: 0.240
1,99,coarse : 25.29 seconds
1,99,fine : 25.31 seconds
[[1025  889]
 [   9   87]]
acc: 0.553
f1: 0.162
[[1816   98]
 [  71   25]]
acc: 0.916
f1: 0.228
1,100,coarse : 27.81 seconds
1,100,fine : 27.82 seconds
[[1016  898]
 [   9   87]]
acc: 0.549
f1: 0.161
[[1817   97]
 [  70   26]]
acc: 0.917
f1: 0.237
1,101,coarse : 24.02 seconds
1,101,fine : 24.03 seconds
[[938 976]
 [  8  88]]
acc: 0.510
f1: 0.152
[[1816   98]
 [  65   31]]
acc: 0.919
f1: 0.276
1,102,coarse : 23.97 seconds
1,102,fine : 23.98 seconds
[[932 982]
 [  8  88]]
acc: 0.507
f1: 0.151
[[1824   90]
 [  69   27]]
acc: 0.921
f1: 0.254
1,103,coarse : 24.84 seconds
1,103,fine : 24.85 seconds
[[969 945]
 [  9  87]]
acc: 0.525
f1: 0.154
[[1823   91]
 [  69   27]]
acc: 0.920
f1: 0.252
1,104,coarse : 25.69 seconds
1,104,fine : 25.7 seconds
[[959 955]
 [  9  87]]
acc: 0.520
f1: 0.153
[[1824   90]
 [  68   28]]
acc: 0.921
f1: 0.262
1,105,coarse : 25.3 seconds
1,105,fine : 25.31 seconds
[[963 951]
 [  8  88]]
acc: 0.523
f1: 0.155
[[1826   88]
 [  69   27]]
acc: 0.922
f1: 0.256
1,106,coarse : 27.21 seconds
1,106,fine : 27.22 seconds
[[973 941]
 [  8  88]]
acc: 0.528
f1: 0.156
[[1823   91]
 [  67   29]]
acc: 0.921
f1: 0.269
1,107,coarse : 26.38 seconds
1,107,fine : 26.39 seconds
[[963 951]
 [  8  88]]
acc: 0.523
f1: 0.155
[[1822   92]
 [  67   29]]
acc: 0.921
f1: 0.267
1,108,coarse : 26.48 seconds
1,108,fine : 26.49 seconds
[[952 962]
 [  8  88]]
acc: 0.517
f1: 0.154
[[1823   91]
 [  67   29]]
acc: 0.921
f1: 0.269
1,109,coarse : 26.87 seconds
1,109,fine : 26.89 seconds
[[943 971]
 [  8  88]]
acc: 0.513
f1: 0.152
[[1823   91]
 [  67   29]]
acc: 0.921
f1: 0.269
1,110,coarse : 26.59 seconds
1,110,fine : 26.6 seconds
[[960 954]
 [  8  88]]
acc: 0.521
f1: 0.155
[[1821   93]
 [  67   29]]
acc: 0.920
f1: 0.266
1,111,coarse : 26.78 seconds
1,111,fine : 26.79 seconds
[[920 994]
 [  8  88]]
acc: 0.501
f1: 0.149
[[1824   90]
 [  67   29]]
acc: 0.922
f1: 0.270
1,112,coarse : 27.2 seconds
1,112,fine : 27.22 seconds
[[921 993]
 [  8  88]]
acc: 0.502
f1: 0.150
[[1782  132]
 [  55   41]]
acc: 0.907
f1: 0.305
1,113,coarse : 28.43 seconds
1,113,fine : 28.45 seconds
[[ 866 1048]
 [   8   88]]
acc: 0.475
f1: 0.143
[[1781  133]
 [  55   41]]
acc: 0.906
f1: 0.304
1,114,coarse : 28.31 seconds
1,114,fine : 28.32 seconds
[[ 869 1045]
 [   8   88]]
acc: 0.476
f1: 0.143
[[1775  139]
 [  52   44]]
acc: 0.905
f1: 0.315
1,115,coarse : 27.83 seconds
1,115,fine : 27.84 seconds
[[ 877 1037]
 [   8   88]]
acc: 0.480
f1: 0.144
[[1763  151]
 [  52   44]]
acc: 0.899
f1: 0.302
1,116,coarse : 28.86 seconds
1,116,fine : 28.88 seconds
[[ 886 1028]
 [   8   88]]
acc: 0.485
f1: 0.145
[[1766  148]
 [  52   44]]
acc: 0.900
f1: 0.306
1,117,coarse : 28.85 seconds
1,117,fine : 28.86 seconds
[[ 867 1047]
 [   8   88]]
acc: 0.475
f1: 0.143
[[1783  131]
 [  58   38]]
acc: 0.906
f1: 0.287
1,118,coarse : 29.32 seconds
1,118,fine : 29.33 seconds
[[ 849 1065]
 [   8   88]]
acc: 0.466
f1: 0.141
[[1781  133]
 [  58   38]]
acc: 0.905
f1: 0.285
1,119,coarse : 29.63 seconds
1,119,fine : 29.65 seconds
[[ 834 1080]
 [   8   88]]
acc: 0.459
f1: 0.139
[[1781  133]
 [  59   37]]
acc: 0.904
f1: 0.278
1,120,coarse : 31.99 seconds
1,120,fine : 32.0 seconds
[[ 887 1027]
 [   8   88]]
acc: 0.485
f1: 0.145
[[1787  127]
 [  59   37]]
acc: 0.907
f1: 0.285
1,121,coarse : 35.43 seconds
1,121,fine : 35.44 seconds
[[ 911 1003]
 [   8   88]]
acc: 0.497
f1: 0.148
[[1785  129]
 [  57   39]]
acc: 0.907
f1: 0.295
1,122,coarse : 30.08 seconds
1,122,fine : 30.09 seconds
[[ 903 1011]
 [   8   88]]
acc: 0.493
f1: 0.147
[[1789  125]
 [  60   36]]
acc: 0.908
f1: 0.280
1,123,coarse : 30.44 seconds
1,123,fine : 30.46 seconds
[[ 863 1051]
 [   8   88]]
acc: 0.473
f1: 0.143
[[1788  126]
 [  58   38]]
acc: 0.908
f1: 0.292
1,124,coarse : 30.61 seconds
1,124,fine : 30.63 seconds
[[ 895 1019]
 [   8   88]]
acc: 0.489
f1: 0.146
[[1787  127]
 [  57   39]]
acc: 0.908
f1: 0.298
1,125,coarse : 30.94 seconds
1,125,fine : 30.96 seconds
[[939 975]
 [  9  87]]
acc: 0.510
f1: 0.150
[[1787  127]
 [  60   36]]
acc: 0.907
f1: 0.278
1,126,coarse : 30.94 seconds
1,126,fine : 30.95 seconds
[[ 901 1013]
 [   8   88]]
acc: 0.492
f1: 0.147
[[1790  124]
 [  61   35]]
acc: 0.908
f1: 0.275
1,127,coarse : 31.76 seconds
1,127,fine : 31.78 seconds
[[ 899 1015]
 [   8   88]]
acc: 0.491
f1: 0.147
[[1794  120]
 [  61   35]]
acc: 0.910
f1: 0.279
1,128,coarse : 33.44 seconds
1,128,fine : 33.45 seconds
[[ 899 1015]
 [   8   88]]
acc: 0.491
f1: 0.147
[[1794  120]
 [  61   35]]
acc: 0.910
f1: 0.279
1,129,coarse : 32.52 seconds
1,129,fine : 32.53 seconds
[[ 894 1020]
 [   8   88]]
acc: 0.489
f1: 0.146
[[1794  120]
 [  61   35]]
acc: 0.910
f1: 0.279
1,130,coarse : 33.39 seconds
1,130,fine : 33.41 seconds
[[ 886 1028]
 [   8   88]]
acc: 0.485
f1: 0.145
[[1792  122]
 [  62   34]]
acc: 0.908
f1: 0.270
1,131,coarse : 33.33 seconds
1,131,fine : 33.35 seconds
[[ 882 1032]
 [   8   88]]
acc: 0.483
f1: 0.145
[[1793  121]
 [  64   32]]
acc: 0.908
f1: 0.257
1,132,coarse : 33.13 seconds
1,132,fine : 33.14 seconds
[[968 946]
 [  9  87]]
acc: 0.525
f1: 0.154
[[1794  120]
 [  63   33]]
acc: 0.909
f1: 0.265
1,133,coarse : 35.01 seconds
1,133,fine : 35.03 seconds
[[966 948]
 [  9  87]]
acc: 0.524
f1: 0.154
[[1794  120]
 [  63   33]]
acc: 0.909
f1: 0.265
1,134,coarse : 34.2 seconds
1,134,fine : 34.22 seconds
[[972 942]
 [  9  87]]
acc: 0.527
f1: 0.155
[[1801  113]
 [  69   27]]
acc: 0.909
f1: 0.229
1,135,coarse : 34.24 seconds
1,135,fine : 34.26 seconds
[[997 917]
 [  9  87]]
acc: 0.539
f1: 0.158
[[1802  112]
 [  69   27]]
acc: 0.910
f1: 0.230
1,136,coarse : 34.84 seconds
1,136,fine : 34.86 seconds
[[1026  888]
 [   9   87]]
acc: 0.554
f1: 0.162
[[1802  112]
 [  69   27]]
acc: 0.910
f1: 0.230
1,137,coarse : 35.68 seconds
1,137,fine : 35.7 seconds
[[ 913 1001]
 [   7   89]]
acc: 0.499
f1: 0.150
[[1803  111]
 [  69   27]]
acc: 0.910
f1: 0.231
1,138,coarse : 36.69 seconds
1,138,fine : 36.7 seconds
[[932 982]
 [  8  88]]
acc: 0.507
f1: 0.151
[[1804  110]
 [  70   26]]
acc: 0.910
f1: 0.224
1,139,coarse : 34.84 seconds
1,139,fine : 34.86 seconds
[[923 991]
 [  7  89]]
acc: 0.503
f1: 0.151
[[1803  111]
 [  70   26]]
acc: 0.910
f1: 0.223
1,140,coarse : 35.29 seconds
1,140,fine : 35.3 seconds
[[922 992]
 [  7  89]]
acc: 0.503
f1: 0.151
[[1803  111]
 [  69   27]]
acc: 0.910
f1: 0.231
1,141,coarse : 37.23 seconds
1,141,fine : 37.25 seconds
[[ 881 1033]
 [   7   89]]
acc: 0.483
f1: 0.146
[[1801  113]
 [  69   27]]
acc: 0.909
f1: 0.229
1,142,coarse : 38.31 seconds
1,142,fine : 38.33 seconds
[[ 847 1067]
 [   7   89]]
acc: 0.466
f1: 0.142
[[1802  112]
 [  69   27]]
acc: 0.910
f1: 0.230
1,143,coarse : 38.41 seconds
1,143,fine : 38.43 seconds
[[ 836 1078]
 [   7   89]]
acc: 0.460
f1: 0.141
[[1801  113]
 [  68   28]]
acc: 0.910
f1: 0.236
1,144,coarse : 38.98 seconds
1,144,fine : 38.99 seconds
[[ 812 1102]
 [   6   90]]
acc: 0.449
f1: 0.140
[[1803  111]
 [  70   26]]
acc: 0.910
f1: 0.223
1,145,coarse : 35.54 seconds
1,145,fine : 35.55 seconds
[[ 803 1111]
 [   6   90]]
acc: 0.444
f1: 0.139
[[1803  111]
 [  70   26]]
acc: 0.910
f1: 0.223
1,146,coarse : 36.95 seconds
1,146,fine : 36.96 seconds
[[ 818 1096]
 [   6   90]]
acc: 0.452
f1: 0.140
[[1801  113]
 [  66   30]]
acc: 0.911
f1: 0.251
1,147,coarse : 37.24 seconds
1,147,fine : 37.25 seconds
[[ 821 1093]
 [   6   90]]
acc: 0.453
f1: 0.141
[[1801  113]
 [  66   30]]
acc: 0.911
f1: 0.251
1,148,coarse : 36.4 seconds
1,148,fine : 36.42 seconds
[[ 832 1082]
 [   6   90]]
acc: 0.459
f1: 0.142
[[1803  111]
 [  69   27]]
acc: 0.910
f1: 0.231
1,149,coarse : 37.25 seconds
1,149,fine : 37.27 seconds
[[ 807 1107]
 [   6   90]]
acc: 0.446
f1: 0.139
[[1795  119]
 [  66   30]]
acc: 0.908
f1: 0.245
1,150,coarse : 39.7 seconds
1,150,fine : 39.72 seconds
[[ 775 1139]
 [   5   91]]
acc: 0.431
f1: 0.137
[[1803  111]
 [  72   24]]
acc: 0.909
f1: 0.208
1,151,coarse : 38.09 seconds
1,151,fine : 38.11 seconds
[[ 829 1085]
 [   6   90]]
acc: 0.457
f1: 0.142
[[1806  108]
 [  71   25]]
acc: 0.911
f1: 0.218
1,152,coarse : 37.64 seconds
1,152,fine : 37.66 seconds
[[ 820 1094]
 [   6   90]]
acc: 0.453
f1: 0.141
[[1805  109]
 [  71   25]]
acc: 0.910
f1: 0.217
1,153,coarse : 38.09 seconds
1,153,fine : 38.1 seconds
[[ 836 1078]
 [   7   89]]
acc: 0.460
f1: 0.141
[[1805  109]
 [  71   25]]
acc: 0.910
f1: 0.217
1,154,coarse : 38.19 seconds
1,154,fine : 38.21 seconds
[[ 845 1069]
 [   7   89]]
acc: 0.465
f1: 0.142
[[1805  109]
 [  71   25]]
acc: 0.910
f1: 0.217
1,155,coarse : 39.86 seconds
1,155,fine : 39.88 seconds
[[ 812 1102]
 [   6   90]]
acc: 0.449
f1: 0.140
[[1805  109]
 [  71   25]]
acc: 0.910
f1: 0.217
1,156,coarse : 38.65 seconds
1,156,fine : 38.67 seconds
[[ 818 1096]
 [   7   89]]
acc: 0.451
f1: 0.139
[[1801  113]
 [  71   25]]
acc: 0.908
f1: 0.214
1,157,coarse : 39.28 seconds
1,157,fine : 39.3 seconds
[[ 832 1082]
 [   7   89]]
acc: 0.458
f1: 0.140
[[1802  112]
 [  71   25]]
acc: 0.909
f1: 0.215
1,158,coarse : 39.64 seconds
1,158,fine : 39.66 seconds
[[ 835 1079]
 [   7   89]]
acc: 0.460
f1: 0.141
[[1801  113]
 [  69   27]]
acc: 0.909
f1: 0.229
1,159,coarse : 41.25 seconds
1,159,fine : 41.27 seconds
[[ 892 1022]
 [   7   89]]
acc: 0.488
f1: 0.147
[[1801  113]
 [  67   29]]
acc: 0.910
f1: 0.244
1,160,coarse : 39.88 seconds
1,160,fine : 39.9 seconds
[[949 965]
 [  7  89]]
acc: 0.516
f1: 0.155
[[1802  112]
 [  67   29]]
acc: 0.911
f1: 0.245
1,161,coarse : 40.75 seconds
1,161,fine : 40.77 seconds
[[984 930]
 [  9  87]]
acc: 0.533
f1: 0.156
[[1801  113]
 [  66   30]]
acc: 0.911
f1: 0.251
1,162,coarse : 42.11 seconds
1,162,fine : 42.12 seconds
[[980 934]
 [  8  88]]
acc: 0.531
f1: 0.157
[[1799  115]
 [  66   30]]
acc: 0.910
f1: 0.249
1,163,coarse : 41.66 seconds
1,163,fine : 41.68 seconds
[[970 944]
 [  7  89]]
acc: 0.527
f1: 0.158
[[1798  116]
 [  65   31]]
acc: 0.910
f1: 0.255
1,164,coarse : 42.0 seconds
1,164,fine : 42.02 seconds
[[969 945]
 [  7  89]]
acc: 0.526
f1: 0.158
[[1797  117]
 [  65   31]]
acc: 0.909
f1: 0.254
1,165,coarse : 41.16 seconds
1,165,fine : 41.17 seconds
[[962 952]
 [  7  89]]
acc: 0.523
f1: 0.157
[[1796  118]
 [  66   30]]
acc: 0.908
f1: 0.246
1,166,coarse : 40.54 seconds
1,166,fine : 40.56 seconds
[[953 961]
 [  7  89]]
acc: 0.518
f1: 0.155
[[1801  113]
 [  65   31]]
acc: 0.911
f1: 0.258
1,167,coarse : 42.3 seconds
1,167,fine : 42.32 seconds
[[ 907 1007]
 [   7   89]]
acc: 0.496
f1: 0.149
[[1802  112]
 [  66   30]]
acc: 0.911
f1: 0.252
1,168,coarse : 42.89 seconds
1,168,fine : 42.91 seconds
[[1855   59]
 [  64   32]]
acc: 0.939
f1: 0.342
[[1828   86]
 [  68   28]]
acc: 0.923
f1: 0.267
1,169,coarse : 44.13 seconds
1,169,fine : 44.15 seconds
[[1867   47]
 [  69   27]]
acc: 0.942
f1: 0.318
[[1828   86]
 [  68   28]]
acc: 0.923
f1: 0.267
1,170,coarse : 43.58 seconds
1,170,fine : 43.6 seconds
[[1870   44]
 [  69   27]]
acc: 0.944
f1: 0.323
[[1829   85]
 [  68   28]]
acc: 0.924
f1: 0.268
1,171,coarse : 42.4 seconds
1,171,fine : 42.42 seconds
[[1858   56]
 [  65   31]]
acc: 0.940
f1: 0.339
[[1831   83]
 [  68   28]]
acc: 0.925
f1: 0.271
1,172,coarse : 44.79 seconds
1,172,fine : 44.81 seconds
