all           0      1    2    3    4    5    6    7    8    
1      2010   1914   1    19   32   19   1    11   6    7    
2      2010   1914   1    19   32   19   1    11   6    7    
3      2010   1914   1    19   32   19   1    11   5    8    
4      2010   1914   1    19   32   19   1    10   6    8    
5      2010   1914   1    18   33   19   1    10   6    8    
6      2010   1914   1    18   33   19   1    10   6    8    
7      2010   1913   2    18   33   19   1    10   6    8    
8      2010   1913   2    18   33   19   1    10   6    8    
9      2009   1913   2    18   32   19   2    10   6    7    
10     2009   1913   1    19   32   19   1    11   6    7    
Total  20098  19136  13   185  324  190  11   104  59   76   
train         0      1    2    3    4    5    6    7    8    
1      2010   1914   1    19   32   19   1    11   6    7    
3      2010   1914   1    19   32   19   1    11   5    8    
4      2010   1914   1    19   32   19   1    10   6    8    
5      2010   1914   1    18   33   19   1    10   6    8    
6      2010   1914   1    18   33   19   1    10   6    8    
7      2010   1913   2    18   33   19   1    10   6    8    
8      2010   1913   2    18   33   19   1    10   6    8    
9      2009   1913   2    18   32   19   2    10   6    7    
10     2009   1913   1    19   32   19   1    11   6    7    
Total  18088  17222  12   166  292  171  10   93   53   69   
test          0      1    2    3    4    5    6    7    8    
2      2010   1914   1    19   32   19   1    11   6    7    
Total  2010   1914   1    19   32   19   1    11   6    7    
Classes             
0         17222     
1         12        
2         166       
3         292       
4         171       
5         10        
6         93        
7         53        
8         69        
Total     18088     

Shape: 450       

[952, 10, 11, 16, 11, 10, 10, 10, 10]
Sum start => 1040
[[1340  574]
 [  20   76]]
acc: 0.704
f1: 0.204
[[1872   42]
 [  85   11]]
acc: 0.937
f1: 0.148
2,1,coarse : 39.3 seconds
2,1,fine : 39.31 seconds
[[1340  574]
 [  20   76]]
acc: 0.704
f1: 0.204
[[1872   42]
 [  85   11]]
acc: 0.937
f1: 0.148
2,2,coarse : 40.81 seconds
2,2,fine : 40.82 seconds
[[1309  605]
 [  18   78]]
acc: 0.690
f1: 0.200
[[1834   80]
 [  76   20]]
acc: 0.922
f1: 0.204
2,3,coarse : 40.22 seconds
2,3,fine : 40.23 seconds
[[1371  543]
 [  21   75]]
acc: 0.719
f1: 0.210
[[1836   78]
 [  80   16]]
acc: 0.921
f1: 0.168
2,4,coarse : 39.47 seconds
2,4,fine : 39.48 seconds
[[1332  582]
 [  21   75]]
acc: 0.700
f1: 0.199
[[1824   90]
 [  75   21]]
acc: 0.918
f1: 0.203
2,5,coarse : 39.33 seconds
2,5,fine : 39.33 seconds
[[1310  604]
 [  21   75]]
acc: 0.689
f1: 0.194
[[1823   91]
 [  74   22]]
acc: 0.918
f1: 0.211
2,6,coarse : 38.46 seconds
2,6,fine : 38.46 seconds
[[1350  564]
 [  23   73]]
acc: 0.708
f1: 0.199
[[1817   97]
 [  71   25]]
acc: 0.916
f1: 0.229
2,7,coarse : 39.59 seconds
2,7,fine : 39.59 seconds
[[1200  714]
 [  17   79]]
acc: 0.636
f1: 0.178
[[1812  102]
 [  70   26]]
acc: 0.914
f1: 0.232
2,8,coarse : 39.73 seconds
2,8,fine : 39.73 seconds
[[1058  856]
 [  15   81]]
acc: 0.567
f1: 0.157
[[1779  135]
 [  61   35]]
acc: 0.902
f1: 0.263
2,9,coarse : 38.35 seconds
2,9,fine : 38.36 seconds
[[1050  864]
 [  15   81]]
acc: 0.563
f1: 0.156
[[1785  129]
 [  61   35]]
acc: 0.905
f1: 0.269
2,10,coarse : 38.25 seconds
2,10,fine : 38.25 seconds
[[995 919]
 [ 14  82]]
acc: 0.536
f1: 0.149
[[1773  141]
 [  58   38]]
acc: 0.901
f1: 0.276
2,11,coarse : 39.62 seconds
2,11,fine : 39.62 seconds
[[ 837 1077]
 [  10   86]]
acc: 0.459
f1: 0.137
[[1782  132]
 [  59   37]]
acc: 0.905
f1: 0.279
2,12,coarse : 38.03 seconds
2,12,fine : 38.04 seconds
[[ 886 1028]
 [  10   86]]
acc: 0.484
f1: 0.142
[[1767  147]
 [  57   39]]
acc: 0.899
f1: 0.277
2,13,coarse : 38.44 seconds
2,13,fine : 38.44 seconds
[[988 926]
 [ 14  82]]
acc: 0.532
f1: 0.149
[[1777  137]
 [  61   35]]
acc: 0.901
f1: 0.261
2,14,coarse : 39.22 seconds
2,14,fine : 39.25 seconds
[[972 942]
 [ 10  86]]
acc: 0.526
f1: 0.153
[[1786  128]
 [  63   33]]
acc: 0.905
f1: 0.257
2,15,coarse : 38.07 seconds
2,15,fine : 38.08 seconds
[[ 884 1030]
 [   9   87]]
acc: 0.483
f1: 0.143
[[1567  347]
 [  39   57]]
acc: 0.808
f1: 0.228
2,16,coarse : 38.13 seconds
2,16,fine : 38.14 seconds
[[ 821 1093]
 [   9   87]]
acc: 0.452
f1: 0.136
[[1487  427]
 [  33   63]]
acc: 0.771
f1: 0.215
2,17,coarse : 40.63 seconds
2,17,fine : 40.63 seconds
[[ 787 1127]
 [   9   87]]
acc: 0.435
f1: 0.133
[[1479  435]
 [  30   66]]
acc: 0.769
f1: 0.221
2,18,coarse : 38.36 seconds
2,18,fine : 38.36 seconds
[[ 746 1168]
 [   8   88]]
acc: 0.415
f1: 0.130
[[1530  384]
 [  33   63]]
acc: 0.793
f1: 0.232
2,19,coarse : 37.98 seconds
2,19,fine : 37.98 seconds
[[ 828 1086]
 [   9   87]]
acc: 0.455
f1: 0.137
[[1511  403]
 [  32   64]]
acc: 0.784
f1: 0.227
2,20,coarse : 39.06 seconds
2,20,fine : 39.06 seconds
[[ 701 1213]
 [   6   90]]
acc: 0.394
f1: 0.129
[[1509  405]
 [  30   66]]
acc: 0.784
f1: 0.233
2,21,coarse : 39.1 seconds
2,21,fine : 39.1 seconds
[[ 744 1170]
 [   8   88]]
acc: 0.414
f1: 0.130
[[1534  380]
 [  32   64]]
acc: 0.795
f1: 0.237
2,22,coarse : 39.98 seconds
2,22,fine : 39.98 seconds
[[ 729 1185]
 [   7   89]]
acc: 0.407
f1: 0.130
[[1532  382]
 [  32   64]]
acc: 0.794
f1: 0.236
2,23,coarse : 40.49 seconds
2,23,fine : 40.51 seconds
[[ 805 1109]
 [   9   87]]
acc: 0.444
f1: 0.135
[[1524  390]
 [  31   65]]
acc: 0.791
f1: 0.236
2,24,coarse : 38.59 seconds
2,24,fine : 38.6 seconds
[[ 764 1150]
 [   8   88]]
acc: 0.424
f1: 0.132
[[1527  387]
 [  32   64]]
acc: 0.792
f1: 0.234
2,25,coarse : 38.24 seconds
2,25,fine : 38.25 seconds
[[ 750 1164]
 [   8   88]]
acc: 0.417
f1: 0.131
[[1496  418]
 [  30   66]]
acc: 0.777
f1: 0.228
2,26,coarse : 39.39 seconds
2,26,fine : 39.4 seconds
[[ 797 1117]
 [   7   89]]
acc: 0.441
f1: 0.137
[[1508  406]
 [  31   65]]
acc: 0.783
f1: 0.229
2,27,coarse : 38.79 seconds
2,27,fine : 38.8 seconds
[[ 800 1114]
 [   7   89]]
acc: 0.442
f1: 0.137
[[1510  404]
 [  31   65]]
acc: 0.784
f1: 0.230
2,28,coarse : 39.02 seconds
2,28,fine : 39.02 seconds
[[ 805 1109]
 [   7   89]]
acc: 0.445
f1: 0.138
[[1555  359]
 [  32   64]]
acc: 0.805
f1: 0.247
2,29,coarse : 39.6 seconds
2,29,fine : 39.6 seconds
[[ 811 1103]
 [   7   89]]
acc: 0.448
f1: 0.138
[[1549  365]
 [  32   64]]
acc: 0.802
f1: 0.244
2,30,coarse : 38.66 seconds
2,30,fine : 38.66 seconds
[[ 833 1081]
 [   8   88]]
acc: 0.458
f1: 0.139
[[1522  392]
 [  31   65]]
acc: 0.790
f1: 0.235
2,31,coarse : 38.55 seconds
2,31,fine : 38.56 seconds
[[ 826 1088]
 [   8   88]]
acc: 0.455
f1: 0.138
[[1520  394]
 [  31   65]]
acc: 0.789
f1: 0.234
2,32,coarse : 38.35 seconds
2,32,fine : 38.36 seconds
[[ 773 1141]
 [   8   88]]
acc: 0.428
f1: 0.133
[[1533  381]
 [  31   65]]
acc: 0.795
f1: 0.240
2,33,coarse : 39.25 seconds
2,33,fine : 39.25 seconds
[[ 795 1119]
 [   8   88]]
acc: 0.439
f1: 0.135
[[1306  608]
 [  26   70]]
acc: 0.685
f1: 0.181
2,34,coarse : 38.02 seconds
2,34,fine : 38.02 seconds
[[ 775 1139]
 [   8   88]]
acc: 0.429
f1: 0.133
[[1294  620]
 [  26   70]]
acc: 0.679
f1: 0.178
2,35,coarse : 37.98 seconds
2,35,fine : 37.99 seconds
[[ 870 1044]
 [   8   88]]
acc: 0.477
f1: 0.143
[[1265  649]
 [  24   72]]
acc: 0.665
f1: 0.176
2,36,coarse : 39.49 seconds
2,36,fine : 39.5 seconds
[[ 839 1075]
 [   8   88]]
acc: 0.461
f1: 0.140
[[1290  624]
 [  26   70]]
acc: 0.677
f1: 0.177
2,37,coarse : 38.8 seconds
2,37,fine : 38.8 seconds
[[ 746 1168]
 [   8   88]]
acc: 0.415
f1: 0.130
[[1286  628]
 [  26   70]]
acc: 0.675
f1: 0.176
2,38,coarse : 40.29 seconds
2,38,fine : 40.3 seconds
[[ 728 1186]
 [   8   88]]
acc: 0.406
f1: 0.128
[[1305  609]
 [  26   70]]
acc: 0.684
f1: 0.181
2,39,coarse : 38.73 seconds
2,39,fine : 38.73 seconds
[[ 723 1191]
 [   7   89]]
acc: 0.404
f1: 0.129
[[1339  575]
 [  28   68]]
acc: 0.700
f1: 0.184
2,40,coarse : 39.46 seconds
2,40,fine : 39.47 seconds
[[ 754 1160]
 [   8   88]]
acc: 0.419
f1: 0.131
[[1232  682]
 [  27   69]]
acc: 0.647
f1: 0.163
2,41,coarse : 38.33 seconds
2,41,fine : 38.34 seconds
[[ 851 1063]
 [  10   86]]
acc: 0.466
f1: 0.138
[[1292  622]
 [  28   68]]
acc: 0.677
f1: 0.173
2,42,coarse : 39.17 seconds
2,42,fine : 39.17 seconds
[[ 868 1046]
 [  10   86]]
acc: 0.475
f1: 0.140
[[1309  605]
 [  28   68]]
acc: 0.685
f1: 0.177
2,43,coarse : 39.67 seconds
2,43,fine : 39.68 seconds
[[ 899 1015]
 [  11   85]]
acc: 0.490
f1: 0.142
[[1300  614]
 [  28   68]]
acc: 0.681
f1: 0.175
2,44,coarse : 39.16 seconds
2,44,fine : 39.17 seconds
[[ 873 1041]
 [   9   87]]
acc: 0.478
f1: 0.142
[[1328  586]
 [  29   67]]
acc: 0.694
f1: 0.179
2,45,coarse : 39.81 seconds
2,45,fine : 39.82 seconds
[[920 994]
 [ 10  86]]
acc: 0.500
f1: 0.146
[[1354  560]
 [  29   67]]
acc: 0.707
f1: 0.185
2,46,coarse : 39.55 seconds
2,46,fine : 39.55 seconds
[[931 983]
 [ 11  85]]
acc: 0.505
f1: 0.146
[[1347  567]
 [  30   66]]
acc: 0.703
f1: 0.181
2,47,coarse : 39.22 seconds
2,47,fine : 39.23 seconds
[[969 945]
 [ 11  85]]
acc: 0.524
f1: 0.151
[[1350  564]
 [  30   66]]
acc: 0.704
f1: 0.182
2,48,coarse : 39.06 seconds
2,48,fine : 39.07 seconds
[[965 949]
 [ 12  84]]
acc: 0.522
f1: 0.149
[[1343  571]
 [  30   66]]
acc: 0.701
f1: 0.180
2,49,coarse : 40.57 seconds
2,49,fine : 40.58 seconds
[[978 936]
 [ 12  84]]
acc: 0.528
f1: 0.151
[[1331  583]
 [  30   66]]
acc: 0.695
f1: 0.177
2,50,coarse : 42.55 seconds
2,50,fine : 42.55 seconds
[[1141  773]
 [  13   83]]
acc: 0.609
f1: 0.174
[[1328  586]
 [  30   66]]
acc: 0.694
f1: 0.176
2,51,coarse : 39.6 seconds
2,51,fine : 39.61 seconds
[[1160  754]
 [  13   83]]
acc: 0.618
f1: 0.178
[[1321  593]
 [  30   66]]
acc: 0.690
f1: 0.175
2,52,coarse : 40.59 seconds
2,52,fine : 40.59 seconds
[[1136  778]
 [  13   83]]
acc: 0.606
f1: 0.173
[[1317  597]
 [  30   66]]
acc: 0.688
f1: 0.174
2,53,coarse : 39.5 seconds
2,53,fine : 39.51 seconds
[[1140  774]
 [  13   83]]
acc: 0.608
f1: 0.174
[[1313  601]
 [  30   66]]
acc: 0.686
f1: 0.173
2,54,coarse : 39.44 seconds
2,54,fine : 39.45 seconds
[[1157  757]
 [  14   82]]
acc: 0.616
f1: 0.175
[[1313  601]
 [  30   66]]
acc: 0.686
f1: 0.173
2,55,coarse : 41.38 seconds
2,55,fine : 41.38 seconds
[[1157  757]
 [  15   81]]
acc: 0.616
f1: 0.173
[[1297  617]
 [  30   66]]
acc: 0.678
f1: 0.169
2,56,coarse : 42.5 seconds
2,56,fine : 42.5 seconds
[[1153  761]
 [  14   82]]
acc: 0.614
f1: 0.175
[[1294  620]
 [  30   66]]
acc: 0.677
f1: 0.169
2,57,coarse : 41.9 seconds
2,57,fine : 41.91 seconds
[[1167  747]
 [  15   81]]
acc: 0.621
f1: 0.175
[[1288  626]
 [  30   66]]
acc: 0.674
f1: 0.168
2,58,coarse : 40.42 seconds
2,58,fine : 40.43 seconds
[[1031  883]
 [  12   84]]
acc: 0.555
f1: 0.158
[[1365  549]
 [  30   66]]
acc: 0.712
f1: 0.186
2,59,coarse : 39.03 seconds
2,59,fine : 39.04 seconds
[[1017  897]
 [  12   84]]
acc: 0.548
f1: 0.156
[[1372  542]
 [  29   67]]
acc: 0.716
f1: 0.190
2,60,coarse : 39.55 seconds
2,60,fine : 39.56 seconds
[[998 916]
 [ 12  84]]
acc: 0.538
f1: 0.153
[[1371  543]
 [  30   66]]
acc: 0.715
f1: 0.187
2,61,coarse : 40.23 seconds
2,61,fine : 40.24 seconds
[[ 905 1009]
 [   9   87]]
acc: 0.494
f1: 0.146
[[1361  553]
 [  29   67]]
acc: 0.710
f1: 0.187
2,62,coarse : 41.56 seconds
2,62,fine : 41.57 seconds
[[ 880 1034]
 [   9   87]]
acc: 0.481
f1: 0.143
[[1370  544]
 [  30   66]]
acc: 0.714
f1: 0.187
2,63,coarse : 39.08 seconds
2,63,fine : 39.08 seconds
[[997 917]
 [ 12  84]]
acc: 0.538
f1: 0.153
[[1404  510]
 [  31   65]]
acc: 0.731
f1: 0.194
2,64,coarse : 39.3 seconds
2,64,fine : 39.31 seconds
[[1010  904]
 [  12   84]]
acc: 0.544
f1: 0.155
[[1405  509]
 [  31   65]]
acc: 0.731
f1: 0.194
2,65,coarse : 39.67 seconds
2,65,fine : 39.68 seconds
[[1042  872]
 [  13   83]]
acc: 0.560
f1: 0.158
[[1410  504]
 [  31   65]]
acc: 0.734
f1: 0.195
2,66,coarse : 39.71 seconds
2,66,fine : 39.72 seconds
[[1127  787]
 [  13   83]]
acc: 0.602
f1: 0.172
[[1406  508]
 [  32   64]]
acc: 0.731
f1: 0.192
2,67,coarse : 39.11 seconds
2,67,fine : 39.12 seconds
[[1110  804]
 [  13   83]]
acc: 0.594
f1: 0.169
[[1410  504]
 [  32   64]]
acc: 0.733
f1: 0.193
2,68,coarse : 41.06 seconds
2,68,fine : 41.07 seconds
[[1112  802]
 [  15   81]]
acc: 0.594
f1: 0.165
[[1416  498]
 [  32   64]]
acc: 0.736
f1: 0.195
2,69,coarse : 39.31 seconds
2,69,fine : 39.33 seconds
[[1125  789]
 [  14   82]]
acc: 0.600
f1: 0.170
[[1442  472]
 [  30   66]]
acc: 0.750
f1: 0.208
2,70,coarse : 39.6 seconds
2,70,fine : 39.61 seconds
[[1122  792]
 [  14   82]]
acc: 0.599
f1: 0.169
[[1448  466]
 [  30   66]]
acc: 0.753
f1: 0.210
2,71,coarse : 40.46 seconds
2,71,fine : 40.47 seconds
[[1144  770]
 [  14   82]]
acc: 0.610
f1: 0.173
[[1452  462]
 [  31   65]]
acc: 0.755
f1: 0.209
2,72,coarse : 39.48 seconds
2,72,fine : 39.49 seconds
[[1208  706]
 [  15   81]]
acc: 0.641
f1: 0.183
[[1456  458]
 [  32   64]]
acc: 0.756
f1: 0.207
2,73,coarse : 39.82 seconds
2,73,fine : 39.83 seconds
[[1271  643]
 [  18   78]]
acc: 0.671
f1: 0.191
[[1435  479]
 [  31   65]]
acc: 0.746
f1: 0.203
2,74,coarse : 39.99 seconds
2,74,fine : 40.01 seconds
[[1242  672]
 [  17   79]]
acc: 0.657
f1: 0.187
[[1445  469]
 [  31   65]]
acc: 0.751
f1: 0.206
2,75,coarse : 41.48 seconds
2,75,fine : 41.49 seconds
[[1255  659]
 [  17   79]]
acc: 0.664
f1: 0.189
[[1452  462]
 [  33   63]]
acc: 0.754
f1: 0.203
2,76,coarse : 40.24 seconds
2,76,fine : 40.25 seconds
[[1261  653]
 [  17   79]]
acc: 0.667
f1: 0.191
[[1461  453]
 [  34   62]]
acc: 0.758
f1: 0.203
2,77,coarse : 40.4 seconds
2,77,fine : 40.41 seconds
[[1252  662]
 [  18   78]]
acc: 0.662
f1: 0.187
[[1460  454]
 [  31   65]]
acc: 0.759
f1: 0.211
2,78,coarse : 40.24 seconds
2,78,fine : 40.24 seconds
[[1190  724]
 [  15   81]]
acc: 0.632
f1: 0.180
[[1496  418]
 [  32   64]]
acc: 0.776
f1: 0.221
2,79,coarse : 39.73 seconds
2,79,fine : 39.75 seconds
[[1159  755]
 [  14   82]]
acc: 0.617
f1: 0.176
[[1490  424]
 [  32   64]]
acc: 0.773
f1: 0.219
2,80,coarse : 41.0 seconds
2,80,fine : 41.01 seconds
[[1089  825]
 [  14   82]]
acc: 0.583
f1: 0.164
[[1480  434]
 [  31   65]]
acc: 0.769
f1: 0.218
2,81,coarse : 40.0 seconds
2,81,fine : 40.01 seconds
[[1090  824]
 [  14   82]]
acc: 0.583
f1: 0.164
[[1480  434]
 [  31   65]]
acc: 0.769
f1: 0.218
2,82,coarse : 40.01 seconds
2,82,fine : 40.02 seconds
[[1056  858]
 [  14   82]]
acc: 0.566
f1: 0.158
[[1477  437]
 [  28   68]]
acc: 0.769
f1: 0.226
2,83,coarse : 39.6 seconds
2,83,fine : 39.61 seconds
[[961 953]
 [ 12  84]]
acc: 0.520
f1: 0.148
[[1476  438]
 [  27   69]]
acc: 0.769
f1: 0.229
2,84,coarse : 39.34 seconds
2,84,fine : 39.35 seconds
[[1012  902]
 [  12   84]]
acc: 0.545
f1: 0.155
[[1476  438]
 [  25   71]]
acc: 0.770
f1: 0.235
2,85,coarse : 39.54 seconds
2,85,fine : 39.55 seconds
[[1026  888]
 [  12   84]]
acc: 0.552
f1: 0.157
[[1487  427]
 [  24   72]]
acc: 0.776
f1: 0.242
2,86,coarse : 41.43 seconds
2,86,fine : 41.44 seconds
[[941 973]
 [ 12  84]]
acc: 0.510
f1: 0.146
[[1493  421]
 [  24   72]]
acc: 0.779
f1: 0.244
2,87,coarse : 40.21 seconds
2,87,fine : 40.22 seconds
[[ 894 1020]
 [  10   86]]
acc: 0.488
f1: 0.143
[[1468  446]
 [  26   70]]
acc: 0.765
f1: 0.229
2,88,coarse : 40.92 seconds
2,88,fine : 40.93 seconds
[[ 893 1021]
 [  10   86]]
acc: 0.487
f1: 0.143
[[1468  446]
 [  25   71]]
acc: 0.766
f1: 0.232
2,89,coarse : 40.74 seconds
2,89,fine : 40.75 seconds
[[ 900 1014]
 [  10   86]]
acc: 0.491
f1: 0.144
[[1469  445]
 [  26   70]]
acc: 0.766
f1: 0.229
2,90,coarse : 40.12 seconds
2,90,fine : 40.13 seconds
[[ 887 1027]
 [  10   86]]
acc: 0.484
f1: 0.142
[[1482  432]
 [  25   71]]
acc: 0.773
f1: 0.237
2,91,coarse : 41.12 seconds
2,91,fine : 41.13 seconds
[[ 897 1017]
 [  10   86]]
acc: 0.489
f1: 0.143
[[1449  465]
 [  26   70]]
acc: 0.756
f1: 0.222
2,92,coarse : 41.23 seconds
2,92,fine : 41.25 seconds
[[ 872 1042]
 [  10   86]]
acc: 0.477
f1: 0.141
[[1464  450]
 [  23   73]]
acc: 0.765
f1: 0.236
2,93,coarse : 41.36 seconds
2,93,fine : 41.37 seconds
[[967 947]
 [ 11  85]]
acc: 0.523
f1: 0.151
[[1466  448]
 [  22   74]]
acc: 0.766
f1: 0.239
2,94,coarse : 40.11 seconds
2,94,fine : 40.12 seconds
[[994 920]
 [ 13  83]]
acc: 0.536
f1: 0.151
[[1460  454]
 [  22   74]]
acc: 0.763
f1: 0.237
2,95,coarse : 41.41 seconds
2,95,fine : 41.42 seconds
[[939 975]
 [ 10  86]]
acc: 0.510
f1: 0.149
[[1466  448]
 [  23   73]]
acc: 0.766
f1: 0.237
2,96,coarse : 40.8 seconds
2,96,fine : 40.81 seconds
[[973 941]
 [ 11  85]]
acc: 0.526
f1: 0.152
[[1535  379]
 [  27   69]]
acc: 0.798
f1: 0.254
2,97,coarse : 40.53 seconds
2,97,fine : 40.55 seconds
[[979 935]
 [ 10  86]]
acc: 0.530
f1: 0.154
[[1550  364]
 [  27   69]]
acc: 0.805
f1: 0.261
2,98,coarse : 41.74 seconds
2,98,fine : 41.76 seconds
[[917 997]
 [  7  89]]
acc: 0.500
f1: 0.151
[[1560  354]
 [  29   67]]
acc: 0.809
f1: 0.259
2,99,coarse : 42.32 seconds
2,99,fine : 42.37 seconds
[[936 978]
 [  8  88]]
acc: 0.509
f1: 0.151
[[1560  354]
 [  27   69]]
acc: 0.810
f1: 0.266
2,100,coarse : 45.37 seconds
2,100,fine : 45.38 seconds
[[942 972]
 [  8  88]]
acc: 0.512
f1: 0.152
[[1561  353]
 [  28   68]]
acc: 0.810
f1: 0.263
2,101,coarse : 43.39 seconds
2,101,fine : 43.4 seconds
[[973 941]
 [  8  88]]
acc: 0.528
f1: 0.156
[[1576  338]
 [  29   67]]
acc: 0.817
f1: 0.267
2,102,coarse : 41.85 seconds
2,102,fine : 41.86 seconds
[[985 929]
 [  8  88]]
acc: 0.534
f1: 0.158
[[1572  342]
 [  31   65]]
acc: 0.814
f1: 0.258
2,103,coarse : 42.08 seconds
2,103,fine : 42.09 seconds
[[952 962]
 [  7  89]]
acc: 0.518
f1: 0.155
[[1586  328]
 [  33   63]]
acc: 0.820
f1: 0.259
2,104,coarse : 41.89 seconds
2,104,fine : 41.91 seconds
[[ 887 1027]
 [   7   89]]
acc: 0.486
f1: 0.147
[[1579  335]
 [  33   63]]
acc: 0.817
f1: 0.255
2,105,coarse : 43.93 seconds
2,105,fine : 43.94 seconds
[[ 837 1077]
 [   7   89]]
acc: 0.461
f1: 0.141
[[1593  321]
 [  33   63]]
acc: 0.824
f1: 0.263
2,106,coarse : 42.02 seconds
2,106,fine : 42.03 seconds
[[980 934]
 [  9  87]]
acc: 0.531
f1: 0.156
[[1605  309]
 [  36   60]]
acc: 0.828
f1: 0.258
2,107,coarse : 42.34 seconds
2,107,fine : 42.36 seconds
[[998 916]
 [  9  87]]
acc: 0.540
f1: 0.158
[[1605  309]
 [  36   60]]
acc: 0.828
f1: 0.258
2,108,coarse : 41.3 seconds
2,108,fine : 41.31 seconds
[[999 915]
 [  8  88]]
acc: 0.541
f1: 0.160
[[1622  292]
 [  38   58]]
acc: 0.836
f1: 0.260
2,109,coarse : 41.79 seconds
2,109,fine : 41.8 seconds
[[969 945]
 [  8  88]]
acc: 0.526
f1: 0.156
[[1647  267]
 [  41   55]]
acc: 0.847
f1: 0.263
2,110,coarse : 42.42 seconds
2,110,fine : 42.44 seconds
[[946 968]
 [  8  88]]
acc: 0.514
f1: 0.153
[[1658  256]
 [  41   55]]
acc: 0.852
f1: 0.270
2,111,coarse : 42.85 seconds
2,111,fine : 42.86 seconds
[[937 977]
 [  8  88]]
acc: 0.510
f1: 0.152
[[1645  269]
 [  42   54]]
acc: 0.845
f1: 0.258
2,112,coarse : 42.54 seconds
2,112,fine : 42.55 seconds
[[947 967]
 [  8  88]]
acc: 0.515
f1: 0.153
[[1714  200]
 [  50   46]]
acc: 0.876
f1: 0.269
2,113,coarse : 41.78 seconds
2,113,fine : 41.79 seconds
[[971 943]
 [  9  87]]
acc: 0.526
f1: 0.155
[[1723  191]
 [  53   43]]
acc: 0.879
f1: 0.261
2,114,coarse : 45.52 seconds
2,114,fine : 45.56 seconds
[[970 944]
 [  9  87]]
acc: 0.526
f1: 0.154
[[1706  208]
 [  50   46]]
acc: 0.872
f1: 0.263
2,115,coarse : 43.84 seconds
2,115,fine : 43.85 seconds
[[995 919]
 [  9  87]]
acc: 0.538
f1: 0.158
[[1676  238]
 [  49   47]]
acc: 0.857
f1: 0.247
2,116,coarse : 42.37 seconds
2,116,fine : 42.39 seconds
[[995 919]
 [  9  87]]
acc: 0.538
f1: 0.158
[[1717  197]
 [  50   46]]
acc: 0.877
f1: 0.271
2,117,coarse : 41.26 seconds
2,117,fine : 41.28 seconds
[[1014  900]
 [   9   87]]
acc: 0.548
f1: 0.161
[[1717  197]
 [  49   47]]
acc: 0.878
f1: 0.276
2,118,coarse : 43.55 seconds
2,118,fine : 43.56 seconds
[[1001  913]
 [   9   87]]
acc: 0.541
f1: 0.159
[[1721  193]
 [  49   47]]
acc: 0.880
f1: 0.280
2,119,coarse : 41.61 seconds
2,119,fine : 41.62 seconds
[[1004  910]
 [   8   88]]
acc: 0.543
f1: 0.161
[[1732  182]
 [  53   43]]
acc: 0.883
f1: 0.268
2,120,coarse : 42.76 seconds
2,120,fine : 42.78 seconds
[[1000  914]
 [   8   88]]
acc: 0.541
f1: 0.160
[[1725  189]
 [  49   47]]
acc: 0.882
f1: 0.283
2,121,coarse : 43.68 seconds
2,121,fine : 43.69 seconds
[[978 936]
 [  7  89]]
acc: 0.531
f1: 0.159
[[1756  158]
 [  56   40]]
acc: 0.894
f1: 0.272
2,122,coarse : 42.67 seconds
2,122,fine : 42.69 seconds
[[1033  881]
 [   8   88]]
acc: 0.558
f1: 0.165
[[1764  150]
 [  56   40]]
acc: 0.898
f1: 0.280
2,123,coarse : 42.67 seconds
2,123,fine : 42.69 seconds
[[961 953]
 [  8  88]]
acc: 0.522
f1: 0.155
[[1783  131]
 [  56   40]]
acc: 0.907
f1: 0.300
2,124,coarse : 43.27 seconds
2,124,fine : 43.29 seconds
[[ 912 1002]
 [   7   89]]
acc: 0.498
f1: 0.150
[[1795  119]
 [  58   38]]
acc: 0.912
f1: 0.300
2,125,coarse : 42.52 seconds
2,125,fine : 42.53 seconds
[[1002  912]
 [   8   88]]
acc: 0.542
f1: 0.161
[[1794  120]
 [  57   39]]
acc: 0.912
f1: 0.306
2,126,coarse : 43.59 seconds
2,126,fine : 43.61 seconds
[[979 935]
 [  8  88]]
acc: 0.531
f1: 0.157
[[1774  140]
 [  54   42]]
acc: 0.903
f1: 0.302
2,127,coarse : 45.21 seconds
2,127,fine : 45.27 seconds
[[937 977]
 [  6  90]]
acc: 0.511
f1: 0.155
[[1775  139]
 [  53   43]]
acc: 0.904
f1: 0.309
2,128,coarse : 46.68 seconds
2,128,fine : 46.69 seconds
[[934 980]
 [  6  90]]
acc: 0.509
f1: 0.154
[[1774  140]
 [  54   42]]
acc: 0.903
f1: 0.302
2,129,coarse : 46.71 seconds
2,129,fine : 46.73 seconds
[[ 908 1006]
 [   6   90]]
acc: 0.497
f1: 0.151
[[1782  132]
 [  53   43]]
acc: 0.908
f1: 0.317
2,130,coarse : 44.55 seconds
2,130,fine : 44.58 seconds
[[ 830 1084]
 [   5   91]]
acc: 0.458
f1: 0.143
[[1751  163]
 [  49   47]]
acc: 0.895
f1: 0.307
2,131,coarse : 48.04 seconds
2,131,fine : 48.06 seconds
[[ 790 1124]
 [   5   91]]
acc: 0.438
f1: 0.139
[[1752  162]
 [  48   48]]
acc: 0.896
f1: 0.314
2,132,coarse : 47.39 seconds
2,132,fine : 47.41 seconds
[[ 758 1156]
 [   5   91]]
acc: 0.422
f1: 0.136
[[1824   90]
 [  59   37]]
acc: 0.926
f1: 0.332
2,133,coarse : 47.22 seconds
2,133,fine : 47.27 seconds
[[ 757 1157]
 [   5   91]]
acc: 0.422
f1: 0.135
[[1818   96]
 [  57   39]]
acc: 0.924
f1: 0.338
2,134,coarse : 44.2 seconds
2,134,fine : 44.21 seconds
[[ 704 1210]
 [   5   91]]
acc: 0.396
f1: 0.130
[[1814  100]
 [  56   40]]
acc: 0.922
f1: 0.339
2,135,coarse : 42.38 seconds
2,135,fine : 42.39 seconds
[[ 684 1230]
 [   4   92]]
acc: 0.386
f1: 0.130
[[1824   90]
 [  60   36]]
acc: 0.925
f1: 0.324
2,136,coarse : 44.31 seconds
2,136,fine : 44.33 seconds
[[ 612 1302]
 [   3   93]]
acc: 0.351
f1: 0.125
[[1817   97]
 [  61   35]]
acc: 0.921
f1: 0.307
2,137,coarse : 45.23 seconds
2,137,fine : 45.24 seconds
[[ 650 1264]
 [   4   92]]
acc: 0.369
f1: 0.127
[[1817   97]
 [  63   33]]
acc: 0.920
f1: 0.292
2,138,coarse : 44.34 seconds
2,138,fine : 44.36 seconds
[[ 622 1292]
 [   3   93]]
acc: 0.356
f1: 0.126
[[1813  101]
 [  66   30]]
acc: 0.917
f1: 0.264
2,139,coarse : 44.08 seconds
2,139,fine : 44.1 seconds
[[ 546 1368]
 [   3   93]]
acc: 0.318
f1: 0.119
[[1816   98]
 [  68   28]]
acc: 0.917
f1: 0.252
2,140,coarse : 43.72 seconds
2,140,fine : 43.73 seconds
[[ 501 1413]
 [   2   94]]
acc: 0.296
f1: 0.117
[[1827   87]
 [  70   26]]
acc: 0.922
f1: 0.249
2,141,coarse : 43.7 seconds
2,141,fine : 43.72 seconds
[[ 582 1332]
 [   3   93]]
acc: 0.336
f1: 0.122
[[1821   93]
 [  69   27]]
acc: 0.919
f1: 0.250
2,142,coarse : 44.29 seconds
2,142,fine : 44.3 seconds
[[ 496 1418]
 [   3   93]]
acc: 0.293
f1: 0.116
[[1829   85]
 [  69   27]]
acc: 0.923
f1: 0.260
2,143,coarse : 46.48 seconds
2,143,fine : 46.5 seconds
[[ 529 1385]
 [   3   93]]
acc: 0.309
f1: 0.118
[[1845   69]
 [  71   25]]
acc: 0.930
f1: 0.263
2,144,coarse : 44.44 seconds
2,144,fine : 44.46 seconds
[[ 545 1369]
 [   3   93]]
acc: 0.317
f1: 0.119
[[1832   82]
 [  64   32]]
acc: 0.927
f1: 0.305
2,145,coarse : 42.69 seconds
2,145,fine : 42.71 seconds
[[ 586 1328]
 [   3   93]]
acc: 0.338
f1: 0.123
[[1832   82]
 [  66   30]]
acc: 0.926
f1: 0.288
2,146,coarse : 43.36 seconds
2,146,fine : 43.37 seconds
[[ 665 1249]
 [   4   92]]
acc: 0.377
f1: 0.128
[[1832   82]
 [  63   33]]
acc: 0.928
f1: 0.313
2,147,coarse : 43.55 seconds
2,147,fine : 43.57 seconds
[[ 651 1263]
 [   4   92]]
acc: 0.370
f1: 0.127
[[1832   82]
 [  64   32]]
acc: 0.927
f1: 0.305
2,148,coarse : 43.85 seconds
2,148,fine : 45.81 seconds
[[ 611 1303]
 [   4   92]]
acc: 0.350
f1: 0.123
[[1830   84]
 [  62   34]]
acc: 0.927
f1: 0.318
2,149,coarse : 43.94 seconds
2,149,fine : 43.96 seconds
[[ 551 1363]
 [   3   93]]
acc: 0.320
f1: 0.120
[[1838   76]
 [  64   32]]
acc: 0.930
f1: 0.314
2,150,coarse : 47.47 seconds
2,150,fine : 47.48 seconds
[[ 562 1352]
 [   3   93]]
acc: 0.326
f1: 0.121
[[1825   89]
 [  62   34]]
acc: 0.925
f1: 0.311
2,151,coarse : 44.04 seconds
2,151,fine : 44.06 seconds
[[ 554 1360]
 [   3   93]]
acc: 0.322
f1: 0.120
[[1833   81]
 [  63   33]]
acc: 0.928
f1: 0.314
2,152,coarse : 43.51 seconds
2,152,fine : 43.53 seconds
[[ 588 1326]
 [   4   92]]
acc: 0.338
f1: 0.122
[[1823   91]
 [  59   37]]
acc: 0.925
f1: 0.330
2,153,coarse : 43.86 seconds
2,153,fine : 43.88 seconds
[[ 579 1335]
 [   4   92]]
acc: 0.334
f1: 0.121
[[1831   83]
 [  61   35]]
acc: 0.928
f1: 0.327
2,154,coarse : 43.42 seconds
2,154,fine : 43.45 seconds
[[ 572 1342]
 [   3   93]]
acc: 0.331
f1: 0.121
[[1835   79]
 [  62   34]]
acc: 0.930
f1: 0.325
2,155,coarse : 45.43 seconds
2,155,fine : 45.45 seconds
[[ 595 1319]
 [   3   93]]
acc: 0.342
f1: 0.123
[[1844   70]
 [  63   33]]
acc: 0.934
f1: 0.332
2,156,coarse : 44.05 seconds
2,156,fine : 44.07 seconds
[[ 634 1280]
 [   4   92]]
acc: 0.361
f1: 0.125
[[1853   61]
 [  63   33]]
acc: 0.938
f1: 0.347
2,157,coarse : 44.95 seconds
2,157,fine : 44.97 seconds
[[ 690 1224]
 [   4   92]]
acc: 0.389
f1: 0.130
[[1850   64]
 [  64   32]]
acc: 0.936
f1: 0.333
2,158,coarse : 44.99 seconds
2,158,fine : 45.0 seconds
[[ 724 1190]
 [   4   92]]
acc: 0.406
f1: 0.134
[[1852   62]
 [  62   34]]
acc: 0.938
f1: 0.354
2,159,coarse : 44.71 seconds
2,159,fine : 44.73 seconds
[[ 743 1171]
 [   7   89]]
acc: 0.414
f1: 0.131
[[1859   55]
 [  68   28]]
acc: 0.939
f1: 0.313
2,160,coarse : 44.34 seconds
2,160,fine : 44.36 seconds
[[ 744 1170]
 [   7   89]]
acc: 0.414
f1: 0.131
[[1864   50]
 [  71   25]]
acc: 0.940
f1: 0.292
2,161,coarse : 45.35 seconds
2,161,fine : 45.37 seconds
[[ 801 1113]
 [   7   89]]
acc: 0.443
f1: 0.137
[[1864   50]
 [  74   22]]
acc: 0.938
f1: 0.262
2,162,coarse : 45.01 seconds
2,162,fine : 45.03 seconds
[[ 858 1056]
 [   7   89]]
acc: 0.471
f1: 0.143
[[1867   47]
 [  68   28]]
acc: 0.943
f1: 0.327
2,163,coarse : 44.76 seconds
2,163,fine : 44.78 seconds
[[ 892 1022]
 [   7   89]]
acc: 0.488
f1: 0.147
[[1873   41]
 [  70   26]]
acc: 0.945
f1: 0.319
2,164,coarse : 45.63 seconds
2,164,fine : 45.65 seconds
[[916 998]
 [  8  88]]
acc: 0.500
f1: 0.149
[[1786  128]
 [  47   49]]
acc: 0.913
f1: 0.359
2,165,coarse : 45.8 seconds
2,165,fine : 45.82 seconds
[[961 953]
 [  9  87]]
acc: 0.521
f1: 0.153
[[1860   54]
 [  62   34]]
acc: 0.942
f1: 0.370
2,166,coarse : 44.62 seconds
2,166,fine : 44.64 seconds
[[1031  883]
 [   9   87]]
acc: 0.556
f1: 0.163
[[1848   66]
 [  61   35]]
acc: 0.937
f1: 0.355
2,167,coarse : 44.56 seconds
2,167,fine : 44.57 seconds
[[1063  851]
 [  11   85]]
acc: 0.571
f1: 0.165
[[1855   59]
 [  58   38]]
acc: 0.942
f1: 0.394
2,168,coarse : 45.42 seconds
2,168,fine : 45.44 seconds
[[1114  800]
 [  11   85]]
acc: 0.597
f1: 0.173
[[1861   53]
 [  59   37]]
acc: 0.944
f1: 0.398
2,169,coarse : 42.61 seconds
2,169,fine : 42.63 seconds
[[1176  738]
 [  11   85]]
acc: 0.627
f1: 0.185
[[1867   47]
 [  61   35]]
acc: 0.946
f1: 0.393
2,170,coarse : 43.33 seconds
2,170,fine : 43.35 seconds
[[1243  671]
 [  11   85]]
acc: 0.661
f1: 0.200
[[1874   40]
 [  64   32]]
acc: 0.948
f1: 0.381
2,171,coarse : 43.84 seconds
2,171,fine : 43.86 seconds
[[1471  443]
 [  21   75]]
acc: 0.769
f1: 0.244
[[1878   36]
 [  65   31]]
acc: 0.950
f1: 0.380
2,172,coarse : 46.54 seconds
2,172,fine : 46.56 seconds
