all           0      1    2    3    4    5    6    7    8    
1      2010   1914   1    19   32   19   1    11   6    7    
2      2010   1914   1    19   32   19   1    11   6    7    
3      2010   1914   1    19   32   19   1    11   5    8    
4      2010   1914   1    19   32   19   1    10   6    8    
5      2010   1914   1    18   33   19   1    10   6    8    
6      2010   1914   1    18   33   19   1    10   6    8    
7      2010   1913   2    18   33   19   1    10   6    8    
8      2010   1913   2    18   33   19   1    10   6    8    
9      2009   1913   2    18   32   19   2    10   6    7    
10     2009   1913   1    19   32   19   1    11   6    7    
Total  20098  19136  13   185  324  190  11   104  59   76   
train         0      1    2    3    4    5    6    7    8    
1      2010   1914   1    19   32   19   1    11   6    7    
2      2010   1914   1    19   32   19   1    11   6    7    
3      2010   1914   1    19   32   19   1    11   5    8    
4      2010   1914   1    19   32   19   1    10   6    8    
5      2010   1914   1    18   33   19   1    10   6    8    
7      2010   1913   2    18   33   19   1    10   6    8    
8      2010   1913   2    18   33   19   1    10   6    8    
9      2009   1913   2    18   32   19   2    10   6    7    
10     2009   1913   1    19   32   19   1    11   6    7    
Total  18088  17222  12   167  291  171  10   94   53   68   
test          0      1    2    3    4    5    6    7    8    
6      2010   1914   1    18   33   19   1    10   6    8    
Total  2010   1914   1    18   33   19   1    10   6    8    
Classes             
0         17222     
1         12        
2         167       
3         291       
4         171       
5         10        
6         94        
7         53        
8         68        
Total     18088     

Shape: 450       

[952, 10, 11, 16, 11, 10, 10, 10, 10]
Sum start => 1040
[[1786  128]
 [  55   41]]
acc: 0.909
f1: 0.309
[[1722  192]
 [  61   35]]
acc: 0.874
f1: 0.217
6,1,coarse : 41.35 seconds
6,1,fine : 41.35 seconds
[[1786  128]
 [  55   41]]
acc: 0.909
f1: 0.309
[[1722  192]
 [  61   35]]
acc: 0.874
f1: 0.217
6,2,coarse : 42.86 seconds
6,2,fine : 42.86 seconds
[[1805  109]
 [  61   35]]
acc: 0.915
f1: 0.292
[[1694  220]
 [  58   38]]
acc: 0.862
f1: 0.215
6,3,coarse : 39.46 seconds
6,3,fine : 39.46 seconds
[[1810  104]
 [  65   31]]
acc: 0.916
f1: 0.268
[[1683  231]
 [  58   38]]
acc: 0.856
f1: 0.208
6,4,coarse : 39.07 seconds
6,4,fine : 39.07 seconds
[[1806  108]
 [  60   36]]
acc: 0.916
f1: 0.300
[[1675  239]
 [  56   40]]
acc: 0.853
f1: 0.213
6,5,coarse : 40.82 seconds
6,5,fine : 40.82 seconds
[[1815   99]
 [  64   32]]
acc: 0.919
f1: 0.282
[[1662  252]
 [  51   45]]
acc: 0.849
f1: 0.229
6,6,coarse : 39.44 seconds
6,6,fine : 39.45 seconds
[[1835   79]
 [  69   27]]
acc: 0.926
f1: 0.267
[[1581  333]
 [  36   60]]
acc: 0.816
f1: 0.245
6,7,coarse : 39.55 seconds
6,7,fine : 39.56 seconds
[[1850   64]
 [  72   24]]
acc: 0.932
f1: 0.261
[[1591  323]
 [  38   58]]
acc: 0.820
f1: 0.243
6,8,coarse : 40.16 seconds
6,8,fine : 40.16 seconds
[[1746  168]
 [  49   47]]
acc: 0.892
f1: 0.302
[[1568  346]
 [  36   60]]
acc: 0.810
f1: 0.239
6,9,coarse : 39.26 seconds
6,9,fine : 39.26 seconds
[[1725  189]
 [  48   48]]
acc: 0.882
f1: 0.288
[[1539  375]
 [  34   62]]
acc: 0.797
f1: 0.233
6,10,coarse : 39.12 seconds
6,10,fine : 39.12 seconds
[[1744  170]
 [  54   42]]
acc: 0.889
f1: 0.273
[[1519  395]
 [  33   63]]
acc: 0.787
f1: 0.227
6,11,coarse : 40.22 seconds
6,11,fine : 40.23 seconds
[[1741  173]
 [  54   42]]
acc: 0.887
f1: 0.270
[[1564  350]
 [  36   60]]
acc: 0.808
f1: 0.237
6,12,coarse : 39.35 seconds
6,12,fine : 39.36 seconds
[[1723  191]
 [  51   45]]
acc: 0.880
f1: 0.271
[[1572  342]
 [  36   60]]
acc: 0.812
f1: 0.241
6,13,coarse : 39.16 seconds
6,13,fine : 39.16 seconds
[[1649  265]
 [  41   55]]
acc: 0.848
f1: 0.264
[[1559  355]
 [  35   61]]
acc: 0.806
f1: 0.238
6,14,coarse : 40.18 seconds
6,14,fine : 40.19 seconds
[[1642  272]
 [  40   56]]
acc: 0.845
f1: 0.264
[[1553  361]
 [  34   62]]
acc: 0.803
f1: 0.239
6,15,coarse : 40.62 seconds
6,15,fine : 40.62 seconds
[[1658  256]
 [  42   54]]
acc: 0.852
f1: 0.266
[[1554  360]
 [  33   63]]
acc: 0.804
f1: 0.243
6,16,coarse : 39.13 seconds
6,16,fine : 39.14 seconds
[[1651  263]
 [  38   58]]
acc: 0.850
f1: 0.278
[[1509  405]
 [  31   65]]
acc: 0.783
f1: 0.230
6,17,coarse : 39.9 seconds
6,17,fine : 39.9 seconds
[[1574  340]
 [  33   63]]
acc: 0.814
f1: 0.253
[[1541  373]
 [  32   64]]
acc: 0.799
f1: 0.240
6,18,coarse : 38.84 seconds
6,18,fine : 38.84 seconds
[[1505  409]
 [  29   67]]
acc: 0.782
f1: 0.234
[[1516  398]
 [  31   65]]
acc: 0.787
f1: 0.233
6,19,coarse : 40.95 seconds
6,19,fine : 40.96 seconds
[[1473  441]
 [  25   71]]
acc: 0.768
f1: 0.234
[[1609  305]
 [  41   55]]
acc: 0.828
f1: 0.241
6,20,coarse : 42.5 seconds
6,20,fine : 42.5 seconds
[[1489  425]
 [  26   70]]
acc: 0.776
f1: 0.237
[[1603  311]
 [  40   56]]
acc: 0.825
f1: 0.242
6,21,coarse : 40.78 seconds
6,21,fine : 40.79 seconds
[[1491  423]
 [  27   69]]
acc: 0.776
f1: 0.235
[[1607  307]
 [  40   56]]
acc: 0.827
f1: 0.244
6,22,coarse : 38.59 seconds
6,22,fine : 38.6 seconds
[[1500  414]
 [  27   69]]
acc: 0.781
f1: 0.238
[[1585  329]
 [  37   59]]
acc: 0.818
f1: 0.244
6,23,coarse : 39.97 seconds
6,23,fine : 39.98 seconds
[[1564  350]
 [  34   62]]
acc: 0.809
f1: 0.244
[[1567  347]
 [  34   62]]
acc: 0.810
f1: 0.246
6,24,coarse : 39.82 seconds
6,24,fine : 39.82 seconds
[[1554  360]
 [  32   64]]
acc: 0.805
f1: 0.246
[[1572  342]
 [  35   61]]
acc: 0.812
f1: 0.244
6,25,coarse : 40.64 seconds
6,25,fine : 40.65 seconds
[[1541  373]
 [  30   66]]
acc: 0.800
f1: 0.247
[[1577  337]
 [  34   62]]
acc: 0.815
f1: 0.251
6,26,coarse : 40.35 seconds
6,26,fine : 40.36 seconds
[[1475  439]
 [  26   70]]
acc: 0.769
f1: 0.231
[[1576  338]
 [  34   62]]
acc: 0.815
f1: 0.250
6,27,coarse : 40.44 seconds
6,27,fine : 40.45 seconds
[[1485  429]
 [  25   71]]
acc: 0.774
f1: 0.238
[[1579  335]
 [  34   62]]
acc: 0.816
f1: 0.252
6,28,coarse : 39.6 seconds
6,28,fine : 39.61 seconds
[[1410  504]
 [  21   75]]
acc: 0.739
f1: 0.222
[[1576  338]
 [  34   62]]
acc: 0.815
f1: 0.250
6,29,coarse : 40.29 seconds
6,29,fine : 40.29 seconds
[[1446  468]
 [  21   75]]
acc: 0.757
f1: 0.235
[[1569  345]
 [  34   62]]
acc: 0.811
f1: 0.247
6,30,coarse : 39.72 seconds
6,30,fine : 39.73 seconds
[[1452  462]
 [  21   75]]
acc: 0.760
f1: 0.237
[[1582  332]
 [  38   58]]
acc: 0.816
f1: 0.239
6,31,coarse : 39.3 seconds
6,31,fine : 39.3 seconds
[[1455  459]
 [  21   75]]
acc: 0.761
f1: 0.238
[[1577  337]
 [  36   60]]
acc: 0.814
f1: 0.243
6,32,coarse : 39.32 seconds
6,32,fine : 39.33 seconds
[[1510  404]
 [  28   68]]
acc: 0.785
f1: 0.239
[[1569  345]
 [  33   63]]
acc: 0.812
f1: 0.250
6,33,coarse : 40.45 seconds
6,33,fine : 40.45 seconds
[[1574  340]
 [  33   63]]
acc: 0.814
f1: 0.253
[[1568  346]
 [  33   63]]
acc: 0.811
f1: 0.250
6,34,coarse : 39.8 seconds
6,34,fine : 39.8 seconds
[[1645  269]
 [  36   60]]
acc: 0.848
f1: 0.282
[[1555  359]
 [  31   65]]
acc: 0.806
f1: 0.250
6,35,coarse : 40.88 seconds
6,35,fine : 40.88 seconds
[[1625  289]
 [  34   62]]
acc: 0.839
f1: 0.277
[[1555  359]
 [  31   65]]
acc: 0.806
f1: 0.250
6,36,coarse : 41.44 seconds
6,36,fine : 41.45 seconds
[[1616  298]
 [  33   63]]
acc: 0.835
f1: 0.276
[[1523  391]
 [  30   66]]
acc: 0.791
f1: 0.239
6,37,coarse : 39.24 seconds
6,37,fine : 39.24 seconds
[[1638  276]
 [  35   61]]
acc: 0.845
f1: 0.282
[[1507  407]
 [  29   67]]
acc: 0.783
f1: 0.235
6,38,coarse : 39.42 seconds
6,38,fine : 39.43 seconds
[[1657  257]
 [  41   55]]
acc: 0.852
f1: 0.270
[[1506  408]
 [  29   67]]
acc: 0.783
f1: 0.235
6,39,coarse : 40.62 seconds
6,39,fine : 40.63 seconds
[[1674  240]
 [  41   55]]
acc: 0.860
f1: 0.281
[[1491  423]
 [  29   67]]
acc: 0.775
f1: 0.229
6,40,coarse : 40.91 seconds
6,40,fine : 40.92 seconds
[[1638  276]
 [  36   60]]
acc: 0.845
f1: 0.278
[[1455  459]
 [  28   68]]
acc: 0.758
f1: 0.218
6,41,coarse : 40.16 seconds
6,41,fine : 40.17 seconds
[[1555  359]
 [  28   68]]
acc: 0.807
f1: 0.260
[[1460  454]
 [  28   68]]
acc: 0.760
f1: 0.220
6,42,coarse : 40.13 seconds
6,42,fine : 40.14 seconds
[[1522  392]
 [  28   68]]
acc: 0.791
f1: 0.245
[[1461  453]
 [  28   68]]
acc: 0.761
f1: 0.220
6,43,coarse : 40.29 seconds
6,43,fine : 40.29 seconds
[[1565  349]
 [  33   63]]
acc: 0.810
f1: 0.248
[[1454  460]
 [  28   68]]
acc: 0.757
f1: 0.218
6,44,coarse : 38.88 seconds
6,44,fine : 38.88 seconds
[[1547  367]
 [  27   69]]
acc: 0.804
f1: 0.259
[[1452  462]
 [  28   68]]
acc: 0.756
f1: 0.217
6,45,coarse : 39.61 seconds
6,45,fine : 39.62 seconds
[[1518  396]
 [  21   75]]
acc: 0.793
f1: 0.265
[[1454  460]
 [  28   68]]
acc: 0.757
f1: 0.218
6,46,coarse : 39.97 seconds
6,46,fine : 39.97 seconds
[[1457  457]
 [  19   77]]
acc: 0.763
f1: 0.244
[[1321  593]
 [  21   75]]
acc: 0.695
f1: 0.196
6,47,coarse : 41.87 seconds
6,47,fine : 41.88 seconds
[[1406  508]
 [  17   79]]
acc: 0.739
f1: 0.231
[[1561  353]
 [  39   57]]
acc: 0.805
f1: 0.225
6,48,coarse : 40.96 seconds
6,48,fine : 40.97 seconds
[[1400  514]
 [  17   79]]
acc: 0.736
f1: 0.229
[[1573  341]
 [  38   58]]
acc: 0.811
f1: 0.234
6,49,coarse : 42.37 seconds
6,49,fine : 42.38 seconds
[[1382  532]
 [  17   79]]
acc: 0.727
f1: 0.223
[[1542  372]
 [  36   60]]
acc: 0.797
f1: 0.227
6,50,coarse : 42.72 seconds
6,50,fine : 42.73 seconds
[[1403  511]
 [  16   80]]
acc: 0.738
f1: 0.233
[[1536  378]
 [  35   61]]
acc: 0.795
f1: 0.228
6,51,coarse : 39.78 seconds
6,51,fine : 39.79 seconds
[[1402  512]
 [  17   79]]
acc: 0.737
f1: 0.230
[[1542  372]
 [  35   61]]
acc: 0.798
f1: 0.231
6,52,coarse : 42.76 seconds
6,52,fine : 42.77 seconds
[[1395  519]
 [  17   79]]
acc: 0.733
f1: 0.228
[[1582  332]
 [  42   54]]
acc: 0.814
f1: 0.224
6,53,coarse : 44.25 seconds
6,53,fine : 44.26 seconds
[[1388  526]
 [  17   79]]
acc: 0.730
f1: 0.225
[[1611  303]
 [  47   49]]
acc: 0.826
f1: 0.219
6,54,coarse : 43.44 seconds
6,54,fine : 43.45 seconds
[[1367  547]
 [  17   79]]
acc: 0.719
f1: 0.219
[[1601  313]
 [  46   50]]
acc: 0.821
f1: 0.218
6,55,coarse : 39.88 seconds
6,55,fine : 39.9 seconds
[[1366  548]
 [  17   79]]
acc: 0.719
f1: 0.219
[[1604  310]
 [  47   49]]
acc: 0.822
f1: 0.215
6,56,coarse : 39.84 seconds
6,56,fine : 39.92 seconds
[[1354  560]
 [  16   80]]
acc: 0.713
f1: 0.217
[[1601  313]
 [  46   50]]
acc: 0.821
f1: 0.218
6,57,coarse : 40.87 seconds
6,57,fine : 40.88 seconds
[[1391  523]
 [  17   79]]
acc: 0.731
f1: 0.226
[[1607  307]
 [  46   50]]
acc: 0.824
f1: 0.221
6,58,coarse : 39.99 seconds
6,58,fine : 40.0 seconds
[[1397  517]
 [  17   79]]
acc: 0.734
f1: 0.228
[[1586  328]
 [  45   51]]
acc: 0.814
f1: 0.215
6,59,coarse : 40.32 seconds
6,59,fine : 40.33 seconds
[[1409  505]
 [  18   78]]
acc: 0.740
f1: 0.230
[[1580  334]
 [  44   52]]
acc: 0.812
f1: 0.216
6,60,coarse : 39.29 seconds
6,60,fine : 39.3 seconds
[[1398  516]
 [  17   79]]
acc: 0.735
f1: 0.229
[[1579  335]
 [  44   52]]
acc: 0.811
f1: 0.215
6,61,coarse : 40.98 seconds
6,61,fine : 40.99 seconds
[[1415  499]
 [  17   79]]
acc: 0.743
f1: 0.234
[[1578  336]
 [  44   52]]
acc: 0.811
f1: 0.215
6,62,coarse : 39.88 seconds
6,62,fine : 39.89 seconds
[[1422  492]
 [  18   78]]
acc: 0.746
f1: 0.234
[[1586  328]
 [  44   52]]
acc: 0.815
f1: 0.218
6,63,coarse : 39.14 seconds
6,63,fine : 39.15 seconds
[[1326  588]
 [  10   86]]
acc: 0.702
f1: 0.223
[[1580  334]
 [  44   52]]
acc: 0.812
f1: 0.216
6,64,coarse : 39.49 seconds
6,64,fine : 39.5 seconds
[[1352  562]
 [  11   85]]
acc: 0.715
f1: 0.229
[[1583  331]
 [  44   52]]
acc: 0.813
f1: 0.217
6,65,coarse : 40.54 seconds
6,65,fine : 40.55 seconds
[[1358  556]
 [  11   85]]
acc: 0.718
f1: 0.231
[[1558  356]
 [  38   58]]
acc: 0.804
f1: 0.227
6,66,coarse : 40.17 seconds
6,66,fine : 40.18 seconds
[[1388  526]
 [  14   82]]
acc: 0.731
f1: 0.233
[[1551  363]
 [  38   58]]
acc: 0.800
f1: 0.224
6,67,coarse : 39.52 seconds
6,67,fine : 39.53 seconds
[[1392  522]
 [  14   82]]
acc: 0.733
f1: 0.234
[[1542  372]
 [  38   58]]
acc: 0.796
f1: 0.221
6,68,coarse : 40.79 seconds
6,68,fine : 40.8 seconds
[[1380  534]
 [  15   81]]
acc: 0.727
f1: 0.228
[[1558  356]
 [  38   58]]
acc: 0.804
f1: 0.227
6,69,coarse : 40.33 seconds
6,69,fine : 40.34 seconds
[[1382  532]
 [  16   80]]
acc: 0.727
f1: 0.226
[[1567  347]
 [  38   58]]
acc: 0.808
f1: 0.232
6,70,coarse : 40.33 seconds
6,70,fine : 40.34 seconds
[[1289  625]
 [  11   85]]
acc: 0.684
f1: 0.211
[[1560  354]
 [  38   58]]
acc: 0.805
f1: 0.228
6,71,coarse : 40.74 seconds
6,71,fine : 40.75 seconds
[[1284  630]
 [  11   85]]
acc: 0.681
f1: 0.210
[[1552  362]
 [  38   58]]
acc: 0.801
f1: 0.225
6,72,coarse : 41.48 seconds
6,72,fine : 41.48 seconds
[[1302  612]
 [   8   88]]
acc: 0.692
f1: 0.221
[[1550  364]
 [  37   59]]
acc: 0.800
f1: 0.227
6,73,coarse : 41.42 seconds
6,73,fine : 41.43 seconds
[[1271  643]
 [   6   90]]
acc: 0.677
f1: 0.217
[[1553  361]
 [  38   58]]
acc: 0.801
f1: 0.225
6,74,coarse : 41.25 seconds
6,74,fine : 41.28 seconds
[[1263  651]
 [   6   90]]
acc: 0.673
f1: 0.215
[[1519  395]
 [  37   59]]
acc: 0.785
f1: 0.215
6,75,coarse : 41.25 seconds
6,75,fine : 41.26 seconds
[[1289  625]
 [   7   89]]
acc: 0.686
f1: 0.220
[[1519  395]
 [  37   59]]
acc: 0.785
f1: 0.215
6,76,coarse : 40.01 seconds
6,76,fine : 40.02 seconds
[[1266  648]
 [   5   91]]
acc: 0.675
f1: 0.218
[[1521  393]
 [  37   59]]
acc: 0.786
f1: 0.215
6,77,coarse : 40.87 seconds
6,77,fine : 40.88 seconds
[[1370  544]
 [  13   83]]
acc: 0.723
f1: 0.230
[[1464  450]
 [  29   67]]
acc: 0.762
f1: 0.219
6,78,coarse : 42.19 seconds
6,78,fine : 42.21 seconds
[[1367  547]
 [  13   83]]
acc: 0.721
f1: 0.229
[[1470  444]
 [  30   66]]
acc: 0.764
f1: 0.218
6,79,coarse : 42.16 seconds
6,79,fine : 42.17 seconds
[[1351  563]
 [  13   83]]
acc: 0.713
f1: 0.224
[[1506  408]
 [  35   61]]
acc: 0.780
f1: 0.216
6,80,coarse : 40.64 seconds
6,80,fine : 40.65 seconds
[[1391  523]
 [  15   81]]
acc: 0.732
f1: 0.231
[[1499  415]
 [  35   61]]
acc: 0.776
f1: 0.213
6,81,coarse : 40.17 seconds
6,81,fine : 40.18 seconds
[[1406  508]
 [  15   81]]
acc: 0.740
f1: 0.236
[[1490  424]
 [  35   61]]
acc: 0.772
f1: 0.210
6,82,coarse : 41.39 seconds
6,82,fine : 41.42 seconds
[[1399  515]
 [  15   81]]
acc: 0.736
f1: 0.234
[[1492  422]
 [  35   61]]
acc: 0.773
f1: 0.211
6,83,coarse : 41.46 seconds
6,83,fine : 41.47 seconds
[[1450  464]
 [  18   78]]
acc: 0.760
f1: 0.245
[[1485  429]
 [  35   61]]
acc: 0.769
f1: 0.208
6,84,coarse : 41.15 seconds
6,84,fine : 41.62 seconds
[[1436  478]
 [  15   81]]
acc: 0.755
f1: 0.247
[[1443  471]
 [  31   65]]
acc: 0.750
f1: 0.206
6,85,coarse : 41.45 seconds
6,85,fine : 41.46 seconds
[[1398  516]
 [  15   81]]
acc: 0.736
f1: 0.234
[[1450  464]
 [  31   65]]
acc: 0.754
f1: 0.208
6,86,coarse : 41.58 seconds
6,86,fine : 41.59 seconds
[[1365  549]
 [  14   82]]
acc: 0.720
f1: 0.226
[[1426  488]
 [  29   67]]
acc: 0.743
f1: 0.206
6,87,coarse : 41.26 seconds
6,87,fine : 41.28 seconds
[[1365  549]
 [  14   82]]
acc: 0.720
f1: 0.226
[[1417  497]
 [  29   67]]
acc: 0.738
f1: 0.203
6,88,coarse : 41.54 seconds
6,88,fine : 41.55 seconds
[[1370  544]
 [  14   82]]
acc: 0.722
f1: 0.227
[[1387  527]
 [  27   69]]
acc: 0.724
f1: 0.199
6,89,coarse : 42.13 seconds
6,89,fine : 42.14 seconds
[[1384  530]
 [  15   81]]
acc: 0.729
f1: 0.229
[[1377  537]
 [  26   70]]
acc: 0.720
f1: 0.199
6,90,coarse : 41.34 seconds
6,90,fine : 41.35 seconds
[[1397  517]
 [  15   81]]
acc: 0.735
f1: 0.233
[[1433  481]
 [  30   66]]
acc: 0.746
f1: 0.205
6,91,coarse : 44.35 seconds
6,91,fine : 44.37 seconds
[[1401  513]
 [  16   80]]
acc: 0.737
f1: 0.232
[[1443  471]
 [  31   65]]
acc: 0.750
f1: 0.206
6,92,coarse : 41.18 seconds
6,92,fine : 41.21 seconds
[[1278  636]
 [   9   87]]
acc: 0.679
f1: 0.212
[[1304  610]
 [  22   74]]
acc: 0.686
f1: 0.190
6,93,coarse : 41.27 seconds
6,93,fine : 41.29 seconds
[[1287  627]
 [   9   87]]
acc: 0.684
f1: 0.215
[[1333  581]
 [  22   74]]
acc: 0.700
f1: 0.197
6,94,coarse : 41.01 seconds
6,94,fine : 41.02 seconds
[[1284  630]
 [   9   87]]
acc: 0.682
f1: 0.214
[[1263  651]
 [  18   78]]
acc: 0.667
f1: 0.189
6,95,coarse : 44.0 seconds
6,95,fine : 44.01 seconds
[[1227  687]
 [   7   89]]
acc: 0.655
f1: 0.204
[[1309  605]
 [  21   75]]
acc: 0.689
f1: 0.193
6,96,coarse : 46.46 seconds
6,96,fine : 46.47 seconds
[[1291  623]
 [   9   87]]
acc: 0.686
f1: 0.216
[[1291  623]
 [  20   76]]
acc: 0.680
f1: 0.191
6,97,coarse : 46.94 seconds
6,97,fine : 46.96 seconds
[[1200  714]
 [   7   89]]
acc: 0.641
f1: 0.198
[[1307  607]
 [  21   75]]
acc: 0.688
f1: 0.193
6,98,coarse : 40.98 seconds
6,98,fine : 40.99 seconds
[[1199  715]
 [   7   89]]
acc: 0.641
f1: 0.198
[[1270  644]
 [  19   77]]
acc: 0.670
f1: 0.188
6,99,coarse : 42.2 seconds
6,99,fine : 42.22 seconds
[[1208  706]
 [   7   89]]
acc: 0.645
f1: 0.200
[[1414  500]
 [  25   71]]
acc: 0.739
f1: 0.213
6,100,coarse : 44.21 seconds
6,100,fine : 44.24 seconds
[[1076  838]
 [   3   93]]
acc: 0.582
f1: 0.181
[[1434  480]
 [  27   69]]
acc: 0.748
f1: 0.214
6,101,coarse : 42.33 seconds
6,101,fine : 42.34 seconds
[[1083  831]
 [   3   93]]
acc: 0.585
f1: 0.182
[[1401  513]
 [  28   68]]
acc: 0.731
f1: 0.201
6,102,coarse : 43.78 seconds
6,102,fine : 43.8 seconds
[[1107  807]
 [   4   92]]
acc: 0.597
f1: 0.185
[[1407  507]
 [  28   68]]
acc: 0.734
f1: 0.203
6,103,coarse : 42.76 seconds
6,103,fine : 42.77 seconds
[[1098  816]
 [   4   92]]
acc: 0.592
f1: 0.183
[[1370  544]
 [  23   73]]
acc: 0.718
f1: 0.205
6,104,coarse : 42.34 seconds
6,104,fine : 42.35 seconds
[[1087  827]
 [   4   92]]
acc: 0.587
f1: 0.181
[[1416  498]
 [  26   70]]
acc: 0.739
f1: 0.211
6,105,coarse : 42.93 seconds
6,105,fine : 42.94 seconds
[[1119  795]
 [   4   92]]
acc: 0.602
f1: 0.187
[[1418  496]
 [  27   69]]
acc: 0.740
f1: 0.209
6,106,coarse : 42.03 seconds
6,106,fine : 42.04 seconds
[[1069  845]
 [   4   92]]
acc: 0.578
f1: 0.178
[[1424  490]
 [  27   69]]
acc: 0.743
f1: 0.211
6,107,coarse : 42.3 seconds
6,107,fine : 42.31 seconds
[[1057  857]
 [   4   92]]
acc: 0.572
f1: 0.176
[[1411  503]
 [  25   71]]
acc: 0.737
f1: 0.212
6,108,coarse : 42.18 seconds
6,108,fine : 42.19 seconds
[[1071  843]
 [   4   92]]
acc: 0.579
f1: 0.178
[[1394  520]
 [  25   71]]
acc: 0.729
f1: 0.207
6,109,coarse : 43.46 seconds
6,109,fine : 43.48 seconds
[[967 947]
 [  3  93]]
acc: 0.527
f1: 0.164
[[1392  522]
 [  24   72]]
acc: 0.728
f1: 0.209
6,110,coarse : 44.63 seconds
6,110,fine : 44.64 seconds
[[1024  890]
 [   3   93]]
acc: 0.556
f1: 0.172
[[1419  495]
 [  25   71]]
acc: 0.741
f1: 0.215
6,111,coarse : 42.15 seconds
6,111,fine : 42.16 seconds
[[1021  893]
 [   4   92]]
acc: 0.554
f1: 0.170
[[1432  482]
 [  27   69]]
acc: 0.747
f1: 0.213
6,112,coarse : 43.12 seconds
6,112,fine : 43.14 seconds
[[991 923]
 [  3  93]]
acc: 0.539
f1: 0.167
[[1489  425]
 [  30   66]]
acc: 0.774
f1: 0.225
6,113,coarse : 43.39 seconds
6,113,fine : 43.4 seconds
[[1049  865]
 [   5   91]]
acc: 0.567
f1: 0.173
[[1481  433]
 [  30   66]]
acc: 0.770
f1: 0.222
6,114,coarse : 44.3 seconds
6,114,fine : 44.31 seconds
[[995 919]
 [  3  93]]
acc: 0.541
f1: 0.168
[[1504  410]
 [  31   65]]
acc: 0.781
f1: 0.228
6,115,coarse : 42.71 seconds
6,115,fine : 42.72 seconds
[[1012  902]
 [   4   92]]
acc: 0.549
f1: 0.169
[[1438  476]
 [  26   70]]
acc: 0.750
f1: 0.218
6,116,coarse : 43.73 seconds
6,116,fine : 43.75 seconds
[[1024  890]
 [   5   91]]
acc: 0.555
f1: 0.169
[[1525  389]
 [  28   68]]
acc: 0.793
f1: 0.246
6,117,coarse : 44.51 seconds
6,117,fine : 44.52 seconds
[[1022  892]
 [   5   91]]
acc: 0.554
f1: 0.169
[[1535  379]
 [  28   68]]
acc: 0.798
f1: 0.250
6,118,coarse : 44.27 seconds
6,118,fine : 44.3 seconds
[[1045  869]
 [   5   91]]
acc: 0.565
f1: 0.172
[[1562  352]
 [  30   66]]
acc: 0.810
f1: 0.257
6,119,coarse : 43.68 seconds
6,119,fine : 43.7 seconds
[[1069  845]
 [   5   91]]
acc: 0.577
f1: 0.176
[[1520  394]
 [  30   66]]
acc: 0.789
f1: 0.237
6,120,coarse : 45.68 seconds
6,120,fine : 45.69 seconds
[[1017  897]
 [   5   91]]
acc: 0.551
f1: 0.168
[[1530  384]
 [  29   67]]
acc: 0.795
f1: 0.245
6,121,coarse : 44.71 seconds
6,121,fine : 44.72 seconds
[[981 933]
 [  4  92]]
acc: 0.534
f1: 0.164
[[1573  341]
 [  31   65]]
acc: 0.815
f1: 0.259
6,122,coarse : 45.35 seconds
6,122,fine : 45.37 seconds
[[986 928]
 [  4  92]]
acc: 0.536
f1: 0.165
[[1572  342]
 [  31   65]]
acc: 0.814
f1: 0.258
6,123,coarse : 46.92 seconds
6,123,fine : 46.93 seconds
[[1005  909]
 [   5   91]]
acc: 0.545
f1: 0.166
[[1578  336]
 [  31   65]]
acc: 0.817
f1: 0.262
6,124,coarse : 48.49 seconds
6,124,fine : 48.59 seconds
[[991 923]
 [  5  91]]
acc: 0.538
f1: 0.164
[[1599  315]
 [  32   64]]
acc: 0.827
f1: 0.269
6,125,coarse : 44.16 seconds
6,125,fine : 44.18 seconds
[[1030  884]
 [   5   91]]
acc: 0.558
f1: 0.170
[[1574  340]
 [  32   64]]
acc: 0.815
f1: 0.256
6,126,coarse : 47.13 seconds
6,126,fine : 47.14 seconds
[[1109  805]
 [   5   91]]
acc: 0.597
f1: 0.183
[[1566  348]
 [  31   65]]
acc: 0.811
f1: 0.255
6,127,coarse : 52.23 seconds
6,127,fine : 52.25 seconds
[[1152  762]
 [   5   91]]
acc: 0.618
f1: 0.192
[[1576  338]
 [  32   64]]
acc: 0.816
f1: 0.257
6,128,coarse : 52.08 seconds
6,128,fine : 52.09 seconds
[[1157  757]
 [   5   91]]
acc: 0.621
f1: 0.193
[[1585  329]
 [  31   65]]
acc: 0.821
f1: 0.265
6,129,coarse : 46.57 seconds
6,129,fine : 46.58 seconds
[[1135  779]
 [   5   91]]
acc: 0.610
f1: 0.188
[[1559  355]
 [  26   70]]
acc: 0.810
f1: 0.269
6,130,coarse : 45.09 seconds
6,130,fine : 45.12 seconds
[[1196  718]
 [   5   91]]
acc: 0.640
f1: 0.201
[[1501  413]
 [  24   72]]
acc: 0.783
f1: 0.248
6,131,coarse : 45.56 seconds
6,131,fine : 45.58 seconds
[[1193  721]
 [   5   91]]
acc: 0.639
f1: 0.200
[[1484  430]
 [  21   75]]
acc: 0.776
f1: 0.250
6,132,coarse : 46.19 seconds
6,132,fine : 46.21 seconds
[[1155  759]
 [   5   91]]
acc: 0.620
f1: 0.192
[[1490  424]
 [  21   75]]
acc: 0.779
f1: 0.252
6,133,coarse : 45.92 seconds
6,133,fine : 45.94 seconds
[[1196  718]
 [   5   91]]
acc: 0.640
f1: 0.201
[[1487  427]
 [  21   75]]
acc: 0.777
f1: 0.251
6,134,coarse : 45.66 seconds
6,134,fine : 45.67 seconds
[[1226  688]
 [   5   91]]
acc: 0.655
f1: 0.208
[[1495  419]
 [  22   74]]
acc: 0.781
f1: 0.251
6,135,coarse : 45.55 seconds
6,135,fine : 45.57 seconds
[[1229  685]
 [   5   91]]
acc: 0.657
f1: 0.209
[[1509  405]
 [  23   73]]
acc: 0.787
f1: 0.254
6,136,coarse : 44.59 seconds
6,136,fine : 44.6 seconds
[[1266  648]
 [   5   91]]
acc: 0.675
f1: 0.218
[[1507  407]
 [  22   74]]
acc: 0.787
f1: 0.256
6,137,coarse : 44.85 seconds
6,137,fine : 44.87 seconds
[[1234  680]
 [   5   91]]
acc: 0.659
f1: 0.210
[[1407  507]
 [  17   79]]
acc: 0.739
f1: 0.232
6,138,coarse : 44.72 seconds
6,138,fine : 44.73 seconds
[[1223  691]
 [   5   91]]
acc: 0.654
f1: 0.207
[[1469  445]
 [  19   77]]
acc: 0.769
f1: 0.249
6,139,coarse : 44.4 seconds
6,139,fine : 44.41 seconds
[[1190  724]
 [   5   91]]
acc: 0.637
f1: 0.200
[[1529  385]
 [  23   73]]
acc: 0.797
f1: 0.264
6,140,coarse : 44.18 seconds
6,140,fine : 44.2 seconds
[[1205  709]
 [   5   91]]
acc: 0.645
f1: 0.203
[[1517  397]
 [  22   74]]
acc: 0.792
f1: 0.261
6,141,coarse : 43.81 seconds
6,141,fine : 43.82 seconds
[[1245  669]
 [   7   89]]
acc: 0.664
f1: 0.208
[[1593  321]
 [  28   68]]
acc: 0.826
f1: 0.280
6,142,coarse : 46.16 seconds
6,142,fine : 46.18 seconds
[[1249  665]
 [   6   90]]
acc: 0.666
f1: 0.212
[[1563  351]
 [  24   72]]
acc: 0.813
f1: 0.277
6,143,coarse : 45.78 seconds
6,143,fine : 45.79 seconds
[[1272  642]
 [   7   89]]
acc: 0.677
f1: 0.215
[[1599  315]
 [  26   70]]
acc: 0.830
f1: 0.291
6,144,coarse : 46.16 seconds
6,144,fine : 46.18 seconds
[[1265  649]
 [   7   89]]
acc: 0.674
f1: 0.213
[[1586  328]
 [  24   72]]
acc: 0.825
f1: 0.290
6,145,coarse : 46.47 seconds
6,145,fine : 46.49 seconds
[[1236  678]
 [   6   90]]
acc: 0.660
f1: 0.208
[[1568  346]
 [  20   76]]
acc: 0.818
f1: 0.293
6,146,coarse : 45.36 seconds
6,146,fine : 45.38 seconds
[[1227  687]
 [   6   90]]
acc: 0.655
f1: 0.206
[[1572  342]
 [  20   76]]
acc: 0.820
f1: 0.296
6,147,coarse : 45.87 seconds
6,147,fine : 45.89 seconds
[[1251  663]
 [   6   90]]
acc: 0.667
f1: 0.212
[[1605  309]
 [  23   73]]
acc: 0.835
f1: 0.305
6,148,coarse : 44.38 seconds
6,148,fine : 44.46 seconds
[[1232  682]
 [   6   90]]
acc: 0.658
f1: 0.207
[[1610  304]
 [  23   73]]
acc: 0.837
f1: 0.309
6,149,coarse : 45.66 seconds
6,149,fine : 45.68 seconds
[[1212  702]
 [   5   91]]
acc: 0.648
f1: 0.205
[[1644  270]
 [  26   70]]
acc: 0.853
f1: 0.321
6,150,coarse : 48.15 seconds
6,150,fine : 48.17 seconds
[[1263  651]
 [   6   90]]
acc: 0.673
f1: 0.215
[[1643  271]
 [  24   72]]
acc: 0.853
f1: 0.328
6,151,coarse : 45.93 seconds
6,151,fine : 45.96 seconds
[[1283  631]
 [   6   90]]
acc: 0.683
f1: 0.220
[[1636  278]
 [  23   73]]
acc: 0.850
f1: 0.327
6,152,coarse : 43.85 seconds
6,152,fine : 43.86 seconds
[[1334  580]
 [   9   87]]
acc: 0.707
f1: 0.228
[[1639  275]
 [  22   74]]
acc: 0.852
f1: 0.333
6,153,coarse : 45.03 seconds
6,153,fine : 45.05 seconds
[[1217  697]
 [   6   90]]
acc: 0.650
f1: 0.204
[[1629  285]
 [  22   74]]
acc: 0.847
f1: 0.325
6,154,coarse : 45.34 seconds
6,154,fine : 45.36 seconds
[[1191  723]
 [   4   92]]
acc: 0.638
f1: 0.202
[[1627  287]
 [  22   74]]
acc: 0.846
f1: 0.324
6,155,coarse : 46.62 seconds
6,155,fine : 46.64 seconds
[[1247  667]
 [   6   90]]
acc: 0.665
f1: 0.211
[[1602  312]
 [  23   73]]
acc: 0.833
f1: 0.304
6,156,coarse : 46.54 seconds
6,156,fine : 46.55 seconds
[[1244  670]
 [   6   90]]
acc: 0.664
f1: 0.210
[[1677  237]
 [  30   66]]
acc: 0.867
f1: 0.331
6,157,coarse : 46.97 seconds
6,157,fine : 46.99 seconds
[[1304  610]
 [   9   87]]
acc: 0.692
f1: 0.219
[[1706  208]
 [  33   63]]
acc: 0.880
f1: 0.343
6,158,coarse : 47.4 seconds
6,158,fine : 47.42 seconds
[[1346  568]
 [   9   87]]
acc: 0.713
f1: 0.232
[[1731  183]
 [  33   63]]
acc: 0.893
f1: 0.368
6,159,coarse : 46.03 seconds
6,159,fine : 46.05 seconds
[[1340  574]
 [   9   87]]
acc: 0.710
f1: 0.230
[[1727  187]
 [  34   62]]
acc: 0.890
f1: 0.359
6,160,coarse : 45.77 seconds
6,160,fine : 45.79 seconds
[[1369  545]
 [  10   86]]
acc: 0.724
f1: 0.237
[[1730  184]
 [  35   61]]
acc: 0.891
f1: 0.358
6,161,coarse : 45.95 seconds
6,161,fine : 45.96 seconds
[[1378  536]
 [  11   85]]
acc: 0.728
f1: 0.237
[[1729  185]
 [  35   61]]
acc: 0.891
f1: 0.357
6,162,coarse : 49.21 seconds
6,162,fine : 49.22 seconds
[[1389  525]
 [  11   85]]
acc: 0.733
f1: 0.241
[[1729  185]
 [  33   63]]
acc: 0.892
f1: 0.366
6,163,coarse : 45.76 seconds
6,163,fine : 45.78 seconds
[[1377  537]
 [  12   84]]
acc: 0.727
f1: 0.234
[[1737  177]
 [  35   61]]
acc: 0.895
f1: 0.365
6,164,coarse : 42.71 seconds
6,164,fine : 42.73 seconds
[[1378  536]
 [  11   85]]
acc: 0.728
f1: 0.237
[[1733  181]
 [  34   62]]
acc: 0.893
f1: 0.366
6,165,coarse : 44.11 seconds
6,165,fine : 44.13 seconds
[[1420  494]
 [  12   84]]
acc: 0.748
f1: 0.249
[[1757  157]
 [  38   58]]
acc: 0.903
f1: 0.373
6,166,coarse : 49.88 seconds
6,166,fine : 49.9 seconds
[[1513  401]
 [  16   80]]
acc: 0.793
f1: 0.277
[[1755  159]
 [  34   62]]
acc: 0.904
f1: 0.391
6,167,coarse : 51.16 seconds
6,167,fine : 51.18 seconds
[[1536  378]
 [  17   79]]
acc: 0.803
f1: 0.286
[[1757  157]
 [  36   60]]
acc: 0.904
f1: 0.383
6,168,coarse : 46.63 seconds
6,168,fine : 46.66 seconds
[[1561  353]
 [  18   78]]
acc: 0.815
f1: 0.296
[[1788  126]
 [  40   56]]
acc: 0.917
f1: 0.403
6,169,coarse : 45.48 seconds
6,169,fine : 45.5 seconds
[[1565  349]
 [  18   78]]
acc: 0.817
f1: 0.298
[[1808  106]
 [  44   52]]
acc: 0.925
f1: 0.409
6,170,coarse : 45.22 seconds
6,170,fine : 45.23 seconds
[[1594  320]
 [  18   78]]
acc: 0.832
f1: 0.316
[[1831   83]
 [  50   46]]
acc: 0.934
f1: 0.409
6,171,coarse : 45.32 seconds
6,171,fine : 45.35 seconds
[[1616  298]
 [  19   77]]
acc: 0.842
f1: 0.327
[[1836   78]
 [  53   43]]
acc: 0.935
f1: 0.396
6,172,coarse : 44.61 seconds
6,172,fine : 44.63 seconds
