all           0      1    2    3    4    5    6    7    8    
1      2010   1914   1    19   32   19   1    11   6    7    
2      2010   1914   1    19   32   19   1    11   6    7    
3      2010   1914   1    19   32   19   1    11   5    8    
4      2010   1914   1    19   32   19   1    10   6    8    
5      2010   1914   1    18   33   19   1    10   6    8    
6      2010   1914   1    18   33   19   1    10   6    8    
7      2010   1913   2    18   33   19   1    10   6    8    
8      2010   1913   2    18   33   19   1    10   6    8    
9      2009   1913   2    18   32   19   2    10   6    7    
10     2009   1913   1    19   32   19   1    11   6    7    
Total  20098  19136  13   185  324  190  11   104  59   76   
train         0      1    2    3    4    5    6    7    8    
1      2010   1914   1    19   32   19   1    11   6    7    
2      2010   1914   1    19   32   19   1    11   6    7    
3      2010   1914   1    19   32   19   1    11   5    8    
4      2010   1914   1    19   32   19   1    10   6    8    
5      2010   1914   1    18   33   19   1    10   6    8    
6      2010   1914   1    18   33   19   1    10   6    8    
7      2010   1913   2    18   33   19   1    10   6    8    
8      2010   1913   2    18   33   19   1    10   6    8    
9      2009   1913   2    18   32   19   2    10   6    7    
Total  18089  17223  12   166  292  171  10   93   53   69   
test          0      1    2    3    4    5    6    7    8    
10     2009   1913   1    19   32   19   1    11   6    7    
Total  2009   1913   1    19   32   19   1    11   6    7    
Classes             
0         17223     
1         12        
2         166       
3         292       
4         171       
5         10        
6         93        
7         53        
8         69        
Total     18089     

Shape: 450       

[952, 10, 11, 16, 11, 10, 10, 10, 10]
Sum start => 1040
[[1713  200]
 [  54   42]]
acc: 0.874
f1: 0.249
[[1906    7]
 [  92    4]]
acc: 0.951
f1: 0.075
10,1,coarse : 41.09 seconds
10,1,fine : 41.09 seconds
[[1713  200]
 [  54   42]]
acc: 0.874
f1: 0.249
[[1906    7]
 [  92    4]]
acc: 0.951
f1: 0.075
10,2,coarse : 42.52 seconds
10,2,fine : 42.52 seconds
