all           0      1    2    3    4    5    6    7    8    
1      2010   1914   1    19   32   19   1    11   6    7    
2      2010   1914   1    19   32   19   1    11   6    7    
3      2010   1914   1    19   32   19   1    11   5    8    
4      2010   1914   1    19   32   19   1    10   6    8    
5      2010   1914   1    18   33   19   1    10   6    8    
6      2010   1914   1    18   33   19   1    10   6    8    
7      2010   1913   2    18   33   19   1    10   6    8    
8      2010   1913   2    18   33   19   1    10   6    8    
9      2009   1913   2    18   32   19   2    10   6    7    
10     2009   1913   1    19   32   19   1    11   6    7    
Total  20098  19136  13   185  324  190  11   104  59   76   
train         0      1    2    3    4    5    6    7    8    
2      2010   1914   1    19   32   19   1    11   6    7    
3      2010   1914   1    19   32   19   1    11   5    8    
4      2010   1914   1    19   32   19   1    10   6    8    
5      2010   1914   1    18   33   19   1    10   6    8    
6      2010   1914   1    18   33   19   1    10   6    8    
7      2010   1913   2    18   33   19   1    10   6    8    
8      2010   1913   2    18   33   19   1    10   6    8    
9      2009   1913   2    18   32   19   2    10   6    7    
10     2009   1913   1    19   32   19   1    11   6    7    
Total  18088  17222  12   166  292  171  10   93   53   69   
test          0      1    2    3    4    5    6    7    8    
1      2010   1914   1    19   32   19   1    11   6    7    
Total  2010   1914   1    19   32   19   1    11   6    7    
Classes             
0         17222     
1         12        
2         166       
3         292       
4         171       
5         10        
6         93        
7         53        
8         69        
Total     18088     

Shape: 450       

[952, 10, 11, 16, 11, 10, 10, 10, 10]
Sum start => 1040
[[1102  812]
 [  14   82]]
acc: 0.589
f1: 0.166
[[1889   25]
 [  83   13]]
acc: 0.946
f1: 0.194
1,1,coarse : 38.81 seconds
1,1,fine : 38.82 seconds
[[1102  812]
 [  14   82]]
acc: 0.589
f1: 0.166
[[1889   25]
 [  83   13]]
acc: 0.946
f1: 0.194
1,2,coarse : 40.99 seconds
1,2,fine : 40.99 seconds
[[1115  799]
 [  13   83]]
acc: 0.596
f1: 0.170
[[1891   23]
 [  84   12]]
acc: 0.947
f1: 0.183
1,3,coarse : 4.97 seconds
1,3,fine : 4.97 seconds
[[1144  770]
 [  13   83]]
acc: 0.610
f1: 0.175
[[1895   19]
 [  86   10]]
acc: 0.948
f1: 0.160
1,4,coarse : 5.07 seconds
1,4,fine : 5.08 seconds
[[1157  757]
 [  14   82]]
acc: 0.616
f1: 0.175
[[1898   16]
 [  86   10]]
acc: 0.949
f1: 0.164
1,5,coarse : 5.29 seconds
1,5,fine : 5.29 seconds
[[1153  761]
 [  14   82]]
acc: 0.614
f1: 0.175
[[1902   12]
 [  88    8]]
acc: 0.950
f1: 0.138
1,6,coarse : 5.73 seconds
1,6,fine : 5.73 seconds
[[1179  735]
 [  14   82]]
acc: 0.627
f1: 0.180
[[1903   11]
 [  90    6]]
acc: 0.950
f1: 0.106
1,7,coarse : 5.84 seconds
1,7,fine : 5.84 seconds
[[1211  703]
 [  15   81]]
acc: 0.643
f1: 0.184
[[1904   10]
 [  88    8]]
acc: 0.951
f1: 0.140
1,8,coarse : 6.05 seconds
1,8,fine : 6.06 seconds
[[1210  704]
 [  14   82]]
acc: 0.643
f1: 0.186
[[1902   12]
 [  88    8]]
acc: 0.950
f1: 0.138
1,9,coarse : 6.25 seconds
1,9,fine : 6.25 seconds
[[1219  695]
 [  14   82]]
acc: 0.647
f1: 0.188
[[1900   14]
 [  88    8]]
acc: 0.949
f1: 0.136
1,10,coarse : 6.43 seconds
1,10,fine : 6.44 seconds
[[1226  688]
 [  14   82]]
acc: 0.651
f1: 0.189
[[1900   14]
 [  90    6]]
acc: 0.948
f1: 0.103
1,11,coarse : 6.67 seconds
1,11,fine : 6.67 seconds
[[1228  686]
 [  14   82]]
acc: 0.652
f1: 0.190
[[1902   12]
 [  90    6]]
acc: 0.949
f1: 0.105
1,12,coarse : 6.9 seconds
1,12,fine : 6.91 seconds
[[1240  674]
 [  15   81]]
acc: 0.657
f1: 0.190
[[1902   12]
 [  89    7]]
acc: 0.950
f1: 0.122
1,13,coarse : 7.27 seconds
1,13,fine : 7.28 seconds
[[1253  661]
 [  14   82]]
acc: 0.664
f1: 0.195
[[1901   13]
 [  88    8]]
acc: 0.950
f1: 0.137
1,14,coarse : 7.54 seconds
1,14,fine : 7.54 seconds
[[1252  662]
 [  14   82]]
acc: 0.664
f1: 0.195
[[1901   13]
 [  89    7]]
acc: 0.949
f1: 0.121
1,15,coarse : 7.68 seconds
1,15,fine : 7.68 seconds
[[1257  657]
 [  14   82]]
acc: 0.666
f1: 0.196
[[1901   13]
 [  86   10]]
acc: 0.951
f1: 0.168
1,16,coarse : 8.12 seconds
1,16,fine : 8.12 seconds
[[1265  649]
 [  14   82]]
acc: 0.670
f1: 0.198
[[1902   12]
 [  85   11]]
acc: 0.952
f1: 0.185
1,17,coarse : 8.13 seconds
1,17,fine : 8.14 seconds
[[1261  653]
 [  14   82]]
acc: 0.668
f1: 0.197
[[1898   16]
 [  84   12]]
acc: 0.950
f1: 0.194
1,18,coarse : 8.7 seconds
1,18,fine : 8.7 seconds
[[1270  644]
 [  14   82]]
acc: 0.673
f1: 0.200
[[1897   17]
 [  84   12]]
acc: 0.950
f1: 0.192
1,19,coarse : 8.42 seconds
1,19,fine : 8.43 seconds
[[1275  639]
 [  14   82]]
acc: 0.675
f1: 0.201
[[1895   19]
 [  84   12]]
acc: 0.949
f1: 0.189
1,20,coarse : 8.6 seconds
1,20,fine : 8.6 seconds
[[1281  633]
 [  14   82]]
acc: 0.678
f1: 0.202
[[1894   20]
 [  84   12]]
acc: 0.948
f1: 0.188
1,21,coarse : 9.04 seconds
1,21,fine : 9.04 seconds
[[1291  623]
 [  15   81]]
acc: 0.683
f1: 0.203
[[1895   19]
 [  82   14]]
acc: 0.950
f1: 0.217
1,22,coarse : 9.56 seconds
1,22,fine : 9.56 seconds
[[1289  625]
 [  16   80]]
acc: 0.681
f1: 0.200
[[1895   19]
 [  82   14]]
acc: 0.950
f1: 0.217
1,23,coarse : 9.44 seconds
1,23,fine : 9.44 seconds
[[1301  613]
 [  16   80]]
acc: 0.687
f1: 0.203
[[1892   22]
 [  79   17]]
acc: 0.950
f1: 0.252
1,24,coarse : 9.82 seconds
1,24,fine : 9.82 seconds
[[1302  612]
 [  15   81]]
acc: 0.688
f1: 0.205
[[1893   21]
 [  79   17]]
acc: 0.950
f1: 0.254
1,25,coarse : 10.16 seconds
1,25,fine : 10.16 seconds
[[1299  615]
 [  14   82]]
acc: 0.687
f1: 0.207
[[1890   24]
 [  76   20]]
acc: 0.950
f1: 0.286
1,26,coarse : 10.09 seconds
1,26,fine : 10.09 seconds
[[1299  615]
 [  15   81]]
acc: 0.687
f1: 0.205
[[1890   24]
 [  76   20]]
acc: 0.950
f1: 0.286
1,27,coarse : 10.66 seconds
1,27,fine : 10.67 seconds
[[1286  628]
 [  14   82]]
acc: 0.681
f1: 0.203
[[1890   24]
 [  75   21]]
acc: 0.951
f1: 0.298
1,28,coarse : 11.18 seconds
1,28,fine : 11.18 seconds
[[1295  619]
 [  15   81]]
acc: 0.685
f1: 0.204
[[1892   22]
 [  74   22]]
acc: 0.952
f1: 0.314
1,29,coarse : 11.11 seconds
1,29,fine : 11.11 seconds
[[1294  620]
 [  14   82]]
acc: 0.685
f1: 0.206
[[1886   28]
 [  71   25]]
acc: 0.951
f1: 0.336
1,30,coarse : 11.46 seconds
1,30,fine : 11.47 seconds
[[1298  616]
 [  14   82]]
acc: 0.687
f1: 0.207
[[1888   26]
 [  72   24]]
acc: 0.951
f1: 0.329
1,31,coarse : 11.78 seconds
1,31,fine : 11.78 seconds
[[1297  617]
 [  15   81]]
acc: 0.686
f1: 0.204
[[1884   30]
 [  69   27]]
acc: 0.951
f1: 0.353
1,32,coarse : 11.84 seconds
1,32,fine : 11.86 seconds
[[1299  615]
 [  15   81]]
acc: 0.687
f1: 0.205
[[1880   34]
 [  67   29]]
acc: 0.950
f1: 0.365
1,33,coarse : 12.24 seconds
1,33,fine : 12.24 seconds
[[1305  609]
 [  15   81]]
acc: 0.690
f1: 0.206
[[1876   38]
 [  65   31]]
acc: 0.949
f1: 0.376
1,34,coarse : 12.78 seconds
1,34,fine : 12.79 seconds
[[1317  597]
 [  13   83]]
acc: 0.697
f1: 0.214
[[1876   38]
 [  66   30]]
acc: 0.948
f1: 0.366
1,35,coarse : 12.48 seconds
1,35,fine : 12.49 seconds
[[1326  588]
 [  14   82]]
acc: 0.700
f1: 0.214
[[1880   34]
 [  67   29]]
acc: 0.950
f1: 0.365
1,36,coarse : 13.08 seconds
1,36,fine : 13.09 seconds
[[1326  588]
 [  14   82]]
acc: 0.700
f1: 0.214
[[1881   33]
 [  67   29]]
acc: 0.950
f1: 0.367
1,37,coarse : 13.39 seconds
1,37,fine : 13.4 seconds
[[1326  588]
 [  13   83]]
acc: 0.701
f1: 0.216
[[1880   34]
 [  66   30]]
acc: 0.950
f1: 0.375
1,38,coarse : 13.58 seconds
1,38,fine : 13.59 seconds
[[1326  588]
 [  13   83]]
acc: 0.701
f1: 0.216
[[1880   34]
 [  64   32]]
acc: 0.951
f1: 0.395
1,39,coarse : 14.07 seconds
1,39,fine : 14.07 seconds
[[1326  588]
 [  14   82]]
acc: 0.700
f1: 0.214
[[1875   39]
 [  66   30]]
acc: 0.948
f1: 0.364
1,40,coarse : 13.59 seconds
1,40,fine : 13.6 seconds
[[1321  593]
 [  15   81]]
acc: 0.698
f1: 0.210
[[1874   40]
 [  64   32]]
acc: 0.948
f1: 0.381
1,41,coarse : 14.46 seconds
1,41,fine : 14.47 seconds
[[1328  586]
 [  14   82]]
acc: 0.701
f1: 0.215
[[1868   46]
 [  64   32]]
acc: 0.945
f1: 0.368
1,42,coarse : 14.6 seconds
1,42,fine : 14.61 seconds
[[1340  574]
 [  14   82]]
acc: 0.707
f1: 0.218
[[1865   49]
 [  65   31]]
acc: 0.943
f1: 0.352
1,43,coarse : 14.77 seconds
1,43,fine : 14.78 seconds
[[1343  571]
 [  14   82]]
acc: 0.709
f1: 0.219
[[1867   47]
 [  64   32]]
acc: 0.945
f1: 0.366
1,44,coarse : 15.55 seconds
1,44,fine : 15.55 seconds
[[1347  567]
 [  14   82]]
acc: 0.711
f1: 0.220
[[1863   51]
 [  64   32]]
acc: 0.943
f1: 0.358
1,45,coarse : 15.53 seconds
1,45,fine : 15.54 seconds
[[1334  580]
 [  13   83]]
acc: 0.705
f1: 0.219
[[1865   49]
 [  63   33]]
acc: 0.944
f1: 0.371
1,46,coarse : 15.95 seconds
1,46,fine : 15.96 seconds
[[1329  585]
 [  13   83]]
acc: 0.702
f1: 0.217
[[1865   49]
 [  64   32]]
acc: 0.944
f1: 0.362
1,47,coarse : 15.9 seconds
1,47,fine : 15.91 seconds
[[1327  587]
 [  13   83]]
acc: 0.701
f1: 0.217
[[1867   47]
 [  64   32]]
acc: 0.945
f1: 0.366
1,48,coarse : 16.62 seconds
1,48,fine : 16.63 seconds
[[1326  588]
 [  13   83]]
acc: 0.701
f1: 0.216
[[1866   48]
 [  63   33]]
acc: 0.945
f1: 0.373
1,49,coarse : 16.4 seconds
1,49,fine : 16.41 seconds
[[1330  584]
 [  13   83]]
acc: 0.703
f1: 0.218
[[1865   49]
 [  62   34]]
acc: 0.945
f1: 0.380
1,50,coarse : 19.03 seconds
1,50,fine : 19.04 seconds
[[1330  584]
 [  13   83]]
acc: 0.703
f1: 0.218
[[1864   50]
 [  63   33]]
acc: 0.944
f1: 0.369
1,51,coarse : 17.39 seconds
1,51,fine : 17.4 seconds
[[1333  581]
 [  13   83]]
acc: 0.704
f1: 0.218
[[1865   49]
 [  62   34]]
acc: 0.945
f1: 0.380
1,52,coarse : 18.02 seconds
1,52,fine : 18.02 seconds
[[1338  576]
 [  13   83]]
acc: 0.707
f1: 0.220
[[1864   50]
 [  62   34]]
acc: 0.944
f1: 0.378
1,53,coarse : 18.07 seconds
1,53,fine : 18.08 seconds
[[1332  582]
 [  13   83]]
acc: 0.704
f1: 0.218
[[1864   50]
 [  60   36]]
acc: 0.945
f1: 0.396
1,54,coarse : 18.49 seconds
1,54,fine : 18.5 seconds
[[1338  576]
 [  13   83]]
acc: 0.707
f1: 0.220
[[1864   50]
 [  60   36]]
acc: 0.945
f1: 0.396
1,55,coarse : 18.55 seconds
1,55,fine : 18.55 seconds
[[1341  573]
 [  13   83]]
acc: 0.708
f1: 0.221
[[1863   51]
 [  61   35]]
acc: 0.944
f1: 0.385
1,56,coarse : 19.17 seconds
1,56,fine : 19.18 seconds
[[1343  571]
 [  14   82]]
acc: 0.709
f1: 0.219
[[1861   53]
 [  60   36]]
acc: 0.944
f1: 0.389
1,57,coarse : 19.27 seconds
1,57,fine : 19.28 seconds
[[1344  570]
 [  14   82]]
acc: 0.709
f1: 0.219
[[1859   55]
 [  59   37]]
acc: 0.943
f1: 0.394
1,58,coarse : 19.71 seconds
1,58,fine : 19.72 seconds
[[1343  571]
 [  14   82]]
acc: 0.709
f1: 0.219
[[1859   55]
 [  58   38]]
acc: 0.944
f1: 0.402
1,59,coarse : 20.43 seconds
1,59,fine : 20.44 seconds
[[1350  564]
 [  14   82]]
acc: 0.712
f1: 0.221
[[1858   56]
 [  58   38]]
acc: 0.943
f1: 0.400
1,60,coarse : 20.43 seconds
1,60,fine : 20.44 seconds
[[1352  562]
 [  14   82]]
acc: 0.713
f1: 0.222
[[1858   56]
 [  58   38]]
acc: 0.943
f1: 0.400
1,61,coarse : 20.85 seconds
1,61,fine : 20.86 seconds
[[1350  564]
 [  15   81]]
acc: 0.712
f1: 0.219
[[1859   55]
 [  58   38]]
acc: 0.944
f1: 0.402
1,62,coarse : 20.48 seconds
1,62,fine : 20.49 seconds
[[1359  555]
 [  15   81]]
acc: 0.716
f1: 0.221
[[1855   59]
 [  57   39]]
acc: 0.942
f1: 0.402
1,63,coarse : 21.72 seconds
1,63,fine : 21.73 seconds
[[1356  558]
 [  15   81]]
acc: 0.715
f1: 0.220
[[1856   58]
 [  57   39]]
acc: 0.943
f1: 0.404
1,64,coarse : 21.46 seconds
1,64,fine : 21.47 seconds
[[1352  562]
 [  13   83]]
acc: 0.714
f1: 0.224
[[1856   58]
 [  58   38]]
acc: 0.942
f1: 0.396
1,65,coarse : 21.85 seconds
1,65,fine : 21.86 seconds
[[1355  559]
 [  12   84]]
acc: 0.716
f1: 0.227
[[1857   57]
 [  58   38]]
acc: 0.943
f1: 0.398
1,66,coarse : 22.03 seconds
1,66,fine : 22.04 seconds
[[1353  561]
 [  12   84]]
acc: 0.715
f1: 0.227
[[1854   60]
 [  57   39]]
acc: 0.942
f1: 0.400
1,67,coarse : 22.21 seconds
1,67,fine : 22.22 seconds
[[1356  558]
 [  11   85]]
acc: 0.717
f1: 0.230
[[1854   60]
 [  57   39]]
acc: 0.942
f1: 0.400
1,68,coarse : 22.94 seconds
1,68,fine : 22.95 seconds
[[1353  561]
 [  11   85]]
acc: 0.715
f1: 0.229
[[1853   61]
 [  56   40]]
acc: 0.942
f1: 0.406
1,69,coarse : 23.37 seconds
1,69,fine : 23.38 seconds
[[1353  561]
 [  12   84]]
acc: 0.715
f1: 0.227
[[1855   59]
 [  57   39]]
acc: 0.942
f1: 0.402
1,70,coarse : 23.48 seconds
1,70,fine : 23.49 seconds
[[1354  560]
 [  12   84]]
acc: 0.715
f1: 0.227
[[1854   60]
 [  56   40]]
acc: 0.942
f1: 0.408
1,71,coarse : 23.61 seconds
1,71,fine : 23.62 seconds
[[1350  564]
 [  11   85]]
acc: 0.714
f1: 0.228
[[1854   60]
 [  56   40]]
acc: 0.942
f1: 0.408
1,72,coarse : 24.29 seconds
1,72,fine : 24.29 seconds
[[1350  564]
 [  12   84]]
acc: 0.713
f1: 0.226
[[1856   58]
 [  53   43]]
acc: 0.945
f1: 0.437
1,73,coarse : 25.17 seconds
1,73,fine : 25.18 seconds
[[1355  559]
 [  11   85]]
acc: 0.716
f1: 0.230
[[1857   57]
 [  52   44]]
acc: 0.946
f1: 0.447
1,74,coarse : 24.68 seconds
1,74,fine : 24.69 seconds
[[1347  567]
 [  12   84]]
acc: 0.712
f1: 0.225
[[1859   55]
 [  52   44]]
acc: 0.947
f1: 0.451
1,75,coarse : 25.91 seconds
1,75,fine : 25.92 seconds
[[1336  578]
 [  12   84]]
acc: 0.706
f1: 0.222
[[1857   57]
 [  52   44]]
acc: 0.946
f1: 0.447
1,76,coarse : 25.61 seconds
1,76,fine : 25.62 seconds
[[1332  582]
 [  12   84]]
acc: 0.704
f1: 0.220
[[1858   56]
 [  52   44]]
acc: 0.946
f1: 0.449
1,77,coarse : 25.41 seconds
1,77,fine : 25.42 seconds
[[1344  570]
 [  12   84]]
acc: 0.710
f1: 0.224
[[1857   57]
 [  50   46]]
acc: 0.947
f1: 0.462
1,78,coarse : 25.95 seconds
1,78,fine : 25.96 seconds
[[1349  565]
 [  12   84]]
acc: 0.713
f1: 0.226
[[1859   55]
 [  49   47]]
acc: 0.948
f1: 0.475
1,79,coarse : 26.24 seconds
1,79,fine : 26.25 seconds
[[1348  566]
 [  11   85]]
acc: 0.713
f1: 0.228
[[1857   57]
 [  49   47]]
acc: 0.947
f1: 0.470
1,80,coarse : 26.6 seconds
1,80,fine : 26.61 seconds
[[1348  566]
 [  11   85]]
acc: 0.713
f1: 0.228
[[1858   56]
 [  47   49]]
acc: 0.949
f1: 0.488
1,81,coarse : 26.34 seconds
1,81,fine : 26.35 seconds
[[1351  563]
 [  11   85]]
acc: 0.714
f1: 0.228
[[1858   56]
 [  47   49]]
acc: 0.949
f1: 0.488
1,82,coarse : 28.17 seconds
1,82,fine : 28.18 seconds
[[1346  568]
 [  10   86]]
acc: 0.712
f1: 0.229
[[1858   56]
 [  47   49]]
acc: 0.949
f1: 0.488
1,83,coarse : 27.14 seconds
1,83,fine : 27.15 seconds
[[1349  565]
 [  10   86]]
acc: 0.714
f1: 0.230
[[1858   56]
 [  47   49]]
acc: 0.949
f1: 0.488
1,84,coarse : 27.01 seconds
1,84,fine : 27.02 seconds
[[1349  565]
 [  10   86]]
acc: 0.714
f1: 0.230
[[1856   58]
 [  46   50]]
acc: 0.948
f1: 0.490
1,85,coarse : 28.25 seconds
1,85,fine : 28.26 seconds
[[1344  570]
 [  10   86]]
acc: 0.711
f1: 0.229
[[1851   63]
 [  46   50]]
acc: 0.946
f1: 0.478
1,86,coarse : 28.57 seconds
1,86,fine : 28.58 seconds
[[1345  569]
 [  10   86]]
acc: 0.712
f1: 0.229
[[1849   65]
 [  46   50]]
acc: 0.945
f1: 0.474
1,87,coarse : 28.69 seconds
1,87,fine : 28.7 seconds
[[1344  570]
 [  10   86]]
acc: 0.711
f1: 0.229
[[1850   64]
 [  46   50]]
acc: 0.945
f1: 0.476
1,88,coarse : 29.16 seconds
1,88,fine : 29.18 seconds
[[1345  569]
 [  10   86]]
acc: 0.712
f1: 0.229
[[1851   63]
 [  45   51]]
acc: 0.946
f1: 0.486
1,89,coarse : 29.42 seconds
1,89,fine : 29.43 seconds
[[1346  568]
 [  10   86]]
acc: 0.712
f1: 0.229
[[1851   63]
 [  45   51]]
acc: 0.946
f1: 0.486
1,90,coarse : 30.0 seconds
1,90,fine : 30.01 seconds
[[1348  566]
 [   9   87]]
acc: 0.714
f1: 0.232
[[1855   59]
 [  45   51]]
acc: 0.948
f1: 0.495
1,91,coarse : 31.18 seconds
1,91,fine : 31.19 seconds
[[1349  565]
 [   9   87]]
acc: 0.714
f1: 0.233
[[1852   62]
 [  45   51]]
acc: 0.947
f1: 0.488
1,92,coarse : 31.37 seconds
1,92,fine : 31.38 seconds
[[1351  563]
 [   9   87]]
acc: 0.715
f1: 0.233
[[1854   60]
 [  45   51]]
acc: 0.948
f1: 0.493
1,93,coarse : 31.0 seconds
1,93,fine : 31.01 seconds
[[1346  568]
 [   9   87]]
acc: 0.713
f1: 0.232
[[1850   64]
 [  45   51]]
acc: 0.946
f1: 0.483
1,94,coarse : 30.85 seconds
1,94,fine : 30.86 seconds
[[1347  567]
 [   9   87]]
acc: 0.713
f1: 0.232
[[1852   62]
 [  45   51]]
acc: 0.947
f1: 0.488
1,95,coarse : 32.78 seconds
1,95,fine : 32.79 seconds
[[1346  568]
 [   9   87]]
acc: 0.713
f1: 0.232
[[1849   65]
 [  46   50]]
acc: 0.945
f1: 0.474
1,96,coarse : 32.9 seconds
1,96,fine : 32.91 seconds
[[1344  570]
 [  10   86]]
acc: 0.711
f1: 0.229
[[1852   62]
 [  46   50]]
acc: 0.946
f1: 0.481
1,97,coarse : 33.81 seconds
1,97,fine : 33.82 seconds
[[1342  572]
 [  10   86]]
acc: 0.710
f1: 0.228
[[1850   64]
 [  46   50]]
acc: 0.945
f1: 0.476
1,98,coarse : 33.33 seconds
1,98,fine : 33.34 seconds
[[1344  570]
 [  10   86]]
acc: 0.711
f1: 0.229
[[1849   65]
 [  46   50]]
acc: 0.945
f1: 0.474
1,99,coarse : 33.64 seconds
1,99,fine : 33.65 seconds
[[1346  568]
 [  10   86]]
acc: 0.712
f1: 0.229
[[1849   65]
 [  46   50]]
acc: 0.945
f1: 0.474
1,100,coarse : 36.46 seconds
1,100,fine : 36.47 seconds
[[1350  564]
 [  10   86]]
acc: 0.714
f1: 0.231
[[1848   66]
 [  46   50]]
acc: 0.944
f1: 0.472
1,101,coarse : 34.83 seconds
1,101,fine : 34.84 seconds
[[1353  561]
 [  10   86]]
acc: 0.716
f1: 0.231
[[1849   65]
 [  45   51]]
acc: 0.945
f1: 0.481
1,102,coarse : 33.97 seconds
1,102,fine : 33.98 seconds
[[1353  561]
 [  10   86]]
acc: 0.716
f1: 0.231
[[1847   67]
 [  46   50]]
acc: 0.944
f1: 0.469
1,103,coarse : 35.1 seconds
1,103,fine : 35.12 seconds
[[1358  556]
 [  10   86]]
acc: 0.718
f1: 0.233
[[1846   68]
 [  45   51]]
acc: 0.944
f1: 0.474
1,104,coarse : 35.27 seconds
1,104,fine : 35.29 seconds
[[1358  556]
 [  10   86]]
acc: 0.718
f1: 0.233
[[1847   67]
 [  45   51]]
acc: 0.944
f1: 0.477
1,105,coarse : 35.53 seconds
1,105,fine : 35.54 seconds
[[1363  551]
 [  10   86]]
acc: 0.721
f1: 0.235
[[1846   68]
 [  44   52]]
acc: 0.944
f1: 0.481
1,106,coarse : 36.71 seconds
1,106,fine : 36.73 seconds
[[1364  550]
 [  11   85]]
acc: 0.721
f1: 0.233
[[1844   70]
 [  46   50]]
acc: 0.942
f1: 0.463
1,107,coarse : 36.62 seconds
1,107,fine : 36.63 seconds
[[1365  549]
 [  11   85]]
acc: 0.721
f1: 0.233
[[1842   72]
 [  45   51]]
acc: 0.942
f1: 0.466
1,108,coarse : 37.35 seconds
1,108,fine : 37.36 seconds
[[1369  545]
 [  11   85]]
acc: 0.723
f1: 0.234
[[1841   73]
 [  45   51]]
acc: 0.941
f1: 0.464
1,109,coarse : 36.25 seconds
1,109,fine : 36.27 seconds
[[1364  550]
 [  11   85]]
acc: 0.721
f1: 0.233
[[1842   72]
 [  45   51]]
acc: 0.942
f1: 0.466
1,110,coarse : 37.92 seconds
1,110,fine : 37.93 seconds
[[1357  557]
 [  12   84]]
acc: 0.717
f1: 0.228
[[1842   72]
 [  45   51]]
acc: 0.942
f1: 0.466
1,111,coarse : 38.13 seconds
1,111,fine : 38.14 seconds
[[1358  556]
 [  12   84]]
acc: 0.717
f1: 0.228
[[1841   73]
 [  44   52]]
acc: 0.942
f1: 0.471
1,112,coarse : 38.17 seconds
1,112,fine : 38.18 seconds
[[1354  560]
 [  11   85]]
acc: 0.716
f1: 0.229
[[1843   71]
 [  44   52]]
acc: 0.943
f1: 0.475
1,113,coarse : 38.38 seconds
1,113,fine : 38.39 seconds
[[1360  554]
 [  11   85]]
acc: 0.719
f1: 0.231
[[1842   72]
 [  43   53]]
acc: 0.943
f1: 0.480
1,114,coarse : 37.83 seconds
1,114,fine : 37.85 seconds
[[1364  550]
 [  11   85]]
acc: 0.721
f1: 0.233
[[1843   71]
 [  44   52]]
acc: 0.943
f1: 0.475
1,115,coarse : 37.86 seconds
1,115,fine : 37.88 seconds
[[1364  550]
 [   9   87]]
acc: 0.722
f1: 0.237
[[1840   74]
 [  44   52]]
acc: 0.941
f1: 0.468
1,116,coarse : 39.62 seconds
1,116,fine : 39.63 seconds
[[1364  550]
 [   9   87]]
acc: 0.722
f1: 0.237
[[1840   74]
 [  43   53]]
acc: 0.942
f1: 0.475
1,117,coarse : 40.12 seconds
1,117,fine : 40.13 seconds
[[1373  541]
 [   9   87]]
acc: 0.726
f1: 0.240
[[1839   75]
 [  43   53]]
acc: 0.941
f1: 0.473
1,118,coarse : 39.76 seconds
1,118,fine : 39.77 seconds
[[1374  540]
 [   9   87]]
acc: 0.727
f1: 0.241
[[1841   73]
 [  44   52]]
acc: 0.942
f1: 0.471
1,119,coarse : 39.87 seconds
1,119,fine : 39.88 seconds
[[1371  543]
 [  11   85]]
acc: 0.724
f1: 0.235
[[1841   73]
 [  43   53]]
acc: 0.942
f1: 0.477
1,120,coarse : 41.36 seconds
1,120,fine : 41.38 seconds
[[1369  545]
 [  11   85]]
acc: 0.723
f1: 0.234
[[1842   72]
 [  43   53]]
acc: 0.943
f1: 0.480
1,121,coarse : 42.61 seconds
1,121,fine : 42.63 seconds
[[1369  545]
 [  11   85]]
acc: 0.723
f1: 0.234
[[1841   73]
 [  43   53]]
acc: 0.942
f1: 0.477
1,122,coarse : 42.39 seconds
1,122,fine : 42.4 seconds
[[1364  550]
 [  11   85]]
acc: 0.721
f1: 0.233
[[1840   74]
 [  43   53]]
acc: 0.942
f1: 0.475
1,123,coarse : 43.51 seconds
1,123,fine : 43.53 seconds
[[1367  547]
 [  11   85]]
acc: 0.722
f1: 0.234
[[1839   75]
 [  43   53]]
acc: 0.941
f1: 0.473
1,124,coarse : 42.73 seconds
1,124,fine : 42.75 seconds
[[1368  546]
 [  11   85]]
acc: 0.723
f1: 0.234
[[1836   78]
 [  44   52]]
acc: 0.939
f1: 0.460
1,125,coarse : 44.95 seconds
1,125,fine : 44.96 seconds
[[1372  542]
 [  11   85]]
acc: 0.725
f1: 0.235
[[1837   77]
 [  44   52]]
acc: 0.940
f1: 0.462
1,126,coarse : 44.22 seconds
1,126,fine : 44.24 seconds
[[1373  541]
 [  11   85]]
acc: 0.725
f1: 0.235
[[1838   76]
 [  44   52]]
acc: 0.940
f1: 0.464
1,127,coarse : 43.54 seconds
1,127,fine : 43.56 seconds
[[1376  538]
 [  11   85]]
acc: 0.727
f1: 0.236
[[1838   76]
 [  44   52]]
acc: 0.940
f1: 0.464
1,128,coarse : 44.3 seconds
1,128,fine : 44.32 seconds
[[1378  536]
 [  12   84]]
acc: 0.727
f1: 0.235
[[1838   76]
 [  44   52]]
acc: 0.940
f1: 0.464
1,129,coarse : 46.19 seconds
1,129,fine : 46.2 seconds
[[1374  540]
 [  12   84]]
acc: 0.725
f1: 0.233
[[1839   75]
 [  44   52]]
acc: 0.941
f1: 0.466
1,130,coarse : 44.03 seconds
1,130,fine : 44.05 seconds
[[1379  535]
 [  12   84]]
acc: 0.728
f1: 0.235
[[1841   73]
 [  44   52]]
acc: 0.942
f1: 0.471
1,131,coarse : 45.63 seconds
1,131,fine : 45.64 seconds
[[1380  534]
 [  12   84]]
acc: 0.728
f1: 0.235
[[1839   75]
 [  44   52]]
acc: 0.941
f1: 0.466
1,132,coarse : 45.83 seconds
1,132,fine : 45.84 seconds
[[1371  543]
 [  11   85]]
acc: 0.724
f1: 0.235
[[1838   76]
 [  44   52]]
acc: 0.940
f1: 0.464
1,133,coarse : 45.8 seconds
1,133,fine : 45.81 seconds
[[1370  544]
 [  11   85]]
acc: 0.724
f1: 0.234
[[1839   75]
 [  44   52]]
acc: 0.941
f1: 0.466
1,134,coarse : 47.15 seconds
1,134,fine : 47.17 seconds
[[1367  547]
 [  11   85]]
acc: 0.722
f1: 0.234
[[1839   75]
 [  44   52]]
acc: 0.941
f1: 0.466
1,135,coarse : 46.94 seconds
1,135,fine : 46.96 seconds
[[1366  548]
 [  11   85]]
acc: 0.722
f1: 0.233
[[1837   77]
 [  44   52]]
acc: 0.940
f1: 0.462
1,136,coarse : 47.16 seconds
1,136,fine : 47.18 seconds
[[1364  550]
 [  11   85]]
acc: 0.721
f1: 0.233
[[1837   77]
 [  44   52]]
acc: 0.940
f1: 0.462
1,137,coarse : 47.15 seconds
1,137,fine : 47.16 seconds
[[1370  544]
 [  12   84]]
acc: 0.723
f1: 0.232
[[1837   77]
 [  44   52]]
acc: 0.940
f1: 0.462
1,138,coarse : 47.37 seconds
1,138,fine : 47.39 seconds
[[1374  540]
 [  11   85]]
acc: 0.726
f1: 0.236
[[1837   77]
 [  44   52]]
acc: 0.940
f1: 0.462
1,139,coarse : 46.73 seconds
1,139,fine : 46.75 seconds
[[1374  540]
 [  11   85]]
acc: 0.726
f1: 0.236
[[1838   76]
 [  44   52]]
acc: 0.940
f1: 0.464
1,140,coarse : 47.93 seconds
1,140,fine : 47.94 seconds
[[1374  540]
 [  13   83]]
acc: 0.725
f1: 0.231
[[1837   77]
 [  43   53]]
acc: 0.940
f1: 0.469
1,141,coarse : 49.14 seconds
1,141,fine : 49.16 seconds
[[1372  542]
 [  13   83]]
acc: 0.724
f1: 0.230
[[1839   75]
 [  43   53]]
acc: 0.941
f1: 0.473
1,142,coarse : 49.46 seconds
1,142,fine : 49.48 seconds
[[1373  541]
 [  13   83]]
acc: 0.724
f1: 0.231
[[1838   76]
 [  43   53]]
acc: 0.941
f1: 0.471
1,143,coarse : 50.54 seconds
1,143,fine : 50.55 seconds
[[1375  539]
 [  13   83]]
acc: 0.725
f1: 0.231
[[1839   75]
 [  43   53]]
acc: 0.941
f1: 0.473
1,144,coarse : 50.25 seconds
1,144,fine : 50.26 seconds
[[1368  546]
 [  11   85]]
acc: 0.723
f1: 0.234
[[1839   75]
 [  43   53]]
acc: 0.941
f1: 0.473
1,145,coarse : 52.29 seconds
1,145,fine : 52.31 seconds
[[1372  542]
 [   9   87]]
acc: 0.726
f1: 0.240
[[1836   78]
 [  43   53]]
acc: 0.940
f1: 0.467
1,146,coarse : 51.74 seconds
1,146,fine : 51.76 seconds
[[1374  540]
 [  10   86]]
acc: 0.726
f1: 0.238
[[1835   79]
 [  43   53]]
acc: 0.939
f1: 0.465
1,147,coarse : 51.2 seconds
1,147,fine : 51.22 seconds
[[1372  542]
 [  10   86]]
acc: 0.725
f1: 0.238
[[1836   78]
 [  43   53]]
acc: 0.940
f1: 0.467
1,148,coarse : 52.43 seconds
1,148,fine : 52.45 seconds
[[1369  545]
 [  11   85]]
acc: 0.723
f1: 0.234
[[1833   81]
 [  43   53]]
acc: 0.938
f1: 0.461
1,149,coarse : 53.32 seconds
1,149,fine : 53.33 seconds
[[1372  542]
 [  11   85]]
acc: 0.725
f1: 0.235
[[1831   83]
 [  43   53]]
acc: 0.937
f1: 0.457
1,150,coarse : 55.16 seconds
1,150,fine : 55.17 seconds
[[1373  541]
 [  11   85]]
acc: 0.725
f1: 0.235
[[1832   82]
 [  43   53]]
acc: 0.938
f1: 0.459
1,151,coarse : 53.11 seconds
1,151,fine : 53.12 seconds
[[1376  538]
 [  12   84]]
acc: 0.726
f1: 0.234
[[1833   81]
 [  43   53]]
acc: 0.938
f1: 0.461
1,152,coarse : 53.28 seconds
1,152,fine : 53.3 seconds
[[1372  542]
 [  12   84]]
acc: 0.724
f1: 0.233
[[1832   82]
 [  43   53]]
acc: 0.938
f1: 0.459
1,153,coarse : 54.55 seconds
1,153,fine : 54.57 seconds
[[1373  541]
 [  12   84]]
acc: 0.725
f1: 0.233
[[1832   82]
 [  43   53]]
acc: 0.938
f1: 0.459
1,154,coarse : 53.89 seconds
1,154,fine : 53.91 seconds
[[1372  542]
 [  12   84]]
acc: 0.724
f1: 0.233
[[1831   83]
 [  43   53]]
acc: 0.937
f1: 0.457
1,155,coarse : 55.18 seconds
1,155,fine : 55.2 seconds
[[1374  540]
 [  12   84]]
acc: 0.725
f1: 0.233
[[1831   83]
 [  44   52]]
acc: 0.937
f1: 0.450
1,156,coarse : 56.08 seconds
1,156,fine : 56.1 seconds
[[1369  545]
 [  12   84]]
acc: 0.723
f1: 0.232
[[1833   81]
 [  44   52]]
acc: 0.938
f1: 0.454
1,157,coarse : 53.92 seconds
1,157,fine : 53.93 seconds
[[1367  547]
 [  13   83]]
acc: 0.721
f1: 0.229
[[1834   80]
 [  44   52]]
acc: 0.938
f1: 0.456
1,158,coarse : 55.98 seconds
1,158,fine : 55.99 seconds
[[1371  543]
 [  12   84]]
acc: 0.724
f1: 0.232
[[1835   79]
 [  43   53]]
acc: 0.939
f1: 0.465
1,159,coarse : 56.06 seconds
1,159,fine : 56.08 seconds
[[1368  546]
 [  12   84]]
acc: 0.722
f1: 0.231
[[1837   77]
 [  42   54]]
acc: 0.941
f1: 0.476
1,160,coarse : 55.78 seconds
1,160,fine : 55.79 seconds
[[1368  546]
 [  13   83]]
acc: 0.722
f1: 0.229
[[1837   77]
 [  43   53]]
acc: 0.940
f1: 0.469
1,161,coarse : 56.63 seconds
1,161,fine : 56.64 seconds
[[1369  545]
 [  11   85]]
acc: 0.723
f1: 0.234
[[1836   78]
 [  43   53]]
acc: 0.940
f1: 0.467
1,162,coarse : 57.27 seconds
1,162,fine : 57.29 seconds
[[1366  548]
 [  11   85]]
acc: 0.722
f1: 0.233
[[1833   81]
 [  41   55]]
acc: 0.939
f1: 0.474
1,163,coarse : 57.41 seconds
1,163,fine : 57.43 seconds
[[1362  552]
 [  11   85]]
acc: 0.720
f1: 0.232
[[1833   81]
 [  41   55]]
acc: 0.939
f1: 0.474
1,164,coarse : 59.66 seconds
1,164,fine : 59.68 seconds
[[1363  551]
 [  11   85]]
acc: 0.720
f1: 0.232
[[1833   81]
 [  41   55]]
acc: 0.939
f1: 0.474
1,165,coarse : 59.02 seconds
1,165,fine : 59.04 seconds
[[1366  548]
 [  12   84]]
acc: 0.721
f1: 0.231
[[1833   81]
 [  42   54]]
acc: 0.939
f1: 0.468
1,166,coarse : 59.35 seconds
1,166,fine : 59.37 seconds
[[1370  544]
 [  11   85]]
acc: 0.724
f1: 0.234
[[1832   82]
 [  41   55]]
acc: 0.939
f1: 0.472
1,167,coarse : 60.87 seconds
1,167,fine : 60.89 seconds
[[1372  542]
 [  12   84]]
acc: 0.724
f1: 0.233
[[1832   82]
 [  41   55]]
acc: 0.939
f1: 0.472
1,168,coarse : 59.51 seconds
1,168,fine : 59.53 seconds
[[1368  546]
 [  12   84]]
acc: 0.722
f1: 0.231
[[1835   79]
 [  41   55]]
acc: 0.940
f1: 0.478
1,169,coarse : 60.99 seconds
1,169,fine : 61.01 seconds
[[1367  547]
 [  12   84]]
acc: 0.722
f1: 0.231
[[1836   78]
 [  41   55]]
acc: 0.941
f1: 0.480
1,170,coarse : 61.44 seconds
1,170,fine : 61.45 seconds
[[1370  544]
 [  13   83]]
acc: 0.723
f1: 0.230
[[1836   78]
 [  42   54]]
acc: 0.940
f1: 0.474
1,171,coarse : 61.27 seconds
1,171,fine : 61.29 seconds
[[1369  545]
 [  13   83]]
acc: 0.722
f1: 0.229
[[1835   79]
 [  42   54]]
acc: 0.940
f1: 0.472
1,172,coarse : 61.97 seconds
1,172,fine : 62.0 seconds
