all           0      1    2    3    4    5    6    7    8    
1      2010   1914   1    19   32   19   1    11   6    7    
2      2010   1914   1    19   32   19   1    11   6    7    
3      2010   1914   1    19   32   19   1    11   5    8    
4      2010   1914   1    19   32   19   1    10   6    8    
5      2010   1914   1    18   33   19   1    10   6    8    
6      2010   1914   1    18   33   19   1    10   6    8    
7      2010   1913   2    18   33   19   1    10   6    8    
8      2010   1913   2    18   33   19   1    10   6    8    
9      2009   1913   2    18   32   19   2    10   6    7    
10     2009   1913   1    19   32   19   1    11   6    7    
Total  20098  19136  13   185  324  190  11   104  59   76   
train         0      1    2    3    4    5    6    7    8    
2      2010   1914   1    19   32   19   1    11   6    7    
3      2010   1914   1    19   32   19   1    11   5    8    
4      2010   1914   1    19   32   19   1    10   6    8    
5      2010   1914   1    18   33   19   1    10   6    8    
6      2010   1914   1    18   33   19   1    10   6    8    
7      2010   1913   2    18   33   19   1    10   6    8    
8      2010   1913   2    18   33   19   1    10   6    8    
9      2009   1913   2    18   32   19   2    10   6    7    
10     2009   1913   1    19   32   19   1    11   6    7    
Total  18088  17222  12   166  292  171  10   93   53   69   
test          0      1    2    3    4    5    6    7    8    
1      2010   1914   1    19   32   19   1    11   6    7    
Total  2010   1914   1    19   32   19   1    11   6    7    
Classes             
0         17222     
1         12        
2         166       
3         292       
4         171       
5         10        
6         93        
7         53        
8         69        
Total     18088     

Shape: 450       

[952, 10, 11, 16, 11, 10, 10, 10, 10]
Sum start => 1040
[[1281  633]
 [  16   80]]
acc: 0.677
f1: 0.198
[[1892   22]
 [  86   10]]
acc: 0.946
f1: 0.156
1,1,coarse : 28.65 seconds
1,1,fine : 28.65 seconds
[[1281  633]
 [  16   80]]
acc: 0.677
f1: 0.198
[[1892   22]
 [  86   10]]
acc: 0.946
f1: 0.156
1,2,coarse : 29.92 seconds
1,2,fine : 29.92 seconds
[[1315  599]
 [  17   79]]
acc: 0.694
f1: 0.204
[[1894   20]
 [  86   10]]
acc: 0.947
f1: 0.159
1,3,coarse : 2.77 seconds
1,3,fine : 2.78 seconds
[[1322  592]
 [  15   81]]
acc: 0.698
f1: 0.211
[[1899   15]
 [  86   10]]
acc: 0.950
f1: 0.165
1,4,coarse : 2.86 seconds
1,4,fine : 2.87 seconds
[[1293  621]
 [  17   79]]
acc: 0.683
f1: 0.198
[[1898   16]
 [  86   10]]
acc: 0.949
f1: 0.164
1,5,coarse : 2.95 seconds
1,5,fine : 2.95 seconds
[[1296  618]
 [  16   80]]
acc: 0.685
f1: 0.202
[[1897   17]
 [  87    9]]
acc: 0.948
f1: 0.148
1,6,coarse : 3.02 seconds
1,6,fine : 3.03 seconds
[[1316  598]
 [  16   80]]
acc: 0.695
f1: 0.207
[[1897   17]
 [  86   10]]
acc: 0.949
f1: 0.163
1,7,coarse : 3.49 seconds
1,7,fine : 3.49 seconds
[[1328  586]
 [  18   78]]
acc: 0.700
f1: 0.205
[[1897   17]
 [  86   10]]
acc: 0.949
f1: 0.163
1,8,coarse : 3.3 seconds
1,8,fine : 3.31 seconds
[[1326  588]
 [  18   78]]
acc: 0.699
f1: 0.205
[[1900   14]
 [  89    7]]
acc: 0.949
f1: 0.120
1,9,coarse : 3.46 seconds
1,9,fine : 3.46 seconds
[[1347  567]
 [  18   78]]
acc: 0.709
f1: 0.211
[[1903   11]
 [  90    6]]
acc: 0.950
f1: 0.106
1,10,coarse : 3.58 seconds
1,10,fine : 3.59 seconds
[[1346  568]
 [  17   79]]
acc: 0.709
f1: 0.213
[[1901   13]
 [  89    7]]
acc: 0.949
f1: 0.121
1,11,coarse : 4.08 seconds
1,11,fine : 4.08 seconds
[[1352  562]
 [  18   78]]
acc: 0.711
f1: 0.212
[[1902   12]
 [  89    7]]
acc: 0.950
f1: 0.122
1,12,coarse : 3.72 seconds
1,12,fine : 3.73 seconds
[[1354  560]
 [  16   80]]
acc: 0.713
f1: 0.217
[[1902   12]
 [  88    8]]
acc: 0.950
f1: 0.138
1,13,coarse : 3.92 seconds
1,13,fine : 3.93 seconds
[[1368  546]
 [  16   80]]
acc: 0.720
f1: 0.222
[[1903   11]
 [  88    8]]
acc: 0.951
f1: 0.139
1,14,coarse : 4.42 seconds
1,14,fine : 4.42 seconds
[[1373  541]
 [  16   80]]
acc: 0.723
f1: 0.223
[[1898   16]
 [  88    8]]
acc: 0.948
f1: 0.133
1,15,coarse : 4.26 seconds
1,15,fine : 4.26 seconds
[[1381  533]
 [  17   79]]
acc: 0.726
f1: 0.223
[[1899   15]
 [  88    8]]
acc: 0.949
f1: 0.134
1,16,coarse : 4.29 seconds
1,16,fine : 4.3 seconds
[[1382  532]
 [  18   78]]
acc: 0.726
f1: 0.221
[[1900   14]
 [  86   10]]
acc: 0.950
f1: 0.167
1,17,coarse : 5.15 seconds
1,17,fine : 5.16 seconds
[[1372  542]
 [  17   79]]
acc: 0.722
f1: 0.220
[[1896   18]
 [  84   12]]
acc: 0.949
f1: 0.190
1,18,coarse : 4.67 seconds
1,18,fine : 4.68 seconds
[[1367  547]
 [  16   80]]
acc: 0.720
f1: 0.221
[[1898   16]
 [  85   11]]
acc: 0.950
f1: 0.179
1,19,coarse : 4.66 seconds
1,19,fine : 4.66 seconds
[[1369  545]
 [  16   80]]
acc: 0.721
f1: 0.222
[[1898   16]
 [  79   17]]
acc: 0.953
f1: 0.264
1,20,coarse : 5.06 seconds
1,20,fine : 5.07 seconds
[[1365  549]
 [  15   81]]
acc: 0.719
f1: 0.223
[[1897   17]
 [  80   16]]
acc: 0.952
f1: 0.248
1,21,coarse : 4.81 seconds
1,21,fine : 4.82 seconds
[[1369  545]
 [  15   81]]
acc: 0.721
f1: 0.224
[[1900   14]
 [  79   17]]
acc: 0.954
f1: 0.268
1,22,coarse : 4.79 seconds
1,22,fine : 4.8 seconds
[[1378  536]
 [  15   81]]
acc: 0.726
f1: 0.227
[[1900   14]
 [  79   17]]
acc: 0.954
f1: 0.268
1,23,coarse : 5.76 seconds
1,23,fine : 5.77 seconds
[[1379  535]
 [  17   79]]
acc: 0.725
f1: 0.223
[[1900   14]
 [  79   17]]
acc: 0.954
f1: 0.268
1,24,coarse : 5.16 seconds
1,24,fine : 5.17 seconds
[[1376  538]
 [  15   81]]
acc: 0.725
f1: 0.227
[[1896   18]
 [  76   20]]
acc: 0.953
f1: 0.299
1,25,coarse : 5.27 seconds
1,25,fine : 5.28 seconds
[[1384  530]
 [  15   81]]
acc: 0.729
f1: 0.229
[[1897   17]
 [  76   20]]
acc: 0.954
f1: 0.301
1,26,coarse : 5.76 seconds
1,26,fine : 5.77 seconds
[[1389  525]
 [  14   82]]
acc: 0.732
f1: 0.233
[[1898   16]
 [  77   19]]
acc: 0.954
f1: 0.290
1,27,coarse : 5.57 seconds
1,27,fine : 5.57 seconds
[[1381  533]
 [  16   80]]
acc: 0.727
f1: 0.226
[[1896   18]
 [  78   18]]
acc: 0.952
f1: 0.273
1,28,coarse : 6.6 seconds
1,28,fine : 6.61 seconds
[[1386  528]
 [  16   80]]
acc: 0.729
f1: 0.227
[[1886   28]
 [  72   24]]
acc: 0.950
f1: 0.324
1,29,coarse : 5.78 seconds
1,29,fine : 5.79 seconds
[[1388  526]
 [  17   79]]
acc: 0.730
f1: 0.225
[[1886   28]
 [  71   25]]
acc: 0.951
f1: 0.336
1,30,coarse : 6.09 seconds
1,30,fine : 6.09 seconds
[[1393  521]
 [  16   80]]
acc: 0.733
f1: 0.230
[[1888   26]
 [  67   29]]
acc: 0.954
f1: 0.384
1,31,coarse : 6.02 seconds
1,31,fine : 6.02 seconds
[[1406  508]
 [  16   80]]
acc: 0.739
f1: 0.234
[[1885   29]
 [  67   29]]
acc: 0.952
f1: 0.377
1,32,coarse : 6.34 seconds
1,32,fine : 6.35 seconds
[[1412  502]
 [  17   79]]
acc: 0.742
f1: 0.233
[[1880   34]
 [  65   31]]
acc: 0.951
f1: 0.385
1,33,coarse : 7.11 seconds
1,33,fine : 7.12 seconds
[[1403  511]
 [  17   79]]
acc: 0.737
f1: 0.230
[[1880   34]
 [  64   32]]
acc: 0.951
f1: 0.395
1,34,coarse : 6.43 seconds
1,34,fine : 6.43 seconds
[[1405  509]
 [  16   80]]
acc: 0.739
f1: 0.234
[[1874   40]
 [  65   31]]
acc: 0.948
f1: 0.371
1,35,coarse : 6.98 seconds
1,35,fine : 6.99 seconds
[[1402  512]
 [  16   80]]
acc: 0.737
f1: 0.233
[[1877   37]
 [  66   30]]
acc: 0.949
f1: 0.368
1,36,coarse : 6.58 seconds
1,36,fine : 6.58 seconds
[[1402  512]
 [  16   80]]
acc: 0.737
f1: 0.233
[[1878   36]
 [  65   31]]
acc: 0.950
f1: 0.380
1,37,coarse : 7.57 seconds
1,37,fine : 7.58 seconds
[[1411  503]
 [  16   80]]
acc: 0.742
f1: 0.236
[[1875   39]
 [  64   32]]
acc: 0.949
f1: 0.383
1,38,coarse : 6.86 seconds
1,38,fine : 6.86 seconds
[[1415  499]
 [  16   80]]
acc: 0.744
f1: 0.237
[[1875   39]
 [  64   32]]
acc: 0.949
f1: 0.383
1,39,coarse : 7.23 seconds
1,39,fine : 7.23 seconds
[[1401  513]
 [  16   80]]
acc: 0.737
f1: 0.232
[[1877   37]
 [  63   33]]
acc: 0.950
f1: 0.398
1,40,coarse : 7.45 seconds
1,40,fine : 7.46 seconds
[[1396  518]
 [  16   80]]
acc: 0.734
f1: 0.231
[[1871   43]
 [  63   33]]
acc: 0.947
f1: 0.384
1,41,coarse : 7.96 seconds
1,41,fine : 7.97 seconds
[[1387  527]
 [  15   81]]
acc: 0.730
f1: 0.230
[[1872   42]
 [  61   35]]
acc: 0.949
f1: 0.405
1,42,coarse : 7.74 seconds
1,42,fine : 7.75 seconds
[[1394  520]
 [  15   81]]
acc: 0.734
f1: 0.232
[[1872   42]
 [  60   36]]
acc: 0.949
f1: 0.414
1,43,coarse : 7.63 seconds
1,43,fine : 7.64 seconds
[[1387  527]
 [  16   80]]
acc: 0.730
f1: 0.228
[[1872   42]
 [  62   34]]
acc: 0.948
f1: 0.395
1,44,coarse : 8.91 seconds
1,44,fine : 8.92 seconds
[[1389  525]
 [  15   81]]
acc: 0.731
f1: 0.231
[[1874   40]
 [  62   34]]
acc: 0.949
f1: 0.400
1,45,coarse : 7.9 seconds
1,45,fine : 7.91 seconds
[[1393  521]
 [  15   81]]
acc: 0.733
f1: 0.232
[[1874   40]
 [  62   34]]
acc: 0.949
f1: 0.400
1,46,coarse : 8.1 seconds
1,46,fine : 8.11 seconds
[[1399  515]
 [  15   81]]
acc: 0.736
f1: 0.234
[[1868   46]
 [  61   35]]
acc: 0.947
f1: 0.395
1,47,coarse : 8.48 seconds
1,47,fine : 8.49 seconds
[[1402  512]
 [  15   81]]
acc: 0.738
f1: 0.235
[[1869   45]
 [  61   35]]
acc: 0.947
f1: 0.398
1,48,coarse : 8.64 seconds
1,48,fine : 8.64 seconds
[[1405  509]
 [  15   81]]
acc: 0.739
f1: 0.236
[[1870   44]
 [  59   37]]
acc: 0.949
f1: 0.418
1,49,coarse : 8.51 seconds
1,49,fine : 8.52 seconds
[[1414  500]
 [  15   81]]
acc: 0.744
f1: 0.239
[[1870   44]
 [  60   36]]
acc: 0.948
f1: 0.409
1,50,coarse : 10.71 seconds
1,50,fine : 10.72 seconds
[[1407  507]
 [  16   80]]
acc: 0.740
f1: 0.234
[[1868   46]
 [  60   36]]
acc: 0.947
f1: 0.404
1,51,coarse : 9.12 seconds
1,51,fine : 9.13 seconds
[[1403  511]
 [  16   80]]
acc: 0.738
f1: 0.233
[[1867   47]
 [  59   37]]
acc: 0.947
f1: 0.411
1,52,coarse : 8.83 seconds
1,52,fine : 8.84 seconds
[[1408  506]
 [  16   80]]
acc: 0.740
f1: 0.235
[[1866   48]
 [  59   37]]
acc: 0.947
f1: 0.409
1,53,coarse : 9.42 seconds
1,53,fine : 9.43 seconds
[[1407  507]
 [  16   80]]
acc: 0.740
f1: 0.234
[[1867   47]
 [  57   39]]
acc: 0.948
f1: 0.429
1,54,coarse : 9.47 seconds
1,54,fine : 9.47 seconds
[[1411  503]
 [  15   81]]
acc: 0.742
f1: 0.238
[[1865   49]
 [  56   40]]
acc: 0.948
f1: 0.432
1,55,coarse : 9.1 seconds
1,55,fine : 9.11 seconds
[[1404  510]
 [  13   83]]
acc: 0.740
f1: 0.241
[[1865   49]
 [  57   39]]
acc: 0.947
f1: 0.424
1,56,coarse : 9.94 seconds
1,56,fine : 9.95 seconds
[[1403  511]
 [  13   83]]
acc: 0.739
f1: 0.241
[[1865   49]
 [  57   39]]
acc: 0.947
f1: 0.424
1,57,coarse : 9.78 seconds
1,57,fine : 9.79 seconds
[[1408  506]
 [  13   83]]
acc: 0.742
f1: 0.242
[[1865   49]
 [  56   40]]
acc: 0.948
f1: 0.432
1,58,coarse : 9.51 seconds
1,58,fine : 9.52 seconds
[[1400  514]
 [  12   84]]
acc: 0.738
f1: 0.242
[[1862   52]
 [  56   40]]
acc: 0.946
f1: 0.426
1,59,coarse : 10.89 seconds
1,59,fine : 10.9 seconds
[[1400  514]
 [  13   83]]
acc: 0.738
f1: 0.240
[[1864   50]
 [  55   41]]
acc: 0.948
f1: 0.439
1,60,coarse : 9.61 seconds
1,60,fine : 9.62 seconds
[[1396  518]
 [  13   83]]
acc: 0.736
f1: 0.238
[[1862   52]
 [  56   40]]
acc: 0.946
f1: 0.426
1,61,coarse : 10.27 seconds
1,61,fine : 10.28 seconds
[[1394  520]
 [  13   83]]
acc: 0.735
f1: 0.237
[[1861   53]
 [  55   41]]
acc: 0.946
f1: 0.432
1,62,coarse : 11.13 seconds
1,62,fine : 11.14 seconds
[[1401  513]
 [  13   83]]
acc: 0.738
f1: 0.240
[[1860   54]
 [  54   42]]
acc: 0.946
f1: 0.438
1,63,coarse : 10.2 seconds
1,63,fine : 10.21 seconds
[[1398  516]
 [  14   82]]
acc: 0.736
f1: 0.236
[[1859   55]
 [  55   41]]
acc: 0.945
f1: 0.427
1,64,coarse : 10.85 seconds
1,64,fine : 10.86 seconds
[[1390  524]
 [  14   82]]
acc: 0.732
f1: 0.234
[[1860   54]
 [  54   42]]
acc: 0.946
f1: 0.438
1,65,coarse : 11.15 seconds
1,65,fine : 11.17 seconds
[[1393  521]
 [  13   83]]
acc: 0.734
f1: 0.237
[[1859   55]
 [  54   42]]
acc: 0.946
f1: 0.435
1,66,coarse : 10.68 seconds
1,66,fine : 10.69 seconds
[[1397  517]
 [  13   83]]
acc: 0.736
f1: 0.239
[[1856   58]
 [  54   42]]
acc: 0.944
f1: 0.429
1,67,coarse : 12.18 seconds
1,67,fine : 12.19 seconds
[[1394  520]
 [  14   82]]
acc: 0.734
f1: 0.235
[[1855   59]
 [  54   42]]
acc: 0.944
f1: 0.426
1,68,coarse : 10.95 seconds
1,68,fine : 10.96 seconds
[[1397  517]
 [  14   82]]
acc: 0.736
f1: 0.236
[[1854   60]
 [  52   44]]
acc: 0.944
f1: 0.440
1,69,coarse : 11.89 seconds
1,69,fine : 11.9 seconds
[[1394  520]
 [  13   83]]
acc: 0.735
f1: 0.237
[[1853   61]
 [  52   44]]
acc: 0.944
f1: 0.438
1,70,coarse : 11.8 seconds
1,70,fine : 11.81 seconds
[[1395  519]
 [  13   83]]
acc: 0.735
f1: 0.238
[[1853   61]
 [  52   44]]
acc: 0.944
f1: 0.438
1,71,coarse : 11.83 seconds
1,71,fine : 11.84 seconds
[[1397  517]
 [  14   82]]
acc: 0.736
f1: 0.236
[[1854   60]
 [  53   43]]
acc: 0.944
f1: 0.432
1,72,coarse : 12.81 seconds
1,72,fine : 12.82 seconds
[[1404  510]
 [  15   81]]
acc: 0.739
f1: 0.236
[[1853   61]
 [  53   43]]
acc: 0.943
f1: 0.430
1,73,coarse : 12.25 seconds
1,73,fine : 12.26 seconds
[[1400  514]
 [  14   82]]
acc: 0.737
f1: 0.237
[[1853   61]
 [  52   44]]
acc: 0.944
f1: 0.438
1,74,coarse : 12.7 seconds
1,74,fine : 12.71 seconds
[[1398  516]
 [  13   83]]
acc: 0.737
f1: 0.239
[[1851   63]
 [  51   45]]
acc: 0.943
f1: 0.441
1,75,coarse : 11.79 seconds
1,75,fine : 11.8 seconds
[[1396  518]
 [  13   83]]
acc: 0.736
f1: 0.238
[[1850   64]
 [  50   46]]
acc: 0.943
f1: 0.447
1,76,coarse : 13.25 seconds
1,76,fine : 13.26 seconds
[[1400  514]
 [  12   84]]
acc: 0.738
f1: 0.242
[[1853   61]
 [  50   46]]
acc: 0.945
f1: 0.453
1,77,coarse : 12.21 seconds
1,77,fine : 12.22 seconds
[[1402  512]
 [  13   83]]
acc: 0.739
f1: 0.240
[[1851   63]
 [  48   48]]
acc: 0.945
f1: 0.464
1,78,coarse : 13.17 seconds
1,78,fine : 13.18 seconds
[[1409  505]
 [  13   83]]
acc: 0.742
f1: 0.243
[[1851   63]
 [  50   46]]
acc: 0.944
f1: 0.449
1,79,coarse : 12.74 seconds
1,79,fine : 12.75 seconds
[[1394  520]
 [  13   83]]
acc: 0.735
f1: 0.237
[[1852   62]
 [  49   47]]
acc: 0.945
f1: 0.459
1,80,coarse : 12.77 seconds
1,80,fine : 12.78 seconds
[[1396  518]
 [  13   83]]
acc: 0.736
f1: 0.238
[[1850   64]
 [  49   47]]
acc: 0.944
f1: 0.454
1,81,coarse : 13.46 seconds
1,81,fine : 13.47 seconds
[[1397  517]
 [  13   83]]
acc: 0.736
f1: 0.239
[[1846   68]
 [  48   48]]
acc: 0.942
f1: 0.453
1,82,coarse : 13.16 seconds
1,82,fine : 13.18 seconds
[[1399  515]
 [  12   84]]
acc: 0.738
f1: 0.242
[[1847   67]
 [  47   49]]
acc: 0.943
f1: 0.462
1,83,coarse : 13.48 seconds
1,83,fine : 13.49 seconds
[[1401  513]
 [  11   85]]
acc: 0.739
f1: 0.245
[[1846   68]
 [  49   47]]
acc: 0.942
f1: 0.445
1,84,coarse : 13.45 seconds
1,84,fine : 13.46 seconds
[[1405  509]
 [  11   85]]
acc: 0.741
f1: 0.246
[[1845   69]
 [  48   48]]
acc: 0.942
f1: 0.451
1,85,coarse : 14.42 seconds
1,85,fine : 14.43 seconds
[[1402  512]
 [  10   86]]
acc: 0.740
f1: 0.248
[[1846   68]
 [  48   48]]
acc: 0.942
f1: 0.453
1,86,coarse : 14.39 seconds
1,86,fine : 14.4 seconds
[[1405  509]
 [  10   86]]
acc: 0.742
f1: 0.249
[[1847   67]
 [  48   48]]
acc: 0.943
f1: 0.455
1,87,coarse : 14.52 seconds
1,87,fine : 14.53 seconds
[[1406  508]
 [  10   86]]
acc: 0.742
f1: 0.249
[[1849   65]
 [  48   48]]
acc: 0.944
f1: 0.459
1,88,coarse : 15.22 seconds
1,88,fine : 15.24 seconds
[[1410  504]
 [  10   86]]
acc: 0.744
f1: 0.251
[[1847   67]
 [  49   47]]
acc: 0.942
f1: 0.448
1,89,coarse : 14.75 seconds
1,89,fine : 14.77 seconds
[[1417  497]
 [  11   85]]
acc: 0.747
f1: 0.251
[[1849   65]
 [  50   46]]
acc: 0.943
f1: 0.444
1,90,coarse : 15.89 seconds
1,90,fine : 15.9 seconds
[[1414  500]
 [  11   85]]
acc: 0.746
f1: 0.250
[[1848   66]
 [  49   47]]
acc: 0.943
f1: 0.450
1,91,coarse : 14.66 seconds
1,91,fine : 14.67 seconds
[[1410  504]
 [  11   85]]
acc: 0.744
f1: 0.248
[[1849   65]
 [  52   44]]
acc: 0.942
f1: 0.429
1,92,coarse : 15.75 seconds
1,92,fine : 15.77 seconds
[[1412  502]
 [  11   85]]
acc: 0.745
f1: 0.249
[[1850   64]
 [  51   45]]
acc: 0.943
f1: 0.439
1,93,coarse : 15.22 seconds
1,93,fine : 15.23 seconds
[[1411  503]
 [  11   85]]
acc: 0.744
f1: 0.249
[[1848   66]
 [  49   47]]
acc: 0.943
f1: 0.450
1,94,coarse : 15.98 seconds
1,94,fine : 15.99 seconds
[[1404  510]
 [  11   85]]
acc: 0.741
f1: 0.246
[[1848   66]
 [  49   47]]
acc: 0.943
f1: 0.450
1,95,coarse : 16.06 seconds
1,95,fine : 16.07 seconds
[[1406  508]
 [  11   85]]
acc: 0.742
f1: 0.247
[[1847   67]
 [  50   46]]
acc: 0.942
f1: 0.440
1,96,coarse : 16.05 seconds
1,96,fine : 16.06 seconds
[[1405  509]
 [  11   85]]
acc: 0.741
f1: 0.246
[[1847   67]
 [  50   46]]
acc: 0.942
f1: 0.440
1,97,coarse : 17.27 seconds
1,97,fine : 17.28 seconds
[[1407  507]
 [  10   86]]
acc: 0.743
f1: 0.250
[[1847   67]
 [  49   47]]
acc: 0.942
f1: 0.448
1,98,coarse : 16.36 seconds
1,98,fine : 16.37 seconds
[[1400  514]
 [  10   86]]
acc: 0.739
f1: 0.247
[[1850   64]
 [  48   48]]
acc: 0.944
f1: 0.462
1,99,coarse : 16.9 seconds
1,99,fine : 16.91 seconds
[[1406  508]
 [   9   87]]
acc: 0.743
f1: 0.252
[[1846   68]
 [  48   48]]
acc: 0.942
f1: 0.453
1,100,coarse : 19.25 seconds
1,100,fine : 19.26 seconds
[[1412  502]
 [  10   86]]
acc: 0.745
f1: 0.251
[[1846   68]
 [  49   47]]
acc: 0.942
f1: 0.445
1,101,coarse : 16.83 seconds
1,101,fine : 16.84 seconds
[[1410  504]
 [   9   87]]
acc: 0.745
f1: 0.253
[[1845   69]
 [  49   47]]
acc: 0.941
f1: 0.443
1,102,coarse : 18.12 seconds
1,102,fine : 18.14 seconds
[[1407  507]
 [   9   87]]
acc: 0.743
f1: 0.252
[[1851   63]
 [  49   47]]
acc: 0.944
f1: 0.456
1,103,coarse : 17.4 seconds
1,103,fine : 17.42 seconds
[[1406  508]
 [  10   86]]
acc: 0.742
f1: 0.249
[[1850   64]
 [  48   48]]
acc: 0.944
f1: 0.462
1,104,coarse : 17.22 seconds
1,104,fine : 17.23 seconds
[[1409  505]
 [  10   86]]
acc: 0.744
f1: 0.250
[[1850   64]
 [  49   47]]
acc: 0.944
f1: 0.454
1,105,coarse : 18.73 seconds
1,105,fine : 18.75 seconds
[[1410  504]
 [  10   86]]
acc: 0.744
f1: 0.251
[[1850   64]
 [  49   47]]
acc: 0.944
f1: 0.454
1,106,coarse : 17.93 seconds
1,106,fine : 17.95 seconds
[[1413  501]
 [  11   85]]
acc: 0.745
f1: 0.249
[[1848   66]
 [  49   47]]
acc: 0.943
f1: 0.450
1,107,coarse : 18.9 seconds
1,107,fine : 18.92 seconds
[[1407  507]
 [  11   85]]
acc: 0.742
f1: 0.247
[[1846   68]
 [  50   46]]
acc: 0.941
f1: 0.438
1,108,coarse : 19.39 seconds
1,108,fine : 19.41 seconds
[[1407  507]
 [  11   85]]
acc: 0.742
f1: 0.247
[[1845   69]
 [  50   46]]
acc: 0.941
f1: 0.436
1,109,coarse : 18.63 seconds
1,109,fine : 18.64 seconds
[[1409  505]
 [  12   84]]
acc: 0.743
f1: 0.245
[[1847   67]
 [  50   46]]
acc: 0.942
f1: 0.440
1,110,coarse : 19.22 seconds
1,110,fine : 19.24 seconds
[[1410  504]
 [  12   84]]
acc: 0.743
f1: 0.246
[[1846   68]
 [  50   46]]
acc: 0.941
f1: 0.438
1,111,coarse : 19.5 seconds
1,111,fine : 19.52 seconds
[[1413  501]
 [  12   84]]
acc: 0.745
f1: 0.247
[[1844   70]
 [  50   46]]
acc: 0.940
f1: 0.434
1,112,coarse : 19.27 seconds
1,112,fine : 19.28 seconds
[[1409  505]
 [  12   84]]
acc: 0.743
f1: 0.245
[[1845   69]
 [  50   46]]
acc: 0.941
f1: 0.436
1,113,coarse : 19.6 seconds
1,113,fine : 19.62 seconds
[[1406  508]
 [  13   83]]
acc: 0.741
f1: 0.242
[[1846   68]
 [  50   46]]
acc: 0.941
f1: 0.438
1,114,coarse : 19.78 seconds
1,114,fine : 19.79 seconds
[[1405  509]
 [  12   84]]
acc: 0.741
f1: 0.244
[[1845   69]
 [  50   46]]
acc: 0.941
f1: 0.436
1,115,coarse : 20.25 seconds
1,115,fine : 20.27 seconds
[[1407  507]
 [  12   84]]
acc: 0.742
f1: 0.245
[[1844   70]
 [  50   46]]
acc: 0.940
f1: 0.434
1,116,coarse : 20.58 seconds
1,116,fine : 20.6 seconds
[[1399  515]
 [  12   84]]
acc: 0.738
f1: 0.242
[[1842   72]
 [  49   47]]
acc: 0.940
f1: 0.437
1,117,coarse : 20.53 seconds
1,117,fine : 20.55 seconds
[[1401  513]
 [  13   83]]
acc: 0.738
f1: 0.240
[[1839   75]
 [  49   47]]
acc: 0.938
f1: 0.431
1,118,coarse : 20.26 seconds
1,118,fine : 20.28 seconds
[[1401  513]
 [  13   83]]
acc: 0.738
f1: 0.240
[[1841   73]
 [  50   46]]
acc: 0.939
f1: 0.428
1,119,coarse : 20.81 seconds
1,119,fine : 20.83 seconds
[[1403  511]
 [  13   83]]
acc: 0.739
f1: 0.241
[[1841   73]
 [  50   46]]
acc: 0.939
f1: 0.428
1,120,coarse : 21.96 seconds
1,120,fine : 21.97 seconds
[[1408  506]
 [  13   83]]
acc: 0.742
f1: 0.242
[[1838   76]
 [  48   48]]
acc: 0.938
f1: 0.436
1,121,coarse : 21.25 seconds
1,121,fine : 21.27 seconds
[[1411  503]
 [  13   83]]
acc: 0.743
f1: 0.243
[[1840   74]
 [  49   47]]
acc: 0.939
f1: 0.433
1,122,coarse : 21.8 seconds
1,122,fine : 21.82 seconds
[[1403  511]
 [  13   83]]
acc: 0.739
f1: 0.241
[[1842   72]
 [  49   47]]
acc: 0.940
f1: 0.437
1,123,coarse : 21.89 seconds
1,123,fine : 21.91 seconds
[[1399  515]
 [  13   83]]
acc: 0.737
f1: 0.239
[[1845   69]
 [  48   48]]
acc: 0.942
f1: 0.451
1,124,coarse : 23.06 seconds
1,124,fine : 23.08 seconds
[[1398  516]
 [  13   83]]
acc: 0.737
f1: 0.239
[[1843   71]
 [  48   48]]
acc: 0.941
f1: 0.447
1,125,coarse : 22.75 seconds
1,125,fine : 22.77 seconds
[[1398  516]
 [  13   83]]
acc: 0.737
f1: 0.239
[[1844   70]
 [  45   51]]
acc: 0.943
f1: 0.470
1,126,coarse : 22.89 seconds
1,126,fine : 22.91 seconds
[[1398  516]
 [  13   83]]
acc: 0.737
f1: 0.239
[[1846   68]
 [  45   51]]
acc: 0.944
f1: 0.474
1,127,coarse : 22.89 seconds
1,127,fine : 22.91 seconds
[[1402  512]
 [  13   83]]
acc: 0.739
f1: 0.240
[[1842   72]
 [  46   50]]
acc: 0.941
f1: 0.459
1,128,coarse : 23.27 seconds
1,128,fine : 23.29 seconds
[[1404  510]
 [  13   83]]
acc: 0.740
f1: 0.241
[[1844   70]
 [  46   50]]
acc: 0.942
f1: 0.463
1,129,coarse : 23.56 seconds
1,129,fine : 23.57 seconds
[[1405  509]
 [  13   83]]
acc: 0.740
f1: 0.241
[[1844   70]
 [  46   50]]
acc: 0.942
f1: 0.463
1,130,coarse : 24.57 seconds
1,130,fine : 24.59 seconds
[[1406  508]
 [  13   83]]
acc: 0.741
f1: 0.242
[[1843   71]
 [  46   50]]
acc: 0.942
f1: 0.461
1,131,coarse : 24.12 seconds
1,131,fine : 24.13 seconds
[[1410  504]
 [  13   83]]
acc: 0.743
f1: 0.243
[[1847   67]
 [  46   50]]
acc: 0.944
f1: 0.469
1,132,coarse : 24.05 seconds
1,132,fine : 24.06 seconds
[[1412  502]
 [  13   83]]
acc: 0.744
f1: 0.244
[[1842   72]
 [  46   50]]
acc: 0.941
f1: 0.459
1,133,coarse : 24.68 seconds
1,133,fine : 24.7 seconds
[[1407  507]
 [  13   83]]
acc: 0.741
f1: 0.242
[[1841   73]
 [  46   50]]
acc: 0.941
f1: 0.457
1,134,coarse : 25.18 seconds
1,134,fine : 25.2 seconds
[[1409  505]
 [  13   83]]
acc: 0.742
f1: 0.243
[[1839   75]
 [  46   50]]
acc: 0.940
f1: 0.452
1,135,coarse : 24.99 seconds
1,135,fine : 25.01 seconds
[[1409  505]
 [  13   83]]
acc: 0.742
f1: 0.243
[[1839   75]
 [  45   51]]
acc: 0.940
f1: 0.459
1,136,coarse : 25.01 seconds
1,136,fine : 25.03 seconds
[[1410  504]
 [  13   83]]
acc: 0.743
f1: 0.243
[[1840   74]
 [  45   51]]
acc: 0.941
f1: 0.462
1,137,coarse : 26.03 seconds
1,137,fine : 26.05 seconds
[[1406  508]
 [  13   83]]
acc: 0.741
f1: 0.242
[[1841   73]
 [  45   51]]
acc: 0.941
f1: 0.464
1,138,coarse : 26.52 seconds
1,138,fine : 26.54 seconds
[[1407  507]
 [  13   83]]
acc: 0.741
f1: 0.242
[[1839   75]
 [  45   51]]
acc: 0.940
f1: 0.459
1,139,coarse : 25.65 seconds
1,139,fine : 25.67 seconds
[[1403  511]
 [  13   83]]
acc: 0.739
f1: 0.241
[[1837   77]
 [  44   52]]
acc: 0.940
f1: 0.462
1,140,coarse : 26.39 seconds
1,140,fine : 26.41 seconds
[[1409  505]
 [  13   83]]
acc: 0.742
f1: 0.243
[[1838   76]
 [  44   52]]
acc: 0.940
f1: 0.464
1,141,coarse : 25.39 seconds
1,141,fine : 25.41 seconds
[[1408  506]
 [  13   83]]
acc: 0.742
f1: 0.242
[[1838   76]
 [  44   52]]
acc: 0.940
f1: 0.464
1,142,coarse : 26.22 seconds
1,142,fine : 26.24 seconds
[[1410  504]
 [  13   83]]
acc: 0.743
f1: 0.243
[[1836   78]
 [  43   53]]
acc: 0.940
f1: 0.467
1,143,coarse : 26.52 seconds
1,143,fine : 26.54 seconds
[[1405  509]
 [  13   83]]
acc: 0.740
f1: 0.241
[[1837   77]
 [  43   53]]
acc: 0.940
f1: 0.469
1,144,coarse : 26.95 seconds
1,144,fine : 26.97 seconds
[[1411  503]
 [  13   83]]
acc: 0.743
f1: 0.243
[[1835   79]
 [  43   53]]
acc: 0.939
f1: 0.465
1,145,coarse : 27.84 seconds
1,145,fine : 27.86 seconds
[[1406  508]
 [  13   83]]
acc: 0.741
f1: 0.242
[[1836   78]
 [  43   53]]
acc: 0.940
f1: 0.467
1,146,coarse : 27.23 seconds
1,146,fine : 27.25 seconds
[[1410  504]
 [  13   83]]
acc: 0.743
f1: 0.243
[[1835   79]
 [  43   53]]
acc: 0.939
f1: 0.465
1,147,coarse : 28.19 seconds
1,147,fine : 28.21 seconds
[[1408  506]
 [  13   83]]
acc: 0.742
f1: 0.242
[[1835   79]
 [  43   53]]
acc: 0.939
f1: 0.465
1,148,coarse : 28.27 seconds
1,148,fine : 28.29 seconds
[[1411  503]
 [  13   83]]
acc: 0.743
f1: 0.243
[[1837   77]
 [  42   54]]
acc: 0.941
f1: 0.476
1,149,coarse : 27.96 seconds
1,149,fine : 27.98 seconds
[[1412  502]
 [  13   83]]
acc: 0.744
f1: 0.244
[[1837   77]
 [  42   54]]
acc: 0.941
f1: 0.476
1,150,coarse : 30.47 seconds
1,150,fine : 30.48 seconds
[[1412  502]
 [  13   83]]
acc: 0.744
f1: 0.244
[[1837   77]
 [  42   54]]
acc: 0.941
f1: 0.476
1,151,coarse : 29.01 seconds
1,151,fine : 29.04 seconds
[[1412  502]
 [  13   83]]
acc: 0.744
f1: 0.244
[[1834   80]
 [  42   54]]
acc: 0.939
f1: 0.470
1,152,coarse : 29.59 seconds
1,152,fine : 29.61 seconds
[[1414  500]
 [  13   83]]
acc: 0.745
f1: 0.244
[[1835   79]
 [  42   54]]
acc: 0.940
f1: 0.472
1,153,coarse : 29.12 seconds
1,153,fine : 29.14 seconds
[[1412  502]
 [  12   84]]
acc: 0.744
f1: 0.246
[[1834   80]
 [  42   54]]
acc: 0.939
f1: 0.470
1,154,coarse : 30.19 seconds
1,154,fine : 30.21 seconds
[[1413  501]
 [  12   84]]
acc: 0.745
f1: 0.247
[[1835   79]
 [  42   54]]
acc: 0.940
f1: 0.472
1,155,coarse : 30.11 seconds
1,155,fine : 30.13 seconds
[[1412  502]
 [  12   84]]
acc: 0.744
f1: 0.246
[[1836   78]
 [  43   53]]
acc: 0.940
f1: 0.467
1,156,coarse : 30.76 seconds
1,156,fine : 30.78 seconds
[[1413  501]
 [  12   84]]
acc: 0.745
f1: 0.247
[[1836   78]
 [  42   54]]
acc: 0.940
f1: 0.474
1,157,coarse : 30.52 seconds
1,157,fine : 30.54 seconds
[[1419  495]
 [  12   84]]
acc: 0.748
f1: 0.249
[[1835   79]
 [  42   54]]
acc: 0.940
f1: 0.472
1,158,coarse : 30.8 seconds
1,158,fine : 30.82 seconds
[[1421  493]
 [  12   84]]
acc: 0.749
f1: 0.250
[[1837   77]
 [  43   53]]
acc: 0.940
f1: 0.469
1,159,coarse : 31.03 seconds
1,159,fine : 31.05 seconds
[[1422  492]
 [  12   84]]
acc: 0.749
f1: 0.250
[[1837   77]
 [  43   53]]
acc: 0.940
f1: 0.469
1,160,coarse : 31.88 seconds
1,160,fine : 31.91 seconds
[[1418  496]
 [  12   84]]
acc: 0.747
f1: 0.249
[[1838   76]
 [  43   53]]
acc: 0.941
f1: 0.471
1,161,coarse : 31.92 seconds
1,161,fine : 31.94 seconds
[[1422  492]
 [  12   84]]
acc: 0.749
f1: 0.250
[[1837   77]
 [  43   53]]
acc: 0.940
f1: 0.469
1,162,coarse : 31.7 seconds
1,162,fine : 31.72 seconds
[[1425  489]
 [  12   84]]
acc: 0.751
f1: 0.251
[[1837   77]
 [  43   53]]
acc: 0.940
f1: 0.469
1,163,coarse : 32.11 seconds
1,163,fine : 32.13 seconds
[[1425  489]
 [  12   84]]
acc: 0.751
f1: 0.251
[[1838   76]
 [  42   54]]
acc: 0.941
f1: 0.478
1,164,coarse : 32.83 seconds
1,164,fine : 32.85 seconds
[[1423  491]
 [  12   84]]
acc: 0.750
f1: 0.250
[[1838   76]
 [  42   54]]
acc: 0.941
f1: 0.478
1,165,coarse : 32.99 seconds
1,165,fine : 33.02 seconds
[[1425  489]
 [  12   84]]
acc: 0.751
f1: 0.251
[[1838   76]
 [  42   54]]
acc: 0.941
f1: 0.478
1,166,coarse : 33.76 seconds
1,166,fine : 33.78 seconds
[[1425  489]
 [  12   84]]
acc: 0.751
f1: 0.251
[[1836   78]
 [  42   54]]
acc: 0.940
f1: 0.474
1,167,coarse : 33.68 seconds
1,167,fine : 33.71 seconds
[[1428  486]
 [  12   84]]
acc: 0.752
f1: 0.252
[[1836   78]
 [  42   54]]
acc: 0.940
f1: 0.474
1,168,coarse : 34.54 seconds
1,168,fine : 34.57 seconds
[[1426  488]
 [  12   84]]
acc: 0.751
f1: 0.251
[[1837   77]
 [  42   54]]
acc: 0.941
f1: 0.476
1,169,coarse : 34.49 seconds
1,169,fine : 34.51 seconds
[[1428  486]
 [  13   83]]
acc: 0.752
f1: 0.250
[[1836   78]
 [  42   54]]
acc: 0.940
f1: 0.474
1,170,coarse : 34.13 seconds
1,170,fine : 34.15 seconds
[[1428  486]
 [  13   83]]
acc: 0.752
f1: 0.250
[[1835   79]
 [  42   54]]
acc: 0.940
f1: 0.472
1,171,coarse : 34.66 seconds
1,171,fine : 34.68 seconds
[[1427  487]
 [  13   83]]
acc: 0.751
f1: 0.249
[[1835   79]
 [  42   54]]
acc: 0.940
f1: 0.472
1,172,coarse : 34.44 seconds
1,172,fine : 34.47 seconds
