all           0      1    2    3    4    5    6    7    8    
1      2010   1914   1    19   32   19   1    11   6    7    
2      2010   1914   1    19   32   19   1    11   6    7    
3      2010   1914   1    19   32   19   1    11   5    8    
4      2010   1914   1    19   32   19   1    10   6    8    
5      2010   1914   1    18   33   19   1    10   6    8    
6      2010   1914   1    18   33   19   1    10   6    8    
7      2010   1913   2    18   33   19   1    10   6    8    
8      2010   1913   2    18   33   19   1    10   6    8    
9      2009   1913   2    18   32   19   2    10   6    7    
10     2009   1913   1    19   32   19   1    11   6    7    
Total  20098  19136  13   185  324  190  11   104  59   76   
train         0      1    2    3    4    5    6    7    8    
1      2010   1914   1    19   32   19   1    11   6    7    
2      2010   1914   1    19   32   19   1    11   6    7    
4      2010   1914   1    19   32   19   1    10   6    8    
5      2010   1914   1    18   33   19   1    10   6    8    
6      2010   1914   1    18   33   19   1    10   6    8    
7      2010   1913   2    18   33   19   1    10   6    8    
8      2010   1913   2    18   33   19   1    10   6    8    
9      2009   1913   2    18   32   19   2    10   6    7    
10     2009   1913   1    19   32   19   1    11   6    7    
Total  18088  17222  12   166  292  171  10   93   54   68   
test          0      1    2    3    4    5    6    7    8    
3      2010   1914   1    19   32   19   1    11   5    8    
Total  2010   1914   1    19   32   19   1    11   5    8    
Classes             
0         17222     
1         12        
2         166       
3         292       
4         171       
5         10        
6         93        
7         54        
8         68        
Total     18088     

Shape: 450       

[952, 10, 11, 16, 11, 10, 10, 10, 10]
Sum start => 1040
[[1167  747]
 [  14   82]]
acc: 0.621
f1: 0.177
[[1888   26]
 [  82   14]]
acc: 0.946
f1: 0.206
3,1,coarse : 28.01 seconds
3,1,fine : 28.01 seconds
[[1167  747]
 [  14   82]]
acc: 0.621
f1: 0.177
[[1888   26]
 [  82   14]]
acc: 0.946
f1: 0.206
3,2,coarse : 29.49 seconds
3,2,fine : 29.49 seconds
[[1216  698]
 [  16   80]]
acc: 0.645
f1: 0.183
[[1907    7]
 [  92    4]]
acc: 0.951
f1: 0.075
3,3,coarse : 27.87 seconds
3,3,fine : 27.87 seconds
[[1260  654]
 [  17   79]]
acc: 0.666
f1: 0.191
[[1911    3]
 [  95    1]]
acc: 0.951
f1: 0.020
3,4,coarse : 27.99 seconds
3,4,fine : 28.0 seconds
[[1307  607]
 [  16   80]]
acc: 0.690
f1: 0.204
[[1910    4]
 [  95    1]]
acc: 0.951
f1: 0.020
3,5,coarse : 28.39 seconds
3,5,fine : 28.4 seconds
[[1323  591]
 [  14   82]]
acc: 0.699
f1: 0.213
[[1911    3]
 [  92    4]]
acc: 0.953
f1: 0.078
3,6,coarse : 27.81 seconds
3,6,fine : 27.81 seconds
[[1321  593]
 [  13   83]]
acc: 0.699
f1: 0.215
[[1907    7]
 [  92    4]]
acc: 0.951
f1: 0.075
3,7,coarse : 27.64 seconds
3,7,fine : 27.65 seconds
[[1335  579]
 [  15   81]]
acc: 0.704
f1: 0.214
[[1909    5]
 [  92    4]]
acc: 0.952
f1: 0.076
3,8,coarse : 27.98 seconds
3,8,fine : 27.99 seconds
[[1329  585]
 [  14   82]]
acc: 0.702
f1: 0.215
[[1909    5]
 [  92    4]]
acc: 0.952
f1: 0.076
3,9,coarse : 27.41 seconds
3,9,fine : 27.42 seconds
[[1355  559]
 [  16   80]]
acc: 0.714
f1: 0.218
[[1908    6]
 [  92    4]]
acc: 0.951
f1: 0.075
3,10,coarse : 27.3 seconds
3,10,fine : 27.31 seconds
[[1365  549]
 [  19   77]]
acc: 0.717
f1: 0.213
[[1909    5]
 [  89    7]]
acc: 0.953
f1: 0.130
3,11,coarse : 27.88 seconds
3,11,fine : 27.88 seconds
[[1376  538]
 [  19   77]]
acc: 0.723
f1: 0.217
[[1910    4]
 [  87    9]]
acc: 0.955
f1: 0.165
3,12,coarse : 27.28 seconds
3,12,fine : 27.28 seconds
[[1381  533]
 [  20   76]]
acc: 0.725
f1: 0.216
[[1909    5]
 [  85   11]]
acc: 0.955
f1: 0.196
3,13,coarse : 27.27 seconds
3,13,fine : 27.28 seconds
[[1395  519]
 [  20   76]]
acc: 0.732
f1: 0.220
[[1908    6]
 [  84   12]]
acc: 0.955
f1: 0.211
3,14,coarse : 27.9 seconds
3,14,fine : 27.91 seconds
[[1405  509]
 [  20   76]]
acc: 0.737
f1: 0.223
[[1907    7]
 [  85   11]]
acc: 0.954
f1: 0.193
3,15,coarse : 27.26 seconds
3,15,fine : 27.26 seconds
[[1407  507]
 [  18   78]]
acc: 0.739
f1: 0.229
[[1907    7]
 [  84   12]]
acc: 0.955
f1: 0.209
3,16,coarse : 27.1 seconds
3,16,fine : 27.11 seconds
[[1402  512]
 [  17   79]]
acc: 0.737
f1: 0.230
[[1907    7]
 [  85   11]]
acc: 0.954
f1: 0.193
3,17,coarse : 28.0 seconds
3,17,fine : 28.01 seconds
[[1423  491]
 [  17   79]]
acc: 0.747
f1: 0.237
[[1907    7]
 [  85   11]]
acc: 0.954
f1: 0.193
3,18,coarse : 27.13 seconds
3,18,fine : 27.14 seconds
[[1432  482]
 [  18   78]]
acc: 0.751
f1: 0.238
[[1907    7]
 [  86   10]]
acc: 0.954
f1: 0.177
3,19,coarse : 27.37 seconds
3,19,fine : 27.38 seconds
[[1423  491]
 [  17   79]]
acc: 0.747
f1: 0.237
[[1906    8]
 [  87    9]]
acc: 0.953
f1: 0.159
3,20,coarse : 27.71 seconds
3,20,fine : 27.72 seconds
[[1430  484]
 [  17   79]]
acc: 0.751
f1: 0.240
[[1906    8]
 [  87    9]]
acc: 0.953
f1: 0.159
3,21,coarse : 27.13 seconds
3,21,fine : 27.14 seconds
[[1426  488]
 [  17   79]]
acc: 0.749
f1: 0.238
[[1906    8]
 [  87    9]]
acc: 0.953
f1: 0.159
3,22,coarse : 27.11 seconds
3,22,fine : 27.11 seconds
[[1427  487]
 [  17   79]]
acc: 0.749
f1: 0.239
[[1906    8]
 [  88    8]]
acc: 0.952
f1: 0.143
3,23,coarse : 27.88 seconds
3,23,fine : 27.89 seconds
[[1434  480]
 [  16   80]]
acc: 0.753
f1: 0.244
[[1905    9]
 [  88    8]]
acc: 0.952
f1: 0.142
3,24,coarse : 27.26 seconds
3,24,fine : 27.27 seconds
[[1444  470]
 [  17   79]]
acc: 0.758
f1: 0.245
[[1906    8]
 [  87    9]]
acc: 0.953
f1: 0.159
3,25,coarse : 27.15 seconds
3,25,fine : 27.16 seconds
[[1432  482]
 [  17   79]]
acc: 0.752
f1: 0.240
[[1906    8]
 [  87    9]]
acc: 0.953
f1: 0.159
3,26,coarse : 27.91 seconds
3,26,fine : 27.92 seconds
[[1444  470]
 [  18   78]]
acc: 0.757
f1: 0.242
[[1905    9]
 [  86   10]]
acc: 0.953
f1: 0.174
3,27,coarse : 27.27 seconds
3,27,fine : 27.27 seconds
[[1452  462]
 [  18   78]]
acc: 0.761
f1: 0.245
[[1905    9]
 [  86   10]]
acc: 0.953
f1: 0.174
3,28,coarse : 27.37 seconds
3,28,fine : 27.38 seconds
[[1444  470]
 [  18   78]]
acc: 0.757
f1: 0.242
[[1904   10]
 [  85   11]]
acc: 0.953
f1: 0.188
3,29,coarse : 28.1 seconds
3,29,fine : 28.1 seconds
[[1431  483]
 [  16   80]]
acc: 0.752
f1: 0.243
[[1904   10]
 [  84   12]]
acc: 0.953
f1: 0.203
3,30,coarse : 27.31 seconds
3,30,fine : 27.32 seconds
[[1443  471]
 [  16   80]]
acc: 0.758
f1: 0.247
[[1905    9]
 [  83   13]]
acc: 0.954
f1: 0.220
3,31,coarse : 27.45 seconds
3,31,fine : 27.46 seconds
[[1442  472]
 [  17   79]]
acc: 0.757
f1: 0.244
[[1904   10]
 [  82   14]]
acc: 0.954
f1: 0.233
3,32,coarse : 27.34 seconds
3,32,fine : 27.35 seconds
[[1439  475]
 [  17   79]]
acc: 0.755
f1: 0.243
[[1904   10]
 [  83   13]]
acc: 0.954
f1: 0.218
3,33,coarse : 27.85 seconds
3,33,fine : 27.86 seconds
[[1442  472]
 [  18   78]]
acc: 0.756
f1: 0.241
[[1904   10]
 [  82   14]]
acc: 0.954
f1: 0.233
3,34,coarse : 27.44 seconds
3,34,fine : 27.45 seconds
[[1453  461]
 [  18   78]]
acc: 0.762
f1: 0.246
[[1904   10]
 [  82   14]]
acc: 0.954
f1: 0.233
3,35,coarse : 27.55 seconds
3,35,fine : 27.56 seconds
[[1455  459]
 [  17   79]]
acc: 0.763
f1: 0.249
[[1905    9]
 [  82   14]]
acc: 0.955
f1: 0.235
3,36,coarse : 27.85 seconds
3,36,fine : 27.86 seconds
[[1457  457]
 [  17   79]]
acc: 0.764
f1: 0.250
[[1905    9]
 [  82   14]]
acc: 0.955
f1: 0.235
3,37,coarse : 27.42 seconds
3,37,fine : 27.43 seconds
[[1463  451]
 [  17   79]]
acc: 0.767
f1: 0.252
[[1904   10]
 [  82   14]]
acc: 0.954
f1: 0.233
3,38,coarse : 27.34 seconds
3,38,fine : 27.34 seconds
[[1470  444]
 [  17   79]]
acc: 0.771
f1: 0.255
[[1905    9]
 [  83   13]]
acc: 0.954
f1: 0.220
3,39,coarse : 27.58 seconds
3,39,fine : 27.58 seconds
[[1467  447]
 [  17   79]]
acc: 0.769
f1: 0.254
[[1905    9]
 [  83   13]]
acc: 0.954
f1: 0.220
3,40,coarse : 28.05 seconds
3,40,fine : 28.06 seconds
[[1458  456]
 [  16   80]]
acc: 0.765
f1: 0.253
[[1906    8]
 [  83   13]]
acc: 0.955
f1: 0.222
3,41,coarse : 27.38 seconds
3,41,fine : 27.39 seconds
[[1461  453]
 [  17   79]]
acc: 0.766
f1: 0.252
[[1905    9]
 [  83   13]]
acc: 0.954
f1: 0.220
3,42,coarse : 27.41 seconds
3,42,fine : 27.42 seconds
[[1461  453]
 [  16   80]]
acc: 0.767
f1: 0.254
[[1904   10]
 [  82   14]]
acc: 0.954
f1: 0.233
3,43,coarse : 28.21 seconds
3,43,fine : 28.22 seconds
[[1461  453]
 [  16   80]]
acc: 0.767
f1: 0.254
[[1904   10]
 [  80   16]]
acc: 0.955
f1: 0.262
3,44,coarse : 27.64 seconds
3,44,fine : 27.65 seconds
[[1467  447]
 [  16   80]]
acc: 0.770
f1: 0.257
[[1903   11]
 [  80   16]]
acc: 0.955
f1: 0.260
3,45,coarse : 27.44 seconds
3,45,fine : 27.44 seconds
[[1470  444]
 [  16   80]]
acc: 0.771
f1: 0.258
[[1903   11]
 [  78   18]]
acc: 0.956
f1: 0.288
3,46,coarse : 27.62 seconds
3,46,fine : 27.63 seconds
[[1470  444]
 [  16   80]]
acc: 0.771
f1: 0.258
[[1903   11]
 [  79   17]]
acc: 0.955
f1: 0.274
3,47,coarse : 27.91 seconds
3,47,fine : 27.92 seconds
[[1472  442]
 [  16   80]]
acc: 0.772
f1: 0.259
[[1901   13]
 [  79   17]]
acc: 0.954
f1: 0.270
3,48,coarse : 27.54 seconds
3,48,fine : 27.55 seconds
[[1478  436]
 [  17   79]]
acc: 0.775
f1: 0.259
[[1902   12]
 [  78   18]]
acc: 0.955
f1: 0.286
3,49,coarse : 27.57 seconds
3,49,fine : 27.58 seconds
[[1481  433]
 [  16   80]]
acc: 0.777
f1: 0.263
[[1901   13]
 [  78   18]]
acc: 0.955
f1: 0.283
3,50,coarse : 30.14 seconds
3,50,fine : 30.15 seconds
[[1481  433]
 [  15   81]]
acc: 0.777
f1: 0.266
[[1899   15]
 [  78   18]]
acc: 0.954
f1: 0.279
3,51,coarse : 28.12 seconds
3,51,fine : 28.13 seconds
[[1481  433]
 [  16   80]]
acc: 0.777
f1: 0.263
[[1899   15]
 [  78   18]]
acc: 0.954
f1: 0.279
3,52,coarse : 28.14 seconds
3,52,fine : 28.15 seconds
[[1476  438]
 [  16   80]]
acc: 0.774
f1: 0.261
[[1898   16]
 [  76   20]]
acc: 0.954
f1: 0.303
3,53,coarse : 28.27 seconds
3,53,fine : 28.28 seconds
[[1478  436]
 [  16   80]]
acc: 0.775
f1: 0.261
[[1898   16]
 [  75   21]]
acc: 0.955
f1: 0.316
3,54,coarse : 28.32 seconds
3,54,fine : 28.33 seconds
[[1478  436]
 [  14   82]]
acc: 0.776
f1: 0.267
[[1898   16]
 [  74   22]]
acc: 0.955
f1: 0.328
3,55,coarse : 28.19 seconds
3,55,fine : 28.2 seconds
[[1470  444]
 [  14   82]]
acc: 0.772
f1: 0.264
[[1898   16]
 [  73   23]]
acc: 0.956
f1: 0.341
3,56,coarse : 28.39 seconds
3,56,fine : 28.4 seconds
[[1470  444]
 [  15   81]]
acc: 0.772
f1: 0.261
[[1897   17]
 [  75   21]]
acc: 0.954
f1: 0.313
3,57,coarse : 28.89 seconds
3,57,fine : 28.9 seconds
[[1466  448]
 [  17   79]]
acc: 0.769
f1: 0.254
[[1895   19]
 [  75   21]]
acc: 0.953
f1: 0.309
3,58,coarse : 28.7 seconds
3,58,fine : 28.71 seconds
[[1462  452]
 [  16   80]]
acc: 0.767
f1: 0.255
[[1896   18]
 [  74   22]]
acc: 0.954
f1: 0.324
3,59,coarse : 28.63 seconds
3,59,fine : 28.64 seconds
[[1460  454]
 [  17   79]]
acc: 0.766
f1: 0.251
[[1896   18]
 [  74   22]]
acc: 0.954
f1: 0.324
3,60,coarse : 28.72 seconds
3,60,fine : 28.73 seconds
[[1472  442]
 [  17   79]]
acc: 0.772
f1: 0.256
[[1894   20]
 [  73   23]]
acc: 0.954
f1: 0.331
3,61,coarse : 28.78 seconds
3,61,fine : 28.79 seconds
[[1469  445]
 [  16   80]]
acc: 0.771
f1: 0.258
[[1894   20]
 [  73   23]]
acc: 0.954
f1: 0.331
3,62,coarse : 29.47 seconds
3,62,fine : 29.48 seconds
[[1461  453]
 [  17   79]]
acc: 0.766
f1: 0.252
[[1894   20]
 [  72   24]]
acc: 0.954
f1: 0.343
3,63,coarse : 28.56 seconds
3,63,fine : 28.57 seconds
[[1466  448]
 [  18   78]]
acc: 0.768
f1: 0.251
[[1892   22]
 [  72   24]]
acc: 0.953
f1: 0.338
3,64,coarse : 29.19 seconds
3,64,fine : 29.2 seconds
[[1460  454]
 [  16   80]]
acc: 0.766
f1: 0.254
[[1892   22]
 [  72   24]]
acc: 0.953
f1: 0.338
3,65,coarse : 29.4 seconds
3,65,fine : 29.41 seconds
[[1459  455]
 [  16   80]]
acc: 0.766
f1: 0.254
[[1892   22]
 [  73   23]]
acc: 0.953
f1: 0.326
3,66,coarse : 29.64 seconds
3,66,fine : 29.65 seconds
[[1461  453]
 [  16   80]]
acc: 0.767
f1: 0.254
[[1891   23]
 [  73   23]]
acc: 0.952
f1: 0.324
3,67,coarse : 29.39 seconds
3,67,fine : 29.4 seconds
[[1461  453]
 [  16   80]]
acc: 0.767
f1: 0.254
[[1891   23]
 [  73   23]]
acc: 0.952
f1: 0.324
3,68,coarse : 29.31 seconds
3,68,fine : 29.33 seconds
[[1469  445]
 [  16   80]]
acc: 0.771
f1: 0.258
[[1891   23]
 [  72   24]]
acc: 0.953
f1: 0.336
3,69,coarse : 29.83 seconds
3,69,fine : 29.85 seconds
[[1467  447]
 [  17   79]]
acc: 0.769
f1: 0.254
[[1891   23]
 [  72   24]]
acc: 0.953
f1: 0.336
3,70,coarse : 29.38 seconds
3,70,fine : 29.39 seconds
[[1465  449]
 [  17   79]]
acc: 0.768
f1: 0.253
[[1891   23]
 [  72   24]]
acc: 0.953
f1: 0.336
3,71,coarse : 30.03 seconds
3,71,fine : 30.04 seconds
[[1466  448]
 [  17   79]]
acc: 0.769
f1: 0.254
[[1890   24]
 [  70   26]]
acc: 0.953
f1: 0.356
3,72,coarse : 29.56 seconds
3,72,fine : 29.58 seconds
[[1463  451]
 [  17   79]]
acc: 0.767
f1: 0.252
[[1891   23]
 [  70   26]]
acc: 0.954
f1: 0.359
3,73,coarse : 29.52 seconds
3,73,fine : 29.54 seconds
[[1463  451]
 [  18   78]]
acc: 0.767
f1: 0.250
[[1891   23]
 [  70   26]]
acc: 0.954
f1: 0.359
3,74,coarse : 29.64 seconds
3,74,fine : 29.66 seconds
[[1461  453]
 [  18   78]]
acc: 0.766
f1: 0.249
[[1890   24]
 [  70   26]]
acc: 0.953
f1: 0.356
3,75,coarse : 30.04 seconds
3,75,fine : 30.05 seconds
[[1465  449]
 [  18   78]]
acc: 0.768
f1: 0.250
[[1890   24]
 [  70   26]]
acc: 0.953
f1: 0.356
3,76,coarse : 28.93 seconds
3,76,fine : 28.95 seconds
[[1461  453]
 [  17   79]]
acc: 0.766
f1: 0.252
[[1890   24]
 [  70   26]]
acc: 0.953
f1: 0.356
3,77,coarse : 29.27 seconds
3,77,fine : 29.28 seconds
[[1474  440]
 [  17   79]]
acc: 0.773
f1: 0.257
[[1890   24]
 [  69   27]]
acc: 0.954
f1: 0.367
3,78,coarse : 29.11 seconds
3,78,fine : 29.13 seconds
[[1471  443]
 [  17   79]]
acc: 0.771
f1: 0.256
[[1889   25]
 [  69   27]]
acc: 0.953
f1: 0.365
3,79,coarse : 29.61 seconds
3,79,fine : 29.62 seconds
[[1468  446]
 [  17   79]]
acc: 0.770
f1: 0.254
[[1889   25]
 [  69   27]]
acc: 0.953
f1: 0.365
3,80,coarse : 29.75 seconds
3,80,fine : 29.76 seconds
[[1467  447]
 [  18   78]]
acc: 0.769
f1: 0.251
[[1889   25]
 [  69   27]]
acc: 0.953
f1: 0.365
3,81,coarse : 29.11 seconds
3,81,fine : 29.12 seconds
[[1468  446]
 [  18   78]]
acc: 0.769
f1: 0.252
[[1889   25]
 [  69   27]]
acc: 0.953
f1: 0.365
3,82,coarse : 29.49 seconds
3,82,fine : 29.5 seconds
[[1468  446]
 [  18   78]]
acc: 0.769
f1: 0.252
[[1887   27]
 [  69   27]]
acc: 0.952
f1: 0.360
3,83,coarse : 29.69 seconds
3,83,fine : 29.7 seconds
[[1466  448]
 [  18   78]]
acc: 0.768
f1: 0.251
[[1886   28]
 [  69   27]]
acc: 0.952
f1: 0.358
3,84,coarse : 29.18 seconds
3,84,fine : 29.19 seconds
[[1470  444]
 [  17   79]]
acc: 0.771
f1: 0.255
[[1886   28]
 [  69   27]]
acc: 0.952
f1: 0.358
3,85,coarse : 29.96 seconds
3,85,fine : 29.98 seconds
[[1473  441]
 [  17   79]]
acc: 0.772
f1: 0.256
[[1884   30]
 [  69   27]]
acc: 0.951
f1: 0.353
3,86,coarse : 30.39 seconds
3,86,fine : 30.4 seconds
[[1481  433]
 [  17   79]]
acc: 0.776
f1: 0.260
[[1887   27]
 [  68   28]]
acc: 0.953
f1: 0.371
3,87,coarse : 29.42 seconds
3,87,fine : 29.43 seconds
[[1480  434]
 [  18   78]]
acc: 0.775
f1: 0.257
[[1886   28]
 [  68   28]]
acc: 0.952
f1: 0.368
3,88,coarse : 29.17 seconds
3,88,fine : 29.19 seconds
[[1480  434]
 [  17   79]]
acc: 0.776
f1: 0.259
[[1886   28]
 [  68   28]]
acc: 0.952
f1: 0.368
3,89,coarse : 29.65 seconds
3,89,fine : 29.66 seconds
[[1480  434]
 [  17   79]]
acc: 0.776
f1: 0.259
[[1885   29]
 [  68   28]]
acc: 0.952
f1: 0.366
3,90,coarse : 30.2 seconds
3,90,fine : 30.21 seconds
[[1473  441]
 [  17   79]]
acc: 0.772
f1: 0.256
[[1884   30]
 [  69   27]]
acc: 0.951
f1: 0.353
3,91,coarse : 30.02 seconds
3,91,fine : 30.03 seconds
[[1473  441]
 [  17   79]]
acc: 0.772
f1: 0.256
[[1885   29]
 [  69   27]]
acc: 0.951
f1: 0.355
3,92,coarse : 31.09 seconds
3,92,fine : 31.1 seconds
[[1478  436]
 [  17   79]]
acc: 0.775
f1: 0.259
[[1885   29]
 [  68   28]]
acc: 0.952
f1: 0.366
3,93,coarse : 30.53 seconds
3,93,fine : 30.54 seconds
[[1478  436]
 [  17   79]]
acc: 0.775
f1: 0.259
[[1883   31]
 [  68   28]]
acc: 0.951
f1: 0.361
3,94,coarse : 30.28 seconds
3,94,fine : 30.29 seconds
[[1475  439]
 [  17   79]]
acc: 0.773
f1: 0.257
[[1882   32]
 [  67   29]]
acc: 0.951
f1: 0.369
3,95,coarse : 30.29 seconds
3,95,fine : 30.31 seconds
[[1470  444]
 [  17   79]]
acc: 0.771
f1: 0.255
[[1881   33]
 [  66   30]]
acc: 0.951
f1: 0.377
3,96,coarse : 30.33 seconds
3,96,fine : 30.34 seconds
[[1469  445]
 [  17   79]]
acc: 0.770
f1: 0.255
[[1880   34]
 [  66   30]]
acc: 0.950
f1: 0.375
3,97,coarse : 30.77 seconds
3,97,fine : 30.79 seconds
[[1471  443]
 [  17   79]]
acc: 0.771
f1: 0.256
[[1880   34]
 [  66   30]]
acc: 0.950
f1: 0.375
3,98,coarse : 31.88 seconds
3,98,fine : 31.9 seconds
[[1481  433]
 [  17   79]]
acc: 0.776
f1: 0.260
[[1881   33]
 [  67   29]]
acc: 0.950
f1: 0.367
3,99,coarse : 30.29 seconds
3,99,fine : 30.3 seconds
[[1480  434]
 [  17   79]]
acc: 0.776
f1: 0.259
[[1882   32]
 [  67   29]]
acc: 0.951
f1: 0.369
3,100,coarse : 30.34 seconds
3,100,fine : 30.35 seconds
[[1482  432]
 [  16   80]]
acc: 0.777
f1: 0.263
[[1879   35]
 [  67   29]]
acc: 0.949
f1: 0.362
3,101,coarse : 29.15 seconds
3,101,fine : 29.16 seconds
[[1479  435]
 [  17   79]]
acc: 0.775
f1: 0.259
[[1880   34]
 [  66   30]]
acc: 0.950
f1: 0.375
3,102,coarse : 29.53 seconds
3,102,fine : 29.55 seconds
[[1478  436]
 [  16   80]]
acc: 0.775
f1: 0.261
[[1880   34]
 [  66   30]]
acc: 0.950
f1: 0.375
3,103,coarse : 29.92 seconds
3,103,fine : 29.93 seconds
[[1473  441]
 [  16   80]]
acc: 0.773
f1: 0.259
[[1879   35]
 [  66   30]]
acc: 0.950
f1: 0.373
3,104,coarse : 29.6 seconds
3,104,fine : 29.61 seconds
[[1471  443]
 [  16   80]]
acc: 0.772
f1: 0.258
[[1879   35]
 [  66   30]]
acc: 0.950
f1: 0.373
3,105,coarse : 29.48 seconds
3,105,fine : 29.5 seconds
[[1469  445]
 [  16   80]]
acc: 0.771
f1: 0.258
[[1877   37]
 [  65   31]]
acc: 0.949
f1: 0.378
3,106,coarse : 29.18 seconds
3,106,fine : 29.2 seconds
[[1472  442]
 [  16   80]]
acc: 0.772
f1: 0.259
[[1876   38]
 [  65   31]]
acc: 0.949
f1: 0.376
3,107,coarse : 29.35 seconds
3,107,fine : 29.36 seconds
[[1471  443]
 [  16   80]]
acc: 0.772
f1: 0.258
[[1876   38]
 [  65   31]]
acc: 0.949
f1: 0.376
3,108,coarse : 29.32 seconds
3,108,fine : 29.34 seconds
[[1476  438]
 [  16   80]]
acc: 0.774
f1: 0.261
[[1874   40]
 [  63   33]]
acc: 0.949
f1: 0.391
3,109,coarse : 28.86 seconds
3,109,fine : 28.87 seconds
[[1477  437]
 [  16   80]]
acc: 0.775
f1: 0.261
[[1873   41]
 [  63   33]]
acc: 0.948
f1: 0.388
3,110,coarse : 30.13 seconds
3,110,fine : 30.15 seconds
[[1478  436]
 [  16   80]]
acc: 0.775
f1: 0.261
[[1873   41]
 [  63   33]]
acc: 0.948
f1: 0.388
3,111,coarse : 29.26 seconds
3,111,fine : 29.28 seconds
[[1476  438]
 [  16   80]]
acc: 0.774
f1: 0.261
[[1872   42]
 [  59   37]]
acc: 0.950
f1: 0.423
3,112,coarse : 29.25 seconds
3,112,fine : 29.27 seconds
[[1476  438]
 [  16   80]]
acc: 0.774
f1: 0.261
[[1870   44]
 [  59   37]]
acc: 0.949
f1: 0.418
3,113,coarse : 29.1 seconds
3,113,fine : 29.12 seconds
[[1479  435]
 [  16   80]]
acc: 0.776
f1: 0.262
[[1870   44]
 [  59   37]]
acc: 0.949
f1: 0.418
3,114,coarse : 28.99 seconds
3,114,fine : 29.01 seconds
[[1479  435]
 [  16   80]]
acc: 0.776
f1: 0.262
[[1869   45]
 [  59   37]]
acc: 0.948
f1: 0.416
3,115,coarse : 28.71 seconds
3,115,fine : 28.73 seconds
[[1481  433]
 [  17   79]]
acc: 0.776
f1: 0.260
[[1870   44]
 [  59   37]]
acc: 0.949
f1: 0.418
3,116,coarse : 29.31 seconds
3,116,fine : 29.33 seconds
[[1482  432]
 [  16   80]]
acc: 0.777
f1: 0.263
[[1867   47]
 [  58   38]]
acc: 0.948
f1: 0.420
3,117,coarse : 29.55 seconds
3,117,fine : 29.56 seconds
[[1480  434]
 [  16   80]]
acc: 0.776
f1: 0.262
[[1867   47]
 [  58   38]]
acc: 0.948
f1: 0.420
3,118,coarse : 29.85 seconds
3,118,fine : 29.87 seconds
[[1480  434]
 [  16   80]]
acc: 0.776
f1: 0.262
[[1867   47]
 [  58   38]]
acc: 0.948
f1: 0.420
3,119,coarse : 29.77 seconds
3,119,fine : 29.79 seconds
[[1481  433]
 [  16   80]]
acc: 0.777
f1: 0.263
[[1871   43]
 [  59   37]]
acc: 0.949
f1: 0.420
3,120,coarse : 29.3 seconds
3,120,fine : 29.32 seconds
[[1482  432]
 [  16   80]]
acc: 0.777
f1: 0.263
[[1871   43]
 [  58   38]]
acc: 0.950
f1: 0.429
3,121,coarse : 29.65 seconds
3,121,fine : 29.67 seconds
[[1483  431]
 [  16   80]]
acc: 0.778
f1: 0.264
[[1870   44]
 [  59   37]]
acc: 0.949
f1: 0.418
3,122,coarse : 29.54 seconds
3,122,fine : 29.55 seconds
[[1487  427]
 [  16   80]]
acc: 0.780
f1: 0.265
[[1869   45]
 [  57   39]]
acc: 0.949
f1: 0.433
3,123,coarse : 30.04 seconds
3,123,fine : 30.06 seconds
[[1489  425]
 [  16   80]]
acc: 0.781
f1: 0.266
[[1869   45]
 [  57   39]]
acc: 0.949
f1: 0.433
3,124,coarse : 30.38 seconds
3,124,fine : 30.4 seconds
[[1486  428]
 [  16   80]]
acc: 0.779
f1: 0.265
[[1868   46]
 [  57   39]]
acc: 0.949
f1: 0.431
3,125,coarse : 30.74 seconds
3,125,fine : 30.75 seconds
[[1487  427]
 [  16   80]]
acc: 0.780
f1: 0.265
[[1868   46]
 [  57   39]]
acc: 0.949
f1: 0.431
3,126,coarse : 31.2 seconds
3,126,fine : 31.22 seconds
[[1489  425]
 [  16   80]]
acc: 0.781
f1: 0.266
[[1868   46]
 [  57   39]]
acc: 0.949
f1: 0.431
3,127,coarse : 31.49 seconds
3,127,fine : 31.51 seconds
[[1489  425]
 [  16   80]]
acc: 0.781
f1: 0.266
[[1867   47]
 [  57   39]]
acc: 0.948
f1: 0.429
3,128,coarse : 31.66 seconds
3,128,fine : 31.68 seconds
[[1487  427]
 [  16   80]]
acc: 0.780
f1: 0.265
[[1867   47]
 [  57   39]]
acc: 0.948
f1: 0.429
3,129,coarse : 31.94 seconds
3,129,fine : 31.96 seconds
[[1480  434]
 [  16   80]]
acc: 0.776
f1: 0.262
[[1865   49]
 [  56   40]]
acc: 0.948
f1: 0.432
3,130,coarse : 31.39 seconds
3,130,fine : 31.41 seconds
[[1481  433]
 [  16   80]]
acc: 0.777
f1: 0.263
[[1863   51]
 [  56   40]]
acc: 0.947
f1: 0.428
3,131,coarse : 32.07 seconds
3,131,fine : 32.09 seconds
[[1478  436]
 [  16   80]]
acc: 0.775
f1: 0.261
[[1862   52]
 [  56   40]]
acc: 0.946
f1: 0.426
3,132,coarse : 31.91 seconds
3,132,fine : 31.93 seconds
[[1478  436]
 [  16   80]]
acc: 0.775
f1: 0.261
[[1861   53]
 [  56   40]]
acc: 0.946
f1: 0.423
3,133,coarse : 31.99 seconds
3,133,fine : 32.01 seconds
[[1479  435]
 [  16   80]]
acc: 0.776
f1: 0.262
[[1861   53]
 [  56   40]]
acc: 0.946
f1: 0.423
3,134,coarse : 32.0 seconds
3,134,fine : 32.02 seconds
[[1473  441]
 [  15   81]]
acc: 0.773
f1: 0.262
[[1858   56]
 [  56   40]]
acc: 0.944
f1: 0.417
3,135,coarse : 31.72 seconds
3,135,fine : 31.74 seconds
[[1473  441]
 [  15   81]]
acc: 0.773
f1: 0.262
[[1858   56]
 [  56   40]]
acc: 0.944
f1: 0.417
3,136,coarse : 31.27 seconds
3,136,fine : 31.29 seconds
[[1480  434]
 [  16   80]]
acc: 0.776
f1: 0.262
[[1861   53]
 [  57   39]]
acc: 0.945
f1: 0.415
3,137,coarse : 30.83 seconds
3,137,fine : 30.85 seconds
[[1476  438]
 [  15   81]]
acc: 0.775
f1: 0.263
[[1859   55]
 [  56   40]]
acc: 0.945
f1: 0.419
3,138,coarse : 30.34 seconds
3,138,fine : 30.36 seconds
[[1473  441]
 [  15   81]]
acc: 0.773
f1: 0.262
[[1858   56]
 [  56   40]]
acc: 0.944
f1: 0.417
3,139,coarse : 30.79 seconds
3,139,fine : 30.81 seconds
[[1472  442]
 [  15   81]]
acc: 0.773
f1: 0.262
[[1855   59]
 [  56   40]]
acc: 0.943
f1: 0.410
3,140,coarse : 30.28 seconds
3,140,fine : 30.3 seconds
[[1463  451]
 [  15   81]]
acc: 0.768
f1: 0.258
[[1855   59]
 [  56   40]]
acc: 0.943
f1: 0.410
3,141,coarse : 31.08 seconds
3,141,fine : 31.1 seconds
[[1463  451]
 [  15   81]]
acc: 0.768
f1: 0.258
[[1854   60]
 [  56   40]]
acc: 0.942
f1: 0.408
3,142,coarse : 31.12 seconds
3,142,fine : 31.14 seconds
[[1463  451]
 [  15   81]]
acc: 0.768
f1: 0.258
[[1854   60]
 [  56   40]]
acc: 0.942
f1: 0.408
3,143,coarse : 31.6 seconds
3,143,fine : 31.62 seconds
[[1462  452]
 [  15   81]]
acc: 0.768
f1: 0.258
[[1855   59]
 [  56   40]]
acc: 0.943
f1: 0.410
3,144,coarse : 31.73 seconds
3,144,fine : 31.75 seconds
[[1466  448]
 [  15   81]]
acc: 0.770
f1: 0.259
[[1853   61]
 [  56   40]]
acc: 0.942
f1: 0.406
3,145,coarse : 31.89 seconds
3,145,fine : 31.91 seconds
[[1464  450]
 [  15   81]]
acc: 0.769
f1: 0.258
[[1853   61]
 [  55   41]]
acc: 0.942
f1: 0.414
3,146,coarse : 31.91 seconds
3,146,fine : 31.93 seconds
[[1464  450]
 [  15   81]]
acc: 0.769
f1: 0.258
[[1853   61]
 [  54   42]]
acc: 0.943
f1: 0.422
3,147,coarse : 32.27 seconds
3,147,fine : 32.29 seconds
[[1464  450]
 [  15   81]]
acc: 0.769
f1: 0.258
[[1853   61]
 [  54   42]]
acc: 0.943
f1: 0.422
3,148,coarse : 32.19 seconds
3,148,fine : 32.21 seconds
[[1462  452]
 [  15   81]]
acc: 0.768
f1: 0.258
[[1852   62]
 [  53   43]]
acc: 0.943
f1: 0.428
3,149,coarse : 32.66 seconds
3,149,fine : 32.68 seconds
[[1466  448]
 [  15   81]]
acc: 0.770
f1: 0.259
[[1852   62]
 [  53   43]]
acc: 0.943
f1: 0.428
3,150,coarse : 35.59 seconds
3,150,fine : 35.6 seconds
[[1462  452]
 [  15   81]]
acc: 0.768
f1: 0.258
[[1851   63]
 [  53   43]]
acc: 0.942
f1: 0.426
3,151,coarse : 32.88 seconds
3,151,fine : 32.9 seconds
[[1462  452]
 [  15   81]]
acc: 0.768
f1: 0.258
[[1851   63]
 [  53   43]]
acc: 0.942
f1: 0.426
3,152,coarse : 32.56 seconds
3,152,fine : 32.58 seconds
[[1460  454]
 [  15   81]]
acc: 0.767
f1: 0.257
[[1850   64]
 [  53   43]]
acc: 0.942
f1: 0.424
3,153,coarse : 33.57 seconds
3,153,fine : 33.59 seconds
[[1459  455]
 [  15   81]]
acc: 0.766
f1: 0.256
[[1850   64]
 [  53   43]]
acc: 0.942
f1: 0.424
3,154,coarse : 33.8 seconds
3,154,fine : 33.82 seconds
[[1459  455]
 [  15   81]]
acc: 0.766
f1: 0.256
[[1852   62]
 [  53   43]]
acc: 0.943
f1: 0.428
3,155,coarse : 33.85 seconds
3,155,fine : 33.87 seconds
[[1459  455]
 [  15   81]]
acc: 0.766
f1: 0.256
[[1851   63]
 [  53   43]]
acc: 0.942
f1: 0.426
3,156,coarse : 33.57 seconds
3,156,fine : 33.59 seconds
[[1465  449]
 [  15   81]]
acc: 0.769
f1: 0.259
[[1851   63]
 [  53   43]]
acc: 0.942
f1: 0.426
3,157,coarse : 33.58 seconds
3,157,fine : 33.6 seconds
[[1464  450]
 [  15   81]]
acc: 0.769
f1: 0.258
[[1851   63]
 [  53   43]]
acc: 0.942
f1: 0.426
3,158,coarse : 33.97 seconds
3,158,fine : 34.0 seconds
[[1466  448]
 [  15   81]]
acc: 0.770
f1: 0.259
[[1852   62]
 [  52   44]]
acc: 0.943
f1: 0.436
3,159,coarse : 33.25 seconds
3,159,fine : 33.27 seconds
[[1466  448]
 [  16   80]]
acc: 0.769
f1: 0.256
[[1851   63]
 [  52   44]]
acc: 0.943
f1: 0.433
3,160,coarse : 33.48 seconds
3,160,fine : 33.51 seconds
[[1463  451]
 [  16   80]]
acc: 0.768
f1: 0.255
[[1851   63]
 [  52   44]]
acc: 0.943
f1: 0.433
3,161,coarse : 33.87 seconds
3,161,fine : 33.89 seconds
[[1458  456]
 [  16   80]]
acc: 0.765
f1: 0.253
[[1851   63]
 [  52   44]]
acc: 0.943
f1: 0.433
3,162,coarse : 34.01 seconds
3,162,fine : 34.03 seconds
[[1457  457]
 [  16   80]]
acc: 0.765
f1: 0.253
[[1851   63]
 [  52   44]]
acc: 0.943
f1: 0.433
3,163,coarse : 34.66 seconds
3,163,fine : 34.68 seconds
[[1456  458]
 [  16   80]]
acc: 0.764
f1: 0.252
[[1851   63]
 [  52   44]]
acc: 0.943
f1: 0.433
3,164,coarse : 34.96 seconds
3,164,fine : 34.98 seconds
[[1458  456]
 [  16   80]]
acc: 0.765
f1: 0.253
[[1851   63]
 [  52   44]]
acc: 0.943
f1: 0.433
3,165,coarse : 34.75 seconds
3,165,fine : 34.77 seconds
[[1458  456]
 [  16   80]]
acc: 0.765
f1: 0.253
[[1851   63]
 [  50   46]]
acc: 0.944
f1: 0.449
3,166,coarse : 34.4 seconds
3,166,fine : 34.42 seconds
[[1456  458]
 [  16   80]]
acc: 0.764
f1: 0.252
[[1850   64]
 [  49   47]]
acc: 0.944
f1: 0.454
3,167,coarse : 34.48 seconds
3,167,fine : 34.5 seconds
[[1457  457]
 [  16   80]]
acc: 0.765
f1: 0.253
[[1849   65]
 [  49   47]]
acc: 0.943
f1: 0.452
3,168,coarse : 34.69 seconds
3,168,fine : 34.72 seconds
[[1457  457]
 [  16   80]]
acc: 0.765
f1: 0.253
[[1849   65]
 [  48   48]]
acc: 0.944
f1: 0.459
3,169,coarse : 34.94 seconds
3,169,fine : 34.96 seconds
[[1455  459]
 [  16   80]]
acc: 0.764
f1: 0.252
[[1848   66]
 [  47   49]]
acc: 0.944
f1: 0.464
3,170,coarse : 34.9 seconds
3,170,fine : 34.92 seconds
[[1454  460]
 [  16   80]]
acc: 0.763
f1: 0.252
[[1846   68]
 [  47   49]]
acc: 0.943
f1: 0.460
3,171,coarse : 35.16 seconds
3,171,fine : 35.18 seconds
[[1457  457]
 [  16   80]]
acc: 0.765
f1: 0.253
[[1845   69]
 [  45   51]]
acc: 0.943
f1: 0.472
3,172,coarse : 36.2 seconds
3,172,fine : 36.22 seconds
