all           0      1    2    3    4    5    6    7    8    
1      2010   1914   1    19   32   19   1    11   6    7    
2      2010   1914   1    19   32   19   1    11   6    7    
3      2010   1914   1    19   32   19   1    11   5    8    
4      2010   1914   1    19   32   19   1    10   6    8    
5      2010   1914   1    18   33   19   1    10   6    8    
6      2010   1914   1    18   33   19   1    10   6    8    
7      2010   1913   2    18   33   19   1    10   6    8    
8      2010   1913   2    18   33   19   1    10   6    8    
9      2009   1913   2    18   32   19   2    10   6    7    
10     2009   1913   1    19   32   19   1    11   6    7    
Total  20098  19136  13   185  324  190  11   104  59   76   
train         0      1    2    3    4    5    6    7    8    
1      2010   1914   1    19   32   19   1    11   6    7    
2      2010   1914   1    19   32   19   1    11   6    7    
4      2010   1914   1    19   32   19   1    10   6    8    
5      2010   1914   1    18   33   19   1    10   6    8    
6      2010   1914   1    18   33   19   1    10   6    8    
7      2010   1913   2    18   33   19   1    10   6    8    
8      2010   1913   2    18   33   19   1    10   6    8    
9      2009   1913   2    18   32   19   2    10   6    7    
10     2009   1913   1    19   32   19   1    11   6    7    
Total  18088  17222  12   166  292  171  10   93   54   68   
test          0      1    2    3    4    5    6    7    8    
3      2010   1914   1    19   32   19   1    11   5    8    
Total  2010   1914   1    19   32   19   1    11   5    8    
Classes             
0         17222     
1         12        
2         166       
3         292       
4         171       
5         10        
6         93        
7         54        
8         68        
Total     18088     

Shape: 450       

[952, 10, 11, 16, 11, 10, 10, 10, 10]
Sum start => 1040
[[1211  703]
 [  14   82]]
acc: 0.643
f1: 0.186
[[1891   23]
 [  85   11]]
acc: 0.946
f1: 0.169
3,1,coarse : 27.13 seconds
3,1,fine : 27.14 seconds
[[1211  703]
 [  14   82]]
acc: 0.643
f1: 0.186
[[1891   23]
 [  85   11]]
acc: 0.946
f1: 0.169
3,2,coarse : 28.24 seconds
3,2,fine : 28.25 seconds
[[1218  696]
 [  13   83]]
acc: 0.647
f1: 0.190
[[1893   21]
 [  85   11]]
acc: 0.947
f1: 0.172
3,3,coarse : 3.26 seconds
3,3,fine : 3.27 seconds
[[1258  656]
 [  15   81]]
acc: 0.666
f1: 0.194
[[1892   22]
 [  85   11]]
acc: 0.947
f1: 0.171
3,4,coarse : 3.34 seconds
3,4,fine : 3.35 seconds
[[1285  629]
 [  15   81]]
acc: 0.680
f1: 0.201
[[1893   21]
 [  85   11]]
acc: 0.947
f1: 0.172
3,5,coarse : 3.44 seconds
3,5,fine : 3.44 seconds
[[1309  605]
 [  15   81]]
acc: 0.692
f1: 0.207
[[1894   20]
 [  85   11]]
acc: 0.948
f1: 0.173
3,6,coarse : 3.54 seconds
3,6,fine : 3.55 seconds
[[1306  608]
 [  15   81]]
acc: 0.690
f1: 0.206
[[1895   19]
 [  85   11]]
acc: 0.948
f1: 0.175
3,7,coarse : 3.73 seconds
3,7,fine : 3.74 seconds
[[1330  584]
 [  14   82]]
acc: 0.702
f1: 0.215
[[1894   20]
 [  85   11]]
acc: 0.948
f1: 0.173
3,8,coarse : 3.67 seconds
3,8,fine : 3.67 seconds
[[1348  566]
 [  17   79]]
acc: 0.710
f1: 0.213
[[1896   18]
 [  85   11]]
acc: 0.949
f1: 0.176
3,9,coarse : 3.91 seconds
3,9,fine : 3.92 seconds
[[1341  573]
 [  17   79]]
acc: 0.706
f1: 0.211
[[1890   24]
 [  85   11]]
acc: 0.946
f1: 0.168
3,10,coarse : 3.96 seconds
3,10,fine : 3.97 seconds
[[1348  566]
 [  16   80]]
acc: 0.710
f1: 0.216
[[1891   23]
 [  85   11]]
acc: 0.946
f1: 0.169
3,11,coarse : 4.03 seconds
3,11,fine : 4.03 seconds
[[1372  542]
 [  17   79]]
acc: 0.722
f1: 0.220
[[1891   23]
 [  84   12]]
acc: 0.947
f1: 0.183
3,12,coarse : 4.14 seconds
3,12,fine : 4.14 seconds
[[1370  544]
 [  15   81]]
acc: 0.722
f1: 0.225
[[1892   22]
 [  83   13]]
acc: 0.948
f1: 0.198
3,13,coarse : 4.29 seconds
3,13,fine : 4.29 seconds
[[1369  545]
 [  16   80]]
acc: 0.721
f1: 0.222
[[1891   23]
 [  84   12]]
acc: 0.947
f1: 0.183
3,14,coarse : 4.48 seconds
3,14,fine : 4.48 seconds
[[1349  565]
 [  15   81]]
acc: 0.711
f1: 0.218
[[1892   22]
 [  83   13]]
acc: 0.948
f1: 0.198
3,15,coarse : 4.64 seconds
3,15,fine : 4.64 seconds
[[1360  554]
 [  17   79]]
acc: 0.716
f1: 0.217
[[1887   27]
 [  83   13]]
acc: 0.945
f1: 0.191
3,16,coarse : 4.71 seconds
3,16,fine : 4.72 seconds
[[1334  580]
 [  18   78]]
acc: 0.702
f1: 0.207
[[1882   32]
 [  83   13]]
acc: 0.943
f1: 0.184
3,17,coarse : 5.06 seconds
3,17,fine : 5.06 seconds
[[1327  587]
 [  16   80]]
acc: 0.700
f1: 0.210
[[1883   31]
 [  81   15]]
acc: 0.944
f1: 0.211
3,18,coarse : 5.12 seconds
3,18,fine : 5.13 seconds
[[1309  605]
 [  17   79]]
acc: 0.691
f1: 0.203
[[1881   33]
 [  81   15]]
acc: 0.943
f1: 0.208
3,19,coarse : 5.21 seconds
3,19,fine : 5.22 seconds
[[1311  603]
 [  17   79]]
acc: 0.692
f1: 0.203
[[1881   33]
 [  81   15]]
acc: 0.943
f1: 0.208
3,20,coarse : 5.38 seconds
3,20,fine : 5.38 seconds
[[1323  591]
 [  18   78]]
acc: 0.697
f1: 0.204
[[1884   30]
 [  82   14]]
acc: 0.944
f1: 0.200
3,21,coarse : 5.35 seconds
3,21,fine : 5.35 seconds
[[1317  597]
 [  17   79]]
acc: 0.695
f1: 0.205
[[1882   32]
 [  83   13]]
acc: 0.943
f1: 0.184
3,22,coarse : 5.6 seconds
3,22,fine : 5.61 seconds
[[1316  598]
 [  15   81]]
acc: 0.695
f1: 0.209
[[1881   33]
 [  81   15]]
acc: 0.943
f1: 0.208
3,23,coarse : 5.75 seconds
3,23,fine : 5.76 seconds
[[1324  590]
 [  16   80]]
acc: 0.699
f1: 0.209
[[1882   32]
 [  82   14]]
acc: 0.943
f1: 0.197
3,24,coarse : 5.71 seconds
3,24,fine : 5.72 seconds
[[1334  580]
 [  15   81]]
acc: 0.704
f1: 0.214
[[1880   34]
 [  80   16]]
acc: 0.943
f1: 0.219
3,25,coarse : 6.05 seconds
3,25,fine : 6.06 seconds
[[1331  583]
 [  17   79]]
acc: 0.701
f1: 0.208
[[1881   33]
 [  80   16]]
acc: 0.944
f1: 0.221
3,26,coarse : 6.15 seconds
3,26,fine : 6.16 seconds
[[1335  579]
 [  18   78]]
acc: 0.703
f1: 0.207
[[1879   35]
 [  80   16]]
acc: 0.943
f1: 0.218
3,27,coarse : 6.28 seconds
3,27,fine : 6.29 seconds
[[1348  566]
 [  15   81]]
acc: 0.711
f1: 0.218
[[1875   39]
 [  79   17]]
acc: 0.941
f1: 0.224
3,28,coarse : 6.52 seconds
3,28,fine : 6.52 seconds
[[1356  558]
 [  15   81]]
acc: 0.715
f1: 0.220
[[1874   40]
 [  79   17]]
acc: 0.941
f1: 0.222
3,29,coarse : 6.54 seconds
3,29,fine : 6.55 seconds
[[1352  562]
 [  15   81]]
acc: 0.713
f1: 0.219
[[1874   40]
 [  79   17]]
acc: 0.941
f1: 0.222
3,30,coarse : 6.81 seconds
3,30,fine : 6.81 seconds
[[1350  564]
 [  15   81]]
acc: 0.712
f1: 0.219
[[1874   40]
 [  80   16]]
acc: 0.940
f1: 0.211
3,31,coarse : 6.95 seconds
3,31,fine : 6.95 seconds
[[1359  555]
 [  16   80]]
acc: 0.716
f1: 0.219
[[1871   43]
 [  79   17]]
acc: 0.939
f1: 0.218
3,32,coarse : 7.13 seconds
3,32,fine : 7.13 seconds
[[1362  552]
 [  16   80]]
acc: 0.717
f1: 0.220
[[1873   41]
 [  81   15]]
acc: 0.939
f1: 0.197
3,33,coarse : 7.07 seconds
3,33,fine : 7.07 seconds
[[1362  552]
 [  16   80]]
acc: 0.717
f1: 0.220
[[1869   45]
 [  78   18]]
acc: 0.939
f1: 0.226
3,34,coarse : 7.23 seconds
3,34,fine : 7.24 seconds
[[1369  545]
 [  16   80]]
acc: 0.721
f1: 0.222
[[1867   47]
 [  76   20]]
acc: 0.939
f1: 0.245
3,35,coarse : 7.33 seconds
3,35,fine : 7.34 seconds
[[1382  532]
 [  16   80]]
acc: 0.727
f1: 0.226
[[1870   44]
 [  77   19]]
acc: 0.940
f1: 0.239
3,36,coarse : 7.64 seconds
3,36,fine : 7.65 seconds
[[1380  534]
 [  16   80]]
acc: 0.726
f1: 0.225
[[1869   45]
 [  76   20]]
acc: 0.940
f1: 0.248
3,37,coarse : 7.73 seconds
3,37,fine : 7.74 seconds
[[1387  527]
 [  16   80]]
acc: 0.730
f1: 0.228
[[1870   44]
 [  76   20]]
acc: 0.940
f1: 0.250
3,38,coarse : 7.83 seconds
3,38,fine : 7.84 seconds
[[1390  524]
 [  16   80]]
acc: 0.731
f1: 0.229
[[1871   43]
 [  77   19]]
acc: 0.940
f1: 0.241
3,39,coarse : 7.92 seconds
3,39,fine : 7.93 seconds
[[1394  520]
 [  16   80]]
acc: 0.733
f1: 0.230
[[1870   44]
 [  76   20]]
acc: 0.940
f1: 0.250
3,40,coarse : 8.08 seconds
3,40,fine : 8.09 seconds
[[1387  527]
 [  16   80]]
acc: 0.730
f1: 0.228
[[1870   44]
 [  75   21]]
acc: 0.941
f1: 0.261
3,41,coarse : 8.33 seconds
3,41,fine : 8.33 seconds
[[1376  538]
 [  16   80]]
acc: 0.724
f1: 0.224
[[1871   43]
 [  77   19]]
acc: 0.940
f1: 0.241
3,42,coarse : 8.42 seconds
3,42,fine : 8.43 seconds
[[1376  538]
 [  15   81]]
acc: 0.725
f1: 0.227
[[1868   46]
 [  77   19]]
acc: 0.939
f1: 0.236
3,43,coarse : 8.63 seconds
3,43,fine : 8.63 seconds
[[1380  534]
 [  15   81]]
acc: 0.727
f1: 0.228
[[1869   45]
 [  76   20]]
acc: 0.940
f1: 0.248
3,44,coarse : 8.81 seconds
3,44,fine : 8.82 seconds
[[1372  542]
 [  16   80]]
acc: 0.722
f1: 0.223
[[1867   47]
 [  72   24]]
acc: 0.941
f1: 0.287
3,45,coarse : 8.71 seconds
3,45,fine : 8.72 seconds
[[1377  537]
 [  16   80]]
acc: 0.725
f1: 0.224
[[1867   47]
 [  72   24]]
acc: 0.941
f1: 0.287
3,46,coarse : 8.94 seconds
3,46,fine : 8.94 seconds
[[1378  536]
 [  16   80]]
acc: 0.725
f1: 0.225
[[1865   49]
 [  72   24]]
acc: 0.940
f1: 0.284
3,47,coarse : 9.13 seconds
3,47,fine : 9.13 seconds
[[1382  532]
 [  17   79]]
acc: 0.727
f1: 0.223
[[1866   48]
 [  73   23]]
acc: 0.940
f1: 0.275
3,48,coarse : 9.19 seconds
3,48,fine : 9.2 seconds
[[1382  532]
 [  17   79]]
acc: 0.727
f1: 0.223
[[1866   48]
 [  73   23]]
acc: 0.940
f1: 0.275
3,49,coarse : 9.34 seconds
3,49,fine : 9.35 seconds
[[1376  538]
 [  17   79]]
acc: 0.724
f1: 0.222
[[1864   50]
 [  73   23]]
acc: 0.939
f1: 0.272
3,50,coarse : 11.3 seconds
3,50,fine : 11.3 seconds
[[1391  523]
 [  16   80]]
acc: 0.732
f1: 0.229
[[1863   51]
 [  73   23]]
acc: 0.938
f1: 0.271
3,51,coarse : 9.65 seconds
3,51,fine : 9.66 seconds
[[1392  522]
 [  17   79]]
acc: 0.732
f1: 0.227
[[1864   50]
 [  73   23]]
acc: 0.939
f1: 0.272
3,52,coarse : 10.07 seconds
3,52,fine : 10.07 seconds
[[1381  533]
 [  17   79]]
acc: 0.726
f1: 0.223
[[1865   49]
 [  70   26]]
acc: 0.941
f1: 0.304
3,53,coarse : 10.1 seconds
3,53,fine : 10.11 seconds
[[1394  520]
 [  17   79]]
acc: 0.733
f1: 0.227
[[1865   49]
 [  70   26]]
acc: 0.941
f1: 0.304
3,54,coarse : 10.24 seconds
3,54,fine : 10.25 seconds
[[1390  524]
 [  17   79]]
acc: 0.731
f1: 0.226
[[1861   53]
 [  68   28]]
acc: 0.940
f1: 0.316
3,55,coarse : 10.31 seconds
3,55,fine : 10.32 seconds
[[1394  520]
 [  17   79]]
acc: 0.733
f1: 0.227
[[1859   55]
 [  68   28]]
acc: 0.939
f1: 0.313
3,56,coarse : 10.44 seconds
3,56,fine : 10.45 seconds
[[1395  519]
 [  17   79]]
acc: 0.733
f1: 0.228
[[1860   54]
 [  68   28]]
acc: 0.939
f1: 0.315
3,57,coarse : 10.54 seconds
3,57,fine : 10.55 seconds
[[1394  520]
 [  17   79]]
acc: 0.733
f1: 0.227
[[1858   56]
 [  67   29]]
acc: 0.939
f1: 0.320
3,58,coarse : 10.85 seconds
3,58,fine : 10.86 seconds
[[1395  519]
 [  15   81]]
acc: 0.734
f1: 0.233
[[1858   56]
 [  69   27]]
acc: 0.938
f1: 0.302
3,59,coarse : 11.07 seconds
3,59,fine : 11.08 seconds
[[1397  517]
 [  16   80]]
acc: 0.735
f1: 0.231
[[1861   53]
 [  68   28]]
acc: 0.940
f1: 0.316
3,60,coarse : 11.23 seconds
3,60,fine : 11.24 seconds
[[1398  516]
 [  17   79]]
acc: 0.735
f1: 0.229
[[1858   56]
 [  67   29]]
acc: 0.939
f1: 0.320
3,61,coarse : 11.35 seconds
3,61,fine : 11.36 seconds
[[1399  515]
 [  17   79]]
acc: 0.735
f1: 0.229
[[1860   54]
 [  66   30]]
acc: 0.940
f1: 0.333
3,62,coarse : 11.52 seconds
3,62,fine : 11.53 seconds
[[1404  510]
 [  17   79]]
acc: 0.738
f1: 0.231
[[1860   54]
 [  66   30]]
acc: 0.940
f1: 0.333
3,63,coarse : 11.57 seconds
3,63,fine : 11.58 seconds
[[1412  502]
 [  17   79]]
acc: 0.742
f1: 0.233
[[1859   55]
 [  65   31]]
acc: 0.940
f1: 0.341
3,64,coarse : 11.62 seconds
3,64,fine : 11.63 seconds
[[1413  501]
 [  17   79]]
acc: 0.742
f1: 0.234
[[1859   55]
 [  64   32]]
acc: 0.941
f1: 0.350
3,65,coarse : 11.91 seconds
3,65,fine : 11.92 seconds
[[1413  501]
 [  17   79]]
acc: 0.742
f1: 0.234
[[1858   56]
 [  64   32]]
acc: 0.940
f1: 0.348
3,66,coarse : 11.95 seconds
3,66,fine : 11.97 seconds
[[1417  497]
 [  17   79]]
acc: 0.744
f1: 0.235
[[1861   53]
 [  63   33]]
acc: 0.942
f1: 0.363
3,67,coarse : 12.24 seconds
3,67,fine : 12.25 seconds
[[1416  498]
 [  16   80]]
acc: 0.744
f1: 0.237
[[1861   53]
 [  63   33]]
acc: 0.942
f1: 0.363
3,68,coarse : 12.33 seconds
3,68,fine : 12.34 seconds
[[1408  506]
 [  17   79]]
acc: 0.740
f1: 0.232
[[1858   56]
 [  61   35]]
acc: 0.942
f1: 0.374
3,69,coarse : 12.32 seconds
3,69,fine : 12.34 seconds
[[1401  513]
 [  15   81]]
acc: 0.737
f1: 0.235
[[1855   59]
 [  60   36]]
acc: 0.941
f1: 0.377
3,70,coarse : 12.43 seconds
3,70,fine : 12.44 seconds
[[1410  504]
 [  17   79]]
acc: 0.741
f1: 0.233
[[1854   60]
 [  55   41]]
acc: 0.943
f1: 0.416
3,71,coarse : 12.91 seconds
3,71,fine : 12.92 seconds
[[1411  503]
 [  17   79]]
acc: 0.741
f1: 0.233
[[1851   63]
 [  56   40]]
acc: 0.941
f1: 0.402
3,72,coarse : 13.0 seconds
3,72,fine : 13.01 seconds
[[1413  501]
 [  15   81]]
acc: 0.743
f1: 0.239
[[1853   61]
 [  56   40]]
acc: 0.942
f1: 0.406
3,73,coarse : 13.15 seconds
3,73,fine : 13.17 seconds
[[1417  497]
 [  15   81]]
acc: 0.745
f1: 0.240
[[1852   62]
 [  56   40]]
acc: 0.941
f1: 0.404
3,74,coarse : 13.12 seconds
3,74,fine : 13.13 seconds
[[1425  489]
 [  16   80]]
acc: 0.749
f1: 0.241
[[1853   61]
 [  56   40]]
acc: 0.942
f1: 0.406
3,75,coarse : 13.51 seconds
3,75,fine : 13.53 seconds
[[1427  487]
 [  16   80]]
acc: 0.750
f1: 0.241
[[1857   57]
 [  55   41]]
acc: 0.944
f1: 0.423
3,76,coarse : 13.51 seconds
3,76,fine : 13.52 seconds
[[1422  492]
 [  16   80]]
acc: 0.747
f1: 0.240
[[1856   58]
 [  54   42]]
acc: 0.944
f1: 0.429
3,77,coarse : 13.37 seconds
3,77,fine : 13.38 seconds
[[1426  488]
 [  16   80]]
acc: 0.749
f1: 0.241
[[1854   60]
 [  55   41]]
acc: 0.943
f1: 0.416
3,78,coarse : 13.13 seconds
3,78,fine : 13.14 seconds
[[1425  489]
 [  16   80]]
acc: 0.749
f1: 0.241
[[1856   58]
 [  55   41]]
acc: 0.944
f1: 0.421
3,79,coarse : 13.75 seconds
3,79,fine : 13.76 seconds
[[1425  489]
 [  16   80]]
acc: 0.749
f1: 0.241
[[1855   59]
 [  55   41]]
acc: 0.943
f1: 0.418
3,80,coarse : 13.82 seconds
3,80,fine : 13.83 seconds
[[1421  493]
 [  15   81]]
acc: 0.747
f1: 0.242
[[1853   61]
 [  56   40]]
acc: 0.942
f1: 0.406
3,81,coarse : 14.13 seconds
3,81,fine : 14.14 seconds
[[1424  490]
 [  15   81]]
acc: 0.749
f1: 0.243
[[1857   57]
 [  56   40]]
acc: 0.944
f1: 0.415
3,82,coarse : 14.1 seconds
3,82,fine : 14.11 seconds
[[1425  489]
 [  15   81]]
acc: 0.749
f1: 0.243
[[1855   59]
 [  56   40]]
acc: 0.943
f1: 0.410
3,83,coarse : 14.21 seconds
3,83,fine : 14.22 seconds
[[1426  488]
 [  15   81]]
acc: 0.750
f1: 0.244
[[1854   60]
 [  57   39]]
acc: 0.942
f1: 0.400
3,84,coarse : 14.33 seconds
3,84,fine : 14.34 seconds
[[1430  484]
 [  15   81]]
acc: 0.752
f1: 0.245
[[1854   60]
 [  56   40]]
acc: 0.942
f1: 0.408
3,85,coarse : 14.59 seconds
3,85,fine : 14.6 seconds
[[1426  488]
 [  15   81]]
acc: 0.750
f1: 0.244
[[1855   59]
 [  56   40]]
acc: 0.943
f1: 0.410
3,86,coarse : 14.89 seconds
3,86,fine : 14.91 seconds
[[1420  494]
 [  15   81]]
acc: 0.747
f1: 0.241
[[1852   62]
 [  55   41]]
acc: 0.942
f1: 0.412
3,87,coarse : 15.33 seconds
3,87,fine : 15.34 seconds
[[1424  490]
 [  15   81]]
acc: 0.749
f1: 0.243
[[1850   64]
 [  55   41]]
acc: 0.941
f1: 0.408
3,88,coarse : 15.39 seconds
3,88,fine : 15.4 seconds
[[1421  493]
 [  15   81]]
acc: 0.747
f1: 0.242
[[1848   66]
 [  55   41]]
acc: 0.940
f1: 0.404
3,89,coarse : 15.56 seconds
3,89,fine : 15.57 seconds
[[1415  499]
 [  15   81]]
acc: 0.744
f1: 0.240
[[1849   65]
 [  57   39]]
acc: 0.939
f1: 0.390
3,90,coarse : 15.79 seconds
3,90,fine : 15.81 seconds
[[1420  494]
 [  15   81]]
acc: 0.747
f1: 0.241
[[1851   63]
 [  56   40]]
acc: 0.941
f1: 0.402
3,91,coarse : 15.9 seconds
3,91,fine : 15.92 seconds
[[1419  495]
 [  15   81]]
acc: 0.746
f1: 0.241
[[1851   63]
 [  56   40]]
acc: 0.941
f1: 0.402
3,92,coarse : 16.23 seconds
3,92,fine : 16.24 seconds
[[1426  488]
 [  14   82]]
acc: 0.750
f1: 0.246
[[1850   64]
 [  55   41]]
acc: 0.941
f1: 0.408
3,93,coarse : 16.06 seconds
3,93,fine : 16.07 seconds
[[1427  487]
 [  14   82]]
acc: 0.751
f1: 0.247
[[1849   65]
 [  55   41]]
acc: 0.940
f1: 0.406
3,94,coarse : 16.25 seconds
3,94,fine : 16.26 seconds
[[1426  488]
 [  14   82]]
acc: 0.750
f1: 0.246
[[1850   64]
 [  56   40]]
acc: 0.940
f1: 0.400
3,95,coarse : 16.93 seconds
3,95,fine : 16.94 seconds
[[1423  491]
 [  14   82]]
acc: 0.749
f1: 0.245
[[1850   64]
 [  56   40]]
acc: 0.940
f1: 0.400
3,96,coarse : 16.47 seconds
3,96,fine : 16.48 seconds
[[1423  491]
 [  14   82]]
acc: 0.749
f1: 0.245
[[1847   67]
 [  56   40]]
acc: 0.939
f1: 0.394
3,97,coarse : 16.97 seconds
3,97,fine : 16.98 seconds
[[1418  496]
 [  14   82]]
acc: 0.746
f1: 0.243
[[1848   66]
 [  57   39]]
acc: 0.939
f1: 0.388
3,98,coarse : 17.05 seconds
3,98,fine : 17.07 seconds
[[1416  498]
 [  15   81]]
acc: 0.745
f1: 0.240
[[1847   67]
 [  56   40]]
acc: 0.939
f1: 0.394
3,99,coarse : 17.12 seconds
3,99,fine : 17.13 seconds
[[1419  495]
 [  15   81]]
acc: 0.746
f1: 0.241
[[1849   65]
 [  55   41]]
acc: 0.940
f1: 0.406
3,100,coarse : 19.03 seconds
3,100,fine : 19.04 seconds
[[1420  494]
 [  15   81]]
acc: 0.747
f1: 0.241
[[1849   65]
 [  56   40]]
acc: 0.940
f1: 0.398
3,101,coarse : 17.52 seconds
3,101,fine : 17.54 seconds
[[1425  489]
 [  15   81]]
acc: 0.749
f1: 0.243
[[1850   64]
 [  56   40]]
acc: 0.940
f1: 0.400
3,102,coarse : 17.71 seconds
3,102,fine : 17.73 seconds
[[1422  492]
 [  15   81]]
acc: 0.748
f1: 0.242
[[1847   67]
 [  56   40]]
acc: 0.939
f1: 0.394
3,103,coarse : 18.3 seconds
3,103,fine : 18.31 seconds
[[1422  492]
 [  15   81]]
acc: 0.748
f1: 0.242
[[1848   66]
 [  56   40]]
acc: 0.939
f1: 0.396
3,104,coarse : 18.65 seconds
3,104,fine : 18.67 seconds
[[1426  488]
 [  15   81]]
acc: 0.750
f1: 0.244
[[1845   69]
 [  56   40]]
acc: 0.938
f1: 0.390
3,105,coarse : 18.56 seconds
3,105,fine : 18.58 seconds
[[1427  487]
 [  15   81]]
acc: 0.750
f1: 0.244
[[1846   68]
 [  55   41]]
acc: 0.939
f1: 0.400
3,106,coarse : 18.51 seconds
3,106,fine : 18.53 seconds
[[1422  492]
 [  16   80]]
acc: 0.747
f1: 0.240
[[1846   68]
 [  56   40]]
acc: 0.938
f1: 0.392
3,107,coarse : 19.2 seconds
3,107,fine : 19.21 seconds
[[1421  493]
 [  15   81]]
acc: 0.747
f1: 0.242
[[1846   68]
 [  54   42]]
acc: 0.939
f1: 0.408
3,108,coarse : 18.76 seconds
3,108,fine : 18.78 seconds
[[1422  492]
 [  15   81]]
acc: 0.748
f1: 0.242
[[1844   70]
 [  54   42]]
acc: 0.938
f1: 0.404
3,109,coarse : 19.6 seconds
3,109,fine : 19.62 seconds
[[1421  493]
 [  15   81]]
acc: 0.747
f1: 0.242
[[1844   70]
 [  55   41]]
acc: 0.938
f1: 0.396
3,110,coarse : 19.71 seconds
3,110,fine : 19.73 seconds
[[1425  489]
 [  15   81]]
acc: 0.749
f1: 0.243
[[1844   70]
 [  54   42]]
acc: 0.938
f1: 0.404
3,111,coarse : 20.18 seconds
3,111,fine : 20.19 seconds
[[1425  489]
 [  15   81]]
acc: 0.749
f1: 0.243
[[1844   70]
 [  54   42]]
acc: 0.938
f1: 0.404
3,112,coarse : 19.61 seconds
3,112,fine : 19.62 seconds
[[1431  483]
 [  15   81]]
acc: 0.752
f1: 0.245
[[1842   72]
 [  54   42]]
acc: 0.937
f1: 0.400
3,113,coarse : 19.41 seconds
3,113,fine : 19.43 seconds
[[1433  481]
 [  15   81]]
acc: 0.753
f1: 0.246
[[1843   71]
 [  54   42]]
acc: 0.938
f1: 0.402
3,114,coarse : 19.64 seconds
3,114,fine : 19.66 seconds
[[1436  478]
 [  16   80]]
acc: 0.754
f1: 0.245
[[1842   72]
 [  55   41]]
acc: 0.937
f1: 0.392
3,115,coarse : 19.89 seconds
3,115,fine : 19.91 seconds
[[1440  474]
 [  15   81]]
acc: 0.757
f1: 0.249
[[1842   72]
 [  54   42]]
acc: 0.937
f1: 0.400
3,116,coarse : 20.04 seconds
3,116,fine : 20.06 seconds
[[1440  474]
 [  16   80]]
acc: 0.756
f1: 0.246
[[1842   72]
 [  54   42]]
acc: 0.937
f1: 0.400
3,117,coarse : 20.24 seconds
3,117,fine : 20.26 seconds
[[1437  477]
 [  16   80]]
acc: 0.755
f1: 0.245
[[1843   71]
 [  55   41]]
acc: 0.937
f1: 0.394
3,118,coarse : 20.52 seconds
3,118,fine : 20.54 seconds
[[1438  476]
 [  16   80]]
acc: 0.755
f1: 0.245
[[1844   70]
 [  55   41]]
acc: 0.938
f1: 0.396
3,119,coarse : 21.39 seconds
3,119,fine : 21.41 seconds
[[1443  471]
 [  16   80]]
acc: 0.758
f1: 0.247
[[1842   72]
 [  53   43]]
acc: 0.938
f1: 0.408
3,120,coarse : 20.69 seconds
3,120,fine : 20.71 seconds
[[1440  474]
 [  16   80]]
acc: 0.756
f1: 0.246
[[1843   71]
 [  52   44]]
acc: 0.939
f1: 0.417
3,121,coarse : 22.09 seconds
3,121,fine : 22.11 seconds
[[1438  476]
 [  16   80]]
acc: 0.755
f1: 0.245
[[1843   71]
 [  52   44]]
acc: 0.939
f1: 0.417
3,122,coarse : 21.99 seconds
3,122,fine : 22.0 seconds
[[1441  473]
 [  16   80]]
acc: 0.757
f1: 0.247
[[1842   72]
 [  52   44]]
acc: 0.938
f1: 0.415
3,123,coarse : 21.9 seconds
3,123,fine : 21.92 seconds
[[1440  474]
 [  17   79]]
acc: 0.756
f1: 0.243
[[1844   70]
 [  52   44]]
acc: 0.939
f1: 0.419
3,124,coarse : 22.35 seconds
3,124,fine : 22.36 seconds
[[1441  473]
 [  17   79]]
acc: 0.756
f1: 0.244
[[1842   72]
 [  51   45]]
acc: 0.939
f1: 0.423
3,125,coarse : 22.6 seconds
3,125,fine : 22.62 seconds
[[1444  470]
 [  17   79]]
acc: 0.758
f1: 0.245
[[1842   72]
 [  51   45]]
acc: 0.939
f1: 0.423
3,126,coarse : 22.45 seconds
3,126,fine : 22.47 seconds
[[1449  465]
 [  17   79]]
acc: 0.760
f1: 0.247
[[1843   71]
 [  51   45]]
acc: 0.939
f1: 0.425
3,127,coarse : 22.69 seconds
3,127,fine : 22.71 seconds
[[1447  467]
 [  17   79]]
acc: 0.759
f1: 0.246
[[1846   68]
 [  51   45]]
acc: 0.941
f1: 0.431
3,128,coarse : 22.86 seconds
3,128,fine : 22.88 seconds
[[1443  471]
 [  17   79]]
acc: 0.757
f1: 0.245
[[1847   67]
 [  51   45]]
acc: 0.941
f1: 0.433
3,129,coarse : 23.47 seconds
3,129,fine : 23.49 seconds
[[1443  471]
 [  17   79]]
acc: 0.757
f1: 0.245
[[1847   67]
 [  51   45]]
acc: 0.941
f1: 0.433
3,130,coarse : 23.47 seconds
3,130,fine : 23.49 seconds
[[1443  471]
 [  17   79]]
acc: 0.757
f1: 0.245
[[1849   65]
 [  52   44]]
acc: 0.942
f1: 0.429
3,131,coarse : 23.67 seconds
3,131,fine : 23.69 seconds
[[1446  468]
 [  17   79]]
acc: 0.759
f1: 0.246
[[1846   68]
 [  52   44]]
acc: 0.940
f1: 0.423
3,132,coarse : 23.1 seconds
3,132,fine : 23.12 seconds
[[1446  468]
 [  17   79]]
acc: 0.759
f1: 0.246
[[1846   68]
 [  52   44]]
acc: 0.940
f1: 0.423
3,133,coarse : 23.84 seconds
3,133,fine : 23.86 seconds
[[1444  470]
 [  17   79]]
acc: 0.758
f1: 0.245
[[1847   67]
 [  52   44]]
acc: 0.941
f1: 0.425
3,134,coarse : 23.74 seconds
3,134,fine : 23.76 seconds
[[1444  470]
 [  17   79]]
acc: 0.758
f1: 0.245
[[1844   70]
 [  52   44]]
acc: 0.939
f1: 0.419
3,135,coarse : 24.22 seconds
3,135,fine : 24.24 seconds
[[1446  468]
 [  17   79]]
acc: 0.759
f1: 0.246
[[1845   69]
 [  51   45]]
acc: 0.940
f1: 0.429
3,136,coarse : 24.11 seconds
3,136,fine : 24.12 seconds
[[1445  469]
 [  17   79]]
acc: 0.758
f1: 0.245
[[1848   66]
 [  52   44]]
acc: 0.941
f1: 0.427
3,137,coarse : 24.14 seconds
3,137,fine : 24.15 seconds
[[1443  471]
 [  17   79]]
acc: 0.757
f1: 0.245
[[1849   65]
 [  51   45]]
acc: 0.942
f1: 0.437
3,138,coarse : 24.56 seconds
3,138,fine : 24.58 seconds
[[1440  474]
 [  17   79]]
acc: 0.756
f1: 0.243
[[1847   67]
 [  51   45]]
acc: 0.941
f1: 0.433
3,139,coarse : 24.75 seconds
3,139,fine : 24.77 seconds
[[1441  473]
 [  17   79]]
acc: 0.756
f1: 0.244
[[1846   68]
 [  49   47]]
acc: 0.942
f1: 0.445
3,140,coarse : 24.96 seconds
3,140,fine : 24.98 seconds
[[1444  470]
 [  17   79]]
acc: 0.758
f1: 0.245
[[1848   66]
 [  51   45]]
acc: 0.942
f1: 0.435
3,141,coarse : 25.01 seconds
3,141,fine : 25.03 seconds
[[1444  470]
 [  17   79]]
acc: 0.758
f1: 0.245
[[1850   64]
 [  50   46]]
acc: 0.943
f1: 0.447
3,142,coarse : 25.38 seconds
3,142,fine : 25.4 seconds
[[1446  468]
 [  17   79]]
acc: 0.759
f1: 0.246
[[1847   67]
 [  50   46]]
acc: 0.942
f1: 0.440
3,143,coarse : 25.36 seconds
3,143,fine : 25.38 seconds
[[1443  471]
 [  17   79]]
acc: 0.757
f1: 0.245
[[1847   67]
 [  49   47]]
acc: 0.942
f1: 0.448
3,144,coarse : 25.49 seconds
3,144,fine : 25.51 seconds
[[1445  469]
 [  17   79]]
acc: 0.758
f1: 0.245
[[1852   62]
 [  48   48]]
acc: 0.945
f1: 0.466
3,145,coarse : 25.12 seconds
3,145,fine : 25.14 seconds
[[1449  465]
 [  17   79]]
acc: 0.760
f1: 0.247
[[1850   64]
 [  47   49]]
acc: 0.945
f1: 0.469
3,146,coarse : 25.32 seconds
3,146,fine : 25.34 seconds
[[1450  464]
 [  17   79]]
acc: 0.761
f1: 0.247
[[1849   65]
 [  47   49]]
acc: 0.944
f1: 0.467
3,147,coarse : 25.94 seconds
3,147,fine : 25.96 seconds
[[1447  467]
 [  17   79]]
acc: 0.759
f1: 0.246
[[1850   64]
 [  47   49]]
acc: 0.945
f1: 0.469
3,148,coarse : 26.29 seconds
3,148,fine : 26.31 seconds
[[1451  463]
 [  17   79]]
acc: 0.761
f1: 0.248
[[1847   67]
 [  47   49]]
acc: 0.943
f1: 0.462
3,149,coarse : 26.38 seconds
3,149,fine : 26.4 seconds
[[1455  459]
 [  17   79]]
acc: 0.763
f1: 0.249
[[1846   68]
 [  46   50]]
acc: 0.943
f1: 0.467
3,150,coarse : 28.21 seconds
3,150,fine : 28.23 seconds
[[1451  463]
 [  17   79]]
acc: 0.761
f1: 0.248
[[1848   66]
 [  47   49]]
acc: 0.944
f1: 0.464
3,151,coarse : 26.9 seconds
3,151,fine : 26.92 seconds
[[1453  461]
 [  17   79]]
acc: 0.762
f1: 0.248
[[1850   64]
 [  47   49]]
acc: 0.945
f1: 0.469
3,152,coarse : 27.51 seconds
3,152,fine : 27.53 seconds
[[1452  462]
 [  17   79]]
acc: 0.762
f1: 0.248
[[1849   65]
 [  47   49]]
acc: 0.944
f1: 0.467
3,153,coarse : 27.91 seconds
3,153,fine : 27.93 seconds
[[1455  459]
 [  17   79]]
acc: 0.763
f1: 0.249
[[1848   66]
 [  47   49]]
acc: 0.944
f1: 0.464
3,154,coarse : 27.81 seconds
3,154,fine : 27.83 seconds
[[1455  459]
 [  16   80]]
acc: 0.764
f1: 0.252
[[1848   66]
 [  47   49]]
acc: 0.944
f1: 0.464
3,155,coarse : 27.6 seconds
3,155,fine : 27.62 seconds
[[1453  461]
 [  16   80]]
acc: 0.763
f1: 0.251
[[1847   67]
 [  47   49]]
acc: 0.943
f1: 0.462
3,156,coarse : 27.19 seconds
3,156,fine : 27.21 seconds
[[1452  462]
 [  16   80]]
acc: 0.762
f1: 0.251
[[1845   69]
 [  48   48]]
acc: 0.942
f1: 0.451
3,157,coarse : 28.09 seconds
3,157,fine : 28.11 seconds
[[1457  457]
 [  16   80]]
acc: 0.765
f1: 0.253
[[1845   69]
 [  48   48]]
acc: 0.942
f1: 0.451
3,158,coarse : 28.12 seconds
3,158,fine : 28.14 seconds
[[1454  460]
 [  16   80]]
acc: 0.763
f1: 0.252
[[1846   68]
 [  48   48]]
acc: 0.942
f1: 0.453
3,159,coarse : 28.86 seconds
3,159,fine : 28.88 seconds
[[1456  458]
 [  16   80]]
acc: 0.764
f1: 0.252
[[1846   68]
 [  48   48]]
acc: 0.942
f1: 0.453
3,160,coarse : 29.16 seconds
3,160,fine : 29.18 seconds
[[1456  458]
 [  16   80]]
acc: 0.764
f1: 0.252
[[1846   68]
 [  48   48]]
acc: 0.942
f1: 0.453
3,161,coarse : 27.93 seconds
3,161,fine : 27.95 seconds
[[1453  461]
 [  16   80]]
acc: 0.763
f1: 0.251
[[1846   68]
 [  48   48]]
acc: 0.942
f1: 0.453
3,162,coarse : 28.54 seconds
3,162,fine : 28.56 seconds
[[1450  464]
 [  16   80]]
acc: 0.761
f1: 0.250
[[1846   68]
 [  48   48]]
acc: 0.942
f1: 0.453
3,163,coarse : 28.91 seconds
3,163,fine : 28.93 seconds
[[1453  461]
 [  16   80]]
acc: 0.763
f1: 0.251
[[1845   69]
 [  49   47]]
acc: 0.941
f1: 0.443
3,164,coarse : 28.61 seconds
3,164,fine : 28.63 seconds
[[1456  458]
 [  16   80]]
acc: 0.764
f1: 0.252
[[1845   69]
 [  49   47]]
acc: 0.941
f1: 0.443
3,165,coarse : 28.92 seconds
3,165,fine : 28.94 seconds
[[1454  460]
 [  16   80]]
acc: 0.763
f1: 0.252
[[1842   72]
 [  47   49]]
acc: 0.941
f1: 0.452
3,166,coarse : 29.48 seconds
3,166,fine : 29.5 seconds
[[1456  458]
 [  16   80]]
acc: 0.764
f1: 0.252
[[1843   71]
 [  48   48]]
acc: 0.941
f1: 0.447
3,167,coarse : 29.32 seconds
3,167,fine : 29.34 seconds
[[1451  463]
 [  16   80]]
acc: 0.762
f1: 0.250
[[1843   71]
 [  48   48]]
acc: 0.941
f1: 0.447
3,168,coarse : 29.5 seconds
3,168,fine : 29.52 seconds
[[1449  465]
 [  16   80]]
acc: 0.761
f1: 0.250
[[1844   70]
 [  48   48]]
acc: 0.941
f1: 0.449
3,169,coarse : 29.73 seconds
3,169,fine : 29.75 seconds
[[1450  464]
 [  16   80]]
acc: 0.761
f1: 0.250
[[1843   71]
 [  49   47]]
acc: 0.940
f1: 0.439
3,170,coarse : 29.74 seconds
3,170,fine : 29.77 seconds
[[1454  460]
 [  16   80]]
acc: 0.763
f1: 0.252
[[1846   68]
 [  48   48]]
acc: 0.942
f1: 0.453
3,171,coarse : 31.13 seconds
3,171,fine : 31.15 seconds
[[1454  460]
 [  16   80]]
acc: 0.763
f1: 0.252
[[1846   68]
 [  45   51]]
acc: 0.944
f1: 0.474
3,172,coarse : 30.94 seconds
3,172,fine : 30.96 seconds
