all           0      1    2    3    4    5    6    7    8    
1      2010   1914   1    19   32   19   1    11   6    7    
2      2010   1914   1    19   32   19   1    11   6    7    
3      2010   1914   1    19   32   19   1    11   5    8    
4      2010   1914   1    19   32   19   1    10   6    8    
5      2010   1914   1    18   33   19   1    10   6    8    
6      2010   1914   1    18   33   19   1    10   6    8    
7      2010   1913   2    18   33   19   1    10   6    8    
8      2010   1913   2    18   33   19   1    10   6    8    
9      2009   1913   2    18   32   19   2    10   6    7    
10     2009   1913   1    19   32   19   1    11   6    7    
Total  20098  19136  13   185  324  190  11   104  59   76   
train         0      1    2    3    4    5    6    7    8    
1      2010   1914   1    19   32   19   1    11   6    7    
2      2010   1914   1    19   32   19   1    11   6    7    
3      2010   1914   1    19   32   19   1    11   5    8    
4      2010   1914   1    19   32   19   1    10   6    8    
5      2010   1914   1    18   33   19   1    10   6    8    
6      2010   1914   1    18   33   19   1    10   6    8    
8      2010   1913   2    18   33   19   1    10   6    8    
9      2009   1913   2    18   32   19   2    10   6    7    
10     2009   1913   1    19   32   19   1    11   6    7    
Total  18088  17223  11   167  291  171  10   94   53   68   
test          0      1    2    3    4    5    6    7    8    
7      2010   1913   2    18   33   19   1    10   6    8    
Total  2010   1913   2    18   33   19   1    10   6    8    
Classes             
0         17223     
1         11        
2         167       
3         291       
4         171       
5         10        
6         94        
7         53        
8         68        
Total     18088     

Shape: 450       

[952, 10, 11, 16, 11, 10, 10, 10, 10]
Sum start => 1040
[[ 904 1009]
 [   5   92]]
acc: 0.496
f1: 0.154
[[1887   26]
 [  91    6]]
acc: 0.942
f1: 0.093
7,1,coarse : 20.49 seconds
7,1,fine : 20.49 seconds
[[ 904 1009]
 [   5   92]]
acc: 0.496
f1: 0.154
[[1887   26]
 [  91    6]]
acc: 0.942
f1: 0.093
7,2,coarse : 22.17 seconds
7,2,fine : 22.17 seconds
[[933 980]
 [  7  90]]
acc: 0.509
f1: 0.154
[[1905    8]
 [  95    2]]
acc: 0.949
f1: 0.037
7,3,coarse : 14.75 seconds
7,3,fine : 14.75 seconds
[[970 943]
 [  7  90]]
acc: 0.527
f1: 0.159
[[1911    2]
 [  95    2]]
acc: 0.952
f1: 0.040
7,4,coarse : 14.78 seconds
7,4,fine : 14.79 seconds
[[947 966]
 [  5  92]]
acc: 0.517
f1: 0.159
[[1911    2]
 [  94    3]]
acc: 0.952
f1: 0.059
7,5,coarse : 14.9 seconds
7,5,fine : 14.9 seconds
[[990 923]
 [  6  91]]
acc: 0.538
f1: 0.164
[[1912    1]
 [  95    2]]
acc: 0.952
f1: 0.040
7,6,coarse : 14.45 seconds
7,6,fine : 14.45 seconds
[[1016  897]
 [   7   90]]
acc: 0.550
f1: 0.166
[[1911    2]
 [  95    2]]
acc: 0.952
f1: 0.040
7,7,coarse : 14.75 seconds
7,7,fine : 14.75 seconds
[[1021  892]
 [  10   87]]
acc: 0.551
f1: 0.162
[[1908    5]
 [  94    3]]
acc: 0.951
f1: 0.057
7,8,coarse : 14.74 seconds
7,8,fine : 14.74 seconds
[[1021  892]
 [  11   86]]
acc: 0.551
f1: 0.160
[[1908    5]
 [  94    3]]
acc: 0.951
f1: 0.057
7,9,coarse : 14.47 seconds
7,9,fine : 14.47 seconds
[[1035  878]
 [  10   87]]
acc: 0.558
f1: 0.164
[[1907    6]
 [  92    5]]
acc: 0.951
f1: 0.093
7,10,coarse : 14.73 seconds
7,10,fine : 14.73 seconds
[[1033  880]
 [   8   89]]
acc: 0.558
f1: 0.167
[[1907    6]
 [  92    5]]
acc: 0.951
f1: 0.093
7,11,coarse : 14.81 seconds
7,11,fine : 14.81 seconds
[[1034  879]
 [   8   89]]
acc: 0.559
f1: 0.167
[[1906    7]
 [  91    6]]
acc: 0.951
f1: 0.109
7,12,coarse : 14.77 seconds
7,12,fine : 14.78 seconds
[[1045  868]
 [   8   89]]
acc: 0.564
f1: 0.169
[[1907    6]
 [  91    6]]
acc: 0.952
f1: 0.110
7,13,coarse : 14.49 seconds
7,13,fine : 14.5 seconds
[[1043  870]
 [   6   91]]
acc: 0.564
f1: 0.172
[[1906    7]
 [  88    9]]
acc: 0.953
f1: 0.159
7,14,coarse : 14.66 seconds
7,14,fine : 14.67 seconds
[[1058  855]
 [   8   89]]
acc: 0.571
f1: 0.171
[[1907    6]
 [  89    8]]
acc: 0.953
f1: 0.144
7,15,coarse : 14.7 seconds
7,15,fine : 14.71 seconds
[[1072  841]
 [   8   89]]
acc: 0.578
f1: 0.173
[[1905    8]
 [  88    9]]
acc: 0.952
f1: 0.158
7,16,coarse : 14.81 seconds
7,16,fine : 14.82 seconds
[[1081  832]
 [   7   90]]
acc: 0.583
f1: 0.177
[[1907    6]
 [  89    8]]
acc: 0.953
f1: 0.144
7,17,coarse : 14.45 seconds
7,17,fine : 14.46 seconds
[[1084  829]
 [   8   89]]
acc: 0.584
f1: 0.175
[[1906    7]
 [  86   11]]
acc: 0.954
f1: 0.191
7,18,coarse : 14.76 seconds
7,18,fine : 14.76 seconds
[[1087  826]
 [   9   88]]
acc: 0.585
f1: 0.174
[[1905    8]
 [  84   13]]
acc: 0.954
f1: 0.220
7,19,coarse : 14.69 seconds
7,19,fine : 14.69 seconds
[[1093  820]
 [   9   88]]
acc: 0.588
f1: 0.175
[[1905    8]
 [  84   13]]
acc: 0.954
f1: 0.220
7,20,coarse : 14.55 seconds
7,20,fine : 14.55 seconds
[[1092  821]
 [   9   88]]
acc: 0.587
f1: 0.175
[[1905    8]
 [  85   12]]
acc: 0.954
f1: 0.205
7,21,coarse : 14.75 seconds
7,21,fine : 14.75 seconds
[[1083  830]
 [   9   88]]
acc: 0.583
f1: 0.173
[[1906    7]
 [  85   12]]
acc: 0.954
f1: 0.207
7,22,coarse : 14.75 seconds
7,22,fine : 14.75 seconds
[[1085  828]
 [  11   86]]
acc: 0.583
f1: 0.170
[[1906    7]
 [  87   10]]
acc: 0.953
f1: 0.175
7,23,coarse : 14.76 seconds
7,23,fine : 14.76 seconds
[[1092  821]
 [  11   86]]
acc: 0.586
f1: 0.171
[[1906    7]
 [  84   13]]
acc: 0.955
f1: 0.222
7,24,coarse : 14.41 seconds
7,24,fine : 14.42 seconds
[[1070  843]
 [   9   88]]
acc: 0.576
f1: 0.171
[[1906    7]
 [  86   11]]
acc: 0.954
f1: 0.191
7,25,coarse : 14.77 seconds
7,25,fine : 14.77 seconds
[[1084  829]
 [   9   88]]
acc: 0.583
f1: 0.174
[[1905    8]
 [  84   13]]
acc: 0.954
f1: 0.220
7,26,coarse : 14.82 seconds
7,26,fine : 14.82 seconds
[[1081  832]
 [   9   88]]
acc: 0.582
f1: 0.173
[[1905    8]
 [  84   13]]
acc: 0.954
f1: 0.220
7,27,coarse : 14.93 seconds
7,27,fine : 14.94 seconds
[[1068  845]
 [   8   89]]
acc: 0.576
f1: 0.173
[[1905    8]
 [  84   13]]
acc: 0.954
f1: 0.220
7,28,coarse : 14.51 seconds
7,28,fine : 14.51 seconds
[[1069  844]
 [   8   89]]
acc: 0.576
f1: 0.173
[[1904    9]
 [  84   13]]
acc: 0.954
f1: 0.218
7,29,coarse : 14.77 seconds
7,29,fine : 14.77 seconds
[[1061  852]
 [   7   90]]
acc: 0.573
f1: 0.173
[[1905    8]
 [  84   13]]
acc: 0.954
f1: 0.220
7,30,coarse : 14.5 seconds
7,30,fine : 14.5 seconds
[[1069  844]
 [   7   90]]
acc: 0.577
f1: 0.175
[[1905    8]
 [  83   14]]
acc: 0.955
f1: 0.235
7,31,coarse : 15.11 seconds
7,31,fine : 15.11 seconds
[[1071  842]
 [   7   90]]
acc: 0.578
f1: 0.175
[[1906    7]
 [  83   14]]
acc: 0.955
f1: 0.237
7,32,coarse : 14.93 seconds
7,32,fine : 14.93 seconds
[[1069  844]
 [   7   90]]
acc: 0.577
f1: 0.175
[[1906    7]
 [  82   15]]
acc: 0.956
f1: 0.252
7,33,coarse : 14.75 seconds
7,33,fine : 14.76 seconds
[[1071  842]
 [   7   90]]
acc: 0.578
f1: 0.175
[[1904    9]
 [  82   15]]
acc: 0.955
f1: 0.248
7,34,coarse : 14.91 seconds
7,34,fine : 14.92 seconds
[[1066  847]
 [   7   90]]
acc: 0.575
f1: 0.174
[[1905    8]
 [  82   15]]
acc: 0.955
f1: 0.250
7,35,coarse : 15.13 seconds
7,35,fine : 15.13 seconds
[[1084  829]
 [   6   91]]
acc: 0.585
f1: 0.179
[[1905    8]
 [  82   15]]
acc: 0.955
f1: 0.250
7,36,coarse : 14.92 seconds
7,36,fine : 14.93 seconds
[[1090  823]
 [   7   90]]
acc: 0.587
f1: 0.178
[[1906    7]
 [  81   16]]
acc: 0.956
f1: 0.267
7,37,coarse : 15.22 seconds
7,37,fine : 15.23 seconds
[[1094  819]
 [   7   90]]
acc: 0.589
f1: 0.179
[[1906    7]
 [  81   16]]
acc: 0.956
f1: 0.267
7,38,coarse : 15.35 seconds
7,38,fine : 15.35 seconds
[[1098  815]
 [   7   90]]
acc: 0.591
f1: 0.180
[[1905    8]
 [  81   16]]
acc: 0.956
f1: 0.264
7,39,coarse : 15.15 seconds
7,39,fine : 15.15 seconds
[[1095  818]
 [   7   90]]
acc: 0.590
f1: 0.179
[[1905    8]
 [  81   16]]
acc: 0.956
f1: 0.264
7,40,coarse : 15.16 seconds
7,40,fine : 15.16 seconds
[[1095  818]
 [   8   89]]
acc: 0.589
f1: 0.177
[[1905    8]
 [  81   16]]
acc: 0.956
f1: 0.264
7,41,coarse : 15.18 seconds
7,41,fine : 15.18 seconds
[[1099  814]
 [   8   89]]
acc: 0.591
f1: 0.178
[[1905    8]
 [  81   16]]
acc: 0.956
f1: 0.264
7,42,coarse : 15.35 seconds
7,42,fine : 15.35 seconds
[[1094  819]
 [   9   88]]
acc: 0.588
f1: 0.175
[[1903   10]
 [  81   16]]
acc: 0.955
f1: 0.260
7,43,coarse : 15.56 seconds
7,43,fine : 15.57 seconds
[[1103  810]
 [  10   87]]
acc: 0.592
f1: 0.175
[[1903   10]
 [  81   16]]
acc: 0.955
f1: 0.260
7,44,coarse : 15.3 seconds
7,44,fine : 15.31 seconds
[[1108  805]
 [  10   87]]
acc: 0.595
f1: 0.176
[[1903   10]
 [  80   17]]
acc: 0.955
f1: 0.274
7,45,coarse : 15.54 seconds
7,45,fine : 15.55 seconds
[[1092  821]
 [   9   88]]
acc: 0.587
f1: 0.175
[[1903   10]
 [  79   18]]
acc: 0.956
f1: 0.288
7,46,coarse : 15.74 seconds
7,46,fine : 15.75 seconds
[[1090  823]
 [   9   88]]
acc: 0.586
f1: 0.175
[[1903   10]
 [  79   18]]
acc: 0.956
f1: 0.288
7,47,coarse : 15.42 seconds
7,47,fine : 15.42 seconds
[[1091  822]
 [  10   87]]
acc: 0.586
f1: 0.173
[[1903   10]
 [  78   19]]
acc: 0.956
f1: 0.302
7,48,coarse : 15.72 seconds
7,48,fine : 15.72 seconds
[[1093  820]
 [  10   87]]
acc: 0.587
f1: 0.173
[[1904    9]
 [  79   18]]
acc: 0.956
f1: 0.290
7,49,coarse : 15.97 seconds
7,49,fine : 15.97 seconds
[[1091  822]
 [  10   87]]
acc: 0.586
f1: 0.173
[[1903   10]
 [  79   18]]
acc: 0.956
f1: 0.288
7,50,coarse : 15.68 seconds
7,50,fine : 15.68 seconds
[[1091  822]
 [  10   87]]
acc: 0.586
f1: 0.173
[[1902   11]
 [  78   19]]
acc: 0.956
f1: 0.299
7,51,coarse : 15.84 seconds
7,51,fine : 15.84 seconds
[[1098  815]
 [  10   87]]
acc: 0.590
f1: 0.174
[[1902   11]
 [  78   19]]
acc: 0.956
f1: 0.299
7,52,coarse : 15.7 seconds
7,52,fine : 15.71 seconds
[[1097  816]
 [  10   87]]
acc: 0.589
f1: 0.174
[[1901   12]
 [  78   19]]
acc: 0.955
f1: 0.297
7,53,coarse : 15.89 seconds
7,53,fine : 15.9 seconds
[[1096  817]
 [  10   87]]
acc: 0.589
f1: 0.174
[[1901   12]
 [  78   19]]
acc: 0.955
f1: 0.297
7,54,coarse : 16.06 seconds
7,54,fine : 16.07 seconds
[[1089  824]
 [   9   88]]
acc: 0.586
f1: 0.174
[[1901   12]
 [  77   20]]
acc: 0.956
f1: 0.310
7,55,coarse : 15.9 seconds
7,55,fine : 15.91 seconds
[[1097  816]
 [   9   88]]
acc: 0.590
f1: 0.176
[[1901   12]
 [  76   21]]
acc: 0.956
f1: 0.323
7,56,coarse : 16.2 seconds
7,56,fine : 16.21 seconds
[[1098  815]
 [  10   87]]
acc: 0.590
f1: 0.174
[[1901   12]
 [  76   21]]
acc: 0.956
f1: 0.323
7,57,coarse : 16.19 seconds
7,57,fine : 16.2 seconds
[[1098  815]
 [  10   87]]
acc: 0.590
f1: 0.174
[[1901   12]
 [  76   21]]
acc: 0.956
f1: 0.323
7,58,coarse : 15.93 seconds
7,58,fine : 15.93 seconds
[[1089  824]
 [  10   87]]
acc: 0.585
f1: 0.173
[[1901   12]
 [  76   21]]
acc: 0.956
f1: 0.323
7,59,coarse : 16.25 seconds
7,59,fine : 16.26 seconds
[[1085  828]
 [   9   88]]
acc: 0.584
f1: 0.174
[[1900   13]
 [  76   21]]
acc: 0.956
f1: 0.321
7,60,coarse : 16.22 seconds
7,60,fine : 16.22 seconds
[[1081  832]
 [  10   87]]
acc: 0.581
f1: 0.171
[[1899   14]
 [  76   21]]
acc: 0.955
f1: 0.318
7,61,coarse : 16.23 seconds
7,61,fine : 16.23 seconds
[[1083  830]
 [   9   88]]
acc: 0.583
f1: 0.173
[[1897   16]
 [  76   21]]
acc: 0.954
f1: 0.313
7,62,coarse : 16.42 seconds
7,62,fine : 16.43 seconds
[[1076  837]
 [   9   88]]
acc: 0.579
f1: 0.172
[[1898   15]
 [  75   22]]
acc: 0.955
f1: 0.328
7,63,coarse : 16.33 seconds
7,63,fine : 16.33 seconds
[[1070  843]
 [   8   89]]
acc: 0.577
f1: 0.173
[[1897   16]
 [  73   24]]
acc: 0.956
f1: 0.350
7,64,coarse : 16.33 seconds
7,64,fine : 16.34 seconds
[[1065  848]
 [   7   90]]
acc: 0.575
f1: 0.174
[[1897   16]
 [  72   25]]
acc: 0.956
f1: 0.362
7,65,coarse : 16.41 seconds
7,65,fine : 16.41 seconds
[[1063  850]
 [   7   90]]
acc: 0.574
f1: 0.174
[[1897   16]
 [  72   25]]
acc: 0.956
f1: 0.362
7,66,coarse : 16.22 seconds
7,66,fine : 16.23 seconds
[[1064  849]
 [   9   88]]
acc: 0.573
f1: 0.170
[[1897   16]
 [  72   25]]
acc: 0.956
f1: 0.362
7,67,coarse : 16.42 seconds
7,67,fine : 16.42 seconds
[[1057  856]
 [   7   90]]
acc: 0.571
f1: 0.173
[[1897   16]
 [  72   25]]
acc: 0.956
f1: 0.362
7,68,coarse : 16.47 seconds
7,68,fine : 16.47 seconds
[[1059  854]
 [   7   90]]
acc: 0.572
f1: 0.173
[[1896   17]
 [  72   25]]
acc: 0.956
f1: 0.360
7,69,coarse : 16.48 seconds
7,69,fine : 16.48 seconds
[[1057  856]
 [   8   89]]
acc: 0.570
f1: 0.171
[[1896   17]
 [  72   25]]
acc: 0.956
f1: 0.360
7,70,coarse : 16.92 seconds
7,70,fine : 16.92 seconds
[[1060  853]
 [   8   89]]
acc: 0.572
f1: 0.171
[[1896   17]
 [  72   25]]
acc: 0.956
f1: 0.360
7,71,coarse : 16.75 seconds
7,71,fine : 16.76 seconds
[[1067  846]
 [   7   90]]
acc: 0.576
f1: 0.174
[[1895   18]
 [  72   25]]
acc: 0.955
f1: 0.357
7,72,coarse : 16.87 seconds
7,72,fine : 16.87 seconds
[[1068  845]
 [   7   90]]
acc: 0.576
f1: 0.174
[[1896   17]
 [  72   25]]
acc: 0.956
f1: 0.360
7,73,coarse : 16.69 seconds
7,73,fine : 16.69 seconds
[[1063  850]
 [   7   90]]
acc: 0.574
f1: 0.174
[[1894   19]
 [  72   25]]
acc: 0.955
f1: 0.355
7,74,coarse : 16.19 seconds
7,74,fine : 16.2 seconds
[[1063  850]
 [   6   91]]
acc: 0.574
f1: 0.175
[[1894   19]
 [  72   25]]
acc: 0.955
f1: 0.355
7,75,coarse : 16.44 seconds
7,75,fine : 16.44 seconds
[[1063  850]
 [   6   91]]
acc: 0.574
f1: 0.175
[[1895   18]
 [  72   25]]
acc: 0.955
f1: 0.357
7,76,coarse : 16.3 seconds
7,76,fine : 16.31 seconds
[[1060  853]
 [   6   91]]
acc: 0.573
f1: 0.175
[[1896   17]
 [  72   25]]
acc: 0.956
f1: 0.360
7,77,coarse : 16.52 seconds
7,77,fine : 16.53 seconds
[[1062  851]
 [   6   91]]
acc: 0.574
f1: 0.175
[[1892   21]
 [  72   25]]
acc: 0.954
f1: 0.350
7,78,coarse : 16.59 seconds
7,78,fine : 16.6 seconds
[[1063  850]
 [   7   90]]
acc: 0.574
f1: 0.174
[[1892   21]
 [  72   25]]
acc: 0.954
f1: 0.350
7,79,coarse : 16.75 seconds
7,79,fine : 16.76 seconds
[[1058  855]
 [   7   90]]
acc: 0.571
f1: 0.173
[[1891   22]
 [  71   26]]
acc: 0.954
f1: 0.359
7,80,coarse : 16.61 seconds
7,80,fine : 16.61 seconds
[[1060  853]
 [   6   91]]
acc: 0.573
f1: 0.175
[[1891   22]
 [  71   26]]
acc: 0.954
f1: 0.359
7,81,coarse : 16.9 seconds
7,81,fine : 16.9 seconds
[[1059  854]
 [   7   90]]
acc: 0.572
f1: 0.173
[[1891   22]
 [  71   26]]
acc: 0.954
f1: 0.359
7,82,coarse : 16.67 seconds
7,82,fine : 16.68 seconds
[[1064  849]
 [   7   90]]
acc: 0.574
f1: 0.174
[[1891   22]
 [  71   26]]
acc: 0.954
f1: 0.359
7,83,coarse : 16.89 seconds
7,83,fine : 16.9 seconds
[[1052  861]
 [   7   90]]
acc: 0.568
f1: 0.172
[[1891   22]
 [  71   26]]
acc: 0.954
f1: 0.359
7,84,coarse : 17.34 seconds
7,84,fine : 17.35 seconds
[[1055  858]
 [   7   90]]
acc: 0.570
f1: 0.172
[[1891   22]
 [  70   27]]
acc: 0.954
f1: 0.370
7,85,coarse : 17.04 seconds
7,85,fine : 17.04 seconds
[[1057  856]
 [   7   90]]
acc: 0.571
f1: 0.173
[[1891   22]
 [  70   27]]
acc: 0.954
f1: 0.370
7,86,coarse : 17.67 seconds
7,86,fine : 17.68 seconds
[[1060  853]
 [   7   90]]
acc: 0.572
f1: 0.173
[[1891   22]
 [  70   27]]
acc: 0.954
f1: 0.370
7,87,coarse : 17.12 seconds
7,87,fine : 17.13 seconds
[[1049  864]
 [   7   90]]
acc: 0.567
f1: 0.171
[[1891   22]
 [  69   28]]
acc: 0.955
f1: 0.381
7,88,coarse : 17.6 seconds
7,88,fine : 17.61 seconds
[[1049  864]
 [   7   90]]
acc: 0.567
f1: 0.171
[[1891   22]
 [  70   27]]
acc: 0.954
f1: 0.370
7,89,coarse : 17.36 seconds
7,89,fine : 17.37 seconds
[[1045  868]
 [   7   90]]
acc: 0.565
f1: 0.171
[[1891   22]
 [  70   27]]
acc: 0.954
f1: 0.370
7,90,coarse : 17.39 seconds
7,90,fine : 17.4 seconds
[[1042  871]
 [   7   90]]
acc: 0.563
f1: 0.170
[[1891   22]
 [  69   28]]
acc: 0.955
f1: 0.381
7,91,coarse : 17.39 seconds
7,91,fine : 17.4 seconds
[[1035  878]
 [   5   92]]
acc: 0.561
f1: 0.172
[[1891   22]
 [  68   29]]
acc: 0.955
f1: 0.392
7,92,coarse : 17.67 seconds
7,92,fine : 17.68 seconds
[[1031  882]
 [   5   92]]
acc: 0.559
f1: 0.172
[[1890   23]
 [  68   29]]
acc: 0.955
f1: 0.389
7,93,coarse : 17.54 seconds
7,93,fine : 17.55 seconds
[[1037  876]
 [   5   92]]
acc: 0.562
f1: 0.173
[[1890   23]
 [  68   29]]
acc: 0.955
f1: 0.389
7,94,coarse : 17.26 seconds
7,94,fine : 17.27 seconds
[[1037  876]
 [   6   91]]
acc: 0.561
f1: 0.171
[[1889   24]
 [  67   30]]
acc: 0.955
f1: 0.397
7,95,coarse : 18.07 seconds
7,95,fine : 18.08 seconds
[[1035  878]
 [   6   91]]
acc: 0.560
f1: 0.171
[[1889   24]
 [  67   30]]
acc: 0.955
f1: 0.397
7,96,coarse : 17.64 seconds
7,96,fine : 17.65 seconds
[[1037  876]
 [   6   91]]
acc: 0.561
f1: 0.171
[[1889   24]
 [  67   30]]
acc: 0.955
f1: 0.397
7,97,coarse : 17.86 seconds
7,97,fine : 17.87 seconds
[[1041  872]
 [   6   91]]
acc: 0.563
f1: 0.172
[[1889   24]
 [  67   30]]
acc: 0.955
f1: 0.397
7,98,coarse : 17.6 seconds
7,98,fine : 17.61 seconds
[[1038  875]
 [   6   91]]
acc: 0.562
f1: 0.171
[[1889   24]
 [  67   30]]
acc: 0.955
f1: 0.397
7,99,coarse : 17.94 seconds
7,99,fine : 17.94 seconds
[[1038  875]
 [   6   91]]
acc: 0.562
f1: 0.171
[[1889   24]
 [  67   30]]
acc: 0.955
f1: 0.397
7,100,coarse : 17.55 seconds
7,100,fine : 17.55 seconds
[[1024  889]
 [   5   92]]
acc: 0.555
f1: 0.171
[[1888   25]
 [  66   31]]
acc: 0.955
f1: 0.405
7,101,coarse : 18.13 seconds
7,101,fine : 18.14 seconds
[[1027  886]
 [   5   92]]
acc: 0.557
f1: 0.171
[[1887   26]
 [  66   31]]
acc: 0.954
f1: 0.403
7,102,coarse : 18.21 seconds
7,102,fine : 18.22 seconds
[[1024  889]
 [   6   91]]
acc: 0.555
f1: 0.169
[[1887   26]
 [  65   32]]
acc: 0.955
f1: 0.413
7,103,coarse : 18.11 seconds
7,103,fine : 18.11 seconds
[[1032  881]
 [   5   92]]
acc: 0.559
f1: 0.172
[[1887   26]
 [  66   31]]
acc: 0.954
f1: 0.403
7,104,coarse : 17.64 seconds
7,104,fine : 17.65 seconds
[[1038  875]
 [   5   92]]
acc: 0.562
f1: 0.173
[[1888   25]
 [  66   31]]
acc: 0.955
f1: 0.405
7,105,coarse : 18.39 seconds
7,105,fine : 18.4 seconds
[[1039  874]
 [   5   92]]
acc: 0.563
f1: 0.173
[[1888   25]
 [  65   32]]
acc: 0.955
f1: 0.416
7,106,coarse : 18.3 seconds
7,106,fine : 18.31 seconds
[[1034  879]
 [   6   91]]
acc: 0.560
f1: 0.171
[[1888   25]
 [  65   32]]
acc: 0.955
f1: 0.416
7,107,coarse : 18.73 seconds
7,107,fine : 18.73 seconds
[[1033  880]
 [   6   91]]
acc: 0.559
f1: 0.170
[[1888   25]
 [  65   32]]
acc: 0.955
f1: 0.416
7,108,coarse : 18.45 seconds
7,108,fine : 18.46 seconds
[[1036  877]
 [   6   91]]
acc: 0.561
f1: 0.171
[[1886   27]
 [  65   32]]
acc: 0.954
f1: 0.410
7,109,coarse : 18.69 seconds
7,109,fine : 18.7 seconds
[[1033  880]
 [   6   91]]
acc: 0.559
f1: 0.170
[[1886   27]
 [  64   33]]
acc: 0.955
f1: 0.420
7,110,coarse : 18.91 seconds
7,110,fine : 18.92 seconds
[[1039  874]
 [   6   91]]
acc: 0.562
f1: 0.171
[[1887   26]
 [  65   32]]
acc: 0.955
f1: 0.413
7,111,coarse : 18.53 seconds
7,111,fine : 18.54 seconds
[[1039  874]
 [   6   91]]
acc: 0.562
f1: 0.171
[[1886   27]
 [  64   33]]
acc: 0.955
f1: 0.420
7,112,coarse : 18.84 seconds
7,112,fine : 18.85 seconds
[[1030  883]
 [   6   91]]
acc: 0.558
f1: 0.170
[[1886   27]
 [  64   33]]
acc: 0.955
f1: 0.420
7,113,coarse : 19.11 seconds
7,113,fine : 19.12 seconds
[[1031  882]
 [   6   91]]
acc: 0.558
f1: 0.170
[[1886   27]
 [  65   32]]
acc: 0.954
f1: 0.410
7,114,coarse : 19.16 seconds
7,114,fine : 19.17 seconds
[[1033  880]
 [   6   91]]
acc: 0.559
f1: 0.170
[[1885   28]
 [  64   33]]
acc: 0.954
f1: 0.418
7,115,coarse : 18.87 seconds
7,115,fine : 18.88 seconds
[[1037  876]
 [   5   92]]
acc: 0.562
f1: 0.173
[[1885   28]
 [  63   34]]
acc: 0.955
f1: 0.428
7,116,coarse : 19.08 seconds
7,116,fine : 19.09 seconds
[[1037  876]
 [   6   91]]
acc: 0.561
f1: 0.171
[[1884   29]
 [  63   34]]
acc: 0.954
f1: 0.425
7,117,coarse : 18.94 seconds
7,117,fine : 18.94 seconds
[[1041  872]
 [   6   91]]
acc: 0.563
f1: 0.172
[[1884   29]
 [  62   35]]
acc: 0.955
f1: 0.435
7,118,coarse : 19.23 seconds
7,118,fine : 19.24 seconds
[[1047  866]
 [   6   91]]
acc: 0.566
f1: 0.173
[[1882   31]
 [  62   35]]
acc: 0.954
f1: 0.429
7,119,coarse : 19.44 seconds
7,119,fine : 19.45 seconds
[[1059  854]
 [   6   91]]
acc: 0.572
f1: 0.175
[[1882   31]
 [  62   35]]
acc: 0.954
f1: 0.429
7,120,coarse : 19.24 seconds
7,120,fine : 19.25 seconds
[[1062  851]
 [   6   91]]
acc: 0.574
f1: 0.175
[[1882   31]
 [  62   35]]
acc: 0.954
f1: 0.429
7,121,coarse : 19.61 seconds
7,121,fine : 19.61 seconds
[[1060  853]
 [   6   91]]
acc: 0.573
f1: 0.175
[[1883   30]
 [  64   33]]
acc: 0.953
f1: 0.412
7,122,coarse : 19.37 seconds
7,122,fine : 19.38 seconds
[[1064  849]
 [   6   91]]
acc: 0.575
f1: 0.176
[[1883   30]
 [  63   34]]
acc: 0.954
f1: 0.422
7,123,coarse : 19.4 seconds
7,123,fine : 19.41 seconds
[[1069  844]
 [   6   91]]
acc: 0.577
f1: 0.176
[[1883   30]
 [  63   34]]
acc: 0.954
f1: 0.422
7,124,coarse : 19.9 seconds
7,124,fine : 19.91 seconds
[[1075  838]
 [   5   92]]
acc: 0.581
f1: 0.179
[[1883   30]
 [  63   34]]
acc: 0.954
f1: 0.422
7,125,coarse : 19.11 seconds
7,125,fine : 19.12 seconds
[[1062  851]
 [   6   91]]
acc: 0.574
f1: 0.175
[[1882   31]
 [  63   34]]
acc: 0.953
f1: 0.420
7,126,coarse : 19.96 seconds
7,126,fine : 19.97 seconds
[[1062  851]
 [   6   91]]
acc: 0.574
f1: 0.175
[[1883   30]
 [  63   34]]
acc: 0.954
f1: 0.422
7,127,coarse : 19.84 seconds
7,127,fine : 19.85 seconds
[[1068  845]
 [   5   92]]
acc: 0.577
f1: 0.178
[[1882   31]
 [  63   34]]
acc: 0.953
f1: 0.420
7,128,coarse : 20.45 seconds
7,128,fine : 20.46 seconds
[[1068  845]
 [   5   92]]
acc: 0.577
f1: 0.178
[[1882   31]
 [  63   34]]
acc: 0.953
f1: 0.420
7,129,coarse : 19.87 seconds
7,129,fine : 19.88 seconds
[[1077  836]
 [   6   91]]
acc: 0.581
f1: 0.178
[[1882   31]
 [  62   35]]
acc: 0.954
f1: 0.429
7,130,coarse : 20.33 seconds
7,130,fine : 20.34 seconds
[[1073  840]
 [   6   91]]
acc: 0.579
f1: 0.177
[[1881   32]
 [  63   34]]
acc: 0.953
f1: 0.417
7,131,coarse : 20.42 seconds
7,131,fine : 20.42 seconds
[[1071  842]
 [   6   91]]
acc: 0.578
f1: 0.177
[[1879   34]
 [  63   34]]
acc: 0.952
f1: 0.412
7,132,coarse : 19.92 seconds
7,132,fine : 19.93 seconds
[[1079  834]
 [   6   91]]
acc: 0.582
f1: 0.178
[[1879   34]
 [  63   34]]
acc: 0.952
f1: 0.412
7,133,coarse : 20.43 seconds
7,133,fine : 20.44 seconds
[[1078  835]
 [   6   91]]
acc: 0.582
f1: 0.178
[[1881   32]
 [  63   34]]
acc: 0.953
f1: 0.417
7,134,coarse : 20.29 seconds
7,134,fine : 20.31 seconds
[[1085  828]
 [   5   92]]
acc: 0.586
f1: 0.181
[[1881   32]
 [  63   34]]
acc: 0.953
f1: 0.417
7,135,coarse : 20.64 seconds
7,135,fine : 20.65 seconds
[[1091  822]
 [   5   92]]
acc: 0.589
f1: 0.182
[[1880   33]
 [  63   34]]
acc: 0.952
f1: 0.415
7,136,coarse : 20.18 seconds
7,136,fine : 20.19 seconds
[[1090  823]
 [   5   92]]
acc: 0.588
f1: 0.182
[[1879   34]
 [  63   34]]
acc: 0.952
f1: 0.412
7,137,coarse : 20.27 seconds
7,137,fine : 20.28 seconds
[[1097  816]
 [   6   91]]
acc: 0.591
f1: 0.181
[[1879   34]
 [  63   34]]
acc: 0.952
f1: 0.412
7,138,coarse : 20.67 seconds
7,138,fine : 20.68 seconds
[[1109  804]
 [   5   92]]
acc: 0.598
f1: 0.185
[[1877   36]
 [  63   34]]
acc: 0.951
f1: 0.407
7,139,coarse : 20.97 seconds
7,139,fine : 20.98 seconds
[[1111  802]
 [   5   92]]
acc: 0.599
f1: 0.186
[[1876   37]
 [  63   34]]
acc: 0.950
f1: 0.405
7,140,coarse : 21.32 seconds
7,140,fine : 21.33 seconds
[[1114  799]
 [   5   92]]
acc: 0.600
f1: 0.186
[[1875   38]
 [  62   35]]
acc: 0.950
f1: 0.412
7,141,coarse : 21.01 seconds
7,141,fine : 21.02 seconds
[[1124  789]
 [   5   92]]
acc: 0.605
f1: 0.188
[[1875   38]
 [  63   34]]
acc: 0.950
f1: 0.402
7,142,coarse : 20.88 seconds
7,142,fine : 20.89 seconds
[[1131  782]
 [   6   91]]
acc: 0.608
f1: 0.188
[[1875   38]
 [  63   34]]
acc: 0.950
f1: 0.402
7,143,coarse : 20.63 seconds
7,143,fine : 20.64 seconds
[[1135  778]
 [   6   91]]
acc: 0.610
f1: 0.188
[[1875   38]
 [  62   35]]
acc: 0.950
f1: 0.412
7,144,coarse : 21.16 seconds
7,144,fine : 21.17 seconds
[[1135  778]
 [   6   91]]
acc: 0.610
f1: 0.188
[[1875   38]
 [  62   35]]
acc: 0.950
f1: 0.412
7,145,coarse : 21.14 seconds
7,145,fine : 21.15 seconds
[[1134  779]
 [   6   91]]
acc: 0.609
f1: 0.188
[[1875   38]
 [  62   35]]
acc: 0.950
f1: 0.412
7,146,coarse : 22.19 seconds
7,146,fine : 22.2 seconds
[[1139  774]
 [   6   91]]
acc: 0.612
f1: 0.189
[[1875   38]
 [  62   35]]
acc: 0.950
f1: 0.412
7,147,coarse : 21.7 seconds
7,147,fine : 21.71 seconds
[[1144  769]
 [   6   91]]
acc: 0.614
f1: 0.190
[[1874   39]
 [  62   35]]
acc: 0.950
f1: 0.409
7,148,coarse : 21.82 seconds
7,148,fine : 21.83 seconds
[[1139  774]
 [   7   90]]
acc: 0.611
f1: 0.187
[[1873   40]
 [  62   35]]
acc: 0.949
f1: 0.407
7,149,coarse : 21.94 seconds
7,149,fine : 21.95 seconds
[[1144  769]
 [   8   89]]
acc: 0.613
f1: 0.186
[[1873   40]
 [  61   36]]
acc: 0.950
f1: 0.416
7,150,coarse : 21.19 seconds
7,150,fine : 21.2 seconds
[[1148  765]
 [   8   89]]
acc: 0.615
f1: 0.187
[[1872   41]
 [  61   36]]
acc: 0.949
f1: 0.414
7,151,coarse : 21.9 seconds
7,151,fine : 21.91 seconds
[[1154  759]
 [   8   89]]
acc: 0.618
f1: 0.188
[[1872   41]
 [  60   37]]
acc: 0.950
f1: 0.423
7,152,coarse : 21.97 seconds
7,152,fine : 21.98 seconds
[[1160  753]
 [   8   89]]
acc: 0.621
f1: 0.190
[[1871   42]
 [  60   37]]
acc: 0.949
f1: 0.420
7,153,coarse : 22.25 seconds
7,153,fine : 22.26 seconds
[[1160  753]
 [   9   88]]
acc: 0.621
f1: 0.188
[[1871   42]
 [  60   37]]
acc: 0.949
f1: 0.420
7,154,coarse : 22.08 seconds
7,154,fine : 22.09 seconds
[[1156  757]
 [   8   89]]
acc: 0.619
f1: 0.189
[[1872   41]
 [  59   38]]
acc: 0.950
f1: 0.432
7,155,coarse : 21.87 seconds
7,155,fine : 21.87 seconds
[[1156  757]
 [   9   88]]
acc: 0.619
f1: 0.187
[[1871   42]
 [  59   38]]
acc: 0.950
f1: 0.429
7,156,coarse : 21.63 seconds
7,156,fine : 21.64 seconds
[[1156  757]
 [   9   88]]
acc: 0.619
f1: 0.187
[[1871   42]
 [  59   38]]
acc: 0.950
f1: 0.429
7,157,coarse : 21.89 seconds
7,157,fine : 21.9 seconds
[[1162  751]
 [  10   87]]
acc: 0.621
f1: 0.186
[[1871   42]
 [  59   38]]
acc: 0.950
f1: 0.429
7,158,coarse : 22.24 seconds
7,158,fine : 22.25 seconds
[[1161  752]
 [   9   88]]
acc: 0.621
f1: 0.188
[[1871   42]
 [  59   38]]
acc: 0.950
f1: 0.429
7,159,coarse : 21.67 seconds
7,159,fine : 21.68 seconds
[[1173  740]
 [  10   87]]
acc: 0.627
f1: 0.188
[[1869   44]
 [  58   39]]
acc: 0.949
f1: 0.433
7,160,coarse : 21.99 seconds
7,160,fine : 22.0 seconds
[[1174  739]
 [  10   87]]
acc: 0.627
f1: 0.189
[[1867   46]
 [  58   39]]
acc: 0.948
f1: 0.429
7,161,coarse : 22.19 seconds
7,161,fine : 22.2 seconds
[[1181  732]
 [  10   87]]
acc: 0.631
f1: 0.190
[[1867   46]
 [  57   40]]
acc: 0.949
f1: 0.437
7,162,coarse : 21.8 seconds
7,162,fine : 21.81 seconds
[[1176  737]
 [   9   88]]
acc: 0.629
f1: 0.191
[[1867   46]
 [  57   40]]
acc: 0.949
f1: 0.437
7,163,coarse : 22.01 seconds
7,163,fine : 22.01 seconds
[[1178  735]
 [   9   88]]
acc: 0.630
f1: 0.191
[[1866   47]
 [  56   41]]
acc: 0.949
f1: 0.443
7,164,coarse : 21.92 seconds
7,164,fine : 21.93 seconds
[[1181  732]
 [   9   88]]
acc: 0.631
f1: 0.192
[[1866   47]
 [  58   39]]
acc: 0.948
f1: 0.426
7,165,coarse : 21.84 seconds
7,165,fine : 21.85 seconds
[[1188  725]
 [  10   87]]
acc: 0.634
f1: 0.191
[[1866   47]
 [  57   40]]
acc: 0.948
f1: 0.435
7,166,coarse : 22.23 seconds
7,166,fine : 22.24 seconds
[[1199  714]
 [  10   87]]
acc: 0.640
f1: 0.194
[[1866   47]
 [  57   40]]
acc: 0.948
f1: 0.435
7,167,coarse : 22.16 seconds
7,167,fine : 22.17 seconds
[[1204  709]
 [  10   87]]
acc: 0.642
f1: 0.195
[[1866   47]
 [  57   40]]
acc: 0.948
f1: 0.435
7,168,coarse : 21.98 seconds
7,168,fine : 21.99 seconds
[[1211  702]
 [  11   86]]
acc: 0.645
f1: 0.194
[[1866   47]
 [  56   41]]
acc: 0.949
f1: 0.443
7,169,coarse : 22.26 seconds
7,169,fine : 22.27 seconds
[[1220  693]
 [  11   86]]
acc: 0.650
f1: 0.196
[[1864   49]
 [  55   42]]
acc: 0.948
f1: 0.447
7,170,coarse : 22.19 seconds
7,170,fine : 22.2 seconds
[[1224  689]
 [  12   85]]
acc: 0.651
f1: 0.195
[[1863   50]
 [  55   42]]
acc: 0.948
f1: 0.444
7,171,coarse : 22.61 seconds
7,171,fine : 22.62 seconds
[[1220  693]
 [  12   85]]
acc: 0.649
f1: 0.194
[[1862   51]
 [  55   42]]
acc: 0.947
f1: 0.442
7,172,coarse : 22.46 seconds
7,172,fine : 22.47 seconds
