all           0      1    2    3    4    5    6    7    8    
1      2010   1914   1    19   32   19   1    11   6    7    
2      2010   1914   1    19   32   19   1    11   6    7    
3      2010   1914   1    19   32   19   1    11   5    8    
4      2010   1914   1    19   32   19   1    10   6    8    
5      2010   1914   1    18   33   19   1    10   6    8    
6      2010   1914   1    18   33   19   1    10   6    8    
7      2010   1913   2    18   33   19   1    10   6    8    
8      2010   1913   2    18   33   19   1    10   6    8    
9      2009   1913   2    18   32   19   2    10   6    7    
10     2009   1913   1    19   32   19   1    11   6    7    
Total  20098  19136  13   185  324  190  11   104  59   76   
train         0      1    2    3    4    5    6    7    8    
1      2010   1914   1    19   32   19   1    11   6    7    
2      2010   1914   1    19   32   19   1    11   6    7    
3      2010   1914   1    19   32   19   1    11   5    8    
4      2010   1914   1    19   32   19   1    10   6    8    
5      2010   1914   1    18   33   19   1    10   6    8    
6      2010   1914   1    18   33   19   1    10   6    8    
7      2010   1913   2    18   33   19   1    10   6    8    
9      2009   1913   2    18   32   19   2    10   6    7    
10     2009   1913   1    19   32   19   1    11   6    7    
Total  18088  17223  11   167  291  171  10   94   53   68   
test          0      1    2    3    4    5    6    7    8    
8      2010   1913   2    18   33   19   1    10   6    8    
Total  2010   1913   2    18   33   19   1    10   6    8    
Classes             
0         17223     
1         11        
2         167       
3         291       
4         171       
5         10        
6         94        
7         53        
8         68        
Total     18088     

Shape: 450       

[952, 10, 11, 16, 11, 10, 10, 10, 10]
Sum start => 1040
[[ 843 1070]
 [   3   94]]
acc: 0.466
f1: 0.149
[[1870   43]
 [  88    9]]
acc: 0.935
f1: 0.121
8,1,coarse : 20.29 seconds
8,1,fine : 20.3 seconds
[[ 843 1070]
 [   3   94]]
acc: 0.466
f1: 0.149
[[1870   43]
 [  88    9]]
acc: 0.935
f1: 0.121
8,2,coarse : 21.97 seconds
8,2,fine : 21.98 seconds
[[ 893 1020]
 [   4   93]]
acc: 0.491
f1: 0.154
[[1893   20]
 [  91    6]]
acc: 0.945
f1: 0.098
8,3,coarse : 14.86 seconds
8,3,fine : 14.86 seconds
[[936 977]
 [  6  91]]
acc: 0.511
f1: 0.156
[[1900   13]
 [  94    3]]
acc: 0.947
f1: 0.053
8,4,coarse : 14.86 seconds
8,4,fine : 14.86 seconds
[[967 946]
 [  4  93]]
acc: 0.527
f1: 0.164
[[1902   11]
 [  92    5]]
acc: 0.949
f1: 0.088
8,5,coarse : 14.7 seconds
8,5,fine : 14.71 seconds
[[1005  908]
 [   6   91]]
acc: 0.545
f1: 0.166
[[1903   10]
 [  91    6]]
acc: 0.950
f1: 0.106
8,6,coarse : 14.44 seconds
8,6,fine : 14.44 seconds
[[1008  905]
 [   6   91]]
acc: 0.547
f1: 0.167
[[1904    9]
 [  91    6]]
acc: 0.950
f1: 0.107
8,7,coarse : 14.65 seconds
8,7,fine : 14.65 seconds
[[1039  874]
 [   6   91]]
acc: 0.562
f1: 0.171
[[1904    9]
 [  91    6]]
acc: 0.950
f1: 0.107
8,8,coarse : 14.64 seconds
8,8,fine : 14.64 seconds
[[1057  856]
 [   8   89]]
acc: 0.570
f1: 0.171
[[1906    7]
 [  91    6]]
acc: 0.951
f1: 0.109
8,9,coarse : 14.63 seconds
8,9,fine : 14.63 seconds
[[1071  842]
 [   8   89]]
acc: 0.577
f1: 0.173
[[1906    7]
 [  90    7]]
acc: 0.952
f1: 0.126
8,10,coarse : 14.73 seconds
8,10,fine : 14.73 seconds
[[1067  846]
 [  10   87]]
acc: 0.574
f1: 0.169
[[1905    8]
 [  88    9]]
acc: 0.952
f1: 0.158
8,11,coarse : 14.81 seconds
8,11,fine : 14.82 seconds
[[1082  831]
 [   9   88]]
acc: 0.582
f1: 0.173
[[1905    8]
 [  90    7]]
acc: 0.951
f1: 0.125
8,12,coarse : 14.83 seconds
8,12,fine : 14.83 seconds
[[1088  825]
 [   8   89]]
acc: 0.586
f1: 0.176
[[1905    8]
 [  89    8]]
acc: 0.952
f1: 0.142
8,13,coarse : 14.63 seconds
8,13,fine : 14.63 seconds
[[1101  812]
 [   9   88]]
acc: 0.592
f1: 0.177
[[1905    8]
 [  88    9]]
acc: 0.952
f1: 0.158
8,14,coarse : 14.81 seconds
8,14,fine : 14.81 seconds
[[1120  793]
 [   9   88]]
acc: 0.601
f1: 0.180
[[1905    8]
 [  88    9]]
acc: 0.952
f1: 0.158
8,15,coarse : 14.83 seconds
8,15,fine : 14.83 seconds
[[1116  797]
 [   8   89]]
acc: 0.600
f1: 0.181
[[1905    8]
 [  88    9]]
acc: 0.952
f1: 0.158
8,16,coarse : 14.75 seconds
8,16,fine : 14.76 seconds
[[1124  789]
 [   9   88]]
acc: 0.603
f1: 0.181
[[1905    8]
 [  88    9]]
acc: 0.952
f1: 0.158
8,17,coarse : 14.63 seconds
8,17,fine : 14.63 seconds
[[1105  808]
 [   8   89]]
acc: 0.594
f1: 0.179
[[1905    8]
 [  88    9]]
acc: 0.952
f1: 0.158
8,18,coarse : 14.7 seconds
8,18,fine : 14.7 seconds
[[1105  808]
 [   6   91]]
acc: 0.595
f1: 0.183
[[1905    8]
 [  88    9]]
acc: 0.952
f1: 0.158
8,19,coarse : 14.64 seconds
8,19,fine : 14.64 seconds
[[1113  800]
 [   7   90]]
acc: 0.599
f1: 0.182
[[1905    8]
 [  88    9]]
acc: 0.952
f1: 0.158
8,20,coarse : 14.59 seconds
8,20,fine : 14.6 seconds
[[1105  808]
 [   7   90]]
acc: 0.595
f1: 0.181
[[1905    8]
 [  88    9]]
acc: 0.952
f1: 0.158
8,21,coarse : 14.78 seconds
8,21,fine : 14.78 seconds
[[1117  796]
 [   7   90]]
acc: 0.600
f1: 0.183
[[1905    8]
 [  88    9]]
acc: 0.952
f1: 0.158
8,22,coarse : 14.85 seconds
8,22,fine : 14.86 seconds
[[1130  783]
 [   6   91]]
acc: 0.607
f1: 0.187
[[1905    8]
 [  88    9]]
acc: 0.952
f1: 0.158
8,23,coarse : 14.88 seconds
8,23,fine : 14.88 seconds
[[1133  780]
 [   5   92]]
acc: 0.609
f1: 0.190
[[1905    8]
 [  88    9]]
acc: 0.952
f1: 0.158
8,24,coarse : 14.72 seconds
8,24,fine : 14.72 seconds
[[1121  792]
 [   6   91]]
acc: 0.603
f1: 0.186
[[1906    7]
 [  88    9]]
acc: 0.953
f1: 0.159
8,25,coarse : 14.9 seconds
8,25,fine : 14.9 seconds
[[1115  798]
 [   5   92]]
acc: 0.600
f1: 0.186
[[1906    7]
 [  87   10]]
acc: 0.953
f1: 0.175
8,26,coarse : 15.08 seconds
8,26,fine : 15.09 seconds
[[1120  793]
 [   5   92]]
acc: 0.603
f1: 0.187
[[1906    7]
 [  87   10]]
acc: 0.953
f1: 0.175
8,27,coarse : 14.95 seconds
8,27,fine : 14.95 seconds
[[1114  799]
 [   6   91]]
acc: 0.600
f1: 0.184
[[1906    7]
 [  87   10]]
acc: 0.953
f1: 0.175
8,28,coarse : 14.81 seconds
8,28,fine : 14.82 seconds
[[1116  797]
 [   6   91]]
acc: 0.600
f1: 0.185
[[1906    7]
 [  87   10]]
acc: 0.953
f1: 0.175
8,29,coarse : 14.86 seconds
8,29,fine : 14.87 seconds
[[1117  796]
 [   6   91]]
acc: 0.601
f1: 0.185
[[1906    7]
 [  88    9]]
acc: 0.953
f1: 0.159
8,30,coarse : 14.76 seconds
8,30,fine : 14.76 seconds
[[1119  794]
 [   6   91]]
acc: 0.602
f1: 0.185
[[1906    7]
 [  87   10]]
acc: 0.953
f1: 0.175
8,31,coarse : 14.92 seconds
8,31,fine : 14.92 seconds
[[1124  789]
 [   6   91]]
acc: 0.604
f1: 0.186
[[1906    7]
 [  86   11]]
acc: 0.954
f1: 0.191
8,32,coarse : 15.11 seconds
8,32,fine : 15.11 seconds
[[1134  779]
 [   6   91]]
acc: 0.609
f1: 0.188
[[1905    8]
 [  86   11]]
acc: 0.953
f1: 0.190
8,33,coarse : 14.83 seconds
8,33,fine : 14.83 seconds
[[1128  785]
 [   6   91]]
acc: 0.606
f1: 0.187
[[1905    8]
 [  86   11]]
acc: 0.953
f1: 0.190
8,34,coarse : 14.99 seconds
8,34,fine : 14.99 seconds
[[1128  785]
 [   7   90]]
acc: 0.606
f1: 0.185
[[1905    8]
 [  86   11]]
acc: 0.953
f1: 0.190
8,35,coarse : 15.1 seconds
8,35,fine : 15.1 seconds
[[1133  780]
 [   6   91]]
acc: 0.609
f1: 0.188
[[1905    8]
 [  86   11]]
acc: 0.953
f1: 0.190
8,36,coarse : 14.96 seconds
8,36,fine : 14.97 seconds
[[1132  781]
 [   6   91]]
acc: 0.608
f1: 0.188
[[1905    8]
 [  86   11]]
acc: 0.953
f1: 0.190
8,37,coarse : 14.97 seconds
8,37,fine : 14.97 seconds
[[1122  791]
 [   6   91]]
acc: 0.603
f1: 0.186
[[1905    8]
 [  85   12]]
acc: 0.954
f1: 0.205
8,38,coarse : 15.41 seconds
8,38,fine : 15.41 seconds
[[1125  788]
 [   5   92]]
acc: 0.605
f1: 0.188
[[1904    9]
 [  85   12]]
acc: 0.953
f1: 0.203
8,39,coarse : 15.17 seconds
8,39,fine : 15.17 seconds
[[1120  793]
 [   6   91]]
acc: 0.602
f1: 0.186
[[1903   10]
 [  85   12]]
acc: 0.953
f1: 0.202
8,40,coarse : 15.31 seconds
8,40,fine : 15.32 seconds
[[1121  792]
 [   7   90]]
acc: 0.602
f1: 0.184
[[1903   10]
 [  85   12]]
acc: 0.953
f1: 0.202
8,41,coarse : 15.21 seconds
8,41,fine : 15.22 seconds
[[1119  794]
 [   7   90]]
acc: 0.601
f1: 0.183
[[1904    9]
 [  85   12]]
acc: 0.953
f1: 0.203
8,42,coarse : 15.34 seconds
8,42,fine : 15.35 seconds
[[1128  785]
 [   7   90]]
acc: 0.606
f1: 0.185
[[1904    9]
 [  85   12]]
acc: 0.953
f1: 0.203
8,43,coarse : 15.63 seconds
8,43,fine : 15.63 seconds
[[1132  781]
 [   7   90]]
acc: 0.608
f1: 0.186
[[1904    9]
 [  85   12]]
acc: 0.953
f1: 0.203
8,44,coarse : 15.41 seconds
8,44,fine : 15.41 seconds
[[1120  793]
 [   6   91]]
acc: 0.602
f1: 0.186
[[1903   10]
 [  85   12]]
acc: 0.953
f1: 0.202
8,45,coarse : 15.52 seconds
8,45,fine : 15.53 seconds
[[1122  791]
 [   6   91]]
acc: 0.603
f1: 0.186
[[1903   10]
 [  85   12]]
acc: 0.953
f1: 0.202
8,46,coarse : 15.62 seconds
8,46,fine : 15.62 seconds
[[1124  789]
 [   6   91]]
acc: 0.604
f1: 0.186
[[1903   10]
 [  84   13]]
acc: 0.953
f1: 0.217
8,47,coarse : 15.48 seconds
8,47,fine : 15.49 seconds
[[1125  788]
 [   4   93]]
acc: 0.606
f1: 0.190
[[1903   10]
 [  84   13]]
acc: 0.953
f1: 0.217
8,48,coarse : 15.69 seconds
8,48,fine : 15.7 seconds
[[1124  789]
 [   4   93]]
acc: 0.605
f1: 0.190
[[1904    9]
 [  85   12]]
acc: 0.953
f1: 0.203
8,49,coarse : 15.7 seconds
8,49,fine : 15.7 seconds
[[1126  787]
 [   4   93]]
acc: 0.606
f1: 0.190
[[1901   12]
 [  84   13]]
acc: 0.952
f1: 0.213
8,50,coarse : 15.69 seconds
8,50,fine : 15.7 seconds
[[1131  782]
 [   4   93]]
acc: 0.609
f1: 0.191
[[1901   12]
 [  83   14]]
acc: 0.953
f1: 0.228
8,51,coarse : 15.73 seconds
8,51,fine : 15.73 seconds
[[1126  787]
 [   4   93]]
acc: 0.606
f1: 0.190
[[1901   12]
 [  83   14]]
acc: 0.953
f1: 0.228
8,52,coarse : 15.91 seconds
8,52,fine : 15.91 seconds
[[1116  797]
 [   5   92]]
acc: 0.601
f1: 0.187
[[1900   13]
 [  84   13]]
acc: 0.952
f1: 0.211
8,53,coarse : 16.06 seconds
8,53,fine : 16.06 seconds
[[1113  800]
 [   4   93]]
acc: 0.600
f1: 0.188
[[1901   12]
 [  82   15]]
acc: 0.953
f1: 0.242
8,54,coarse : 16.04 seconds
8,54,fine : 16.05 seconds
[[1117  796]
 [   4   93]]
acc: 0.602
f1: 0.189
[[1901   12]
 [  81   16]]
acc: 0.954
f1: 0.256
8,55,coarse : 16.0 seconds
8,55,fine : 16.0 seconds
[[1117  796]
 [   4   93]]
acc: 0.602
f1: 0.189
[[1901   12]
 [  81   16]]
acc: 0.954
f1: 0.256
8,56,coarse : 16.24 seconds
8,56,fine : 16.24 seconds
[[1122  791]
 [   4   93]]
acc: 0.604
f1: 0.190
[[1900   13]
 [  81   16]]
acc: 0.953
f1: 0.254
8,57,coarse : 16.37 seconds
8,57,fine : 16.38 seconds
[[1115  798]
 [   4   93]]
acc: 0.601
f1: 0.188
[[1898   15]
 [  81   16]]
acc: 0.952
f1: 0.250
8,58,coarse : 15.98 seconds
8,58,fine : 15.98 seconds
[[1109  804]
 [   5   92]]
acc: 0.598
f1: 0.185
[[1898   15]
 [  81   16]]
acc: 0.952
f1: 0.250
8,59,coarse : 16.53 seconds
8,59,fine : 16.54 seconds
[[1112  801]
 [   5   92]]
acc: 0.599
f1: 0.186
[[1898   15]
 [  81   16]]
acc: 0.952
f1: 0.250
8,60,coarse : 16.36 seconds
8,60,fine : 16.36 seconds
[[1114  799]
 [   5   92]]
acc: 0.600
f1: 0.186
[[1897   16]
 [  81   16]]
acc: 0.952
f1: 0.248
8,61,coarse : 16.09 seconds
8,61,fine : 16.09 seconds
[[1110  803]
 [   5   92]]
acc: 0.598
f1: 0.185
[[1897   16]
 [  81   16]]
acc: 0.952
f1: 0.248
8,62,coarse : 16.69 seconds
8,62,fine : 16.7 seconds
[[1115  798]
 [   5   92]]
acc: 0.600
f1: 0.186
[[1898   15]
 [  81   16]]
acc: 0.952
f1: 0.250
8,63,coarse : 16.32 seconds
8,63,fine : 16.33 seconds
[[1120  793]
 [   5   92]]
acc: 0.603
f1: 0.187
[[1898   15]
 [  81   16]]
acc: 0.952
f1: 0.250
8,64,coarse : 16.38 seconds
8,64,fine : 16.39 seconds
[[1115  798]
 [   5   92]]
acc: 0.600
f1: 0.186
[[1896   17]
 [  80   17]]
acc: 0.952
f1: 0.260
8,65,coarse : 16.75 seconds
8,65,fine : 16.75 seconds
[[1103  810]
 [   5   92]]
acc: 0.595
f1: 0.184
[[1896   17]
 [  80   17]]
acc: 0.952
f1: 0.260
8,66,coarse : 16.36 seconds
8,66,fine : 16.36 seconds
[[1103  810]
 [   5   92]]
acc: 0.595
f1: 0.184
[[1896   17]
 [  80   17]]
acc: 0.952
f1: 0.260
8,67,coarse : 16.51 seconds
8,67,fine : 16.52 seconds
[[1107  806]
 [   5   92]]
acc: 0.597
f1: 0.185
[[1894   19]
 [  80   17]]
acc: 0.951
f1: 0.256
8,68,coarse : 16.86 seconds
8,68,fine : 16.87 seconds
[[1108  805]
 [   5   92]]
acc: 0.597
f1: 0.185
[[1894   19]
 [  80   17]]
acc: 0.951
f1: 0.256
8,69,coarse : 16.64 seconds
8,69,fine : 16.64 seconds
[[1114  799]
 [   5   92]]
acc: 0.600
f1: 0.186
[[1894   19]
 [  79   18]]
acc: 0.951
f1: 0.269
8,70,coarse : 17.06 seconds
8,70,fine : 17.06 seconds
[[1108  805]
 [   5   92]]
acc: 0.597
f1: 0.185
[[1894   19]
 [  79   18]]
acc: 0.951
f1: 0.269
8,71,coarse : 16.55 seconds
8,71,fine : 16.56 seconds
[[1108  805]
 [   5   92]]
acc: 0.597
f1: 0.185
[[1894   19]
 [  79   18]]
acc: 0.951
f1: 0.269
8,72,coarse : 16.94 seconds
8,72,fine : 16.94 seconds
[[1113  800]
 [   5   92]]
acc: 0.600
f1: 0.186
[[1895   18]
 [  78   19]]
acc: 0.952
f1: 0.284
8,73,coarse : 17.22 seconds
8,73,fine : 17.22 seconds
[[1105  808]
 [   5   92]]
acc: 0.596
f1: 0.185
[[1894   19]
 [  78   19]]
acc: 0.952
f1: 0.281
8,74,coarse : 16.54 seconds
8,74,fine : 16.55 seconds
[[1110  803]
 [   5   92]]
acc: 0.598
f1: 0.185
[[1893   20]
 [  78   19]]
acc: 0.951
f1: 0.279
8,75,coarse : 16.69 seconds
8,75,fine : 16.7 seconds
[[1110  803]
 [   5   92]]
acc: 0.598
f1: 0.185
[[1893   20]
 [  78   19]]
acc: 0.951
f1: 0.279
8,76,coarse : 16.33 seconds
8,76,fine : 16.33 seconds
[[1109  804]
 [   5   92]]
acc: 0.598
f1: 0.185
[[1893   20]
 [  77   20]]
acc: 0.952
f1: 0.292
8,77,coarse : 16.76 seconds
8,77,fine : 16.76 seconds
[[1114  799]
 [   4   93]]
acc: 0.600
f1: 0.188
[[1891   22]
 [  77   20]]
acc: 0.951
f1: 0.288
8,78,coarse : 16.87 seconds
8,78,fine : 16.87 seconds
[[1103  810]
 [   5   92]]
acc: 0.595
f1: 0.184
[[1890   23]
 [  77   20]]
acc: 0.950
f1: 0.286
8,79,coarse : 17.08 seconds
8,79,fine : 17.09 seconds
[[1108  805]
 [   5   92]]
acc: 0.597
f1: 0.185
[[1890   23]
 [  77   20]]
acc: 0.950
f1: 0.286
8,80,coarse : 16.61 seconds
8,80,fine : 16.61 seconds
[[1104  809]
 [   5   92]]
acc: 0.595
f1: 0.184
[[1890   23]
 [  77   20]]
acc: 0.950
f1: 0.286
8,81,coarse : 17.07 seconds
8,81,fine : 17.08 seconds
[[1106  807]
 [   5   92]]
acc: 0.596
f1: 0.185
[[1890   23]
 [  76   21]]
acc: 0.951
f1: 0.298
8,82,coarse : 16.85 seconds
8,82,fine : 16.85 seconds
[[1100  813]
 [   5   92]]
acc: 0.593
f1: 0.184
[[1890   23]
 [  76   21]]
acc: 0.951
f1: 0.298
8,83,coarse : 16.6 seconds
8,83,fine : 16.61 seconds
[[1106  807]
 [   5   92]]
acc: 0.596
f1: 0.185
[[1889   24]
 [  77   20]]
acc: 0.950
f1: 0.284
8,84,coarse : 17.19 seconds
8,84,fine : 17.2 seconds
[[1107  806]
 [   5   92]]
acc: 0.597
f1: 0.185
[[1889   24]
 [  75   22]]
acc: 0.951
f1: 0.308
8,85,coarse : 17.01 seconds
8,85,fine : 17.02 seconds
[[1100  813]
 [   5   92]]
acc: 0.593
f1: 0.184
[[1887   26]
 [  75   22]]
acc: 0.950
f1: 0.303
8,86,coarse : 17.63 seconds
8,86,fine : 17.64 seconds
[[1097  816]
 [   5   92]]
acc: 0.592
f1: 0.183
[[1888   25]
 [  75   22]]
acc: 0.950
f1: 0.306
8,87,coarse : 17.47 seconds
8,87,fine : 17.48 seconds
[[1096  817]
 [   4   93]]
acc: 0.592
f1: 0.185
[[1886   27]
 [  74   23]]
acc: 0.950
f1: 0.313
8,88,coarse : 17.84 seconds
8,88,fine : 17.84 seconds
[[1085  828]
 [   4   93]]
acc: 0.586
f1: 0.183
[[1885   28]
 [  74   23]]
acc: 0.949
f1: 0.311
8,89,coarse : 17.38 seconds
8,89,fine : 17.39 seconds
[[1066  847]
 [   5   92]]
acc: 0.576
f1: 0.178
[[1884   29]
 [  74   23]]
acc: 0.949
f1: 0.309
8,90,coarse : 17.78 seconds
8,90,fine : 17.78 seconds
[[1060  853]
 [   5   92]]
acc: 0.573
f1: 0.177
[[1884   29]
 [  74   23]]
acc: 0.949
f1: 0.309
8,91,coarse : 17.68 seconds
8,91,fine : 17.69 seconds
[[1063  850]
 [   5   92]]
acc: 0.575
f1: 0.177
[[1883   30]
 [  72   25]]
acc: 0.949
f1: 0.329
8,92,coarse : 18.05 seconds
8,92,fine : 18.06 seconds
[[1069  844]
 [   5   92]]
acc: 0.578
f1: 0.178
[[1882   31]
 [  72   25]]
acc: 0.949
f1: 0.327
8,93,coarse : 17.68 seconds
8,93,fine : 17.69 seconds
[[1075  838]
 [   5   92]]
acc: 0.581
f1: 0.179
[[1882   31]
 [  73   24]]
acc: 0.948
f1: 0.316
8,94,coarse : 17.31 seconds
8,94,fine : 17.32 seconds
[[1070  843]
 [   5   92]]
acc: 0.578
f1: 0.178
[[1880   33]
 [  72   25]]
acc: 0.948
f1: 0.323
8,95,coarse : 17.99 seconds
8,95,fine : 17.99 seconds
[[1073  840]
 [   5   92]]
acc: 0.580
f1: 0.179
[[1880   33]
 [  72   25]]
acc: 0.948
f1: 0.323
8,96,coarse : 17.7 seconds
8,96,fine : 17.71 seconds
[[1075  838]
 [   5   92]]
acc: 0.581
f1: 0.179
[[1878   35]
 [  71   26]]
acc: 0.947
f1: 0.329
8,97,coarse : 18.65 seconds
8,97,fine : 18.65 seconds
[[1076  837]
 [   5   92]]
acc: 0.581
f1: 0.179
[[1877   36]
 [  70   27]]
acc: 0.947
f1: 0.338
8,98,coarse : 17.76 seconds
8,98,fine : 17.76 seconds
[[1073  840]
 [   4   93]]
acc: 0.580
f1: 0.181
[[1878   35]
 [  71   26]]
acc: 0.947
f1: 0.329
8,99,coarse : 17.99 seconds
8,99,fine : 17.99 seconds
[[1079  834]
 [   3   94]]
acc: 0.584
f1: 0.183
[[1877   36]
 [  71   26]]
acc: 0.947
f1: 0.327
8,100,coarse : 18.11 seconds
8,100,fine : 18.11 seconds
[[1073  840]
 [   3   94]]
acc: 0.581
f1: 0.182
[[1876   37]
 [  71   26]]
acc: 0.946
f1: 0.325
8,101,coarse : 18.44 seconds
8,101,fine : 18.44 seconds
[[1075  838]
 [   4   93]]
acc: 0.581
f1: 0.181
[[1876   37]
 [  70   27]]
acc: 0.947
f1: 0.335
8,102,coarse : 17.93 seconds
8,102,fine : 17.94 seconds
[[1076  837]
 [   4   93]]
acc: 0.582
f1: 0.181
[[1876   37]
 [  70   27]]
acc: 0.947
f1: 0.335
8,103,coarse : 18.11 seconds
8,103,fine : 18.12 seconds
[[1056  857]
 [   4   93]]
acc: 0.572
f1: 0.178
[[1875   38]
 [  70   27]]
acc: 0.946
f1: 0.333
8,104,coarse : 18.03 seconds
8,104,fine : 18.03 seconds
[[1064  849]
 [   4   93]]
acc: 0.576
f1: 0.179
[[1875   38]
 [  70   27]]
acc: 0.946
f1: 0.333
8,105,coarse : 18.79 seconds
8,105,fine : 18.8 seconds
[[1063  850]
 [   4   93]]
acc: 0.575
f1: 0.179
[[1875   38]
 [  70   27]]
acc: 0.946
f1: 0.333
8,106,coarse : 18.29 seconds
8,106,fine : 18.3 seconds
[[1065  848]
 [   4   93]]
acc: 0.576
f1: 0.179
[[1875   38]
 [  70   27]]
acc: 0.946
f1: 0.333
8,107,coarse : 19.31 seconds
8,107,fine : 19.31 seconds
[[1059  854]
 [   4   93]]
acc: 0.573
f1: 0.178
[[1874   39]
 [  69   28]]
acc: 0.946
f1: 0.341
8,108,coarse : 18.78 seconds
8,108,fine : 18.78 seconds
[[1058  855]
 [   3   94]]
acc: 0.573
f1: 0.180
[[1873   40]
 [  70   27]]
acc: 0.945
f1: 0.329
8,109,coarse : 18.89 seconds
8,109,fine : 18.9 seconds
[[1058  855]
 [   3   94]]
acc: 0.573
f1: 0.180
[[1871   42]
 [  68   29]]
acc: 0.945
f1: 0.345
8,110,coarse : 19.14 seconds
8,110,fine : 19.14 seconds
[[1061  852]
 [   3   94]]
acc: 0.575
f1: 0.180
[[1871   42]
 [  68   29]]
acc: 0.945
f1: 0.345
8,111,coarse : 18.81 seconds
8,111,fine : 18.82 seconds
[[1057  856]
 [   4   93]]
acc: 0.572
f1: 0.178
[[1871   42]
 [  67   30]]
acc: 0.946
f1: 0.355
8,112,coarse : 19.15 seconds
8,112,fine : 19.16 seconds
[[1060  853]
 [   5   92]]
acc: 0.573
f1: 0.177
[[1871   42]
 [  67   30]]
acc: 0.946
f1: 0.355
8,113,coarse : 18.91 seconds
8,113,fine : 18.92 seconds
[[1065  848]
 [   5   92]]
acc: 0.576
f1: 0.177
[[1870   43]
 [  68   29]]
acc: 0.945
f1: 0.343
8,114,coarse : 19.13 seconds
8,114,fine : 19.14 seconds
[[1065  848]
 [   4   93]]
acc: 0.576
f1: 0.179
[[1869   44]
 [  68   29]]
acc: 0.944
f1: 0.341
8,115,coarse : 18.66 seconds
8,115,fine : 18.67 seconds
[[1062  851]
 [   5   92]]
acc: 0.574
f1: 0.177
[[1869   44]
 [  68   29]]
acc: 0.944
f1: 0.341
8,116,coarse : 18.85 seconds
8,116,fine : 18.86 seconds
[[1068  845]
 [   4   93]]
acc: 0.578
f1: 0.180
[[1869   44]
 [  67   30]]
acc: 0.945
f1: 0.351
8,117,coarse : 18.61 seconds
8,117,fine : 18.62 seconds
[[1068  845]
 [   3   94]]
acc: 0.578
f1: 0.181
[[1868   45]
 [  67   30]]
acc: 0.944
f1: 0.349
8,118,coarse : 18.85 seconds
8,118,fine : 18.86 seconds
[[1074  839]
 [   4   93]]
acc: 0.581
f1: 0.181
[[1868   45]
 [  67   30]]
acc: 0.944
f1: 0.349
8,119,coarse : 19.57 seconds
8,119,fine : 19.58 seconds
[[1077  836]
 [   4   93]]
acc: 0.582
f1: 0.181
[[1867   46]
 [  67   30]]
acc: 0.944
f1: 0.347
8,120,coarse : 19.17 seconds
8,120,fine : 19.18 seconds
[[1069  844]
 [   5   92]]
acc: 0.578
f1: 0.178
[[1866   47]
 [  65   32]]
acc: 0.944
f1: 0.364
8,121,coarse : 19.45 seconds
8,121,fine : 19.46 seconds
[[1073  840]
 [   5   92]]
acc: 0.580
f1: 0.179
[[1866   47]
 [  65   32]]
acc: 0.944
f1: 0.364
8,122,coarse : 19.42 seconds
8,122,fine : 19.43 seconds
[[1072  841]
 [   5   92]]
acc: 0.579
f1: 0.179
[[1865   48]
 [  65   32]]
acc: 0.944
f1: 0.362
8,123,coarse : 19.3 seconds
8,123,fine : 19.3 seconds
[[1085  828]
 [   5   92]]
acc: 0.586
f1: 0.181
[[1865   48]
 [  65   32]]
acc: 0.944
f1: 0.362
8,124,coarse : 19.93 seconds
8,124,fine : 19.94 seconds
[[1063  850]
 [   5   92]]
acc: 0.575
f1: 0.177
[[1864   49]
 [  65   32]]
acc: 0.943
f1: 0.360
8,125,coarse : 19.27 seconds
8,125,fine : 19.28 seconds
[[1065  848]
 [   5   92]]
acc: 0.576
f1: 0.177
[[1863   50]
 [  65   32]]
acc: 0.943
f1: 0.358
8,126,coarse : 20.03 seconds
8,126,fine : 20.03 seconds
[[1071  842]
 [   6   91]]
acc: 0.578
f1: 0.177
[[1863   50]
 [  65   32]]
acc: 0.943
f1: 0.358
8,127,coarse : 19.65 seconds
8,127,fine : 19.66 seconds
[[1074  839]
 [   5   92]]
acc: 0.580
f1: 0.179
[[1862   51]
 [  63   34]]
acc: 0.943
f1: 0.374
8,128,coarse : 20.41 seconds
8,128,fine : 20.42 seconds
[[1064  849]
 [   6   91]]
acc: 0.575
f1: 0.176
[[1863   50]
 [  64   33]]
acc: 0.943
f1: 0.367
8,129,coarse : 19.83 seconds
8,129,fine : 19.84 seconds
[[1066  847]
 [   6   91]]
acc: 0.576
f1: 0.176
[[1863   50]
 [  64   33]]
acc: 0.943
f1: 0.367
8,130,coarse : 19.85 seconds
8,130,fine : 19.86 seconds
[[1077  836]
 [   6   91]]
acc: 0.581
f1: 0.178
[[1863   50]
 [  64   33]]
acc: 0.943
f1: 0.367
8,131,coarse : 20.26 seconds
8,131,fine : 20.27 seconds
[[1077  836]
 [   6   91]]
acc: 0.581
f1: 0.178
[[1863   50]
 [  64   33]]
acc: 0.943
f1: 0.367
8,132,coarse : 20.19 seconds
8,132,fine : 20.2 seconds
[[1080  833]
 [   6   91]]
acc: 0.583
f1: 0.178
[[1863   50]
 [  64   33]]
acc: 0.943
f1: 0.367
8,133,coarse : 20.3 seconds
8,133,fine : 20.31 seconds
[[1087  826]
 [   5   92]]
acc: 0.587
f1: 0.181
[[1862   51]
 [  64   33]]
acc: 0.943
f1: 0.365
8,134,coarse : 20.18 seconds
8,134,fine : 20.19 seconds
[[1087  826]
 [   6   91]]
acc: 0.586
f1: 0.179
[[1862   51]
 [  63   34]]
acc: 0.943
f1: 0.374
8,135,coarse : 20.91 seconds
8,135,fine : 20.91 seconds
[[1094  819]
 [   6   91]]
acc: 0.590
f1: 0.181
[[1862   51]
 [  62   35]]
acc: 0.944
f1: 0.383
8,136,coarse : 20.14 seconds
8,136,fine : 20.15 seconds
[[1100  813]
 [   6   91]]
acc: 0.593
f1: 0.182
[[1860   53]
 [  61   36]]
acc: 0.943
f1: 0.387
8,137,coarse : 20.34 seconds
8,137,fine : 20.35 seconds
[[1103  810]
 [   7   90]]
acc: 0.594
f1: 0.181
[[1861   52]
 [  61   36]]
acc: 0.944
f1: 0.389
8,138,coarse : 20.42 seconds
8,138,fine : 20.43 seconds
[[1108  805]
 [   7   90]]
acc: 0.596
f1: 0.181
[[1861   52]
 [  62   35]]
acc: 0.943
f1: 0.380
8,139,coarse : 20.67 seconds
8,139,fine : 20.67 seconds
[[1116  797]
 [   7   90]]
acc: 0.600
f1: 0.183
[[1860   53]
 [  61   36]]
acc: 0.943
f1: 0.387
8,140,coarse : 20.78 seconds
8,140,fine : 20.79 seconds
[[1119  794]
 [   7   90]]
acc: 0.601
f1: 0.183
[[1858   55]
 [  62   35]]
acc: 0.942
f1: 0.374
8,141,coarse : 20.72 seconds
8,141,fine : 20.73 seconds
[[1124  789]
 [   7   90]]
acc: 0.604
f1: 0.184
[[1857   56]
 [  62   35]]
acc: 0.941
f1: 0.372
8,142,coarse : 21.32 seconds
8,142,fine : 21.33 seconds
[[1123  790]
 [   7   90]]
acc: 0.603
f1: 0.184
[[1855   58]
 [  62   35]]
acc: 0.940
f1: 0.368
8,143,coarse : 20.71 seconds
8,143,fine : 20.72 seconds
[[1115  798]
 [   7   90]]
acc: 0.600
f1: 0.183
[[1855   58]
 [  62   35]]
acc: 0.940
f1: 0.368
8,144,coarse : 21.06 seconds
8,144,fine : 21.07 seconds
[[1116  797]
 [   7   90]]
acc: 0.600
f1: 0.183
[[1855   58]
 [  62   35]]
acc: 0.940
f1: 0.368
8,145,coarse : 21.19 seconds
8,145,fine : 21.19 seconds
[[1124  789]
 [   7   90]]
acc: 0.604
f1: 0.184
[[1851   62]
 [  62   35]]
acc: 0.938
f1: 0.361
8,146,coarse : 21.23 seconds
8,146,fine : 21.24 seconds
[[1125  788]
 [   7   90]]
acc: 0.604
f1: 0.185
[[1851   62]
 [  62   35]]
acc: 0.938
f1: 0.361
8,147,coarse : 21.36 seconds
8,147,fine : 21.37 seconds
[[1131  782]
 [   7   90]]
acc: 0.607
f1: 0.186
[[1850   63]
 [  62   35]]
acc: 0.938
f1: 0.359
8,148,coarse : 21.54 seconds
8,148,fine : 21.55 seconds
[[1134  779]
 [   7   90]]
acc: 0.609
f1: 0.186
[[1850   63]
 [  62   35]]
acc: 0.938
f1: 0.359
8,149,coarse : 21.31 seconds
8,149,fine : 21.32 seconds
[[1137  776]
 [   7   90]]
acc: 0.610
f1: 0.187
[[1848   65]
 [  62   35]]
acc: 0.937
f1: 0.355
8,150,coarse : 21.54 seconds
8,150,fine : 21.55 seconds
[[1143  770]
 [   7   90]]
acc: 0.613
f1: 0.188
[[1847   66]
 [  61   36]]
acc: 0.937
f1: 0.362
8,151,coarse : 21.94 seconds
8,151,fine : 21.95 seconds
[[1152  761]
 [   7   90]]
acc: 0.618
f1: 0.190
[[1846   67]
 [  61   36]]
acc: 0.936
f1: 0.360
8,152,coarse : 21.47 seconds
8,152,fine : 21.48 seconds
[[1154  759]
 [   7   90]]
acc: 0.619
f1: 0.190
[[1845   68]
 [  60   37]]
acc: 0.936
f1: 0.366
8,153,coarse : 21.82 seconds
8,153,fine : 21.83 seconds
[[1158  755]
 [   7   90]]
acc: 0.621
f1: 0.191
[[1844   69]
 [  60   37]]
acc: 0.936
f1: 0.365
8,154,coarse : 22.05 seconds
8,154,fine : 22.06 seconds
[[1160  753]
 [   7   90]]
acc: 0.622
f1: 0.191
[[1843   70]
 [  60   37]]
acc: 0.935
f1: 0.363
8,155,coarse : 21.94 seconds
8,155,fine : 21.95 seconds
[[1153  760]
 [   7   90]]
acc: 0.618
f1: 0.190
[[1843   70]
 [  60   37]]
acc: 0.935
f1: 0.363
8,156,coarse : 22.01 seconds
8,156,fine : 22.02 seconds
[[1144  769]
 [   6   91]]
acc: 0.614
f1: 0.190
[[1843   70]
 [  60   37]]
acc: 0.935
f1: 0.363
8,157,coarse : 21.47 seconds
8,157,fine : 21.48 seconds
[[1147  766]
 [   6   91]]
acc: 0.616
f1: 0.191
[[1843   70]
 [  60   37]]
acc: 0.935
f1: 0.363
8,158,coarse : 22.33 seconds
8,158,fine : 22.34 seconds
[[1150  763]
 [   5   92]]
acc: 0.618
f1: 0.193
[[1843   70]
 [  60   37]]
acc: 0.935
f1: 0.363
8,159,coarse : 21.8 seconds
8,159,fine : 21.81 seconds
[[1154  759]
 [   6   91]]
acc: 0.619
f1: 0.192
[[1843   70]
 [  58   39]]
acc: 0.936
f1: 0.379
8,160,coarse : 21.96 seconds
8,160,fine : 21.97 seconds
[[1160  753]
 [   6   91]]
acc: 0.622
f1: 0.193
[[1843   70]
 [  58   39]]
acc: 0.936
f1: 0.379
8,161,coarse : 22.05 seconds
8,161,fine : 22.06 seconds
[[1170  743]
 [   6   91]]
acc: 0.627
f1: 0.195
[[1841   72]
 [  58   39]]
acc: 0.935
f1: 0.375
8,162,coarse : 22.38 seconds
8,162,fine : 22.39 seconds
[[1177  736]
 [   6   91]]
acc: 0.631
f1: 0.197
[[1840   73]
 [  58   39]]
acc: 0.935
f1: 0.373
8,163,coarse : 22.25 seconds
8,163,fine : 22.26 seconds
[[1181  732]
 [   6   91]]
acc: 0.633
f1: 0.198
[[1841   72]
 [  57   40]]
acc: 0.936
f1: 0.383
8,164,coarse : 22.28 seconds
8,164,fine : 22.29 seconds
[[1179  734]
 [   5   92]]
acc: 0.632
f1: 0.199
[[1841   72]
 [  57   40]]
acc: 0.936
f1: 0.383
8,165,coarse : 22.23 seconds
8,165,fine : 22.24 seconds
[[1180  733]
 [   5   92]]
acc: 0.633
f1: 0.200
[[1839   74]
 [  59   38]]
acc: 0.934
f1: 0.364
8,166,coarse : 22.21 seconds
8,166,fine : 22.22 seconds
[[1188  725]
 [   5   92]]
acc: 0.637
f1: 0.201
[[1839   74]
 [  57   40]]
acc: 0.935
f1: 0.379
8,167,coarse : 22.58 seconds
8,167,fine : 22.58 seconds
[[1200  713]
 [   5   92]]
acc: 0.643
f1: 0.204
[[1839   74]
 [  57   40]]
acc: 0.935
f1: 0.379
8,168,coarse : 22.21 seconds
8,168,fine : 22.22 seconds
[[1209  704]
 [   5   92]]
acc: 0.647
f1: 0.206
[[1838   75]
 [  57   40]]
acc: 0.934
f1: 0.377
8,169,coarse : 22.29 seconds
8,169,fine : 22.3 seconds
[[1217  696]
 [   5   92]]
acc: 0.651
f1: 0.208
[[1838   75]
 [  57   40]]
acc: 0.934
f1: 0.377
8,170,coarse : 23.03 seconds
8,170,fine : 23.04 seconds
[[1218  695]
 [   5   92]]
acc: 0.652
f1: 0.208
[[1838   75]
 [  57   40]]
acc: 0.934
f1: 0.377
8,171,coarse : 22.73 seconds
8,171,fine : 22.74 seconds
[[1213  700]
 [   5   92]]
acc: 0.649
f1: 0.207
[[1839   74]
 [  57   40]]
acc: 0.935
f1: 0.379
8,172,coarse : 22.84 seconds
8,172,fine : 22.85 seconds
