all           0      1    2    3    4    5    6    7    8    
1      2010   1914   1    19   32   19   1    11   6    7    
2      2010   1914   1    19   32   19   1    11   6    7    
3      2010   1914   1    19   32   19   1    11   5    8    
4      2010   1914   1    19   32   19   1    10   6    8    
5      2010   1914   1    18   33   19   1    10   6    8    
6      2010   1914   1    18   33   19   1    10   6    8    
7      2010   1913   2    18   33   19   1    10   6    8    
8      2010   1913   2    18   33   19   1    10   6    8    
9      2009   1913   2    18   32   19   2    10   6    7    
10     2009   1913   1    19   32   19   1    11   6    7    
Total  20098  19136  13   185  324  190  11   104  59   76   
train         0      1    2    3    4    5    6    7    8    
1      2010   1914   1    19   32   19   1    11   6    7    
3      2010   1914   1    19   32   19   1    11   5    8    
4      2010   1914   1    19   32   19   1    10   6    8    
5      2010   1914   1    18   33   19   1    10   6    8    
6      2010   1914   1    18   33   19   1    10   6    8    
7      2010   1913   2    18   33   19   1    10   6    8    
8      2010   1913   2    18   33   19   1    10   6    8    
9      2009   1913   2    18   32   19   2    10   6    7    
10     2009   1913   1    19   32   19   1    11   6    7    
Total  18088  17222  12   166  292  171  10   93   53   69   
test          0      1    2    3    4    5    6    7    8    
2      2010   1914   1    19   32   19   1    11   6    7    
Total  2010   1914   1    19   32   19   1    11   6    7    
Classes             
0         17222     
1         12        
2         166       
3         292       
4         171       
5         10        
6         93        
7         53        
8         69        
Total     18088     

Shape: 450       

[952, 10, 11, 16, 11, 10, 10, 10, 10]
Sum start => 1040
[[1168  746]
 [  16   80]]
acc: 0.621
f1: 0.174
[[1873   41]
 [  88    8]]
acc: 0.936
f1: 0.110
2,1,coarse : 26.98 seconds
2,1,fine : 26.98 seconds
[[1168  746]
 [  16   80]]
acc: 0.621
f1: 0.174
[[1873   41]
 [  88    8]]
acc: 0.936
f1: 0.110
2,2,coarse : 28.08 seconds
2,2,fine : 28.09 seconds
[[1217  697]
 [  17   79]]
acc: 0.645
f1: 0.181
[[1905    9]
 [  92    4]]
acc: 0.950
f1: 0.073
2,3,coarse : 26.71 seconds
2,3,fine : 26.71 seconds
[[1215  699]
 [  17   79]]
acc: 0.644
f1: 0.181
[[1909    5]
 [  95    1]]
acc: 0.950
f1: 0.020
2,4,coarse : 26.95 seconds
2,4,fine : 26.95 seconds
[[1232  682]
 [  18   78]]
acc: 0.652
f1: 0.182
[[1908    6]
 [  94    2]]
acc: 0.950
f1: 0.038
2,5,coarse : 27.29 seconds
2,5,fine : 27.29 seconds
[[1261  653]
 [  19   77]]
acc: 0.666
f1: 0.186
[[1907    7]
 [  94    2]]
acc: 0.950
f1: 0.038
2,6,coarse : 26.6 seconds
2,6,fine : 26.6 seconds
[[1283  631]
 [  19   77]]
acc: 0.677
f1: 0.192
[[1907    7]
 [  94    2]]
acc: 0.950
f1: 0.038
2,7,coarse : 26.62 seconds
2,7,fine : 26.63 seconds
[[1295  619]
 [  21   75]]
acc: 0.682
f1: 0.190
[[1907    7]
 [  93    3]]
acc: 0.950
f1: 0.057
2,8,coarse : 27.12 seconds
2,8,fine : 27.12 seconds
[[1308  606]
 [  21   75]]
acc: 0.688
f1: 0.193
[[1908    6]
 [  91    5]]
acc: 0.952
f1: 0.093
2,9,coarse : 26.59 seconds
2,9,fine : 26.6 seconds
[[1306  608]
 [  21   75]]
acc: 0.687
f1: 0.193
[[1907    7]
 [  92    4]]
acc: 0.951
f1: 0.075
2,10,coarse : 26.59 seconds
2,10,fine : 26.6 seconds
[[1311  603]
 [  20   76]]
acc: 0.690
f1: 0.196
[[1906    8]
 [  92    4]]
acc: 0.950
f1: 0.074
2,11,coarse : 26.95 seconds
2,11,fine : 26.95 seconds
[[1317  597]
 [  20   76]]
acc: 0.693
f1: 0.198
[[1908    6]
 [  92    4]]
acc: 0.951
f1: 0.075
2,12,coarse : 26.4 seconds
2,12,fine : 26.4 seconds
[[1317  597]
 [  19   77]]
acc: 0.694
f1: 0.200
[[1909    5]
 [  92    4]]
acc: 0.952
f1: 0.076
2,13,coarse : 26.31 seconds
2,13,fine : 26.32 seconds
[[1324  590]
 [  19   77]]
acc: 0.697
f1: 0.202
[[1908    6]
 [  93    3]]
acc: 0.951
f1: 0.057
2,14,coarse : 26.85 seconds
2,14,fine : 26.85 seconds
[[1334  580]
 [  19   77]]
acc: 0.702
f1: 0.205
[[1910    4]
 [  93    3]]
acc: 0.952
f1: 0.058
2,15,coarse : 26.34 seconds
2,15,fine : 26.34 seconds
[[1340  574]
 [  19   77]]
acc: 0.705
f1: 0.206
[[1908    6]
 [  92    4]]
acc: 0.951
f1: 0.075
2,16,coarse : 26.35 seconds
2,16,fine : 26.36 seconds
[[1350  564]
 [  20   76]]
acc: 0.709
f1: 0.207
[[1908    6]
 [  92    4]]
acc: 0.951
f1: 0.075
2,17,coarse : 26.8 seconds
2,17,fine : 26.8 seconds
[[1375  539]
 [  20   76]]
acc: 0.722
f1: 0.214
[[1909    5]
 [  91    5]]
acc: 0.952
f1: 0.094
2,18,coarse : 26.26 seconds
2,18,fine : 26.26 seconds
[[1360  554]
 [  22   74]]
acc: 0.713
f1: 0.204
[[1908    6]
 [  91    5]]
acc: 0.952
f1: 0.093
2,19,coarse : 26.26 seconds
2,19,fine : 26.26 seconds
[[1360  554]
 [  21   75]]
acc: 0.714
f1: 0.207
[[1908    6]
 [  91    5]]
acc: 0.952
f1: 0.093
2,20,coarse : 26.6 seconds
2,20,fine : 26.61 seconds
[[1354  560]
 [  18   78]]
acc: 0.712
f1: 0.213
[[1906    8]
 [  92    4]]
acc: 0.950
f1: 0.074
2,21,coarse : 26.18 seconds
2,21,fine : 26.18 seconds
[[1364  550]
 [  18   78]]
acc: 0.717
f1: 0.215
[[1908    6]
 [  91    5]]
acc: 0.952
f1: 0.093
2,22,coarse : 26.07 seconds
2,22,fine : 26.08 seconds
[[1375  539]
 [  19   77]]
acc: 0.722
f1: 0.216
[[1908    6]
 [  91    5]]
acc: 0.952
f1: 0.093
2,23,coarse : 26.46 seconds
2,23,fine : 26.47 seconds
[[1389  525]
 [  20   76]]
acc: 0.729
f1: 0.218
[[1908    6]
 [  91    5]]
acc: 0.952
f1: 0.093
2,24,coarse : 26.12 seconds
2,24,fine : 26.13 seconds
[[1379  535]
 [  20   76]]
acc: 0.724
f1: 0.215
[[1908    6]
 [  90    6]]
acc: 0.952
f1: 0.111
2,25,coarse : 26.01 seconds
2,25,fine : 26.02 seconds
[[1386  528]
 [  21   75]]
acc: 0.727
f1: 0.215
[[1908    6]
 [  92    4]]
acc: 0.951
f1: 0.075
2,26,coarse : 26.58 seconds
2,26,fine : 26.59 seconds
[[1361  553]
 [  20   76]]
acc: 0.715
f1: 0.210
[[1908    6]
 [  90    6]]
acc: 0.952
f1: 0.111
2,27,coarse : 25.96 seconds
2,27,fine : 25.97 seconds
[[1368  546]
 [  20   76]]
acc: 0.718
f1: 0.212
[[1908    6]
 [  91    5]]
acc: 0.952
f1: 0.093
2,28,coarse : 25.98 seconds
2,28,fine : 25.99 seconds
[[1380  534]
 [  20   76]]
acc: 0.724
f1: 0.215
[[1908    6]
 [  89    7]]
acc: 0.953
f1: 0.128
2,29,coarse : 26.58 seconds
2,29,fine : 26.59 seconds
[[1363  551]
 [  18   78]]
acc: 0.717
f1: 0.215
[[1908    6]
 [  89    7]]
acc: 0.953
f1: 0.128
2,30,coarse : 26.03 seconds
2,30,fine : 26.04 seconds
[[1380  534]
 [  19   77]]
acc: 0.725
f1: 0.218
[[1908    6]
 [  89    7]]
acc: 0.953
f1: 0.128
2,31,coarse : 26.19 seconds
2,31,fine : 26.19 seconds
[[1372  542]
 [  19   77]]
acc: 0.721
f1: 0.215
[[1908    6]
 [  88    8]]
acc: 0.953
f1: 0.145
2,32,coarse : 26.0 seconds
2,32,fine : 26.01 seconds
[[1375  539]
 [  18   78]]
acc: 0.723
f1: 0.219
[[1908    6]
 [  88    8]]
acc: 0.953
f1: 0.145
2,33,coarse : 26.33 seconds
2,33,fine : 26.35 seconds
[[1384  530]
 [  18   78]]
acc: 0.727
f1: 0.222
[[1908    6]
 [  86   10]]
acc: 0.954
f1: 0.179
2,34,coarse : 26.16 seconds
2,34,fine : 26.16 seconds
[[1374  540]
 [  18   78]]
acc: 0.722
f1: 0.218
[[1908    6]
 [  86   10]]
acc: 0.954
f1: 0.179
2,35,coarse : 26.21 seconds
2,35,fine : 26.22 seconds
[[1375  539]
 [  18   78]]
acc: 0.723
f1: 0.219
[[1908    6]
 [  86   10]]
acc: 0.954
f1: 0.179
2,36,coarse : 26.71 seconds
2,36,fine : 26.72 seconds
[[1375  539]
 [  18   78]]
acc: 0.723
f1: 0.219
[[1908    6]
 [  86   10]]
acc: 0.954
f1: 0.179
2,37,coarse : 26.28 seconds
2,37,fine : 26.28 seconds
[[1384  530]
 [  19   77]]
acc: 0.727
f1: 0.219
[[1908    6]
 [  85   11]]
acc: 0.955
f1: 0.195
2,38,coarse : 26.17 seconds
2,38,fine : 26.18 seconds
[[1381  533]
 [  20   76]]
acc: 0.725
f1: 0.216
[[1906    8]
 [  85   11]]
acc: 0.954
f1: 0.191
2,39,coarse : 26.32 seconds
2,39,fine : 26.33 seconds
[[1385  529]
 [  19   77]]
acc: 0.727
f1: 0.219
[[1903   11]
 [  85   11]]
acc: 0.952
f1: 0.186
2,40,coarse : 26.61 seconds
2,40,fine : 26.61 seconds
[[1369  545]
 [  20   76]]
acc: 0.719
f1: 0.212
[[1903   11]
 [  85   11]]
acc: 0.952
f1: 0.186
2,41,coarse : 26.09 seconds
2,41,fine : 26.1 seconds
[[1371  543]
 [  19   77]]
acc: 0.720
f1: 0.215
[[1903   11]
 [  85   11]]
acc: 0.952
f1: 0.186
2,42,coarse : 26.22 seconds
2,42,fine : 26.23 seconds
[[1370  544]
 [  18   78]]
acc: 0.720
f1: 0.217
[[1901   13]
 [  85   11]]
acc: 0.951
f1: 0.183
2,43,coarse : 26.63 seconds
2,43,fine : 26.64 seconds
[[1378  536]
 [  20   76]]
acc: 0.723
f1: 0.215
[[1900   14]
 [  84   12]]
acc: 0.951
f1: 0.197
2,44,coarse : 25.98 seconds
2,44,fine : 25.99 seconds
[[1374  540]
 [  20   76]]
acc: 0.721
f1: 0.213
[[1901   13]
 [  83   13]]
acc: 0.952
f1: 0.213
2,45,coarse : 26.1 seconds
2,45,fine : 26.11 seconds
[[1376  538]
 [  19   77]]
acc: 0.723
f1: 0.217
[[1901   13]
 [  83   13]]
acc: 0.952
f1: 0.213
2,46,coarse : 26.05 seconds
2,46,fine : 26.06 seconds
[[1371  543]
 [  19   77]]
acc: 0.720
f1: 0.215
[[1899   15]
 [  83   13]]
acc: 0.951
f1: 0.210
2,47,coarse : 26.67 seconds
2,47,fine : 26.67 seconds
[[1375  539]
 [  20   76]]
acc: 0.722
f1: 0.214
[[1897   17]
 [  83   13]]
acc: 0.950
f1: 0.206
2,48,coarse : 26.09 seconds
2,48,fine : 26.1 seconds
[[1370  544]
 [  19   77]]
acc: 0.720
f1: 0.215
[[1897   17]
 [  83   13]]
acc: 0.950
f1: 0.206
2,49,coarse : 26.14 seconds
2,49,fine : 26.15 seconds
[[1365  549]
 [  20   76]]
acc: 0.717
f1: 0.211
[[1897   17]
 [  82   14]]
acc: 0.951
f1: 0.220
2,50,coarse : 27.95 seconds
2,50,fine : 27.96 seconds
[[1359  555]
 [  20   76]]
acc: 0.714
f1: 0.209
[[1897   17]
 [  83   13]]
acc: 0.950
f1: 0.206
2,51,coarse : 25.95 seconds
2,51,fine : 25.95 seconds
[[1365  549]
 [  20   76]]
acc: 0.717
f1: 0.211
[[1898   16]
 [  82   14]]
acc: 0.951
f1: 0.222
2,52,coarse : 26.32 seconds
2,52,fine : 26.33 seconds
[[1364  550]
 [  20   76]]
acc: 0.716
f1: 0.211
[[1896   18]
 [  81   15]]
acc: 0.951
f1: 0.233
2,53,coarse : 26.65 seconds
2,53,fine : 26.66 seconds
[[1363  551]
 [  20   76]]
acc: 0.716
f1: 0.210
[[1896   18]
 [  81   15]]
acc: 0.951
f1: 0.233
2,54,coarse : 26.02 seconds
2,54,fine : 26.03 seconds
[[1368  546]
 [  20   76]]
acc: 0.718
f1: 0.212
[[1898   16]
 [  80   16]]
acc: 0.952
f1: 0.250
2,55,coarse : 26.2 seconds
2,55,fine : 26.21 seconds
[[1368  546]
 [  20   76]]
acc: 0.718
f1: 0.212
[[1897   17]
 [  80   16]]
acc: 0.952
f1: 0.248
2,56,coarse : 26.2 seconds
2,56,fine : 26.2 seconds
[[1366  548]
 [  21   75]]
acc: 0.717
f1: 0.209
[[1896   18]
 [  80   16]]
acc: 0.951
f1: 0.246
2,57,coarse : 26.44 seconds
2,57,fine : 26.45 seconds
[[1362  552]
 [  19   77]]
acc: 0.716
f1: 0.212
[[1897   17]
 [  80   16]]
acc: 0.952
f1: 0.248
2,58,coarse : 26.04 seconds
2,58,fine : 26.05 seconds
[[1364  550]
 [  19   77]]
acc: 0.717
f1: 0.213
[[1895   19]
 [  79   17]]
acc: 0.951
f1: 0.258
2,59,coarse : 26.22 seconds
2,59,fine : 26.23 seconds
[[1362  552]
 [  19   77]]
acc: 0.716
f1: 0.212
[[1894   20]
 [  79   17]]
acc: 0.951
f1: 0.256
2,60,coarse : 26.06 seconds
2,60,fine : 26.07 seconds
[[1368  546]
 [  19   77]]
acc: 0.719
f1: 0.214
[[1894   20]
 [  79   17]]
acc: 0.951
f1: 0.256
2,61,coarse : 26.31 seconds
2,61,fine : 26.32 seconds
[[1362  552]
 [  20   76]]
acc: 0.715
f1: 0.210
[[1892   22]
 [  80   16]]
acc: 0.949
f1: 0.239
2,62,coarse : 26.78 seconds
2,62,fine : 26.79 seconds
[[1351  563]
 [  20   76]]
acc: 0.710
f1: 0.207
[[1891   23]
 [  80   16]]
acc: 0.949
f1: 0.237
2,63,coarse : 26.32 seconds
2,63,fine : 26.33 seconds
[[1352  562]
 [  20   76]]
acc: 0.710
f1: 0.207
[[1892   22]
 [  80   16]]
acc: 0.949
f1: 0.239
2,64,coarse : 26.3 seconds
2,64,fine : 26.31 seconds
[[1352  562]
 [  19   77]]
acc: 0.711
f1: 0.210
[[1892   22]
 [  80   16]]
acc: 0.949
f1: 0.239
2,65,coarse : 26.35 seconds
2,65,fine : 26.36 seconds
[[1350  564]
 [  19   77]]
acc: 0.710
f1: 0.209
[[1892   22]
 [  79   17]]
acc: 0.950
f1: 0.252
2,66,coarse : 26.65 seconds
2,66,fine : 26.66 seconds
[[1351  563]
 [  19   77]]
acc: 0.710
f1: 0.209
[[1891   23]
 [  79   17]]
acc: 0.949
f1: 0.250
2,67,coarse : 26.35 seconds
2,67,fine : 26.36 seconds
[[1353  561]
 [  20   76]]
acc: 0.711
f1: 0.207
[[1891   23]
 [  79   17]]
acc: 0.949
f1: 0.250
2,68,coarse : 26.23 seconds
2,68,fine : 26.24 seconds
[[1352  562]
 [  21   75]]
acc: 0.710
f1: 0.205
[[1891   23]
 [  79   17]]
acc: 0.949
f1: 0.250
2,69,coarse : 26.35 seconds
2,69,fine : 26.36 seconds
[[1347  567]
 [  21   75]]
acc: 0.707
f1: 0.203
[[1891   23]
 [  79   17]]
acc: 0.949
f1: 0.250
2,70,coarse : 26.21 seconds
2,70,fine : 26.22 seconds
[[1348  566]
 [  20   76]]
acc: 0.708
f1: 0.206
[[1891   23]
 [  79   17]]
acc: 0.949
f1: 0.250
2,71,coarse : 26.91 seconds
2,71,fine : 26.92 seconds
[[1349  565]
 [  21   75]]
acc: 0.708
f1: 0.204
[[1889   25]
 [  80   16]]
acc: 0.948
f1: 0.234
2,72,coarse : 26.38 seconds
2,72,fine : 26.39 seconds
[[1349  565]
 [  20   76]]
acc: 0.709
f1: 0.206
[[1888   26]
 [  79   17]]
acc: 0.948
f1: 0.245
2,73,coarse : 26.19 seconds
2,73,fine : 26.21 seconds
[[1353  561]
 [  21   75]]
acc: 0.710
f1: 0.205
[[1888   26]
 [  79   17]]
acc: 0.948
f1: 0.245
2,74,coarse : 26.07 seconds
2,74,fine : 26.08 seconds
[[1352  562]
 [  20   76]]
acc: 0.710
f1: 0.207
[[1887   27]
 [  79   17]]
acc: 0.947
f1: 0.243
2,75,coarse : 26.54 seconds
2,75,fine : 26.55 seconds
[[1356  558]
 [  20   76]]
acc: 0.712
f1: 0.208
[[1888   26]
 [  77   19]]
acc: 0.949
f1: 0.270
2,76,coarse : 25.91 seconds
2,76,fine : 25.92 seconds
[[1346  568]
 [  19   77]]
acc: 0.708
f1: 0.208
[[1887   27]
 [  77   19]]
acc: 0.948
f1: 0.268
2,77,coarse : 25.74 seconds
2,77,fine : 25.75 seconds
[[1347  567]
 [  19   77]]
acc: 0.708
f1: 0.208
[[1886   28]
 [  76   20]]
acc: 0.948
f1: 0.278
2,78,coarse : 25.85 seconds
2,78,fine : 25.86 seconds
[[1349  565]
 [  19   77]]
acc: 0.709
f1: 0.209
[[1886   28]
 [  74   22]]
acc: 0.949
f1: 0.301
2,79,coarse : 25.88 seconds
2,79,fine : 25.89 seconds
[[1349  565]
 [  18   78]]
acc: 0.710
f1: 0.211
[[1887   27]
 [  75   21]]
acc: 0.949
f1: 0.292
2,80,coarse : 26.51 seconds
2,80,fine : 26.52 seconds
[[1350  564]
 [  17   79]]
acc: 0.711
f1: 0.214
[[1887   27]
 [  74   22]]
acc: 0.950
f1: 0.303
2,81,coarse : 25.86 seconds
2,81,fine : 25.87 seconds
[[1356  558]
 [  18   78]]
acc: 0.713
f1: 0.213
[[1886   28]
 [  74   22]]
acc: 0.949
f1: 0.301
2,82,coarse : 26.21 seconds
2,82,fine : 26.22 seconds
[[1352  562]
 [  18   78]]
acc: 0.711
f1: 0.212
[[1886   28]
 [  74   22]]
acc: 0.949
f1: 0.301
2,83,coarse : 26.11 seconds
2,83,fine : 26.12 seconds
[[1353  561]
 [  19   77]]
acc: 0.711
f1: 0.210
[[1885   29]
 [  74   22]]
acc: 0.949
f1: 0.299
2,84,coarse : 25.84 seconds
2,84,fine : 25.86 seconds
[[1354  560]
 [  18   78]]
acc: 0.712
f1: 0.213
[[1885   29]
 [  74   22]]
acc: 0.949
f1: 0.299
2,85,coarse : 26.09 seconds
2,85,fine : 26.1 seconds
[[1361  553]
 [  17   79]]
acc: 0.716
f1: 0.217
[[1884   30]
 [  74   22]]
acc: 0.948
f1: 0.297
2,86,coarse : 26.58 seconds
2,86,fine : 26.59 seconds
[[1362  552]
 [  17   79]]
acc: 0.717
f1: 0.217
[[1884   30]
 [  74   22]]
acc: 0.948
f1: 0.297
2,87,coarse : 26.19 seconds
2,87,fine : 26.2 seconds
[[1364  550]
 [  18   78]]
acc: 0.717
f1: 0.215
[[1883   31]
 [  74   22]]
acc: 0.948
f1: 0.295
2,88,coarse : 26.33 seconds
2,88,fine : 26.34 seconds
[[1364  550]
 [  18   78]]
acc: 0.717
f1: 0.215
[[1882   32]
 [  73   23]]
acc: 0.948
f1: 0.305
2,89,coarse : 26.46 seconds
2,89,fine : 26.47 seconds
[[1365  549]
 [  18   78]]
acc: 0.718
f1: 0.216
[[1882   32]
 [  73   23]]
acc: 0.948
f1: 0.305
2,90,coarse : 26.36 seconds
2,90,fine : 26.37 seconds
[[1366  548]
 [  18   78]]
acc: 0.718
f1: 0.216
[[1882   32]
 [  73   23]]
acc: 0.948
f1: 0.305
2,91,coarse : 26.21 seconds
2,91,fine : 26.22 seconds
[[1366  548]
 [  16   80]]
acc: 0.719
f1: 0.221
[[1881   33]
 [  73   23]]
acc: 0.947
f1: 0.303
2,92,coarse : 26.82 seconds
2,92,fine : 26.84 seconds
[[1370  544]
 [  18   78]]
acc: 0.720
f1: 0.217
[[1880   34]
 [  73   23]]
acc: 0.947
f1: 0.301
2,93,coarse : 26.01 seconds
2,93,fine : 26.03 seconds
[[1367  547]
 [  18   78]]
acc: 0.719
f1: 0.216
[[1879   35]
 [  73   23]]
acc: 0.946
f1: 0.299
2,94,coarse : 25.97 seconds
2,94,fine : 25.99 seconds
[[1361  553]
 [  17   79]]
acc: 0.716
f1: 0.217
[[1879   35]
 [  72   24]]
acc: 0.947
f1: 0.310
2,95,coarse : 26.16 seconds
2,95,fine : 26.18 seconds
[[1358  556]
 [  17   79]]
acc: 0.715
f1: 0.216
[[1878   36]
 [  72   24]]
acc: 0.946
f1: 0.308
2,96,coarse : 25.88 seconds
2,96,fine : 25.89 seconds
[[1361  553]
 [  17   79]]
acc: 0.716
f1: 0.217
[[1875   39]
 [  72   24]]
acc: 0.945
f1: 0.302
2,97,coarse : 25.66 seconds
2,97,fine : 25.68 seconds
[[1368  546]
 [  17   79]]
acc: 0.720
f1: 0.219
[[1874   40]
 [  72   24]]
acc: 0.944
f1: 0.300
2,98,coarse : 26.8 seconds
2,98,fine : 26.81 seconds
[[1367  547]
 [  17   79]]
acc: 0.719
f1: 0.219
[[1875   39]
 [  72   24]]
acc: 0.945
f1: 0.302
2,99,coarse : 25.68 seconds
2,99,fine : 25.7 seconds
[[1368  546]
 [  17   79]]
acc: 0.720
f1: 0.219
[[1875   39]
 [  71   25]]
acc: 0.945
f1: 0.312
2,100,coarse : 27.85 seconds
2,100,fine : 27.86 seconds
[[1363  551]
 [  17   79]]
acc: 0.717
f1: 0.218
[[1874   40]
 [  71   25]]
acc: 0.945
f1: 0.311
2,101,coarse : 26.47 seconds
2,101,fine : 26.48 seconds
[[1368  546]
 [  17   79]]
acc: 0.720
f1: 0.219
[[1873   41]
 [  71   25]]
acc: 0.944
f1: 0.309
2,102,coarse : 26.91 seconds
2,102,fine : 26.92 seconds
[[1368  546]
 [  17   79]]
acc: 0.720
f1: 0.219
[[1874   40]
 [  70   26]]
acc: 0.945
f1: 0.321
2,103,coarse : 26.03 seconds
2,103,fine : 26.04 seconds
[[1369  545]
 [  17   79]]
acc: 0.720
f1: 0.219
[[1873   41]
 [  70   26]]
acc: 0.945
f1: 0.319
2,104,coarse : 25.89 seconds
2,104,fine : 25.91 seconds
[[1373  541]
 [  18   78]]
acc: 0.722
f1: 0.218
[[1872   42]
 [  70   26]]
acc: 0.944
f1: 0.317
2,105,coarse : 26.04 seconds
2,105,fine : 26.05 seconds
[[1370  544]
 [  18   78]]
acc: 0.720
f1: 0.217
[[1872   42]
 [  69   27]]
acc: 0.945
f1: 0.327
2,106,coarse : 26.23 seconds
2,106,fine : 26.24 seconds
[[1369  545]
 [  18   78]]
acc: 0.720
f1: 0.217
[[1873   41]
 [  69   27]]
acc: 0.945
f1: 0.329
2,107,coarse : 26.02 seconds
2,107,fine : 26.03 seconds
[[1374  540]
 [  18   78]]
acc: 0.722
f1: 0.218
[[1873   41]
 [  69   27]]
acc: 0.945
f1: 0.329
2,108,coarse : 26.47 seconds
2,108,fine : 26.49 seconds
[[1372  542]
 [  17   79]]
acc: 0.722
f1: 0.220
[[1872   42]
 [  69   27]]
acc: 0.945
f1: 0.327
2,109,coarse : 26.18 seconds
2,109,fine : 26.19 seconds
[[1375  539]
 [  16   80]]
acc: 0.724
f1: 0.224
[[1872   42]
 [  67   29]]
acc: 0.946
f1: 0.347
2,110,coarse : 26.17 seconds
2,110,fine : 26.18 seconds
[[1378  536]
 [  16   80]]
acc: 0.725
f1: 0.225
[[1873   41]
 [  67   29]]
acc: 0.946
f1: 0.349
2,111,coarse : 26.33 seconds
2,111,fine : 26.35 seconds
[[1374  540]
 [  16   80]]
acc: 0.723
f1: 0.223
[[1872   42]
 [  67   29]]
acc: 0.946
f1: 0.347
2,112,coarse : 26.0 seconds
2,112,fine : 26.01 seconds
[[1373  541]
 [  16   80]]
acc: 0.723
f1: 0.223
[[1870   44]
 [  66   30]]
acc: 0.945
f1: 0.353
2,113,coarse : 26.22 seconds
2,113,fine : 26.24 seconds
[[1376  538]
 [  17   79]]
acc: 0.724
f1: 0.222
[[1870   44]
 [  66   30]]
acc: 0.945
f1: 0.353
2,114,coarse : 26.19 seconds
2,114,fine : 26.21 seconds
[[1376  538]
 [  17   79]]
acc: 0.724
f1: 0.222
[[1869   45]
 [  66   30]]
acc: 0.945
f1: 0.351
2,115,coarse : 26.52 seconds
2,115,fine : 26.54 seconds
[[1379  535]
 [  18   78]]
acc: 0.725
f1: 0.220
[[1868   46]
 [  65   31]]
acc: 0.945
f1: 0.358
2,116,coarse : 27.03 seconds
2,116,fine : 27.04 seconds
[[1375  539]
 [  18   78]]
acc: 0.723
f1: 0.219
[[1867   47]
 [  65   31]]
acc: 0.944
f1: 0.356
2,117,coarse : 26.53 seconds
2,117,fine : 26.54 seconds
[[1374  540]
 [  17   79]]
acc: 0.723
f1: 0.221
[[1867   47]
 [  64   32]]
acc: 0.945
f1: 0.366
2,118,coarse : 27.08 seconds
2,118,fine : 27.1 seconds
[[1374  540]
 [  17   79]]
acc: 0.723
f1: 0.221
[[1867   47]
 [  63   33]]
acc: 0.945
f1: 0.375
2,119,coarse : 27.08 seconds
2,119,fine : 27.09 seconds
[[1377  537]
 [  17   79]]
acc: 0.724
f1: 0.222
[[1866   48]
 [  63   33]]
acc: 0.945
f1: 0.373
2,120,coarse : 26.8 seconds
2,120,fine : 26.81 seconds
[[1383  531]
 [  17   79]]
acc: 0.727
f1: 0.224
[[1866   48]
 [  63   33]]
acc: 0.945
f1: 0.373
2,121,coarse : 26.54 seconds
2,121,fine : 26.56 seconds
[[1380  534]
 [  17   79]]
acc: 0.726
f1: 0.223
[[1865   49]
 [  63   33]]
acc: 0.944
f1: 0.371
2,122,coarse : 26.9 seconds
2,122,fine : 26.92 seconds
[[1385  529]
 [  17   79]]
acc: 0.728
f1: 0.224
[[1866   48]
 [  64   32]]
acc: 0.944
f1: 0.364
2,123,coarse : 27.19 seconds
2,123,fine : 27.21 seconds
[[1384  530]
 [  17   79]]
acc: 0.728
f1: 0.224
[[1866   48]
 [  64   32]]
acc: 0.944
f1: 0.364
2,124,coarse : 27.09 seconds
2,124,fine : 27.1 seconds
[[1376  538]
 [  16   80]]
acc: 0.724
f1: 0.224
[[1865   49]
 [  63   33]]
acc: 0.944
f1: 0.371
2,125,coarse : 27.29 seconds
2,125,fine : 27.32 seconds
[[1377  537]
 [  16   80]]
acc: 0.725
f1: 0.224
[[1863   51]
 [  63   33]]
acc: 0.943
f1: 0.367
2,126,coarse : 26.86 seconds
2,126,fine : 26.88 seconds
[[1378  536]
 [  16   80]]
acc: 0.725
f1: 0.225
[[1862   52]
 [  63   33]]
acc: 0.943
f1: 0.365
2,127,coarse : 26.99 seconds
2,127,fine : 27.02 seconds
[[1382  532]
 [  16   80]]
acc: 0.727
f1: 0.226
[[1860   54]
 [  63   33]]
acc: 0.942
f1: 0.361
2,128,coarse : 27.06 seconds
2,128,fine : 27.08 seconds
[[1387  527]
 [  16   80]]
acc: 0.730
f1: 0.228
[[1860   54]
 [  63   33]]
acc: 0.942
f1: 0.361
2,129,coarse : 27.44 seconds
2,129,fine : 27.46 seconds
[[1385  529]
 [  17   79]]
acc: 0.728
f1: 0.224
[[1860   54]
 [  63   33]]
acc: 0.942
f1: 0.361
2,130,coarse : 27.54 seconds
2,130,fine : 27.55 seconds
[[1386  528]
 [  17   79]]
acc: 0.729
f1: 0.225
[[1858   56]
 [  63   33]]
acc: 0.941
f1: 0.357
2,131,coarse : 27.16 seconds
2,131,fine : 27.18 seconds
[[1388  526]
 [  16   80]]
acc: 0.730
f1: 0.228
[[1858   56]
 [  63   33]]
acc: 0.941
f1: 0.357
2,132,coarse : 26.73 seconds
2,132,fine : 26.75 seconds
[[1391  523]
 [  17   79]]
acc: 0.731
f1: 0.226
[[1858   56]
 [  63   33]]
acc: 0.941
f1: 0.357
2,133,coarse : 26.97 seconds
2,133,fine : 26.99 seconds
[[1393  521]
 [  17   79]]
acc: 0.732
f1: 0.227
[[1857   57]
 [  63   33]]
acc: 0.940
f1: 0.355
2,134,coarse : 26.87 seconds
2,134,fine : 26.89 seconds
[[1397  517]
 [  18   78]]
acc: 0.734
f1: 0.226
[[1857   57]
 [  63   33]]
acc: 0.940
f1: 0.355
2,135,coarse : 27.33 seconds
2,135,fine : 27.35 seconds
[[1392  522]
 [  17   79]]
acc: 0.732
f1: 0.227
[[1856   58]
 [  63   33]]
acc: 0.940
f1: 0.353
2,136,coarse : 27.35 seconds
2,136,fine : 27.37 seconds
[[1390  524]
 [  17   79]]
acc: 0.731
f1: 0.226
[[1856   58]
 [  62   34]]
acc: 0.940
f1: 0.362
2,137,coarse : 27.28 seconds
2,137,fine : 27.31 seconds
[[1393  521]
 [  17   79]]
acc: 0.732
f1: 0.227
[[1855   59]
 [  62   34]]
acc: 0.940
f1: 0.360
2,138,coarse : 27.72 seconds
2,138,fine : 27.74 seconds
[[1393  521]
 [  16   80]]
acc: 0.733
f1: 0.230
[[1855   59]
 [  62   34]]
acc: 0.940
f1: 0.360
2,139,coarse : 27.1 seconds
2,139,fine : 27.12 seconds
[[1382  532]
 [  16   80]]
acc: 0.727
f1: 0.226
[[1854   60]
 [  62   34]]
acc: 0.939
f1: 0.358
2,140,coarse : 27.26 seconds
2,140,fine : 27.28 seconds
[[1372  542]
 [  17   79]]
acc: 0.722
f1: 0.220
[[1853   61]
 [  62   34]]
acc: 0.939
f1: 0.356
2,141,coarse : 27.39 seconds
2,141,fine : 27.41 seconds
[[1378  536]
 [  17   79]]
acc: 0.725
f1: 0.222
[[1851   63]
 [  62   34]]
acc: 0.938
f1: 0.352
2,142,coarse : 27.48 seconds
2,142,fine : 27.5 seconds
[[1373  541]
 [  16   80]]
acc: 0.723
f1: 0.223
[[1851   63]
 [  62   34]]
acc: 0.938
f1: 0.352
2,143,coarse : 27.64 seconds
2,143,fine : 27.66 seconds
[[1367  547]
 [  15   81]]
acc: 0.720
f1: 0.224
[[1851   63]
 [  62   34]]
acc: 0.938
f1: 0.352
2,144,coarse : 27.99 seconds
2,144,fine : 28.01 seconds
[[1369  545]
 [  15   81]]
acc: 0.721
f1: 0.224
[[1851   63]
 [  60   36]]
acc: 0.939
f1: 0.369
2,145,coarse : 27.89 seconds
2,145,fine : 27.9 seconds
[[1372  542]
 [  15   81]]
acc: 0.723
f1: 0.225
[[1852   62]
 [  61   35]]
acc: 0.939
f1: 0.363
2,146,coarse : 27.53 seconds
2,146,fine : 27.55 seconds
[[1372  542]
 [  15   81]]
acc: 0.723
f1: 0.225
[[1851   63]
 [  61   35]]
acc: 0.938
f1: 0.361
2,147,coarse : 28.08 seconds
2,147,fine : 28.1 seconds
[[1374  540]
 [  15   81]]
acc: 0.724
f1: 0.226
[[1851   63]
 [  61   35]]
acc: 0.938
f1: 0.361
2,148,coarse : 28.39 seconds
2,148,fine : 28.41 seconds
[[1377  537]
 [  15   81]]
acc: 0.725
f1: 0.227
[[1851   63]
 [  61   35]]
acc: 0.938
f1: 0.361
2,149,coarse : 28.21 seconds
2,149,fine : 28.22 seconds
[[1378  536]
 [  15   81]]
acc: 0.726
f1: 0.227
[[1851   63]
 [  61   35]]
acc: 0.938
f1: 0.361
2,150,coarse : 29.87 seconds
2,150,fine : 29.88 seconds
[[1377  537]
 [  15   81]]
acc: 0.725
f1: 0.227
[[1851   63]
 [  61   35]]
acc: 0.938
f1: 0.361
2,151,coarse : 28.17 seconds
2,151,fine : 28.18 seconds
[[1377  537]
 [  15   81]]
acc: 0.725
f1: 0.227
[[1851   63]
 [  58   38]]
acc: 0.940
f1: 0.386
2,152,coarse : 27.95 seconds
2,152,fine : 27.97 seconds
[[1380  534]
 [  15   81]]
acc: 0.727
f1: 0.228
[[1851   63]
 [  58   38]]
acc: 0.940
f1: 0.386
2,153,coarse : 28.48 seconds
2,153,fine : 28.5 seconds
[[1373  541]
 [  15   81]]
acc: 0.723
f1: 0.226
[[1850   64]
 [  58   38]]
acc: 0.939
f1: 0.384
2,154,coarse : 28.52 seconds
2,154,fine : 28.54 seconds
[[1377  537]
 [  15   81]]
acc: 0.725
f1: 0.227
[[1849   65]
 [  58   38]]
acc: 0.939
f1: 0.382
2,155,coarse : 28.22 seconds
2,155,fine : 28.24 seconds
[[1382  532]
 [  15   81]]
acc: 0.728
f1: 0.228
[[1848   66]
 [  57   39]]
acc: 0.939
f1: 0.388
2,156,coarse : 28.25 seconds
2,156,fine : 28.27 seconds
[[1382  532]
 [  15   81]]
acc: 0.728
f1: 0.228
[[1847   67]
 [  57   39]]
acc: 0.938
f1: 0.386
2,157,coarse : 28.25 seconds
2,157,fine : 28.27 seconds
[[1387  527]
 [  15   81]]
acc: 0.730
f1: 0.230
[[1847   67]
 [  56   40]]
acc: 0.939
f1: 0.394
2,158,coarse : 28.19 seconds
2,158,fine : 28.21 seconds
[[1385  529]
 [  15   81]]
acc: 0.729
f1: 0.229
[[1847   67]
 [  56   40]]
acc: 0.939
f1: 0.394
2,159,coarse : 28.5 seconds
2,159,fine : 28.52 seconds
[[1388  526]
 [  15   81]]
acc: 0.731
f1: 0.230
[[1846   68]
 [  56   40]]
acc: 0.938
f1: 0.392
2,160,coarse : 27.94 seconds
2,160,fine : 27.96 seconds
[[1387  527]
 [  15   81]]
acc: 0.730
f1: 0.230
[[1848   66]
 [  58   38]]
acc: 0.938
f1: 0.380
2,161,coarse : 28.13 seconds
2,161,fine : 28.15 seconds
[[1386  528]
 [  15   81]]
acc: 0.730
f1: 0.230
[[1849   65]
 [  57   39]]
acc: 0.939
f1: 0.390
2,162,coarse : 28.21 seconds
2,162,fine : 28.23 seconds
[[1389  525]
 [  15   81]]
acc: 0.731
f1: 0.231
[[1848   66]
 [  57   39]]
acc: 0.939
f1: 0.388
2,163,coarse : 28.27 seconds
2,163,fine : 28.29 seconds
[[1391  523]
 [  15   81]]
acc: 0.732
f1: 0.231
[[1847   67]
 [  57   39]]
acc: 0.938
f1: 0.386
2,164,coarse : 28.26 seconds
2,164,fine : 28.28 seconds
[[1393  521]
 [  16   80]]
acc: 0.733
f1: 0.230
[[1846   68]
 [  56   40]]
acc: 0.938
f1: 0.392
2,165,coarse : 28.42 seconds
2,165,fine : 28.44 seconds
[[1396  518]
 [  16   80]]
acc: 0.734
f1: 0.231
[[1845   69]
 [  56   40]]
acc: 0.938
f1: 0.390
2,166,coarse : 28.51 seconds
2,166,fine : 28.53 seconds
[[1401  513]
 [  16   80]]
acc: 0.737
f1: 0.232
[[1844   70]
 [  56   40]]
acc: 0.937
f1: 0.388
2,167,coarse : 28.29 seconds
2,167,fine : 28.32 seconds
[[1406  508]
 [  16   80]]
acc: 0.739
f1: 0.234
[[1843   71]
 [  56   40]]
acc: 0.937
f1: 0.386
2,168,coarse : 28.98 seconds
2,168,fine : 29.0 seconds
[[1398  516]
 [  17   79]]
acc: 0.735
f1: 0.229
[[1842   72]
 [  56   40]]
acc: 0.936
f1: 0.385
2,169,coarse : 28.49 seconds
2,169,fine : 28.51 seconds
[[1400  514]
 [  17   79]]
acc: 0.736
f1: 0.229
[[1842   72]
 [  56   40]]
acc: 0.936
f1: 0.385
2,170,coarse : 28.64 seconds
2,170,fine : 28.66 seconds
[[1400  514]
 [  17   79]]
acc: 0.736
f1: 0.229
[[1841   73]
 [  56   40]]
acc: 0.936
f1: 0.383
2,171,coarse : 28.6 seconds
2,171,fine : 28.62 seconds
[[1398  516]
 [  17   79]]
acc: 0.735
f1: 0.229
[[1840   74]
 [  55   41]]
acc: 0.936
f1: 0.389
2,172,coarse : 28.35 seconds
2,172,fine : 28.37 seconds
