all           0      1    2    3    4    5    6    7    8    
1      2010   1914   1    19   32   19   1    11   6    7    
2      2010   1914   1    19   32   19   1    11   6    7    
3      2010   1914   1    19   32   19   1    11   5    8    
4      2010   1914   1    19   32   19   1    10   6    8    
5      2010   1914   1    18   33   19   1    10   6    8    
6      2010   1914   1    18   33   19   1    10   6    8    
7      2010   1913   2    18   33   19   1    10   6    8    
8      2010   1913   2    18   33   19   1    10   6    8    
9      2009   1913   2    18   32   19   2    10   6    7    
10     2009   1913   1    19   32   19   1    11   6    7    
Total  20098  19136  13   185  324  190  11   104  59   76   
train         0      1    2    3    4    5    6    7    8    
1      2010   1914   1    19   32   19   1    11   6    7    
3      2010   1914   1    19   32   19   1    11   5    8    
4      2010   1914   1    19   32   19   1    10   6    8    
5      2010   1914   1    18   33   19   1    10   6    8    
6      2010   1914   1    18   33   19   1    10   6    8    
7      2010   1913   2    18   33   19   1    10   6    8    
8      2010   1913   2    18   33   19   1    10   6    8    
9      2009   1913   2    18   32   19   2    10   6    7    
10     2009   1913   1    19   32   19   1    11   6    7    
Total  18088  17222  12   166  292  171  10   93   53   69   
test          0      1    2    3    4    5    6    7    8    
2      2010   1914   1    19   32   19   1    11   6    7    
Total  2010   1914   1    19   32   19   1    11   6    7    
Classes             
0         17222     
1         12        
2         166       
3         292       
4         171       
5         10        
6         93        
7         53        
8         69        
Total     18088     

Shape: 450       

[952, 10, 11, 16, 11, 10, 10, 10, 10]
Sum start => 1040
[[1191  723]
 [  15   81]]
acc: 0.633
f1: 0.180
[[1873   41]
 [  86   10]]
acc: 0.937
f1: 0.136
2,1,coarse : 26.95 seconds
2,1,fine : 26.96 seconds
[[1191  723]
 [  15   81]]
acc: 0.633
f1: 0.180
[[1873   41]
 [  86   10]]
acc: 0.937
f1: 0.136
2,2,coarse : 28.2 seconds
2,2,fine : 28.2 seconds
[[1221  693]
 [  15   81]]
acc: 0.648
f1: 0.186
[[1879   35]
 [  87    9]]
acc: 0.939
f1: 0.129
2,3,coarse : 3.23 seconds
2,3,fine : 3.23 seconds
[[1230  684]
 [  16   80]]
acc: 0.652
f1: 0.186
[[1886   28]
 [  88    8]]
acc: 0.942
f1: 0.121
2,4,coarse : 3.35 seconds
2,4,fine : 3.35 seconds
[[1231  683]
 [  15   81]]
acc: 0.653
f1: 0.188
[[1888   26]
 [  88    8]]
acc: 0.943
f1: 0.123
2,5,coarse : 3.51 seconds
2,5,fine : 3.51 seconds
[[1220  694]
 [  17   79]]
acc: 0.646
f1: 0.182
[[1888   26]
 [  88    8]]
acc: 0.943
f1: 0.123
2,6,coarse : 3.6 seconds
2,6,fine : 3.61 seconds
[[1212  702]
 [  16   80]]
acc: 0.643
f1: 0.182
[[1886   28]
 [  87    9]]
acc: 0.943
f1: 0.135
2,7,coarse : 3.8 seconds
2,7,fine : 3.8 seconds
[[1231  683]
 [  15   81]]
acc: 0.653
f1: 0.188
[[1886   28]
 [  87    9]]
acc: 0.943
f1: 0.135
2,8,coarse : 3.84 seconds
2,8,fine : 3.85 seconds
[[1213  701]
 [  17   79]]
acc: 0.643
f1: 0.180
[[1886   28]
 [  89    7]]
acc: 0.942
f1: 0.107
2,9,coarse : 3.98 seconds
2,9,fine : 3.98 seconds
[[1204  710]
 [  15   81]]
acc: 0.639
f1: 0.183
[[1893   21]
 [  89    7]]
acc: 0.945
f1: 0.113
2,10,coarse : 4.16 seconds
2,10,fine : 4.16 seconds
[[1223  691]
 [  17   79]]
acc: 0.648
f1: 0.182
[[1897   17]
 [  92    4]]
acc: 0.946
f1: 0.068
2,11,coarse : 4.21 seconds
2,11,fine : 4.22 seconds
[[1242  672]
 [  19   77]]
acc: 0.656
f1: 0.182
[[1895   19]
 [  91    5]]
acc: 0.945
f1: 0.083
2,12,coarse : 4.3 seconds
2,12,fine : 4.3 seconds
[[1241  673]
 [  20   76]]
acc: 0.655
f1: 0.180
[[1894   20]
 [  92    4]]
acc: 0.944
f1: 0.067
2,13,coarse : 4.41 seconds
2,13,fine : 4.41 seconds
[[1265  649]
 [  21   75]]
acc: 0.667
f1: 0.183
[[1895   19]
 [  92    4]]
acc: 0.945
f1: 0.067
2,14,coarse : 4.64 seconds
2,14,fine : 4.64 seconds
[[1277  637]
 [  20   76]]
acc: 0.673
f1: 0.188
[[1892   22]
 [  91    5]]
acc: 0.944
f1: 0.081
2,15,coarse : 4.82 seconds
2,15,fine : 4.83 seconds
[[1287  627]
 [  20   76]]
acc: 0.678
f1: 0.190
[[1895   19]
 [  90    6]]
acc: 0.946
f1: 0.099
2,16,coarse : 4.94 seconds
2,16,fine : 4.95 seconds
[[1278  636]
 [  21   75]]
acc: 0.673
f1: 0.186
[[1899   15]
 [  89    7]]
acc: 0.948
f1: 0.119
2,17,coarse : 4.98 seconds
2,17,fine : 4.98 seconds
[[1290  624]
 [  22   74]]
acc: 0.679
f1: 0.186
[[1897   17]
 [  89    7]]
acc: 0.947
f1: 0.117
2,18,coarse : 5.02 seconds
2,18,fine : 5.03 seconds
[[1298  616]
 [  22   74]]
acc: 0.683
f1: 0.188
[[1896   18]
 [  88    8]]
acc: 0.947
f1: 0.131
2,19,coarse : 5.32 seconds
2,19,fine : 5.32 seconds
[[1278  636]
 [  16   80]]
acc: 0.676
f1: 0.197
[[1893   21]
 [  88    8]]
acc: 0.946
f1: 0.128
2,20,coarse : 5.3 seconds
2,20,fine : 5.3 seconds
[[1285  629]
 [  15   81]]
acc: 0.680
f1: 0.201
[[1895   19]
 [  88    8]]
acc: 0.947
f1: 0.130
2,21,coarse : 5.53 seconds
2,21,fine : 5.54 seconds
[[1294  620]
 [  15   81]]
acc: 0.684
f1: 0.203
[[1895   19]
 [  88    8]]
acc: 0.947
f1: 0.130
2,22,coarse : 5.5 seconds
2,22,fine : 5.51 seconds
[[1297  617]
 [  16   80]]
acc: 0.685
f1: 0.202
[[1894   20]
 [  87    9]]
acc: 0.947
f1: 0.144
2,23,coarse : 5.8 seconds
2,23,fine : 5.8 seconds
[[1302  612]
 [  16   80]]
acc: 0.688
f1: 0.203
[[1895   19]
 [  88    8]]
acc: 0.947
f1: 0.130
2,24,coarse : 5.77 seconds
2,24,fine : 5.78 seconds
[[1300  614]
 [  16   80]]
acc: 0.687
f1: 0.203
[[1891   23]
 [  87    9]]
acc: 0.945
f1: 0.141
2,25,coarse : 5.98 seconds
2,25,fine : 5.99 seconds
[[1293  621]
 [  18   78]]
acc: 0.682
f1: 0.196
[[1892   22]
 [  84   12]]
acc: 0.947
f1: 0.185
2,26,coarse : 6.12 seconds
2,26,fine : 6.12 seconds
[[1290  624]
 [  16   80]]
acc: 0.682
f1: 0.200
[[1891   23]
 [  85   11]]
acc: 0.946
f1: 0.169
2,27,coarse : 6.2 seconds
2,27,fine : 6.2 seconds
[[1292  622]
 [  16   80]]
acc: 0.683
f1: 0.201
[[1891   23]
 [  83   13]]
acc: 0.947
f1: 0.197
2,28,coarse : 6.37 seconds
2,28,fine : 6.38 seconds
[[1292  622]
 [  16   80]]
acc: 0.683
f1: 0.201
[[1890   24]
 [  85   11]]
acc: 0.946
f1: 0.168
2,29,coarse : 6.45 seconds
2,29,fine : 6.46 seconds
[[1293  621]
 [  15   81]]
acc: 0.684
f1: 0.203
[[1891   23]
 [  84   12]]
acc: 0.947
f1: 0.183
2,30,coarse : 6.72 seconds
2,30,fine : 6.73 seconds
[[1291  623]
 [  15   81]]
acc: 0.683
f1: 0.203
[[1892   22]
 [  84   12]]
acc: 0.947
f1: 0.185
2,31,coarse : 6.74 seconds
2,31,fine : 6.74 seconds
[[1301  613]
 [  15   81]]
acc: 0.688
f1: 0.205
[[1887   27]
 [  84   12]]
acc: 0.945
f1: 0.178
2,32,coarse : 6.95 seconds
2,32,fine : 6.96 seconds
[[1309  605]
 [  16   80]]
acc: 0.691
f1: 0.205
[[1889   25]
 [  85   11]]
acc: 0.945
f1: 0.167
2,33,coarse : 6.94 seconds
2,33,fine : 6.95 seconds
[[1308  606]
 [  17   79]]
acc: 0.690
f1: 0.202
[[1887   27]
 [  80   16]]
acc: 0.947
f1: 0.230
2,34,coarse : 7.07 seconds
2,34,fine : 7.08 seconds
[[1312  602]
 [  17   79]]
acc: 0.692
f1: 0.203
[[1887   27]
 [  80   16]]
acc: 0.947
f1: 0.230
2,35,coarse : 7.23 seconds
2,35,fine : 7.24 seconds
[[1321  593]
 [  16   80]]
acc: 0.697
f1: 0.208
[[1886   28]
 [  78   18]]
acc: 0.947
f1: 0.254
2,36,coarse : 7.45 seconds
2,36,fine : 7.46 seconds
[[1330  584]
 [  17   79]]
acc: 0.701
f1: 0.208
[[1886   28]
 [  77   19]]
acc: 0.948
f1: 0.266
2,37,coarse : 7.29 seconds
2,37,fine : 7.3 seconds
[[1334  580]
 [  19   77]]
acc: 0.702
f1: 0.205
[[1884   30]
 [  74   22]]
acc: 0.948
f1: 0.297
2,38,coarse : 7.62 seconds
2,38,fine : 7.62 seconds
[[1338  576]
 [  18   78]]
acc: 0.704
f1: 0.208
[[1883   31]
 [  76   20]]
acc: 0.947
f1: 0.272
2,39,coarse : 7.59 seconds
2,39,fine : 7.59 seconds
[[1329  585]
 [  18   78]]
acc: 0.700
f1: 0.206
[[1881   33]
 [  76   20]]
acc: 0.946
f1: 0.268
2,40,coarse : 7.84 seconds
2,40,fine : 7.85 seconds
[[1316  598]
 [  17   79]]
acc: 0.694
f1: 0.204
[[1881   33]
 [  76   20]]
acc: 0.946
f1: 0.268
2,41,coarse : 7.93 seconds
2,41,fine : 7.94 seconds
[[1324  590]
 [  17   79]]
acc: 0.698
f1: 0.207
[[1882   32]
 [  76   20]]
acc: 0.946
f1: 0.270
2,42,coarse : 8.32 seconds
2,42,fine : 8.33 seconds
[[1324  590]
 [  17   79]]
acc: 0.698
f1: 0.207
[[1879   35]
 [  74   22]]
acc: 0.946
f1: 0.288
2,43,coarse : 8.34 seconds
2,43,fine : 8.35 seconds
[[1325  589]
 [  17   79]]
acc: 0.699
f1: 0.207
[[1878   36]
 [  74   22]]
acc: 0.945
f1: 0.286
2,44,coarse : 8.46 seconds
2,44,fine : 8.46 seconds
[[1327  587]
 [  16   80]]
acc: 0.700
f1: 0.210
[[1878   36]
 [  74   22]]
acc: 0.945
f1: 0.286
2,45,coarse : 8.67 seconds
2,45,fine : 8.68 seconds
[[1329  585]
 [  16   80]]
acc: 0.701
f1: 0.210
[[1881   33]
 [  75   21]]
acc: 0.946
f1: 0.280
2,46,coarse : 8.79 seconds
2,46,fine : 8.8 seconds
[[1328  586]
 [  16   80]]
acc: 0.700
f1: 0.210
[[1883   31]
 [  76   20]]
acc: 0.947
f1: 0.272
2,47,coarse : 8.84 seconds
2,47,fine : 8.85 seconds
[[1338  576]
 [  16   80]]
acc: 0.705
f1: 0.213
[[1885   29]
 [  76   20]]
acc: 0.948
f1: 0.276
2,48,coarse : 8.99 seconds
2,48,fine : 9.0 seconds
[[1345  569]
 [  17   79]]
acc: 0.708
f1: 0.212
[[1883   31]
 [  74   22]]
acc: 0.948
f1: 0.295
2,49,coarse : 9.08 seconds
2,49,fine : 9.09 seconds
[[1342  572]
 [  18   78]]
acc: 0.706
f1: 0.209
[[1882   32]
 [  75   21]]
acc: 0.947
f1: 0.282
2,50,coarse : 11.16 seconds
2,50,fine : 11.16 seconds
[[1348  566]
 [  18   78]]
acc: 0.709
f1: 0.211
[[1881   33]
 [  73   23]]
acc: 0.947
f1: 0.303
2,51,coarse : 9.42 seconds
2,51,fine : 9.42 seconds
[[1347  567]
 [  18   78]]
acc: 0.709
f1: 0.211
[[1877   37]
 [  74   22]]
acc: 0.945
f1: 0.284
2,52,coarse : 9.64 seconds
2,52,fine : 9.64 seconds
[[1355  559]
 [  17   79]]
acc: 0.713
f1: 0.215
[[1878   36]
 [  73   23]]
acc: 0.946
f1: 0.297
2,53,coarse : 9.72 seconds
2,53,fine : 9.72 seconds
[[1359  555]
 [  17   79]]
acc: 0.715
f1: 0.216
[[1878   36]
 [  72   24]]
acc: 0.946
f1: 0.308
2,54,coarse : 9.99 seconds
2,54,fine : 10.0 seconds
[[1361  553]
 [  17   79]]
acc: 0.716
f1: 0.217
[[1879   35]
 [  75   21]]
acc: 0.945
f1: 0.276
2,55,coarse : 9.96 seconds
2,55,fine : 9.97 seconds
[[1362  552]
 [  17   79]]
acc: 0.717
f1: 0.217
[[1875   39]
 [  74   22]]
acc: 0.944
f1: 0.280
2,56,coarse : 10.21 seconds
2,56,fine : 10.22 seconds
[[1361  553]
 [  17   79]]
acc: 0.716
f1: 0.217
[[1874   40]
 [  74   22]]
acc: 0.943
f1: 0.278
2,57,coarse : 10.15 seconds
2,57,fine : 10.16 seconds
[[1367  547]
 [  17   79]]
acc: 0.719
f1: 0.219
[[1874   40]
 [  74   22]]
acc: 0.943
f1: 0.278
2,58,coarse : 10.35 seconds
2,58,fine : 10.36 seconds
[[1373  541]
 [  17   79]]
acc: 0.722
f1: 0.221
[[1873   41]
 [  74   22]]
acc: 0.943
f1: 0.277
2,59,coarse : 10.79 seconds
2,59,fine : 10.8 seconds
[[1370  544]
 [  17   79]]
acc: 0.721
f1: 0.220
[[1871   43]
 [  71   25]]
acc: 0.943
f1: 0.305
2,60,coarse : 10.93 seconds
2,60,fine : 10.94 seconds
[[1356  558]
 [  16   80]]
acc: 0.714
f1: 0.218
[[1872   42]
 [  71   25]]
acc: 0.944
f1: 0.307
2,61,coarse : 10.99 seconds
2,61,fine : 11.0 seconds
[[1364  550]
 [  16   80]]
acc: 0.718
f1: 0.220
[[1871   43]
 [  71   25]]
acc: 0.943
f1: 0.305
2,62,coarse : 11.2 seconds
2,62,fine : 11.21 seconds
[[1368  546]
 [  16   80]]
acc: 0.720
f1: 0.222
[[1870   44]
 [  71   25]]
acc: 0.943
f1: 0.303
2,63,coarse : 11.15 seconds
2,63,fine : 11.16 seconds
[[1360  554]
 [  17   79]]
acc: 0.716
f1: 0.217
[[1869   45]
 [  71   25]]
acc: 0.942
f1: 0.301
2,64,coarse : 11.42 seconds
2,64,fine : 11.43 seconds
[[1364  550]
 [  16   80]]
acc: 0.718
f1: 0.220
[[1868   46]
 [  72   24]]
acc: 0.941
f1: 0.289
2,65,coarse : 11.54 seconds
2,65,fine : 11.55 seconds
[[1365  549]
 [  16   80]]
acc: 0.719
f1: 0.221
[[1868   46]
 [  69   27]]
acc: 0.943
f1: 0.320
2,66,coarse : 11.52 seconds
2,66,fine : 11.54 seconds
[[1368  546]
 [  16   80]]
acc: 0.720
f1: 0.222
[[1868   46]
 [  69   27]]
acc: 0.943
f1: 0.320
2,67,coarse : 11.57 seconds
2,67,fine : 11.58 seconds
[[1375  539]
 [  17   79]]
acc: 0.723
f1: 0.221
[[1869   45]
 [  69   27]]
acc: 0.943
f1: 0.321
2,68,coarse : 11.68 seconds
2,68,fine : 11.69 seconds
[[1376  538]
 [  18   78]]
acc: 0.723
f1: 0.219
[[1870   44]
 [  69   27]]
acc: 0.944
f1: 0.323
2,69,coarse : 12.14 seconds
2,69,fine : 12.15 seconds
[[1368  546]
 [  16   80]]
acc: 0.720
f1: 0.222
[[1869   45]
 [  69   27]]
acc: 0.943
f1: 0.321
2,70,coarse : 12.25 seconds
2,70,fine : 12.26 seconds
[[1377  537]
 [  17   79]]
acc: 0.724
f1: 0.222
[[1868   46]
 [  69   27]]
acc: 0.943
f1: 0.320
2,71,coarse : 12.54 seconds
2,71,fine : 12.55 seconds
[[1370  544]
 [  17   79]]
acc: 0.721
f1: 0.220
[[1868   46]
 [  69   27]]
acc: 0.943
f1: 0.320
2,72,coarse : 12.61 seconds
2,72,fine : 12.62 seconds
[[1377  537]
 [  17   79]]
acc: 0.724
f1: 0.222
[[1870   44]
 [  67   29]]
acc: 0.945
f1: 0.343
2,73,coarse : 12.7 seconds
2,73,fine : 12.71 seconds
[[1371  543]
 [  16   80]]
acc: 0.722
f1: 0.223
[[1870   44]
 [  66   30]]
acc: 0.945
f1: 0.353
2,74,coarse : 12.81 seconds
2,74,fine : 12.82 seconds
[[1372  542]
 [  16   80]]
acc: 0.722
f1: 0.223
[[1869   45]
 [  64   32]]
acc: 0.946
f1: 0.370
2,75,coarse : 13.13 seconds
2,75,fine : 13.14 seconds
[[1372  542]
 [  16   80]]
acc: 0.722
f1: 0.223
[[1870   44]
 [  66   30]]
acc: 0.945
f1: 0.353
2,76,coarse : 12.83 seconds
2,76,fine : 12.84 seconds
[[1373  541]
 [  17   79]]
acc: 0.722
f1: 0.221
[[1870   44]
 [  64   32]]
acc: 0.946
f1: 0.372
2,77,coarse : 12.67 seconds
2,77,fine : 12.68 seconds
[[1365  549]
 [  15   81]]
acc: 0.719
f1: 0.223
[[1869   45]
 [  63   33]]
acc: 0.946
f1: 0.379
2,78,coarse : 13.1 seconds
2,78,fine : 13.11 seconds
[[1367  547]
 [  15   81]]
acc: 0.720
f1: 0.224
[[1860   54]
 [  65   31]]
acc: 0.941
f1: 0.343
2,79,coarse : 13.36 seconds
2,79,fine : 13.37 seconds
[[1375  539]
 [  15   81]]
acc: 0.724
f1: 0.226
[[1861   53]
 [  65   31]]
acc: 0.941
f1: 0.344
2,80,coarse : 13.02 seconds
2,80,fine : 13.03 seconds
[[1374  540]
 [  15   81]]
acc: 0.724
f1: 0.226
[[1862   52]
 [  65   31]]
acc: 0.942
f1: 0.346
2,81,coarse : 13.01 seconds
2,81,fine : 13.02 seconds
[[1372  542]
 [  15   81]]
acc: 0.723
f1: 0.225
[[1861   53]
 [  65   31]]
acc: 0.941
f1: 0.344
2,82,coarse : 13.65 seconds
2,82,fine : 13.67 seconds
[[1370  544]
 [  16   80]]
acc: 0.721
f1: 0.222
[[1860   54]
 [  63   33]]
acc: 0.942
f1: 0.361
2,83,coarse : 13.26 seconds
2,83,fine : 13.27 seconds
[[1375  539]
 [  16   80]]
acc: 0.724
f1: 0.224
[[1860   54]
 [  63   33]]
acc: 0.942
f1: 0.361
2,84,coarse : 13.57 seconds
2,84,fine : 13.58 seconds
[[1382  532]
 [  16   80]]
acc: 0.727
f1: 0.226
[[1862   52]
 [  62   34]]
acc: 0.943
f1: 0.374
2,85,coarse : 13.89 seconds
2,85,fine : 13.91 seconds
[[1382  532]
 [  16   80]]
acc: 0.727
f1: 0.226
[[1859   55]
 [  63   33]]
acc: 0.941
f1: 0.359
2,86,coarse : 14.68 seconds
2,86,fine : 14.69 seconds
[[1383  531]
 [  16   80]]
acc: 0.728
f1: 0.226
[[1860   54]
 [  60   36]]
acc: 0.943
f1: 0.387
2,87,coarse : 14.66 seconds
2,87,fine : 14.67 seconds
[[1385  529]
 [  17   79]]
acc: 0.728
f1: 0.224
[[1859   55]
 [  62   34]]
acc: 0.942
f1: 0.368
2,88,coarse : 14.82 seconds
2,88,fine : 14.83 seconds
[[1380  534]
 [  17   79]]
acc: 0.726
f1: 0.223
[[1858   56]
 [  62   34]]
acc: 0.941
f1: 0.366
2,89,coarse : 15.03 seconds
2,89,fine : 15.04 seconds
[[1384  530]
 [  17   79]]
acc: 0.728
f1: 0.224
[[1858   56]
 [  62   34]]
acc: 0.941
f1: 0.366
2,90,coarse : 15.02 seconds
2,90,fine : 15.03 seconds
[[1381  533]
 [  16   80]]
acc: 0.727
f1: 0.226
[[1859   55]
 [  62   34]]
acc: 0.942
f1: 0.368
2,91,coarse : 15.1 seconds
2,91,fine : 15.12 seconds
[[1380  534]
 [  17   79]]
acc: 0.726
f1: 0.223
[[1854   60]
 [  62   34]]
acc: 0.939
f1: 0.358
2,92,coarse : 15.29 seconds
2,92,fine : 15.31 seconds
[[1374  540]
 [  16   80]]
acc: 0.723
f1: 0.223
[[1852   62]
 [  62   34]]
acc: 0.938
f1: 0.354
2,93,coarse : 15.59 seconds
2,93,fine : 15.6 seconds
[[1379  535]
 [  16   80]]
acc: 0.726
f1: 0.225
[[1845   69]
 [  60   36]]
acc: 0.936
f1: 0.358
2,94,coarse : 15.75 seconds
2,94,fine : 15.76 seconds
[[1383  531]
 [  17   79]]
acc: 0.727
f1: 0.224
[[1843   71]
 [  60   36]]
acc: 0.935
f1: 0.355
2,95,coarse : 15.93 seconds
2,95,fine : 15.95 seconds
[[1383  531]
 [  17   79]]
acc: 0.727
f1: 0.224
[[1845   69]
 [  60   36]]
acc: 0.936
f1: 0.358
2,96,coarse : 16.31 seconds
2,96,fine : 16.32 seconds
[[1391  523]
 [  17   79]]
acc: 0.731
f1: 0.226
[[1847   67]
 [  60   36]]
acc: 0.937
f1: 0.362
2,97,coarse : 16.14 seconds
2,97,fine : 16.16 seconds
[[1391  523]
 [  17   79]]
acc: 0.731
f1: 0.226
[[1845   69]
 [  61   35]]
acc: 0.935
f1: 0.350
2,98,coarse : 16.67 seconds
2,98,fine : 16.68 seconds
[[1396  518]
 [  17   79]]
acc: 0.734
f1: 0.228
[[1847   67]
 [  62   34]]
acc: 0.936
f1: 0.345
2,99,coarse : 16.8 seconds
2,99,fine : 16.82 seconds
[[1390  524]
 [  17   79]]
acc: 0.731
f1: 0.226
[[1853   61]
 [  60   36]]
acc: 0.940
f1: 0.373
2,100,coarse : 18.61 seconds
2,100,fine : 18.62 seconds
[[1390  524]
 [  17   79]]
acc: 0.731
f1: 0.226
[[1852   62]
 [  60   36]]
acc: 0.939
f1: 0.371
2,101,coarse : 17.43 seconds
2,101,fine : 17.44 seconds
[[1390  524]
 [  17   79]]
acc: 0.731
f1: 0.226
[[1851   63]
 [  61   35]]
acc: 0.938
f1: 0.361
2,102,coarse : 17.85 seconds
2,102,fine : 17.86 seconds
[[1383  531]
 [  17   79]]
acc: 0.727
f1: 0.224
[[1854   60]
 [  59   37]]
acc: 0.941
f1: 0.383
2,103,coarse : 17.82 seconds
2,103,fine : 17.84 seconds
[[1388  526]
 [  17   79]]
acc: 0.730
f1: 0.225
[[1855   59]
 [  60   36]]
acc: 0.941
f1: 0.377
2,104,coarse : 18.12 seconds
2,104,fine : 18.14 seconds
[[1388  526]
 [  17   79]]
acc: 0.730
f1: 0.225
[[1852   62]
 [  58   38]]
acc: 0.940
f1: 0.388
2,105,coarse : 18.41 seconds
2,105,fine : 18.42 seconds
[[1391  523]
 [  17   79]]
acc: 0.731
f1: 0.226
[[1854   60]
 [  58   38]]
acc: 0.941
f1: 0.392
2,106,coarse : 18.72 seconds
2,106,fine : 18.73 seconds
[[1387  527]
 [  18   78]]
acc: 0.729
f1: 0.223
[[1850   64]
 [  57   39]]
acc: 0.940
f1: 0.392
2,107,coarse : 18.47 seconds
2,107,fine : 18.48 seconds
[[1389  525]
 [  18   78]]
acc: 0.730
f1: 0.223
[[1849   65]
 [  57   39]]
acc: 0.939
f1: 0.390
2,108,coarse : 18.53 seconds
2,108,fine : 18.55 seconds
[[1387  527]
 [  18   78]]
acc: 0.729
f1: 0.223
[[1847   67]
 [  58   38]]
acc: 0.938
f1: 0.378
2,109,coarse : 19.0 seconds
2,109,fine : 19.01 seconds
[[1387  527]
 [  18   78]]
acc: 0.729
f1: 0.223
[[1847   67]
 [  57   39]]
acc: 0.938
f1: 0.386
2,110,coarse : 18.9 seconds
2,110,fine : 18.91 seconds
[[1392  522]
 [  19   77]]
acc: 0.731
f1: 0.222
[[1845   69]
 [  57   39]]
acc: 0.937
f1: 0.382
2,111,coarse : 19.16 seconds
2,111,fine : 19.18 seconds
[[1394  520]
 [  20   76]]
acc: 0.731
f1: 0.220
[[1850   64]
 [  57   39]]
acc: 0.940
f1: 0.392
2,112,coarse : 18.55 seconds
2,112,fine : 18.56 seconds
[[1398  516]
 [  20   76]]
acc: 0.733
f1: 0.221
[[1850   64]
 [  56   40]]
acc: 0.940
f1: 0.400
2,113,coarse : 19.28 seconds
2,113,fine : 19.29 seconds
[[1396  518]
 [  20   76]]
acc: 0.732
f1: 0.220
[[1850   64]
 [  58   38]]
acc: 0.939
f1: 0.384
2,114,coarse : 19.51 seconds
2,114,fine : 19.53 seconds
[[1395  519]
 [  18   78]]
acc: 0.733
f1: 0.225
[[1851   63]
 [  58   38]]
acc: 0.940
f1: 0.386
2,115,coarse : 19.54 seconds
2,115,fine : 19.56 seconds
[[1394  520]
 [  18   78]]
acc: 0.732
f1: 0.225
[[1851   63]
 [  58   38]]
acc: 0.940
f1: 0.386
2,116,coarse : 19.59 seconds
2,116,fine : 19.61 seconds
[[1400  514]
 [  18   78]]
acc: 0.735
f1: 0.227
[[1850   64]
 [  57   39]]
acc: 0.940
f1: 0.392
2,117,coarse : 19.96 seconds
2,117,fine : 19.98 seconds
[[1401  513]
 [  18   78]]
acc: 0.736
f1: 0.227
[[1852   62]
 [  57   39]]
acc: 0.941
f1: 0.396
2,118,coarse : 19.71 seconds
2,118,fine : 19.73 seconds
[[1400  514]
 [  18   78]]
acc: 0.735
f1: 0.227
[[1855   59]
 [  58   38]]
acc: 0.942
f1: 0.394
2,119,coarse : 19.88 seconds
2,119,fine : 19.89 seconds
[[1399  515]
 [  18   78]]
acc: 0.735
f1: 0.226
[[1854   60]
 [  57   39]]
acc: 0.942
f1: 0.400
2,120,coarse : 20.66 seconds
2,120,fine : 20.68 seconds
[[1398  516]
 [  18   78]]
acc: 0.734
f1: 0.226
[[1851   63]
 [  57   39]]
acc: 0.940
f1: 0.394
2,121,coarse : 20.84 seconds
2,121,fine : 20.85 seconds
[[1401  513]
 [  18   78]]
acc: 0.736
f1: 0.227
[[1853   61]
 [  57   39]]
acc: 0.941
f1: 0.398
2,122,coarse : 20.6 seconds
2,122,fine : 20.61 seconds
[[1399  515]
 [  18   78]]
acc: 0.735
f1: 0.226
[[1854   60]
 [  56   40]]
acc: 0.942
f1: 0.408
2,123,coarse : 21.03 seconds
2,123,fine : 21.04 seconds
[[1404  510]
 [  18   78]]
acc: 0.737
f1: 0.228
[[1856   58]
 [  55   41]]
acc: 0.944
f1: 0.421
2,124,coarse : 21.36 seconds
2,124,fine : 21.38 seconds
[[1401  513]
 [  18   78]]
acc: 0.736
f1: 0.227
[[1854   60]
 [  57   39]]
acc: 0.942
f1: 0.400
2,125,coarse : 20.96 seconds
2,125,fine : 20.98 seconds
[[1403  511]
 [  18   78]]
acc: 0.737
f1: 0.228
[[1855   59]
 [  57   39]]
acc: 0.942
f1: 0.402
2,126,coarse : 21.51 seconds
2,126,fine : 21.53 seconds
[[1411  503]
 [  18   78]]
acc: 0.741
f1: 0.230
[[1853   61]
 [  57   39]]
acc: 0.941
f1: 0.398
2,127,coarse : 21.18 seconds
2,127,fine : 21.2 seconds
[[1405  509]
 [  19   77]]
acc: 0.737
f1: 0.226
[[1855   59]
 [  58   38]]
acc: 0.942
f1: 0.394
2,128,coarse : 21.73 seconds
2,128,fine : 21.75 seconds
[[1406  508]
 [  18   78]]
acc: 0.738
f1: 0.229
[[1853   61]
 [  57   39]]
acc: 0.941
f1: 0.398
2,129,coarse : 21.97 seconds
2,129,fine : 21.99 seconds
[[1394  520]
 [  18   78]]
acc: 0.732
f1: 0.225
[[1853   61]
 [  57   39]]
acc: 0.941
f1: 0.398
2,130,coarse : 22.34 seconds
2,130,fine : 22.36 seconds
[[1395  519]
 [  18   78]]
acc: 0.733
f1: 0.225
[[1854   60]
 [  57   39]]
acc: 0.942
f1: 0.400
2,131,coarse : 22.59 seconds
2,131,fine : 22.61 seconds
[[1393  521]
 [  18   78]]
acc: 0.732
f1: 0.224
[[1853   61]
 [  57   39]]
acc: 0.941
f1: 0.398
2,132,coarse : 22.93 seconds
2,132,fine : 22.94 seconds
[[1395  519]
 [  18   78]]
acc: 0.733
f1: 0.225
[[1850   64]
 [  57   39]]
acc: 0.940
f1: 0.392
2,133,coarse : 22.74 seconds
2,133,fine : 22.76 seconds
[[1402  512]
 [  18   78]]
acc: 0.736
f1: 0.227
[[1850   64]
 [  57   39]]
acc: 0.940
f1: 0.392
2,134,coarse : 22.62 seconds
2,134,fine : 22.64 seconds
[[1400  514]
 [  18   78]]
acc: 0.735
f1: 0.227
[[1850   64]
 [  56   40]]
acc: 0.940
f1: 0.400
2,135,coarse : 23.34 seconds
2,135,fine : 23.35 seconds
[[1399  515]
 [  18   78]]
acc: 0.735
f1: 0.226
[[1849   65]
 [  55   41]]
acc: 0.940
f1: 0.406
2,136,coarse : 22.89 seconds
2,136,fine : 22.91 seconds
[[1398  516]
 [  18   78]]
acc: 0.734
f1: 0.226
[[1851   63]
 [  56   40]]
acc: 0.941
f1: 0.402
2,137,coarse : 23.22 seconds
2,137,fine : 23.24 seconds
[[1400  514]
 [  18   78]]
acc: 0.735
f1: 0.227
[[1848   66]
 [  56   40]]
acc: 0.939
f1: 0.396
2,138,coarse : 23.96 seconds
2,138,fine : 23.98 seconds
[[1400  514]
 [  18   78]]
acc: 0.735
f1: 0.227
[[1847   67]
 [  56   40]]
acc: 0.939
f1: 0.394
2,139,coarse : 24.11 seconds
2,139,fine : 24.13 seconds
[[1406  508]
 [  18   78]]
acc: 0.738
f1: 0.229
[[1848   66]
 [  56   40]]
acc: 0.939
f1: 0.396
2,140,coarse : 24.02 seconds
2,140,fine : 24.04 seconds
[[1410  504]
 [  18   78]]
acc: 0.740
f1: 0.230
[[1848   66]
 [  56   40]]
acc: 0.939
f1: 0.396
2,141,coarse : 23.91 seconds
2,141,fine : 23.93 seconds
[[1403  511]
 [  18   78]]
acc: 0.737
f1: 0.228
[[1845   69]
 [  56   40]]
acc: 0.938
f1: 0.390
2,142,coarse : 24.03 seconds
2,142,fine : 24.05 seconds
[[1398  516]
 [  18   78]]
acc: 0.734
f1: 0.226
[[1846   68]
 [  56   40]]
acc: 0.938
f1: 0.392
2,143,coarse : 24.6 seconds
2,143,fine : 24.62 seconds
[[1400  514]
 [  18   78]]
acc: 0.735
f1: 0.227
[[1846   68]
 [  56   40]]
acc: 0.938
f1: 0.392
2,144,coarse : 24.43 seconds
2,144,fine : 24.45 seconds
[[1404  510]
 [  18   78]]
acc: 0.737
f1: 0.228
[[1847   67]
 [  56   40]]
acc: 0.939
f1: 0.394
2,145,coarse : 24.42 seconds
2,145,fine : 24.44 seconds
[[1406  508]
 [  18   78]]
acc: 0.738
f1: 0.229
[[1847   67]
 [  57   39]]
acc: 0.938
f1: 0.386
2,146,coarse : 24.93 seconds
2,146,fine : 24.95 seconds
[[1403  511]
 [  19   77]]
acc: 0.736
f1: 0.225
[[1847   67]
 [  56   40]]
acc: 0.939
f1: 0.394
2,147,coarse : 24.73 seconds
2,147,fine : 24.75 seconds
[[1404  510]
 [  18   78]]
acc: 0.737
f1: 0.228
[[1847   67]
 [  58   38]]
acc: 0.938
f1: 0.378
2,148,coarse : 24.68 seconds
2,148,fine : 24.7 seconds
[[1406  508]
 [  18   78]]
acc: 0.738
f1: 0.229
[[1844   70]
 [  57   39]]
acc: 0.937
f1: 0.380
2,149,coarse : 25.33 seconds
2,149,fine : 25.35 seconds
[[1407  507]
 [  18   78]]
acc: 0.739
f1: 0.229
[[1844   70]
 [  56   40]]
acc: 0.937
f1: 0.388
2,150,coarse : 27.24 seconds
2,150,fine : 27.25 seconds
[[1407  507]
 [  17   79]]
acc: 0.739
f1: 0.232
[[1845   69]
 [  55   41]]
acc: 0.938
f1: 0.398
2,151,coarse : 25.4 seconds
2,151,fine : 25.42 seconds
[[1407  507]
 [  18   78]]
acc: 0.739
f1: 0.229
[[1844   70]
 [  54   42]]
acc: 0.938
f1: 0.404
2,152,coarse : 25.68 seconds
2,152,fine : 25.7 seconds
[[1411  503]
 [  18   78]]
acc: 0.741
f1: 0.230
[[1845   69]
 [  54   42]]
acc: 0.939
f1: 0.406
2,153,coarse : 26.03 seconds
2,153,fine : 26.05 seconds
[[1415  499]
 [  18   78]]
acc: 0.743
f1: 0.232
[[1844   70]
 [  54   42]]
acc: 0.938
f1: 0.404
2,154,coarse : 25.83 seconds
2,154,fine : 25.85 seconds
[[1417  497]
 [  18   78]]
acc: 0.744
f1: 0.232
[[1839   75]
 [  55   41]]
acc: 0.935
f1: 0.387
2,155,coarse : 26.51 seconds
2,155,fine : 26.53 seconds
[[1409  505]
 [  17   79]]
acc: 0.740
f1: 0.232
[[1840   74]
 [  55   41]]
acc: 0.936
f1: 0.389
2,156,coarse : 26.29 seconds
2,156,fine : 26.31 seconds
[[1407  507]
 [  17   79]]
acc: 0.739
f1: 0.232
[[1840   74]
 [  55   41]]
acc: 0.936
f1: 0.389
2,157,coarse : 27.06 seconds
2,157,fine : 27.08 seconds
[[1416  498]
 [  17   79]]
acc: 0.744
f1: 0.235
[[1838   76]
 [  55   41]]
acc: 0.935
f1: 0.385
2,158,coarse : 27.03 seconds
2,158,fine : 27.05 seconds
[[1412  502]
 [  17   79]]
acc: 0.742
f1: 0.233
[[1837   77]
 [  55   41]]
acc: 0.934
f1: 0.383
2,159,coarse : 27.42 seconds
2,159,fine : 27.44 seconds
[[1411  503]
 [  17   79]]
acc: 0.741
f1: 0.233
[[1837   77]
 [  55   41]]
acc: 0.934
f1: 0.383
2,160,coarse : 27.03 seconds
2,160,fine : 27.05 seconds
[[1407  507]
 [  17   79]]
acc: 0.739
f1: 0.232
[[1837   77]
 [  55   41]]
acc: 0.934
f1: 0.383
2,161,coarse : 27.95 seconds
2,161,fine : 27.97 seconds
[[1412  502]
 [  17   79]]
acc: 0.742
f1: 0.233
[[1839   75]
 [  55   41]]
acc: 0.935
f1: 0.387
2,162,coarse : 27.98 seconds
2,162,fine : 28.0 seconds
[[1406  508]
 [  17   79]]
acc: 0.739
f1: 0.231
[[1837   77]
 [  55   41]]
acc: 0.934
f1: 0.383
2,163,coarse : 27.92 seconds
2,163,fine : 27.94 seconds
[[1406  508]
 [  17   79]]
acc: 0.739
f1: 0.231
[[1835   79]
 [  55   41]]
acc: 0.933
f1: 0.380
2,164,coarse : 28.06 seconds
2,164,fine : 28.08 seconds
[[1403  511]
 [  17   79]]
acc: 0.737
f1: 0.230
[[1835   79]
 [  55   41]]
acc: 0.933
f1: 0.380
2,165,coarse : 28.6 seconds
2,165,fine : 28.62 seconds
[[1398  516]
 [  17   79]]
acc: 0.735
f1: 0.229
[[1837   77]
 [  55   41]]
acc: 0.934
f1: 0.383
2,166,coarse : 28.87 seconds
2,166,fine : 28.89 seconds
[[1401  513]
 [  17   79]]
acc: 0.736
f1: 0.230
[[1837   77]
 [  55   41]]
acc: 0.934
f1: 0.383
2,167,coarse : 28.55 seconds
2,167,fine : 28.57 seconds
[[1399  515]
 [  17   79]]
acc: 0.735
f1: 0.229
[[1837   77]
 [  54   42]]
acc: 0.935
f1: 0.391
2,168,coarse : 29.26 seconds
2,168,fine : 29.28 seconds
[[1397  517]
 [  17   79]]
acc: 0.734
f1: 0.228
[[1838   76]
 [  56   40]]
acc: 0.934
f1: 0.377
2,169,coarse : 28.38 seconds
2,169,fine : 28.4 seconds
[[1399  515]
 [  17   79]]
acc: 0.735
f1: 0.229
[[1838   76]
 [  55   41]]
acc: 0.935
f1: 0.385
2,170,coarse : 30.18 seconds
2,170,fine : 30.2 seconds
[[1403  511]
 [  17   79]]
acc: 0.737
f1: 0.230
[[1840   74]
 [  54   42]]
acc: 0.936
f1: 0.396
2,171,coarse : 29.41 seconds
2,171,fine : 29.43 seconds
[[1398  516]
 [  17   79]]
acc: 0.735
f1: 0.229
[[1840   74]
 [  55   41]]
acc: 0.936
f1: 0.389
2,172,coarse : 29.85 seconds
2,172,fine : 29.88 seconds
