all           0      1    2    3    4    5    6    7    8    
1      2010   1914   1    19   32   19   1    11   6    7    
2      2010   1914   1    19   32   19   1    11   6    7    
3      2010   1914   1    19   32   19   1    11   5    8    
4      2010   1914   1    19   32   19   1    10   6    8    
5      2010   1914   1    18   33   19   1    10   6    8    
6      2010   1914   1    18   33   19   1    10   6    8    
7      2010   1913   2    18   33   19   1    10   6    8    
8      2010   1913   2    18   33   19   1    10   6    8    
9      2009   1913   2    18   32   19   2    10   6    7    
10     2009   1913   1    19   32   19   1    11   6    7    
Total  20098  19136  13   185  324  190  11   104  59   76   
train         0      1    2    3    4    5    6    7    8    
2      2010   1914   1    19   32   19   1    11   6    7    
3      2010   1914   1    19   32   19   1    11   5    8    
4      2010   1914   1    19   32   19   1    10   6    8    
5      2010   1914   1    18   33   19   1    10   6    8    
6      2010   1914   1    18   33   19   1    10   6    8    
7      2010   1913   2    18   33   19   1    10   6    8    
8      2010   1913   2    18   33   19   1    10   6    8    
9      2009   1913   2    18   32   19   2    10   6    7    
10     2009   1913   1    19   32   19   1    11   6    7    
Total  18088  17222  12   166  292  171  10   93   53   69   
test          0      1    2    3    4    5    6    7    8    
1      2010   1914   1    19   32   19   1    11   6    7    
Total  2010   1914   1    19   32   19   1    11   6    7    
Classes             
0         17222     
1         12        
2         166       
3         292       
4         171       
5         10        
6         93        
7         53        
8         69        
Total     18088     

Shape: 450       

[952, 10, 11, 16, 11, 10, 10, 10, 10]
Sum start => 1040
[[ 203 1711]
 [   0   96]]
acc: 0.149
f1: 0.101
[[ 769 1145]
 [   8   88]]
acc: 0.426
f1: 0.132
1,1,coarse : 39.16 seconds
1,1,fine : 39.16 seconds
[[ 203 1711]
 [   0   96]]
acc: 0.149
f1: 0.101
[[ 769 1145]
 [   8   88]]
acc: 0.426
f1: 0.132
1,2,coarse : 40.87 seconds
1,2,fine : 40.87 seconds
[[ 210 1704]
 [   0   96]]
acc: 0.152
f1: 0.101
[[ 613 1301]
 [   7   89]]
acc: 0.349
f1: 0.120
1,3,coarse : 39.55 seconds
1,3,fine : 39.55 seconds
[[ 302 1612]
 [   0   96]]
acc: 0.198
f1: 0.106
[[ 697 1217]
 [  10   86]]
acc: 0.390
f1: 0.123
1,4,coarse : 40.23 seconds
1,4,fine : 40.23 seconds
[[ 363 1551]
 [   0   96]]
acc: 0.228
f1: 0.110
[[ 762 1152]
 [  11   85]]
acc: 0.421
f1: 0.128
1,5,coarse : 40.82 seconds
1,5,fine : 40.82 seconds
[[ 371 1543]
 [   0   96]]
acc: 0.232
f1: 0.111
[[ 689 1225]
 [  10   86]]
acc: 0.386
f1: 0.122
1,6,coarse : 40.01 seconds
1,6,fine : 40.01 seconds
[[ 395 1519]
 [   0   96]]
acc: 0.244
f1: 0.112
[[ 741 1173]
 [   9   87]]
acc: 0.412
f1: 0.128
1,7,coarse : 39.96 seconds
1,7,fine : 39.96 seconds
[[ 451 1463]
 [   0   96]]
acc: 0.272
f1: 0.116
[[ 774 1140]
 [   9   87]]
acc: 0.428
f1: 0.132
1,8,coarse : 40.42 seconds
1,8,fine : 40.43 seconds
[[ 455 1459]
 [   1   95]]
acc: 0.274
f1: 0.115
[[ 705 1209]
 [   7   89]]
acc: 0.395
f1: 0.128
1,9,coarse : 39.96 seconds
1,9,fine : 39.96 seconds
[[ 301 1613]
 [   0   96]]
acc: 0.198
f1: 0.106
[[ 647 1267]
 [   6   90]]
acc: 0.367
f1: 0.124
1,10,coarse : 39.97 seconds
1,10,fine : 39.97 seconds
[[ 310 1604]
 [   0   96]]
acc: 0.202
f1: 0.107
[[ 617 1297]
 [   6   90]]
acc: 0.352
f1: 0.121
1,11,coarse : 41.02 seconds
1,11,fine : 41.03 seconds
[[ 345 1569]
 [   0   96]]
acc: 0.219
f1: 0.109
[[ 623 1291]
 [   7   89]]
acc: 0.354
f1: 0.121
1,12,coarse : 40.24 seconds
1,12,fine : 40.24 seconds
[[ 393 1521]
 [   0   96]]
acc: 0.243
f1: 0.112
[[ 589 1325]
 [   6   90]]
acc: 0.338
f1: 0.119
1,13,coarse : 40.21 seconds
1,13,fine : 40.21 seconds
[[ 351 1563]
 [   0   96]]
acc: 0.222
f1: 0.109
[[ 624 1290]
 [   7   89]]
acc: 0.355
f1: 0.121
1,14,coarse : 40.93 seconds
1,14,fine : 40.93 seconds
[[ 345 1569]
 [   0   96]]
acc: 0.219
f1: 0.109
[[ 847 1067]
 [   8   88]]
acc: 0.465
f1: 0.141
1,15,coarse : 40.09 seconds
1,15,fine : 40.09 seconds
[[ 377 1537]
 [   0   96]]
acc: 0.235
f1: 0.111
[[ 854 1060]
 [   9   87]]
acc: 0.468
f1: 0.140
1,16,coarse : 39.95 seconds
1,16,fine : 39.96 seconds
[[ 422 1492]
 [   0   96]]
acc: 0.258
f1: 0.114
[[ 815 1099]
 [   8   88]]
acc: 0.449
f1: 0.137
1,17,coarse : 41.26 seconds
1,17,fine : 41.27 seconds
[[ 434 1480]
 [   1   95]]
acc: 0.263
f1: 0.114
[[ 823 1091]
 [   8   88]]
acc: 0.453
f1: 0.138
1,18,coarse : 40.18 seconds
1,18,fine : 40.18 seconds
[[ 434 1480]
 [   1   95]]
acc: 0.263
f1: 0.114
[[ 824 1090]
 [   8   88]]
acc: 0.454
f1: 0.138
1,19,coarse : 39.99 seconds
1,19,fine : 40.0 seconds
[[ 432 1482]
 [   1   95]]
acc: 0.262
f1: 0.114
[[ 821 1093]
 [   8   88]]
acc: 0.452
f1: 0.138
1,20,coarse : 41.04 seconds
1,20,fine : 41.04 seconds
[[ 363 1551]
 [   0   96]]
acc: 0.228
f1: 0.110
[[ 822 1092]
 [   8   88]]
acc: 0.453
f1: 0.138
1,21,coarse : 40.63 seconds
1,21,fine : 40.63 seconds
[[ 342 1572]
 [   0   96]]
acc: 0.218
f1: 0.109
[[ 796 1118]
 [   6   90]]
acc: 0.441
f1: 0.138
1,22,coarse : 40.4 seconds
1,22,fine : 40.41 seconds
[[ 321 1593]
 [   0   96]]
acc: 0.207
f1: 0.108
[[ 773 1141]
 [   6   90]]
acc: 0.429
f1: 0.136
1,23,coarse : 41.34 seconds
1,23,fine : 41.34 seconds
[[ 309 1605]
 [   1   95]]
acc: 0.201
f1: 0.106
[[ 720 1194]
 [   4   92]]
acc: 0.404
f1: 0.133
1,24,coarse : 40.84 seconds
1,24,fine : 40.85 seconds
[[ 348 1566]
 [   2   94]]
acc: 0.220
f1: 0.107
[[ 751 1163]
 [   4   92]]
acc: 0.419
f1: 0.136
1,25,coarse : 40.3 seconds
1,25,fine : 40.31 seconds
[[ 328 1586]
 [   1   95]]
acc: 0.210
f1: 0.107
[[ 742 1172]
 [   4   92]]
acc: 0.415
f1: 0.135
1,26,coarse : 41.63 seconds
1,26,fine : 41.64 seconds
[[ 319 1595]
 [   1   95]]
acc: 0.206
f1: 0.106
[[ 652 1262]
 [   4   92]]
acc: 0.370
f1: 0.127
1,27,coarse : 41.3 seconds
1,27,fine : 41.3 seconds
[[ 317 1597]
 [   1   95]]
acc: 0.205
f1: 0.106
[[ 534 1380]
 [   4   92]]
acc: 0.311
f1: 0.117
1,28,coarse : 41.14 seconds
1,28,fine : 41.15 seconds
[[ 321 1593]
 [   0   96]]
acc: 0.207
f1: 0.108
[[ 822 1092]
 [   6   90]]
acc: 0.454
f1: 0.141
1,29,coarse : 42.11 seconds
1,29,fine : 42.11 seconds
[[ 340 1574]
 [   0   96]]
acc: 0.217
f1: 0.109
[[ 827 1087]
 [   8   88]]
acc: 0.455
f1: 0.138
1,30,coarse : 41.33 seconds
1,30,fine : 41.34 seconds
[[ 296 1618]
 [   0   96]]
acc: 0.195
f1: 0.106
[[ 799 1115]
 [   7   89]]
acc: 0.442
f1: 0.137
1,31,coarse : 41.42 seconds
1,31,fine : 41.42 seconds
[[ 325 1589]
 [   0   96]]
acc: 0.209
f1: 0.108
[[ 798 1116]
 [   7   89]]
acc: 0.441
f1: 0.137
1,32,coarse : 41.32 seconds
1,32,fine : 41.32 seconds
[[ 325 1589]
 [   0   96]]
acc: 0.209
f1: 0.108
[[ 770 1144]
 [   6   90]]
acc: 0.428
f1: 0.135
1,33,coarse : 41.75 seconds
1,33,fine : 41.76 seconds
[[ 323 1591]
 [   0   96]]
acc: 0.208
f1: 0.108
[[ 770 1144]
 [   8   88]]
acc: 0.427
f1: 0.133
1,34,coarse : 41.55 seconds
1,34,fine : 41.56 seconds
[[ 299 1615]
 [   0   96]]
acc: 0.197
f1: 0.106
[[ 767 1147]
 [   8   88]]
acc: 0.425
f1: 0.132
1,35,coarse : 41.15 seconds
1,35,fine : 41.15 seconds
[[ 390 1524]
 [   1   95]]
acc: 0.241
f1: 0.111
[[ 755 1159]
 [   8   88]]
acc: 0.419
f1: 0.131
1,36,coarse : 41.9 seconds
1,36,fine : 41.9 seconds
[[ 390 1524]
 [   1   95]]
acc: 0.241
f1: 0.111
[[ 750 1164]
 [   8   88]]
acc: 0.417
f1: 0.131
1,37,coarse : 41.5 seconds
1,37,fine : 41.5 seconds
[[ 365 1549]
 [   1   95]]
acc: 0.229
f1: 0.109
[[ 751 1163]
 [   8   88]]
acc: 0.417
f1: 0.131
1,38,coarse : 41.35 seconds
1,38,fine : 41.36 seconds
[[ 365 1549]
 [   1   95]]
acc: 0.229
f1: 0.109
[[ 741 1173]
 [   8   88]]
acc: 0.412
f1: 0.130
1,39,coarse : 41.54 seconds
1,39,fine : 41.54 seconds
[[ 397 1517]
 [   1   95]]
acc: 0.245
f1: 0.111
[[ 743 1171]
 [   8   88]]
acc: 0.413
f1: 0.130
1,40,coarse : 42.35 seconds
1,40,fine : 42.36 seconds
[[ 438 1476]
 [   1   95]]
acc: 0.265
f1: 0.114
[[ 816 1098]
 [   8   88]]
acc: 0.450
f1: 0.137
1,41,coarse : 41.55 seconds
1,41,fine : 41.56 seconds
[[ 427 1487]
 [   1   95]]
acc: 0.260
f1: 0.113
[[ 814 1100]
 [   7   89]]
acc: 0.449
f1: 0.139
1,42,coarse : 41.45 seconds
1,42,fine : 41.45 seconds
[[ 396 1518]
 [   1   95]]
acc: 0.244
f1: 0.111
[[ 837 1077]
 [   8   88]]
acc: 0.460
f1: 0.140
1,43,coarse : 42.21 seconds
1,43,fine : 42.21 seconds
[[ 417 1497]
 [   1   95]]
acc: 0.255
f1: 0.113
[[ 836 1078]
 [   8   88]]
acc: 0.460
f1: 0.139
1,44,coarse : 41.66 seconds
1,44,fine : 41.66 seconds
[[ 445 1469]
 [   1   95]]
acc: 0.269
f1: 0.114
[[ 831 1083]
 [   8   88]]
acc: 0.457
f1: 0.139
1,45,coarse : 41.8 seconds
1,45,fine : 41.8 seconds
[[ 467 1447]
 [   1   95]]
acc: 0.280
f1: 0.116
[[ 821 1093]
 [   8   88]]
acc: 0.452
f1: 0.138
1,46,coarse : 41.42 seconds
1,46,fine : 41.43 seconds
[[ 447 1467]
 [   1   95]]
acc: 0.270
f1: 0.115
[[ 815 1099]
 [   8   88]]
acc: 0.449
f1: 0.137
1,47,coarse : 42.83 seconds
1,47,fine : 42.84 seconds
[[ 376 1538]
 [   1   95]]
acc: 0.234
f1: 0.110
[[ 816 1098]
 [   8   88]]
acc: 0.450
f1: 0.137
1,48,coarse : 42.11 seconds
1,48,fine : 42.12 seconds
[[ 381 1533]
 [   1   95]]
acc: 0.237
f1: 0.110
[[ 784 1130]
 [   8   88]]
acc: 0.434
f1: 0.134
1,49,coarse : 41.94 seconds
1,49,fine : 41.94 seconds
[[ 398 1516]
 [   1   95]]
acc: 0.245
f1: 0.111
[[ 800 1114]
 [   8   88]]
acc: 0.442
f1: 0.136
1,50,coarse : 45.64 seconds
1,50,fine : 45.65 seconds
[[ 394 1520]
 [   1   95]]
acc: 0.243
f1: 0.111
[[ 800 1114]
 [   8   88]]
acc: 0.442
f1: 0.136
1,51,coarse : 42.24 seconds
1,51,fine : 42.25 seconds
[[ 391 1523]
 [   1   95]]
acc: 0.242
f1: 0.111
[[ 792 1122]
 [   8   88]]
acc: 0.438
f1: 0.135
1,52,coarse : 42.38 seconds
1,52,fine : 42.39 seconds
[[ 414 1500]
 [   1   95]]
acc: 0.253
f1: 0.112
[[ 802 1112]
 [   8   88]]
acc: 0.443
f1: 0.136
1,53,coarse : 43.9 seconds
1,53,fine : 43.91 seconds
[[ 416 1498]
 [   1   95]]
acc: 0.254
f1: 0.112
[[ 799 1115]
 [   8   88]]
acc: 0.441
f1: 0.135
1,54,coarse : 42.03 seconds
1,54,fine : 42.04 seconds
[[ 443 1471]
 [   1   95]]
acc: 0.268
f1: 0.114
[[ 785 1129]
 [   8   88]]
acc: 0.434
f1: 0.134
1,55,coarse : 41.97 seconds
1,55,fine : 41.98 seconds
[[ 458 1456]
 [   1   95]]
acc: 0.275
f1: 0.115
[[ 775 1139]
 [   8   88]]
acc: 0.429
f1: 0.133
1,56,coarse : 41.65 seconds
1,56,fine : 41.65 seconds
[[ 465 1449]
 [   2   94]]
acc: 0.278
f1: 0.115
[[ 762 1152]
 [   8   88]]
acc: 0.423
f1: 0.132
1,57,coarse : 43.22 seconds
1,57,fine : 43.23 seconds
[[ 519 1395]
 [   2   94]]
acc: 0.305
f1: 0.119
[[ 747 1167]
 [   7   89]]
acc: 0.416
f1: 0.132
1,58,coarse : 42.24 seconds
1,58,fine : 42.24 seconds
[[ 530 1384]
 [   3   93]]
acc: 0.310
f1: 0.118
[[ 732 1182]
 [   6   90]]
acc: 0.409
f1: 0.132
1,59,coarse : 41.86 seconds
1,59,fine : 41.86 seconds
[[ 544 1370]
 [   4   92]]
acc: 0.316
f1: 0.118
[[ 706 1208]
 [   6   90]]
acc: 0.396
f1: 0.129
1,60,coarse : 42.28 seconds
1,60,fine : 42.29 seconds
[[ 538 1376]
 [   4   92]]
acc: 0.313
f1: 0.118
[[ 696 1218]
 [   6   90]]
acc: 0.391
f1: 0.128
1,61,coarse : 43.92 seconds
1,61,fine : 43.93 seconds
[[ 505 1409]
 [   3   93]]
acc: 0.298
f1: 0.116
[[ 697 1217]
 [   7   89]]
acc: 0.391
f1: 0.127
1,62,coarse : 42.37 seconds
1,62,fine : 42.38 seconds
[[ 498 1416]
 [   3   93]]
acc: 0.294
f1: 0.116
[[ 677 1237]
 [   7   89]]
acc: 0.381
f1: 0.125
1,63,coarse : 42.97 seconds
1,63,fine : 42.98 seconds
[[ 468 1446]
 [   3   93]]
acc: 0.279
f1: 0.114
[[ 680 1234]
 [   7   89]]
acc: 0.383
f1: 0.125
1,64,coarse : 42.4 seconds
1,64,fine : 42.41 seconds
[[ 516 1398]
 [   4   92]]
acc: 0.302
f1: 0.116
[[ 686 1228]
 [   7   89]]
acc: 0.386
f1: 0.126
1,65,coarse : 42.65 seconds
1,65,fine : 42.66 seconds
[[ 501 1413]
 [   3   93]]
acc: 0.296
f1: 0.116
[[ 680 1234]
 [   7   89]]
acc: 0.383
f1: 0.125
1,66,coarse : 43.6 seconds
1,66,fine : 43.61 seconds
[[ 484 1430]
 [   3   93]]
acc: 0.287
f1: 0.115
[[ 699 1215]
 [   4   92]]
acc: 0.394
f1: 0.131
1,67,coarse : 43.76 seconds
1,67,fine : 43.76 seconds
[[ 457 1457]
 [   3   93]]
acc: 0.274
f1: 0.113
[[ 742 1172]
 [   5   91]]
acc: 0.414
f1: 0.134
1,68,coarse : 43.69 seconds
1,68,fine : 43.7 seconds
[[ 446 1468]
 [   3   93]]
acc: 0.268
f1: 0.112
[[ 794 1120]
 [   4   92]]
acc: 0.441
f1: 0.141
1,69,coarse : 44.4 seconds
1,69,fine : 44.41 seconds
[[ 446 1468]
 [   3   93]]
acc: 0.268
f1: 0.112
[[ 811 1103]
 [   6   90]]
acc: 0.448
f1: 0.140
1,70,coarse : 44.8 seconds
1,70,fine : 44.81 seconds
[[ 457 1457]
 [   3   93]]
acc: 0.274
f1: 0.113
[[ 828 1086]
 [   6   90]]
acc: 0.457
f1: 0.142
1,71,coarse : 44.14 seconds
1,71,fine : 44.15 seconds
[[ 423 1491]
 [   3   93]]
acc: 0.257
f1: 0.111
[[ 818 1096]
 [   6   90]]
acc: 0.452
f1: 0.140
1,72,coarse : 44.69 seconds
1,72,fine : 44.71 seconds
[[ 414 1500]
 [   3   93]]
acc: 0.252
f1: 0.110
[[ 833 1081]
 [   6   90]]
acc: 0.459
f1: 0.142
1,73,coarse : 44.88 seconds
1,73,fine : 44.89 seconds
[[ 422 1492]
 [   3   93]]
acc: 0.256
f1: 0.111
[[ 829 1085]
 [   6   90]]
acc: 0.457
f1: 0.142
1,74,coarse : 44.55 seconds
1,74,fine : 44.56 seconds
[[ 419 1495]
 [   3   93]]
acc: 0.255
f1: 0.110
[[ 841 1073]
 [   6   90]]
acc: 0.463
f1: 0.143
1,75,coarse : 45.45 seconds
1,75,fine : 45.46 seconds
[[ 425 1489]
 [   3   93]]
acc: 0.258
f1: 0.111
[[ 863 1051]
 [   7   89]]
acc: 0.474
f1: 0.144
1,76,coarse : 44.35 seconds
1,76,fine : 44.36 seconds
[[ 432 1482]
 [   3   93]]
acc: 0.261
f1: 0.111
[[ 807 1107]
 [   7   89]]
acc: 0.446
f1: 0.138
1,77,coarse : 44.49 seconds
1,77,fine : 44.5 seconds
[[ 448 1466]
 [   3   93]]
acc: 0.269
f1: 0.112
[[ 808 1106]
 [   7   89]]
acc: 0.446
f1: 0.138
1,78,coarse : 44.66 seconds
1,78,fine : 44.67 seconds
[[ 489 1425]
 [   4   92]]
acc: 0.289
f1: 0.114
[[ 818 1096]
 [   7   89]]
acc: 0.451
f1: 0.139
1,79,coarse : 45.02 seconds
1,79,fine : 45.03 seconds
[[ 529 1385]
 [   4   92]]
acc: 0.309
f1: 0.117
[[ 869 1045]
 [   8   88]]
acc: 0.476
f1: 0.143
1,80,coarse : 46.15 seconds
1,80,fine : 46.16 seconds
[[ 492 1422]
 [   4   92]]
acc: 0.291
f1: 0.114
[[ 843 1071]
 [   8   88]]
acc: 0.463
f1: 0.140
1,81,coarse : 46.12 seconds
1,81,fine : 46.13 seconds
[[ 377 1537]
 [   3   93]]
acc: 0.234
f1: 0.108
[[ 853 1061]
 [   9   87]]
acc: 0.468
f1: 0.140
1,82,coarse : 45.63 seconds
1,82,fine : 45.64 seconds
[[ 346 1568]
 [   3   93]]
acc: 0.218
f1: 0.106
[[ 857 1057]
 [   9   87]]
acc: 0.470
f1: 0.140
1,83,coarse : 45.98 seconds
1,83,fine : 45.99 seconds
[[ 347 1567]
 [   3   93]]
acc: 0.219
f1: 0.106
[[ 863 1051]
 [   9   87]]
acc: 0.473
f1: 0.141
1,84,coarse : 46.28 seconds
1,84,fine : 46.29 seconds
[[ 352 1562]
 [   3   93]]
acc: 0.221
f1: 0.106
[[ 843 1071]
 [   9   87]]
acc: 0.463
f1: 0.139
1,85,coarse : 47.08 seconds
1,85,fine : 47.09 seconds
[[ 407 1507]
 [   3   93]]
acc: 0.249
f1: 0.110
[[ 890 1024]
 [   9   87]]
acc: 0.486
f1: 0.144
1,86,coarse : 47.13 seconds
1,86,fine : 47.14 seconds
[[ 411 1503]
 [   3   93]]
acc: 0.251
f1: 0.110
[[ 882 1032]
 [   9   87]]
acc: 0.482
f1: 0.143
1,87,coarse : 44.59 seconds
1,87,fine : 44.61 seconds
[[ 411 1503]
 [   3   93]]
acc: 0.251
f1: 0.110
[[ 857 1057]
 [   9   87]]
acc: 0.470
f1: 0.140
1,88,coarse : 43.05 seconds
1,88,fine : 43.07 seconds
[[ 398 1516]
 [   3   93]]
acc: 0.244
f1: 0.109
[[ 845 1069]
 [   8   88]]
acc: 0.464
f1: 0.140
1,89,coarse : 43.37 seconds
1,89,fine : 43.39 seconds
[[ 365 1549]
 [   3   93]]
acc: 0.228
f1: 0.107
[[ 839 1075]
 [   8   88]]
acc: 0.461
f1: 0.140
1,90,coarse : 43.14 seconds
1,90,fine : 43.15 seconds
[[ 390 1524]
 [   3   93]]
acc: 0.240
f1: 0.109
[[ 849 1065]
 [   8   88]]
acc: 0.466
f1: 0.141
1,91,coarse : 43.68 seconds
1,91,fine : 43.7 seconds
[[ 395 1519]
 [   4   92]]
acc: 0.242
f1: 0.108
[[ 870 1044]
 [   8   88]]
acc: 0.477
f1: 0.143
1,92,coarse : 43.73 seconds
1,92,fine : 43.74 seconds
[[ 374 1540]
 [   3   93]]
acc: 0.232
f1: 0.108
[[ 869 1045]
 [   8   88]]
acc: 0.476
f1: 0.143
1,93,coarse : 43.74 seconds
1,93,fine : 43.76 seconds
[[ 386 1528]
 [   4   92]]
acc: 0.238
f1: 0.107
[[ 839 1075]
 [   8   88]]
acc: 0.461
f1: 0.140
1,94,coarse : 44.66 seconds
1,94,fine : 44.68 seconds
[[ 432 1482]
 [   5   91]]
acc: 0.260
f1: 0.109
[[ 865 1049]
 [   8   88]]
acc: 0.474
f1: 0.143
1,95,coarse : 44.52 seconds
1,95,fine : 44.54 seconds
[[ 421 1493]
 [   5   91]]
acc: 0.255
f1: 0.108
[[ 860 1054]
 [   8   88]]
acc: 0.472
f1: 0.142
1,96,coarse : 44.23 seconds
1,96,fine : 44.24 seconds
[[ 440 1474]
 [   5   91]]
acc: 0.264
f1: 0.110
[[ 871 1043]
 [   8   88]]
acc: 0.477
f1: 0.143
1,97,coarse : 45.28 seconds
1,97,fine : 45.29 seconds
[[ 469 1445]
 [   5   91]]
acc: 0.279
f1: 0.112
[[ 834 1080]
 [   7   89]]
acc: 0.459
f1: 0.141
1,98,coarse : 44.69 seconds
1,98,fine : 44.7 seconds
[[ 497 1417]
 [   5   91]]
acc: 0.293
f1: 0.113
[[ 780 1134]
 [   6   90]]
acc: 0.433
f1: 0.136
1,99,coarse : 44.95 seconds
1,99,fine : 44.96 seconds
[[ 446 1468]
 [   5   91]]
acc: 0.267
f1: 0.110
[[ 767 1147]
 [   6   90]]
acc: 0.426
f1: 0.135
1,100,coarse : 47.11 seconds
1,100,fine : 47.13 seconds
[[ 460 1454]
 [   5   91]]
acc: 0.274
f1: 0.111
[[ 762 1152]
 [   7   89]]
acc: 0.423
f1: 0.133
1,101,coarse : 45.32 seconds
1,101,fine : 45.34 seconds
[[ 391 1523]
 [   4   92]]
acc: 0.240
f1: 0.108
[[ 671 1243]
 [   6   90]]
acc: 0.379
f1: 0.126
1,102,coarse : 46.88 seconds
1,102,fine : 46.89 seconds
[[ 466 1448]
 [   5   91]]
acc: 0.277
f1: 0.111
[[ 679 1235]
 [   5   91]]
acc: 0.383
f1: 0.128
1,103,coarse : 45.98 seconds
1,103,fine : 46.0 seconds
[[ 453 1461]
 [   5   91]]
acc: 0.271
f1: 0.110
[[ 672 1242]
 [   5   91]]
acc: 0.380
f1: 0.127
1,104,coarse : 44.83 seconds
1,104,fine : 44.85 seconds
[[ 487 1427]
 [   5   91]]
acc: 0.288
f1: 0.113
[[ 705 1209]
 [   5   91]]
acc: 0.396
f1: 0.130
1,105,coarse : 45.63 seconds
1,105,fine : 45.65 seconds
[[ 520 1394]
 [   5   91]]
acc: 0.304
f1: 0.115
[[ 735 1179]
 [   5   91]]
acc: 0.411
f1: 0.133
1,106,coarse : 44.62 seconds
1,106,fine : 44.64 seconds
[[ 502 1412]
 [   5   91]]
acc: 0.295
f1: 0.114
[[ 768 1146]
 [   5   91]]
acc: 0.427
f1: 0.137
1,107,coarse : 45.47 seconds
1,107,fine : 45.48 seconds
[[ 512 1402]
 [   5   91]]
acc: 0.300
f1: 0.115
[[ 776 1138]
 [   5   91]]
acc: 0.431
f1: 0.137
1,108,coarse : 45.36 seconds
1,108,fine : 45.38 seconds
[[ 480 1434]
 [   5   91]]
acc: 0.284
f1: 0.112
[[ 732 1182]
 [   5   91]]
acc: 0.409
f1: 0.133
1,109,coarse : 47.39 seconds
1,109,fine : 47.41 seconds
[[ 460 1454]
 [   5   91]]
acc: 0.274
f1: 0.111
[[ 784 1130]
 [   4   92]]
acc: 0.436
f1: 0.140
1,110,coarse : 47.54 seconds
1,110,fine : 47.56 seconds
[[ 418 1496]
 [   5   91]]
acc: 0.253
f1: 0.108
[[ 800 1114]
 [   5   91]]
acc: 0.443
f1: 0.140
1,111,coarse : 46.66 seconds
1,111,fine : 46.67 seconds
[[ 399 1515]
 [   5   91]]
acc: 0.244
f1: 0.107
[[ 810 1104]
 [   7   89]]
acc: 0.447
f1: 0.138
1,112,coarse : 49.28 seconds
1,112,fine : 49.29 seconds
[[ 432 1482]
 [   5   91]]
acc: 0.260
f1: 0.109
[[ 781 1133]
 [   5   91]]
acc: 0.434
f1: 0.138
1,113,coarse : 49.7 seconds
1,113,fine : 49.71 seconds
[[ 452 1462]
 [   5   91]]
acc: 0.270
f1: 0.110
[[ 790 1124]
 [   5   91]]
acc: 0.438
f1: 0.139
1,114,coarse : 48.66 seconds
1,114,fine : 48.67 seconds
[[ 445 1469]
 [   5   91]]
acc: 0.267
f1: 0.110
[[ 794 1120]
 [   5   91]]
acc: 0.440
f1: 0.139
1,115,coarse : 49.76 seconds
1,115,fine : 49.77 seconds
[[ 403 1511]
 [   5   91]]
acc: 0.246
f1: 0.107
[[ 819 1095]
 [   6   90]]
acc: 0.452
f1: 0.141
1,116,coarse : 49.76 seconds
1,116,fine : 49.77 seconds
[[ 417 1497]
 [   5   91]]
acc: 0.253
f1: 0.108
[[ 819 1095]
 [   6   90]]
acc: 0.452
f1: 0.141
1,117,coarse : 50.7 seconds
1,117,fine : 50.71 seconds
[[ 465 1449]
 [   5   91]]
acc: 0.277
f1: 0.111
[[ 815 1099]
 [   6   90]]
acc: 0.450
f1: 0.140
1,118,coarse : 51.27 seconds
1,118,fine : 51.28 seconds
[[ 484 1430]
 [   5   91]]
acc: 0.286
f1: 0.113
[[ 829 1085]
 [   6   90]]
acc: 0.457
f1: 0.142
1,119,coarse : 51.01 seconds
1,119,fine : 51.03 seconds
[[ 429 1485]
 [   5   91]]
acc: 0.259
f1: 0.109
[[ 845 1069]
 [   6   90]]
acc: 0.465
f1: 0.143
1,120,coarse : 52.04 seconds
1,120,fine : 52.05 seconds
[[ 413 1501]
 [   5   91]]
acc: 0.251
f1: 0.108
[[ 835 1079]
 [   4   92]]
acc: 0.461
f1: 0.145
1,121,coarse : 50.68 seconds
1,121,fine : 50.69 seconds
[[ 387 1527]
 [   5   91]]
acc: 0.238
f1: 0.106
[[1006  908]
 [   9   87]]
acc: 0.544
f1: 0.159
1,122,coarse : 50.06 seconds
1,122,fine : 50.08 seconds
[[ 396 1518]
 [   5   91]]
acc: 0.242
f1: 0.107
[[1019  895]
 [   9   87]]
acc: 0.550
f1: 0.161
1,123,coarse : 49.83 seconds
1,123,fine : 49.86 seconds
[[ 411 1503]
 [   5   91]]
acc: 0.250
f1: 0.108
[[1020  894]
 [  10   86]]
acc: 0.550
f1: 0.160
1,124,coarse : 51.11 seconds
1,124,fine : 51.12 seconds
[[ 447 1467]
 [   5   91]]
acc: 0.268
f1: 0.110
[[1035  879]
 [  10   86]]
acc: 0.558
f1: 0.162
1,125,coarse : 50.6 seconds
1,125,fine : 50.62 seconds
[[ 432 1482]
 [   5   91]]
acc: 0.260
f1: 0.109
[[1039  875]
 [  11   85]]
acc: 0.559
f1: 0.161
1,126,coarse : 51.49 seconds
1,126,fine : 51.51 seconds
[[ 432 1482]
 [   5   91]]
acc: 0.260
f1: 0.109
[[1051  863]
 [  12   84]]
acc: 0.565
f1: 0.161
1,127,coarse : 53.18 seconds
1,127,fine : 53.2 seconds
[[ 401 1513]
 [   4   92]]
acc: 0.245
f1: 0.108
[[1081  833]
 [  12   84]]
acc: 0.580
f1: 0.166
1,128,coarse : 51.93 seconds
1,128,fine : 51.94 seconds
[[ 390 1524]
 [   4   92]]
acc: 0.240
f1: 0.107
[[1085  829]
 [  11   85]]
acc: 0.582
f1: 0.168
1,129,coarse : 52.19 seconds
1,129,fine : 52.21 seconds
[[ 369 1545]
 [   4   92]]
acc: 0.229
f1: 0.106
[[1109  805]
 [  12   84]]
acc: 0.594
f1: 0.171
1,130,coarse : 52.76 seconds
1,130,fine : 52.78 seconds
[[ 349 1565]
 [   2   94]]
acc: 0.220
f1: 0.107
[[1118  796]
 [  12   84]]
acc: 0.598
f1: 0.172
1,131,coarse : 51.22 seconds
1,131,fine : 51.24 seconds
[[ 358 1556]
 [   3   93]]
acc: 0.224
f1: 0.107
[[1124  790]
 [  12   84]]
acc: 0.601
f1: 0.173
1,132,coarse : 52.36 seconds
1,132,fine : 52.44 seconds
[[ 359 1555]
 [   3   93]]
acc: 0.225
f1: 0.107
[[1117  797]
 [  11   85]]
acc: 0.598
f1: 0.174
1,133,coarse : 53.19 seconds
1,133,fine : 53.21 seconds
[[ 363 1551]
 [   3   93]]
acc: 0.227
f1: 0.107
[[1216  698]
 [  14   82]]
acc: 0.646
f1: 0.187
1,134,coarse : 52.14 seconds
1,134,fine : 52.15 seconds
[[ 363 1551]
 [   3   93]]
acc: 0.227
f1: 0.107
[[1107  807]
 [  11   85]]
acc: 0.593
f1: 0.172
1,135,coarse : 52.92 seconds
1,135,fine : 52.94 seconds
[[ 358 1556]
 [   3   93]]
acc: 0.224
f1: 0.107
[[1124  790]
 [  10   86]]
acc: 0.602
f1: 0.177
1,136,coarse : 52.8 seconds
1,136,fine : 52.83 seconds
[[ 340 1574]
 [   2   94]]
acc: 0.216
f1: 0.107
[[1126  788]
 [  10   86]]
acc: 0.603
f1: 0.177
1,137,coarse : 53.45 seconds
1,137,fine : 53.47 seconds
[[ 322 1592]
 [   2   94]]
acc: 0.207
f1: 0.105
[[1127  787]
 [  11   85]]
acc: 0.603
f1: 0.176
1,138,coarse : 53.48 seconds
1,138,fine : 53.5 seconds
[[ 334 1580]
 [   2   94]]
acc: 0.213
f1: 0.106
[[1141  773]
 [  10   86]]
acc: 0.610
f1: 0.180
1,139,coarse : 53.48 seconds
1,139,fine : 53.49 seconds
[[ 314 1600]
 [   1   95]]
acc: 0.203
f1: 0.106
[[1148  766]
 [  11   85]]
acc: 0.613
f1: 0.180
1,140,coarse : 53.18 seconds
1,140,fine : 53.21 seconds
[[ 381 1533]
 [   3   93]]
acc: 0.236
f1: 0.108
[[1121  793]
 [  12   84]]
acc: 0.600
f1: 0.173
1,141,coarse : 52.05 seconds
1,141,fine : 52.09 seconds
[[ 396 1518]
 [   3   93]]
acc: 0.243
f1: 0.109
[[1129  785]
 [  12   84]]
acc: 0.603
f1: 0.174
1,142,coarse : 55.07 seconds
1,142,fine : 55.09 seconds
[[ 347 1567]
 [   2   94]]
acc: 0.219
f1: 0.107
[[1126  788]
 [  12   84]]
acc: 0.602
f1: 0.174
1,143,coarse : 55.63 seconds
1,143,fine : 55.65 seconds
[[ 330 1584]
 [   1   95]]
acc: 0.211
f1: 0.107
[[1151  763]
 [  11   85]]
acc: 0.615
f1: 0.180
1,144,coarse : 52.77 seconds
1,144,fine : 52.78 seconds
[[ 326 1588]
 [   1   95]]
acc: 0.209
f1: 0.107
[[1172  742]
 [  11   85]]
acc: 0.625
f1: 0.184
1,145,coarse : 55.06 seconds
1,145,fine : 55.08 seconds
[[ 348 1566]
 [   2   94]]
acc: 0.220
f1: 0.107
[[1155  759]
 [  11   85]]
acc: 0.617
f1: 0.181
1,146,coarse : 54.49 seconds
1,146,fine : 54.5 seconds
[[ 379 1535]
 [   2   94]]
acc: 0.235
f1: 0.109
[[1135  779]
 [  10   86]]
acc: 0.607
f1: 0.179
1,147,coarse : 55.29 seconds
1,147,fine : 55.31 seconds
[[ 389 1525]
 [   2   94]]
acc: 0.240
f1: 0.110
[[1154  760]
 [  10   86]]
acc: 0.617
f1: 0.183
1,148,coarse : 54.6 seconds
1,148,fine : 54.62 seconds
[[ 401 1513]
 [   3   93]]
acc: 0.246
f1: 0.109
[[1134  780]
 [  10   86]]
acc: 0.607
f1: 0.179
1,149,coarse : 54.96 seconds
1,149,fine : 54.98 seconds
[[ 420 1494]
 [   5   91]]
acc: 0.254
f1: 0.108
[[1091  823]
 [  10   86]]
acc: 0.586
f1: 0.171
1,150,coarse : 56.41 seconds
1,150,fine : 56.43 seconds
[[ 459 1455]
 [   5   91]]
acc: 0.274
f1: 0.111
[[1080  834]
 [  10   86]]
acc: 0.580
f1: 0.169
1,151,coarse : 54.53 seconds
1,151,fine : 54.55 seconds
[[ 418 1496]
 [   5   91]]
acc: 0.253
f1: 0.108
[[1039  875]
 [  11   85]]
acc: 0.559
f1: 0.161
1,152,coarse : 55.84 seconds
1,152,fine : 55.86 seconds
[[ 449 1465]
 [   5   91]]
acc: 0.269
f1: 0.110
[[1061  853]
 [  11   85]]
acc: 0.570
f1: 0.164
1,153,coarse : 56.29 seconds
1,153,fine : 56.31 seconds
[[ 485 1429]
 [   5   91]]
acc: 0.287
f1: 0.113
[[1101  813]
 [  11   85]]
acc: 0.590
f1: 0.171
1,154,coarse : 56.34 seconds
1,154,fine : 56.35 seconds
[[ 498 1416]
 [   5   91]]
acc: 0.293
f1: 0.114
[[1065  849]
 [  10   86]]
acc: 0.573
f1: 0.167
1,155,coarse : 54.94 seconds
1,155,fine : 54.96 seconds
[[ 468 1446]
 [   5   91]]
acc: 0.278
f1: 0.111
[[1051  863]
 [  10   86]]
acc: 0.566
f1: 0.165
1,156,coarse : 56.44 seconds
1,156,fine : 56.45 seconds
[[ 431 1483]
 [   5   91]]
acc: 0.260
f1: 0.109
[[1107  807]
 [  10   86]]
acc: 0.594
f1: 0.174
1,157,coarse : 58.53 seconds
1,157,fine : 58.55 seconds
[[ 451 1463]
 [   5   91]]
acc: 0.270
f1: 0.110
[[1110  804]
 [  10   86]]
acc: 0.595
f1: 0.174
1,158,coarse : 58.08 seconds
1,158,fine : 58.1 seconds
[[ 466 1448]
 [   5   91]]
acc: 0.277
f1: 0.111
[[1090  824]
 [  11   85]]
acc: 0.585
f1: 0.169
1,159,coarse : 55.39 seconds
1,159,fine : 55.41 seconds
[[ 471 1443]
 [   5   91]]
acc: 0.280
f1: 0.112
[[1101  813]
 [   9   87]]
acc: 0.591
f1: 0.175
1,160,coarse : 56.38 seconds
1,160,fine : 56.4 seconds
[[ 498 1416]
 [   5   91]]
acc: 0.293
f1: 0.114
[[1076  838]
 [  11   85]]
acc: 0.578
f1: 0.167
1,161,coarse : 55.94 seconds
1,161,fine : 55.96 seconds
[[ 491 1423]
 [   5   91]]
acc: 0.290
f1: 0.113
[[1086  828]
 [   9   87]]
acc: 0.584
f1: 0.172
1,162,coarse : 53.56 seconds
1,162,fine : 53.58 seconds
[[ 536 1378]
 [   5   91]]
acc: 0.312
f1: 0.116
[[1144  770]
 [  10   86]]
acc: 0.612
f1: 0.181
1,163,coarse : 54.27 seconds
1,163,fine : 54.29 seconds
[[ 502 1412]
 [   5   91]]
acc: 0.295
f1: 0.114
[[1065  849]
 [   9   87]]
acc: 0.573
f1: 0.169
1,164,coarse : 54.37 seconds
1,164,fine : 54.39 seconds
[[ 506 1408]
 [   5   91]]
acc: 0.297
f1: 0.114
[[1066  848]
 [   9   87]]
acc: 0.574
f1: 0.169
1,165,coarse : 56.43 seconds
1,165,fine : 56.45 seconds
[[ 535 1379]
 [   5   91]]
acc: 0.311
f1: 0.116
[[1019  895]
 [   8   88]]
acc: 0.551
f1: 0.163
1,166,coarse : 57.41 seconds
1,166,fine : 57.43 seconds
[[ 563 1351]
 [   5   91]]
acc: 0.325
f1: 0.118
[[1009  905]
 [   7   89]]
acc: 0.546
f1: 0.163
1,167,coarse : 58.39 seconds
1,167,fine : 58.41 seconds
[[ 554 1360]
 [   5   91]]
acc: 0.321
f1: 0.118
[[1025  889]
 [   8   88]]
acc: 0.554
f1: 0.164
1,168,coarse : 56.0 seconds
1,168,fine : 56.02 seconds
[[ 574 1340]
 [   5   91]]
acc: 0.331
f1: 0.119
[[1010  904]
 [   9   87]]
acc: 0.546
f1: 0.160
1,169,coarse : 57.97 seconds
1,169,fine : 57.99 seconds
[[ 588 1326]
 [   5   91]]
acc: 0.338
f1: 0.120
[[1029  885]
 [   9   87]]
acc: 0.555
f1: 0.163
1,170,coarse : 57.4 seconds
1,170,fine : 57.42 seconds
[[ 636 1278]
 [   5   91]]
acc: 0.362
f1: 0.124
[[920 994]
 [  8  88]]
acc: 0.501
f1: 0.149
1,171,coarse : 55.7 seconds
1,171,fine : 55.74 seconds
[[ 649 1265]
 [   5   91]]
acc: 0.368
f1: 0.125
[[1803  111]
 [  65   31]]
acc: 0.912
f1: 0.261
1,172,coarse : 55.22 seconds
1,172,fine : 55.24 seconds
