all           0      1    2    3    4    5    6    7    8    
1      2010   1914   1    19   32   19   1    11   6    7    
2      2010   1914   1    19   32   19   1    11   6    7    
3      2010   1914   1    19   32   19   1    11   5    8    
4      2010   1914   1    19   32   19   1    10   6    8    
5      2010   1914   1    18   33   19   1    10   6    8    
6      2010   1914   1    18   33   19   1    10   6    8    
7      2010   1913   2    18   33   19   1    10   6    8    
8      2010   1913   2    18   33   19   1    10   6    8    
9      2009   1913   2    18   32   19   2    10   6    7    
10     2009   1913   1    19   32   19   1    11   6    7    
Total  20098  19136  13   185  324  190  11   104  59   76   
train         0      1    2    3    4    5    6    7    8    
1      2010   1914   1    19   32   19   1    11   6    7    
2      2010   1914   1    19   32   19   1    11   6    7    
3      2010   1914   1    19   32   19   1    11   5    8    
4      2010   1914   1    19   32   19   1    10   6    8    
5      2010   1914   1    18   33   19   1    10   6    8    
6      2010   1914   1    18   33   19   1    10   6    8    
8      2010   1913   2    18   33   19   1    10   6    8    
9      2009   1913   2    18   32   19   2    10   6    7    
10     2009   1913   1    19   32   19   1    11   6    7    
Total  18088  17223  11   167  291  171  10   94   53   68   
test          0      1    2    3    4    5    6    7    8    
7      2010   1913   2    18   33   19   1    10   6    8    
Total  2010   1913   2    18   33   19   1    10   6    8    
Classes             
0         17223     
1         11        
2         167       
3         291       
4         171       
5         10        
6         94        
7         53        
8         68        
Total     18088     

Shape: 450       

[952, 10, 11, 16, 11, 10, 10, 10, 10]
Sum start => 1040
[[ 336 1577]
 [   2   95]]
acc: 0.214
f1: 0.107
[[  92 1821]
 [   0   97]]
acc: 0.094
f1: 0.096
7,1,coarse : 39.1 seconds
7,1,fine : 39.1 seconds
[[ 336 1577]
 [   2   95]]
acc: 0.214
f1: 0.107
[[  92 1821]
 [   0   97]]
acc: 0.094
f1: 0.096
7,2,coarse : 40.49 seconds
7,2,fine : 40.49 seconds
[[ 448 1465]
 [   4   93]]
acc: 0.269
f1: 0.112
[[ 123 1790]
 [   0   97]]
acc: 0.109
f1: 0.098
7,3,coarse : 42.78 seconds
7,3,fine : 42.78 seconds
[[ 391 1522]
 [   2   95]]
acc: 0.242
f1: 0.111
[[ 141 1772]
 [   0   97]]
acc: 0.118
f1: 0.099
7,4,coarse : 42.68 seconds
7,4,fine : 42.68 seconds
[[ 256 1657]
 [   1   96]]
acc: 0.175
f1: 0.104
[[ 220 1693]
 [   0   97]]
acc: 0.158
f1: 0.103
7,5,coarse : 44.02 seconds
7,5,fine : 44.02 seconds
[[ 268 1645]
 [   1   96]]
acc: 0.181
f1: 0.104
[[ 242 1671]
 [   0   97]]
acc: 0.169
f1: 0.104
7,6,coarse : 43.13 seconds
7,6,fine : 43.13 seconds
[[ 453 1460]
 [   3   94]]
acc: 0.272
f1: 0.114
[[ 247 1666]
 [   0   97]]
acc: 0.171
f1: 0.104
7,7,coarse : 43.03 seconds
7,7,fine : 43.03 seconds
[[ 454 1459]
 [   2   95]]
acc: 0.273
f1: 0.115
[[ 244 1669]
 [   0   97]]
acc: 0.170
f1: 0.104
7,8,coarse : 44.73 seconds
7,8,fine : 44.73 seconds
[[ 447 1466]
 [   2   95]]
acc: 0.270
f1: 0.115
[[ 252 1661]
 [   0   97]]
acc: 0.174
f1: 0.105
7,9,coarse : 42.84 seconds
7,9,fine : 42.84 seconds
[[ 507 1406]
 [   3   94]]
acc: 0.299
f1: 0.118
[[ 243 1670]
 [   2   95]]
acc: 0.168
f1: 0.102
7,10,coarse : 42.62 seconds
7,10,fine : 42.62 seconds
[[ 432 1481]
 [   2   95]]
acc: 0.262
f1: 0.114
[[ 259 1654]
 [   2   95]]
acc: 0.176
f1: 0.103
7,11,coarse : 43.41 seconds
7,11,fine : 43.42 seconds
[[ 517 1396]
 [   3   94]]
acc: 0.304
f1: 0.118
[[ 243 1670]
 [   1   96]]
acc: 0.169
f1: 0.103
7,12,coarse : 42.59 seconds
7,12,fine : 42.59 seconds
[[ 477 1436]
 [   2   95]]
acc: 0.285
f1: 0.117
[[ 145 1768]
 [   1   96]]
acc: 0.120
f1: 0.098
7,13,coarse : 43.19 seconds
7,13,fine : 43.19 seconds
[[ 577 1336]
 [   4   93]]
acc: 0.333
f1: 0.122
[[ 128 1785]
 [   1   96]]
acc: 0.111
f1: 0.097
7,14,coarse : 43.96 seconds
7,14,fine : 43.96 seconds
[[ 542 1371]
 [   4   93]]
acc: 0.316
f1: 0.119
[[ 109 1804]
 [   2   95]]
acc: 0.101
f1: 0.095
7,15,coarse : 42.74 seconds
7,15,fine : 42.74 seconds
[[ 624 1289]
 [   4   93]]
acc: 0.357
f1: 0.126
[[  95 1818]
 [   0   97]]
acc: 0.096
f1: 0.096
7,16,coarse : 42.55 seconds
7,16,fine : 42.56 seconds
[[ 533 1380]
 [   4   93]]
acc: 0.311
f1: 0.118
[[  92 1821]
 [   2   95]]
acc: 0.093
f1: 0.094
7,17,coarse : 43.43 seconds
7,17,fine : 43.43 seconds
[[ 456 1457]
 [   3   94]]
acc: 0.274
f1: 0.114
[[  78 1835]
 [   0   97]]
acc: 0.087
f1: 0.096
7,18,coarse : 42.47 seconds
7,18,fine : 42.49 seconds
[[ 455 1458]
 [   3   94]]
acc: 0.273
f1: 0.114
[[  72 1841]
 [   0   97]]
acc: 0.084
f1: 0.095
7,19,coarse : 42.59 seconds
7,19,fine : 42.59 seconds
[[ 449 1464]
 [   3   94]]
acc: 0.270
f1: 0.114
[[  75 1838]
 [   0   97]]
acc: 0.086
f1: 0.095
7,20,coarse : 43.45 seconds
7,20,fine : 43.45 seconds
[[ 405 1508]
 [   3   94]]
acc: 0.248
f1: 0.111
[[  73 1840]
 [   0   97]]
acc: 0.085
f1: 0.095
7,21,coarse : 42.27 seconds
7,21,fine : 42.27 seconds
[[ 506 1407]
 [   3   94]]
acc: 0.299
f1: 0.118
[[  71 1842]
 [   0   97]]
acc: 0.084
f1: 0.095
7,22,coarse : 42.3 seconds
7,22,fine : 42.31 seconds
[[ 500 1413]
 [   3   94]]
acc: 0.296
f1: 0.117
[[  66 1847]
 [   0   97]]
acc: 0.081
f1: 0.095
7,23,coarse : 43.48 seconds
7,23,fine : 43.48 seconds
[[ 491 1422]
 [   3   94]]
acc: 0.291
f1: 0.117
[[  55 1858]
 [   0   97]]
acc: 0.076
f1: 0.095
7,24,coarse : 42.65 seconds
7,24,fine : 42.66 seconds
[[ 369 1544]
 [   2   95]]
acc: 0.231
f1: 0.109
[[  57 1856]
 [   0   97]]
acc: 0.077
f1: 0.095
7,25,coarse : 42.34 seconds
7,25,fine : 42.34 seconds
[[ 340 1573]
 [   2   95]]
acc: 0.216
f1: 0.108
[[  59 1854]
 [   0   97]]
acc: 0.078
f1: 0.095
7,26,coarse : 43.26 seconds
7,26,fine : 43.26 seconds
[[ 269 1644]
 [   2   95]]
acc: 0.181
f1: 0.103
[[  58 1855]
 [   0   97]]
acc: 0.077
f1: 0.095
7,27,coarse : 42.26 seconds
7,27,fine : 42.27 seconds
[[ 275 1638]
 [   2   95]]
acc: 0.184
f1: 0.104
[[  51 1862]
 [   0   97]]
acc: 0.074
f1: 0.094
7,28,coarse : 42.2 seconds
7,28,fine : 42.2 seconds
[[ 251 1662]
 [   1   96]]
acc: 0.173
f1: 0.104
[[  51 1862]
 [   0   97]]
acc: 0.074
f1: 0.094
7,29,coarse : 43.32 seconds
7,29,fine : 43.33 seconds
[[ 264 1649]
 [   2   95]]
acc: 0.179
f1: 0.103
[[  46 1867]
 [   0   97]]
acc: 0.071
f1: 0.094
7,30,coarse : 42.14 seconds
7,30,fine : 42.15 seconds
[[ 286 1627]
 [   2   95]]
acc: 0.190
f1: 0.104
[[  46 1867]
 [   0   97]]
acc: 0.071
f1: 0.094
7,31,coarse : 42.4 seconds
7,31,fine : 42.41 seconds
[[ 299 1614]
 [   2   95]]
acc: 0.196
f1: 0.105
[[  50 1863]
 [   0   97]]
acc: 0.073
f1: 0.094
7,32,coarse : 42.29 seconds
7,32,fine : 42.3 seconds
[[ 311 1602]
 [   2   95]]
acc: 0.202
f1: 0.106
[[  50 1863]
 [   0   97]]
acc: 0.073
f1: 0.094
7,33,coarse : 43.19 seconds
7,33,fine : 43.2 seconds
[[ 251 1662]
 [   2   95]]
acc: 0.172
f1: 0.102
[[  47 1866]
 [   0   97]]
acc: 0.072
f1: 0.094
7,34,coarse : 42.41 seconds
7,34,fine : 42.41 seconds
[[ 404 1509]
 [   2   95]]
acc: 0.248
f1: 0.112
[[  46 1867]
 [   0   97]]
acc: 0.071
f1: 0.094
7,35,coarse : 42.63 seconds
7,35,fine : 42.64 seconds
[[ 469 1444]
 [   2   95]]
acc: 0.281
f1: 0.116
[[  46 1867]
 [   0   97]]
acc: 0.071
f1: 0.094
7,36,coarse : 43.16 seconds
7,36,fine : 43.17 seconds
[[ 495 1418]
 [   2   95]]
acc: 0.294
f1: 0.118
[[  35 1878]
 [   0   97]]
acc: 0.066
f1: 0.094
7,37,coarse : 42.58 seconds
7,37,fine : 42.59 seconds
[[ 498 1415]
 [   2   95]]
acc: 0.295
f1: 0.118
[[  34 1879]
 [   0   97]]
acc: 0.065
f1: 0.094
7,38,coarse : 42.81 seconds
7,38,fine : 42.81 seconds
[[ 531 1382]
 [   2   95]]
acc: 0.311
f1: 0.121
[[  34 1879]
 [   0   97]]
acc: 0.065
f1: 0.094
7,39,coarse : 42.37 seconds
7,39,fine : 42.38 seconds
[[ 576 1337]
 [   2   95]]
acc: 0.334
f1: 0.124
[[  28 1885]
 [   0   97]]
acc: 0.062
f1: 0.093
7,40,coarse : 43.33 seconds
7,40,fine : 43.34 seconds
[[ 403 1510]
 [   2   95]]
acc: 0.248
f1: 0.112
[[  31 1882]
 [   0   97]]
acc: 0.064
f1: 0.093
7,41,coarse : 42.64 seconds
7,41,fine : 42.65 seconds
[[ 489 1424]
 [   2   95]]
acc: 0.291
f1: 0.118
[[  29 1884]
 [   0   97]]
acc: 0.063
f1: 0.093
7,42,coarse : 42.27 seconds
7,42,fine : 42.28 seconds
[[ 466 1447]
 [   2   95]]
acc: 0.279
f1: 0.116
[[  28 1885]
 [   0   97]]
acc: 0.062
f1: 0.093
7,43,coarse : 42.97 seconds
7,43,fine : 42.97 seconds
[[ 516 1397]
 [   2   95]]
acc: 0.304
f1: 0.120
[[  28 1885]
 [   0   97]]
acc: 0.062
f1: 0.093
7,44,coarse : 41.98 seconds
7,44,fine : 41.98 seconds
[[ 416 1497]
 [   2   95]]
acc: 0.254
f1: 0.112
[[  27 1886]
 [   0   97]]
acc: 0.062
f1: 0.093
7,45,coarse : 42.13 seconds
7,45,fine : 42.14 seconds
[[ 469 1444]
 [   2   95]]
acc: 0.281
f1: 0.116
[[  34 1879]
 [   0   97]]
acc: 0.065
f1: 0.094
7,46,coarse : 42.09 seconds
7,46,fine : 42.1 seconds
[[ 476 1437]
 [   2   95]]
acc: 0.284
f1: 0.117
[[  34 1879]
 [   0   97]]
acc: 0.065
f1: 0.094
7,47,coarse : 43.2 seconds
7,47,fine : 43.2 seconds
[[ 468 1445]
 [   2   95]]
acc: 0.280
f1: 0.116
[[  33 1880]
 [   0   97]]
acc: 0.065
f1: 0.094
7,48,coarse : 42.15 seconds
7,48,fine : 42.15 seconds
[[ 492 1421]
 [   2   95]]
acc: 0.292
f1: 0.118
[[  38 1875]
 [   0   97]]
acc: 0.067
f1: 0.094
7,49,coarse : 42.45 seconds
7,49,fine : 42.46 seconds
[[ 363 1550]
 [   2   95]]
acc: 0.228
f1: 0.109
[[  36 1877]
 [   0   97]]
acc: 0.066
f1: 0.094
7,50,coarse : 45.3 seconds
7,50,fine : 45.31 seconds
[[ 336 1577]
 [   2   95]]
acc: 0.214
f1: 0.107
[[  35 1878]
 [   0   97]]
acc: 0.066
f1: 0.094
7,51,coarse : 42.39 seconds
7,51,fine : 42.39 seconds
[[ 361 1552]
 [   2   95]]
acc: 0.227
f1: 0.109
[[  34 1879]
 [   0   97]]
acc: 0.065
f1: 0.094
7,52,coarse : 42.51 seconds
7,52,fine : 42.52 seconds
[[ 411 1502]
 [   2   95]]
acc: 0.252
f1: 0.112
[[  34 1879]
 [   0   97]]
acc: 0.065
f1: 0.094
7,53,coarse : 43.62 seconds
7,53,fine : 43.63 seconds
[[ 518 1395]
 [   2   95]]
acc: 0.305
f1: 0.120
[[  33 1880]
 [   0   97]]
acc: 0.065
f1: 0.094
7,54,coarse : 42.97 seconds
7,54,fine : 42.98 seconds
[[ 439 1474]
 [   2   95]]
acc: 0.266
f1: 0.114
[[  31 1882]
 [   0   97]]
acc: 0.064
f1: 0.093
7,55,coarse : 42.71 seconds
7,55,fine : 42.72 seconds
[[ 437 1476]
 [   2   95]]
acc: 0.265
f1: 0.114
[[  30 1883]
 [   0   97]]
acc: 0.063
f1: 0.093
7,56,coarse : 42.2 seconds
7,56,fine : 42.21 seconds
[[ 414 1499]
 [   2   95]]
acc: 0.253
f1: 0.112
[[  31 1882]
 [   0   97]]
acc: 0.064
f1: 0.093
7,57,coarse : 43.46 seconds
7,57,fine : 43.47 seconds
[[ 339 1574]
 [   2   95]]
acc: 0.216
f1: 0.108
[[  28 1885]
 [   0   97]]
acc: 0.062
f1: 0.093
7,58,coarse : 42.9 seconds
7,58,fine : 42.91 seconds
[[ 299 1614]
 [   2   95]]
acc: 0.196
f1: 0.105
[[  28 1885]
 [   0   97]]
acc: 0.062
f1: 0.093
7,59,coarse : 41.94 seconds
7,59,fine : 41.95 seconds
[[ 312 1601]
 [   2   95]]
acc: 0.202
f1: 0.106
[[  28 1885]
 [   0   97]]
acc: 0.062
f1: 0.093
7,60,coarse : 42.87 seconds
7,60,fine : 42.88 seconds
[[ 323 1590]
 [   2   95]]
acc: 0.208
f1: 0.107
[[  28 1885]
 [   0   97]]
acc: 0.062
f1: 0.093
7,61,coarse : 42.47 seconds
7,61,fine : 42.48 seconds
[[ 277 1636]
 [   2   95]]
acc: 0.185
f1: 0.104
[[  29 1884]
 [   0   97]]
acc: 0.063
f1: 0.093
7,62,coarse : 43.44 seconds
7,62,fine : 43.45 seconds
[[ 323 1590]
 [   2   95]]
acc: 0.208
f1: 0.107
[[  28 1885]
 [   0   97]]
acc: 0.062
f1: 0.093
7,63,coarse : 43.09 seconds
7,63,fine : 43.09 seconds
[[ 312 1601]
 [   2   95]]
acc: 0.202
f1: 0.106
[[  26 1887]
 [   0   97]]
acc: 0.061
f1: 0.093
7,64,coarse : 43.41 seconds
7,64,fine : 43.42 seconds
[[ 298 1615]
 [   2   95]]
acc: 0.196
f1: 0.105
[[  27 1886]
 [   0   97]]
acc: 0.062
f1: 0.093
7,65,coarse : 43.03 seconds
7,65,fine : 43.04 seconds
[[ 295 1618]
 [   2   95]]
acc: 0.194
f1: 0.105
[[  27 1886]
 [   0   97]]
acc: 0.062
f1: 0.093
7,66,coarse : 43.82 seconds
7,66,fine : 43.83 seconds
[[ 272 1641]
 [   2   95]]
acc: 0.183
f1: 0.104
[[  26 1887]
 [   0   97]]
acc: 0.061
f1: 0.093
7,67,coarse : 43.34 seconds
7,67,fine : 43.35 seconds
[[ 272 1641]
 [   2   95]]
acc: 0.183
f1: 0.104
[[  23 1890]
 [   0   97]]
acc: 0.060
f1: 0.093
7,68,coarse : 42.8 seconds
7,68,fine : 42.81 seconds
[[ 269 1644]
 [   2   95]]
acc: 0.181
f1: 0.103
[[  26 1887]
 [   0   97]]
acc: 0.061
f1: 0.093
7,69,coarse : 43.17 seconds
7,69,fine : 43.18 seconds
[[ 268 1645]
 [   2   95]]
acc: 0.181
f1: 0.103
[[  23 1890]
 [   0   97]]
acc: 0.060
f1: 0.093
7,70,coarse : 43.12 seconds
7,70,fine : 43.13 seconds
[[ 279 1634]
 [   2   95]]
acc: 0.186
f1: 0.104
[[  23 1890]
 [   0   97]]
acc: 0.060
f1: 0.093
7,71,coarse : 43.59 seconds
7,71,fine : 43.6 seconds
[[ 251 1662]
 [   2   95]]
acc: 0.172
f1: 0.102
[[  21 1892]
 [   0   97]]
acc: 0.059
f1: 0.093
7,72,coarse : 42.38 seconds
7,72,fine : 42.41 seconds
[[ 271 1642]
 [   2   95]]
acc: 0.182
f1: 0.104
[[  21 1892]
 [   0   97]]
acc: 0.059
f1: 0.093
7,73,coarse : 42.84 seconds
7,73,fine : 42.87 seconds
[[ 288 1625]
 [   2   95]]
acc: 0.191
f1: 0.105
[[  21 1892]
 [   0   97]]
acc: 0.059
f1: 0.093
7,74,coarse : 42.42 seconds
7,74,fine : 42.43 seconds
[[ 302 1611]
 [   2   95]]
acc: 0.198
f1: 0.105
[[  21 1892]
 [   0   97]]
acc: 0.059
f1: 0.093
7,75,coarse : 43.35 seconds
7,75,fine : 43.36 seconds
[[ 315 1598]
 [   2   95]]
acc: 0.204
f1: 0.106
[[  21 1892]
 [   0   97]]
acc: 0.059
f1: 0.093
7,76,coarse : 42.87 seconds
7,76,fine : 42.88 seconds
[[ 331 1582]
 [   2   95]]
acc: 0.212
f1: 0.107
[[  21 1892]
 [   0   97]]
acc: 0.059
f1: 0.093
7,77,coarse : 43.24 seconds
7,77,fine : 43.25 seconds
[[ 303 1610]
 [   2   95]]
acc: 0.198
f1: 0.105
[[  21 1892]
 [   0   97]]
acc: 0.059
f1: 0.093
7,78,coarse : 42.55 seconds
7,78,fine : 42.57 seconds
[[ 286 1627]
 [   2   95]]
acc: 0.190
f1: 0.104
[[  20 1893]
 [   0   97]]
acc: 0.058
f1: 0.093
7,79,coarse : 43.08 seconds
7,79,fine : 43.09 seconds
[[ 273 1640]
 [   2   95]]
acc: 0.183
f1: 0.104
[[  20 1893]
 [   0   97]]
acc: 0.058
f1: 0.093
7,80,coarse : 43.59 seconds
7,80,fine : 43.6 seconds
[[ 266 1647]
 [   2   95]]
acc: 0.180
f1: 0.103
[[  20 1893]
 [   0   97]]
acc: 0.058
f1: 0.093
7,81,coarse : 42.65 seconds
7,81,fine : 42.66 seconds
[[ 230 1683]
 [   2   95]]
acc: 0.162
f1: 0.101
[[  20 1893]
 [   0   97]]
acc: 0.058
f1: 0.093
7,82,coarse : 42.67 seconds
7,82,fine : 42.69 seconds
[[ 222 1691]
 [   2   95]]
acc: 0.158
f1: 0.101
[[  19 1894]
 [   0   97]]
acc: 0.058
f1: 0.093
7,83,coarse : 43.07 seconds
7,83,fine : 43.08 seconds
[[ 194 1719]
 [   1   96]]
acc: 0.144
f1: 0.100
[[  19 1894]
 [   0   97]]
acc: 0.058
f1: 0.093
7,84,coarse : 42.18 seconds
7,84,fine : 42.2 seconds
[[ 179 1734]
 [   1   96]]
acc: 0.137
f1: 0.100
[[  21 1892]
 [   0   97]]
acc: 0.059
f1: 0.093
7,85,coarse : 43.32 seconds
7,85,fine : 43.33 seconds
[[ 157 1756]
 [   1   96]]
acc: 0.126
f1: 0.099
[[  21 1892]
 [   0   97]]
acc: 0.059
f1: 0.093
7,86,coarse : 42.92 seconds
7,86,fine : 42.93 seconds
[[ 159 1754]
 [   1   96]]
acc: 0.127
f1: 0.099
[[  21 1892]
 [   0   97]]
acc: 0.059
f1: 0.093
7,87,coarse : 42.29 seconds
7,87,fine : 42.31 seconds
[[ 159 1754]
 [   1   96]]
acc: 0.127
f1: 0.099
[[  20 1893]
 [   0   97]]
acc: 0.058
f1: 0.093
7,88,coarse : 42.75 seconds
7,88,fine : 42.77 seconds
[[ 147 1766]
 [   1   96]]
acc: 0.121
f1: 0.098
[[  20 1893]
 [   0   97]]
acc: 0.058
f1: 0.093
7,89,coarse : 42.37 seconds
7,89,fine : 42.39 seconds
[[ 145 1768]
 [   1   96]]
acc: 0.120
f1: 0.098
[[  20 1893]
 [   0   97]]
acc: 0.058
f1: 0.093
7,90,coarse : 42.59 seconds
7,90,fine : 42.6 seconds
[[ 141 1772]
 [   0   97]]
acc: 0.118
f1: 0.099
[[  21 1892]
 [   0   97]]
acc: 0.059
f1: 0.093
7,91,coarse : 42.4 seconds
7,91,fine : 42.41 seconds
[[ 155 1758]
 [   0   97]]
acc: 0.125
f1: 0.099
[[  25 1888]
 [   0   97]]
acc: 0.061
f1: 0.093
7,92,coarse : 43.51 seconds
7,92,fine : 43.52 seconds
[[ 148 1765]
 [   0   97]]
acc: 0.122
f1: 0.099
[[  25 1888]
 [   0   97]]
acc: 0.061
f1: 0.093
7,93,coarse : 42.49 seconds
7,93,fine : 42.52 seconds
[[ 141 1772]
 [   0   97]]
acc: 0.118
f1: 0.099
[[  25 1888]
 [   0   97]]
acc: 0.061
f1: 0.093
7,94,coarse : 42.67 seconds
7,94,fine : 42.68 seconds
[[ 146 1767]
 [   0   97]]
acc: 0.121
f1: 0.099
[[  25 1888]
 [   0   97]]
acc: 0.061
f1: 0.093
7,95,coarse : 42.88 seconds
7,95,fine : 42.89 seconds
[[ 140 1773]
 [   0   97]]
acc: 0.118
f1: 0.099
[[  25 1888]
 [   0   97]]
acc: 0.061
f1: 0.093
7,96,coarse : 42.73 seconds
7,96,fine : 42.75 seconds
[[ 140 1773]
 [   0   97]]
acc: 0.118
f1: 0.099
[[  24 1889]
 [   0   97]]
acc: 0.060
f1: 0.093
7,97,coarse : 42.93 seconds
7,97,fine : 42.94 seconds
[[ 137 1776]
 [   0   97]]
acc: 0.116
f1: 0.098
[[  24 1889]
 [   0   97]]
acc: 0.060
f1: 0.093
7,98,coarse : 43.94 seconds
7,98,fine : 43.98 seconds
[[ 135 1778]
 [   0   97]]
acc: 0.115
f1: 0.098
[[  24 1889]
 [   0   97]]
acc: 0.060
f1: 0.093
7,99,coarse : 42.64 seconds
7,99,fine : 42.66 seconds
[[ 137 1776]
 [   0   97]]
acc: 0.116
f1: 0.098
[[  24 1889]
 [   0   97]]
acc: 0.060
f1: 0.093
7,100,coarse : 44.2 seconds
7,100,fine : 44.21 seconds
[[ 110 1803]
 [   0   97]]
acc: 0.103
f1: 0.097
[[  24 1889]
 [   0   97]]
acc: 0.060
f1: 0.093
7,101,coarse : 42.71 seconds
7,101,fine : 42.73 seconds
[[  78 1835]
 [   0   97]]
acc: 0.087
f1: 0.096
[[  23 1890]
 [   0   97]]
acc: 0.060
f1: 0.093
7,102,coarse : 43.22 seconds
7,102,fine : 43.23 seconds
[[  80 1833]
 [   0   97]]
acc: 0.088
f1: 0.096
[[  23 1890]
 [   0   97]]
acc: 0.060
f1: 0.093
7,103,coarse : 42.64 seconds
7,103,fine : 42.65 seconds
[[  78 1835]
 [   0   97]]
acc: 0.087
f1: 0.096
[[  23 1890]
 [   0   97]]
acc: 0.060
f1: 0.093
7,104,coarse : 42.6 seconds
7,104,fine : 42.61 seconds
[[  72 1841]
 [   0   97]]
acc: 0.084
f1: 0.095
[[  23 1890]
 [   0   97]]
acc: 0.060
f1: 0.093
7,105,coarse : 42.26 seconds
7,105,fine : 42.28 seconds
[[  70 1843]
 [   0   97]]
acc: 0.083
f1: 0.095
[[  23 1890]
 [   0   97]]
acc: 0.060
f1: 0.093
7,106,coarse : 42.15 seconds
7,106,fine : 42.17 seconds
[[  73 1840]
 [   0   97]]
acc: 0.085
f1: 0.095
[[  23 1890]
 [   0   97]]
acc: 0.060
f1: 0.093
7,107,coarse : 43.13 seconds
7,107,fine : 43.15 seconds
[[  63 1850]
 [   0   97]]
acc: 0.080
f1: 0.095
[[  24 1889]
 [   0   97]]
acc: 0.060
f1: 0.093
7,108,coarse : 43.41 seconds
7,108,fine : 43.42 seconds
[[  72 1841]
 [   0   97]]
acc: 0.084
f1: 0.095
[[  24 1889]
 [   0   97]]
acc: 0.060
f1: 0.093
7,109,coarse : 44.49 seconds
7,109,fine : 44.53 seconds
[[  72 1841]
 [   0   97]]
acc: 0.084
f1: 0.095
[[  20 1893]
 [   0   97]]
acc: 0.058
f1: 0.093
7,110,coarse : 44.97 seconds
7,110,fine : 44.98 seconds
[[  71 1842]
 [   0   97]]
acc: 0.084
f1: 0.095
[[  22 1891]
 [   0   97]]
acc: 0.059
f1: 0.093
7,111,coarse : 44.64 seconds
7,111,fine : 44.65 seconds
[[  72 1841]
 [   0   97]]
acc: 0.084
f1: 0.095
[[  26 1887]
 [   0   97]]
acc: 0.061
f1: 0.093
7,112,coarse : 45.91 seconds
7,112,fine : 45.93 seconds
[[  73 1840]
 [   0   97]]
acc: 0.085
f1: 0.095
[[  26 1887]
 [   0   97]]
acc: 0.061
f1: 0.093
7,113,coarse : 45.68 seconds
7,113,fine : 45.7 seconds
[[  81 1832]
 [   0   97]]
acc: 0.089
f1: 0.096
[[  25 1888]
 [   0   97]]
acc: 0.061
f1: 0.093
7,114,coarse : 44.33 seconds
7,114,fine : 44.38 seconds
[[  87 1826]
 [   0   97]]
acc: 0.092
f1: 0.096
[[  25 1888]
 [   0   97]]
acc: 0.061
f1: 0.093
7,115,coarse : 44.6 seconds
7,115,fine : 44.61 seconds
[[  87 1826]
 [   0   97]]
acc: 0.092
f1: 0.096
[[  26 1887]
 [   0   97]]
acc: 0.061
f1: 0.093
7,116,coarse : 45.36 seconds
7,116,fine : 45.38 seconds
[[  80 1833]
 [   0   97]]
acc: 0.088
f1: 0.096
[[  26 1887]
 [   0   97]]
acc: 0.061
f1: 0.093
7,117,coarse : 44.16 seconds
7,117,fine : 44.2 seconds
[[  90 1823]
 [   0   97]]
acc: 0.093
f1: 0.096
[[  24 1889]
 [   0   97]]
acc: 0.060
f1: 0.093
7,118,coarse : 45.36 seconds
7,118,fine : 45.38 seconds
[[  88 1825]
 [   0   97]]
acc: 0.092
f1: 0.096
[[  23 1890]
 [   0   97]]
acc: 0.060
f1: 0.093
7,119,coarse : 44.5 seconds
7,119,fine : 44.52 seconds
[[  93 1820]
 [   0   97]]
acc: 0.095
f1: 0.096
[[  24 1889]
 [   0   97]]
acc: 0.060
f1: 0.093
7,120,coarse : 45.27 seconds
7,120,fine : 45.29 seconds
[[  95 1818]
 [   0   97]]
acc: 0.096
f1: 0.096
[[  23 1890]
 [   0   97]]
acc: 0.060
f1: 0.093
7,121,coarse : 45.02 seconds
7,121,fine : 45.04 seconds
[[  88 1825]
 [   0   97]]
acc: 0.092
f1: 0.096
[[  23 1890]
 [   0   97]]
acc: 0.060
f1: 0.093
7,122,coarse : 44.54 seconds
7,122,fine : 44.56 seconds
[[  99 1814]
 [   0   97]]
acc: 0.098
f1: 0.097
[[  23 1890]
 [   0   97]]
acc: 0.060
f1: 0.093
7,123,coarse : 43.97 seconds
7,123,fine : 43.99 seconds
[[ 113 1800]
 [   0   97]]
acc: 0.104
f1: 0.097
[[  23 1890]
 [   0   97]]
acc: 0.060
f1: 0.093
7,124,coarse : 44.98 seconds
7,124,fine : 45.0 seconds
[[ 129 1784]
 [   0   97]]
acc: 0.112
f1: 0.098
[[  24 1889]
 [   0   97]]
acc: 0.060
f1: 0.093
7,125,coarse : 44.8 seconds
7,125,fine : 44.81 seconds
[[ 131 1782]
 [   0   97]]
acc: 0.113
f1: 0.098
[[  22 1891]
 [   0   97]]
acc: 0.059
f1: 0.093
7,126,coarse : 45.56 seconds
7,126,fine : 45.58 seconds
[[ 122 1791]
 [   0   97]]
acc: 0.109
f1: 0.098
[[  22 1891]
 [   0   97]]
acc: 0.059
f1: 0.093
7,127,coarse : 44.71 seconds
7,127,fine : 44.72 seconds
[[ 110 1803]
 [   0   97]]
acc: 0.103
f1: 0.097
[[  22 1891]
 [   0   97]]
acc: 0.059
f1: 0.093
7,128,coarse : 45.55 seconds
7,128,fine : 45.56 seconds
[[ 118 1795]
 [   0   97]]
acc: 0.107
f1: 0.098
[[  22 1891]
 [   0   97]]
acc: 0.059
f1: 0.093
7,129,coarse : 45.76 seconds
7,129,fine : 45.78 seconds
[[ 127 1786]
 [   0   97]]
acc: 0.111
f1: 0.098
[[  21 1892]
 [   0   97]]
acc: 0.059
f1: 0.093
7,130,coarse : 45.56 seconds
7,130,fine : 45.58 seconds
[[ 129 1784]
 [   0   97]]
acc: 0.112
f1: 0.098
[[  16 1897]
 [   0   97]]
acc: 0.056
f1: 0.093
7,131,coarse : 46.05 seconds
7,131,fine : 46.06 seconds
[[ 136 1777]
 [   0   97]]
acc: 0.116
f1: 0.098
[[  16 1897]
 [   0   97]]
acc: 0.056
f1: 0.093
7,132,coarse : 45.69 seconds
7,132,fine : 45.7 seconds
[[ 116 1797]
 [   0   97]]
acc: 0.106
f1: 0.097
[[  16 1897]
 [   0   97]]
acc: 0.056
f1: 0.093
7,133,coarse : 45.78 seconds
7,133,fine : 45.8 seconds
[[ 155 1758]
 [   1   96]]
acc: 0.125
f1: 0.098
[[  20 1893]
 [   0   97]]
acc: 0.058
f1: 0.093
7,134,coarse : 45.61 seconds
7,134,fine : 45.63 seconds
[[ 169 1744]
 [   2   95]]
acc: 0.131
f1: 0.098
[[  20 1893]
 [   0   97]]
acc: 0.058
f1: 0.093
7,135,coarse : 45.54 seconds
7,135,fine : 45.58 seconds
[[ 179 1734]
 [   2   95]]
acc: 0.136
f1: 0.099
[[  20 1893]
 [   0   97]]
acc: 0.058
f1: 0.093
7,136,coarse : 45.95 seconds
7,136,fine : 45.97 seconds
[[ 185 1728]
 [   2   95]]
acc: 0.139
f1: 0.099
[[  20 1893]
 [   0   97]]
acc: 0.058
f1: 0.093
7,137,coarse : 46.06 seconds
7,137,fine : 46.07 seconds
[[ 214 1699]
 [   2   95]]
acc: 0.154
f1: 0.100
[[  22 1891]
 [   0   97]]
acc: 0.059
f1: 0.093
7,138,coarse : 46.77 seconds
7,138,fine : 46.79 seconds
[[ 151 1762]
 [   2   95]]
acc: 0.122
f1: 0.097
[[  22 1891]
 [   0   97]]
acc: 0.059
f1: 0.093
7,139,coarse : 46.45 seconds
7,139,fine : 46.47 seconds
[[ 162 1751]
 [   2   95]]
acc: 0.128
f1: 0.098
[[  21 1892]
 [   0   97]]
acc: 0.059
f1: 0.093
7,140,coarse : 45.98 seconds
7,140,fine : 45.99 seconds
[[ 182 1731]
 [   2   95]]
acc: 0.138
f1: 0.099
[[  21 1892]
 [   0   97]]
acc: 0.059
f1: 0.093
7,141,coarse : 46.49 seconds
7,141,fine : 46.51 seconds
[[ 173 1740]
 [   2   95]]
acc: 0.133
f1: 0.098
[[  20 1893]
 [   0   97]]
acc: 0.058
f1: 0.093
7,142,coarse : 45.94 seconds
7,142,fine : 45.96 seconds
[[ 166 1747]
 [   2   95]]
acc: 0.130
f1: 0.098
[[  18 1895]
 [   0   97]]
acc: 0.057
f1: 0.093
7,143,coarse : 45.79 seconds
7,143,fine : 45.81 seconds
[[ 155 1758]
 [   1   96]]
acc: 0.125
f1: 0.098
[[  23 1890]
 [   0   97]]
acc: 0.060
f1: 0.093
7,144,coarse : 45.39 seconds
7,144,fine : 45.41 seconds
[[ 144 1769]
 [   1   96]]
acc: 0.119
f1: 0.098
[[  21 1892]
 [   0   97]]
acc: 0.059
f1: 0.093
7,145,coarse : 45.36 seconds
7,145,fine : 45.38 seconds
[[ 135 1778]
 [   0   97]]
acc: 0.115
f1: 0.098
[[  21 1892]
 [   0   97]]
acc: 0.059
f1: 0.093
7,146,coarse : 45.85 seconds
7,146,fine : 45.87 seconds
[[  88 1825]
 [   0   97]]
acc: 0.092
f1: 0.096
[[  20 1893]
 [   0   97]]
acc: 0.058
f1: 0.093
7,147,coarse : 45.42 seconds
7,147,fine : 45.43 seconds
[[  84 1829]
 [   0   97]]
acc: 0.090
f1: 0.096
[[  19 1894]
 [   0   97]]
acc: 0.058
f1: 0.093
7,148,coarse : 46.53 seconds
7,148,fine : 46.55 seconds
[[  80 1833]
 [   0   97]]
acc: 0.088
f1: 0.096
[[  19 1894]
 [   0   97]]
acc: 0.058
f1: 0.093
7,149,coarse : 46.19 seconds
7,149,fine : 46.21 seconds
[[  80 1833]
 [   0   97]]
acc: 0.088
f1: 0.096
[[  18 1895]
 [   0   97]]
acc: 0.057
f1: 0.093
7,150,coarse : 48.69 seconds
7,150,fine : 48.71 seconds
[[  88 1825]
 [   0   97]]
acc: 0.092
f1: 0.096
[[  18 1895]
 [   0   97]]
acc: 0.057
f1: 0.093
7,151,coarse : 47.43 seconds
7,151,fine : 47.45 seconds
[[  89 1824]
 [   0   97]]
acc: 0.093
f1: 0.096
[[  18 1895]
 [   0   97]]
acc: 0.057
f1: 0.093
7,152,coarse : 47.47 seconds
7,152,fine : 47.49 seconds
[[  95 1818]
 [   0   97]]
acc: 0.096
f1: 0.096
[[  19 1894]
 [   0   97]]
acc: 0.058
f1: 0.093
7,153,coarse : 47.73 seconds
7,153,fine : 47.75 seconds
[[  98 1815]
 [   0   97]]
acc: 0.097
f1: 0.097
[[  18 1895]
 [   0   97]]
acc: 0.057
f1: 0.093
7,154,coarse : 47.09 seconds
7,154,fine : 47.11 seconds
[[  98 1815]
 [   0   97]]
acc: 0.097
f1: 0.097
[[  16 1897]
 [   0   97]]
acc: 0.056
f1: 0.093
7,155,coarse : 48.66 seconds
7,155,fine : 48.68 seconds
[[ 118 1795]
 [   0   97]]
acc: 0.107
f1: 0.098
[[  17 1896]
 [   0   97]]
acc: 0.057
f1: 0.093
7,156,coarse : 47.57 seconds
7,156,fine : 47.59 seconds
[[  99 1814]
 [   0   97]]
acc: 0.098
f1: 0.097
[[  16 1897]
 [   0   97]]
acc: 0.056
f1: 0.093
7,157,coarse : 45.95 seconds
7,157,fine : 45.97 seconds
[[  98 1815]
 [   0   97]]
acc: 0.097
f1: 0.097
[[  17 1896]
 [   0   97]]
acc: 0.057
f1: 0.093
7,158,coarse : 46.78 seconds
7,158,fine : 46.8 seconds
[[ 110 1803]
 [   0   97]]
acc: 0.103
f1: 0.097
[[  15 1898]
 [   0   97]]
acc: 0.056
f1: 0.093
7,159,coarse : 48.11 seconds
7,159,fine : 48.13 seconds
[[ 128 1785]
 [   0   97]]
acc: 0.112
f1: 0.098
[[  16 1897]
 [   0   97]]
acc: 0.056
f1: 0.093
7,160,coarse : 46.97 seconds
7,160,fine : 46.99 seconds
[[ 125 1788]
 [   1   96]]
acc: 0.110
f1: 0.097
[[  14 1899]
 [   0   97]]
acc: 0.055
f1: 0.093
7,161,coarse : 47.78 seconds
7,161,fine : 47.81 seconds
[[ 129 1784]
 [   1   96]]
acc: 0.112
f1: 0.097
[[  25 1888]
 [   0   97]]
acc: 0.061
f1: 0.093
7,162,coarse : 48.07 seconds
7,162,fine : 48.09 seconds
[[ 115 1798]
 [   0   97]]
acc: 0.105
f1: 0.097
[[  19 1894]
 [   0   97]]
acc: 0.058
f1: 0.093
7,163,coarse : 47.8 seconds
7,163,fine : 47.82 seconds
[[ 110 1803]
 [   0   97]]
acc: 0.103
f1: 0.097
[[  18 1895]
 [   0   97]]
acc: 0.057
f1: 0.093
7,164,coarse : 46.81 seconds
7,164,fine : 46.83 seconds
[[ 109 1804]
 [   0   97]]
acc: 0.102
f1: 0.097
[[  13 1900]
 [   0   97]]
acc: 0.055
f1: 0.093
7,165,coarse : 48.15 seconds
7,165,fine : 48.17 seconds
[[ 118 1795]
 [   1   96]]
acc: 0.106
f1: 0.097
[[  20 1893]
 [   0   97]]
acc: 0.058
f1: 0.093
7,166,coarse : 46.38 seconds
7,166,fine : 46.42 seconds
[[ 127 1786]
 [   1   96]]
acc: 0.111
f1: 0.097
[[  21 1892]
 [   0   97]]
acc: 0.059
f1: 0.093
7,167,coarse : 45.26 seconds
7,167,fine : 45.28 seconds
[[  89 1824]
 [   0   97]]
acc: 0.093
f1: 0.096
[[  24 1889]
 [   0   97]]
acc: 0.060
f1: 0.093
7,168,coarse : 46.36 seconds
7,168,fine : 46.38 seconds
[[  91 1822]
 [   0   97]]
acc: 0.094
f1: 0.096
[[  29 1884]
 [   0   97]]
acc: 0.063
f1: 0.093
7,169,coarse : 44.88 seconds
7,169,fine : 44.9 seconds
[[  92 1821]
 [   0   97]]
acc: 0.094
f1: 0.096
[[  43 1870]
 [   1   96]]
acc: 0.069
f1: 0.093
7,170,coarse : 45.68 seconds
7,170,fine : 45.7 seconds
[[  99 1814]
 [   0   97]]
acc: 0.098
f1: 0.097
[[  46 1867]
 [   1   96]]
acc: 0.071
f1: 0.093
7,171,coarse : 46.58 seconds
7,171,fine : 46.6 seconds
[[ 104 1809]
 [   0   97]]
acc: 0.100
f1: 0.097
[[  54 1859]
 [   1   96]]
acc: 0.075
f1: 0.094
7,172,coarse : 45.29 seconds
7,172,fine : 45.31 seconds
