all           0      1    2    3    4    5    6    7    8    
1      2010   1914   1    19   32   19   1    11   6    7    
2      2010   1914   1    19   32   19   1    11   6    7    
3      2010   1914   1    19   32   19   1    11   5    8    
4      2010   1914   1    19   32   19   1    10   6    8    
5      2010   1914   1    18   33   19   1    10   6    8    
6      2010   1914   1    18   33   19   1    10   6    8    
7      2010   1913   2    18   33   19   1    10   6    8    
8      2010   1913   2    18   33   19   1    10   6    8    
9      2009   1913   2    18   32   19   2    10   6    7    
10     2009   1913   1    19   32   19   1    11   6    7    
Total  20098  19136  13   185  324  190  11   104  59   76   
train         0      1    2    3    4    5    6    7    8    
1      2010   1914   1    19   32   19   1    11   6    7    
2      2010   1914   1    19   32   19   1    11   6    7    
3      2010   1914   1    19   32   19   1    11   5    8    
5      2010   1914   1    18   33   19   1    10   6    8    
6      2010   1914   1    18   33   19   1    10   6    8    
7      2010   1913   2    18   33   19   1    10   6    8    
8      2010   1913   2    18   33   19   1    10   6    8    
9      2009   1913   2    18   32   19   2    10   6    7    
10     2009   1913   1    19   32   19   1    11   6    7    
Total  18088  17222  12   166  292  171  10   94   53   68   
test          0      1    2    3    4    5    6    7    8    
4      2010   1914   1    19   32   19   1    10   6    8    
Total  2010   1914   1    19   32   19   1    10   6    8    
Classes             
0         17222     
1         12        
2         166       
3         292       
4         171       
5         10        
6         94        
7         53        
8         68        
Total     18088     

Shape: 450       

[952, 10, 11, 16, 11, 10, 10, 10, 10]
Sum start => 1040
[[1640  274]
 [  39   57]]
acc: 0.844
f1: 0.267
[[1812  102]
 [  69   27]]
acc: 0.915
f1: 0.240
4,1,coarse : 40.36 seconds
4,1,fine : 40.36 seconds
[[1640  274]
 [  39   57]]
acc: 0.844
f1: 0.267
[[1812  102]
 [  69   27]]
acc: 0.915
f1: 0.240
4,2,coarse : 42.11 seconds
4,2,fine : 42.11 seconds
[[1716  198]
 [  44   52]]
acc: 0.880
f1: 0.301
[[1830   84]
 [  74   22]]
acc: 0.921
f1: 0.218
4,3,coarse : 4.94 seconds
4,3,fine : 4.94 seconds
[[1710  204]
 [  44   52]]
acc: 0.877
f1: 0.295
[[1812  102]
 [  71   25]]
acc: 0.914
f1: 0.224
4,4,coarse : 5.16 seconds
4,4,fine : 5.16 seconds
[[1643  271]
 [  37   59]]
acc: 0.847
f1: 0.277
[[1808  106]
 [  70   26]]
acc: 0.912
f1: 0.228
4,5,coarse : 5.2 seconds
4,5,fine : 5.2 seconds
[[1620  294]
 [  37   59]]
acc: 0.835
f1: 0.263
[[1820   94]
 [  75   21]]
acc: 0.916
f1: 0.199
4,6,coarse : 5.44 seconds
4,6,fine : 5.46 seconds
[[1613  301]
 [  35   61]]
acc: 0.833
f1: 0.266
[[1840   74]
 [  74   22]]
acc: 0.926
f1: 0.229
4,7,coarse : 5.51 seconds
4,7,fine : 5.51 seconds
[[1679  235]
 [  40   56]]
acc: 0.863
f1: 0.289
[[1839   75]
 [  74   22]]
acc: 0.926
f1: 0.228
4,8,coarse : 6.1 seconds
4,8,fine : 6.1 seconds
[[1732  182]
 [  44   52]]
acc: 0.888
f1: 0.315
[[1876   38]
 [  78   18]]
acc: 0.942
f1: 0.237
4,9,coarse : 6.35 seconds
4,9,fine : 6.36 seconds
[[1738  176]
 [  45   51]]
acc: 0.890
f1: 0.316
[[1862   52]
 [  74   22]]
acc: 0.937
f1: 0.259
4,10,coarse : 6.65 seconds
4,10,fine : 6.65 seconds
[[1831   83]
 [  61   35]]
acc: 0.928
f1: 0.327
[[1847   67]
 [  70   26]]
acc: 0.932
f1: 0.275
4,11,coarse : 6.89 seconds
4,11,fine : 6.89 seconds
[[1838   76]
 [  60   36]]
acc: 0.932
f1: 0.346
[[1838   76]
 [  70   26]]
acc: 0.927
f1: 0.263
4,12,coarse : 7.04 seconds
4,12,fine : 7.04 seconds
[[1782  132]
 [  48   48]]
acc: 0.910
f1: 0.348
[[1835   79]
 [  68   28]]
acc: 0.927
f1: 0.276
4,13,coarse : 7.29 seconds
4,13,fine : 7.3 seconds
[[1759  155]
 [  44   52]]
acc: 0.901
f1: 0.343
[[1850   64]
 [  71   25]]
acc: 0.933
f1: 0.270
4,14,coarse : 7.62 seconds
4,14,fine : 7.62 seconds
[[1704  210]
 [  41   55]]
acc: 0.875
f1: 0.305
[[1849   65]
 [  68   28]]
acc: 0.934
f1: 0.296
4,15,coarse : 7.75 seconds
4,15,fine : 7.76 seconds
[[1658  256]
 [  33   63]]
acc: 0.856
f1: 0.304
[[1848   66]
 [  66   30]]
acc: 0.934
f1: 0.312
4,16,coarse : 7.98 seconds
4,16,fine : 7.98 seconds
[[1706  208]
 [  37   59]]
acc: 0.878
f1: 0.325
[[1846   68]
 [  65   31]]
acc: 0.934
f1: 0.318
4,17,coarse : 8.0 seconds
4,17,fine : 8.0 seconds
[[1872   42]
 [  72   24]]
acc: 0.943
f1: 0.296
[[1844   70]
 [  64   32]]
acc: 0.933
f1: 0.323
4,18,coarse : 8.47 seconds
4,18,fine : 8.47 seconds
[[1870   44]
 [  71   25]]
acc: 0.943
f1: 0.303
[[1837   77]
 [  66   30]]
acc: 0.929
f1: 0.296
4,19,coarse : 8.55 seconds
4,19,fine : 8.56 seconds
[[1870   44]
 [  69   27]]
acc: 0.944
f1: 0.323
[[1839   75]
 [  66   30]]
acc: 0.930
f1: 0.299
4,20,coarse : 8.69 seconds
4,20,fine : 8.69 seconds
[[1847   67]
 [  62   34]]
acc: 0.936
f1: 0.345
[[1829   85]
 [  66   30]]
acc: 0.925
f1: 0.284
4,21,coarse : 8.95 seconds
4,21,fine : 8.95 seconds
[[1829   85]
 [  60   36]]
acc: 0.928
f1: 0.332
[[1809  105]
 [  62   34]]
acc: 0.917
f1: 0.289
4,22,coarse : 9.14 seconds
4,22,fine : 9.15 seconds
[[1823   91]
 [  60   36]]
acc: 0.925
f1: 0.323
[[1796  118]
 [  60   36]]
acc: 0.911
f1: 0.288
4,23,coarse : 9.43 seconds
4,23,fine : 9.43 seconds
[[1833   81]
 [  61   35]]
acc: 0.929
f1: 0.330
[[1789  125]
 [  60   36]]
acc: 0.908
f1: 0.280
4,24,coarse : 9.76 seconds
4,24,fine : 9.76 seconds
[[1833   81]
 [  61   35]]
acc: 0.929
f1: 0.330
[[1800  114]
 [  63   33]]
acc: 0.912
f1: 0.272
4,25,coarse : 9.97 seconds
4,25,fine : 9.97 seconds
[[1842   72]
 [  62   34]]
acc: 0.933
f1: 0.337
[[1803  111]
 [  64   32]]
acc: 0.913
f1: 0.268
4,26,coarse : 10.02 seconds
4,26,fine : 10.03 seconds
[[1852   62]
 [  64   32]]
acc: 0.937
f1: 0.337
[[1771  143]
 [  53   43]]
acc: 0.902
f1: 0.305
4,27,coarse : 10.48 seconds
4,27,fine : 10.49 seconds
[[1854   60]
 [  64   32]]
acc: 0.938
f1: 0.340
[[1763  151]
 [  47   49]]
acc: 0.901
f1: 0.331
4,28,coarse : 10.77 seconds
4,28,fine : 10.77 seconds
[[1857   57]
 [  63   33]]
acc: 0.940
f1: 0.355
[[1742  172]
 [  46   50]]
acc: 0.892
f1: 0.314
4,29,coarse : 10.74 seconds
4,29,fine : 10.74 seconds
[[1851   63]
 [  62   34]]
acc: 0.938
f1: 0.352
[[1741  173]
 [  47   49]]
acc: 0.891
f1: 0.308
4,30,coarse : 10.89 seconds
4,30,fine : 10.9 seconds
[[1861   53]
 [  64   32]]
acc: 0.942
f1: 0.354
[[1740  174]
 [  46   50]]
acc: 0.891
f1: 0.313
4,31,coarse : 11.27 seconds
4,31,fine : 11.28 seconds
[[1857   57]
 [  64   32]]
acc: 0.940
f1: 0.346
[[1734  180]
 [  47   49]]
acc: 0.887
f1: 0.302
4,32,coarse : 11.35 seconds
4,32,fine : 11.36 seconds
[[1836   78]
 [  58   38]]
acc: 0.932
f1: 0.358
[[1742  172]
 [  49   47]]
acc: 0.890
f1: 0.298
4,33,coarse : 11.88 seconds
4,33,fine : 11.88 seconds
[[1800  114]
 [  55   41]]
acc: 0.916
f1: 0.327
[[1704  210]
 [  46   50]]
acc: 0.873
f1: 0.281
4,34,coarse : 11.98 seconds
4,34,fine : 11.99 seconds
[[1812  102]
 [  52   44]]
acc: 0.923
f1: 0.364
[[1718  196]
 [  48   48]]
acc: 0.879
f1: 0.282
4,35,coarse : 12.07 seconds
4,35,fine : 12.08 seconds
[[1827   87]
 [  56   40]]
acc: 0.929
f1: 0.359
[[1727  187]
 [  44   52]]
acc: 0.885
f1: 0.310
4,36,coarse : 12.39 seconds
4,36,fine : 12.4 seconds
[[1823   91]
 [  56   40]]
acc: 0.927
f1: 0.352
[[1745  169]
 [  46   50]]
acc: 0.893
f1: 0.317
4,37,coarse : 12.56 seconds
4,37,fine : 12.56 seconds
[[1834   80]
 [  57   39]]
acc: 0.932
f1: 0.363
[[1745  169]
 [  46   50]]
acc: 0.893
f1: 0.317
4,38,coarse : 12.78 seconds
4,38,fine : 12.79 seconds
[[1845   69]
 [  62   34]]
acc: 0.935
f1: 0.342
[[1733  181]
 [  44   52]]
acc: 0.888
f1: 0.316
4,39,coarse : 13.05 seconds
4,39,fine : 13.06 seconds
[[1845   69]
 [  62   34]]
acc: 0.935
f1: 0.342
[[1739  175]
 [  47   49]]
acc: 0.890
f1: 0.306
4,40,coarse : 13.42 seconds
4,40,fine : 13.42 seconds
[[1849   65]
 [  61   35]]
acc: 0.937
f1: 0.357
[[1746  168]
 [  48   48]]
acc: 0.893
f1: 0.308
4,41,coarse : 13.46 seconds
4,41,fine : 13.47 seconds
[[1852   62]
 [  63   33]]
acc: 0.938
f1: 0.346
[[1765  149]
 [  46   50]]
acc: 0.903
f1: 0.339
4,42,coarse : 13.98 seconds
4,42,fine : 13.99 seconds
[[1862   52]
 [  67   29]]
acc: 0.941
f1: 0.328
[[1751  163]
 [  44   52]]
acc: 0.897
f1: 0.334
4,43,coarse : 14.23 seconds
4,43,fine : 14.24 seconds
[[1869   45]
 [  69   27]]
acc: 0.943
f1: 0.321
[[1761  153]
 [  46   50]]
acc: 0.901
f1: 0.334
4,44,coarse : 14.49 seconds
4,44,fine : 14.5 seconds
[[1859   55]
 [  65   31]]
acc: 0.940
f1: 0.341
[[1773  141]
 [  47   49]]
acc: 0.906
f1: 0.343
4,45,coarse : 14.77 seconds
4,45,fine : 14.78 seconds
[[1862   52]
 [  66   30]]
acc: 0.941
f1: 0.337
[[1759  155]
 [  46   50]]
acc: 0.900
f1: 0.332
4,46,coarse : 14.81 seconds
4,46,fine : 14.82 seconds
[[1865   49]
 [  67   29]]
acc: 0.942
f1: 0.333
[[1773  141]
 [  49   47]]
acc: 0.905
f1: 0.331
4,47,coarse : 15.13 seconds
4,47,fine : 15.14 seconds
[[1864   50]
 [  68   28]]
acc: 0.941
f1: 0.322
[[1910    4]
 [  93    3]]
acc: 0.952
f1: 0.058
4,48,coarse : 15.57 seconds
4,48,fine : 15.58 seconds
[[1862   52]
 [  65   31]]
acc: 0.942
f1: 0.346
[[1910    4]
 [  93    3]]
acc: 0.952
f1: 0.058
4,49,coarse : 15.77 seconds
4,49,fine : 15.78 seconds
[[1864   50]
 [  65   31]]
acc: 0.943
f1: 0.350
[[1910    4]
 [  93    3]]
acc: 0.952
f1: 0.058
4,50,coarse : 17.53 seconds
4,50,fine : 17.54 seconds
[[1862   52]
 [  65   31]]
acc: 0.942
f1: 0.346
[[1911    3]
 [  93    3]]
acc: 0.952
f1: 0.059
4,51,coarse : 16.1 seconds
4,51,fine : 16.11 seconds
[[1853   61]
 [  61   35]]
acc: 0.939
f1: 0.365
[[1910    4]
 [  93    3]]
acc: 0.952
f1: 0.058
4,52,coarse : 16.53 seconds
4,52,fine : 16.53 seconds
[[1866   48]
 [  67   29]]
acc: 0.943
f1: 0.335
[[1910    4]
 [  93    3]]
acc: 0.952
f1: 0.058
4,53,coarse : 16.14 seconds
4,53,fine : 16.15 seconds
[[1868   46]
 [  67   29]]
acc: 0.944
f1: 0.339
[[1910    4]
 [  93    3]]
acc: 0.952
f1: 0.058
4,54,coarse : 17.01 seconds
4,54,fine : 17.01 seconds
[[1868   46]
 [  68   28]]
acc: 0.943
f1: 0.329
[[1908    6]
 [  93    3]]
acc: 0.951
f1: 0.057
4,55,coarse : 16.81 seconds
4,55,fine : 16.81 seconds
[[1870   44]
 [  70   26]]
acc: 0.943
f1: 0.313
[[1910    4]
 [  93    3]]
acc: 0.952
f1: 0.058
4,56,coarse : 17.11 seconds
4,56,fine : 17.12 seconds
[[1875   39]
 [  67   29]]
acc: 0.947
f1: 0.354
[[1910    4]
 [  93    3]]
acc: 0.952
f1: 0.058
4,57,coarse : 16.99 seconds
4,57,fine : 17.0 seconds
[[1873   41]
 [  66   30]]
acc: 0.947
f1: 0.359
[[1910    4]
 [  93    3]]
acc: 0.952
f1: 0.058
4,58,coarse : 18.12 seconds
4,58,fine : 18.13 seconds
[[1876   38]
 [  70   26]]
acc: 0.946
f1: 0.325
[[1909    5]
 [  93    3]]
acc: 0.951
f1: 0.058
4,59,coarse : 17.56 seconds
4,59,fine : 17.57 seconds
[[1876   38]
 [  69   27]]
acc: 0.947
f1: 0.335
[[1907    7]
 [  91    5]]
acc: 0.951
f1: 0.093
4,60,coarse : 17.47 seconds
4,60,fine : 17.48 seconds
[[1875   39]
 [  69   27]]
acc: 0.946
f1: 0.333
[[1908    6]
 [  91    5]]
acc: 0.952
f1: 0.093
4,61,coarse : 17.68 seconds
4,61,fine : 17.69 seconds
[[1878   36]
 [  72   24]]
acc: 0.946
f1: 0.308
[[1908    6]
 [  91    5]]
acc: 0.952
f1: 0.093
4,62,coarse : 18.28 seconds
4,62,fine : 18.29 seconds
[[1883   31]
 [  76   20]]
acc: 0.947
f1: 0.272
[[1908    6]
 [  91    5]]
acc: 0.952
f1: 0.093
4,63,coarse : 18.62 seconds
4,63,fine : 18.63 seconds
[[1888   26]
 [  76   20]]
acc: 0.949
f1: 0.282
[[1909    5]
 [  91    5]]
acc: 0.952
f1: 0.094
4,64,coarse : 18.58 seconds
4,64,fine : 18.59 seconds
[[1912    2]
 [  96    0]]
acc: 0.951
f1: 0.000
[[1909    5]
 [  90    6]]
acc: 0.953
f1: 0.112
4,65,coarse : 19.31 seconds
4,65,fine : 19.32 seconds
[[1912    2]
 [  96    0]]
acc: 0.951
f1: 0.000
[[1909    5]
 [  91    5]]
acc: 0.952
f1: 0.094
4,66,coarse : 19.4 seconds
4,66,fine : 19.41 seconds
[[1912    2]
 [  96    0]]
acc: 0.951
f1: 0.000
[[1908    6]
 [  92    4]]
acc: 0.951
f1: 0.075
4,67,coarse : 19.43 seconds
4,67,fine : 19.44 seconds
[[1912    2]
 [  96    0]]
acc: 0.951
f1: 0.000
[[1909    5]
 [  91    5]]
acc: 0.952
f1: 0.094
4,68,coarse : 19.76 seconds
4,68,fine : 19.77 seconds
[[1912    2]
 [  96    0]]
acc: 0.951
f1: 0.000
[[1909    5]
 [  92    4]]
acc: 0.952
f1: 0.076
4,69,coarse : 20.09 seconds
4,69,fine : 20.1 seconds
[[1912    2]
 [  96    0]]
acc: 0.951
f1: 0.000
[[1908    6]
 [  91    5]]
acc: 0.952
f1: 0.093
4,70,coarse : 20.64 seconds
4,70,fine : 20.65 seconds
[[1912    2]
 [  96    0]]
acc: 0.951
f1: 0.000
[[1908    6]
 [  91    5]]
acc: 0.952
f1: 0.093
4,71,coarse : 20.6 seconds
4,71,fine : 20.61 seconds
[[1912    2]
 [  96    0]]
acc: 0.951
f1: 0.000
[[1909    5]
 [  91    5]]
acc: 0.952
f1: 0.094
4,72,coarse : 20.96 seconds
4,72,fine : 20.97 seconds
[[1912    2]
 [  96    0]]
acc: 0.951
f1: 0.000
[[1907    7]
 [  90    6]]
acc: 0.952
f1: 0.110
4,73,coarse : 20.8 seconds
4,73,fine : 20.81 seconds
[[1912    2]
 [  96    0]]
acc: 0.951
f1: 0.000
[[1906    8]
 [  90    6]]
acc: 0.951
f1: 0.109
4,74,coarse : 20.8 seconds
4,74,fine : 20.81 seconds
[[1911    3]
 [  96    0]]
acc: 0.951
f1: 0.000
[[1906    8]
 [  90    6]]
acc: 0.951
f1: 0.109
4,75,coarse : 21.13 seconds
4,75,fine : 21.14 seconds
[[1912    2]
 [  96    0]]
acc: 0.951
f1: 0.000
[[1906    8]
 [  90    6]]
acc: 0.951
f1: 0.109
4,76,coarse : 21.24 seconds
4,76,fine : 21.26 seconds
[[1912    2]
 [  96    0]]
acc: 0.951
f1: 0.000
[[1904   10]
 [  90    6]]
acc: 0.950
f1: 0.107
4,77,coarse : 22.05 seconds
4,77,fine : 22.06 seconds
[[1911    3]
 [  96    0]]
acc: 0.951
f1: 0.000
[[1904   10]
 [  90    6]]
acc: 0.950
f1: 0.107
4,78,coarse : 21.97 seconds
4,78,fine : 22.0 seconds
[[1911    3]
 [  96    0]]
acc: 0.951
f1: 0.000
[[1904   10]
 [  90    6]]
acc: 0.950
f1: 0.107
4,79,coarse : 21.4 seconds
4,79,fine : 21.41 seconds
[[1911    3]
 [  96    0]]
acc: 0.951
f1: 0.000
[[1904   10]
 [  90    6]]
acc: 0.950
f1: 0.107
4,80,coarse : 22.05 seconds
4,80,fine : 22.07 seconds
[[1911    3]
 [  96    0]]
acc: 0.951
f1: 0.000
[[1904   10]
 [  90    6]]
acc: 0.950
f1: 0.107
4,81,coarse : 22.99 seconds
4,81,fine : 23.0 seconds
[[1911    3]
 [  95    1]]
acc: 0.951
f1: 0.020
[[1904   10]
 [  90    6]]
acc: 0.950
f1: 0.107
4,82,coarse : 22.74 seconds
4,82,fine : 22.75 seconds
[[1911    3]
 [  95    1]]
acc: 0.951
f1: 0.020
[[1904   10]
 [  90    6]]
acc: 0.950
f1: 0.107
4,83,coarse : 22.81 seconds
4,83,fine : 22.82 seconds
[[1911    3]
 [  95    1]]
acc: 0.951
f1: 0.020
[[1905    9]
 [  90    6]]
acc: 0.951
f1: 0.108
4,84,coarse : 23.77 seconds
4,84,fine : 23.78 seconds
[[1911    3]
 [  95    1]]
acc: 0.951
f1: 0.020
[[1904   10]
 [  91    5]]
acc: 0.950
f1: 0.090
4,85,coarse : 23.3 seconds
4,85,fine : 23.31 seconds
[[1911    3]
 [  95    1]]
acc: 0.951
f1: 0.020
[[1904   10]
 [  91    5]]
acc: 0.950
f1: 0.090
4,86,coarse : 24.63 seconds
4,86,fine : 24.64 seconds
[[1911    3]
 [  96    0]]
acc: 0.951
f1: 0.000
[[1904   10]
 [  91    5]]
acc: 0.950
f1: 0.090
4,87,coarse : 24.96 seconds
4,87,fine : 24.98 seconds
[[1911    3]
 [  96    0]]
acc: 0.951
f1: 0.000
[[1905    9]
 [  91    5]]
acc: 0.950
f1: 0.091
4,88,coarse : 25.16 seconds
4,88,fine : 25.17 seconds
[[1912    2]
 [  96    0]]
acc: 0.951
f1: 0.000
[[1905    9]
 [  91    5]]
acc: 0.950
f1: 0.091
4,89,coarse : 24.95 seconds
4,89,fine : 24.96 seconds
[[1911    3]
 [  95    1]]
acc: 0.951
f1: 0.020
[[1905    9]
 [  91    5]]
acc: 0.950
f1: 0.091
4,90,coarse : 25.79 seconds
4,90,fine : 25.8 seconds
[[1911    3]
 [  95    1]]
acc: 0.951
f1: 0.020
[[1902   12]
 [  90    6]]
acc: 0.949
f1: 0.105
4,91,coarse : 26.68 seconds
4,91,fine : 26.69 seconds
[[1911    3]
 [  95    1]]
acc: 0.951
f1: 0.020
[[1901   13]
 [  90    6]]
acc: 0.949
f1: 0.104
4,92,coarse : 26.07 seconds
4,92,fine : 26.08 seconds
[[1911    3]
 [  95    1]]
acc: 0.951
f1: 0.020
[[1899   15]
 [  90    6]]
acc: 0.948
f1: 0.103
4,93,coarse : 26.45 seconds
4,93,fine : 26.46 seconds
[[1911    3]
 [  94    2]]
acc: 0.952
f1: 0.040
[[1901   13]
 [  90    6]]
acc: 0.949
f1: 0.104
4,94,coarse : 26.6 seconds
4,94,fine : 26.61 seconds
[[1911    3]
 [  94    2]]
acc: 0.952
f1: 0.040
[[1900   14]
 [  90    6]]
acc: 0.948
f1: 0.103
4,95,coarse : 26.56 seconds
4,95,fine : 26.57 seconds
[[1911    3]
 [  94    2]]
acc: 0.952
f1: 0.040
[[1905    9]
 [  92    4]]
acc: 0.950
f1: 0.073
4,96,coarse : 26.85 seconds
4,96,fine : 26.87 seconds
[[1911    3]
 [  94    2]]
acc: 0.952
f1: 0.040
[[1904   10]
 [  92    4]]
acc: 0.949
f1: 0.073
4,97,coarse : 27.67 seconds
4,97,fine : 27.68 seconds
[[1911    3]
 [  94    2]]
acc: 0.952
f1: 0.040
[[1906    8]
 [  92    4]]
acc: 0.950
f1: 0.074
4,98,coarse : 28.17 seconds
4,98,fine : 28.18 seconds
[[1911    3]
 [  94    2]]
acc: 0.952
f1: 0.040
[[1906    8]
 [  92    4]]
acc: 0.950
f1: 0.074
4,99,coarse : 28.09 seconds
4,99,fine : 28.1 seconds
[[1911    3]
 [  94    2]]
acc: 0.952
f1: 0.040
[[1906    8]
 [  92    4]]
acc: 0.950
f1: 0.074
4,100,coarse : 29.61 seconds
4,100,fine : 29.63 seconds
[[1911    3]
 [  94    2]]
acc: 0.952
f1: 0.040
[[1906    8]
 [  92    4]]
acc: 0.950
f1: 0.074
4,101,coarse : 28.51 seconds
4,101,fine : 28.52 seconds
[[1911    3]
 [  94    2]]
acc: 0.952
f1: 0.040
[[1906    8]
 [  92    4]]
acc: 0.950
f1: 0.074
4,102,coarse : 27.91 seconds
4,102,fine : 27.92 seconds
[[1911    3]
 [  94    2]]
acc: 0.952
f1: 0.040
[[1906    8]
 [  93    3]]
acc: 0.950
f1: 0.056
4,103,coarse : 29.05 seconds
4,103,fine : 29.06 seconds
[[1911    3]
 [  94    2]]
acc: 0.952
f1: 0.040
[[1906    8]
 [  93    3]]
acc: 0.950
f1: 0.056
4,104,coarse : 29.15 seconds
4,104,fine : 29.16 seconds
[[1911    3]
 [  94    2]]
acc: 0.952
f1: 0.040
[[1906    8]
 [  93    3]]
acc: 0.950
f1: 0.056
4,105,coarse : 29.92 seconds
4,105,fine : 29.93 seconds
[[1911    3]
 [  95    1]]
acc: 0.951
f1: 0.020
[[1907    7]
 [  93    3]]
acc: 0.950
f1: 0.057
4,106,coarse : 29.68 seconds
4,106,fine : 29.69 seconds
[[1911    3]
 [  95    1]]
acc: 0.951
f1: 0.020
[[1906    8]
 [  93    3]]
acc: 0.950
f1: 0.056
4,107,coarse : 30.79 seconds
4,107,fine : 30.81 seconds
[[1911    3]
 [  95    1]]
acc: 0.951
f1: 0.020
[[1908    6]
 [  93    3]]
acc: 0.951
f1: 0.057
4,108,coarse : 31.19 seconds
4,108,fine : 31.21 seconds
[[1911    3]
 [  95    1]]
acc: 0.951
f1: 0.020
[[1908    6]
 [  93    3]]
acc: 0.951
f1: 0.057
4,109,coarse : 31.47 seconds
4,109,fine : 31.49 seconds
[[1911    3]
 [  95    1]]
acc: 0.951
f1: 0.020
[[1908    6]
 [  93    3]]
acc: 0.951
f1: 0.057
4,110,coarse : 32.03 seconds
4,110,fine : 32.05 seconds
[[1911    3]
 [  94    2]]
acc: 0.952
f1: 0.040
[[1908    6]
 [  93    3]]
acc: 0.951
f1: 0.057
4,111,coarse : 31.76 seconds
4,111,fine : 31.77 seconds
[[1911    3]
 [  94    2]]
acc: 0.952
f1: 0.040
[[1908    6]
 [  93    3]]
acc: 0.951
f1: 0.057
4,112,coarse : 32.21 seconds
4,112,fine : 32.23 seconds
[[1911    3]
 [  95    1]]
acc: 0.951
f1: 0.020
[[1909    5]
 [  93    3]]
acc: 0.951
f1: 0.058
4,113,coarse : 32.6 seconds
4,113,fine : 32.61 seconds
[[1911    3]
 [  95    1]]
acc: 0.951
f1: 0.020
[[1909    5]
 [  94    2]]
acc: 0.951
f1: 0.039
4,114,coarse : 32.83 seconds
4,114,fine : 32.84 seconds
[[1911    3]
 [  95    1]]
acc: 0.951
f1: 0.020
[[1907    7]
 [  93    3]]
acc: 0.950
f1: 0.057
4,115,coarse : 33.04 seconds
4,115,fine : 33.06 seconds
[[1911    3]
 [  95    1]]
acc: 0.951
f1: 0.020
[[1909    5]
 [  93    3]]
acc: 0.951
f1: 0.058
4,116,coarse : 33.39 seconds
4,116,fine : 33.4 seconds
[[1911    3]
 [  95    1]]
acc: 0.951
f1: 0.020
[[1909    5]
 [  93    3]]
acc: 0.951
f1: 0.058
4,117,coarse : 34.58 seconds
4,117,fine : 34.59 seconds
[[1911    3]
 [  95    1]]
acc: 0.951
f1: 0.020
[[1908    6]
 [  93    3]]
acc: 0.951
f1: 0.057
4,118,coarse : 35.57 seconds
4,118,fine : 35.58 seconds
[[1911    3]
 [  95    1]]
acc: 0.951
f1: 0.020
[[1906    8]
 [  93    3]]
acc: 0.950
f1: 0.056
4,119,coarse : 37.15 seconds
4,119,fine : 37.16 seconds
[[1911    3]
 [  95    1]]
acc: 0.951
f1: 0.020
[[1907    7]
 [  93    3]]
acc: 0.950
f1: 0.057
4,120,coarse : 37.23 seconds
4,120,fine : 37.24 seconds
[[1911    3]
 [  95    1]]
acc: 0.951
f1: 0.020
[[1907    7]
 [  93    3]]
acc: 0.950
f1: 0.057
4,121,coarse : 38.92 seconds
4,121,fine : 38.94 seconds
[[1911    3]
 [  95    1]]
acc: 0.951
f1: 0.020
[[1907    7]
 [  93    3]]
acc: 0.950
f1: 0.057
4,122,coarse : 38.1 seconds
4,122,fine : 38.12 seconds
[[1911    3]
 [  95    1]]
acc: 0.951
f1: 0.020
[[1905    9]
 [  93    3]]
acc: 0.949
f1: 0.056
4,123,coarse : 37.94 seconds
4,123,fine : 37.95 seconds
[[1911    3]
 [  95    1]]
acc: 0.951
f1: 0.020
[[1907    7]
 [  93    3]]
acc: 0.950
f1: 0.057
4,124,coarse : 38.23 seconds
4,124,fine : 38.25 seconds
[[1911    3]
 [  95    1]]
acc: 0.951
f1: 0.020
[[1907    7]
 [  93    3]]
acc: 0.950
f1: 0.057
4,125,coarse : 39.01 seconds
4,125,fine : 39.03 seconds
[[1911    3]
 [  95    1]]
acc: 0.951
f1: 0.020
[[1907    7]
 [  93    3]]
acc: 0.950
f1: 0.057
4,126,coarse : 38.45 seconds
4,126,fine : 38.47 seconds
[[1911    3]
 [  95    1]]
acc: 0.951
f1: 0.020
[[1907    7]
 [  93    3]]
acc: 0.950
f1: 0.057
4,127,coarse : 39.37 seconds
4,127,fine : 39.39 seconds
[[1911    3]
 [  95    1]]
acc: 0.951
f1: 0.020
[[1907    7]
 [  93    3]]
acc: 0.950
f1: 0.057
4,128,coarse : 38.87 seconds
4,128,fine : 38.89 seconds
[[1911    3]
 [  95    1]]
acc: 0.951
f1: 0.020
[[1906    8]
 [  93    3]]
acc: 0.950
f1: 0.056
4,129,coarse : 39.47 seconds
4,129,fine : 39.48 seconds
[[1911    3]
 [  95    1]]
acc: 0.951
f1: 0.020
[[1907    7]
 [  92    4]]
acc: 0.951
f1: 0.075
4,130,coarse : 39.47 seconds
4,130,fine : 39.49 seconds
[[1911    3]
 [  95    1]]
acc: 0.951
f1: 0.020
[[1908    6]
 [  92    4]]
acc: 0.951
f1: 0.075
4,131,coarse : 39.68 seconds
4,131,fine : 39.7 seconds
[[1911    3]
 [  94    2]]
acc: 0.952
f1: 0.040
[[1909    5]
 [  92    4]]
acc: 0.952
f1: 0.076
4,132,coarse : 40.28 seconds
4,132,fine : 40.3 seconds
[[1911    3]
 [  94    2]]
acc: 0.952
f1: 0.040
[[1909    5]
 [  92    4]]
acc: 0.952
f1: 0.076
4,133,coarse : 41.18 seconds
4,133,fine : 41.2 seconds
[[1910    4]
 [  94    2]]
acc: 0.951
f1: 0.039
[[1907    7]
 [  92    4]]
acc: 0.951
f1: 0.075
4,134,coarse : 41.39 seconds
4,134,fine : 41.41 seconds
[[1910    4]
 [  94    2]]
acc: 0.951
f1: 0.039
[[1907    7]
 [  92    4]]
acc: 0.951
f1: 0.075
4,135,coarse : 42.28 seconds
4,135,fine : 42.3 seconds
[[1910    4]
 [  94    2]]
acc: 0.951
f1: 0.039
[[1907    7]
 [  92    4]]
acc: 0.951
f1: 0.075
4,136,coarse : 42.58 seconds
4,136,fine : 42.6 seconds
[[1910    4]
 [  94    2]]
acc: 0.951
f1: 0.039
[[1907    7]
 [  92    4]]
acc: 0.951
f1: 0.075
4,137,coarse : 41.87 seconds
4,137,fine : 41.89 seconds
[[1910    4]
 [  94    2]]
acc: 0.951
f1: 0.039
[[1907    7]
 [  92    4]]
acc: 0.951
f1: 0.075
4,138,coarse : 44.23 seconds
4,138,fine : 44.25 seconds
[[1910    4]
 [  94    2]]
acc: 0.951
f1: 0.039
[[1908    6]
 [  92    4]]
acc: 0.951
f1: 0.075
4,139,coarse : 43.33 seconds
4,139,fine : 43.34 seconds
[[1910    4]
 [  94    2]]
acc: 0.951
f1: 0.039
[[1906    8]
 [  92    4]]
acc: 0.950
f1: 0.074
4,140,coarse : 43.2 seconds
4,140,fine : 43.22 seconds
[[1910    4]
 [  94    2]]
acc: 0.951
f1: 0.039
[[1906    8]
 [  92    4]]
acc: 0.950
f1: 0.074
4,141,coarse : 43.98 seconds
4,141,fine : 44.0 seconds
[[1910    4]
 [  94    2]]
acc: 0.951
f1: 0.039
[[1906    8]
 [  92    4]]
acc: 0.950
f1: 0.074
4,142,coarse : 44.88 seconds
4,142,fine : 44.9 seconds
[[1910    4]
 [  93    3]]
acc: 0.952
f1: 0.058
[[1906    8]
 [  92    4]]
acc: 0.950
f1: 0.074
4,143,coarse : 46.65 seconds
4,143,fine : 46.67 seconds
[[1910    4]
 [  93    3]]
acc: 0.952
f1: 0.058
[[1908    6]
 [  92    4]]
acc: 0.951
f1: 0.075
4,144,coarse : 45.51 seconds
4,144,fine : 45.53 seconds
[[1910    4]
 [  93    3]]
acc: 0.952
f1: 0.058
[[1910    4]
 [  92    4]]
acc: 0.952
f1: 0.077
4,145,coarse : 49.16 seconds
4,145,fine : 49.18 seconds
[[1910    4]
 [  94    2]]
acc: 0.951
f1: 0.039
[[1910    4]
 [  92    4]]
acc: 0.952
f1: 0.077
4,146,coarse : 45.71 seconds
4,146,fine : 45.73 seconds
[[1910    4]
 [  92    4]]
acc: 0.952
f1: 0.077
[[1910    4]
 [  92    4]]
acc: 0.952
f1: 0.077
4,147,coarse : 46.58 seconds
4,147,fine : 46.6 seconds
[[1911    3]
 [  93    3]]
acc: 0.952
f1: 0.059
[[1910    4]
 [  92    4]]
acc: 0.952
f1: 0.077
4,148,coarse : 45.59 seconds
4,148,fine : 45.61 seconds
[[1911    3]
 [  94    2]]
acc: 0.952
f1: 0.040
[[1910    4]
 [  92    4]]
acc: 0.952
f1: 0.077
4,149,coarse : 46.92 seconds
4,149,fine : 46.94 seconds
[[1911    3]
 [  94    2]]
acc: 0.952
f1: 0.040
[[1910    4]
 [  92    4]]
acc: 0.952
f1: 0.077
4,150,coarse : 48.22 seconds
4,150,fine : 48.24 seconds
[[1911    3]
 [  94    2]]
acc: 0.952
f1: 0.040
[[1910    4]
 [  92    4]]
acc: 0.952
f1: 0.077
4,151,coarse : 47.29 seconds
4,151,fine : 47.31 seconds
[[1911    3]
 [  94    2]]
acc: 0.952
f1: 0.040
[[1910    4]
 [  92    4]]
acc: 0.952
f1: 0.077
4,152,coarse : 47.24 seconds
4,152,fine : 47.26 seconds
[[1911    3]
 [  94    2]]
acc: 0.952
f1: 0.040
[[1910    4]
 [  92    4]]
acc: 0.952
f1: 0.077
4,153,coarse : 49.24 seconds
4,153,fine : 49.25 seconds
[[1911    3]
 [  94    2]]
acc: 0.952
f1: 0.040
[[1910    4]
 [  92    4]]
acc: 0.952
f1: 0.077
4,154,coarse : 48.58 seconds
4,154,fine : 48.6 seconds
[[1911    3]
 [  94    2]]
acc: 0.952
f1: 0.040
[[1910    4]
 [  92    4]]
acc: 0.952
f1: 0.077
4,155,coarse : 49.65 seconds
4,155,fine : 49.67 seconds
[[1911    3]
 [  94    2]]
acc: 0.952
f1: 0.040
[[1910    4]
 [  92    4]]
acc: 0.952
f1: 0.077
4,156,coarse : 48.54 seconds
4,156,fine : 48.56 seconds
[[1911    3]
 [  94    2]]
acc: 0.952
f1: 0.040
[[1910    4]
 [  92    4]]
acc: 0.952
f1: 0.077
4,157,coarse : 49.35 seconds
4,157,fine : 49.37 seconds
[[1911    3]
 [  94    2]]
acc: 0.952
f1: 0.040
[[1910    4]
 [  92    4]]
acc: 0.952
f1: 0.077
4,158,coarse : 50.07 seconds
4,158,fine : 50.09 seconds
[[1911    3]
 [  94    2]]
acc: 0.952
f1: 0.040
[[1910    4]
 [  92    4]]
acc: 0.952
f1: 0.077
4,159,coarse : 50.4 seconds
4,159,fine : 50.42 seconds
[[1911    3]
 [  94    2]]
acc: 0.952
f1: 0.040
[[1910    4]
 [  92    4]]
acc: 0.952
f1: 0.077
4,160,coarse : 50.98 seconds
4,160,fine : 51.0 seconds
[[1911    3]
 [  94    2]]
acc: 0.952
f1: 0.040
[[1910    4]
 [  92    4]]
acc: 0.952
f1: 0.077
4,161,coarse : 51.32 seconds
4,161,fine : 51.34 seconds
[[1911    3]
 [  94    2]]
acc: 0.952
f1: 0.040
[[1910    4]
 [  92    4]]
acc: 0.952
f1: 0.077
4,162,coarse : 51.52 seconds
4,162,fine : 51.54 seconds
[[1911    3]
 [  94    2]]
acc: 0.952
f1: 0.040
[[1910    4]
 [  92    4]]
acc: 0.952
f1: 0.077
4,163,coarse : 51.32 seconds
4,163,fine : 51.34 seconds
[[1911    3]
 [  94    2]]
acc: 0.952
f1: 0.040
[[1910    4]
 [  92    4]]
acc: 0.952
f1: 0.077
4,164,coarse : 51.33 seconds
4,164,fine : 51.35 seconds
[[1911    3]
 [  94    2]]
acc: 0.952
f1: 0.040
[[1910    4]
 [  93    3]]
acc: 0.952
f1: 0.058
4,165,coarse : 51.27 seconds
4,165,fine : 51.29 seconds
[[1911    3]
 [  94    2]]
acc: 0.952
f1: 0.040
[[1910    4]
 [  94    2]]
acc: 0.951
f1: 0.039
4,166,coarse : 53.51 seconds
4,166,fine : 53.57 seconds
[[1911    3]
 [  94    2]]
acc: 0.952
f1: 0.040
[[1910    4]
 [  93    3]]
acc: 0.952
f1: 0.058
4,167,coarse : 53.02 seconds
4,167,fine : 53.07 seconds
[[1911    3]
 [  94    2]]
acc: 0.952
f1: 0.040
[[1910    4]
 [  93    3]]
acc: 0.952
f1: 0.058
4,168,coarse : 52.52 seconds
4,168,fine : 52.54 seconds
[[1911    3]
 [  94    2]]
acc: 0.952
f1: 0.040
[[1910    4]
 [  93    3]]
acc: 0.952
f1: 0.058
4,169,coarse : 54.92 seconds
4,169,fine : 54.95 seconds
[[1911    3]
 [  94    2]]
acc: 0.952
f1: 0.040
[[1910    4]
 [  92    4]]
acc: 0.952
f1: 0.077
4,170,coarse : 54.38 seconds
4,170,fine : 54.4 seconds
[[1911    3]
 [  94    2]]
acc: 0.952
f1: 0.040
[[1910    4]
 [  92    4]]
acc: 0.952
f1: 0.077
4,171,coarse : 53.61 seconds
4,171,fine : 53.64 seconds
[[1911    3]
 [  94    2]]
acc: 0.952
f1: 0.040
[[1911    3]
 [  92    4]]
acc: 0.953
f1: 0.078
4,172,coarse : 54.38 seconds
4,172,fine : 54.4 seconds
