all           0      1    2    3    4    5    6    7    8    
1      2010   1914   1    19   32   19   1    11   6    7    
2      2010   1914   1    19   32   19   1    11   6    7    
3      2010   1914   1    19   32   19   1    11   5    8    
4      2010   1914   1    19   32   19   1    10   6    8    
5      2010   1914   1    18   33   19   1    10   6    8    
6      2010   1914   1    18   33   19   1    10   6    8    
7      2010   1913   2    18   33   19   1    10   6    8    
8      2010   1913   2    18   33   19   1    10   6    8    
9      2009   1913   2    18   32   19   2    10   6    7    
10     2009   1913   1    19   32   19   1    11   6    7    
Total  20098  19136  13   185  324  190  11   104  59   76   
train         0      1    2    3    4    5    6    7    8    
1      2010   1914   1    19   32   19   1    11   6    7    
2      2010   1914   1    19   32   19   1    11   6    7    
3      2010   1914   1    19   32   19   1    11   5    8    
4      2010   1914   1    19   32   19   1    10   6    8    
5      2010   1914   1    18   33   19   1    10   6    8    
7      2010   1913   2    18   33   19   1    10   6    8    
8      2010   1913   2    18   33   19   1    10   6    8    
9      2009   1913   2    18   32   19   2    10   6    7    
10     2009   1913   1    19   32   19   1    11   6    7    
Total  18088  17222  12   167  291  171  10   94   53   68   
test          0      1    2    3    4    5    6    7    8    
6      2010   1914   1    18   33   19   1    10   6    8    
Total  2010   1914   1    18   33   19   1    10   6    8    
Classes             
0         17222     
1         12        
2         167       
3         291       
4         171       
5         10        
6         94        
7         53        
8         68        
Total     18088     

Shape: 450       

[952, 10, 11, 16, 11, 10, 10, 10, 10]
Sum start => 1040
[[1537  377]
 [  28   68]]
acc: 0.799
f1: 0.251
[[1729  185]
 [  59   37]]
acc: 0.879
f1: 0.233
6,1,coarse : 38.87 seconds
6,1,fine : 38.87 seconds
[[1537  377]
 [  28   68]]
acc: 0.799
f1: 0.251
[[1729  185]
 [  59   37]]
acc: 0.879
f1: 0.233
6,2,coarse : 40.38 seconds
6,2,fine : 40.39 seconds
[[1451  463]
 [  21   75]]
acc: 0.759
f1: 0.237
[[1746  168]
 [  60   36]]
acc: 0.887
f1: 0.240
6,3,coarse : 4.29 seconds
6,3,fine : 4.29 seconds
[[1566  348]
 [  29   67]]
acc: 0.812
f1: 0.262
[[1721  193]
 [  55   41]]
acc: 0.877
f1: 0.248
6,4,coarse : 4.5 seconds
6,4,fine : 4.5 seconds
[[1529  385]
 [  26   70]]
acc: 0.796
f1: 0.254
[[1792  122]
 [  62   34]]
acc: 0.908
f1: 0.270
6,5,coarse : 4.65 seconds
6,5,fine : 4.65 seconds
[[1551  363]
 [  29   67]]
acc: 0.805
f1: 0.255
[[1884   30]
 [  83   13]]
acc: 0.944
f1: 0.187
6,6,coarse : 4.8 seconds
6,6,fine : 4.81 seconds
[[1510  404]
 [  25   71]]
acc: 0.787
f1: 0.249
[[1895   19]
 [  87    9]]
acc: 0.947
f1: 0.145
6,7,coarse : 5.06 seconds
6,7,fine : 5.06 seconds
[[1778  136]
 [  44   52]]
acc: 0.910
f1: 0.366
[[1893   21]
 [  89    7]]
acc: 0.945
f1: 0.113
6,8,coarse : 5.17 seconds
6,8,fine : 5.17 seconds
[[1713  201]
 [  40   56]]
acc: 0.880
f1: 0.317
[[1890   24]
 [  84   12]]
acc: 0.946
f1: 0.182
6,9,coarse : 5.39 seconds
6,9,fine : 5.4 seconds
[[1746  168]
 [  44   52]]
acc: 0.895
f1: 0.329
[[1891   23]
 [  84   12]]
acc: 0.947
f1: 0.183
6,10,coarse : 5.47 seconds
6,10,fine : 5.47 seconds
[[1722  192]
 [  41   55]]
acc: 0.884
f1: 0.321
[[1888   26]
 [  78   18]]
acc: 0.948
f1: 0.257
6,11,coarse : 5.71 seconds
6,11,fine : 5.71 seconds
[[1749  165]
 [  42   54]]
acc: 0.897
f1: 0.343
[[1888   26]
 [  80   16]]
acc: 0.947
f1: 0.232
6,12,coarse : 5.9 seconds
6,12,fine : 5.9 seconds
[[1771  143]
 [  43   53]]
acc: 0.907
f1: 0.363
[[1889   25]
 [  81   15]]
acc: 0.947
f1: 0.221
6,13,coarse : 6.09 seconds
6,13,fine : 6.1 seconds
[[1740  174]
 [  38   58]]
acc: 0.895
f1: 0.354
[[1887   27]
 [  78   18]]
acc: 0.948
f1: 0.255
6,14,coarse : 6.3 seconds
6,14,fine : 6.3 seconds
[[1768  146]
 [  42   54]]
acc: 0.906
f1: 0.365
[[1879   35]
 [  77   19]]
acc: 0.944
f1: 0.253
6,15,coarse : 6.48 seconds
6,15,fine : 6.48 seconds
[[1712  202]
 [  35   61]]
acc: 0.882
f1: 0.340
[[1879   35]
 [  75   21]]
acc: 0.945
f1: 0.276
6,16,coarse : 6.61 seconds
6,16,fine : 6.61 seconds
[[1910    4]
 [  90    6]]
acc: 0.953
f1: 0.113
[[1879   35]
 [  75   21]]
acc: 0.945
f1: 0.276
6,17,coarse : 6.78 seconds
6,17,fine : 6.78 seconds
[[1911    3]
 [  93    3]]
acc: 0.952
f1: 0.059
[[1874   40]
 [  73   23]]
acc: 0.944
f1: 0.289
6,18,coarse : 6.88 seconds
6,18,fine : 6.89 seconds
[[1910    4]
 [  92    4]]
acc: 0.952
f1: 0.077
[[1879   35]
 [  76   20]]
acc: 0.945
f1: 0.265
6,19,coarse : 7.12 seconds
6,19,fine : 7.12 seconds
[[1913    1]
 [  95    1]]
acc: 0.952
f1: 0.020
[[1876   38]
 [  71   25]]
acc: 0.946
f1: 0.314
6,20,coarse : 7.3 seconds
6,20,fine : 7.31 seconds
[[1913    1]
 [  95    1]]
acc: 0.952
f1: 0.020
[[1879   35]
 [  73   23]]
acc: 0.946
f1: 0.299
6,21,coarse : 7.57 seconds
6,21,fine : 7.57 seconds
[[1913    1]
 [  93    3]]
acc: 0.953
f1: 0.060
[[1884   30]
 [  77   19]]
acc: 0.947
f1: 0.262
6,22,coarse : 7.7 seconds
6,22,fine : 7.7 seconds
[[1910    4]
 [  89    7]]
acc: 0.954
f1: 0.131
[[1881   33]
 [  75   21]]
acc: 0.946
f1: 0.280
6,23,coarse : 7.88 seconds
6,23,fine : 7.88 seconds
[[1911    3]
 [  90    6]]
acc: 0.954
f1: 0.114
[[1883   31]
 [  76   20]]
acc: 0.947
f1: 0.272
6,24,coarse : 8.04 seconds
6,24,fine : 8.04 seconds
[[1910    4]
 [  87    9]]
acc: 0.955
f1: 0.165
[[1884   30]
 [  76   20]]
acc: 0.947
f1: 0.274
6,25,coarse : 8.16 seconds
6,25,fine : 8.16 seconds
[[1910    4]
 [  89    7]]
acc: 0.954
f1: 0.131
[[1885   29]
 [  76   20]]
acc: 0.948
f1: 0.276
6,26,coarse : 8.49 seconds
6,26,fine : 8.49 seconds
[[1911    3]
 [  90    6]]
acc: 0.954
f1: 0.114
[[1887   27]
 [  76   20]]
acc: 0.949
f1: 0.280
6,27,coarse : 8.66 seconds
6,27,fine : 8.67 seconds
[[1906    8]
 [  85   11]]
acc: 0.954
f1: 0.191
[[1885   29]
 [  75   21]]
acc: 0.948
f1: 0.288
6,28,coarse : 8.68 seconds
6,28,fine : 8.69 seconds
[[1906    8]
 [  83   13]]
acc: 0.955
f1: 0.222
[[1887   27]
 [  76   20]]
acc: 0.949
f1: 0.280
6,29,coarse : 8.95 seconds
6,29,fine : 8.96 seconds
[[1907    7]
 [  83   13]]
acc: 0.955
f1: 0.224
[[1880   34]
 [  75   21]]
acc: 0.946
f1: 0.278
6,30,coarse : 9.38 seconds
6,30,fine : 9.39 seconds
[[1902   12]
 [  79   17]]
acc: 0.955
f1: 0.272
[[1880   34]
 [  75   21]]
acc: 0.946
f1: 0.278
6,31,coarse : 9.31 seconds
6,31,fine : 9.31 seconds
[[1901   13]
 [  77   19]]
acc: 0.955
f1: 0.297
[[1885   29]
 [  75   21]]
acc: 0.948
f1: 0.288
6,32,coarse : 9.84 seconds
6,32,fine : 9.85 seconds
[[1897   17]
 [  78   18]]
acc: 0.953
f1: 0.275
[[1877   37]
 [  73   23]]
acc: 0.945
f1: 0.295
6,33,coarse : 10.13 seconds
6,33,fine : 10.13 seconds
[[1901   13]
 [  77   19]]
acc: 0.955
f1: 0.297
[[1877   37]
 [  73   23]]
acc: 0.945
f1: 0.295
6,34,coarse : 10.03 seconds
6,34,fine : 10.05 seconds
[[1896   18]
 [  74   22]]
acc: 0.954
f1: 0.324
[[1873   41]
 [  68   28]]
acc: 0.946
f1: 0.339
6,35,coarse : 10.46 seconds
6,35,fine : 10.47 seconds
[[1896   18]
 [  75   21]]
acc: 0.954
f1: 0.311
[[1875   39]
 [  70   26]]
acc: 0.946
f1: 0.323
6,36,coarse : 10.93 seconds
6,36,fine : 10.93 seconds
[[1891   23]
 [  74   22]]
acc: 0.952
f1: 0.312
[[1872   42]
 [  70   26]]
acc: 0.944
f1: 0.317
6,37,coarse : 10.75 seconds
6,37,fine : 10.75 seconds
[[1892   22]
 [  75   21]]
acc: 0.952
f1: 0.302
[[1881   33]
 [  74   22]]
acc: 0.947
f1: 0.291
6,38,coarse : 11.08 seconds
6,38,fine : 11.09 seconds
[[1898   16]
 [  76   20]]
acc: 0.954
f1: 0.303
[[1876   38]
 [  72   24]]
acc: 0.945
f1: 0.304
6,39,coarse : 10.84 seconds
6,39,fine : 10.85 seconds
[[1904   10]
 [  78   18]]
acc: 0.956
f1: 0.290
[[1876   38]
 [  72   24]]
acc: 0.945
f1: 0.304
6,40,coarse : 11.4 seconds
6,40,fine : 11.4 seconds
[[1906    8]
 [  80   16]]
acc: 0.956
f1: 0.267
[[1883   31]
 [  74   22]]
acc: 0.948
f1: 0.295
6,41,coarse : 11.82 seconds
6,41,fine : 11.82 seconds
[[1909    5]
 [  90    6]]
acc: 0.953
f1: 0.112
[[1886   28]
 [  77   19]]
acc: 0.948
f1: 0.266
6,42,coarse : 11.94 seconds
6,42,fine : 11.94 seconds
[[1914    0]
 [  93    3]]
acc: 0.954
f1: 0.061
[[1890   24]
 [  77   19]]
acc: 0.950
f1: 0.273
6,43,coarse : 12.34 seconds
6,43,fine : 12.34 seconds
[[1914    0]
 [  96    0]]
acc: 0.952
f1: 0.000
[[1891   23]
 [  77   19]]
acc: 0.950
f1: 0.275
6,44,coarse : 12.12 seconds
6,44,fine : 12.13 seconds
[[1914    0]
 [  96    0]]
acc: 0.952
f1: 0.000
[[1894   20]
 [  79   17]]
acc: 0.951
f1: 0.256
6,45,coarse : 12.24 seconds
6,45,fine : 12.24 seconds
[[1914    0]
 [  96    0]]
acc: 0.952
f1: 0.000
[[1889   25]
 [  75   21]]
acc: 0.950
f1: 0.296
6,46,coarse : 12.61 seconds
6,46,fine : 12.62 seconds
[[1914    0]
 [  95    1]]
acc: 0.953
f1: 0.021
[[1889   25]
 [  75   21]]
acc: 0.950
f1: 0.296
6,47,coarse : 12.72 seconds
6,47,fine : 12.73 seconds
[[1914    0]
 [  96    0]]
acc: 0.952
f1: 0.000
[[1888   26]
 [  75   21]]
acc: 0.950
f1: 0.294
6,48,coarse : 12.71 seconds
6,48,fine : 12.72 seconds
[[1914    0]
 [  95    1]]
acc: 0.953
f1: 0.021
[[1890   24]
 [  76   20]]
acc: 0.950
f1: 0.286
6,49,coarse : 13.05 seconds
6,49,fine : 13.06 seconds
[[1914    0]
 [  95    1]]
acc: 0.953
f1: 0.021
[[1882   32]
 [  76   20]]
acc: 0.946
f1: 0.270
6,50,coarse : 14.93 seconds
6,50,fine : 14.94 seconds
[[1914    0]
 [  91    5]]
acc: 0.955
f1: 0.099
[[1882   32]
 [  74   22]]
acc: 0.947
f1: 0.293
6,51,coarse : 13.2 seconds
6,51,fine : 13.21 seconds
[[1914    0]
 [  92    4]]
acc: 0.954
f1: 0.080
[[1882   32]
 [  74   22]]
acc: 0.947
f1: 0.293
6,52,coarse : 13.36 seconds
6,52,fine : 13.37 seconds
[[1914    0]
 [  92    4]]
acc: 0.954
f1: 0.080
[[1882   32]
 [  72   24]]
acc: 0.948
f1: 0.316
6,53,coarse : 13.93 seconds
6,53,fine : 13.93 seconds
[[1914    0]
 [  90    6]]
acc: 0.955
f1: 0.118
[[1883   31]
 [  75   21]]
acc: 0.947
f1: 0.284
6,54,coarse : 14.29 seconds
6,54,fine : 14.35 seconds
[[1914    0]
 [  89    7]]
acc: 0.956
f1: 0.136
[[1878   36]
 [  72   24]]
acc: 0.946
f1: 0.308
6,55,coarse : 14.3 seconds
6,55,fine : 14.31 seconds
[[1909    5]
 [  85   11]]
acc: 0.955
f1: 0.196
[[1872   42]
 [  72   24]]
acc: 0.943
f1: 0.296
6,56,coarse : 14.58 seconds
6,56,fine : 14.59 seconds
[[1912    2]
 [  90    6]]
acc: 0.954
f1: 0.115
[[1875   39]
 [  72   24]]
acc: 0.945
f1: 0.302
6,57,coarse : 14.93 seconds
6,57,fine : 14.94 seconds
[[1913    1]
 [  90    6]]
acc: 0.955
f1: 0.117
[[1878   36]
 [  72   24]]
acc: 0.946
f1: 0.308
6,58,coarse : 15.0 seconds
6,58,fine : 15.0 seconds
[[1912    2]
 [  90    6]]
acc: 0.954
f1: 0.115
[[1872   42]
 [  70   26]]
acc: 0.944
f1: 0.317
6,59,coarse : 15.2 seconds
6,59,fine : 15.21 seconds
[[1912    2]
 [  90    6]]
acc: 0.954
f1: 0.115
[[1875   39]
 [  73   23]]
acc: 0.944
f1: 0.291
6,60,coarse : 15.63 seconds
6,60,fine : 15.64 seconds
[[1912    2]
 [  90    6]]
acc: 0.954
f1: 0.115
[[1875   39]
 [  72   24]]
acc: 0.945
f1: 0.302
6,61,coarse : 15.57 seconds
6,61,fine : 15.58 seconds
[[1910    4]
 [  90    6]]
acc: 0.953
f1: 0.113
[[1879   35]
 [  73   23]]
acc: 0.946
f1: 0.299
6,62,coarse : 15.66 seconds
6,62,fine : 15.66 seconds
[[1911    3]
 [  89    7]]
acc: 0.954
f1: 0.132
[[1876   38]
 [  73   23]]
acc: 0.945
f1: 0.293
6,63,coarse : 16.13 seconds
6,63,fine : 16.14 seconds
[[1911    3]
 [  89    7]]
acc: 0.954
f1: 0.132
[[1876   38]
 [  73   23]]
acc: 0.945
f1: 0.293
6,64,coarse : 16.0 seconds
6,64,fine : 16.01 seconds
[[1913    1]
 [  92    4]]
acc: 0.954
f1: 0.079
[[1875   39]
 [  73   23]]
acc: 0.944
f1: 0.291
6,65,coarse : 16.22 seconds
6,65,fine : 16.23 seconds
[[1913    1]
 [  92    4]]
acc: 0.954
f1: 0.079
[[1882   32]
 [  74   22]]
acc: 0.947
f1: 0.293
6,66,coarse : 16.11 seconds
6,66,fine : 16.12 seconds
[[1913    1]
 [  93    3]]
acc: 0.953
f1: 0.060
[[1878   36]
 [  74   22]]
acc: 0.945
f1: 0.286
6,67,coarse : 17.05 seconds
6,67,fine : 17.06 seconds
[[1913    1]
 [  92    4]]
acc: 0.954
f1: 0.079
[[1878   36]
 [  74   22]]
acc: 0.945
f1: 0.286
6,68,coarse : 17.29 seconds
6,68,fine : 17.3 seconds
[[1914    0]
 [  93    3]]
acc: 0.954
f1: 0.061
[[1880   34]
 [  74   22]]
acc: 0.946
f1: 0.289
6,69,coarse : 16.95 seconds
6,69,fine : 16.96 seconds
[[1914    0]
 [  92    4]]
acc: 0.954
f1: 0.080
[[1879   35]
 [  75   21]]
acc: 0.945
f1: 0.276
6,70,coarse : 17.22 seconds
6,70,fine : 17.23 seconds
[[1913    1]
 [  92    4]]
acc: 0.954
f1: 0.079
[[1881   33]
 [  75   21]]
acc: 0.946
f1: 0.280
6,71,coarse : 17.42 seconds
6,71,fine : 17.43 seconds
[[1913    1]
 [  92    4]]
acc: 0.954
f1: 0.079
[[1878   36]
 [  75   21]]
acc: 0.945
f1: 0.275
6,72,coarse : 17.47 seconds
6,72,fine : 17.48 seconds
[[1913    1]
 [  92    4]]
acc: 0.954
f1: 0.079
[[1878   36]
 [  75   21]]
acc: 0.945
f1: 0.275
6,73,coarse : 17.6 seconds
6,73,fine : 17.61 seconds
[[1911    3]
 [  90    6]]
acc: 0.954
f1: 0.114
[[1877   37]
 [  74   22]]
acc: 0.945
f1: 0.284
6,74,coarse : 18.3 seconds
6,74,fine : 18.31 seconds
[[1911    3]
 [  90    6]]
acc: 0.954
f1: 0.114
[[1876   38]
 [  72   24]]
acc: 0.945
f1: 0.304
6,75,coarse : 18.05 seconds
6,75,fine : 18.06 seconds
[[1911    3]
 [  90    6]]
acc: 0.954
f1: 0.114
[[1874   40]
 [  71   25]]
acc: 0.945
f1: 0.311
6,76,coarse : 18.55 seconds
6,76,fine : 18.56 seconds
[[1911    3]
 [  91    5]]
acc: 0.953
f1: 0.096
[[1873   41]
 [  70   26]]
acc: 0.945
f1: 0.319
6,77,coarse : 18.61 seconds
6,77,fine : 18.62 seconds
[[1911    3]
 [  91    5]]
acc: 0.953
f1: 0.096
[[1876   38]
 [  71   25]]
acc: 0.946
f1: 0.314
6,78,coarse : 18.65 seconds
6,78,fine : 18.66 seconds
[[1910    4]
 [  90    6]]
acc: 0.953
f1: 0.113
[[1875   39]
 [  71   25]]
acc: 0.945
f1: 0.312
6,79,coarse : 19.1 seconds
6,79,fine : 19.11 seconds
[[1911    3]
 [  91    5]]
acc: 0.953
f1: 0.096
[[1875   39]
 [  72   24]]
acc: 0.945
f1: 0.302
6,80,coarse : 19.92 seconds
6,80,fine : 19.93 seconds
[[1910    4]
 [  91    5]]
acc: 0.953
f1: 0.095
[[1874   40]
 [  72   24]]
acc: 0.944
f1: 0.300
6,81,coarse : 18.92 seconds
6,81,fine : 18.93 seconds
[[1911    3]
 [  91    5]]
acc: 0.953
f1: 0.096
[[1872   42]
 [  72   24]]
acc: 0.943
f1: 0.296
6,82,coarse : 19.23 seconds
6,82,fine : 19.24 seconds
[[1910    4]
 [  90    6]]
acc: 0.953
f1: 0.113
[[1873   41]
 [  73   23]]
acc: 0.943
f1: 0.287
6,83,coarse : 19.37 seconds
6,83,fine : 19.38 seconds
[[1910    4]
 [  90    6]]
acc: 0.953
f1: 0.113
[[1873   41]
 [  72   24]]
acc: 0.944
f1: 0.298
6,84,coarse : 20.22 seconds
6,84,fine : 20.23 seconds
[[1910    4]
 [  90    6]]
acc: 0.953
f1: 0.113
[[1872   42]
 [  71   25]]
acc: 0.944
f1: 0.307
6,85,coarse : 20.17 seconds
6,85,fine : 20.18 seconds
[[1910    4]
 [  90    6]]
acc: 0.953
f1: 0.113
[[1871   43]
 [  70   26]]
acc: 0.944
f1: 0.315
6,86,coarse : 20.98 seconds
6,86,fine : 20.99 seconds
[[1910    4]
 [  90    6]]
acc: 0.953
f1: 0.113
[[1871   43]
 [  70   26]]
acc: 0.944
f1: 0.315
6,87,coarse : 21.75 seconds
6,87,fine : 21.76 seconds
[[1910    4]
 [  90    6]]
acc: 0.953
f1: 0.113
[[1867   47]
 [  70   26]]
acc: 0.942
f1: 0.308
6,88,coarse : 22.53 seconds
6,88,fine : 22.55 seconds
[[1910    4]
 [  90    6]]
acc: 0.953
f1: 0.113
[[1867   47]
 [  70   26]]
acc: 0.942
f1: 0.308
6,89,coarse : 21.38 seconds
6,89,fine : 21.39 seconds
[[1910    4]
 [  90    6]]
acc: 0.953
f1: 0.113
[[1865   49]
 [  69   27]]
acc: 0.941
f1: 0.314
6,90,coarse : 21.43 seconds
6,90,fine : 21.44 seconds
[[1910    4]
 [  91    5]]
acc: 0.953
f1: 0.095
[[1864   50]
 [  70   26]]
acc: 0.940
f1: 0.302
6,91,coarse : 22.06 seconds
6,91,fine : 22.08 seconds
[[1910    4]
 [  91    5]]
acc: 0.953
f1: 0.095
[[1864   50]
 [  70   26]]
acc: 0.940
f1: 0.302
6,92,coarse : 22.14 seconds
6,92,fine : 22.15 seconds
[[1910    4]
 [  91    5]]
acc: 0.953
f1: 0.095
[[1863   51]
 [  70   26]]
acc: 0.940
f1: 0.301
6,93,coarse : 22.26 seconds
6,93,fine : 22.27 seconds
[[1911    3]
 [  91    5]]
acc: 0.953
f1: 0.096
[[1859   55]
 [  69   27]]
acc: 0.938
f1: 0.303
6,94,coarse : 23.13 seconds
6,94,fine : 23.14 seconds
[[1911    3]
 [  91    5]]
acc: 0.953
f1: 0.096
[[1859   55]
 [  69   27]]
acc: 0.938
f1: 0.303
6,95,coarse : 24.83 seconds
6,95,fine : 24.84 seconds
[[1911    3]
 [  91    5]]
acc: 0.953
f1: 0.096
[[1859   55]
 [  69   27]]
acc: 0.938
f1: 0.303
6,96,coarse : 25.46 seconds
6,96,fine : 25.47 seconds
[[1911    3]
 [  91    5]]
acc: 0.953
f1: 0.096
[[1861   53]
 [  68   28]]
acc: 0.940
f1: 0.316
6,97,coarse : 25.27 seconds
6,97,fine : 25.28 seconds
[[1911    3]
 [  92    4]]
acc: 0.953
f1: 0.078
[[1861   53]
 [  68   28]]
acc: 0.940
f1: 0.316
6,98,coarse : 25.23 seconds
6,98,fine : 25.24 seconds
[[1912    2]
 [  91    5]]
acc: 0.954
f1: 0.097
[[1862   52]
 [  70   26]]
acc: 0.939
f1: 0.299
6,99,coarse : 24.95 seconds
6,99,fine : 24.96 seconds
[[1911    3]
 [  91    5]]
acc: 0.953
f1: 0.096
[[1860   54]
 [  69   27]]
acc: 0.939
f1: 0.305
6,100,coarse : 27.04 seconds
6,100,fine : 27.06 seconds
[[1911    3]
 [  91    5]]
acc: 0.953
f1: 0.096
[[1858   56]
 [  67   29]]
acc: 0.939
f1: 0.320
6,101,coarse : 25.07 seconds
6,101,fine : 25.08 seconds
[[1911    3]
 [  91    5]]
acc: 0.953
f1: 0.096
[[1858   56]
 [  67   29]]
acc: 0.939
f1: 0.320
6,102,coarse : 26.2 seconds
6,102,fine : 26.21 seconds
[[1913    1]
 [  92    4]]
acc: 0.954
f1: 0.079
[[1858   56]
 [  67   29]]
acc: 0.939
f1: 0.320
6,103,coarse : 25.85 seconds
6,103,fine : 25.86 seconds
[[1913    1]
 [  92    4]]
acc: 0.954
f1: 0.079
[[1858   56]
 [  67   29]]
acc: 0.939
f1: 0.320
6,104,coarse : 25.99 seconds
6,104,fine : 26.0 seconds
[[1913    1]
 [  92    4]]
acc: 0.954
f1: 0.079
[[1857   57]
 [  66   30]]
acc: 0.939
f1: 0.328
6,105,coarse : 26.83 seconds
6,105,fine : 26.84 seconds
[[1913    1]
 [  92    4]]
acc: 0.954
f1: 0.079
[[1858   56]
 [  66   30]]
acc: 0.939
f1: 0.330
6,106,coarse : 26.86 seconds
6,106,fine : 26.87 seconds
[[1913    1]
 [  92    4]]
acc: 0.954
f1: 0.079
[[1857   57]
 [  65   31]]
acc: 0.939
f1: 0.337
6,107,coarse : 26.24 seconds
6,107,fine : 26.25 seconds
[[1913    1]
 [  92    4]]
acc: 0.954
f1: 0.079
[[1858   56]
 [  65   31]]
acc: 0.940
f1: 0.339
6,108,coarse : 27.04 seconds
6,108,fine : 27.05 seconds
[[1913    1]
 [  92    4]]
acc: 0.954
f1: 0.079
[[1858   56]
 [  64   32]]
acc: 0.940
f1: 0.348
6,109,coarse : 27.16 seconds
6,109,fine : 27.17 seconds
[[1913    1]
 [  92    4]]
acc: 0.954
f1: 0.079
[[1858   56]
 [  65   31]]
acc: 0.940
f1: 0.339
6,110,coarse : 27.45 seconds
6,110,fine : 27.46 seconds
[[1913    1]
 [  92    4]]
acc: 0.954
f1: 0.079
[[1866   48]
 [  68   28]]
acc: 0.942
f1: 0.326
6,111,coarse : 28.33 seconds
6,111,fine : 28.34 seconds
[[1913    1]
 [  92    4]]
acc: 0.954
f1: 0.079
[[1868   46]
 [  69   27]]
acc: 0.943
f1: 0.320
6,112,coarse : 28.03 seconds
6,112,fine : 28.05 seconds
[[1913    1]
 [  93    3]]
acc: 0.953
f1: 0.060
[[1865   49]
 [  68   28]]
acc: 0.942
f1: 0.324
6,113,coarse : 27.94 seconds
6,113,fine : 27.95 seconds
[[1913    1]
 [  93    3]]
acc: 0.953
f1: 0.060
[[1863   51]
 [  68   28]]
acc: 0.941
f1: 0.320
6,114,coarse : 27.83 seconds
6,114,fine : 27.85 seconds
[[1913    1]
 [  93    3]]
acc: 0.953
f1: 0.060
[[1864   50]
 [  68   28]]
acc: 0.941
f1: 0.322
6,115,coarse : 27.1 seconds
6,115,fine : 27.11 seconds
[[1913    1]
 [  92    4]]
acc: 0.954
f1: 0.079
[[1864   50]
 [  67   29]]
acc: 0.942
f1: 0.331
6,116,coarse : 28.25 seconds
6,116,fine : 28.26 seconds
[[1913    1]
 [  93    3]]
acc: 0.953
f1: 0.060
[[1867   47]
 [  67   29]]
acc: 0.943
f1: 0.337
6,117,coarse : 29.1 seconds
6,117,fine : 29.11 seconds
[[1913    1]
 [  93    3]]
acc: 0.953
f1: 0.060
[[1868   46]
 [  68   28]]
acc: 0.943
f1: 0.329
6,118,coarse : 28.61 seconds
6,118,fine : 28.63 seconds
[[1913    1]
 [  93    3]]
acc: 0.953
f1: 0.060
[[1867   47]
 [  68   28]]
acc: 0.943
f1: 0.327
6,119,coarse : 35.78 seconds
6,119,fine : 35.8 seconds
[[1913    1]
 [  93    3]]
acc: 0.953
f1: 0.060
[[1863   51]
 [  68   28]]
acc: 0.941
f1: 0.320
6,120,coarse : 32.07 seconds
6,120,fine : 32.09 seconds
[[1913    1]
 [  93    3]]
acc: 0.953
f1: 0.060
[[1865   49]
 [  68   28]]
acc: 0.942
f1: 0.324
6,121,coarse : 29.61 seconds
6,121,fine : 29.62 seconds
[[1913    1]
 [  93    3]]
acc: 0.953
f1: 0.060
[[1866   48]
 [  68   28]]
acc: 0.942
f1: 0.326
6,122,coarse : 29.68 seconds
6,122,fine : 29.7 seconds
[[1913    1]
 [  93    3]]
acc: 0.953
f1: 0.060
[[1863   51]
 [  68   28]]
acc: 0.941
f1: 0.320
6,123,coarse : 29.88 seconds
6,123,fine : 29.89 seconds
[[1913    1]
 [  92    4]]
acc: 0.954
f1: 0.079
[[1864   50]
 [  69   27]]
acc: 0.941
f1: 0.312
6,124,coarse : 30.65 seconds
6,124,fine : 30.67 seconds
[[1913    1]
 [  92    4]]
acc: 0.954
f1: 0.079
[[1865   49]
 [  67   29]]
acc: 0.942
f1: 0.333
6,125,coarse : 30.85 seconds
6,125,fine : 30.86 seconds
[[1913    1]
 [  92    4]]
acc: 0.954
f1: 0.079
[[1864   50]
 [  67   29]]
acc: 0.942
f1: 0.331
6,126,coarse : 30.88 seconds
6,126,fine : 30.9 seconds
[[1913    1]
 [  91    5]]
acc: 0.954
f1: 0.098
[[1864   50]
 [  66   30]]
acc: 0.942
f1: 0.341
6,127,coarse : 31.39 seconds
6,127,fine : 31.4 seconds
[[1913    1]
 [  92    4]]
acc: 0.954
f1: 0.079
[[1865   49]
 [  67   29]]
acc: 0.942
f1: 0.333
6,128,coarse : 31.6 seconds
6,128,fine : 31.62 seconds
[[1913    1]
 [  91    5]]
acc: 0.954
f1: 0.098
[[1864   50]
 [  67   29]]
acc: 0.942
f1: 0.331
6,129,coarse : 32.23 seconds
6,129,fine : 32.25 seconds
[[1913    1]
 [  91    5]]
acc: 0.954
f1: 0.098
[[1866   48]
 [  66   30]]
acc: 0.943
f1: 0.345
6,130,coarse : 32.7 seconds
6,130,fine : 32.72 seconds
[[1913    1]
 [  91    5]]
acc: 0.954
f1: 0.098
[[1867   47]
 [  67   29]]
acc: 0.943
f1: 0.337
6,131,coarse : 32.13 seconds
6,131,fine : 32.14 seconds
[[1913    1]
 [  91    5]]
acc: 0.954
f1: 0.098
[[1867   47]
 [  67   29]]
acc: 0.943
f1: 0.337
6,132,coarse : 34.34 seconds
6,132,fine : 34.35 seconds
[[1913    1]
 [  90    6]]
acc: 0.955
f1: 0.117
[[1863   51]
 [  67   29]]
acc: 0.941
f1: 0.330
6,133,coarse : 32.08 seconds
6,133,fine : 32.09 seconds
[[1913    1]
 [  90    6]]
acc: 0.955
f1: 0.117
[[1861   53]
 [  66   30]]
acc: 0.941
f1: 0.335
6,134,coarse : 33.31 seconds
6,134,fine : 33.33 seconds
[[1913    1]
 [  91    5]]
acc: 0.954
f1: 0.098
[[1860   54]
 [  65   31]]
acc: 0.941
f1: 0.343
6,135,coarse : 35.82 seconds
6,135,fine : 35.84 seconds
[[1913    1]
 [  91    5]]
acc: 0.954
f1: 0.098
[[1862   52]
 [  64   32]]
acc: 0.942
f1: 0.356
6,136,coarse : 36.36 seconds
6,136,fine : 36.38 seconds
[[1913    1]
 [  91    5]]
acc: 0.954
f1: 0.098
[[1862   52]
 [  64   32]]
acc: 0.942
f1: 0.356
6,137,coarse : 36.46 seconds
6,137,fine : 36.47 seconds
[[1913    1]
 [  91    5]]
acc: 0.954
f1: 0.098
[[1864   50]
 [  64   32]]
acc: 0.943
f1: 0.360
6,138,coarse : 35.07 seconds
6,138,fine : 35.09 seconds
[[1913    1]
 [  91    5]]
acc: 0.954
f1: 0.098
[[1864   50]
 [  64   32]]
acc: 0.943
f1: 0.360
6,139,coarse : 35.68 seconds
6,139,fine : 35.69 seconds
[[1913    1]
 [  91    5]]
acc: 0.954
f1: 0.098
[[1860   54]
 [  60   36]]
acc: 0.943
f1: 0.387
6,140,coarse : 41.76 seconds
6,140,fine : 41.77 seconds
[[1913    1]
 [  91    5]]
acc: 0.954
f1: 0.098
[[1861   53]
 [  60   36]]
acc: 0.944
f1: 0.389
6,141,coarse : 41.05 seconds
6,141,fine : 41.07 seconds
[[1913    1]
 [  91    5]]
acc: 0.954
f1: 0.098
[[1861   53]
 [  60   36]]
acc: 0.944
f1: 0.389
6,142,coarse : 41.67 seconds
6,142,fine : 41.69 seconds
[[1913    1]
 [  91    5]]
acc: 0.954
f1: 0.098
[[1858   56]
 [  59   37]]
acc: 0.943
f1: 0.392
6,143,coarse : 38.72 seconds
6,143,fine : 38.73 seconds
[[1913    1]
 [  92    4]]
acc: 0.954
f1: 0.079
[[1859   55]
 [  59   37]]
acc: 0.943
f1: 0.394
6,144,coarse : 36.52 seconds
6,144,fine : 36.53 seconds
[[1912    2]
 [  91    5]]
acc: 0.954
f1: 0.097
[[1856   58]
 [  59   37]]
acc: 0.942
f1: 0.387
6,145,coarse : 36.33 seconds
6,145,fine : 36.35 seconds
[[1912    2]
 [  91    5]]
acc: 0.954
f1: 0.097
[[1854   60]
 [  58   38]]
acc: 0.941
f1: 0.392
6,146,coarse : 36.76 seconds
6,146,fine : 36.78 seconds
[[1913    1]
 [  92    4]]
acc: 0.954
f1: 0.079
[[1852   62]
 [  59   37]]
acc: 0.940
f1: 0.379
6,147,coarse : 37.42 seconds
6,147,fine : 37.43 seconds
[[1913    1]
 [  92    4]]
acc: 0.954
f1: 0.079
[[1910    4]
 [  93    3]]
acc: 0.952
f1: 0.058
6,148,coarse : 36.87 seconds
6,148,fine : 36.89 seconds
[[1913    1]
 [  92    4]]
acc: 0.954
f1: 0.079
[[1910    4]
 [  93    3]]
acc: 0.952
f1: 0.058
6,149,coarse : 38.12 seconds
6,149,fine : 38.13 seconds
[[1913    1]
 [  92    4]]
acc: 0.954
f1: 0.079
[[1911    3]
 [  93    3]]
acc: 0.952
f1: 0.059
6,150,coarse : 39.4 seconds
6,150,fine : 39.42 seconds
[[1913    1]
 [  92    4]]
acc: 0.954
f1: 0.079
[[1911    3]
 [  93    3]]
acc: 0.952
f1: 0.059
6,151,coarse : 37.81 seconds
6,151,fine : 37.83 seconds
[[1913    1]
 [  92    4]]
acc: 0.954
f1: 0.079
[[1910    4]
 [  93    3]]
acc: 0.952
f1: 0.058
6,152,coarse : 36.88 seconds
6,152,fine : 36.9 seconds
[[1913    1]
 [  92    4]]
acc: 0.954
f1: 0.079
[[1910    4]
 [  93    3]]
acc: 0.952
f1: 0.058
6,153,coarse : 38.7 seconds
6,153,fine : 38.72 seconds
[[1913    1]
 [  92    4]]
acc: 0.954
f1: 0.079
[[1910    4]
 [  93    3]]
acc: 0.952
f1: 0.058
6,154,coarse : 38.97 seconds
6,154,fine : 38.99 seconds
[[1912    2]
 [  92    4]]
acc: 0.953
f1: 0.078
[[1910    4]
 [  93    3]]
acc: 0.952
f1: 0.058
6,155,coarse : 38.69 seconds
6,155,fine : 38.71 seconds
[[1912    2]
 [  92    4]]
acc: 0.953
f1: 0.078
[[1910    4]
 [  93    3]]
acc: 0.952
f1: 0.058
6,156,coarse : 38.64 seconds
6,156,fine : 38.65 seconds
[[1912    2]
 [  92    4]]
acc: 0.953
f1: 0.078
[[1910    4]
 [  93    3]]
acc: 0.952
f1: 0.058
6,157,coarse : 39.14 seconds
6,157,fine : 39.15 seconds
[[1912    2]
 [  92    4]]
acc: 0.953
f1: 0.078
[[1910    4]
 [  93    3]]
acc: 0.952
f1: 0.058
6,158,coarse : 39.11 seconds
6,158,fine : 39.13 seconds
[[1912    2]
 [  92    4]]
acc: 0.953
f1: 0.078
[[1910    4]
 [  93    3]]
acc: 0.952
f1: 0.058
6,159,coarse : 39.39 seconds
6,159,fine : 39.4 seconds
[[1912    2]
 [  92    4]]
acc: 0.953
f1: 0.078
[[1910    4]
 [  93    3]]
acc: 0.952
f1: 0.058
6,160,coarse : 41.15 seconds
6,160,fine : 41.16 seconds
[[1912    2]
 [  92    4]]
acc: 0.953
f1: 0.078
[[1910    4]
 [  93    3]]
acc: 0.952
f1: 0.058
6,161,coarse : 39.93 seconds
6,161,fine : 39.95 seconds
[[1912    2]
 [  92    4]]
acc: 0.953
f1: 0.078
[[1909    5]
 [  92    4]]
acc: 0.952
f1: 0.076
6,162,coarse : 41.11 seconds
6,162,fine : 41.13 seconds
[[1912    2]
 [  92    4]]
acc: 0.953
f1: 0.078
[[1909    5]
 [  92    4]]
acc: 0.952
f1: 0.076
6,163,coarse : 41.1 seconds
6,163,fine : 41.12 seconds
[[1912    2]
 [  92    4]]
acc: 0.953
f1: 0.078
[[1909    5]
 [  92    4]]
acc: 0.952
f1: 0.076
6,164,coarse : 40.42 seconds
6,164,fine : 40.44 seconds
[[1912    2]
 [  91    5]]
acc: 0.954
f1: 0.097
[[1909    5]
 [  92    4]]
acc: 0.952
f1: 0.076
6,165,coarse : 41.17 seconds
6,165,fine : 41.19 seconds
[[1913    1]
 [  91    5]]
acc: 0.954
f1: 0.098
[[1909    5]
 [  92    4]]
acc: 0.952
f1: 0.076
6,166,coarse : 41.98 seconds
6,166,fine : 42.02 seconds
[[1912    2]
 [  91    5]]
acc: 0.954
f1: 0.097
[[1909    5]
 [  92    4]]
acc: 0.952
f1: 0.076
6,167,coarse : 42.37 seconds
6,167,fine : 42.41 seconds
[[1912    2]
 [  91    5]]
acc: 0.954
f1: 0.097
[[1909    5]
 [  92    4]]
acc: 0.952
f1: 0.076
6,168,coarse : 42.92 seconds
6,168,fine : 42.94 seconds
[[1912    2]
 [  89    7]]
acc: 0.955
f1: 0.133
[[1909    5]
 [  92    4]]
acc: 0.952
f1: 0.076
6,169,coarse : 41.38 seconds
6,169,fine : 41.4 seconds
[[1910    4]
 [  89    7]]
acc: 0.954
f1: 0.131
[[1910    4]
 [  92    4]]
acc: 0.952
f1: 0.077
6,170,coarse : 41.95 seconds
6,170,fine : 41.97 seconds
[[1910    4]
 [  89    7]]
acc: 0.954
f1: 0.131
[[1910    4]
 [  92    4]]
acc: 0.952
f1: 0.077
6,171,coarse : 43.84 seconds
6,171,fine : 43.86 seconds
[[1910    4]
 [  89    7]]
acc: 0.954
f1: 0.131
[[1910    4]
 [  93    3]]
acc: 0.952
f1: 0.058
6,172,coarse : 43.65 seconds
6,172,fine : 43.67 seconds
