all           0      1    2    3    4    5    6    7    8    
1      2010   1914   1    19   32   19   1    11   6    7    
2      2010   1914   1    19   32   19   1    11   6    7    
3      2010   1914   1    19   32   19   1    11   5    8    
4      2010   1914   1    19   32   19   1    10   6    8    
5      2010   1914   1    18   33   19   1    10   6    8    
6      2010   1914   1    18   33   19   1    10   6    8    
7      2010   1913   2    18   33   19   1    10   6    8    
8      2010   1913   2    18   33   19   1    10   6    8    
9      2009   1913   2    18   32   19   2    10   6    7    
10     2009   1913   1    19   32   19   1    11   6    7    
Total  20098  19136  13   185  324  190  11   104  59   76   
train         0      1    2    3    4    5    6    7    8    
1      2010   1914   1    19   32   19   1    11   6    7    
2      2010   1914   1    19   32   19   1    11   6    7    
3      2010   1914   1    19   32   19   1    11   5    8    
4      2010   1914   1    19   32   19   1    10   6    8    
5      2010   1914   1    18   33   19   1    10   6    8    
6      2010   1914   1    18   33   19   1    10   6    8    
7      2010   1913   2    18   33   19   1    10   6    8    
8      2010   1913   2    18   33   19   1    10   6    8    
9      2009   1913   2    18   32   19   2    10   6    7    
Total  18089  17223  12   166  292  171  10   93   53   69   
test          0      1    2    3    4    5    6    7    8    
10     2009   1913   1    19   32   19   1    11   6    7    
Total  2009   1913   1    19   32   19   1    11   6    7    
Classes             
0         17223     
1         12        
2         166       
3         292       
4         171       
5         10        
6         93        
7         53        
8         69        
Total     18089     

Shape: 450       

[952, 10, 11, 16, 11, 10, 10, 10, 10]
Sum start => 1040
[[1049  864]
 [  13   83]]
acc: 0.563
f1: 0.159
[[1843   70]
 [  85   11]]
acc: 0.923
f1: 0.124
10,1,coarse : 42.62 seconds
10,1,fine : 42.62 seconds
[[1049  864]
 [  13   83]]
acc: 0.563
f1: 0.159
[[1843   70]
 [  85   11]]
acc: 0.923
f1: 0.124
10,2,coarse : 44.25 seconds
10,2,fine : 44.25 seconds
[[1054  859]
 [  13   83]]
acc: 0.566
f1: 0.160
[[1856   57]
 [  84   12]]
acc: 0.930
f1: 0.145
10,3,coarse : 4.69 seconds
10,3,fine : 4.69 seconds
[[1293  620]
 [  16   80]]
acc: 0.683
f1: 0.201
[[1883   30]
 [  87    9]]
acc: 0.942
f1: 0.133
10,4,coarse : 4.82 seconds
10,4,fine : 4.83 seconds
[[1385  528]
 [  18   78]]
acc: 0.728
f1: 0.222
[[1882   31]
 [  88    8]]
acc: 0.941
f1: 0.119
10,5,coarse : 5.22 seconds
10,5,fine : 5.22 seconds
[[1363  550]
 [  16   80]]
acc: 0.718
f1: 0.220
[[1884   29]
 [  89    7]]
acc: 0.941
f1: 0.106
10,6,coarse : 5.85 seconds
10,6,fine : 5.86 seconds
[[1304  609]
 [  15   81]]
acc: 0.689
f1: 0.206
[[1876   37]
 [  88    8]]
acc: 0.938
f1: 0.113
10,7,coarse : 5.32 seconds
10,7,fine : 5.33 seconds
[[1306  607]
 [  15   81]]
acc: 0.690
f1: 0.207
[[1874   39]
 [  89    7]]
acc: 0.936
f1: 0.099
10,8,coarse : 5.55 seconds
10,8,fine : 5.56 seconds
[[1238  675]
 [  14   82]]
acc: 0.657
f1: 0.192
[[1869   44]
 [  91    5]]
acc: 0.933
f1: 0.069
10,9,coarse : 5.84 seconds
10,9,fine : 5.85 seconds
[[1320  593]
 [  16   80]]
acc: 0.697
f1: 0.208
[[1871   42]
 [  90    6]]
acc: 0.934
f1: 0.083
10,10,coarse : 6.0 seconds
10,10,fine : 6.01 seconds
[[1359  554]
 [  17   79]]
acc: 0.716
f1: 0.217
[[1875   38]
 [  91    5]]
acc: 0.936
f1: 0.072
10,11,coarse : 6.28 seconds
10,11,fine : 6.28 seconds
[[1304  609]
 [  13   83]]
acc: 0.690
f1: 0.211
[[1878   35]
 [  89    7]]
acc: 0.938
f1: 0.101
10,12,coarse : 7.05 seconds
10,12,fine : 7.05 seconds
[[1338  575]
 [  14   82]]
acc: 0.707
f1: 0.218
[[1867   46]
 [  87    9]]
acc: 0.934
f1: 0.119
10,13,coarse : 6.36 seconds
10,13,fine : 6.36 seconds
[[1263  650]
 [  13   83]]
acc: 0.670
f1: 0.200
[[1870   43]
 [  88    8]]
acc: 0.935
f1: 0.109
10,14,coarse : 6.54 seconds
10,14,fine : 6.54 seconds
[[1283  630]
 [  13   83]]
acc: 0.680
f1: 0.205
[[1862   51]
 [  87    9]]
acc: 0.931
f1: 0.115
10,15,coarse : 6.67 seconds
10,15,fine : 6.68 seconds
[[1302  611]
 [  13   83]]
acc: 0.689
f1: 0.210
[[1866   47]
 [  83   13]]
acc: 0.935
f1: 0.167
10,16,coarse : 6.87 seconds
10,16,fine : 6.87 seconds
[[1200  713]
 [  11   85]]
acc: 0.640
f1: 0.190
[[1868   45]
 [  82   14]]
acc: 0.937
f1: 0.181
10,17,coarse : 8.03 seconds
10,17,fine : 8.03 seconds
[[1196  717]
 [  11   85]]
acc: 0.638
f1: 0.189
[[1870   43]
 [  82   14]]
acc: 0.938
f1: 0.183
10,18,coarse : 7.33 seconds
10,18,fine : 7.34 seconds
[[1162  751]
 [  11   85]]
acc: 0.621
f1: 0.182
[[1868   45]
 [  80   16]]
acc: 0.938
f1: 0.204
10,19,coarse : 7.96 seconds
10,19,fine : 7.97 seconds
[[1110  803]
 [  11   85]]
acc: 0.595
f1: 0.173
[[1867   46]
 [  80   16]]
acc: 0.937
f1: 0.203
10,20,coarse : 8.26 seconds
10,20,fine : 8.27 seconds
[[1193  720]
 [  12   84]]
acc: 0.636
f1: 0.187
[[1865   48]
 [  81   15]]
acc: 0.936
f1: 0.189
10,21,coarse : 7.95 seconds
10,21,fine : 7.95 seconds
[[1278  635]
 [  13   83]]
acc: 0.677
f1: 0.204
[[1855   58]
 [  79   17]]
acc: 0.932
f1: 0.199
10,22,coarse : 8.44 seconds
10,22,fine : 8.45 seconds
[[1365  548]
 [  14   82]]
acc: 0.720
f1: 0.226
[[1844   69]
 [  77   19]]
acc: 0.927
f1: 0.207
10,23,coarse : 8.91 seconds
10,23,fine : 8.92 seconds
[[1364  549]
 [  16   80]]
acc: 0.719
f1: 0.221
[[1840   73]
 [  75   21]]
acc: 0.926
f1: 0.221
10,24,coarse : 8.46 seconds
10,24,fine : 8.46 seconds
[[1401  512]
 [  17   79]]
acc: 0.737
f1: 0.230
[[1838   75]
 [  73   23]]
acc: 0.926
f1: 0.237
10,25,coarse : 8.92 seconds
10,25,fine : 8.93 seconds
[[1452  461]
 [  16   80]]
acc: 0.763
f1: 0.251
[[1838   75]
 [  73   23]]
acc: 0.926
f1: 0.237
10,26,coarse : 8.92 seconds
10,26,fine : 8.93 seconds
[[1368  545]
 [  14   82]]
acc: 0.722
f1: 0.227
[[1837   76]
 [  70   26]]
acc: 0.927
f1: 0.263
10,27,coarse : 10.24 seconds
10,27,fine : 10.25 seconds
[[1397  516]
 [  16   80]]
acc: 0.735
f1: 0.231
[[1840   73]
 [  73   23]]
acc: 0.927
f1: 0.240
10,28,coarse : 9.36 seconds
10,28,fine : 9.37 seconds
[[1352  561]
 [  14   82]]
acc: 0.714
f1: 0.222
[[1836   77]
 [  72   24]]
acc: 0.926
f1: 0.244
10,29,coarse : 9.56 seconds
10,29,fine : 9.57 seconds
[[1389  524]
 [  16   80]]
acc: 0.731
f1: 0.229
[[1868   45]
 [  79   17]]
acc: 0.938
f1: 0.215
10,30,coarse : 9.6 seconds
10,30,fine : 9.61 seconds
[[1903   10]
 [  89    7]]
acc: 0.951
f1: 0.124
[[1865   48]
 [  77   19]]
acc: 0.938
f1: 0.233
10,31,coarse : 9.79 seconds
10,31,fine : 9.8 seconds
[[1905    8]
 [  89    7]]
acc: 0.952
f1: 0.126
[[1864   49]
 [  78   18]]
acc: 0.937
f1: 0.221
10,32,coarse : 11.11 seconds
10,32,fine : 11.11 seconds
[[1900   13]
 [  89    7]]
acc: 0.949
f1: 0.121
[[1873   40]
 [  79   17]]
acc: 0.941
f1: 0.222
10,33,coarse : 10.31 seconds
10,33,fine : 10.32 seconds
[[1904    9]
 [  90    6]]
acc: 0.951
f1: 0.108
[[1867   46]
 [  79   17]]
acc: 0.938
f1: 0.214
10,34,coarse : 10.56 seconds
10,34,fine : 10.56 seconds
[[1910    3]
 [  96    0]]
acc: 0.951
f1: 0.000
[[1867   46]
 [  80   16]]
acc: 0.937
f1: 0.203
10,35,coarse : 10.49 seconds
10,35,fine : 10.5 seconds
[[1910    3]
 [  96    0]]
acc: 0.951
f1: 0.000
[[1865   48]
 [  79   17]]
acc: 0.937
f1: 0.211
10,36,coarse : 11.93 seconds
10,36,fine : 11.94 seconds
[[1911    2]
 [  96    0]]
acc: 0.951
f1: 0.000
[[1859   54]
 [  77   19]]
acc: 0.935
f1: 0.225
10,37,coarse : 11.36 seconds
10,37,fine : 11.37 seconds
[[1911    2]
 [  96    0]]
acc: 0.951
f1: 0.000
[[1858   55]
 [  78   18]]
acc: 0.934
f1: 0.213
10,38,coarse : 12.26 seconds
10,38,fine : 12.27 seconds
[[1909    4]
 [  96    0]]
acc: 0.950
f1: 0.000
[[1857   56]
 [  75   21]]
acc: 0.935
f1: 0.243
10,39,coarse : 11.54 seconds
10,39,fine : 11.54 seconds
[[1909    4]
 [  96    0]]
acc: 0.950
f1: 0.000
[[1856   57]
 [  72   24]]
acc: 0.936
f1: 0.271
10,40,coarse : 12.49 seconds
10,40,fine : 12.49 seconds
[[1909    4]
 [  96    0]]
acc: 0.950
f1: 0.000
[[1856   57]
 [  73   23]]
acc: 0.935
f1: 0.261
10,41,coarse : 12.98 seconds
10,41,fine : 12.98 seconds
[[1911    2]
 [  96    0]]
acc: 0.951
f1: 0.000
[[1846   67]
 [  67   29]]
acc: 0.933
f1: 0.302
10,42,coarse : 12.2 seconds
10,42,fine : 12.21 seconds
[[1911    2]
 [  96    0]]
acc: 0.951
f1: 0.000
[[1837   76]
 [  66   30]]
acc: 0.929
f1: 0.297
10,43,coarse : 13.06 seconds
10,43,fine : 13.07 seconds
[[1911    2]
 [  96    0]]
acc: 0.951
f1: 0.000
[[1836   77]
 [  64   32]]
acc: 0.930
f1: 0.312
10,44,coarse : 12.87 seconds
10,44,fine : 12.88 seconds
[[1911    2]
 [  96    0]]
acc: 0.951
f1: 0.000
[[1832   81]
 [  64   32]]
acc: 0.928
f1: 0.306
10,45,coarse : 12.85 seconds
10,45,fine : 12.86 seconds
[[1911    2]
 [  96    0]]
acc: 0.951
f1: 0.000
[[1843   70]
 [  68   28]]
acc: 0.931
f1: 0.289
10,46,coarse : 13.25 seconds
10,46,fine : 13.26 seconds
[[1911    2]
 [  96    0]]
acc: 0.951
f1: 0.000
[[1878   35]
 [  70   26]]
acc: 0.948
f1: 0.331
10,47,coarse : 14.23 seconds
10,47,fine : 14.24 seconds
[[1911    2]
 [  96    0]]
acc: 0.951
f1: 0.000
[[1852   61]
 [  70   26]]
acc: 0.935
f1: 0.284
10,48,coarse : 13.58 seconds
10,48,fine : 13.59 seconds
[[1911    2]
 [  96    0]]
acc: 0.951
f1: 0.000
[[1849   64]
 [  71   25]]
acc: 0.933
f1: 0.270
10,49,coarse : 13.85 seconds
10,49,fine : 13.86 seconds
[[1911    2]
 [  96    0]]
acc: 0.951
f1: 0.000
[[1847   66]
 [  70   26]]
acc: 0.932
f1: 0.277
10,50,coarse : 16.9 seconds
10,50,fine : 16.9 seconds
[[1911    2]
 [  96    0]]
acc: 0.951
f1: 0.000
[[1845   68]
 [  69   27]]
acc: 0.932
f1: 0.283
10,51,coarse : 13.78 seconds
10,51,fine : 13.79 seconds
[[1911    2]
 [  96    0]]
acc: 0.951
f1: 0.000
[[1844   69]
 [  70   26]]
acc: 0.931
f1: 0.272
10,52,coarse : 15.74 seconds
10,52,fine : 15.75 seconds
[[1911    2]
 [  96    0]]
acc: 0.951
f1: 0.000
[[1851   62]
 [  70   26]]
acc: 0.934
f1: 0.283
10,53,coarse : 15.04 seconds
10,53,fine : 15.05 seconds
[[1911    2]
 [  96    0]]
acc: 0.951
f1: 0.000
[[1851   62]
 [  71   25]]
acc: 0.934
f1: 0.273
10,54,coarse : 15.59 seconds
10,54,fine : 15.6 seconds
[[1911    2]
 [  96    0]]
acc: 0.951
f1: 0.000
[[1851   62]
 [  70   26]]
acc: 0.934
f1: 0.283
10,55,coarse : 15.98 seconds
10,55,fine : 15.98 seconds
[[1911    2]
 [  96    0]]
acc: 0.951
f1: 0.000
[[1842   71]
 [  69   27]]
acc: 0.930
f1: 0.278
10,56,coarse : 14.61 seconds
10,56,fine : 14.62 seconds
[[1911    2]
 [  96    0]]
acc: 0.951
f1: 0.000
[[1847   66]
 [  68   28]]
acc: 0.933
f1: 0.295
10,57,coarse : 15.12 seconds
10,57,fine : 15.17 seconds
[[1910    3]
 [  96    0]]
acc: 0.951
f1: 0.000
[[1847   66]
 [  69   27]]
acc: 0.933
f1: 0.286
10,58,coarse : 16.38 seconds
10,58,fine : 16.39 seconds
[[1911    2]
 [  96    0]]
acc: 0.951
f1: 0.000
[[1850   63]
 [  70   26]]
acc: 0.934
f1: 0.281
10,59,coarse : 15.62 seconds
10,59,fine : 15.63 seconds
[[1909    4]
 [  96    0]]
acc: 0.950
f1: 0.000
[[1843   70]
 [  68   28]]
acc: 0.931
f1: 0.289
10,60,coarse : 16.53 seconds
10,60,fine : 16.53 seconds
[[1910    3]
 [  96    0]]
acc: 0.951
f1: 0.000
[[1836   77]
 [  63   33]]
acc: 0.930
f1: 0.320
10,61,coarse : 16.36 seconds
10,61,fine : 16.37 seconds
[[1910    3]
 [  96    0]]
acc: 0.951
f1: 0.000
[[1835   78]
 [  64   32]]
acc: 0.929
f1: 0.311
10,62,coarse : 16.78 seconds
10,62,fine : 16.78 seconds
[[1910    3]
 [  96    0]]
acc: 0.951
f1: 0.000
[[1834   79]
 [  64   32]]
acc: 0.929
f1: 0.309
10,63,coarse : 17.41 seconds
10,63,fine : 17.42 seconds
[[1911    2]
 [  96    0]]
acc: 0.951
f1: 0.000
[[1834   79]
 [  64   32]]
acc: 0.929
f1: 0.309
10,64,coarse : 17.09 seconds
10,64,fine : 17.1 seconds
[[1911    2]
 [  96    0]]
acc: 0.951
f1: 0.000
[[1830   83]
 [  64   32]]
acc: 0.927
f1: 0.303
10,65,coarse : 18.86 seconds
10,65,fine : 18.87 seconds
[[1911    2]
 [  96    0]]
acc: 0.951
f1: 0.000
[[1831   82]
 [  64   32]]
acc: 0.927
f1: 0.305
10,66,coarse : 19.04 seconds
10,66,fine : 19.05 seconds
[[1911    2]
 [  96    0]]
acc: 0.951
f1: 0.000
[[1824   89]
 [  62   34]]
acc: 0.925
f1: 0.311
10,67,coarse : 19.08 seconds
10,67,fine : 19.09 seconds
[[1911    2]
 [  96    0]]
acc: 0.951
f1: 0.000
[[1823   90]
 [  63   33]]
acc: 0.924
f1: 0.301
10,68,coarse : 19.14 seconds
10,68,fine : 19.15 seconds
[[1911    2]
 [  96    0]]
acc: 0.951
f1: 0.000
[[1827   86]
 [  63   33]]
acc: 0.926
f1: 0.307
10,69,coarse : 17.83 seconds
10,69,fine : 17.84 seconds
[[1910    3]
 [  96    0]]
acc: 0.951
f1: 0.000
[[1828   85]
 [  63   33]]
acc: 0.926
f1: 0.308
10,70,coarse : 19.41 seconds
10,70,fine : 19.42 seconds
[[1910    3]
 [  96    0]]
acc: 0.951
f1: 0.000
[[1894   19]
 [  81   15]]
acc: 0.950
f1: 0.231
10,71,coarse : 18.99 seconds
10,71,fine : 19.0 seconds
[[1910    3]
 [  96    0]]
acc: 0.951
f1: 0.000
[[1894   19]
 [  80   16]]
acc: 0.951
f1: 0.244
10,72,coarse : 19.3 seconds
10,72,fine : 19.31 seconds
[[1910    3]
 [  96    0]]
acc: 0.951
f1: 0.000
[[1893   20]
 [  80   16]]
acc: 0.950
f1: 0.242
10,73,coarse : 20.69 seconds
10,73,fine : 20.7 seconds
[[1910    3]
 [  96    0]]
acc: 0.951
f1: 0.000
[[1894   19]
 [  81   15]]
acc: 0.950
f1: 0.231
10,74,coarse : 19.92 seconds
10,74,fine : 19.93 seconds
[[1910    3]
 [  96    0]]
acc: 0.951
f1: 0.000
[[1894   19]
 [  80   16]]
acc: 0.951
f1: 0.244
10,75,coarse : 20.25 seconds
10,75,fine : 20.26 seconds
[[1910    3]
 [  96    0]]
acc: 0.951
f1: 0.000
[[1895   18]
 [  80   16]]
acc: 0.951
f1: 0.246
10,76,coarse : 19.83 seconds
10,76,fine : 19.84 seconds
[[1911    2]
 [  96    0]]
acc: 0.951
f1: 0.000
[[1896   17]
 [  80   16]]
acc: 0.952
f1: 0.248
10,77,coarse : 20.14 seconds
10,77,fine : 20.15 seconds
[[1911    2]
 [  96    0]]
acc: 0.951
f1: 0.000
[[1894   19]
 [  80   16]]
acc: 0.951
f1: 0.244
10,78,coarse : 20.55 seconds
10,78,fine : 20.56 seconds
[[1911    2]
 [  96    0]]
acc: 0.951
f1: 0.000
[[1894   19]
 [  80   16]]
acc: 0.951
f1: 0.244
10,79,coarse : 19.3 seconds
10,79,fine : 19.31 seconds
[[1911    2]
 [  96    0]]
acc: 0.951
f1: 0.000
[[1894   19]
 [  80   16]]
acc: 0.951
f1: 0.244
10,80,coarse : 20.73 seconds
10,80,fine : 20.74 seconds
[[1911    2]
 [  96    0]]
acc: 0.951
f1: 0.000
[[1894   19]
 [  80   16]]
acc: 0.951
f1: 0.244
10,81,coarse : 21.05 seconds
10,81,fine : 21.07 seconds
[[1910    3]
 [  96    0]]
acc: 0.951
f1: 0.000
[[1894   19]
 [  81   15]]
acc: 0.950
f1: 0.231
10,82,coarse : 22.03 seconds
10,82,fine : 22.05 seconds
[[1910    3]
 [  96    0]]
acc: 0.951
f1: 0.000
[[1893   20]
 [  78   18]]
acc: 0.951
f1: 0.269
10,83,coarse : 22.09 seconds
10,83,fine : 22.1 seconds
[[1910    3]
 [  96    0]]
acc: 0.951
f1: 0.000
[[1894   19]
 [  77   19]]
acc: 0.952
f1: 0.284
10,84,coarse : 22.19 seconds
10,84,fine : 22.2 seconds
[[1910    3]
 [  96    0]]
acc: 0.951
f1: 0.000
[[1895   18]
 [  78   18]]
acc: 0.952
f1: 0.273
10,85,coarse : 22.28 seconds
10,85,fine : 22.29 seconds
[[1910    3]
 [  96    0]]
acc: 0.951
f1: 0.000
[[1902   11]
 [  81   15]]
acc: 0.954
f1: 0.246
10,86,coarse : 21.21 seconds
10,86,fine : 21.22 seconds
[[1910    3]
 [  96    0]]
acc: 0.951
f1: 0.000
[[1902   11]
 [  81   15]]
acc: 0.954
f1: 0.246
10,87,coarse : 22.54 seconds
10,87,fine : 22.56 seconds
[[1911    2]
 [  96    0]]
acc: 0.951
f1: 0.000
[[1902   11]
 [  81   15]]
acc: 0.954
f1: 0.246
10,88,coarse : 24.04 seconds
10,88,fine : 24.06 seconds
[[1911    2]
 [  96    0]]
acc: 0.951
f1: 0.000
[[1900   13]
 [  80   16]]
acc: 0.954
f1: 0.256
10,89,coarse : 24.05 seconds
10,89,fine : 24.07 seconds
[[1911    2]
 [  96    0]]
acc: 0.951
f1: 0.000
[[1900   13]
 [  80   16]]
acc: 0.954
f1: 0.256
10,90,coarse : 23.48 seconds
10,90,fine : 23.5 seconds
[[1911    2]
 [  96    0]]
acc: 0.951
f1: 0.000
[[1899   14]
 [  79   17]]
acc: 0.954
f1: 0.268
10,91,coarse : 24.18 seconds
10,91,fine : 24.2 seconds
[[1911    2]
 [  96    0]]
acc: 0.951
f1: 0.000
[[1899   14]
 [  79   17]]
acc: 0.954
f1: 0.268
10,92,coarse : 23.32 seconds
10,92,fine : 23.33 seconds
[[1911    2]
 [  96    0]]
acc: 0.951
f1: 0.000
[[1901   12]
 [  80   16]]
acc: 0.954
f1: 0.258
10,93,coarse : 24.75 seconds
10,93,fine : 24.76 seconds
[[1911    2]
 [  96    0]]
acc: 0.951
f1: 0.000
[[1900   13]
 [  81   15]]
acc: 0.953
f1: 0.242
10,94,coarse : 23.41 seconds
10,94,fine : 23.42 seconds
[[1911    2]
 [  96    0]]
acc: 0.951
f1: 0.000
[[1893   20]
 [  79   17]]
acc: 0.951
f1: 0.256
10,95,coarse : 25.65 seconds
10,95,fine : 25.66 seconds
[[1911    2]
 [  96    0]]
acc: 0.951
f1: 0.000
[[1890   23]
 [  72   24]]
acc: 0.953
f1: 0.336
10,96,coarse : 25.27 seconds
10,96,fine : 25.29 seconds
[[1911    2]
 [  96    0]]
acc: 0.951
f1: 0.000
[[1888   25]
 [  72   24]]
acc: 0.952
f1: 0.331
10,97,coarse : 26.97 seconds
10,97,fine : 26.98 seconds
[[1911    2]
 [  96    0]]
acc: 0.951
f1: 0.000
[[1888   25]
 [  72   24]]
acc: 0.952
f1: 0.331
10,98,coarse : 25.49 seconds
10,98,fine : 25.5 seconds
[[1911    2]
 [  96    0]]
acc: 0.951
f1: 0.000
[[1890   23]
 [  73   23]]
acc: 0.952
f1: 0.324
10,99,coarse : 26.67 seconds
10,99,fine : 26.69 seconds
[[1911    2]
 [  96    0]]
acc: 0.951
f1: 0.000
[[1894   19]
 [  76   20]]
acc: 0.953
f1: 0.296
10,100,coarse : 28.07 seconds
10,100,fine : 28.09 seconds
[[1911    2]
 [  96    0]]
acc: 0.951
f1: 0.000
[[1892   21]
 [  75   21]]
acc: 0.952
f1: 0.304
10,101,coarse : 27.71 seconds
10,101,fine : 27.72 seconds
[[1911    2]
 [  96    0]]
acc: 0.951
f1: 0.000
[[1889   24]
 [  71   25]]
acc: 0.953
f1: 0.345
10,102,coarse : 26.45 seconds
10,102,fine : 26.46 seconds
[[1911    2]
 [  96    0]]
acc: 0.951
f1: 0.000
[[1890   23]
 [  73   23]]
acc: 0.952
f1: 0.324
10,103,coarse : 27.81 seconds
10,103,fine : 27.83 seconds
[[1911    2]
 [  96    0]]
acc: 0.951
f1: 0.000
[[1889   24]
 [  74   22]]
acc: 0.951
f1: 0.310
10,104,coarse : 28.6 seconds
10,104,fine : 28.61 seconds
[[1911    2]
 [  96    0]]
acc: 0.951
f1: 0.000
[[1888   25]
 [  75   21]]
acc: 0.950
f1: 0.296
10,105,coarse : 28.57 seconds
10,105,fine : 28.58 seconds
[[1911    2]
 [  96    0]]
acc: 0.951
f1: 0.000
[[1888   25]
 [  75   21]]
acc: 0.950
f1: 0.296
10,106,coarse : 28.52 seconds
10,106,fine : 28.53 seconds
[[1911    2]
 [  96    0]]
acc: 0.951
f1: 0.000
[[1889   24]
 [  75   21]]
acc: 0.951
f1: 0.298
10,107,coarse : 29.24 seconds
10,107,fine : 29.25 seconds
[[1911    2]
 [  96    0]]
acc: 0.951
f1: 0.000
[[1893   20]
 [  76   20]]
acc: 0.952
f1: 0.294
10,108,coarse : 28.43 seconds
10,108,fine : 28.45 seconds
[[1911    2]
 [  96    0]]
acc: 0.951
f1: 0.000
[[1892   21]
 [  76   20]]
acc: 0.952
f1: 0.292
10,109,coarse : 28.88 seconds
10,109,fine : 28.9 seconds
[[1911    2]
 [  96    0]]
acc: 0.951
f1: 0.000
[[1892   21]
 [  76   20]]
acc: 0.952
f1: 0.292
10,110,coarse : 29.71 seconds
10,110,fine : 29.72 seconds
[[1911    2]
 [  96    0]]
acc: 0.951
f1: 0.000
[[1891   22]
 [  76   20]]
acc: 0.951
f1: 0.290
10,111,coarse : 29.12 seconds
10,111,fine : 29.14 seconds
[[1911    2]
 [  96    0]]
acc: 0.951
f1: 0.000
[[1894   19]
 [  77   19]]
acc: 0.952
f1: 0.284
10,112,coarse : 31.3 seconds
10,112,fine : 31.31 seconds
[[1911    2]
 [  96    0]]
acc: 0.951
f1: 0.000
[[1894   19]
 [  77   19]]
acc: 0.952
f1: 0.284
10,113,coarse : 31.2 seconds
10,113,fine : 31.21 seconds
[[1911    2]
 [  96    0]]
acc: 0.951
f1: 0.000
[[1894   19]
 [  77   19]]
acc: 0.952
f1: 0.284
10,114,coarse : 30.64 seconds
10,114,fine : 30.65 seconds
[[1910    3]
 [  96    0]]
acc: 0.951
f1: 0.000
[[1896   17]
 [  78   18]]
acc: 0.953
f1: 0.275
10,115,coarse : 30.65 seconds
10,115,fine : 30.67 seconds
[[1911    2]
 [  96    0]]
acc: 0.951
f1: 0.000
[[1895   18]
 [  78   18]]
acc: 0.952
f1: 0.273
10,116,coarse : 30.76 seconds
10,116,fine : 30.78 seconds
[[1911    2]
 [  96    0]]
acc: 0.951
f1: 0.000
[[1891   22]
 [  77   19]]
acc: 0.951
f1: 0.277
10,117,coarse : 31.28 seconds
10,117,fine : 31.29 seconds
[[1911    2]
 [  96    0]]
acc: 0.951
f1: 0.000
[[1892   21]
 [  77   19]]
acc: 0.951
f1: 0.279
10,118,coarse : 31.68 seconds
10,118,fine : 31.69 seconds
[[1911    2]
 [  96    0]]
acc: 0.951
f1: 0.000
[[1893   20]
 [  78   18]]
acc: 0.951
f1: 0.269
10,119,coarse : 31.87 seconds
10,119,fine : 31.89 seconds
[[1911    2]
 [  96    0]]
acc: 0.951
f1: 0.000
[[1894   19]
 [  78   18]]
acc: 0.952
f1: 0.271
10,120,coarse : 31.59 seconds
10,120,fine : 31.61 seconds
[[1911    2]
 [  96    0]]
acc: 0.951
f1: 0.000
[[1895   18]
 [  78   18]]
acc: 0.952
f1: 0.273
10,121,coarse : 32.94 seconds
10,121,fine : 32.95 seconds
[[1911    2]
 [  96    0]]
acc: 0.951
f1: 0.000
[[1897   16]
 [  79   17]]
acc: 0.953
f1: 0.264
10,122,coarse : 32.49 seconds
10,122,fine : 32.51 seconds
[[1911    2]
 [  96    0]]
acc: 0.951
f1: 0.000
[[1897   16]
 [  78   18]]
acc: 0.953
f1: 0.277
10,123,coarse : 31.59 seconds
10,123,fine : 31.6 seconds
[[1911    2]
 [  96    0]]
acc: 0.951
f1: 0.000
[[1903   10]
 [  95    1]]
acc: 0.948
f1: 0.019
10,124,coarse : 32.04 seconds
10,124,fine : 32.06 seconds
[[1911    2]
 [  96    0]]
acc: 0.951
f1: 0.000
[[1903   10]
 [  95    1]]
acc: 0.948
f1: 0.019
10,125,coarse : 32.13 seconds
10,125,fine : 32.15 seconds
[[1911    2]
 [  96    0]]
acc: 0.951
f1: 0.000
[[1903   10]
 [  95    1]]
acc: 0.948
f1: 0.019
10,126,coarse : 32.2 seconds
10,126,fine : 32.22 seconds
[[1911    2]
 [  96    0]]
acc: 0.951
f1: 0.000
[[1903   10]
 [  95    1]]
acc: 0.948
f1: 0.019
10,127,coarse : 34.08 seconds
10,127,fine : 34.1 seconds
[[1911    2]
 [  96    0]]
acc: 0.951
f1: 0.000
[[1903   10]
 [  95    1]]
acc: 0.948
f1: 0.019
10,128,coarse : 34.6 seconds
10,128,fine : 34.62 seconds
[[1911    2]
 [  96    0]]
acc: 0.951
f1: 0.000
[[1903   10]
 [  95    1]]
acc: 0.948
f1: 0.019
10,129,coarse : 34.76 seconds
10,129,fine : 34.77 seconds
[[1911    2]
 [  96    0]]
acc: 0.951
f1: 0.000
[[1903   10]
 [  95    1]]
acc: 0.948
f1: 0.019
10,130,coarse : 35.69 seconds
10,130,fine : 35.71 seconds
[[1911    2]
 [  96    0]]
acc: 0.951
f1: 0.000
[[1903   10]
 [  95    1]]
acc: 0.948
f1: 0.019
10,131,coarse : 35.76 seconds
10,131,fine : 35.78 seconds
[[1911    2]
 [  96    0]]
acc: 0.951
f1: 0.000
[[1903   10]
 [  95    1]]
acc: 0.948
f1: 0.019
10,132,coarse : 37.28 seconds
10,132,fine : 37.3 seconds
[[1911    2]
 [  96    0]]
acc: 0.951
f1: 0.000
[[1900   13]
 [  95    1]]
acc: 0.946
f1: 0.018
10,133,coarse : 35.69 seconds
10,133,fine : 35.71 seconds
[[1911    2]
 [  96    0]]
acc: 0.951
f1: 0.000
[[1900   13]
 [  95    1]]
acc: 0.946
f1: 0.018
10,134,coarse : 36.75 seconds
10,134,fine : 36.77 seconds
[[1911    2]
 [  95    1]]
acc: 0.952
f1: 0.020
[[1900   13]
 [  95    1]]
acc: 0.946
f1: 0.018
10,135,coarse : 37.17 seconds
10,135,fine : 37.19 seconds
[[1911    2]
 [  95    1]]
acc: 0.952
f1: 0.020
[[1899   14]
 [  95    1]]
acc: 0.946
f1: 0.018
10,136,coarse : 36.7 seconds
10,136,fine : 36.71 seconds
[[1911    2]
 [  95    1]]
acc: 0.952
f1: 0.020
[[1899   14]
 [  95    1]]
acc: 0.946
f1: 0.018
10,137,coarse : 37.52 seconds
10,137,fine : 37.54 seconds
[[1911    2]
 [  95    1]]
acc: 0.952
f1: 0.020
[[1889   24]
 [  95    1]]
acc: 0.941
f1: 0.017
10,138,coarse : 39.42 seconds
10,138,fine : 39.44 seconds
[[1910    3]
 [  95    1]]
acc: 0.951
f1: 0.020
[[1890   23]
 [  95    1]]
acc: 0.941
f1: 0.017
10,139,coarse : 37.36 seconds
10,139,fine : 37.37 seconds
[[1910    3]
 [  95    1]]
acc: 0.951
f1: 0.020
[[1888   25]
 [  95    1]]
acc: 0.940
f1: 0.016
10,140,coarse : 37.79 seconds
10,140,fine : 37.81 seconds
[[1910    3]
 [  95    1]]
acc: 0.951
f1: 0.020
[[1888   25]
 [  95    1]]
acc: 0.940
f1: 0.016
10,141,coarse : 38.61 seconds
10,141,fine : 38.63 seconds
[[1910    3]
 [  95    1]]
acc: 0.951
f1: 0.020
[[1887   26]
 [  95    1]]
acc: 0.940
f1: 0.016
10,142,coarse : 38.67 seconds
10,142,fine : 38.69 seconds
[[1910    3]
 [  95    1]]
acc: 0.951
f1: 0.020
[[1889   24]
 [  95    1]]
acc: 0.941
f1: 0.017
10,143,coarse : 39.53 seconds
10,143,fine : 39.55 seconds
[[1910    3]
 [  95    1]]
acc: 0.951
f1: 0.020
[[1889   24]
 [  95    1]]
acc: 0.941
f1: 0.017
10,144,coarse : 38.8 seconds
10,144,fine : 38.82 seconds
[[1910    3]
 [  95    1]]
acc: 0.951
f1: 0.020
[[1889   24]
 [  95    1]]
acc: 0.941
f1: 0.017
10,145,coarse : 39.32 seconds
10,145,fine : 39.34 seconds
[[1910    3]
 [  95    1]]
acc: 0.951
f1: 0.020
[[1889   24]
 [  95    1]]
acc: 0.941
f1: 0.017
10,146,coarse : 40.4 seconds
10,146,fine : 40.42 seconds
[[1910    3]
 [  95    1]]
acc: 0.951
f1: 0.020
[[1886   27]
 [  95    1]]
acc: 0.939
f1: 0.016
10,147,coarse : 41.12 seconds
10,147,fine : 41.13 seconds
[[1910    3]
 [  95    1]]
acc: 0.951
f1: 0.020
[[1887   26]
 [  95    1]]
acc: 0.940
f1: 0.016
10,148,coarse : 40.88 seconds
10,148,fine : 40.9 seconds
[[1910    3]
 [  95    1]]
acc: 0.951
f1: 0.020
[[1886   27]
 [  94    2]]
acc: 0.940
f1: 0.032
10,149,coarse : 40.11 seconds
10,149,fine : 40.13 seconds
[[1910    3]
 [  95    1]]
acc: 0.951
f1: 0.020
[[1887   26]
 [  94    2]]
acc: 0.940
f1: 0.032
10,150,coarse : 42.57 seconds
10,150,fine : 42.59 seconds
[[1910    3]
 [  95    1]]
acc: 0.951
f1: 0.020
[[1886   27]
 [  94    2]]
acc: 0.940
f1: 0.032
10,151,coarse : 41.28 seconds
10,151,fine : 41.3 seconds
[[1910    3]
 [  95    1]]
acc: 0.951
f1: 0.020
[[1887   26]
 [  94    2]]
acc: 0.940
f1: 0.032
10,152,coarse : 42.34 seconds
10,152,fine : 42.36 seconds
[[1910    3]
 [  95    1]]
acc: 0.951
f1: 0.020
[[1887   26]
 [  94    2]]
acc: 0.940
f1: 0.032
10,153,coarse : 41.54 seconds
10,153,fine : 41.56 seconds
[[1910    3]
 [  95    1]]
acc: 0.951
f1: 0.020
[[1887   26]
 [  94    2]]
acc: 0.940
f1: 0.032
10,154,coarse : 41.3 seconds
10,154,fine : 41.32 seconds
[[1910    3]
 [  95    1]]
acc: 0.951
f1: 0.020
[[1887   26]
 [  94    2]]
acc: 0.940
f1: 0.032
10,155,coarse : 42.31 seconds
10,155,fine : 42.33 seconds
[[1910    3]
 [  95    1]]
acc: 0.951
f1: 0.020
[[1887   26]
 [  94    2]]
acc: 0.940
f1: 0.032
10,156,coarse : 42.79 seconds
10,156,fine : 42.81 seconds
[[1910    3]
 [  95    1]]
acc: 0.951
f1: 0.020
[[1887   26]
 [  94    2]]
acc: 0.940
f1: 0.032
10,157,coarse : 42.27 seconds
10,157,fine : 42.29 seconds
[[1910    3]
 [  95    1]]
acc: 0.951
f1: 0.020
[[1887   26]
 [  94    2]]
acc: 0.940
f1: 0.032
10,158,coarse : 41.97 seconds
10,158,fine : 41.99 seconds
[[1910    3]
 [  95    1]]
acc: 0.951
f1: 0.020
[[1887   26]
 [  94    2]]
acc: 0.940
f1: 0.032
10,159,coarse : 44.34 seconds
10,159,fine : 44.36 seconds
[[1910    3]
 [  95    1]]
acc: 0.951
f1: 0.020
[[1886   27]
 [  94    2]]
acc: 0.940
f1: 0.032
10,160,coarse : 42.51 seconds
10,160,fine : 42.53 seconds
[[1910    3]
 [  95    1]]
acc: 0.951
f1: 0.020
[[1886   27]
 [  94    2]]
acc: 0.940
f1: 0.032
10,161,coarse : 42.85 seconds
10,161,fine : 42.87 seconds
[[1910    3]
 [  95    1]]
acc: 0.951
f1: 0.020
[[1886   27]
 [  94    2]]
acc: 0.940
f1: 0.032
10,162,coarse : 42.92 seconds
10,162,fine : 42.95 seconds
[[1910    3]
 [  95    1]]
acc: 0.951
f1: 0.020
[[1886   27]
 [  94    2]]
acc: 0.940
f1: 0.032
10,163,coarse : 44.44 seconds
10,163,fine : 44.45 seconds
[[1910    3]
 [  95    1]]
acc: 0.951
f1: 0.020
[[1887   26]
 [  94    2]]
acc: 0.940
f1: 0.032
10,164,coarse : 45.34 seconds
10,164,fine : 45.37 seconds
[[1910    3]
 [  95    1]]
acc: 0.951
f1: 0.020
[[1887   26]
 [  94    2]]
acc: 0.940
f1: 0.032
10,165,coarse : 44.59 seconds
10,165,fine : 44.61 seconds
[[1910    3]
 [  95    1]]
acc: 0.951
f1: 0.020
[[1886   27]
 [  94    2]]
acc: 0.940
f1: 0.032
10,166,coarse : 45.07 seconds
10,166,fine : 45.09 seconds
[[1910    3]
 [  95    1]]
acc: 0.951
f1: 0.020
[[1887   26]
 [  94    2]]
acc: 0.940
f1: 0.032
10,167,coarse : 45.04 seconds
10,167,fine : 45.06 seconds
[[1910    3]
 [  95    1]]
acc: 0.951
f1: 0.020
[[1886   27]
 [  94    2]]
acc: 0.940
f1: 0.032
10,168,coarse : 44.64 seconds
10,168,fine : 44.66 seconds
[[1910    3]
 [  95    1]]
acc: 0.951
f1: 0.020
[[1886   27]
 [  94    2]]
acc: 0.940
f1: 0.032
10,169,coarse : 45.43 seconds
10,169,fine : 45.46 seconds
[[1910    3]
 [  94    2]]
acc: 0.952
f1: 0.040
[[1886   27]
 [  94    2]]
acc: 0.940
f1: 0.032
10,170,coarse : 44.96 seconds
10,170,fine : 44.98 seconds
[[1910    3]
 [  94    2]]
acc: 0.952
f1: 0.040
[[1886   27]
 [  94    2]]
acc: 0.940
f1: 0.032
10,171,coarse : 47.32 seconds
10,171,fine : 47.34 seconds
[[1910    3]
 [  94    2]]
acc: 0.952
f1: 0.040
[[1886   27]
 [  94    2]]
acc: 0.940
f1: 0.032
10,172,coarse : 45.89 seconds
10,172,fine : 45.91 seconds
