all           0      1    2    3    4    5    6    7    8    
1      2010   1914   1    19   32   19   1    11   6    7    
2      2010   1914   1    19   32   19   1    11   6    7    
3      2010   1914   1    19   32   19   1    11   5    8    
4      2010   1914   1    19   32   19   1    10   6    8    
5      2010   1914   1    18   33   19   1    10   6    8    
6      2010   1914   1    18   33   19   1    10   6    8    
7      2010   1913   2    18   33   19   1    10   6    8    
8      2010   1913   2    18   33   19   1    10   6    8    
9      2009   1913   2    18   32   19   2    10   6    7    
10     2009   1913   1    19   32   19   1    11   6    7    
Total  20098  19136  13   185  324  190  11   104  59   76   
train         0      1    2    3    4    5    6    7    8    
2      2010   1914   1    19   32   19   1    11   6    7    
3      2010   1914   1    19   32   19   1    11   5    8    
4      2010   1914   1    19   32   19   1    10   6    8    
5      2010   1914   1    18   33   19   1    10   6    8    
6      2010   1914   1    18   33   19   1    10   6    8    
7      2010   1913   2    18   33   19   1    10   6    8    
8      2010   1913   2    18   33   19   1    10   6    8    
9      2009   1913   2    18   32   19   2    10   6    7    
10     2009   1913   1    19   32   19   1    11   6    7    
Total  18088  17222  12   166  292  171  10   93   53   69   
test          0      1    2    3    4    5    6    7    8    
1      2010   1914   1    19   32   19   1    11   6    7    
Total  2010   1914   1    19   32   19   1    11   6    7    
Classes             
0         17222     
1         12        
2         166       
3         292       
4         171       
5         10        
6         93        
7         53        
8         69        
Total     18088     

Shape: 450       

[952, 10, 11, 16, 11, 10, 10, 10, 10]
Sum start => 1040
[[ 857 1057]
 [   8   88]]
acc: 0.470
f1: 0.142
[[1891   23]
 [  84   12]]
acc: 0.947
f1: 0.183
1,1,coarse : 41.48 seconds
1,1,fine : 41.48 seconds
[[ 857 1057]
 [   8   88]]
acc: 0.470
f1: 0.142
[[1891   23]
 [  84   12]]
acc: 0.947
f1: 0.183
1,2,coarse : 43.02 seconds
1,2,fine : 43.02 seconds
[[ 851 1063]
 [   7   89]]
acc: 0.468
f1: 0.143
[[1890   24]
 [  83   13]]
acc: 0.947
f1: 0.195
1,3,coarse : 4.37 seconds
1,3,fine : 4.38 seconds
[[ 879 1035]
 [   9   87]]
acc: 0.481
f1: 0.143
[[1896   18]
 [  85   11]]
acc: 0.949
f1: 0.176
1,4,coarse : 4.62 seconds
1,4,fine : 4.62 seconds
[[ 911 1003]
 [  10   86]]
acc: 0.496
f1: 0.145
[[1896   18]
 [  87    9]]
acc: 0.948
f1: 0.146
1,5,coarse : 4.72 seconds
1,5,fine : 4.72 seconds
[[938 976]
 [ 10  86]]
acc: 0.509
f1: 0.149
[[1898   16]
 [  85   11]]
acc: 0.950
f1: 0.179
1,6,coarse : 4.93 seconds
1,6,fine : 4.93 seconds
[[969 945]
 [ 10  86]]
acc: 0.525
f1: 0.153
[[1895   19]
 [  84   12]]
acc: 0.949
f1: 0.189
1,7,coarse : 5.14 seconds
1,7,fine : 5.14 seconds
[[958 956]
 [ 10  86]]
acc: 0.519
f1: 0.151
[[1895   19]
 [  84   12]]
acc: 0.949
f1: 0.189
1,8,coarse : 5.31 seconds
1,8,fine : 5.31 seconds
[[966 948]
 [ 10  86]]
acc: 0.523
f1: 0.152
[[1894   20]
 [  84   12]]
acc: 0.948
f1: 0.188
1,9,coarse : 5.41 seconds
1,9,fine : 5.41 seconds
[[952 962]
 [ 10  86]]
acc: 0.516
f1: 0.150
[[1895   19]
 [  83   13]]
acc: 0.949
f1: 0.203
1,10,coarse : 5.89 seconds
1,10,fine : 5.9 seconds
[[979 935]
 [ 10  86]]
acc: 0.530
f1: 0.154
[[1894   20]
 [  82   14]]
acc: 0.949
f1: 0.215
1,11,coarse : 5.64 seconds
1,11,fine : 5.65 seconds
[[998 916]
 [ 10  86]]
acc: 0.539
f1: 0.157
[[1891   23]
 [  83   13]]
acc: 0.947
f1: 0.197
1,12,coarse : 5.94 seconds
1,12,fine : 5.94 seconds
[[998 916]
 [  8  88]]
acc: 0.540
f1: 0.160
[[1891   23]
 [  84   12]]
acc: 0.947
f1: 0.183
1,13,coarse : 6.19 seconds
1,13,fine : 6.2 seconds
[[994 920]
 [  7  89]]
acc: 0.539
f1: 0.161
[[1892   22]
 [  78   18]]
acc: 0.950
f1: 0.265
1,14,coarse : 6.4 seconds
1,14,fine : 6.4 seconds
[[1013  901]
 [   7   89]]
acc: 0.548
f1: 0.164
[[1896   18]
 [  78   18]]
acc: 0.952
f1: 0.273
1,15,coarse : 6.44 seconds
1,15,fine : 6.45 seconds
[[1040  874]
 [   7   89]]
acc: 0.562
f1: 0.168
[[1895   19]
 [  79   17]]
acc: 0.951
f1: 0.258
1,16,coarse : 6.92 seconds
1,16,fine : 6.92 seconds
[[1020  894]
 [   8   88]]
acc: 0.551
f1: 0.163
[[1894   20]
 [  76   20]]
acc: 0.952
f1: 0.294
1,17,coarse : 6.85 seconds
1,17,fine : 6.86 seconds
[[1039  875]
 [   8   88]]
acc: 0.561
f1: 0.166
[[1893   21]
 [  77   19]]
acc: 0.951
f1: 0.279
1,18,coarse : 7.02 seconds
1,18,fine : 7.03 seconds
[[1044  870]
 [   8   88]]
acc: 0.563
f1: 0.167
[[1896   18]
 [  78   18]]
acc: 0.952
f1: 0.273
1,19,coarse : 7.33 seconds
1,19,fine : 7.33 seconds
[[1063  851]
 [   8   88]]
acc: 0.573
f1: 0.170
[[1893   21]
 [  78   18]]
acc: 0.951
f1: 0.267
1,20,coarse : 7.41 seconds
1,20,fine : 7.41 seconds
[[1068  846]
 [   8   88]]
acc: 0.575
f1: 0.171
[[1891   23]
 [  76   20]]
acc: 0.951
f1: 0.288
1,21,coarse : 7.68 seconds
1,21,fine : 7.68 seconds
[[1064  850]
 [   9   87]]
acc: 0.573
f1: 0.168
[[1885   29]
 [  75   21]]
acc: 0.948
f1: 0.288
1,22,coarse : 8.05 seconds
1,22,fine : 8.06 seconds
[[1049  865]
 [   9   87]]
acc: 0.565
f1: 0.166
[[1885   29]
 [  74   22]]
acc: 0.949
f1: 0.299
1,23,coarse : 8.05 seconds
1,23,fine : 8.05 seconds
[[1069  845]
 [   9   87]]
acc: 0.575
f1: 0.169
[[1883   31]
 [  72   24]]
acc: 0.949
f1: 0.318
1,24,coarse : 8.22 seconds
1,24,fine : 8.22 seconds
[[1069  845]
 [   9   87]]
acc: 0.575
f1: 0.169
[[1882   32]
 [  70   26]]
acc: 0.949
f1: 0.338
1,25,coarse : 8.28 seconds
1,25,fine : 8.29 seconds
[[1072  842]
 [   9   87]]
acc: 0.577
f1: 0.170
[[1880   34]
 [  69   27]]
acc: 0.949
f1: 0.344
1,26,coarse : 8.78 seconds
1,26,fine : 8.79 seconds
[[1064  850]
 [   9   87]]
acc: 0.573
f1: 0.168
[[1875   39]
 [  68   28]]
acc: 0.947
f1: 0.344
1,27,coarse : 9.09 seconds
1,27,fine : 9.1 seconds
[[1072  842]
 [   9   87]]
acc: 0.577
f1: 0.170
[[1878   36]
 [  65   31]]
acc: 0.950
f1: 0.380
1,28,coarse : 9.06 seconds
1,28,fine : 9.06 seconds
[[1077  837]
 [   8   88]]
acc: 0.580
f1: 0.172
[[1876   38]
 [  64   32]]
acc: 0.949
f1: 0.386
1,29,coarse : 9.39 seconds
1,29,fine : 9.4 seconds
[[1063  851]
 [  10   86]]
acc: 0.572
f1: 0.167
[[1871   43]
 [  65   31]]
acc: 0.946
f1: 0.365
1,30,coarse : 9.68 seconds
1,30,fine : 9.68 seconds
[[1073  841]
 [  10   86]]
acc: 0.577
f1: 0.168
[[1872   42]
 [  65   31]]
acc: 0.947
f1: 0.367
1,31,coarse : 9.81 seconds
1,31,fine : 9.81 seconds
[[1075  839]
 [  10   86]]
acc: 0.578
f1: 0.168
[[1871   43]
 [  62   34]]
acc: 0.948
f1: 0.393
1,32,coarse : 10.02 seconds
1,32,fine : 10.02 seconds
[[1057  857]
 [  10   86]]
acc: 0.569
f1: 0.166
[[1871   43]
 [  62   34]]
acc: 0.948
f1: 0.393
1,33,coarse : 10.1 seconds
1,33,fine : 10.11 seconds
[[1066  848]
 [   9   87]]
acc: 0.574
f1: 0.169
[[1871   43]
 [  62   34]]
acc: 0.948
f1: 0.393
1,34,coarse : 10.2 seconds
1,34,fine : 10.21 seconds
[[1069  845]
 [   8   88]]
acc: 0.576
f1: 0.171
[[1868   46]
 [  60   36]]
acc: 0.947
f1: 0.404
1,35,coarse : 10.84 seconds
1,35,fine : 10.85 seconds
[[1064  850]
 [  10   86]]
acc: 0.572
f1: 0.167
[[1863   51]
 [  58   38]]
acc: 0.946
f1: 0.411
1,36,coarse : 10.64 seconds
1,36,fine : 10.64 seconds
[[1069  845]
 [   9   87]]
acc: 0.575
f1: 0.169
[[1867   47]
 [  58   38]]
acc: 0.948
f1: 0.420
1,37,coarse : 11.06 seconds
1,37,fine : 11.06 seconds
[[1071  843]
 [   9   87]]
acc: 0.576
f1: 0.170
[[1868   46]
 [  58   38]]
acc: 0.948
f1: 0.422
1,38,coarse : 11.5 seconds
1,38,fine : 11.51 seconds
[[1072  842]
 [   9   87]]
acc: 0.577
f1: 0.170
[[1870   44]
 [  59   37]]
acc: 0.949
f1: 0.418
1,39,coarse : 11.17 seconds
1,39,fine : 11.18 seconds
[[1072  842]
 [   9   87]]
acc: 0.577
f1: 0.170
[[1870   44]
 [  58   38]]
acc: 0.949
f1: 0.427
1,40,coarse : 11.59 seconds
1,40,fine : 11.59 seconds
[[1074  840]
 [   9   87]]
acc: 0.578
f1: 0.170
[[1871   43]
 [  59   37]]
acc: 0.949
f1: 0.420
1,41,coarse : 11.61 seconds
1,41,fine : 11.61 seconds
[[1084  830]
 [   9   87]]
acc: 0.583
f1: 0.172
[[1873   41]
 [  60   36]]
acc: 0.950
f1: 0.416
1,42,coarse : 12.27 seconds
1,42,fine : 12.28 seconds
[[1057  857]
 [   9   87]]
acc: 0.569
f1: 0.167
[[1873   41]
 [  60   36]]
acc: 0.950
f1: 0.416
1,43,coarse : 12.48 seconds
1,43,fine : 12.49 seconds
[[1072  842]
 [   9   87]]
acc: 0.577
f1: 0.170
[[1865   49]
 [  58   38]]
acc: 0.947
f1: 0.415
1,44,coarse : 12.55 seconds
1,44,fine : 12.55 seconds
[[1073  841]
 [   8   88]]
acc: 0.578
f1: 0.172
[[1866   48]
 [  57   39]]
acc: 0.948
f1: 0.426
1,45,coarse : 12.69 seconds
1,45,fine : 12.7 seconds
[[1078  836]
 [   8   88]]
acc: 0.580
f1: 0.173
[[1870   44]
 [  58   38]]
acc: 0.949
f1: 0.427
1,46,coarse : 12.71 seconds
1,46,fine : 12.71 seconds
[[1095  819]
 [   8   88]]
acc: 0.589
f1: 0.175
[[1868   46]
 [  58   38]]
acc: 0.948
f1: 0.422
1,47,coarse : 12.84 seconds
1,47,fine : 12.85 seconds
[[1100  814]
 [   8   88]]
acc: 0.591
f1: 0.176
[[1867   47]
 [  58   38]]
acc: 0.948
f1: 0.420
1,48,coarse : 13.21 seconds
1,48,fine : 13.22 seconds
[[1096  818]
 [   8   88]]
acc: 0.589
f1: 0.176
[[1867   47]
 [  58   38]]
acc: 0.948
f1: 0.420
1,49,coarse : 13.04 seconds
1,49,fine : 13.04 seconds
[[1107  807]
 [   9   87]]
acc: 0.594
f1: 0.176
[[1864   50]
 [  56   40]]
acc: 0.947
f1: 0.430
1,50,coarse : 15.36 seconds
1,50,fine : 15.36 seconds
[[1115  799]
 [   9   87]]
acc: 0.598
f1: 0.177
[[1864   50]
 [  55   41]]
acc: 0.948
f1: 0.439
1,51,coarse : 14.04 seconds
1,51,fine : 14.05 seconds
[[1116  798]
 [   8   88]]
acc: 0.599
f1: 0.179
[[1862   52]
 [  56   40]]
acc: 0.946
f1: 0.426
1,52,coarse : 13.86 seconds
1,52,fine : 13.87 seconds
[[1117  797]
 [   9   87]]
acc: 0.599
f1: 0.178
[[1863   51]
 [  54   42]]
acc: 0.948
f1: 0.444
1,53,coarse : 14.17 seconds
1,53,fine : 14.18 seconds
[[1123  791]
 [   8   88]]
acc: 0.602
f1: 0.181
[[1862   52]
 [  55   41]]
acc: 0.947
f1: 0.434
1,54,coarse : 14.47 seconds
1,54,fine : 14.48 seconds
[[1129  785]
 [   7   89]]
acc: 0.606
f1: 0.184
[[1862   52]
 [  52   44]]
acc: 0.948
f1: 0.458
1,55,coarse : 14.65 seconds
1,55,fine : 14.66 seconds
[[1125  789]
 [   7   89]]
acc: 0.604
f1: 0.183
[[1857   57]
 [  53   43]]
acc: 0.945
f1: 0.439
1,56,coarse : 15.09 seconds
1,56,fine : 15.1 seconds
[[1128  786]
 [   7   89]]
acc: 0.605
f1: 0.183
[[1855   59]
 [  50   46]]
acc: 0.946
f1: 0.458
1,57,coarse : 15.09 seconds
1,57,fine : 15.09 seconds
[[1138  776]
 [   7   89]]
acc: 0.610
f1: 0.185
[[1857   57]
 [  53   43]]
acc: 0.945
f1: 0.439
1,58,coarse : 15.23 seconds
1,58,fine : 15.24 seconds
[[1148  766]
 [   7   89]]
acc: 0.615
f1: 0.187
[[1856   58]
 [  53   43]]
acc: 0.945
f1: 0.437
1,59,coarse : 15.81 seconds
1,59,fine : 15.82 seconds
[[1143  771]
 [   7   89]]
acc: 0.613
f1: 0.186
[[1857   57]
 [  52   44]]
acc: 0.946
f1: 0.447
1,60,coarse : 15.95 seconds
1,60,fine : 15.96 seconds
[[1145  769]
 [   8   88]]
acc: 0.613
f1: 0.185
[[1854   60]
 [  52   44]]
acc: 0.944
f1: 0.440
1,61,coarse : 16.77 seconds
1,61,fine : 16.78 seconds
[[1146  768]
 [   7   89]]
acc: 0.614
f1: 0.187
[[1854   60]
 [  52   44]]
acc: 0.944
f1: 0.440
1,62,coarse : 16.24 seconds
1,62,fine : 16.25 seconds
[[1144  770]
 [   7   89]]
acc: 0.613
f1: 0.186
[[1853   61]
 [  50   46]]
acc: 0.945
f1: 0.453
1,63,coarse : 16.69 seconds
1,63,fine : 16.7 seconds
[[1145  769]
 [   8   88]]
acc: 0.613
f1: 0.185
[[1856   58]
 [  50   46]]
acc: 0.946
f1: 0.460
1,64,coarse : 17.02 seconds
1,64,fine : 17.03 seconds
[[1146  768]
 [   9   87]]
acc: 0.613
f1: 0.183
[[1853   61]
 [  49   47]]
acc: 0.945
f1: 0.461
1,65,coarse : 17.56 seconds
1,65,fine : 17.56 seconds
[[1147  767]
 [   9   87]]
acc: 0.614
f1: 0.183
[[1853   61]
 [  48   48]]
acc: 0.946
f1: 0.468
1,66,coarse : 17.52 seconds
1,66,fine : 17.53 seconds
[[1157  757]
 [   9   87]]
acc: 0.619
f1: 0.185
[[1852   62]
 [  47   49]]
acc: 0.946
f1: 0.473
1,67,coarse : 17.43 seconds
1,67,fine : 17.44 seconds
[[1159  755]
 [   9   87]]
acc: 0.620
f1: 0.186
[[1848   66]
 [  47   49]]
acc: 0.944
f1: 0.464
1,68,coarse : 18.1 seconds
1,68,fine : 18.11 seconds
[[1155  759]
 [   8   88]]
acc: 0.618
f1: 0.187
[[1848   66]
 [  46   50]]
acc: 0.944
f1: 0.472
1,69,coarse : 18.27 seconds
1,69,fine : 18.28 seconds
[[1159  755]
 [   9   87]]
acc: 0.620
f1: 0.186
[[1846   68]
 [  46   50]]
acc: 0.943
f1: 0.467
1,70,coarse : 18.5 seconds
1,70,fine : 18.51 seconds
[[1162  752]
 [   8   88]]
acc: 0.622
f1: 0.188
[[1844   70]
 [  45   51]]
acc: 0.943
f1: 0.470
1,71,coarse : 18.46 seconds
1,71,fine : 18.46 seconds
[[1165  749]
 [   8   88]]
acc: 0.623
f1: 0.189
[[1842   72]
 [  46   50]]
acc: 0.941
f1: 0.459
1,72,coarse : 19.06 seconds
1,72,fine : 19.07 seconds
[[1167  747]
 [   8   88]]
acc: 0.624
f1: 0.189
[[1844   70]
 [  46   50]]
acc: 0.942
f1: 0.463
1,73,coarse : 18.95 seconds
1,73,fine : 18.96 seconds
[[1171  743]
 [   8   88]]
acc: 0.626
f1: 0.190
[[1845   69]
 [  46   50]]
acc: 0.943
f1: 0.465
1,74,coarse : 19.18 seconds
1,74,fine : 19.19 seconds
[[1165  749]
 [   8   88]]
acc: 0.623
f1: 0.189
[[1845   69]
 [  46   50]]
acc: 0.943
f1: 0.465
1,75,coarse : 19.75 seconds
1,75,fine : 19.75 seconds
[[1180  734]
 [   8   88]]
acc: 0.631
f1: 0.192
[[1845   69]
 [  47   49]]
acc: 0.942
f1: 0.458
1,76,coarse : 19.89 seconds
1,76,fine : 19.9 seconds
[[1161  753]
 [   8   88]]
acc: 0.621
f1: 0.188
[[1845   69]
 [  46   50]]
acc: 0.943
f1: 0.465
1,77,coarse : 19.21 seconds
1,77,fine : 19.22 seconds
[[1164  750]
 [   8   88]]
acc: 0.623
f1: 0.188
[[1845   69]
 [  47   49]]
acc: 0.942
f1: 0.458
1,78,coarse : 19.27 seconds
1,78,fine : 19.28 seconds
[[1153  761]
 [   8   88]]
acc: 0.617
f1: 0.186
[[1844   70]
 [  47   49]]
acc: 0.942
f1: 0.456
1,79,coarse : 19.88 seconds
1,79,fine : 19.89 seconds
[[1161  753]
 [   8   88]]
acc: 0.621
f1: 0.188
[[1844   70]
 [  47   49]]
acc: 0.942
f1: 0.456
1,80,coarse : 20.28 seconds
1,80,fine : 20.29 seconds
[[1161  753]
 [   8   88]]
acc: 0.621
f1: 0.188
[[1844   70]
 [  47   49]]
acc: 0.942
f1: 0.456
1,81,coarse : 20.01 seconds
1,81,fine : 20.02 seconds
[[1162  752]
 [   8   88]]
acc: 0.622
f1: 0.188
[[1847   67]
 [  47   49]]
acc: 0.943
f1: 0.462
1,82,coarse : 20.93 seconds
1,82,fine : 20.95 seconds
[[1171  743]
 [   8   88]]
acc: 0.626
f1: 0.190
[[1842   72]
 [  47   49]]
acc: 0.941
f1: 0.452
1,83,coarse : 20.97 seconds
1,83,fine : 20.98 seconds
[[1166  748]
 [   8   88]]
acc: 0.624
f1: 0.189
[[1844   70]
 [  45   51]]
acc: 0.943
f1: 0.470
1,84,coarse : 21.31 seconds
1,84,fine : 21.32 seconds
[[1165  749]
 [   8   88]]
acc: 0.623
f1: 0.189
[[1844   70]
 [  46   50]]
acc: 0.942
f1: 0.463
1,85,coarse : 21.67 seconds
1,85,fine : 21.68 seconds
[[1165  749]
 [   8   88]]
acc: 0.623
f1: 0.189
[[1842   72]
 [  46   50]]
acc: 0.941
f1: 0.459
1,86,coarse : 23.34 seconds
1,86,fine : 23.35 seconds
[[1169  745]
 [   8   88]]
acc: 0.625
f1: 0.189
[[1843   71]
 [  46   50]]
acc: 0.942
f1: 0.461
1,87,coarse : 25.59 seconds
1,87,fine : 25.6 seconds
[[1174  740]
 [   8   88]]
acc: 0.628
f1: 0.190
[[1842   72]
 [  46   50]]
acc: 0.941
f1: 0.459
1,88,coarse : 24.85 seconds
1,88,fine : 24.86 seconds
[[1176  738]
 [   8   88]]
acc: 0.629
f1: 0.191
[[1841   73]
 [  46   50]]
acc: 0.941
f1: 0.457
1,89,coarse : 22.89 seconds
1,89,fine : 22.9 seconds
[[1179  735]
 [   8   88]]
acc: 0.630
f1: 0.192
[[1840   74]
 [  46   50]]
acc: 0.940
f1: 0.455
1,90,coarse : 22.98 seconds
1,90,fine : 22.99 seconds
[[1178  736]
 [   8   88]]
acc: 0.630
f1: 0.191
[[1839   75]
 [  46   50]]
acc: 0.940
f1: 0.452
1,91,coarse : 23.12 seconds
1,91,fine : 23.13 seconds
[[1191  723]
 [   8   88]]
acc: 0.636
f1: 0.194
[[1838   76]
 [  44   52]]
acc: 0.940
f1: 0.464
1,92,coarse : 23.05 seconds
1,92,fine : 23.06 seconds
[[1191  723]
 [   8   88]]
acc: 0.636
f1: 0.194
[[1838   76]
 [  44   52]]
acc: 0.940
f1: 0.464
1,93,coarse : 23.74 seconds
1,93,fine : 23.75 seconds
[[1193  721]
 [   8   88]]
acc: 0.637
f1: 0.194
[[1839   75]
 [  44   52]]
acc: 0.941
f1: 0.466
1,94,coarse : 24.53 seconds
1,94,fine : 24.55 seconds
[[1194  720]
 [   8   88]]
acc: 0.638
f1: 0.195
[[1839   75]
 [  45   51]]
acc: 0.940
f1: 0.459
1,95,coarse : 24.13 seconds
1,95,fine : 24.14 seconds
[[1199  715]
 [   8   88]]
acc: 0.640
f1: 0.196
[[1838   76]
 [  45   51]]
acc: 0.940
f1: 0.457
1,96,coarse : 24.19 seconds
1,96,fine : 24.2 seconds
[[1195  719]
 [   8   88]]
acc: 0.638
f1: 0.195
[[1840   74]
 [  45   51]]
acc: 0.941
f1: 0.462
1,97,coarse : 25.42 seconds
1,97,fine : 25.44 seconds
[[1195  719]
 [   8   88]]
acc: 0.638
f1: 0.195
[[1842   72]
 [  45   51]]
acc: 0.942
f1: 0.466
1,98,coarse : 24.59 seconds
1,98,fine : 24.6 seconds
[[1195  719]
 [   8   88]]
acc: 0.638
f1: 0.195
[[1844   70]
 [  45   51]]
acc: 0.943
f1: 0.470
1,99,coarse : 25.42 seconds
1,99,fine : 25.44 seconds
[[1201  713]
 [   8   88]]
acc: 0.641
f1: 0.196
[[1844   70]
 [  45   51]]
acc: 0.943
f1: 0.470
1,100,coarse : 27.97 seconds
1,100,fine : 27.99 seconds
[[1196  718]
 [   8   88]]
acc: 0.639
f1: 0.195
[[1844   70]
 [  45   51]]
acc: 0.943
f1: 0.470
1,101,coarse : 26.1 seconds
1,101,fine : 26.12 seconds
[[1196  718]
 [   8   88]]
acc: 0.639
f1: 0.195
[[1844   70]
 [  45   51]]
acc: 0.943
f1: 0.470
1,102,coarse : 26.69 seconds
1,102,fine : 26.7 seconds
[[1199  715]
 [   8   88]]
acc: 0.640
f1: 0.196
[[1843   71]
 [  45   51]]
acc: 0.942
f1: 0.468
1,103,coarse : 31.85 seconds
1,103,fine : 31.86 seconds
[[1199  715]
 [   8   88]]
acc: 0.640
f1: 0.196
[[1843   71]
 [  45   51]]
acc: 0.942
f1: 0.468
1,104,coarse : 29.88 seconds
1,104,fine : 29.89 seconds
[[1194  720]
 [   8   88]]
acc: 0.638
f1: 0.195
[[1842   72]
 [  45   51]]
acc: 0.942
f1: 0.466
1,105,coarse : 27.18 seconds
1,105,fine : 27.19 seconds
[[1197  717]
 [   8   88]]
acc: 0.639
f1: 0.195
[[1840   74]
 [  45   51]]
acc: 0.941
f1: 0.462
1,106,coarse : 27.94 seconds
1,106,fine : 27.95 seconds
[[1195  719]
 [   8   88]]
acc: 0.638
f1: 0.195
[[1841   73]
 [  45   51]]
acc: 0.941
f1: 0.464
1,107,coarse : 28.5 seconds
1,107,fine : 28.52 seconds
[[1199  715]
 [   8   88]]
acc: 0.640
f1: 0.196
[[1842   72]
 [  45   51]]
acc: 0.942
f1: 0.466
1,108,coarse : 28.45 seconds
1,108,fine : 28.46 seconds
[[1202  712]
 [   8   88]]
acc: 0.642
f1: 0.196
[[1839   75]
 [  44   52]]
acc: 0.941
f1: 0.466
1,109,coarse : 28.96 seconds
1,109,fine : 28.97 seconds
[[1202  712]
 [   8   88]]
acc: 0.642
f1: 0.196
[[1842   72]
 [  44   52]]
acc: 0.942
f1: 0.473
1,110,coarse : 29.7 seconds
1,110,fine : 29.71 seconds
[[1195  719]
 [   8   88]]
acc: 0.638
f1: 0.195
[[1841   73]
 [  44   52]]
acc: 0.942
f1: 0.471
1,111,coarse : 28.86 seconds
1,111,fine : 28.87 seconds
[[1187  727]
 [   8   88]]
acc: 0.634
f1: 0.193
[[1839   75]
 [  44   52]]
acc: 0.941
f1: 0.466
1,112,coarse : 28.83 seconds
1,112,fine : 28.85 seconds
[[1192  722]
 [   7   89]]
acc: 0.637
f1: 0.196
[[1841   73]
 [  44   52]]
acc: 0.942
f1: 0.471
1,113,coarse : 29.06 seconds
1,113,fine : 29.07 seconds
[[1184  730]
 [   7   89]]
acc: 0.633
f1: 0.195
[[1842   72]
 [  45   51]]
acc: 0.942
f1: 0.466
1,114,coarse : 29.55 seconds
1,114,fine : 29.56 seconds
[[1184  730]
 [   7   89]]
acc: 0.633
f1: 0.195
[[1841   73]
 [  45   51]]
acc: 0.941
f1: 0.464
1,115,coarse : 29.68 seconds
1,115,fine : 29.69 seconds
[[1186  728]
 [   7   89]]
acc: 0.634
f1: 0.195
[[1839   75]
 [  44   52]]
acc: 0.941
f1: 0.466
1,116,coarse : 29.43 seconds
1,116,fine : 29.44 seconds
[[1191  723]
 [   7   89]]
acc: 0.637
f1: 0.196
[[1842   72]
 [  44   52]]
acc: 0.942
f1: 0.473
1,117,coarse : 31.58 seconds
1,117,fine : 31.59 seconds
[[1190  724]
 [   7   89]]
acc: 0.636
f1: 0.196
[[1839   75]
 [  44   52]]
acc: 0.941
f1: 0.466
1,118,coarse : 32.42 seconds
1,118,fine : 32.44 seconds
[[1191  723]
 [   7   89]]
acc: 0.637
f1: 0.196
[[1839   75]
 [  44   52]]
acc: 0.941
f1: 0.466
1,119,coarse : 31.34 seconds
1,119,fine : 31.36 seconds
[[1182  732]
 [   5   91]]
acc: 0.633
f1: 0.198
[[1835   79]
 [  42   54]]
acc: 0.940
f1: 0.472
1,120,coarse : 31.81 seconds
1,120,fine : 31.82 seconds
[[1185  729]
 [   5   91]]
acc: 0.635
f1: 0.199
[[1838   76]
 [  42   54]]
acc: 0.941
f1: 0.478
1,121,coarse : 32.3 seconds
1,121,fine : 32.31 seconds
[[1179  735]
 [   6   90]]
acc: 0.631
f1: 0.195
[[1837   77]
 [  41   55]]
acc: 0.941
f1: 0.482
1,122,coarse : 31.82 seconds
1,122,fine : 31.84 seconds
[[1180  734]
 [   6   90]]
acc: 0.632
f1: 0.196
[[1836   78]
 [  41   55]]
acc: 0.941
f1: 0.480
1,123,coarse : 32.43 seconds
1,123,fine : 32.45 seconds
[[1179  735]
 [   5   91]]
acc: 0.632
f1: 0.197
[[1835   79]
 [  42   54]]
acc: 0.940
f1: 0.472
1,124,coarse : 32.69 seconds
1,124,fine : 32.7 seconds
[[1178  736]
 [   5   91]]
acc: 0.631
f1: 0.197
[[1835   79]
 [  41   55]]
acc: 0.940
f1: 0.478
1,125,coarse : 32.36 seconds
1,125,fine : 32.38 seconds
[[1173  741]
 [   5   91]]
acc: 0.629
f1: 0.196
[[1835   79]
 [  42   54]]
acc: 0.940
f1: 0.472
1,126,coarse : 32.87 seconds
1,126,fine : 32.88 seconds
[[1178  736]
 [   5   91]]
acc: 0.631
f1: 0.197
[[1834   80]
 [  42   54]]
acc: 0.939
f1: 0.470
1,127,coarse : 33.11 seconds
1,127,fine : 33.13 seconds
[[1174  740]
 [   6   90]]
acc: 0.629
f1: 0.194
[[1835   79]
 [  41   55]]
acc: 0.940
f1: 0.478
1,128,coarse : 33.33 seconds
1,128,fine : 33.34 seconds
[[1172  742]
 [   6   90]]
acc: 0.628
f1: 0.194
[[1833   81]
 [  40   56]]
acc: 0.940
f1: 0.481
1,129,coarse : 34.24 seconds
1,129,fine : 34.25 seconds
[[1174  740]
 [   6   90]]
acc: 0.629
f1: 0.194
[[1835   79]
 [  41   55]]
acc: 0.940
f1: 0.478
1,130,coarse : 34.41 seconds
1,130,fine : 34.42 seconds
[[1173  741]
 [   6   90]]
acc: 0.628
f1: 0.194
[[1835   79]
 [  42   54]]
acc: 0.940
f1: 0.472
1,131,coarse : 33.98 seconds
1,131,fine : 34.0 seconds
[[1177  737]
 [   6   90]]
acc: 0.630
f1: 0.195
[[1837   77]
 [  41   55]]
acc: 0.941
f1: 0.482
1,132,coarse : 34.24 seconds
1,132,fine : 34.26 seconds
[[1179  735]
 [   6   90]]
acc: 0.631
f1: 0.195
[[1836   78]
 [  42   54]]
acc: 0.940
f1: 0.474
1,133,coarse : 35.72 seconds
1,133,fine : 35.73 seconds
[[1176  738]
 [   6   90]]
acc: 0.630
f1: 0.195
[[1838   76]
 [  42   54]]
acc: 0.941
f1: 0.478
1,134,coarse : 36.1 seconds
1,134,fine : 36.11 seconds
[[1181  733]
 [   6   90]]
acc: 0.632
f1: 0.196
[[1836   78]
 [  41   55]]
acc: 0.941
f1: 0.480
1,135,coarse : 35.84 seconds
1,135,fine : 35.86 seconds
[[1182  732]
 [   6   90]]
acc: 0.633
f1: 0.196
[[1835   79]
 [  42   54]]
acc: 0.940
f1: 0.472
1,136,coarse : 35.57 seconds
1,136,fine : 35.58 seconds
[[1181  733]
 [   6   90]]
acc: 0.632
f1: 0.196
[[1834   80]
 [  42   54]]
acc: 0.939
f1: 0.470
1,137,coarse : 36.12 seconds
1,137,fine : 36.14 seconds
[[1179  735]
 [   5   91]]
acc: 0.632
f1: 0.197
[[1836   78]
 [  42   54]]
acc: 0.940
f1: 0.474
1,138,coarse : 36.39 seconds
1,138,fine : 36.41 seconds
[[1183  731]
 [   5   91]]
acc: 0.634
f1: 0.198
[[1836   78]
 [  42   54]]
acc: 0.940
f1: 0.474
1,139,coarse : 40.87 seconds
1,139,fine : 40.88 seconds
[[1185  729]
 [   6   90]]
acc: 0.634
f1: 0.197
[[1837   77]
 [  42   54]]
acc: 0.941
f1: 0.476
1,140,coarse : 42.39 seconds
1,140,fine : 42.41 seconds
[[1184  730]
 [   5   91]]
acc: 0.634
f1: 0.198
[[1835   79]
 [  43   53]]
acc: 0.939
f1: 0.465
1,141,coarse : 36.82 seconds
1,141,fine : 36.84 seconds
[[1182  732]
 [   6   90]]
acc: 0.633
f1: 0.196
[[1839   75]
 [  41   55]]
acc: 0.942
f1: 0.487
1,142,coarse : 37.54 seconds
1,142,fine : 37.56 seconds
[[1181  733]
 [   6   90]]
acc: 0.632
f1: 0.196
[[1836   78]
 [  41   55]]
acc: 0.941
f1: 0.480
1,143,coarse : 37.45 seconds
1,143,fine : 37.47 seconds
[[1181  733]
 [   6   90]]
acc: 0.632
f1: 0.196
[[1838   76]
 [  41   55]]
acc: 0.942
f1: 0.485
1,144,coarse : 37.57 seconds
1,144,fine : 37.58 seconds
[[1182  732]
 [   6   90]]
acc: 0.633
f1: 0.196
[[1836   78]
 [  41   55]]
acc: 0.941
f1: 0.480
1,145,coarse : 38.14 seconds
1,145,fine : 38.15 seconds
[[1181  733]
 [   6   90]]
acc: 0.632
f1: 0.196
[[1836   78]
 [  41   55]]
acc: 0.941
f1: 0.480
1,146,coarse : 37.71 seconds
1,146,fine : 37.73 seconds
[[1189  725]
 [   6   90]]
acc: 0.636
f1: 0.198
[[1835   79]
 [  41   55]]
acc: 0.940
f1: 0.478
1,147,coarse : 38.0 seconds
1,147,fine : 38.01 seconds
[[1190  724]
 [   6   90]]
acc: 0.637
f1: 0.198
[[1835   79]
 [  41   55]]
acc: 0.940
f1: 0.478
1,148,coarse : 38.76 seconds
1,148,fine : 38.77 seconds
[[1187  727]
 [   6   90]]
acc: 0.635
f1: 0.197
[[1834   80]
 [  41   55]]
acc: 0.940
f1: 0.476
1,149,coarse : 39.15 seconds
1,149,fine : 39.17 seconds
[[1187  727]
 [   6   90]]
acc: 0.635
f1: 0.197
[[1833   81]
 [  42   54]]
acc: 0.939
f1: 0.468
1,150,coarse : 41.92 seconds
1,150,fine : 41.94 seconds
[[1192  722]
 [   6   90]]
acc: 0.638
f1: 0.198
[[1832   82]
 [  42   54]]
acc: 0.938
f1: 0.466
1,151,coarse : 39.49 seconds
1,151,fine : 39.51 seconds
[[1189  725]
 [   6   90]]
acc: 0.636
f1: 0.198
[[1834   80]
 [  42   54]]
acc: 0.939
f1: 0.470
1,152,coarse : 39.37 seconds
1,152,fine : 39.39 seconds
[[1191  723]
 [   6   90]]
acc: 0.637
f1: 0.198
[[1834   80]
 [  41   55]]
acc: 0.940
f1: 0.476
1,153,coarse : 39.42 seconds
1,153,fine : 39.44 seconds
[[1193  721]
 [   6   90]]
acc: 0.638
f1: 0.198
[[1834   80]
 [  41   55]]
acc: 0.940
f1: 0.476
1,154,coarse : 40.77 seconds
1,154,fine : 40.78 seconds
[[1188  726]
 [   5   91]]
acc: 0.636
f1: 0.199
[[1836   78]
 [  41   55]]
acc: 0.941
f1: 0.480
1,155,coarse : 39.98 seconds
1,155,fine : 40.0 seconds
[[1190  724]
 [   5   91]]
acc: 0.637
f1: 0.200
[[1835   79]
 [  42   54]]
acc: 0.940
f1: 0.472
1,156,coarse : 40.79 seconds
1,156,fine : 40.8 seconds
[[1191  723]
 [   5   91]]
acc: 0.638
f1: 0.200
[[1832   82]
 [  42   54]]
acc: 0.938
f1: 0.466
1,157,coarse : 42.03 seconds
1,157,fine : 42.05 seconds
[[1187  727]
 [   4   92]]
acc: 0.636
f1: 0.201
[[1833   81]
 [  42   54]]
acc: 0.939
f1: 0.468
1,158,coarse : 42.13 seconds
1,158,fine : 42.15 seconds
[[1189  725]
 [   4   92]]
acc: 0.637
f1: 0.202
[[1833   81]
 [  42   54]]
acc: 0.939
f1: 0.468
1,159,coarse : 42.02 seconds
1,159,fine : 42.03 seconds
[[1187  727]
 [   4   92]]
acc: 0.636
f1: 0.201
[[1835   79]
 [  42   54]]
acc: 0.940
f1: 0.472
1,160,coarse : 42.86 seconds
1,160,fine : 42.88 seconds
[[1185  729]
 [   4   92]]
acc: 0.635
f1: 0.201
[[1836   78]
 [  42   54]]
acc: 0.940
f1: 0.474
1,161,coarse : 43.32 seconds
1,161,fine : 43.34 seconds
[[1187  727]
 [   4   92]]
acc: 0.636
f1: 0.201
[[1837   77]
 [  42   54]]
acc: 0.941
f1: 0.476
1,162,coarse : 43.98 seconds
1,162,fine : 44.0 seconds
[[1191  723]
 [   4   92]]
acc: 0.638
f1: 0.202
[[1837   77]
 [  42   54]]
acc: 0.941
f1: 0.476
1,163,coarse : 44.28 seconds
1,163,fine : 44.3 seconds
[[1192  722]
 [   4   92]]
acc: 0.639
f1: 0.202
[[1837   77]
 [  42   54]]
acc: 0.941
f1: 0.476
1,164,coarse : 43.42 seconds
1,164,fine : 43.44 seconds
[[1192  722]
 [   4   92]]
acc: 0.639
f1: 0.202
[[1837   77]
 [  42   54]]
acc: 0.941
f1: 0.476
1,165,coarse : 43.59 seconds
1,165,fine : 43.63 seconds
[[1188  726]
 [   4   92]]
acc: 0.637
f1: 0.201
[[1837   77]
 [  42   54]]
acc: 0.941
f1: 0.476
1,166,coarse : 46.12 seconds
1,166,fine : 46.14 seconds
[[1189  725]
 [   4   92]]
acc: 0.637
f1: 0.202
[[1837   77]
 [  42   54]]
acc: 0.941
f1: 0.476
1,167,coarse : 45.04 seconds
1,167,fine : 45.06 seconds
[[1191  723]
 [   4   92]]
acc: 0.638
f1: 0.202
[[1835   79]
 [  42   54]]
acc: 0.940
f1: 0.472
1,168,coarse : 44.12 seconds
1,168,fine : 44.14 seconds
[[1198  716]
 [   4   92]]
acc: 0.642
f1: 0.204
[[1835   79]
 [  42   54]]
acc: 0.940
f1: 0.472
1,169,coarse : 46.13 seconds
1,169,fine : 46.15 seconds
[[1195  719]
 [   4   92]]
acc: 0.640
f1: 0.203
[[1835   79]
 [  42   54]]
acc: 0.940
f1: 0.472
1,170,coarse : 47.66 seconds
1,170,fine : 47.68 seconds
[[1193  721]
 [   4   92]]
acc: 0.639
f1: 0.202
[[1836   78]
 [  41   55]]
acc: 0.941
f1: 0.480
1,171,coarse : 46.15 seconds
1,171,fine : 46.17 seconds
[[1189  725]
 [   4   92]]
acc: 0.637
f1: 0.202
[[1834   80]
 [  42   54]]
acc: 0.939
f1: 0.470
1,172,coarse : 45.79 seconds
1,172,fine : 45.81 seconds
