all           0      1    2    3    4    5    6    7    8    
1      2010   1914   1    19   32   19   1    11   6    7    
2      2010   1914   1    19   32   19   1    11   6    7    
3      2010   1914   1    19   32   19   1    11   5    8    
4      2010   1914   1    19   32   19   1    10   6    8    
5      2010   1914   1    18   33   19   1    10   6    8    
6      2010   1914   1    18   33   19   1    10   6    8    
7      2010   1913   2    18   33   19   1    10   6    8    
8      2010   1913   2    18   33   19   1    10   6    8    
9      2009   1913   2    18   32   19   2    10   6    7    
10     2009   1913   1    19   32   19   1    11   6    7    
Total  20098  19136  13   185  324  190  11   104  59   76   
train         0      1    2    3    4    5    6    7    8    
1      2010   1914   1    19   32   19   1    11   6    7    
2      2010   1914   1    19   32   19   1    11   6    7    
4      2010   1914   1    19   32   19   1    10   6    8    
5      2010   1914   1    18   33   19   1    10   6    8    
6      2010   1914   1    18   33   19   1    10   6    8    
7      2010   1913   2    18   33   19   1    10   6    8    
8      2010   1913   2    18   33   19   1    10   6    8    
9      2009   1913   2    18   32   19   2    10   6    7    
10     2009   1913   1    19   32   19   1    11   6    7    
Total  18088  17222  12   166  292  171  10   93   54   68   
test          0      1    2    3    4    5    6    7    8    
3      2010   1914   1    19   32   19   1    11   5    8    
Total  2010   1914   1    19   32   19   1    11   5    8    
Classes             
0         17222     
1         12        
2         166       
3         292       
4         171       
5         10        
6         93        
7         54        
8         68        
Total     18088     

Shape: 450       

[952, 10, 11, 16, 11, 10, 10, 10, 10]
Sum start => 1040
[[997 917]
 [  8  88]]
acc: 0.540
f1: 0.160
[[1893   21]
 [  85   11]]
acc: 0.947
f1: 0.172
3,1,coarse : 40.23 seconds
3,1,fine : 40.23 seconds
[[997 917]
 [  8  88]]
acc: 0.540
f1: 0.160
[[1893   21]
 [  85   11]]
acc: 0.947
f1: 0.172
3,2,coarse : 41.93 seconds
3,2,fine : 41.93 seconds
[[1018  896]
 [   9   87]]
acc: 0.550
f1: 0.161
[[1895   19]
 [  85   11]]
acc: 0.948
f1: 0.175
3,3,coarse : 4.69 seconds
3,3,fine : 4.69 seconds
[[1004  910]
 [  10   86]]
acc: 0.542
f1: 0.158
[[1897   17]
 [  85   11]]
acc: 0.949
f1: 0.177
3,4,coarse : 4.89 seconds
3,4,fine : 4.89 seconds
[[969 945]
 [  9  87]]
acc: 0.525
f1: 0.154
[[1900   14]
 [  85   11]]
acc: 0.951
f1: 0.182
3,5,coarse : 5.04 seconds
3,5,fine : 5.05 seconds
[[976 938]
 [ 10  86]]
acc: 0.528
f1: 0.154
[[1900   14]
 [  84   12]]
acc: 0.951
f1: 0.197
3,6,coarse : 5.24 seconds
3,6,fine : 5.25 seconds
[[1007  907]
 [  10   86]]
acc: 0.544
f1: 0.158
[[1899   15]
 [  82   14]]
acc: 0.952
f1: 0.224
3,7,coarse : 5.77 seconds
3,7,fine : 5.77 seconds
[[1003  911]
 [  10   86]]
acc: 0.542
f1: 0.157
[[1901   13]
 [  82   14]]
acc: 0.953
f1: 0.228
3,8,coarse : 6.24 seconds
3,8,fine : 6.24 seconds
[[1003  911]
 [  10   86]]
acc: 0.542
f1: 0.157
[[1902   12]
 [  82   14]]
acc: 0.953
f1: 0.230
3,9,coarse : 5.81 seconds
3,9,fine : 5.81 seconds
[[1020  894]
 [  10   86]]
acc: 0.550
f1: 0.160
[[1902   12]
 [  83   13]]
acc: 0.953
f1: 0.215
3,10,coarse : 6.0 seconds
3,10,fine : 6.0 seconds
[[1049  865]
 [  10   86]]
acc: 0.565
f1: 0.164
[[1901   13]
 [  84   12]]
acc: 0.952
f1: 0.198
3,11,coarse : 6.05 seconds
3,11,fine : 6.05 seconds
[[1068  846]
 [  10   86]]
acc: 0.574
f1: 0.167
[[1899   15]
 [  84   12]]
acc: 0.951
f1: 0.195
3,12,coarse : 6.2 seconds
3,12,fine : 6.21 seconds
[[1056  858]
 [   9   87]]
acc: 0.569
f1: 0.167
[[1898   16]
 [  85   11]]
acc: 0.950
f1: 0.179
3,13,coarse : 6.44 seconds
3,13,fine : 6.45 seconds
[[1078  836]
 [   9   87]]
acc: 0.580
f1: 0.171
[[1899   15]
 [  86   10]]
acc: 0.950
f1: 0.165
3,14,coarse : 6.4 seconds
3,14,fine : 6.4 seconds
[[1070  844]
 [   9   87]]
acc: 0.576
f1: 0.169
[[1899   15]
 [  84   12]]
acc: 0.951
f1: 0.195
3,15,coarse : 6.9 seconds
3,15,fine : 6.9 seconds
[[1087  827]
 [   9   87]]
acc: 0.584
f1: 0.172
[[1899   15]
 [  84   12]]
acc: 0.951
f1: 0.195
3,16,coarse : 7.11 seconds
3,16,fine : 7.11 seconds
[[1104  810]
 [   8   88]]
acc: 0.593
f1: 0.177
[[1896   18]
 [  84   12]]
acc: 0.949
f1: 0.190
3,17,coarse : 7.42 seconds
3,17,fine : 7.43 seconds
[[1117  797]
 [  10   86]]
acc: 0.599
f1: 0.176
[[1895   19]
 [  84   12]]
acc: 0.949
f1: 0.189
3,18,coarse : 7.52 seconds
3,18,fine : 7.52 seconds
[[1120  794]
 [  10   86]]
acc: 0.600
f1: 0.176
[[1896   18]
 [  83   13]]
acc: 0.950
f1: 0.205
3,19,coarse : 7.8 seconds
3,19,fine : 7.81 seconds
[[1117  797]
 [  10   86]]
acc: 0.599
f1: 0.176
[[1895   19]
 [  83   13]]
acc: 0.949
f1: 0.203
3,20,coarse : 7.93 seconds
3,20,fine : 7.93 seconds
[[1128  786]
 [  10   86]]
acc: 0.604
f1: 0.178
[[1894   20]
 [  84   12]]
acc: 0.948
f1: 0.188
3,21,coarse : 8.05 seconds
3,21,fine : 8.06 seconds
[[1150  764]
 [  10   86]]
acc: 0.615
f1: 0.182
[[1894   20]
 [  83   13]]
acc: 0.949
f1: 0.202
3,22,coarse : 8.29 seconds
3,22,fine : 8.29 seconds
[[1147  767]
 [  10   86]]
acc: 0.613
f1: 0.181
[[1892   22]
 [  83   13]]
acc: 0.948
f1: 0.198
3,23,coarse : 8.52 seconds
3,23,fine : 8.52 seconds
[[1149  765]
 [  10   86]]
acc: 0.614
f1: 0.182
[[1891   23]
 [  83   13]]
acc: 0.947
f1: 0.197
3,24,coarse : 8.88 seconds
3,24,fine : 8.88 seconds
[[1154  760]
 [  10   86]]
acc: 0.617
f1: 0.183
[[1885   29]
 [  79   17]]
acc: 0.946
f1: 0.239
3,25,coarse : 8.79 seconds
3,25,fine : 8.8 seconds
[[1165  749]
 [  10   86]]
acc: 0.622
f1: 0.185
[[1884   30]
 [  79   17]]
acc: 0.946
f1: 0.238
3,26,coarse : 9.02 seconds
3,26,fine : 9.03 seconds
[[1164  750]
 [  10   86]]
acc: 0.622
f1: 0.185
[[1888   26]
 [  79   17]]
acc: 0.948
f1: 0.245
3,27,coarse : 9.41 seconds
3,27,fine : 9.41 seconds
[[1172  742]
 [  10   86]]
acc: 0.626
f1: 0.186
[[1883   31]
 [  78   18]]
acc: 0.946
f1: 0.248
3,28,coarse : 9.45 seconds
3,28,fine : 9.45 seconds
[[1151  763]
 [   9   87]]
acc: 0.616
f1: 0.184
[[1880   34]
 [  78   18]]
acc: 0.944
f1: 0.243
3,29,coarse : 9.74 seconds
3,29,fine : 9.74 seconds
[[1145  769]
 [   8   88]]
acc: 0.613
f1: 0.185
[[1882   32]
 [  76   20]]
acc: 0.946
f1: 0.270
3,30,coarse : 9.85 seconds
3,30,fine : 9.86 seconds
[[1160  754]
 [   9   87]]
acc: 0.620
f1: 0.186
[[1882   32]
 [  77   19]]
acc: 0.946
f1: 0.259
3,31,coarse : 10.13 seconds
3,31,fine : 10.14 seconds
[[1163  751]
 [   9   87]]
acc: 0.622
f1: 0.186
[[1882   32]
 [  80   16]]
acc: 0.944
f1: 0.222
3,32,coarse : 10.17 seconds
3,32,fine : 10.18 seconds
[[1169  745]
 [   9   87]]
acc: 0.625
f1: 0.188
[[1884   30]
 [  80   16]]
acc: 0.945
f1: 0.225
3,33,coarse : 10.65 seconds
3,33,fine : 10.65 seconds
[[1158  756]
 [   9   87]]
acc: 0.619
f1: 0.185
[[1883   31]
 [  80   16]]
acc: 0.945
f1: 0.224
3,34,coarse : 10.81 seconds
3,34,fine : 10.81 seconds
[[1165  749]
 [   9   87]]
acc: 0.623
f1: 0.187
[[1886   28]
 [  80   16]]
acc: 0.946
f1: 0.229
3,35,coarse : 11.09 seconds
3,35,fine : 11.1 seconds
[[1174  740]
 [   9   87]]
acc: 0.627
f1: 0.189
[[1883   31]
 [  78   18]]
acc: 0.946
f1: 0.248
3,36,coarse : 11.3 seconds
3,36,fine : 11.31 seconds
[[1176  738]
 [   9   87]]
acc: 0.628
f1: 0.189
[[1882   32]
 [  76   20]]
acc: 0.946
f1: 0.270
3,37,coarse : 11.56 seconds
3,37,fine : 11.57 seconds
[[1172  742]
 [   9   87]]
acc: 0.626
f1: 0.188
[[1880   34]
 [  75   21]]
acc: 0.946
f1: 0.278
3,38,coarse : 11.93 seconds
3,38,fine : 11.93 seconds
[[1185  729]
 [   9   87]]
acc: 0.633
f1: 0.191
[[1880   34]
 [  75   21]]
acc: 0.946
f1: 0.278
3,39,coarse : 12.29 seconds
3,39,fine : 12.3 seconds
[[1183  731]
 [  10   86]]
acc: 0.631
f1: 0.188
[[1882   32]
 [  75   21]]
acc: 0.947
f1: 0.282
3,40,coarse : 12.51 seconds
3,40,fine : 12.51 seconds
[[1185  729]
 [   9   87]]
acc: 0.633
f1: 0.191
[[1881   33]
 [  75   21]]
acc: 0.946
f1: 0.280
3,41,coarse : 12.48 seconds
3,41,fine : 12.49 seconds
[[1190  724]
 [   9   87]]
acc: 0.635
f1: 0.192
[[1880   34]
 [  74   22]]
acc: 0.946
f1: 0.289
3,42,coarse : 12.69 seconds
3,42,fine : 12.7 seconds
[[1196  718]
 [   9   87]]
acc: 0.638
f1: 0.193
[[1876   38]
 [  72   24]]
acc: 0.945
f1: 0.304
3,43,coarse : 12.77 seconds
3,43,fine : 12.78 seconds
[[1197  717]
 [   9   87]]
acc: 0.639
f1: 0.193
[[1876   38]
 [  71   25]]
acc: 0.946
f1: 0.314
3,44,coarse : 13.08 seconds
3,44,fine : 13.08 seconds
[[1194  720]
 [   9   87]]
acc: 0.637
f1: 0.193
[[1877   37]
 [  70   26]]
acc: 0.947
f1: 0.327
3,45,coarse : 13.34 seconds
3,45,fine : 13.34 seconds
[[1193  721]
 [  10   86]]
acc: 0.636
f1: 0.190
[[1874   40]
 [  70   26]]
acc: 0.945
f1: 0.321
3,46,coarse : 13.73 seconds
3,46,fine : 13.74 seconds
[[1179  735]
 [  10   86]]
acc: 0.629
f1: 0.188
[[1875   39]
 [  70   26]]
acc: 0.946
f1: 0.323
3,47,coarse : 13.77 seconds
3,47,fine : 13.77 seconds
[[1182  732]
 [   9   87]]
acc: 0.631
f1: 0.190
[[1875   39]
 [  67   29]]
acc: 0.947
f1: 0.354
3,48,coarse : 14.0 seconds
3,48,fine : 14.0 seconds
[[1166  748]
 [   9   87]]
acc: 0.623
f1: 0.187
[[1874   40]
 [  69   27]]
acc: 0.946
f1: 0.331
3,49,coarse : 14.09 seconds
3,49,fine : 14.09 seconds
[[1168  746]
 [   9   87]]
acc: 0.624
f1: 0.187
[[1876   38]
 [  69   27]]
acc: 0.947
f1: 0.335
3,50,coarse : 16.1 seconds
3,50,fine : 16.1 seconds
[[1177  737]
 [   9   87]]
acc: 0.629
f1: 0.189
[[1874   40]
 [  69   27]]
acc: 0.946
f1: 0.331
3,51,coarse : 14.59 seconds
3,51,fine : 14.59 seconds
[[1167  747]
 [   9   87]]
acc: 0.624
f1: 0.187
[[1872   42]
 [  70   26]]
acc: 0.944
f1: 0.317
3,52,coarse : 14.97 seconds
3,52,fine : 14.98 seconds
[[1167  747]
 [   9   87]]
acc: 0.624
f1: 0.187
[[1869   45]
 [  70   26]]
acc: 0.943
f1: 0.311
3,53,coarse : 15.12 seconds
3,53,fine : 15.12 seconds
[[1171  743]
 [   9   87]]
acc: 0.626
f1: 0.188
[[1868   46]
 [  70   26]]
acc: 0.942
f1: 0.310
3,54,coarse : 15.39 seconds
3,54,fine : 15.4 seconds
[[1173  741]
 [   9   87]]
acc: 0.627
f1: 0.188
[[1867   47]
 [  69   27]]
acc: 0.942
f1: 0.318
3,55,coarse : 16.06 seconds
3,55,fine : 16.07 seconds
[[1182  732]
 [   9   87]]
acc: 0.631
f1: 0.190
[[1867   47]
 [  66   30]]
acc: 0.944
f1: 0.347
3,56,coarse : 16.15 seconds
3,56,fine : 16.16 seconds
[[1186  728]
 [   9   87]]
acc: 0.633
f1: 0.191
[[1867   47]
 [  67   29]]
acc: 0.943
f1: 0.337
3,57,coarse : 16.07 seconds
3,57,fine : 16.08 seconds
[[1189  725]
 [  10   86]]
acc: 0.634
f1: 0.190
[[1867   47]
 [  68   28]]
acc: 0.943
f1: 0.327
3,58,coarse : 16.4 seconds
3,58,fine : 16.41 seconds
[[1183  731]
 [  10   86]]
acc: 0.631
f1: 0.188
[[1867   47]
 [  67   29]]
acc: 0.943
f1: 0.337
3,59,coarse : 16.9 seconds
3,59,fine : 16.9 seconds
[[1181  733]
 [  10   86]]
acc: 0.630
f1: 0.188
[[1867   47]
 [  66   30]]
acc: 0.944
f1: 0.347
3,60,coarse : 17.29 seconds
3,60,fine : 17.3 seconds
[[1178  736]
 [  11   85]]
acc: 0.628
f1: 0.185
[[1865   49]
 [  64   32]]
acc: 0.944
f1: 0.362
3,61,coarse : 17.19 seconds
3,61,fine : 17.19 seconds
[[1175  739]
 [  11   85]]
acc: 0.627
f1: 0.185
[[1862   52]
 [  63   33]]
acc: 0.943
f1: 0.365
3,62,coarse : 17.19 seconds
3,62,fine : 17.2 seconds
[[1179  735]
 [  12   84]]
acc: 0.628
f1: 0.184
[[1861   53]
 [  63   33]]
acc: 0.942
f1: 0.363
3,63,coarse : 17.66 seconds
3,63,fine : 17.67 seconds
[[1186  728]
 [  12   84]]
acc: 0.632
f1: 0.185
[[1863   51]
 [  64   32]]
acc: 0.943
f1: 0.358
3,64,coarse : 17.86 seconds
3,64,fine : 17.87 seconds
[[1182  732]
 [  14   82]]
acc: 0.629
f1: 0.180
[[1859   55]
 [  63   33]]
acc: 0.941
f1: 0.359
3,65,coarse : 17.86 seconds
3,65,fine : 17.87 seconds
[[1193  721]
 [  14   82]]
acc: 0.634
f1: 0.182
[[1858   56]
 [  62   34]]
acc: 0.941
f1: 0.366
3,66,coarse : 18.0 seconds
3,66,fine : 18.01 seconds
[[1186  728]
 [  13   83]]
acc: 0.631
f1: 0.183
[[1859   55]
 [  62   34]]
acc: 0.942
f1: 0.368
3,67,coarse : 18.73 seconds
3,67,fine : 18.74 seconds
[[1194  720]
 [  13   83]]
acc: 0.635
f1: 0.185
[[1859   55]
 [  63   33]]
acc: 0.941
f1: 0.359
3,68,coarse : 19.1 seconds
3,68,fine : 19.11 seconds
[[1196  718]
 [  13   83]]
acc: 0.636
f1: 0.185
[[1860   54]
 [  64   32]]
acc: 0.941
f1: 0.352
3,69,coarse : 18.71 seconds
3,69,fine : 18.72 seconds
[[1191  723]
 [  12   84]]
acc: 0.634
f1: 0.186
[[1861   53]
 [  64   32]]
acc: 0.942
f1: 0.354
3,70,coarse : 19.45 seconds
3,70,fine : 19.46 seconds
[[1186  728]
 [  10   86]]
acc: 0.633
f1: 0.189
[[1862   52]
 [  66   30]]
acc: 0.941
f1: 0.337
3,71,coarse : 19.3 seconds
3,71,fine : 19.31 seconds
[[1193  721]
 [  10   86]]
acc: 0.636
f1: 0.190
[[1857   57]
 [  65   31]]
acc: 0.939
f1: 0.337
3,72,coarse : 19.4 seconds
3,72,fine : 19.41 seconds
[[1198  716]
 [  11   85]]
acc: 0.638
f1: 0.190
[[1858   56]
 [  65   31]]
acc: 0.940
f1: 0.339
3,73,coarse : 20.43 seconds
3,73,fine : 20.44 seconds
[[1199  715]
 [  10   86]]
acc: 0.639
f1: 0.192
[[1858   56]
 [  67   29]]
acc: 0.939
f1: 0.320
3,74,coarse : 19.87 seconds
3,74,fine : 19.88 seconds
[[1202  712]
 [  10   86]]
acc: 0.641
f1: 0.192
[[1858   56]
 [  66   30]]
acc: 0.939
f1: 0.330
3,75,coarse : 20.32 seconds
3,75,fine : 20.33 seconds
[[1206  708]
 [  10   86]]
acc: 0.643
f1: 0.193
[[1859   55]
 [  66   30]]
acc: 0.940
f1: 0.331
3,76,coarse : 19.76 seconds
3,76,fine : 19.77 seconds
[[1205  709]
 [  12   84]]
acc: 0.641
f1: 0.189
[[1859   55]
 [  64   32]]
acc: 0.941
f1: 0.350
3,77,coarse : 19.93 seconds
3,77,fine : 19.94 seconds
[[1210  704]
 [  12   84]]
acc: 0.644
f1: 0.190
[[1858   56]
 [  64   32]]
acc: 0.940
f1: 0.348
3,78,coarse : 20.17 seconds
3,78,fine : 20.18 seconds
[[1214  700]
 [  13   83]]
acc: 0.645
f1: 0.189
[[1860   54]
 [  62   34]]
acc: 0.942
f1: 0.370
3,79,coarse : 20.98 seconds
3,79,fine : 20.99 seconds
[[1212  702]
 [  11   85]]
acc: 0.645
f1: 0.193
[[1860   54]
 [  62   34]]
acc: 0.942
f1: 0.370
3,80,coarse : 20.91 seconds
3,80,fine : 20.92 seconds
[[1204  710]
 [  11   85]]
acc: 0.641
f1: 0.191
[[1861   53]
 [  64   32]]
acc: 0.942
f1: 0.354
3,81,coarse : 20.31 seconds
3,81,fine : 20.32 seconds
[[1206  708]
 [  11   85]]
acc: 0.642
f1: 0.191
[[1859   55]
 [  63   33]]
acc: 0.941
f1: 0.359
3,82,coarse : 20.75 seconds
3,82,fine : 20.76 seconds
[[1211  703]
 [  11   85]]
acc: 0.645
f1: 0.192
[[1856   58]
 [  60   36]]
acc: 0.941
f1: 0.379
3,83,coarse : 21.43 seconds
3,83,fine : 21.44 seconds
[[1214  700]
 [  11   85]]
acc: 0.646
f1: 0.193
[[1856   58]
 [  62   34]]
acc: 0.940
f1: 0.362
3,84,coarse : 21.7 seconds
3,84,fine : 21.72 seconds
[[1214  700]
 [  11   85]]
acc: 0.646
f1: 0.193
[[1855   59]
 [  62   34]]
acc: 0.940
f1: 0.360
3,85,coarse : 22.12 seconds
3,85,fine : 22.13 seconds
[[1216  698]
 [  11   85]]
acc: 0.647
f1: 0.193
[[1857   57]
 [  60   36]]
acc: 0.942
f1: 0.381
3,86,coarse : 22.81 seconds
3,86,fine : 22.82 seconds
[[1220  694]
 [  11   85]]
acc: 0.649
f1: 0.194
[[1856   58]
 [  61   35]]
acc: 0.941
f1: 0.370
3,87,coarse : 23.01 seconds
3,87,fine : 23.02 seconds
[[1213  701]
 [  11   85]]
acc: 0.646
f1: 0.193
[[1857   57]
 [  62   34]]
acc: 0.941
f1: 0.364
3,88,coarse : 23.84 seconds
3,88,fine : 23.85 seconds
[[1219  695]
 [  11   85]]
acc: 0.649
f1: 0.194
[[1856   58]
 [  62   34]]
acc: 0.940
f1: 0.362
3,89,coarse : 23.55 seconds
3,89,fine : 23.56 seconds
[[1206  708]
 [  10   86]]
acc: 0.643
f1: 0.193
[[1855   59]
 [  62   34]]
acc: 0.940
f1: 0.360
3,90,coarse : 23.86 seconds
3,90,fine : 23.87 seconds
[[1206  708]
 [  11   85]]
acc: 0.642
f1: 0.191
[[1854   60]
 [  62   34]]
acc: 0.939
f1: 0.358
3,91,coarse : 23.76 seconds
3,91,fine : 23.77 seconds
[[1209  705]
 [  11   85]]
acc: 0.644
f1: 0.192
[[1851   63]
 [  61   35]]
acc: 0.938
f1: 0.361
3,92,coarse : 24.64 seconds
3,92,fine : 24.65 seconds
[[1205  709]
 [  11   85]]
acc: 0.642
f1: 0.191
[[1854   60]
 [  61   35]]
acc: 0.940
f1: 0.366
3,93,coarse : 24.63 seconds
3,93,fine : 24.64 seconds
[[1203  711]
 [  11   85]]
acc: 0.641
f1: 0.191
[[1852   62]
 [  58   38]]
acc: 0.940
f1: 0.388
3,94,coarse : 25.37 seconds
3,94,fine : 25.38 seconds
[[1208  706]
 [  11   85]]
acc: 0.643
f1: 0.192
[[1857   57]
 [  60   36]]
acc: 0.942
f1: 0.381
3,95,coarse : 25.53 seconds
3,95,fine : 25.54 seconds
[[1210  704]
 [  11   85]]
acc: 0.644
f1: 0.192
[[1858   56]
 [  59   37]]
acc: 0.943
f1: 0.392
3,96,coarse : 25.77 seconds
3,96,fine : 25.78 seconds
[[1213  701]
 [  11   85]]
acc: 0.646
f1: 0.193
[[1855   59]
 [  59   37]]
acc: 0.941
f1: 0.385
3,97,coarse : 25.56 seconds
3,97,fine : 25.57 seconds
[[1215  699]
 [  11   85]]
acc: 0.647
f1: 0.193
[[1856   58]
 [  59   37]]
acc: 0.942
f1: 0.387
3,98,coarse : 26.19 seconds
3,98,fine : 26.2 seconds
[[1212  702]
 [  11   85]]
acc: 0.645
f1: 0.193
[[1855   59]
 [  59   37]]
acc: 0.941
f1: 0.385
3,99,coarse : 26.55 seconds
3,99,fine : 26.56 seconds
[[1218  696]
 [  11   85]]
acc: 0.648
f1: 0.194
[[1855   59]
 [  58   38]]
acc: 0.942
f1: 0.394
3,100,coarse : 29.72 seconds
3,100,fine : 29.73 seconds
[[1222  692]
 [  11   85]]
acc: 0.650
f1: 0.195
[[1856   58]
 [  57   39]]
acc: 0.943
f1: 0.404
3,101,coarse : 27.22 seconds
3,101,fine : 27.23 seconds
[[1223  691]
 [  11   85]]
acc: 0.651
f1: 0.195
[[1856   58]
 [  58   38]]
acc: 0.942
f1: 0.396
3,102,coarse : 27.74 seconds
3,102,fine : 27.75 seconds
[[1227  687]
 [  11   85]]
acc: 0.653
f1: 0.196
[[1857   57]
 [  56   40]]
acc: 0.944
f1: 0.415
3,103,coarse : 27.63 seconds
3,103,fine : 27.64 seconds
[[1236  678]
 [  11   85]]
acc: 0.657
f1: 0.198
[[1857   57]
 [  56   40]]
acc: 0.944
f1: 0.415
3,104,coarse : 28.2 seconds
3,104,fine : 28.21 seconds
[[1235  679]
 [  11   85]]
acc: 0.657
f1: 0.198
[[1855   59]
 [  56   40]]
acc: 0.943
f1: 0.410
3,105,coarse : 28.25 seconds
3,105,fine : 28.26 seconds
[[1238  676]
 [  11   85]]
acc: 0.658
f1: 0.198
[[1854   60]
 [  56   40]]
acc: 0.942
f1: 0.408
3,106,coarse : 29.02 seconds
3,106,fine : 29.03 seconds
[[1228  686]
 [  11   85]]
acc: 0.653
f1: 0.196
[[1850   64]
 [  56   40]]
acc: 0.940
f1: 0.400
3,107,coarse : 29.52 seconds
3,107,fine : 29.53 seconds
[[1236  678]
 [  11   85]]
acc: 0.657
f1: 0.198
[[1852   62]
 [  56   40]]
acc: 0.941
f1: 0.404
3,108,coarse : 30.99 seconds
3,108,fine : 31.0 seconds
[[1233  681]
 [  12   84]]
acc: 0.655
f1: 0.195
[[1855   59]
 [  56   40]]
acc: 0.943
f1: 0.410
3,109,coarse : 30.08 seconds
3,109,fine : 30.09 seconds
[[1234  680]
 [  12   84]]
acc: 0.656
f1: 0.195
[[1854   60]
 [  57   39]]
acc: 0.942
f1: 0.400
3,110,coarse : 30.59 seconds
3,110,fine : 30.6 seconds
[[1232  682]
 [  12   84]]
acc: 0.655
f1: 0.195
[[1854   60]
 [  56   40]]
acc: 0.942
f1: 0.408
3,111,coarse : 30.41 seconds
3,111,fine : 30.42 seconds
[[1235  679]
 [  12   84]]
acc: 0.656
f1: 0.196
[[1854   60]
 [  55   41]]
acc: 0.943
f1: 0.416
3,112,coarse : 30.7 seconds
3,112,fine : 30.71 seconds
[[1224  690]
 [  11   85]]
acc: 0.651
f1: 0.195
[[1853   61]
 [  55   41]]
acc: 0.942
f1: 0.414
3,113,coarse : 31.25 seconds
3,113,fine : 31.27 seconds
[[1226  688]
 [  13   83]]
acc: 0.651
f1: 0.191
[[1853   61]
 [  54   42]]
acc: 0.943
f1: 0.422
3,114,coarse : 31.12 seconds
3,114,fine : 31.13 seconds
[[1232  682]
 [  12   84]]
acc: 0.655
f1: 0.195
[[1851   63]
 [  57   39]]
acc: 0.940
f1: 0.394
3,115,coarse : 31.47 seconds
3,115,fine : 31.48 seconds
[[1229  685]
 [  11   85]]
acc: 0.654
f1: 0.196
[[1851   63]
 [  57   39]]
acc: 0.940
f1: 0.394
3,116,coarse : 31.16 seconds
3,116,fine : 31.17 seconds
[[1220  694]
 [  12   84]]
acc: 0.649
f1: 0.192
[[1852   62]
 [  52   44]]
acc: 0.943
f1: 0.436
3,117,coarse : 32.12 seconds
3,117,fine : 32.13 seconds
[[1225  689]
 [  12   84]]
acc: 0.651
f1: 0.193
[[1853   61]
 [  51   45]]
acc: 0.944
f1: 0.446
3,118,coarse : 32.12 seconds
3,118,fine : 32.13 seconds
[[1228  686]
 [  12   84]]
acc: 0.653
f1: 0.194
[[1853   61]
 [  50   46]]
acc: 0.945
f1: 0.453
3,119,coarse : 33.01 seconds
3,119,fine : 33.03 seconds
[[1222  692]
 [  12   84]]
acc: 0.650
f1: 0.193
[[1853   61]
 [  50   46]]
acc: 0.945
f1: 0.453
3,120,coarse : 33.68 seconds
3,120,fine : 33.69 seconds
[[1215  699]
 [  13   83]]
acc: 0.646
f1: 0.189
[[1852   62]
 [  50   46]]
acc: 0.944
f1: 0.451
3,121,coarse : 33.16 seconds
3,121,fine : 33.18 seconds
[[1221  693]
 [  13   83]]
acc: 0.649
f1: 0.190
[[1853   61]
 [  50   46]]
acc: 0.945
f1: 0.453
3,122,coarse : 34.33 seconds
3,122,fine : 34.35 seconds
[[1216  698]
 [  12   84]]
acc: 0.647
f1: 0.191
[[1854   60]
 [  50   46]]
acc: 0.945
f1: 0.455
3,123,coarse : 33.56 seconds
3,123,fine : 33.67 seconds
[[1215  699]
 [  13   83]]
acc: 0.646
f1: 0.189
[[1853   61]
 [  52   44]]
acc: 0.944
f1: 0.438
3,124,coarse : 34.16 seconds
3,124,fine : 34.17 seconds
[[1217  697]
 [  13   83]]
acc: 0.647
f1: 0.189
[[1852   62]
 [  52   44]]
acc: 0.943
f1: 0.436
3,125,coarse : 34.22 seconds
3,125,fine : 34.23 seconds
[[1223  691]
 [  13   83]]
acc: 0.650
f1: 0.191
[[1852   62]
 [  52   44]]
acc: 0.943
f1: 0.436
3,126,coarse : 36.4 seconds
3,126,fine : 36.41 seconds
[[1223  691]
 [  13   83]]
acc: 0.650
f1: 0.191
[[1852   62]
 [  52   44]]
acc: 0.943
f1: 0.436
3,127,coarse : 36.21 seconds
3,127,fine : 36.23 seconds
[[1227  687]
 [  13   83]]
acc: 0.652
f1: 0.192
[[1852   62]
 [  52   44]]
acc: 0.943
f1: 0.436
3,128,coarse : 35.85 seconds
3,128,fine : 35.87 seconds
[[1232  682]
 [  13   83]]
acc: 0.654
f1: 0.193
[[1852   62]
 [  52   44]]
acc: 0.943
f1: 0.436
3,129,coarse : 36.19 seconds
3,129,fine : 36.2 seconds
[[1229  685]
 [  13   83]]
acc: 0.653
f1: 0.192
[[1852   62]
 [  52   44]]
acc: 0.943
f1: 0.436
3,130,coarse : 36.43 seconds
3,130,fine : 36.45 seconds
[[1224  690]
 [  13   83]]
acc: 0.650
f1: 0.191
[[1852   62]
 [  52   44]]
acc: 0.943
f1: 0.436
3,131,coarse : 37.11 seconds
3,131,fine : 37.13 seconds
[[1224  690]
 [  13   83]]
acc: 0.650
f1: 0.191
[[1851   63]
 [  52   44]]
acc: 0.943
f1: 0.433
3,132,coarse : 37.32 seconds
3,132,fine : 37.33 seconds
[[1224  690]
 [  13   83]]
acc: 0.650
f1: 0.191
[[1850   64]
 [  51   45]]
acc: 0.943
f1: 0.439
3,133,coarse : 36.53 seconds
3,133,fine : 36.54 seconds
[[1226  688]
 [  13   83]]
acc: 0.651
f1: 0.191
[[1851   63]
 [  51   45]]
acc: 0.943
f1: 0.441
3,134,coarse : 36.55 seconds
3,134,fine : 36.57 seconds
[[1222  692]
 [  13   83]]
acc: 0.649
f1: 0.191
[[1850   64]
 [  51   45]]
acc: 0.943
f1: 0.439
3,135,coarse : 37.32 seconds
3,135,fine : 37.33 seconds
[[1228  686]
 [  13   83]]
acc: 0.652
f1: 0.192
[[1851   63]
 [  51   45]]
acc: 0.943
f1: 0.441
3,136,coarse : 37.96 seconds
3,136,fine : 37.98 seconds
[[1229  685]
 [  13   83]]
acc: 0.653
f1: 0.192
[[1851   63]
 [  51   45]]
acc: 0.943
f1: 0.441
3,137,coarse : 38.85 seconds
3,137,fine : 38.87 seconds
[[1229  685]
 [  13   83]]
acc: 0.653
f1: 0.192
[[1851   63]
 [  51   45]]
acc: 0.943
f1: 0.441
3,138,coarse : 39.13 seconds
3,138,fine : 39.15 seconds
[[1229  685]
 [  13   83]]
acc: 0.653
f1: 0.192
[[1851   63]
 [  51   45]]
acc: 0.943
f1: 0.441
3,139,coarse : 38.63 seconds
3,139,fine : 38.65 seconds
[[1232  682]
 [  13   83]]
acc: 0.654
f1: 0.193
[[1848   66]
 [  51   45]]
acc: 0.942
f1: 0.435
3,140,coarse : 38.89 seconds
3,140,fine : 38.91 seconds
[[1234  680]
 [  13   83]]
acc: 0.655
f1: 0.193
[[1848   66]
 [  51   45]]
acc: 0.942
f1: 0.435
3,141,coarse : 39.26 seconds
3,141,fine : 39.27 seconds
[[1233  681]
 [  13   83]]
acc: 0.655
f1: 0.193
[[1849   65]
 [  51   45]]
acc: 0.942
f1: 0.437
3,142,coarse : 40.22 seconds
3,142,fine : 40.24 seconds
[[1233  681]
 [  13   83]]
acc: 0.655
f1: 0.193
[[1848   66]
 [  50   46]]
acc: 0.942
f1: 0.442
3,143,coarse : 41.04 seconds
3,143,fine : 41.06 seconds
[[1236  678]
 [  13   83]]
acc: 0.656
f1: 0.194
[[1848   66]
 [  49   47]]
acc: 0.943
f1: 0.450
3,144,coarse : 40.32 seconds
3,144,fine : 40.34 seconds
[[1230  684]
 [  13   83]]
acc: 0.653
f1: 0.192
[[1849   65]
 [  49   47]]
acc: 0.943
f1: 0.452
3,145,coarse : 40.1 seconds
3,145,fine : 40.11 seconds
[[1231  683]
 [  13   83]]
acc: 0.654
f1: 0.193
[[1848   66]
 [  50   46]]
acc: 0.942
f1: 0.442
3,146,coarse : 40.42 seconds
3,146,fine : 40.43 seconds
[[1233  681]
 [  13   83]]
acc: 0.655
f1: 0.193
[[1849   65]
 [  49   47]]
acc: 0.943
f1: 0.452
3,147,coarse : 40.57 seconds
3,147,fine : 40.59 seconds
[[1234  680]
 [  13   83]]
acc: 0.655
f1: 0.193
[[1849   65]
 [  50   46]]
acc: 0.943
f1: 0.444
3,148,coarse : 41.31 seconds
3,148,fine : 41.33 seconds
[[1236  678]
 [  13   83]]
acc: 0.656
f1: 0.194
[[1848   66]
 [  49   47]]
acc: 0.943
f1: 0.450
3,149,coarse : 41.4 seconds
3,149,fine : 41.42 seconds
[[1237  677]
 [  13   83]]
acc: 0.657
f1: 0.194
[[1848   66]
 [  49   47]]
acc: 0.943
f1: 0.450
3,150,coarse : 45.52 seconds
3,150,fine : 45.53 seconds
[[1239  675]
 [  13   83]]
acc: 0.658
f1: 0.194
[[1847   67]
 [  47   49]]
acc: 0.943
f1: 0.462
3,151,coarse : 42.75 seconds
3,151,fine : 42.77 seconds
[[1240  674]
 [  13   83]]
acc: 0.658
f1: 0.195
[[1847   67]
 [  47   49]]
acc: 0.943
f1: 0.462
3,152,coarse : 42.2 seconds
3,152,fine : 42.22 seconds
[[1240  674]
 [  13   83]]
acc: 0.658
f1: 0.195
[[1847   67]
 [  47   49]]
acc: 0.943
f1: 0.462
3,153,coarse : 42.23 seconds
3,153,fine : 42.25 seconds
[[1241  673]
 [  13   83]]
acc: 0.659
f1: 0.195
[[1847   67]
 [  47   49]]
acc: 0.943
f1: 0.462
3,154,coarse : 43.97 seconds
3,154,fine : 43.99 seconds
[[1239  675]
 [  13   83]]
acc: 0.658
f1: 0.194
[[1845   69]
 [  47   49]]
acc: 0.942
f1: 0.458
3,155,coarse : 43.16 seconds
3,155,fine : 43.18 seconds
[[1237  677]
 [  13   83]]
acc: 0.657
f1: 0.194
[[1844   70]
 [  47   49]]
acc: 0.942
f1: 0.456
3,156,coarse : 43.26 seconds
3,156,fine : 43.28 seconds
[[1239  675]
 [  13   83]]
acc: 0.658
f1: 0.194
[[1845   69]
 [  49   47]]
acc: 0.941
f1: 0.443
3,157,coarse : 43.53 seconds
3,157,fine : 43.55 seconds
[[1233  681]
 [  13   83]]
acc: 0.655
f1: 0.193
[[1845   69]
 [  48   48]]
acc: 0.942
f1: 0.451
3,158,coarse : 43.54 seconds
3,158,fine : 43.56 seconds
[[1233  681]
 [  13   83]]
acc: 0.655
f1: 0.193
[[1844   70]
 [  48   48]]
acc: 0.941
f1: 0.449
3,159,coarse : 43.48 seconds
3,159,fine : 43.5 seconds
[[1234  680]
 [  13   83]]
acc: 0.655
f1: 0.193
[[1845   69]
 [  48   48]]
acc: 0.942
f1: 0.451
3,160,coarse : 44.95 seconds
3,160,fine : 44.97 seconds
[[1238  676]
 [  13   83]]
acc: 0.657
f1: 0.194
[[1845   69]
 [  48   48]]
acc: 0.942
f1: 0.451
3,161,coarse : 43.36 seconds
3,161,fine : 43.38 seconds
[[1234  680]
 [  13   83]]
acc: 0.655
f1: 0.193
[[1846   68]
 [  50   46]]
acc: 0.941
f1: 0.438
3,162,coarse : 44.47 seconds
3,162,fine : 44.49 seconds
[[1234  680]
 [  13   83]]
acc: 0.655
f1: 0.193
[[1846   68]
 [  50   46]]
acc: 0.941
f1: 0.438
3,163,coarse : 44.01 seconds
3,163,fine : 44.03 seconds
[[1228  686]
 [  13   83]]
acc: 0.652
f1: 0.192
[[1846   68]
 [  50   46]]
acc: 0.941
f1: 0.438
3,164,coarse : 45.28 seconds
3,164,fine : 45.3 seconds
[[1222  692]
 [  13   83]]
acc: 0.649
f1: 0.191
[[1847   67]
 [  50   46]]
acc: 0.942
f1: 0.440
3,165,coarse : 46.56 seconds
3,165,fine : 46.57 seconds
[[1224  690]
 [  13   83]]
acc: 0.650
f1: 0.191
[[1849   65]
 [  50   46]]
acc: 0.943
f1: 0.444
3,166,coarse : 45.82 seconds
3,166,fine : 45.84 seconds
[[1225  689]
 [  13   83]]
acc: 0.651
f1: 0.191
[[1850   64]
 [  49   47]]
acc: 0.944
f1: 0.454
3,167,coarse : 46.56 seconds
3,167,fine : 46.58 seconds
[[1228  686]
 [  13   83]]
acc: 0.652
f1: 0.192
[[1847   67]
 [  49   47]]
acc: 0.942
f1: 0.448
3,168,coarse : 47.06 seconds
3,168,fine : 47.08 seconds
[[1230  684]
 [  13   83]]
acc: 0.653
f1: 0.192
[[1849   65]
 [  48   48]]
acc: 0.944
f1: 0.459
3,169,coarse : 48.52 seconds
3,169,fine : 48.54 seconds
[[1226  688]
 [  13   83]]
acc: 0.651
f1: 0.191
[[1847   67]
 [  47   49]]
acc: 0.943
f1: 0.462
3,170,coarse : 46.59 seconds
3,170,fine : 46.61 seconds
[[1227  687]
 [  13   83]]
acc: 0.652
f1: 0.192
[[1846   68]
 [  46   50]]
acc: 0.943
f1: 0.467
3,171,coarse : 47.04 seconds
3,171,fine : 47.06 seconds
[[1228  686]
 [  13   83]]
acc: 0.652
f1: 0.192
[[1845   69]
 [  45   51]]
acc: 0.943
f1: 0.472
3,172,coarse : 48.31 seconds
3,172,fine : 48.33 seconds
