all           0      1    2    3    4    5    6    7    8    
1      2010   1914   1    19   32   19   1    11   6    7    
2      2010   1914   1    19   32   19   1    11   6    7    
3      2010   1914   1    19   32   19   1    11   5    8    
4      2010   1914   1    19   32   19   1    10   6    8    
5      2010   1914   1    18   33   19   1    10   6    8    
6      2010   1914   1    18   33   19   1    10   6    8    
7      2010   1913   2    18   33   19   1    10   6    8    
8      2010   1913   2    18   33   19   1    10   6    8    
9      2009   1913   2    18   32   19   2    10   6    7    
10     2009   1913   1    19   32   19   1    11   6    7    
Total  20098  19136  13   185  324  190  11   104  59   76   
train         0      1    2    3    4    5    6    7    8    
1      2010   1914   1    19   32   19   1    11   6    7    
2      2010   1914   1    19   32   19   1    11   6    7    
3      2010   1914   1    19   32   19   1    11   5    8    
4      2010   1914   1    19   32   19   1    10   6    8    
5      2010   1914   1    18   33   19   1    10   6    8    
6      2010   1914   1    18   33   19   1    10   6    8    
8      2010   1913   2    18   33   19   1    10   6    8    
9      2009   1913   2    18   32   19   2    10   6    7    
10     2009   1913   1    19   32   19   1    11   6    7    
Total  18088  17223  11   167  291  171  10   94   53   68   
test          0      1    2    3    4    5    6    7    8    
7      2010   1913   2    18   33   19   1    10   6    8    
Total  2010   1913   2    18   33   19   1    10   6    8    
Classes             
0         17223     
1         11        
2         167       
3         291       
4         171       
5         10        
6         94        
7         53        
8         68        
Total     18088     

Shape: 450       

[952, 10, 11, 16, 11, 10, 10, 10, 10]
Sum start => 1040
[[1199  714]
 [  14   83]]
acc: 0.638
f1: 0.186
[[1888   25]
 [  89    8]]
acc: 0.943
f1: 0.123
7,1,coarse : 32.18 seconds
7,1,fine : 32.19 seconds
[[1199  714]
 [  14   83]]
acc: 0.638
f1: 0.186
[[1888   25]
 [  89    8]]
acc: 0.943
f1: 0.123
7,2,coarse : 33.56 seconds
7,2,fine : 33.56 seconds
[[1181  732]
 [  14   83]]
acc: 0.629
f1: 0.182
[[1890   23]
 [  90    7]]
acc: 0.944
f1: 0.110
7,3,coarse : 3.99 seconds
7,3,fine : 4.0 seconds
[[1169  744]
 [  13   84]]
acc: 0.623
f1: 0.182
[[1895   18]
 [  93    4]]
acc: 0.945
f1: 0.067
7,4,coarse : 4.18 seconds
7,4,fine : 4.23 seconds
[[1187  726]
 [  13   84]]
acc: 0.632
f1: 0.185
[[1895   18]
 [  95    2]]
acc: 0.944
f1: 0.034
7,5,coarse : 4.33 seconds
7,5,fine : 4.34 seconds
[[1221  692]
 [  13   84]]
acc: 0.649
f1: 0.192
[[1896   17]
 [  95    2]]
acc: 0.944
f1: 0.034
7,6,coarse : 4.33 seconds
7,6,fine : 4.34 seconds
[[1233  680]
 [  12   85]]
acc: 0.656
f1: 0.197
[[1894   19]
 [  93    4]]
acc: 0.944
f1: 0.067
7,7,coarse : 4.59 seconds
7,7,fine : 4.68 seconds
[[1248  665]
 [  12   85]]
acc: 0.663
f1: 0.201
[[1898   15]
 [  94    3]]
acc: 0.946
f1: 0.052
7,8,coarse : 4.68 seconds
7,8,fine : 4.68 seconds
[[1264  649]
 [  13   84]]
acc: 0.671
f1: 0.202
[[1897   16]
 [  93    4]]
acc: 0.946
f1: 0.068
7,9,coarse : 4.83 seconds
7,9,fine : 4.83 seconds
[[1275  638]
 [  13   84]]
acc: 0.676
f1: 0.205
[[1897   16]
 [  94    3]]
acc: 0.945
f1: 0.052
7,10,coarse : 4.84 seconds
7,10,fine : 4.85 seconds
[[1290  623]
 [  14   83]]
acc: 0.683
f1: 0.207
[[1897   16]
 [  94    3]]
acc: 0.945
f1: 0.052
7,11,coarse : 5.07 seconds
7,11,fine : 5.07 seconds
[[1286  627]
 [  14   83]]
acc: 0.681
f1: 0.206
[[1898   15]
 [  94    3]]
acc: 0.946
f1: 0.052
7,12,coarse : 5.38 seconds
7,12,fine : 5.38 seconds
[[1298  615]
 [  14   83]]
acc: 0.687
f1: 0.209
[[1897   16]
 [  94    3]]
acc: 0.945
f1: 0.052
7,13,coarse : 5.52 seconds
7,13,fine : 5.53 seconds
[[1315  598]
 [  13   84]]
acc: 0.696
f1: 0.216
[[1895   18]
 [  92    5]]
acc: 0.945
f1: 0.083
7,14,coarse : 5.64 seconds
7,14,fine : 5.64 seconds
[[1328  585]
 [  15   82]]
acc: 0.701
f1: 0.215
[[1896   17]
 [  93    4]]
acc: 0.945
f1: 0.068
7,15,coarse : 5.84 seconds
7,15,fine : 5.84 seconds
[[1331  582]
 [  15   82]]
acc: 0.703
f1: 0.216
[[1896   17]
 [  92    5]]
acc: 0.946
f1: 0.084
7,16,coarse : 6.04 seconds
7,16,fine : 6.04 seconds
[[1341  572]
 [  15   82]]
acc: 0.708
f1: 0.218
[[1895   18]
 [  91    6]]
acc: 0.946
f1: 0.099
7,17,coarse : 6.31 seconds
7,17,fine : 6.31 seconds
[[1351  562]
 [  16   81]]
acc: 0.712
f1: 0.219
[[1896   17]
 [  90    7]]
acc: 0.947
f1: 0.116
7,18,coarse : 6.37 seconds
7,18,fine : 6.37 seconds
[[1340  573]
 [  16   81]]
acc: 0.707
f1: 0.216
[[1896   17]
 [  90    7]]
acc: 0.947
f1: 0.116
7,19,coarse : 6.54 seconds
7,19,fine : 6.55 seconds
[[1355  558]
 [  15   82]]
acc: 0.715
f1: 0.223
[[1897   16]
 [  90    7]]
acc: 0.947
f1: 0.117
7,20,coarse : 6.77 seconds
7,20,fine : 6.77 seconds
[[1364  549]
 [  16   81]]
acc: 0.719
f1: 0.223
[[1898   15]
 [  87   10]]
acc: 0.949
f1: 0.164
7,21,coarse : 7.0 seconds
7,21,fine : 7.0 seconds
[[1372  541]
 [  16   81]]
acc: 0.723
f1: 0.225
[[1898   15]
 [  87   10]]
acc: 0.949
f1: 0.164
7,22,coarse : 7.03 seconds
7,22,fine : 7.03 seconds
[[1369  544]
 [  17   80]]
acc: 0.721
f1: 0.222
[[1896   17]
 [  88    9]]
acc: 0.948
f1: 0.146
7,23,coarse : 7.22 seconds
7,23,fine : 7.22 seconds
[[1378  535]
 [  17   80]]
acc: 0.725
f1: 0.225
[[1896   17]
 [  88    9]]
acc: 0.948
f1: 0.146
7,24,coarse : 7.4 seconds
7,24,fine : 7.41 seconds
[[1381  532]
 [  16   81]]
acc: 0.727
f1: 0.228
[[1897   16]
 [  88    9]]
acc: 0.948
f1: 0.148
7,25,coarse : 7.63 seconds
7,25,fine : 7.64 seconds
[[1389  524]
 [  16   81]]
acc: 0.731
f1: 0.231
[[1897   16]
 [  86   11]]
acc: 0.949
f1: 0.177
7,26,coarse : 7.97 seconds
7,26,fine : 7.98 seconds
[[1394  519]
 [  15   82]]
acc: 0.734
f1: 0.235
[[1898   15]
 [  86   11]]
acc: 0.950
f1: 0.179
7,27,coarse : 7.97 seconds
7,27,fine : 7.98 seconds
[[1383  530]
 [  16   81]]
acc: 0.728
f1: 0.229
[[1896   17]
 [  85   12]]
acc: 0.949
f1: 0.190
7,28,coarse : 8.23 seconds
7,28,fine : 8.24 seconds
[[1390  523]
 [  15   82]]
acc: 0.732
f1: 0.234
[[1893   20]
 [  86   11]]
acc: 0.947
f1: 0.172
7,29,coarse : 8.44 seconds
7,29,fine : 8.45 seconds
[[1395  518]
 [  16   81]]
acc: 0.734
f1: 0.233
[[1893   20]
 [  86   11]]
acc: 0.947
f1: 0.172
7,30,coarse : 8.56 seconds
7,30,fine : 8.57 seconds
[[1399  514]
 [  14   83]]
acc: 0.737
f1: 0.239
[[1894   19]
 [  86   11]]
acc: 0.948
f1: 0.173
7,31,coarse : 8.95 seconds
7,31,fine : 8.95 seconds
[[1397  516]
 [  15   82]]
acc: 0.736
f1: 0.236
[[1894   19]
 [  85   12]]
acc: 0.948
f1: 0.188
7,32,coarse : 9.0 seconds
7,32,fine : 9.0 seconds
[[1398  515]
 [  15   82]]
acc: 0.736
f1: 0.236
[[1893   20]
 [  84   13]]
acc: 0.948
f1: 0.200
7,33,coarse : 9.11 seconds
7,33,fine : 9.12 seconds
[[1404  509]
 [  15   82]]
acc: 0.739
f1: 0.238
[[1894   19]
 [  85   12]]
acc: 0.948
f1: 0.188
7,34,coarse : 9.48 seconds
7,34,fine : 9.49 seconds
[[1403  510]
 [  15   82]]
acc: 0.739
f1: 0.238
[[1892   21]
 [  84   13]]
acc: 0.948
f1: 0.198
7,35,coarse : 9.54 seconds
7,35,fine : 9.55 seconds
[[1392  521]
 [  15   82]]
acc: 0.733
f1: 0.234
[[1892   21]
 [  84   13]]
acc: 0.948
f1: 0.198
7,36,coarse : 9.91 seconds
7,36,fine : 9.92 seconds
[[1406  507]
 [  14   83]]
acc: 0.741
f1: 0.242
[[1889   24]
 [  83   14]]
acc: 0.947
f1: 0.207
7,37,coarse : 9.73 seconds
7,37,fine : 9.74 seconds
[[1412  501]
 [  14   83]]
acc: 0.744
f1: 0.244
[[1891   22]
 [  83   14]]
acc: 0.948
f1: 0.211
7,38,coarse : 10.18 seconds
7,38,fine : 10.19 seconds
[[1410  503]
 [  16   81]]
acc: 0.742
f1: 0.238
[[1886   27]
 [  81   16]]
acc: 0.946
f1: 0.229
7,39,coarse : 10.12 seconds
7,39,fine : 10.12 seconds
[[1420  493]
 [  14   83]]
acc: 0.748
f1: 0.247
[[1888   25]
 [  81   16]]
acc: 0.947
f1: 0.232
7,40,coarse : 10.58 seconds
7,40,fine : 10.58 seconds
[[1426  487]
 [  17   80]]
acc: 0.749
f1: 0.241
[[1886   27]
 [  81   16]]
acc: 0.946
f1: 0.229
7,41,coarse : 10.65 seconds
7,41,fine : 10.66 seconds
[[1422  491]
 [  16   81]]
acc: 0.748
f1: 0.242
[[1888   25]
 [  82   15]]
acc: 0.947
f1: 0.219
7,42,coarse : 11.15 seconds
7,42,fine : 11.15 seconds
[[1429  484]
 [  17   80]]
acc: 0.751
f1: 0.242
[[1887   26]
 [  81   16]]
acc: 0.947
f1: 0.230
7,43,coarse : 11.07 seconds
7,43,fine : 11.08 seconds
[[1432  481]
 [  16   81]]
acc: 0.753
f1: 0.246
[[1888   25]
 [  81   16]]
acc: 0.947
f1: 0.232
7,44,coarse : 11.13 seconds
7,44,fine : 11.14 seconds
[[1430  483]
 [  16   81]]
acc: 0.752
f1: 0.245
[[1887   26]
 [  81   16]]
acc: 0.947
f1: 0.230
7,45,coarse : 11.69 seconds
7,45,fine : 11.69 seconds
[[1431  482]
 [  17   80]]
acc: 0.752
f1: 0.243
[[1885   28]
 [  81   16]]
acc: 0.946
f1: 0.227
7,46,coarse : 11.82 seconds
7,46,fine : 11.82 seconds
[[1438  475]
 [  18   79]]
acc: 0.755
f1: 0.243
[[1889   24]
 [  80   17]]
acc: 0.948
f1: 0.246
7,47,coarse : 11.96 seconds
7,47,fine : 11.97 seconds
[[1443  470]
 [  15   82]]
acc: 0.759
f1: 0.253
[[1889   24]
 [  80   17]]
acc: 0.948
f1: 0.246
7,48,coarse : 11.89 seconds
7,48,fine : 11.9 seconds
[[1429  484]
 [  17   80]]
acc: 0.751
f1: 0.242
[[1890   23]
 [  79   18]]
acc: 0.949
f1: 0.261
7,49,coarse : 12.39 seconds
7,49,fine : 12.4 seconds
[[1429  484]
 [  17   80]]
acc: 0.751
f1: 0.242
[[1890   23]
 [  76   21]]
acc: 0.951
f1: 0.298
7,50,coarse : 14.26 seconds
7,50,fine : 14.27 seconds
[[1429  484]
 [  17   80]]
acc: 0.751
f1: 0.242
[[1887   26]
 [  77   20]]
acc: 0.949
f1: 0.280
7,51,coarse : 12.81 seconds
7,51,fine : 12.81 seconds
[[1435  478]
 [  18   79]]
acc: 0.753
f1: 0.242
[[1887   26]
 [  76   21]]
acc: 0.949
f1: 0.292
7,52,coarse : 13.17 seconds
7,52,fine : 13.18 seconds
[[1440  473]
 [  19   78]]
acc: 0.755
f1: 0.241
[[1885   28]
 [  74   23]]
acc: 0.949
f1: 0.311
7,53,coarse : 13.44 seconds
7,53,fine : 13.46 seconds
[[1431  482]
 [  19   78]]
acc: 0.751
f1: 0.237
[[1885   28]
 [  76   21]]
acc: 0.948
f1: 0.288
7,54,coarse : 13.33 seconds
7,54,fine : 13.34 seconds
[[1438  475]
 [  19   78]]
acc: 0.754
f1: 0.240
[[1884   29]
 [  75   22]]
acc: 0.948
f1: 0.297
7,55,coarse : 13.5 seconds
7,55,fine : 13.5 seconds
[[1436  477]
 [  19   78]]
acc: 0.753
f1: 0.239
[[1883   30]
 [  75   22]]
acc: 0.948
f1: 0.295
7,56,coarse : 13.66 seconds
7,56,fine : 13.67 seconds
[[1432  481]
 [  19   78]]
acc: 0.751
f1: 0.238
[[1881   32]
 [  73   24]]
acc: 0.948
f1: 0.314
7,57,coarse : 14.3 seconds
7,57,fine : 14.3 seconds
[[1433  480]
 [  19   78]]
acc: 0.752
f1: 0.238
[[1882   31]
 [  73   24]]
acc: 0.948
f1: 0.316
7,58,coarse : 14.01 seconds
7,58,fine : 14.02 seconds
[[1433  480]
 [  20   77]]
acc: 0.751
f1: 0.235
[[1882   31]
 [  73   24]]
acc: 0.948
f1: 0.316
7,59,coarse : 14.67 seconds
7,59,fine : 14.67 seconds
[[1441  472]
 [  20   77]]
acc: 0.755
f1: 0.238
[[1882   31]
 [  73   24]]
acc: 0.948
f1: 0.316
7,60,coarse : 14.77 seconds
7,60,fine : 14.77 seconds
[[1443  470]
 [  20   77]]
acc: 0.756
f1: 0.239
[[1880   33]
 [  71   26]]
acc: 0.948
f1: 0.333
7,61,coarse : 14.76 seconds
7,61,fine : 14.76 seconds
[[1443  470]
 [  20   77]]
acc: 0.756
f1: 0.239
[[1880   33]
 [  68   29]]
acc: 0.950
f1: 0.365
7,62,coarse : 14.94 seconds
7,62,fine : 14.95 seconds
[[1450  463]
 [  20   77]]
acc: 0.760
f1: 0.242
[[1880   33]
 [  69   28]]
acc: 0.949
f1: 0.354
7,63,coarse : 15.11 seconds
7,63,fine : 15.13 seconds
[[1453  460]
 [  20   77]]
acc: 0.761
f1: 0.243
[[1881   32]
 [  71   26]]
acc: 0.949
f1: 0.335
7,64,coarse : 15.06 seconds
7,64,fine : 15.07 seconds
[[1452  461]
 [  20   77]]
acc: 0.761
f1: 0.243
[[1881   32]
 [  71   26]]
acc: 0.949
f1: 0.335
7,65,coarse : 15.47 seconds
7,65,fine : 15.48 seconds
[[1453  460]
 [  20   77]]
acc: 0.761
f1: 0.243
[[1882   31]
 [  71   26]]
acc: 0.949
f1: 0.338
7,66,coarse : 15.89 seconds
7,66,fine : 15.91 seconds
[[1444  469]
 [  18   79]]
acc: 0.758
f1: 0.245
[[1882   31]
 [  71   26]]
acc: 0.949
f1: 0.338
7,67,coarse : 16.23 seconds
7,67,fine : 16.25 seconds
[[1446  467]
 [  19   78]]
acc: 0.758
f1: 0.243
[[1881   32]
 [  72   25]]
acc: 0.948
f1: 0.325
7,68,coarse : 16.26 seconds
7,68,fine : 16.27 seconds
[[1452  461]
 [  19   78]]
acc: 0.761
f1: 0.245
[[1881   32]
 [  71   26]]
acc: 0.949
f1: 0.335
7,69,coarse : 16.76 seconds
7,69,fine : 16.77 seconds
[[1446  467]
 [  20   77]]
acc: 0.758
f1: 0.240
[[1880   33]
 [  71   26]]
acc: 0.948
f1: 0.333
7,70,coarse : 16.92 seconds
7,70,fine : 16.93 seconds
[[1448  465]
 [  20   77]]
acc: 0.759
f1: 0.241
[[1881   32]
 [  70   27]]
acc: 0.949
f1: 0.346
7,71,coarse : 16.97 seconds
7,71,fine : 16.99 seconds
[[1432  481]
 [  18   79]]
acc: 0.752
f1: 0.240
[[1881   32]
 [  70   27]]
acc: 0.949
f1: 0.346
7,72,coarse : 17.4 seconds
7,72,fine : 17.41 seconds
[[1431  482]
 [  17   80]]
acc: 0.752
f1: 0.243
[[1882   31]
 [  70   27]]
acc: 0.950
f1: 0.348
7,73,coarse : 17.18 seconds
7,73,fine : 17.19 seconds
[[1431  482]
 [  18   79]]
acc: 0.751
f1: 0.240
[[1882   31]
 [  71   26]]
acc: 0.949
f1: 0.338
7,74,coarse : 17.38 seconds
7,74,fine : 17.39 seconds
[[1429  484]
 [  17   80]]
acc: 0.751
f1: 0.242
[[1881   32]
 [  70   27]]
acc: 0.949
f1: 0.346
7,75,coarse : 17.61 seconds
7,75,fine : 17.62 seconds
[[1422  491]
 [  17   80]]
acc: 0.747
f1: 0.240
[[1878   35]
 [  67   30]]
acc: 0.949
f1: 0.370
7,76,coarse : 17.97 seconds
7,76,fine : 17.98 seconds
[[1421  492]
 [  17   80]]
acc: 0.747
f1: 0.239
[[1881   32]
 [  68   29]]
acc: 0.950
f1: 0.367
7,77,coarse : 18.09 seconds
7,77,fine : 18.1 seconds
[[1425  488]
 [  16   81]]
acc: 0.749
f1: 0.243
[[1881   32]
 [  68   29]]
acc: 0.950
f1: 0.367
7,78,coarse : 17.56 seconds
7,78,fine : 17.57 seconds
[[1421  492]
 [  16   81]]
acc: 0.747
f1: 0.242
[[1879   34]
 [  67   30]]
acc: 0.950
f1: 0.373
7,79,coarse : 18.12 seconds
7,79,fine : 18.13 seconds
[[1426  487]
 [  17   80]]
acc: 0.749
f1: 0.241
[[1880   33]
 [  65   32]]
acc: 0.951
f1: 0.395
7,80,coarse : 17.77 seconds
7,80,fine : 17.78 seconds
[[1426  487]
 [  18   79]]
acc: 0.749
f1: 0.238
[[1879   34]
 [  64   33]]
acc: 0.951
f1: 0.402
7,81,coarse : 17.99 seconds
7,81,fine : 17.99 seconds
[[1424  489]
 [  18   79]]
acc: 0.748
f1: 0.238
[[1878   35]
 [  64   33]]
acc: 0.951
f1: 0.400
7,82,coarse : 18.79 seconds
7,82,fine : 18.8 seconds
[[1426  487]
 [  18   79]]
acc: 0.749
f1: 0.238
[[1877   36]
 [  64   33]]
acc: 0.950
f1: 0.398
7,83,coarse : 18.4 seconds
7,83,fine : 18.41 seconds
[[1431  482]
 [  17   80]]
acc: 0.752
f1: 0.243
[[1877   36]
 [  64   33]]
acc: 0.950
f1: 0.398
7,84,coarse : 19.55 seconds
7,84,fine : 19.56 seconds
[[1427  486]
 [  17   80]]
acc: 0.750
f1: 0.241
[[1877   36]
 [  64   33]]
acc: 0.950
f1: 0.398
7,85,coarse : 19.46 seconds
7,85,fine : 19.46 seconds
[[1428  485]
 [  17   80]]
acc: 0.750
f1: 0.242
[[1875   38]
 [  63   34]]
acc: 0.950
f1: 0.402
7,86,coarse : 19.63 seconds
7,86,fine : 19.64 seconds
[[1429  484]
 [  17   80]]
acc: 0.751
f1: 0.242
[[1877   36]
 [  64   33]]
acc: 0.950
f1: 0.398
7,87,coarse : 20.13 seconds
7,87,fine : 20.14 seconds
[[1420  493]
 [  17   80]]
acc: 0.746
f1: 0.239
[[1878   35]
 [  64   33]]
acc: 0.951
f1: 0.400
7,88,coarse : 21.07 seconds
7,88,fine : 21.09 seconds
[[1420  493]
 [  17   80]]
acc: 0.746
f1: 0.239
[[1877   36]
 [  63   34]]
acc: 0.951
f1: 0.407
7,89,coarse : 20.84 seconds
7,89,fine : 20.85 seconds
[[1423  490]
 [  17   80]]
acc: 0.748
f1: 0.240
[[1878   35]
 [  62   35]]
acc: 0.952
f1: 0.419
7,90,coarse : 20.76 seconds
7,90,fine : 20.77 seconds
[[1425  488]
 [  17   80]]
acc: 0.749
f1: 0.241
[[1875   38]
 [  61   36]]
acc: 0.951
f1: 0.421
7,91,coarse : 20.65 seconds
7,91,fine : 20.66 seconds
[[1425  488]
 [  17   80]]
acc: 0.749
f1: 0.241
[[1875   38]
 [  60   37]]
acc: 0.951
f1: 0.430
7,92,coarse : 21.36 seconds
7,92,fine : 21.37 seconds
[[1429  484]
 [  17   80]]
acc: 0.751
f1: 0.242
[[1875   38]
 [  59   38]]
acc: 0.952
f1: 0.439
7,93,coarse : 21.91 seconds
7,93,fine : 21.93 seconds
[[1423  490]
 [  17   80]]
acc: 0.748
f1: 0.240
[[1874   39]
 [  58   39]]
acc: 0.952
f1: 0.446
7,94,coarse : 21.76 seconds
7,94,fine : 21.78 seconds
[[1424  489]
 [  17   80]]
acc: 0.748
f1: 0.240
[[1871   42]
 [  56   41]]
acc: 0.951
f1: 0.456
7,95,coarse : 22.12 seconds
7,95,fine : 22.14 seconds
[[1429  484]
 [  18   79]]
acc: 0.750
f1: 0.239
[[1869   44]
 [  56   41]]
acc: 0.950
f1: 0.451
7,96,coarse : 22.38 seconds
7,96,fine : 22.4 seconds
[[1425  488]
 [  18   79]]
acc: 0.748
f1: 0.238
[[1871   42]
 [  56   41]]
acc: 0.951
f1: 0.456
7,97,coarse : 22.69 seconds
7,97,fine : 22.7 seconds
[[1423  490]
 [  18   79]]
acc: 0.747
f1: 0.237
[[1868   45]
 [  56   41]]
acc: 0.950
f1: 0.448
7,98,coarse : 23.37 seconds
7,98,fine : 23.38 seconds
[[1419  494]
 [  18   79]]
acc: 0.745
f1: 0.236
[[1870   43]
 [  57   40]]
acc: 0.950
f1: 0.444
7,99,coarse : 23.67 seconds
7,99,fine : 23.68 seconds
[[1427  486]
 [  18   79]]
acc: 0.749
f1: 0.239
[[1868   45]
 [  57   40]]
acc: 0.949
f1: 0.440
7,100,coarse : 25.6 seconds
7,100,fine : 25.61 seconds
[[1423  490]
 [  18   79]]
acc: 0.747
f1: 0.237
[[1868   45]
 [  57   40]]
acc: 0.949
f1: 0.440
7,101,coarse : 24.0 seconds
7,101,fine : 24.01 seconds
[[1425  488]
 [  18   79]]
acc: 0.748
f1: 0.238
[[1869   44]
 [  56   41]]
acc: 0.950
f1: 0.451
7,102,coarse : 24.08 seconds
7,102,fine : 24.1 seconds
[[1425  488]
 [  18   79]]
acc: 0.748
f1: 0.238
[[1870   43]
 [  57   40]]
acc: 0.950
f1: 0.444
7,103,coarse : 24.64 seconds
7,103,fine : 24.66 seconds
[[1424  489]
 [  18   79]]
acc: 0.748
f1: 0.238
[[1871   42]
 [  57   40]]
acc: 0.951
f1: 0.447
7,104,coarse : 25.0 seconds
7,104,fine : 25.01 seconds
[[1422  491]
 [  18   79]]
acc: 0.747
f1: 0.237
[[1870   43]
 [  55   42]]
acc: 0.951
f1: 0.462
7,105,coarse : 24.76 seconds
7,105,fine : 24.77 seconds
[[1429  484]
 [  16   81]]
acc: 0.751
f1: 0.245
[[1871   42]
 [  55   42]]
acc: 0.952
f1: 0.464
7,106,coarse : 25.36 seconds
7,106,fine : 25.37 seconds
[[1432  481]
 [  16   81]]
acc: 0.753
f1: 0.246
[[1871   42]
 [  55   42]]
acc: 0.952
f1: 0.464
7,107,coarse : 25.48 seconds
7,107,fine : 25.49 seconds
[[1431  482]
 [  16   81]]
acc: 0.752
f1: 0.245
[[1874   39]
 [  56   41]]
acc: 0.953
f1: 0.463
7,108,coarse : 25.23 seconds
7,108,fine : 25.25 seconds
[[1429  484]
 [  15   82]]
acc: 0.752
f1: 0.247
[[1873   40]
 [  55   42]]
acc: 0.953
f1: 0.469
7,109,coarse : 25.93 seconds
7,109,fine : 25.95 seconds
[[1432  481]
 [  16   81]]
acc: 0.753
f1: 0.246
[[1873   40]
 [  55   42]]
acc: 0.953
f1: 0.469
7,110,coarse : 26.28 seconds
7,110,fine : 26.3 seconds
[[1431  482]
 [  15   82]]
acc: 0.753
f1: 0.248
[[1872   41]
 [  54   43]]
acc: 0.953
f1: 0.475
7,111,coarse : 26.44 seconds
7,111,fine : 26.46 seconds
[[1438  475]
 [  16   81]]
acc: 0.756
f1: 0.248
[[1867   46]
 [  55   42]]
acc: 0.950
f1: 0.454
7,112,coarse : 26.65 seconds
7,112,fine : 26.66 seconds
[[1435  478]
 [  17   80]]
acc: 0.754
f1: 0.244
[[1869   44]
 [  54   43]]
acc: 0.951
f1: 0.467
7,113,coarse : 26.45 seconds
7,113,fine : 26.47 seconds
[[1439  474]
 [  17   80]]
acc: 0.756
f1: 0.246
[[1868   45]
 [  54   43]]
acc: 0.951
f1: 0.465
7,114,coarse : 26.32 seconds
7,114,fine : 26.33 seconds
[[1437  476]
 [  16   81]]
acc: 0.755
f1: 0.248
[[1868   45]
 [  56   41]]
acc: 0.950
f1: 0.448
7,115,coarse : 26.72 seconds
7,115,fine : 26.74 seconds
[[1439  474]
 [  16   81]]
acc: 0.756
f1: 0.248
[[1867   46]
 [  55   42]]
acc: 0.950
f1: 0.454
7,116,coarse : 26.8 seconds
7,116,fine : 26.81 seconds
[[1441  472]
 [  16   81]]
acc: 0.757
f1: 0.249
[[1865   48]
 [  54   43]]
acc: 0.949
f1: 0.457
7,117,coarse : 27.28 seconds
7,117,fine : 27.3 seconds
[[1444  469]
 [  16   81]]
acc: 0.759
f1: 0.250
[[1867   46]
 [  54   43]]
acc: 0.950
f1: 0.462
7,118,coarse : 28.27 seconds
7,118,fine : 28.28 seconds
[[1441  472]
 [  16   81]]
acc: 0.757
f1: 0.249
[[1867   46]
 [  54   43]]
acc: 0.950
f1: 0.462
7,119,coarse : 27.6 seconds
7,119,fine : 27.61 seconds
[[1441  472]
 [  16   81]]
acc: 0.757
f1: 0.249
[[1867   46]
 [  54   43]]
acc: 0.950
f1: 0.462
7,120,coarse : 27.83 seconds
7,120,fine : 27.84 seconds
[[1447  466]
 [  17   80]]
acc: 0.760
f1: 0.249
[[1867   46]
 [  54   43]]
acc: 0.950
f1: 0.462
7,121,coarse : 28.41 seconds
7,121,fine : 28.42 seconds
[[1448  465]
 [  17   80]]
acc: 0.760
f1: 0.249
[[1866   47]
 [  55   42]]
acc: 0.949
f1: 0.452
7,122,coarse : 27.7 seconds
7,122,fine : 27.71 seconds
[[1447  466]
 [  18   79]]
acc: 0.759
f1: 0.246
[[1865   48]
 [  55   42]]
acc: 0.949
f1: 0.449
7,123,coarse : 27.74 seconds
7,123,fine : 27.76 seconds
[[1448  465]
 [  18   79]]
acc: 0.760
f1: 0.246
[[1866   47]
 [  56   41]]
acc: 0.949
f1: 0.443
7,124,coarse : 27.71 seconds
7,124,fine : 27.73 seconds
[[1450  463]
 [  18   79]]
acc: 0.761
f1: 0.247
[[1865   48]
 [  56   41]]
acc: 0.948
f1: 0.441
7,125,coarse : 28.35 seconds
7,125,fine : 28.37 seconds
[[1446  467]
 [  17   80]]
acc: 0.759
f1: 0.248
[[1867   46]
 [  57   40]]
acc: 0.949
f1: 0.437
7,126,coarse : 28.41 seconds
7,126,fine : 28.43 seconds
[[1452  461]
 [  15   82]]
acc: 0.763
f1: 0.256
[[1866   47]
 [  57   40]]
acc: 0.948
f1: 0.435
7,127,coarse : 29.13 seconds
7,127,fine : 29.14 seconds
[[1452  461]
 [  18   79]]
acc: 0.762
f1: 0.248
[[1866   47]
 [  55   42]]
acc: 0.949
f1: 0.452
7,128,coarse : 30.4 seconds
7,128,fine : 30.41 seconds
[[1447  466]
 [  18   79]]
acc: 0.759
f1: 0.246
[[1866   47]
 [  56   41]]
acc: 0.949
f1: 0.443
7,129,coarse : 30.77 seconds
7,129,fine : 30.79 seconds
[[1443  470]
 [  17   80]]
acc: 0.758
f1: 0.247
[[1867   46]
 [  58   39]]
acc: 0.948
f1: 0.429
7,130,coarse : 31.01 seconds
7,130,fine : 31.02 seconds
[[1443  470]
 [  16   81]]
acc: 0.758
f1: 0.250
[[1866   47]
 [  56   41]]
acc: 0.949
f1: 0.443
7,131,coarse : 31.23 seconds
7,131,fine : 31.25 seconds
[[1443  470]
 [  17   80]]
acc: 0.758
f1: 0.247
[[1867   46]
 [  56   41]]
acc: 0.949
f1: 0.446
7,132,coarse : 31.32 seconds
7,132,fine : 31.34 seconds
[[1444  469]
 [  18   79]]
acc: 0.758
f1: 0.245
[[1866   47]
 [  56   41]]
acc: 0.949
f1: 0.443
7,133,coarse : 30.3 seconds
7,133,fine : 30.31 seconds
[[1450  463]
 [  17   80]]
acc: 0.761
f1: 0.250
[[1867   46]
 [  56   41]]
acc: 0.949
f1: 0.446
7,134,coarse : 30.92 seconds
7,134,fine : 30.94 seconds
[[1445  468]
 [  17   80]]
acc: 0.759
f1: 0.248
[[1866   47]
 [  56   41]]
acc: 0.949
f1: 0.443
7,135,coarse : 31.96 seconds
7,135,fine : 31.98 seconds
[[1445  468]
 [  17   80]]
acc: 0.759
f1: 0.248
[[1867   46]
 [  55   42]]
acc: 0.950
f1: 0.454
7,136,coarse : 31.51 seconds
7,136,fine : 31.53 seconds
[[1445  468]
 [  17   80]]
acc: 0.759
f1: 0.248
[[1864   49]
 [  56   41]]
acc: 0.948
f1: 0.439
7,137,coarse : 31.91 seconds
7,137,fine : 31.92 seconds
[[1449  464]
 [  18   79]]
acc: 0.760
f1: 0.247
[[1865   48]
 [  56   41]]
acc: 0.948
f1: 0.441
7,138,coarse : 31.7 seconds
7,138,fine : 31.72 seconds
[[1450  463]
 [  15   82]]
acc: 0.762
f1: 0.255
[[1865   48]
 [  56   41]]
acc: 0.948
f1: 0.441
7,139,coarse : 32.21 seconds
7,139,fine : 32.23 seconds
[[1454  459]
 [  15   82]]
acc: 0.764
f1: 0.257
[[1865   48]
 [  56   41]]
acc: 0.948
f1: 0.441
7,140,coarse : 33.14 seconds
7,140,fine : 33.15 seconds
[[1455  458]
 [  15   82]]
acc: 0.765
f1: 0.257
[[1866   47]
 [  56   41]]
acc: 0.949
f1: 0.443
7,141,coarse : 33.09 seconds
7,141,fine : 33.1 seconds
[[1456  457]
 [  15   82]]
acc: 0.765
f1: 0.258
[[1865   48]
 [  57   40]]
acc: 0.948
f1: 0.432
7,142,coarse : 32.53 seconds
7,142,fine : 32.54 seconds
[[1456  457]
 [  17   80]]
acc: 0.764
f1: 0.252
[[1866   47]
 [  57   40]]
acc: 0.948
f1: 0.435
7,143,coarse : 33.52 seconds
7,143,fine : 33.54 seconds
[[1449  464]
 [  15   82]]
acc: 0.762
f1: 0.255
[[1866   47]
 [  57   40]]
acc: 0.948
f1: 0.435
7,144,coarse : 33.88 seconds
7,144,fine : 33.9 seconds
[[1441  472]
 [  14   83]]
acc: 0.758
f1: 0.255
[[1866   47]
 [  57   40]]
acc: 0.948
f1: 0.435
7,145,coarse : 34.3 seconds
7,145,fine : 34.31 seconds
[[1440  473]
 [  14   83]]
acc: 0.758
f1: 0.254
[[1866   47]
 [  56   41]]
acc: 0.949
f1: 0.443
7,146,coarse : 34.85 seconds
7,146,fine : 34.86 seconds
[[1432  481]
 [  14   83]]
acc: 0.754
f1: 0.251
[[1868   45]
 [  56   41]]
acc: 0.950
f1: 0.448
7,147,coarse : 34.24 seconds
7,147,fine : 34.25 seconds
[[1435  478]
 [  15   82]]
acc: 0.755
f1: 0.250
[[1867   46]
 [  55   42]]
acc: 0.950
f1: 0.454
7,148,coarse : 34.08 seconds
7,148,fine : 34.1 seconds
[[1442  471]
 [  16   81]]
acc: 0.758
f1: 0.250
[[1866   47]
 [  55   42]]
acc: 0.949
f1: 0.452
7,149,coarse : 35.25 seconds
7,149,fine : 35.27 seconds
[[1443  470]
 [  17   80]]
acc: 0.758
f1: 0.247
[[1866   47]
 [  55   42]]
acc: 0.949
f1: 0.452
7,150,coarse : 37.77 seconds
7,150,fine : 37.78 seconds
[[1445  468]
 [  16   81]]
acc: 0.759
f1: 0.251
[[1865   48]
 [  55   42]]
acc: 0.949
f1: 0.449
7,151,coarse : 35.46 seconds
7,151,fine : 35.48 seconds
[[1447  466]
 [  16   81]]
acc: 0.760
f1: 0.252
[[1864   49]
 [  55   42]]
acc: 0.948
f1: 0.447
7,152,coarse : 35.68 seconds
7,152,fine : 35.7 seconds
[[1439  474]
 [  17   80]]
acc: 0.756
f1: 0.246
[[1864   49]
 [  55   42]]
acc: 0.948
f1: 0.447
7,153,coarse : 36.63 seconds
7,153,fine : 36.65 seconds
[[1439  474]
 [  17   80]]
acc: 0.756
f1: 0.246
[[1865   48]
 [  54   43]]
acc: 0.949
f1: 0.457
7,154,coarse : 36.45 seconds
7,154,fine : 36.46 seconds
[[1436  477]
 [  17   80]]
acc: 0.754
f1: 0.245
[[1864   49]
 [  54   43]]
acc: 0.949
f1: 0.455
7,155,coarse : 36.61 seconds
7,155,fine : 36.62 seconds
[[1437  476]
 [  17   80]]
acc: 0.755
f1: 0.245
[[1864   49]
 [  55   42]]
acc: 0.948
f1: 0.447
7,156,coarse : 37.57 seconds
7,156,fine : 37.59 seconds
[[1435  478]
 [  17   80]]
acc: 0.754
f1: 0.244
[[1864   49]
 [  55   42]]
acc: 0.948
f1: 0.447
7,157,coarse : 37.27 seconds
7,157,fine : 37.28 seconds
[[1433  480]
 [  17   80]]
acc: 0.753
f1: 0.244
[[1864   49]
 [  55   42]]
acc: 0.948
f1: 0.447
7,158,coarse : 37.85 seconds
7,158,fine : 37.87 seconds
[[1436  477]
 [  17   80]]
acc: 0.754
f1: 0.245
[[1863   50]
 [  57   40]]
acc: 0.947
f1: 0.428
7,159,coarse : 38.04 seconds
7,159,fine : 38.06 seconds
[[1436  477]
 [  18   79]]
acc: 0.754
f1: 0.242
[[1865   48]
 [  56   41]]
acc: 0.948
f1: 0.441
7,160,coarse : 38.05 seconds
7,160,fine : 38.07 seconds
[[1436  477]
 [  18   79]]
acc: 0.754
f1: 0.242
[[1867   46]
 [  57   40]]
acc: 0.949
f1: 0.437
7,161,coarse : 38.58 seconds
7,161,fine : 38.6 seconds
[[1432  481]
 [  18   79]]
acc: 0.752
f1: 0.240
[[1866   47]
 [  56   41]]
acc: 0.949
f1: 0.443
7,162,coarse : 38.66 seconds
7,162,fine : 38.67 seconds
[[1435  478]
 [  18   79]]
acc: 0.753
f1: 0.242
[[1864   49]
 [  56   41]]
acc: 0.948
f1: 0.439
7,163,coarse : 39.5 seconds
7,163,fine : 39.52 seconds
[[1434  479]
 [  18   79]]
acc: 0.753
f1: 0.241
[[1864   49]
 [  56   41]]
acc: 0.948
f1: 0.439
7,164,coarse : 39.65 seconds
7,164,fine : 39.67 seconds
[[1436  477]
 [  18   79]]
acc: 0.754
f1: 0.242
[[1863   50]
 [  56   41]]
acc: 0.947
f1: 0.436
7,165,coarse : 39.65 seconds
7,165,fine : 39.67 seconds
[[1433  480]
 [  18   79]]
acc: 0.752
f1: 0.241
[[1861   52]
 [  56   41]]
acc: 0.946
f1: 0.432
7,166,coarse : 39.68 seconds
7,166,fine : 39.7 seconds
[[1440  473]
 [  18   79]]
acc: 0.756
f1: 0.243
[[1860   53]
 [  57   40]]
acc: 0.945
f1: 0.421
7,167,coarse : 39.89 seconds
7,167,fine : 39.9 seconds
[[1443  470]
 [  18   79]]
acc: 0.757
f1: 0.245
[[1862   51]
 [  57   40]]
acc: 0.946
f1: 0.426
7,168,coarse : 40.22 seconds
7,168,fine : 40.24 seconds
[[1439  474]
 [  18   79]]
acc: 0.755
f1: 0.243
[[1862   51]
 [  57   40]]
acc: 0.946
f1: 0.426
7,169,coarse : 40.76 seconds
7,169,fine : 40.77 seconds
[[1440  473]
 [  18   79]]
acc: 0.756
f1: 0.243
[[1862   51]
 [  57   40]]
acc: 0.946
f1: 0.426
7,170,coarse : 38.58 seconds
7,170,fine : 38.6 seconds
[[1441  472]
 [  18   79]]
acc: 0.756
f1: 0.244
[[1862   51]
 [  55   42]]
acc: 0.947
f1: 0.442
7,171,coarse : 38.04 seconds
7,171,fine : 38.05 seconds
[[1442  471]
 [  17   80]]
acc: 0.757
f1: 0.247
[[1862   51]
 [  54   43]]
acc: 0.948
f1: 0.450
7,172,coarse : 37.52 seconds
7,172,fine : 37.54 seconds
