all           0      1    2    3    4    5    6    7    8    
1      2010   1914   1    19   32   19   1    11   6    7    
2      2010   1914   1    19   32   19   1    11   6    7    
3      2010   1914   1    19   32   19   1    11   5    8    
4      2010   1914   1    19   32   19   1    10   6    8    
5      2010   1914   1    18   33   19   1    10   6    8    
6      2010   1914   1    18   33   19   1    10   6    8    
7      2010   1913   2    18   33   19   1    10   6    8    
8      2010   1913   2    18   33   19   1    10   6    8    
9      2009   1913   2    18   32   19   2    10   6    7    
10     2009   1913   1    19   32   19   1    11   6    7    
Total  20098  19136  13   185  324  190  11   104  59   76   
train         0      1    2    3    4    5    6    7    8    
1      2010   1914   1    19   32   19   1    11   6    7    
2      2010   1914   1    19   32   19   1    11   6    7    
3      2010   1914   1    19   32   19   1    11   5    8    
4      2010   1914   1    19   32   19   1    10   6    8    
5      2010   1914   1    18   33   19   1    10   6    8    
6      2010   1914   1    18   33   19   1    10   6    8    
7      2010   1913   2    18   33   19   1    10   6    8    
8      2010   1913   2    18   33   19   1    10   6    8    
10     2009   1913   1    19   32   19   1    11   6    7    
Total  18089  17223  11   167  292  171  9    94   53   69   
test          0      1    2    3    4    5    6    7    8    
9      2009   1913   2    18   32   19   2    10   6    7    
Total  2009   1913   2    18   32   19   2    10   6    7    
train_mod     0      1    2    3    4    5    6    7    8    
1      2011   1914   1    19   32   19   2    11   6    7    
2      2010   1914   1    19   32   19   1    11   6    7    
3      2010   1914   1    19   32   19   1    11   5    8    
4      2010   1914   1    19   32   19   1    10   6    8    
5      2010   1914   1    18   33   19   1    10   6    8    
6      2010   1914   1    18   33   19   1    10   6    8    
7      2010   1913   2    18   33   19   1    10   6    8    
8      2010   1913   2    18   33   19   1    10   6    8    
10     2009   1913   1    19   32   19   1    11   6    7    
Total  18090  17223  11   167  292  171  10   94   53   69   
test_mod      0      1    2    3    4    5    6    7    8    
9      2008   1913   2    18   32   19   1    10   6    7    
Total  2008   1913   2    18   32   19   1    10   6    7    
Classes             
0         17223     
1         11        
2         167       
3         292       
4         171       
5         10        
6         94        
7         53        
8         69        
Total     18090     

Shape: 450       

[952, 10, 11, 16, 11, 10, 10, 10, 10]
Sum start => 1040
[[1171  742]
 [  13   82]]
acc: 0.624
f1: 0.178
[[1889   24]
 [  82   13]]
acc: 0.947
f1: 0.197
9,1,coarse : 32.24 seconds
9,1,fine : 32.24 seconds
[[1171  742]
 [  13   82]]
acc: 0.624
f1: 0.178
[[1889   24]
 [  82   13]]
acc: 0.947
f1: 0.197
9,2,coarse : 33.56 seconds
9,2,fine : 33.56 seconds
[[1214  699]
 [  14   81]]
acc: 0.645
f1: 0.185
[[1893   20]
 [  82   13]]
acc: 0.949
f1: 0.203
9,3,coarse : 3.7 seconds
9,3,fine : 3.7 seconds
[[1219  694]
 [  15   80]]
acc: 0.647
f1: 0.184
[[1895   18]
 [  82   13]]
acc: 0.950
f1: 0.206
9,4,coarse : 3.93 seconds
9,4,fine : 3.93 seconds
[[1227  686]
 [  16   79]]
acc: 0.650
f1: 0.184
[[1899   14]
 [  82   13]]
acc: 0.952
f1: 0.213
9,5,coarse : 4.06 seconds
9,5,fine : 4.06 seconds
[[1234  679]
 [  15   80]]
acc: 0.654
f1: 0.187
[[1903   10]
 [  84   11]]
acc: 0.953
f1: 0.190
9,6,coarse : 4.15 seconds
9,6,fine : 4.15 seconds
[[1248  665]
 [  15   80]]
acc: 0.661
f1: 0.190
[[1903   10]
 [  84   11]]
acc: 0.953
f1: 0.190
9,7,coarse : 4.31 seconds
9,7,fine : 4.4 seconds
[[1245  668]
 [  17   78]]
acc: 0.659
f1: 0.185
[[1904    9]
 [  85   10]]
acc: 0.953
f1: 0.175
9,8,coarse : 4.41 seconds
9,8,fine : 4.41 seconds
[[1260  653]
 [  19   76]]
acc: 0.665
f1: 0.184
[[1904    9]
 [  86    9]]
acc: 0.953
f1: 0.159
9,9,coarse : 4.7 seconds
9,9,fine : 4.7 seconds
[[1261  652]
 [  16   79]]
acc: 0.667
f1: 0.191
[[1905    8]
 [  83   12]]
acc: 0.955
f1: 0.209
9,10,coarse : 4.66 seconds
9,10,fine : 4.66 seconds
[[1269  644]
 [  19   76]]
acc: 0.670
f1: 0.187
[[1904    9]
 [  83   12]]
acc: 0.954
f1: 0.207
9,11,coarse : 4.92 seconds
9,11,fine : 4.93 seconds
[[1286  627]
 [  19   76]]
acc: 0.678
f1: 0.190
[[1898   15]
 [  83   12]]
acc: 0.951
f1: 0.197
9,12,coarse : 4.99 seconds
9,12,fine : 5.0 seconds
[[1302  611]
 [  20   75]]
acc: 0.686
f1: 0.192
[[1902   11]
 [  83   12]]
acc: 0.953
f1: 0.203
9,13,coarse : 5.18 seconds
9,13,fine : 5.19 seconds
[[1289  624]
 [  18   77]]
acc: 0.680
f1: 0.193
[[1901   12]
 [  83   12]]
acc: 0.953
f1: 0.202
9,14,coarse : 5.42 seconds
9,14,fine : 5.42 seconds
[[1291  622]
 [  20   75]]
acc: 0.680
f1: 0.189
[[1902   11]
 [  84   11]]
acc: 0.953
f1: 0.188
9,15,coarse : 5.45 seconds
9,15,fine : 5.46 seconds
[[1295  618]
 [  19   76]]
acc: 0.683
f1: 0.193
[[1900   13]
 [  84   11]]
acc: 0.952
f1: 0.185
9,16,coarse : 5.65 seconds
9,16,fine : 5.65 seconds
[[1305  608]
 [  20   75]]
acc: 0.687
f1: 0.193
[[1899   14]
 [  84   11]]
acc: 0.951
f1: 0.183
9,17,coarse : 5.57 seconds
9,17,fine : 5.58 seconds
[[1306  607]
 [  20   75]]
acc: 0.688
f1: 0.193
[[1898   15]
 [  83   12]]
acc: 0.951
f1: 0.197
9,18,coarse : 5.75 seconds
9,18,fine : 5.76 seconds
[[1311  602]
 [  20   75]]
acc: 0.690
f1: 0.194
[[1896   17]
 [  81   14]]
acc: 0.951
f1: 0.222
9,19,coarse : 6.0 seconds
9,19,fine : 6.0 seconds
[[1307  606]
 [  20   75]]
acc: 0.688
f1: 0.193
[[1896   17]
 [  82   13]]
acc: 0.951
f1: 0.208
9,20,coarse : 6.14 seconds
9,20,fine : 6.15 seconds
[[1318  595]
 [  20   75]]
acc: 0.694
f1: 0.196
[[1897   16]
 [  79   16]]
acc: 0.953
f1: 0.252
9,21,coarse : 6.22 seconds
9,21,fine : 6.22 seconds
[[1327  586]
 [  20   75]]
acc: 0.698
f1: 0.198
[[1897   16]
 [  80   15]]
acc: 0.952
f1: 0.238
9,22,coarse : 6.42 seconds
9,22,fine : 6.43 seconds
[[1340  573]
 [  22   73]]
acc: 0.704
f1: 0.197
[[1897   16]
 [  78   17]]
acc: 0.953
f1: 0.266
9,23,coarse : 6.61 seconds
9,23,fine : 6.62 seconds
[[1342  571]
 [  21   74]]
acc: 0.705
f1: 0.200
[[1897   16]
 [  77   18]]
acc: 0.954
f1: 0.279
9,24,coarse : 6.94 seconds
9,24,fine : 6.95 seconds
[[1339  574]
 [  20   75]]
acc: 0.704
f1: 0.202
[[1896   17]
 [  78   17]]
acc: 0.953
f1: 0.264
9,25,coarse : 6.95 seconds
9,25,fine : 6.96 seconds
[[1345  568]
 [  20   75]]
acc: 0.707
f1: 0.203
[[1896   17]
 [  77   18]]
acc: 0.953
f1: 0.277
9,26,coarse : 7.84 seconds
9,26,fine : 7.85 seconds
[[1334  579]
 [  22   73]]
acc: 0.701
f1: 0.195
[[1897   16]
 [  76   19]]
acc: 0.954
f1: 0.292
9,27,coarse : 8.17 seconds
9,27,fine : 8.18 seconds
[[1345  568]
 [  22   73]]
acc: 0.706
f1: 0.198
[[1896   17]
 [  74   21]]
acc: 0.955
f1: 0.316
9,28,coarse : 8.05 seconds
9,28,fine : 8.06 seconds
[[1354  559]
 [  22   73]]
acc: 0.711
f1: 0.201
[[1895   18]
 [  75   20]]
acc: 0.954
f1: 0.301
9,29,coarse : 8.37 seconds
9,29,fine : 8.38 seconds
[[1352  561]
 [  22   73]]
acc: 0.710
f1: 0.200
[[1895   18]
 [  73   22]]
acc: 0.955
f1: 0.326
9,30,coarse : 8.59 seconds
9,30,fine : 8.59 seconds
[[1348  565]
 [  21   74]]
acc: 0.708
f1: 0.202
[[1897   16]
 [  73   22]]
acc: 0.956
f1: 0.331
9,31,coarse : 8.84 seconds
9,31,fine : 8.84 seconds
[[1351  562]
 [  20   75]]
acc: 0.710
f1: 0.205
[[1893   20]
 [  73   22]]
acc: 0.954
f1: 0.321
9,32,coarse : 8.96 seconds
9,32,fine : 8.96 seconds
[[1351  562]
 [  21   74]]
acc: 0.710
f1: 0.202
[[1895   18]
 [  73   22]]
acc: 0.955
f1: 0.326
9,33,coarse : 8.96 seconds
9,33,fine : 8.96 seconds
[[1347  566]
 [  18   77]]
acc: 0.709
f1: 0.209
[[1896   17]
 [  71   24]]
acc: 0.956
f1: 0.353
9,34,coarse : 9.05 seconds
9,34,fine : 9.06 seconds
[[1354  559]
 [  16   79]]
acc: 0.714
f1: 0.216
[[1892   21]
 [  71   24]]
acc: 0.954
f1: 0.343
9,35,coarse : 9.44 seconds
9,35,fine : 9.44 seconds
[[1348  565]
 [  16   79]]
acc: 0.711
f1: 0.214
[[1891   22]
 [  71   24]]
acc: 0.954
f1: 0.340
9,36,coarse : 9.66 seconds
9,36,fine : 9.66 seconds
[[1353  560]
 [  18   77]]
acc: 0.712
f1: 0.210
[[1888   25]
 [  71   24]]
acc: 0.952
f1: 0.333
9,37,coarse : 10.0 seconds
9,37,fine : 10.0 seconds
[[1354  559]
 [  19   76]]
acc: 0.712
f1: 0.208
[[1884   29]
 [  70   25]]
acc: 0.951
f1: 0.336
9,38,coarse : 10.36 seconds
9,38,fine : 10.36 seconds
[[1363  550]
 [  20   75]]
acc: 0.716
f1: 0.208
[[1886   27]
 [  69   26]]
acc: 0.952
f1: 0.351
9,39,coarse : 10.26 seconds
9,39,fine : 10.27 seconds
[[1356  557]
 [  18   77]]
acc: 0.714
f1: 0.211
[[1884   29]
 [  69   26]]
acc: 0.951
f1: 0.347
9,40,coarse : 11.19 seconds
9,40,fine : 11.19 seconds
[[1363  550]
 [  18   77]]
acc: 0.717
f1: 0.213
[[1885   28]
 [  70   25]]
acc: 0.951
f1: 0.338
9,41,coarse : 11.44 seconds
9,41,fine : 11.44 seconds
[[1372  541]
 [  18   77]]
acc: 0.722
f1: 0.216
[[1884   29]
 [  68   27]]
acc: 0.952
f1: 0.358
9,42,coarse : 11.32 seconds
9,42,fine : 11.33 seconds
[[1371  542]
 [  18   77]]
acc: 0.721
f1: 0.216
[[1881   32]
 [  68   27]]
acc: 0.950
f1: 0.351
9,43,coarse : 11.64 seconds
9,43,fine : 11.65 seconds
[[1373  540]
 [  19   76]]
acc: 0.722
f1: 0.214
[[1884   29]
 [  67   28]]
acc: 0.952
f1: 0.368
9,44,coarse : 11.89 seconds
9,44,fine : 11.89 seconds
[[1378  535]
 [  19   76]]
acc: 0.724
f1: 0.215
[[1881   32]
 [  67   28]]
acc: 0.951
f1: 0.361
9,45,coarse : 11.42 seconds
9,45,fine : 11.43 seconds
[[1379  534]
 [  19   76]]
acc: 0.725
f1: 0.216
[[1881   32]
 [  66   29]]
acc: 0.951
f1: 0.372
9,46,coarse : 12.22 seconds
9,46,fine : 12.23 seconds
[[1385  528]
 [  18   77]]
acc: 0.728
f1: 0.220
[[1881   32]
 [  63   32]]
acc: 0.953
f1: 0.403
9,47,coarse : 12.15 seconds
9,47,fine : 12.15 seconds
[[1380  533]
 [  20   75]]
acc: 0.725
f1: 0.213
[[1880   33]
 [  64   31]]
acc: 0.952
f1: 0.390
9,48,coarse : 12.2 seconds
9,48,fine : 12.21 seconds
[[1371  542]
 [  20   75]]
acc: 0.720
f1: 0.211
[[1879   34]
 [  63   32]]
acc: 0.952
f1: 0.398
9,49,coarse : 12.47 seconds
9,49,fine : 12.47 seconds
[[1378  535]
 [  19   76]]
acc: 0.724
f1: 0.215
[[1879   34]
 [  63   32]]
acc: 0.952
f1: 0.398
9,50,coarse : 14.77 seconds
9,50,fine : 14.78 seconds
[[1379  534]
 [  19   76]]
acc: 0.725
f1: 0.216
[[1878   35]
 [  64   31]]
acc: 0.951
f1: 0.385
9,51,coarse : 12.87 seconds
9,51,fine : 12.88 seconds
[[1372  541]
 [  20   75]]
acc: 0.721
f1: 0.211
[[1876   37]
 [  63   32]]
acc: 0.950
f1: 0.390
9,52,coarse : 13.08 seconds
9,52,fine : 13.09 seconds
[[1374  539]
 [  17   78]]
acc: 0.723
f1: 0.219
[[1877   36]
 [  63   32]]
acc: 0.951
f1: 0.393
9,53,coarse : 13.36 seconds
9,53,fine : 13.36 seconds
[[1372  541]
 [  16   79]]
acc: 0.723
f1: 0.221
[[1878   35]
 [  63   32]]
acc: 0.951
f1: 0.395
9,54,coarse : 13.57 seconds
9,54,fine : 13.58 seconds
[[1371  542]
 [  16   79]]
acc: 0.722
f1: 0.221
[[1876   37]
 [  62   33]]
acc: 0.951
f1: 0.400
9,55,coarse : 13.8 seconds
9,55,fine : 13.81 seconds
[[1375  538]
 [  17   78]]
acc: 0.724
f1: 0.219
[[1876   37]
 [  61   34]]
acc: 0.951
f1: 0.410
9,56,coarse : 14.02 seconds
9,56,fine : 14.02 seconds
[[1380  533]
 [  18   77]]
acc: 0.726
f1: 0.218
[[1874   39]
 [  62   33]]
acc: 0.950
f1: 0.395
9,57,coarse : 14.3 seconds
9,57,fine : 14.31 seconds
[[1377  536]
 [  18   77]]
acc: 0.724
f1: 0.218
[[1875   38]
 [  61   34]]
acc: 0.951
f1: 0.407
9,58,coarse : 14.45 seconds
9,58,fine : 14.46 seconds
[[1379  534]
 [  18   77]]
acc: 0.725
f1: 0.218
[[1873   40]
 [  60   35]]
acc: 0.950
f1: 0.412
9,59,coarse : 14.67 seconds
9,59,fine : 14.67 seconds
[[1380  533]
 [  18   77]]
acc: 0.726
f1: 0.218
[[1875   38]
 [  61   34]]
acc: 0.951
f1: 0.407
9,60,coarse : 14.9 seconds
9,60,fine : 14.91 seconds
[[1376  537]
 [  18   77]]
acc: 0.724
f1: 0.217
[[1873   40]
 [  61   34]]
acc: 0.950
f1: 0.402
9,61,coarse : 14.76 seconds
9,61,fine : 14.77 seconds
[[1379  534]
 [  18   77]]
acc: 0.725
f1: 0.218
[[1871   42]
 [  60   35]]
acc: 0.949
f1: 0.407
9,62,coarse : 15.16 seconds
9,62,fine : 15.17 seconds
[[1381  532]
 [  18   77]]
acc: 0.726
f1: 0.219
[[1867   46]
 [  59   36]]
acc: 0.948
f1: 0.407
9,63,coarse : 15.39 seconds
9,63,fine : 15.39 seconds
[[1388  525]
 [  18   77]]
acc: 0.730
f1: 0.221
[[1866   47]
 [  60   35]]
acc: 0.947
f1: 0.395
9,64,coarse : 15.89 seconds
9,64,fine : 15.9 seconds
[[1386  527]
 [  18   77]]
acc: 0.729
f1: 0.220
[[1869   44]
 [  60   35]]
acc: 0.948
f1: 0.402
9,65,coarse : 15.69 seconds
9,65,fine : 15.7 seconds
[[1387  526]
 [  19   76]]
acc: 0.729
f1: 0.218
[[1869   44]
 [  61   34]]
acc: 0.948
f1: 0.393
9,66,coarse : 16.29 seconds
9,66,fine : 16.3 seconds
[[1388  525]
 [  19   76]]
acc: 0.729
f1: 0.218
[[1867   46]
 [  61   34]]
acc: 0.947
f1: 0.389
9,67,coarse : 16.32 seconds
9,67,fine : 16.33 seconds
[[1380  533]
 [  19   76]]
acc: 0.725
f1: 0.216
[[1864   49]
 [  60   35]]
acc: 0.946
f1: 0.391
9,68,coarse : 16.8 seconds
9,68,fine : 16.81 seconds
[[1381  532]
 [  19   76]]
acc: 0.726
f1: 0.216
[[1864   49]
 [  60   35]]
acc: 0.946
f1: 0.391
9,69,coarse : 16.51 seconds
9,69,fine : 16.51 seconds
[[1388  525]
 [  20   75]]
acc: 0.729
f1: 0.216
[[1865   48]
 [  59   36]]
acc: 0.947
f1: 0.402
9,70,coarse : 16.73 seconds
9,70,fine : 16.75 seconds
[[1393  520]
 [  19   76]]
acc: 0.732
f1: 0.220
[[1863   50]
 [  59   36]]
acc: 0.946
f1: 0.398
9,71,coarse : 16.66 seconds
9,71,fine : 16.67 seconds
[[1393  520]
 [  20   75]]
acc: 0.731
f1: 0.217
[[1866   47]
 [  59   36]]
acc: 0.947
f1: 0.404
9,72,coarse : 16.79 seconds
9,72,fine : 16.8 seconds
[[1395  518]
 [  18   77]]
acc: 0.733
f1: 0.223
[[1867   46]
 [  59   36]]
acc: 0.948
f1: 0.407
9,73,coarse : 17.68 seconds
9,73,fine : 17.7 seconds
[[1401  512]
 [  18   77]]
acc: 0.736
f1: 0.225
[[1866   47]
 [  58   37]]
acc: 0.948
f1: 0.413
9,74,coarse : 17.65 seconds
9,74,fine : 17.67 seconds
[[1390  523]
 [  17   78]]
acc: 0.731
f1: 0.224
[[1867   46]
 [  58   37]]
acc: 0.948
f1: 0.416
9,75,coarse : 17.66 seconds
9,75,fine : 17.68 seconds
[[1384  529]
 [  15   80]]
acc: 0.729
f1: 0.227
[[1868   45]
 [  57   38]]
acc: 0.949
f1: 0.427
9,76,coarse : 17.79 seconds
9,76,fine : 17.8 seconds
[[1390  523]
 [  15   80]]
acc: 0.732
f1: 0.229
[[1866   47]
 [  57   38]]
acc: 0.948
f1: 0.422
9,77,coarse : 17.28 seconds
9,77,fine : 17.29 seconds
[[1396  517]
 [  15   80]]
acc: 0.735
f1: 0.231
[[1864   49]
 [  57   38]]
acc: 0.947
f1: 0.418
9,78,coarse : 17.55 seconds
9,78,fine : 17.56 seconds
[[1396  517]
 [  17   78]]
acc: 0.734
f1: 0.226
[[1862   51]
 [  57   38]]
acc: 0.946
f1: 0.413
9,79,coarse : 18.07 seconds
9,79,fine : 18.08 seconds
[[1402  511]
 [  16   79]]
acc: 0.738
f1: 0.231
[[1864   49]
 [  57   38]]
acc: 0.947
f1: 0.418
9,80,coarse : 18.28 seconds
9,80,fine : 18.29 seconds
[[1397  516]
 [  18   77]]
acc: 0.734
f1: 0.224
[[1865   48]
 [  57   38]]
acc: 0.948
f1: 0.420
9,81,coarse : 18.77 seconds
9,81,fine : 18.78 seconds
[[1398  515]
 [  17   78]]
acc: 0.735
f1: 0.227
[[1866   47]
 [  56   39]]
acc: 0.949
f1: 0.431
9,82,coarse : 19.06 seconds
9,82,fine : 19.07 seconds
[[1401  512]
 [  17   78]]
acc: 0.737
f1: 0.228
[[1864   49]
 [  55   40]]
acc: 0.948
f1: 0.435
9,83,coarse : 19.06 seconds
9,83,fine : 19.07 seconds
[[1403  510]
 [  19   76]]
acc: 0.737
f1: 0.223
[[1864   49]
 [  55   40]]
acc: 0.948
f1: 0.435
9,84,coarse : 19.18 seconds
9,84,fine : 19.19 seconds
[[1415  498]
 [  20   75]]
acc: 0.742
f1: 0.225
[[1862   51]
 [  55   40]]
acc: 0.947
f1: 0.430
9,85,coarse : 19.47 seconds
9,85,fine : 19.48 seconds
[[1412  501]
 [  18   77]]
acc: 0.742
f1: 0.229
[[1860   53]
 [  53   42]]
acc: 0.947
f1: 0.442
9,86,coarse : 20.23 seconds
9,86,fine : 20.24 seconds
[[1410  503]
 [  20   75]]
acc: 0.740
f1: 0.223
[[1862   51]
 [  55   40]]
acc: 0.947
f1: 0.430
9,87,coarse : 21.17 seconds
9,87,fine : 21.18 seconds
[[1405  508]
 [  19   76]]
acc: 0.738
f1: 0.224
[[1863   50]
 [  55   40]]
acc: 0.948
f1: 0.432
9,88,coarse : 20.42 seconds
9,88,fine : 20.43 seconds
[[1406  507]
 [  19   76]]
acc: 0.738
f1: 0.224
[[1859   54]
 [  55   40]]
acc: 0.946
f1: 0.423
9,89,coarse : 20.76 seconds
9,89,fine : 20.77 seconds
[[1398  515]
 [  19   76]]
acc: 0.734
f1: 0.222
[[1859   54]
 [  55   40]]
acc: 0.946
f1: 0.423
9,90,coarse : 21.89 seconds
9,90,fine : 21.9 seconds
[[1399  514]
 [  18   77]]
acc: 0.735
f1: 0.224
[[1860   53]
 [  55   40]]
acc: 0.946
f1: 0.426
9,91,coarse : 21.49 seconds
9,91,fine : 21.51 seconds
[[1405  508]
 [  18   77]]
acc: 0.738
f1: 0.226
[[1862   51]
 [  54   41]]
acc: 0.948
f1: 0.439
9,92,coarse : 21.59 seconds
9,92,fine : 21.6 seconds
[[1405  508]
 [  18   77]]
acc: 0.738
f1: 0.226
[[1863   50]
 [  52   43]]
acc: 0.949
f1: 0.457
9,93,coarse : 21.51 seconds
9,93,fine : 21.52 seconds
[[1398  515]
 [  18   77]]
acc: 0.735
f1: 0.224
[[1856   57]
 [  52   43]]
acc: 0.946
f1: 0.441
9,94,coarse : 21.81 seconds
9,94,fine : 21.84 seconds
[[1402  511]
 [  18   77]]
acc: 0.737
f1: 0.225
[[1858   55]
 [  52   43]]
acc: 0.947
f1: 0.446
9,95,coarse : 22.36 seconds
9,95,fine : 22.37 seconds
[[1398  515]
 [  18   77]]
acc: 0.735
f1: 0.224
[[1858   55]
 [  53   42]]
acc: 0.946
f1: 0.437
9,96,coarse : 22.49 seconds
9,96,fine : 22.5 seconds
[[1401  512]
 [  18   77]]
acc: 0.736
f1: 0.225
[[1859   54]
 [  53   42]]
acc: 0.947
f1: 0.440
9,97,coarse : 22.36 seconds
9,97,fine : 22.37 seconds
[[1405  508]
 [  18   77]]
acc: 0.738
f1: 0.226
[[1859   54]
 [  53   42]]
acc: 0.947
f1: 0.440
9,98,coarse : 23.07 seconds
9,98,fine : 23.08 seconds
[[1404  509]
 [  18   77]]
acc: 0.738
f1: 0.226
[[1858   55]
 [  54   41]]
acc: 0.946
f1: 0.429
9,99,coarse : 23.2 seconds
9,99,fine : 23.22 seconds
[[1404  509]
 [  19   76]]
acc: 0.737
f1: 0.224
[[1858   55]
 [  54   41]]
acc: 0.946
f1: 0.429
9,100,coarse : 25.73 seconds
9,100,fine : 25.75 seconds
[[1404  509]
 [  18   77]]
acc: 0.738
f1: 0.226
[[1858   55]
 [  54   41]]
acc: 0.946
f1: 0.429
9,101,coarse : 23.59 seconds
9,101,fine : 23.61 seconds
[[1404  509]
 [  18   77]]
acc: 0.738
f1: 0.226
[[1857   56]
 [  54   41]]
acc: 0.945
f1: 0.427
9,102,coarse : 24.48 seconds
9,102,fine : 24.49 seconds
[[1405  508]
 [  19   76]]
acc: 0.738
f1: 0.224
[[1859   54]
 [  54   41]]
acc: 0.946
f1: 0.432
9,103,coarse : 24.8 seconds
9,103,fine : 24.82 seconds
[[1403  510]
 [  18   77]]
acc: 0.737
f1: 0.226
[[1858   55]
 [  54   41]]
acc: 0.946
f1: 0.429
9,104,coarse : 25.02 seconds
9,104,fine : 25.03 seconds
[[1410  503]
 [  18   77]]
acc: 0.741
f1: 0.228
[[1858   55]
 [  54   41]]
acc: 0.946
f1: 0.429
9,105,coarse : 24.71 seconds
9,105,fine : 24.72 seconds
[[1406  507]
 [  19   76]]
acc: 0.738
f1: 0.224
[[1860   53]
 [  54   41]]
acc: 0.947
f1: 0.434
9,106,coarse : 25.45 seconds
9,106,fine : 25.46 seconds
[[1410  503]
 [  18   77]]
acc: 0.741
f1: 0.228
[[1860   53]
 [  54   41]]
acc: 0.947
f1: 0.434
9,107,coarse : 24.96 seconds
9,107,fine : 24.98 seconds
[[1403  510]
 [  19   76]]
acc: 0.737
f1: 0.223
[[1857   56]
 [  54   41]]
acc: 0.945
f1: 0.427
9,108,coarse : 25.06 seconds
9,108,fine : 25.07 seconds
[[1405  508]
 [  18   77]]
acc: 0.738
f1: 0.226
[[1857   56]
 [  54   41]]
acc: 0.945
f1: 0.427
9,109,coarse : 25.95 seconds
9,109,fine : 25.96 seconds
[[1403  510]
 [  17   78]]
acc: 0.738
f1: 0.228
[[1855   58]
 [  53   42]]
acc: 0.945
f1: 0.431
9,110,coarse : 25.91 seconds
9,110,fine : 25.92 seconds
[[1411  502]
 [  18   77]]
acc: 0.741
f1: 0.228
[[1851   62]
 [  53   42]]
acc: 0.943
f1: 0.422
9,111,coarse : 26.72 seconds
9,111,fine : 26.73 seconds
[[1410  503]
 [  19   76]]
acc: 0.740
f1: 0.226
[[1851   62]
 [  53   42]]
acc: 0.943
f1: 0.422
9,112,coarse : 26.34 seconds
9,112,fine : 26.35 seconds
[[1411  502]
 [  19   76]]
acc: 0.741
f1: 0.226
[[1854   59]
 [  52   43]]
acc: 0.945
f1: 0.437
9,113,coarse : 25.76 seconds
9,113,fine : 25.77 seconds
[[1414  499]
 [  18   77]]
acc: 0.743
f1: 0.230
[[1858   55]
 [  53   42]]
acc: 0.946
f1: 0.437
9,114,coarse : 26.94 seconds
9,114,fine : 26.96 seconds
[[1416  497]
 [  18   77]]
acc: 0.744
f1: 0.230
[[1859   54]
 [  53   42]]
acc: 0.947
f1: 0.440
9,115,coarse : 26.73 seconds
9,115,fine : 26.75 seconds
[[1417  496]
 [  18   77]]
acc: 0.744
f1: 0.231
[[1859   54]
 [  53   42]]
acc: 0.947
f1: 0.440
9,116,coarse : 27.12 seconds
9,116,fine : 27.13 seconds
[[1413  500]
 [  19   76]]
acc: 0.742
f1: 0.227
[[1860   53]
 [  52   43]]
acc: 0.948
f1: 0.450
9,117,coarse : 27.31 seconds
9,117,fine : 27.32 seconds
[[1415  498]
 [  16   79]]
acc: 0.744
f1: 0.235
[[1861   52]
 [  52   43]]
acc: 0.948
f1: 0.453
9,118,coarse : 27.29 seconds
9,118,fine : 27.31 seconds
[[1415  498]
 [  16   79]]
acc: 0.744
f1: 0.235
[[1858   55]
 [  53   42]]
acc: 0.946
f1: 0.437
9,119,coarse : 27.63 seconds
9,119,fine : 27.65 seconds
[[1422  491]
 [  18   77]]
acc: 0.747
f1: 0.232
[[1860   53]
 [  52   43]]
acc: 0.948
f1: 0.450
9,120,coarse : 28.13 seconds
9,120,fine : 28.15 seconds
[[1424  489]
 [  18   77]]
acc: 0.748
f1: 0.233
[[1858   55]
 [  51   44]]
acc: 0.947
f1: 0.454
9,121,coarse : 28.54 seconds
9,121,fine : 28.56 seconds
[[1426  487]
 [  17   78]]
acc: 0.749
f1: 0.236
[[1856   57]
 [  52   43]]
acc: 0.946
f1: 0.441
9,122,coarse : 28.63 seconds
9,122,fine : 28.65 seconds
[[1429  484]
 [  17   78]]
acc: 0.750
f1: 0.237
[[1857   56]
 [  52   43]]
acc: 0.946
f1: 0.443
9,123,coarse : 28.64 seconds
9,123,fine : 28.65 seconds
[[1427  486]
 [  18   77]]
acc: 0.749
f1: 0.234
[[1857   56]
 [  51   44]]
acc: 0.947
f1: 0.451
9,124,coarse : 29.67 seconds
9,124,fine : 29.68 seconds
[[1425  488]
 [  17   78]]
acc: 0.749
f1: 0.236
[[1861   52]
 [  51   44]]
acc: 0.949
f1: 0.461
9,125,coarse : 29.79 seconds
9,125,fine : 29.8 seconds
[[1426  487]
 [  17   78]]
acc: 0.749
f1: 0.236
[[1861   52]
 [  51   44]]
acc: 0.949
f1: 0.461
9,126,coarse : 29.62 seconds
9,126,fine : 29.64 seconds
[[1423  490]
 [  17   78]]
acc: 0.748
f1: 0.235
[[1860   53]
 [  51   44]]
acc: 0.948
f1: 0.458
9,127,coarse : 29.6 seconds
9,127,fine : 29.61 seconds
[[1420  493]
 [  17   78]]
acc: 0.746
f1: 0.234
[[1860   53]
 [  51   44]]
acc: 0.948
f1: 0.458
9,128,coarse : 29.33 seconds
9,128,fine : 29.34 seconds
[[1421  492]
 [  17   78]]
acc: 0.747
f1: 0.235
[[1858   55]
 [  52   43]]
acc: 0.947
f1: 0.446
9,129,coarse : 30.24 seconds
9,129,fine : 30.25 seconds
[[1421  492]
 [  17   78]]
acc: 0.747
f1: 0.235
[[1858   55]
 [  53   42]]
acc: 0.946
f1: 0.437
9,130,coarse : 30.64 seconds
9,130,fine : 30.66 seconds
[[1424  489]
 [  17   78]]
acc: 0.748
f1: 0.236
[[1857   56]
 [  53   42]]
acc: 0.946
f1: 0.435
9,131,coarse : 31.43 seconds
9,131,fine : 31.44 seconds
[[1423  490]
 [  17   78]]
acc: 0.748
f1: 0.235
[[1857   56]
 [  53   42]]
acc: 0.946
f1: 0.435
9,132,coarse : 31.95 seconds
9,132,fine : 31.97 seconds
[[1420  493]
 [  17   78]]
acc: 0.746
f1: 0.234
[[1857   56]
 [  53   42]]
acc: 0.946
f1: 0.435
9,133,coarse : 31.66 seconds
9,133,fine : 31.67 seconds
[[1420  493]
 [  17   78]]
acc: 0.746
f1: 0.234
[[1857   56]
 [  52   43]]
acc: 0.946
f1: 0.443
9,134,coarse : 31.3 seconds
9,134,fine : 31.32 seconds
[[1425  488]
 [  17   78]]
acc: 0.749
f1: 0.236
[[1854   59]
 [  52   43]]
acc: 0.945
f1: 0.437
9,135,coarse : 31.99 seconds
9,135,fine : 32.01 seconds
[[1422  491]
 [  18   77]]
acc: 0.747
f1: 0.232
[[1855   58]
 [  52   43]]
acc: 0.945
f1: 0.439
9,136,coarse : 31.86 seconds
9,136,fine : 31.88 seconds
[[1419  494]
 [  17   78]]
acc: 0.746
f1: 0.234
[[1853   60]
 [  52   43]]
acc: 0.944
f1: 0.434
9,137,coarse : 31.88 seconds
9,137,fine : 31.9 seconds
[[1418  495]
 [  17   78]]
acc: 0.745
f1: 0.234
[[1855   58]
 [  52   43]]
acc: 0.945
f1: 0.439
9,138,coarse : 32.81 seconds
9,138,fine : 32.83 seconds
[[1421  492]
 [  17   78]]
acc: 0.747
f1: 0.235
[[1856   57]
 [  51   44]]
acc: 0.946
f1: 0.449
9,139,coarse : 32.94 seconds
9,139,fine : 32.97 seconds
[[1420  493]
 [  17   78]]
acc: 0.746
f1: 0.234
[[1856   57]
 [  51   44]]
acc: 0.946
f1: 0.449
9,140,coarse : 31.95 seconds
9,140,fine : 31.97 seconds
[[1421  492]
 [  17   78]]
acc: 0.747
f1: 0.235
[[1857   56]
 [  51   44]]
acc: 0.947
f1: 0.451
9,141,coarse : 32.9 seconds
9,141,fine : 32.91 seconds
[[1423  490]
 [  17   78]]
acc: 0.748
f1: 0.235
[[1858   55]
 [  51   44]]
acc: 0.947
f1: 0.454
9,142,coarse : 33.83 seconds
9,142,fine : 33.84 seconds
[[1421  492]
 [  18   77]]
acc: 0.746
f1: 0.232
[[1858   55]
 [  51   44]]
acc: 0.947
f1: 0.454
9,143,coarse : 33.76 seconds
9,143,fine : 33.78 seconds
[[1419  494]
 [  18   77]]
acc: 0.745
f1: 0.231
[[1856   57]
 [  51   44]]
acc: 0.946
f1: 0.449
9,144,coarse : 33.98 seconds
9,144,fine : 33.99 seconds
[[1419  494]
 [  18   77]]
acc: 0.745
f1: 0.231
[[1856   57]
 [  51   44]]
acc: 0.946
f1: 0.449
9,145,coarse : 34.67 seconds
9,145,fine : 34.68 seconds
[[1422  491]
 [  19   76]]
acc: 0.746
f1: 0.230
[[1854   59]
 [  51   44]]
acc: 0.945
f1: 0.444
9,146,coarse : 34.58 seconds
9,146,fine : 34.59 seconds
[[1424  489]
 [  18   77]]
acc: 0.748
f1: 0.233
[[1858   55]
 [  51   44]]
acc: 0.947
f1: 0.454
9,147,coarse : 35.88 seconds
9,147,fine : 35.9 seconds
[[1421  492]
 [  18   77]]
acc: 0.746
f1: 0.232
[[1858   55]
 [  51   44]]
acc: 0.947
f1: 0.454
9,148,coarse : 34.52 seconds
9,148,fine : 34.53 seconds
[[1421  492]
 [  19   76]]
acc: 0.746
f1: 0.229
[[1857   56]
 [  51   44]]
acc: 0.947
f1: 0.451
9,149,coarse : 34.81 seconds
9,149,fine : 34.82 seconds
[[1419  494]
 [  20   75]]
acc: 0.744
f1: 0.226
[[1857   56]
 [  51   44]]
acc: 0.947
f1: 0.451
9,150,coarse : 38.37 seconds
9,150,fine : 38.39 seconds
[[1419  494]
 [  20   75]]
acc: 0.744
f1: 0.226
[[1857   56]
 [  52   43]]
acc: 0.946
f1: 0.443
9,151,coarse : 33.97 seconds
9,151,fine : 33.99 seconds
[[1417  496]
 [  20   75]]
acc: 0.743
f1: 0.225
[[1856   57]
 [  51   44]]
acc: 0.946
f1: 0.449
9,152,coarse : 36.33 seconds
9,152,fine : 36.34 seconds
[[1422  491]
 [  20   75]]
acc: 0.746
f1: 0.227
[[1855   58]
 [  51   44]]
acc: 0.946
f1: 0.447
9,153,coarse : 36.76 seconds
9,153,fine : 36.77 seconds
[[1423  490]
 [  19   76]]
acc: 0.747
f1: 0.230
[[1851   62]
 [  50   45]]
acc: 0.944
f1: 0.446
9,154,coarse : 36.71 seconds
9,154,fine : 36.73 seconds
[[1420  493]
 [  19   76]]
acc: 0.745
f1: 0.229
[[1849   64]
 [  50   45]]
acc: 0.943
f1: 0.441
9,155,coarse : 36.79 seconds
9,155,fine : 36.81 seconds
[[1423  490]
 [  18   77]]
acc: 0.747
f1: 0.233
[[1849   64]
 [  48   47]]
acc: 0.944
f1: 0.456
9,156,coarse : 38.22 seconds
9,156,fine : 38.23 seconds
[[1427  486]
 [  18   77]]
acc: 0.749
f1: 0.234
[[1850   63]
 [  48   47]]
acc: 0.945
f1: 0.459
9,157,coarse : 37.74 seconds
9,157,fine : 37.76 seconds
[[1426  487]
 [  18   77]]
acc: 0.749
f1: 0.234
[[1850   63]
 [  48   47]]
acc: 0.945
f1: 0.459
9,158,coarse : 37.88 seconds
9,158,fine : 37.89 seconds
[[1424  489]
 [  18   77]]
acc: 0.748
f1: 0.233
[[1852   61]
 [  48   47]]
acc: 0.946
f1: 0.463
9,159,coarse : 37.61 seconds
9,159,fine : 37.63 seconds
[[1425  488]
 [  18   77]]
acc: 0.748
f1: 0.233
[[1853   60]
 [  48   47]]
acc: 0.946
f1: 0.465
9,160,coarse : 38.65 seconds
9,160,fine : 38.67 seconds
[[1426  487]
 [  19   76]]
acc: 0.748
f1: 0.231
[[1851   62]
 [  48   47]]
acc: 0.945
f1: 0.461
9,161,coarse : 39.07 seconds
9,161,fine : 39.09 seconds
[[1429  484]
 [  18   77]]
acc: 0.750
f1: 0.235
[[1850   63]
 [  49   46]]
acc: 0.944
f1: 0.451
9,162,coarse : 37.48 seconds
9,162,fine : 37.5 seconds
[[1425  488]
 [  18   77]]
acc: 0.748
f1: 0.233
[[1849   64]
 [  49   46]]
acc: 0.944
f1: 0.449
9,163,coarse : 38.96 seconds
9,163,fine : 38.98 seconds
[[1422  491]
 [  18   77]]
acc: 0.747
f1: 0.232
[[1845   68]
 [  49   46]]
acc: 0.942
f1: 0.440
9,164,coarse : 38.11 seconds
9,164,fine : 38.12 seconds
[[1420  493]
 [  18   77]]
acc: 0.746
f1: 0.232
[[1844   69]
 [  48   47]]
acc: 0.942
f1: 0.445
9,165,coarse : 38.57 seconds
9,165,fine : 38.58 seconds
[[1423  490]
 [  19   76]]
acc: 0.747
f1: 0.230
[[1846   67]
 [  48   47]]
acc: 0.943
f1: 0.450
9,166,coarse : 39.65 seconds
9,166,fine : 39.66 seconds
[[1422  491]
 [  18   77]]
acc: 0.747
f1: 0.232
[[1847   66]
 [  49   46]]
acc: 0.943
f1: 0.444
9,167,coarse : 40.26 seconds
9,167,fine : 40.28 seconds
[[1422  491]
 [  19   76]]
acc: 0.746
f1: 0.230
[[1849   64]
 [  50   45]]
acc: 0.943
f1: 0.441
9,168,coarse : 40.01 seconds
9,168,fine : 40.04 seconds
[[1417  496]
 [  18   77]]
acc: 0.744
f1: 0.231
[[1849   64]
 [  50   45]]
acc: 0.943
f1: 0.441
9,169,coarse : 39.51 seconds
9,169,fine : 39.53 seconds
[[1418  495]
 [  18   77]]
acc: 0.745
f1: 0.231
[[1849   64]
 [  49   46]]
acc: 0.944
f1: 0.449
9,170,coarse : 40.44 seconds
9,170,fine : 40.45 seconds
[[1421  492]
 [  18   77]]
acc: 0.746
f1: 0.232
[[1851   62]
 [  49   46]]
acc: 0.945
f1: 0.453
9,171,coarse : 40.14 seconds
9,171,fine : 40.16 seconds
[[1420  493]
 [  19   76]]
acc: 0.745
f1: 0.229
[[1851   62]
 [  50   45]]
acc: 0.944
f1: 0.446
9,172,coarse : 41.24 seconds
9,172,fine : 41.26 seconds
